# time 'Ca' 'D34:75:137_PP2ACa' 'D34:75:137_PP2APCa' 'D34:75_PP2ACa' 'D34:75_PP2APCa' 'D75:137_PP2ACa' 'D75:137_PP2APCa' 'D75_PP2ACa' 'D75_PP2APCa' 'PP2ACa' 'PP2ACa_PKA' 'PP2APCa' 'PP2BinactiveCa2_1' 'PP2BinactiveCa2_2' 'PP2BinactiveCa2_3' 'PP2BinactiveCa2_4' 'PP2BinactiveCa2_5' 'PP2BinactiveCa2_6'
 0.000000E+00 0 0 0 0 0 0 0 0 0 0 0 0 0 0 0 0 0 0
 5.000000E-01 3 0 0 0 0 0 0 0 0 0 0 0 0 0 1 0 0 1
 1.000000E+00 4 0 0 0 0 0 0 0 0 0 0 0 0 1 2 0 1 0
 1.500000E+00 2 0 0 0 0 0 0 0 0 0 0 0 1 4 2 3 0 0
 2.000000E+00 1 0 0 0 0 0 0 0 0 1 0 0 1 4 2 4 0 1
 2.500000E+00 1 0 0 0 0 0 0 1 0 0 0 0 2 3 2 4 0 3
 3.000000E+00 0 0 0 0 0 0 0 0 0 1 0 0 1 4 3 6 1 4
 3.500000E+00 4 0 0 0 0 0 0 1 0 0 0 0 3 5 0 4 5 2
 4.000000E+00 3 0 0 0 0 0 0 0 0 1 0 0 1 4 5 4 5 2
 4.500000E+00 0 0 0 0 0 0 0 1 0 0 0 0 4 4 7 3 3 3
 5.000000E+00 6 0 0 0 0 0 0 0 0 1 0 0 3 3 6 5 3 3
 5.500000E+00 2 0 0 0 0 0 0 0 0 0 0 0 5 5 6 3 7 3
 6.000000E+00 0 0 0 0 0 0 0 0 0 0 0 0 6 8 6 5 6 2
 6.500000E+00 3 0 0 0 0 0 0 0 0 0 0 0 5 5 7 7 8 1
 7.000000E+00 1 0 0 0 0 0 0 0 0 0 0 0 4 6 8 9 7 1
 7.500000E+00 6 0 0 0 0 0 0 0 0 0 0 0 5 4 8 8 8 2
 8.000000E+00 4 0 0 0 0 0 0 0 0 0 0 0 6 6 4 8 6 3
 8.500000E+00 3 0 0 0 0 0 0 0 0 0 0 0 5 6 5 8 8 6
 9.000000E+00 6 0 0 0 0 0 0 0 0 0 0 0 5 6 5 8 7 5
 9.500000E+00 2 0 0 0 0 0 0 0 0 0 0 0 5 8 4 9 9 3
 1.000000E+01 3 0 0 0 0 0 0 0 0 0 0 0 4 9 6 7 8 6
 1.050000E+01 4 0 0 0 0 0 0 0 0 0 0 0 3 7 8 5 8 8
 1.100000E+01 4 0 0 0 0 0 0 0 0 0 0 0 4 8 7 10 7 6
 1.150000E+01 2 0 0 0 0 0 0 0 0 0 0 0 7 10 11 9 5 2
 1.200000E+01 4 0 0 0 0 0 0 0 0 0 0 0 8 7 9 5 7 8
 1.250000E+01 1 0 0 0 0 0 0 0 0 0 0 0 5 7 7 5 12 8
 1.300000E+01 5 0 0 0 0 0 0 0 0 0 0 0 6 6 7 5 14 9
 1.350000E+01 7 0 0 0 0 0 0 0 0 0 0 0 11 8 9 6 9 5
 1.400000E+01 9 0 0 0 0 0 0 0 0 0 0 0 11 6 8 6 9 7
 1.450000E+01 2 0 0 0 0 0 0 0 0 0 0 0 11 5 8 5 9 7
 1.500000E+01 3 0 0 0 0 0 0 0 0 0 0 0 11 5 7 5 8 10
 1.550000E+01 7 0 0 0 0 0 0 0 0 0 0 0 10 7 8 8 6 10
 1.600000E+01 7 0 0 0 0 0 0 0 0 0 0 0 11 9 12 11 5 5
 1.650000E+01 4 0 0 0 0 0 0 0 0 0 0 0 11 7 12 10 6 8
 1.700000E+01 7 0 0 0 0 0 0 0 0 1 0 0 10 6 15 6 8 7
 1.750000E+01 6 0 0 0 0 0 0 0 0 0 0 0 10 12 13 10 9 7
 1.800000E+01 4 0 0 0 0 0 0 0 0 0 0 0 9 17 7 11 8 7
 1.850000E+01 6 0 0 0 0 0 0 0 0 0 0 0 12 13 7 12 7 9
 1.900000E+01 5 0 0 0 0 0 0 0 0 0 0 0 7 10 14 11 8 11
 1.950000E+01 4 0 0 0 0 0 0 0 0 0 0 0 7 12 15 8 9 8
 2.000000E+01 7 0 0 0 0 0 0 0 0 0 0 0 11 15 10 8 5 11
 2.050000E+01 6 0 0 0 0 0 0 0 0 0 0 0 14 14 8 9 7 12
 2.100000E+01 4 0 0 0 0 0 0 0 0 0 0 0 14 12 7 9 6 19
 2.150000E+01 6 0 0 0 0 0 0 0 0 0 0 0 15 8 11 5 7 21
 2.200000E+01 5 0 0 0 0 0 0 0 0 0 0 0 10 7 11 13 12 18
 2.250000E+01 2 0 0 0 0 0 0 0 0 0 0 0 12 11 13 12 9 13
 2.300000E+01 4 0 0 0 0 0 0 0 0 0 0 0 13 13 9 17 11 12
 2.350000E+01 3 0 0 0 0 0 0 1 0 0 0 0 16 10 10 11 14 15
 2.400000E+01 9 0 0 0 0 0 0 0 0 0 0 0 17 10 12 11 11 16
 2.450000E+01 6 0 0 0 0 0 0 0 0 1 0 0 14 9 16 10 9 16
 2.500000E+01 4 0 0 0 0 0 0 0 0 1 0 0 15 10 12 11 14 14
 2.550000E+01 7 0 0 0 0 0 0 0 0 0 0 0 17 9 8 12 14 17
 2.600000E+01 4 0 0 0 0 0 0 0 0 0 0 0 18 10 9 14 17 17
 2.650000E+01 8 0 0 0 0 0 0 0 0 0 0 0 17 11 14 10 11 16
 2.700000E+01 6 0 0 0 0 0 0 0 0 0 0 0 16 14 15 8 12 14
 2.750000E+01 9 0 0 0 0 0 0 0 0 0 0 0 20 15 10 5 14 18
 2.800000E+01 3 0 0 0 0 0 0 0 0 0 0 0 15 13 10 9 16 15
 2.850000E+01 7 0 0 0 0 0 0 0 0 0 0 0 15 11 13 14 20 19
 2.900000E+01 4 0 0 0 0 0 0 0 0 0 0 0 18 6 13 25 16 9
 2.950000E+01 8 0 0 0 0 0 0 0 0 0 0 0 15 12 11 21 15 9
 3.000000E+01 6 0 0 0 0 0 0 0 0 0 0 0 15 9 15 17 14 9
 3.050000E+01 6 0 0 0 0 0 0 0 0 0 0 0 19 9 17 9 18 12
 3.100000E+01 6 0 0 0 0 0 0 0 0 0 0 0 21 12 15 12 13 19
 3.150000E+01 7 0 0 0 0 0 0 0 0 0 0 0 15 16 15 11 14 12
 3.200000E+01 6 0 0 0 0 0 0 0 0 0 0 0 13 19 11 17 12 15
 3.250000E+01 6 0 0 0 0 0 0 0 0 0 0 0 17 17 10 17 15 15
 3.300000E+01 7 0 0 0 0 0 0 0 0 0 0 0 14 20 17 12 20 15
 3.350000E+01 12 0 0 0 0 0 0 0 0 0 0 0 15 22 15 15 13 15
 3.400000E+01 10 0 0 0 0 0 0 0 0 0 0 0 14 25 14 15 17 11
 3.450000E+01 6 0 0 0 0 0 0 0 0 0 0 0 17 23 15 14 19 11
 3.500000E+01 6 0 0 0 0 0 0 0 0 0 0 0 17 16 11 16 20 15
 3.550000E+01 4 0 0 0 0 0 0 0 0 0 0 0 14 14 16 18 21 9
 3.600000E+01 4 0 0 0 0 0 0 0 0 0 0 0 20 15 21 12 12 12
 3.650000E+01 8 0 0 0 0 0 0 0 0 0 0 0 15 15 21 8 16 11
 3.700000E+01 11 0 0 0 0 0 0 0 0 0 0 0 13 12 16 20 13 15
 3.750000E+01 6 0 0 0 0 0 0 0 0 0 0 0 9 15 15 20 12 16
 3.800000E+01 8 0 0 0 0 0 0 0 0 0 0 0 10 12 18 17 19 19
 3.850000E+01 3 0 0 0 0 0 0 0 0 0 0 0 13 18 13 15 11 14
 3.900000E+01 16 0 0 0 0 0 0 0 0 0 0 0 14 16 15 15 12 14
 3.950000E+01 10 0 0 0 0 0 0 0 0 0 0 0 14 18 23 17 12 13
 4.000000E+01 8 0 0 0 0 0 0 0 0 0 0 0 11 16 25 17 14 15
 4.050000E+01 7 0 0 0 0 0 0 0 0 0 0 0 11 14 19 19 19 12
 4.100000E+01 9 0 0 0 0 0 0 0 0 0 0 0 15 14 17 16 17 16
 4.150000E+01 9 0 0 0 0 0 0 0 0 0 0 0 15 18 15 11 13 22
 4.200000E+01 15 0 0 0 0 0 0 0 0 0 0 0 13 21 13 18 12 21
 4.250000E+01 9 0 0 0 0 0 0 0 0 0 0 0 13 14 19 13 19 28
 4.300000E+01 7 0 0 0 0 0 0 0 0 0 0 0 11 12 19 13 23 21
 4.350000E+01 8 0 0 0 0 0 0 0 0 0 0 0 6 13 17 13 21 22
 4.400000E+01 9 0 0 0 0 0 0 0 0 0 0 0 18 14 16 14 13 15
 4.450000E+01 5 0 0 0 0 0 0 0 0 0 0 0 13 12 17 17 15 15
 4.500000E+01 5 0 0 0 0 0 0 0 0 0 0 0 21 9 18 16 11 21
 4.550000E+01 7 0 0 0 0 0 0 0 0 0 0 0 23 12 19 22 14 19
 4.600000E+01 7 0 0 0 0 0 0 0 0 0 0 0 24 13 24 16 14 16
 4.650000E+01 5 0 0 0 0 0 0 0 0 0 0 0 19 15 19 17 18 17
 4.700000E+01 5 0 0 0 0 0 0 0 0 0 0 0 24 14 14 14 15 19
 4.750000E+01 10 0 0 0 0 0 0 0 0 0 0 0 20 17 20 22 13 12
 4.800000E+01 7 0 0 0 0 0 0 0 0 0 0 0 20 12 21 16 13 16
 4.850000E+01 9 0 0 0 0 0 0 0 0 0 0 0 20 17 20 17 14 16
 4.900000E+01 4 0 0 0 0 0 0 0 0 0 0 0 19 17 15 18 14 12
 4.950000E+01 12 0 0 0 0 0 0 0 0 0 0 0 13 16 19 12 23 11
 5.000000E+01 6 0 0 0 0 0 0 0 0 0 0 0 17 15 17 20 20 20
 5.050000E+01 9 0 0 0 0 0 0 0 0 1 0 0 19 21 13 18 18 12
 5.100000E+01 6 0 0 0 0 0 0 1 0 1 0 0 20 12 21 16 13 17
 5.150000E+01 11 0 0 0 0 0 0 0 0 1 0 0 20 13 13 18 17 20
 5.200000E+01 7 0 0 0 0 0 0 0 0 1 0 0 27 11 16 9 19 20
 5.250000E+01 10 0 0 0 0 0 0 1 0 0 0 0 19 16 18 20 18 15
 5.300000E+01 10 0 0 0 0 0 0 0 0 1 0 0 14 13 25 20 20 17
 5.350000E+01 7 0 0 0 0 0 0 0 0 0 0 0 19 15 25 15 12 14
 5.400000E+01 6 0 0 0 0 0 0 0 0 0 0 0 18 17 24 14 15 13
 5.450000E+01 14 0 0 0 0 0 0 0 0 0 0 0 14 21 19 20 11 17
 5.500000E+01 9 0 0 0 0 0 0 0 0 0 0 0 19 22 20 21 14 19
 5.550000E+01 9 0 0 0 0 0 0 0 0 1 0 0 19 18 21 19 20 24
 5.600000E+01 12 0 0 0 0 0 0 0 0 0 0 0 20 14 17 14 18 21
 5.650000E+01 9 0 0 0 0 0 0 0 0 0 0 0 22 15 19 8 21 24
 5.700000E+01 11 0 0 0 0 0 0 0 0 0 0 0 18 18 14 14 14 18
 5.750000E+01 13 0 0 0 0 0 0 0 0 0 0 0 21 16 19 17 11 22
 5.800000E+01 7 0 0 0 0 0 0 1 0 0 0 0 18 20 16 14 17 22
 5.850000E+01 9 0 0 0 0 0 0 0 0 0 0 0 21 15 17 16 21 18
 5.900000E+01 7 0 0 0 0 0 0 0 0 0 0 0 15 23 14 18 20 13
 5.950000E+01 4 0 0 0 0 0 0 0 0 0 0 0 15 21 19 20 23 14
 6.000000E+01 5 0 0 0 0 0 0 0 0 0 0 0 21 11 17 16 30 12
 6.050000E+01 10 0 0 0 0 0 0 0 0 0 0 0 21 14 15 12 25 16
 6.100000E+01 8 0 0 0 0 0 0 0 0 1 0 0 22 21 14 13 22 14
 6.150000E+01 16 0 0 0 0 0 0 0 0 0 0 0 21 20 14 16 15 23
 6.200000E+01 9 0 0 0 0 0 0 0 0 0 0 0 16 10 14 23 23 19
 6.250000E+01 9 0 0 0 0 0 0 0 0 0 0 0 17 11 19 23 16 20
 6.300000E+01 7 0 0 0 0 0 0 0 0 0 0 0 15 11 26 14 21 14
 6.350000E+01 5 0 0 0 0 0 0 0 0 0 0 0 10 19 18 21 15 16
 6.400000E+01 13 0 0 0 0 0 0 0 0 0 0 0 11 17 16 24 10 18
 6.450000E+01 8 0 0 0 0 0 0 0 0 0 0 0 12 26 22 10 16 20
 6.500000E+01 6 0 0 0 0 0 0 0 0 0 0 0 13 19 19 15 13 14
 6.550000E+01 6 0 0 0 0 0 0 0 0 0 0 0 10 18 21 16 21 16
 6.600000E+01 13 0 0 0 0 0 0 0 0 0 0 0 14 20 18 13 21 21
 6.650000E+01 11 0 0 0 0 0 0 0 0 0 0 0 18 20 16 14 18 19
 6.700000E+01 9 0 0 0 0 0 0 0 0 0 0 0 14 21 15 17 22 17
 6.750000E+01 13 0 0 0 0 0 0 0 0 0 0 0 16 19 14 17 17 20
 6.800000E+01 8 0 0 0 0 0 0 0 0 0 0 0 24 20 15 10 16 28
 6.850000E+01 8 0 0 0 0 0 0 1 0 0 0 0 21 16 16 13 12 22
 6.900000E+01 4 0 0 0 0 0 0 1 0 0 0 0 21 21 16 19 17 17
 6.950000E+01 5 0 0 0 0 0 0 0 0 1 0 0 14 22 14 14 17 19
 7.000000E+01 13 0 0 0 0 0 0 0 0 1 0 0 11 19 21 20 14 17
 7.050000E+01 9 0 0 0 0 0 0 0 0 0 0 0 11 18 18 11 17 15
 7.100000E+01 5 0 0 0 0 0 0 0 0 0 0 0 14 20 19 11 19 29
 7.150000E+01 7 0 0 0 0 0 0 0 0 1 0 0 12 16 16 11 24 28
 7.200000E+01 6 0 0 0 0 0 0 0 0 1 0 0 15 13 20 15 19 25
 7.250000E+01 10 0 0 0 0 0 0 1 0 0 0 0 11 16 20 21 19 21
 7.300000E+01 8 0 0 0 0 0 0 1 0 0 0 0 14 15 16 21 22 24
 7.350000E+01 12 0 0 0 0 0 0 0 0 1 0 0 13 13 18 26 13 26
 7.400000E+01 8 0 0 0 0 0 0 0 0 0 0 0 19 13 16 26 13 24
 7.450000E+01 13 0 0 0 0 0 0 0 0 0 0 0 20 11 19 20 12 21
 7.500000E+01 8 0 0 0 0 0 0 0 0 0 0 0 15 12 15 25 20 21
 7.550000E+01 11 0 0 0 0 0 0 0 0 0 0 0 13 24 18 15 19 18
 7.600000E+01 10 0 0 0 0 0 0 0 0 0 0 0 13 16 12 18 21 22
 7.650000E+01 7 0 0 0 0 0 0 1 0 0 0 0 16 17 22 15 24 24
 7.700000E+01 9 0 0 0 0 0 0 0 0 1 0 0 18 20 18 14 13 26
 7.750000E+01 8 0 0 0 0 0 0 0 0 2 0 0 22 18 14 17 10 25
 7.800000E+01 15 0 0 0 0 0 0 0 0 1 0 0 15 15 21 18 17 17
 7.850000E+01 6 0 0 0 0 0 0 0 0 1 0 0 12 20 25 20 16 21
 7.900000E+01 11 0 0 0 0 0 0 0 0 1 0 0 15 15 19 15 18 30
 7.950000E+01 13 0 0 0 0 0 0 0 0 0 0 0 17 12 24 17 17 23
 8.000000E+01 16 0 0 0 0 0 0 0 0 0 0 0 18 12 18 19 17 21
 8.050000E+01 11 0 0 0 0 0 0 0 0 0 0 0 14 17 14 13 19 27
 8.100000E+01 6 0 0 0 0 0 0 0 0 0 0 0 15 16 17 24 21 21
 8.150000E+01 7 0 0 0 0 0 0 0 0 0 0 0 16 16 13 20 22 23
 8.200000E+01 6 0 0 0 0 0 0 0 0 0 0 0 19 18 21 14 13 24
 8.250000E+01 10 0 0 0 0 0 0 0 0 1 0 0 17 23 16 8 17 27
 8.300000E+01 11 0 0 0 0 0 0 0 0 0 0 0 13 16 15 13 20 25
 8.350000E+01 6 0 0 0 0 0 0 0 0 0 0 0 15 15 13 19 23 24
 8.400000E+01 4 0 0 0 0 0 0 0 0 0 0 0 17 12 17 25 21 19
 8.450000E+01 12 0 0 0 0 0 0 0 0 0 0 0 21 14 20 21 15 13
 8.500000E+01 8 0 0 0 0 0 0 0 0 0 0 0 20 13 16 19 19 21
 8.550000E+01 5 0 0 0 0 0 0 0 0 0 0 0 19 18 22 17 13 24
 8.600000E+01 11 0 0 0 0 0 0 0 0 0 0 0 18 13 29 19 12 16
 8.650000E+01 6 0 0 0 0 0 0 0 0 0 0 0 17 12 22 29 14 14
 8.700000E+01 10 0 0 0 0 0 0 0 0 0 0 0 15 12 26 28 17 18
 8.750000E+01 15 0 0 0 0 0 0 0 0 0 0 0 17 18 18 22 20 15
 8.800000E+01 7 0 0 0 0 0 0 0 0 0 0 0 17 18 15 24 16 19
 8.850000E+01 6 0 0 0 0 0 0 0 0 0 0 0 15 14 15 19 17 21
 8.900000E+01 5 0 0 0 0 0 0 0 0 0 0 0 20 17 16 21 12 19
 8.950000E+01 9 0 0 0 0 0 0 0 0 0 0 0 20 24 19 14 14 23
 9.000000E+01 8 0 0 0 0 0 0 0 0 0 0 0 19 23 18 22 14 15
 9.050000E+01 3 0 0 0 0 0 0 0 0 0 0 0 19 19 11 18 19 16
 9.100000E+01 11 0 0 0 0 0 0 1 0 0 0 0 25 20 12 18 25 13
 9.150000E+01 13 0 0 0 0 0 0 0 0 0 0 0 22 12 13 18 22 17
 9.200000E+01 7 0 0 0 0 0 0 0 0 0 0 0 12 20 13 14 20 19
 9.250000E+01 10 0 0 0 0 0 0 0 0 0 0 0 13 21 14 14 26 18
 9.300000E+01 4 0 0 0 0 0 0 0 0 0 0 0 13 24 17 19 16 12
 9.350000E+01 7 0 0 0 0 0 0 0 0 0 0 0 20 21 15 22 16 17
 9.400000E+01 5 0 0 0 0 0 0 0 0 0 0 0 22 20 13 21 18 14
 9.450000E+01 8 0 0 0 0 0 0 0 0 0 0 0 24 17 16 16 18 20
 9.500000E+01 11 0 0 0 0 0 0 0 0 0 0 0 29 17 15 17 21 16
 9.550000E+01 11 0 0 0 0 0 0 0 0 0 0 0 21 10 12 14 20 19
 9.600000E+01 10 0 0 0 0 0 0 0 0 0 0 0 13 14 16 13 20 17
 9.650000E+01 9 0 0 0 0 0 0 0 0 0 0 0 21 14 10 16 18 29
 9.700000E+01 7 0 0 0 0 0 0 0 0 1 0 0 17 11 17 22 21 27
 9.750000E+01 7 0 0 0 0 0 0 0 0 0 0 0 15 22 13 21 14 22
 9.800000E+01 3 0 0 0 0 0 0 0 0 0 0 0 13 16 18 24 23 20
 9.850000E+01 10 0 0 0 0 0 0 0 0 0 0 0 9 15 16 28 22 19
 9.900000E+01 6 0 0 0 0 0 0 0 0 0 0 0 13 14 23 23 19 14
 9.950000E+01 9 0 0 0 0 0 0 0 0 0 0 0 13 15 19 24 17 14
 1.000000E+02 10 0 0 0 0 0 0 0 0 0 0 0 22 17 18 13 14 19
 1.005000E+02 10 0 0 0 0 0 0 0 0 0 0 0 16 20 24 14 19 14
 1.010000E+02 10 0 0 0 0 0 0 0 0 0 0 0 13 23 20 18 14 16
 1.015000E+02 9 0 0 0 0 0 0 0 0 1 0 0 16 19 18 17 15 14
 1.020000E+02 6 0 0 0 0 0 0 1 0 0 0 0 15 19 26 16 20 18
 1.025000E+02 7 0 0 0 0 0 0 0 0 1 0 0 13 19 24 13 12 16
 1.030000E+02 8 0 0 0 0 0 0 0 0 0 0 0 22 18 19 16 16 17
 1.035000E+02 7 0 0 0 0 0 0 0 0 0 0 0 19 26 21 11 15 15
 1.040000E+02 8 0 0 0 0 0 0 0 0 0 0 0 16 23 24 8 15 14
 1.045000E+02 9 0 0 0 0 0 0 0 0 0 0 0 14 16 16 10 13 26
 1.050000E+02 5 0 0 0 0 0 0 0 0 0 0 0 16 16 18 16 15 28
 1.055000E+02 10 0 0 0 0 0 0 0 0 0 0 0 14 23 15 16 17 18
 1.060000E+02 8 0 0 0 0 0 0 0 0 0 0 0 14 15 20 17 13 19
 1.065000E+02 5 0 0 0 0 0 0 0 0 0 0 0 14 16 22 22 10 22
 1.070000E+02 7 0 0 0 0 0 0 0 0 0 0 0 15 13 19 21 17 17
 1.075000E+02 7 0 0 0 0 0 0 0 0 0 0 0 9 13 25 18 16 17
 1.080000E+02 12 0 0 0 0 0 0 0 0 0 0 0 14 19 17 12 19 21
 1.085000E+02 10 0 0 0 0 0 0 0 0 0 0 0 18 21 17 13 15 18
 1.090000E+02 14 0 0 0 0 0 0 0 0 0 0 0 16 16 9 14 11 22
 1.095000E+02 12 0 0 0 0 0 0 0 0 0 0 0 18 13 17 18 9 26
 1.100000E+02 16 0 0 0 0 0 0 0 0 0 0 0 18 8 10 13 13 27
 1.105000E+02 5 0 0 0 0 0 0 0 0 1 0 0 20 20 11 17 22 19
 1.110000E+02 6 0 0 0 0 0 0 0 0 0 0 0 17 13 15 16 20 21
 1.115000E+02 12 0 0 0 0 0 0 0 0 0 0 0 17 14 20 14 15 18
 1.120000E+02 2 0 0 0 0 0 0 0 0 0 0 0 19 8 19 11 21 20
 1.125000E+02 4 0 0 0 0 0 0 0 0 0 0 0 17 8 15 15 19 21
 1.130000E+02 8 0 0 0 0 0 0 0 0 0 0 0 21 13 11 16 18 17
 1.135000E+02 9 0 0 0 0 0 0 0 0 0 0 0 19 14 13 18 18 18
 1.140000E+02 4 0 0 0 0 0 0 0 0 0 0 0 14 16 20 17 18 16
 1.145000E+02 8 0 0 0 0 0 0 0 0 0 0 0 15 21 16 18 15 16
 1.150000E+02 8 0 0 0 0 0 0 0 0 0 0 0 14 19 17 12 14 14
 1.155000E+02 11 0 0 0 0 0 0 0 0 0 0 0 13 18 22 14 12 10
 1.160000E+02 10 0 0 0 0 0 0 0 0 0 0 0 13 20 13 15 15 18
 1.165000E+02 11 0 0 0 0 0 0 0 0 0 0 0 21 15 10 14 15 19
 1.170000E+02 8 0 0 0 0 0 0 0 0 0 0 0 18 15 10 12 25 14
 1.175000E+02 9 0 0 0 0 0 0 0 0 0 0 0 15 14 11 13 20 24
 1.180000E+02 14 0 0 0 0 0 0 0 0 0 0 0 15 19 14 14 17 20
 1.185000E+02 12 0 0 0 0 0 0 0 0 0 0 0 16 22 17 14 22 17
 1.190000E+02 7 0 0 0 0 0 0 0 0 0 0 0 12 16 20 19 17 24
 1.195000E+02 14 0 0 0 0 0 0 0 0 0 0 0 10 16 23 17 16 13
 1.200000E+02 4 0 0 0 0 0 0 0 0 0 0 0 12 25 18 15 19 21
 1.205000E+02 7 0 0 0 0 0 0 0 0 0 0 0 12 21 16 12 14 19
 1.210000E+02 11 0 0 0 0 0 0 0 0 0 0 0 16 17 20 18 13 15
 1.215000E+02 12 0 0 0 0 0 0 0 0 0 0 0 14 20 21 15 13 18
 1.220000E+02 11 0 0 0 0 0 0 0 0 0 0 0 14 14 22 14 11 23
 1.225000E+02 6 0 0 0 0 0 0 0 0 1 0 0 13 15 16 16 13 24
 1.230000E+02 8 0 0 0 0 0 0 0 0 1 0 0 15 16 11 17 14 25
 1.235000E+02 10 0 0 0 0 0 0 0 0 0 0 0 21 13 15 13 18 19
 1.240000E+02 7 0 0 0 0 0 0 0 0 0 0 0 11 17 12 17 20 27
 1.245000E+02 11 0 0 0 0 0 0 0 0 0 0 0 16 16 10 15 21 21
 1.250000E+02 8 0 0 0 0 0 0 0 0 0 0 0 17 27 8 16 24 22
 1.255000E+02 8 0 0 0 0 0 0 0 0 0 0 0 13 22 9 15 17 14
 1.260000E+02 4 0 0 0 0 0 0 0 0 0 0 0 22 20 15 17 18 9
 1.265000E+02 12 0 0 0 0 0 0 0 0 0 0 0 17 25 19 15 12 10
 1.270000E+02 8 0 0 0 0 0 0 0 0 0 0 0 15 27 15 18 11 14
 1.275000E+02 11 0 0 0 0 0 0 0 0 1 0 0 15 24 20 9 11 12
 1.280000E+02 13 0 0 0 0 0 0 0 0 2 0 0 14 21 17 16 12 10
 1.285000E+02 5 0 0 0 0 0 0 0 0 1 0 0 15 22 17 17 16 10
 1.290000E+02 7 0 0 0 0 0 0 1 0 0 0 0 14 17 14 16 16 13
 1.295000E+02 18 0 0 0 0 0 0 0 0 1 0 0 21 16 16 13 20 17
 1.300000E+02 6 0 0 0 0 0 0 1 0 0 0 0 21 16 19 13 16 15
 1.305000E+02 9 0 0 0 0 0 0 1 0 0 0 0 20 15 19 10 17 16
 1.310000E+02 13 0 0 0 0 0 0 0 0 1 0 0 15 16 22 11 15 21
 1.315000E+02 5 0 0 0 0 0 0 0 0 0 0 0 19 18 20 15 10 18
 1.320000E+02 8 0 0 0 0 0 0 0 0 0 0 0 17 14 14 16 17 14
 1.325000E+02 6 0 0 0 0 0 0 0 0 0 0 0 16 15 21 20 16 15
 1.330000E+02 8 0 0 0 0 0 0 0 0 1 0 0 15 16 16 18 18 18
 1.335000E+02 10 0 0 0 0 0 0 1 0 0 0 0 16 23 20 15 12 21
 1.340000E+02 9 0 0 0 0 0 0 0 0 0 0 0 21 16 22 9 11 16
 1.345000E+02 6 0 0 0 0 0 0 0 0 0 0 0 19 24 18 12 18 18
 1.350000E+02 7 0 0 0 0 0 0 0 0 0 0 0 22 18 23 15 10 16
 1.355000E+02 8 0 0 0 0 0 0 0 0 0 0 0 15 23 24 11 12 18
 1.360000E+02 5 0 0 0 0 0 0 0 0 0 0 0 13 19 20 16 18 13
 1.365000E+02 4 0 0 0 0 0 0 0 0 0 0 0 11 16 18 23 18 14
 1.370000E+02 11 0 0 0 0 0 0 0 0 1 0 0 11 17 19 22 19 14
 1.375000E+02 4 0 0 0 0 0 0 0 0 1 0 0 9 17 18 15 19 22
 1.380000E+02 10 0 0 0 0 0 0 0 0 0 0 0 14 18 14 16 19 24
 1.385000E+02 12 0 0 0 0 0 0 0 0 0 0 0 15 15 18 12 15 18
 1.390000E+02 7 0 0 0 0 0 0 0 0 0 0 0 21 14 20 14 17 18
 1.395000E+02 8 0 0 0 0 0 0 0 0 0 0 0 17 15 17 22 18 15
 1.400000E+02 9 0 0 0 0 0 0 0 0 0 0 0 20 10 17 17 19 13
 1.405000E+02 9 0 0 0 0 0 0 0 0 0 0 0 18 10 16 21 16 22
 1.410000E+02 4 0 0 0 0 0 0 0 0 1 0 0 19 13 17 15 20 21
 1.415000E+02 6 0 0 0 0 0 0 1 0 0 0 0 11 17 16 18 20 21
 1.420000E+02 8 0 0 0 0 0 0 0 0 1 0 0 13 25 17 11 12 21
 1.425000E+02 10 0 0 0 0 0 0 0 0 1 0 0 17 20 15 13 14 22
 1.430000E+02 5 0 0 0 0 0 0 0 0 1 0 0 16 17 18 12 17 19
 1.435000E+02 10 0 0 0 0 0 0 1 0 0 0 0 20 23 14 15 15 13
 1.440000E+02 7 0 0 0 0 0 0 0 0 0 0 0 14 28 12 19 15 15
 1.445000E+02 12 0 0 0 0 0 0 0 0 0 0 0 18 25 11 16 13 17
 1.450000E+02 11 0 0 0 0 0 0 0 0 0 0 0 17 24 14 22 14 16
 1.455000E+02 4 0 0 0 0 0 0 0 0 0 0 0 16 21 19 24 15 12
 1.460000E+02 8 0 0 0 0 0 0 0 0 0 0 0 17 15 19 15 17 18
 1.465000E+02 9 0 0 0 0 0 0 0 0 0 0 0 23 16 20 18 13 15
 1.470000E+02 8 0 0 0 0 0 0 0 0 0 0 0 19 13 16 13 17 18
 1.475000E+02 11 0 0 0 0 0 0 0 0 0 0 0 21 16 17 16 15 18
 1.480000E+02 9 0 0 0 0 0 0 0 0 0 0 0 22 15 16 17 19 20
 1.485000E+02 8 0 0 0 0 0 0 0 0 1 0 0 19 16 14 15 14 16
 1.490000E+02 5 0 0 0 0 0 0 0 0 1 0 0 15 19 16 14 22 8
 1.495000E+02 13 0 0 0 0 0 0 0 0 1 0 0 12 18 16 17 16 9
 1.500000E+02 7 0 0 0 0 0 0 0 0 1 0 0 15 20 16 15 16 14
 1.505000E+02 9 0 0 0 0 0 0 0 0 1 0 0 14 18 24 20 10 18
 1.510000E+02 8 0 0 0 0 0 0 0 0 2 0 0 22 23 24 13 14 10
 1.515000E+02 7 0 0 0 0 0 0 1 0 0 0 0 27 13 24 12 18 12
 1.520000E+02 10 0 0 0 0 0 0 0 0 1 0 0 31 16 18 13 15 13
 1.525000E+02 9 0 0 0 0 0 0 0 0 1 0 0 24 15 18 18 18 11
 1.530000E+02 6 0 0 0 0 0 0 0 0 1 0 0 28 17 15 19 20 12
 1.535000E+02 9 0 0 0 0 0 0 0 0 1 0 0 20 13 18 17 18 17
 1.540000E+02 9 0 0 0 0 0 0 1 0 0 0 0 19 17 18 17 25 15
 1.545000E+02 5 0 0 0 0 0 0 1 0 0 0 0 23 9 19 17 20 17
 1.550000E+02 11 0 0 0 0 0 0 0 0 1 0 0 20 11 15 22 18 19
 1.555000E+02 8 0 0 0 0 0 0 0 0 0 0 0 13 17 20 16 19 20
 1.560000E+02 6 0 0 0 0 0 0 0 0 0 0 0 11 22 21 27 19 17
 1.565000E+02 14 0 0 0 0 0 0 0 0 0 0 0 23 5 18 22 18 17
 1.570000E+02 7 0 0 0 0 0 0 1 0 1 0 0 23 15 17 18 15 20
 1.575000E+02 8 0 0 0 0 0 0 0 0 2 0 0 25 22 11 21 18 17
 1.580000E+02 11 0 0 0 0 0 0 0 0 2 0 0 16 22 12 24 19 14
 1.585000E+02 10 0 0 0 0 0 0 1 0 1 0 0 16 21 19 18 18 13
 1.590000E+02 9 0 0 0 0 0 0 1 0 0 0 0 18 19 14 22 18 20
 1.595000E+02 14 0 0 0 0 0 0 0 0 0 0 0 17 25 18 11 19 12
 1.600000E+02 10 0 0 0 0 0 0 0 0 0 0 0 18 20 20 11 21 15
 1.605000E+02 9 0 0 0 0 0 0 0 0 0 0 0 25 19 14 15 20 15
 1.610000E+02 7 0 0 0 0 0 0 0 0 0 0 0 16 24 16 9 22 19
 1.615000E+02 8 0 0 0 0 0 0 0 0 1 0 0 14 20 22 17 19 14
 1.620000E+02 12 0 0 0 0 0 0 0 0 0 0 0 17 24 20 13 18 22
 1.625000E+02 7 0 0 0 0 0 0 0 0 0 0 0 18 17 19 15 14 20
 1.630000E+02 8 0 0 0 0 0 0 0 0 1 0 0 12 18 18 20 15 18
 1.635000E+02 9 0 0 0 0 0 0 0 0 1 0 0 13 15 18 19 20 18
 1.640000E+02 10 0 0 0 0 0 0 0 0 1 0 0 18 14 18 25 21 19
 1.645000E+02 13 0 0 0 0 0 0 1 0 0 0 0 15 20 16 20 24 16
 1.650000E+02 8 0 0 0 0 0 0 0 0 1 0 0 19 23 25 22 20 18
 1.655000E+02 5 0 0 0 0 0 0 0 0 1 0 0 16 19 26 22 20 14
 1.660000E+02 6 0 0 0 0 0 0 1 0 0 0 0 18 22 22 18 21 11
 1.665000E+02 7 0 0 0 0 0 0 0 0 1 0 0 21 27 15 20 21 10
 1.670000E+02 12 0 0 0 0 0 0 0 0 1 0 0 14 20 21 20 23 13
 1.675000E+02 9 0 0 0 0 0 0 0 0 1 0 0 16 12 21 24 21 20
 1.680000E+02 7 0 0 0 0 0 0 0 0 2 0 0 18 16 21 21 17 15
 1.685000E+02 10 0 0 0 0 0 0 1 0 1 0 0 20 17 13 19 25 18
 1.690000E+02 8 0 0 0 0 0 0 1 0 1 0 0 23 13 16 19 24 20
 1.695000E+02 12 0 0 0 0 0 0 0 0 3 0 0 24 10 24 10 19 18
 1.700000E+02 8 0 0 0 0 0 0 1 0 1 0 0 19 18 26 12 19 17
 1.705000E+02 13 0 0 0 0 0 0 0 0 1 0 0 18 17 21 18 17 20
 1.710000E+02 12 0 0 0 0 0 0 0 0 1 0 0 18 17 22 17 20 22
 1.715000E+02 6 0 0 0 0 0 0 0 0 0 0 0 21 23 13 22 24 16
 1.720000E+02 15 0 0 0 0 0 0 0 0 0 0 0 17 20 18 21 18 21
 1.725000E+02 12 0 0 0 0 0 0 0 0 0 0 0 19 20 12 27 16 20
 1.730000E+02 8 0 0 0 0 0 0 0 0 1 0 0 17 20 10 23 21 16
 1.735000E+02 13 0 0 0 0 1 0 0 0 0 0 0 20 15 22 18 23 15
 1.740000E+02 6 0 0 0 0 0 0 0 0 1 0 0 20 9 23 16 28 18
 1.745000E+02 10 0 0 0 0 0 0 0 0 1 0 0 13 12 24 13 24 23
 1.750000E+02 16 0 0 0 0 0 0 0 0 0 0 0 13 13 21 22 16 20
 1.755000E+02 12 0 0 0 0 0 0 0 0 0 0 0 12 15 24 23 17 17
 1.760000E+02 13 0 0 0 0 0 0 0 0 0 0 0 8 18 20 20 18 21
 1.765000E+02 3 0 0 0 0 0 0 0 0 0 0 0 16 20 22 19 15 26
 1.770000E+02 10 0 0 0 0 0 0 0 0 0 0 0 11 23 18 20 16 23
 1.775000E+02 11 0 0 0 0 0 0 0 0 0 0 0 16 25 18 23 18 16
 1.780000E+02 6 0 0 0 0 0 0 0 0 0 0 0 20 19 23 24 15 18
 1.785000E+02 13 0 0 0 0 0 0 0 0 0 0 0 18 11 23 27 18 17
 1.790000E+02 12 0 0 0 0 0 0 0 0 1 0 0 10 18 26 15 13 18
 1.795000E+02 11 0 0 0 0 0 0 0 0 0 0 0 17 17 21 16 14 19
 1.800000E+02 7 0 0 0 0 0 0 0 0 0 0 0 21 19 10 18 18 22
 1.805000E+02 8 0 0 0 0 0 0 0 0 0 0 0 16 17 16 14 18 18
 1.810000E+02 7 0 0 0 0 0 0 0 0 0 0 0 17 16 20 16 19 21
 1.815000E+02 9 0 0 0 0 0 0 0 0 0 0 0 15 17 20 20 27 19
 1.820000E+02 10 0 0 0 0 0 0 0 0 0 0 0 20 18 16 16 17 20
 1.825000E+02 10 0 0 0 0 0 0 1 0 0 0 0 15 18 14 21 18 18
 1.830000E+02 9 0 0 0 0 0 0 0 0 0 0 0 22 16 23 16 18 19
 1.835000E+02 13 0 0 0 0 0 0 1 0 0 0 0 19 21 17 15 20 15
 1.840000E+02 8 0 0 0 0 0 0 0 0 0 0 0 16 16 24 16 14 19
 1.845000E+02 8 0 0 0 0 0 0 0 0 0 0 0 14 18 22 19 18 13
 1.850000E+02 12 0 0 0 0 0 0 0 0 0 0 0 15 16 16 20 18 13
 1.855000E+02 8 0 0 0 0 0 0 0 0 0 0 0 16 18 9 17 21 25
 1.860000E+02 6 0 0 0 0 0 0 0 0 0 0 0 12 18 15 22 22 23
 1.865000E+02 6 0 0 0 0 0 0 0 0 0 0 0 28 16 19 23 14 19
 1.870000E+02 7 0 0 0 0 0 0 0 0 0 0 0 28 15 18 25 14 13
 1.875000E+02 7 0 0 0 0 0 0 0 0 0 0 0 31 18 17 27 7 12
 1.880000E+02 13 0 0 0 0 0 0 0 0 0 0 0 17 16 22 17 12 20
 1.885000E+02 13 0 0 0 0 0 0 0 0 0 0 0 20 18 22 11 18 23
 1.890000E+02 9 0 0 0 0 0 0 1 0 0 0 0 21 25 16 18 22 24
 1.895000E+02 9 0 0 0 0 0 0 1 0 0 0 0 14 26 20 15 16 18
 1.900000E+02 5 0 0 0 0 0 0 0 0 1 0 0 20 22 17 19 17 17
 1.905000E+02 9 0 0 0 0 0 0 1 0 0 0 0 19 21 15 22 16 22
 1.910000E+02 10 0 0 0 0 0 0 0 0 1 0 0 16 22 19 21 22 16
 1.915000E+02 12 0 0 0 0 0 0 0 0 1 0 0 23 19 17 18 17 16
 1.920000E+02 8 0 0 0 0 0 0 0 0 2 0 0 23 16 15 26 12 19
 1.925000E+02 12 0 0 0 0 0 0 0 0 2 0 0 19 21 13 19 18 21
 1.930000E+02 6 0 0 0 0 0 0 0 0 2 0 0 19 21 8 13 22 18
 1.935000E+02 4 0 0 0 0 0 0 1 0 1 0 0 23 19 13 12 20 21
 1.940000E+02 6 0 0 0 0 0 0 0 0 0 0 0 22 18 16 20 17 13
 1.945000E+02 9 0 0 0 0 0 0 0 0 0 0 0 14 27 17 14 11 18
 1.950000E+02 4 0 0 0 0 0 0 0 0 1 0 0 13 23 17 13 17 23
 1.955000E+02 11 0 0 0 0 0 0 0 0 0 0 0 12 22 19 19 19 22
 1.960000E+02 12 0 0 0 0 0 0 0 0 0 0 0 15 21 15 18 18 19
 1.965000E+02 8 0 0 0 0 0 0 0 0 0 0 0 13 16 19 14 14 21
 1.970000E+02 7 0 0 0 0 0 0 0 0 1 0 0 15 20 16 11 17 21
 1.975000E+02 10 0 0 0 0 0 0 0 0 0 0 0 19 15 19 12 18 19
 1.980000E+02 5 0 0 0 0 0 0 0 0 0 0 0 23 12 15 18 17 17
 1.985000E+02 6 0 0 0 0 0 0 0 0 0 0 0 19 18 16 14 19 19
 1.990000E+02 3 0 0 0 0 0 0 0 0 0 0 0 19 18 12 20 17 17
 1.995000E+02 8 0 0 0 0 0 0 0 0 1 0 0 18 19 15 16 27 14
 2.000000E+02 5 0 0 0 0 0 0 1 0 0 0 0 25 18 16 19 17 12
 2.005000E+02 7 0 0 0 0 0 0 0 0 0 0 0 16 13 15 24 14 10
 2.010000E+02 10 0 0 0 0 0 0 0 0 0 0 0 23 11 20 21 14 12
 2.015000E+02 4 0 0 0 0 0 0 0 0 0 0 0 24 15 18 17 10 12
 2.020000E+02 7 0 0 0 0 0 0 0 0 1 0 0 20 24 21 17 14 9
 2.025000E+02 8 0 0 0 0 0 0 0 0 1 0 0 15 14 24 19 14 17
 2.030000E+02 6 0 0 0 0 0 0 0 0 1 0 0 15 15 16 14 16 20
 2.035000E+02 5 0 0 0 0 0 0 1 0 0 0 0 13 21 16 15 16 20
 2.040000E+02 7 0 0 1 0 0 0 0 0 0 0 0 15 26 17 18 14 14
 2.045000E+02 7 0 0 0 0 0 0 0 0 1 0 0 20 20 16 16 9 12
 2.050000E+02 10 0 0 0 0 0 0 1 0 1 0 0 21 18 17 14 8 10
 2.055000E+02 9 0 0 0 0 0 0 0 0 2 0 0 25 15 15 17 9 14
 2.060000E+02 8 0 0 0 0 0 0 0 1 1 0 0 25 17 15 11 14 15
 2.065000E+02 6 0 0 0 0 0 0 0 0 2 0 0 27 14 16 9 10 15
 2.070000E+02 5 0 0 0 0 0 0 0 0 1 0 0 24 14 13 17 14 21
 2.075000E+02 13 0 0 0 0 0 0 0 0 2 0 0 19 11 12 23 10 19
 2.080000E+02 10 0 0 0 0 0 0 0 0 1 0 0 14 13 8 19 18 18
 2.085000E+02 7 0 0 0 0 0 0 0 0 0 0 0 13 15 16 19 20 14
 2.090000E+02 5 0 0 0 0 0 0 0 0 0 0 0 17 10 14 16 20 18
 2.095000E+02 14 0 0 0 0 0 0 0 0 0 0 0 19 12 18 16 21 16
 2.100000E+02 8 0 0 0 0 0 0 0 0 0 0 0 14 19 19 17 13 16
 2.105000E+02 6 0 0 0 0 0 0 0 0 0 0 0 14 19 20 17 22 14
 2.110000E+02 9 0 0 0 0 0 0 0 0 0 0 0 14 17 14 13 19 20
 2.115000E+02 11 0 0 0 1 0 0 0 0 0 0 0 14 17 18 13 12 20
 2.120000E+02 7 0 0 0 0 0 0 0 0 0 0 0 19 17 17 14 16 22
 2.125000E+02 8 0 0 0 0 0 0 0 0 0 0 0 25 15 14 10 15 16
 2.130000E+02 7 0 0 0 0 0 0 0 0 0 0 0 20 14 14 8 11 15
 2.135000E+02 9 0 0 0 0 0 0 0 0 0 0 0 28 18 14 9 9 19
 2.140000E+02 7 0 0 0 0 0 0 0 0 0 0 0 20 20 15 13 18 17
 2.145000E+02 4 0 0 0 0 0 0 0 0 0 0 0 12 16 14 22 12 15
 2.150000E+02 4 0 0 0 0 0 0 0 0 0 0 0 13 14 13 18 18 14
 2.155000E+02 9 0 0 0 0 0 0 0 0 0 0 0 18 13 17 15 17 16
 2.160000E+02 11 0 0 0 0 0 0 0 0 0 0 0 12 15 8 13 13 17
 2.165000E+02 8 0 0 0 0 0 0 0 0 0 0 0 16 14 10 16 17 16
 2.170000E+02 9 0 0 0 0 0 0 0 0 0 0 0 16 15 16 17 16 23
 2.175000E+02 6 0 0 0 0 0 0 0 0 0 0 0 23 17 15 20 16 21
 2.180000E+02 16 0 0 0 0 0 0 0 0 0 0 0 19 17 13 21 11 16
 2.185000E+02 8 0 0 0 0 0 0 0 0 0 1 0 17 19 10 16 13 12
 2.190000E+02 8 0 0 0 0 0 0 0 0 1 0 0 19 19 15 17 12 16
 2.195000E+02 10 0 0 0 0 0 0 0 0 1 0 0 19 14 14 24 15 24
 2.200000E+02 7 0 0 0 0 0 0 0 0 0 0 0 16 18 14 17 16 23
 2.205000E+02 8 0 0 0 0 0 0 0 0 0 0 0 20 17 11 16 12 24
 2.210000E+02 11 0 0 0 0 0 0 0 0 0 0 0 16 19 12 16 14 20
 2.215000E+02 11 0 0 0 0 0 0 0 0 1 0 0 11 18 13 21 14 26
 2.220000E+02 3 0 0 1 0 0 0 0 0 0 0 0 15 18 18 21 14 20
 2.225000E+02 9 0 0 0 1 0 0 0 0 0 0 0 17 10 21 12 14 21
 2.230000E+02 10 0 0 0 0 0 0 0 0 0 0 0 17 13 17 10 20 18
 2.235000E+02 12 0 0 0 0 0 0 0 0 0 0 0 18 17 15 12 16 12
 2.240000E+02 5 0 0 0 0 0 0 0 0 0 0 0 19 15 18 13 19 14
 2.245000E+02 8 0 0 0 0 0 0 0 0 0 0 0 16 19 14 9 14 18
 2.250000E+02 16 0 0 0 0 0 0 0 0 0 0 0 17 20 22 10 10 18
 2.255000E+02 9 0 0 0 0 0 0 0 0 0 0 0 21 16 22 11 13 15
 2.260000E+02 7 0 0 0 0 0 0 0 0 0 0 0 20 15 24 14 14 12
 2.265000E+02 9 0 0 0 0 0 0 0 0 0 0 0 15 21 24 18 13 18
 2.270000E+02 12 0 0 0 0 0 0 0 0 0 0 0 13 22 15 13 18 17
 2.275000E+02 5 0 0 0 0 0 0 0 0 0 0 0 24 22 11 16 16 18
 2.280000E+02 10 0 0 0 0 0 0 0 0 0 0 0 18 20 16 21 11 16
 2.285000E+02 8 0 0 0 0 0 0 0 0 0 0 0 21 28 21 15 10 14
 2.290000E+02 6 0 0 0 0 0 0 0 0 0 0 0 15 24 24 13 10 19
 2.295000E+02 11 0 0 0 0 0 0 0 0 0 0 0 17 25 22 13 7 14
 2.300000E+02 6 0 0 0 0 0 0 0 0 0 0 0 21 20 26 17 11 16
 2.305000E+02 3 0 0 0 0 0 0 0 0 0 0 0 11 19 15 19 20 14
 2.310000E+02 4 0 0 0 0 0 0 0 0 0 0 0 21 16 16 21 20 12
 2.315000E+02 12 0 0 0 0 0 0 0 0 0 0 0 16 16 14 18 17 20
 2.320000E+02 8 0 0 0 0 0 0 0 0 0 0 0 20 14 14 14 12 18
 2.325000E+02 16 0 0 0 0 0 0 0 0 0 0 0 25 7 14 16 21 28
 2.330000E+02 10 0 0 0 0 0 0 0 0 0 0 0 24 10 18 18 19 22
 2.335000E+02 6 0 0 0 0 0 0 0 0 0 0 0 19 13 20 14 20 21
 2.340000E+02 16 0 0 0 0 0 0 0 0 0 0 0 23 18 18 17 15 11
 2.345000E+02 10 0 0 1 0 0 0 0 0 0 0 0 19 21 13 20 13 12
 2.350000E+02 15 0 0 1 0 0 0 0 0 0 0 0 19 24 16 18 14 17
 2.355000E+02 4 0 0 0 0 0 0 0 0 1 0 0 16 20 14 13 20 17
 2.360000E+02 14 0 0 1 0 0 0 0 0 0 0 0 16 13 16 12 19 16
 2.365000E+02 6 0 0 0 0 0 0 0 0 1 0 0 22 12 16 8 20 25
 2.370000E+02 6 0 0 0 0 0 0 0 0 0 0 0 23 15 20 11 18 21
 2.375000E+02 11 0 0 0 0 0 0 0 0 0 0 0 21 13 17 8 12 18
 2.380000E+02 14 0 0 0 0 0 0 0 0 0 0 0 16 15 16 10 9 14
 2.385000E+02 8 0 0 0 0 0 0 0 0 0 0 0 17 11 20 18 9 13
 2.390000E+02 9 0 0 0 0 0 0 0 0 0 0 0 16 14 16 14 18 16
 2.395000E+02 10 0 0 0 0 0 0 0 0 1 0 0 22 20 19 14 23 13
 2.400000E+02 10 0 0 0 0 0 0 0 0 0 0 0 12 15 13 21 19 13
 2.405000E+02 9 0 0 0 0 0 0 0 0 0 0 0 19 19 20 17 20 16
 2.410000E+02 10 0 0 0 0 0 0 0 0 0 0 0 18 13 15 20 18 21
 2.415000E+02 16 0 0 0 0 0 0 0 0 0 0 0 18 10 21 21 18 15
 2.420000E+02 16 0 0 0 0 0 0 0 0 0 0 0 19 14 20 16 19 15
 2.425000E+02 14 0 0 0 0 0 0 0 0 0 0 0 14 15 18 17 23 13
 2.430000E+02 9 0 0 0 0 0 0 0 0 1 0 0 19 17 12 16 20 16
 2.435000E+02 12 0 0 0 0 0 0 0 0 1 0 0 21 17 11 11 19 20
 2.440000E+02 8 0 0 0 0 0 0 0 0 1 0 0 21 25 15 19 19 19
 2.445000E+02 9 0 0 0 0 0 0 0 0 1 0 0 27 19 20 13 15 15
 2.450000E+02 9 0 0 0 0 0 0 0 0 1 0 0 19 16 13 12 15 14
 2.455000E+02 10 0 0 0 0 0 0 0 0 1 0 0 19 11 10 11 25 13
 2.460000E+02 7 0 0 2 0 0 0 0 0 0 0 0 10 12 16 11 25 12
 2.465000E+02 9 0 0 0 0 0 0 0 0 2 0 1 18 15 23 13 22 12
 2.470000E+02 7 0 0 0 0 0 0 1 0 1 0 0 22 19 17 21 16 15
 2.475000E+02 11 1 0 0 0 0 0 0 0 0 0 0 15 18 16 24 18 17
 2.480000E+02 12 0 0 0 0 0 0 0 0 1 0 0 17 18 14 18 13 14
 2.485000E+02 11 0 0 0 0 0 0 0 0 0 0 0 13 15 16 21 10 14
 2.490000E+02 11 0 0 0 0 0 0 0 0 0 0 0 25 15 19 23 8 17
 2.495000E+02 13 0 0 0 0 0 0 0 0 0 0 0 22 16 19 14 13 16
 2.500000E+02 11 0 0 0 0 0 0 0 0 0 0 0 15 14 15 19 19 16
 2.505000E+02 1155 1 0 3 0 1 0 2 0 3 0 0 0 0 0 0 0 0
 2.510000E+02 1822 0 0 3 1 0 0 2 0 20 1 0 0 0 0 0 0 0
 2.515000E+02 2098 0 0 7 0 0 0 3 1 21 1 0 0 0 0 0 0 0
 2.520000E+02 2278 0 0 11 0 1 0 0 0 30 2 1 0 0 0 0 0 0
 2.525000E+02 973 1 0 9 1 0 0 3 0 26 1 0 0 1 0 0 0 0
 2.530000E+02 408 1 0 3 0 0 0 4 0 21 1 0 0 0 0 0 0 0
 2.535000E+02 190 1 0 2 0 0 0 4 0 16 0 0 0 1 0 1 1 1
 2.540000E+02 104 0 0 1 0 0 0 1 0 16 0 0 1 3 1 2 0 0
 2.545000E+02 1316 1 0 3 0 0 0 3 0 12 1 0 0 0 0 0 0 0
 2.550000E+02 1856 1 0 3 0 1 0 1 0 16 1 0 0 0 0 0 0 0
 2.555000E+02 2145 1 0 4 2 0 0 2 0 28 0 1 0 0 0 0 0 0
 2.560000E+02 2215 2 1 3 0 0 0 8 1 25 1 1 0 0 0 0 0 0
 2.565000E+02 989 0 0 4 0 0 0 5 0 26 1 0 0 0 0 0 0 0
 2.570000E+02 444 1 0 4 1 0 0 2 0 23 1 0 0 0 1 1 0 0
 2.575000E+02 206 2 0 1 0 0 0 1 0 20 1 0 0 0 1 0 1 1
 2.580000E+02 104 1 0 1 0 1 0 2 0 14 1 0 1 2 1 1 2 0
 2.585000E+02 1378 0 0 0 0 1 0 1 0 18 0 3 0 0 0 0 0 0
 2.590000E+02 1949 2 0 4 1 0 0 4 0 29 2 1 0 0 0 0 0 0
 2.595000E+02 2225 0 0 3 0 2 0 5 0 31 1 2 0 0 0 0 0 0
 2.600000E+02 2339 1 0 3 0 1 0 5 0 36 1 1 0 0 0 0 0 0
 2.605000E+02 1006 2 0 0 0 2 0 5 0 37 1 4 0 0 0 0 0 0
 2.610000E+02 427 0 0 0 0 0 0 8 0 27 0 0 0 0 0 0 0 0
 2.615000E+02 183 0 0 2 0 0 0 3 0 21 0 0 1 1 0 1 0 0
 2.620000E+02 94 0 0 0 0 1 0 4 0 13 0 0 1 1 4 3 0 1
 2.625000E+02 1287 1 0 0 0 1 0 0 0 20 1 0 0 0 0 0 0 0
 2.630000E+02 1871 1 0 1 0 0 0 2 0 25 0 1 0 0 0 0 0 0
 2.635000E+02 2108 1 0 1 0 2 0 5 1 26 2 0 0 0 0 0 0 0
 2.640000E+02 2290 1 0 2 0 0 0 6 0 31 1 0 0 0 0 0 0 0
 2.645000E+02 948 1 0 4 0 0 0 3 1 30 2 1 0 0 0 0 0 0
 2.650000E+02 431 0 0 1 0 1 0 6 0 19 0 2 0 0 0 0 0 0
 2.655000E+02 204 1 0 1 0 0 0 3 0 14 0 0 0 0 0 0 0 0
 2.660000E+02 103 0 0 0 0 0 0 2 0 12 0 0 3 0 0 2 1 2
 2.665000E+02 1367 0 0 1 0 0 0 4 0 21 0 0 0 0 0 0 0 0
 2.670000E+02 1871 2 0 2 0 0 0 2 0 32 1 0 0 0 0 0 0 0
 2.675000E+02 2164 0 0 2 0 3 0 8 0 30 0 1 0 0 0 0 0 0
 2.680000E+02 2276 0 0 2 2 3 0 5 0 31 2 0 0 0 0 0 0 0
 2.685000E+02 949 1 0 0 0 1 0 4 0 29 1 1 0 0 0 0 0 0
 2.690000E+02 437 0 0 2 0 1 0 2 0 25 0 0 1 1 0 1 0 0
 2.695000E+02 194 1 0 0 0 1 0 5 0 9 0 0 0 0 0 3 0 1
 2.700000E+02 94 0 0 0 0 0 0 3 0 9 0 0 0 0 2 2 1 1
 2.705000E+02 1367 0 0 0 0 0 0 2 0 15 0 0 0 0 0 0 0 0
 2.710000E+02 1882 0 0 0 0 1 0 2 0 20 0 0 0 0 0 0 0 0
 2.715000E+02 2176 0 0 0 0 0 0 3 0 31 0 0 0 0 0 0 0 0
 2.720000E+02 2324 2 0 1 0 2 0 7 0 27 1 0 0 0 0 0 0 0
 2.725000E+02 1008 0 0 1 0 2 0 6 0 23 1 0 0 0 0 0 0 0
 2.730000E+02 451 0 0 1 0 0 0 3 0 19 0 0 1 0 0 0 0 0
 2.735000E+02 213 0 0 0 0 1 0 4 0 12 0 0 0 1 2 0 0 1
 2.740000E+02 106 1 0 0 0 1 0 3 0 7 0 0 3 1 1 3 3 1
 2.745000E+02 1351 1 0 0 0 3 0 1 0 12 0 0 0 0 0 0 0 0
 2.750000E+02 1903 1 0 0 0 1 0 4 0 24 0 0 0 0 0 0 0 0
 2.755000E+02 2116 1 0 2 0 1 0 5 0 24 1 0 0 0 0 0 0 0
 2.760000E+02 2168 1 0 0 0 0 0 6 1 34 0 1 0 0 0 0 0 0
 2.765000E+02 893 1 0 0 0 2 0 6 0 33 1 0 0 0 0 0 0 0
 2.770000E+02 404 2 0 1 0 2 0 8 0 17 2 0 0 0 0 0 0 0
 2.775000E+02 200 0 0 1 0 0 0 2 0 18 0 0 0 0 0 3 0 1
 2.780000E+02 113 1 0 0 0 1 0 2 0 11 0 0 0 1 3 3 4 0
 2.785000E+02 1439 1 0 0 0 1 0 5 0 11 0 0 0 0 0 0 0 0
 2.790000E+02 1917 0 0 0 0 1 0 1 1 27 1 0 0 0 0 0 0 0
 2.795000E+02 2140 0 0 0 0 1 0 7 0 23 1 1 0 0 0 0 0 0
 2.800000E+02 2304 0 0 1 0 1 0 3 0 25 2 1 0 0 0 0 0 0
 2.805000E+02 989 2 0 1 0 0 0 6 0 23 1 1 0 0 0 0 0 1
 2.810000E+02 472 0 0 1 0 0 0 5 0 21 1 0 0 1 0 0 0 0
 2.815000E+02 227 0 0 1 0 2 0 2 0 16 0 0 1 0 0 0 2 1
 2.820000E+02 116 1 0 0 0 2 0 2 0 8 1 0 1 1 2 1 4 0
 2.825000E+02 1377 0 0 0 0 3 1 1 0 15 0 1 0 0 0 0 0 0
 2.830000E+02 1964 1 0 0 0 3 0 5 0 25 0 1 0 0 0 0 0 0
 2.835000E+02 2150 0 0 1 0 5 0 7 0 27 1 1 0 0 0 0 0 0
 2.840000E+02 2255 0 1 1 1 1 0 4 0 41 1 1 0 0 0 0 0 0
 2.845000E+02 948 0 0 1 0 2 0 11 0 29 0 1 0 0 0 0 0 0
 2.850000E+02 428 1 1 1 0 1 0 5 0 26 0 1 0 1 0 0 0 0
 2.855000E+02 200 0 0 0 0 1 0 5 0 17 0 0 0 0 0 1 1 0
 2.860000E+02 101 0 0 1 0 2 0 2 0 9 0 0 0 1 2 1 0 0
 2.865000E+02 1335 0 0 1 0 2 0 2 0 13 1 0 0 0 0 0 0 0
 2.870000E+02 1883 1 0 1 0 2 0 3 0 31 0 0 0 0 0 0 0 0
 2.875000E+02 2125 0 0 0 0 0 0 4 0 38 1 0 0 1 0 0 0 0
 2.880000E+02 2195 1 0 1 0 2 0 2 1 35 0 0 0 0 0 0 0 0
 2.885000E+02 908 2 0 1 0 0 0 5 0 35 1 0 0 0 0 0 0 0
 2.890000E+02 383 4 0 3 0 1 0 2 1 23 1 0 0 0 0 0 0 0
 2.895000E+02 163 0 0 0 0 1 0 5 0 21 2 2 2 0 2 0 0 1
 2.900000E+02 97 0 0 0 0 0 0 2 0 16 0 0 4 2 2 1 2 3
 2.905000E+02 68 0 0 0 0 0 0 1 0 10 1 0 8 1 2 5 4 2
 2.910000E+02 59 0 0 0 0 0 0 1 0 8 0 0 6 7 4 8 7 4
 2.915000E+02 47 0 0 0 0 0 0 3 0 2 0 0 3 9 4 6 10 8
 2.920000E+02 47 0 0 0 0 0 0 1 0 2 0 0 8 12 8 7 16 7
 2.925000E+02 38 0 0 0 0 0 0 0 0 2 0 0 9 8 9 13 12 10
 2.930000E+02 39 0 0 0 0 0 0 0 0 2 0 0 7 20 10 8 8 16
 2.935000E+02 20 0 0 0 0 0 0 0 0 1 1 0 15 9 12 10 13 12
 2.940000E+02 30 0 0 0 0 0 0 0 0 1 0 0 17 19 11 10 8 10
 2.945000E+02 17 0 0 0 0 0 0 0 0 1 0 0 10 14 14 17 14 13
 2.950000E+02 20 0 0 0 0 0 0 0 0 1 0 0 19 21 11 14 11 12
 2.955000E+02 21 0 0 0 0 0 0 0 0 0 0 0 12 23 18 12 10 15
 2.960000E+02 25 0 0 0 0 0 0 0 0 0 0 0 14 10 18 11 20 14
 2.965000E+02 27 0 0 0 0 0 0 0 0 0 0 0 15 18 13 18 18 15
 2.970000E+02 19 0 0 0 0 0 0 0 0 1 0 0 17 13 17 12 19 17
 2.975000E+02 13 0 0 0 0 0 0 0 0 0 0 0 16 17 18 12 20 15
 2.980000E+02 13 0 0 0 0 0 0 0 0 1 0 0 20 11 19 19 20 14
 2.985000E+02 24 0 0 0 0 0 0 0 0 0 0 0 14 17 17 25 17 20
 2.990000E+02 16 0 0 0 0 0 0 0 0 1 0 0 27 15 15 16 15 13
 2.995000E+02 18 0 0 0 0 0 0 0 0 1 0 0 20 17 20 13 28 12
 3.000000E+02 13 0 0 0 0 0 0 0 0 1 0 0 17 17 15 23 23 16
 3.005000E+02 18 0 0 0 0 0 0 0 0 0 1 0 15 16 10 32 15 18
 3.010000E+02 13 0 0 0 0 0 0 0 0 2 0 0 13 18 11 24 14 17
 3.015000E+02 21 0 0 0 0 0 0 1 0 2 0 0 16 26 14 19 15 16
 3.020000E+02 13 0 0 0 0 1 0 0 0 1 0 0 18 22 24 18 19 19
 3.025000E+02 15 0 0 0 0 0 0 0 0 1 0 0 12 19 25 20 17 16
 3.030000E+02 16 0 0 0 0 0 0 0 0 1 0 0 15 22 23 17 10 16
 3.035000E+02 18 0 0 0 0 0 0 0 0 1 0 0 19 23 14 20 22 16
 3.040000E+02 14 0 0 0 0 0 0 0 0 1 0 0 20 19 19 16 17 10
 3.045000E+02 20 0 0 1 0 0 0 0 0 0 0 0 21 18 20 18 26 17
 3.050000E+02 17 0 0 0 0 0 0 0 0 0 0 0 26 11 21 22 21 18
 3.055000E+02 19 0 0 0 0 0 0 0 0 0 0 0 25 18 21 20 20 17
 3.060000E+02 18 0 0 0 0 0 0 0 0 0 0 0 24 22 22 23 24 15
 3.065000E+02 13 0 0 0 0 0 0 0 0 0 0 0 20 19 26 19 19 22
 3.070000E+02 15 0 0 0 0 0 0 0 0 0 0 0 20 22 20 22 14 14
 3.075000E+02 18 0 0 0 0 0 0 1 0 0 0 0 23 16 27 20 12 9
 3.080000E+02 18 0 0 0 0 0 0 1 0 0 0 0 22 14 16 18 16 19
 3.085000E+02 12 0 0 0 0 0 0 0 0 1 0 0 28 24 16 21 21 19
 3.090000E+02 13 0 0 0 0 0 0 0 0 1 0 0 24 16 16 20 17 24
 3.095000E+02 11 0 0 0 0 0 0 0 0 0 0 0 22 20 24 15 13 22
 3.100000E+02 9 0 0 0 0 0 0 0 0 0 0 0 17 17 26 20 18 22
 3.105000E+02 16 0 0 0 0 0 0 0 0 0 0 0 24 24 23 17 20 20
 3.110000E+02 18 0 0 0 0 0 0 0 0 0 0 0 18 23 19 18 19 22
 3.115000E+02 13 0 0 0 0 0 0 0 0 0 0 0 17 19 19 31 17 18
 3.120000E+02 9 0 0 0 0 0 0 0 0 0 0 0 15 23 16 18 18 24
 3.125000E+02 12 0 0 0 0 0 0 0 0 0 0 0 20 19 22 21 22 22
 3.130000E+02 15 0 0 0 0 0 0 0 0 0 0 0 17 21 19 23 21 17
 3.135000E+02 10 0 0 0 0 0 0 0 0 0 0 0 20 21 18 28 20 20
 3.140000E+02 11 0 0 0 0 0 0 0 0 0 0 0 17 18 21 16 18 18
 3.145000E+02 11 0 0 0 0 0 0 0 0 0 0 0 15 18 23 24 14 24
 3.150000E+02 11 0 0 0 0 0 0 1 0 0 0 0 17 18 18 21 18 16
 3.155000E+02 10 0 0 0 0 0 0 0 0 0 0 0 12 19 17 24 25 13
 3.160000E+02 11 0 0 0 0 0 0 0 0 0 0 0 26 17 19 18 21 26
 3.165000E+02 10 0 0 0 0 0 0 0 0 0 0 0 19 17 23 19 22 24
 3.170000E+02 11 0 0 0 0 0 0 0 0 0 0 0 25 21 24 22 22 14
 3.175000E+02 8 0 0 0 0 0 0 0 0 0 0 0 23 19 20 20 17 17
 3.180000E+02 14 0 0 0 0 0 0 0 0 0 0 0 18 15 28 19 11 15
 3.185000E+02 11 0 0 0 0 0 0 0 0 0 0 0 17 25 15 23 25 17
 3.190000E+02 16 0 0 0 0 0 0 0 0 0 0 0 19 25 13 22 22 16
 3.195000E+02 9 0 0 0 0 0 0 0 0 0 0 0 22 18 18 22 24 13
 3.200000E+02 10 0 0 0 0 0 0 0 0 0 0 0 18 20 16 20 24 18
 3.205000E+02 9 0 0 0 0 0 0 0 0 0 0 0 20 19 17 15 23 26
 3.210000E+02 7 0 0 0 0 0 0 0 0 0 0 0 26 18 20 24 12 15
 3.215000E+02 5 0 0 0 0 0 0 0 0 0 0 0 19 22 24 21 15 17
 3.220000E+02 9 0 0 0 0 0 0 0 0 0 0 0 14 26 27 16 16 15
 3.225000E+02 11 0 0 0 0 0 0 0 0 0 0 0 17 30 20 20 16 26
 3.230000E+02 12 0 0 0 0 0 0 1 0 0 0 0 19 23 15 18 22 19
 3.235000E+02 5 0 0 0 0 0 0 0 0 1 0 0 15 19 24 15 18 20
 3.240000E+02 11 0 0 0 0 0 0 0 0 0 0 0 15 18 22 18 17 13
 3.245000E+02 13 0 0 0 0 0 0 0 0 0 0 0 17 21 15 17 13 20
 3.250000E+02 7 0 0 0 0 0 0 0 0 0 0 0 21 19 24 19 11 23
 3.255000E+02 12 0 0 0 0 0 0 0 0 0 0 0 17 17 12 18 21 25
 3.260000E+02 9 0 0 0 0 0 0 0 0 1 0 0 19 17 14 25 18 18
 3.265000E+02 8 0 0 0 0 0 0 1 0 0 0 0 16 22 17 27 22 18
 3.270000E+02 10 0 0 0 0 0 0 0 0 1 0 0 19 21 19 21 28 13
 3.275000E+02 8 0 0 0 0 0 0 0 0 0 0 0 18 19 21 21 18 20
 3.280000E+02 9 0 0 0 0 0 0 0 0 0 0 0 19 18 23 22 21 20
 3.285000E+02 11 0 0 0 0 0 0 0 0 1 0 0 21 26 21 19 13 18
 3.290000E+02 14 0 0 0 0 0 0 0 0 0 0 0 21 18 17 26 16 16
 3.295000E+02 8 0 0 0 0 0 0 0 0 0 0 0 17 18 16 17 27 14
 3.300000E+02 9 0 0 0 0 0 0 0 0 0 0 0 14 15 18 18 24 18
 3.305000E+02 11 0 0 0 0 0 0 0 0 0 0 0 21 16 14 10 23 21
 3.310000E+02 7 0 0 0 0 0 0 0 0 0 0 0 14 11 18 11 17 23
 3.315000E+02 9 0 0 0 0 0 0 0 0 1 0 0 12 22 19 18 16 26
 3.320000E+02 11 0 0 0 0 0 0 0 0 0 0 0 17 20 10 21 22 21
 3.325000E+02 7 0 0 0 0 0 0 0 0 1 0 0 16 15 14 18 25 21
 3.330000E+02 8 0 0 0 0 0 0 0 0 2 0 0 19 20 16 13 19 17
 3.335000E+02 17 0 0 0 0 1 0 0 0 1 0 0 10 18 16 15 14 24
 3.340000E+02 9 0 0 0 0 0 0 1 0 2 0 0 22 21 19 11 14 24
 3.345000E+02 6 0 0 0 0 0 0 0 0 3 0 0 16 23 16 13 15 14
 3.350000E+02 11 0 0 0 0 0 0 0 0 1 0 0 23 18 15 13 20 18
 3.355000E+02 9 0 0 0 0 0 0 1 0 0 0 0 15 19 14 12 16 16
 3.360000E+02 8 0 0 0 0 0 0 0 0 1 0 0 15 19 15 17 19 18
 3.365000E+02 7 0 0 0 0 0 0 0 0 0 0 0 15 21 17 20 11 14
 3.370000E+02 11 0 0 0 0 0 0 0 0 0 0 0 18 23 13 21 11 22
 3.375000E+02 6 0 0 0 0 0 0 0 0 0 0 0 19 23 17 21 15 21
 3.380000E+02 10 0 0 0 0 0 0 0 0 0 0 0 24 17 12 23 19 17
 3.385000E+02 7 0 0 0 0 0 0 0 0 0 0 0 27 20 13 17 16 7
 3.390000E+02 5 0 0 0 0 0 0 0 0 0 0 0 24 16 19 16 16 18
 3.395000E+02 8 0 0 0 0 0 0 0 0 0 0 0 21 9 16 19 18 12
 3.400000E+02 8 0 0 0 0 0 0 0 0 0 0 0 15 11 17 16 17 20
 3.405000E+02 13 0 0 0 0 0 0 0 0 0 0 0 18 9 9 21 21 19
 3.410000E+02 12 0 0 0 0 0 0 0 0 0 0 0 18 7 16 23 20 17
 3.415000E+02 6 0 0 0 0 0 0 1 0 1 0 0 19 12 16 15 18 23
 3.420000E+02 6 0 0 1 0 0 0 0 0 0 0 0 21 16 17 12 15 15
 3.425000E+02 9 0 0 0 0 0 0 0 0 2 0 0 19 18 14 19 13 23
 3.430000E+02 8 0 0 0 0 0 0 0 0 1 0 0 14 22 14 17 15 24
 3.435000E+02 12 0 0 0 0 0 0 0 0 1 0 0 21 22 16 13 15 20
 3.440000E+02 12 0 0 1 0 0 0 0 0 1 0 0 19 19 16 20 16 22
 3.445000E+02 7 0 0 0 0 0 0 0 0 1 0 0 24 19 15 21 11 17
 3.450000E+02 7 0 0 0 0 0 0 1 0 0 0 0 19 19 12 27 16 14
 3.455000E+02 7 0 0 0 0 0 0 0 0 1 0 0 12 22 17 21 17 13
 3.460000E+02 12 0 0 0 0 0 0 0 0 1 0 0 20 19 18 23 15 10
 3.465000E+02 7 0 0 0 0 0 0 0 0 1 0 0 19 23 18 21 19 13
 3.470000E+02 8 0 0 1 0 0 0 0 0 0 0 0 19 18 26 21 17 12
 3.475000E+02 8 0 0 0 0 0 0 1 0 0 0 0 20 25 15 22 11 15
 3.480000E+02 12 0 0 0 0 0 0 0 0 1 0 0 19 23 13 24 15 12
 3.485000E+02 7 0 0 0 0 0 0 0 0 0 0 0 18 20 22 17 17 16
 3.490000E+02 9 0 0 0 0 0 0 0 0 0 0 0 25 15 23 16 15 23
 3.495000E+02 8 0 0 0 0 0 0 0 0 0 0 0 24 21 17 13 12 22
 3.500000E+02 9 0 0 0 0 0 0 0 0 0 0 0 19 28 18 7 16 24
 3.505000E+02 9 0 0 0 0 0 0 0 0 0 0 0 17 21 20 11 19 24
 3.510000E+02 7 0 0 0 0 0 0 0 0 0 0 0 18 15 23 15 26 13
 3.515000E+02 7 0 0 0 0 0 0 0 0 0 0 0 16 18 12 23 14 18
 3.520000E+02 4 0 0 0 0 0 0 0 0 0 0 0 25 22 19 14 13 23
 3.525000E+02 7 0 0 0 0 0 0 0 0 0 0 0 21 22 18 20 11 20
 3.530000E+02 12 0 0 0 0 0 0 0 0 0 0 0 18 17 22 13 17 21
 3.535000E+02 7 0 0 0 0 0 0 0 0 0 0 0 22 19 19 9 18 20
 3.540000E+02 3 0 0 0 0 0 0 0 0 0 0 0 19 24 15 20 17 23
 3.545000E+02 9 0 0 0 0 0 0 0 0 1 0 0 19 24 19 11 13 19
 3.550000E+02 8 0 0 0 0 0 0 1 0 0 0 0 17 21 15 16 17 18
 3.555000E+02 8 0 0 0 0 0 0 1 0 0 0 0 11 18 20 16 12 20
 3.560000E+02 6 0 0 0 0 0 0 0 0 1 0 0 18 19 22 15 14 17
 3.565000E+02 15 0 0 0 0 0 0 0 0 0 0 0 17 29 14 17 15 19
 3.570000E+02 10 0 0 0 0 0 0 0 0 0 0 0 14 20 15 11 16 25
 3.575000E+02 12 0 0 0 0 0 0 0 0 0 0 0 14 16 16 21 21 27
 3.580000E+02 18 0 0 0 0 0 0 0 0 0 0 0 16 14 17 14 19 27
 3.585000E+02 17 0 0 0 0 0 0 0 0 0 0 0 16 17 17 11 13 23
 3.590000E+02 9 0 0 0 0 0 0 0 0 0 0 0 13 16 14 24 21 15
 3.595000E+02 8 0 0 0 0 0 0 0 0 0 0 0 16 13 16 20 25 24
 3.600000E+02 8 0 0 0 0 0 0 0 0 0 0 0 18 20 12 19 17 19
 3.605000E+02 9 0 0 0 0 0 0 0 0 0 0 0 16 17 19 10 20 21
 3.610000E+02 7 0 0 0 0 0 0 0 0 0 0 0 10 18 19 21 22 19
 3.615000E+02 12 0 0 0 0 0 0 0 0 0 0 0 16 22 13 18 17 20
 3.620000E+02 6 0 0 0 0 0 0 0 0 0 0 0 16 20 21 20 12 22
 3.625000E+02 6 0 0 0 0 0 0 0 0 0 0 0 19 18 12 17 16 24
 3.630000E+02 12 0 0 0 0 0 0 0 0 0 0 0 24 21 19 22 14 9
 3.635000E+02 11 0 0 0 0 0 0 0 0 0 0 0 22 25 14 20 16 13
 3.640000E+02 7 0 0 0 0 0 0 0 0 0 0 0 17 17 23 14 13 15
 3.645000E+02 5 0 0 0 0 0 0 0 0 0 0 0 19 22 15 20 13 8
 3.650000E+02 9 0 0 0 0 0 0 0 0 0 0 0 20 18 12 17 24 13
 3.655000E+02 6 0 0 0 0 0 0 0 0 0 0 0 21 13 11 19 17 16
 3.660000E+02 9 0 0 0 0 0 0 0 0 0 0 0 22 19 14 14 17 22
 3.665000E+02 9 0 0 0 0 0 0 0 0 1 0 0 18 19 18 15 19 17
 3.670000E+02 11 0 0 0 0 0 0 0 0 0 0 0 17 20 14 30 18 17
 3.675000E+02 6 0 0 0 0 0 0 0 0 0 0 0 16 16 14 26 12 19
 3.680000E+02 6 0 0 0 0 0 0 0 0 1 0 0 15 16 16 21 10 26
 3.685000E+02 7 0 0 0 0 0 0 0 0 0 0 0 15 23 26 11 16 23
 3.690000E+02 18 0 0 0 0 0 0 0 0 0 0 0 21 20 15 19 16 20
 3.695000E+02 9 0 0 0 0 0 0 0 0 0 0 0 22 12 18 17 18 21
 3.700000E+02 9 0 0 0 0 0 0 0 0 0 0 0 16 17 21 20 16 17
 3.705000E+02 8 0 0 0 0 0 0 0 0 0 0 0 15 15 22 25 13 12
 3.710000E+02 15 0 0 0 0 0 0 0 0 0 0 0 13 17 18 20 17 13
 3.715000E+02 12 0 0 0 0 0 0 0 0 0 0 0 17 14 19 18 21 21
 3.720000E+02 7 0 0 0 0 0 0 0 0 0 0 0 20 9 23 15 27 19
 3.725000E+02 4 0 0 0 0 0 0 0 0 1 0 0 17 13 24 20 19 14
 3.730000E+02 8 0 0 0 0 0 0 0 0 0 0 0 20 16 21 13 15 14
 3.735000E+02 6 0 0 0 0 0 0 0 0 0 0 0 16 13 24 19 19 16
 3.740000E+02 2 0 0 0 0 0 0 0 0 0 0 0 24 13 22 21 19 16
 3.745000E+02 3 0 0 0 0 0 0 0 0 0 0 0 19 15 19 20 18 20
 3.750000E+02 8 0 0 0 0 0 0 0 0 0 0 0 16 18 12 18 17 11
 3.755000E+02 9 0 0 0 0 0 0 0 0 0 0 0 17 16 12 18 15 18
 3.760000E+02 9 0 0 0 0 0 0 0 0 0 0 0 24 22 22 20 14 17
 3.765000E+02 13 0 0 0 0 0 0 0 0 0 0 0 23 18 21 16 12 21
 3.770000E+02 8 0 0 0 0 0 0 0 0 0 0 0 15 19 20 13 16 26
 3.775000E+02 7 0 0 0 0 0 0 0 0 0 0 0 18 17 15 21 15 15
 3.780000E+02 7 0 0 0 0 0 0 0 0 0 0 0 17 22 14 21 16 19
 3.785000E+02 6 0 0 0 0 0 0 0 0 0 0 0 13 17 18 21 12 16
 3.790000E+02 8 0 0 0 0 0 0 0 0 1 0 0 18 13 19 19 21 19
 3.795000E+02 9 0 0 1 0 0 0 0 0 0 0 0 17 11 14 21 16 18
 3.800000E+02 6 0 0 0 0 0 0 1 0 0 0 0 16 12 18 20 20 20
 3.805000E+02 8 0 0 0 0 0 0 0 0 1 0 0 17 18 17 13 18 14
 3.810000E+02 6 0 0 0 0 0 0 0 0 1 0 0 16 15 23 19 14 16
 3.815000E+02 8 0 0 0 0 0 0 0 0 1 0 0 16 18 20 15 15 14
 3.820000E+02 11 0 0 0 0 0 0 0 0 1 0 0 20 19 10 16 17 19
 3.825000E+02 7 0 0 0 0 0 0 0 0 0 0 0 18 17 11 19 19 17
 3.830000E+02 9 0 0 0 0 0 0 0 0 1 0 0 22 15 13 16 18 16
 3.835000E+02 8 0 0 0 0 0 0 0 0 0 0 0 23 17 21 11 16 19
 3.840000E+02 8 0 0 0 0 0 0 0 0 0 0 0 23 15 25 14 14 15
 3.845000E+02 10 0 0 0 0 0 0 0 0 1 0 0 26 18 24 14 16 9
 3.850000E+02 7 0 0 0 0 0 0 0 0 1 0 0 23 12 18 12 17 10
 3.855000E+02 6 0 0 0 0 0 0 0 0 1 0 0 16 11 25 18 16 16
 3.860000E+02 9 0 0 0 0 0 0 0 0 0 0 0 15 13 16 15 23 20
 3.865000E+02 6 0 0 0 0 0 0 0 0 0 0 0 18 14 16 17 19 17
 3.870000E+02 11 0 0 0 0 0 0 0 0 0 0 0 18 12 18 14 18 20
 3.875000E+02 6 0 0 0 0 0 0 0 0 0 0 0 13 13 20 26 16 21
 3.880000E+02 7 0 0 0 0 0 0 0 0 0 0 0 19 14 17 17 13 21
 3.885000E+02 5 0 0 0 0 0 0 0 0 0 0 0 22 15 18 17 18 17
 3.890000E+02 13 0 0 0 0 0 0 0 0 1 0 0 17 16 12 26 22 14
 3.895000E+02 12 0 0 0 0 0 0 1 0 0 0 0 15 14 17 22 24 10
 3.900000E+02 10 0 0 0 0 0 0 0 0 0 0 0 18 15 17 24 20 18
 3.905000E+02 5 0 0 0 0 0 0 0 0 0 0 0 18 13 18 17 17 17
 3.910000E+02 12 0 0 0 0 0 0 0 0 0 0 0 26 8 15 20 21 14
 3.915000E+02 9 0 0 0 0 0 0 0 0 1 0 0 16 11 18 17 17 14
 3.920000E+02 7 0 0 0 0 0 0 0 0 1 0 0 16 19 14 18 18 13
 3.925000E+02 8 0 0 0 0 0 0 0 0 0 0 0 15 20 18 21 24 18
 3.930000E+02 10 0 0 0 0 0 0 0 0 0 0 0 16 22 23 17 23 17
 3.935000E+02 7 0 0 0 0 0 0 0 0 0 0 0 17 11 23 16 20 16
 3.940000E+02 13 0 0 0 0 0 0 0 0 0 0 0 20 12 20 21 17 19
 3.945000E+02 12 0 0 0 0 0 0 0 0 0 0 0 18 10 16 19 20 24
 3.950000E+02 6 0 0 0 0 0 0 0 0 0 0 0 19 15 24 15 18 17
 3.955000E+02 16 0 0 0 0 0 0 0 0 0 0 0 17 15 15 19 14 21
 3.960000E+02 7 0 0 0 0 0 0 0 0 0 0 0 20 20 19 17 20 13
 3.965000E+02 8 0 0 0 0 0 0 0 0 0 0 0 11 18 19 18 18 10
 3.970000E+02 5 0 0 0 0 0 0 0 0 0 0 0 23 19 20 17 20 12
 3.975000E+02 13 0 0 0 0 0 0 0 0 0 0 0 23 15 19 13 16 20
 3.980000E+02 6 0 0 0 0 0 0 0 0 0 0 0 21 18 25 17 20 16
 3.985000E+02 3 0 0 0 0 0 0 0 0 0 0 0 13 24 23 17 14 18
 3.990000E+02 10 0 0 0 0 0 0 0 0 2 0 0 16 24 18 14 12 23
 3.995000E+02 9 0 0 0 0 0 0 1 0 2 0 0 12 17 15 16 15 17
 4.000000E+02 7 0 0 0 0 0 0 1 0 2 0 0 15 13 22 11 19 21
 4.005000E+02 10 0 0 0 0 0 0 0 0 1 0 0 11 16 21 15 17 27
 4.010000E+02 6 0 0 0 0 0 0 0 0 1 0 0 11 14 19 16 17 28
 4.015000E+02 9 0 0 0 0 0 0 0 0 0 0 0 16 17 19 18 15 20
 4.020000E+02 12 0 0 0 0 0 0 0 0 0 0 0 13 18 16 18 12 15
 4.025000E+02 9 0 0 0 0 0 0 0 0 0 0 0 16 18 22 18 14 18
 4.030000E+02 11 0 0 0 0 0 0 0 0 0 0 0 18 16 18 17 15 20
 4.035000E+02 17 0 0 0 0 0 0 0 0 0 0 0 13 17 20 20 12 12
 4.040000E+02 10 0 0 0 0 0 0 0 0 0 0 0 13 27 18 22 18 12
 4.045000E+02 4 0 0 0 0 0 0 0 0 0 0 0 22 22 17 9 22 12
 4.050000E+02 14 0 0 0 0 0 0 0 0 0 0 0 23 15 21 15 23 15
 4.055000E+02 10 0 0 0 0 0 0 0 0 0 0 0 18 15 29 14 17 13
 4.060000E+02 9 0 0 0 0 0 0 0 0 0 0 0 18 12 17 16 19 22
 4.065000E+02 8 0 0 0 0 0 0 0 0 0 0 0 16 14 12 22 16 23
 4.070000E+02 9 0 0 0 0 0 0 0 0 0 0 0 16 15 25 19 20 25
 4.075000E+02 11 0 0 0 0 0 0 0 0 0 0 0 18 15 25 18 18 23
 4.080000E+02 6 0 0 0 0 0 0 0 0 1 0 0 18 11 16 20 15 20
 4.085000E+02 13 0 0 0 0 0 0 0 0 0 0 0 14 10 16 17 13 18
 4.090000E+02 9 0 0 0 0 0 0 0 0 0 0 0 14 16 20 12 20 19
 4.095000E+02 10 0 0 0 0 0 0 0 0 0 0 0 17 18 16 18 15 18
 4.100000E+02 8 0 0 0 0 0 0 0 0 0 0 0 19 21 11 21 17 17
 4.105000E+02 7 0 0 0 0 0 0 0 0 0 0 0 16 20 10 17 18 11
 4.110000E+02 6 0 0 0 0 0 0 0 0 0 0 0 19 18 23 14 11 14
 4.115000E+02 11 0 0 0 0 0 0 0 0 0 0 0 15 17 23 15 15 20
 4.120000E+02 4 0 0 0 0 0 0 0 0 0 0 0 9 18 20 15 21 21
 4.125000E+02 6 0 0 0 0 0 0 0 0 0 0 0 12 18 11 14 22 16
 4.130000E+02 14 0 0 0 0 0 0 0 0 0 0 0 10 14 16 13 23 18
 4.135000E+02 9 0 0 0 0 0 0 0 0 0 0 0 14 17 13 14 20 26
 4.140000E+02 2 0 0 0 0 0 0 0 0 0 0 0 11 13 11 18 18 24
 4.145000E+02 11 0 0 0 0 0 0 0 0 0 0 0 12 20 18 17 18 17
 4.150000E+02 12 0 0 0 0 0 0 0 0 0 0 0 12 16 17 22 19 14
 4.155000E+02 4 0 0 0 0 0 0 0 0 0 0 0 20 23 14 12 16 17
 4.160000E+02 7 0 0 0 0 0 0 0 0 0 0 0 24 18 19 13 15 13
 4.165000E+02 13 0 0 0 0 0 0 0 0 0 0 0 15 17 17 12 23 23
 4.170000E+02 6 0 0 0 0 0 0 0 0 0 0 0 20 12 16 12 18 18
 4.175000E+02 7 0 0 1 0 0 0 0 0 1 0 0 23 15 21 13 16 8
 4.180000E+02 5 0 0 0 0 1 0 0 0 0 0 0 17 17 18 14 16 17
 4.185000E+02 8 0 0 0 0 0 0 0 0 0 0 0 22 25 16 15 20 14
 4.190000E+02 8 0 0 0 0 0 0 0 0 1 0 0 16 20 16 18 13 15
 4.195000E+02 5 0 0 0 0 0 0 0 0 1 0 0 12 16 26 17 12 14
 4.200000E+02 13 0 0 0 0 0 0 0 0 0 0 0 18 14 20 21 14 14
 4.205000E+02 8 0 0 0 0 0 0 0 0 0 0 0 22 22 21 15 14 6
 4.210000E+02 9 0 0 0 0 0 0 0 0 0 0 0 13 18 16 24 12 16
 4.215000E+02 10 0 0 0 0 0 0 0 0 0 0 0 16 13 12 22 9 23
 4.220000E+02 9 0 0 0 0 0 0 0 0 0 0 0 16 17 12 21 15 17
 4.225000E+02 7 0 0 0 0 0 0 0 0 0 0 0 18 16 14 22 18 14
 4.230000E+02 4 0 0 0 0 0 0 0 0 0 0 0 23 17 15 26 14 13
 4.235000E+02 5 0 0 0 0 0 0 0 0 0 0 0 25 11 16 24 10 12
 4.240000E+02 4 0 0 0 0 0 0 0 0 0 0 0 29 14 14 21 12 13
 4.245000E+02 13 0 0 0 0 0 0 0 0 0 0 0 29 13 14 20 13 13
 4.250000E+02 7 0 0 0 0 0 0 0 0 0 0 0 28 19 19 13 11 15
 4.255000E+02 8 0 0 0 0 0 0 0 0 0 0 0 24 13 15 17 15 18
 4.260000E+02 6 0 0 0 0 0 0 0 0 0 0 0 18 11 11 17 18 17
 4.265000E+02 14 0 0 0 0 0 0 0 0 0 0 0 16 18 16 21 20 16
 4.270000E+02 10 0 0 0 0 0 0 0 0 0 0 0 14 21 15 13 14 18
 4.275000E+02 9 0 0 0 0 0 0 0 0 0 0 0 10 19 20 15 14 19
 4.280000E+02 6 0 0 0 0 0 0 0 0 0 0 0 13 26 17 14 18 9
 4.285000E+02 7 0 0 0 0 0 0 0 0 0 0 0 18 18 14 13 20 14
 4.290000E+02 4 0 0 0 0 0 0 0 0 0 0 0 25 19 13 16 23 14
 4.295000E+02 13 0 0 0 0 0 0 0 0 0 0 0 18 19 19 11 17 13
 4.300000E+02 10 0 0 0 0 0 0 0 0 1 0 0 16 17 15 16 18 12
 4.305000E+02 15 0 0 0 0 0 0 0 0 1 0 0 17 12 13 14 18 18
 4.310000E+02 10 0 0 0 0 0 0 0 0 1 0 0 27 18 15 11 16 17
 4.315000E+02 9 0 0 0 0 0 0 0 0 1 0 0 17 17 22 13 11 11
 4.320000E+02 14 0 0 0 0 0 0 0 0 0 0 0 14 18 19 15 17 11
 4.325000E+02 9 0 0 0 0 0 0 0 0 0 0 0 18 12 16 19 15 18
 4.330000E+02 8 0 0 0 0 0 0 0 0 0 0 0 19 10 20 15 16 21
 4.335000E+02 4 0 0 0 0 0 0 0 0 0 0 0 17 15 12 17 17 22
 4.340000E+02 8 0 0 0 0 0 0 0 0 0 0 0 16 12 15 20 14 19
 4.345000E+02 7 0 0 0 0 0 0 0 0 1 0 0 17 17 15 19 10 24
 4.350000E+02 12 0 0 0 0 1 0 0 0 0 0 0 13 14 23 9 14 16
 4.355000E+02 6 0 0 0 0 0 0 0 0 0 0 0 7 16 22 13 20 20
 4.360000E+02 6 0 0 0 0 0 0 0 0 0 0 0 15 15 22 14 14 14
 4.365000E+02 11 0 0 0 0 0 0 0 0 0 0 0 14 18 23 15 13 16
 4.370000E+02 9 0 0 0 0 0 0 0 0 0 0 0 15 20 14 17 17 14
 4.375000E+02 9 0 0 0 0 0 0 0 0 0 0 0 16 24 16 19 19 8
 4.380000E+02 8 0 0 0 0 0 0 0 0 0 0 0 16 23 17 17 19 13
 4.385000E+02 12 0 0 0 0 0 0 0 0 0 0 0 22 16 15 15 16 19
 4.390000E+02 10 0 0 0 0 0 0 0 0 0 0 0 15 16 20 20 8 16
 4.395000E+02 7 0 0 0 0 0 0 0 0 0 0 0 10 16 22 15 15 12
 4.400000E+02 10 0 0 0 0 0 0 0 0 0 0 0 12 17 26 13 16 16
 4.405000E+02 9 0 0 0 0 0 0 0 0 0 0 0 17 10 22 17 12 15
 4.410000E+02 5 0 0 0 0 0 0 0 0 0 0 0 16 18 27 16 14 19
 4.415000E+02 12 0 0 0 0 0 0 0 0 1 0 0 12 18 22 24 14 17
 4.420000E+02 8 0 0 0 0 0 0 0 0 0 0 0 15 13 24 22 14 18
 4.425000E+02 6 0 0 0 0 0 0 0 0 0 0 0 9 14 22 21 18 19
 4.430000E+02 7 0 0 0 0 0 0 0 0 1 0 0 22 12 13 13 18 15
 4.435000E+02 5 0 0 0 0 0 0 0 0 1 0 0 20 17 15 17 22 18
 4.440000E+02 7 0 0 0 0 0 0 0 0 2 0 0 17 17 13 16 22 14
 4.445000E+02 9 0 0 0 0 0 0 0 0 1 0 0 20 10 15 19 13 18
 4.450000E+02 10 0 0 0 0 0 0 0 0 0 0 0 16 13 11 25 16 18
 4.455000E+02 13 0 0 0 0 0 0 0 0 0 0 0 20 17 14 14 23 19
 4.460000E+02 8 0 0 0 0 0 0 0 0 0 0 0 17 20 19 20 23 15
 4.465000E+02 10 0 0 0 0 0 0 0 0 0 0 0 20 16 13 20 14 18
 4.470000E+02 11 0 0 0 0 0 0 0 0 0 0 0 21 16 16 16 14 18
 4.475000E+02 10 0 0 0 0 0 0 0 0 0 0 0 18 12 19 21 21 10
 4.480000E+02 7 0 0 0 0 0 0 0 0 0 0 0 16 18 19 14 20 14
 4.485000E+02 13 0 0 0 0 0 0 0 0 0 0 0 18 16 15 23 16 11
 4.490000E+02 13 0 0 0 0 0 0 0 0 0 0 0 14 14 18 15 16 21
 4.495000E+02 10 0 0 0 0 0 0 0 0 0 0 0 17 18 17 10 21 13
 4.500000E+02 8 0 0 0 0 0 0 0 0 0 0 0 14 19 17 20 25 11
 4.505000E+02 8 0 0 0 0 0 0 0 0 0 0 0 18 15 18 16 18 18
 4.510000E+02 15 0 0 0 0 0 0 0 0 0 0 0 24 9 24 10 18 23
 4.515000E+02 8 0 0 0 0 0 0 0 0 0 0 0 23 11 17 17 22 25
 4.520000E+02 10 0 0 0 0 0 0 0 0 0 0 0 19 11 15 11 26 22
 4.525000E+02 11 0 0 0 0 0 0 0 0 0 0 0 15 17 12 12 20 17
 4.530000E+02 5 0 0 0 0 0 0 0 0 1 0 0 18 15 17 14 24 13
 4.535000E+02 4 0 0 0 0 0 0 0 0 0 0 0 17 13 14 11 19 15
 4.540000E+02 8 0 0 0 0 0 0 0 0 0 0 0 20 13 15 11 26 12
 4.545000E+02 14 0 0 0 0 0 0 0 0 0 0 0 15 16 12 10 18 19
 4.550000E+02 7 0 0 0 0 0 0 0 0 0 0 0 10 25 14 19 13 13
 4.555000E+02 6 0 0 0 0 0 0 0 0 0 0 0 20 21 17 21 15 19
 4.560000E+02 8 0 0 0 0 0 0 0 0 0 0 0 18 16 15 21 16 14
 4.565000E+02 12 0 0 0 0 0 0 0 0 0 0 0 13 14 18 16 13 19
 4.570000E+02 9 0 0 0 0 0 0 0 0 0 0 0 12 17 12 13 15 22
 4.575000E+02 11 0 0 0 0 0 0 0 0 0 0 0 18 20 13 16 16 25
 4.580000E+02 8 0 0 0 0 0 0 0 0 0 0 0 10 17 17 20 16 13
 4.585000E+02 11 0 0 0 0 0 0 0 0 0 0 0 16 19 21 17 13 14
 4.590000E+02 10 0 0 0 0 0 0 0 0 0 0 0 14 18 17 15 14 20
 4.595000E+02 6 0 0 0 0 0 0 0 0 0 0 0 19 21 19 15 15 17
 4.600000E+02 10 0 0 0 0 0 0 0 0 0 0 0 19 23 14 10 15 15
 4.605000E+02 10 0 0 0 0 0 0 0 0 0 0 0 18 24 12 13 15 20
 4.610000E+02 8 0 0 0 0 0 0 0 0 0 0 0 22 27 13 14 12 19
 4.615000E+02 11 0 0 0 0 0 0 0 0 0 0 0 13 20 11 18 17 19
 4.620000E+02 7 0 0 0 0 0 0 0 0 0 0 0 10 17 11 21 18 23
 4.625000E+02 10 0 0 0 0 0 0 0 0 0 0 0 14 16 14 24 15 25
 4.630000E+02 7 0 0 0 0 0 0 0 0 0 0 0 20 20 14 15 18 15
 4.635000E+02 6 0 0 0 0 0 0 0 0 0 0 0 21 19 16 16 14 18
 4.640000E+02 3 0 0 0 0 0 0 0 0 0 0 0 19 17 16 16 15 20
 4.645000E+02 8 0 0 0 0 0 0 0 0 0 0 0 14 18 20 22 18 32
 4.650000E+02 5 0 0 0 0 0 0 0 0 0 0 0 6 18 15 15 15 26
 4.655000E+02 11 0 0 0 0 0 0 0 0 0 0 0 15 22 16 13 17 24
 4.660000E+02 9 0 0 0 0 0 0 0 0 0 0 0 19 17 17 13 13 19
 4.665000E+02 9 0 0 0 0 0 0 0 0 0 0 0 15 15 18 15 21 17
 4.670000E+02 10 0 0 0 0 0 0 0 0 0 0 0 17 10 27 16 21 15
 4.675000E+02 8 0 0 0 0 0 0 0 0 0 0 0 18 18 17 16 19 18
 4.680000E+02 12 0 0 0 0 0 0 0 0 0 0 0 19 14 14 19 19 16
 4.685000E+02 8 0 0 0 0 0 0 0 0 0 0 0 17 17 9 17 17 22
 4.690000E+02 9 0 0 0 0 0 0 0 0 0 0 0 18 19 15 14 14 13
 4.695000E+02 13 0 0 0 0 0 0 0 0 0 0 0 14 20 16 17 17 16
 4.700000E+02 13 0 0 0 0 0 0 0 0 0 0 0 15 17 23 16 21 8
 4.705000E+02 5 0 0 0 0 0 0 0 0 0 0 0 15 14 30 15 19 10
 4.710000E+02 7 0 0 0 0 0 0 0 0 0 0 0 21 16 26 12 24 16
 4.715000E+02 14 0 0 0 0 0 0 0 0 1 0 0 13 19 18 14 15 22
 4.720000E+02 10 0 0 0 0 0 0 0 0 1 0 0 10 23 20 15 11 21
 4.725000E+02 9 0 0 0 0 0 0 0 0 0 0 0 13 20 23 7 15 21
 4.730000E+02 8 0 0 0 0 0 0 0 0 0 0 0 12 17 20 15 19 19
 4.735000E+02 13 0 0 0 0 0 0 0 0 0 0 0 18 17 17 14 21 12
 4.740000E+02 10 0 0 0 0 0 0 0 0 0 0 0 19 16 10 14 24 23
 4.745000E+02 6 0 0 0 0 0 0 0 0 0 0 0 18 16 15 24 17 21
 4.750000E+02 8 0 0 0 0 0 0 0 0 0 0 0 18 14 17 21 17 22
 4.755000E+02 12 0 0 0 0 0 0 0 0 0 0 0 18 12 13 14 20 15
 4.760000E+02 7 0 0 0 0 0 0 0 0 0 0 0 17 18 14 18 22 20
 4.765000E+02 8 0 0 0 0 0 0 0 0 0 0 0 16 18 15 19 24 19
 4.770000E+02 12 0 0 0 0 0 0 0 0 0 0 0 12 25 13 17 25 21
 4.775000E+02 8 0 0 0 0 0 0 0 0 1 0 0 15 22 20 13 16 19
 4.780000E+02 10 0 0 0 0 0 0 0 0 0 0 0 19 17 22 18 15 18
 4.785000E+02 7 0 0 0 0 0 0 0 0 0 0 0 21 21 24 14 16 20
 4.790000E+02 14 0 0 0 0 0 0 0 0 0 0 0 18 13 15 18 19 19
 4.795000E+02 10 0 0 0 0 0 0 0 0 0 0 0 20 18 13 16 22 23
 4.800000E+02 7 0 0 0 0 0 0 1 0 0 0 0 19 22 13 16 15 16
 4.805000E+02 12 0 0 0 0 0 0 0 0 0 0 0 15 18 15 13 14 14
 4.810000E+02 10 0 0 0 0 0 0 0 0 1 0 0 13 18 17 11 20 17
 4.815000E+02 10 0 0 0 0 0 0 0 0 0 0 0 15 18 16 20 22 16
 4.820000E+02 13 0 0 0 0 0 0 0 0 0 0 0 15 22 17 20 9 15
 4.825000E+02 10 0 0 0 0 0 0 0 0 0 0 0 14 23 15 19 19 16
 4.830000E+02 8 0 0 0 0 0 0 0 0 1 0 0 14 22 13 13 20 18
 4.835000E+02 7 0 0 0 0 0 0 0 0 0 0 0 11 19 16 16 20 15
 4.840000E+02 4 0 0 0 0 0 0 0 0 0 0 0 16 24 16 15 14 22
 4.845000E+02 9 0 0 0 0 0 0 0 0 0 0 0 21 19 26 13 17 14
 4.850000E+02 7 0 0 0 0 0 0 0 0 0 0 0 24 10 20 16 23 15
 4.855000E+02 12 0 0 0 0 0 0 0 0 0 0 0 15 16 12 18 18 17
 4.860000E+02 8 0 0 0 0 0 0 0 0 0 0 0 18 20 16 26 14 17
 4.865000E+02 17 0 0 0 0 0 0 0 0 0 0 0 20 17 13 25 13 16
 4.870000E+02 10 0 0 0 0 0 0 0 0 1 0 0 17 23 9 16 15 15
 4.875000E+02 2 0 0 0 0 0 0 0 0 0 0 0 17 19 7 21 19 13
 4.880000E+02 8 0 0 0 0 0 0 0 0 0 0 0 17 14 17 20 15 15
 4.885000E+02 11 0 0 0 0 0 0 0 0 0 0 0 13 18 10 25 14 20
 4.890000E+02 7 0 0 0 0 0 0 1 0 0 0 0 13 19 14 25 12 19
 4.895000E+02 5 0 0 0 0 0 0 0 0 1 0 0 17 17 16 16 16 18
 4.900000E+02 7 0 0 0 0 0 0 0 0 1 0 0 13 10 17 18 15 19
 4.905000E+02 8 0 0 0 0 0 0 0 0 2 0 0 13 19 14 14 13 16
 4.910000E+02 14 0 0 1 0 0 0 0 0 1 0 0 12 16 23 9 28 22
 4.915000E+02 10 0 0 0 0 0 0 0 0 1 0 0 13 15 19 17 24 14
 4.920000E+02 7 0 0 0 0 0 0 0 0 1 0 0 8 19 18 18 25 12
 4.925000E+02 13 0 0 0 0 0 0 0 0 1 0 0 10 14 22 26 22 16
 4.930000E+02 7 0 0 0 0 0 0 0 0 0 0 0 13 14 20 24 14 17
 4.935000E+02 8 0 0 0 0 0 0 0 0 0 0 0 16 14 21 19 14 19
 4.940000E+02 8 0 0 0 0 0 0 0 0 0 0 0 14 18 20 15 16 17
 4.945000E+02 5 0 0 0 0 0 0 0 0 0 0 0 19 16 21 19 14 17
 4.950000E+02 6 0 0 0 0 0 0 0 0 0 0 0 17 13 20 17 12 17
 4.955000E+02 4 0 0 0 0 0 0 0 0 0 0 0 13 19 17 14 14 16
 4.960000E+02 13 0 0 0 0 0 0 0 0 0 0 0 14 18 24 19 15 18
 4.965000E+02 10 0 0 0 0 0 0 0 0 0 0 0 17 17 15 21 14 15
 4.970000E+02 10 0 0 0 0 0 0 0 0 0 0 0 21 14 16 18 14 19
 4.975000E+02 9 0 0 0 0 0 0 0 0 0 0 0 20 18 13 12 14 17
 4.980000E+02 7 0 0 0 0 0 0 0 0 0 0 0 19 16 17 18 21 23
 4.985000E+02 8 0 0 0 0 0 0 0 0 0 0 0 22 17 21 22 13 12
 4.990000E+02 12 0 0 0 0 0 0 0 0 0 0 0 17 19 15 15 15 17
 4.995000E+02 8 0 0 0 0 0 0 0 0 0 0 0 19 19 14 23 25 14
 5.000000E+02 9 0 0 0 0 0 0 0 0 0 0 0 22 17 14 17 16 17
 5.005000E+02 10 0 0 0 0 0 0 0 0 0 0 0 22 14 10 21 22 22
 5.010000E+02 5 0 0 0 0 0 0 0 0 0 0 0 22 12 18 20 18 19
 5.015000E+02 7 0 0 0 0 0 0 0 0 0 0 0 19 13 15 14 19 23
 5.020000E+02 5 0 0 0 0 0 0 0 0 0 0 0 17 15 14 17 18 15
 5.025000E+02 4 0 0 0 0 0 0 0 0 0 0 0 16 13 16 16 21 20
 5.030000E+02 7 0 0 0 0 0 0 0 0 0 0 0 21 20 11 21 20 16
 5.035000E+02 13 0 0 0 0 0 0 0 0 0 0 0 19 18 12 18 25 17
 5.040000E+02 9 0 0 0 0 0 0 0 0 0 0 0 21 17 11 28 19 8
 5.045000E+02 9 0 0 0 0 0 0 0 0 1 0 0 13 17 12 27 21 11
 5.050000E+02 12 0 0 0 0 0 0 0 0 0 0 0 20 15 15 28 15 15
 5.055000E+02 12 0 0 0 0 0 0 0 0 0 0 0 19 16 16 21 20 13
 5.060000E+02 7 0 0 0 0 0 0 0 0 0 0 0 20 16 13 18 24 13
 5.065000E+02 7 0 0 0 0 1 0 0 0 0 0 0 21 12 11 25 22 12
 5.070000E+02 6 0 0 0 0 0 0 1 0 0 0 0 22 13 13 21 25 18
 5.075000E+02 14 0 0 0 0 0 0 1 0 0 0 0 24 17 12 20 22 21
 5.080000E+02 6 0 0 0 0 0 0 0 0 1 0 0 19 14 15 17 14 18
 5.085000E+02 9 0 0 0 0 0 0 0 0 0 0 0 23 11 16 14 14 26
 5.090000E+02 13 0 0 0 0 0 0 0 0 1 0 0 24 18 21 15 12 15
 5.095000E+02 9 0 0 0 0 0 0 1 0 0 0 0 23 21 15 21 13 18
 5.100000E+02 9 0 0 1 0 0 0 0 0 0 0 0 20 18 18 18 15 18
 5.105000E+02 13 0 0 0 0 0 0 0 0 1 0 0 18 14 29 17 17 14
 5.110000E+02 8 0 0 0 0 0 0 0 0 0 0 0 11 18 23 12 16 18
 5.115000E+02 7 0 0 0 0 0 0 0 0 0 0 0 15 27 24 12 21 19
 5.120000E+02 10 0 0 0 0 0 0 0 0 0 0 0 16 16 20 16 20 18
 5.125000E+02 8 0 0 0 0 0 0 0 0 1 0 0 18 15 11 15 20 19
 5.130000E+02 10 0 0 0 0 0 0 0 0 2 0 0 17 13 16 17 24 17
 5.135000E+02 5 0 0 1 0 0 0 0 0 0 0 0 13 17 21 16 23 20
 5.140000E+02 7 0 0 1 0 0 0 0 0 1 0 0 14 23 22 11 12 22
 5.145000E+02 10 0 0 0 0 0 0 0 0 1 0 0 15 21 16 10 14 24
 5.150000E+02 12 0 0 1 0 0 0 0 0 0 0 0 16 20 15 17 14 16
 5.155000E+02 6 0 0 0 0 0 0 0 0 0 0 0 14 19 14 15 22 17
 5.160000E+02 11 0 0 0 0 0 0 0 0 0 0 0 17 15 13 16 20 18
 5.165000E+02 6 0 0 0 0 0 0 0 0 0 0 0 16 13 15 21 19 22
 5.170000E+02 6 0 0 0 0 0 0 0 0 0 0 0 20 13 14 21 18 17
 5.175000E+02 6 0 0 0 0 0 0 0 0 0 0 0 14 18 20 17 17 15
 5.180000E+02 12 0 0 0 0 0 0 0 0 0 0 0 14 17 19 17 23 16
 5.185000E+02 4 0 0 0 0 0 0 0 0 0 0 0 11 18 20 16 20 16
 5.190000E+02 7 0 0 0 0 0 0 0 0 0 0 0 13 14 20 17 20 22
 5.195000E+02 14 0 0 0 0 0 0 0 0 0 0 0 13 16 14 19 18 15
 5.200000E+02 7 0 0 0 0 0 0 0 0 0 0 0 16 20 15 22 11 17
 5.205000E+02 12 0 0 0 0 0 0 0 0 0 0 0 18 24 14 15 16 15
 5.210000E+02 10 0 0 0 0 0 0 0 0 0 0 0 19 17 13 19 14 17
 5.215000E+02 4 0 0 0 0 0 0 0 0 0 0 0 20 12 19 20 13 18
 5.220000E+02 6 0 0 0 0 0 0 0 0 0 0 0 18 22 14 18 16 26
 5.225000E+02 6 0 0 0 0 0 0 0 0 0 0 0 18 12 20 22 16 21
 5.230000E+02 8 0 0 0 0 0 0 0 0 0 0 0 18 21 20 17 18 15
 5.235000E+02 6 0 0 0 0 0 0 0 0 0 0 0 12 25 17 22 18 13
 5.240000E+02 14 0 0 0 0 0 0 0 0 0 0 0 14 22 21 19 22 13
 5.245000E+02 8 0 0 0 0 0 0 0 0 0 0 0 12 17 18 16 26 12
 5.250000E+02 12 0 0 0 0 0 0 0 0 0 0 0 18 17 18 20 21 15
 5.255000E+02 7 0 0 0 0 0 0 0 0 0 0 0 23 13 13 22 19 14
 5.260000E+02 6 0 0 0 0 0 0 0 0 0 0 0 14 13 20 22 18 19
 5.265000E+02 11 0 0 0 0 0 0 0 0 0 0 0 10 17 16 12 19 26
 5.270000E+02 5 0 0 0 0 0 0 0 0 0 0 0 9 16 21 20 20 25
 5.275000E+02 14 0 0 0 0 0 0 0 0 0 0 0 13 16 14 17 23 18
 5.280000E+02 9 0 0 0 0 0 0 0 0 0 0 0 20 14 15 19 19 18
 5.285000E+02 5 0 0 0 0 0 0 0 0 0 0 0 19 22 12 21 16 19
 5.290000E+02 12 0 0 0 0 0 0 0 0 0 0 0 16 19 20 23 11 13
 5.295000E+02 6 0 0 0 0 0 0 0 0 0 0 0 21 21 21 22 14 14
 5.300000E+02 5 0 0 0 0 0 0 0 0 0 0 0 15 23 19 17 10 16
 5.305000E+02 13 0 0 0 0 0 0 0 0 0 0 0 23 20 17 22 14 25
 5.310000E+02 5 0 0 0 0 0 0 0 0 0 0 0 19 18 16 18 13 17
 5.315000E+02 13 0 0 0 0 0 0 0 0 0 0 0 20 25 19 19 12 15
 5.320000E+02 11 0 0 0 0 0 0 0 0 0 0 0 20 21 13 19 16 12
 5.325000E+02 9 0 0 0 0 0 0 1 0 0 0 0 21 14 20 16 17 14
 5.330000E+02 6 0 0 0 0 0 0 0 0 0 0 0 17 18 18 20 22 14
 5.335000E+02 8 0 0 0 0 0 0 0 0 0 0 0 20 21 19 21 16 18
 5.340000E+02 10 0 0 0 0 0 0 0 0 0 0 0 20 20 17 17 17 12
 5.345000E+02 11 0 0 0 0 0 0 0 0 0 0 0 26 16 16 20 18 18
 5.350000E+02 9 0 0 0 0 0 0 0 0 0 0 0 20 11 15 20 17 17
 5.355000E+02 13 0 0 0 0 0 0 0 0 0 0 0 14 15 14 16 16 26
 5.360000E+02 10 0 0 0 0 0 0 0 0 0 0 0 16 16 11 22 19 23
 5.365000E+02 11 0 0 0 0 0 0 0 0 0 0 0 19 19 15 27 16 15
 5.370000E+02 10 0 0 0 0 0 0 0 0 0 0 0 15 14 16 18 16 22
 5.375000E+02 13 0 0 0 0 0 0 0 0 0 0 0 19 12 19 15 15 20
 5.380000E+02 19 0 0 0 0 0 0 0 0 0 0 0 19 13 22 19 15 17
 5.385000E+02 9 0 0 0 0 0 0 0 0 0 0 0 21 13 23 16 13 18
 5.390000E+02 8 0 0 0 0 0 0 0 0 0 0 0 17 14 25 16 12 12
 5.395000E+02 13 0 0 0 0 0 0 0 0 0 0 0 21 16 27 15 10 15
 5.400000E+02 8 0 0 0 0 0 0 0 0 0 0 0 14 20 18 17 20 18
 5.405000E+02 12 0 0 0 0 0 0 0 0 0 0 0 14 17 16 15 13 20
 5.410000E+02 10 0 0 0 0 0 0 0 0 0 0 0 16 14 25 21 14 14
 5.415000E+02 9 0 0 0 0 0 0 0 0 0 0 0 13 18 19 15 14 18
 5.420000E+02 10 0 0 0 0 0 0 0 0 0 0 0 19 20 23 20 9 18
 5.425000E+02 6 0 0 0 0 0 0 0 0 1 0 0 20 24 18 20 8 19
 5.430000E+02 15 0 0 0 0 0 0 1 0 0 0 0 18 17 13 20 18 15
 5.435000E+02 9 0 0 0 0 0 0 0 0 0 0 0 18 19 17 18 18 14
 5.440000E+02 7 0 0 0 0 0 0 0 0 0 0 0 19 16 16 19 21 20
 5.445000E+02 8 0 0 0 0 0 0 0 0 0 0 0 21 27 17 11 17 14
 5.450000E+02 5 0 0 0 0 0 0 0 0 0 0 0 22 25 23 10 10 13
 5.455000E+02 7 0 0 0 0 0 0 0 0 0 0 0 27 14 17 13 11 11
 5.460000E+02 10 0 0 0 0 0 0 0 0 0 0 0 22 14 18 15 17 9
 5.465000E+02 7 0 0 0 0 0 0 0 0 0 0 0 22 20 19 15 22 8
 5.470000E+02 8 0 0 0 0 0 0 0 0 0 0 0 25 21 18 14 18 10
 5.475000E+02 12 0 0 0 0 0 0 0 0 0 0 0 20 22 12 12 18 16
 5.480000E+02 14 0 0 0 0 0 0 0 0 0 0 0 17 14 12 14 15 20
 5.485000E+02 10 0 0 0 0 0 0 0 0 0 0 0 15 14 11 15 16 22
 5.490000E+02 8 0 0 0 0 0 0 0 0 0 0 0 18 16 17 17 16 23
 5.495000E+02 5 0 0 0 0 0 0 0 0 0 0 0 16 17 13 15 17 16
 5.500000E+02 6 0 0 0 0 0 0 0 0 0 0 0 16 20 14 13 18 21
 5.505000E+02 11 0 0 0 0 0 0 0 0 0 0 0 18 25 13 13 14 24
 5.510000E+02 4 0 0 0 0 0 0 0 0 0 0 0 12 22 17 17 16 19
 5.515000E+02 12 0 0 0 0 0 0 0 0 0 0 0 18 17 16 18 14 21
 5.520000E+02 13 0 0 0 0 0 0 0 0 0 0 0 19 14 24 12 18 20
 5.525000E+02 6 0 0 0 0 0 0 0 0 0 0 0 16 16 24 14 26 15
 5.530000E+02 9 0 0 0 0 0 0 1 0 0 0 0 17 13 24 14 22 14
 5.535000E+02 12 0 0 0 0 0 0 0 0 1 0 0 19 15 23 16 20 15
 5.540000E+02 20 0 0 0 0 0 0 0 0 1 0 0 16 14 14 15 24 22
 5.545000E+02 10 0 0 0 0 0 0 1 0 0 0 0 11 15 14 17 19 15
 5.550000E+02 14 0 0 0 0 0 0 0 0 1 0 0 13 18 9 23 20 17
 5.555000E+02 11 0 0 0 0 0 0 0 0 1 0 0 18 13 11 23 15 17
 5.560000E+02 9 0 0 0 0 0 0 0 0 0 0 0 19 20 11 20 15 15
 5.565000E+02 8 0 0 0 0 0 0 0 0 0 0 0 18 11 19 20 13 19
 5.570000E+02 9 0 0 0 0 0 0 0 0 0 0 0 21 19 15 30 12 14
 5.575000E+02 18 0 0 0 0 0 0 0 0 0 0 0 17 17 15 24 16 16
 5.580000E+02 7 0 0 0 0 0 0 0 0 0 0 0 20 17 20 23 12 15
 5.585000E+02 6 0 0 0 0 0 0 0 0 0 0 0 17 20 24 14 19 15
 5.590000E+02 8 0 0 0 0 0 0 0 0 0 0 0 20 16 24 13 15 12
 5.595000E+02 8 0 0 0 0 0 0 0 0 0 0 0 18 20 17 22 9 7
 5.600000E+02 7 0 0 0 0 0 0 0 0 0 0 0 18 16 25 18 14 15
 5.605000E+02 12 0 0 0 0 0 0 0 0 0 0 0 15 18 20 13 17 15
 5.610000E+02 5 0 0 0 0 0 0 0 0 0 0 0 15 14 24 18 16 19
 5.615000E+02 6 0 0 0 0 0 0 0 0 0 0 0 17 15 18 13 19 24
 5.620000E+02 14 0 0 0 0 0 0 0 0 0 0 0 13 17 27 10 18 15
 5.625000E+02 13 0 0 0 0 0 0 0 0 0 0 0 20 16 30 16 17 13
 5.630000E+02 9 0 0 0 0 0 0 0 0 0 0 0 20 19 20 21 10 18
 5.635000E+02 9 0 0 0 0 0 0 0 0 0 0 0 23 15 20 20 14 19
 5.640000E+02 13 0 0 0 0 0 0 0 0 0 0 0 12 22 17 15 19 12
 5.645000E+02 12 0 0 0 0 0 0 0 0 0 0 0 13 20 16 11 21 11
 5.650000E+02 17 0 0 0 0 0 0 0 0 0 0 0 18 14 18 15 14 12
 5.655000E+02 11 0 0 0 0 0 0 0 0 0 0 0 13 14 21 14 14 9
 5.660000E+02 6 0 0 0 0 0 0 0 0 0 0 0 15 19 21 11 19 19
 5.665000E+02 12 0 0 0 0 0 0 0 0 0 0 0 15 22 16 14 15 22
 5.670000E+02 5 0 0 0 0 0 0 0 0 0 0 0 9 23 17 20 21 19
 5.675000E+02 6 0 0 0 0 1 0 0 0 0 0 0 11 21 20 14 16 19
 5.680000E+02 4 0 0 1 0 0 0 0 0 0 0 0 8 16 14 21 19 24
 5.685000E+02 7 0 0 0 0 0 0 0 0 1 0 0 10 21 16 23 15 17
 5.690000E+02 16 0 0 1 0 0 0 0 0 0 0 0 10 17 18 19 22 22
 5.695000E+02 9 0 0 0 0 0 0 0 0 0 0 0 21 16 21 24 16 14
 5.700000E+02 6 0 0 0 0 0 0 0 0 0 0 0 13 20 16 16 16 15
 5.705000E+02 10 0 0 0 0 0 0 0 0 0 0 0 12 21 21 20 18 8
 5.710000E+02 8 0 0 0 0 0 0 0 0 0 0 0 16 20 16 13 18 13
 5.715000E+02 8 0 0 0 0 0 0 0 0 0 0 0 17 18 14 12 18 17
 5.720000E+02 3 0 0 0 0 0 0 0 0 0 0 0 13 20 18 18 25 13
 5.725000E+02 9 0 0 0 0 0 0 0 0 0 0 0 17 22 18 16 19 16
 5.730000E+02 13 0 0 0 0 0 0 0 0 0 0 0 12 20 24 17 19 19
 5.735000E+02 7 0 0 0 0 0 0 0 0 0 0 0 6 14 24 16 19 19
 5.740000E+02 11 0 0 0 0 0 0 0 0 0 0 0 15 11 16 19 22 17
 5.745000E+02 6 0 0 0 0 0 0 0 0 0 0 0 19 6 20 20 16 16
 5.750000E+02 11 0 0 0 0 0 0 0 0 0 0 0 18 12 19 17 20 17
 5.755000E+02 11 0 0 0 0 0 0 0 0 0 0 0 17 12 22 16 21 13
 5.760000E+02 11 0 0 0 0 0 0 0 0 0 0 0 20 12 21 20 25 15
 5.765000E+02 7 0 0 0 0 0 0 0 0 0 0 0 20 13 13 20 21 18
 5.770000E+02 7 0 0 0 0 0 0 0 0 1 0 0 19 9 17 24 19 16
 5.775000E+02 8 0 0 0 0 0 0 0 0 0 0 0 29 14 15 19 16 16
 5.780000E+02 9 0 0 0 0 0 0 0 0 0 0 0 16 18 16 21 15 15
 5.785000E+02 8 0 0 0 0 0 0 0 0 0 0 0 15 18 21 24 9 19
 5.790000E+02 14 0 0 0 0 0 0 0 0 0 0 0 16 22 16 25 18 16
 5.795000E+02 6 0 0 0 0 0 0 0 0 0 0 0 19 18 12 20 19 24
 5.800000E+02 7 0 0 0 0 0 0 0 0 0 0 0 24 14 11 15 19 21
 5.805000E+02 10 0 0 0 0 0 0 0 0 0 0 0 30 10 19 12 18 17
 5.810000E+02 14 0 0 0 0 0 0 0 0 0 0 0 27 10 21 17 17 19
 5.815000E+02 4 0 0 0 0 0 0 1 0 0 0 0 13 15 15 17 21 17
 5.820000E+02 10 0 0 1 0 0 0 0 0 0 0 0 17 14 27 20 18 15
 5.825000E+02 11 0 0 0 0 0 0 0 0 1 0 0 20 17 16 19 18 16
 5.830000E+02 19 0 0 0 0 0 0 0 0 1 0 0 19 12 13 12 26 18
 5.835000E+02 7 0 0 0 0 0 0 0 0 0 0 0 19 18 10 16 20 20
 5.840000E+02 15 0 0 0 0 0 0 0 0 0 0 0 31 16 8 17 14 17
 5.845000E+02 9 0 0 0 0 0 0 0 0 1 0 0 26 18 11 18 14 17
 5.850000E+02 7 0 0 0 0 0 0 0 0 1 0 0 22 16 15 19 19 21
 5.855000E+02 8 0 0 0 0 0 0 0 0 0 0 0 17 21 17 18 20 17
 5.860000E+02 8 0 0 0 0 0 0 0 0 0 0 0 13 20 21 16 22 22
 5.865000E+02 12 0 0 0 0 0 0 0 0 0 0 0 14 16 19 15 23 19
 5.870000E+02 7 0 0 0 0 0 0 0 0 0 0 0 17 21 19 15 12 14
 5.875000E+02 9 0 0 0 0 0 0 0 0 0 0 0 19 14 19 15 8 20
 5.880000E+02 7 0 0 0 0 0 0 0 0 0 0 0 19 10 15 21 16 21
 5.885000E+02 9 0 0 0 0 0 0 0 0 0 0 0 22 15 11 19 23 19
 5.890000E+02 6 0 0 0 0 0 0 0 0 0 0 0 17 20 10 22 20 17
 5.895000E+02 6 0 0 0 0 0 0 0 0 0 0 0 17 21 11 18 21 19
 5.900000E+02 12 0 0 0 0 0 0 0 0 0 0 0 26 17 18 10 15 24
 5.905000E+02 12 0 0 0 0 0 0 0 0 0 0 0 18 15 18 13 25 22
 5.910000E+02 10 0 0 0 0 0 0 1 0 0 0 0 21 16 22 14 19 16
 5.915000E+02 13 0 0 0 0 0 0 0 0 0 0 0 23 21 23 14 15 20
 5.920000E+02 5 0 0 0 0 0 0 0 0 0 0 0 27 17 12 15 18 20
 5.925000E+02 10 0 0 0 0 0 0 0 0 0 0 0 20 12 12 19 26 20
 5.930000E+02 12 0 0 0 0 0 0 0 0 0 0 0 20 16 11 17 24 21
 5.935000E+02 3 0 0 0 0 0 0 0 0 0 0 0 26 25 12 11 24 19
 5.940000E+02 8 0 0 0 0 0 0 0 0 0 0 0 23 21 14 14 11 15
 5.945000E+02 5 0 0 0 0 0 0 0 0 0 0 0 17 16 27 20 14 16
 5.950000E+02 5 0 0 0 0 0 0 0 0 0 0 0 18 19 22 23 13 18
 5.955000E+02 6 0 0 0 0 0 0 0 0 0 0 0 17 23 20 23 11 17
 5.960000E+02 10 0 0 0 0 0 0 0 0 1 0 0 14 17 22 14 20 18
 5.965000E+02 5 0 0 1 0 0 0 0 0 2 0 0 19 21 25 18 20 17
 5.970000E+02 7 0 0 0 0 0 0 0 0 1 0 0 21 16 18 17 16 24
 5.975000E+02 11 0 0 0 0 0 0 0 0 1 0 0 20 16 18 14 22 24
 5.980000E+02 12 0 0 0 0 0 0 0 0 0 0 0 24 24 16 12 16 19
 5.985000E+02 8 0 0 0 0 0 0 0 0 0 0 0 19 17 17 21 17 18
 5.990000E+02 13 0 0 0 0 0 0 0 0 0 0 0 17 19 19 17 24 15
 5.995000E+02 9 0 0 0 0 0 0 0 0 0 0 0 18 21 20 19 19 16
 6.000000E+02 14 0 0 0 0 0 0 0 0 0 0 0 25 14 8 16 18 23
 6.005000E+02 11 0 0 0 0 0 0 0 0 0 0 0 19 15 11 14 21 22
 6.010000E+02 12 0 0 0 0 0 0 0 0 0 0 0 23 23 13 18 21 20
 6.015000E+02 12 0 0 0 0 0 0 0 0 0 0 0 22 16 14 19 32 21
 6.020000E+02 12 0 0 0 0 0 0 0 0 0 0 0 22 18 12 17 25 18
 6.025000E+02 9 0 0 0 0 0 0 0 0 0 0 0 21 19 11 14 19 16
 6.030000E+02 9 0 0 0 0 0 0 0 0 0 0 0 18 21 20 16 13 16
 6.035000E+02 9 0 0 0 0 0 0 0 0 0 0 0 19 16 20 28 15 17
 6.040000E+02 8 0 0 0 0 0 0 0 0 0 0 0 17 23 18 18 10 15
 6.045000E+02 9 0 0 0 0 0 0 0 0 0 0 0 18 20 11 18 11 10
 6.050000E+02 9 0 0 0 0 0 0 0 0 0 0 0 18 31 16 12 19 14
 6.055000E+02 11 0 0 0 0 0 0 0 0 0 0 0 16 21 15 20 21 13
 6.060000E+02 9 0 0 0 0 0 0 0 0 0 0 0 18 19 14 29 16 15
 6.065000E+02 4 0 0 0 0 0 0 0 0 0 0 0 22 16 25 21 16 21
 6.070000E+02 12 0 0 0 0 0 0 0 0 0 0 0 14 13 15 20 16 26
 6.075000E+02 14 0 0 0 0 0 0 0 0 0 0 0 17 17 15 21 15 18
 6.080000E+02 7 0 0 0 0 0 0 0 0 0 0 0 19 13 13 11 21 21
 6.085000E+02 9 0 0 0 0 0 0 0 0 0 0 0 19 16 12 17 21 19
 6.090000E+02 7 0 0 0 0 0 0 0 0 0 0 0 19 13 16 17 20 20
 6.095000E+02 10 0 0 0 0 0 0 0 0 0 0 0 21 18 19 18 14 22
 6.100000E+02 7 0 0 0 0 0 0 0 0 0 0 0 23 16 18 15 28 15
 6.105000E+02 5 0 0 0 0 0 0 0 0 0 0 0 18 18 17 12 30 18
 6.110000E+02 10 0 0 0 0 0 0 0 0 0 0 0 19 17 17 19 21 17
 6.115000E+02 10 0 0 0 0 0 0 0 0 0 0 0 15 23 14 18 17 16
 6.120000E+02 10 0 0 0 0 0 0 0 0 0 0 0 17 23 19 17 12 16
 6.125000E+02 5 0 0 0 0 0 0 0 0 0 0 0 17 16 19 19 10 19
 6.130000E+02 6 0 0 0 0 0 0 0 0 0 0 0 12 14 16 18 13 17
 6.135000E+02 11 0 0 0 0 0 0 0 0 0 0 0 17 17 16 20 11 17
 6.140000E+02 10 0 0 0 0 0 0 0 0 0 0 0 25 18 9 16 18 20
 6.145000E+02 5 0 0 0 0 0 0 0 0 0 0 0 20 17 13 18 12 19
 6.150000E+02 7 0 0 0 0 0 0 0 0 0 0 0 21 17 13 17 16 21
 6.155000E+02 10 0 0 0 0 0 0 0 0 0 0 0 16 18 13 16 13 25
 6.160000E+02 7 0 0 0 0 0 0 0 0 0 0 0 13 16 21 15 15 13
 6.165000E+02 9 0 0 0 0 0 0 0 0 0 0 0 14 18 16 13 19 17
 6.170000E+02 6 0 0 0 0 0 0 0 0 0 0 0 12 18 19 17 15 21
 6.175000E+02 10 0 0 0 0 0 0 0 0 0 0 0 16 21 20 23 19 16
 6.180000E+02 9 0 0 0 0 0 0 0 0 0 0 0 15 16 15 24 16 12
 6.185000E+02 10 0 0 0 0 0 0 0 0 0 0 0 21 18 13 18 12 15
 6.190000E+02 15 0 0 0 0 0 0 0 0 0 0 0 28 17 18 13 12 17
 6.195000E+02 8 0 0 0 0 0 0 0 0 0 0 0 26 23 17 16 19 15
 6.200000E+02 8 0 0 0 0 0 0 0 0 0 0 0 19 20 22 20 17 12
 6.205000E+02 5 0 0 0 0 0 0 0 0 0 0 0 18 16 28 22 16 11
 6.210000E+02 7 0 0 0 0 0 0 0 0 0 0 0 18 19 18 18 8 16
 6.215000E+02 8 0 0 0 0 0 0 0 0 0 0 0 15 26 20 15 19 14
 6.220000E+02 9 0 0 0 0 0 0 0 0 0 0 0 14 19 18 16 18 20
 6.225000E+02 7 0 0 0 0 0 0 0 0 0 0 0 17 8 19 11 16 17
 6.230000E+02 12 0 0 0 0 0 0 0 0 0 0 0 10 10 18 20 17 22
 6.235000E+02 12 0 0 0 0 0 0 0 0 0 0 0 9 16 19 23 23 18
 6.240000E+02 5 0 0 0 0 0 0 0 0 0 0 0 15 22 18 15 29 19
 6.245000E+02 7 0 0 0 0 0 0 0 0 0 0 0 13 24 26 14 21 17
 6.250000E+02 9 0 0 0 0 0 0 0 0 0 0 0 15 18 22 18 21 18
 6.255000E+02 9 0 0 0 0 0 0 0 0 0 0 0 19 10 16 29 12 21
 6.260000E+02 5 0 0 0 0 0 0 0 0 1 0 0 11 11 22 23 18 20
 6.265000E+02 9 0 0 1 0 0 0 0 0 0 0 0 17 13 17 18 25 19
 6.270000E+02 11 0 0 0 0 0 0 0 0 1 0 0 18 12 18 15 20 13
 6.275000E+02 10 0 0 0 0 0 0 0 0 1 0 0 17 17 18 19 14 17
 6.280000E+02 6 0 0 0 0 0 0 1 0 0 0 0 16 18 19 12 21 19
 6.285000E+02 5 0 0 0 0 0 0 0 0 0 0 0 19 21 17 17 18 15
 6.290000E+02 6 0 0 0 0 0 0 0 0 0 0 0 22 14 17 18 13 18
 6.295000E+02 3 0 0 0 0 0 0 0 0 0 0 0 19 13 17 12 12 17
 6.300000E+02 7 0 0 0 0 0 0 0 0 0 0 0 22 17 21 16 15 12
 6.305000E+02 12 0 0 0 0 0 0 0 0 0 0 0 22 21 19 15 14 13
 6.310000E+02 5 0 0 0 0 0 0 0 0 0 0 0 17 20 12 16 18 14
 6.315000E+02 11 0 0 0 0 0 0 0 0 0 0 0 18 19 16 23 19 9
 6.320000E+02 8 0 0 0 0 0 0 0 0 0 0 0 12 19 23 19 16 12
 6.325000E+02 7 0 0 0 0 0 0 0 0 0 0 0 14 18 15 16 18 13
 6.330000E+02 11 0 0 0 0 0 0 0 0 0 0 0 13 11 17 21 27 16
 6.335000E+02 13 0 0 0 0 0 0 0 0 1 0 0 10 14 18 14 27 23
 6.340000E+02 7 0 0 0 0 0 0 0 0 0 0 0 11 14 18 17 20 19
 6.345000E+02 7 0 0 0 0 0 0 0 0 0 0 0 17 8 20 17 20 27
 6.350000E+02 8 0 0 0 0 0 0 0 0 0 0 0 16 14 20 16 17 21
 6.355000E+02 9 0 0 0 0 0 0 0 0 0 0 0 22 18 18 22 16 17
 6.360000E+02 10 0 0 0 0 0 0 0 0 0 0 0 18 21 15 13 24 19
 6.365000E+02 7 0 0 0 0 0 0 0 0 0 0 0 12 17 17 6 17 17
 6.370000E+02 10 0 0 0 0 0 0 0 0 0 0 0 19 25 17 9 11 20
 6.375000E+02 9 0 0 0 0 0 0 0 0 0 0 0 16 22 17 12 17 23
 6.380000E+02 13 0 0 0 0 0 0 0 0 0 0 0 13 18 21 18 15 24
 6.385000E+02 6 0 0 0 0 0 0 0 0 0 0 0 17 16 16 14 17 18
 6.390000E+02 7 0 0 0 0 0 0 0 0 0 0 0 13 14 19 16 21 21
 6.395000E+02 13 0 0 0 0 0 0 0 0 0 0 0 16 15 19 14 15 22
 6.400000E+02 10 0 0 0 0 0 0 0 0 0 0 0 13 16 26 10 21 18
 6.405000E+02 12 0 0 0 0 0 0 0 0 0 0 0 15 20 21 12 15 14
 6.410000E+02 10 0 0 0 0 0 0 0 0 0 0 0 17 13 22 14 16 19
 6.415000E+02 11 0 0 0 0 0 0 0 0 0 0 0 20 21 18 20 16 20
 6.420000E+02 9 0 0 0 0 0 0 0 0 0 0 0 21 15 16 20 14 15
 6.425000E+02 7 0 0 0 0 0 0 0 0 0 0 0 21 24 11 16 10 14
 6.430000E+02 10 0 0 0 0 0 0 0 0 0 0 0 24 16 19 16 14 16
 6.435000E+02 6 0 0 0 0 0 0 0 0 0 0 0 20 18 18 15 18 19
 6.440000E+02 4 0 0 0 0 0 0 0 0 0 0 0 25 22 18 18 18 18
 6.445000E+02 8 0 0 0 0 0 0 0 0 1 0 0 18 19 18 21 17 15
 6.450000E+02 8 0 0 0 0 0 0 0 0 0 0 0 15 19 17 19 19 16
 6.455000E+02 10 0 0 0 0 0 0 0 0 0 0 0 13 17 17 19 16 17
 6.460000E+02 9 0 0 0 0 0 0 0 0 0 0 0 13 17 24 28 14 17
 6.465000E+02 9 0 0 0 0 0 0 0 0 1 0 0 15 22 17 27 12 16
 6.470000E+02 13 0 0 0 0 0 0 0 0 0 0 0 17 20 15 22 17 15
 6.475000E+02 8 0 0 0 0 0 0 0 0 0 0 0 19 17 15 27 16 15
 6.480000E+02 7 0 0 0 0 0 0 0 0 1 0 0 18 17 18 19 15 11
 6.485000E+02 9 0 0 0 0 0 0 0 0 1 0 0 23 20 15 14 12 13
 6.490000E+02 8 0 0 0 0 0 0 0 0 1 0 0 18 31 16 20 13 17
 6.495000E+02 10 0 0 0 0 0 0 0 0 0 0 0 21 19 20 16 16 15
 6.500000E+02 6 0 0 0 0 0 0 0 0 0 0 0 19 20 22 18 17 20
 6.505000E+02 7 0 0 0 0 0 0 0 0 0 0 0 16 19 22 14 15 12
 6.510000E+02 11 0 0 0 0 0 0 0 0 0 0 0 16 14 16 20 23 16
 6.515000E+02 11 0 0 0 0 0 0 0 0 0 0 0 26 8 11 19 23 20
 6.520000E+02 11 0 0 0 0 0 0 0 0 0 0 0 26 7 11 25 18 20
 6.525000E+02 13 0 0 0 0 0 0 0 0 0 0 0 19 11 17 20 22 19
 6.530000E+02 8 0 0 0 0 0 0 0 0 0 0 0 17 15 22 18 24 19
 6.535000E+02 8 0 0 0 0 0 0 0 0 0 0 0 19 15 22 21 14 18
 6.540000E+02 6 0 0 0 0 0 0 0 0 0 0 0 26 16 19 16 17 20
 6.545000E+02 8 0 0 0 0 0 0 0 0 0 0 0 21 17 16 16 22 17
 6.550000E+02 8 0 0 0 0 0 0 0 0 0 0 0 16 16 14 17 22 16
 6.555000E+02 7 0 0 0 0 0 0 0 0 0 0 0 16 19 14 17 23 20
 6.560000E+02 5 0 0 0 0 0 0 0 0 0 0 0 13 14 11 15 19 12
 6.565000E+02 8 0 0 0 0 0 0 0 0 0 0 0 16 16 14 14 33 15
 6.570000E+02 12 0 0 0 0 0 0 0 0 0 0 0 10 19 16 17 20 22
 6.575000E+02 10 0 0 0 0 0 0 0 0 0 0 0 12 29 13 14 23 13
 6.580000E+02 8 0 0 0 0 0 0 0 0 0 0 0 10 22 16 22 22 12
 6.585000E+02 8 0 0 0 0 0 0 0 0 0 0 0 18 18 18 13 23 17
 6.590000E+02 4 0 0 0 0 0 0 0 0 0 0 0 15 21 21 9 21 20
 6.595000E+02 13 0 0 0 0 0 0 0 0 0 0 0 18 17 21 10 14 23
 6.600000E+02 8 0 0 0 0 0 0 0 0 0 0 0 12 16 25 10 20 17
 6.605000E+02 10 0 0 0 0 0 0 0 0 0 0 0 19 13 27 14 17 18
 6.610000E+02 12 0 0 0 0 0 0 0 0 0 0 0 19 19 23 17 15 18
 6.615000E+02 3 0 0 0 0 0 0 0 0 1 0 0 18 20 25 14 18 19
 6.620000E+02 10 0 0 0 0 0 0 0 0 0 0 0 18 15 25 13 21 21
 6.625000E+02 8 0 0 0 0 0 0 0 0 0 0 0 20 13 17 10 13 22
 6.630000E+02 9 0 0 0 0 0 0 0 0 0 0 0 20 25 16 14 12 20
 6.635000E+02 6 0 0 0 0 0 0 0 0 0 0 0 16 19 21 14 11 22
 6.640000E+02 10 0 0 0 0 0 0 0 0 0 0 0 16 23 24 16 12 21
 6.645000E+02 7 0 0 0 0 0 0 0 0 0 0 0 21 9 23 15 12 20
 6.650000E+02 7 0 0 0 0 0 0 0 0 0 0 0 16 13 21 22 11 17
 6.655000E+02 14 0 0 0 0 0 0 0 0 0 0 0 17 14 19 17 12 17
 6.660000E+02 6 0 0 0 0 0 0 0 0 0 0 0 23 16 11 16 18 17
 6.665000E+02 8 0 0 0 0 0 0 0 0 0 0 0 21 16 16 19 13 16
 6.670000E+02 8 0 0 0 0 0 0 0 0 0 0 0 21 12 12 17 17 22
 6.675000E+02 3 0 0 0 0 0 0 0 0 0 0 0 17 14 15 19 21 17
 6.680000E+02 9 0 0 0 0 0 0 0 0 0 0 0 18 13 13 24 23 14
 6.685000E+02 9 0 0 0 0 0 0 0 0 2 0 0 16 16 10 16 20 15
 6.690000E+02 9 0 0 0 0 0 0 0 0 2 0 0 19 18 10 17 19 16
 6.695000E+02 5 0 0 0 0 0 0 0 0 0 0 0 22 21 12 12 24 16
 6.700000E+02 9 0 0 0 0 0 0 0 0 0 0 0 14 25 15 17 15 12
 6.705000E+02 4 0 0 0 0 0 0 0 0 0 0 0 19 23 13 18 16 10
 6.710000E+02 5 0 0 0 0 0 0 0 0 0 0 0 16 12 14 17 14 12
 6.715000E+02 6 0 0 0 0 0 0 0 0 0 0 0 14 23 17 20 14 17
 6.720000E+02 3 0 0 0 0 0 0 0 0 0 0 0 16 17 15 19 16 16
 6.725000E+02 11 0 0 0 0 0 0 0 0 0 0 0 18 11 12 22 16 12
 6.730000E+02 12 0 0 0 0 0 0 0 0 0 0 0 12 15 16 15 17 20
 6.735000E+02 5 0 0 0 0 0 0 0 0 0 0 0 19 13 16 19 18 15
 6.740000E+02 7 0 0 0 0 0 0 0 0 0 0 0 12 15 14 24 21 12
 6.745000E+02 7 0 0 0 0 0 0 0 0 1 0 0 14 14 22 16 13 18
 6.750000E+02 10 0 0 0 0 0 0 0 0 0 0 0 17 14 21 17 22 16
 6.755000E+02 5 0 0 0 0 0 0 0 0 0 0 0 13 16 14 14 20 23
 6.760000E+02 5 0 0 0 0 0 0 0 0 0 0 0 13 18 13 20 21 14
 6.765000E+02 6 0 0 0 0 0 0 0 0 0 0 0 14 15 15 26 25 12
 6.770000E+02 7 0 0 0 0 0 0 0 0 0 0 0 16 18 13 24 14 18
 6.775000E+02 9 0 0 0 0 0 0 0 0 0 0 0 17 16 8 18 14 21
 6.780000E+02 10 0 0 0 0 0 0 0 0 0 0 0 23 14 16 15 17 22
 6.785000E+02 9 0 0 0 0 0 0 0 0 0 0 0 21 16 17 14 16 22
 6.790000E+02 9 0 0 0 0 0 0 0 0 0 0 0 22 20 18 13 11 18
 6.795000E+02 9 0 0 0 0 0 0 0 0 3 0 0 23 15 13 13 10 19
 6.800000E+02 6 0 0 0 0 0 0 2 0 0 0 0 21 16 18 22 12 16
 6.805000E+02 9 0 0 0 0 0 0 0 0 0 0 0 21 18 17 13 14 22
 6.810000E+02 6 0 0 0 0 0 0 0 0 0 0 0 12 17 14 12 22 21
 6.815000E+02 6 0 0 0 0 0 0 0 0 0 0 0 14 22 18 17 23 18
 6.820000E+02 8 0 0 0 0 0 0 0 0 0 0 0 11 25 16 15 17 23
 6.825000E+02 17 0 0 0 0 0 0 0 0 1 0 0 13 25 9 15 11 13
 6.830000E+02 7 0 0 0 0 0 0 0 0 0 0 0 15 23 16 14 11 16
 6.835000E+02 8 0 0 0 0 0 0 0 0 0 0 0 15 18 9 13 19 24
 6.840000E+02 9 0 0 0 0 0 0 0 0 0 0 0 21 16 10 17 17 19
 6.845000E+02 9 0 0 0 0 0 0 1 0 0 0 0 19 13 14 15 14 24
 6.850000E+02 14 0 0 1 0 0 0 0 0 0 0 0 11 18 16 18 27 18
 6.855000E+02 6 0 0 1 0 0 0 0 0 1 0 0 14 14 13 20 19 23
 6.860000E+02 6 0 0 0 0 0 0 0 0 2 0 0 14 16 18 21 27 12
 6.865000E+02 8 0 0 0 0 0 0 0 0 2 0 0 17 20 15 20 21 22
 6.870000E+02 8 0 0 1 0 0 0 0 0 1 0 0 18 13 21 21 19 19
 6.875000E+02 9 0 0 0 0 0 0 0 0 0 0 0 14 17 21 22 15 22
 6.880000E+02 11 0 0 0 0 0 0 0 0 0 0 0 14 17 15 20 16 16
 6.885000E+02 9 0 0 0 0 0 0 0 0 0 0 0 18 15 20 22 11 19
 6.890000E+02 8 0 0 0 0 0 0 0 0 0 0 0 19 20 21 25 12 16
 6.895000E+02 8 0 0 0 0 0 0 0 0 0 0 0 17 20 20 25 19 14
 6.900000E+02 11 0 0 0 0 0 0 0 0 0 0 0 16 12 22 20 17 16
 6.905000E+02 6 0 0 0 0 0 0 0 0 0 0 0 16 14 19 13 12 23
 6.910000E+02 10 0 0 0 0 0 0 0 0 0 0 0 30 14 16 14 12 17
 6.915000E+02 10 0 0 0 0 0 0 0 0 0 0 0 23 11 20 18 15 13
 6.920000E+02 11 0 0 0 0 0 0 0 0 0 0 1 21 10 21 19 11 20
 6.925000E+02 9 0 0 0 0 0 0 1 0 0 0 0 22 12 22 20 13 11
 6.930000E+02 11 0 0 0 0 0 0 0 0 2 0 0 16 14 17 16 12 17
 6.935000E+02 7 0 0 0 0 0 0 1 0 1 0 0 16 17 13 22 13 15
 6.940000E+02 7 0 0 1 0 0 0 0 0 0 0 0 13 15 14 26 16 18
 6.945000E+02 7 1 0 0 0 0 0 0 0 0 0 0 20 11 15 19 19 23
 6.950000E+02 15 0 0 0 0 0 0 1 0 0 0 0 18 15 16 16 17 18
 6.955000E+02 10 0 0 0 0 0 0 0 0 0 0 0 13 24 25 14 18 12
 6.960000E+02 9 0 0 0 0 0 0 0 0 1 0 0 9 26 14 13 16 15
 6.965000E+02 4 0 0 0 0 0 0 0 0 1 0 0 10 23 18 15 19 19
 6.970000E+02 9 0 0 0 0 0 0 0 0 0 0 0 18 20 10 16 20 20
 6.975000E+02 13 0 0 0 0 0 0 0 0 0 0 0 13 23 13 18 15 15
 6.980000E+02 7 0 0 0 0 0 0 0 0 0 0 0 17 18 16 22 16 14
 6.985000E+02 10 0 0 0 0 0 0 0 0 0 0 0 21 16 13 19 17 22
 6.990000E+02 8 0 0 0 0 0 0 0 0 1 0 0 17 14 17 19 22 19
 6.995000E+02 8 0 0 0 0 0 0 0 0 1 0 0 18 15 15 19 17 19
 7.000000E+02 10 0 0 0 0 0 0 0 0 0 0 0 17 16 18 24 14 15
