# time 'Ca' 'D34:75:137_PP2ACa' 'D34:75:137_PP2APCa' 'D34:75_PP2ACa' 'D34:75_PP2APCa' 'D75:137_PP2ACa' 'D75:137_PP2APCa' 'D75_PP2ACa' 'D75_PP2APCa' 'PP2ACa' 'PP2ACa_PKA' 'PP2APCa' 'PP2BinactiveCa2_1' 'PP2BinactiveCa2_2' 'PP2BinactiveCa2_3' 'PP2BinactiveCa2_4' 'PP2BinactiveCa2_5' 'PP2BinactiveCa2_6'
 0.000000E+00 0 0 0 0 0 0 0 0 0 0 0 0 0 0 0 0 0 0
 5.000000E-01 2 0 0 0 0 0 0 0 0 0 0 0 0 0 1 0 0 0
 1.000000E+00 2 0 0 0 0 0 0 0 0 0 0 0 0 1 1 2 1 0
 1.500000E+00 2 0 0 0 0 0 0 0 0 0 0 0 2 1 1 2 0 1
 2.000000E+00 2 0 0 0 0 0 0 0 0 0 0 0 3 2 0 2 0 1
 2.500000E+00 3 0 0 0 0 0 0 0 0 0 0 0 3 2 0 2 1 1
 3.000000E+00 2 0 0 0 0 0 0 0 0 0 0 0 5 4 1 1 1 2
 3.500000E+00 2 0 0 0 0 0 0 0 0 0 0 0 3 4 1 2 2 5
 4.000000E+00 3 0 0 0 0 0 0 0 0 0 0 0 1 7 1 2 4 3
 4.500000E+00 3 0 0 0 0 0 0 0 0 0 0 0 5 7 2 1 4 2
 5.000000E+00 4 0 0 0 0 0 0 0 0 0 0 0 4 7 1 2 4 3
 5.500000E+00 0 0 0 0 0 0 0 0 0 0 0 0 4 6 1 2 5 6
 6.000000E+00 7 0 0 0 0 0 0 0 0 0 0 0 3 3 3 4 5 5
 6.500000E+00 5 0 0 0 0 0 0 0 0 0 0 0 4 5 4 4 3 8
 7.000000E+00 7 0 0 0 0 0 0 0 0 0 0 0 4 5 5 4 4 10
 7.500000E+00 2 0 0 0 0 0 0 0 0 0 0 0 7 5 8 4 5 5
 8.000000E+00 6 0 0 0 0 0 0 0 0 0 0 0 9 6 6 4 5 5
 8.500000E+00 2 0 0 0 0 0 0 0 0 0 0 0 10 8 5 5 3 9
 9.000000E+00 2 0 0 0 0 0 0 0 0 0 0 0 4 8 4 8 5 12
 9.500000E+00 1 0 0 0 0 0 0 0 0 0 0 0 7 8 8 10 4 9
 1.000000E+01 5 0 0 0 0 0 0 0 0 0 0 0 9 5 9 7 4 9
 1.050000E+01 4 0 0 0 0 0 0 0 0 0 0 0 9 3 8 9 5 10
 1.100000E+01 6 0 0 0 0 0 0 0 0 0 0 0 7 3 6 9 5 10
 1.150000E+01 0 0 0 0 0 0 0 0 0 0 0 0 9 5 7 14 4 9
 1.200000E+01 6 0 0 0 0 0 0 0 0 0 0 0 10 4 8 9 4 10
 1.250000E+01 3 0 0 0 0 0 0 0 0 0 0 0 11 7 7 9 8 6
 1.300000E+01 1 0 0 0 0 0 0 0 0 0 0 0 14 7 7 9 10 5
 1.350000E+01 1 0 0 0 0 0 0 0 0 0 0 0 9 5 6 12 10 7
 1.400000E+01 6 0 0 0 0 0 0 0 0 0 0 0 10 6 6 12 7 9
 1.450000E+01 5 0 0 0 0 0 0 0 0 0 0 0 10 11 7 10 6 6
 1.500000E+01 5 0 0 0 0 0 0 0 0 0 0 0 8 16 8 9 6 6
 1.550000E+01 6 0 0 0 0 0 0 0 0 0 0 0 8 14 9 8 7 9
 1.600000E+01 6 0 0 0 0 0 0 0 0 0 0 0 6 15 8 8 10 9
 1.650000E+01 3 0 0 0 0 0 0 0 0 0 0 0 7 15 9 10 11 12
 1.700000E+01 7 0 0 0 0 0 0 0 0 1 0 0 6 11 10 10 11 9
 1.750000E+01 3 0 0 0 0 0 0 0 0 0 0 0 9 10 12 8 10 11
 1.800000E+01 6 0 0 0 0 0 0 0 0 0 0 0 6 14 6 8 9 15
 1.850000E+01 3 0 0 0 0 0 0 0 0 0 0 0 7 12 7 5 10 12
 1.900000E+01 5 0 0 0 0 0 0 0 0 0 0 0 11 11 10 9 9 14
 1.950000E+01 5 0 0 0 0 0 0 0 0 0 0 0 14 12 13 10 11 10
 2.000000E+01 10 0 0 0 0 0 0 0 0 0 0 0 14 10 13 8 16 6
 2.050000E+01 6 0 0 0 0 0 0 0 0 0 0 0 12 9 12 11 19 5
 2.100000E+01 2 0 0 0 0 0 0 0 0 0 0 0 14 9 18 11 12 4
 2.150000E+01 1 0 0 0 0 0 0 0 0 0 0 0 6 13 19 11 13 10
 2.200000E+01 3 0 0 0 0 0 0 0 0 0 0 0 10 13 19 11 12 10
 2.250000E+01 7 0 0 0 0 0 0 0 0 0 0 0 13 12 17 10 11 7
 2.300000E+01 3 0 0 0 0 0 0 0 0 1 0 0 9 10 14 10 13 11
 2.350000E+01 6 0 0 0 0 0 0 0 0 1 0 0 19 14 12 9 9 9
 2.400000E+01 4 0 0 0 0 0 0 0 0 1 0 0 17 12 11 14 13 9
 2.450000E+01 9 0 0 0 0 0 0 0 0 1 0 0 15 9 11 10 11 11
 2.500000E+01 3 0 0 0 0 0 0 0 0 0 0 0 16 9 12 18 13 9
 2.550000E+01 4 0 0 0 0 0 0 0 0 0 0 0 13 12 14 17 9 8
 2.600000E+01 2 0 0 0 0 0 0 0 0 0 0 0 13 12 14 16 8 6
 2.650000E+01 5 0 0 0 0 0 0 0 0 0 0 0 12 13 15 17 19 6
 2.700000E+01 4 0 0 0 0 0 0 0 0 0 0 0 10 15 19 12 16 6
 2.750000E+01 2 0 0 0 0 0 0 0 0 0 0 0 15 18 19 11 14 6
 2.800000E+01 3 0 0 0 0 0 0 0 0 0 0 0 13 19 14 10 16 7
 2.850000E+01 5 0 0 0 0 0 0 0 0 0 0 0 16 14 14 14 14 14
 2.900000E+01 7 0 0 0 0 0 0 0 0 0 0 0 16 10 13 9 11 13
 2.950000E+01 8 0 0 0 0 0 0 0 0 0 0 0 15 13 11 9 16 8
 3.000000E+01 3 0 0 0 0 0 0 0 0 0 0 0 20 13 19 12 10 9
 3.050000E+01 3 0 0 0 0 0 0 0 0 0 0 0 20 14 20 14 9 12
 3.100000E+01 8 0 0 0 0 0 0 0 0 0 0 0 17 15 13 15 8 13
 3.150000E+01 4 0 0 0 0 0 0 0 0 0 0 0 18 13 12 14 12 15
 3.200000E+01 7 0 0 0 0 0 0 0 0 0 0 0 18 14 11 15 15 10
 3.250000E+01 7 0 0 0 0 0 0 0 0 0 0 0 19 14 11 14 20 9
 3.300000E+01 5 0 0 0 0 0 0 0 0 0 0 0 18 18 14 13 15 13
 3.350000E+01 7 0 0 0 0 0 0 0 0 0 0 0 15 16 15 12 10 20
 3.400000E+01 10 0 0 0 0 0 0 0 0 1 0 0 16 17 11 15 8 18
 3.450000E+01 9 0 0 0 0 0 0 0 0 1 0 0 16 15 6 18 16 17
 3.500000E+01 4 0 0 0 0 0 0 1 0 0 0 0 11 16 7 18 19 14
 3.550000E+01 9 0 0 0 0 0 0 0 0 1 0 0 19 19 5 13 15 14
 3.600000E+01 6 0 0 0 0 0 0 0 0 1 0 0 15 17 9 23 14 14
 3.650000E+01 6 0 0 0 0 0 0 1 0 0 0 0 16 18 14 20 16 10
 3.700000E+01 8 0 0 0 0 0 0 1 0 0 0 0 13 15 17 27 14 14
 3.750000E+01 8 0 0 0 0 0 0 1 0 0 0 0 12 20 16 22 12 15
 3.800000E+01 14 0 0 0 0 0 0 0 0 1 0 0 14 12 20 19 19 14
 3.850000E+01 4 0 0 0 0 0 0 0 0 1 0 0 20 14 20 17 20 12
 3.900000E+01 7 0 0 0 0 0 0 0 0 0 0 0 19 12 15 18 21 13
 3.950000E+01 8 0 0 0 0 0 0 0 0 0 0 0 21 14 14 14 14 11
 4.000000E+01 4 0 0 0 0 0 0 0 0 0 0 0 20 14 16 17 13 16
 4.050000E+01 7 0 0 0 0 0 0 0 0 0 0 0 16 15 16 14 13 20
 4.100000E+01 5 0 0 0 0 0 0 0 0 0 0 0 13 13 21 12 12 17
 4.150000E+01 8 0 0 0 0 0 0 0 0 0 0 0 14 16 20 15 5 17
 4.200000E+01 10 0 0 0 0 0 0 0 0 0 0 0 18 20 21 13 10 16
 4.250000E+01 9 0 0 0 0 0 0 0 0 1 0 0 21 15 15 14 11 16
 4.300000E+01 8 0 0 0 0 0 0 0 0 0 0 0 20 12 16 14 11 11
 4.350000E+01 4 0 0 0 0 0 0 0 0 0 0 0 23 16 14 14 12 12
 4.400000E+01 5 0 0 0 0 0 0 0 0 0 0 0 22 18 12 19 13 10
 4.450000E+01 7 0 0 0 0 0 0 1 0 0 0 0 17 14 13 21 17 13
 4.500000E+01 11 0 0 0 0 0 0 1 0 2 0 0 19 12 15 14 14 20
 4.550000E+01 8 0 0 0 0 1 0 1 0 1 0 0 20 10 13 18 18 14
 4.600000E+01 4 0 0 0 0 0 0 0 0 1 0 0 21 10 17 17 21 10
 4.650000E+01 8 0 0 0 0 0 0 0 0 2 0 0 18 13 13 13 23 17
 4.700000E+01 9 0 0 0 0 0 0 0 0 0 0 0 24 15 18 18 19 16
 4.750000E+01 8 0 0 0 0 0 0 0 0 0 0 0 20 19 17 19 12 15
 4.800000E+01 8 0 0 0 0 0 0 0 0 0 0 0 21 23 13 13 10 16
 4.850000E+01 7 0 0 0 0 0 0 0 0 0 0 0 20 21 14 14 17 14
 4.900000E+01 8 0 0 0 0 0 0 0 0 0 0 0 15 16 17 18 14 22
 4.950000E+01 6 0 0 0 0 0 0 0 0 0 0 0 20 17 14 13 18 17
 5.000000E+01 8 0 0 0 0 0 0 0 0 0 0 0 16 20 17 13 16 15
 5.050000E+01 6 0 0 0 0 0 0 0 0 0 0 0 15 19 21 15 16 13
 5.100000E+01 12 0 0 0 0 0 0 1 0 0 0 0 20 15 21 10 23 16
 5.150000E+01 8 0 0 0 0 0 0 1 0 0 0 0 19 16 18 14 22 13
 5.200000E+01 12 0 0 0 0 1 0 0 0 0 0 0 14 15 17 19 18 17
 5.250000E+01 8 0 0 0 0 0 0 0 0 2 0 0 19 20 18 15 17 18
 5.300000E+01 4 0 0 0 0 1 0 0 0 0 0 0 15 20 22 19 15 16
 5.350000E+01 8 0 0 0 0 0 0 0 0 0 0 0 11 18 20 23 14 23
 5.400000E+01 9 0 0 0 0 0 0 0 0 0 0 0 10 25 14 21 15 19
 5.450000E+01 5 0 0 0 0 0 0 0 0 0 0 0 12 19 16 20 22 21
 5.500000E+01 6 0 0 0 0 0 0 1 0 0 0 0 8 21 17 26 15 20
 5.550000E+01 5 0 0 0 0 0 0 0 0 0 0 0 15 20 14 20 17 19
 5.600000E+01 6 0 0 0 0 0 0 0 0 0 0 0 19 20 19 17 11 16
 5.650000E+01 9 0 0 0 0 0 0 0 0 1 0 0 17 14 21 16 12 17
 5.700000E+01 9 0 0 0 0 0 0 0 0 1 0 0 15 17 15 14 24 17
 5.750000E+01 6 0 0 0 0 0 0 0 0 0 0 0 19 11 18 17 24 21
 5.800000E+01 5 0 0 0 0 0 0 0 0 0 0 0 19 14 18 21 19 18
 5.850000E+01 9 0 0 0 0 0 0 0 0 1 0 0 18 20 19 19 14 14
 5.900000E+01 6 0 0 0 0 0 0 0 0 1 0 0 19 13 19 13 22 17
 5.950000E+01 5 0 0 0 0 0 0 0 0 1 0 0 20 14 13 16 16 15
 6.000000E+01 8 0 0 0 0 0 0 0 0 0 0 0 22 14 17 18 15 18
 6.050000E+01 11 0 0 0 0 0 0 0 0 0 0 0 20 17 20 18 17 12
 6.100000E+01 10 0 0 0 0 0 0 0 0 0 0 0 16 17 15 17 20 14
 6.150000E+01 9 0 0 0 0 1 0 0 0 0 0 0 17 17 16 14 21 18
 6.200000E+01 5 0 0 0 0 0 0 0 0 1 0 0 15 23 15 10 28 14
 6.250000E+01 10 0 0 0 0 0 0 0 0 0 0 0 21 20 20 17 20 15
 6.300000E+01 6 0 0 0 0 0 0 0 0 0 0 0 21 16 17 13 19 14
 6.350000E+01 12 0 0 0 0 0 0 0 0 0 0 0 24 18 15 12 23 18
 6.400000E+01 8 0 0 0 0 0 0 0 0 0 0 0 19 12 13 16 14 21
 6.450000E+01 12 0 0 0 0 0 0 0 0 0 0 0 24 8 14 18 21 24
 6.500000E+01 6 0 0 0 0 0 0 0 0 0 0 0 23 13 20 17 22 14
 6.550000E+01 8 0 0 0 0 0 0 0 0 0 0 0 17 11 22 17 23 15
 6.600000E+01 6 0 0 0 0 0 0 0 0 0 0 0 13 15 20 22 21 16
 6.650000E+01 6 0 0 0 0 0 0 0 0 0 0 0 13 15 30 15 25 18
 6.700000E+01 12 0 0 0 0 0 0 0 0 0 0 0 13 13 12 12 28 19
 6.750000E+01 7 0 0 0 0 0 0 0 0 0 0 0 17 16 16 17 22 16
 6.800000E+01 9 0 0 0 0 0 0 0 0 0 0 0 14 17 20 14 18 19
 6.850000E+01 15 0 0 0 0 0 0 0 0 0 0 0 25 21 18 18 13 17
 6.900000E+01 8 0 0 0 0 0 0 0 0 0 0 0 27 11 22 18 13 19
 6.950000E+01 8 0 0 0 0 0 0 0 0 0 0 0 25 20 20 18 15 19
 7.000000E+01 11 0 0 0 0 0 0 0 0 0 0 0 16 17 18 13 24 19
 7.050000E+01 8 0 0 0 0 0 0 0 0 0 0 0 17 18 20 14 20 16
 7.100000E+01 10 0 0 0 0 0 0 1 0 0 0 0 16 18 19 14 13 24
 7.150000E+01 7 0 0 0 0 0 0 0 0 1 0 0 16 24 18 17 13 20
 7.200000E+01 10 0 0 0 0 0 0 0 0 1 0 0 18 21 18 17 11 19
 7.250000E+01 8 0 0 0 0 0 0 0 0 1 0 0 20 18 19 16 15 21
 7.300000E+01 11 0 0 0 0 0 0 0 0 1 0 0 20 18 21 17 21 19
 7.350000E+01 12 0 0 0 0 0 0 0 0 0 0 0 15 18 15 14 22 20
 7.400000E+01 11 0 0 0 0 0 0 0 0 0 0 0 14 19 14 17 18 16
 7.450000E+01 10 0 0 0 0 0 0 0 0 0 0 0 19 18 14 14 18 17
 7.500000E+01 12 0 0 0 0 0 0 0 0 0 0 0 17 21 18 22 17 17
 7.550000E+01 9 0 0 0 0 0 0 0 0 0 0 0 18 18 15 17 18 15
 7.600000E+01 6 0 0 0 0 0 0 0 0 0 0 0 19 15 17 20 20 17
 7.650000E+01 9 0 0 0 0 0 0 0 0 0 0 0 22 14 21 16 12 18
 7.700000E+01 16 0 0 0 0 0 0 0 0 0 0 0 19 9 17 20 15 19
 7.750000E+01 8 0 0 0 0 0 0 0 0 0 0 0 14 13 23 19 13 16
 7.800000E+01 6 0 0 0 0 0 0 0 0 0 0 0 23 14 17 20 25 16
 7.850000E+01 6 0 0 0 0 0 0 0 0 0 0 0 15 19 16 19 20 18
 7.900000E+01 6 0 0 0 0 0 0 0 0 0 0 0 12 19 21 21 23 16
 7.950000E+01 9 0 0 0 0 0 0 0 0 0 0 0 18 16 23 18 17 19
 8.000000E+01 9 0 0 0 0 0 0 0 0 0 0 0 20 16 21 14 12 16
 8.050000E+01 10 0 0 0 0 0 0 0 0 0 0 0 18 13 22 13 21 10
 8.100000E+01 14 0 0 0 0 0 0 0 0 0 0 0 26 30 21 8 23 11
 8.150000E+01 9 0 0 0 0 0 0 0 0 0 0 0 20 22 16 15 19 14
 8.200000E+01 13 0 0 0 0 0 0 0 0 0 0 0 17 21 16 16 20 21
 8.250000E+01 7 0 0 0 0 0 0 0 0 0 0 0 15 17 14 20 20 18
 8.300000E+01 6 0 0 0 0 0 0 0 0 0 0 0 16 16 18 17 20 19
 8.350000E+01 11 0 0 0 0 0 0 0 0 0 0 0 12 15 15 18 18 16
 8.400000E+01 9 0 0 0 0 0 0 0 0 0 0 0 19 19 15 21 16 11
 8.450000E+01 7 0 0 0 0 0 0 1 0 0 0 0 18 21 14 15 22 18
 8.500000E+01 6 0 0 0 0 0 0 0 0 1 0 0 15 19 14 19 23 18
 8.550000E+01 5 0 0 0 0 0 0 1 0 0 0 0 12 15 18 25 15 15
 8.600000E+01 7 0 0 0 0 0 0 0 0 1 0 0 20 17 14 15 13 14
 8.650000E+01 8 0 0 0 0 0 0 0 0 0 0 0 17 15 19 21 26 13
 8.700000E+01 10 0 0 0 0 0 0 1 0 0 0 0 14 18 16 24 25 15
 8.750000E+01 12 0 0 0 0 0 0 0 0 1 0 0 15 17 12 22 25 14
 8.800000E+01 7 0 0 0 0 0 0 1 0 1 0 0 14 23 14 18 19 13
 8.850000E+01 5 0 0 0 0 0 0 0 0 2 0 0 15 22 19 18 17 11
 8.900000E+01 6 0 0 0 0 0 0 0 0 1 0 0 17 26 22 15 14 12
 8.950000E+01 11 0 0 0 0 0 0 0 0 0 0 0 21 20 15 17 16 11
 9.000000E+01 9 0 0 0 0 0 0 0 0 0 0 0 15 13 17 17 16 12
 9.050000E+01 12 0 0 0 0 0 0 0 0 0 0 0 16 14 15 24 15 14
 9.100000E+01 3 0 0 0 0 0 0 0 0 0 0 0 19 18 13 30 19 12
 9.150000E+01 14 0 0 0 0 0 0 0 0 0 0 0 16 21 17 29 15 12
 9.200000E+01 9 0 0 0 0 0 0 0 0 0 0 0 16 20 18 22 14 16
 9.250000E+01 7 0 0 0 0 0 0 0 0 0 0 0 19 21 23 17 12 14
 9.300000E+01 8 0 0 0 0 0 0 0 0 0 0 0 22 16 22 18 15 17
 9.350000E+01 8 0 0 0 0 0 0 0 0 0 0 0 16 12 17 19 13 14
 9.400000E+01 7 0 0 0 0 0 0 0 0 0 0 0 22 18 21 17 17 16
 9.450000E+01 9 0 0 0 0 0 0 0 0 0 0 0 23 16 14 19 14 15
 9.500000E+01 8 0 0 0 0 0 0 0 0 0 0 0 16 14 21 22 16 24
 9.550000E+01 7 0 0 0 0 0 0 0 0 1 0 0 15 15 15 17 25 17
 9.600000E+01 7 0 0 0 0 0 0 1 0 0 0 0 18 19 20 14 22 14
 9.650000E+01 10 0 0 0 0 0 0 0 0 0 0 0 13 10 20 18 24 22
 9.700000E+01 6 0 0 0 0 0 0 0 0 1 0 0 14 8 20 19 29 20
 9.750000E+01 4 0 0 0 0 0 0 0 0 0 0 0 12 16 22 16 24 11
 9.800000E+01 6 0 0 0 0 0 0 0 0 1 0 0 15 13 17 12 21 22
 9.850000E+01 6 0 0 0 0 0 0 0 0 0 0 0 20 18 15 14 20 19
 9.900000E+01 6 0 0 0 0 0 0 0 0 0 0 0 19 18 12 16 14 23
 9.950000E+01 5 0 0 0 0 0 0 0 0 0 0 0 18 18 8 21 17 17
 1.000000E+02 6 0 0 0 0 0 0 0 0 0 0 0 19 14 12 21 16 11
 1.005000E+02 8 0 0 0 0 0 0 0 0 0 0 0 19 17 15 18 10 14
 1.010000E+02 8 0 0 0 0 0 0 0 0 0 0 0 26 13 17 19 13 15
 1.015000E+02 7 0 0 0 0 0 0 0 0 0 0 0 18 8 15 23 17 14
 1.020000E+02 11 0 0 0 0 0 0 0 0 0 0 0 20 16 15 21 14 15
 1.025000E+02 4 0 0 0 0 0 0 0 0 0 0 0 12 23 16 15 16 14
 1.030000E+02 7 0 0 0 0 0 0 0 0 2 0 0 14 22 13 22 13 16
 1.035000E+02 13 0 0 0 0 0 0 0 0 0 0 0 16 18 19 25 16 17
 1.040000E+02 4 0 0 0 0 0 0 0 0 0 0 0 13 11 20 21 17 23
 1.045000E+02 7 0 0 0 0 0 0 1 0 0 0 0 15 21 14 15 17 26
 1.050000E+02 10 0 0 0 0 0 0 1 0 0 0 0 16 11 15 14 21 24
 1.055000E+02 8 0 0 0 0 0 0 1 0 0 0 0 11 20 10 16 18 24
 1.060000E+02 5 0 0 0 0 0 0 0 0 0 0 0 11 24 13 18 20 16
 1.065000E+02 7 0 0 0 0 0 0 0 0 0 0 0 16 26 16 19 13 17
 1.070000E+02 13 0 0 0 0 0 0 0 0 0 0 0 17 21 14 18 14 26
 1.075000E+02 5 0 0 0 0 0 0 0 0 0 0 0 23 17 5 13 14 31
 1.080000E+02 10 0 0 0 0 0 0 0 0 1 0 0 22 21 11 12 18 21
 1.085000E+02 14 0 0 0 0 0 0 0 0 1 0 0 22 27 12 11 17 19
 1.090000E+02 6 0 0 0 0 0 0 0 0 1 0 0 20 19 10 13 22 22
 1.095000E+02 7 0 0 0 0 0 0 0 0 0 0 0 11 15 21 11 27 21
 1.100000E+02 5 0 0 0 0 0 0 0 0 0 0 0 13 16 21 20 20 17
 1.105000E+02 5 0 0 0 0 0 0 0 0 0 0 0 14 21 19 18 17 13
 1.110000E+02 4 0 0 0 0 0 0 0 0 0 0 0 20 15 20 15 23 11
 1.115000E+02 9 0 0 0 0 0 0 0 0 0 0 0 27 13 15 18 11 16
 1.120000E+02 7 0 0 0 0 0 0 0 0 0 0 0 23 21 14 12 14 19
 1.125000E+02 9 0 0 0 0 0 0 0 0 0 0 0 17 19 14 16 12 18
 1.130000E+02 4 0 0 0 0 0 0 0 0 0 0 0 16 19 21 18 20 20
 1.135000E+02 5 0 0 0 0 0 0 0 0 0 0 0 17 15 19 21 19 13
 1.140000E+02 11 0 0 0 0 0 0 0 0 0 0 0 11 15 17 20 19 13
 1.145000E+02 14 0 0 0 0 0 0 0 0 0 0 0 20 14 18 19 17 23
 1.150000E+02 3 0 0 0 0 0 0 0 0 0 0 0 16 19 13 22 24 19
 1.155000E+02 8 0 0 0 0 0 0 0 0 1 0 0 19 21 12 19 16 21
 1.160000E+02 13 0 0 0 0 0 0 0 0 1 0 0 13 22 18 19 20 21
 1.165000E+02 13 0 0 0 0 0 0 0 0 1 0 0 8 21 18 23 15 21
 1.170000E+02 4 0 0 0 0 0 0 0 0 1 0 0 12 19 19 21 12 17
 1.175000E+02 2 0 0 0 0 0 0 0 0 1 0 0 18 23 18 20 12 17
 1.180000E+02 12 0 0 0 0 0 0 0 0 1 0 0 18 18 22 20 12 17
 1.185000E+02 7 0 0 0 0 0 0 1 0 0 0 0 18 21 19 17 17 15
 1.190000E+02 6 0 0 0 0 0 0 0 0 1 0 0 19 19 17 20 12 16
 1.195000E+02 9 0 0 0 0 0 0 1 0 0 0 0 23 12 20 18 14 17
 1.200000E+02 7 0 0 0 0 0 0 1 0 0 0 0 21 16 17 17 14 16
 1.205000E+02 5 0 0 0 0 0 0 1 0 1 0 0 16 15 20 17 16 22
 1.210000E+02 10 0 0 0 0 0 0 1 0 1 0 0 14 17 18 20 12 16
 1.215000E+02 4 0 0 0 0 0 0 1 0 0 0 0 14 28 17 22 17 14
 1.220000E+02 6 0 0 0 0 0 0 1 0 0 0 0 15 28 15 19 21 15
 1.225000E+02 7 0 0 0 0 0 0 0 0 1 0 0 16 18 17 13 22 17
 1.230000E+02 9 0 0 0 0 0 0 1 0 1 0 0 15 23 15 17 20 16
 1.235000E+02 11 0 0 0 0 0 0 1 0 0 0 0 17 19 10 16 19 23
 1.240000E+02 8 0 0 0 0 0 0 0 0 0 0 0 11 15 12 23 14 26
 1.245000E+02 9 0 0 0 0 0 0 0 0 0 0 0 16 15 16 22 19 17
 1.250000E+02 10 0 0 0 0 0 0 0 0 0 0 0 15 17 14 26 18 14
 1.255000E+02 9 0 0 0 0 0 0 0 0 0 0 0 15 17 17 26 17 14
 1.260000E+02 10 0 0 0 0 0 0 0 0 0 0 0 18 15 24 22 15 15
 1.265000E+02 9 0 0 0 0 0 0 0 0 0 0 0 19 17 21 19 13 15
 1.270000E+02 5 0 0 0 0 0 0 0 0 0 0 0 24 17 21 13 22 16
 1.275000E+02 8 0 0 0 0 0 0 0 0 0 0 0 21 15 22 11 20 14
 1.280000E+02 8 0 0 0 0 0 0 0 0 0 0 0 15 14 22 15 13 16
 1.285000E+02 11 0 0 0 0 0 0 0 0 1 0 0 12 12 30 19 23 12
 1.290000E+02 8 0 0 0 0 0 0 1 0 0 0 0 17 16 20 19 16 10
 1.295000E+02 9 0 0 0 0 0 0 0 0 0 0 0 20 9 23 22 18 12
 1.300000E+02 11 0 0 0 0 0 0 0 0 0 0 0 18 13 22 19 16 11
 1.305000E+02 5 0 0 0 0 0 0 0 0 0 0 0 14 21 21 17 17 12
 1.310000E+02 7 0 0 0 0 0 0 0 0 0 0 0 20 16 14 22 18 10
 1.315000E+02 19 0 0 0 0 0 0 0 0 0 0 0 27 19 13 16 19 13
 1.320000E+02 13 0 0 0 0 1 0 0 0 0 0 0 20 24 11 17 21 11
 1.325000E+02 8 0 0 0 0 0 0 0 0 1 0 0 26 28 9 12 22 11
 1.330000E+02 7 0 0 0 0 0 0 0 0 0 0 0 21 22 18 12 27 12
 1.335000E+02 7 0 0 0 0 0 0 0 0 0 0 0 18 22 16 17 17 15
 1.340000E+02 4 0 0 0 0 0 0 0 0 0 0 0 15 19 25 19 16 16
 1.345000E+02 8 0 0 0 0 0 0 0 0 0 0 0 19 16 18 23 14 11
 1.350000E+02 11 0 0 0 0 0 0 0 0 0 0 0 16 16 16 20 14 24
 1.355000E+02 8 0 0 0 0 0 0 0 0 0 0 0 22 22 17 14 15 18
 1.360000E+02 2 0 0 0 0 0 0 0 0 1 0 0 24 18 18 11 21 17
 1.365000E+02 6 0 0 0 0 0 0 0 0 1 0 0 16 18 14 11 15 19
 1.370000E+02 10 0 0 0 0 0 0 0 0 0 0 0 20 21 14 18 20 18
 1.375000E+02 17 0 0 0 0 0 0 0 0 1 0 0 15 17 15 14 19 24
 1.380000E+02 9 0 0 0 0 0 0 0 0 1 0 0 16 18 23 15 12 22
 1.385000E+02 14 0 0 0 0 1 0 0 0 0 0 0 17 28 17 16 18 16
 1.390000E+02 6 0 0 0 0 0 0 0 0 0 0 0 10 17 10 15 20 23
 1.395000E+02 9 0 0 0 0 0 0 0 0 0 0 0 16 19 18 17 20 25
 1.400000E+02 11 0 0 0 0 0 0 0 0 0 0 0 14 20 13 18 23 13
 1.405000E+02 12 0 0 0 0 0 0 0 0 0 0 0 21 21 17 19 19 12
 1.410000E+02 10 0 0 0 0 0 0 1 0 0 0 0 15 14 21 17 5 18
 1.415000E+02 8 0 0 0 0 0 0 0 0 2 0 0 18 16 19 21 14 20
 1.420000E+02 9 0 0 0 0 0 0 0 0 1 0 0 12 17 22 23 17 19
 1.425000E+02 7 0 0 0 0 0 0 0 0 1 0 0 20 17 16 18 20 14
 1.430000E+02 13 0 0 0 0 0 0 0 0 0 0 0 22 17 17 14 22 16
 1.435000E+02 10 0 0 0 0 0 0 0 0 0 0 0 16 17 17 24 16 13
 1.440000E+02 5 0 0 0 0 0 0 0 0 0 0 0 17 21 13 18 15 20
 1.445000E+02 10 0 0 0 0 0 0 0 0 0 0 0 14 20 11 21 14 18
 1.450000E+02 14 0 0 0 0 0 0 0 0 0 0 0 16 18 11 24 17 17
 1.455000E+02 7 0 0 0 0 0 0 0 0 0 0 0 14 20 10 23 18 23
 1.460000E+02 5 0 0 0 0 0 0 0 0 0 0 0 18 16 15 18 17 27
 1.465000E+02 7 0 0 0 0 0 0 0 0 0 0 0 19 20 19 14 22 19
 1.470000E+02 7 0 0 0 0 0 0 0 0 0 0 0 12 26 26 10 17 13
 1.475000E+02 6 0 0 0 0 0 0 0 0 0 0 0 19 24 21 10 20 15
 1.480000E+02 11 0 0 0 0 0 0 0 0 1 0 0 17 19 21 12 11 14
 1.485000E+02 7 0 0 0 0 0 0 0 0 1 0 0 14 22 13 21 18 17
 1.490000E+02 11 0 0 0 0 0 0 0 0 0 0 0 22 25 15 15 18 15
 1.495000E+02 4 0 0 0 0 0 0 0 0 1 0 0 19 13 15 15 14 22
 1.500000E+02 6 0 0 0 0 0 0 0 0 1 0 0 18 18 16 15 18 21
 1.505000E+02 6 0 0 0 0 0 0 0 0 1 0 0 18 22 20 15 16 14
 1.510000E+02 5 0 0 0 0 0 0 0 0 0 0 0 17 26 21 18 19 12
 1.515000E+02 11 0 0 0 0 0 0 0 0 1 0 0 12 25 20 18 19 15
 1.520000E+02 9 0 0 0 0 0 0 1 0 0 0 0 12 12 22 15 26 16
 1.525000E+02 9 0 0 0 0 0 0 0 0 1 0 0 14 17 12 13 19 15
 1.530000E+02 7 0 0 0 0 0 0 0 0 1 0 0 13 16 13 16 22 15
 1.535000E+02 7 0 0 0 0 1 0 0 0 0 0 0 15 18 16 14 19 23
 1.540000E+02 8 0 0 0 0 0 0 0 0 0 0 0 13 26 20 16 17 19
 1.545000E+02 12 0 0 0 0 0 0 0 0 0 0 0 10 23 15 14 22 20
 1.550000E+02 8 0 0 0 0 0 0 0 0 0 0 0 16 15 14 14 21 20
 1.555000E+02 8 0 0 0 0 0 0 0 0 0 0 0 13 18 13 19 21 18
 1.560000E+02 10 0 0 0 0 0 0 0 0 0 0 0 14 20 12 24 15 19
 1.565000E+02 9 0 0 0 0 0 0 0 0 0 0 0 21 23 16 20 17 13
 1.570000E+02 12 0 0 0 0 0 0 0 0 0 0 0 19 18 15 15 21 20
 1.575000E+02 16 0 0 0 0 0 0 0 0 0 0 0 15 19 16 12 28 13
 1.580000E+02 7 0 0 0 0 0 0 0 0 0 0 0 21 25 16 10 19 18
 1.585000E+02 4 0 0 0 0 0 0 0 0 1 0 0 21 19 18 15 20 14
 1.590000E+02 10 0 0 0 0 0 0 1 0 0 0 0 16 13 18 18 25 16
 1.595000E+02 11 0 0 0 0 0 0 0 0 0 0 0 16 13 22 16 18 12
 1.600000E+02 12 0 0 0 0 0 0 0 0 0 0 0 18 19 19 13 13 10
 1.605000E+02 8 0 0 0 0 0 0 0 0 0 0 0 16 19 19 15 14 16
 1.610000E+02 8 0 0 0 0 0 0 0 0 0 0 0 19 18 20 19 15 14
 1.615000E+02 10 0 0 0 0 0 0 0 0 0 0 0 18 21 22 24 20 13
 1.620000E+02 7 0 0 0 0 0 0 0 0 0 0 0 19 19 16 17 15 12
 1.625000E+02 9 0 0 0 0 0 0 0 0 0 0 0 19 15 13 26 9 18
 1.630000E+02 9 0 0 0 0 0 0 0 0 1 0 0 22 18 16 16 16 15
 1.635000E+02 11 0 0 0 0 0 0 0 0 0 0 0 21 17 24 10 19 13
 1.640000E+02 11 0 0 0 0 0 0 1 0 0 0 0 23 20 14 10 19 22
 1.645000E+02 12 0 0 0 0 0 0 0 0 1 0 0 21 17 19 13 23 22
 1.650000E+02 9 0 0 0 0 0 0 0 0 1 0 0 18 19 13 15 22 17
 1.655000E+02 12 0 0 0 0 0 0 1 0 0 0 0 17 13 20 15 20 18
 1.660000E+02 10 0 0 0 0 0 0 0 0 0 0 0 18 14 13 17 19 18
 1.665000E+02 10 0 0 0 0 0 0 0 0 0 0 0 20 15 14 16 19 23
 1.670000E+02 7 0 0 0 0 0 0 0 0 0 0 0 22 8 20 15 20 16
 1.675000E+02 12 0 0 0 0 0 0 0 0 0 0 0 18 12 19 20 21 21
 1.680000E+02 8 0 0 0 0 0 0 0 0 0 0 0 18 12 21 14 17 20
 1.685000E+02 7 0 0 0 0 0 0 0 0 0 0 0 15 20 17 13 18 20
 1.690000E+02 5 0 0 0 0 0 0 0 0 0 0 0 18 20 22 15 11 26
 1.695000E+02 15 0 0 0 0 0 0 1 0 0 0 0 26 17 13 14 19 16
 1.700000E+02 8 0 0 0 0 0 0 0 0 0 0 0 20 20 14 9 25 14
 1.705000E+02 4 0 0 0 0 0 0 0 0 0 0 0 25 12 17 15 24 17
 1.710000E+02 7 0 0 0 0 0 0 0 0 0 0 0 24 16 16 12 18 16
 1.715000E+02 8 0 0 0 0 0 0 0 0 1 0 0 19 19 13 18 24 15
 1.720000E+02 7 0 0 0 0 0 0 0 0 0 0 0 20 18 17 19 24 18
 1.725000E+02 11 0 0 0 0 0 0 0 0 0 0 0 22 15 18 15 16 20
 1.730000E+02 8 0 0 0 0 0 0 0 0 0 0 0 17 16 9 24 14 20
 1.735000E+02 8 0 0 0 0 0 0 0 0 0 0 0 20 12 14 21 12 19
 1.740000E+02 10 0 0 0 0 0 0 0 0 0 0 0 15 21 11 18 18 21
 1.745000E+02 13 0 0 0 0 0 0 0 0 0 0 0 19 22 14 16 19 21
 1.750000E+02 8 0 0 0 0 0 0 0 0 0 0 0 18 22 20 15 19 15
 1.755000E+02 7 0 0 0 0 0 0 0 0 0 0 0 27 20 22 17 15 13
 1.760000E+02 7 0 0 0 0 0 0 0 0 0 0 0 21 16 28 25 8 15
 1.765000E+02 6 0 0 0 0 0 0 0 0 0 0 0 21 15 31 24 10 17
 1.770000E+02 2 0 0 0 0 0 0 0 0 0 0 0 13 12 25 23 11 16
 1.775000E+02 12 0 0 0 0 0 0 0 0 0 0 0 11 13 19 25 16 20
 1.780000E+02 8 0 0 0 0 0 0 0 0 0 0 0 12 10 21 23 21 23
 1.785000E+02 14 0 0 0 0 0 0 0 0 0 0 0 15 11 17 25 17 11
 1.790000E+02 10 0 0 0 0 0 0 0 0 0 0 0 14 14 13 25 18 21
 1.795000E+02 6 0 0 0 0 0 0 0 0 0 0 0 13 20 14 22 14 20
 1.800000E+02 9 0 0 0 0 0 0 0 0 0 0 0 8 23 11 21 18 25
 1.805000E+02 8 0 0 0 0 0 0 0 0 0 0 0 18 23 11 18 18 19
 1.810000E+02 11 0 0 0 0 0 0 0 0 0 0 0 18 19 17 14 17 16
 1.815000E+02 8 0 0 0 0 0 0 0 0 1 0 0 20 17 13 13 21 16
 1.820000E+02 7 0 0 0 0 0 0 1 0 0 0 0 26 21 10 21 25 9
 1.825000E+02 15 0 0 0 0 0 0 0 0 1 0 0 21 13 14 24 24 12
 1.830000E+02 10 0 0 0 0 0 0 1 0 0 0 0 11 13 17 18 25 20
 1.835000E+02 14 0 0 0 0 0 0 0 0 0 0 0 14 11 21 16 27 18
 1.840000E+02 7 0 0 0 0 0 0 0 0 0 0 0 13 16 19 18 17 23
 1.845000E+02 5 0 0 0 0 0 0 1 0 0 0 0 21 18 25 19 20 11
 1.850000E+02 9 0 0 0 0 0 0 0 0 0 0 0 17 18 19 20 16 16
 1.855000E+02 12 0 0 0 0 0 0 0 0 0 0 0 10 17 21 15 21 16
 1.860000E+02 6 0 0 0 0 0 0 0 0 0 0 0 16 9 17 17 20 16
 1.865000E+02 9 0 0 0 0 0 0 0 0 0 0 0 16 18 16 15 24 16
 1.870000E+02 9 0 0 0 0 0 0 0 0 0 0 0 18 19 17 11 23 15
 1.875000E+02 5 0 0 0 0 0 0 0 0 0 0 0 15 15 13 18 24 21
 1.880000E+02 4 0 0 0 0 0 0 0 0 0 0 0 12 16 17 19 22 19
 1.885000E+02 7 0 0 0 0 0 0 0 0 0 0 0 21 18 18 19 20 16
 1.890000E+02 14 0 0 0 0 0 0 0 0 0 0 0 17 12 24 20 16 14
 1.895000E+02 7 0 0 0 0 0 0 0 0 0 0 0 19 9 17 17 20 18
 1.900000E+02 10 0 0 0 0 0 0 0 0 0 0 0 15 7 17 10 19 18
 1.905000E+02 4 0 0 0 0 0 0 0 0 1 0 0 15 11 21 16 21 25
 1.910000E+02 9 0 0 0 0 0 0 0 0 1 0 0 20 14 23 15 17 12
 1.915000E+02 3 0 0 0 0 0 0 1 0 0 0 0 19 19 19 13 21 14
 1.920000E+02 7 0 0 0 0 0 0 0 0 0 0 0 14 13 21 15 13 11
 1.925000E+02 3 0 0 0 0 0 0 0 0 1 0 0 20 17 24 12 19 16
 1.930000E+02 6 0 0 0 0 0 0 0 0 0 0 0 17 19 21 12 20 20
 1.935000E+02 11 0 0 0 0 0 0 0 0 0 0 0 13 24 20 14 14 24
 1.940000E+02 8 0 0 0 0 0 0 0 0 0 0 0 15 24 22 15 17 19
 1.945000E+02 9 0 0 0 0 0 0 0 0 2 0 0 19 21 21 16 11 19
 1.950000E+02 9 0 0 0 0 0 0 0 0 1 0 0 16 22 17 11 20 25
 1.955000E+02 6 0 0 0 0 0 0 0 0 0 0 0 19 17 22 13 16 27
 1.960000E+02 12 0 0 0 0 0 0 0 0 0 0 0 17 13 23 20 20 20
 1.965000E+02 8 0 0 0 0 0 0 0 0 2 0 0 20 23 16 20 16 17
 1.970000E+02 10 0 0 0 0 0 0 0 0 0 0 0 14 18 21 19 16 7
 1.975000E+02 11 0 0 0 0 0 0 0 0 0 0 0 24 18 17 19 16 10
 1.980000E+02 12 0 0 0 0 0 0 0 0 0 0 0 18 19 11 21 17 16
 1.985000E+02 6 0 0 0 0 0 0 0 0 0 0 0 21 23 13 14 20 20
 1.990000E+02 13 0 0 0 0 0 0 0 0 0 0 0 12 22 18 19 19 13
 1.995000E+02 10 0 0 0 0 0 0 0 0 0 0 0 17 25 15 25 16 13
 2.000000E+02 8 0 0 0 0 0 0 0 0 0 0 0 16 20 18 24 11 15
 2.005000E+02 6 0 0 0 0 0 0 0 0 0 0 0 23 22 14 19 9 13
 2.010000E+02 6 0 0 0 0 0 0 0 0 0 0 0 22 18 23 21 8 12
 2.015000E+02 4 0 0 0 0 0 0 0 0 0 0 0 17 21 20 26 14 9
 2.020000E+02 9 0 0 0 0 0 0 0 0 0 0 0 13 17 20 19 17 18
 2.025000E+02 6 0 0 0 0 0 0 0 0 0 0 0 14 9 15 18 23 11
 2.030000E+02 8 0 0 0 0 0 0 0 0 1 0 0 18 15 23 16 15 14
 2.035000E+02 9 0 0 0 0 0 0 0 0 1 0 0 21 15 14 10 15 20
 2.040000E+02 10 0 0 0 0 0 0 1 0 0 0 0 15 14 19 17 16 20
 2.045000E+02 9 0 0 0 0 0 0 0 0 0 0 0 15 15 18 14 14 21
 2.050000E+02 9 0 0 0 0 0 0 0 0 0 0 0 14 16 14 10 15 15
 2.055000E+02 8 0 0 0 0 0 0 0 0 0 0 0 13 15 15 13 13 17
 2.060000E+02 9 0 0 0 0 0 0 0 0 0 0 0 15 15 15 15 21 21
 2.065000E+02 8 0 0 0 0 0 0 0 0 0 0 0 14 18 13 14 16 13
 2.070000E+02 12 0 0 0 0 0 0 0 0 0 0 0 11 20 16 12 17 11
 2.075000E+02 10 0 0 0 0 0 0 0 0 0 0 0 11 17 19 14 11 8
 2.080000E+02 7 0 0 0 0 0 0 0 0 0 0 0 9 17 16 12 14 8
 2.085000E+02 5 0 0 0 0 0 0 0 0 0 0 1 9 22 12 13 25 11
 2.090000E+02 12 0 0 0 0 0 0 0 0 0 0 0 14 14 13 15 16 13
 2.095000E+02 3 0 0 0 0 0 0 0 0 0 0 0 16 26 14 11 19 6
 2.100000E+02 9 0 0 0 0 0 0 0 0 1 0 0 15 17 18 6 19 15
 2.105000E+02 6 0 0 0 0 0 0 1 0 0 0 0 17 17 19 10 14 19
 2.110000E+02 4 0 0 0 0 0 0 0 0 0 0 1 17 15 15 12 12 17
 2.115000E+02 8 0 0 0 0 0 0 0 0 1 0 0 12 12 18 14 15 19
 2.120000E+02 4 0 0 0 0 0 0 0 0 1 0 0 15 18 16 13 19 23
 2.125000E+02 16 0 0 0 0 0 0 0 0 1 0 0 9 13 13 14 12 25
 2.130000E+02 4 0 0 0 0 0 0 0 0 0 0 0 13 13 17 15 10 19
 2.135000E+02 8 0 0 0 0 0 0 0 0 0 0 0 12 15 16 11 12 16
 2.140000E+02 5 0 0 0 0 0 0 0 0 0 0 0 14 16 16 16 12 15
 2.145000E+02 10 0 0 0 0 0 0 0 0 0 0 0 13 15 11 13 16 20
 2.150000E+02 9 0 0 0 0 0 0 0 0 0 0 0 11 13 12 11 13 18
 2.155000E+02 5 0 0 0 0 0 0 0 0 0 0 0 17 19 19 10 14 16
 2.160000E+02 13 0 0 0 0 0 0 0 0 0 0 0 15 18 18 18 8 12
 2.165000E+02 6 0 0 0 0 0 0 0 0 0 0 0 19 18 14 10 12 21
 2.170000E+02 13 0 0 1 0 0 0 0 0 0 0 0 13 22 16 15 15 17
 2.175000E+02 16 0 0 0 0 0 0 0 0 0 0 0 11 13 17 13 19 15
 2.180000E+02 10 0 0 0 0 0 0 0 0 0 0 0 10 13 15 14 18 15
 2.185000E+02 8 0 0 0 0 0 0 0 0 0 0 0 12 17 15 18 13 16
 2.190000E+02 10 0 0 0 0 0 0 0 0 0 0 0 10 19 20 13 15 15
 2.195000E+02 5 0 0 0 0 0 0 0 0 0 0 0 13 16 26 9 18 17
 2.200000E+02 6 0 0 0 0 0 0 0 0 0 0 0 11 13 18 10 15 14
 2.205000E+02 6 0 0 0 0 0 0 0 0 0 0 0 20 18 17 18 10 14
 2.210000E+02 11 0 0 0 0 0 0 0 0 0 0 0 17 12 16 18 13 11
 2.215000E+02 8 0 0 0 0 0 0 0 0 0 0 0 16 14 13 14 15 11
 2.220000E+02 3 0 0 0 0 0 0 0 0 0 0 0 17 13 15 17 13 11
 2.225000E+02 7 0 0 0 0 0 0 0 0 0 0 0 13 13 13 14 16 13
 2.230000E+02 10 0 0 0 0 0 0 0 0 0 0 0 15 16 11 17 12 15
 2.235000E+02 10 0 0 0 0 0 0 0 0 0 0 0 15 14 17 17 16 14
 2.240000E+02 10 0 0 0 0 0 0 0 0 0 0 0 19 17 18 22 10 11
 2.245000E+02 2 0 0 0 0 0 0 0 0 0 0 0 21 12 17 13 13 12
 2.250000E+02 11 0 0 0 0 0 0 0 0 1 0 0 17 11 19 10 17 18
 2.255000E+02 9 0 0 0 0 0 0 0 0 1 0 0 23 13 13 17 10 24
 2.260000E+02 8 0 0 0 0 0 0 0 0 1 0 0 20 12 11 21 17 18
 2.265000E+02 10 0 0 0 0 0 0 0 0 1 0 0 21 13 11 16 16 15
 2.270000E+02 7 0 0 0 0 0 0 0 0 0 0 0 16 15 10 19 15 15
 2.275000E+02 8 0 0 0 0 0 0 0 0 0 0 0 14 15 20 14 20 16
 2.280000E+02 8 0 0 0 0 0 0 0 0 0 0 0 15 15 16 16 15 13
 2.285000E+02 7 0 0 0 0 0 0 0 0 0 0 0 17 9 15 17 14 15
 2.290000E+02 5 0 0 0 0 0 0 0 0 0 0 0 15 13 21 12 20 14
 2.295000E+02 4 0 0 0 0 0 0 0 0 0 0 0 20 10 17 15 16 11
 2.300000E+02 6 0 0 0 0 0 0 0 0 0 0 0 17 15 18 10 20 11
 2.305000E+02 13 0 0 0 0 0 0 0 0 0 0 0 18 12 12 15 25 13
 2.310000E+02 14 0 0 0 0 0 0 0 0 0 0 0 17 16 19 20 14 12
 2.315000E+02 5 0 0 0 0 0 0 0 0 0 0 0 14 16 25 19 12 13
 2.320000E+02 8 0 0 0 0 0 0 0 0 0 0 0 17 13 19 16 9 15
 2.325000E+02 11 0 0 0 0 0 0 0 0 0 0 0 22 13 12 18 12 18
 2.330000E+02 13 0 0 0 0 0 0 0 0 0 0 0 17 17 21 15 17 12
 2.335000E+02 7 0 0 0 0 0 0 0 0 1 0 0 20 17 22 14 19 15
 2.340000E+02 8 0 0 0 0 0 0 0 0 0 0 0 18 12 19 13 15 14
 2.345000E+02 8 0 0 0 0 0 0 0 0 0 0 0 16 12 21 13 8 19
 2.350000E+02 9 0 0 0 0 0 0 0 0 1 0 0 20 16 18 20 17 18
 2.355000E+02 10 0 0 1 0 0 0 0 0 0 0 0 18 15 14 14 13 19
 2.360000E+02 8 0 0 0 0 0 0 0 0 0 0 0 15 11 14 14 19 18
 2.365000E+02 13 0 0 0 0 0 0 0 0 0 0 0 22 10 15 18 15 23
 2.370000E+02 6 0 0 0 0 0 0 0 0 0 0 0 16 14 18 17 16 15
 2.375000E+02 7 0 0 0 0 0 0 0 0 1 0 0 14 12 12 16 16 21
 2.380000E+02 8 0 0 0 0 0 0 0 0 0 0 0 12 19 9 16 16 15
 2.385000E+02 6 0 0 0 0 0 0 0 0 0 0 0 18 21 19 17 16 15
 2.390000E+02 7 0 0 0 0 0 0 0 0 0 0 0 20 15 20 19 21 6
 2.395000E+02 6 0 0 0 0 0 0 0 0 0 0 0 13 15 20 15 19 14
 2.400000E+02 10 0 0 0 0 0 0 0 0 0 0 0 10 20 17 16 14 16
 2.405000E+02 8 0 0 0 0 0 0 0 0 0 0 0 16 13 26 14 11 17
 2.410000E+02 8 0 0 0 0 0 0 0 0 1 0 0 14 15 15 15 15 20
 2.415000E+02 7 0 0 0 0 0 0 0 0 0 0 0 13 16 16 14 20 20
 2.420000E+02 6 0 0 0 0 0 0 0 0 0 0 0 11 17 13 14 27 21
 2.425000E+02 12 0 0 0 0 0 0 0 0 0 0 0 12 17 11 23 24 14
 2.430000E+02 7 0 0 0 0 0 0 0 0 0 0 0 10 14 16 21 15 15
 2.435000E+02 7 0 0 0 0 0 0 0 0 0 0 0 20 15 21 12 18 17
 2.440000E+02 3 0 0 0 0 0 0 0 0 0 0 0 18 21 17 12 23 18
 2.445000E+02 16 0 0 0 0 0 0 0 0 0 0 0 20 20 21 8 21 22
 2.450000E+02 5 0 0 0 0 0 0 1 0 0 0 0 21 18 16 14 10 18
 2.455000E+02 9 0 0 0 0 0 0 0 0 1 0 0 17 18 13 18 16 18
 2.460000E+02 10 0 0 0 0 0 0 0 0 0 0 0 15 15 16 17 15 17
 2.465000E+02 9 0 0 0 0 0 0 0 0 0 0 0 23 19 12 21 12 17
 2.470000E+02 11 0 0 0 0 0 0 1 0 0 0 0 22 17 17 15 18 15
 2.475000E+02 12 0 0 0 0 0 0 0 0 0 0 0 26 12 14 8 21 21
 2.480000E+02 12 0 0 0 0 0 0 0 0 0 0 0 22 18 12 12 14 23
 2.485000E+02 4 0 0 0 0 0 0 0 0 0 0 0 20 17 13 16 16 25
 2.490000E+02 9 0 0 0 0 0 0 0 0 0 0 0 16 13 9 18 17 14
 2.495000E+02 9 0 0 0 0 0 0 0 0 0 0 0 23 15 12 26 13 13
 2.500000E+02 13 0 0 0 0 0 0 0 0 0 0 0 17 16 14 22 17 11
 2.505000E+02 1038 0 0 1 0 0 0 0 0 6 2 0 0 0 0 0 0 0
 2.510000E+02 1810 0 0 2 0 0 0 3 0 17 0 0 0 0 0 0 0 0
 2.515000E+02 2066 0 0 7 0 0 0 2 0 27 0 0 0 0 0 0 0 0
 2.520000E+02 2150 2 0 3 0 0 0 1 0 33 0 1 0 0 0 0 0 0
 2.525000E+02 970 3 0 3 0 0 0 1 0 37 2 0 0 0 0 0 0 0
 2.530000E+02 415 0 0 3 0 0 0 1 0 29 4 0 0 0 0 0 0 1
 2.535000E+02 209 1 0 4 0 0 0 2 0 13 1 0 1 0 1 1 2 1
 2.540000E+02 110 1 0 5 0 0 0 1 0 9 0 1 1 1 3 2 1 1
 2.545000E+02 1322 0 0 3 0 0 0 2 0 18 1 1 0 0 0 0 0 0
 2.550000E+02 1841 2 0 4 0 1 0 3 0 31 1 2 0 0 0 0 0 0
 2.555000E+02 2100 0 0 6 0 0 0 4 1 29 2 0 0 0 0 0 0 0
 2.560000E+02 2269 1 0 5 0 0 0 5 0 33 1 1 0 0 0 0 0 0
 2.565000E+02 1014 1 0 7 0 1 0 7 0 39 1 1 0 0 0 0 0 0
 2.570000E+02 417 1 0 7 0 1 0 6 0 24 1 1 0 0 0 0 0 0
 2.575000E+02 191 0 0 3 0 0 0 2 0 23 0 1 0 0 0 0 0 0
 2.580000E+02 104 1 0 0 0 0 0 1 0 13 0 0 0 1 1 5 2 1
 2.585000E+02 1366 0 0 1 0 1 0 6 1 12 0 1 0 0 0 0 0 0
 2.590000E+02 1861 1 0 3 0 1 0 2 0 26 0 0 0 0 0 0 0 0
 2.595000E+02 2120 0 0 0 0 2 0 5 0 35 0 0 0 0 0 0 0 0
 2.600000E+02 2305 3 0 4 0 1 0 3 0 25 2 0 0 0 0 0 0 0
 2.605000E+02 1031 0 0 3 0 0 0 2 0 26 1 1 0 0 1 0 0 0
 2.610000E+02 424 0 0 4 0 0 0 1 0 17 0 0 0 0 0 0 0 0
 2.615000E+02 193 0 0 1 0 0 0 4 0 13 1 0 0 0 0 1 0 0
 2.620000E+02 107 1 0 1 0 0 0 6 0 8 0 0 1 2 1 1 1 2
 2.625000E+02 1302 0 0 1 0 2 0 1 1 12 1 0 0 0 0 0 0 0
 2.630000E+02 1844 0 0 2 0 1 0 5 0 19 0 0 0 0 0 0 0 0
 2.635000E+02 2055 1 0 3 0 2 1 4 0 34 0 0 0 0 0 0 0 0
 2.640000E+02 2158 0 0 3 0 3 0 5 0 36 1 2 0 0 0 0 0 0
 2.645000E+02 916 1 0 1 0 1 0 6 0 29 1 0 0 0 0 0 0 0
 2.650000E+02 397 0 0 1 0 0 1 1 0 21 1 4 0 0 0 0 1 0
 2.655000E+02 171 0 0 0 0 2 0 4 0 16 0 1 0 1 1 1 1 1
 2.660000E+02 90 1 0 1 0 0 0 2 0 15 0 1 2 1 1 3 1 3
 2.665000E+02 1363 1 0 0 0 0 0 2 0 17 0 1 0 0 0 0 0 0
 2.670000E+02 1931 0 0 3 0 0 0 4 0 25 0 0 0 0 0 0 0 0
 2.675000E+02 2160 0 0 4 0 4 0 5 0 26 0 0 0 0 0 0 0 0
 2.680000E+02 2257 1 0 2 0 5 0 6 0 27 0 0 0 0 0 0 0 0
 2.685000E+02 1000 1 0 3 0 1 0 1 0 36 0 0 0 0 0 0 0 0
 2.690000E+02 437 1 0 1 0 2 0 4 0 27 0 0 0 0 0 0 0 0
 2.695000E+02 187 1 0 1 0 0 0 3 0 24 0 2 0 0 0 1 1 1
 2.700000E+02 107 0 0 2 0 1 0 2 0 16 1 0 1 1 2 4 1 1
 2.705000E+02 1399 0 0 1 0 0 0 5 0 18 0 1 0 0 0 0 0 0
 2.710000E+02 1988 0 0 0 0 0 0 4 1 32 0 1 0 0 0 0 0 0
 2.715000E+02 2134 0 0 1 0 2 0 5 1 35 1 1 0 0 0 0 0 0
 2.720000E+02 2292 0 0 0 0 3 0 9 1 41 0 1 0 0 0 0 0 0
 2.725000E+02 962 1 0 1 0 2 0 4 1 32 1 1 0 0 0 0 0 0
 2.730000E+02 450 2 0 3 0 2 0 4 0 20 0 0 0 0 0 1 0 0
 2.735000E+02 204 1 0 0 0 1 0 1 0 17 0 1 0 0 0 0 1 0
 2.740000E+02 111 0 0 0 0 0 1 0 0 13 0 0 3 1 1 0 0 0
 2.745000E+02 1377 3 0 0 0 1 0 3 0 11 2 1 0 0 0 0 0 0
 2.750000E+02 1876 0 0 0 0 0 0 4 0 25 0 0 0 0 0 0 0 0
 2.755000E+02 2122 1 0 1 0 3 0 7 0 25 0 0 0 0 0 0 0 0
 2.760000E+02 2261 1 0 2 0 1 0 10 0 19 0 0 0 0 0 0 0 0
 2.765000E+02 963 1 0 2 0 3 0 4 0 28 0 0 0 0 0 0 0 0
 2.770000E+02 417 1 0 1 0 3 0 3 0 23 0 0 0 0 0 0 0 0
 2.775000E+02 205 1 0 1 0 0 0 2 0 20 1 0 0 1 1 0 0 0
 2.780000E+02 93 0 0 0 0 2 0 4 0 16 0 0 3 1 2 0 1 2
 2.785000E+02 1356 1 0 1 0 0 0 3 0 18 0 0 0 0 0 0 0 0
 2.790000E+02 1934 0 0 0 0 4 0 2 0 28 1 0 0 0 0 0 0 0
 2.795000E+02 2137 1 0 1 0 1 0 5 1 39 1 0 0 0 0 0 0 0
 2.800000E+02 2286 1 0 1 0 2 0 5 0 38 1 0 0 0 0 0 0 0
 2.805000E+02 1022 0 0 0 0 2 0 4 0 35 0 1 0 0 0 0 0 0
 2.810000E+02 440 1 0 1 0 2 0 5 1 31 0 0 0 0 0 0 0 0
 2.815000E+02 219 0 0 0 0 2 0 3 0 22 0 1 0 0 0 0 1 1
 2.820000E+02 89 0 0 0 0 0 0 0 0 15 2 1 1 4 3 1 1 0
 2.825000E+02 1358 1 0 0 0 0 0 1 0 15 1 3 0 0 0 0 0 0
 2.830000E+02 1917 0 0 0 0 3 0 7 0 19 1 1 0 0 0 0 0 0
 2.835000E+02 2133 0 0 2 0 1 0 6 0 29 0 1 0 0 0 0 0 0
 2.840000E+02 2249 0 0 0 0 0 1 10 0 36 0 1 0 0 0 0 0 0
 2.845000E+02 996 1 0 0 0 2 0 5 1 33 1 1 0 0 0 0 0 0
 2.850000E+02 422 1 0 0 0 2 0 2 1 19 0 0 0 0 0 0 0 0
 2.855000E+02 205 0 0 0 0 0 0 2 0 20 0 0 0 0 1 0 1 0
 2.860000E+02 101 1 0 0 0 2 0 2 0 11 0 0 3 3 1 1 1 2
 2.865000E+02 1388 0 0 0 0 0 0 3 0 16 0 0 0 0 0 0 1 0
 2.870000E+02 1920 0 0 0 0 2 0 5 0 22 0 1 0 0 0 0 0 0
 2.875000E+02 2172 2 0 2 0 0 0 6 1 24 2 1 0 0 0 0 0 0
 2.880000E+02 2184 0 0 2 0 0 0 5 0 41 1 1 0 0 0 0 0 0
 2.885000E+02 951 3 0 1 1 1 1 5 0 40 0 1 0 0 0 0 0 0
 2.890000E+02 408 0 0 0 0 0 0 5 0 34 0 0 0 0 0 0 0 0
 2.895000E+02 185 0 0 1 0 2 0 1 0 25 1 0 0 1 0 0 0 0
 2.900000E+02 99 0 0 0 0 1 0 3 0 8 0 0 3 2 2 1 0 2
 2.905000E+02 65 0 0 0 0 2 0 0 0 6 0 0 1 1 4 2 5 2
 2.910000E+02 55 0 0 0 0 0 0 1 0 3 0 0 6 5 0 6 9 6
 2.915000E+02 46 0 0 0 0 0 0 0 0 3 0 0 9 8 6 6 11 2
 2.920000E+02 37 0 0 0 0 0 0 0 0 2 0 0 9 11 6 9 10 6
 2.925000E+02 32 0 0 0 0 0 0 0 0 2 0 0 12 9 11 6 8 13
 2.930000E+02 41 0 0 0 0 0 0 0 0 1 0 0 13 15 9 12 11 8
 2.935000E+02 34 0 0 0 0 0 0 0 0 1 0 0 14 12 10 13 13 10
 2.940000E+02 30 0 0 0 0 0 0 0 0 1 0 0 12 10 18 11 13 17
 2.945000E+02 24 0 0 0 0 0 0 0 0 2 0 0 20 15 19 6 11 8
 2.950000E+02 26 0 0 0 0 0 0 0 0 2 0 0 14 11 11 19 15 19
 2.955000E+02 32 0 0 0 0 0 0 0 0 0 0 0 21 13 18 13 15 12
 2.960000E+02 17 0 0 0 0 0 0 0 0 0 0 0 12 14 15 10 23 16
 2.965000E+02 23 0 0 0 0 0 0 0 0 0 0 0 17 8 11 20 23 17
 2.970000E+02 17 0 0 0 0 0 0 0 0 0 0 0 19 10 11 22 15 20
 2.975000E+02 21 0 0 0 0 0 0 0 0 1 0 0 13 25 22 13 19 26
 2.980000E+02 11 0 0 0 0 0 0 0 0 2 0 0 21 19 12 15 26 16
 2.985000E+02 21 0 0 0 0 0 0 0 0 1 0 0 16 19 13 19 27 18
 2.990000E+02 20 0 0 0 0 0 0 0 0 0 0 0 18 17 13 25 28 21
 2.995000E+02 15 0 0 0 0 0 0 0 0 0 0 0 12 24 14 24 17 17
 3.000000E+02 9 0 0 0 0 0 0 0 0 0 0 0 23 18 13 16 20 12
 3.005000E+02 21 0 0 0 0 0 0 0 0 0 0 0 22 16 20 11 29 18
 3.010000E+02 21 0 0 0 0 0 0 0 0 0 0 0 23 15 23 20 16 15
 3.015000E+02 9 0 0 0 0 0 0 0 0 0 0 0 23 16 23 17 10 21
 3.020000E+02 22 0 0 0 0 0 0 0 0 0 0 0 24 20 18 21 7 27
 3.025000E+02 19 0 0 0 0 0 0 0 0 0 0 0 27 17 26 19 21 22
 3.030000E+02 10 0 0 0 0 0 0 0 0 0 0 0 25 17 18 23 12 11
 3.035000E+02 19 0 0 0 0 0 0 0 0 0 0 0 27 14 17 17 22 19
 3.040000E+02 13 0 0 0 0 0 0 0 0 1 0 0 27 19 15 21 22 12
 3.045000E+02 19 0 0 0 0 0 0 0 0 1 0 0 27 16 17 18 22 26
 3.050000E+02 17 0 0 0 0 0 0 0 0 1 0 0 21 18 16 9 20 19
 3.055000E+02 9 0 0 0 0 0 0 0 0 1 0 0 24 20 19 12 17 18
 3.060000E+02 18 0 0 0 0 0 0 0 0 2 0 0 20 26 18 22 23 18
 3.065000E+02 15 0 0 0 0 0 0 0 0 1 0 0 24 24 19 19 24 11
 3.070000E+02 14 0 0 0 0 0 0 0 0 0 1 0 23 20 17 16 14 16
 3.075000E+02 14 0 0 0 0 0 0 0 0 0 0 0 15 26 15 25 22 22
 3.080000E+02 12 0 0 0 0 0 0 0 0 0 0 0 19 14 12 17 17 21
 3.085000E+02 13 0 0 0 0 0 0 1 0 0 0 0 17 21 14 21 32 16
 3.090000E+02 9 0 0 0 0 0 0 0 0 1 0 0 20 15 25 18 34 18
 3.095000E+02 14 0 0 0 0 0 0 0 0 0 0 0 15 12 24 19 34 19
 3.100000E+02 8 0 0 0 0 0 0 0 0 0 0 0 20 17 24 25 18 19
 3.105000E+02 11 0 0 0 0 0 0 0 0 0 0 0 16 22 20 23 18 21
 3.110000E+02 9 0 0 0 0 0 0 0 0 0 0 0 12 20 24 18 20 26
 3.115000E+02 14 0 0 0 0 0 0 0 0 0 0 0 16 15 22 18 16 30
 3.120000E+02 7 0 0 0 0 0 0 0 0 0 0 0 18 21 14 23 17 23
 3.125000E+02 12 0 0 0 0 0 0 0 0 0 0 0 28 20 13 23 19 23
 3.130000E+02 13 0 0 0 0 0 0 0 0 0 0 0 26 21 10 17 15 26
 3.135000E+02 13 0 0 0 0 0 0 0 0 0 0 0 23 18 19 17 12 16
 3.140000E+02 7 0 0 0 0 0 0 0 0 0 0 0 23 19 21 12 12 20
 3.145000E+02 13 0 0 0 0 0 0 0 0 0 0 0 26 21 22 15 14 19
 3.150000E+02 11 0 0 0 0 0 0 0 0 0 0 0 18 27 24 18 17 11
 3.155000E+02 9 0 0 0 0 0 0 0 0 0 0 0 18 25 22 19 17 20
 3.160000E+02 19 0 0 0 0 0 0 0 0 0 0 0 18 25 18 13 24 21
 3.165000E+02 9 0 0 0 0 0 0 0 0 0 0 0 18 22 15 14 21 19
 3.170000E+02 7 0 0 0 0 0 0 0 0 0 0 0 17 17 15 20 23 22
 3.175000E+02 12 0 0 0 0 0 0 0 0 0 0 0 15 13 19 22 19 21
 3.180000E+02 3 0 0 0 0 0 0 0 0 0 0 0 24 18 22 24 13 15
 3.185000E+02 14 0 0 0 0 0 0 0 0 0 0 0 20 11 25 20 18 17
 3.190000E+02 16 0 0 0 0 0 0 0 0 0 0 0 16 12 35 18 15 16
 3.195000E+02 7 0 0 0 0 0 0 0 0 0 0 0 26 14 24 17 15 19
 3.200000E+02 13 0 0 0 0 0 0 0 0 0 0 0 18 11 19 15 21 19
 3.205000E+02 7 0 0 0 0 0 0 0 0 0 0 0 17 18 22 20 19 22
 3.210000E+02 12 0 0 1 0 0 0 0 0 0 0 0 16 21 13 20 18 20
 3.215000E+02 7 0 0 0 0 0 0 1 0 0 0 0 17 25 13 21 22 18
 3.220000E+02 12 0 0 0 0 0 0 0 0 0 0 0 22 22 14 22 18 13
 3.225000E+02 12 0 0 0 0 0 0 0 0 1 0 0 16 18 12 24 15 18
 3.230000E+02 13 0 0 0 0 0 0 2 0 0 0 0 19 14 10 23 15 19
 3.235000E+02 12 0 0 0 0 0 0 0 0 1 0 0 23 15 11 17 17 20
 3.240000E+02 13 0 0 0 0 1 0 0 0 1 0 0 23 17 12 21 20 23
 3.245000E+02 8 0 0 0 0 0 0 0 0 1 0 0 17 17 15 17 18 19
 3.250000E+02 9 0 0 1 0 0 0 0 0 1 0 0 24 27 21 16 17 21
 3.255000E+02 5 0 0 0 0 0 0 0 0 2 0 0 25 19 19 15 18 16
 3.260000E+02 7 0 0 0 0 0 0 0 0 0 0 0 22 21 18 13 18 18
 3.265000E+02 5 0 0 0 0 0 0 0 0 0 0 0 20 16 21 20 17 16
 3.270000E+02 5 0 0 0 0 0 0 0 0 0 0 0 20 21 15 16 24 16
 3.275000E+02 5 0 0 0 0 0 0 0 0 0 0 0 15 20 11 18 15 15
 3.280000E+02 1 0 0 0 0 0 0 0 0 0 0 0 17 20 12 14 21 14
 3.285000E+02 4 0 0 0 0 0 0 0 0 0 0 0 19 14 21 22 22 12
 3.290000E+02 10 0 0 0 0 0 0 0 0 0 0 0 22 17 16 25 25 12
 3.295000E+02 4 0 0 0 0 0 0 0 0 0 0 0 16 18 19 17 27 11
 3.300000E+02 9 0 0 0 0 0 0 0 0 0 0 0 17 14 27 13 22 18
 3.305000E+02 8 0 0 0 0 0 0 0 0 0 0 0 16 11 29 18 15 15
 3.310000E+02 11 0 0 0 0 0 0 0 0 1 0 0 14 9 28 25 15 14
 3.315000E+02 6 0 0 1 0 0 0 0 0 0 0 0 13 7 24 24 14 13
 3.320000E+02 2 0 0 0 0 0 0 0 0 0 0 0 14 6 27 19 25 11
 3.325000E+02 9 0 0 0 0 0 0 0 0 0 0 0 19 16 27 15 16 16
 3.330000E+02 8 0 0 0 0 0 0 0 0 0 0 0 16 17 26 12 16 17
 3.335000E+02 7 0 0 0 0 0 0 0 0 0 0 0 20 23 20 14 21 13
 3.340000E+02 11 0 0 0 0 0 0 0 0 0 0 0 19 23 16 15 17 15
 3.345000E+02 7 0 0 0 0 0 0 0 0 0 0 0 15 19 12 18 20 21
 3.350000E+02 11 0 0 0 0 0 0 0 0 0 0 0 25 15 11 17 30 20
 3.355000E+02 8 0 0 0 0 0 0 0 0 0 0 0 19 22 7 9 24 21
 3.360000E+02 6 0 0 0 0 0 0 0 0 0 0 0 20 22 8 8 20 17
 3.365000E+02 9 0 0 0 0 0 0 0 0 0 0 0 18 25 8 12 21 16
 3.370000E+02 10 0 0 0 0 0 0 0 0 1 0 0 12 24 20 19 17 11
 3.375000E+02 8 0 0 0 0 0 0 0 0 0 0 0 9 21 23 17 18 9
 3.380000E+02 10 0 0 0 0 0 0 0 0 0 0 0 15 23 18 22 19 15
 3.385000E+02 11 0 0 0 0 0 0 0 0 0 0 0 15 19 23 20 10 20
 3.390000E+02 8 0 0 0 0 0 0 0 0 0 0 0 10 16 23 22 17 18
 3.395000E+02 8 0 0 0 0 0 0 0 0 0 0 0 21 13 19 18 15 18
 3.400000E+02 14 0 0 0 0 0 0 0 0 0 0 0 18 16 14 20 15 27
 3.405000E+02 7 0 0 0 0 0 0 0 0 1 0 0 15 17 15 14 19 24
 3.410000E+02 8 0 0 0 0 0 0 1 0 0 0 0 19 15 19 18 16 18
 3.415000E+02 7 0 0 0 0 0 0 0 0 1 0 0 11 14 22 22 20 16
 3.420000E+02 7 0 0 0 0 0 0 0 0 1 0 0 14 16 19 21 24 16
 3.425000E+02 14 0 0 1 0 0 0 0 0 0 0 0 15 15 27 23 18 14
 3.430000E+02 7 0 0 0 0 0 0 0 0 0 0 1 16 15 22 17 17 16
 3.435000E+02 12 0 0 0 0 0 0 0 0 1 0 0 18 17 16 24 17 19
 3.440000E+02 6 0 0 0 0 0 0 0 0 0 0 1 20 14 13 20 22 17
 3.445000E+02 11 0 0 0 0 0 0 0 0 0 0 0 20 16 14 15 18 21
 3.450000E+02 5 0 0 0 0 0 0 0 0 0 0 0 20 13 18 16 18 23
 3.455000E+02 7 0 0 0 0 0 0 0 0 0 0 0 15 17 26 23 11 17
 3.460000E+02 5 0 0 0 0 0 0 0 0 0 0 0 17 20 23 19 14 12
 3.465000E+02 11 0 0 0 0 0 0 0 0 0 0 0 14 17 29 23 9 10
 3.470000E+02 8 0 0 0 0 0 0 0 0 0 0 0 14 24 18 20 12 23
 3.475000E+02 4 0 0 0 0 0 0 0 0 1 0 0 16 20 16 16 17 23
 3.480000E+02 13 0 0 0 0 0 0 0 0 1 0 0 18 20 14 15 14 21
 3.485000E+02 13 0 0 0 0 0 0 0 0 0 0 0 24 18 14 13 13 14
 3.490000E+02 6 0 0 0 0 0 0 0 0 0 0 0 24 12 15 13 11 14
 3.495000E+02 6 0 0 0 0 0 0 0 0 0 0 0 20 18 16 16 12 15
 3.500000E+02 8 0 0 0 0 0 0 0 0 0 0 0 20 13 18 16 19 14
 3.505000E+02 8 0 0 0 0 0 0 0 0 0 0 0 23 19 23 16 15 14
 3.510000E+02 6 0 0 0 0 0 0 0 0 0 0 0 24 17 16 17 9 15
 3.515000E+02 9 0 0 0 0 0 0 0 0 0 0 0 25 20 16 13 10 16
 3.520000E+02 6 0 0 0 0 0 0 0 0 0 0 0 20 20 20 9 8 15
 3.525000E+02 11 0 0 0 0 0 0 0 0 0 0 0 23 22 14 18 8 14
 3.530000E+02 6 0 0 0 0 0 0 0 0 0 0 0 21 14 18 13 10 14
 3.535000E+02 7 0 0 0 0 0 0 0 0 0 0 0 20 14 17 24 9 10
 3.540000E+02 10 0 0 0 0 0 0 0 0 0 0 0 15 10 19 24 16 16
 3.545000E+02 9 0 0 0 0 0 0 0 0 0 0 0 28 10 18 11 15 11
 3.550000E+02 10 0 0 0 0 0 0 0 0 0 0 0 25 14 14 15 16 15
 3.555000E+02 4 0 0 0 0 0 0 0 0 1 0 0 21 18 12 16 22 16
 3.560000E+02 7 0 0 0 0 0 0 0 0 0 0 0 23 17 14 17 24 18
 3.565000E+02 8 0 0 0 0 0 0 0 0 0 0 0 16 24 16 17 20 17
 3.570000E+02 14 0 0 0 0 0 0 0 0 0 0 0 11 24 19 15 22 11
 3.575000E+02 9 0 0 0 0 0 0 0 0 0 0 0 18 23 21 16 13 20
 3.580000E+02 8 0 0 0 0 0 0 0 0 0 0 0 17 22 17 16 21 21
 3.585000E+02 4 0 0 0 0 0 0 0 0 0 0 0 15 20 13 16 20 20
 3.590000E+02 6 0 0 0 0 0 0 0 0 0 0 0 21 25 9 19 24 13
 3.595000E+02 11 0 0 0 0 0 0 0 0 0 0 0 22 20 17 9 17 12
 3.600000E+02 15 0 0 0 0 0 0 0 0 0 0 0 19 21 16 13 17 15
 3.605000E+02 5 0 0 0 0 0 0 0 0 0 0 0 21 25 21 17 15 10
 3.610000E+02 15 0 0 0 0 0 0 0 0 0 0 0 5 20 15 18 25 12
 3.615000E+02 8 0 0 0 0 0 0 0 0 0 0 0 16 16 21 16 19 20
 3.620000E+02 12 0 0 0 0 0 0 0 0 0 0 0 21 15 18 15 19 17
 3.625000E+02 11 0 0 0 0 0 0 0 0 0 0 0 17 14 17 18 19 24
 3.630000E+02 11 0 0 0 0 0 0 0 0 0 0 0 17 26 17 22 11 18
 3.635000E+02 12 0 0 0 0 0 0 0 0 0 0 0 18 26 16 16 17 12
 3.640000E+02 13 0 0 0 0 0 0 1 0 0 0 0 19 20 18 13 17 15
 3.645000E+02 11 0 0 0 0 0 0 0 0 0 0 0 23 17 26 15 14 16
 3.650000E+02 8 0 0 0 0 0 0 0 0 0 0 0 15 23 27 13 15 16
 3.655000E+02 12 0 0 0 0 0 0 0 0 0 0 0 16 22 14 20 14 17
 3.660000E+02 5 0 0 0 0 0 0 0 0 0 0 0 13 20 11 20 18 17
 3.665000E+02 9 0 0 0 0 0 0 0 0 0 0 0 16 16 14 17 15 21
 3.670000E+02 9 0 0 0 0 0 0 0 0 0 0 0 16 18 20 19 14 15
 3.675000E+02 10 0 0 0 0 0 0 0 0 0 0 0 15 15 16 16 12 16
 3.680000E+02 10 0 0 0 0 0 0 0 0 0 0 0 19 16 10 15 9 21
 3.685000E+02 10 0 0 0 0 0 0 0 0 0 0 0 27 13 13 11 11 17
 3.690000E+02 11 0 0 0 0 0 0 0 0 0 0 0 20 25 15 19 18 20
 3.695000E+02 6 0 0 0 0 0 0 0 0 2 0 0 17 15 13 18 12 17
 3.700000E+02 11 0 0 0 0 0 0 0 0 0 1 0 17 18 18 18 17 12
 3.705000E+02 6 0 0 0 0 0 0 1 0 1 0 0 17 18 19 20 16 15
 3.710000E+02 11 0 0 0 0 0 0 0 0 0 0 0 11 17 19 17 19 14
 3.715000E+02 10 0 0 0 0 0 0 0 0 0 0 0 14 8 17 13 15 15
 3.720000E+02 9 0 0 0 0 0 0 0 0 0 0 0 17 5 21 15 19 17
 3.725000E+02 11 0 0 0 0 0 0 0 0 0 0 0 17 14 10 17 22 21
 3.730000E+02 14 0 0 0 0 0 0 0 0 0 0 0 20 28 13 18 18 15
 3.735000E+02 7 0 0 0 0 0 0 0 0 0 0 0 16 16 17 16 16 12
 3.740000E+02 9 0 0 0 0 0 0 0 0 0 0 0 26 13 16 17 16 17
 3.745000E+02 7 0 0 0 0 0 0 0 0 0 0 0 22 12 19 18 11 15
 3.750000E+02 10 0 0 0 0 0 0 0 0 1 0 0 19 12 18 15 18 19
 3.755000E+02 12 0 0 0 0 0 0 0 0 0 0 0 15 16 13 13 24 19
 3.760000E+02 11 0 0 0 0 0 0 0 0 0 0 0 14 13 12 23 19 26
 3.765000E+02 7 0 0 0 0 0 0 1 0 0 0 0 16 22 11 18 20 14
 3.770000E+02 3 0 0 1 0 0 0 0 0 0 0 0 16 19 19 15 20 13
 3.775000E+02 11 0 0 0 0 0 0 1 0 0 0 0 17 21 14 17 20 7
 3.780000E+02 4 0 0 0 0 0 0 0 0 1 0 0 18 18 16 11 21 12
 3.785000E+02 3 0 0 0 0 0 0 0 0 0 0 0 21 21 21 20 15 10
 3.790000E+02 9 0 0 0 0 0 0 0 0 0 0 0 21 25 20 21 18 11
 3.795000E+02 11 0 0 0 0 0 0 0 0 0 0 0 20 24 18 17 20 14
 3.800000E+02 8 0 0 0 0 0 0 0 0 0 0 0 15 17 17 16 22 14
 3.805000E+02 16 0 0 0 0 0 0 0 0 0 0 0 15 15 18 19 27 16
 3.810000E+02 9 0 0 0 0 0 0 0 0 0 0 0 17 19 19 19 13 22
 3.815000E+02 7 0 0 0 0 0 0 0 0 0 0 0 15 26 18 16 16 22
 3.820000E+02 7 0 0 0 0 0 0 0 0 0 0 0 9 23 14 19 15 13
 3.825000E+02 5 0 0 0 0 0 0 0 0 0 0 0 15 16 20 25 17 16
 3.830000E+02 11 0 0 0 0 0 0 0 0 0 0 0 16 19 18 19 19 19
 3.835000E+02 10 0 0 0 0 0 0 0 0 0 0 0 13 16 17 21 15 19
 3.840000E+02 11 0 0 0 0 0 0 0 0 0 0 0 16 16 10 18 23 17
 3.845000E+02 7 0 0 0 0 0 0 0 0 0 0 0 18 15 13 18 21 23
 3.850000E+02 13 0 0 0 0 0 0 0 0 0 0 0 23 16 14 21 20 16
 3.855000E+02 8 0 0 0 0 0 0 0 0 0 0 0 25 13 13 24 22 11
 3.860000E+02 6 0 0 0 0 0 0 0 0 1 0 0 17 14 17 13 25 22
 3.865000E+02 11 0 0 0 0 0 0 0 0 0 0 0 16 15 14 17 17 18
 3.870000E+02 6 0 0 0 0 0 0 0 0 0 0 0 19 12 13 20 21 22
 3.875000E+02 15 0 0 0 0 0 0 0 0 0 0 0 16 15 13 21 23 21
 3.880000E+02 7 0 0 0 0 0 0 0 0 0 0 0 17 12 12 14 21 22
 3.885000E+02 8 0 0 1 0 0 0 0 0 0 0 0 17 18 10 14 11 23
 3.890000E+02 8 0 0 0 0 0 0 0 0 0 0 0 20 19 16 18 13 21
 3.895000E+02 17 0 0 1 0 0 0 0 0 0 0 0 14 18 19 11 18 19
 3.900000E+02 10 0 0 0 0 0 0 0 0 0 0 0 13 14 16 15 24 20
 3.905000E+02 4 0 0 0 0 0 0 0 0 0 0 0 10 16 22 11 18 22
 3.910000E+02 11 0 0 0 0 0 0 0 0 0 0 0 13 17 19 16 15 15
 3.915000E+02 9 0 0 0 0 0 0 0 0 0 0 0 12 13 16 18 17 17
 3.920000E+02 4 0 0 0 0 0 0 0 0 0 0 0 14 17 20 13 19 15
 3.925000E+02 11 0 0 0 0 0 0 0 0 0 0 0 20 18 24 12 16 18
 3.930000E+02 10 0 0 0 0 0 0 0 0 0 0 0 18 14 15 14 20 15
 3.935000E+02 8 0 0 0 0 0 0 0 0 0 0 0 15 18 14 10 15 17
 3.940000E+02 9 0 0 0 0 0 0 0 0 0 0 0 11 22 18 11 15 21
 3.945000E+02 2 0 0 0 0 0 0 0 0 0 0 0 13 30 13 17 22 15
 3.950000E+02 9 0 0 0 0 0 0 0 0 0 0 0 10 27 19 13 13 10
 3.955000E+02 15 0 0 0 0 0 0 0 0 0 0 0 13 25 17 21 13 11
 3.960000E+02 9 0 0 0 0 0 0 0 0 0 0 0 11 22 23 19 14 15
 3.965000E+02 8 0 0 0 0 0 0 0 0 0 0 0 16 15 17 17 16 17
 3.970000E+02 10 0 0 0 0 0 0 0 0 0 0 0 17 16 18 14 13 20
 3.975000E+02 9 0 0 0 0 0 0 0 0 0 0 0 17 20 12 16 23 15
 3.980000E+02 8 0 0 0 0 0 0 0 0 0 0 0 21 9 16 25 24 8
 3.985000E+02 6 0 0 0 0 0 0 0 0 0 0 0 20 19 16 21 19 14
 3.990000E+02 6 0 0 0 0 0 0 0 0 0 0 0 23 19 19 14 11 18
 3.995000E+02 9 0 0 0 0 0 0 0 0 0 0 0 20 20 18 18 15 20
 4.000000E+02 12 0 0 0 0 0 0 0 0 0 0 0 22 19 14 14 14 18
 4.005000E+02 9 0 0 0 0 0 0 0 0 0 0 0 18 15 21 17 14 16
 4.010000E+02 6 0 0 0 0 0 0 0 0 0 0 0 17 17 17 17 25 24
 4.015000E+02 14 0 0 0 0 0 0 0 0 1 0 0 17 18 16 14 35 27
 4.020000E+02 10 0 0 0 0 0 0 1 0 0 0 0 11 15 21 16 28 17
 4.025000E+02 7 0 0 0 0 0 0 1 0 0 0 0 15 13 19 17 26 16
 4.030000E+02 13 0 0 0 0 0 0 1 0 0 0 0 19 18 10 14 27 15
 4.035000E+02 12 0 0 0 0 0 0 0 0 1 0 0 22 12 16 12 18 21
 4.040000E+02 14 0 0 0 0 0 0 0 0 1 0 0 21 14 19 25 15 17
 4.045000E+02 8 0 0 0 0 0 0 0 0 0 0 0 20 20 18 20 16 19
 4.050000E+02 11 0 0 0 0 0 0 0 0 1 0 0 14 20 15 24 16 24
 4.055000E+02 18 0 0 0 0 0 0 0 0 0 0 0 12 22 12 23 15 18
 4.060000E+02 14 0 0 0 0 0 0 0 0 0 0 0 11 24 20 22 13 14
 4.065000E+02 16 0 0 0 0 0 0 0 0 1 0 0 18 21 15 19 17 17
 4.070000E+02 10 0 0 0 0 0 0 0 0 1 0 0 21 14 13 16 21 17
 4.075000E+02 8 0 0 0 0 0 0 1 0 0 0 0 22 14 14 21 16 22
 4.080000E+02 9 0 0 0 0 0 0 0 0 1 0 0 20 8 28 17 15 15
 4.085000E+02 15 0 0 0 0 0 0 0 0 0 0 0 19 12 27 19 15 16
 4.090000E+02 13 0 0 0 0 0 0 0 0 1 0 0 20 15 16 23 16 18
 4.095000E+02 10 0 0 0 0 0 0 1 0 0 0 0 19 19 17 21 16 19
 4.100000E+02 10 0 0 1 0 0 0 0 0 0 0 0 23 16 24 19 20 10
 4.105000E+02 7 0 0 0 0 0 0 0 0 0 0 0 23 16 19 15 23 14
 4.110000E+02 9 0 0 0 0 0 0 0 0 0 0 0 32 13 18 11 22 13
 4.115000E+02 14 0 0 0 0 0 0 0 0 0 0 0 26 20 16 18 24 19
 4.120000E+02 13 0 0 0 0 0 0 0 0 1 0 0 23 13 14 22 21 24
 4.125000E+02 2 0 0 0 0 0 0 0 0 0 0 0 18 14 10 26 21 20
 4.130000E+02 8 0 0 0 0 0 0 0 0 0 0 0 20 15 20 19 14 19
 4.135000E+02 4 0 0 0 0 0 0 0 0 0 0 0 22 18 16 17 16 15
 4.140000E+02 9 0 0 0 0 0 0 0 0 0 0 0 13 22 17 19 20 23
 4.145000E+02 12 0 0 0 0 0 0 0 0 0 0 0 15 29 15 15 17 19
 4.150000E+02 12 0 0 0 0 0 0 0 0 0 0 0 10 24 13 13 19 22
 4.155000E+02 12 0 0 0 0 0 0 0 0 0 0 0 18 18 17 18 18 15
 4.160000E+02 9 0 0 0 0 0 0 0 0 0 0 0 21 14 21 17 21 13
 4.165000E+02 7 0 0 0 0 0 0 0 0 0 0 0 16 16 16 17 15 20
 4.170000E+02 6 0 0 0 0 0 0 0 0 1 0 0 13 16 23 22 20 14
 4.175000E+02 5 0 0 0 0 0 0 0 0 1 0 0 14 24 19 15 15 14
 4.180000E+02 9 0 0 0 0 0 0 0 0 0 0 0 20 23 24 11 8 16
 4.185000E+02 10 0 0 0 0 0 0 0 0 0 0 0 21 20 17 9 18 16
 4.190000E+02 8 0 0 0 0 0 0 0 0 0 0 0 12 26 23 10 16 14
 4.195000E+02 8 0 0 0 0 0 0 0 0 0 0 0 15 27 18 13 17 18
 4.200000E+02 7 0 0 0 0 0 0 0 0 0 0 0 17 18 16 16 16 19
 4.205000E+02 8 0 0 0 0 0 0 0 0 0 0 0 13 18 14 19 21 21
 4.210000E+02 9 0 0 0 0 0 0 0 0 0 0 0 10 21 11 20 14 19
 4.215000E+02 11 0 0 0 0 0 0 0 0 0 0 0 15 20 15 23 14 17
 4.220000E+02 15 0 0 0 0 0 0 0 0 0 0 0 18 19 20 23 17 10
 4.225000E+02 6 0 0 0 0 0 0 0 0 0 0 0 22 19 17 27 11 17
 4.230000E+02 5 0 0 0 0 0 0 0 0 0 0 0 17 21 19 26 9 17
 4.235000E+02 9 0 0 0 0 0 0 0 0 0 0 0 19 20 14 29 12 20
 4.240000E+02 11 0 0 0 0 0 0 0 0 0 0 0 15 13 13 19 12 13
 4.245000E+02 7 0 0 0 0 0 0 0 0 0 0 0 17 14 19 17 15 30
 4.250000E+02 5 0 0 0 0 0 0 0 0 0 0 0 12 17 14 20 21 25
 4.255000E+02 7 0 0 0 0 0 0 0 0 0 0 0 19 22 15 16 18 22
 4.260000E+02 8 0 0 1 0 0 0 0 0 0 0 0 13 18 13 24 18 19
 4.265000E+02 11 0 0 0 0 0 0 0 0 1 0 0 23 19 17 21 16 15
 4.270000E+02 12 0 0 0 0 0 0 0 0 1 0 0 15 17 13 19 17 16
 4.275000E+02 9 0 0 0 0 0 0 0 0 1 0 0 15 22 13 17 12 16
 4.280000E+02 8 0 0 0 0 0 0 0 0 0 0 0 21 22 11 19 19 24
 4.285000E+02 11 0 0 0 0 0 0 0 0 0 0 0 12 22 19 13 17 21
 4.290000E+02 14 0 0 0 0 0 0 0 0 1 0 0 14 19 25 11 15 25
 4.295000E+02 12 0 0 0 0 0 0 0 0 0 0 0 19 19 13 18 23 22
 4.300000E+02 6 0 0 0 0 0 0 0 0 0 0 0 21 24 13 20 20 11
 4.305000E+02 10 0 0 0 0 0 0 0 0 0 0 0 11 14 17 27 19 16
 4.310000E+02 10 0 0 0 0 0 0 0 0 0 0 0 16 17 10 23 20 22
 4.315000E+02 11 0 0 0 0 0 0 0 0 0 0 0 19 15 11 23 18 19
 4.320000E+02 12 0 0 0 0 0 0 0 0 0 0 0 15 16 14 22 18 15
 4.325000E+02 9 0 0 0 0 0 0 0 0 1 0 0 14 27 16 19 14 18
 4.330000E+02 4 0 0 0 0 0 0 0 0 1 0 0 14 18 11 19 22 18
 4.335000E+02 9 0 0 0 0 0 0 0 0 0 1 0 20 17 15 20 22 12
 4.340000E+02 11 0 0 0 0 0 0 0 0 1 0 0 11 20 13 20 23 15
 4.345000E+02 9 0 0 0 0 0 0 0 0 1 0 0 15 16 14 18 15 16
 4.350000E+02 11 0 0 0 0 0 0 0 0 2 0 0 22 17 15 16 14 17
 4.355000E+02 6 0 0 0 0 0 0 0 0 3 0 0 25 12 12 15 15 23
 4.360000E+02 13 0 0 0 0 0 0 1 0 1 0 0 21 18 13 19 19 17
 4.365000E+02 6 0 0 0 0 0 0 0 0 1 0 0 16 15 19 15 16 24
 4.370000E+02 6 0 0 0 0 0 0 0 0 0 0 0 18 12 21 22 12 28
 4.375000E+02 9 0 0 0 0 0 0 0 0 0 0 0 19 12 11 25 12 16
 4.380000E+02 3 0 0 0 0 0 0 0 0 0 0 0 15 13 16 23 23 16
 4.385000E+02 8 0 0 0 0 0 0 0 0 0 0 0 11 21 13 18 22 23
 4.390000E+02 7 0 0 0 0 0 0 0 0 0 0 0 14 18 18 19 19 22
 4.395000E+02 10 0 0 0 0 0 0 0 0 0 0 0 12 18 16 14 14 16
 4.400000E+02 5 0 0 0 0 0 0 0 0 0 0 0 17 13 25 11 18 16
 4.405000E+02 9 0 0 0 0 0 0 0 0 0 0 0 18 19 20 10 19 19
 4.410000E+02 9 0 0 0 0 0 0 0 0 0 0 0 15 15 15 14 24 23
 4.415000E+02 7 0 0 0 0 0 0 0 0 0 0 0 12 16 18 16 18 28
 4.420000E+02 6 0 0 0 0 0 0 0 0 0 0 0 13 18 12 25 16 20
 4.425000E+02 7 0 0 0 0 0 0 0 0 0 0 0 14 18 19 20 15 12
 4.430000E+02 11 0 0 0 0 0 0 0 0 0 0 0 23 21 17 18 13 17
 4.435000E+02 10 0 0 0 0 0 0 0 0 0 0 0 19 22 10 19 14 18
 4.440000E+02 15 0 0 0 0 0 0 0 0 0 0 0 22 13 13 21 14 22
 4.445000E+02 11 0 0 0 0 0 0 0 0 1 0 0 17 23 19 19 10 18
 4.450000E+02 9 0 0 1 0 0 0 0 0 0 0 0 17 20 16 21 17 21
 4.455000E+02 9 0 0 0 0 0 0 0 0 1 0 0 14 19 20 28 20 24
 4.460000E+02 9 0 0 0 0 0 0 0 0 1 0 0 22 17 13 17 18 19
 4.465000E+02 10 0 0 0 0 0 0 0 0 0 0 0 24 18 18 13 15 16
 4.470000E+02 14 0 0 0 0 0 0 0 0 0 0 0 14 30 17 19 12 17
 4.475000E+02 14 0 0 0 0 0 0 0 0 1 0 0 12 23 13 25 14 14
 4.480000E+02 9 0 0 0 0 0 0 0 0 0 0 0 12 24 14 26 13 18
 4.485000E+02 12 0 0 0 0 0 0 0 0 0 0 0 10 14 19 15 15 18
 4.490000E+02 11 0 0 0 0 0 0 0 0 0 0 0 16 10 21 16 19 19
 4.495000E+02 8 0 0 0 0 0 0 0 0 0 0 0 18 11 19 10 13 22
 4.500000E+02 13 0 0 0 0 0 0 0 0 0 0 0 22 20 20 12 20 14
 4.505000E+02 11 0 0 0 0 0 0 0 0 0 0 0 17 27 17 14 12 16
 4.510000E+02 8 0 0 0 0 0 0 0 0 0 0 0 17 28 17 17 13 17
 4.515000E+02 11 0 0 0 0 0 0 0 0 0 0 0 21 15 13 20 15 18
 4.520000E+02 8 0 0 0 0 0 0 0 0 0 0 0 13 19 15 22 17 17
 4.525000E+02 5 0 0 0 0 0 0 0 0 0 0 0 15 21 19 25 16 12
 4.530000E+02 6 0 0 0 0 0 0 0 0 0 0 0 11 16 20 21 16 14
 4.535000E+02 8 0 0 0 0 0 0 0 0 1 0 0 8 22 24 17 14 22
 4.540000E+02 5 0 0 0 0 0 0 0 0 1 0 0 12 21 19 22 13 22
 4.545000E+02 14 0 0 0 0 0 0 0 0 1 0 0 15 19 21 17 16 19
 4.550000E+02 14 0 0 0 0 0 0 0 0 1 0 0 17 19 17 15 22 20
 4.555000E+02 13 0 0 1 0 0 0 1 0 0 0 0 18 19 15 16 22 22
 4.560000E+02 13 0 0 0 0 0 0 0 0 2 0 0 27 14 12 18 13 18
 4.565000E+02 15 0 0 1 0 0 0 0 0 0 0 0 23 10 22 18 18 20
 4.570000E+02 9 0 0 0 0 0 0 0 0 0 0 0 19 13 19 23 12 21
 4.575000E+02 14 0 0 0 0 0 0 0 0 0 0 0 17 13 17 24 12 22
 4.580000E+02 11 0 0 0 0 0 0 0 0 0 0 0 13 16 21 16 12 14
 4.585000E+02 3 0 0 0 0 0 0 0 0 0 0 0 11 25 14 18 15 24
 4.590000E+02 11 0 0 0 0 0 0 0 0 0 0 0 20 21 16 15 17 21
 4.595000E+02 12 0 0 0 0 0 0 0 0 0 0 0 18 23 13 16 22 18
 4.600000E+02 12 0 0 0 0 0 0 0 0 0 0 0 15 21 17 14 18 23
 4.605000E+02 10 0 0 0 0 0 0 0 0 0 0 0 14 17 19 17 17 20
 4.610000E+02 18 0 0 0 0 0 0 0 0 0 0 0 20 17 17 20 20 19
 4.615000E+02 14 0 0 0 0 0 0 0 0 0 0 0 16 23 15 22 18 19
 4.620000E+02 12 0 0 0 0 0 0 0 0 1 0 0 15 17 16 20 19 17
 4.625000E+02 12 0 0 0 0 0 0 0 0 1 0 0 17 16 28 18 25 15
 4.630000E+02 9 0 0 0 0 0 0 0 0 1 0 0 18 20 20 17 14 16
 4.635000E+02 8 0 0 0 0 0 0 0 0 0 0 0 18 21 15 21 21 19
 4.640000E+02 13 0 0 0 0 0 0 0 0 1 0 0 17 19 16 12 19 18
 4.645000E+02 10 0 0 0 0 0 0 0 0 0 0 0 14 22 14 15 20 19
 4.650000E+02 12 0 0 0 0 0 0 0 0 0 0 0 22 22 16 13 12 19
 4.655000E+02 8 0 0 0 0 0 0 0 0 0 0 0 19 18 22 16 19 17
 4.660000E+02 12 0 0 0 0 0 0 0 0 0 0 0 21 16 13 20 20 16
 4.665000E+02 5 0 0 0 0 0 0 0 0 0 0 0 22 19 14 22 11 17
 4.670000E+02 6 0 0 0 0 0 0 0 0 0 0 0 20 21 12 18 19 20
 4.675000E+02 13 0 0 0 0 0 0 0 0 0 0 0 15 20 20 21 15 18
 4.680000E+02 11 0 0 0 0 0 0 0 0 0 0 0 12 18 23 21 17 32
 4.685000E+02 11 0 0 0 0 0 0 0 0 0 0 0 10 16 21 18 12 32
 4.690000E+02 10 0 0 0 0 0 0 0 0 0 0 0 17 15 19 17 12 26
 4.695000E+02 14 0 0 0 0 0 0 0 0 0 0 0 20 10 21 26 12 20
 4.700000E+02 9 0 0 0 0 0 0 0 0 0 0 0 19 13 19 18 21 18
 4.705000E+02 9 0 0 0 0 0 0 0 0 0 0 0 24 11 18 25 18 16
 4.710000E+02 6 0 0 0 0 0 0 0 0 1 0 0 23 17 23 12 21 14
 4.715000E+02 8 0 0 0 0 0 0 1 0 0 0 0 19 16 21 13 18 20
 4.720000E+02 4 0 0 0 0 0 0 0 0 0 0 0 16 16 17 10 17 24
 4.725000E+02 13 0 0 0 0 0 0 0 0 0 0 0 18 19 29 9 13 16
 4.730000E+02 15 0 0 0 0 0 0 0 0 0 0 0 21 20 23 14 19 21
 4.735000E+02 6 0 0 0 0 0 0 0 0 1 0 0 28 15 18 10 10 18
 4.740000E+02 4 0 0 0 0 0 0 1 0 0 0 0 17 21 18 15 16 16
 4.745000E+02 7 0 0 0 0 0 0 0 0 0 0 0 16 20 22 17 14 18
 4.750000E+02 10 0 0 0 0 0 0 0 0 0 0 0 14 16 24 22 24 17
 4.755000E+02 10 0 0 1 0 0 0 0 0 0 0 0 22 13 10 20 14 16
 4.760000E+02 7 0 0 0 0 0 0 0 0 1 0 0 24 13 11 21 19 17
 4.765000E+02 14 0 0 0 0 0 0 0 0 1 0 0 20 13 20 16 19 18
 4.770000E+02 6 0 0 0 0 0 0 0 0 0 0 0 11 19 19 18 20 18
 4.775000E+02 9 0 0 0 0 0 0 0 0 0 0 0 13 20 21 16 15 19
 4.780000E+02 12 0 0 0 0 0 0 0 0 0 0 0 14 15 14 14 16 24
 4.785000E+02 4 0 0 0 0 0 0 0 0 1 0 0 20 14 13 27 17 25
 4.790000E+02 14 0 0 0 0 0 0 0 0 0 0 0 14 16 21 22 18 18
 4.795000E+02 13 0 0 0 0 0 0 0 0 0 0 0 18 22 17 20 20 17
 4.800000E+02 8 0 0 0 0 0 0 0 0 0 0 0 16 15 18 22 18 17
 4.805000E+02 8 0 0 0 0 0 0 0 0 0 0 0 11 22 25 23 21 11
 4.810000E+02 10 0 0 0 0 0 0 0 0 0 0 0 11 17 15 21 23 11
 4.815000E+02 7 0 0 0 0 0 0 0 0 1 0 0 19 14 12 18 21 20
 4.820000E+02 6 0 0 0 0 0 0 0 0 0 0 0 18 16 16 18 19 22
 4.825000E+02 7 0 0 0 0 0 0 0 0 0 0 0 22 19 15 9 23 23
 4.830000E+02 6 0 0 0 0 0 0 0 0 0 0 0 17 17 16 16 15 17
 4.835000E+02 8 0 0 0 0 0 0 0 0 0 0 0 17 9 20 20 20 16
 4.840000E+02 9 0 0 0 0 0 0 0 0 0 0 0 20 14 13 17 23 24
 4.845000E+02 10 0 0 0 0 0 0 0 0 0 0 0 19 12 15 21 17 20
 4.850000E+02 9 0 0 0 0 0 0 0 0 0 0 0 23 12 19 21 10 23
 4.855000E+02 5 0 0 0 0 0 0 0 0 1 0 0 23 21 21 16 17 17
 4.860000E+02 10 0 0 0 0 0 0 0 0 1 0 0 25 18 22 16 17 10
 4.865000E+02 11 0 0 0 0 0 0 0 0 0 0 0 25 14 18 15 15 18
 4.870000E+02 11 0 0 0 0 0 0 0 0 0 0 0 20 19 19 21 6 22
 4.875000E+02 13 0 0 0 0 0 0 0 0 0 0 0 15 21 13 22 11 19
 4.880000E+02 8 0 0 0 0 0 0 0 0 0 0 0 13 19 13 16 16 23
 4.885000E+02 11 0 0 0 0 0 0 0 0 0 0 0 14 21 12 18 19 18
 4.890000E+02 8 0 0 0 0 0 0 0 0 0 0 0 13 14 20 14 17 15
 4.895000E+02 15 0 0 0 0 0 0 0 0 1 0 0 14 15 17 20 21 20
 4.900000E+02 7 0 0 0 0 0 0 0 0 0 0 0 16 15 15 20 22 23
 4.905000E+02 12 0 0 0 0 0 0 0 0 0 0 0 15 18 15 16 23 19
 4.910000E+02 5 0 0 0 0 0 0 0 0 0 0 0 13 15 16 19 22 23
 4.915000E+02 5 0 0 0 0 0 0 0 0 1 0 0 15 12 23 15 24 15
 4.920000E+02 11 0 0 0 0 0 0 1 0 0 0 0 13 14 21 23 14 12
 4.925000E+02 11 0 0 0 0 0 0 0 0 0 0 0 20 13 18 18 20 12
 4.930000E+02 5 0 0 0 0 0 0 0 0 0 0 0 19 11 19 20 16 13
 4.935000E+02 13 0 0 0 0 0 0 0 0 0 0 0 16 10 22 20 14 18
 4.940000E+02 10 0 0 0 0 0 0 0 0 0 0 0 20 16 20 17 17 18
 4.945000E+02 5 0 0 0 0 0 0 0 0 0 0 0 26 22 13 19 11 24
 4.950000E+02 9 0 0 0 0 0 0 0 0 0 0 0 18 11 11 13 15 19
 4.955000E+02 3 0 0 0 0 0 0 0 0 0 0 0 16 15 16 20 13 19
 4.960000E+02 8 0 0 0 0 0 0 0 0 0 0 0 20 16 19 24 15 14
 4.965000E+02 9 0 0 0 0 0 0 0 0 0 0 0 21 19 19 12 14 11
 4.970000E+02 8 0 0 0 0 0 0 0 0 0 0 0 24 18 13 16 19 10
 4.975000E+02 10 0 0 0 0 0 0 0 0 0 0 0 16 16 20 15 18 10
 4.980000E+02 13 0 0 0 0 0 0 0 0 0 0 0 15 22 19 15 13 21
 4.985000E+02 10 0 0 0 0 0 0 0 0 0 0 0 14 18 21 10 17 21
 4.990000E+02 9 0 0 0 0 0 0 0 0 0 0 0 14 16 16 12 18 23
 4.995000E+02 10 0 0 0 0 0 0 0 0 0 0 0 14 18 17 18 15 23
 5.000000E+02 6 0 0 0 0 0 0 0 0 0 0 0 12 22 15 23 9 22
 5.005000E+02 10 0 0 0 0 0 0 0 0 0 0 0 11 16 16 19 14 21
 5.010000E+02 7 0 0 0 0 0 0 0 0 0 0 0 17 14 19 19 16 19
 5.015000E+02 8 0 0 0 0 0 0 0 0 0 0 0 16 11 17 23 17 17
 5.020000E+02 11 0 0 0 0 0 0 0 0 0 0 0 15 14 17 21 19 11
 5.025000E+02 11 0 0 0 0 0 0 0 0 0 0 0 26 13 13 19 13 10
 5.030000E+02 6 0 0 0 0 0 0 0 0 0 0 0 19 19 16 16 18 7
 5.035000E+02 6 0 0 0 0 0 0 0 0 0 0 0 18 20 15 16 19 11
 5.040000E+02 7 0 0 0 0 0 0 0 0 0 0 0 22 9 20 20 11 17
 5.045000E+02 8 0 0 1 0 0 0 0 0 0 0 0 19 12 12 25 12 16
 5.050000E+02 5 0 0 0 0 0 0 0 0 1 0 0 25 12 21 18 14 21
 5.055000E+02 7 0 0 0 0 0 0 0 0 0 0 0 19 10 14 18 13 21
 5.060000E+02 8 0 0 0 0 0 0 0 0 0 0 0 17 12 8 26 11 26
 5.065000E+02 2 0 0 0 0 0 0 0 0 0 0 0 18 11 13 24 16 23
 5.070000E+02 7 0 0 0 0 0 0 0 0 0 0 0 16 9 10 20 19 19
 5.075000E+02 8 0 0 0 0 0 0 0 0 0 0 0 17 8 12 21 19 24
 5.080000E+02 13 0 0 0 0 0 0 0 0 0 0 0 16 11 18 23 18 16
 5.085000E+02 14 0 0 0 0 0 0 0 0 0 0 0 15 14 16 16 22 17
 5.090000E+02 9 0 0 0 0 0 0 0 0 0 0 0 14 12 14 17 19 15
 5.095000E+02 13 0 0 0 0 0 0 0 0 1 0 0 14 14 14 13 20 17
 5.100000E+02 7 0 0 0 0 0 0 0 0 1 0 0 15 18 19 17 15 18
 5.105000E+02 7 0 0 0 0 0 0 0 0 2 0 0 14 16 21 16 16 18
 5.110000E+02 9 0 0 0 0 0 0 1 0 2 0 0 18 16 18 20 18 17
 5.115000E+02 6 0 0 1 0 1 0 1 0 1 0 0 21 15 14 23 20 12
 5.120000E+02 9 0 0 0 0 0 0 0 0 4 0 0 12 15 17 18 21 12
 5.125000E+02 7 0 0 0 0 0 0 1 0 0 0 0 12 16 18 21 14 17
 5.130000E+02 9 0 0 1 0 0 0 0 0 0 0 0 16 14 13 23 15 16
 5.135000E+02 15 0 0 0 0 0 0 0 0 1 0 0 12 18 17 18 16 18
 5.140000E+02 11 0 0 0 0 0 0 1 0 0 0 0 15 20 21 19 17 14
 5.145000E+02 7 0 0 0 0 0 0 0 0 1 0 0 12 11 14 26 22 14
 5.150000E+02 5 0 0 0 0 0 0 0 0 1 0 0 17 11 13 20 21 13
 5.155000E+02 10 0 0 0 0 0 0 0 0 1 0 0 20 15 9 15 23 15
 5.160000E+02 13 0 0 0 0 0 0 0 0 1 0 0 13 16 13 16 16 17
 5.165000E+02 7 0 0 0 0 0 0 0 0 0 0 0 24 16 15 19 18 18
 5.170000E+02 12 0 0 0 0 0 0 0 0 0 0 0 19 18 17 18 17 14
 5.175000E+02 8 0 0 0 0 0 0 0 0 0 0 0 19 22 15 11 15 15
 5.180000E+02 10 0 0 0 0 0 0 0 0 0 0 0 21 15 15 12 14 22
 5.185000E+02 7 0 0 0 0 0 0 0 0 0 0 0 23 11 12 14 19 24
 5.190000E+02 4 0 0 0 0 0 0 0 0 0 0 0 17 18 10 20 17 22
 5.195000E+02 9 0 0 0 0 0 0 0 0 0 0 0 15 17 16 21 17 17
 5.200000E+02 6 0 0 0 0 0 0 0 0 0 0 0 7 18 16 23 19 10
 5.205000E+02 5 0 0 0 0 0 0 0 0 0 0 0 17 15 10 15 22 16
 5.210000E+02 5 0 0 0 0 0 0 0 0 0 0 0 14 18 18 19 17 21
 5.215000E+02 6 0 0 0 0 0 0 0 0 0 0 0 13 16 15 18 14 22
 5.220000E+02 7 0 0 0 0 0 0 0 0 0 0 0 11 14 16 16 17 15
 5.225000E+02 6 0 0 0 0 0 0 0 0 0 0 0 16 20 17 13 17 17
 5.230000E+02 9 0 0 0 0 0 0 0 0 0 0 0 18 18 17 14 19 10
 5.235000E+02 12 0 0 0 0 0 0 0 0 0 0 0 20 16 16 12 10 16
 5.240000E+02 11 0 0 0 0 0 0 0 0 0 0 0 19 13 16 18 10 18
 5.245000E+02 7 0 0 0 0 0 0 0 0 1 0 0 15 14 22 18 23 15
 5.250000E+02 13 0 0 0 0 0 0 1 0 0 0 0 17 20 15 19 10 17
 5.255000E+02 2 0 0 1 0 0 0 0 0 0 0 0 24 16 13 14 15 19
 5.260000E+02 5 0 0 0 0 0 0 0 0 2 0 0 18 15 13 18 15 17
 5.265000E+02 8 0 0 1 0 0 0 0 0 1 0 0 18 18 15 18 15 22
 5.270000E+02 7 0 0 0 0 0 0 0 0 0 0 0 14 18 22 18 16 17
 5.275000E+02 7 0 0 0 0 0 0 0 0 0 0 0 17 12 21 24 14 19
 5.280000E+02 9 0 0 0 0 0 0 0 0 1 0 0 17 14 25 16 11 17
 5.285000E+02 7 0 0 0 0 0 0 0 0 0 0 0 18 12 19 23 11 11
 5.290000E+02 14 0 0 0 0 0 0 0 0 0 0 0 19 13 18 21 14 15
 5.295000E+02 4 0 0 0 0 0 0 0 0 1 0 0 23 16 21 18 8 17
 5.300000E+02 8 0 0 0 0 0 0 0 0 2 0 0 10 19 22 15 21 13
 5.305000E+02 11 0 0 0 0 0 0 0 0 0 0 0 11 18 24 15 13 11
 5.310000E+02 11 0 0 0 0 0 0 0 0 0 0 0 13 20 19 18 14 14
 5.315000E+02 11 0 0 0 0 0 0 0 0 1 0 0 17 15 19 11 17 19
 5.320000E+02 9 0 0 0 0 0 0 0 0 1 0 0 18 10 15 12 20 23
 5.325000E+02 7 0 0 0 0 0 0 0 0 1 0 0 22 13 24 13 18 18
 5.330000E+02 6 0 0 0 0 0 0 0 0 0 0 0 19 14 17 13 17 18
 5.335000E+02 15 0 0 0 0 0 0 0 0 0 0 0 22 19 11 23 13 14
 5.340000E+02 8 0 0 0 0 0 0 0 0 0 0 0 19 23 11 18 14 21
 5.345000E+02 7 0 0 0 0 0 0 0 0 0 0 0 18 19 17 18 13 18
 5.350000E+02 4 0 0 0 0 0 0 0 0 0 0 0 16 23 20 14 22 15
 5.355000E+02 14 0 0 0 0 0 0 0 0 0 0 0 13 17 16 14 17 13
 5.360000E+02 6 0 0 0 0 0 0 0 0 0 0 0 13 14 20 15 21 16
 5.365000E+02 8 0 0 0 0 0 0 0 0 0 0 0 11 17 18 16 24 17
 5.370000E+02 4 0 0 0 0 0 0 0 0 0 0 0 17 17 13 20 18 16
 5.375000E+02 11 0 0 0 0 0 0 0 0 1 0 0 23 16 18 18 20 18
 5.380000E+02 16 0 0 0 0 0 0 0 0 1 0 0 14 12 16 17 22 13
 5.385000E+02 8 0 0 0 0 0 0 0 0 1 0 0 21 14 17 16 10 26
 5.390000E+02 6 0 0 0 0 0 0 0 0 1 0 0 14 11 11 18 12 24
 5.395000E+02 14 0 0 0 0 0 0 0 0 1 0 0 19 8 16 21 20 16
 5.400000E+02 11 0 0 0 0 0 0 0 0 1 0 0 14 13 21 16 23 18
 5.405000E+02 7 0 0 0 0 0 0 1 0 0 0 0 24 15 18 19 23 15
 5.410000E+02 7 0 0 0 0 0 0 0 0 0 0 0 18 14 23 20 15 21
 5.415000E+02 7 0 0 0 0 0 0 0 0 0 0 0 16 18 16 20 15 18
 5.420000E+02 9 0 0 0 0 0 0 0 0 0 0 0 13 22 18 15 21 15
 5.425000E+02 11 0 0 0 0 0 0 0 0 0 0 0 18 21 17 13 17 15
 5.430000E+02 8 0 0 0 0 0 0 0 0 0 0 0 18 23 16 9 13 14
 5.435000E+02 13 0 0 0 0 0 0 0 0 0 0 0 18 22 23 13 15 23
 5.440000E+02 8 0 0 0 0 0 0 0 0 0 0 0 19 18 22 8 13 22
 5.445000E+02 5 0 0 0 0 0 0 0 0 0 0 0 22 14 24 15 19 24
 5.450000E+02 12 0 0 0 0 0 0 0 0 0 0 0 15 12 21 18 17 16
 5.455000E+02 9 0 0 1 0 0 0 0 0 0 0 0 26 14 22 17 17 15
 5.460000E+02 6 0 0 0 0 0 0 0 0 0 0 0 20 17 24 14 10 14
 5.465000E+02 10 0 0 0 0 0 0 0 0 0 0 0 13 18 23 12 20 20
 5.470000E+02 8 0 0 0 0 0 0 1 0 0 0 0 15 19 18 20 18 11
 5.475000E+02 8 0 0 0 0 0 0 0 0 1 0 0 16 19 10 20 21 13
 5.480000E+02 11 0 0 0 0 0 0 0 0 0 0 0 15 23 12 20 18 13
 5.485000E+02 7 0 0 0 0 0 0 0 0 0 0 0 10 22 23 22 22 14
 5.490000E+02 13 0 0 0 0 0 0 0 0 0 0 0 15 15 21 21 22 15
 5.495000E+02 9 0 0 0 0 0 0 0 0 0 0 0 18 13 20 18 21 18
 5.500000E+02 9 0 0 0 0 0 0 0 0 0 0 0 28 19 22 11 16 16
 5.505000E+02 7 0 0 0 0 0 0 0 0 0 1 0 18 23 17 11 13 24
 5.510000E+02 6 0 0 0 0 0 0 0 0 1 0 0 13 25 12 9 15 23
 5.515000E+02 5 0 0 0 0 0 0 0 0 1 0 0 11 21 14 10 24 22
 5.520000E+02 13 0 0 0 0 0 0 0 0 2 0 0 13 20 14 15 26 16
 5.525000E+02 10 0 0 0 0 0 0 0 0 0 0 0 15 20 24 12 14 20
 5.530000E+02 4 0 0 0 0 0 0 0 0 0 0 0 25 22 14 16 22 14
 5.535000E+02 14 0 0 0 0 0 0 0 0 0 0 0 26 21 17 12 17 11
 5.540000E+02 11 0 0 0 0 0 0 1 0 0 0 0 22 19 14 14 16 17
 5.545000E+02 10 0 0 0 0 0 0 0 0 1 0 0 28 17 19 13 18 12
 5.550000E+02 8 0 0 0 0 0 0 0 0 1 0 0 22 17 20 14 17 18
 5.555000E+02 9 0 0 0 0 0 0 0 0 1 0 0 16 23 18 14 23 12
 5.560000E+02 16 0 0 0 0 0 0 0 0 1 0 0 19 20 12 17 18 11
 5.565000E+02 11 0 0 0 0 0 0 0 0 0 0 0 21 18 17 18 18 17
 5.570000E+02 8 0 0 0 0 0 0 0 0 0 0 0 13 15 22 19 15 21
 5.575000E+02 6 0 0 0 0 0 0 0 0 0 0 0 10 20 20 20 13 22
 5.580000E+02 7 0 0 0 0 0 0 0 0 0 0 0 19 16 15 19 18 18
 5.585000E+02 11 0 0 0 0 0 0 0 0 1 0 0 14 18 15 19 17 22
 5.590000E+02 8 0 0 0 0 0 0 0 0 1 0 0 17 27 16 18 18 12
 5.595000E+02 12 0 0 1 0 0 0 0 0 1 0 0 18 20 19 19 12 15
 5.600000E+02 12 0 0 0 0 0 0 1 0 0 0 0 16 23 18 16 24 13
 5.605000E+02 11 0 0 0 0 0 0 0 0 1 0 0 18 21 20 17 20 17
 5.610000E+02 7 0 0 0 0 0 0 0 0 0 0 0 17 18 18 18 22 18
 5.615000E+02 6 0 0 0 0 0 0 0 0 0 0 0 15 24 18 19 17 20
 5.620000E+02 10 0 0 0 0 0 0 0 0 0 0 0 21 16 20 20 20 17
 5.625000E+02 4 0 0 0 0 0 0 0 0 0 0 0 16 18 23 22 20 16
 5.630000E+02 8 0 0 0 0 0 0 0 0 0 0 0 14 20 15 16 23 10
 5.635000E+02 10 0 0 0 0 0 0 0 0 0 0 0 17 25 18 13 26 14
 5.640000E+02 9 0 0 0 0 0 0 0 0 0 0 0 18 18 19 13 20 17
 5.645000E+02 9 0 0 0 0 0 0 0 0 0 0 0 24 24 15 12 16 15
 5.650000E+02 17 0 0 0 0 0 0 0 0 0 0 0 22 15 22 18 19 11
 5.655000E+02 1 0 0 0 0 0 0 0 0 0 0 0 24 11 19 15 20 14
 5.660000E+02 6 0 0 0 0 0 0 0 0 0 0 0 19 20 19 15 17 19
 5.665000E+02 6 0 0 0 0 0 0 0 0 0 0 0 11 19 17 20 17 23
 5.670000E+02 10 0 0 0 0 0 0 0 0 0 0 0 14 17 16 13 22 21
 5.675000E+02 8 0 0 0 0 0 0 0 0 0 0 0 15 17 20 10 18 25
 5.680000E+02 12 0 0 0 0 0 0 0 0 0 0 0 16 19 19 17 18 19
 5.685000E+02 11 0 0 0 0 0 0 1 0 0 0 0 9 18 18 21 14 20
 5.690000E+02 11 0 0 0 0 0 0 0 0 1 0 0 18 21 10 27 10 19
 5.695000E+02 4 0 0 0 0 0 0 0 0 1 0 0 18 21 8 23 18 12
 5.700000E+02 4 0 0 0 0 0 0 0 0 0 0 0 18 17 21 21 17 20
 5.705000E+02 9 0 0 0 0 0 0 0 0 0 0 0 18 21 23 16 20 17
 5.710000E+02 9 0 0 0 0 0 0 0 0 0 0 0 17 16 21 14 17 17
 5.715000E+02 8 0 0 0 0 0 0 0 0 0 0 0 25 15 19 21 17 10
 5.720000E+02 10 0 0 0 0 0 0 0 0 0 0 0 19 14 22 20 21 13
 5.725000E+02 6 0 0 0 0 0 0 0 0 0 0 0 19 13 19 22 17 12
 5.730000E+02 12 0 0 0 0 0 0 0 0 0 0 0 22 16 18 16 19 19
 5.735000E+02 6 0 0 0 0 0 0 0 0 0 0 0 14 17 19 13 17 20
 5.740000E+02 8 0 0 0 0 0 0 0 0 0 0 0 18 13 21 24 20 17
 5.745000E+02 6 0 0 0 0 0 0 0 0 0 0 0 21 14 18 18 24 19
 5.750000E+02 10 0 0 0 0 0 0 0 0 0 0 0 17 12 18 24 15 22
 5.755000E+02 6 0 0 0 0 0 0 0 0 0 0 0 16 12 17 31 18 19
 5.760000E+02 9 0 0 0 0 0 0 0 0 0 0 0 15 13 16 27 18 17
 5.765000E+02 3 0 0 0 0 0 0 0 0 0 0 0 13 12 14 24 17 15
 5.770000E+02 10 0 0 0 0 0 0 0 0 0 0 0 18 19 17 22 12 22
 5.775000E+02 6 0 0 0 0 0 0 0 0 0 0 0 16 20 20 15 12 15
 5.780000E+02 6 0 0 0 0 0 0 0 0 0 0 0 21 21 17 18 14 16
 5.785000E+02 10 0 0 0 0 0 0 0 0 0 0 0 24 23 13 20 15 16
 5.790000E+02 15 0 0 0 0 0 0 0 0 0 0 0 22 19 18 17 19 15
 5.795000E+02 9 0 0 0 0 0 0 0 0 0 0 0 17 20 18 21 18 12
 5.800000E+02 9 0 0 0 0 0 0 0 0 0 0 0 24 22 20 16 15 11
 5.805000E+02 8 0 0 0 0 0 0 0 0 0 0 0 20 20 19 12 26 17
 5.810000E+02 8 0 0 0 0 0 0 0 0 0 0 0 24 23 12 17 21 13
 5.815000E+02 9 0 0 0 0 0 0 0 0 0 0 0 19 17 16 13 25 11
 5.820000E+02 14 0 0 0 0 0 0 0 0 0 0 0 19 17 21 13 17 10
 5.825000E+02 12 0 0 0 0 0 0 0 0 0 0 0 20 21 20 18 14 14
 5.830000E+02 5 0 0 0 0 0 0 0 0 0 0 0 16 17 17 21 17 14
 5.835000E+02 11 0 0 0 0 0 0 0 0 0 0 0 20 9 14 19 20 15
 5.840000E+02 11 0 0 0 0 0 0 0 0 0 0 0 18 17 19 17 16 8
 5.845000E+02 9 0 0 0 0 0 0 1 0 0 0 0 16 17 14 17 12 12
 5.850000E+02 9 0 0 0 0 0 0 0 0 1 0 0 16 18 17 18 19 13
 5.855000E+02 4 0 0 0 0 0 0 0 0 0 0 0 17 14 18 18 14 16
 5.860000E+02 9 0 0 0 0 0 0 0 0 0 0 0 21 13 18 18 16 10
 5.865000E+02 9 0 0 0 0 0 0 0 0 0 0 0 20 18 13 23 13 13
 5.870000E+02 9 0 0 0 0 0 0 0 0 1 0 0 14 17 18 15 16 14
 5.875000E+02 7 0 0 0 0 0 0 0 0 1 0 0 20 24 15 17 17 18
 5.880000E+02 8 0 0 0 0 0 0 0 0 1 0 0 17 18 15 16 16 17
 5.885000E+02 10 0 0 0 0 0 0 0 0 0 0 0 19 12 17 28 13 11
 5.890000E+02 11 0 0 0 0 0 0 0 0 0 0 0 16 10 18 25 17 14
 5.895000E+02 16 0 0 0 0 0 0 0 0 0 0 0 11 17 15 30 15 8
 5.900000E+02 11 0 0 0 0 0 0 0 0 0 0 0 10 18 21 21 16 14
 5.905000E+02 10 0 0 0 0 0 0 0 0 0 0 0 19 12 10 18 11 20
 5.910000E+02 5 0 0 0 0 0 0 0 0 0 0 0 9 18 11 19 20 22
 5.915000E+02 15 0 0 0 0 0 0 0 0 0 0 0 10 15 18 22 18 12
 5.920000E+02 6 0 0 0 0 0 0 0 0 0 0 0 16 18 20 19 11 13
 5.925000E+02 7 0 0 0 0 0 0 1 0 1 0 0 25 18 22 16 22 9
 5.930000E+02 6 0 0 0 0 0 0 0 0 2 0 0 27 17 17 15 20 15
 5.935000E+02 9 0 0 0 0 0 0 1 0 0 0 0 21 15 21 14 20 9
 5.940000E+02 6 0 0 0 0 0 0 1 0 0 0 0 20 23 18 17 19 6
 5.945000E+02 7 0 0 0 0 0 0 0 0 1 0 0 16 21 15 13 16 12
 5.950000E+02 13 0 0 0 0 0 0 0 0 0 0 0 22 26 15 11 15 15
 5.955000E+02 9 0 0 0 0 0 0 0 0 0 0 0 21 15 19 9 18 16
 5.960000E+02 11 0 0 0 0 0 0 0 0 0 0 0 22 13 12 12 18 14
 5.965000E+02 7 0 0 0 0 0 0 0 0 0 0 0 17 17 13 17 21 18
 5.970000E+02 8 0 0 0 0 0 0 0 0 0 0 0 14 19 11 15 22 20
 5.975000E+02 6 0 0 0 0 0 0 0 0 1 0 0 17 11 16 18 22 19
 5.980000E+02 6 0 0 0 0 0 0 0 0 0 0 0 14 12 17 16 22 19
 5.985000E+02 3 0 0 0 0 0 0 0 0 0 0 0 14 9 17 25 15 11
 5.990000E+02 11 0 0 0 0 0 0 0 0 0 0 0 18 10 20 30 17 9
 5.995000E+02 8 0 0 0 0 0 0 0 0 0 0 0 21 17 17 20 18 13
 6.000000E+02 11 0 0 0 0 0 0 0 0 0 0 0 17 12 16 21 14 13
 6.005000E+02 13 0 0 0 0 0 0 0 0 0 0 0 19 12 16 25 14 7
 6.010000E+02 9 0 0 0 0 0 0 0 0 0 0 0 15 19 22 19 20 15
 6.015000E+02 12 0 0 0 0 0 0 0 0 0 0 0 8 19 17 14 15 19
 6.020000E+02 8 0 0 0 0 0 0 0 0 0 0 0 15 12 18 13 23 18
 6.025000E+02 11 0 0 0 0 0 0 0 0 0 0 0 13 16 23 14 22 22
 6.030000E+02 9 0 0 0 0 0 0 0 0 0 0 0 15 20 16 18 17 15
 6.035000E+02 6 0 0 0 0 0 0 0 0 0 0 0 18 17 20 15 16 16
 6.040000E+02 13 0 0 0 0 0 0 0 0 0 0 0 17 15 22 16 15 17
 6.045000E+02 14 0 0 0 0 0 0 0 0 0 0 0 15 19 22 12 14 19
 6.050000E+02 12 0 0 0 0 0 0 0 0 0 0 0 16 18 16 19 9 20
 6.055000E+02 9 0 0 0 0 0 0 0 0 0 0 0 20 19 21 17 16 23
 6.060000E+02 7 0 0 0 0 0 0 0 0 0 0 0 24 20 20 13 14 20
 6.065000E+02 12 0 0 0 0 0 0 0 0 0 0 0 19 26 19 14 16 18
 6.070000E+02 7 0 0 0 0 0 0 0 0 0 0 0 12 21 26 13 17 15
 6.075000E+02 12 0 0 0 0 0 0 0 0 0 0 0 20 18 22 12 17 16
 6.080000E+02 5 0 0 0 0 0 0 0 0 0 0 0 18 21 24 14 18 16
 6.085000E+02 12 0 0 0 0 0 0 0 0 0 0 0 15 19 13 12 25 16
 6.090000E+02 14 0 0 0 0 0 0 0 0 0 0 0 19 24 20 14 22 15
 6.095000E+02 7 0 0 0 0 0 0 0 0 0 0 0 17 15 19 17 15 16
 6.100000E+02 5 0 0 0 0 0 0 0 0 0 0 0 14 13 7 14 19 19
 6.105000E+02 8 0 0 0 0 0 0 0 0 0 0 0 17 17 15 15 13 28
 6.110000E+02 5 0 0 0 0 0 0 0 0 0 0 0 18 16 15 21 12 23
 6.115000E+02 10 0 0 0 0 0 0 0 0 0 0 0 15 14 17 13 19 20
 6.120000E+02 5 0 0 0 0 0 0 0 0 0 0 0 13 11 12 20 15 29
 6.125000E+02 7 0 0 0 0 0 0 0 0 0 0 0 18 19 14 19 15 20
 6.130000E+02 9 0 0 0 0 0 0 0 0 0 0 0 13 13 16 14 11 20
 6.135000E+02 14 0 0 0 0 0 0 0 0 0 0 0 22 13 12 14 17 16
 6.140000E+02 9 0 0 0 0 0 0 0 0 0 0 0 21 22 16 15 19 17
 6.145000E+02 6 0 0 0 0 0 0 0 0 0 0 0 17 16 17 17 15 22
 6.150000E+02 5 0 0 0 0 0 0 0 0 0 0 0 17 11 13 22 19 21
 6.155000E+02 8 0 0 0 0 0 0 0 0 0 0 0 16 10 11 22 15 19
 6.160000E+02 11 0 0 0 0 0 0 0 0 0 0 0 17 11 16 16 14 16
 6.165000E+02 5 0 0 0 0 0 0 0 0 0 0 0 22 14 12 13 9 12
 6.170000E+02 7 0 0 0 0 0 0 0 0 0 0 0 23 8 16 20 13 16
 6.175000E+02 9 0 0 0 0 0 0 0 0 0 0 0 16 12 12 19 17 16
 6.180000E+02 9 0 0 0 0 0 0 0 0 0 0 0 13 12 13 20 21 17
 6.185000E+02 9 0 0 0 0 0 0 0 0 0 0 0 16 12 15 23 19 18
 6.190000E+02 9 0 0 0 0 0 0 0 0 0 0 0 14 8 7 23 26 20
 6.195000E+02 10 0 0 0 0 0 0 0 0 0 0 0 20 17 13 16 20 21
 6.200000E+02 4 0 0 0 0 0 0 0 0 1 0 0 22 16 15 20 14 20
 6.205000E+02 8 0 0 0 0 0 0 0 0 0 0 0 25 15 11 15 14 19
 6.210000E+02 9 0 0 0 0 0 0 0 0 0 0 0 17 13 16 16 14 24
 6.215000E+02 12 0 0 0 0 0 0 0 0 0 0 0 14 11 21 21 21 13
 6.220000E+02 8 0 0 0 0 0 0 0 0 1 0 0 13 13 14 21 26 18
 6.225000E+02 6 0 0 0 0 0 0 0 0 1 0 0 16 13 13 16 17 18
 6.230000E+02 9 0 0 0 0 0 0 0 0 1 0 0 21 15 16 12 25 12
 6.235000E+02 7 0 0 0 0 0 0 0 0 0 0 0 16 13 17 13 27 8
 6.240000E+02 9 0 0 0 0 0 0 0 0 0 0 0 20 20 20 15 15 13
 6.245000E+02 11 0 0 0 0 0 0 0 0 0 0 0 20 20 20 16 15 11
 6.250000E+02 10 0 0 0 0 0 0 0 0 0 0 0 16 15 20 20 13 15
 6.255000E+02 13 0 0 0 0 0 0 0 0 0 0 0 17 19 15 25 16 12
 6.260000E+02 10 0 0 0 0 0 0 0 0 0 0 0 20 10 16 20 12 17
 6.265000E+02 7 0 0 0 0 0 0 0 0 0 0 0 17 16 11 12 17 24
 6.270000E+02 11 0 0 0 0 0 0 0 0 0 0 0 14 23 16 14 18 18
 6.275000E+02 8 0 0 0 0 0 0 0 0 0 0 0 19 21 13 17 19 16
 6.280000E+02 6 0 0 0 0 0 0 0 0 0 0 0 17 18 13 12 16 16
 6.285000E+02 9 0 0 0 0 0 0 0 0 0 0 0 19 21 14 19 20 16
 6.290000E+02 6 0 0 0 0 0 0 0 0 0 0 0 15 30 9 17 17 17
 6.295000E+02 11 0 0 0 0 0 0 0 0 0 0 0 13 17 13 19 18 12
 6.300000E+02 7 0 0 0 0 0 0 0 0 0 0 0 17 15 13 18 17 14
 6.305000E+02 7 0 0 0 0 0 0 0 0 0 0 0 15 20 13 21 15 12
 6.310000E+02 7 0 0 0 0 0 0 0 0 0 0 0 7 26 25 18 11 8
 6.315000E+02 5 0 0 0 0 0 0 0 0 0 0 0 20 21 23 17 12 13
 6.320000E+02 6 0 0 0 0 0 0 0 0 0 0 0 20 21 24 15 12 13
 6.325000E+02 14 0 0 0 0 0 0 0 0 0 0 0 21 18 15 16 12 21
 6.330000E+02 8 0 0 0 0 0 0 0 0 0 0 0 25 18 14 21 20 22
 6.335000E+02 4 0 0 0 0 0 0 0 0 0 0 0 22 17 14 18 18 20
 6.340000E+02 12 0 0 0 0 0 0 0 0 0 0 0 19 15 13 18 17 23
 6.345000E+02 7 0 0 0 0 0 0 0 0 0 0 0 10 12 19 18 23 16
 6.350000E+02 10 0 0 0 0 0 0 0 0 0 0 0 14 14 23 17 12 19
 6.355000E+02 12 0 0 0 0 0 0 0 0 0 0 0 16 16 16 20 13 23
 6.360000E+02 14 0 0 0 0 0 0 0 0 0 0 0 21 15 4 23 16 21
 6.365000E+02 10 0 0 0 0 0 0 0 0 0 0 0 16 14 8 24 13 14
 6.370000E+02 6 0 0 0 0 0 0 0 0 0 0 0 15 12 15 23 18 11
 6.375000E+02 12 0 0 0 0 0 0 0 0 0 0 0 18 14 15 21 15 5
 6.380000E+02 7 0 0 0 0 0 0 0 0 0 0 0 20 18 19 21 18 10
 6.385000E+02 5 0 0 0 0 0 0 0 0 1 0 0 18 16 17 28 18 15
 6.390000E+02 9 0 0 0 0 0 0 0 0 1 0 0 12 19 18 22 19 20
 6.395000E+02 9 0 0 0 0 0 0 1 0 0 0 0 12 16 22 18 16 17
 6.400000E+02 10 0 0 0 0 0 0 0 0 1 0 0 11 20 17 14 15 16
 6.405000E+02 7 0 0 0 0 0 0 1 0 0 0 0 22 16 13 15 16 16
 6.410000E+02 9 0 0 0 0 0 0 0 0 1 0 0 21 22 12 18 18 17
 6.415000E+02 7 0 0 0 0 0 0 0 0 1 0 0 20 18 10 20 19 16
 6.420000E+02 7 0 0 1 0 0 0 0 0 0 0 0 12 17 19 21 18 16
 6.425000E+02 8 0 0 0 0 0 0 0 0 0 0 0 12 12 17 21 16 12
 6.430000E+02 6 0 0 0 0 0 0 0 0 0 0 0 18 14 13 23 14 14
 6.435000E+02 8 0 0 0 0 0 0 0 0 0 0 0 20 14 12 26 11 16
 6.440000E+02 7 0 0 0 0 0 0 0 0 0 0 0 19 15 10 17 11 17
 6.445000E+02 13 0 0 0 0 0 0 0 0 0 0 0 18 13 8 25 16 16
 6.450000E+02 8 0 0 0 0 0 0 0 0 0 0 0 20 8 14 20 17 15
 6.455000E+02 7 0 0 0 0 0 0 0 0 0 0 0 15 20 13 13 9 16
 6.460000E+02 7 0 0 0 0 0 0 0 0 0 0 0 19 19 14 16 15 18
 6.465000E+02 4 0 0 0 0 0 0 0 0 0 0 0 14 17 13 10 14 19
 6.470000E+02 11 0 0 0 0 0 0 0 0 0 0 0 14 21 19 9 16 23
 6.475000E+02 6 0 0 0 0 0 0 0 0 0 0 0 20 20 16 14 18 21
 6.480000E+02 8 0 0 0 0 0 0 0 0 0 0 0 18 20 26 11 20 13
 6.485000E+02 14 0 0 0 0 0 0 0 0 0 0 0 20 17 18 16 21 11
 6.490000E+02 8 0 0 0 0 0 0 0 0 0 0 0 18 15 20 19 19 13
 6.495000E+02 13 0 0 0 0 0 0 0 0 0 0 0 17 15 14 21 15 11
 6.500000E+02 6 0 0 0 0 0 0 0 0 0 0 0 18 19 18 18 17 15
 6.505000E+02 8 0 0 0 0 0 0 0 0 0 0 0 16 18 19 17 16 19
 6.510000E+02 8 0 0 0 0 0 0 0 0 0 0 0 14 10 18 22 12 18
 6.515000E+02 5 0 0 0 0 0 0 0 0 0 0 0 27 14 13 19 17 15
 6.520000E+02 13 0 0 0 0 0 0 0 0 0 0 0 18 19 17 17 15 14
 6.525000E+02 8 0 0 0 0 0 0 0 0 0 0 0 14 16 23 19 20 10
 6.530000E+02 8 0 0 0 0 0 0 0 0 0 0 0 15 18 22 19 13 17
 6.535000E+02 8 0 0 0 0 0 0 0 0 0 0 0 16 17 16 19 16 17
 6.540000E+02 10 0 0 0 0 0 0 0 0 0 0 0 11 17 16 19 14 21
 6.545000E+02 8 0 0 0 0 0 0 0 0 0 0 0 17 15 17 15 10 19
 6.550000E+02 8 0 0 0 0 0 0 0 0 0 0 0 19 13 17 15 11 21
 6.555000E+02 12 0 0 0 0 0 0 0 0 0 0 0 10 18 26 18 10 20
 6.560000E+02 14 0 0 0 0 0 0 0 0 0 0 0 17 15 17 22 14 17
 6.565000E+02 10 0 0 0 0 0 0 0 0 0 0 0 14 16 13 24 22 19
 6.570000E+02 7 0 0 0 0 0 0 0 0 0 0 0 18 24 14 14 14 19
 6.575000E+02 9 0 0 0 0 0 0 0 0 0 0 0 14 16 16 17 22 20
 6.580000E+02 10 0 0 0 0 0 0 0 0 0 0 0 18 20 12 18 20 15
 6.585000E+02 8 0 0 0 0 0 0 0 0 0 0 0 19 22 10 20 18 10
 6.590000E+02 6 0 0 0 0 0 0 0 0 0 0 0 19 20 14 16 17 14
 6.595000E+02 13 0 0 0 0 0 0 0 0 0 0 0 20 18 11 19 17 16
 6.600000E+02 8 0 0 0 0 0 0 0 0 0 0 0 17 17 10 19 21 14
 6.605000E+02 9 0 0 0 0 0 0 0 0 0 0 0 14 16 17 15 16 18
 6.610000E+02 6 0 0 0 0 0 0 0 0 0 0 0 22 11 15 15 9 21
 6.615000E+02 8 0 0 0 0 0 0 0 0 0 0 0 19 15 15 23 15 17
 6.620000E+02 8 0 0 0 0 0 0 0 0 0 0 0 12 18 13 22 13 21
 6.625000E+02 11 0 0 0 0 0 0 0 0 0 0 0 13 12 20 25 17 18
 6.630000E+02 7 0 0 0 0 0 0 0 0 0 0 0 17 14 24 19 10 25
 6.635000E+02 8 0 0 0 0 0 0 0 0 0 0 0 10 16 18 18 21 17
 6.640000E+02 4 0 0 0 0 0 0 0 0 0 0 0 13 14 19 19 18 14
 6.645000E+02 10 0 0 0 0 0 0 0 0 0 0 0 25 11 18 17 17 10
 6.650000E+02 6 0 0 0 0 0 0 0 0 0 0 0 21 15 16 14 20 17
 6.655000E+02 8 0 0 0 0 0 0 0 0 0 0 0 25 18 19 12 21 11
 6.660000E+02 13 0 0 0 0 0 0 0 0 0 0 0 17 16 25 15 14 14
 6.665000E+02 12 0 0 0 0 0 0 0 0 0 0 0 22 14 19 10 18 13
 6.670000E+02 10 0 0 0 0 0 0 0 0 0 0 0 20 16 20 16 16 17
 6.675000E+02 10 0 0 0 0 0 0 0 0 0 0 0 24 10 17 18 17 15
 6.680000E+02 5 0 0 0 0 0 0 0 0 0 0 0 19 18 17 16 23 13
 6.685000E+02 8 0 0 0 0 0 0 0 0 0 0 0 16 13 23 21 17 13
 6.690000E+02 8 0 0 0 0 0 0 0 0 0 0 0 16 18 20 19 16 12
 6.695000E+02 6 0 0 0 0 0 0 0 0 0 0 0 29 23 15 20 14 14
 6.700000E+02 8 0 0 0 0 0 0 0 0 0 0 0 14 16 17 19 10 14
 6.705000E+02 9 0 0 0 0 0 0 0 0 0 0 0 13 17 20 18 14 16
 6.710000E+02 9 0 0 0 0 0 0 0 0 0 0 0 13 15 9 20 13 21
 6.715000E+02 7 0 0 0 0 0 0 0 0 0 0 0 21 12 11 19 13 16
 6.720000E+02 9 0 0 0 0 0 0 0 0 0 0 0 18 13 13 23 9 14
 6.725000E+02 11 0 0 0 0 0 0 0 0 0 0 0 17 14 14 16 16 16
 6.730000E+02 4 0 0 0 0 0 0 0 0 0 0 0 14 17 19 13 17 17
 6.735000E+02 6 0 0 0 0 0 0 0 0 0 0 0 11 9 20 20 13 19
 6.740000E+02 8 0 0 0 0 0 0 0 0 0 0 0 12 12 17 21 12 15
 6.745000E+02 7 0 0 0 0 0 0 0 0 1 0 0 16 21 7 20 12 26
 6.750000E+02 7 0 0 1 0 0 0 0 0 0 0 0 14 16 10 17 17 21
 6.755000E+02 9 0 0 0 0 0 0 1 0 0 0 0 18 20 13 12 17 17
 6.760000E+02 10 0 0 0 0 0 0 0 0 1 0 0 16 19 14 11 16 16
 6.765000E+02 10 0 0 0 0 0 0 0 0 1 0 0 11 10 17 16 21 12
 6.770000E+02 8 0 0 0 0 0 0 0 0 1 0 0 16 13 15 22 17 13
 6.775000E+02 8 0 0 0 0 0 0 0 0 1 0 0 20 12 16 22 19 12
 6.780000E+02 3 0 0 0 0 0 0 1 0 0 0 0 18 18 13 16 11 15
 6.785000E+02 5 0 0 0 0 0 0 1 0 0 0 0 14 18 13 19 16 17
 6.790000E+02 8 0 0 0 0 0 0 0 0 1 0 0 19 14 13 19 16 19
 6.795000E+02 4 0 0 0 0 0 0 0 0 1 0 0 18 15 19 12 13 16
 6.800000E+02 5 0 0 0 0 0 0 0 0 1 0 0 14 12 20 16 16 23
 6.805000E+02 12 0 0 0 0 0 0 1 0 1 0 0 18 13 16 16 19 15
 6.810000E+02 10 0 0 0 0 0 0 1 0 0 0 0 20 10 15 15 15 12
 6.815000E+02 6 0 0 0 0 0 0 1 0 0 1 0 19 15 12 19 14 9
 6.820000E+02 7 0 0 0 0 0 0 0 0 1 0 0 19 16 16 16 18 17
 6.825000E+02 11 0 0 0 0 0 0 0 0 1 0 0 10 17 17 11 19 19
 6.830000E+02 8 0 0 0 0 0 0 0 0 1 0 0 15 12 13 14 18 19
 6.835000E+02 7 0 0 0 0 0 0 0 0 1 0 0 19 13 13 13 17 18
 6.840000E+02 10 0 0 0 0 0 0 0 0 0 0 0 22 14 21 16 11 15
 6.845000E+02 4 0 0 0 0 0 0 0 0 0 0 0 23 14 21 14 13 16
 6.850000E+02 9 0 0 0 0 0 0 0 0 0 0 0 19 15 18 16 11 15
 6.855000E+02 9 0 0 0 0 0 0 0 0 0 0 0 21 17 25 20 11 15
 6.860000E+02 8 0 0 0 0 0 0 0 0 0 0 0 19 14 21 19 12 13
 6.865000E+02 11 0 0 1 0 0 0 0 0 0 0 0 19 14 27 16 10 7
 6.870000E+02 11 0 0 0 0 0 0 0 0 1 0 0 24 19 18 12 7 15
 6.875000E+02 9 0 0 0 0 0 0 0 0 0 0 0 16 16 20 16 11 13
 6.880000E+02 6 0 0 0 0 0 0 0 0 0 0 0 19 13 18 17 15 18
 6.885000E+02 5 0 0 0 0 0 0 0 0 0 0 0 19 17 15 15 18 21
 6.890000E+02 4 0 0 0 0 0 0 0 0 1 0 0 19 14 23 19 18 18
 6.895000E+02 14 0 0 0 0 0 0 0 0 0 0 0 18 16 16 20 19 15
 6.900000E+02 9 0 0 0 0 0 0 0 0 0 0 0 17 10 17 19 20 19
 6.905000E+02 5 0 0 0 0 0 0 0 0 0 0 0 11 17 24 17 13 20
 6.910000E+02 13 0 0 0 0 0 0 1 0 0 0 0 14 17 22 20 16 17
 6.915000E+02 11 0 0 0 0 0 0 0 0 0 0 0 13 25 19 24 16 15
 6.920000E+02 2 0 0 0 0 0 0 0 0 0 0 0 13 20 22 20 16 21
 6.925000E+02 11 0 0 0 0 0 0 0 0 1 0 0 16 15 20 23 14 19
 6.930000E+02 8 0 0 0 0 0 0 0 0 0 0 0 17 16 20 18 16 11
 6.935000E+02 9 0 0 0 0 0 0 0 0 0 0 0 18 17 16 23 15 9
 6.940000E+02 12 0 0 0 0 0 0 0 0 0 0 0 23 17 14 13 17 15
 6.945000E+02 11 0 0 0 0 0 0 0 0 0 0 0 17 13 19 11 20 19
 6.950000E+02 9 0 0 0 0 0 0 0 0 0 0 0 20 16 26 15 14 20
 6.955000E+02 12 0 0 0 0 0 0 0 0 0 0 0 17 17 18 10 19 18
 6.960000E+02 10 0 0 0 0 0 0 0 0 0 0 0 26 12 21 8 17 29
 6.965000E+02 5 0 0 0 0 0 0 0 0 0 0 0 17 13 23 9 19 20
 6.970000E+02 15 0 0 0 0 0 0 0 0 0 0 0 19 18 16 10 20 13
 6.975000E+02 5 0 0 0 0 0 0 0 0 0 0 0 15 23 16 5 27 13
 6.980000E+02 8 0 0 0 0 0 0 0 0 0 0 0 16 17 22 7 26 20
 6.985000E+02 7 0 0 0 0 0 0 0 0 0 0 0 16 18 20 16 20 15
 6.990000E+02 9 0 0 0 0 0 0 0 0 0 0 0 15 16 13 15 20 27
 6.995000E+02 6 0 0 0 0 0 0 0 0 0 0 0 20 20 19 18 19 15
 7.000000E+02 12 0 0 0 0 0 0 0 0 0 0 0 17 18 19 17 18 15
