# time 'Ca' 'D34:75:137_PP2ACa' 'D34:75:137_PP2APCa' 'D34:75_PP2ACa' 'D34:75_PP2APCa' 'D75:137_PP2ACa' 'D75:137_PP2APCa' 'D75_PP2ACa' 'D75_PP2APCa' 'PP2ACa' 'PP2ACa_PKA' 'PP2APCa' 'PP2BinactiveCa2_1' 'PP2BinactiveCa2_2' 'PP2BinactiveCa2_3' 'PP2BinactiveCa2_4' 'PP2BinactiveCa2_5' 'PP2BinactiveCa2_6'
 0.000000E+00 0 0 0 0 0 0 0 0 0 0 0 0 0 0 0 0 0 0
 5.000000E-01 2 0 0 0 0 0 0 0 0 0 0 0 1 1 0 2 0 0
 1.000000E+00 1 0 0 0 0 0 0 0 0 0 0 0 1 2 1 2 1 1
 1.500000E+00 2 0 0 0 0 0 0 0 0 0 0 0 0 0 0 4 1 2
 2.000000E+00 2 0 0 0 0 0 0 0 0 0 0 0 1 1 2 5 2 2
 2.500000E+00 2 0 0 0 0 0 0 0 0 0 0 0 1 2 2 9 2 2
 3.000000E+00 5 0 0 0 0 0 0 0 0 0 0 0 1 6 2 3 3 4
 3.500000E+00 3 0 0 0 0 0 0 0 0 0 0 0 0 4 2 6 2 8
 4.000000E+00 1 0 0 0 0 0 0 0 0 0 0 0 1 5 1 7 4 6
 4.500000E+00 5 0 0 0 0 0 0 0 0 0 0 0 3 4 2 9 4 4
 5.000000E+00 2 0 0 0 0 0 0 0 0 0 0 0 4 5 1 7 5 4
 5.500000E+00 5 0 0 0 0 0 0 0 0 0 0 0 2 7 4 6 7 5
 6.000000E+00 3 0 0 0 0 0 0 0 0 2 0 0 3 6 7 7 6 3
 6.500000E+00 4 0 0 0 0 0 0 0 0 0 0 0 5 7 7 7 7 4
 7.000000E+00 5 0 0 0 0 0 0 0 0 0 0 0 7 10 5 9 7 2
 7.500000E+00 3 0 0 0 0 0 0 0 0 0 0 0 7 8 6 7 7 4
 8.000000E+00 7 0 0 0 0 0 0 0 0 0 0 0 10 7 13 5 5 1
 8.500000E+00 3 0 0 0 0 0 0 0 0 0 0 0 9 8 13 9 6 1
 9.000000E+00 0 0 0 0 0 0 0 0 0 0 0 0 5 7 14 9 6 5
 9.500000E+00 3 0 0 0 0 0 0 0 0 0 0 0 6 9 12 4 8 5
 1.000000E+01 0 0 0 0 0 0 0 0 0 0 0 0 5 10 15 6 9 8
 1.050000E+01 0 0 0 0 0 0 0 0 0 0 0 0 8 8 8 11 5 9
 1.100000E+01 5 0 0 0 0 0 0 0 0 0 0 0 10 11 6 8 3 8
 1.150000E+01 5 0 0 0 0 0 0 0 0 1 0 0 8 6 4 8 12 9
 1.200000E+01 5 0 0 0 0 0 0 0 0 0 0 0 9 10 4 4 11 11
 1.250000E+01 4 0 0 0 0 0 0 0 0 0 0 0 12 6 7 5 8 8
 1.300000E+01 3 0 0 0 0 0 0 0 0 0 0 0 9 6 10 13 10 8
 1.350000E+01 6 0 0 0 0 0 0 0 0 0 0 0 10 12 9 9 6 11
 1.400000E+01 5 0 0 0 0 0 0 0 0 0 0 0 12 11 9 10 8 6
 1.450000E+01 2 0 0 0 0 0 0 0 0 0 0 0 8 15 9 11 9 10
 1.500000E+01 2 0 0 0 0 0 0 0 0 0 0 0 8 17 9 11 12 7
 1.550000E+01 5 0 0 0 0 0 0 0 0 0 0 0 8 14 7 12 12 8
 1.600000E+01 9 0 0 0 0 0 0 0 0 0 0 0 9 5 14 10 8 9
 1.650000E+01 6 0 0 0 0 0 0 0 0 0 0 0 8 7 17 14 8 6
 1.700000E+01 5 0 0 0 0 0 0 0 0 0 0 0 8 7 13 12 8 7
 1.750000E+01 4 0 0 0 0 0 0 1 0 0 0 0 8 7 10 17 8 10
 1.800000E+01 4 0 0 0 0 0 0 0 0 0 0 0 9 9 8 17 11 10
 1.850000E+01 10 0 0 0 0 0 0 0 0 0 0 0 13 8 10 8 12 9
 1.900000E+01 4 0 0 0 0 0 0 0 0 0 0 0 11 11 9 12 11 9
 1.950000E+01 7 0 0 0 0 0 0 0 0 0 0 0 12 14 5 12 13 11
 2.000000E+01 4 0 0 0 0 0 0 0 0 0 0 0 14 15 9 13 15 6
 2.050000E+01 6 0 0 0 0 0 0 0 0 0 0 0 11 12 14 14 10 9
 2.100000E+01 5 0 0 0 0 0 0 0 0 0 0 0 15 11 13 10 11 12
 2.150000E+01 9 0 0 0 0 0 0 0 0 0 0 0 11 12 13 9 7 9
 2.200000E+01 3 0 0 0 0 0 0 0 0 0 0 0 11 13 14 10 13 9
 2.250000E+01 4 0 0 0 0 0 0 0 0 0 0 0 13 15 12 12 10 9
 2.300000E+01 7 0 0 0 0 0 0 0 0 0 0 0 9 16 14 17 8 11
 2.350000E+01 8 0 0 0 0 0 0 0 0 0 0 0 13 12 10 17 8 14
 2.400000E+01 4 0 0 0 0 0 0 1 0 0 0 0 16 9 8 15 7 13
 2.450000E+01 4 0 0 0 0 0 0 1 0 0 0 0 10 8 10 18 10 11
 2.500000E+01 7 0 0 0 0 0 0 0 0 0 0 0 9 11 14 15 7 13
 2.550000E+01 7 0 0 0 0 0 0 0 0 0 0 0 11 13 10 13 13 16
 2.600000E+01 9 0 0 0 0 0 0 0 0 0 0 0 13 16 9 8 16 16
 2.650000E+01 5 0 0 0 0 0 0 0 0 0 0 0 10 11 8 14 16 20
 2.700000E+01 9 0 0 0 0 0 0 0 0 0 0 0 16 11 8 14 15 12
 2.750000E+01 5 0 0 0 0 0 0 0 0 0 0 0 14 14 13 11 15 10
 2.800000E+01 6 0 0 0 0 0 0 0 0 0 0 0 16 16 8 10 17 11
 2.850000E+01 8 0 0 0 0 0 0 0 0 0 0 0 18 10 8 15 15 15
 2.900000E+01 10 0 0 0 0 0 0 0 0 0 0 0 17 6 8 10 20 16
 2.950000E+01 8 0 0 0 0 0 0 0 0 1 0 0 12 14 11 15 18 11
 3.000000E+01 9 0 0 0 0 0 0 0 0 1 0 0 15 17 15 14 12 10
 3.050000E+01 5 0 0 0 0 0 0 0 0 1 0 0 9 15 17 15 14 12
 3.100000E+01 5 0 0 0 0 0 0 0 0 1 0 0 17 13 11 17 9 14
 3.150000E+01 3 0 0 0 0 0 0 0 0 1 0 0 13 16 8 20 14 11
 3.200000E+01 6 0 0 0 0 0 0 0 0 0 0 0 13 14 13 22 14 13
 3.250000E+01 6 0 0 0 0 0 0 0 0 0 0 0 10 14 16 20 13 11
 3.300000E+01 7 0 0 0 0 0 0 0 0 0 0 0 10 10 14 15 19 7
 3.350000E+01 7 0 0 0 0 0 0 0 0 1 0 0 12 12 20 9 21 13
 3.400000E+01 6 0 0 0 0 0 0 0 0 0 0 0 15 12 19 6 20 10
 3.450000E+01 6 0 0 0 0 0 0 0 0 0 0 0 16 14 15 6 19 12
 3.500000E+01 11 0 0 0 0 0 0 0 0 0 0 0 13 17 11 9 14 17
 3.550000E+01 9 0 0 0 0 0 0 0 0 0 0 0 16 17 13 14 12 15
 3.600000E+01 7 0 0 0 0 0 0 0 0 0 0 0 14 16 13 9 15 21
 3.650000E+01 9 0 0 0 0 0 0 0 0 0 0 0 14 12 12 11 16 22
 3.700000E+01 9 0 0 0 0 0 0 0 0 0 0 0 15 11 15 11 16 20
 3.750000E+01 7 0 0 0 0 0 0 0 0 0 0 0 16 8 17 14 14 23
 3.800000E+01 8 0 0 0 0 0 0 0 0 0 0 0 16 13 16 15 13 18
 3.850000E+01 8 0 0 0 0 0 0 0 0 0 0 0 14 14 19 16 14 21
 3.900000E+01 4 0 0 0 0 0 0 0 0 1 0 0 12 12 19 19 17 17
 3.950000E+01 9 0 0 0 0 0 0 0 0 0 0 0 12 13 20 20 10 16
 4.000000E+01 4 0 0 0 0 0 0 0 0 0 0 0 9 14 10 19 13 23
 4.050000E+01 7 0 0 0 0 0 0 0 0 0 0 0 8 16 12 16 13 23
 4.100000E+01 5 0 0 0 0 0 0 1 0 0 0 0 11 18 21 13 9 26
 4.150000E+01 8 0 0 0 0 0 0 0 0 1 0 0 10 16 20 17 10 18
 4.200000E+01 9 0 0 0 0 0 0 0 0 1 0 0 10 14 15 22 12 22
 4.250000E+01 6 0 0 0 0 0 0 0 0 0 0 0 8 17 15 21 16 15
 4.300000E+01 7 0 0 0 0 0 0 0 0 0 0 0 16 11 15 17 16 17
 4.350000E+01 9 0 0 0 0 0 0 0 0 0 0 0 18 14 15 16 19 20
 4.400000E+01 11 0 0 0 0 0 0 0 0 0 0 0 20 13 16 14 15 15
 4.450000E+01 8 0 0 0 0 0 0 0 0 0 0 0 14 13 17 11 16 19
 4.500000E+01 10 0 0 0 0 0 0 0 0 0 0 0 17 17 15 13 13 10
 4.550000E+01 6 0 0 0 0 0 0 0 0 0 0 0 18 16 15 16 21 13
 4.600000E+01 12 0 0 0 0 0 0 0 0 1 0 0 11 15 17 17 13 21
 4.650000E+01 8 0 0 0 0 0 0 1 0 0 0 0 10 15 19 22 15 11
 4.700000E+01 8 0 0 0 0 0 0 0 0 0 0 0 11 11 16 14 20 22
 4.750000E+01 9 0 0 0 0 0 0 0 0 1 0 0 13 11 18 18 24 16
 4.800000E+01 7 0 0 0 0 0 0 0 0 0 0 0 14 13 12 17 22 19
 4.850000E+01 8 0 0 0 0 0 0 0 0 0 0 0 14 18 16 14 19 14
 4.900000E+01 10 0 0 0 0 0 0 0 0 0 0 0 17 17 18 18 14 13
 4.950000E+01 6 0 0 0 0 0 0 0 0 0 0 0 18 27 9 22 15 12
 5.000000E+01 4 0 0 0 0 0 0 0 0 0 0 0 18 19 9 21 12 14
 5.050000E+01 3 0 0 0 0 0 0 0 0 0 0 0 18 17 16 22 14 15
 5.100000E+01 12 0 0 0 0 0 0 0 0 0 0 0 19 15 17 19 11 16
 5.150000E+01 9 0 0 0 0 0 0 0 0 0 0 0 14 19 23 15 11 15
 5.200000E+01 6 0 0 0 0 0 0 0 0 0 0 0 21 15 17 10 14 18
 5.250000E+01 4 0 0 0 0 0 0 0 0 0 0 0 21 14 15 16 11 25
 5.300000E+01 1 0 0 0 0 0 0 0 0 0 0 0 12 17 12 19 18 23
 5.350000E+01 7 0 0 0 0 0 0 0 0 0 0 0 8 13 10 14 20 18
 5.400000E+01 8 0 0 0 0 0 0 0 0 0 0 0 9 16 18 11 14 21
 5.450000E+01 7 0 0 0 0 0 0 0 0 1 0 0 13 14 16 11 22 18
 5.500000E+01 12 0 0 0 0 0 0 0 0 1 0 0 13 13 12 18 22 18
 5.550000E+01 12 0 0 0 0 0 0 1 0 0 0 0 15 24 6 17 19 15
 5.600000E+01 8 0 0 0 0 0 0 1 0 1 0 0 23 22 8 17 18 14
 5.650000E+01 9 0 0 0 0 0 0 0 0 2 0 0 18 15 13 14 16 11
 5.700000E+01 9 0 0 0 0 0 0 0 0 1 0 0 17 15 17 18 15 13
 5.750000E+01 7 0 0 0 0 0 0 0 0 0 0 0 17 15 14 18 13 15
 5.800000E+01 8 0 0 0 0 0 0 0 0 0 0 0 13 19 20 18 13 20
 5.850000E+01 10 0 0 0 0 0 0 1 0 0 0 0 16 22 14 17 17 16
 5.900000E+01 6 0 0 0 0 0 0 0 0 0 0 0 15 15 13 16 19 20
 5.950000E+01 16 0 0 0 0 0 0 0 0 0 0 0 13 11 15 18 17 28
 6.000000E+01 12 0 0 0 0 0 0 0 0 0 0 0 10 18 18 17 28 20
 6.050000E+01 7 0 0 0 0 0 0 0 0 1 0 0 11 14 17 18 21 20
 6.100000E+01 7 0 0 0 0 0 0 1 0 1 0 0 13 17 19 22 14 21
 6.150000E+01 13 0 0 0 0 0 0 1 0 0 0 0 16 21 16 16 17 24
 6.200000E+01 5 0 0 0 0 0 0 0 0 0 0 0 16 19 21 14 15 21
 6.250000E+01 9 0 0 0 0 0 0 0 0 0 0 0 20 23 15 15 15 20
 6.300000E+01 6 0 0 0 0 0 0 0 0 0 0 0 17 16 19 23 14 20
 6.350000E+01 13 0 0 0 0 0 0 0 0 0 0 0 17 19 19 20 13 25
 6.400000E+01 5 0 0 0 0 0 0 0 0 1 0 0 21 21 19 18 11 21
 6.450000E+01 13 0 0 0 0 0 0 0 0 0 0 0 20 13 19 27 15 11
 6.500000E+01 4 0 0 0 0 0 0 0 0 0 0 0 20 19 17 18 17 16
 6.550000E+01 7 0 0 0 0 0 0 0 0 0 0 0 17 22 12 18 15 26
 6.600000E+01 10 0 0 0 0 0 0 1 0 0 0 0 19 18 21 17 13 25
 6.650000E+01 3 0 0 0 0 0 0 0 0 0 0 0 15 18 22 17 12 28
 6.700000E+01 10 0 0 0 0 0 0 0 0 0 0 0 16 15 18 18 16 26
 6.750000E+01 5 0 0 0 0 0 0 0 0 0 0 0 19 14 18 15 13 36
 6.800000E+01 12 0 0 0 0 0 0 0 0 0 0 0 16 12 22 14 16 24
 6.850000E+01 8 0 0 0 0 0 0 0 0 0 0 0 15 14 14 20 19 20
 6.900000E+01 7 0 0 0 0 0 0 0 0 1 0 0 20 17 12 23 14 22
 6.950000E+01 8 0 0 0 0 0 0 0 0 0 0 0 14 21 13 20 15 17
 7.000000E+01 6 0 0 0 0 0 0 0 0 0 0 0 19 26 10 18 18 22
 7.050000E+01 5 0 0 0 0 0 0 0 0 0 0 0 12 23 14 21 16 21
 7.100000E+01 9 0 0 0 0 0 0 0 0 0 0 0 16 18 16 19 21 17
 7.150000E+01 15 0 0 0 0 0 0 0 0 0 0 0 17 18 18 19 19 12
 7.200000E+01 8 0 0 0 0 0 0 0 0 0 0 0 17 20 15 16 20 19
 7.250000E+01 10 0 0 0 0 0 0 0 0 0 0 0 13 13 20 18 23 20
 7.300000E+01 9 0 0 0 0 0 0 0 0 0 0 0 14 16 20 17 24 17
 7.350000E+01 16 0 0 0 0 0 0 0 0 0 0 0 16 10 18 20 19 20
 7.400000E+01 17 0 0 0 0 0 0 0 0 0 0 0 15 13 20 19 16 18
 7.450000E+01 7 0 0 0 0 0 0 0 0 0 0 0 17 17 20 20 20 16
 7.500000E+01 4 0 0 0 0 0 0 0 0 0 0 0 14 21 16 20 22 18
 7.550000E+01 10 0 0 0 0 0 0 0 0 0 0 0 10 17 15 19 20 19
 7.600000E+01 9 0 0 0 0 0 0 0 0 0 0 0 19 12 25 12 24 15
 7.650000E+01 10 0 0 0 0 0 0 0 0 0 0 0 11 15 27 18 22 14
 7.700000E+01 7 0 0 0 0 0 0 0 0 0 0 0 17 13 23 23 15 15
 7.750000E+01 9 0 0 0 0 0 0 0 0 0 0 0 17 17 14 28 10 20
 7.800000E+01 4 0 0 0 0 0 0 0 0 0 0 0 18 25 17 24 13 12
 7.850000E+01 8 0 0 0 0 0 0 0 0 0 0 0 25 18 19 15 20 17
 7.900000E+01 11 0 0 0 0 0 0 0 0 0 0 0 21 22 20 20 18 13
 7.950000E+01 10 0 0 0 0 0 0 0 0 0 0 0 19 20 13 19 17 15
 8.000000E+01 9 0 0 0 0 0 0 0 0 0 0 0 20 22 21 16 21 11
 8.050000E+01 8 0 0 0 0 0 0 0 0 1 0 0 16 24 24 17 17 16
 8.100000E+01 6 0 0 0 0 0 0 0 0 0 0 0 12 16 20 23 18 14
 8.150000E+01 8 0 0 0 0 0 0 0 0 0 0 0 18 15 14 22 18 13
 8.200000E+01 17 0 0 0 0 0 0 0 0 0 0 0 17 22 9 24 22 16
 8.250000E+01 9 0 0 0 0 0 0 0 0 0 0 0 27 18 16 24 15 14
 8.300000E+01 9 0 0 0 0 0 0 0 0 0 0 0 21 18 18 20 14 18
 8.350000E+01 7 0 0 0 0 0 0 0 0 1 0 0 17 19 18 20 16 20
 8.400000E+01 7 0 0 0 0 0 0 1 0 0 0 0 22 10 17 25 23 19
 8.450000E+01 5 0 0 0 0 0 0 0 0 0 0 0 20 19 20 18 17 26
 8.500000E+01 11 0 0 0 0 0 0 0 0 0 0 0 13 15 23 20 17 24
 8.550000E+01 8 0 0 0 0 0 0 0 0 0 0 0 13 17 28 21 13 24
 8.600000E+01 14 0 0 0 0 0 0 0 0 1 0 0 13 17 18 25 18 13
 8.650000E+01 14 0 0 0 0 0 0 0 0 0 0 0 19 18 19 14 24 15
 8.700000E+01 11 0 0 0 0 0 0 0 0 1 0 0 17 15 23 19 26 17
 8.750000E+01 14 0 0 0 0 0 0 1 0 0 0 0 13 14 27 17 15 21
 8.800000E+01 13 0 0 0 0 0 0 0 0 0 0 0 15 21 14 16 14 18
 8.850000E+01 9 0 0 0 0 0 0 0 0 0 0 0 19 23 17 22 19 18
 8.900000E+01 9 0 0 0 0 0 0 0 0 0 0 0 19 24 13 14 22 21
 8.950000E+01 5 0 0 0 0 0 0 0 0 0 0 0 19 20 20 15 19 26
 9.000000E+01 10 0 0 0 0 0 0 0 0 0 0 0 20 17 13 26 10 23
 9.050000E+01 8 0 0 0 0 0 0 0 0 0 0 0 19 18 14 19 17 25
 9.100000E+01 14 0 0 0 0 0 0 0 0 0 0 0 13 26 18 20 13 18
 9.150000E+01 11 0 0 0 0 0 0 0 0 0 0 0 14 20 22 21 25 13
 9.200000E+01 10 0 0 0 0 0 0 0 0 0 0 0 12 17 21 23 23 13
 9.250000E+01 4 0 0 0 0 0 0 0 0 0 0 0 18 15 26 21 17 19
 9.300000E+01 8 0 0 0 0 0 0 0 0 0 0 0 23 16 25 23 13 19
 9.350000E+01 13 0 0 0 0 0 0 0 0 0 0 0 11 15 27 21 13 21
 9.400000E+01 14 0 0 0 0 0 0 0 0 0 0 0 17 12 25 19 21 18
 9.450000E+01 12 0 0 0 0 0 0 0 0 0 0 0 16 21 18 21 13 23
 9.500000E+01 7 0 0 0 0 0 0 0 0 0 0 0 14 21 16 20 15 18
 9.550000E+01 6 0 0 0 0 0 0 0 0 0 0 0 18 24 16 15 11 20
 9.600000E+01 10 0 0 0 0 0 0 0 0 1 0 0 16 18 19 10 9 28
 9.650000E+01 8 0 0 0 0 0 0 0 0 1 0 0 13 22 29 9 11 26
 9.700000E+01 4 0 0 0 0 0 0 0 0 1 0 0 11 17 26 18 14 21
 9.750000E+01 9 0 0 0 0 0 0 0 0 0 0 0 16 17 27 12 18 20
 9.800000E+01 10 0 0 0 0 0 0 0 0 0 0 0 23 16 21 11 26 16
 9.850000E+01 10 0 0 0 0 0 0 0 0 0 0 0 18 20 14 14 27 22
 9.900000E+01 10 0 0 0 0 0 0 0 0 0 0 0 14 25 20 20 22 18
 9.950000E+01 10 0 0 0 0 0 0 0 0 0 0 0 15 18 18 16 14 19
 1.000000E+02 6 0 0 0 0 0 0 0 0 0 0 0 15 23 24 15 16 21
 1.005000E+02 11 0 0 0 0 0 0 0 0 0 0 0 16 16 25 17 14 25
 1.010000E+02 10 0 0 0 0 0 0 0 0 0 0 0 16 22 29 17 15 23
 1.015000E+02 10 0 0 0 0 0 0 0 0 0 0 0 9 25 23 16 15 23
 1.020000E+02 5 0 0 0 0 0 0 0 0 0 0 0 9 29 18 26 15 22
 1.025000E+02 10 0 0 0 0 0 0 0 0 0 0 0 18 18 13 24 19 23
 1.030000E+02 5 0 0 0 0 0 0 0 0 0 0 0 18 17 15 25 18 15
 1.035000E+02 10 0 0 0 0 0 0 0 0 0 0 0 17 20 16 18 21 26
 1.040000E+02 12 0 0 0 0 0 0 0 0 0 0 0 16 22 22 17 23 18
 1.045000E+02 6 0 0 0 0 0 0 0 0 0 0 0 12 22 20 19 18 18
 1.050000E+02 15 0 0 0 0 0 0 0 0 0 0 0 14 18 20 17 22 19
 1.055000E+02 14 0 0 0 0 0 0 0 0 0 0 0 15 12 19 15 16 24
 1.060000E+02 4 0 0 0 0 0 0 0 0 0 0 0 13 15 21 20 16 21
 1.065000E+02 15 0 0 0 0 0 0 0 0 0 0 0 14 15 23 18 17 17
 1.070000E+02 10 0 0 0 0 0 0 0 0 1 0 0 16 21 22 18 16 14
 1.075000E+02 11 0 0 0 0 0 0 1 0 0 0 0 13 20 18 16 21 15
 1.080000E+02 4 0 0 0 0 0 0 0 0 1 0 0 15 14 17 20 22 12
 1.085000E+02 6 0 0 0 0 0 0 0 0 1 0 0 12 17 23 19 31 19
 1.090000E+02 8 0 0 0 0 0 0 0 0 1 0 0 16 18 14 22 22 19
 1.095000E+02 16 0 0 0 0 0 0 0 0 0 0 0 15 15 24 18 19 15
 1.100000E+02 12 0 0 0 0 0 0 0 0 0 0 0 20 19 22 18 21 21
 1.105000E+02 11 0 0 0 0 0 0 0 0 0 0 0 22 16 24 15 20 18
 1.110000E+02 10 0 0 0 0 0 0 0 0 0 0 0 16 17 24 12 20 23
 1.115000E+02 15 0 0 0 0 0 0 1 0 0 0 0 13 25 22 19 16 19
 1.120000E+02 9 0 0 0 0 0 0 0 0 1 0 0 10 31 18 19 24 20
 1.125000E+02 4 0 0 0 0 0 0 0 0 0 0 0 13 23 21 21 15 18
 1.130000E+02 7 0 0 0 0 0 0 0 0 0 0 0 13 21 26 15 19 19
 1.135000E+02 9 0 0 0 0 0 0 0 0 0 0 0 19 17 22 17 21 18
 1.140000E+02 9 0 0 0 0 0 0 0 0 1 0 0 16 13 19 26 15 19
 1.145000E+02 9 0 0 0 0 0 0 1 0 0 0 0 18 13 22 18 15 25
 1.150000E+02 12 0 0 0 0 0 0 1 0 0 0 0 21 16 17 18 14 18
 1.155000E+02 8 0 0 0 0 0 0 0 0 1 0 0 23 21 17 11 13 17
 1.160000E+02 7 0 0 0 0 0 0 0 0 0 0 0 22 21 18 17 11 19
 1.165000E+02 11 0 0 0 0 0 0 0 0 0 0 0 23 17 12 11 11 14
 1.170000E+02 9 0 0 0 0 0 0 0 0 0 0 0 19 24 21 12 8 22
 1.175000E+02 12 0 0 0 0 0 0 0 0 0 0 0 20 17 20 11 14 19
 1.180000E+02 4 0 0 0 0 0 0 0 0 0 0 0 21 17 18 19 15 21
 1.185000E+02 3 0 0 0 0 0 0 0 0 0 0 0 16 21 20 25 22 16
 1.190000E+02 6 0 0 0 0 0 0 0 0 1 0 0 19 20 12 18 26 14
 1.195000E+02 9 0 0 0 0 0 0 0 0 1 0 0 21 19 11 10 21 17
 1.200000E+02 9 0 0 0 0 0 0 0 0 1 0 0 17 15 10 18 27 22
 1.205000E+02 7 0 0 0 0 0 0 0 0 0 0 0 18 19 12 12 23 19
 1.210000E+02 10 0 0 0 0 0 0 0 0 0 0 0 16 23 18 13 18 16
 1.215000E+02 5 0 0 0 0 0 0 0 0 0 0 0 22 19 17 24 19 21
 1.220000E+02 10 0 0 0 0 0 0 0 0 0 0 0 21 19 17 16 18 22
 1.225000E+02 11 0 0 0 0 0 0 0 0 0 0 0 17 17 13 24 14 20
 1.230000E+02 15 0 0 0 0 0 0 0 0 0 0 0 20 21 13 21 15 18
 1.235000E+02 5 0 0 0 0 0 0 0 0 0 0 0 19 16 21 19 15 16
 1.240000E+02 5 0 0 0 0 0 0 1 0 0 0 0 16 18 18 16 18 20
 1.245000E+02 10 0 0 0 0 0 0 1 0 0 0 0 15 18 14 17 17 19
 1.250000E+02 11 0 0 0 0 0 0 0 0 0 0 0 20 16 24 15 13 19
 1.255000E+02 8 0 0 0 0 0 0 0 0 0 0 0 10 19 20 14 13 24
 1.260000E+02 4 0 0 0 0 0 0 0 0 0 0 0 11 20 16 21 11 23
 1.265000E+02 11 0 0 0 0 0 0 0 0 0 0 0 16 19 16 20 16 16
 1.270000E+02 13 0 0 0 0 0 0 0 0 0 0 0 15 21 12 22 13 18
 1.275000E+02 9 0 0 0 0 0 0 0 0 1 0 0 12 22 10 18 13 23
 1.280000E+02 5 0 0 0 0 0 0 0 0 0 0 0 22 25 12 18 10 16
 1.285000E+02 9 0 0 0 0 0 0 0 0 0 0 0 20 12 14 18 12 20
 1.290000E+02 10 0 0 0 0 0 0 0 0 0 0 0 16 15 17 14 21 17
 1.295000E+02 5 0 0 0 0 0 0 0 0 0 0 0 18 16 26 17 19 17
 1.300000E+02 11 0 0 0 0 0 0 0 0 0 0 0 18 15 21 12 18 10
 1.305000E+02 13 0 0 0 0 0 0 0 0 1 0 0 21 15 20 17 14 14
 1.310000E+02 13 0 0 0 0 0 0 1 0 0 0 0 21 13 24 18 13 20
 1.315000E+02 12 0 0 0 0 0 0 0 0 1 0 0 22 19 26 17 11 14
 1.320000E+02 6 0 0 0 0 0 0 1 0 0 0 0 20 17 19 21 10 19
 1.325000E+02 3 0 0 0 0 0 0 0 0 1 0 0 18 19 14 14 13 19
 1.330000E+02 7 0 0 0 0 0 0 0 0 1 0 0 8 20 15 19 16 18
 1.335000E+02 9 0 0 0 0 0 0 0 0 1 0 0 17 20 18 18 13 16
 1.340000E+02 4 0 0 0 0 0 0 0 0 0 0 0 22 17 17 17 13 14
 1.345000E+02 8 0 0 0 0 0 0 0 0 0 0 0 18 16 18 15 20 13
 1.350000E+02 9 0 0 0 0 0 0 1 0 0 0 0 15 18 23 18 17 13
 1.355000E+02 10 0 0 0 0 0 0 0 0 0 0 0 13 15 18 20 14 18
 1.360000E+02 8 0 0 0 0 0 0 0 0 0 0 0 14 19 20 16 20 17
 1.365000E+02 10 0 0 0 0 0 0 0 0 0 0 0 18 17 20 15 20 19
 1.370000E+02 9 0 0 0 0 0 0 0 0 0 0 0 21 17 21 15 23 15
 1.375000E+02 9 0 0 0 0 0 0 0 0 0 0 0 15 19 16 17 13 17
 1.380000E+02 7 0 0 0 0 0 0 0 0 0 0 0 20 17 17 19 13 23
 1.385000E+02 12 0 0 0 0 0 0 0 0 0 0 0 17 24 15 16 19 19
 1.390000E+02 15 0 0 0 0 0 0 0 0 0 0 0 16 17 14 10 16 21
 1.395000E+02 12 0 0 0 0 0 0 0 0 0 0 0 11 17 13 18 17 23
 1.400000E+02 12 0 0 0 0 0 0 0 0 0 0 0 15 15 19 13 19 21
 1.405000E+02 9 0 0 0 0 0 0 0 0 0 0 0 18 16 20 18 19 19
 1.410000E+02 6 0 0 0 0 0 0 0 0 0 0 0 20 19 16 21 13 19
 1.415000E+02 10 0 0 0 0 0 0 0 0 0 0 0 16 17 17 16 16 12
 1.420000E+02 14 0 0 0 0 0 0 0 0 0 0 0 15 20 14 14 22 15
 1.425000E+02 10 0 0 0 0 0 0 0 0 0 0 0 18 23 17 16 29 13
 1.430000E+02 5 0 0 0 0 0 0 0 0 0 0 0 19 16 21 20 19 18
 1.435000E+02 9 0 0 0 0 0 0 0 0 0 0 0 20 13 23 18 17 21
 1.440000E+02 10 0 0 0 0 0 0 0 0 0 0 0 15 20 23 15 10 20
 1.445000E+02 7 0 0 0 0 0 0 0 0 0 0 0 20 18 20 12 21 23
 1.450000E+02 10 0 0 0 0 0 0 0 0 1 0 0 17 18 27 13 15 23
 1.455000E+02 7 0 0 0 0 0 0 0 0 0 0 0 18 20 28 14 16 19
 1.460000E+02 9 0 0 0 0 0 0 0 0 0 0 0 17 19 19 15 17 24
 1.465000E+02 7 0 0 0 0 0 0 0 0 0 0 0 20 17 14 21 23 18
 1.470000E+02 13 0 0 0 0 0 0 0 0 0 0 0 17 10 14 22 24 18
 1.475000E+02 9 0 0 0 0 0 0 0 0 0 0 0 24 13 13 20 17 23
 1.480000E+02 7 0 0 0 0 0 0 0 0 0 0 0 21 13 9 28 17 23
 1.485000E+02 7 0 0 0 0 0 0 0 0 0 0 0 17 14 12 27 17 23
 1.490000E+02 13 0 0 0 0 0 0 0 0 0 0 0 17 20 16 24 22 17
 1.495000E+02 14 0 0 0 0 0 0 0 0 0 0 0 12 24 14 23 18 25
 1.500000E+02 6 0 0 0 0 0 0 0 0 0 0 0 15 17 16 23 25 19
 1.505000E+02 13 0 0 0 0 0 0 0 0 0 0 0 13 16 15 22 24 16
 1.510000E+02 8 0 0 0 0 0 0 0 0 0 0 0 12 14 23 22 22 19
 1.515000E+02 15 0 0 0 0 0 0 0 0 0 0 0 20 15 20 18 23 13
 1.520000E+02 10 0 0 0 0 0 0 0 0 0 0 0 15 20 25 12 25 15
 1.525000E+02 9 0 0 0 0 0 0 0 0 0 0 0 9 27 23 7 28 14
 1.530000E+02 13 0 0 0 0 0 0 0 0 0 0 0 17 28 19 8 23 15
 1.535000E+02 11 0 0 0 0 0 0 0 0 0 0 0 16 21 14 13 23 22
 1.540000E+02 10 0 0 0 0 0 0 0 0 0 0 0 19 25 17 13 15 21
 1.545000E+02 12 0 0 0 0 0 0 0 0 0 0 0 18 19 26 20 21 16
 1.550000E+02 10 0 0 0 0 0 0 0 0 0 0 0 16 20 22 22 18 21
 1.555000E+02 10 0 0 0 0 0 0 0 0 0 0 0 19 25 14 22 17 19
 1.560000E+02 8 0 0 0 0 0 0 0 0 0 0 0 18 23 14 20 17 13
 1.565000E+02 5 0 0 0 0 0 0 0 0 0 0 0 21 24 19 20 17 14
 1.570000E+02 5 0 0 0 0 0 0 0 0 2 0 0 15 20 15 22 21 22
 1.575000E+02 6 0 0 0 0 0 0 1 0 1 0 0 19 18 16 14 15 22
 1.580000E+02 3 0 0 0 0 0 0 0 0 1 0 0 18 21 23 10 16 24
 1.585000E+02 10 0 0 0 0 0 0 0 0 1 0 0 22 18 20 14 16 23
 1.590000E+02 11 0 0 0 0 1 0 0 0 0 0 0 18 16 26 12 21 16
 1.595000E+02 9 0 0 0 0 0 0 0 0 0 0 0 25 19 19 8 24 17
 1.600000E+02 8 0 0 0 0 0 0 0 0 0 0 0 19 21 15 17 16 16
 1.605000E+02 6 0 0 0 0 0 0 0 0 0 0 0 19 18 20 16 17 15
 1.610000E+02 10 0 0 0 0 0 0 0 0 0 0 0 14 19 19 20 18 19
 1.615000E+02 2 0 0 0 0 0 0 0 0 0 0 0 17 21 18 11 20 16
 1.620000E+02 8 0 0 0 0 0 0 0 0 0 0 0 20 18 18 18 18 15
 1.625000E+02 7 0 0 0 0 0 0 0 0 0 0 0 20 21 13 19 15 23
 1.630000E+02 5 0 0 0 0 0 0 0 0 0 0 0 14 26 12 20 15 18
 1.635000E+02 14 0 0 0 0 0 0 0 0 0 0 0 10 22 13 19 18 14
 1.640000E+02 7 0 0 0 0 0 0 0 0 0 0 0 16 16 16 23 22 15
 1.645000E+02 5 0 0 0 0 0 0 0 0 1 0 0 27 16 19 21 16 15
 1.650000E+02 11 0 0 0 0 0 0 0 0 1 0 0 18 12 25 17 17 15
 1.655000E+02 13 0 0 0 0 0 0 0 0 1 0 0 17 24 26 12 15 16
 1.660000E+02 9 0 0 0 0 0 0 0 0 1 0 0 19 17 17 18 17 21
 1.665000E+02 13 0 0 0 0 0 0 1 0 0 0 0 18 19 18 11 13 21
 1.670000E+02 12 0 0 0 0 0 0 0 0 0 0 0 18 14 19 13 17 17
 1.675000E+02 11 0 0 0 0 0 0 0 0 0 0 0 20 17 21 12 18 16
 1.680000E+02 11 0 0 0 0 1 0 0 0 0 0 0 23 20 18 15 15 14
 1.685000E+02 6 0 0 0 0 0 0 0 0 1 0 0 20 19 22 18 13 17
 1.690000E+02 11 0 0 0 0 0 0 0 0 1 0 0 18 19 22 18 12 13
 1.695000E+02 6 0 0 0 0 0 0 0 0 0 0 0 12 18 21 18 17 17
 1.700000E+02 9 0 0 0 0 0 0 0 0 0 0 0 11 17 22 18 15 14
 1.705000E+02 10 0 0 0 0 0 0 0 0 0 0 0 13 16 21 25 18 15
 1.710000E+02 8 0 0 0 0 0 0 0 0 0 0 0 9 16 24 18 20 17
 1.715000E+02 14 0 0 0 0 0 0 0 0 0 0 0 16 11 14 20 26 18
 1.720000E+02 10 0 0 0 0 0 0 0 0 1 0 0 23 15 11 17 13 17
 1.725000E+02 7 0 0 0 0 0 0 0 0 1 0 0 23 8 20 15 14 22
 1.730000E+02 9 0 0 0 0 0 0 0 0 0 0 0 16 19 25 16 13 18
 1.735000E+02 5 0 0 0 0 0 0 0 0 1 0 0 19 22 20 17 17 16
 1.740000E+02 6 0 0 0 0 0 0 0 0 2 0 0 17 17 18 20 12 19
 1.745000E+02 13 0 0 0 0 0 0 0 0 2 0 0 14 17 19 18 11 16
 1.750000E+02 14 0 0 0 0 0 0 0 0 2 0 0 16 13 20 20 16 19
 1.755000E+02 10 0 0 0 0 0 0 0 0 2 0 0 17 21 14 17 11 14
 1.760000E+02 8 0 0 0 0 0 0 0 0 3 0 0 20 21 14 26 11 13
 1.765000E+02 9 0 0 0 0 0 0 0 0 2 0 0 18 19 9 22 13 18
 1.770000E+02 9 0 0 0 0 0 0 1 0 2 0 0 22 14 15 23 16 9
 1.775000E+02 9 0 0 0 0 0 0 0 0 0 0 0 18 17 15 19 24 14
 1.780000E+02 10 0 0 0 0 0 0 0 0 1 0 0 17 12 15 16 13 16
 1.785000E+02 2 0 0 0 0 0 0 1 0 0 0 0 15 20 12 11 24 20
 1.790000E+02 13 0 0 0 0 0 0 0 0 1 0 0 13 19 13 16 26 20
 1.795000E+02 9 0 0 0 0 0 0 1 0 0 0 0 13 15 23 16 22 14
 1.800000E+02 3 0 0 0 0 0 0 1 0 0 0 0 11 20 24 14 21 15
 1.805000E+02 8 0 0 0 0 0 0 0 0 2 0 0 9 22 26 7 20 13
 1.810000E+02 6 0 0 0 0 0 0 0 0 1 0 0 17 14 20 16 21 11
 1.815000E+02 13 0 0 0 0 0 0 0 0 0 0 0 16 15 20 21 14 15
 1.820000E+02 6 0 0 0 0 0 0 0 0 0 0 0 11 9 20 22 21 13
 1.825000E+02 8 0 0 0 0 0 0 0 0 0 0 0 10 21 24 15 21 9
 1.830000E+02 6 0 0 0 0 0 0 0 0 0 0 0 11 19 19 18 23 8
 1.835000E+02 9 0 0 0 0 0 0 0 0 0 0 0 14 25 13 10 17 17
 1.840000E+02 9 0 0 0 0 0 0 0 0 0 0 0 13 20 13 7 20 13
 1.845000E+02 14 0 0 0 0 0 0 0 0 0 0 0 14 20 14 20 21 12
 1.850000E+02 11 0 0 0 0 0 0 0 0 0 0 0 14 15 15 13 19 20
 1.855000E+02 10 0 0 0 0 0 0 0 0 1 0 0 16 16 15 22 20 24
 1.860000E+02 6 0 0 0 0 0 0 1 0 0 0 0 15 11 17 18 17 24
 1.865000E+02 8 0 0 0 0 0 0 0 0 1 0 0 8 12 22 21 21 21
 1.870000E+02 8 0 0 0 0 0 0 0 0 1 0 0 12 11 14 13 23 16
 1.875000E+02 5 0 0 0 0 0 0 1 0 0 0 0 20 13 21 10 18 18
 1.880000E+02 10 0 0 0 0 0 0 0 0 0 0 0 24 22 18 8 17 22
 1.885000E+02 10 0 0 0 0 0 0 0 0 0 0 0 20 22 17 12 16 21
 1.890000E+02 6 0 0 0 0 0 0 0 0 0 0 0 13 18 17 11 13 25
 1.895000E+02 8 0 0 0 0 0 0 0 0 0 0 0 9 22 20 16 14 26
 1.900000E+02 4 0 0 0 0 0 0 0 0 0 0 0 16 21 17 17 18 18
 1.905000E+02 10 0 0 0 0 0 0 0 0 0 0 0 13 19 17 15 15 21
 1.910000E+02 8 0 0 0 0 0 0 0 0 0 0 0 22 14 12 14 17 18
 1.915000E+02 9 0 0 0 0 0 0 0 0 0 0 0 21 17 18 13 18 15
 1.920000E+02 7 0 0 0 0 0 0 0 0 0 0 0 22 16 19 11 16 16
 1.925000E+02 12 0 0 0 0 0 0 0 0 0 0 0 23 14 17 10 21 19
 1.930000E+02 11 0 0 0 0 0 0 0 0 0 0 0 20 13 15 11 23 23
 1.935000E+02 5 0 0 0 0 0 0 0 0 0 0 0 18 14 24 14 18 19
 1.940000E+02 6 0 0 0 0 0 0 0 0 0 0 0 17 15 22 13 20 18
 1.945000E+02 3 0 0 0 0 0 0 0 0 0 0 0 11 19 20 9 18 17
 1.950000E+02 10 0 0 0 0 0 0 0 0 0 0 0 15 19 26 7 17 13
 1.955000E+02 5 0 0 0 0 0 0 0 0 0 0 0 20 22 11 10 20 12
 1.960000E+02 9 0 0 0 0 0 0 1 0 0 0 0 17 27 8 12 18 18
 1.965000E+02 8 0 0 0 0 0 0 1 0 1 0 0 18 23 11 16 14 18
 1.970000E+02 6 0 0 0 0 0 0 0 0 0 0 0 14 19 13 18 23 11
 1.975000E+02 9 0 0 0 0 0 0 0 0 0 0 0 16 21 13 21 20 15
 1.980000E+02 7 0 0 0 0 0 0 0 0 0 0 0 15 15 15 16 16 10
 1.985000E+02 7 0 0 0 0 0 0 0 0 0 0 0 19 18 21 18 16 12
 1.990000E+02 8 0 0 0 0 0 0 0 0 0 0 0 16 20 18 19 16 11
 1.995000E+02 11 0 0 0 0 0 0 0 0 0 0 0 13 19 19 21 18 16
 2.000000E+02 6 0 0 0 0 0 0 0 0 0 0 0 13 20 17 22 13 16
 2.005000E+02 7 0 0 0 0 0 0 0 0 0 0 0 17 22 13 19 14 17
 2.010000E+02 4 0 0 0 0 0 0 0 0 0 0 0 18 18 14 12 19 16
 2.015000E+02 6 0 0 0 0 0 0 0 0 0 0 0 22 18 7 11 26 12
 2.020000E+02 5 0 0 0 0 0 0 0 0 0 0 0 16 18 12 10 24 9
 2.025000E+02 14 0 0 0 0 0 0 0 0 0 0 0 17 16 24 6 12 13
 2.030000E+02 4 0 0 0 0 0 0 0 0 0 0 0 15 18 17 10 13 16
 2.035000E+02 3 0 0 0 0 0 0 0 0 0 0 0 13 13 16 15 8 14
 2.040000E+02 10 0 0 0 0 0 0 0 0 0 0 0 16 14 15 21 10 17
 2.045000E+02 8 0 0 0 0 0 0 0 0 0 0 0 17 15 15 14 12 11
 2.050000E+02 7 0 0 0 0 0 0 0 0 0 0 0 16 12 16 21 18 18
 2.055000E+02 8 0 0 0 0 0 0 0 0 0 0 0 15 15 11 18 17 19
 2.060000E+02 4 0 0 0 0 0 0 0 0 0 0 0 10 13 10 19 20 23
 2.065000E+02 12 0 0 0 0 0 0 0 0 0 0 0 12 13 13 14 17 22
 2.070000E+02 8 0 0 0 0 0 0 0 0 0 0 0 10 16 20 12 18 22
 2.075000E+02 5 0 0 0 0 0 0 0 0 0 0 0 12 17 22 15 14 19
 2.080000E+02 7 0 0 0 0 0 0 0 0 0 0 0 13 13 17 13 10 18
 2.085000E+02 8 0 0 0 0 0 0 0 0 0 0 0 15 16 12 15 17 15
 2.090000E+02 9 0 0 0 0 0 0 0 0 0 0 0 9 12 14 21 22 19
 2.095000E+02 10 0 0 0 0 0 0 0 0 0 0 0 16 15 19 17 16 15
 2.100000E+02 10 0 0 1 0 0 0 0 0 0 0 0 14 15 15 13 18 13
 2.105000E+02 7 0 0 0 0 0 0 0 0 0 0 0 18 17 14 15 19 12
 2.110000E+02 10 0 0 0 0 0 0 0 0 0 0 0 11 11 13 13 22 13
 2.115000E+02 5 0 0 0 0 0 0 0 0 0 0 0 14 6 20 13 17 21
 2.120000E+02 7 0 0 0 0 0 0 0 0 0 0 0 12 7 22 13 19 18
 2.125000E+02 8 0 0 0 0 0 0 0 0 0 0 0 19 13 14 13 21 18
 2.130000E+02 12 0 0 0 0 0 0 0 0 0 0 0 13 14 18 10 19 14
 2.135000E+02 7 0 0 0 0 0 0 0 0 0 0 0 18 16 14 15 15 14
 2.140000E+02 9 0 0 0 0 0 0 0 0 0 0 0 13 23 14 13 11 14
 2.145000E+02 6 0 0 0 0 0 0 0 0 0 0 0 14 19 17 13 17 17
 2.150000E+02 13 0 0 0 0 0 0 0 0 0 0 0 13 15 17 13 17 15
 2.155000E+02 7 0 0 0 0 0 0 0 0 0 0 0 16 19 13 10 12 12
 2.160000E+02 9 0 0 0 0 0 0 0 0 0 0 0 11 16 15 13 17 16
 2.165000E+02 9 0 0 0 0 0 0 0 0 0 0 0 12 15 17 17 15 10
 2.170000E+02 3 0 0 0 0 0 0 0 0 0 0 0 15 11 12 15 11 10
 2.175000E+02 10 0 0 0 0 0 0 0 0 0 0 0 17 12 15 17 11 14
 2.180000E+02 6 0 0 0 0 0 0 0 0 1 0 0 13 19 10 18 13 22
 2.185000E+02 10 0 0 0 0 0 0 0 0 1 0 0 11 15 11 19 12 19
 2.190000E+02 13 0 0 1 0 0 0 0 0 0 0 0 11 12 13 17 13 19
 2.195000E+02 8 0 0 0 1 0 0 0 0 1 0 0 12 11 16 15 18 23
 2.200000E+02 6 0 0 0 0 0 0 0 0 2 0 0 16 12 16 17 18 20
 2.205000E+02 12 0 0 0 0 0 0 0 0 1 0 0 18 15 16 16 18 16
 2.210000E+02 8 0 0 1 0 0 0 0 0 0 0 0 18 12 14 16 15 17
 2.215000E+02 6 0 0 0 0 0 0 0 0 0 0 0 19 8 17 17 16 13
 2.220000E+02 8 0 0 0 0 0 0 0 0 0 0 0 17 11 19 17 18 10
 2.225000E+02 6 0 0 0 0 0 0 0 0 0 0 0 22 14 19 17 9 12
 2.230000E+02 10 0 0 0 0 0 0 0 0 0 0 0 22 15 18 12 13 11
 2.235000E+02 7 0 0 0 0 0 0 0 0 0 1 0 15 18 16 17 20 13
 2.240000E+02 11 0 0 0 0 0 0 0 0 0 0 0 12 19 15 15 15 9
 2.245000E+02 10 0 0 1 0 0 0 0 0 0 0 0 15 19 21 16 14 15
 2.250000E+02 9 0 0 0 0 0 0 0 0 1 0 0 17 19 18 18 15 14
 2.255000E+02 8 0 0 0 0 0 0 0 0 1 0 0 10 19 14 21 15 18
 2.260000E+02 8 0 0 0 0 0 0 0 0 2 0 0 23 12 18 17 9 15
 2.265000E+02 5 0 0 0 0 0 0 0 0 0 0 0 22 11 13 14 10 19
 2.270000E+02 5 0 0 0 0 0 0 0 0 0 0 0 20 5 16 16 11 14
 2.275000E+02 9 0 0 0 0 0 0 0 0 0 0 0 21 13 14 20 13 11
 2.280000E+02 13 0 0 0 0 0 0 0 0 0 0 0 14 23 16 18 13 16
 2.285000E+02 7 0 0 0 0 0 0 0 0 0 0 0 9 20 18 15 12 10
 2.290000E+02 6 0 0 0 0 0 0 0 0 0 0 0 11 30 16 17 16 16
 2.295000E+02 7 0 0 0 0 0 0 0 0 0 0 0 15 20 12 15 14 15
 2.300000E+02 7 0 0 0 0 0 0 0 0 0 0 0 18 13 13 13 19 15
 2.305000E+02 10 0 0 0 0 0 0 0 0 0 0 0 23 20 16 10 13 14
 2.310000E+02 8 0 0 0 0 0 0 0 0 0 0 0 13 16 17 10 13 15
 2.315000E+02 9 0 0 0 0 0 0 0 0 0 0 0 13 15 22 13 21 13
 2.320000E+02 10 0 0 0 0 0 0 0 0 0 0 0 22 16 21 11 16 17
 2.325000E+02 10 0 0 0 0 0 0 0 0 0 0 0 18 17 19 13 13 14
 2.330000E+02 9 0 0 1 0 0 0 0 0 0 0 0 21 21 19 20 17 12
 2.335000E+02 14 0 0 0 0 0 0 0 0 1 0 0 23 14 14 19 14 15
 2.340000E+02 10 0 0 0 0 0 0 0 0 1 0 0 18 16 14 12 14 22
 2.345000E+02 8 0 0 0 0 0 0 0 0 0 0 0 17 16 18 17 15 17
 2.350000E+02 9 0 0 0 0 0 0 0 0 0 0 0 10 9 19 19 16 13
 2.355000E+02 7 0 0 0 0 0 0 0 0 0 0 0 11 14 14 17 21 20
 2.360000E+02 7 0 0 0 0 0 0 0 0 0 0 0 21 18 12 19 18 16
 2.365000E+02 5 0 0 0 0 0 0 0 0 0 0 0 19 16 13 19 15 19
 2.370000E+02 8 0 0 0 0 0 0 0 0 0 0 0 15 14 13 22 12 24
 2.375000E+02 11 0 0 0 0 0 0 0 0 0 0 0 19 14 13 17 13 23
 2.380000E+02 9 0 0 0 0 0 0 0 0 0 0 0 22 17 17 17 12 26
 2.385000E+02 6 0 0 0 0 0 0 0 0 0 0 0 16 17 15 16 10 14
 2.390000E+02 7 0 0 0 0 0 0 0 0 0 0 0 20 13 17 11 15 20
 2.395000E+02 11 0 0 0 0 0 0 0 0 0 0 0 18 15 12 9 19 15
 2.400000E+02 9 0 0 0 0 0 0 0 0 0 0 0 15 13 12 15 21 9
 2.405000E+02 9 0 0 0 0 0 0 0 0 0 0 0 17 15 19 15 17 17
 2.410000E+02 11 0 0 0 0 0 0 0 0 0 0 0 18 11 12 18 13 20
 2.415000E+02 10 0 0 0 0 0 0 0 0 0 0 0 13 14 6 15 14 21
 2.420000E+02 4 0 0 0 0 0 0 0 0 0 0 0 20 12 6 17 18 22
 2.425000E+02 5 0 0 0 0 0 0 0 0 0 0 0 24 13 12 20 19 17
 2.430000E+02 11 0 0 0 0 0 0 0 0 0 0 0 17 12 13 19 17 19
 2.435000E+02 6 0 0 0 0 0 0 0 0 0 0 0 13 15 11 17 16 16
 2.440000E+02 9 0 0 0 0 0 0 0 0 0 0 0 18 16 19 17 20 15
 2.445000E+02 17 0 0 0 0 0 0 0 0 0 0 0 19 17 21 16 13 16
 2.450000E+02 15 0 0 0 0 0 0 0 0 1 0 0 17 15 15 15 22 13
 2.455000E+02 5 0 0 0 0 0 0 0 0 0 1 0 18 17 18 18 12 16
 2.460000E+02 12 0 0 0 0 0 0 0 0 0 0 0 17 20 17 15 16 16
 2.465000E+02 8 0 0 0 0 0 0 0 0 0 0 0 14 17 18 13 17 17
 2.470000E+02 13 0 0 0 0 0 0 0 0 0 0 0 12 14 10 20 24 14
 2.475000E+02 11 0 0 0 0 0 0 0 0 0 0 0 16 14 16 14 14 20
 2.480000E+02 6 0 0 0 0 0 0 0 0 0 0 0 17 13 18 13 16 19
 2.485000E+02 12 0 0 0 0 0 0 0 0 0 0 0 26 10 17 16 12 25
 2.490000E+02 8 0 0 0 0 0 0 0 0 0 0 0 17 14 18 18 19 19
 2.495000E+02 13 0 0 0 0 0 0 0 0 0 0 0 12 14 16 23 18 20
 2.500000E+02 13 0 0 0 0 0 0 0 0 0 0 0 10 15 16 16 21 21
 2.505000E+02 1153 0 0 3 1 0 0 0 0 4 0 0 0 0 0 0 0 0
 2.510000E+02 1811 2 0 3 0 0 0 1 0 19 1 0 0 0 0 0 0 0
 2.515000E+02 2098 0 0 7 0 0 0 0 0 28 1 3 0 0 0 0 0 0
 2.520000E+02 2309 0 0 10 2 0 0 3 0 31 1 0 0 0 0 0 0 0
 2.525000E+02 980 1 0 3 1 0 0 3 0 34 0 0 0 0 0 0 0 0
 2.530000E+02 458 0 0 1 0 0 0 0 0 27 3 0 0 0 0 0 0 0
 2.535000E+02 212 1 0 0 1 0 0 3 0 14 0 0 2 0 0 0 0 1
 2.540000E+02 101 0 0 1 0 0 0 1 0 15 0 0 1 2 2 0 1 0
 2.545000E+02 1348 0 0 3 0 0 0 0 0 17 0 0 0 0 0 0 0 0
 2.550000E+02 1971 2 0 4 1 0 0 5 0 21 0 1 0 0 0 0 0 0
 2.555000E+02 2201 1 0 4 0 1 0 5 0 37 0 1 0 0 0 0 0 0
 2.560000E+02 2230 0 0 3 1 1 0 7 0 39 1 0 0 0 0 0 0 0
 2.565000E+02 931 0 0 1 0 2 0 8 0 34 0 0 0 0 0 0 0 0
 2.570000E+02 370 1 0 2 1 0 0 1 0 31 1 0 0 0 0 0 0 0
 2.575000E+02 187 1 0 3 0 0 0 1 0 17 1 0 0 3 0 0 0 0
 2.580000E+02 95 1 0 0 0 0 0 3 0 14 0 0 1 4 1 0 1 5
 2.585000E+02 1348 1 0 1 0 3 0 0 2 17 0 0 0 0 0 0 0 0
 2.590000E+02 1890 1 0 2 0 0 0 6 0 24 1 2 0 0 0 0 0 0
 2.595000E+02 2128 0 0 5 0 1 0 5 0 30 0 1 0 0 0 0 0 0
 2.600000E+02 2268 0 0 4 0 3 0 6 0 32 1 0 0 0 0 0 0 0
 2.605000E+02 978 3 0 2 0 1 0 7 0 27 1 0 0 0 0 0 0 0
 2.610000E+02 437 0 0 2 0 1 0 3 0 24 0 1 0 0 0 0 0 0
 2.615000E+02 185 0 0 3 0 1 0 5 0 11 0 0 0 0 0 0 0 0
 2.620000E+02 119 0 0 0 0 0 0 1 0 8 0 0 3 2 1 2 3 0
 2.625000E+02 1389 1 0 0 0 1 0 2 0 9 0 0 0 0 0 0 0 0
 2.630000E+02 1955 0 0 0 0 1 0 2 0 24 0 0 0 0 0 0 0 1
 2.635000E+02 2100 0 0 1 0 1 0 10 0 24 3 0 0 0 0 0 0 0
 2.640000E+02 2233 0 0 2 0 2 0 8 0 36 2 0 0 0 0 0 0 0
 2.645000E+02 937 1 0 3 0 2 0 4 0 31 0 0 0 0 0 0 0 0
 2.650000E+02 412 1 0 1 0 1 0 6 0 26 1 0 0 0 0 0 0 0
 2.655000E+02 184 0 0 1 0 2 0 2 0 22 2 2 2 0 0 0 1 1
 2.660000E+02 113 0 0 1 0 1 0 3 0 14 1 0 2 0 1 1 3 2
 2.665000E+02 1342 1 0 2 0 1 0 1 0 15 0 2 0 1 0 0 0 0
 2.670000E+02 1889 1 0 3 0 3 1 2 0 24 0 3 0 0 0 0 0 0
 2.675000E+02 2216 1 0 0 1 3 0 8 0 26 0 2 0 0 0 0 0 0
 2.680000E+02 2217 2 0 0 0 4 0 8 1 27 0 0 0 0 0 0 0 0
 2.685000E+02 971 1 0 0 0 2 0 5 0 27 1 0 0 0 0 0 0 0
 2.690000E+02 429 1 0 0 0 0 0 1 0 25 2 0 0 1 1 0 0 0
 2.695000E+02 195 1 0 1 0 0 0 3 0 19 0 0 0 1 0 1 0 1
 2.700000E+02 110 0 0 0 0 0 0 4 0 10 0 0 2 1 3 1 0 2
 2.705000E+02 1402 0 0 0 0 1 0 4 0 17 0 0 0 0 0 0 0 0
 2.710000E+02 1911 0 0 2 0 0 0 6 0 26 0 0 0 0 0 0 0 0
 2.715000E+02 2170 0 0 2 0 1 0 11 0 27 1 1 0 0 0 0 0 0
 2.720000E+02 2251 1 0 1 0 3 0 5 0 39 1 0 0 0 0 0 0 0
 2.725000E+02 985 1 0 1 0 0 0 3 0 43 1 1 0 0 0 0 0 0
 2.730000E+02 439 1 0 0 0 1 0 4 0 26 0 0 0 0 0 0 0 0
 2.735000E+02 202 1 0 0 0 2 0 1 0 17 1 0 0 0 0 1 1 0
 2.740000E+02 99 0 0 3 0 0 0 2 0 6 1 0 2 0 3 0 1 1
 2.745000E+02 1355 1 0 2 0 1 0 2 0 11 0 0 0 0 0 0 0 0
 2.750000E+02 1931 2 0 0 0 3 0 2 0 26 0 0 0 0 0 0 0 0
 2.755000E+02 2111 1 0 0 0 1 0 3 0 34 0 0 0 0 0 0 0 0
 2.760000E+02 2287 1 0 0 0 6 0 7 0 36 0 1 0 0 0 0 0 0
 2.765000E+02 1010 0 0 0 0 1 0 8 0 35 0 2 0 0 0 0 0 0
 2.770000E+02 465 0 0 2 0 2 0 8 0 24 1 1 0 0 0 0 0 0
 2.775000E+02 231 0 0 1 0 1 0 2 1 20 0 0 0 0 2 0 0 1
 2.780000E+02 118 0 0 0 0 2 0 3 0 11 0 0 0 1 2 1 2 4
 2.785000E+02 1400 3 0 0 0 0 0 4 0 11 0 0 0 0 0 0 0 0
 2.790000E+02 1901 0 0 2 0 1 0 7 0 21 0 0 0 0 0 0 0 0
 2.795000E+02 2106 1 0 0 0 1 1 4 0 34 2 0 0 0 0 0 0 0
 2.800000E+02 2333 1 0 2 0 4 0 4 0 44 0 1 0 0 0 0 0 0
 2.805000E+02 1031 1 0 2 0 3 0 4 0 34 1 0 0 0 0 0 0 0
 2.810000E+02 488 1 0 1 0 4 0 6 0 27 0 0 0 0 0 0 0 0
 2.815000E+02 220 1 0 0 0 1 0 3 1 20 0 0 0 0 0 0 0 0
 2.820000E+02 120 0 0 1 0 3 0 4 0 16 0 0 0 0 0 2 1 0
 2.825000E+02 1477 1 0 0 0 0 0 6 0 19 0 0 0 0 0 0 0 0
 2.830000E+02 2037 0 0 0 0 1 0 7 0 34 1 0 0 0 0 0 0 0
 2.835000E+02 2147 1 0 1 0 2 0 4 0 32 0 1 0 0 0 0 0 0
 2.840000E+02 2140 1 0 0 0 3 0 2 0 44 0 0 0 0 0 0 0 0
 2.845000E+02 952 0 0 0 0 2 0 3 0 33 0 0 0 0 1 0 0 0
 2.850000E+02 443 0 0 0 0 0 0 4 0 24 1 0 2 1 0 0 0 0
 2.855000E+02 188 1 0 0 0 1 0 0 0 15 1 0 1 0 0 0 0 0
 2.860000E+02 101 0 0 1 0 2 0 3 1 8 0 0 3 4 0 3 0 3
 2.865000E+02 1359 0 0 0 0 1 0 0 0 19 0 0 0 0 0 0 0 0
 2.870000E+02 1911 0 0 2 0 3 0 3 0 26 0 0 0 0 0 0 0 0
 2.875000E+02 2115 0 0 0 0 2 0 8 0 25 0 0 0 0 0 0 0 0
 2.880000E+02 2207 0 0 0 0 3 0 9 0 30 0 1 0 0 0 0 0 0
 2.885000E+02 946 0 0 1 1 2 0 7 0 24 0 0 0 0 0 1 0 0
 2.890000E+02 424 1 0 2 0 1 0 3 0 24 0 0 1 0 0 1 0 0
 2.895000E+02 200 0 0 0 0 0 0 3 1 17 1 1 1 0 0 1 0 0
 2.900000E+02 111 1 0 1 0 0 1 1 0 8 0 1 2 2 2 1 1 1
 2.905000E+02 75 0 0 1 0 0 0 1 0 8 1 1 5 2 4 3 4 3
 2.910000E+02 61 1 0 0 0 1 0 2 0 8 0 0 7 4 5 10 2 9
 2.915000E+02 42 0 0 0 0 0 0 1 0 6 0 0 4 9 6 6 10 10
 2.920000E+02 40 0 0 0 0 0 0 1 0 7 0 0 7 10 11 10 8 9
 2.925000E+02 37 0 0 0 0 1 0 4 0 4 0 0 8 8 10 14 12 15
 2.930000E+02 29 0 0 0 0 0 0 0 0 5 0 0 11 9 15 7 9 19
 2.935000E+02 29 0 0 0 0 0 0 2 0 2 0 0 9 17 6 9 14 16
 2.940000E+02 23 0 0 0 0 0 0 0 0 2 0 0 13 14 17 17 7 9
 2.945000E+02 31 0 0 0 0 0 0 2 0 0 0 0 11 16 12 18 14 11
 2.950000E+02 23 0 0 0 0 0 0 0 0 1 0 0 16 11 15 7 10 21
 2.955000E+02 15 0 0 0 0 0 0 0 0 0 0 0 16 18 15 13 12 13
 2.960000E+02 25 0 0 0 0 0 0 0 0 0 0 0 15 12 15 12 20 16
 2.965000E+02 15 0 0 0 0 0 0 0 0 0 0 0 20 18 16 14 9 21
 2.970000E+02 18 0 0 0 0 0 0 0 0 0 0 0 15 15 16 16 13 20
 2.975000E+02 20 0 0 0 0 0 0 0 0 0 0 0 21 24 13 19 14 16
 2.980000E+02 19 0 0 0 0 0 0 0 0 0 0 0 11 22 17 16 18 20
 2.985000E+02 16 0 0 0 0 0 0 0 0 0 0 0 10 17 22 15 22 28
 2.990000E+02 16 0 0 0 0 0 0 0 0 0 0 0 14 22 16 16 18 26
 2.995000E+02 19 0 0 0 0 0 0 0 0 0 0 0 15 14 15 16 24 23
 3.000000E+02 19 0 0 0 0 0 0 0 0 0 0 0 14 20 21 14 15 18
 3.005000E+02 17 0 0 0 0 0 0 0 0 0 0 0 20 19 16 26 13 13
 3.010000E+02 17 0 0 0 0 0 0 0 0 0 0 0 30 12 19 18 27 23
 3.015000E+02 13 0 0 0 0 0 0 0 0 0 0 0 22 21 20 10 20 14
 3.020000E+02 9 0 0 0 0 0 0 0 0 1 0 0 18 17 19 24 16 18
 3.025000E+02 14 0 0 0 0 0 0 0 0 2 0 0 23 25 25 16 14 29
 3.030000E+02 9 0 0 0 0 0 0 2 0 0 0 0 22 22 27 21 18 13
 3.035000E+02 18 0 0 0 0 0 0 1 0 1 0 0 20 16 23 25 17 17
 3.040000E+02 28 0 0 0 0 0 0 0 0 1 0 0 13 10 15 24 23 22
 3.045000E+02 15 0 0 0 0 0 0 0 0 0 0 0 16 25 15 20 29 19
 3.050000E+02 16 0 0 0 0 0 0 0 0 0 0 0 12 18 21 26 19 17
 3.055000E+02 20 0 0 0 0 0 0 1 0 0 0 0 13 21 22 15 22 16
 3.060000E+02 12 0 0 0 0 0 0 1 0 0 0 0 22 12 17 15 24 20
 3.065000E+02 9 0 0 0 0 0 0 0 0 1 0 0 24 23 15 21 15 22
 3.070000E+02 17 0 0 0 0 0 0 0 0 1 0 0 28 23 28 24 17 16
 3.075000E+02 12 0 0 0 0 0 0 0 0 0 0 0 22 11 21 25 17 21
 3.080000E+02 12 0 0 0 0 0 0 0 0 0 0 0 16 13 25 26 21 27
 3.085000E+02 8 0 0 0 0 0 0 0 0 0 0 0 13 13 14 29 27 18
 3.090000E+02 14 0 0 0 0 0 0 0 0 1 0 0 15 18 13 28 29 16
 3.095000E+02 18 0 0 0 0 0 0 0 0 0 0 0 15 18 14 20 20 25
 3.100000E+02 10 0 0 0 0 0 0 0 0 0 0 0 20 14 23 15 17 24
 3.105000E+02 17 0 0 0 0 0 0 0 0 0 0 0 21 12 21 21 16 17
 3.110000E+02 9 0 0 0 0 0 0 0 0 1 0 0 20 20 16 24 19 22
 3.115000E+02 7 0 0 0 0 0 0 0 0 1 0 0 26 28 13 20 19 14
 3.120000E+02 9 0 0 0 0 0 0 0 0 1 0 0 16 34 15 22 21 15
 3.125000E+02 6 0 0 0 0 0 0 0 0 0 0 0 17 26 17 19 18 18
 3.130000E+02 14 0 0 0 0 0 0 0 0 0 0 0 26 17 16 20 15 20
 3.135000E+02 12 0 0 0 0 0 0 0 0 0 0 0 19 16 24 18 24 18
 3.140000E+02 14 0 0 0 0 0 0 0 0 0 0 0 16 20 25 18 18 11
 3.145000E+02 10 0 0 0 0 0 0 0 0 0 0 0 20 19 19 26 18 10
 3.150000E+02 9 0 0 0 0 0 0 0 0 0 0 0 22 23 20 19 10 14
 3.155000E+02 9 0 0 0 0 0 0 0 0 0 0 0 27 24 17 14 12 13
 3.160000E+02 10 0 0 0 0 0 0 0 0 0 0 0 23 27 24 12 17 25
 3.165000E+02 9 0 0 0 0 0 0 0 0 1 0 0 18 23 22 19 19 18
 3.170000E+02 12 1 0 0 0 0 0 0 0 0 0 0 15 19 22 30 22 14
 3.175000E+02 22 0 0 0 0 0 0 0 0 1 0 0 20 22 15 17 20 17
 3.180000E+02 13 0 0 0 0 0 0 0 0 0 0 0 19 16 15 13 19 18
 3.185000E+02 15 0 0 0 0 0 0 0 0 0 0 0 26 13 22 16 23 16
 3.190000E+02 9 0 0 0 0 0 0 0 0 0 0 0 23 18 24 15 17 19
 3.195000E+02 7 0 0 0 0 0 0 0 0 0 0 0 20 13 24 15 23 21
 3.200000E+02 8 0 0 0 0 0 0 0 0 0 0 0 17 16 18 17 28 19
 3.205000E+02 11 0 0 0 0 0 0 0 0 0 0 0 14 17 20 18 29 18
 3.210000E+02 16 0 0 0 0 0 0 0 0 0 0 0 20 16 25 20 22 18
 3.215000E+02 4 0 0 0 0 0 0 0 0 1 0 0 20 14 20 16 19 20
 3.220000E+02 13 0 0 0 0 0 0 0 0 1 0 0 17 19 21 20 25 15
 3.225000E+02 7 0 0 0 0 0 0 0 0 2 0 0 19 14 20 15 18 23
 3.230000E+02 19 0 0 0 0 0 0 0 0 1 0 0 18 17 15 23 20 26
 3.235000E+02 9 0 0 0 0 0 0 0 0 0 0 0 25 18 18 22 19 11
 3.240000E+02 8 0 0 0 0 0 0 0 0 0 0 0 17 24 13 19 28 15
 3.245000E+02 13 0 0 0 0 0 0 0 0 0 0 0 14 21 17 12 19 14
 3.250000E+02 10 0 0 0 0 0 0 0 0 0 0 0 13 21 18 21 21 19
 3.255000E+02 13 0 0 0 0 0 0 0 0 0 0 0 15 21 15 30 21 12
 3.260000E+02 5 0 0 0 0 0 0 0 0 0 0 0 23 29 14 28 14 13
 3.265000E+02 10 0 0 0 0 0 0 0 0 0 0 0 18 24 22 22 20 12
 3.270000E+02 11 0 0 0 0 0 0 0 0 1 0 0 14 19 25 14 21 19
 3.275000E+02 10 0 0 0 0 0 0 0 0 1 0 0 15 19 22 22 23 15
 3.280000E+02 12 0 0 0 0 0 0 0 0 1 0 0 18 22 23 19 25 17
 3.285000E+02 10 0 0 0 0 0 0 0 0 1 0 0 18 27 18 17 23 15
 3.290000E+02 11 0 0 0 0 0 0 0 0 0 0 0 18 26 20 15 16 18
 3.295000E+02 13 0 0 0 0 0 0 0 0 0 0 0 17 18 18 21 15 16
 3.300000E+02 6 0 0 0 0 0 0 0 0 0 0 0 17 19 19 16 17 19
 3.305000E+02 9 0 0 0 0 0 0 0 0 0 0 0 12 20 21 17 19 15
 3.310000E+02 4 0 0 0 0 0 0 0 0 1 0 0 21 16 18 23 18 17
 3.315000E+02 11 0 0 0 0 0 0 0 0 1 0 0 19 13 22 21 24 17
 3.320000E+02 7 0 0 0 0 0 0 1 0 0 0 0 19 19 22 22 19 22
 3.325000E+02 10 0 0 0 0 0 0 0 0 0 0 0 21 17 23 18 23 18
 3.330000E+02 15 0 0 0 0 0 0 0 0 0 0 0 20 14 24 16 15 19
 3.335000E+02 10 0 0 0 0 0 0 0 0 0 0 0 19 22 19 19 20 10
 3.340000E+02 11 0 0 0 0 0 0 0 0 0 0 0 15 19 19 20 15 17
 3.345000E+02 12 0 0 0 0 0 0 0 0 0 0 0 13 19 16 20 20 19
 3.350000E+02 11 0 0 0 0 0 0 0 0 0 0 0 20 13 19 21 11 18
 3.355000E+02 12 0 0 0 0 0 0 0 0 0 0 0 19 14 21 22 17 13
 3.360000E+02 7 0 0 0 0 0 0 0 0 0 0 0 18 15 22 25 18 22
 3.365000E+02 12 0 0 0 0 0 0 0 0 1 0 0 13 11 23 19 11 20
 3.370000E+02 8 0 0 0 0 0 0 0 0 0 0 0 20 18 21 17 14 21
 3.375000E+02 9 0 0 0 0 0 0 0 0 0 0 0 24 24 20 18 16 19
 3.380000E+02 11 0 0 0 0 0 0 0 0 0 1 0 21 20 21 17 14 18
 3.385000E+02 12 0 0 0 0 0 0 1 0 0 0 0 16 18 21 15 15 15
 3.390000E+02 10 0 0 0 0 0 0 0 0 1 0 0 13 25 24 13 10 22
 3.395000E+02 9 0 0 1 0 0 0 0 0 0 0 0 18 22 25 19 17 17
 3.400000E+02 11 0 0 0 0 0 0 0 0 1 0 0 28 12 21 18 24 11
 3.405000E+02 13 0 0 0 0 0 0 0 0 0 0 0 23 16 18 16 21 13
 3.410000E+02 15 0 0 0 0 0 0 0 0 0 0 0 23 7 15 16 25 20
 3.415000E+02 12 0 0 0 0 0 0 0 0 0 0 0 20 14 19 17 22 14
 3.420000E+02 9 0 0 0 0 0 0 0 0 0 0 0 18 14 25 18 23 19
 3.425000E+02 6 0 0 0 0 0 0 0 0 0 0 0 22 7 13 24 24 16
 3.430000E+02 9 0 0 0 0 0 0 0 0 0 0 0 19 16 13 17 27 14
 3.435000E+02 12 0 0 0 0 0 0 0 0 0 0 0 18 16 11 19 24 19
 3.440000E+02 8 0 0 0 0 0 0 0 0 0 0 0 17 15 15 17 22 21
 3.445000E+02 13 0 0 0 0 0 0 0 0 0 0 0 17 19 23 13 25 15
 3.450000E+02 10 0 0 0 0 0 0 0 0 0 0 0 16 14 19 16 20 17
 3.455000E+02 12 0 0 0 0 0 0 0 0 0 0 0 17 25 17 12 16 17
 3.460000E+02 9 0 0 0 0 0 0 0 0 0 0 0 16 23 18 12 21 17
 3.465000E+02 12 0 0 0 0 0 0 0 0 0 0 0 17 15 19 15 14 19
 3.470000E+02 10 0 0 0 0 0 0 0 0 0 0 0 16 18 16 14 10 27
 3.475000E+02 6 0 0 0 0 0 0 0 0 0 0 0 16 20 12 20 17 20
 3.480000E+02 11 0 0 0 0 0 0 0 0 0 0 0 18 16 13 21 17 26
 3.485000E+02 11 0 0 0 0 0 0 0 0 0 0 0 14 13 15 15 19 28
 3.490000E+02 10 0 0 0 0 0 0 0 0 0 0 0 25 12 23 20 14 22
 3.495000E+02 10 0 0 0 0 0 0 0 0 0 0 0 15 19 17 26 22 17
 3.500000E+02 13 0 0 0 0 0 0 0 0 0 0 0 18 11 23 18 17 15
 3.505000E+02 6 0 0 0 0 0 0 0 0 0 0 0 27 17 19 13 15 16
 3.510000E+02 9 0 0 0 0 0 0 0 0 0 0 0 18 21 18 11 19 12
 3.515000E+02 11 0 0 0 0 0 0 0 0 2 0 0 17 18 20 11 15 13
 3.520000E+02 11 0 0 0 0 0 0 1 0 1 0 0 23 21 11 13 12 23
 3.525000E+02 9 0 0 0 0 0 0 0 0 0 0 0 22 19 11 11 20 20
 3.530000E+02 13 0 0 0 0 0 0 0 0 1 0 0 23 18 11 11 19 23
 3.535000E+02 8 0 0 0 0 0 0 0 0 1 0 0 17 22 16 13 14 20
 3.540000E+02 8 0 0 0 0 0 0 0 0 0 0 0 16 17 22 16 14 22
 3.545000E+02 8 0 0 0 0 0 0 0 0 0 0 0 11 13 21 16 15 18
 3.550000E+02 8 0 0 0 0 0 0 0 0 0 0 0 14 11 22 18 16 22
 3.555000E+02 5 0 0 0 0 0 0 0 0 0 0 0 18 13 18 16 24 23
 3.560000E+02 13 0 0 0 0 0 0 0 0 0 0 0 20 15 10 14 17 23
 3.565000E+02 12 0 0 0 0 0 0 0 0 0 0 0 17 15 14 14 17 16
 3.570000E+02 10 0 0 0 0 0 0 0 0 0 0 0 21 18 13 16 20 11
 3.575000E+02 10 0 0 0 0 0 0 0 0 0 0 0 24 17 11 15 21 14
 3.580000E+02 7 0 0 0 0 0 0 0 0 0 0 0 12 11 16 11 19 14
 3.585000E+02 13 0 0 0 0 0 0 0 0 0 0 0 16 11 21 15 15 22
 3.590000E+02 12 0 0 0 0 0 0 0 0 0 0 0 16 9 18 16 10 26
 3.595000E+02 12 0 0 0 0 0 0 0 0 0 0 0 17 15 18 17 11 20
 3.600000E+02 6 0 0 0 0 0 0 0 0 0 0 0 20 5 26 16 14 16
 3.605000E+02 8 0 0 0 0 0 0 0 0 0 0 0 12 13 28 11 15 16
 3.610000E+02 6 0 0 0 0 0 0 0 0 0 0 0 20 13 20 16 15 18
 3.615000E+02 8 0 0 0 0 0 0 0 0 0 0 0 15 18 26 21 17 16
 3.620000E+02 7 0 0 0 0 0 0 0 0 1 0 0 15 16 14 16 13 19
 3.625000E+02 4 0 0 0 0 0 0 0 0 1 0 0 23 19 17 19 12 17
 3.630000E+02 17 0 0 0 0 0 0 0 0 1 0 0 23 15 13 15 11 13
 3.635000E+02 13 0 0 0 0 0 0 0 0 1 0 0 22 19 15 10 16 19
 3.640000E+02 4 0 0 0 0 0 0 0 0 1 0 0 22 13 13 11 21 17
 3.645000E+02 4 0 0 0 0 0 0 0 0 0 0 0 20 8 22 18 18 18
 3.650000E+02 9 0 0 0 0 0 0 0 0 0 0 0 16 14 27 12 16 17
 3.655000E+02 6 0 0 0 0 0 0 0 0 0 0 0 20 19 22 13 14 15
 3.660000E+02 13 0 0 0 0 0 0 0 0 0 0 0 13 25 24 14 12 16
 3.665000E+02 8 0 0 0 0 0 0 0 0 0 0 0 17 18 23 13 13 15
 3.670000E+02 5 0 0 0 0 0 0 0 0 0 0 0 19 15 19 11 6 20
 3.675000E+02 10 0 0 0 0 0 0 0 0 0 0 0 19 18 14 10 17 23
 3.680000E+02 10 0 0 0 0 0 0 0 0 1 0 0 20 20 17 19 16 18
 3.685000E+02 9 0 0 0 0 0 0 1 0 1 0 0 20 18 13 12 19 11
 3.690000E+02 9 0 0 0 0 0 0 0 0 1 0 0 13 21 11 16 19 19
 3.695000E+02 7 0 0 0 0 0 0 0 0 0 0 0 11 16 17 21 14 14
 3.700000E+02 7 0 0 0 0 0 0 0 0 0 0 0 15 14 13 17 17 12
 3.705000E+02 6 0 0 0 0 0 0 0 0 0 0 0 13 15 15 21 17 15
 3.710000E+02 14 0 0 0 0 0 0 0 0 0 0 0 17 13 18 18 15 17
 3.715000E+02 12 0 0 0 0 0 0 0 0 0 0 0 19 16 18 13 16 13
 3.720000E+02 6 0 0 0 0 0 0 0 0 0 0 0 21 13 13 16 15 12
 3.725000E+02 10 0 0 0 0 0 0 0 0 0 0 0 23 10 13 24 12 14
 3.730000E+02 7 0 0 0 0 0 0 0 0 0 0 0 14 12 16 18 12 17
 3.735000E+02 10 0 0 0 0 0 0 0 0 0 0 0 13 12 15 16 11 19
 3.740000E+02 10 0 0 0 0 0 0 0 0 0 0 0 19 14 12 13 6 13
 3.745000E+02 8 0 0 0 0 0 0 0 0 0 0 0 23 20 12 20 16 17
 3.750000E+02 9 0 0 0 0 0 0 0 0 0 0 0 18 16 14 19 16 15
 3.755000E+02 6 0 0 0 0 0 0 0 0 0 0 0 17 19 8 12 15 19
 3.760000E+02 7 0 0 0 0 0 0 0 0 0 0 0 17 16 21 17 13 23
 3.765000E+02 6 0 0 0 0 0 0 0 0 0 0 0 20 14 20 16 16 19
 3.770000E+02 7 0 0 0 0 0 0 0 0 0 0 0 18 16 24 18 17 11
 3.775000E+02 6 0 0 0 0 0 0 0 0 0 0 0 14 10 27 16 21 12
 3.780000E+02 10 0 0 0 0 0 0 0 0 0 0 0 19 9 21 15 17 12
 3.785000E+02 15 0 0 0 0 0 0 0 0 1 0 0 16 14 22 22 12 13
 3.790000E+02 11 0 0 0 0 0 0 0 0 0 0 0 14 23 18 15 13 16
 3.795000E+02 5 0 0 0 0 0 0 0 0 0 0 0 14 18 18 19 15 14
 3.800000E+02 7 0 0 0 0 0 0 0 0 1 0 0 16 20 18 15 12 12
 3.805000E+02 12 0 0 0 0 0 0 0 0 1 0 0 21 14 18 17 13 14
 3.810000E+02 5 0 0 0 0 0 0 0 0 1 0 0 19 17 11 21 17 16
 3.815000E+02 5 0 0 0 0 0 0 0 0 1 0 0 16 19 11 27 18 14
 3.820000E+02 11 0 0 0 0 0 0 0 0 0 0 0 17 21 18 22 16 11
 3.825000E+02 9 0 0 0 0 0 0 0 0 0 0 0 19 14 20 21 9 14
 3.830000E+02 12 0 0 0 0 0 0 0 0 0 0 0 15 15 15 16 15 22
 3.835000E+02 8 0 0 0 0 0 0 0 0 0 0 0 16 15 12 16 14 27
 3.840000E+02 12 0 0 0 0 0 0 0 0 0 0 0 15 16 18 13 16 27
 3.845000E+02 9 0 0 0 0 0 0 0 0 0 0 0 15 18 12 13 14 23
 3.850000E+02 10 0 0 0 0 0 0 0 0 0 0 0 13 22 13 16 17 11
 3.855000E+02 12 0 0 0 0 0 0 0 0 0 0 0 18 22 16 18 13 16
 3.860000E+02 9 0 0 0 0 0 0 0 0 0 0 0 19 25 15 16 6 20
 3.865000E+02 6 0 0 0 0 0 0 0 0 0 0 0 20 22 13 16 9 24
 3.870000E+02 8 0 0 0 0 0 0 0 0 0 0 0 23 26 6 13 5 20
 3.875000E+02 6 0 0 0 0 0 0 0 0 1 0 0 21 19 10 15 9 14
 3.880000E+02 10 0 0 0 0 0 0 0 0 1 0 0 14 14 15 15 14 16
 3.885000E+02 10 0 0 0 0 0 0 1 0 0 0 0 11 15 19 17 14 22
 3.890000E+02 12 0 0 1 0 0 0 0 0 0 0 0 19 19 14 15 12 13
 3.895000E+02 8 0 0 0 0 0 0 0 0 0 0 1 16 13 10 22 10 18
 3.900000E+02 7 0 0 0 0 0 0 0 0 0 0 0 19 16 14 24 16 15
 3.905000E+02 14 0 0 0 0 0 0 0 0 0 0 0 18 17 12 16 20 12
 3.910000E+02 8 0 0 0 0 0 0 0 0 0 0 0 15 20 14 17 22 14
 3.915000E+02 11 0 0 0 0 0 0 0 0 0 0 0 21 22 14 15 17 22
 3.920000E+02 9 0 0 0 0 0 0 0 0 0 0 0 18 16 13 19 19 9
 3.925000E+02 11 0 0 0 0 0 0 0 0 0 0 0 15 14 9 18 15 12
 3.930000E+02 6 0 0 0 0 0 0 0 0 0 0 0 10 18 12 27 20 15
 3.935000E+02 7 0 0 0 0 0 0 0 0 0 0 0 7 17 14 20 24 20
 3.940000E+02 5 0 0 0 0 0 0 0 0 0 0 0 15 16 20 14 18 19
 3.945000E+02 7 0 0 0 0 0 0 0 0 0 0 0 14 19 16 19 15 13
 3.950000E+02 14 0 0 0 0 0 0 0 0 0 0 0 17 18 11 24 11 14
 3.955000E+02 8 0 0 0 0 0 0 0 0 0 0 0 17 14 18 16 20 13
 3.960000E+02 10 0 0 0 0 0 0 0 0 0 0 0 17 13 15 13 19 13
 3.965000E+02 3 0 0 0 0 0 0 0 0 0 0 0 16 21 14 17 20 14
 3.970000E+02 11 0 0 0 0 0 0 0 0 0 0 0 18 19 21 14 14 14
 3.975000E+02 9 0 0 0 0 0 0 0 0 1 0 0 17 12 15 14 18 14
 3.980000E+02 8 0 0 0 0 0 0 0 0 1 0 0 14 11 22 22 17 19
 3.985000E+02 13 0 0 0 0 0 0 2 0 0 0 0 15 11 17 20 19 10
 3.990000E+02 17 0 0 0 0 0 0 0 0 2 0 0 15 11 24 17 16 19
 3.995000E+02 5 0 0 0 0 0 0 0 0 1 0 0 17 13 28 11 16 25
 4.000000E+02 15 0 0 0 0 0 0 0 0 1 0 0 14 16 23 15 13 22
 4.005000E+02 8 0 0 0 0 0 0 0 0 1 0 0 10 12 25 12 19 20
 4.010000E+02 13 0 0 0 0 0 0 0 0 1 0 0 17 16 16 11 16 24
 4.015000E+02 3 0 0 0 0 0 0 0 0 0 0 0 17 16 14 13 19 16
 4.020000E+02 10 0 0 0 0 0 0 0 0 0 0 0 14 15 24 13 15 22
 4.025000E+02 8 0 0 0 0 0 0 0 0 0 0 0 19 10 19 16 16 21
 4.030000E+02 9 0 0 0 0 0 0 0 0 0 0 0 19 16 13 19 11 15
 4.035000E+02 8 0 0 0 0 0 0 0 0 0 0 0 17 19 18 16 13 13
 4.040000E+02 11 0 0 0 0 0 0 0 0 0 0 0 11 21 18 14 17 16
 4.045000E+02 7 0 0 0 0 0 0 0 0 0 0 0 17 19 15 13 14 20
 4.050000E+02 9 0 0 0 0 0 0 0 0 0 0 0 10 18 17 14 11 22
 4.055000E+02 9 0 0 0 0 0 0 0 0 0 0 0 22 19 19 16 13 21
 4.060000E+02 11 0 0 0 0 0 0 0 0 0 0 0 13 17 19 21 12 17
 4.065000E+02 13 0 0 0 0 0 0 0 0 0 0 0 18 11 17 22 14 14
 4.070000E+02 5 0 0 0 0 0 0 0 0 0 0 0 21 15 13 16 17 11
 4.075000E+02 8 0 0 0 0 0 0 0 0 0 0 0 22 19 8 15 13 10
 4.080000E+02 8 0 0 0 0 0 0 0 0 0 0 0 18 14 12 16 20 13
 4.085000E+02 14 0 0 0 0 0 0 0 0 0 0 0 22 24 12 15 18 10
 4.090000E+02 12 0 0 0 0 0 0 0 0 0 0 0 21 25 10 15 16 20
 4.095000E+02 7 0 0 0 0 0 0 0 0 0 0 0 22 15 14 19 20 22
 4.100000E+02 12 0 0 0 0 0 0 0 0 0 0 0 18 13 10 17 16 16
 4.105000E+02 12 0 0 0 0 0 0 1 0 1 0 0 21 14 13 15 15 23
 4.110000E+02 6 0 0 0 0 0 0 0 0 1 0 0 20 20 15 13 19 25
 4.115000E+02 7 0 0 0 0 0 0 0 0 0 0 0 19 12 13 14 17 20
 4.120000E+02 14 0 0 0 0 0 0 0 0 1 0 0 22 13 19 12 20 19
 4.125000E+02 9 0 0 0 0 0 0 0 0 1 0 0 15 15 20 16 17 21
 4.130000E+02 7 0 0 0 0 0 0 0 0 0 0 0 12 20 24 13 11 12
 4.135000E+02 9 0 0 0 0 0 0 0 0 0 0 0 10 10 23 18 9 11
 4.140000E+02 7 0 0 0 0 0 0 0 0 0 0 0 18 13 24 17 15 12
 4.145000E+02 7 0 0 0 0 0 0 0 0 0 0 0 17 12 16 26 20 14
 4.150000E+02 13 0 0 0 0 0 0 0 0 0 0 0 18 8 15 23 19 20
 4.155000E+02 8 0 0 0 0 0 0 0 0 0 0 0 17 16 17 22 21 12
 4.160000E+02 11 0 0 0 0 0 0 1 0 1 0 0 18 9 14 15 14 18
 4.165000E+02 2 0 0 0 0 1 0 0 0 1 0 0 10 16 14 15 19 18
 4.170000E+02 4 0 0 1 0 0 0 0 0 0 0 0 10 14 14 17 14 17
 4.175000E+02 6 0 0 0 0 0 0 0 0 0 0 0 16 21 16 13 17 20
 4.180000E+02 5 0 0 0 0 0 0 0 0 1 0 0 19 25 17 12 20 18
 4.185000E+02 13 0 0 0 0 0 0 1 0 0 0 0 16 16 16 14 22 21
 4.190000E+02 8 0 0 0 0 0 0 1 0 0 0 0 22 17 10 12 20 22
 4.195000E+02 7 0 0 0 0 0 0 0 0 0 0 0 18 14 16 19 19 23
 4.200000E+02 7 0 0 0 0 0 0 1 0 0 0 0 18 22 18 18 13 20
 4.205000E+02 11 0 0 0 0 0 0 0 0 1 0 0 13 17 16 13 16 19
 4.210000E+02 10 0 0 0 0 0 0 0 0 0 0 0 16 18 21 13 19 12
 4.215000E+02 13 0 0 0 0 0 0 0 0 0 0 0 17 19 15 18 15 14
 4.220000E+02 18 0 0 0 0 0 0 0 0 0 0 0 18 27 14 18 17 11
 4.225000E+02 10 0 0 0 0 0 0 0 0 0 0 0 21 26 18 14 13 19
 4.230000E+02 12 0 0 0 0 0 0 0 0 0 0 0 24 12 19 15 12 11
 4.235000E+02 11 0 0 0 0 0 0 0 0 0 0 0 22 22 23 16 12 11
 4.240000E+02 10 0 0 0 0 0 0 0 0 0 0 0 22 14 18 12 17 15
 4.245000E+02 10 0 0 0 0 0 0 0 0 0 0 0 18 19 20 13 17 16
 4.250000E+02 10 0 0 0 0 0 0 0 0 0 0 0 27 17 14 17 16 17
 4.255000E+02 7 0 0 0 0 0 0 0 0 0 0 0 19 19 14 16 20 20
 4.260000E+02 5 0 0 0 0 0 0 0 0 1 0 0 24 16 13 25 19 17
 4.265000E+02 11 0 0 0 0 0 0 0 0 1 0 0 20 16 13 22 15 13
 4.270000E+02 11 0 0 1 0 0 0 0 0 0 0 0 19 19 18 28 19 16
 4.275000E+02 11 0 0 0 0 0 0 0 0 1 0 0 13 25 19 24 14 14
 4.280000E+02 7 0 0 0 0 0 0 0 0 1 0 0 14 22 22 24 14 19
 4.285000E+02 11 0 0 0 0 0 0 0 0 0 0 0 13 19 18 29 17 16
 4.290000E+02 7 0 0 0 0 0 0 0 0 0 0 0 20 17 20 18 18 18
 4.295000E+02 6 0 0 0 0 0 0 0 0 1 0 0 18 17 20 15 23 23
 4.300000E+02 14 0 0 0 0 0 0 0 0 1 0 0 18 13 24 16 15 21
 4.305000E+02 8 0 0 0 0 0 0 1 0 0 0 0 29 15 19 24 15 28
 4.310000E+02 12 0 0 0 0 0 0 0 0 0 0 0 21 15 15 19 14 19
 4.315000E+02 13 0 0 0 0 0 0 0 0 0 0 0 20 24 16 17 19 18
 4.320000E+02 7 0 0 0 0 0 0 0 0 0 0 0 23 13 18 14 24 17
 4.325000E+02 12 0 0 0 0 0 0 0 0 0 0 0 16 13 21 17 19 19
 4.330000E+02 6 0 0 0 0 0 0 0 0 0 0 0 18 16 18 12 23 14
 4.335000E+02 5 0 0 0 0 0 0 0 0 0 0 0 22 26 13 20 17 15
 4.340000E+02 9 0 0 0 0 0 0 0 0 0 0 0 24 19 17 14 15 14
 4.345000E+02 3 0 0 0 0 0 0 0 0 0 0 0 19 18 17 20 19 14
 4.350000E+02 10 0 0 0 0 0 0 0 0 1 0 0 21 13 15 14 19 10
 4.355000E+02 9 0 0 0 0 0 0 0 0 1 0 0 22 17 18 17 18 14
 4.360000E+02 4 0 0 0 0 0 0 1 0 1 0 0 24 18 14 15 16 18
 4.365000E+02 15 0 0 1 0 0 0 0 0 1 0 0 16 15 17 16 20 12
 4.370000E+02 6 0 0 0 0 0 0 1 0 0 0 0 20 14 14 18 21 14
 4.375000E+02 9 0 0 1 0 0 0 0 0 0 0 0 21 16 15 8 14 16
 4.380000E+02 8 0 0 0 0 0 0 0 0 1 0 0 14 16 23 16 12 15
 4.385000E+02 15 0 0 0 0 0 0 0 0 1 0 0 17 19 19 24 17 14
 4.390000E+02 9 0 0 0 0 0 0 0 0 0 0 0 14 16 19 23 13 13
 4.395000E+02 7 0 0 0 0 0 0 0 0 0 0 0 13 22 21 23 21 17
 4.400000E+02 10 0 0 0 0 0 0 0 0 0 0 0 14 23 18 25 18 12
 4.405000E+02 7 0 0 0 0 0 0 0 0 0 0 0 16 19 11 24 15 14
 4.410000E+02 8 0 0 0 0 0 0 0 0 0 0 0 14 20 11 17 18 19
 4.415000E+02 9 0 0 0 0 0 0 0 0 0 0 0 11 16 16 17 15 20
 4.420000E+02 10 0 0 0 0 0 0 0 0 1 0 0 16 13 23 20 18 21
 4.425000E+02 5 0 0 0 0 0 0 0 0 0 0 0 18 11 14 20 18 16
 4.430000E+02 6 0 0 0 0 0 0 0 1 0 0 0 17 15 18 12 20 27
 4.435000E+02 6 0 0 0 0 0 0 0 0 1 0 0 20 19 19 20 14 24
 4.440000E+02 16 0 0 0 0 0 0 0 0 0 0 0 22 15 16 14 12 20
 4.445000E+02 13 0 0 0 0 0 0 0 0 0 0 0 19 18 17 16 11 16
 4.450000E+02 6 0 0 0 0 0 0 0 0 0 0 0 17 19 21 9 21 16
 4.455000E+02 9 0 0 0 0 0 0 0 0 0 0 0 22 11 22 15 22 11
 4.460000E+02 2 0 0 0 0 0 0 0 0 0 0 0 15 16 19 13 22 19
 4.465000E+02 9 0 0 0 0 0 0 0 0 0 0 0 13 17 21 12 25 17
 4.470000E+02 6 0 0 0 0 0 0 0 0 0 0 0 15 20 20 15 17 16
 4.475000E+02 6 0 0 0 0 0 0 0 0 0 0 0 20 15 25 20 19 12
 4.480000E+02 9 0 0 0 0 0 0 0 0 0 0 0 14 18 19 18 18 14
 4.485000E+02 15 0 0 0 0 0 0 0 0 0 0 0 7 24 20 14 20 14
 4.490000E+02 5 0 0 0 0 0 0 0 0 1 0 0 9 20 22 16 22 22
 4.495000E+02 10 0 0 0 0 0 0 1 0 0 0 0 13 18 21 11 16 20
 4.500000E+02 8 0 0 1 0 0 0 0 0 0 0 0 15 20 12 12 17 25
 4.505000E+02 7 0 0 1 0 0 0 0 0 0 0 0 18 19 13 19 18 23
 4.510000E+02 13 0 0 0 0 0 0 0 0 1 0 0 18 21 13 16 15 24
 4.515000E+02 10 0 0 0 0 0 0 1 0 0 0 0 15 20 16 16 14 24
 4.520000E+02 6 0 0 0 0 0 0 0 0 0 0 0 19 19 14 15 16 16
 4.525000E+02 14 0 0 0 0 0 0 0 0 0 0 0 13 16 21 16 13 15
 4.530000E+02 13 0 0 0 0 0 0 0 0 0 0 0 13 16 23 13 23 14
 4.535000E+02 7 0 0 0 0 0 0 0 0 0 0 0 17 20 17 16 17 17
 4.540000E+02 6 0 0 0 0 0 0 0 0 1 0 0 12 24 14 14 14 16
 4.545000E+02 8 0 0 0 0 0 0 0 0 0 0 0 13 20 19 19 21 19
 4.550000E+02 8 0 0 0 0 0 0 0 0 0 0 0 14 15 20 18 19 19
 4.555000E+02 8 0 0 0 0 0 0 0 0 1 0 0 14 17 18 16 18 13
 4.560000E+02 11 0 0 0 0 0 0 0 0 1 0 0 15 19 17 14 17 8
 4.565000E+02 12 0 0 0 0 0 0 0 0 1 0 0 16 13 19 20 21 12
 4.570000E+02 8 0 0 0 0 0 0 0 0 0 0 0 21 13 13 18 20 11
 4.575000E+02 10 0 0 0 0 0 0 0 0 0 0 0 15 14 22 19 22 14
 4.580000E+02 10 0 0 0 0 0 0 0 0 0 0 0 12 10 26 18 20 16
 4.585000E+02 12 0 0 0 0 0 0 0 0 0 0 0 17 11 22 13 22 17
 4.590000E+02 11 0 0 0 0 0 0 0 0 0 0 0 14 15 19 10 18 22
 4.595000E+02 13 0 0 0 0 0 0 0 0 0 0 0 14 19 18 12 19 18
 4.600000E+02 12 0 0 0 0 0 0 0 0 0 0 0 17 21 24 14 16 17
 4.605000E+02 5 0 0 0 0 0 0 0 0 0 0 0 23 19 23 18 16 13
 4.610000E+02 11 0 0 0 0 0 0 0 0 1 0 0 21 14 21 9 17 14
 4.615000E+02 6 0 0 0 0 0 0 0 0 3 0 0 20 14 21 12 27 20
 4.620000E+02 6 0 0 0 0 0 0 0 0 2 0 0 22 13 17 17 19 20
 4.625000E+02 12 0 0 0 0 0 0 0 0 3 0 0 20 13 20 20 22 22
 4.630000E+02 5 0 0 0 0 0 0 0 0 2 0 0 17 11 23 21 24 17
 4.635000E+02 11 0 0 0 0 0 0 0 0 1 0 0 17 8 20 14 20 21
 4.640000E+02 10 0 0 0 0 0 0 0 0 0 0 0 22 17 23 14 14 13
 4.645000E+02 9 0 0 0 0 0 0 0 0 0 0 0 20 14 22 16 21 16
 4.650000E+02 10 0 0 0 0 0 0 0 0 0 0 0 21 13 18 13 27 17
 4.655000E+02 6 0 0 0 0 0 0 0 0 0 0 0 18 16 14 15 21 16
 4.660000E+02 14 0 0 0 0 0 0 0 0 0 0 0 19 9 20 15 19 21
 4.665000E+02 10 0 0 0 0 0 0 0 0 0 0 0 16 16 20 15 16 11
 4.670000E+02 11 0 0 0 0 0 0 0 0 0 0 0 23 17 21 18 18 21
 4.675000E+02 12 0 0 0 0 0 0 0 0 0 0 0 22 17 18 21 16 17
 4.680000E+02 10 0 0 0 0 0 0 0 0 0 0 0 20 19 14 19 14 18
 4.685000E+02 11 0 0 0 0 0 0 0 0 0 0 0 16 25 14 16 19 13
 4.690000E+02 7 0 0 0 0 0 0 0 0 0 0 0 18 21 24 18 12 16
 4.695000E+02 10 0 0 0 0 0 0 0 0 1 0 0 23 24 11 12 10 16
 4.700000E+02 3 0 0 0 0 0 0 0 0 1 0 0 16 22 20 18 14 13
 4.705000E+02 8 0 0 0 0 0 0 0 0 0 0 0 18 23 17 21 13 18
 4.710000E+02 11 0 0 0 0 0 0 0 0 0 0 0 19 20 18 22 16 20
 4.715000E+02 9 0 0 0 0 0 0 0 0 0 0 0 17 21 16 22 12 13
 4.720000E+02 17 0 0 0 0 0 0 0 0 0 0 0 15 22 15 19 13 19
 4.725000E+02 18 0 0 0 0 0 0 0 0 0 0 0 10 20 12 20 10 21
 4.730000E+02 9 0 0 0 0 0 0 0 0 0 0 0 13 17 16 20 11 20
 4.735000E+02 5 0 0 0 0 0 0 0 0 0 0 0 15 20 20 14 18 14
 4.740000E+02 14 0 0 0 0 0 0 0 0 0 0 0 15 16 15 17 21 19
 4.745000E+02 9 0 0 0 0 0 0 0 0 0 0 0 16 16 12 15 21 21
 4.750000E+02 8 0 0 0 0 0 0 0 0 0 0 0 14 17 17 16 15 27
 4.755000E+02 7 0 0 0 0 0 0 0 0 0 0 0 15 16 20 18 12 24
 4.760000E+02 7 0 0 0 0 0 0 0 0 1 0 0 11 14 19 20 16 16
 4.765000E+02 12 0 0 0 0 0 0 1 0 0 0 0 14 7 13 24 24 19
 4.770000E+02 14 0 0 0 0 0 0 0 0 0 0 0 17 13 21 12 16 19
 4.775000E+02 7 0 0 0 0 0 0 0 0 1 0 0 25 17 21 14 11 13
 4.780000E+02 8 0 0 0 0 0 0 1 0 1 0 0 22 17 21 19 14 13
 4.785000E+02 10 0 0 0 0 0 0 0 0 2 0 0 19 26 17 18 19 13
 4.790000E+02 7 0 0 0 0 0 0 0 0 1 0 0 19 18 13 16 19 19
 4.795000E+02 8 0 0 0 0 0 0 0 0 1 0 0 19 18 17 17 17 20
 4.800000E+02 10 0 0 0 0 0 0 0 0 1 0 0 14 20 17 23 19 17
 4.805000E+02 13 0 0 0 0 0 0 0 0 1 0 0 17 17 15 14 17 14
 4.810000E+02 12 0 0 1 0 0 0 0 0 0 0 0 13 22 24 16 20 18
 4.815000E+02 9 0 0 0 0 0 0 0 0 0 0 0 9 17 18 18 15 13
 4.820000E+02 10 0 0 0 0 0 0 0 0 0 0 0 20 18 16 16 17 20
 4.825000E+02 11 0 0 0 0 0 0 0 0 0 0 0 16 23 13 16 16 19
 4.830000E+02 12 0 0 0 0 0 0 0 0 0 0 0 18 19 17 16 18 13
 4.835000E+02 6 0 0 0 0 0 0 0 0 0 0 0 15 16 26 10 21 19
 4.840000E+02 12 0 0 0 0 0 0 0 0 0 0 0 16 22 17 24 20 16
 4.845000E+02 6 0 0 0 0 0 0 0 0 0 0 0 17 21 16 13 18 15
 4.850000E+02 10 0 0 0 0 0 0 0 0 0 0 0 16 20 16 20 23 14
 4.855000E+02 7 0 0 0 0 0 0 0 0 0 0 0 16 21 14 16 15 19
 4.860000E+02 10 0 0 0 0 0 0 0 0 0 0 0 20 17 10 22 17 23
 4.865000E+02 13 0 0 0 0 0 0 0 0 0 0 0 14 17 15 24 15 17
 4.870000E+02 14 0 0 0 0 0 0 0 0 1 0 0 15 15 11 25 18 17
 4.875000E+02 10 0 0 0 0 0 0 0 0 1 0 0 16 17 17 25 13 23
 4.880000E+02 8 0 0 0 0 0 0 0 0 1 0 0 14 19 11 27 21 19
 4.885000E+02 6 0 0 0 0 0 0 0 0 1 0 0 15 21 13 26 20 16
 4.890000E+02 5 0 0 0 0 0 0 0 0 1 0 0 20 20 12 16 24 13
 4.895000E+02 15 0 0 0 0 0 0 0 0 1 0 0 16 23 13 19 18 16
 4.900000E+02 6 0 0 0 0 0 0 0 0 0 0 0 19 21 16 19 12 18
 4.905000E+02 13 0 0 0 0 0 0 0 0 0 0 0 29 18 15 15 11 20
 4.910000E+02 5 0 0 0 0 0 0 0 0 1 0 0 19 18 16 15 16 21
 4.915000E+02 8 0 0 0 0 0 0 1 0 0 0 0 18 15 17 24 23 21
 4.920000E+02 6 0 0 0 0 0 0 0 0 1 0 0 21 18 14 16 20 15
 4.925000E+02 5 0 0 0 0 0 0 0 0 1 0 0 12 11 17 20 23 19
 4.930000E+02 13 0 0 0 0 0 0 0 0 1 0 0 16 23 16 17 14 20
 4.935000E+02 6 0 0 0 0 0 0 1 0 0 0 0 15 11 18 20 21 20
 4.940000E+02 10 0 0 0 0 0 0 0 0 1 0 0 12 16 16 17 18 13
 4.945000E+02 4 0 0 0 0 0 0 0 0 1 0 0 20 14 18 20 14 13
 4.950000E+02 11 0 0 0 0 0 0 0 0 0 0 0 19 19 19 19 13 14
 4.955000E+02 6 0 0 0 0 0 0 0 0 0 0 0 13 20 23 18 15 9
 4.960000E+02 6 0 0 0 0 0 0 0 0 0 0 0 10 20 22 14 18 19
 4.965000E+02 4 0 0 0 0 0 0 0 0 0 0 0 8 15 21 20 23 22
 4.970000E+02 9 0 0 0 0 0 0 0 0 0 0 0 16 20 19 20 12 27
 4.975000E+02 6 0 0 0 0 0 0 0 0 0 0 0 19 20 20 15 18 19
 4.980000E+02 11 0 0 0 0 0 0 0 0 1 0 0 20 8 17 15 22 22
 4.985000E+02 9 0 0 0 0 0 0 0 0 0 0 0 21 12 18 12 20 15
 4.990000E+02 7 0 0 0 0 0 0 0 0 0 0 0 18 15 27 9 17 18
 4.995000E+02 9 0 0 0 0 0 0 0 0 0 0 0 12 18 24 16 17 17
 5.000000E+02 11 0 0 0 0 0 0 0 0 0 0 0 15 16 19 18 18 23
 5.005000E+02 9 0 0 0 0 0 0 0 0 0 0 0 16 16 22 18 17 23
 5.010000E+02 5 0 0 0 0 0 0 0 0 0 0 0 11 16 26 17 23 20
 5.015000E+02 8 0 0 0 0 0 0 0 0 0 0 0 16 25 18 18 15 22
 5.020000E+02 9 0 0 0 0 0 0 0 0 0 0 0 20 20 23 17 13 18
 5.025000E+02 11 0 0 0 0 0 0 0 0 0 0 0 19 19 20 24 16 18
 5.030000E+02 6 0 0 0 0 0 0 0 0 0 0 0 15 21 12 13 12 14
 5.035000E+02 8 0 0 0 0 0 0 0 0 0 0 0 17 25 17 21 19 15
 5.040000E+02 10 0 0 0 0 0 0 0 0 0 0 0 18 18 18 20 19 14
 5.045000E+02 6 0 0 0 0 0 0 0 0 0 0 0 19 18 21 12 21 20
 5.050000E+02 8 0 0 0 0 0 0 0 0 0 0 0 23 11 24 13 22 11
 5.055000E+02 11 0 0 0 0 0 0 0 0 0 0 0 19 11 29 16 16 8
 5.060000E+02 10 0 0 0 0 0 0 0 0 0 0 0 15 18 25 14 22 14
 5.065000E+02 13 0 0 0 0 0 0 0 0 0 0 0 12 16 18 20 14 15
 5.070000E+02 6 0 0 0 0 0 0 0 0 0 0 0 18 15 10 20 13 23
 5.075000E+02 11 0 0 0 0 0 0 0 0 0 0 0 21 17 20 16 18 21
 5.080000E+02 5 0 0 0 0 0 0 0 0 1 0 0 20 18 16 20 20 19
 5.085000E+02 7 0 0 0 0 0 0 0 0 1 0 0 17 18 10 18 20 18
 5.090000E+02 10 0 0 1 0 0 0 0 0 0 0 0 25 16 5 17 22 15
 5.095000E+02 14 0 0 0 0 0 0 0 0 0 0 0 24 15 12 17 18 21
 5.100000E+02 8 0 0 0 0 0 0 0 0 1 0 0 19 16 19 17 16 16
 5.105000E+02 12 0 0 1 0 0 0 0 0 0 0 0 21 25 18 15 17 15
 5.110000E+02 7 0 0 0 0 0 0 0 0 1 0 0 18 25 11 12 25 11
 5.115000E+02 10 0 0 0 0 0 0 0 0 0 0 0 18 18 14 15 17 16
 5.120000E+02 14 0 0 0 0 0 0 0 0 0 0 0 21 25 21 14 14 14
 5.125000E+02 7 0 0 0 0 0 0 0 0 0 0 0 13 20 19 17 16 20
 5.130000E+02 13 0 0 0 0 0 0 0 0 0 0 0 23 16 20 19 19 11
 5.135000E+02 6 0 0 0 0 0 0 0 0 0 0 0 16 19 23 18 18 14
 5.140000E+02 12 0 0 0 0 0 0 0 0 0 0 0 23 17 16 13 15 15
 5.145000E+02 12 0 0 0 0 0 0 0 0 1 0 0 27 16 18 21 18 11
 5.150000E+02 4 0 0 0 0 0 0 0 0 1 0 0 22 21 8 21 23 17
 5.155000E+02 10 0 0 0 0 0 0 0 0 0 0 0 17 20 16 18 23 20
 5.160000E+02 2 0 0 0 0 0 0 0 0 0 0 0 22 18 17 10 23 22
 5.165000E+02 7 0 0 0 0 0 0 0 0 0 0 0 20 23 13 11 20 22
 5.170000E+02 15 0 0 0 0 0 0 0 0 0 0 0 10 20 17 16 18 20
 5.175000E+02 15 0 0 1 0 0 0 0 0 0 0 0 13 23 17 19 12 18
 5.180000E+02 10 0 0 0 0 0 0 0 0 1 0 0 14 22 20 24 14 18
 5.185000E+02 11 0 0 0 0 0 0 0 0 0 0 0 16 26 19 23 17 12
 5.190000E+02 7 0 0 0 0 0 0 0 0 0 0 0 24 23 12 20 22 10
 5.195000E+02 14 0 0 0 0 0 0 0 0 0 0 0 20 21 14 22 21 14
 5.200000E+02 10 0 0 0 0 0 0 0 0 0 0 0 15 16 12 21 23 19
 5.205000E+02 11 0 0 0 0 0 0 0 0 0 0 0 14 15 14 19 18 24
 5.210000E+02 14 0 0 0 0 0 0 0 0 0 0 0 17 11 20 25 12 19
 5.215000E+02 16 0 0 0 0 0 0 0 0 0 0 0 20 10 19 23 15 24
 5.220000E+02 6 0 0 0 0 0 0 0 0 0 0 0 13 15 21 25 17 18
 5.225000E+02 8 0 0 0 0 0 0 0 0 0 0 0 13 17 17 23 21 20
 5.230000E+02 9 0 0 0 0 0 0 0 0 0 0 0 17 13 20 21 15 19
 5.235000E+02 8 0 0 0 0 0 0 0 0 0 0 0 15 17 15 14 16 19
 5.240000E+02 6 0 0 0 0 0 0 0 0 0 0 0 15 23 13 18 21 22
 5.245000E+02 6 0 0 0 0 0 0 0 0 0 0 0 18 15 17 17 20 21
 5.250000E+02 13 0 0 0 0 0 0 0 0 0 0 0 19 24 18 18 17 19
 5.255000E+02 10 0 0 0 0 0 0 0 0 0 0 0 16 16 16 21 17 19
 5.260000E+02 11 0 0 0 0 0 0 0 0 0 0 0 13 14 18 24 14 17
 5.265000E+02 14 0 0 0 0 0 0 0 0 0 0 0 19 14 22 21 16 27
 5.270000E+02 10 0 0 0 0 0 0 0 0 0 0 0 22 17 15 22 20 20
 5.275000E+02 11 0 0 0 0 0 0 0 0 1 0 0 19 18 15 21 15 19
 5.280000E+02 7 0 0 0 0 0 0 1 0 1 0 0 18 14 16 16 22 19
 5.285000E+02 9 0 0 0 0 0 0 0 0 1 0 0 23 16 21 23 18 15
 5.290000E+02 10 0 0 0 0 0 0 1 0 0 0 0 13 14 19 17 17 14
 5.295000E+02 5 0 0 1 0 0 0 0 0 0 0 0 18 17 17 21 17 18
 5.300000E+02 6 0 0 0 0 0 0 0 0 1 0 0 21 20 15 18 8 16
 5.305000E+02 8 0 0 0 0 0 0 0 0 1 0 0 14 21 16 15 20 12
 5.310000E+02 10 0 0 0 0 1 0 1 0 0 0 0 16 17 15 11 20 20
 5.315000E+02 13 0 0 0 0 0 0 0 0 0 0 0 14 16 16 15 25 17
 5.320000E+02 6 0 0 0 0 0 0 0 0 0 0 0 14 21 16 18 23 16
 5.325000E+02 9 0 0 0 0 0 0 0 0 0 0 0 13 32 9 22 15 17
 5.330000E+02 9 0 0 0 0 0 0 0 0 0 0 0 17 20 9 21 23 15
 5.335000E+02 11 0 0 0 0 0 0 0 0 0 0 0 15 23 6 19 12 19
 5.340000E+02 6 0 0 0 0 0 0 0 0 0 0 0 15 23 20 15 16 19
 5.345000E+02 7 0 0 1 0 0 0 0 0 1 0 0 14 24 20 12 15 24
 5.350000E+02 4 0 0 0 0 0 0 0 0 1 0 0 12 22 22 10 15 15
 5.355000E+02 15 0 0 1 0 0 0 1 0 0 0 0 22 15 17 19 12 21
 5.360000E+02 13 0 0 0 0 0 0 0 0 2 0 0 22 14 11 16 12 17
 5.365000E+02 7 0 0 0 0 0 0 0 0 1 0 0 14 14 20 18 15 15
 5.370000E+02 10 0 0 0 0 0 0 1 0 0 0 0 15 16 22 17 14 16
 5.375000E+02 8 0 0 0 0 0 0 0 0 1 0 0 20 17 19 17 16 12
 5.380000E+02 12 0 0 0 0 0 0 0 0 0 0 0 13 23 27 10 14 15
 5.385000E+02 4 0 0 0 0 0 0 0 0 0 0 0 18 17 21 16 16 17
 5.390000E+02 13 0 0 0 0 0 0 0 0 0 0 0 14 13 12 16 21 20
 5.395000E+02 19 0 0 0 0 0 0 0 0 0 0 0 13 17 15 18 21 16
 5.400000E+02 7 0 0 0 0 0 0 1 0 0 0 0 21 23 11 18 16 15
 5.405000E+02 7 0 0 0 0 0 0 1 0 0 0 0 15 27 17 18 16 14
 5.410000E+02 13 0 0 0 0 0 0 0 0 1 0 0 15 24 15 21 13 15
 5.415000E+02 11 0 0 0 0 0 0 0 0 0 0 0 17 23 10 19 10 15
 5.420000E+02 4 0 0 0 0 0 0 0 0 1 0 0 12 19 12 16 21 16
 5.425000E+02 15 0 0 0 0 0 0 0 0 1 0 0 12 20 20 19 13 22
 5.430000E+02 9 0 0 0 0 0 0 0 0 1 0 0 16 19 13 20 23 23
 5.435000E+02 9 0 0 0 0 0 0 0 0 0 0 0 12 20 18 25 17 17
 5.440000E+02 9 0 0 0 0 0 0 0 0 0 0 0 14 23 13 17 13 17
 5.445000E+02 5 0 0 0 0 0 0 0 0 0 0 0 15 19 14 15 19 16
 5.450000E+02 12 0 0 0 0 0 0 0 0 0 0 0 19 21 9 14 25 8
 5.455000E+02 8 0 0 0 0 0 0 0 0 0 0 0 17 22 17 18 17 12
 5.460000E+02 10 0 0 0 0 0 0 0 0 0 0 0 13 20 10 23 16 17
 5.465000E+02 11 0 0 0 0 0 0 0 0 0 0 0 18 16 12 18 21 17
 5.470000E+02 7 0 0 0 0 0 0 0 0 0 0 0 21 20 15 20 18 13
 5.475000E+02 7 0 0 0 0 0 0 0 0 0 0 0 18 18 21 18 15 15
 5.480000E+02 7 0 0 0 0 0 0 0 0 0 0 0 18 20 25 10 18 18
 5.485000E+02 5 0 0 0 0 0 0 0 0 0 0 0 17 20 20 9 18 12
 5.490000E+02 5 0 0 0 0 0 0 0 0 0 0 0 22 21 15 16 19 14
 5.495000E+02 5 0 0 0 0 0 0 0 0 0 0 0 14 19 20 21 14 13
 5.500000E+02 4 0 0 0 0 0 0 0 0 0 0 0 17 18 23 18 13 9
 5.505000E+02 8 0 0 0 0 0 0 0 0 0 0 0 10 21 23 20 17 16
 5.510000E+02 12 0 0 0 0 0 0 0 0 0 0 0 14 16 21 13 20 22
 5.515000E+02 8 0 0 0 0 0 0 0 0 0 0 0 23 19 24 8 22 14
 5.520000E+02 8 0 0 0 0 0 0 0 0 0 0 0 17 13 25 14 20 15
 5.525000E+02 3 0 0 0 0 0 0 0 0 0 0 0 14 20 19 16 15 7
 5.530000E+02 14 0 0 0 0 0 0 0 0 0 0 0 14 24 18 18 18 11
 5.535000E+02 11 0 0 0 0 0 0 0 0 0 0 0 10 20 14 24 17 22
 5.540000E+02 10 0 0 0 0 0 0 0 0 1 0 0 16 13 16 19 22 21
 5.545000E+02 7 0 0 0 0 0 0 0 0 0 0 0 17 17 12 17 17 17
 5.550000E+02 8 0 0 0 0 0 0 0 0 1 0 0 16 16 14 19 19 19
 5.555000E+02 10 0 0 0 0 0 0 0 0 0 0 0 20 19 12 14 16 22
 5.560000E+02 6 0 0 0 0 0 0 0 0 0 0 0 20 14 23 14 22 19
 5.565000E+02 7 0 0 0 0 0 0 0 0 0 0 0 17 15 17 13 15 14
 5.570000E+02 7 0 0 0 0 0 0 0 0 0 0 0 17 19 16 13 18 12
 5.575000E+02 11 0 0 0 0 0 0 1 0 0 0 0 15 24 23 9 17 13
 5.580000E+02 2 0 0 0 0 0 0 0 0 1 0 0 19 22 20 12 14 14
 5.585000E+02 11 0 0 0 0 1 0 0 0 0 0 0 11 19 22 17 15 15
 5.590000E+02 9 0 0 0 0 0 0 1 0 0 0 0 14 17 17 18 16 14
 5.595000E+02 6 0 0 0 0 0 0 1 0 0 0 0 15 12 22 26 14 15
 5.600000E+02 2 0 0 0 0 0 0 0 0 1 0 0 15 14 18 29 12 19
 5.605000E+02 10 0 0 0 0 0 0 0 0 1 0 0 20 16 9 21 18 13
 5.610000E+02 8 0 0 0 0 0 0 0 0 0 0 0 18 23 21 18 14 19
 5.615000E+02 11 0 0 0 0 0 0 0 0 0 0 0 24 11 20 21 10 26
 5.620000E+02 10 0 0 0 0 0 0 0 0 0 0 0 17 13 23 17 9 22
 5.625000E+02 9 0 0 0 0 0 0 0 0 1 0 0 17 14 19 17 12 29
 5.630000E+02 9 0 0 0 0 0 0 1 0 0 0 0 20 16 20 19 13 21
 5.635000E+02 9 0 0 1 0 0 0 0 0 0 0 0 19 15 20 15 13 22
 5.640000E+02 17 0 0 0 0 0 0 0 0 0 0 0 16 15 25 12 18 18
 5.645000E+02 14 0 0 0 0 0 0 0 0 0 0 0 19 14 23 13 18 15
 5.650000E+02 10 0 0 0 0 0 0 0 0 0 0 0 17 16 21 16 15 18
 5.655000E+02 8 0 0 0 0 0 0 0 0 0 0 0 23 24 14 18 12 18
 5.660000E+02 5 0 0 0 0 0 0 0 0 0 0 0 26 27 14 14 15 18
 5.665000E+02 13 0 0 0 0 0 0 0 0 0 0 0 20 27 15 18 11 15
 5.670000E+02 7 0 0 0 0 0 0 0 0 0 0 0 18 25 20 11 12 18
 5.675000E+02 6 0 0 0 0 0 0 0 0 0 0 0 17 25 27 7 17 13
 5.680000E+02 14 0 0 0 0 0 0 0 0 0 0 0 15 21 19 10 16 16
 5.685000E+02 6 0 0 0 0 0 0 0 0 1 0 0 18 18 25 19 24 16
 5.690000E+02 7 0 0 0 0 0 0 0 0 0 0 0 21 17 18 18 18 21
 5.695000E+02 13 0 0 0 0 0 0 0 0 0 0 0 13 17 21 15 18 16
 5.700000E+02 8 0 0 0 0 0 0 0 0 0 0 0 13 15 22 17 19 15
 5.705000E+02 13 0 0 0 0 0 0 0 0 0 0 0 17 18 24 13 16 19
 5.710000E+02 12 0 0 1 0 0 0 0 0 0 0 0 19 24 17 14 14 14
 5.715000E+02 10 0 0 0 0 0 0 0 0 2 0 0 15 16 19 20 18 13
 5.720000E+02 6 0 0 0 0 0 0 0 0 1 0 0 9 17 11 17 22 16
 5.725000E+02 7 0 0 0 0 0 0 0 0 0 0 0 7 17 11 26 23 11
 5.730000E+02 11 0 0 0 0 0 0 0 0 0 0 0 10 15 20 20 16 12
 5.735000E+02 13 0 0 0 0 0 0 0 0 0 0 0 13 16 21 18 16 13
 5.740000E+02 11 0 0 0 0 0 0 0 0 0 0 0 14 21 20 21 12 11
 5.745000E+02 12 0 0 0 0 0 0 0 0 0 0 0 20 22 22 17 14 14
 5.750000E+02 11 0 0 0 0 0 0 0 0 0 0 0 14 17 19 18 15 19
 5.755000E+02 6 0 0 0 0 0 0 0 0 0 0 0 25 19 19 14 20 17
 5.760000E+02 8 0 0 0 0 0 0 0 0 0 0 0 11 16 19 20 21 25
 5.765000E+02 13 0 0 0 0 0 0 0 0 0 0 0 11 16 15 15 15 21
 5.770000E+02 11 0 0 0 0 0 0 0 0 2 0 0 19 17 13 16 16 21
 5.775000E+02 9 0 0 0 0 0 0 0 0 1 0 0 20 16 17 20 19 20
 5.780000E+02 6 0 0 0 0 0 0 0 0 1 0 0 25 15 21 18 17 12
 5.785000E+02 14 0 0 0 0 0 0 1 0 0 0 0 20 18 22 17 15 15
 5.790000E+02 9 0 0 0 0 0 0 0 0 1 0 0 16 18 18 16 18 15
 5.795000E+02 4 0 0 1 0 0 0 0 0 0 0 0 19 15 14 19 16 17
 5.800000E+02 19 0 0 0 0 0 0 0 0 1 0 0 16 18 13 21 23 11
 5.805000E+02 9 0 0 0 0 0 0 0 0 1 0 0 23 15 13 12 26 16
 5.810000E+02 7 0 0 0 0 0 0 0 0 1 0 0 21 12 15 18 22 13
 5.815000E+02 5 0 0 0 0 0 0 1 0 0 0 0 22 18 21 14 26 21
 5.820000E+02 13 0 0 1 0 0 0 0 0 0 0 0 20 19 13 13 27 19
 5.825000E+02 9 0 0 0 0 0 0 0 0 0 0 0 15 23 9 20 26 17
 5.830000E+02 6 0 0 0 0 0 0 0 0 0 0 0 16 24 17 18 22 18
 5.835000E+02 7 0 0 0 0 0 0 0 0 0 0 0 19 23 9 15 17 15
 5.840000E+02 7 0 0 0 0 0 0 0 0 0 0 0 20 19 16 24 18 19
 5.845000E+02 12 0 0 0 0 0 0 0 0 0 0 0 13 14 14 18 18 23
 5.850000E+02 8 0 0 0 0 0 0 0 0 0 0 0 9 17 14 14 19 17
 5.855000E+02 7 0 0 0 0 0 0 0 0 0 0 0 11 19 14 20 16 16
 5.860000E+02 8 0 0 0 0 0 0 0 0 0 0 0 15 16 16 19 19 21
 5.865000E+02 11 0 0 0 0 0 0 0 0 0 0 0 15 13 17 15 16 26
 5.870000E+02 5 0 0 0 0 0 0 0 0 1 0 0 21 16 16 14 22 14
 5.875000E+02 11 0 0 0 0 0 0 0 0 1 0 0 15 22 20 16 18 11
 5.880000E+02 12 0 0 0 0 0 0 0 0 1 0 0 12 21 23 22 23 14
 5.885000E+02 9 0 0 0 0 0 0 0 0 1 0 0 14 17 20 22 18 19
 5.890000E+02 5 0 0 0 0 0 0 0 0 1 0 0 17 16 20 17 18 19
 5.895000E+02 18 0 0 0 0 0 0 0 0 0 0 0 14 22 13 15 21 16
 5.900000E+02 9 0 0 0 0 0 0 0 0 0 0 0 10 21 18 15 22 21
 5.905000E+02 9 0 0 0 0 0 0 0 0 0 0 0 13 20 16 9 19 18
 5.910000E+02 11 0 0 0 0 0 0 0 0 0 0 0 9 14 16 19 21 20
 5.915000E+02 4 0 0 0 0 0 0 0 0 0 0 0 11 14 15 21 22 12
 5.920000E+02 10 0 0 0 0 0 0 0 0 0 0 0 16 19 16 15 23 15
 5.925000E+02 9 0 0 0 0 0 0 0 0 0 0 0 15 17 22 19 19 22
 5.930000E+02 10 0 0 0 0 0 0 0 0 1 0 0 23 13 12 24 14 17
 5.935000E+02 12 0 0 0 0 0 0 0 0 0 0 0 22 12 18 19 17 11
 5.940000E+02 10 0 0 0 0 0 0 0 0 0 0 0 20 16 13 21 25 12
 5.945000E+02 14 0 0 0 0 0 0 0 0 0 0 0 15 19 16 18 30 17
 5.950000E+02 13 0 0 0 0 0 0 0 0 0 0 0 24 15 16 16 24 18
 5.955000E+02 9 0 0 0 0 0 0 0 0 0 0 0 24 15 18 14 18 13
 5.960000E+02 7 0 0 0 0 0 0 0 0 0 0 0 19 20 20 22 17 16
 5.965000E+02 9 0 0 0 0 0 0 0 0 0 0 0 22 13 14 25 19 20
 5.970000E+02 5 0 0 0 0 0 0 0 0 0 0 0 19 11 15 15 18 21
 5.975000E+02 9 0 0 0 0 0 0 0 0 1 0 0 10 13 14 19 15 24
 5.980000E+02 8 0 0 0 0 0 0 0 0 0 0 0 14 15 19 16 19 14
 5.985000E+02 8 0 0 0 0 0 0 0 0 0 0 0 16 16 17 22 19 14
 5.990000E+02 11 0 0 0 0 0 0 0 0 0 0 0 16 17 15 22 19 15
 5.995000E+02 4 0 0 0 0 0 0 0 0 1 0 0 17 17 16 18 15 17
 6.000000E+02 9 0 0 0 0 0 0 1 0 0 0 0 15 16 13 25 18 13
 6.005000E+02 6 1 0 0 0 0 0 0 0 0 0 0 14 14 20 21 22 15
 6.010000E+02 7 0 0 0 0 0 0 0 0 1 0 0 16 19 15 26 20 17
 6.015000E+02 7 0 0 0 0 0 0 1 0 0 0 0 23 9 13 19 18 14
 6.020000E+02 7 0 0 0 0 0 0 0 0 1 0 0 15 11 17 26 23 17
 6.025000E+02 9 0 0 0 0 0 0 0 0 1 0 0 18 16 15 24 22 15
 6.030000E+02 13 0 0 0 0 0 0 1 0 0 0 0 14 15 15 22 19 16
 6.035000E+02 7 0 0 0 0 0 0 1 0 1 0 0 16 15 18 22 15 16
 6.040000E+02 8 0 0 0 0 0 0 0 0 1 0 0 19 9 18 24 13 24
 6.045000E+02 8 0 0 0 0 0 0 0 0 1 0 0 21 8 11 15 26 26
 6.050000E+02 10 0 0 0 0 0 0 0 0 1 0 0 9 11 7 20 26 28
 6.055000E+02 6 0 0 0 0 0 0 0 0 1 0 0 13 18 11 20 21 17
 6.060000E+02 7 0 0 0 0 0 0 0 0 0 0 0 12 16 11 12 22 18
 6.065000E+02 8 0 0 0 0 0 0 0 0 0 0 0 17 16 12 12 21 17
 6.070000E+02 7 0 0 0 0 0 0 0 0 0 0 0 18 22 11 9 23 10
 6.075000E+02 7 0 0 0 0 0 0 0 0 0 0 0 16 24 8 16 18 13
 6.080000E+02 10 0 0 0 0 0 0 0 0 0 0 0 18 20 17 16 15 13
 6.085000E+02 6 0 0 0 0 0 0 0 0 0 0 0 20 16 17 15 15 20
 6.090000E+02 7 0 0 0 0 0 0 0 0 0 0 0 14 15 15 12 18 12
 6.095000E+02 5 0 0 0 0 0 0 0 0 0 0 0 12 15 21 15 16 15
 6.100000E+02 11 0 0 0 0 0 0 0 0 0 0 0 16 15 21 18 16 13
 6.105000E+02 7 0 0 0 0 0 0 0 0 0 0 0 12 15 16 17 19 14
 6.110000E+02 6 0 0 0 0 0 0 0 0 0 0 0 12 13 16 20 14 21
 6.115000E+02 5 0 0 1 0 0 0 0 0 0 0 0 13 9 18 13 16 14
 6.120000E+02 13 0 0 0 0 0 0 0 0 0 0 0 14 15 18 12 20 15
 6.125000E+02 10 0 0 0 0 0 0 0 0 0 0 0 17 11 25 10 22 12
 6.130000E+02 9 0 0 0 0 0 0 0 0 0 0 0 13 16 21 17 16 14
 6.135000E+02 7 0 0 0 0 0 0 0 0 0 0 0 10 12 24 22 10 14
 6.140000E+02 6 0 0 0 0 0 0 0 0 1 0 0 10 9 28 11 11 17
 6.145000E+02 11 0 0 1 0 0 0 0 0 0 0 0 14 19 27 6 10 13
 6.150000E+02 11 0 0 0 0 0 0 0 0 1 0 0 11 16 21 13 14 19
 6.155000E+02 13 0 0 0 0 0 0 0 0 0 0 0 12 13 20 15 13 13
 6.160000E+02 9 0 0 0 0 0 0 0 0 0 0 0 22 16 14 16 17 11
 6.165000E+02 8 0 0 0 0 0 0 0 0 0 0 0 18 21 9 18 19 13
 6.170000E+02 10 0 0 0 0 0 0 0 0 0 0 0 16 27 10 14 14 15
 6.175000E+02 10 0 0 0 0 0 0 0 0 0 0 0 15 24 8 17 15 17
 6.180000E+02 5 0 0 0 0 0 0 0 0 0 0 0 16 15 8 20 18 19
 6.185000E+02 7 0 0 0 0 0 0 0 0 0 0 0 15 16 17 19 13 19
 6.190000E+02 9 0 0 0 0 0 0 0 0 0 0 0 13 13 18 15 17 21
 6.195000E+02 10 0 0 0 0 0 0 0 0 0 0 0 22 20 10 9 13 18
 6.200000E+02 6 0 0 0 0 0 0 0 0 0 0 0 15 22 15 10 12 20
 6.205000E+02 9 0 0 0 0 0 0 0 0 0 0 0 17 19 18 7 12 16
 6.210000E+02 6 0 0 0 0 0 0 0 0 0 0 0 17 28 12 7 13 18
 6.215000E+02 7 0 0 0 0 0 0 0 0 0 0 0 17 24 12 11 9 17
 6.220000E+02 8 0 0 0 0 0 0 0 0 0 0 0 12 24 26 9 7 18
 6.225000E+02 13 0 0 0 0 0 0 0 0 0 0 0 19 19 25 8 11 20
 6.230000E+02 7 0 0 0 0 0 0 0 0 0 0 0 17 17 27 12 12 15
 6.235000E+02 11 0 0 0 0 0 0 0 0 2 0 0 16 18 15 19 12 8
 6.240000E+02 15 0 0 0 0 0 0 1 0 0 0 0 15 19 15 19 20 14
 6.245000E+02 13 0 0 0 0 0 0 0 0 1 0 0 15 11 14 20 15 17
 6.250000E+02 10 0 0 0 0 0 0 0 0 1 0 0 22 19 15 11 19 19
 6.255000E+02 5 0 0 0 0 0 0 0 0 2 0 0 12 16 23 15 17 22
 6.260000E+02 10 0 0 0 0 0 0 1 0 1 0 0 11 13 18 20 16 22
 6.265000E+02 8 0 0 0 0 1 0 0 0 0 0 0 12 3 15 20 15 26
 6.270000E+02 8 0 0 0 0 0 0 0 0 1 0 0 13 12 13 18 19 18
 6.275000E+02 7 0 0 1 0 0 0 0 0 0 0 0 11 14 17 15 18 17
 6.280000E+02 7 0 0 0 0 0 0 0 0 0 0 0 8 16 13 17 20 11
 6.285000E+02 10 0 0 0 0 0 0 0 0 0 0 0 19 19 23 16 19 13
 6.290000E+02 16 0 0 0 0 0 0 0 0 0 0 0 15 17 20 22 11 11
 6.295000E+02 6 0 0 0 0 0 0 0 0 0 0 0 14 16 18 17 21 11
 6.300000E+02 10 0 0 0 0 0 0 0 0 0 0 0 22 13 12 18 17 15
 6.305000E+02 11 0 0 0 0 0 0 0 0 0 0 0 19 14 15 23 16 15
 6.310000E+02 10 0 0 0 0 0 0 0 0 0 0 0 21 11 21 21 15 17
 6.315000E+02 3 0 0 0 0 0 0 0 0 0 0 0 23 13 21 22 13 19
 6.320000E+02 4 0 0 0 0 0 0 0 0 1 0 0 18 22 13 15 12 24
 6.325000E+02 7 0 0 0 0 0 0 0 0 1 0 0 15 23 12 15 13 23
 6.330000E+02 12 0 0 0 0 0 0 0 0 0 0 0 21 18 18 14 20 13
 6.335000E+02 9 0 0 0 0 0 0 0 0 0 0 0 24 12 19 12 20 16
 6.340000E+02 8 0 0 0 0 0 0 0 0 0 0 0 14 11 18 22 17 17
 6.345000E+02 9 0 0 0 0 0 0 0 0 0 0 0 12 13 14 19 17 22
 6.350000E+02 11 0 0 0 0 0 0 0 0 0 0 0 14 12 12 18 16 18
 6.355000E+02 3 0 0 0 0 0 0 0 0 0 0 0 18 16 21 18 16 23
 6.360000E+02 13 0 0 0 0 0 0 0 0 0 0 0 19 13 19 14 13 26
 6.365000E+02 8 0 0 0 0 0 0 0 0 0 0 0 15 11 18 11 15 24
 6.370000E+02 6 0 0 0 0 0 0 0 0 0 0 0 9 18 15 15 13 22
 6.375000E+02 11 0 0 0 0 0 0 0 0 0 0 0 13 20 18 18 17 23
 6.380000E+02 9 0 0 0 0 0 0 0 0 0 0 0 18 20 18 14 15 19
 6.385000E+02 8 0 0 0 0 0 0 0 0 0 0 0 17 13 16 14 14 14
 6.390000E+02 14 0 0 0 0 0 0 0 0 0 0 0 18 17 17 11 20 20
 6.395000E+02 11 0 0 0 0 0 0 0 0 0 0 0 22 20 16 15 11 18
 6.400000E+02 5 0 0 0 0 0 0 0 0 0 0 0 20 24 15 19 13 25
 6.405000E+02 14 0 0 0 0 0 0 0 0 1 0 0 16 16 13 18 11 22
 6.410000E+02 7 0 0 0 0 0 0 0 0 1 0 0 18 21 13 22 16 13
 6.415000E+02 7 0 0 0 0 0 0 0 0 0 0 0 16 23 13 25 18 16
 6.420000E+02 5 0 0 0 0 0 0 0 0 0 0 0 18 25 15 18 13 15
 6.425000E+02 12 0 0 0 0 0 0 0 0 0 0 0 17 20 17 14 16 26
 6.430000E+02 10 0 0 0 0 0 0 0 0 0 0 0 13 14 20 25 14 27
 6.435000E+02 10 0 0 0 0 0 0 0 0 0 0 0 16 16 23 17 15 13
 6.440000E+02 8 0 0 0 0 0 0 0 0 0 0 0 23 19 24 18 14 15
 6.445000E+02 4 0 0 0 0 0 0 0 0 0 0 0 16 17 19 21 19 15
 6.450000E+02 8 0 0 0 0 0 0 0 0 0 0 0 19 19 16 20 18 12
 6.455000E+02 15 0 0 0 0 0 0 0 0 0 0 0 28 17 16 16 19 13
 6.460000E+02 9 0 0 0 0 0 0 0 0 0 0 0 21 9 17 19 11 18
 6.465000E+02 12 0 0 0 0 0 0 0 0 0 0 0 19 14 21 25 15 16
 6.470000E+02 6 0 0 0 0 0 0 0 0 0 0 0 11 20 20 22 23 15
 6.475000E+02 6 0 0 0 0 0 0 0 0 0 0 0 15 19 21 21 18 17
 6.480000E+02 11 0 0 0 0 0 0 0 0 0 0 0 19 19 20 15 18 17
 6.485000E+02 12 0 0 0 0 0 0 0 0 0 0 0 19 21 16 8 8 18
 6.490000E+02 13 0 0 0 0 0 0 0 0 0 0 0 18 27 14 14 10 18
 6.495000E+02 9 0 0 0 0 0 0 0 0 0 0 0 20 32 25 16 8 14
 6.500000E+02 10 0 0 0 0 0 0 0 0 0 0 0 15 23 14 15 14 18
 6.505000E+02 7 0 0 0 0 0 0 0 0 0 0 0 16 18 19 20 15 18
 6.510000E+02 5 0 0 0 0 0 0 0 0 0 0 0 11 25 19 16 19 10
 6.515000E+02 8 0 0 0 0 0 0 0 0 0 0 0 14 18 19 18 14 16
 6.520000E+02 10 0 0 0 0 0 0 0 0 2 0 0 17 14 19 16 15 21
 6.525000E+02 9 0 0 0 0 0 0 0 0 2 0 0 16 13 27 20 13 17
 6.530000E+02 11 0 0 0 0 0 0 0 0 2 0 0 20 19 17 15 18 11
 6.535000E+02 5 0 0 0 0 0 0 1 0 1 0 0 24 18 23 10 17 16
 6.540000E+02 8 0 0 1 0 0 0 0 0 1 0 0 19 21 22 13 12 22
 6.545000E+02 11 0 0 0 0 0 0 0 0 2 0 0 14 22 19 15 16 22
 6.550000E+02 15 0 0 0 0 0 0 0 0 1 0 0 17 15 21 23 11 18
 6.555000E+02 8 0 0 0 0 0 0 0 0 0 0 0 18 25 17 18 11 23
 6.560000E+02 9 0 0 0 0 0 0 0 0 0 0 0 9 21 15 19 11 24
 6.565000E+02 6 0 0 0 0 0 0 0 0 0 0 0 17 18 20 15 13 20
 6.570000E+02 9 0 0 0 0 0 0 0 0 0 0 0 17 20 16 14 15 24
 6.575000E+02 10 0 0 0 0 0 0 0 0 1 0 0 21 18 13 19 17 18
 6.580000E+02 9 0 0 1 0 0 0 0 0 0 0 0 18 16 15 20 17 17
 6.585000E+02 18 0 0 1 0 0 0 0 0 0 0 0 15 20 15 21 14 22
 6.590000E+02 8 0 0 0 0 0 0 0 0 1 0 0 17 11 14 26 18 20
 6.595000E+02 11 0 0 0 0 0 0 0 0 0 0 0 16 9 21 15 24 24
 6.600000E+02 9 0 0 1 0 0 0 0 0 0 0 0 14 13 19 17 17 20
 6.605000E+02 8 0 0 0 0 0 0 0 0 1 0 0 17 23 9 17 20 16
 6.610000E+02 10 0 0 0 0 0 0 0 0 0 0 0 13 20 17 18 21 19
 6.615000E+02 11 0 0 0 0 0 0 0 0 0 0 0 15 24 18 12 23 19
 6.620000E+02 12 0 0 0 0 0 0 1 0 0 0 0 17 19 21 18 12 14
 6.625000E+02 13 0 0 0 0 0 0 0 0 1 0 0 19 16 23 21 13 18
 6.630000E+02 10 0 0 0 0 0 0 0 0 0 0 0 13 17 18 28 12 22
 6.635000E+02 6 0 0 0 0 0 0 0 0 1 0 0 16 18 17 22 14 20
 6.640000E+02 7 0 0 0 0 0 0 0 0 1 0 0 13 18 20 17 18 14
 6.645000E+02 8 0 0 0 0 0 0 0 0 1 0 0 18 24 17 18 18 11
 6.650000E+02 6 0 0 1 0 0 0 0 0 0 0 0 21 14 17 20 23 10
 6.655000E+02 11 0 0 0 0 0 0 0 0 0 0 0 17 12 19 16 19 10
 6.660000E+02 8 0 0 0 0 0 0 0 0 0 0 0 19 8 25 14 25 13
 6.665000E+02 12 0 0 0 0 0 0 0 0 0 0 0 14 9 19 16 16 20
 6.670000E+02 8 0 0 0 0 0 0 0 0 0 0 0 15 12 19 14 16 21
 6.675000E+02 7 0 0 0 0 0 0 0 0 0 0 0 13 17 18 21 23 17
 6.680000E+02 10 0 0 0 0 0 0 0 0 0 0 0 25 17 17 16 16 14
 6.685000E+02 9 0 0 0 0 0 0 0 0 0 0 0 18 19 17 19 12 14
 6.690000E+02 12 0 0 0 0 0 0 0 0 0 0 0 22 20 19 17 21 14
 6.695000E+02 6 0 0 0 0 0 0 0 0 0 0 0 18 17 15 22 16 15
 6.700000E+02 10 0 0 0 0 0 0 0 0 0 0 0 13 11 17 18 16 21
 6.705000E+02 4 0 0 0 0 0 0 0 0 0 0 0 17 14 19 19 23 17
 6.710000E+02 12 0 0 0 0 0 0 0 0 0 0 0 14 18 20 13 21 20
 6.715000E+02 8 0 0 0 0 0 0 0 0 0 0 0 17 15 19 17 16 18
 6.720000E+02 12 0 0 0 0 0 0 0 0 1 0 0 11 16 13 21 19 18
 6.725000E+02 3 0 0 0 0 0 0 0 0 1 0 0 14 12 16 16 19 19
 6.730000E+02 8 0 0 0 0 0 0 0 0 1 0 0 19 17 19 16 19 15
 6.735000E+02 13 0 0 0 0 0 0 0 0 1 0 0 15 19 21 19 20 12
 6.740000E+02 13 0 0 0 0 0 0 0 0 2 0 0 18 12 12 22 23 16
 6.745000E+02 5 0 0 1 0 0 0 1 0 0 0 0 15 8 13 22 15 19
 6.750000E+02 10 0 0 1 0 0 0 0 0 1 0 0 21 17 11 23 15 16
 6.755000E+02 10 0 0 1 0 0 0 0 0 1 0 0 21 20 10 25 15 14
 6.760000E+02 12 0 0 0 0 1 0 0 0 0 0 0 13 15 14 20 18 17
 6.765000E+02 5 0 0 0 0 0 0 1 0 0 0 0 13 20 20 19 18 14
 6.770000E+02 11 0 0 1 0 0 0 0 0 0 0 0 20 18 17 16 19 8
 6.775000E+02 14 0 0 0 0 0 0 0 0 0 0 0 16 19 19 13 25 8
 6.780000E+02 7 0 0 0 0 0 0 0 0 0 0 0 22 18 12 16 13 12
 6.785000E+02 7 0 0 0 0 0 0 0 0 0 0 0 17 18 12 15 19 15
 6.790000E+02 11 0 0 0 0 0 0 0 0 1 0 0 14 17 12 14 24 21
 6.795000E+02 10 0 0 0 0 0 0 0 0 1 0 0 13 16 14 19 17 24
 6.800000E+02 14 0 0 1 0 0 0 0 0 0 0 0 14 16 17 13 19 20
 6.805000E+02 7 0 0 0 0 0 0 0 0 0 0 0 19 18 22 13 9 23
 6.810000E+02 7 0 0 0 0 0 0 0 0 0 0 0 18 12 19 21 7 25
 6.815000E+02 4 0 0 0 0 0 0 0 0 0 0 0 23 18 17 23 11 17
 6.820000E+02 11 0 0 0 0 0 0 1 0 0 0 0 23 15 14 24 10 21
 6.825000E+02 8 0 0 0 0 1 0 0 0 0 0 0 24 17 12 20 14 23
 6.830000E+02 6 0 0 0 0 0 0 0 0 0 0 0 24 12 17 17 20 22
 6.835000E+02 17 0 0 0 0 0 0 0 0 0 0 0 16 16 18 14 25 14
 6.840000E+02 12 0 0 0 0 0 0 0 0 0 0 0 14 10 15 21 20 23
 6.845000E+02 8 0 0 0 0 0 0 0 0 1 0 0 13 19 9 19 21 24
 6.850000E+02 5 0 0 0 0 0 0 0 0 1 0 0 14 14 16 20 16 16
 6.855000E+02 9 0 0 0 0 0 0 0 0 1 0 0 20 14 12 23 19 24
 6.860000E+02 9 0 0 0 0 0 0 0 0 0 0 0 17 16 12 21 20 28
 6.865000E+02 10 0 0 0 0 0 0 0 0 0 0 0 22 12 12 18 20 23
 6.870000E+02 5 0 0 0 0 0 0 0 0 0 0 0 24 14 9 17 16 14
 6.875000E+02 10 0 0 0 0 0 0 0 0 1 0 0 22 15 22 13 17 8
 6.880000E+02 9 0 0 0 0 0 0 0 0 1 0 0 20 19 21 14 14 6
 6.885000E+02 7 0 0 0 0 0 0 0 0 1 0 0 17 15 17 18 16 16
 6.890000E+02 4 0 0 0 0 0 0 0 0 1 0 0 16 13 19 19 22 13
 6.895000E+02 7 0 0 1 0 0 0 0 0 0 0 0 13 13 21 18 18 17
 6.900000E+02 7 0 0 0 0 0 0 1 0 0 0 0 14 16 18 23 10 17
 6.905000E+02 12 0 0 1 0 0 0 0 0 0 0 0 15 11 12 24 17 17
 6.910000E+02 13 0 0 0 0 0 0 1 0 0 0 0 11 18 13 17 11 16
 6.915000E+02 5 0 0 0 0 0 0 0 0 0 0 0 13 14 16 19 17 16
 6.920000E+02 7 0 0 0 0 0 0 0 0 0 0 0 17 18 15 16 13 21
 6.925000E+02 9 0 0 0 0 0 0 0 0 1 0 0 16 22 17 12 13 21
 6.930000E+02 10 0 0 0 0 0 0 0 0 1 0 0 13 16 15 13 16 16
 6.935000E+02 6 0 0 0 0 0 0 0 0 1 0 0 13 16 15 13 21 17
 6.940000E+02 4 0 0 0 0 0 0 0 0 1 0 0 12 18 15 13 24 15
 6.945000E+02 6 0 0 1 0 0 0 0 0 0 0 0 10 16 24 16 29 9
 6.950000E+02 8 0 0 0 0 0 0 0 0 1 0 0 16 15 21 11 23 11
 6.955000E+02 8 0 0 1 0 0 0 0 0 0 0 0 16 14 20 17 22 13
 6.960000E+02 5 0 0 0 0 0 0 1 0 0 0 0 13 17 20 12 19 13
 6.965000E+02 8 0 0 0 0 0 0 0 0 0 0 0 10 12 21 14 19 14
 6.970000E+02 7 0 0 0 0 0 0 0 0 0 0 0 14 15 17 15 17 13
 6.975000E+02 7 0 0 0 0 0 0 0 0 0 0 0 14 17 21 14 15 12
 6.980000E+02 5 0 0 0 0 0 0 0 0 0 0 0 13 19 13 11 20 17
 6.985000E+02 6 0 0 0 0 0 0 0 0 0 0 0 19 18 18 14 14 17
 6.990000E+02 9 0 0 0 0 0 0 0 0 0 0 0 15 19 12 14 15 16
 6.995000E+02 16 0 0 0 0 0 0 0 0 0 0 0 22 13 11 21 20 16
 7.000000E+02 7 0 0 0 0 0 0 0 0 0 0 0 17 14 16 21 15 13
