# time 'Ca' 'D34:75:137_PP2ACa' 'D34:75:137_PP2APCa' 'D34:75_PP2ACa' 'D34:75_PP2APCa' 'D75:137_PP2ACa' 'D75:137_PP2APCa' 'D75_PP2ACa' 'D75_PP2APCa' 'PP2ACa' 'PP2ACa_PKA' 'PP2APCa' 'PP2BinactiveCa2_1' 'PP2BinactiveCa2_2' 'PP2BinactiveCa2_3' 'PP2BinactiveCa2_4' 'PP2BinactiveCa2_5' 'PP2BinactiveCa2_6'
 0.000000E+00 0 0 0 0 0 0 0 0 0 0 0 0 0 0 0 0 0 0
 5.000000E-01 1 0 0 0 0 0 0 0 0 0 0 0 2 0 0 1 0 0
 1.000000E+00 3 0 0 0 0 0 0 0 0 0 0 0 2 0 1 3 0 1
 1.500000E+00 1 0 0 0 0 0 0 0 0 1 0 0 3 1 1 4 0 1
 2.000000E+00 1 0 0 0 0 0 0 0 0 1 0 0 4 1 2 2 1 1
 2.500000E+00 2 0 0 0 0 0 0 0 0 0 0 0 5 2 2 3 1 2
 3.000000E+00 4 0 0 0 0 0 0 0 0 0 0 0 4 3 3 3 3 4
 3.500000E+00 2 0 0 0 0 0 0 0 0 0 0 0 4 5 3 3 2 7
 4.000000E+00 4 0 0 0 0 0 0 0 0 0 0 0 6 2 4 3 4 3
 4.500000E+00 2 0 0 0 0 0 0 0 0 0 0 0 6 1 4 4 8 2
 5.000000E+00 3 0 0 0 0 0 0 0 0 0 0 0 7 3 7 5 4 3
 5.500000E+00 3 0 0 0 0 0 0 0 0 0 0 0 4 4 9 7 2 4
 6.000000E+00 6 0 0 0 0 0 0 0 0 0 0 0 7 4 5 6 4 8
 6.500000E+00 1 0 0 0 0 0 0 0 0 0 0 0 6 5 4 7 4 10
 7.000000E+00 4 0 0 0 0 0 0 0 0 0 0 0 5 6 4 11 5 7
 7.500000E+00 6 0 0 0 0 0 0 0 0 0 0 0 8 9 3 7 9 5
 8.000000E+00 2 0 0 0 0 0 0 0 0 0 0 0 10 8 5 5 11 4
 8.500000E+00 6 0 0 0 0 0 0 0 0 0 0 0 8 10 7 8 5 6
 9.000000E+00 4 0 0 0 0 0 0 0 0 0 0 0 8 6 12 5 8 11
 9.500000E+00 5 0 0 0 0 0 0 0 0 0 0 0 8 6 12 5 7 12
 1.000000E+01 5 0 0 0 0 0 0 0 0 0 0 0 10 8 15 7 4 8
 1.050000E+01 9 0 0 0 0 0 0 0 0 0 0 0 10 9 16 8 5 7
 1.100000E+01 3 0 0 0 0 0 0 0 0 0 0 0 9 7 11 9 8 11
 1.150000E+01 6 0 0 0 0 0 0 0 0 0 0 0 7 9 7 9 8 13
 1.200000E+01 3 0 0 0 0 0 0 0 0 0 0 0 12 8 9 9 11 9
 1.250000E+01 3 0 0 0 0 0 0 0 0 0 0 0 10 9 9 9 11 7
 1.300000E+01 5 0 0 0 0 0 0 0 0 0 0 0 10 7 11 10 10 8
 1.350000E+01 4 0 0 0 0 0 0 0 0 0 0 0 8 8 7 16 10 9
 1.400000E+01 7 0 0 0 0 0 0 0 0 0 0 0 8 6 6 14 12 11
 1.450000E+01 3 0 0 0 0 0 0 0 0 0 0 0 17 6 5 12 8 11
 1.500000E+01 11 0 0 0 0 0 0 0 0 0 0 0 16 6 6 12 8 8
 1.550000E+01 6 0 0 0 0 0 0 0 0 0 0 0 15 6 8 13 10 10
 1.600000E+01 6 0 0 0 0 0 0 1 0 0 0 0 16 10 5 11 12 9
 1.650000E+01 4 0 0 0 0 0 0 0 0 1 0 0 15 12 9 16 10 8
 1.700000E+01 4 0 0 0 0 0 0 0 0 0 0 0 10 16 11 13 12 9
 1.750000E+01 4 0 0 0 0 0 0 0 0 0 0 0 10 12 13 17 8 8
 1.800000E+01 7 0 0 0 0 0 0 0 0 1 0 0 10 12 13 13 5 11
 1.850000E+01 7 0 0 0 0 0 0 0 0 0 0 0 11 13 13 2 7 20
 1.900000E+01 4 0 0 0 0 0 0 0 0 0 0 0 7 18 11 8 6 17
 1.950000E+01 1 0 0 0 0 0 0 0 0 0 0 0 18 20 9 9 7 17
 2.000000E+01 3 0 0 0 0 0 0 0 0 0 0 0 11 21 8 14 8 19
 2.050000E+01 4 0 0 0 0 0 0 0 0 0 0 0 10 15 14 10 11 18
 2.100000E+01 11 0 0 0 0 0 0 0 0 0 0 0 9 13 12 11 14 14
 2.150000E+01 5 0 0 0 0 0 0 0 0 0 0 0 12 16 18 11 14 13
 2.200000E+01 6 0 0 0 0 0 0 0 0 0 0 0 12 10 12 13 16 15
 2.250000E+01 10 0 0 0 0 0 0 0 0 0 0 0 13 14 9 9 13 17
 2.300000E+01 7 0 0 0 0 0 0 0 0 0 0 0 19 11 9 14 11 19
 2.350000E+01 5 0 0 0 0 0 0 0 0 0 0 0 15 7 12 14 17 16
 2.400000E+01 4 0 0 0 0 0 0 0 0 0 0 0 16 12 15 11 19 15
 2.450000E+01 7 0 0 0 0 0 0 0 0 0 0 0 14 11 12 10 15 15
 2.500000E+01 7 0 0 0 0 0 0 0 0 0 0 0 10 15 19 9 13 13
 2.550000E+01 5 0 0 0 0 0 0 0 0 0 0 0 17 12 12 14 11 12
 2.600000E+01 12 0 0 0 0 0 0 0 0 0 0 0 13 13 10 10 19 19
 2.650000E+01 6 0 0 0 0 0 0 0 0 0 0 0 14 14 17 13 14 14
 2.700000E+01 11 0 0 0 0 0 0 0 0 0 0 0 11 18 14 13 15 15
 2.750000E+01 9 0 0 0 0 0 0 0 0 0 0 0 16 15 13 16 11 18
 2.800000E+01 8 0 0 0 0 0 0 0 0 0 0 0 12 17 11 20 10 17
 2.850000E+01 7 0 0 0 0 0 0 0 0 0 0 0 14 16 13 17 15 16
 2.900000E+01 8 0 0 0 0 0 0 0 0 0 0 0 9 19 12 18 18 15
 2.950000E+01 5 0 0 0 0 0 0 0 0 0 0 0 12 15 16 18 13 17
 3.000000E+01 6 0 0 0 0 0 0 0 0 0 0 0 10 12 14 15 14 20
 3.050000E+01 3 0 0 0 0 0 0 0 0 0 0 0 8 17 15 13 16 17
 3.100000E+01 9 0 0 0 0 0 0 0 0 0 0 0 10 17 14 12 10 16
 3.150000E+01 9 0 0 0 0 0 0 0 0 0 0 0 13 11 14 14 16 19
 3.200000E+01 6 0 0 0 0 0 0 0 0 0 0 0 11 11 6 20 17 19
 3.250000E+01 8 0 0 0 0 0 0 0 0 0 0 0 9 12 8 19 15 21
 3.300000E+01 8 0 0 0 0 0 0 0 0 0 0 0 10 14 9 18 19 14
 3.350000E+01 7 0 0 0 0 0 0 0 0 0 0 0 18 13 13 16 16 12
 3.400000E+01 3 0 0 0 0 0 0 1 0 0 0 0 17 10 11 13 15 17
 3.450000E+01 8 0 0 0 0 0 0 0 0 0 0 0 14 10 15 15 12 15
 3.500000E+01 5 0 0 0 0 0 0 0 0 0 0 0 12 13 19 13 14 17
 3.550000E+01 11 0 0 0 0 0 0 0 0 0 0 0 16 14 18 11 14 11
 3.600000E+01 5 0 0 0 0 0 0 0 0 0 0 0 18 13 12 10 15 14
 3.650000E+01 4 0 0 0 0 0 0 0 0 0 0 0 26 13 14 8 16 13
 3.700000E+01 5 0 0 0 0 0 0 0 0 0 0 0 17 10 11 16 12 12
 3.750000E+01 10 0 0 0 0 0 0 0 0 0 0 0 15 9 16 11 18 16
 3.800000E+01 3 0 0 0 0 0 0 0 0 0 0 0 13 15 11 12 18 19
 3.850000E+01 10 0 0 0 0 0 0 0 0 1 0 0 11 16 19 20 15 17
 3.900000E+01 4 0 0 0 0 0 0 0 0 1 0 0 13 16 14 9 20 16
 3.950000E+01 10 0 0 0 0 1 0 0 0 0 0 0 12 21 10 11 22 15
 4.000000E+01 6 0 0 0 0 0 0 1 0 0 0 0 13 20 10 10 25 15
 4.050000E+01 5 0 0 0 0 0 0 1 0 0 0 0 15 25 9 12 24 12
 4.100000E+01 4 0 0 0 0 0 0 0 0 1 0 0 17 21 8 9 18 17
 4.150000E+01 5 0 0 0 0 0 0 0 0 1 0 0 17 17 13 14 15 8
 4.200000E+01 4 0 0 0 0 0 0 0 0 1 0 0 16 12 14 14 17 15
 4.250000E+01 11 0 0 0 0 0 0 0 0 0 0 0 14 12 18 8 15 15
 4.300000E+01 4 0 0 0 0 0 0 0 0 0 0 0 15 16 10 21 14 18
 4.350000E+01 4 0 0 0 0 0 0 0 0 0 0 0 12 12 14 25 14 15
 4.400000E+01 10 0 0 0 0 0 0 0 0 0 0 0 13 16 21 18 13 18
 4.450000E+01 3 0 0 0 0 0 0 0 0 0 0 0 14 17 12 16 12 15
 4.500000E+01 6 0 0 0 0 0 0 0 0 0 0 0 18 17 14 15 13 15
 4.550000E+01 5 0 0 0 0 0 0 0 0 0 0 0 14 20 15 19 12 16
 4.600000E+01 9 0 0 0 0 0 0 0 0 0 0 0 14 20 16 15 17 14
 4.650000E+01 4 0 0 0 0 0 0 0 0 0 0 0 15 19 20 12 10 12
 4.700000E+01 5 0 0 0 0 0 0 0 0 0 0 0 16 22 20 14 9 12
 4.750000E+01 11 0 0 0 0 0 0 0 0 0 0 0 13 13 22 16 14 9
 4.800000E+01 10 0 0 0 0 0 0 0 0 0 0 0 13 21 18 17 10 17
 4.850000E+01 8 0 0 0 0 0 0 0 0 0 0 0 19 13 17 9 16 19
 4.900000E+01 4 0 0 0 0 0 0 0 0 0 0 0 15 16 15 10 15 20
 4.950000E+01 4 0 0 0 0 0 0 0 0 0 0 0 13 14 9 17 23 14
 5.000000E+01 9 0 0 0 0 0 0 0 0 0 0 0 17 15 15 10 20 20
 5.050000E+01 6 0 0 0 0 0 0 1 0 1 0 0 17 19 10 15 16 25
 5.100000E+01 6 0 0 0 0 0 0 0 0 2 0 0 17 21 11 14 18 18
 5.150000E+01 11 0 0 0 0 0 0 0 0 1 0 0 16 18 12 15 22 20
 5.200000E+01 11 0 0 0 0 0 0 0 0 1 0 0 14 18 16 6 18 14
 5.250000E+01 3 0 0 0 0 0 0 0 0 2 0 0 18 22 13 19 15 16
 5.300000E+01 10 0 0 0 0 0 0 0 0 2 0 0 15 18 13 18 13 19
 5.350000E+01 5 0 0 0 0 0 0 0 0 1 0 0 8 15 16 19 21 19
 5.400000E+01 13 0 0 0 0 0 0 0 0 1 0 0 12 19 10 17 17 16
 5.450000E+01 7 0 0 0 0 0 0 0 0 1 0 0 12 20 18 12 16 23
 5.500000E+01 10 0 0 0 0 0 0 0 0 0 0 0 24 17 15 14 15 16
 5.550000E+01 14 0 0 0 0 0 0 0 0 0 0 0 17 12 21 11 18 17
 5.600000E+01 9 0 0 0 0 0 0 0 0 0 0 0 11 10 15 15 20 16
 5.650000E+01 8 0 0 0 0 0 0 0 0 0 0 0 22 9 17 15 19 14
 5.700000E+01 2 0 0 0 0 0 0 1 0 0 0 0 15 12 11 16 17 24
 5.750000E+01 5 0 0 0 0 0 0 0 0 0 0 0 11 22 13 18 8 22
 5.800000E+01 7 0 0 0 0 0 0 0 0 0 0 0 8 18 17 18 15 23
 5.850000E+01 11 0 0 0 0 0 0 0 0 0 0 0 15 15 13 21 15 19
 5.900000E+01 6 0 0 0 0 0 0 0 0 0 0 0 16 14 18 16 13 22
 5.950000E+01 11 0 0 0 0 0 0 0 0 0 0 0 12 12 14 17 17 18
 6.000000E+01 10 0 0 0 0 0 0 0 0 0 0 0 8 23 12 15 19 15
 6.050000E+01 4 0 0 0 0 0 0 0 0 0 0 0 12 19 13 17 20 17
 6.100000E+01 7 0 0 0 0 0 0 0 0 0 0 0 15 18 13 18 14 14
 6.150000E+01 9 0 0 0 0 0 0 0 0 0 0 0 18 15 17 16 14 15
 6.200000E+01 3 0 0 0 0 0 0 0 0 0 0 0 21 15 22 16 16 14
 6.250000E+01 8 0 0 0 0 0 0 0 0 0 0 0 17 14 22 14 21 13
 6.300000E+01 12 0 0 0 0 0 0 0 0 0 0 0 22 16 26 13 17 10
 6.350000E+01 6 0 0 0 0 0 0 0 0 0 0 0 19 12 20 14 19 15
 6.400000E+01 8 0 0 0 0 0 0 0 0 0 0 0 20 12 18 16 20 16
 6.450000E+01 8 0 0 0 0 0 0 0 0 0 0 0 23 15 16 16 19 14
 6.500000E+01 5 0 0 0 0 0 0 0 0 0 0 0 22 20 14 12 19 16
 6.550000E+01 13 0 0 0 0 0 0 0 0 0 0 0 17 18 17 17 18 20
 6.600000E+01 5 0 0 0 0 0 0 0 0 0 0 0 15 11 19 14 13 15
 6.650000E+01 14 0 0 0 0 0 0 0 0 0 0 0 14 19 16 20 12 19
 6.700000E+01 8 0 0 0 0 0 0 0 0 0 0 0 22 19 22 19 10 14
 6.750000E+01 15 0 0 0 0 0 0 0 0 0 0 0 18 14 16 14 18 18
 6.800000E+01 9 0 0 0 0 0 0 0 0 0 0 0 14 7 20 19 14 18
 6.850000E+01 7 0 0 0 0 0 0 0 0 0 0 0 15 11 22 27 18 16
 6.900000E+01 10 0 0 0 0 0 0 0 0 0 0 0 18 16 16 16 18 18
 6.950000E+01 12 0 0 0 0 0 0 0 0 0 0 0 14 14 14 15 17 17
 7.000000E+01 5 0 0 0 0 0 0 0 0 0 0 0 16 21 21 17 14 21
 7.050000E+01 6 0 0 0 0 0 0 0 0 0 0 0 16 22 16 18 16 16
 7.100000E+01 6 0 0 0 0 0 0 0 0 0 0 0 11 12 21 17 15 9
 7.150000E+01 8 0 0 0 0 0 0 0 0 0 0 0 16 15 16 23 15 15
 7.200000E+01 10 0 0 0 0 0 0 0 0 0 0 0 18 13 14 26 15 19
 7.250000E+01 7 0 0 0 0 0 0 0 0 0 0 0 17 18 15 19 13 20
 7.300000E+01 9 0 0 0 0 0 0 1 0 0 0 0 11 16 19 25 14 19
 7.350000E+01 10 0 0 0 0 0 0 0 0 1 0 0 14 17 16 24 19 17
 7.400000E+01 11 0 0 0 0 0 0 0 0 1 0 0 11 22 15 23 19 14
 7.450000E+01 12 0 0 0 0 0 0 0 0 0 0 0 16 20 19 17 16 18
 7.500000E+01 7 0 0 0 0 0 0 0 0 0 0 0 14 23 18 12 21 13
 7.550000E+01 5 0 0 0 0 0 0 0 0 0 0 0 16 16 15 12 22 20
 7.600000E+01 7 0 0 0 0 0 0 0 0 0 0 0 16 19 15 16 14 18
 7.650000E+01 8 0 0 0 0 0 0 0 0 0 0 0 15 19 13 23 18 11
 7.700000E+01 8 0 0 0 0 0 0 0 0 0 0 0 18 22 12 19 23 10
 7.750000E+01 10 0 0 0 0 0 0 0 0 0 0 0 21 22 13 17 17 14
 7.800000E+01 9 0 0 0 0 0 0 0 0 0 0 0 13 11 24 21 14 10
 7.850000E+01 8 0 0 0 0 0 0 0 0 0 0 0 16 14 18 19 14 14
 7.900000E+01 9 0 0 0 0 0 0 0 0 0 0 0 22 13 20 19 19 14
 7.950000E+01 9 0 0 0 0 0 0 0 0 1 0 0 19 24 18 11 21 15
 8.000000E+01 8 0 0 0 0 0 0 1 0 0 0 0 10 11 16 14 23 20
 8.050000E+01 8 0 0 0 0 0 0 1 0 0 0 0 23 16 22 12 24 24
 8.100000E+01 7 0 0 0 0 0 0 1 0 0 0 0 17 18 14 15 16 21
 8.150000E+01 10 0 0 0 0 0 0 0 0 0 0 0 20 29 20 17 15 18
 8.200000E+01 9 0 0 0 0 0 0 0 0 0 0 0 16 23 15 15 14 20
 8.250000E+01 11 0 0 0 0 0 0 1 0 0 0 0 17 24 17 15 18 25
 8.300000E+01 4 0 0 0 0 0 0 0 0 0 0 0 15 24 14 10 15 26
 8.350000E+01 9 0 0 0 0 0 0 0 0 0 0 0 13 25 16 15 17 22
 8.400000E+01 10 0 0 0 0 0 0 0 0 0 0 0 14 23 14 18 15 19
 8.450000E+01 8 0 0 0 0 0 0 0 0 0 0 0 19 22 12 15 22 12
 8.500000E+01 9 0 0 0 0 0 0 0 0 0 0 0 21 20 14 20 25 16
 8.550000E+01 12 0 0 0 0 0 0 0 0 0 0 0 18 20 14 18 14 23
 8.600000E+01 7 0 0 0 0 0 0 0 0 0 0 0 20 18 14 25 13 17
 8.650000E+01 14 0 0 0 0 0 0 0 0 0 0 0 20 18 16 21 18 16
 8.700000E+01 7 0 0 0 0 0 0 0 0 0 0 0 16 21 16 20 15 24
 8.750000E+01 14 0 0 0 0 0 0 0 0 0 0 0 14 20 17 21 16 22
 8.800000E+01 10 0 0 0 0 0 0 0 0 0 0 0 15 17 17 13 17 22
 8.850000E+01 8 0 0 0 0 0 0 0 0 0 0 0 13 21 19 14 15 21
 8.900000E+01 8 0 0 0 0 0 0 0 0 0 0 0 16 23 17 13 19 17
 8.950000E+01 7 0 0 0 0 0 0 0 0 0 0 0 19 18 13 13 11 17
 9.000000E+01 11 0 0 0 0 0 0 0 0 0 0 0 18 22 16 15 16 20
 9.050000E+01 7 0 0 0 0 0 0 0 0 0 0 0 17 22 17 16 17 20
 9.100000E+01 6 0 0 0 0 0 0 0 0 0 0 0 17 12 13 17 21 19
 9.150000E+01 9 0 0 0 0 0 0 0 0 0 0 0 15 9 12 22 21 18
 9.200000E+01 6 0 0 0 0 0 0 0 0 0 0 0 14 11 13 23 22 17
 9.250000E+01 8 0 0 0 0 0 0 0 0 0 0 0 14 9 19 23 17 18
 9.300000E+01 6 0 0 0 0 0 0 0 0 0 0 0 15 7 24 26 13 18
 9.350000E+01 10 0 0 0 0 0 0 0 0 0 0 0 15 12 27 22 14 13
 9.400000E+01 9 0 0 0 0 0 0 0 0 0 0 0 14 14 24 20 14 17
 9.450000E+01 10 0 0 0 0 0 0 0 0 0 0 0 21 12 12 22 13 15
 9.500000E+01 6 0 0 0 0 0 0 0 0 0 0 0 22 16 18 16 15 13
 9.550000E+01 13 0 0 0 0 0 0 0 0 0 0 0 23 10 20 14 19 12
 9.600000E+01 9 0 0 0 0 0 0 0 0 0 0 0 19 13 16 16 21 15
 9.650000E+01 6 0 0 0 0 0 0 0 0 0 0 0 13 13 15 18 19 22
 9.700000E+01 10 0 0 0 0 0 0 0 0 0 0 0 15 14 20 12 17 20
 9.750000E+01 9 0 0 0 0 0 0 0 0 0 0 0 13 16 18 18 18 14
 9.800000E+01 7 0 0 0 0 0 0 0 0 0 0 0 12 14 23 25 9 14
 9.850000E+01 7 0 0 0 0 0 0 0 0 0 0 0 16 17 23 20 11 18
 9.900000E+01 12 0 0 0 0 0 0 0 0 0 0 0 17 18 16 18 12 16
 9.950000E+01 6 0 0 0 0 0 0 0 0 0 0 0 19 24 16 16 15 12
 1.000000E+02 7 0 0 0 0 0 0 0 0 0 0 0 15 27 19 13 12 20
 1.005000E+02 8 0 0 0 0 0 0 0 0 0 0 0 19 13 17 18 11 20
 1.010000E+02 2 0 0 0 0 0 0 0 0 0 0 0 19 13 13 20 22 16
 1.015000E+02 8 0 0 0 0 0 0 0 0 0 0 0 16 10 14 20 17 21
 1.020000E+02 6 0 0 0 0 0 0 0 0 0 0 0 11 11 19 17 17 17
 1.025000E+02 6 0 0 0 0 0 0 0 0 0 0 0 21 12 14 23 15 18
 1.030000E+02 5 0 0 0 0 0 0 0 0 0 0 0 19 16 14 22 19 16
 1.035000E+02 9 0 0 0 0 0 0 0 0 0 0 0 20 15 20 11 17 18
 1.040000E+02 15 0 0 0 0 0 0 0 0 0 0 0 15 15 21 12 20 15
 1.045000E+02 8 0 0 0 0 0 0 0 0 0 0 0 19 18 20 13 18 16
 1.050000E+02 9 0 0 0 0 0 0 0 0 0 0 0 16 14 19 19 19 11
 1.055000E+02 6 0 0 0 0 0 0 0 0 0 0 0 19 19 24 20 17 14
 1.060000E+02 9 0 0 0 0 0 0 0 0 0 0 0 17 19 20 23 15 7
 1.065000E+02 13 0 0 0 0 0 0 0 0 0 0 0 15 19 14 18 17 14
 1.070000E+02 6 0 0 0 0 0 0 0 0 0 0 0 16 10 19 21 20 15
 1.075000E+02 11 0 0 0 0 0 0 0 0 0 0 0 16 15 16 20 22 22
 1.080000E+02 8 0 0 0 0 0 0 0 0 1 0 0 14 21 13 19 20 15
 1.085000E+02 8 0 0 0 0 0 0 0 0 1 0 0 16 22 14 14 19 17
 1.090000E+02 8 0 0 0 0 0 0 1 0 1 0 0 10 17 14 21 18 20
 1.095000E+02 8 0 0 0 0 0 0 0 0 1 0 0 13 19 13 20 20 18
 1.100000E+02 8 0 0 0 0 0 0 1 0 0 0 0 19 12 18 23 18 18
 1.105000E+02 12 0 0 0 0 0 0 0 0 0 0 0 14 21 14 17 17 13
 1.110000E+02 8 0 0 0 0 0 0 0 0 0 0 0 17 17 21 18 14 15
 1.115000E+02 7 0 0 0 0 0 0 0 0 0 0 0 17 21 18 15 17 14
 1.120000E+02 5 0 0 0 0 0 0 0 0 0 0 0 21 18 17 16 17 12
 1.125000E+02 7 0 0 0 0 0 0 0 0 0 0 0 17 15 23 15 17 14
 1.130000E+02 8 0 0 0 0 0 0 0 0 0 0 0 16 10 16 16 21 23
 1.135000E+02 7 0 0 0 0 0 0 0 0 1 0 0 15 11 13 21 21 15
 1.140000E+02 4 0 0 0 0 0 0 0 0 0 0 0 16 15 9 25 25 16
 1.145000E+02 8 0 0 0 0 0 0 0 0 1 0 0 22 15 11 17 20 20
 1.150000E+02 7 0 0 0 0 0 0 0 0 0 0 0 15 17 13 14 17 18
 1.155000E+02 7 0 0 0 0 0 0 0 0 0 0 0 25 22 15 13 11 20
 1.160000E+02 10 0 0 0 0 0 0 0 0 0 0 0 17 16 20 16 18 12
 1.165000E+02 5 0 0 0 0 0 0 0 0 0 0 0 16 18 13 24 14 15
 1.170000E+02 9 0 0 0 0 0 0 0 0 0 0 0 25 11 16 18 22 21
 1.175000E+02 7 0 0 0 0 0 0 0 0 1 0 0 23 22 16 30 15 15
 1.180000E+02 10 0 0 0 0 0 0 1 0 0 0 0 10 20 19 15 21 11
 1.185000E+02 10 0 0 0 0 0 0 0 0 1 0 0 11 17 25 15 27 15
 1.190000E+02 8 0 0 0 0 0 0 0 0 0 0 0 12 22 20 19 17 23
 1.195000E+02 10 0 0 0 0 0 0 0 0 1 0 0 21 18 16 18 14 23
 1.200000E+02 7 0 0 0 0 0 0 0 0 2 0 0 16 16 20 18 17 20
 1.205000E+02 10 0 0 0 0 0 0 0 0 2 0 0 19 16 19 18 19 15
 1.210000E+02 8 0 0 0 0 0 0 0 0 0 0 0 16 23 15 14 18 19
 1.215000E+02 12 0 0 0 0 0 0 1 0 0 0 0 17 22 14 17 18 15
 1.220000E+02 11 0 0 0 0 0 0 0 0 0 0 0 20 25 21 20 12 16
 1.225000E+02 6 0 0 0 0 0 0 0 0 0 0 0 30 22 16 18 13 17
 1.230000E+02 10 0 0 0 0 0 0 0 0 0 0 0 25 23 16 16 9 18
 1.235000E+02 8 0 0 0 0 0 0 0 0 0 0 0 19 17 18 17 15 20
 1.240000E+02 6 0 0 0 0 0 0 0 0 0 0 0 16 20 19 18 16 14
 1.245000E+02 7 0 0 0 0 0 0 0 0 0 0 0 17 24 17 15 21 22
 1.250000E+02 14 0 0 0 0 0 0 0 0 0 0 0 18 22 17 22 15 16
 1.255000E+02 11 0 0 0 0 0 0 0 0 0 0 0 21 19 13 22 12 17
 1.260000E+02 11 0 0 0 0 0 0 0 0 0 0 0 21 26 12 17 16 15
 1.265000E+02 9 0 0 0 0 0 0 0 0 0 0 0 21 17 19 26 15 15
 1.270000E+02 10 0 0 0 0 0 0 0 0 0 0 0 21 14 17 27 20 12
 1.275000E+02 7 0 0 0 0 0 0 0 0 0 0 0 11 19 19 19 17 16
 1.280000E+02 11 0 0 0 0 0 0 0 0 0 0 0 13 17 19 18 13 23
 1.285000E+02 10 0 0 0 0 0 0 0 0 0 0 0 12 18 19 15 26 19
 1.290000E+02 10 0 0 0 0 0 0 0 0 1 0 0 17 16 16 19 17 19
 1.295000E+02 11 0 0 0 0 0 0 0 0 1 0 0 24 15 17 18 16 23
 1.300000E+02 8 0 0 0 0 0 0 0 0 2 0 0 25 9 25 13 19 21
 1.305000E+02 6 0 0 0 0 0 0 0 0 3 0 0 23 12 27 24 15 19
 1.310000E+02 9 0 0 0 0 0 0 1 0 0 0 0 19 14 21 28 16 20
 1.315000E+02 4 0 0 0 0 0 0 0 0 0 0 0 14 18 18 30 17 18
 1.320000E+02 9 0 0 0 0 0 0 0 0 0 0 0 18 18 18 27 15 18
 1.325000E+02 7 0 0 0 0 0 0 0 0 0 0 0 13 16 16 25 15 26
 1.330000E+02 5 0 0 0 0 0 0 0 0 1 0 0 10 16 13 24 14 17
 1.335000E+02 8 0 0 0 0 0 0 0 0 0 0 0 19 18 16 18 20 19
 1.340000E+02 7 0 0 0 0 0 0 0 0 0 0 0 15 12 23 25 19 19
 1.345000E+02 12 0 0 0 0 0 0 0 0 0 0 0 18 16 15 23 20 20
 1.350000E+02 14 0 0 0 0 0 0 0 0 1 0 0 23 19 12 21 18 23
 1.355000E+02 17 0 0 0 0 0 0 2 0 0 0 0 16 19 19 19 11 18
 1.360000E+02 13 0 0 0 0 0 0 0 0 0 0 0 14 20 22 18 17 20
 1.365000E+02 8 0 0 0 0 0 0 0 0 0 0 0 15 20 17 18 16 19
 1.370000E+02 13 0 0 0 0 0 0 0 0 0 0 0 15 19 23 16 12 19
 1.375000E+02 11 0 0 0 0 0 0 0 0 0 0 0 16 16 23 20 12 24
 1.380000E+02 14 0 0 0 0 0 0 0 0 0 0 0 19 14 14 14 17 19
 1.385000E+02 7 0 0 0 0 0 0 0 0 0 0 0 15 20 15 11 22 20
 1.390000E+02 7 0 0 0 0 0 0 0 0 0 0 0 17 22 15 15 19 13
 1.395000E+02 14 0 0 0 0 0 0 0 0 1 0 0 15 23 10 22 22 11
 1.400000E+02 6 0 0 0 0 0 0 0 0 1 0 0 14 23 7 21 17 16
 1.405000E+02 7 0 0 0 0 0 0 0 0 1 0 0 17 21 13 21 15 20
 1.410000E+02 14 0 0 0 0 0 0 0 0 0 0 0 15 25 23 22 17 10
 1.415000E+02 6 0 0 0 0 0 0 1 0 0 0 0 15 21 23 17 15 12
 1.420000E+02 11 0 0 0 0 0 0 1 0 0 0 0 19 19 18 19 20 14
 1.425000E+02 9 0 0 0 0 0 0 0 0 1 0 0 20 17 19 21 21 15
 1.430000E+02 15 0 0 0 0 0 0 0 0 0 0 0 13 16 21 20 22 17
 1.435000E+02 11 0 0 0 0 0 0 0 0 0 0 0 17 11 22 27 18 17
 1.440000E+02 6 0 0 0 0 0 0 0 0 1 0 0 26 13 21 21 15 17
 1.445000E+02 12 0 0 0 0 0 0 0 0 1 0 0 23 20 18 18 22 19
 1.450000E+02 9 0 0 0 0 0 0 0 0 2 0 0 20 11 28 23 18 18
 1.455000E+02 9 0 0 0 0 0 0 1 0 1 0 0 18 9 26 21 25 14
 1.460000E+02 8 0 0 0 0 0 0 0 0 1 0 0 21 13 24 22 17 20
 1.465000E+02 10 0 0 0 0 0 0 0 0 0 0 0 17 18 17 20 25 30
 1.470000E+02 6 0 0 0 0 0 0 0 0 0 0 0 19 28 18 19 15 21
 1.475000E+02 11 0 0 0 0 0 0 0 0 0 0 0 20 26 23 17 12 19
 1.480000E+02 6 0 0 0 0 0 0 0 0 0 0 0 17 26 18 9 17 17
 1.485000E+02 13 0 0 0 0 0 0 0 0 0 0 0 17 21 18 14 20 15
 1.490000E+02 14 0 0 0 0 0 0 0 0 0 0 0 20 14 20 17 15 23
 1.495000E+02 9 0 0 0 0 0 0 0 0 0 0 0 17 14 20 19 19 17
 1.500000E+02 12 0 0 0 0 0 0 0 0 1 0 0 16 23 20 13 17 18
 1.505000E+02 8 0 0 0 0 0 0 1 0 0 0 0 18 23 18 17 15 19
 1.510000E+02 11 0 0 0 0 0 0 1 0 0 0 0 14 19 13 17 19 19
 1.515000E+02 12 0 0 0 0 0 0 1 0 1 0 0 18 20 15 20 17 16
 1.520000E+02 10 0 0 0 0 0 0 0 0 2 0 0 16 20 17 21 19 23
 1.525000E+02 14 0 0 0 0 0 0 0 0 1 0 0 8 18 14 25 17 20
 1.530000E+02 11 0 0 0 0 0 0 0 0 0 0 0 8 22 21 22 20 21
 1.535000E+02 5 0 0 0 0 0 0 0 0 0 0 0 13 24 21 19 15 19
 1.540000E+02 7 0 0 0 0 0 0 0 0 0 0 0 14 20 24 18 19 16
 1.545000E+02 12 0 0 0 0 0 0 0 0 0 0 0 15 13 17 22 21 15
 1.550000E+02 11 0 0 0 0 0 0 0 0 0 0 0 12 13 22 18 26 18
 1.555000E+02 8 0 0 0 0 0 0 0 0 0 0 0 18 24 15 13 18 17
 1.560000E+02 8 0 0 0 0 0 0 0 0 0 0 0 13 23 19 17 18 13
 1.565000E+02 9 0 0 0 0 0 0 0 0 0 0 0 18 16 18 17 19 10
 1.570000E+02 8 0 0 0 0 0 0 0 0 0 0 0 22 12 28 19 16 15
 1.575000E+02 12 0 0 0 0 0 0 0 0 0 0 0 17 15 28 12 14 14
 1.580000E+02 7 0 0 0 0 0 0 0 0 0 0 0 18 15 24 15 17 21
 1.585000E+02 12 0 0 0 0 0 0 0 0 0 0 0 17 9 23 19 15 23
 1.590000E+02 5 0 0 0 0 0 0 0 0 0 0 0 16 10 16 18 17 34
 1.595000E+02 6 0 0 0 0 0 0 0 0 0 0 0 9 11 22 13 19 21
 1.600000E+02 3 0 0 0 0 0 0 1 0 0 0 0 19 17 24 27 17 18
 1.605000E+02 11 0 0 0 0 0 0 0 0 1 0 0 20 14 23 22 16 14
 1.610000E+02 7 0 0 0 0 0 0 0 0 0 0 0 22 16 23 19 21 11
 1.615000E+02 6 0 0 0 0 0 0 0 0 1 0 0 18 18 14 17 16 10
 1.620000E+02 9 0 0 0 0 0 0 0 0 0 0 0 26 11 16 17 21 12
 1.625000E+02 10 0 0 0 0 0 0 0 0 0 0 0 24 14 20 14 21 12
 1.630000E+02 10 0 0 0 0 0 0 0 0 0 0 0 21 12 19 17 22 15
 1.635000E+02 7 0 0 0 0 0 0 0 0 0 0 0 11 19 11 14 27 11
 1.640000E+02 4 0 0 0 0 0 0 0 0 0 0 0 16 19 19 12 23 17
 1.645000E+02 5 0 0 0 0 0 0 0 0 0 0 0 12 17 15 23 22 14
 1.650000E+02 7 0 0 0 0 0 0 0 0 0 0 0 13 23 13 25 24 12
 1.655000E+02 10 0 0 0 0 0 0 0 0 0 0 0 14 19 24 14 16 18
 1.660000E+02 6 0 0 0 0 0 0 0 0 0 0 0 20 12 23 16 16 16
 1.665000E+02 11 0 0 0 0 0 0 0 0 0 0 0 22 16 22 12 16 16
 1.670000E+02 9 0 0 0 0 0 0 0 0 1 0 0 18 15 19 16 16 18
 1.675000E+02 5 0 0 0 0 0 0 0 0 0 0 0 15 16 20 15 18 22
 1.680000E+02 8 0 0 0 0 0 0 0 0 1 0 0 19 11 16 12 20 19
 1.685000E+02 11 0 0 0 0 0 0 0 0 0 0 0 17 12 16 17 16 18
 1.690000E+02 7 0 0 0 0 0 0 0 0 0 0 0 13 17 20 18 13 12
 1.695000E+02 13 0 0 0 0 0 0 0 0 1 0 0 13 14 18 17 17 12
 1.700000E+02 9 0 0 0 0 0 0 0 0 0 0 0 13 17 16 16 20 15
 1.705000E+02 9 0 0 0 0 0 0 0 0 0 0 0 18 18 13 18 18 9
 1.710000E+02 11 0 0 0 0 0 0 0 0 0 0 0 16 20 17 21 13 11
 1.715000E+02 7 0 0 0 0 0 0 0 0 0 0 0 15 14 18 19 16 13
 1.720000E+02 12 0 0 0 0 0 0 0 0 1 0 0 18 14 21 12 8 12
 1.725000E+02 6 0 0 0 0 0 0 0 0 2 0 0 19 16 17 22 12 18
 1.730000E+02 12 0 0 0 0 0 0 0 0 1 0 0 11 12 19 17 9 22
 1.735000E+02 7 0 0 0 0 0 0 1 0 0 0 0 10 10 21 22 11 20
 1.740000E+02 5 0 0 0 0 0 0 1 0 0 0 0 17 10 12 15 16 21
 1.745000E+02 4 0 0 0 0 0 0 0 0 1 0 0 14 12 16 17 23 22
 1.750000E+02 6 0 0 0 0 0 0 0 0 0 0 0 17 17 14 15 21 22
 1.755000E+02 4 0 0 0 0 0 0 0 0 0 0 0 13 20 12 9 21 19
 1.760000E+02 7 0 0 0 0 0 0 0 0 0 0 0 23 21 11 16 18 20
 1.765000E+02 2 0 0 0 0 0 0 0 0 0 0 0 19 13 14 12 21 18
 1.770000E+02 9 0 0 0 0 0 0 0 0 0 0 0 17 15 16 13 17 15
 1.775000E+02 9 0 0 0 0 0 0 0 0 0 0 0 20 20 19 15 14 18
 1.780000E+02 9 0 0 0 0 0 0 0 0 0 0 0 19 15 11 18 21 11
 1.785000E+02 12 0 0 0 0 0 0 0 0 0 0 0 22 17 13 17 15 17
 1.790000E+02 12 0 0 0 0 0 0 0 0 0 0 0 19 17 9 15 16 16
 1.795000E+02 7 0 0 0 0 0 0 0 0 0 0 0 15 22 14 18 10 22
 1.800000E+02 11 0 0 0 0 0 0 0 0 0 0 0 9 22 18 17 17 17
 1.805000E+02 9 0 0 0 0 0 0 1 0 0 0 0 13 21 13 19 12 16
 1.810000E+02 5 0 0 0 0 0 0 0 0 1 0 0 12 21 16 18 13 17
 1.815000E+02 12 0 0 0 0 0 0 0 0 0 0 0 19 22 17 12 12 22
 1.820000E+02 12 0 0 0 0 0 0 0 0 0 0 0 18 17 25 11 13 12
 1.825000E+02 8 0 0 0 0 0 0 0 0 0 0 0 15 20 23 14 14 19
 1.830000E+02 7 0 0 0 0 0 0 0 0 0 0 0 20 19 14 10 18 22
 1.835000E+02 7 0 0 0 0 0 0 0 0 0 0 0 15 17 11 10 12 16
 1.840000E+02 7 0 0 0 0 0 0 0 0 0 0 0 18 23 7 16 17 22
 1.845000E+02 4 0 0 0 0 0 0 0 0 0 0 0 18 20 12 9 17 20
 1.850000E+02 10 0 0 0 0 0 0 0 0 0 0 0 16 16 14 11 13 17
 1.855000E+02 8 0 0 0 0 0 0 0 0 0 0 0 20 13 17 17 13 20
 1.860000E+02 9 0 0 0 0 0 0 0 0 0 0 0 17 14 15 17 15 21
 1.865000E+02 12 0 0 0 0 0 0 0 0 0 0 0 23 15 9 16 14 17
 1.870000E+02 8 0 0 0 0 0 0 0 0 0 0 0 25 15 12 18 13 12
 1.875000E+02 4 0 0 0 0 0 0 0 0 0 0 0 19 18 15 18 24 13
 1.880000E+02 7 0 0 0 0 0 0 0 0 0 0 0 10 16 25 12 25 11
 1.885000E+02 8 0 0 0 0 0 0 0 0 0 0 0 12 17 22 16 20 14
 1.890000E+02 5 0 0 0 0 0 0 0 0 0 0 0 19 15 19 16 15 13
 1.895000E+02 17 0 0 0 0 0 0 0 0 0 0 0 19 13 16 17 17 14
 1.900000E+02 14 0 0 0 0 0 0 0 0 0 0 0 19 17 9 20 18 10
 1.905000E+02 11 0 0 0 0 0 0 0 0 0 0 0 12 14 14 18 15 17
 1.910000E+02 6 0 0 0 0 0 0 0 0 0 0 0 14 18 12 19 21 16
 1.915000E+02 6 0 0 0 0 0 0 0 0 0 0 0 17 18 16 19 22 15
 1.920000E+02 11 0 0 0 0 0 0 0 0 0 0 0 20 24 16 13 20 9
 1.925000E+02 7 0 0 0 0 0 0 0 0 0 0 0 20 19 15 17 21 19
 1.930000E+02 13 0 0 0 0 0 0 0 0 0 0 0 20 16 18 16 14 19
 1.935000E+02 7 0 0 0 0 0 0 0 0 0 0 0 19 13 13 20 18 20
 1.940000E+02 13 0 0 0 0 0 0 0 0 0 0 0 22 18 16 20 14 14
 1.945000E+02 13 0 0 0 0 0 0 0 0 0 0 0 16 14 10 17 13 26
 1.950000E+02 9 0 0 0 0 0 0 0 0 1 0 0 18 21 14 17 16 18
 1.955000E+02 8 0 0 0 0 0 0 0 0 1 0 0 19 20 17 13 12 15
 1.960000E+02 8 0 0 0 0 0 0 1 0 0 0 0 15 14 24 16 21 17
 1.965000E+02 10 0 0 0 0 0 0 0 0 1 0 0 21 20 16 10 27 13
 1.970000E+02 8 0 0 0 0 0 0 0 0 0 0 0 19 15 17 20 26 16
 1.975000E+02 9 0 0 0 0 0 0 0 0 0 0 0 26 10 16 16 22 16
 1.980000E+02 13 0 0 0 0 0 0 0 0 0 0 0 27 16 11 15 22 11
 1.985000E+02 10 0 0 0 0 0 0 0 0 1 0 0 27 11 21 13 21 10
 1.990000E+02 9 0 0 0 0 0 0 0 0 0 0 0 23 12 15 12 21 11
 1.995000E+02 5 0 0 0 0 0 0 0 0 0 0 0 17 14 17 21 16 23
 2.000000E+02 7 0 0 0 0 0 0 0 0 0 0 0 24 16 17 20 19 21
 2.005000E+02 6 0 0 0 0 0 0 0 0 0 0 0 24 15 20 18 22 15
 2.010000E+02 12 0 0 0 0 0 0 0 0 0 0 0 25 15 15 15 20 17
 2.015000E+02 8 0 0 0 0 0 0 0 0 0 0 0 25 12 12 19 11 19
 2.020000E+02 6 0 0 0 0 0 0 0 0 0 0 0 19 20 15 18 15 24
 2.025000E+02 11 0 0 0 0 0 0 0 0 0 0 0 12 13 18 18 14 14
 2.030000E+02 8 0 0 0 0 0 0 0 0 0 0 0 11 14 21 18 12 19
 2.035000E+02 9 0 0 0 0 0 0 0 0 0 0 0 14 16 22 13 10 16
 2.040000E+02 7 0 0 0 0 0 0 0 0 0 0 0 11 14 18 14 13 20
 2.045000E+02 7 0 0 0 0 0 0 0 0 0 0 0 13 19 22 16 13 22
 2.050000E+02 9 0 0 0 0 0 0 0 0 0 0 0 17 18 19 12 15 13
 2.055000E+02 6 0 0 0 0 0 0 0 0 0 0 0 15 18 16 11 20 12
 2.060000E+02 8 0 0 0 0 0 0 0 0 0 0 0 13 14 16 13 20 14
 2.065000E+02 3 0 0 0 0 0 0 0 0 1 0 0 9 16 15 17 22 14
 2.070000E+02 11 0 0 0 0 0 0 0 0 1 0 0 14 13 18 14 16 13
 2.075000E+02 7 0 0 0 0 0 0 0 0 0 0 0 20 17 15 8 16 21
 2.080000E+02 5 0 0 0 0 0 0 0 0 0 0 0 17 14 11 16 13 15
 2.085000E+02 5 0 0 0 0 0 0 0 0 0 0 0 17 13 11 15 18 18
 2.090000E+02 11 0 0 0 0 0 0 0 0 0 0 0 16 16 15 13 17 14
 2.095000E+02 12 0 0 0 0 0 0 0 0 0 0 0 13 14 16 14 18 17
 2.100000E+02 14 0 0 0 0 0 0 0 0 0 0 0 12 13 18 19 13 17
 2.105000E+02 8 0 0 0 0 0 0 0 0 0 0 0 11 12 22 12 16 18
 2.110000E+02 6 0 0 0 0 0 0 0 0 0 0 0 17 9 14 17 17 13
 2.115000E+02 3 0 0 0 0 0 0 0 0 0 0 0 20 11 18 12 16 12
 2.120000E+02 13 0 0 0 0 0 0 0 0 0 0 0 19 13 16 5 17 18
 2.125000E+02 7 0 0 0 0 0 0 0 0 0 0 0 19 23 22 6 18 15
 2.130000E+02 11 0 0 0 0 0 0 0 0 0 0 0 16 14 15 11 21 18
 2.135000E+02 8 0 0 0 0 0 0 0 0 0 0 0 16 8 16 11 16 17
 2.140000E+02 6 0 0 0 0 0 0 0 0 0 0 0 15 15 20 10 20 10
 2.145000E+02 9 0 0 0 0 0 0 0 0 0 0 0 22 13 12 20 17 14
 2.150000E+02 6 0 0 0 0 0 0 0 0 0 0 0 22 12 17 19 10 18
 2.155000E+02 8 0 0 0 0 0 0 0 0 0 0 0 13 14 16 17 16 18
 2.160000E+02 8 0 0 0 0 0 0 0 0 0 0 0 19 15 14 17 13 18
 2.165000E+02 9 0 0 0 0 0 0 0 0 0 0 0 25 19 14 16 11 16
 2.170000E+02 7 0 0 0 0 0 0 0 0 0 0 0 22 14 14 14 14 16
 2.175000E+02 9 0 0 0 0 0 0 0 0 0 0 0 22 17 11 15 12 14
 2.180000E+02 5 0 0 0 0 0 0 0 0 0 0 0 26 17 8 12 16 22
 2.185000E+02 10 0 0 0 0 0 0 0 0 0 0 0 25 15 17 13 10 12
 2.190000E+02 9 0 0 0 0 0 0 0 0 0 0 0 22 16 15 19 14 6
 2.195000E+02 7 0 0 0 0 0 0 0 0 0 0 0 21 14 13 15 15 6
 2.200000E+02 5 0 0 0 0 0 0 0 0 0 0 0 19 13 17 14 22 8
 2.205000E+02 13 0 0 0 0 0 0 0 0 0 0 0 19 12 15 21 23 14
 2.210000E+02 10 0 0 0 0 0 0 0 0 1 0 1 12 14 14 17 16 20
 2.215000E+02 11 0 0 0 0 0 0 0 0 1 0 0 19 21 18 14 18 9
 2.220000E+02 7 0 0 1 0 0 0 1 0 0 0 0 14 20 17 15 20 13
 2.225000E+02 10 0 0 0 0 0 0 0 0 1 0 0 14 18 17 14 22 10
 2.230000E+02 5 0 0 1 0 0 0 0 0 0 0 0 17 15 15 18 17 14
 2.235000E+02 8 0 0 0 0 0 0 0 0 1 0 0 18 16 13 19 15 16
 2.240000E+02 9 0 0 0 0 0 0 0 0 0 0 0 10 15 13 13 23 17
 2.245000E+02 10 0 0 0 0 0 0 0 0 0 0 0 20 14 18 16 18 16
 2.250000E+02 7 0 0 0 0 0 0 0 0 0 0 0 19 22 16 18 10 11
 2.255000E+02 14 0 0 0 0 0 0 0 0 1 0 0 21 24 16 21 8 9
 2.260000E+02 14 0 0 0 0 0 0 0 0 1 0 0 18 17 12 17 14 14
 2.265000E+02 6 0 0 0 0 0 0 0 0 1 1 0 12 14 12 23 13 14
 2.270000E+02 7 0 0 0 0 0 0 0 0 0 0 0 10 14 12 18 18 15
 2.275000E+02 8 0 0 0 0 0 0 0 0 2 0 0 11 16 14 18 18 15
 2.280000E+02 11 0 0 0 0 0 0 0 0 2 0 0 12 18 20 15 15 25
 2.285000E+02 11 0 0 0 0 0 0 0 0 2 0 0 13 16 13 13 20 20
 2.290000E+02 12 0 0 0 0 0 0 0 0 1 0 0 16 10 22 15 20 21
 2.295000E+02 15 0 0 0 0 0 0 0 0 1 0 0 18 17 17 13 28 14
 2.300000E+02 10 0 0 0 0 0 0 0 0 0 0 0 18 12 15 14 22 16
 2.305000E+02 4 0 0 1 0 0 0 0 0 0 0 0 25 15 13 11 17 17
 2.310000E+02 12 0 0 0 0 0 0 0 0 1 0 0 13 20 19 14 13 11
 2.315000E+02 5 0 0 0 0 0 0 0 0 0 0 0 15 17 15 14 20 17
 2.320000E+02 9 0 0 0 0 0 0 0 0 0 0 0 16 13 16 18 26 12
 2.325000E+02 12 0 0 0 0 0 0 0 0 0 0 0 19 22 21 17 20 11
 2.330000E+02 13 0 0 0 0 0 0 0 0 0 0 0 21 20 15 15 11 26
 2.335000E+02 11 0 0 0 0 0 0 0 0 0 0 1 21 19 22 12 8 18
 2.340000E+02 9 0 0 0 0 0 0 0 0 0 0 0 20 21 17 15 13 13
 2.345000E+02 12 0 0 0 0 0 0 0 0 0 0 0 22 16 16 20 13 22
 2.350000E+02 16 0 0 0 0 0 0 0 0 0 0 0 19 10 11 17 21 25
 2.355000E+02 13 0 0 0 0 0 0 0 0 0 0 0 16 15 15 20 19 19
 2.360000E+02 16 0 0 0 0 0 0 0 0 0 0 0 18 10 13 19 15 22
 2.365000E+02 12 0 0 0 0 0 0 0 0 0 0 0 19 17 17 20 19 15
 2.370000E+02 11 0 0 0 0 0 0 0 0 0 0 0 13 20 15 19 16 16
 2.375000E+02 10 0 0 0 0 0 0 0 0 0 0 0 15 15 13 15 17 22
 2.380000E+02 12 0 0 0 0 0 0 0 0 0 0 0 15 15 11 17 20 20
 2.385000E+02 8 0 0 0 0 0 0 0 0 0 0 0 18 17 13 21 19 18
 2.390000E+02 12 0 0 0 0 0 0 0 0 0 0 0 17 16 18 14 18 23
 2.395000E+02 13 0 0 0 0 0 0 0 0 0 0 0 8 26 17 15 14 13
 2.400000E+02 8 0 0 0 0 0 0 0 0 0 0 0 11 20 18 16 11 16
 2.405000E+02 11 0 0 0 0 0 0 0 0 1 0 0 13 20 21 20 15 14
 2.410000E+02 8 0 0 0 0 0 0 0 0 1 0 0 11 15 22 16 19 17
 2.415000E+02 16 0 0 0 0 0 0 0 0 1 0 0 14 15 17 14 15 11
 2.420000E+02 9 0 0 0 0 0 0 0 0 1 0 0 15 19 19 18 18 14
 2.425000E+02 10 0 0 0 0 0 0 0 0 0 0 0 17 22 21 15 21 16
 2.430000E+02 8 0 0 0 0 0 0 0 0 0 0 0 11 20 21 20 13 16
 2.435000E+02 13 0 0 0 0 0 0 0 0 0 0 0 12 17 20 19 14 23
 2.440000E+02 6 0 0 0 0 0 0 0 0 1 0 0 21 17 19 13 13 18
 2.445000E+02 6 0 0 0 0 0 0 0 0 0 1 0 13 10 21 10 16 11
 2.450000E+02 6 0 0 0 0 0 0 0 0 1 0 0 14 12 21 12 20 16
 2.455000E+02 14 0 0 0 0 0 0 0 0 1 0 0 16 14 23 15 24 12
 2.460000E+02 10 0 0 0 0 0 0 0 0 0 1 0 20 17 24 13 22 12
 2.465000E+02 8 0 0 0 0 0 0 0 0 1 0 0 16 16 16 17 23 12
 2.470000E+02 13 0 0 0 0 0 0 0 0 2 0 0 16 17 20 18 14 14
 2.475000E+02 8 0 0 0 0 0 0 0 0 1 1 0 17 16 24 13 14 13
 2.480000E+02 13 0 0 0 0 0 0 0 0 2 0 0 16 15 18 21 21 17
 2.485000E+02 12 0 0 0 0 0 0 0 0 1 0 0 18 18 16 18 16 14
 2.490000E+02 8 0 0 0 0 0 0 0 0 1 0 0 19 13 22 16 13 14
 2.495000E+02 12 0 0 0 0 0 0 0 0 0 0 0 14 14 12 14 16 21
 2.500000E+02 8 0 0 0 0 0 0 0 0 0 0 0 16 19 7 16 16 16
 2.505000E+02 1127 0 0 4 0 0 0 0 0 5 0 0 0 0 0 0 0 0
 2.510000E+02 1800 0 0 4 0 0 0 0 0 22 1 0 0 0 0 0 0 0
 2.515000E+02 2141 1 0 5 1 0 0 4 0 29 2 0 0 0 0 0 0 0
 2.520000E+02 2213 1 0 9 0 0 0 2 1 38 1 1 0 0 0 0 0 0
 2.525000E+02 964 2 0 11 1 0 0 3 0 33 1 1 0 0 0 0 0 0
 2.530000E+02 410 1 0 5 0 0 0 1 0 28 1 1 0 0 0 0 1 1
 2.535000E+02 189 0 0 4 0 0 1 1 0 16 0 3 1 2 1 2 0 1
 2.540000E+02 100 0 0 2 0 0 0 1 1 13 0 0 1 5 1 0 2 1
 2.545000E+02 1431 0 0 2 1 0 0 1 0 22 0 0 0 0 0 0 0 0
 2.550000E+02 1980 2 0 4 1 0 0 1 0 22 0 0 0 0 0 0 0 0
 2.555000E+02 2179 1 0 8 1 0 0 5 0 23 0 1 0 0 0 0 0 0
 2.560000E+02 2242 1 0 6 1 0 0 2 0 42 0 1 0 0 0 0 0 0
 2.565000E+02 947 1 0 5 0 0 0 3 0 34 1 1 0 0 0 0 0 0
 2.570000E+02 419 1 0 5 0 0 0 5 0 19 1 0 0 0 0 0 0 0
 2.575000E+02 189 1 0 0 0 0 0 2 0 21 1 0 0 0 0 0 0 1
 2.580000E+02 96 1 0 2 0 0 0 1 0 12 0 1 0 3 2 1 0 1
 2.585000E+02 1380 2 0 4 0 0 0 2 0 17 0 0 0 0 0 0 0 0
 2.590000E+02 1922 1 0 2 1 0 0 4 0 24 1 1 0 0 0 0 0 0
 2.595000E+02 2102 0 0 3 0 1 0 8 0 29 0 1 0 0 0 0 0 0
 2.600000E+02 2254 1 0 3 0 2 0 1 0 34 2 0 0 0 0 0 0 0
 2.605000E+02 931 3 0 0 0 1 0 6 0 26 1 3 0 0 0 0 0 0
 2.610000E+02 418 1 0 3 0 0 0 6 0 23 0 0 0 0 0 0 0 0
 2.615000E+02 177 2 0 1 0 3 0 1 0 20 0 0 1 0 1 0 0 0
 2.620000E+02 96 0 0 1 0 2 0 1 1 14 1 0 2 2 1 0 1 2
 2.625000E+02 1412 0 0 1 0 0 0 6 0 15 1 0 0 0 0 0 0 0
 2.630000E+02 1855 1 0 2 0 0 0 5 1 22 3 0 0 0 0 0 0 0
 2.635000E+02 2163 1 0 0 0 0 0 10 0 38 0 0 0 0 0 0 0 0
 2.640000E+02 2398 1 0 3 0 3 0 4 0 36 1 0 0 0 0 0 0 0
 2.645000E+02 1040 1 0 1 0 1 0 8 0 32 0 1 0 0 0 0 0 0
 2.650000E+02 443 0 0 2 0 0 0 7 0 30 0 0 0 0 0 0 0 0
 2.655000E+02 193 1 0 1 1 1 0 2 0 23 1 1 1 0 0 0 0 2
 2.660000E+02 109 1 0 0 0 0 0 1 0 21 0 1 3 1 1 3 2 1
 2.665000E+02 1373 0 0 0 0 1 0 1 1 15 0 1 0 0 0 0 0 0
 2.670000E+02 1970 0 0 0 0 0 0 3 0 29 0 1 0 0 0 0 0 0
 2.675000E+02 2161 1 0 1 0 2 0 5 0 28 0 1 0 0 0 0 0 0
 2.680000E+02 2311 0 0 1 0 2 0 7 0 32 1 1 0 0 0 0 0 0
 2.685000E+02 1015 0 0 0 0 4 0 3 1 28 2 0 0 0 0 0 0 0
 2.690000E+02 408 0 0 1 0 1 0 3 0 19 1 1 0 0 0 0 1 0
 2.695000E+02 182 1 0 0 0 0 0 3 0 18 0 1 0 1 0 0 1 0
 2.700000E+02 108 1 0 0 0 0 0 1 0 14 0 1 2 2 1 2 0 4
 2.705000E+02 1353 1 0 1 0 1 0 0 0 19 0 0 0 0 0 0 0 0
 2.710000E+02 1966 0 0 1 0 2 0 3 0 28 0 0 0 0 0 0 0 0
 2.715000E+02 2202 0 0 2 0 2 0 2 0 38 0 1 0 0 0 0 0 0
 2.720000E+02 2333 2 0 0 0 6 0 4 0 30 0 2 0 0 0 0 0 0
 2.725000E+02 1005 0 0 0 0 0 0 3 0 34 2 0 0 0 0 0 0 0
 2.730000E+02 429 0 0 1 0 3 0 3 0 28 0 0 0 1 0 0 0 0
 2.735000E+02 200 0 0 1 0 2 0 1 1 23 1 1 1 0 0 1 0 1
 2.740000E+02 100 0 0 0 0 3 0 3 0 16 1 0 1 0 3 0 2 5
 2.745000E+02 1405 0 0 3 0 1 0 4 0 20 0 0 0 0 0 0 0 0
 2.750000E+02 1962 1 0 1 0 0 0 8 0 21 2 0 0 0 0 0 0 0
 2.755000E+02 2171 2 0 1 0 0 0 5 0 40 2 1 0 0 0 0 0 0
 2.760000E+02 2207 0 0 4 0 4 0 6 0 39 0 0 0 0 0 0 0 0
 2.765000E+02 928 0 0 1 0 5 0 7 0 38 0 0 0 0 0 0 0 0
 2.770000E+02 414 1 0 2 0 4 0 5 0 26 0 1 1 0 2 0 0 0
 2.775000E+02 184 0 0 0 0 1 0 4 1 19 0 0 0 0 0 1 0 0
 2.780000E+02 92 0 0 0 0 0 0 3 0 13 0 0 1 1 2 4 1 1
 2.785000E+02 1312 1 0 1 0 0 0 2 0 20 0 0 0 0 0 0 0 0
 2.790000E+02 1879 1 0 1 0 1 0 1 0 31 0 0 0 0 0 0 0 0
 2.795000E+02 2081 2 0 0 0 4 0 6 0 31 0 0 0 0 0 0 0 0
 2.800000E+02 2133 0 0 1 0 2 0 10 0 31 2 1 0 0 0 0 0 0
 2.805000E+02 904 1 0 1 0 2 0 9 0 27 2 1 0 0 0 0 0 0
 2.810000E+02 409 1 0 1 0 2 0 3 0 26 0 1 0 1 0 0 0 0
 2.815000E+02 186 1 0 1 0 3 0 5 0 17 0 0 0 1 2 1 0 1
 2.820000E+02 90 0 0 0 0 1 0 1 0 20 0 0 0 0 1 2 1 0
 2.825000E+02 1337 1 0 1 0 2 0 0 1 21 0 0 0 0 1 0 0 0
 2.830000E+02 1869 1 0 1 0 0 0 2 0 30 0 0 0 0 0 0 0 0
 2.835000E+02 2181 1 0 4 0 4 0 5 0 30 1 1 0 0 0 0 0 0
 2.840000E+02 2227 1 0 1 0 1 0 5 0 39 2 1 0 0 0 0 0 0
 2.845000E+02 970 1 0 1 0 1 0 5 0 35 0 0 0 1 0 0 0 0
 2.850000E+02 436 1 0 1 0 1 0 9 0 28 0 0 0 1 0 0 0 0
 2.855000E+02 213 2 0 0 0 0 0 2 0 20 0 0 1 1 0 0 0 0
 2.860000E+02 128 0 0 1 0 2 0 1 0 17 0 0 0 0 2 0 4 3
 2.865000E+02 1369 0 0 0 0 1 0 4 0 16 2 0 0 0 0 0 0 0
 2.870000E+02 1930 0 0 0 0 4 0 4 0 20 3 0 0 0 0 0 0 0
 2.875000E+02 2212 2 0 0 0 1 0 4 1 33 0 0 0 0 0 0 0 0
 2.880000E+02 2295 0 0 0 0 2 0 4 0 36 0 0 0 0 0 0 0 0
 2.885000E+02 988 1 1 1 0 0 0 5 0 29 0 0 0 0 0 0 0 0
 2.890000E+02 421 0 0 1 0 3 0 5 0 22 0 0 0 0 0 0 0 0
 2.895000E+02 204 1 0 0 0 1 0 4 0 17 0 0 0 1 1 1 1 1
 2.900000E+02 102 0 0 0 0 0 0 4 0 15 0 0 3 1 1 2 3 1
 2.905000E+02 71 1 0 0 0 2 0 2 0 8 1 0 2 4 3 4 3 5
 2.910000E+02 49 0 0 0 0 0 0 0 0 6 0 0 5 3 3 13 1 4
 2.915000E+02 46 0 0 0 0 0 0 1 0 3 0 0 5 4 9 4 6 7
 2.920000E+02 46 0 0 0 0 0 0 0 0 1 0 0 6 10 3 12 13 8
 2.925000E+02 38 0 0 0 0 0 0 1 0 0 0 0 12 11 8 11 6 9
 2.930000E+02 25 0 0 0 0 0 0 0 0 1 0 0 11 11 8 13 10 8
 2.935000E+02 37 0 0 0 0 0 0 0 0 1 0 0 13 12 11 16 20 8
 2.940000E+02 39 0 0 0 0 0 0 0 0 0 0 0 13 13 11 12 14 14
 2.945000E+02 28 0 0 0 0 0 0 0 0 0 0 0 22 12 12 10 13 8
 2.950000E+02 13 0 0 0 0 0 0 0 0 1 0 0 10 15 7 22 13 16
 2.955000E+02 24 0 0 0 0 0 0 0 0 0 0 0 14 18 10 20 17 19
 2.960000E+02 27 0 0 0 0 0 0 0 0 0 0 0 13 11 16 21 13 17
 2.965000E+02 22 0 0 0 0 0 0 1 0 0 0 0 20 18 21 11 11 17
 2.970000E+02 25 0 0 0 0 0 0 0 0 2 0 0 15 18 17 16 15 8
 2.975000E+02 15 0 0 0 0 0 0 0 0 2 0 0 16 16 26 12 16 15
 2.980000E+02 17 1 0 0 0 0 0 0 0 2 0 0 19 18 20 14 18 19
 2.985000E+02 18 0 0 0 0 0 0 0 0 2 0 0 18 16 18 12 16 14
 2.990000E+02 29 0 0 0 0 0 0 0 0 3 0 0 19 19 23 11 19 11
 2.995000E+02 11 0 0 0 0 0 0 1 0 2 0 0 20 19 16 11 14 9
 3.000000E+02 22 0 0 1 0 0 0 0 0 1 0 0 16 17 12 22 15 18
 3.005000E+02 17 0 0 0 0 0 0 1 0 1 0 0 20 17 13 22 16 14
 3.010000E+02 20 0 0 0 0 0 0 0 0 1 0 0 16 12 21 18 11 17
 3.015000E+02 17 0 0 0 0 0 0 0 0 1 0 0 19 17 20 18 22 19
 3.020000E+02 15 0 0 0 0 0 0 0 0 0 0 0 15 21 25 19 16 30
 3.025000E+02 22 0 0 0 0 0 0 0 0 0 0 0 17 17 19 9 25 24
 3.030000E+02 20 0 0 0 0 0 0 0 0 0 0 0 19 28 22 10 21 25
 3.035000E+02 22 0 0 0 0 0 0 0 0 0 0 0 18 17 23 19 26 17
 3.040000E+02 25 0 0 1 0 0 0 0 0 0 0 0 16 23 22 21 19 12
 3.045000E+02 9 0 0 0 0 0 0 0 0 1 0 0 18 18 29 13 17 19
 3.050000E+02 14 0 1 0 0 0 0 0 0 0 0 0 15 18 18 21 20 23
 3.055000E+02 9 0 0 0 0 0 0 0 0 1 0 0 25 15 23 27 19 14
 3.060000E+02 10 0 0 0 0 0 0 0 0 0 0 1 14 16 16 25 21 14
 3.065000E+02 15 0 0 0 0 0 0 0 0 1 0 0 20 19 16 26 15 24
 3.070000E+02 14 0 0 0 0 0 0 0 0 0 0 0 19 16 18 23 17 17
 3.075000E+02 19 0 0 0 0 0 0 0 0 1 0 0 23 19 16 22 23 13
 3.080000E+02 15 0 0 1 0 0 0 0 0 0 0 0 11 22 16 29 21 17
 3.085000E+02 13 0 0 0 0 0 0 0 0 1 0 0 16 20 22 21 17 21
 3.090000E+02 15 0 0 0 0 0 0 0 0 0 0 0 18 20 20 22 22 20
 3.095000E+02 16 0 0 0 0 0 0 0 0 0 0 0 14 23 26 13 17 22
 3.100000E+02 14 0 0 0 0 0 0 0 0 0 0 0 17 26 23 23 23 21
 3.105000E+02 12 0 0 0 0 0 0 0 0 1 0 0 12 24 23 17 20 10
 3.110000E+02 11 0 0 0 0 0 0 0 0 0 0 0 16 27 15 21 21 24
 3.115000E+02 10 0 0 0 0 0 0 0 0 0 0 0 19 18 15 21 24 15
 3.120000E+02 11 0 0 0 0 0 0 0 0 0 0 0 22 24 16 18 21 22
 3.125000E+02 15 0 0 0 0 0 0 0 0 0 0 0 24 24 12 23 20 20
 3.130000E+02 8 0 0 0 0 0 0 0 0 0 0 0 19 13 11 24 23 24
 3.135000E+02 9 0 0 0 0 0 0 0 0 0 0 0 14 19 17 20 24 25
 3.140000E+02 13 0 0 0 0 0 0 0 0 0 0 0 12 26 20 25 23 17
 3.145000E+02 13 0 0 0 0 0 1 0 0 0 0 0 14 19 22 23 20 16
 3.150000E+02 7 0 0 0 0 0 0 0 0 0 0 1 16 19 20 25 20 13
 3.155000E+02 9 0 0 0 0 0 0 0 0 0 0 0 21 21 22 19 19 22
 3.160000E+02 10 0 0 0 0 0 0 0 0 0 0 0 18 18 22 19 17 17
 3.165000E+02 16 0 0 0 0 0 0 0 0 0 0 0 20 13 23 22 19 23
 3.170000E+02 10 0 0 0 0 0 0 0 0 0 0 0 24 18 18 21 16 18
 3.175000E+02 12 0 0 0 0 0 0 0 0 0 0 0 20 20 12 18 18 15
 3.180000E+02 12 0 0 0 0 0 0 0 0 0 0 0 23 16 19 21 21 12
 3.185000E+02 17 0 0 0 0 0 0 0 0 1 0 0 15 24 19 23 21 13
 3.190000E+02 7 0 0 1 0 0 0 0 0 1 0 0 18 16 12 16 22 22
 3.195000E+02 9 0 0 0 0 0 0 0 0 0 0 0 22 25 10 18 17 16
 3.200000E+02 12 0 0 0 0 0 0 0 0 0 0 0 20 20 14 24 24 18
 3.205000E+02 5 0 0 0 0 0 0 0 0 0 0 0 17 20 21 16 21 20
 3.210000E+02 15 0 0 0 0 0 0 0 0 0 0 0 27 16 18 16 19 17
 3.215000E+02 7 0 0 0 0 0 0 0 0 0 0 0 18 22 11 22 21 18
 3.220000E+02 11 0 0 0 0 0 0 0 0 0 0 0 27 17 14 20 13 13
 3.225000E+02 10 0 0 0 0 0 0 0 0 0 0 0 17 18 11 11 11 20
 3.230000E+02 12 0 0 0 0 0 0 0 0 0 0 0 15 20 14 16 17 24
 3.235000E+02 10 0 0 0 0 0 0 0 0 1 0 0 20 21 20 21 20 20
 3.240000E+02 9 0 0 0 0 0 0 0 0 1 0 0 16 14 18 16 20 15
 3.245000E+02 14 0 0 0 0 0 0 0 0 1 0 0 17 18 19 14 22 16
 3.250000E+02 10 0 0 0 0 0 0 0 0 0 0 0 16 15 22 12 22 20
 3.255000E+02 7 0 0 0 0 0 0 0 0 0 0 0 15 14 17 19 18 19
 3.260000E+02 11 0 0 0 0 0 0 0 0 0 0 0 15 16 17 16 19 21
 3.265000E+02 10 0 0 0 0 0 0 0 0 0 0 0 16 16 23 20 18 17
 3.270000E+02 7 0 0 0 0 0 0 0 0 0 0 0 11 29 20 12 15 14
 3.275000E+02 10 0 0 0 0 0 0 0 0 0 0 0 8 17 19 14 14 23
 3.280000E+02 11 0 0 0 0 0 0 0 0 0 0 0 7 17 20 15 13 21
 3.285000E+02 17 0 0 0 0 0 0 0 0 0 0 0 11 21 22 17 15 23
 3.290000E+02 8 0 0 0 0 0 0 0 0 0 0 0 19 21 17 18 12 18
 3.295000E+02 6 0 0 0 0 0 0 0 0 1 0 0 17 24 16 15 15 16
 3.300000E+02 15 0 0 0 0 0 0 0 0 0 0 0 18 20 22 16 10 14
 3.305000E+02 14 0 0 0 0 0 0 0 0 0 0 0 21 24 22 22 12 20
 3.310000E+02 13 0 0 0 0 0 0 0 0 0 0 0 23 20 14 16 11 16
 3.315000E+02 14 0 0 0 0 0 0 0 0 0 0 0 20 19 16 12 15 20
 3.320000E+02 10 0 0 0 0 0 0 0 0 0 0 0 26 21 16 14 17 15
 3.325000E+02 12 0 0 0 0 0 0 0 0 0 0 0 22 18 19 18 15 15
 3.330000E+02 8 0 0 0 0 0 0 0 0 0 0 0 22 12 30 18 15 21
 3.335000E+02 2 0 0 0 0 0 0 0 0 0 0 0 24 17 21 14 10 22
 3.340000E+02 6 0 0 0 0 0 0 0 0 0 0 0 25 14 22 13 17 25
 3.345000E+02 10 0 0 0 0 0 0 0 0 0 0 0 19 10 25 22 16 22
 3.350000E+02 8 0 0 0 0 0 0 0 0 0 0 0 14 13 25 18 19 20
 3.355000E+02 6 0 0 0 0 0 0 0 0 0 0 0 19 21 22 18 25 14
 3.360000E+02 13 0 0 0 0 0 0 0 0 0 0 0 23 18 17 17 19 14
 3.365000E+02 8 0 0 0 0 0 0 0 0 0 0 0 18 17 17 18 15 20
 3.370000E+02 13 0 0 0 0 0 0 0 0 0 0 0 19 13 11 20 18 22
 3.375000E+02 7 0 0 0 0 0 0 0 0 1 0 0 22 21 16 9 20 19
 3.380000E+02 9 0 0 0 0 0 0 0 0 0 0 0 17 20 17 12 17 22
 3.385000E+02 11 0 0 0 0 0 0 0 0 0 0 0 20 28 17 12 17 16
 3.390000E+02 10 0 0 0 0 0 0 0 0 0 0 0 17 21 23 11 17 16
 3.395000E+02 10 0 0 0 0 0 0 0 0 0 0 1 20 20 20 11 17 22
 3.400000E+02 11 0 0 0 0 0 0 0 0 0 0 0 12 15 19 17 18 27
 3.405000E+02 8 0 0 0 0 0 0 0 0 0 0 0 17 15 17 22 20 23
 3.410000E+02 9 0 0 0 0 0 0 0 0 1 0 0 16 16 16 22 20 12
 3.415000E+02 11 0 0 0 0 0 0 0 0 0 0 0 14 18 23 23 28 12
 3.420000E+02 12 0 0 0 0 0 0 0 0 0 0 0 18 17 20 20 21 14
 3.425000E+02 12 0 0 0 0 0 0 0 0 0 0 0 21 16 16 20 21 12
 3.430000E+02 13 0 0 0 0 0 0 0 0 0 0 0 19 15 16 17 23 12
 3.435000E+02 6 0 0 0 0 0 0 0 0 0 0 0 15 22 12 18 17 18
 3.440000E+02 5 0 0 0 0 0 0 0 0 1 0 0 17 22 10 20 20 13
 3.445000E+02 8 0 0 0 0 0 0 0 0 1 0 0 14 17 19 18 22 15
 3.450000E+02 11 0 0 1 0 0 0 0 0 1 0 0 19 15 16 15 20 16
 3.455000E+02 7 0 0 0 0 0 0 1 0 0 0 0 22 16 11 15 21 20
 3.460000E+02 11 0 0 1 0 0 0 0 0 0 0 0 16 15 16 21 18 16
 3.465000E+02 10 1 0 0 0 0 0 0 0 0 0 0 15 9 21 20 16 20
 3.470000E+02 10 0 0 0 0 0 0 0 0 1 0 0 17 14 27 21 14 17
 3.475000E+02 12 0 0 0 0 0 0 0 0 0 0 0 18 16 22 16 10 15
 3.480000E+02 6 0 0 0 0 0 0 0 0 0 0 0 16 20 14 18 16 16
 3.485000E+02 13 0 0 0 0 0 0 0 0 0 0 0 19 18 14 21 19 16
 3.490000E+02 7 0 0 0 0 0 0 0 0 1 0 0 18 18 18 20 16 18
 3.495000E+02 10 0 0 1 0 0 0 0 0 0 0 0 18 15 14 22 20 17
 3.500000E+02 13 0 0 0 0 0 0 0 0 1 0 0 27 12 15 23 21 17
 3.505000E+02 4 0 0 0 0 0 0 0 0 1 0 0 25 18 15 26 12 18
 3.510000E+02 8 0 0 0 0 0 0 1 0 0 0 0 22 16 13 21 12 20
 3.515000E+02 12 1 0 0 0 0 0 0 0 0 0 0 15 18 17 13 18 15
 3.520000E+02 12 0 0 0 0 0 0 0 0 2 0 0 12 19 25 14 17 22
 3.525000E+02 7 0 0 0 0 0 0 0 0 1 0 0 16 18 17 17 23 22
 3.530000E+02 13 0 0 0 0 0 0 0 0 1 0 0 17 16 11 16 21 22
 3.535000E+02 4 0 0 0 0 0 0 0 0 0 0 0 17 13 16 11 24 25
 3.540000E+02 6 0 0 0 0 0 0 0 0 0 0 0 22 18 18 12 13 19
 3.545000E+02 8 0 0 0 0 0 0 0 0 0 0 0 19 24 15 11 11 16
 3.550000E+02 13 0 0 0 0 0 0 0 0 0 0 0 12 22 18 17 14 10
 3.555000E+02 7 0 0 0 0 0 0 0 0 0 0 0 17 23 16 21 15 15
 3.560000E+02 7 0 0 0 0 0 0 0 0 0 0 0 21 17 15 20 11 19
 3.565000E+02 11 0 0 0 0 0 0 0 0 0 0 0 21 16 13 19 14 17
 3.570000E+02 13 0 0 0 0 0 0 0 0 0 0 0 16 16 20 14 16 18
 3.575000E+02 13 0 0 0 0 0 0 0 0 0 0 0 16 14 19 19 14 13
 3.580000E+02 8 0 0 0 0 0 0 0 0 0 0 0 23 13 16 16 15 17
 3.585000E+02 10 0 0 0 0 0 0 0 0 0 0 0 19 13 16 17 19 18
 3.590000E+02 8 0 0 0 0 0 0 0 0 0 0 0 23 12 23 14 13 13
 3.595000E+02 8 0 0 0 0 0 0 0 0 0 0 0 15 19 24 13 20 15
 3.600000E+02 7 0 0 0 0 0 0 0 0 0 0 0 12 17 16 15 21 13
 3.605000E+02 5 0 0 0 0 0 0 0 0 0 0 0 13 32 11 18 19 15
 3.610000E+02 10 0 0 0 0 0 0 0 0 0 0 0 12 23 15 17 28 19
 3.615000E+02 10 0 0 0 0 0 0 0 0 0 0 0 13 15 13 8 24 23
 3.620000E+02 7 0 0 0 0 0 0 0 0 0 0 0 15 14 12 22 17 22
 3.625000E+02 8 0 0 0 0 0 0 0 0 0 0 0 18 20 17 19 19 16
 3.630000E+02 12 0 0 0 0 0 0 0 0 1 0 0 17 19 7 25 11 18
 3.635000E+02 8 0 0 0 0 0 0 0 0 0 0 0 24 19 9 21 17 16
 3.640000E+02 11 0 0 0 0 0 0 0 0 0 0 0 18 15 11 26 13 14
 3.645000E+02 12 0 0 0 0 0 0 0 0 0 0 0 19 12 16 22 16 16
 3.650000E+02 7 0 0 0 0 0 0 0 0 0 0 0 19 5 22 18 7 25
 3.655000E+02 11 0 0 1 0 0 0 0 0 0 0 0 19 11 24 19 12 19
 3.660000E+02 8 0 0 0 0 0 0 0 0 1 0 0 19 10 24 18 13 18
 3.665000E+02 3 0 0 0 0 0 0 0 0 0 0 0 18 19 19 18 17 16
 3.670000E+02 8 0 0 0 0 0 0 0 0 0 0 0 18 18 17 11 10 13
 3.675000E+02 6 0 0 0 0 0 0 0 0 0 0 0 23 21 18 17 11 13
 3.680000E+02 11 0 0 0 0 0 0 0 0 0 0 0 17 13 17 23 13 13
 3.685000E+02 8 0 0 0 0 0 0 0 0 0 0 0 19 16 18 22 17 14
 3.690000E+02 9 0 0 0 0 0 0 0 0 0 0 0 17 13 24 17 14 14
 3.695000E+02 11 0 0 0 0 0 0 0 0 0 0 0 17 16 19 18 18 22
 3.700000E+02 3 0 0 0 0 0 0 0 0 0 0 0 16 16 22 16 16 15
 3.705000E+02 11 0 0 0 0 0 0 0 0 0 0 0 13 12 20 11 26 13
 3.710000E+02 8 0 0 0 0 0 0 0 0 1 0 0 14 13 18 18 18 17
 3.715000E+02 8 0 0 0 0 0 0 0 0 1 0 0 12 17 17 15 23 13
 3.720000E+02 9 0 0 0 0 0 0 1 0 0 0 0 14 20 16 15 23 19
 3.725000E+02 9 0 0 0 0 0 0 0 0 0 0 0 13 18 20 19 14 11
 3.730000E+02 11 0 0 0 0 0 0 0 0 0 0 0 19 18 20 19 18 12
 3.735000E+02 7 0 0 0 0 0 0 0 0 0 0 0 16 13 15 15 15 17
 3.740000E+02 5 0 0 0 0 0 0 0 0 1 0 0 19 13 16 16 15 18
 3.745000E+02 8 0 0 0 0 0 0 0 0 0 0 0 9 15 19 16 17 18
 3.750000E+02 6 0 0 0 0 0 0 0 0 0 0 0 14 20 13 15 12 17
 3.755000E+02 8 0 0 0 0 0 0 0 0 0 0 0 14 18 17 19 20 18
 3.760000E+02 8 0 0 0 0 0 0 0 0 0 0 0 13 16 10 19 14 15
 3.765000E+02 12 0 0 0 0 0 0 0 0 0 0 0 15 13 10 7 17 17
 3.770000E+02 5 0 0 0 0 0 0 0 0 0 0 0 11 11 16 12 19 23
 3.775000E+02 7 0 0 0 0 0 0 0 0 1 0 0 10 17 17 12 19 24
 3.780000E+02 5 0 0 0 0 0 0 0 0 1 0 0 13 18 14 19 15 13
 3.785000E+02 11 0 0 0 0 0 0 0 0 0 0 0 14 14 13 15 10 14
 3.790000E+02 12 0 0 0 0 0 0 0 0 0 0 0 16 12 15 18 14 13
 3.795000E+02 12 0 0 0 0 0 0 0 0 0 0 0 16 14 18 9 16 16
 3.800000E+02 4 0 0 0 0 0 0 0 0 0 0 0 21 13 16 11 16 16
 3.805000E+02 9 0 0 0 0 0 0 0 0 1 0 0 26 13 22 16 14 15
 3.810000E+02 4 0 0 0 0 0 0 0 0 1 0 0 24 13 14 15 12 16
 3.815000E+02 2 0 0 0 0 0 0 0 0 1 0 0 18 16 20 15 16 25
 3.820000E+02 4 0 0 0 0 0 0 0 0 0 0 0 12 18 18 19 14 18
 3.825000E+02 11 0 0 0 0 0 0 0 0 0 0 0 12 21 19 18 18 14
 3.830000E+02 12 0 0 0 0 0 0 0 0 0 0 0 14 24 18 18 11 18
 3.835000E+02 13 0 0 0 0 0 0 0 0 0 0 0 22 17 12 15 12 15
 3.840000E+02 8 0 0 0 0 0 0 0 0 0 0 0 18 14 16 16 18 16
 3.845000E+02 9 0 0 0 0 0 0 0 0 0 0 0 17 12 19 15 19 20
 3.850000E+02 6 0 0 0 0 0 0 0 0 0 0 0 14 11 22 16 24 21
 3.855000E+02 18 0 0 0 0 0 0 0 0 0 0 0 9 15 21 13 22 19
 3.860000E+02 5 0 0 0 0 0 0 0 0 0 0 0 12 19 19 18 19 12
 3.865000E+02 7 0 0 0 0 0 0 0 0 0 0 0 17 17 23 9 17 18
 3.870000E+02 11 0 0 0 0 0 0 0 0 0 0 0 15 17 25 12 12 16
 3.875000E+02 9 0 0 0 0 0 0 0 0 0 0 0 13 20 28 11 18 12
 3.880000E+02 6 0 0 0 0 0 0 0 0 0 0 0 15 26 19 15 15 15
 3.885000E+02 9 0 0 0 0 0 0 0 0 0 0 0 17 24 17 24 17 14
 3.890000E+02 10 0 0 0 0 0 0 0 0 0 0 0 10 19 11 20 22 12
 3.895000E+02 8 0 0 0 0 0 0 0 0 0 0 0 12 22 13 15 19 13
 3.900000E+02 11 0 0 0 0 0 0 0 0 0 0 0 16 22 9 15 22 16
 3.905000E+02 7 0 0 0 0 0 0 0 0 0 0 0 17 22 13 12 21 17
 3.910000E+02 12 0 0 0 0 0 0 0 0 0 0 0 25 23 17 14 18 16
 3.915000E+02 13 0 0 0 0 0 0 0 0 0 0 0 21 24 15 13 12 12
 3.920000E+02 8 0 0 0 0 0 0 0 0 0 0 0 20 12 18 19 15 16
 3.925000E+02 9 0 0 0 0 0 0 0 0 0 0 0 11 8 17 22 17 7
 3.930000E+02 10 0 0 0 0 0 0 0 0 1 0 0 10 12 22 20 13 11
 3.935000E+02 10 0 0 0 0 0 0 0 0 0 0 0 12 15 21 20 15 13
 3.940000E+02 14 0 0 0 0 0 0 0 0 0 0 0 9 12 16 19 18 18
 3.945000E+02 13 0 0 0 0 0 0 0 0 0 0 0 9 17 10 18 21 15
 3.950000E+02 10 0 0 0 0 0 0 0 0 0 0 0 11 14 17 22 17 17
 3.955000E+02 9 0 0 0 0 0 0 0 0 0 0 0 17 11 18 24 16 17
 3.960000E+02 9 0 0 0 0 0 0 0 0 0 0 0 24 13 16 21 10 12
 3.965000E+02 5 0 0 0 0 0 0 0 0 0 0 0 19 15 19 24 11 11
 3.970000E+02 8 0 0 0 0 0 0 0 0 0 0 0 22 15 12 20 13 16
 3.975000E+02 8 0 0 0 0 0 0 0 0 0 0 0 12 19 11 22 13 20
 3.980000E+02 8 0 0 0 0 0 0 0 0 0 0 0 7 19 16 20 16 15
 3.985000E+02 5 0 0 0 0 0 0 0 0 0 0 0 17 17 19 22 12 13
 3.990000E+02 8 0 0 0 0 0 0 0 0 0 0 0 16 19 19 18 13 18
 3.995000E+02 9 0 0 0 0 0 0 0 0 0 0 0 12 18 24 16 16 11
 4.000000E+02 7 0 0 0 0 0 0 0 0 0 0 0 17 21 20 12 20 15
 4.005000E+02 8 0 0 0 0 0 0 0 0 0 0 0 18 21 21 12 21 17
 4.010000E+02 6 0 0 0 0 0 0 0 0 0 0 0 17 16 18 16 23 9
 4.015000E+02 11 0 0 0 0 0 0 0 0 0 0 0 21 15 13 18 18 11
 4.020000E+02 6 0 0 1 0 0 0 0 0 0 0 0 13 18 18 13 21 11
 4.025000E+02 8 0 0 0 0 0 0 0 0 0 0 0 17 18 19 11 14 12
 4.030000E+02 5 0 0 0 0 0 0 0 0 0 0 0 14 15 17 12 16 13
 4.035000E+02 8 0 0 0 0 0 0 0 0 0 0 0 17 23 14 9 18 18
 4.040000E+02 12 0 0 0 0 0 0 0 0 0 0 0 21 19 16 14 11 15
 4.045000E+02 11 0 0 0 0 0 0 0 0 0 0 0 19 17 15 17 13 17
 4.050000E+02 6 0 0 0 0 0 0 0 0 1 0 0 19 15 19 13 14 16
 4.055000E+02 6 0 0 0 0 0 0 0 0 1 0 0 15 15 14 8 15 21
 4.060000E+02 7 0 0 0 0 0 0 0 0 0 0 0 16 10 14 8 16 18
 4.065000E+02 9 0 0 0 0 0 0 0 0 0 0 0 11 10 15 10 28 21
 4.070000E+02 7 0 0 1 0 0 0 0 0 0 0 0 16 7 12 15 23 13
 4.075000E+02 4 0 0 0 0 0 0 0 0 1 0 0 18 15 18 18 14 15
 4.080000E+02 7 0 0 0 0 0 0 1 0 0 0 0 14 18 19 18 16 18
 4.085000E+02 12 0 0 1 0 0 0 0 0 0 0 0 17 12 17 18 15 18
 4.090000E+02 7 0 0 0 0 0 0 0 0 1 0 0 13 9 19 15 18 18
 4.095000E+02 5 0 0 1 0 0 0 0 0 0 0 0 14 7 13 17 17 15
 4.100000E+02 6 0 0 0 0 0 0 0 0 0 0 0 15 16 27 15 13 11
 4.105000E+02 9 0 0 0 0 0 0 0 0 0 0 0 15 16 20 20 11 15
 4.110000E+02 7 0 0 0 0 0 0 0 0 0 0 0 23 20 21 20 17 17
 4.115000E+02 6 0 0 0 0 0 0 0 0 0 0 0 22 19 17 14 18 11
 4.120000E+02 10 0 0 0 0 0 0 0 0 1 0 0 30 25 15 14 16 8
 4.125000E+02 11 0 0 0 0 0 0 0 0 1 0 0 23 20 12 13 19 18
 4.130000E+02 5 0 0 0 0 0 0 0 0 0 0 0 22 16 15 10 15 21
 4.135000E+02 6 0 0 0 0 0 0 0 0 0 0 0 22 20 12 14 15 19
 4.140000E+02 9 0 0 0 0 0 0 0 0 0 0 0 21 20 14 13 19 19
 4.145000E+02 10 0 0 0 0 0 0 0 0 1 0 0 14 16 8 12 22 21
 4.150000E+02 6 0 0 0 0 0 0 0 0 1 0 0 16 16 15 8 19 19
 4.155000E+02 11 0 0 0 0 0 0 0 0 0 0 1 20 10 14 14 22 15
 4.160000E+02 8 0 0 0 1 0 0 0 0 0 0 0 18 10 20 19 22 18
 4.165000E+02 12 0 0 0 0 0 0 0 0 0 0 0 11 14 16 14 19 14
 4.170000E+02 5 0 0 0 0 0 0 0 0 0 0 0 12 11 22 21 20 15
 4.175000E+02 8 0 0 0 0 0 0 0 0 0 0 0 11 18 15 13 17 20
 4.180000E+02 11 0 0 0 0 0 0 0 0 0 0 0 15 14 17 16 15 21
 4.185000E+02 5 0 0 0 0 0 0 0 0 0 0 0 18 15 13 15 25 16
 4.190000E+02 3 0 0 0 0 0 0 0 0 0 0 0 19 15 16 20 24 12
 4.195000E+02 6 0 0 0 0 0 0 1 0 0 0 0 14 24 18 18 21 5
 4.200000E+02 11 0 0 0 0 0 0 1 0 0 0 0 20 16 18 14 17 11
 4.205000E+02 8 0 0 0 0 0 0 1 0 0 0 0 18 16 21 12 19 18
 4.210000E+02 9 0 0 0 0 0 0 0 0 1 0 0 18 11 21 22 18 16
 4.215000E+02 8 0 0 0 0 0 0 0 0 1 0 0 21 11 25 16 20 16
 4.220000E+02 5 0 0 0 0 0 0 0 0 0 0 0 15 13 16 22 23 19
 4.225000E+02 10 0 0 0 0 0 0 0 0 0 0 0 10 19 21 19 21 19
 4.230000E+02 9 0 0 0 0 0 0 0 0 0 0 0 10 24 16 20 17 16
 4.235000E+02 9 0 0 0 0 0 0 0 0 1 0 0 11 18 9 20 16 20
 4.240000E+02 5 0 0 0 0 0 0 0 0 0 0 0 11 16 15 22 12 16
 4.245000E+02 9 0 0 0 0 0 0 0 0 0 0 0 16 19 19 17 23 12
 4.250000E+02 7 0 0 0 0 0 0 0 0 0 0 0 13 24 17 15 18 12
 4.255000E+02 12 0 0 0 0 0 0 0 0 0 0 0 14 27 18 17 14 16
 4.260000E+02 7 0 0 0 0 0 0 0 0 0 0 0 17 20 16 19 13 16
 4.265000E+02 8 0 0 0 0 0 0 0 0 0 0 0 18 20 17 19 12 23
 4.270000E+02 6 0 0 0 0 0 0 0 0 0 0 0 16 19 12 21 11 20
 4.275000E+02 6 0 0 0 0 0 0 0 0 0 0 0 16 25 16 19 16 22
 4.280000E+02 7 0 0 0 0 0 0 0 0 0 0 0 18 22 14 16 19 21
 4.285000E+02 10 0 0 0 0 0 0 0 0 0 0 0 14 24 14 14 14 18
 4.290000E+02 5 0 0 0 0 0 0 0 0 0 0 0 22 17 21 22 14 15
 4.295000E+02 8 0 0 0 0 0 0 0 0 0 0 0 19 15 16 21 12 23
 4.300000E+02 6 0 0 0 0 0 0 0 0 0 0 0 18 18 24 18 5 18
 4.305000E+02 9 0 0 0 0 0 0 0 0 0 0 0 17 14 22 13 19 15
 4.310000E+02 5 0 0 0 0 0 0 0 0 0 0 0 24 14 17 16 15 18
 4.315000E+02 7 0 0 0 0 0 0 0 0 0 0 0 23 18 18 16 15 24
 4.320000E+02 12 0 0 0 0 0 0 0 0 0 0 0 22 16 14 24 20 16
 4.325000E+02 7 0 0 0 0 0 0 0 0 0 0 0 23 20 15 22 21 15
 4.330000E+02 5 0 0 0 0 0 0 0 0 0 0 0 23 14 11 18 16 21
 4.335000E+02 7 0 0 0 0 0 0 0 0 0 0 0 21 17 9 22 12 19
 4.340000E+02 8 0 0 0 0 0 0 0 0 0 0 0 18 15 12 21 17 15
 4.345000E+02 10 0 0 0 0 0 0 0 0 0 0 0 16 18 10 21 22 14
 4.350000E+02 8 0 0 0 0 0 0 0 0 0 0 0 21 15 15 20 18 13
 4.355000E+02 6 0 0 0 0 0 0 0 0 0 0 0 22 13 25 18 15 14
 4.360000E+02 9 0 0 0 0 0 0 0 0 0 0 0 15 13 23 13 14 18
 4.365000E+02 14 0 0 0 0 0 0 0 0 0 0 0 17 14 18 18 18 14
 4.370000E+02 6 0 0 0 0 0 0 0 0 0 0 0 18 16 18 18 12 15
 4.375000E+02 11 0 0 0 0 0 0 0 0 0 0 0 14 17 22 18 17 11
 4.380000E+02 10 0 0 0 0 0 0 0 0 0 0 0 18 18 17 17 19 19
 4.385000E+02 6 0 0 0 0 0 0 0 0 0 0 0 20 12 21 22 24 9
 4.390000E+02 5 0 0 0 0 0 0 0 0 0 0 0 26 18 18 16 17 12
 4.395000E+02 7 0 0 0 0 0 0 0 0 0 0 0 25 15 14 15 20 20
 4.400000E+02 8 0 0 0 0 0 0 0 0 0 0 0 22 17 11 22 11 11
 4.405000E+02 7 0 0 0 0 0 0 0 0 0 0 0 20 16 16 15 11 26
 4.410000E+02 4 0 0 0 0 0 0 0 0 0 0 0 20 13 17 18 12 24
 4.415000E+02 10 0 0 0 0 0 0 0 0 0 0 0 13 15 22 17 17 18
 4.420000E+02 8 0 0 0 0 0 0 0 0 0 0 0 11 18 23 23 21 18
 4.425000E+02 12 0 0 0 0 0 0 0 0 0 0 0 11 18 15 25 15 18
 4.430000E+02 10 0 0 0 0 0 0 0 0 0 0 0 19 28 16 21 10 16
 4.435000E+02 2 0 0 0 0 0 0 0 0 0 0 0 14 24 19 16 12 17
 4.440000E+02 8 0 0 0 0 0 0 0 0 0 0 0 11 23 25 15 10 13
 4.445000E+02 11 0 0 0 0 0 0 0 0 1 0 0 14 24 21 17 14 18
 4.450000E+02 7 0 0 0 0 0 0 0 0 0 0 0 16 17 20 14 15 16
 4.455000E+02 10 0 0 0 0 0 0 0 0 0 0 0 17 13 18 22 19 16
 4.460000E+02 7 0 0 0 0 0 0 0 0 0 0 0 26 13 21 14 19 15
 4.465000E+02 10 0 0 0 0 0 0 0 0 0 0 0 26 12 16 11 23 20
 4.470000E+02 3 0 0 0 0 0 0 0 0 0 0 0 21 9 16 15 25 19
 4.475000E+02 6 0 0 0 0 0 0 0 0 0 0 0 16 12 13 14 19 17
 4.480000E+02 8 0 0 0 0 0 0 0 0 0 0 0 21 14 10 14 20 19
 4.485000E+02 12 0 0 0 0 0 0 0 0 0 0 0 17 13 11 14 23 20
 4.490000E+02 8 0 0 0 0 0 0 0 0 0 0 0 25 16 17 12 19 16
 4.495000E+02 9 0 0 0 0 0 0 0 0 0 0 0 22 15 17 16 15 19
 4.500000E+02 6 0 0 0 0 0 0 0 0 0 0 0 25 10 24 19 16 18
 4.505000E+02 5 0 0 0 0 0 0 0 0 0 0 0 24 11 22 18 12 14
 4.510000E+02 5 0 0 0 0 0 0 0 0 0 0 0 19 11 23 13 17 12
 4.515000E+02 9 0 0 0 0 0 0 0 0 1 0 0 15 16 19 13 21 14
 4.520000E+02 12 0 0 0 0 0 0 0 0 1 0 0 13 17 18 13 23 17
 4.525000E+02 4 0 0 0 0 0 0 0 0 1 0 0 15 16 14 7 23 23
 4.530000E+02 11 0 0 0 0 0 0 0 0 1 0 0 20 18 16 9 17 19
 4.535000E+02 5 0 0 0 0 0 0 1 0 1 0 0 22 22 13 13 15 25
 4.540000E+02 6 0 0 1 0 0 0 0 0 0 0 0 18 11 18 22 10 18
 4.545000E+02 6 0 0 0 0 0 0 0 0 1 0 0 23 14 23 17 10 24
 4.550000E+02 6 0 0 0 0 0 0 0 0 1 0 0 23 18 23 16 13 21
 4.555000E+02 9 0 0 0 0 0 0 0 0 0 0 0 17 20 15 14 21 21
 4.560000E+02 8 0 0 0 0 0 0 0 0 0 0 0 14 22 22 13 19 19
 4.565000E+02 7 0 0 0 0 0 0 0 0 0 0 0 18 16 20 15 15 24
 4.570000E+02 10 0 0 0 0 0 0 0 0 0 0 0 21 19 17 19 21 18
 4.575000E+02 5 0 0 0 0 0 0 0 0 0 0 0 17 15 24 14 20 19
 4.580000E+02 6 0 0 0 0 0 0 0 0 0 0 0 20 11 16 18 16 19
 4.585000E+02 7 0 0 0 0 0 0 0 0 0 0 0 14 13 17 17 22 19
 4.590000E+02 7 0 0 0 0 0 0 0 0 0 0 0 22 15 13 18 22 20
 4.595000E+02 14 0 0 0 0 0 0 0 0 0 0 0 23 21 17 19 18 14
 4.600000E+02 11 0 0 0 0 0 0 0 0 0 0 0 21 17 22 22 15 12
 4.605000E+02 8 0 0 0 0 0 0 0 0 0 0 0 20 25 21 19 11 15
 4.610000E+02 7 0 0 0 0 0 0 0 0 0 0 0 18 24 16 20 13 23
 4.615000E+02 7 0 0 0 0 0 0 0 0 0 0 0 16 14 21 23 13 18
 4.620000E+02 8 0 0 0 0 0 0 0 0 0 0 0 17 11 14 18 15 14
 4.625000E+02 9 0 0 0 0 0 0 0 0 0 0 0 17 16 14 18 17 23
 4.630000E+02 11 0 0 0 0 0 0 0 0 0 0 0 20 19 13 15 8 18
 4.635000E+02 5 0 0 0 0 0 0 0 0 0 0 0 19 18 18 16 14 15
 4.640000E+02 4 0 0 0 0 0 0 1 0 0 0 0 23 15 15 14 17 14
 4.645000E+02 5 0 0 0 0 0 0 0 0 1 0 0 25 17 9 18 14 16
 4.650000E+02 12 0 0 0 0 0 0 0 0 1 0 0 25 21 13 23 16 17
 4.655000E+02 10 0 0 0 0 0 0 0 0 0 0 0 22 14 13 16 21 15
 4.660000E+02 7 0 0 0 0 0 0 0 0 1 0 0 21 14 19 12 19 17
 4.665000E+02 5 0 0 0 0 0 0 0 0 1 0 0 19 18 15 11 19 21
 4.670000E+02 11 0 0 0 0 0 0 0 0 2 0 0 21 15 20 10 15 17
 4.675000E+02 4 0 0 1 0 0 0 0 0 1 0 0 22 12 16 13 20 13
 4.680000E+02 5 0 0 0 0 0 0 0 0 1 0 0 18 20 11 17 18 17
 4.685000E+02 8 0 0 0 0 1 0 0 0 0 0 0 22 19 19 15 18 10
 4.690000E+02 6 0 0 0 0 0 0 0 0 1 0 0 16 16 13 20 16 12
 4.695000E+02 10 0 0 0 0 0 0 0 0 1 0 0 22 15 16 20 19 15
 4.700000E+02 10 0 0 0 0 0 0 0 0 0 0 0 18 12 20 17 18 15
 4.705000E+02 10 0 0 0 0 0 0 0 0 0 0 0 16 16 16 19 17 23
 4.710000E+02 10 0 0 0 0 0 0 0 0 0 0 0 18 14 14 11 18 14
 4.715000E+02 7 0 0 0 0 0 0 0 0 0 0 0 18 17 14 12 18 15
 4.720000E+02 4 0 0 0 0 0 0 0 0 0 0 0 20 21 20 15 16 17
 4.725000E+02 11 0 0 0 0 0 0 0 0 0 0 0 21 16 17 15 15 23
 4.730000E+02 12 0 0 0 0 0 0 0 0 0 0 0 17 17 22 15 17 20
 4.735000E+02 11 0 0 1 0 0 0 0 0 0 0 0 19 16 14 14 22 18
 4.740000E+02 10 0 0 1 0 0 0 0 0 0 0 0 21 23 12 18 23 19
 4.745000E+02 7 0 0 0 0 0 0 1 0 0 0 0 23 12 16 22 11 19
 4.750000E+02 6 0 0 1 0 0 0 0 0 0 0 0 24 10 14 19 10 18
 4.755000E+02 10 0 0 0 0 0 0 0 0 1 0 0 16 10 21 17 14 21
 4.760000E+02 12 0 0 0 0 0 0 1 0 0 0 0 18 14 19 15 12 25
 4.765000E+02 9 0 0 0 0 0 0 0 0 1 0 0 16 11 23 17 22 20
 4.770000E+02 11 0 0 0 0 0 0 0 0 1 0 0 20 14 20 17 20 19
 4.775000E+02 15 0 0 0 0 0 0 0 0 1 0 0 23 11 23 22 19 10
 4.780000E+02 8 0 0 0 0 0 0 0 0 1 0 0 18 10 16 19 18 16
 4.785000E+02 9 0 0 0 0 0 0 1 0 0 0 0 21 12 16 20 18 12
 4.790000E+02 11 0 0 0 0 0 0 0 0 1 0 0 14 15 16 21 18 18
 4.795000E+02 11 0 0 0 0 0 0 0 0 1 0 0 19 16 20 16 19 15
 4.800000E+02 6 0 0 0 0 0 0 0 0 0 0 0 19 23 18 15 11 17
 4.805000E+02 8 0 0 0 0 0 0 0 0 0 0 0 14 19 18 19 13 15
 4.810000E+02 13 0 0 0 0 0 0 0 0 0 0 0 17 18 12 13 18 20
 4.815000E+02 9 0 0 0 0 0 0 0 0 0 0 0 22 19 16 16 20 19
 4.820000E+02 8 0 0 0 0 0 0 0 0 0 0 0 10 20 24 17 15 17
 4.825000E+02 11 0 0 0 0 0 0 0 0 0 0 0 14 18 20 16 11 22
 4.830000E+02 6 0 0 0 0 0 0 0 0 0 0 0 17 25 20 18 13 17
 4.835000E+02 12 0 0 0 0 0 0 0 0 0 0 0 19 25 17 13 15 18
 4.840000E+02 5 0 0 0 0 0 0 0 0 0 0 0 13 20 11 16 18 23
 4.845000E+02 11 0 0 0 0 0 0 0 0 0 0 0 13 16 14 15 18 28
 4.850000E+02 7 0 0 0 0 0 0 0 0 0 0 0 18 12 20 11 20 19
 4.855000E+02 10 0 0 0 0 0 0 0 0 0 0 0 19 13 18 14 18 22
 4.860000E+02 6 0 0 0 0 0 0 0 0 0 0 0 21 15 15 16 23 16
 4.865000E+02 7 0 0 0 0 0 0 0 0 0 0 0 23 15 19 26 14 19
 4.870000E+02 8 0 0 1 0 0 0 0 0 0 0 0 15 7 17 23 18 24
 4.875000E+02 7 0 0 0 0 0 0 1 0 1 0 0 25 11 13 17 12 21
 4.880000E+02 5 0 0 0 0 0 0 0 0 1 0 0 21 18 15 18 13 14
 4.885000E+02 3 0 0 0 0 0 0 0 0 3 0 0 13 17 12 22 19 22
 4.890000E+02 6 0 0 0 0 0 0 0 0 2 0 0 10 24 9 19 16 22
 4.895000E+02 5 0 0 1 0 0 0 0 0 0 0 0 12 26 12 14 21 20
 4.900000E+02 8 1 0 0 0 0 0 0 0 1 0 0 14 23 13 17 17 18
 4.905000E+02 3 0 0 0 0 0 0 0 0 2 0 0 13 18 18 24 13 15
 4.910000E+02 13 0 0 0 0 0 0 0 0 0 0 0 14 10 19 13 18 20
 4.915000E+02 9 0 0 0 0 0 0 0 0 0 0 0 10 11 21 18 20 17
 4.920000E+02 13 0 0 0 0 0 0 1 0 0 0 0 12 19 14 16 19 19
 4.925000E+02 6 0 0 0 0 0 0 0 0 0 0 0 14 13 16 18 19 24
 4.930000E+02 9 0 0 0 0 0 0 0 0 0 0 0 20 10 15 22 10 25
 4.935000E+02 13 0 0 0 0 0 0 0 0 0 0 0 17 17 13 21 14 18
 4.940000E+02 9 0 0 0 0 0 0 1 0 0 0 0 14 20 18 23 12 20
 4.945000E+02 10 0 0 0 0 0 0 0 0 0 0 0 17 22 19 22 19 19
 4.950000E+02 4 0 0 0 0 0 0 0 0 1 0 0 17 20 24 16 11 16
 4.955000E+02 10 0 0 0 0 0 0 0 0 1 0 0 13 23 22 15 18 11
 4.960000E+02 11 0 0 0 0 0 0 0 0 1 0 0 13 22 21 18 17 9
 4.965000E+02 13 0 0 0 0 0 0 0 0 1 0 0 12 15 20 24 20 15
 4.970000E+02 8 0 0 0 0 0 0 0 0 0 0 0 9 16 17 18 16 18
 4.975000E+02 5 0 0 0 0 0 0 0 0 0 0 0 12 18 19 20 15 23
 4.980000E+02 8 0 0 0 0 0 0 0 0 0 0 0 8 22 14 23 13 18
 4.985000E+02 6 0 0 0 0 0 0 0 0 0 0 0 12 22 15 21 12 16
 4.990000E+02 11 0 0 0 0 0 0 0 0 0 0 0 10 22 18 15 16 21
 4.995000E+02 7 0 0 0 0 0 0 0 0 0 0 0 11 20 13 9 18 18
 5.000000E+02 7 0 0 0 0 0 0 0 0 0 0 0 15 18 16 14 15 18
 5.005000E+02 3 0 0 0 0 0 0 0 0 0 0 0 13 13 20 13 22 12
 5.010000E+02 12 0 0 0 0 0 0 0 0 0 0 0 17 17 18 9 16 15
 5.015000E+02 7 0 0 0 0 0 0 0 0 0 0 0 12 15 21 10 14 19
 5.020000E+02 10 0 0 0 0 0 0 0 0 0 0 0 15 17 21 12 9 17
 5.025000E+02 12 0 0 0 0 0 0 0 0 0 0 0 16 16 18 9 12 11
 5.030000E+02 2 0 0 0 0 0 0 0 0 0 0 0 20 16 17 13 11 12
 5.035000E+02 10 0 0 0 0 0 0 0 0 0 0 0 15 16 17 19 16 14
 5.040000E+02 8 0 0 0 0 0 0 0 0 0 0 0 16 17 13 19 18 12
 5.045000E+02 7 0 0 0 0 0 0 0 0 0 0 0 18 15 15 16 15 19
 5.050000E+02 10 0 0 0 0 0 0 0 0 0 0 0 12 9 17 12 17 25
 5.055000E+02 6 0 0 0 0 0 0 0 0 1 0 0 14 13 15 11 19 26
 5.060000E+02 7 0 0 0 0 0 0 0 0 0 0 0 13 13 19 12 21 15
 5.065000E+02 11 0 0 0 0 0 0 0 0 0 0 0 11 19 15 18 22 10
 5.070000E+02 10 0 0 0 0 0 0 0 0 0 0 0 21 16 15 19 18 10
 5.075000E+02 6 0 0 0 0 0 0 0 0 0 0 0 20 12 18 22 13 11
 5.080000E+02 10 0 0 0 0 0 0 0 0 0 0 0 17 12 12 26 14 17
 5.085000E+02 7 0 0 0 0 0 0 0 0 0 0 0 16 14 17 17 17 20
 5.090000E+02 12 0 0 0 0 0 0 0 0 0 0 0 11 11 23 18 21 15
 5.095000E+02 6 0 0 0 0 0 0 0 0 0 0 0 13 12 16 17 19 15
 5.100000E+02 10 0 0 0 0 0 0 0 0 0 0 0 21 13 12 17 16 17
 5.105000E+02 12 0 0 0 0 0 0 0 0 0 0 0 19 11 9 18 12 23
 5.110000E+02 9 0 0 0 0 0 0 0 0 1 0 0 14 22 12 18 13 19
 5.115000E+02 9 0 0 0 0 0 0 0 0 2 0 0 12 11 9 23 14 14
 5.120000E+02 6 0 0 0 0 0 0 0 0 1 0 0 17 8 17 26 16 16
 5.125000E+02 7 0 0 0 0 0 0 0 0 0 0 0 8 15 16 27 12 13
 5.130000E+02 3 0 0 0 0 0 0 0 0 0 0 0 18 21 14 16 9 17
 5.135000E+02 11 0 0 0 0 0 0 0 0 0 0 0 21 17 12 22 19 12
 5.140000E+02 8 0 0 0 0 0 0 0 0 0 0 0 12 21 16 18 17 10
 5.145000E+02 7 0 0 0 0 0 0 0 0 0 0 0 12 23 11 20 17 18
 5.150000E+02 8 0 0 0 0 0 0 0 0 0 0 0 11 14 14 24 18 13
 5.155000E+02 8 0 0 0 0 0 0 0 0 0 0 0 12 14 14 25 16 11
 5.160000E+02 4 0 0 0 0 0 0 0 0 0 0 0 15 18 13 16 21 11
 5.165000E+02 8 0 0 0 0 0 0 1 0 0 0 0 18 13 15 20 21 18
 5.170000E+02 18 0 0 0 0 0 0 0 0 1 0 0 13 14 23 17 22 13
 5.175000E+02 5 0 0 0 0 0 0 0 0 0 0 0 13 15 18 14 18 13
 5.180000E+02 5 0 0 0 0 0 0 0 0 0 0 0 13 16 16 15 15 20
 5.185000E+02 12 0 0 0 0 0 0 0 0 0 0 0 14 14 13 11 20 17
 5.190000E+02 10 0 0 0 0 0 0 0 0 0 0 0 14 19 19 11 17 15
 5.195000E+02 7 0 0 0 0 0 0 0 0 0 0 0 16 20 11 11 15 24
 5.200000E+02 9 0 0 0 0 0 0 0 0 1 0 0 16 23 13 10 12 19
 5.205000E+02 14 0 0 0 0 0 0 0 0 0 0 0 19 27 12 15 5 18
 5.210000E+02 12 0 0 0 0 0 0 0 0 0 0 0 15 25 18 11 10 15
 5.215000E+02 3 0 0 0 0 0 0 0 0 0 0 0 18 18 15 17 12 13
 5.220000E+02 11 0 0 0 0 0 0 0 0 0 0 0 19 11 19 17 14 12
 5.225000E+02 10 0 0 0 0 0 0 0 0 0 0 0 20 20 18 17 11 12
 5.230000E+02 5 0 0 0 0 0 0 0 0 0 0 0 19 17 20 14 13 15
 5.235000E+02 7 0 0 0 0 0 0 0 0 0 0 0 15 18 17 14 15 15
 5.240000E+02 10 0 0 0 0 0 0 1 0 0 0 0 10 23 23 15 12 14
 5.245000E+02 13 0 0 0 0 0 0 1 0 0 0 0 8 19 13 16 11 19
 5.250000E+02 10 0 0 0 0 0 0 0 0 1 0 0 16 7 14 9 11 26
 5.255000E+02 11 0 0 0 0 0 0 1 0 0 0 0 16 16 10 12 12 30
 5.260000E+02 13 0 0 0 0 0 0 0 0 1 0 0 14 16 14 9 13 25
 5.265000E+02 9 0 0 0 0 0 0 0 0 0 0 0 11 17 17 11 14 20
 5.270000E+02 7 0 0 0 0 0 0 0 0 0 0 0 18 15 13 10 12 19
 5.275000E+02 15 0 0 0 0 0 0 0 0 0 0 0 18 13 17 19 12 14
 5.280000E+02 6 0 0 0 0 0 0 0 0 0 0 0 16 11 16 17 13 18
 5.285000E+02 8 0 0 0 0 0 0 0 0 0 0 0 17 14 21 20 12 17
 5.290000E+02 7 0 0 0 0 0 0 0 0 0 0 0 21 22 19 14 8 14
 5.295000E+02 9 0 0 0 0 0 0 0 0 0 0 0 16 14 17 19 7 14
 5.300000E+02 10 0 0 0 0 0 0 0 0 0 0 0 19 14 14 16 7 20
 5.305000E+02 10 0 0 0 0 0 0 0 0 0 0 0 14 18 20 15 13 22
 5.310000E+02 8 0 0 0 0 0 0 0 0 0 0 0 11 19 17 20 16 16
 5.315000E+02 3 0 0 0 0 0 0 0 0 0 0 0 17 18 14 18 23 11
 5.320000E+02 4 0 0 0 0 0 0 0 0 0 0 0 17 18 15 18 24 7
 5.325000E+02 12 0 0 0 0 0 0 0 0 0 0 0 17 19 19 18 20 9
 5.330000E+02 11 0 0 0 0 0 0 0 0 0 0 0 14 22 17 15 20 11
 5.335000E+02 6 0 0 0 0 0 0 0 0 0 0 0 17 20 17 14 20 9
 5.340000E+02 5 0 0 0 0 0 0 0 0 0 0 0 25 23 13 14 12 18
 5.345000E+02 6 0 0 0 0 0 0 0 0 0 0 0 22 18 20 13 13 18
 5.350000E+02 8 0 0 0 0 0 0 0 0 0 0 0 16 17 19 14 16 14
 5.355000E+02 13 0 0 0 0 0 0 0 0 0 0 0 21 14 17 12 15 13
 5.360000E+02 11 0 0 0 0 0 0 0 0 1 0 0 14 16 21 13 18 14
 5.365000E+02 7 0 0 0 0 0 0 0 0 1 0 0 14 16 19 17 23 9
 5.370000E+02 9 0 0 0 0 0 0 1 0 0 0 0 14 20 15 19 22 12
 5.375000E+02 7 0 0 1 0 0 0 0 0 0 0 0 17 26 17 18 21 15
 5.380000E+02 6 0 0 0 0 0 0 0 0 0 0 0 12 20 15 19 26 19
 5.385000E+02 6 0 0 0 0 0 0 0 0 0 0 0 13 16 13 21 24 17
 5.390000E+02 13 0 0 0 0 0 0 0 0 0 0 0 15 15 13 9 23 18
 5.395000E+02 5 0 0 0 0 0 0 1 0 0 0 0 19 13 13 16 22 17
 5.400000E+02 15 0 0 1 0 0 0 0 0 1 0 0 16 16 15 15 19 20
 5.405000E+02 6 0 0 0 0 0 0 0 0 1 0 0 14 17 17 21 16 16
 5.410000E+02 10 0 0 0 0 1 0 0 0 0 0 0 17 30 13 20 14 14
 5.415000E+02 5 0 0 0 0 0 0 1 0 0 0 0 11 20 16 20 12 21
 5.420000E+02 8 0 0 0 0 0 0 0 0 2 0 0 19 14 24 14 17 18
 5.425000E+02 7 0 0 0 0 0 0 0 0 0 0 0 15 17 24 16 17 20
 5.430000E+02 3 0 0 0 0 0 0 0 0 0 0 0 19 16 14 15 21 18
 5.435000E+02 10 0 0 0 0 0 0 0 0 0 0 0 12 21 17 14 14 18
 5.440000E+02 9 0 0 0 0 0 0 0 0 0 0 0 15 21 14 17 16 19
 5.445000E+02 7 0 0 0 0 0 0 0 0 0 0 0 14 15 13 15 20 17
 5.450000E+02 8 0 0 0 0 0 0 0 0 0 0 0 17 19 12 17 14 18
 5.455000E+02 16 0 0 0 0 0 0 0 0 0 0 0 12 22 20 18 16 17
 5.460000E+02 7 0 0 0 0 0 0 0 0 0 0 0 15 24 24 22 17 16
 5.465000E+02 7 0 0 0 0 0 0 0 0 0 0 0 10 21 14 19 14 18
 5.470000E+02 13 0 0 0 0 0 0 0 0 0 0 0 13 14 14 21 17 21
 5.475000E+02 6 0 0 0 0 0 0 0 0 0 0 0 10 14 16 18 21 12
 5.480000E+02 14 0 0 0 0 0 0 0 0 0 0 0 16 10 25 16 19 14
 5.485000E+02 7 0 0 0 0 0 0 0 0 0 0 0 14 16 25 19 15 17
 5.490000E+02 6 0 0 0 0 0 0 0 0 0 0 0 16 13 27 15 14 17
 5.495000E+02 9 0 0 0 0 0 0 0 0 0 0 0 8 13 25 17 28 14
 5.500000E+02 10 0 0 0 0 0 0 0 0 0 0 0 6 21 19 13 25 13
 5.505000E+02 10 0 0 0 0 0 0 0 0 1 0 0 9 26 17 17 17 12
 5.510000E+02 9 0 0 0 0 0 0 0 0 0 0 0 23 15 22 16 15 13
 5.515000E+02 8 0 0 0 0 0 0 0 0 0 0 0 24 11 14 19 17 18
 5.520000E+02 7 0 0 0 0 0 0 0 0 0 0 0 13 18 11 18 18 17
 5.525000E+02 9 0 0 0 0 0 0 0 0 0 0 0 15 17 18 19 18 19
 5.530000E+02 8 0 0 0 0 0 0 0 0 1 0 0 16 20 13 22 17 22
 5.535000E+02 10 0 0 0 0 0 0 0 0 0 0 0 17 14 15 13 17 20
 5.540000E+02 10 0 0 0 0 0 0 0 0 0 0 0 20 18 20 10 23 17
 5.545000E+02 7 0 0 0 0 0 0 0 0 0 0 0 14 21 17 18 22 14
 5.550000E+02 7 0 0 0 0 0 0 0 0 0 0 0 19 15 18 13 16 21
 5.555000E+02 9 0 0 0 0 0 0 0 0 0 0 0 20 19 18 15 9 26
 5.560000E+02 11 0 0 0 0 0 0 0 0 0 0 0 20 21 16 11 16 15
 5.565000E+02 12 0 0 0 0 0 0 0 0 0 0 0 14 17 13 14 12 21
 5.570000E+02 17 0 0 0 0 0 0 0 0 0 0 0 6 11 16 17 13 20
 5.575000E+02 6 0 0 0 0 0 0 0 0 0 0 0 20 19 14 21 14 17
 5.580000E+02 10 0 0 0 0 0 0 0 0 0 0 0 24 20 21 13 12 19
 5.585000E+02 11 0 0 0 0 0 0 0 0 0 0 0 26 18 15 18 22 16
 5.590000E+02 11 0 0 1 0 0 0 0 0 0 0 0 15 26 15 16 21 13
 5.595000E+02 7 0 0 0 0 0 0 0 0 1 0 0 16 23 21 11 19 13
 5.600000E+02 6 0 0 0 0 0 0 0 0 0 0 0 16 14 18 14 22 14
 5.605000E+02 12 0 0 0 0 0 0 0 0 0 0 0 19 11 13 15 21 12
 5.610000E+02 6 0 0 0 0 0 0 0 0 0 0 0 10 20 16 20 19 21
 5.615000E+02 7 0 0 0 0 0 0 0 0 0 0 0 17 18 14 23 15 18
 5.620000E+02 7 0 0 0 0 0 0 0 0 0 0 0 17 13 18 23 14 12
 5.625000E+02 7 0 0 0 0 0 0 0 0 0 0 0 15 21 21 22 10 12
 5.630000E+02 7 0 0 0 0 0 0 0 0 0 0 0 27 19 13 20 23 13
 5.635000E+02 10 0 0 0 0 0 0 0 0 0 0 0 16 13 16 21 18 13
 5.640000E+02 9 0 0 1 0 0 0 0 0 0 0 0 11 12 18 22 26 16
 5.645000E+02 6 0 0 1 0 0 0 0 0 0 0 0 14 15 17 20 20 16
 5.650000E+02 14 0 0 0 0 0 0 0 0 1 0 0 14 14 17 18 18 11
 5.655000E+02 5 0 0 0 0 0 0 0 0 1 0 0 22 25 15 19 16 13
 5.660000E+02 4 0 0 0 0 0 0 0 0 2 0 0 15 21 10 17 19 13
 5.665000E+02 13 0 0 0 0 0 0 0 0 2 0 0 15 14 9 17 21 18
 5.670000E+02 6 0 0 0 0 0 0 0 0 2 0 0 14 20 14 23 15 19
 5.675000E+02 7 0 0 0 0 0 0 0 0 1 0 0 23 16 19 21 16 18
 5.680000E+02 2 0 0 0 0 0 0 1 0 0 0 0 21 17 17 21 13 15
 5.685000E+02 5 0 0 0 0 0 0 0 0 1 0 0 19 12 13 22 12 15
 5.690000E+02 13 0 0 1 0 0 0 0 0 0 0 0 24 13 15 17 17 18
 5.695000E+02 8 0 0 0 0 0 0 0 0 1 0 0 19 21 15 16 18 13
 5.700000E+02 7 0 0 0 0 0 0 0 0 0 0 0 15 23 10 21 14 20
 5.705000E+02 10 0 0 0 0 0 0 0 0 0 0 0 22 23 14 21 8 15
 5.710000E+02 7 0 0 0 0 0 0 0 0 0 0 0 16 15 11 21 15 19
 5.715000E+02 9 0 0 0 0 0 0 0 0 0 0 0 13 16 16 18 14 14
 5.720000E+02 11 0 0 0 0 0 0 0 0 0 0 0 13 22 17 16 13 18
 5.725000E+02 15 0 0 0 0 0 0 0 0 0 0 0 15 22 20 12 16 20
 5.730000E+02 8 0 0 0 0 0 0 1 0 1 0 0 14 17 15 15 14 21
 5.735000E+02 5 0 0 0 0 0 0 1 0 0 0 0 12 12 21 16 20 20
 5.740000E+02 5 0 0 0 0 0 0 0 0 1 0 0 19 16 15 15 21 20
 5.745000E+02 8 0 0 0 0 0 0 0 0 1 0 0 20 18 16 17 18 16
 5.750000E+02 10 0 0 0 0 0 0 0 0 1 0 0 21 14 13 17 13 16
 5.755000E+02 6 0 0 0 0 0 0 0 0 1 0 0 17 9 10 20 12 22
 5.760000E+02 10 0 0 0 0 0 0 0 0 1 0 0 18 17 8 19 16 19
 5.765000E+02 10 0 0 0 0 0 0 0 0 1 0 0 23 19 16 22 20 14
 5.770000E+02 10 1 0 0 0 0 0 0 0 0 0 0 19 21 10 18 22 21
 5.775000E+02 7 0 0 0 0 0 0 0 0 1 0 0 19 13 15 21 21 17
 5.780000E+02 7 0 0 0 0 0 0 0 0 1 0 0 23 19 18 22 19 17
 5.785000E+02 7 0 0 0 0 0 0 0 0 1 0 0 21 15 13 17 21 25
 5.790000E+02 17 0 0 0 0 0 0 0 0 0 0 0 17 19 13 16 14 24
 5.795000E+02 13 0 0 0 0 0 0 0 0 0 0 0 17 10 19 15 14 22
 5.800000E+02 5 0 0 0 0 0 0 0 0 0 0 0 15 12 24 15 17 15
 5.805000E+02 9 0 0 0 0 0 0 0 0 0 0 0 20 15 21 22 15 19
 5.810000E+02 10 0 0 0 0 0 0 0 0 0 0 0 15 21 18 22 15 15
 5.815000E+02 7 0 0 0 0 0 0 0 0 0 0 0 14 24 21 16 20 15
 5.820000E+02 10 0 0 0 0 0 0 0 0 0 0 0 15 17 14 18 20 17
 5.825000E+02 8 0 0 0 0 0 0 0 0 0 0 0 16 16 12 19 17 20
 5.830000E+02 9 0 0 0 0 0 0 0 0 0 0 0 22 15 8 19 14 20
 5.835000E+02 4 0 0 0 0 0 0 0 0 0 0 0 15 16 12 21 13 16
 5.840000E+02 5 0 0 0 0 0 0 0 0 0 0 0 18 21 11 17 14 18
 5.845000E+02 9 0 0 0 0 0 0 0 0 0 0 0 18 18 18 19 9 16
 5.850000E+02 10 0 0 0 0 0 0 2 0 1 0 0 14 17 22 14 13 19
 5.855000E+02 10 0 0 0 0 0 0 0 0 1 0 0 20 13 14 17 18 20
 5.860000E+02 10 0 0 0 0 0 0 0 0 1 0 0 18 14 12 18 18 16
 5.865000E+02 11 0 0 0 0 0 0 0 0 0 0 0 16 15 17 15 16 14
 5.870000E+02 9 0 0 0 0 0 0 0 0 0 0 0 30 18 14 13 18 18
 5.875000E+02 11 0 0 0 0 0 0 0 0 0 0 0 22 18 19 18 20 12
 5.880000E+02 13 0 0 0 0 1 0 0 0 1 0 0 20 15 15 13 18 12
 5.885000E+02 4 0 0 0 0 0 0 1 0 2 0 0 20 17 17 18 16 15
 5.890000E+02 8 0 0 0 0 0 0 1 0 1 0 0 15 30 21 15 14 18
 5.895000E+02 8 0 0 0 0 0 0 0 0 1 0 0 10 21 19 18 17 17
 5.900000E+02 6 0 0 0 0 0 0 0 0 1 0 0 15 18 13 16 13 21
 5.905000E+02 13 0 0 0 0 0 0 0 0 1 0 0 19 14 14 17 19 17
 5.910000E+02 7 0 0 0 0 0 0 0 0 1 0 0 14 13 13 13 15 25
 5.915000E+02 7 0 0 0 0 0 0 0 0 0 0 0 14 15 14 14 21 19
 5.920000E+02 10 0 0 0 0 0 0 0 0 0 0 0 19 15 15 21 16 11
 5.925000E+02 9 0 0 0 0 0 0 0 0 0 0 0 19 15 21 16 15 14
 5.930000E+02 6 0 0 0 0 0 0 0 0 0 0 0 14 16 20 12 15 11
 5.935000E+02 11 0 0 1 0 0 0 0 0 1 0 0 16 14 14 15 15 18
 5.940000E+02 4 0 0 2 0 0 0 0 0 0 0 0 19 14 12 20 13 20
 5.945000E+02 10 0 0 0 0 0 0 0 0 1 0 0 17 14 15 19 13 13
 5.950000E+02 7 0 0 0 0 0 0 0 0 0 0 0 22 18 20 16 11 18
 5.955000E+02 11 0 0 0 0 0 0 0 0 1 0 0 19 19 17 13 19 18
 5.960000E+02 8 0 0 0 0 0 0 0 0 1 0 0 12 17 13 17 17 18
 5.965000E+02 6 0 0 1 0 0 0 0 0 0 0 0 14 17 23 18 13 19
 5.970000E+02 10 0 0 0 0 0 0 0 0 0 0 0 19 12 12 16 15 16
 5.975000E+02 5 0 0 0 0 0 0 0 0 0 0 0 22 14 17 24 12 19
 5.980000E+02 8 0 0 0 0 0 0 0 0 0 0 0 18 16 17 20 11 23
 5.985000E+02 4 0 0 0 0 0 0 0 0 0 0 0 18 14 18 26 12 19
 5.990000E+02 9 0 0 0 0 0 0 0 0 0 0 0 19 12 25 25 14 14
 5.995000E+02 13 0 0 0 0 0 0 0 0 0 0 0 15 18 22 18 10 12
 6.000000E+02 8 0 0 0 0 0 0 0 0 0 0 0 12 16 27 18 13 13
 6.005000E+02 9 0 0 0 0 0 0 0 0 0 0 0 15 12 25 17 12 19
 6.010000E+02 9 0 0 0 0 0 0 0 0 0 0 0 10 9 25 18 15 19
 6.015000E+02 5 0 0 0 0 0 0 0 0 0 0 0 12 15 15 18 13 15
 6.020000E+02 10 0 0 0 0 0 0 0 0 0 0 0 11 17 20 16 17 16
 6.025000E+02 7 0 0 0 0 0 0 0 0 0 0 0 10 18 19 21 21 14
 6.030000E+02 5 0 0 0 0 0 0 0 0 0 0 0 17 23 14 19 18 14
 6.035000E+02 4 0 0 0 0 0 0 0 0 0 0 0 21 18 20 14 25 13
 6.040000E+02 7 0 0 0 0 0 0 0 0 0 0 0 22 17 14 14 14 14
 6.045000E+02 15 0 0 0 0 0 0 0 0 0 0 0 25 17 12 17 14 14
 6.050000E+02 7 0 0 0 0 0 0 0 0 1 0 0 24 19 13 20 13 19
 6.055000E+02 11 0 0 0 0 0 0 0 0 1 0 0 18 18 16 17 13 15
 6.060000E+02 1 0 0 0 0 0 0 0 0 1 0 0 23 25 14 18 12 12
 6.065000E+02 4 0 0 0 0 0 0 0 0 1 0 0 19 19 14 22 15 16
 6.070000E+02 6 0 0 0 0 0 0 0 0 1 0 0 16 18 11 18 23 20
 6.075000E+02 7 0 0 0 0 0 0 1 0 0 0 0 16 20 12 11 12 18
 6.080000E+02 9 0 0 0 0 0 0 0 0 0 0 0 22 11 19 13 13 9
 6.085000E+02 10 0 0 0 0 0 0 0 0 0 0 0 15 18 16 13 17 17
 6.090000E+02 11 0 0 0 0 0 0 0 0 0 0 0 19 15 15 18 15 16
 6.095000E+02 11 0 0 0 0 0 0 0 0 0 0 0 22 14 11 18 14 19
 6.100000E+02 6 0 0 0 0 0 0 0 0 0 0 0 19 16 14 20 16 17
 6.105000E+02 10 0 0 0 0 0 0 0 0 0 0 0 14 18 17 27 12 22
 6.110000E+02 8 0 0 0 0 0 0 0 0 0 0 0 13 14 21 16 12 17
 6.115000E+02 10 0 0 0 0 0 0 0 0 0 0 0 17 19 20 14 12 15
 6.120000E+02 9 0 0 0 0 0 0 0 0 0 0 0 18 17 18 11 13 22
 6.125000E+02 6 0 0 1 0 0 0 0 0 0 0 0 16 16 19 13 14 24
 6.130000E+02 9 0 0 0 0 0 0 0 0 0 0 0 13 18 23 16 12 24
 6.135000E+02 9 0 0 0 0 0 0 0 0 0 0 0 18 21 14 15 19 17
 6.140000E+02 9 0 0 0 0 0 0 0 0 0 0 0 19 15 17 16 17 19
 6.145000E+02 6 0 0 0 0 0 0 0 0 0 0 0 12 18 16 17 13 17
 6.150000E+02 12 0 0 0 0 0 0 0 0 0 0 0 16 16 15 20 21 20
 6.155000E+02 5 0 0 0 0 0 0 0 0 1 0 0 20 20 11 15 21 16
 6.160000E+02 5 0 0 1 0 0 0 0 0 0 0 0 17 21 14 20 18 13
 6.165000E+02 10 0 0 0 0 0 0 0 0 0 0 0 20 14 21 20 21 18
 6.170000E+02 5 0 0 0 0 0 0 0 0 0 0 0 22 15 15 15 18 16
 6.175000E+02 6 0 0 0 0 0 0 0 0 0 0 0 17 14 12 19 18 16
 6.180000E+02 11 0 0 0 0 0 0 0 0 0 0 0 14 9 15 16 19 12
 6.185000E+02 10 0 0 0 0 0 0 0 0 0 0 0 21 12 16 21 13 17
 6.190000E+02 7 0 0 0 0 0 0 0 0 0 0 0 20 17 19 15 15 22
 6.195000E+02 5 0 0 0 0 0 0 0 0 0 0 0 22 17 15 16 14 21
 6.200000E+02 14 0 0 0 0 0 0 0 0 1 0 0 15 20 15 14 16 23
 6.205000E+02 8 0 0 0 0 0 0 0 0 0 0 0 14 19 17 16 16 19
 6.210000E+02 9 0 0 0 0 0 0 0 0 0 0 0 11 16 20 14 20 19
 6.215000E+02 3 0 0 0 0 0 0 0 0 0 0 0 17 15 22 18 17 14
 6.220000E+02 8 0 0 0 0 0 0 0 0 0 0 0 21 19 20 15 19 12
 6.225000E+02 11 0 0 0 0 0 0 0 0 0 0 0 16 17 19 22 22 11
 6.230000E+02 10 0 0 0 0 0 0 0 0 0 0 0 21 20 13 14 20 9
 6.235000E+02 8 0 0 0 0 0 0 0 0 0 0 0 16 21 9 18 17 13
 6.240000E+02 12 0 0 0 0 0 0 0 0 0 0 0 17 18 12 18 18 14
 6.245000E+02 8 0 0 0 0 0 0 0 0 0 0 0 21 19 14 20 11 13
 6.250000E+02 10 0 0 0 0 0 0 0 0 0 0 0 24 18 12 17 15 19
 6.255000E+02 6 0 0 0 0 0 0 0 0 0 0 0 20 17 14 19 15 15
 6.260000E+02 8 0 0 0 0 0 0 0 0 0 0 0 15 20 17 26 12 10
 6.265000E+02 7 0 0 0 0 0 0 0 0 0 0 0 14 18 10 22 17 13
 6.270000E+02 6 0 0 0 0 0 0 0 0 0 0 0 11 19 17 14 22 17
 6.275000E+02 5 0 0 0 0 0 0 0 0 0 0 0 11 22 15 18 14 19
 6.280000E+02 3 0 0 0 0 0 0 1 0 0 0 0 15 16 15 15 22 10
 6.285000E+02 11 0 0 0 0 0 0 0 0 1 0 0 20 12 11 14 25 14
 6.290000E+02 9 0 0 0 0 0 0 1 0 0 0 0 19 12 19 15 15 14
 6.295000E+02 10 0 0 0 0 0 0 1 0 0 0 0 24 12 14 12 16 18
 6.300000E+02 9 0 0 0 0 0 0 0 0 0 0 0 25 12 12 13 18 21
 6.305000E+02 10 0 0 0 0 0 0 0 0 0 0 0 24 18 15 17 13 20
 6.310000E+02 5 0 0 0 0 0 0 0 0 0 0 0 23 15 12 19 15 17
 6.315000E+02 7 0 0 0 0 0 0 0 0 0 0 0 13 14 16 16 11 14
 6.320000E+02 7 0 0 0 0 0 0 0 0 0 0 0 17 11 15 20 14 10
 6.325000E+02 11 0 0 0 0 0 0 0 0 0 0 0 24 16 10 18 16 17
 6.330000E+02 7 0 0 0 0 0 0 0 0 0 0 0 26 12 9 22 19 16
 6.335000E+02 5 0 0 0 0 0 0 0 0 0 0 0 25 12 10 15 19 15
 6.340000E+02 8 0 0 0 0 0 0 0 0 0 0 0 15 16 16 15 14 22
 6.345000E+02 2 0 0 0 0 0 0 0 0 0 0 0 13 21 14 9 17 18
 6.350000E+02 6 0 0 0 0 0 0 0 0 0 0 0 14 19 18 11 12 18
 6.355000E+02 7 0 0 0 0 0 0 0 0 0 0 0 14 14 18 11 12 23
 6.360000E+02 4 0 0 0 0 0 0 0 0 0 0 0 19 12 18 15 14 19
 6.365000E+02 8 0 0 0 0 0 0 0 0 0 0 0 12 15 16 18 10 23
 6.370000E+02 2 0 0 0 0 0 0 0 0 0 0 0 9 11 13 17 16 17
 6.375000E+02 5 0 0 0 0 0 0 0 0 0 0 0 16 12 13 16 15 21
 6.380000E+02 9 0 0 0 0 0 0 0 0 0 0 0 15 21 13 12 16 17
 6.385000E+02 6 0 0 0 0 0 0 0 0 1 0 0 16 15 12 9 15 17
 6.390000E+02 7 0 0 1 0 0 0 0 0 0 0 0 17 18 9 16 15 14
 6.395000E+02 8 0 0 1 0 0 0 0 0 0 0 0 22 21 16 15 16 10
 6.400000E+02 9 0 0 0 0 0 0 0 0 1 0 0 20 19 16 17 19 8
 6.405000E+02 7 0 0 1 0 0 0 0 0 0 0 0 13 14 16 16 21 12
 6.410000E+02 10 0 0 1 0 0 0 0 0 0 0 0 14 13 21 17 16 15
 6.415000E+02 4 0 0 0 0 0 0 1 0 0 0 0 15 20 23 15 22 9
 6.420000E+02 8 0 0 0 0 0 0 0 0 1 0 0 17 22 25 11 19 11
 6.425000E+02 6 0 0 0 0 0 0 0 0 1 0 0 15 25 15 7 13 18
 6.430000E+02 8 0 0 0 0 0 0 1 0 0 0 0 15 28 15 16 11 18
 6.435000E+02 9 0 0 0 0 0 0 1 0 0 0 0 13 17 18 16 13 21
 6.440000E+02 6 0 0 0 0 0 0 0 0 1 0 0 18 15 15 14 11 20
 6.445000E+02 11 0 0 0 0 0 0 0 0 0 0 0 27 17 16 16 11 13
 6.450000E+02 8 0 0 0 0 0 0 0 0 1 0 0 15 15 16 15 20 11
 6.455000E+02 7 0 0 0 0 0 0 0 0 1 0 0 16 20 14 15 17 16
 6.460000E+02 11 0 0 0 0 0 0 0 0 1 0 0 11 23 16 20 18 16
 6.465000E+02 15 0 0 0 0 0 0 0 0 1 0 0 17 21 12 19 17 13
 6.470000E+02 6 0 0 0 0 0 0 0 0 0 0 0 20 21 9 21 14 15
 6.475000E+02 8 0 0 0 0 0 0 0 0 0 0 0 18 17 8 19 13 10
 6.480000E+02 8 0 0 0 0 0 0 0 0 0 0 0 18 19 13 19 8 13
 6.485000E+02 10 0 0 0 0 0 0 0 0 0 0 0 14 14 19 26 16 17
 6.490000E+02 7 0 0 0 0 0 0 0 0 1 0 0 11 17 15 19 17 16
 6.495000E+02 7 0 0 0 0 0 0 0 0 0 0 0 9 14 21 25 17 14
 6.500000E+02 4 0 0 0 0 0 0 0 0 0 0 0 12 19 18 25 15 12
 6.505000E+02 3 0 0 0 0 0 0 0 0 0 0 0 18 21 16 24 16 13
 6.510000E+02 11 0 0 0 0 0 0 0 0 0 0 0 23 17 12 25 16 17
 6.515000E+02 12 0 0 0 0 0 0 0 0 0 0 0 20 20 17 20 14 16
 6.520000E+02 9 0 0 0 0 0 0 0 0 0 0 0 13 18 16 21 15 16
 6.525000E+02 5 0 0 0 0 0 0 0 0 0 0 0 15 17 25 17 20 17
 6.530000E+02 3 0 0 0 0 0 0 1 0 0 0 0 17 8 14 17 21 21
 6.535000E+02 9 0 0 0 0 0 0 0 0 0 0 0 17 18 12 22 19 20
 6.540000E+02 13 0 0 0 0 0 0 0 0 0 0 0 11 21 15 17 15 26
 6.545000E+02 8 0 0 0 0 0 0 0 0 0 0 0 14 16 23 17 17 26
 6.550000E+02 11 0 0 0 0 0 0 0 0 0 0 0 12 15 22 15 23 16
 6.555000E+02 6 0 0 0 0 0 0 0 0 0 0 0 19 18 17 22 17 11
 6.560000E+02 5 0 0 0 0 0 0 0 0 0 0 0 18 18 21 18 16 14
 6.565000E+02 5 0 0 0 0 0 0 0 0 0 0 0 18 18 14 24 16 18
 6.570000E+02 6 0 0 0 0 0 0 0 0 0 0 0 16 18 16 22 17 15
 6.575000E+02 11 0 0 0 0 0 0 0 0 0 0 0 15 18 12 17 17 14
 6.580000E+02 6 0 0 0 0 0 0 0 0 0 0 0 22 20 11 16 10 18
 6.585000E+02 11 0 0 0 0 0 0 0 0 0 0 0 15 26 15 15 15 17
 6.590000E+02 9 0 0 0 0 0 0 0 0 0 0 0 16 19 15 21 22 15
 6.595000E+02 11 0 0 0 0 0 0 0 0 0 0 0 13 17 20 21 14 18
 6.600000E+02 15 0 0 0 0 0 0 0 0 0 0 0 12 17 13 17 13 19
 6.605000E+02 6 0 0 0 0 0 0 0 0 0 0 0 17 16 14 22 19 19
 6.610000E+02 4 0 0 0 0 0 0 0 0 1 0 0 22 8 11 21 12 18
 6.615000E+02 11 0 0 0 0 0 0 0 0 0 0 0 27 10 10 13 15 17
 6.620000E+02 8 0 0 0 0 0 0 0 0 0 0 0 20 19 7 15 18 24
 6.625000E+02 7 0 0 0 0 0 0 0 0 1 0 0 24 17 10 10 14 18
 6.630000E+02 9 0 0 0 0 0 0 0 0 1 0 0 17 21 12 14 15 23
 6.635000E+02 11 0 0 1 0 0 0 0 0 0 0 0 15 20 14 11 13 23
 6.640000E+02 6 0 0 0 0 0 0 0 0 1 0 0 20 22 17 16 18 19
 6.645000E+02 11 0 0 0 0 0 0 0 0 1 0 0 18 18 9 15 29 18
 6.650000E+02 8 0 0 0 0 0 0 0 0 0 0 0 19 15 17 12 23 18
 6.655000E+02 9 0 0 0 0 0 0 0 0 0 0 0 10 22 15 13 22 19
 6.660000E+02 3 0 0 0 0 0 0 0 0 0 0 0 14 23 15 15 23 14
 6.665000E+02 5 0 0 0 0 0 0 0 0 1 0 0 10 21 17 14 21 22
 6.670000E+02 5 0 0 0 0 0 0 0 0 1 0 0 15 29 11 12 17 19
 6.675000E+02 9 0 0 0 0 0 0 0 0 1 0 0 10 26 18 17 16 13
 6.680000E+02 8 0 0 0 0 0 0 0 0 0 0 0 14 16 18 20 14 15
 6.685000E+02 12 0 0 0 0 0 0 0 0 0 0 0 9 16 23 15 21 22
 6.690000E+02 9 0 0 0 0 0 0 0 0 0 0 0 12 19 20 20 17 17
 6.695000E+02 8 0 0 0 0 0 0 0 0 0 0 0 11 13 14 24 19 14
 6.700000E+02 12 0 0 0 0 0 0 0 0 0 0 0 9 22 18 19 22 14
 6.705000E+02 17 0 0 0 0 0 0 0 0 1 0 0 11 18 22 14 12 19
 6.710000E+02 11 0 0 1 0 0 0 0 0 0 0 0 10 19 20 15 13 18
 6.715000E+02 12 0 0 0 0 0 0 1 0 0 0 0 14 20 18 19 19 19
 6.720000E+02 7 0 0 0 0 0 0 0 0 0 0 0 13 15 16 11 18 17
 6.725000E+02 7 0 0 0 0 0 0 0 0 0 0 0 18 14 16 17 18 19
 6.730000E+02 9 0 0 0 0 0 0 0 0 0 0 0 13 12 20 22 17 18
 6.735000E+02 13 0 0 0 0 0 0 0 0 0 0 0 14 19 21 23 12 15
 6.740000E+02 5 0 0 0 0 0 0 0 0 0 0 0 10 20 16 23 14 17
 6.745000E+02 11 0 0 0 0 0 0 0 0 0 0 0 10 21 20 19 9 20
 6.750000E+02 10 0 0 0 0 0 0 0 0 0 0 0 22 19 20 16 13 15
 6.755000E+02 6 0 0 0 0 0 0 0 0 0 0 0 23 17 15 13 13 16
 6.760000E+02 7 0 0 0 0 0 0 0 0 0 0 0 16 25 13 11 16 20
 6.765000E+02 6 0 0 0 0 0 0 0 0 0 0 0 16 19 19 16 18 16
 6.770000E+02 9 0 0 0 0 0 0 0 0 2 0 0 18 20 14 10 22 17
 6.775000E+02 10 0 0 1 0 0 0 0 0 1 0 0 17 11 16 14 13 15
 6.780000E+02 10 0 0 0 0 0 0 0 0 0 0 0 25 18 17 20 17 9
 6.785000E+02 9 0 0 0 0 0 0 0 0 0 0 0 24 15 18 18 16 13
 6.790000E+02 7 0 0 0 0 0 0 0 0 0 0 0 13 17 14 14 18 17
 6.795000E+02 9 0 0 0 0 0 0 0 0 0 0 0 17 15 18 17 14 16
 6.800000E+02 7 0 0 0 0 0 0 0 0 0 0 0 20 12 20 20 14 18
 6.805000E+02 10 0 0 0 0 0 0 0 0 1 0 0 15 18 18 19 16 18
 6.810000E+02 8 0 0 0 0 0 0 0 0 2 0 0 16 23 20 19 17 14
 6.815000E+02 8 0 0 0 0 0 0 0 0 2 0 0 17 15 25 16 14 21
 6.820000E+02 8 0 0 0 0 0 0 2 0 0 0 0 19 13 16 15 23 17
 6.825000E+02 9 0 0 0 0 0 0 1 0 1 0 0 20 16 17 20 22 18
 6.830000E+02 10 0 0 0 0 0 0 0 0 1 0 0 18 21 15 19 12 19
 6.835000E+02 5 0 0 0 0 0 0 0 0 0 0 0 19 17 16 12 12 22
 6.840000E+02 8 0 0 0 0 0 0 0 0 0 0 0 17 13 12 23 21 16
 6.845000E+02 9 0 0 0 0 0 0 0 0 0 0 0 20 15 15 16 20 15
 6.850000E+02 9 0 0 0 0 0 0 0 0 1 0 0 13 18 12 18 21 19
 6.855000E+02 8 0 0 0 0 0 0 0 0 2 0 0 14 23 11 20 16 25
 6.860000E+02 9 0 0 0 0 0 0 0 0 1 0 0 16 19 18 13 18 18
 6.865000E+02 8 0 0 0 0 0 0 0 0 0 0 0 11 20 11 21 22 23
 6.870000E+02 8 0 0 0 0 0 0 0 0 0 0 0 18 18 15 17 20 20
 6.875000E+02 8 0 0 0 0 0 0 0 0 0 0 0 20 16 14 10 20 17
 6.880000E+02 9 0 0 0 0 0 0 0 0 0 0 0 18 19 12 12 10 21
 6.885000E+02 13 0 0 0 0 0 0 0 0 1 0 0 19 26 17 8 13 21
 6.890000E+02 8 0 0 0 0 0 0 0 0 0 0 0 20 19 15 18 15 20
 6.895000E+02 2 0 0 0 0 0 0 0 0 0 0 0 16 20 20 7 11 17
 6.900000E+02 9 0 0 0 0 0 0 0 0 0 0 0 16 19 27 15 21 13
 6.905000E+02 5 0 0 0 0 0 0 0 0 0 0 0 10 13 23 19 23 16
 6.910000E+02 12 0 0 0 0 0 0 0 0 0 0 0 7 15 21 16 26 18
 6.915000E+02 11 0 0 1 0 0 0 0 0 1 0 0 5 18 18 12 19 20
 6.920000E+02 9 0 0 0 0 0 0 1 0 1 0 0 19 15 18 19 20 16
 6.925000E+02 11 0 0 0 0 0 0 0 0 1 0 0 20 13 19 15 18 18
 6.930000E+02 8 0 0 0 0 0 0 0 0 0 0 0 20 12 19 21 12 17
 6.935000E+02 13 0 0 0 0 0 0 0 0 0 0 0 21 14 20 14 18 19
 6.940000E+02 9 0 0 0 0 0 0 0 0 0 0 0 23 15 19 17 16 21
 6.945000E+02 7 0 0 0 0 0 0 0 0 0 0 0 22 15 23 11 17 18
 6.950000E+02 8 0 0 0 0 0 0 1 0 0 0 0 22 20 19 13 20 11
 6.955000E+02 4 0 0 0 0 0 0 0 0 0 0 0 19 16 15 18 20 16
 6.960000E+02 6 0 0 0 0 0 0 0 0 0 0 0 23 16 12 22 25 16
 6.965000E+02 11 0 0 0 0 0 0 0 0 0 0 0 17 21 14 23 25 16
 6.970000E+02 9 0 0 0 0 0 0 0 0 0 0 0 21 21 14 22 21 12
 6.975000E+02 5 0 0 1 0 0 0 0 0 0 0 0 17 16 13 22 15 14
 6.980000E+02 8 0 0 0 0 0 0 0 0 1 0 0 17 16 16 21 14 12
 6.985000E+02 10 0 0 0 0 0 0 0 0 0 0 0 11 10 15 26 12 12
 6.990000E+02 8 0 0 0 0 0 0 0 0 0 0 0 18 12 17 22 15 17
 6.995000E+02 9 0 0 0 0 0 0 0 0 0 0 0 23 17 16 21 18 16
 7.000000E+02 6 0 0 0 0 0 0 0 0 0 0 0 21 14 20 20 14 11
