# time 'Ca' 'D34:75:137_PP2ACa' 'D34:75:137_PP2APCa' 'D34:75_PP2ACa' 'D34:75_PP2APCa' 'D75:137_PP2ACa' 'D75:137_PP2APCa' 'D75_PP2ACa' 'D75_PP2APCa' 'PP2ACa' 'PP2ACa_PKA' 'PP2APCa' 'PP2BinactiveCa2_1' 'PP2BinactiveCa2_2' 'PP2BinactiveCa2_3' 'PP2BinactiveCa2_4' 'PP2BinactiveCa2_5' 'PP2BinactiveCa2_6'
 0.000000E+00 0 0 0 0 0 0 0 0 0 0 0 0 0 0 0 0 0 0
 5.000000E-01 2 0 0 0 0 0 0 0 0 0 0 0 0 1 0 0 0 0
 1.000000E+00 4 0 0 0 0 0 0 0 0 0 0 0 1 0 0 0 0 0
 1.500000E+00 4 0 0 0 0 0 0 0 0 0 0 0 0 3 0 0 0 0
 2.000000E+00 4 0 0 0 0 0 0 0 0 0 0 0 0 3 0 1 0 1
 2.500000E+00 6 0 0 0 0 0 0 0 0 0 0 0 1 2 0 0 1 1
 3.000000E+00 4 0 0 0 0 0 0 0 0 0 0 0 2 1 2 1 1 0
 3.500000E+00 2 0 0 0 0 0 0 0 0 0 0 0 1 0 4 3 2 0
 4.000000E+00 2 0 0 0 0 0 0 0 0 0 0 0 2 0 4 2 3 1
 4.500000E+00 2 0 0 0 0 0 0 0 0 0 0 0 2 0 3 2 4 2
 5.000000E+00 3 0 0 0 0 0 0 0 0 0 0 0 3 0 3 4 2 3
 5.500000E+00 2 0 0 0 0 0 0 0 0 0 0 0 4 1 3 4 7 1
 6.000000E+00 4 0 0 0 0 0 0 0 0 0 0 0 5 1 4 8 4 0
 6.500000E+00 5 0 0 0 0 0 0 0 0 1 0 0 6 1 2 7 7 1
 7.000000E+00 4 0 0 0 0 0 0 0 0 0 0 0 7 4 5 3 3 5
 7.500000E+00 3 0 0 0 0 0 0 0 0 0 0 0 5 6 4 5 3 5
 8.000000E+00 2 0 0 0 0 0 0 0 0 0 0 0 4 8 7 5 3 4
 8.500000E+00 5 0 0 0 0 0 0 0 0 0 0 0 5 6 10 4 5 4
 9.000000E+00 7 0 0 0 0 0 0 0 0 0 0 0 2 8 10 1 7 3
 9.500000E+00 5 0 0 0 0 0 0 0 0 0 0 0 6 9 8 2 5 4
 1.000000E+01 7 0 0 0 0 0 0 0 0 0 0 0 9 9 5 1 6 4
 1.050000E+01 6 0 0 0 0 0 0 0 0 0 0 0 7 9 8 6 8 5
 1.100000E+01 2 0 0 0 0 0 0 0 0 0 0 0 7 7 6 11 7 9
 1.150000E+01 2 0 0 0 0 0 0 0 0 1 0 0 4 7 4 7 8 9
 1.200000E+01 1 0 0 0 0 0 0 0 0 0 0 0 12 10 9 6 7 6
 1.250000E+01 2 0 0 0 0 0 0 0 0 0 0 0 11 8 9 7 6 7
 1.300000E+01 6 0 0 0 0 0 0 0 0 0 0 0 9 4 11 15 8 7
 1.350000E+01 0 0 0 0 0 0 0 0 0 0 0 0 11 6 14 10 11 4
 1.400000E+01 5 0 0 0 0 0 0 0 0 0 0 0 11 10 10 14 7 6
 1.450000E+01 7 0 0 0 0 0 0 0 0 0 0 0 9 7 8 17 8 7
 1.500000E+01 6 0 0 0 0 0 0 0 0 0 0 0 7 6 17 7 13 9
 1.550000E+01 5 0 0 0 0 0 0 0 0 0 0 0 10 11 11 9 9 6
 1.600000E+01 4 0 0 0 0 0 0 0 0 0 0 0 10 14 14 10 7 8
 1.650000E+01 2 0 0 0 0 0 0 0 0 0 0 0 6 14 15 6 11 15
 1.700000E+01 7 0 0 0 0 0 0 0 0 0 0 0 5 12 11 6 9 15
 1.750000E+01 6 0 0 0 0 0 0 0 0 0 0 0 8 11 11 7 8 19
 1.800000E+01 6 0 0 0 0 0 0 0 0 0 0 0 8 11 12 7 9 21
 1.850000E+01 2 0 0 0 0 0 0 0 0 0 0 0 9 11 17 8 10 13
 1.900000E+01 4 0 0 0 0 0 0 0 0 0 0 0 9 13 13 8 12 10
 1.950000E+01 3 0 0 0 0 0 0 0 0 0 0 0 9 9 15 7 12 11
 2.000000E+01 5 0 0 0 0 0 0 0 0 0 0 0 11 11 13 12 14 11
 2.050000E+01 4 0 0 0 0 0 0 0 0 0 0 0 15 9 11 11 11 12
 2.100000E+01 7 0 0 0 0 0 0 0 0 0 0 0 21 9 9 14 10 10
 2.150000E+01 6 0 0 0 0 0 0 0 0 0 0 0 17 8 10 14 10 14
 2.200000E+01 5 0 0 0 0 0 0 0 0 0 0 0 14 12 11 11 12 14
 2.250000E+01 4 0 0 0 0 0 0 0 0 0 0 0 10 13 15 13 12 16
 2.300000E+01 9 0 0 0 0 0 0 0 0 0 0 0 8 11 15 14 12 13
 2.350000E+01 6 0 0 0 0 0 0 0 0 0 0 0 5 15 11 15 17 13
 2.400000E+01 10 0 0 0 0 0 0 0 0 0 0 0 7 12 11 19 10 12
 2.450000E+01 3 0 0 0 0 0 0 0 0 0 0 0 11 11 16 18 12 13
 2.500000E+01 7 0 0 0 0 0 0 0 0 0 0 0 9 9 22 13 14 9
 2.550000E+01 8 0 0 0 0 0 0 0 0 0 0 0 12 12 17 9 16 7
 2.600000E+01 8 0 0 0 0 0 0 0 0 0 0 0 10 9 10 12 13 9
 2.650000E+01 5 0 0 0 0 0 0 0 0 0 0 0 14 13 8 15 13 14
 2.700000E+01 2 0 0 0 0 0 0 0 0 0 0 0 15 11 7 13 15 13
 2.750000E+01 8 0 0 0 0 0 0 0 0 0 0 0 14 11 7 8 17 10
 2.800000E+01 7 0 0 0 0 0 0 0 0 0 0 0 15 14 11 7 20 13
 2.850000E+01 5 0 0 0 0 0 0 0 0 0 0 0 12 12 13 10 10 12
 2.900000E+01 9 0 0 0 0 0 0 0 0 0 0 0 10 12 11 12 16 9
 2.950000E+01 3 0 0 0 0 0 0 0 0 0 0 0 13 13 13 19 16 11
 3.000000E+01 7 0 0 0 0 0 0 1 0 0 0 0 20 17 12 11 13 11
 3.050000E+01 7 0 0 0 0 0 0 0 0 0 0 0 17 14 10 17 13 11
 3.100000E+01 7 0 0 0 0 0 0 0 0 0 0 0 16 14 12 13 15 11
 3.150000E+01 6 0 0 0 0 0 0 0 0 0 0 0 15 15 16 11 10 6
 3.200000E+01 6 0 0 0 0 0 0 0 0 0 0 0 20 12 20 9 10 11
 3.250000E+01 7 0 0 0 0 0 0 0 0 0 0 0 14 13 16 10 16 15
 3.300000E+01 6 0 0 0 0 0 0 0 0 0 0 0 10 17 16 9 18 12
 3.350000E+01 8 0 0 0 0 0 0 0 0 0 0 0 10 16 14 8 19 11
 3.400000E+01 7 0 0 0 0 0 0 0 0 0 0 0 19 18 15 10 14 13
 3.450000E+01 6 0 0 0 0 0 0 0 0 0 0 0 20 17 19 11 13 14
 3.500000E+01 2 0 0 0 0 0 0 0 0 0 0 0 18 19 11 9 20 13
 3.550000E+01 4 0 0 0 0 0 0 0 0 1 0 0 18 15 14 10 16 14
 3.600000E+01 10 0 0 0 0 0 0 0 0 0 0 0 14 12 18 13 16 17
 3.650000E+01 10 0 0 0 0 0 0 0 0 0 0 0 18 17 20 10 11 17
 3.700000E+01 6 0 0 0 0 0 0 0 0 0 0 0 15 15 14 7 19 12
 3.750000E+01 9 0 0 0 0 0 0 0 0 0 0 0 17 18 13 8 15 12
 3.800000E+01 12 0 0 0 0 0 0 0 0 0 0 0 17 14 11 15 11 8
 3.850000E+01 7 0 0 0 0 0 0 1 0 0 0 0 16 12 17 11 15 16
 3.900000E+01 5 0 0 0 0 0 0 1 0 0 0 0 13 13 15 11 15 13
 3.950000E+01 7 0 0 0 0 0 0 0 0 0 0 0 14 16 16 15 19 7
 4.000000E+01 11 0 0 0 0 0 0 0 0 0 0 0 22 13 21 11 21 12
 4.050000E+01 11 0 0 0 0 0 0 0 0 0 0 0 15 11 13 17 20 18
 4.100000E+01 6 0 0 0 0 0 0 0 0 0 0 0 17 8 14 15 17 21
 4.150000E+01 4 0 0 0 0 0 0 0 0 0 0 0 21 12 14 16 24 12
 4.200000E+01 9 0 0 0 0 0 0 0 0 0 0 0 6 15 17 11 25 11
 4.250000E+01 5 0 0 0 0 0 0 0 0 1 0 0 10 12 18 16 19 17
 4.300000E+01 7 0 0 0 0 0 0 1 0 0 0 0 11 15 23 15 19 11
 4.350000E+01 9 0 0 0 0 0 0 0 0 0 0 0 13 16 21 15 18 11
 4.400000E+01 9 0 0 0 0 0 0 0 0 0 0 0 12 17 15 23 18 13
 4.450000E+01 9 0 0 0 0 0 0 0 0 0 0 0 14 14 13 22 18 20
 4.500000E+01 10 0 0 0 0 0 0 0 0 0 0 0 14 15 12 21 21 21
 4.550000E+01 12 0 0 0 0 0 0 0 0 0 0 0 12 17 16 17 16 18
 4.600000E+01 8 0 0 0 0 0 0 0 0 0 0 0 13 21 14 16 16 15
 4.650000E+01 8 0 0 0 0 0 0 0 0 0 0 0 15 16 20 20 18 12
 4.700000E+01 8 0 0 0 0 0 0 0 0 0 0 0 17 17 18 15 18 16
 4.750000E+01 10 0 0 0 0 0 0 0 0 0 0 0 14 16 14 16 21 13
 4.800000E+01 3 0 0 0 0 0 0 0 0 0 0 0 20 14 16 20 16 15
 4.850000E+01 6 0 0 0 0 0 0 0 0 1 0 0 21 18 21 16 11 19
 4.900000E+01 10 0 0 0 0 0 0 0 0 1 0 0 20 16 20 16 11 19
 4.950000E+01 10 0 0 0 0 0 0 0 0 1 0 0 19 15 18 22 17 17
 5.000000E+01 4 0 0 0 0 0 0 0 0 1 0 0 16 11 24 23 15 19
 5.050000E+01 4 0 0 0 0 0 0 0 0 0 0 0 20 16 21 18 18 13
 5.100000E+01 8 0 0 0 0 0 0 0 0 0 0 0 11 17 18 18 24 13
 5.150000E+01 7 0 0 0 0 0 0 0 0 0 0 0 19 15 23 14 23 13
 5.200000E+01 9 0 0 0 0 0 0 0 0 0 0 0 14 19 15 17 14 11
 5.250000E+01 9 0 0 0 0 0 0 0 0 0 0 0 23 20 18 19 6 16
 5.300000E+01 12 0 0 0 0 0 0 0 0 0 0 0 25 16 19 19 14 12
 5.350000E+01 12 0 0 0 0 0 0 0 0 0 0 0 22 13 17 15 17 14
 5.400000E+01 13 0 0 0 0 0 0 0 0 0 0 0 20 17 15 15 15 16
 5.450000E+01 8 0 0 0 0 0 0 0 0 0 0 0 15 21 16 14 15 26
 5.500000E+01 5 0 0 0 0 0 0 0 0 0 0 0 20 17 14 13 18 25
 5.550000E+01 4 0 0 0 0 0 0 0 0 0 0 0 23 15 14 15 21 29
 5.600000E+01 10 0 0 0 0 0 0 0 0 0 0 0 23 14 20 24 12 18
 5.650000E+01 9 0 0 0 0 0 0 0 0 0 0 0 22 9 24 24 18 11
 5.700000E+01 9 0 0 0 0 0 0 0 0 0 0 0 24 16 16 24 15 22
 5.750000E+01 9 0 0 0 0 0 0 0 0 0 0 0 15 19 12 24 21 17
 5.800000E+01 13 0 0 0 0 0 0 0 0 0 0 0 10 17 14 20 19 21
 5.850000E+01 13 0 0 0 0 0 0 0 0 1 0 0 17 15 12 15 19 21
 5.900000E+01 7 0 0 0 0 0 0 0 0 0 0 0 16 15 14 17 16 19
 5.950000E+01 10 0 0 0 0 0 0 0 0 1 0 0 11 25 18 18 21 20
 6.000000E+01 8 0 0 0 0 0 0 0 0 0 0 0 24 27 15 18 17 15
 6.050000E+01 8 0 0 0 0 0 0 0 0 0 0 0 21 22 17 21 19 17
 6.100000E+01 12 0 0 0 0 0 0 0 0 0 0 0 15 20 16 17 17 19
 6.150000E+01 13 0 0 0 0 0 0 0 0 0 0 0 19 19 15 15 13 21
 6.200000E+01 6 0 0 0 0 0 0 0 0 0 0 0 21 20 18 15 19 19
 6.250000E+01 8 0 0 0 0 0 0 0 0 0 0 0 21 17 18 19 21 20
 6.300000E+01 9 0 0 0 0 0 0 0 0 0 0 0 19 14 15 15 24 29
 6.350000E+01 8 0 0 0 0 0 0 0 0 0 0 0 22 12 12 18 17 21
 6.400000E+01 4 0 0 0 0 0 0 0 0 0 0 0 23 18 14 19 12 13
 6.450000E+01 9 0 0 0 0 0 0 0 0 0 0 0 16 20 18 22 17 16
 6.500000E+01 5 0 0 0 0 0 0 1 0 0 0 0 13 20 21 19 14 18
 6.550000E+01 5 0 0 0 0 0 0 0 0 0 0 0 15 20 18 17 15 14
 6.600000E+01 4 0 0 0 0 0 0 0 0 0 0 0 18 21 18 12 9 22
 6.650000E+01 7 0 0 0 0 0 0 0 0 0 0 0 20 21 18 14 18 21
 6.700000E+01 13 0 0 0 0 0 0 0 0 0 0 0 17 17 21 14 23 19
 6.750000E+01 1 0 0 0 0 0 0 0 0 0 0 0 14 23 25 15 15 16
 6.800000E+01 11 0 0 0 0 0 0 0 0 0 0 0 19 18 25 15 15 17
 6.850000E+01 6 0 0 0 0 0 0 0 0 0 0 0 23 19 16 11 17 14
 6.900000E+01 4 0 0 0 0 0 0 1 0 0 0 0 19 19 18 12 21 15
 6.950000E+01 8 0 0 0 0 0 0 1 0 0 0 0 18 20 22 17 21 20
 7.000000E+01 7 0 0 0 0 0 0 0 0 0 0 0 19 16 27 14 13 16
 7.050000E+01 8 0 0 0 0 0 0 0 0 0 0 0 18 16 23 10 16 22
 7.100000E+01 9 0 0 0 0 0 0 0 0 0 0 0 15 23 22 12 11 21
 7.150000E+01 4 0 0 0 0 0 0 0 0 0 0 0 9 24 18 13 17 24
 7.200000E+01 9 0 0 0 0 0 0 0 0 0 0 0 11 18 23 17 12 20
 7.250000E+01 10 0 0 0 0 0 0 0 0 0 0 0 17 15 17 16 21 16
 7.300000E+01 5 0 0 0 0 0 0 0 0 1 0 0 16 14 19 17 23 15
 7.350000E+01 10 0 0 0 0 0 0 0 0 1 0 0 16 17 25 14 21 11
 7.400000E+01 7 0 0 0 0 0 0 0 0 1 0 0 21 17 20 9 21 16
 7.450000E+01 10 0 0 0 0 0 0 0 0 1 0 0 18 22 16 15 24 22
 7.500000E+01 7 0 0 0 0 0 0 0 0 0 0 0 14 15 17 19 27 14
 7.550000E+01 8 0 0 0 0 0 0 0 0 0 0 0 12 16 13 16 23 10
 7.600000E+01 9 0 0 0 0 0 0 0 0 0 0 0 15 22 16 13 18 20
 7.650000E+01 8 0 0 0 0 0 0 0 0 0 0 0 18 21 13 15 24 20
 7.700000E+01 14 0 0 0 0 0 0 0 0 1 0 0 22 15 18 15 18 17
 7.750000E+01 8 0 0 0 0 0 0 0 0 1 0 0 21 17 15 14 17 20
 7.800000E+01 6 0 0 0 0 0 0 0 0 1 0 0 20 19 20 16 21 17
 7.850000E+01 16 0 0 0 0 0 0 1 0 0 0 0 26 9 20 18 16 15
 7.900000E+01 10 0 0 0 0 0 0 1 0 0 0 0 21 16 19 20 21 17
 7.950000E+01 9 0 0 0 0 0 0 0 0 1 0 0 16 19 16 14 25 18
 8.000000E+01 13 0 0 0 0 0 0 0 0 1 0 0 20 11 17 13 22 14
 8.050000E+01 11 0 0 0 0 0 0 0 0 0 0 0 16 21 21 14 17 17
 8.100000E+01 13 0 0 0 0 0 0 0 0 0 0 0 15 18 22 15 16 15
 8.150000E+01 8 0 0 0 0 0 0 0 0 0 0 0 19 14 24 19 20 16
 8.200000E+01 8 0 0 0 0 0 0 0 0 0 0 0 15 12 26 18 21 18
 8.250000E+01 3 0 0 0 0 0 0 0 0 1 0 0 18 13 20 15 24 12
 8.300000E+01 7 0 0 0 0 0 0 0 0 0 0 0 21 15 17 19 15 11
 8.350000E+01 10 0 0 0 0 0 0 0 0 0 0 0 17 11 17 20 16 11
 8.400000E+01 8 0 0 0 0 0 0 0 0 0 0 0 15 17 15 16 16 14
 8.450000E+01 10 0 0 0 0 0 0 0 0 0 0 0 15 18 15 15 24 19
 8.500000E+01 7 0 0 0 0 0 0 0 0 0 0 0 19 16 10 14 24 17
 8.550000E+01 8 0 0 0 0 0 0 0 0 0 0 0 19 20 14 14 23 13
 8.600000E+01 11 0 0 0 0 0 0 0 0 0 0 0 12 26 11 18 20 14
 8.650000E+01 7 0 0 0 0 0 0 0 0 0 0 0 17 15 13 12 21 22
 8.700000E+01 15 0 0 0 0 0 0 0 0 0 0 0 18 15 19 18 17 20
 8.750000E+01 10 0 0 0 0 0 0 0 0 0 0 0 18 18 22 17 14 15
 8.800000E+01 14 0 0 0 0 0 0 0 0 0 0 0 13 19 19 16 17 16
 8.850000E+01 13 0 0 0 0 0 0 0 0 1 0 0 20 21 20 19 17 16
 8.900000E+01 6 0 0 0 0 0 0 0 0 1 0 0 15 20 21 15 16 20
 8.950000E+01 8 0 0 0 0 0 0 0 0 0 0 0 20 14 15 14 21 16
 9.000000E+01 7 0 0 0 0 0 0 0 0 0 0 0 22 16 21 14 15 23
 9.050000E+01 9 0 0 0 0 0 0 0 0 1 0 0 18 16 22 18 11 17
 9.100000E+01 9 0 0 0 0 1 0 0 0 0 0 0 18 16 19 22 14 20
 9.150000E+01 18 0 0 0 0 0 0 2 0 0 0 0 16 15 24 15 9 19
 9.200000E+01 8 0 0 0 0 0 0 0 0 1 0 0 14 18 21 17 12 21
 9.250000E+01 14 0 0 0 0 0 0 1 0 0 0 0 19 21 17 19 14 17
 9.300000E+01 7 0 0 0 0 0 0 0 0 0 0 0 13 16 15 22 28 16
 9.350000E+01 10 0 0 0 0 0 0 0 0 0 0 0 16 18 15 19 19 16
 9.400000E+01 6 0 0 0 0 0 0 0 0 0 0 0 18 14 14 21 16 17
 9.450000E+01 10 0 0 0 0 0 0 0 0 0 0 0 23 18 18 19 16 11
 9.500000E+01 6 0 0 0 0 0 0 0 0 0 0 0 19 16 19 18 14 11
 9.550000E+01 14 0 0 0 0 0 0 0 0 0 0 0 8 19 17 17 16 11
 9.600000E+01 10 0 0 0 0 0 0 0 0 0 0 0 20 20 23 23 13 15
 9.650000E+01 7 0 0 0 0 0 0 0 0 0 0 0 11 18 16 20 17 12
 9.700000E+01 8 0 0 0 0 0 0 0 0 0 0 0 19 14 15 23 18 13
 9.750000E+01 9 0 0 0 0 0 0 0 0 0 0 0 19 16 22 16 14 14
 9.800000E+01 9 0 0 0 0 0 0 0 0 0 0 0 18 17 19 18 17 14
 9.850000E+01 11 0 0 0 0 0 0 0 0 0 0 0 19 19 17 10 14 18
 9.900000E+01 6 0 0 0 0 0 0 0 0 0 0 0 15 22 23 13 10 17
 9.950000E+01 8 0 0 0 0 0 0 0 0 0 0 0 16 21 23 13 17 16
 1.000000E+02 9 0 0 0 0 0 0 0 0 0 0 0 16 17 15 17 16 20
 1.005000E+02 11 0 0 0 0 0 0 0 0 0 0 0 19 10 13 19 16 26
 1.010000E+02 10 0 0 0 0 0 0 0 0 0 0 0 18 11 15 16 15 23
 1.015000E+02 10 0 0 0 0 0 0 0 0 0 0 0 14 17 17 11 20 25
 1.020000E+02 8 0 0 0 0 0 0 0 0 0 0 0 13 18 21 9 20 22
 1.025000E+02 15 0 0 0 0 0 0 0 0 0 0 0 17 16 17 10 16 17
 1.030000E+02 9 0 0 0 0 0 0 1 0 0 0 0 17 20 15 20 15 15
 1.035000E+02 8 0 0 0 0 0 0 0 0 1 0 0 19 18 17 18 22 15
 1.040000E+02 10 0 0 0 0 0 0 1 0 0 0 0 16 18 15 22 16 10
 1.045000E+02 3 0 0 0 0 0 0 1 0 0 0 0 15 15 21 11 22 17
 1.050000E+02 10 0 0 0 0 0 0 0 0 1 0 0 22 13 20 17 16 16
 1.055000E+02 8 0 0 0 0 0 0 0 0 0 0 0 16 13 16 20 19 15
 1.060000E+02 10 0 0 0 0 0 0 0 0 0 0 0 17 15 24 16 19 13
 1.065000E+02 11 0 0 0 0 0 0 0 0 1 0 0 13 14 17 13 22 17
 1.070000E+02 10 0 0 0 0 0 0 0 0 1 0 0 17 13 20 15 17 19
 1.075000E+02 7 0 0 0 0 0 0 1 0 0 0 0 13 17 20 13 21 20
 1.080000E+02 8 0 0 0 0 0 0 0 0 0 0 0 12 19 22 18 15 16
 1.085000E+02 6 0 0 0 0 0 0 0 0 0 0 0 15 21 22 16 15 17
 1.090000E+02 10 0 0 0 0 0 0 0 0 0 0 0 17 25 8 17 19 17
 1.095000E+02 13 0 0 0 0 0 0 1 0 1 0 0 10 21 10 20 14 12
 1.100000E+02 12 0 0 0 0 0 0 0 0 2 0 0 11 26 11 13 21 18
 1.105000E+02 12 0 0 0 0 0 0 0 0 1 0 0 8 21 16 12 23 15
 1.110000E+02 9 0 0 0 0 0 0 1 0 0 0 0 11 19 17 13 22 10
 1.115000E+02 8 0 0 0 0 0 0 0 0 0 0 0 13 16 14 18 20 16
 1.120000E+02 12 0 0 0 0 0 0 0 0 0 0 0 13 18 14 16 15 21
 1.125000E+02 13 0 0 0 0 0 0 0 0 0 0 0 15 19 15 23 16 19
 1.130000E+02 4 0 0 0 0 0 0 0 0 0 0 0 15 19 12 21 16 12
 1.135000E+02 12 0 0 0 0 0 0 0 0 0 0 0 16 12 10 19 14 16
 1.140000E+02 13 0 0 0 0 0 0 0 0 0 0 0 19 15 20 12 16 16
 1.145000E+02 7 0 0 0 0 0 0 0 0 0 0 0 15 18 16 19 18 12
 1.150000E+02 7 0 0 0 0 0 0 0 0 0 0 0 19 18 17 12 16 15
 1.155000E+02 11 0 0 0 0 0 0 0 0 0 0 0 16 14 19 13 22 12
 1.160000E+02 7 0 0 0 0 0 0 0 0 0 0 0 18 20 15 16 16 14
 1.165000E+02 6 0 0 0 0 0 0 0 0 0 0 0 16 15 20 16 17 19
 1.170000E+02 10 0 0 0 0 0 0 0 0 0 0 0 9 14 14 20 12 19
 1.175000E+02 7 0 0 0 0 0 0 0 0 0 0 0 19 18 8 19 16 15
 1.180000E+02 9 0 0 0 0 0 0 0 0 0 0 0 14 21 11 26 16 14
 1.185000E+02 9 0 0 0 0 0 0 0 0 0 0 0 19 17 9 19 21 16
 1.190000E+02 8 0 0 0 0 0 0 0 0 0 0 0 21 17 16 14 26 17
 1.195000E+02 7 0 0 0 0 0 0 0 0 0 0 0 22 22 20 13 14 19
 1.200000E+02 12 0 0 0 0 0 0 0 0 0 0 0 20 16 16 13 20 17
 1.205000E+02 3 0 0 0 0 0 0 0 0 0 0 0 18 20 11 13 20 17
 1.210000E+02 6 0 0 0 0 0 0 0 0 0 0 0 17 16 21 14 23 17
 1.215000E+02 10 0 0 0 0 0 0 0 0 0 0 0 23 15 17 15 15 15
 1.220000E+02 16 0 0 0 0 0 0 0 0 0 0 0 19 9 18 25 14 17
 1.225000E+02 6 0 0 0 0 0 0 0 0 0 0 0 17 16 14 18 11 17
 1.230000E+02 8 0 0 0 0 0 0 0 0 0 0 0 25 15 13 19 19 18
 1.235000E+02 7 0 0 0 0 0 0 0 0 3 0 0 19 12 20 18 13 22
 1.240000E+02 9 0 0 0 0 0 0 0 0 3 0 0 11 21 15 14 16 31
 1.245000E+02 6 0 0 0 0 0 0 1 0 2 0 0 13 15 11 11 18 22
 1.250000E+02 13 0 0 0 0 0 0 0 0 2 0 0 23 14 12 12 19 17
 1.255000E+02 8 0 0 0 0 0 0 0 0 0 0 0 28 19 13 16 17 17
 1.260000E+02 3 0 0 0 0 0 0 0 0 0 0 0 19 17 15 16 10 18
 1.265000E+02 12 0 0 0 0 0 0 0 0 1 0 0 15 18 16 20 18 21
 1.270000E+02 8 0 0 0 0 0 0 0 0 2 0 0 15 13 16 25 19 20
 1.275000E+02 6 0 0 0 0 0 0 0 0 2 0 0 20 19 14 15 12 15
 1.280000E+02 10 0 0 0 0 0 0 0 0 1 0 0 23 18 17 11 19 8
 1.285000E+02 7 0 0 0 0 0 0 0 0 0 0 0 14 17 18 19 18 11
 1.290000E+02 3 0 0 0 0 0 0 1 0 0 0 0 13 20 17 20 20 15
 1.295000E+02 10 0 0 0 0 0 0 1 0 0 0 0 18 18 12 18 16 10
 1.300000E+02 10 0 0 0 0 0 0 0 0 1 0 0 13 25 11 23 22 12
 1.305000E+02 9 0 0 0 0 0 0 0 0 1 0 0 17 16 15 15 13 13
 1.310000E+02 6 0 0 0 0 0 0 0 0 2 0 0 15 16 19 16 13 19
 1.315000E+02 17 0 0 0 0 0 0 0 0 1 0 0 18 19 15 17 14 14
 1.320000E+02 11 0 0 0 0 0 0 0 0 1 0 0 21 20 14 14 18 10
 1.325000E+02 6 0 0 0 0 0 0 0 0 0 0 0 27 16 15 17 14 9
 1.330000E+02 6 0 0 0 0 0 0 0 0 0 0 0 24 16 12 19 19 11
 1.335000E+02 8 0 0 0 0 0 0 0 0 0 0 0 20 17 13 18 11 16
 1.340000E+02 7 0 0 0 0 0 0 0 0 0 0 0 20 13 16 13 16 18
 1.345000E+02 11 0 0 0 0 0 0 0 0 0 0 0 20 17 12 20 13 12
 1.350000E+02 11 0 0 0 0 0 0 0 0 1 0 0 18 17 13 21 18 15
 1.355000E+02 8 0 0 0 0 0 0 1 0 0 0 0 22 13 20 19 16 13
 1.360000E+02 7 0 0 0 0 0 0 0 0 0 0 0 18 14 21 11 15 16
 1.365000E+02 9 0 0 0 0 0 0 0 0 0 0 0 15 22 23 12 13 16
 1.370000E+02 6 0 0 0 0 0 0 0 0 0 0 0 18 26 12 12 14 13
 1.375000E+02 10 0 0 0 0 0 0 1 0 0 0 0 23 31 5 21 16 13
 1.380000E+02 11 0 0 0 0 0 0 0 0 1 0 0 21 24 10 23 18 12
 1.385000E+02 9 0 0 0 0 0 0 0 0 0 0 0 20 16 14 22 21 14
 1.390000E+02 8 0 0 0 0 0 0 0 0 0 0 0 20 14 14 20 17 11
 1.395000E+02 8 0 0 0 0 0 0 0 0 0 0 0 19 14 19 14 21 18
 1.400000E+02 7 0 0 0 0 0 0 0 0 0 0 0 19 11 23 16 22 14
 1.405000E+02 7 0 0 0 0 0 0 0 0 0 0 0 17 15 25 19 13 13
 1.410000E+02 7 0 0 0 0 0 0 0 0 0 0 0 21 11 18 17 13 11
 1.415000E+02 14 0 0 0 0 0 0 0 0 0 0 0 18 20 24 16 17 14
 1.420000E+02 11 0 0 0 0 0 0 0 0 0 0 0 18 23 19 18 16 16
 1.425000E+02 8 0 0 0 0 0 0 0 0 0 0 0 11 18 20 18 11 19
 1.430000E+02 10 0 0 0 0 0 0 0 0 0 0 0 19 21 20 15 15 22
 1.435000E+02 4 0 0 0 0 0 0 0 0 0 0 0 23 23 19 8 16 27
 1.440000E+02 8 0 0 0 0 0 0 0 0 0 0 0 23 11 13 17 19 23
 1.445000E+02 6 0 0 0 0 0 0 0 0 0 0 0 21 11 18 13 19 14
 1.450000E+02 7 0 0 0 0 0 0 0 0 0 0 0 23 13 24 13 18 12
 1.455000E+02 5 0 0 0 0 0 0 0 0 0 0 0 17 21 26 13 20 15
 1.460000E+02 11 0 0 0 0 0 0 0 0 0 0 0 19 17 23 20 15 16
 1.465000E+02 6 0 0 0 0 0 0 0 0 0 0 0 22 17 16 20 12 16
 1.470000E+02 8 0 0 0 0 0 0 0 0 0 0 0 22 9 18 19 12 18
 1.475000E+02 8 0 0 0 0 0 0 0 0 0 0 0 15 12 23 18 17 14
 1.480000E+02 7 0 0 0 0 0 0 0 0 0 0 0 14 17 23 18 12 14
 1.485000E+02 14 0 0 0 0 0 0 0 0 0 0 0 9 14 24 18 12 23
 1.490000E+02 8 0 0 0 0 0 0 0 0 0 0 0 19 19 17 18 18 14
 1.495000E+02 8 0 0 0 0 0 0 0 0 0 0 0 21 22 13 20 18 13
 1.500000E+02 6 0 0 0 0 0 0 0 0 0 0 0 15 19 14 27 21 8
 1.505000E+02 4 0 0 0 0 0 0 0 0 1 0 0 15 18 17 30 17 11
 1.510000E+02 3 0 0 0 0 0 0 0 0 0 0 0 18 14 23 21 20 9
 1.515000E+02 6 0 0 0 0 0 0 0 0 0 0 0 18 10 18 20 19 12
 1.520000E+02 17 0 0 0 0 0 0 0 0 0 0 0 15 13 17 20 25 13
 1.525000E+02 10 0 0 0 0 0 0 0 0 0 0 0 15 15 19 17 14 17
 1.530000E+02 18 0 0 0 0 0 0 0 0 0 0 0 20 9 20 21 16 12
 1.535000E+02 10 0 0 0 0 0 0 0 0 0 0 0 14 14 18 22 14 25
 1.540000E+02 8 0 0 0 0 0 0 0 0 0 0 0 10 15 16 22 13 24
 1.545000E+02 5 0 0 0 0 0 0 0 0 0 0 0 14 16 11 25 11 23
 1.550000E+02 9 0 0 0 0 0 0 1 0 0 0 0 16 19 11 24 15 20
 1.555000E+02 4 0 0 0 0 0 0 0 0 1 0 0 15 14 14 18 9 22
 1.560000E+02 7 0 0 0 0 0 0 0 0 0 0 0 16 14 15 16 14 15
 1.565000E+02 8 0 0 0 0 0 0 0 0 0 0 0 19 13 21 18 13 22
 1.570000E+02 6 0 0 0 0 0 0 0 0 0 0 0 20 16 22 14 16 10
 1.575000E+02 11 0 0 0 0 0 0 0 0 0 0 0 17 14 20 20 20 12
 1.580000E+02 6 0 0 0 0 0 0 0 0 0 0 0 14 11 22 14 19 14
 1.585000E+02 12 0 0 0 0 0 0 0 0 0 0 0 18 19 18 15 20 13
 1.590000E+02 4 0 0 0 0 0 0 0 0 0 0 0 21 18 21 23 17 12
 1.595000E+02 18 0 0 0 0 0 0 0 0 0 0 0 13 15 12 20 22 15
 1.600000E+02 11 0 0 0 0 0 0 0 0 0 0 0 16 12 16 29 23 17
 1.605000E+02 11 0 0 0 0 0 0 0 0 0 0 0 17 8 18 23 23 24
 1.610000E+02 12 0 0 0 0 0 0 0 0 0 0 0 22 10 17 21 25 21
 1.615000E+02 15 0 0 0 0 0 0 0 0 0 0 0 13 15 18 15 22 16
 1.620000E+02 9 0 0 0 0 0 0 0 0 0 0 0 15 16 16 11 30 19
 1.625000E+02 9 0 0 0 0 0 0 0 0 0 0 0 17 20 13 16 28 25
 1.630000E+02 16 0 0 0 0 0 0 0 0 1 0 0 14 17 14 20 21 14
 1.635000E+02 7 0 0 0 0 0 0 1 0 0 0 0 20 20 16 13 17 18
 1.640000E+02 6 0 0 0 0 0 0 0 0 1 0 0 18 14 16 12 22 22
 1.645000E+02 11 0 0 0 0 0 0 0 0 0 0 0 8 15 22 21 20 18
 1.650000E+02 7 0 0 0 0 0 0 0 0 0 0 0 17 13 28 26 12 14
 1.655000E+02 8 0 0 0 0 0 0 0 0 0 0 0 18 11 30 22 14 15
 1.660000E+02 11 0 0 0 0 0 0 0 0 0 0 0 17 21 22 18 17 13
 1.665000E+02 9 0 0 0 0 0 0 0 0 0 0 0 22 19 19 19 18 10
 1.670000E+02 16 0 0 0 0 0 0 0 0 0 0 0 17 13 20 27 18 17
 1.675000E+02 1 0 0 0 0 0 0 0 0 0 0 0 20 18 20 19 16 15
 1.680000E+02 11 0 0 0 0 0 0 0 0 0 0 0 15 16 21 16 20 13
 1.685000E+02 10 0 0 0 0 0 0 0 0 0 0 0 17 16 18 16 17 16
 1.690000E+02 6 0 0 0 0 0 0 0 0 0 0 0 17 19 13 16 19 19
 1.695000E+02 7 0 0 0 0 0 0 0 0 0 0 0 14 17 15 16 18 23
 1.700000E+02 15 0 0 0 0 0 0 0 0 0 0 0 15 15 18 17 15 20
 1.705000E+02 9 0 0 0 0 0 0 0 0 1 0 0 13 19 16 17 12 25
 1.710000E+02 6 0 0 0 0 0 0 0 0 1 0 0 13 21 17 21 10 21
 1.715000E+02 7 0 0 0 0 0 0 1 0 0 0 0 17 18 9 22 13 22
 1.720000E+02 7 0 0 0 0 0 0 1 0 0 0 0 17 17 12 20 14 23
 1.725000E+02 9 0 0 0 0 0 0 0 0 0 0 0 22 14 12 15 16 17
 1.730000E+02 12 0 0 0 0 0 0 0 0 0 0 0 22 18 12 22 21 11
 1.735000E+02 12 0 0 0 0 0 0 0 0 1 0 0 13 18 16 19 18 11
 1.740000E+02 9 0 0 0 0 0 0 1 0 0 0 0 14 14 14 18 21 21
 1.745000E+02 7 0 0 0 0 0 0 0 0 0 0 0 12 18 16 20 14 20
 1.750000E+02 10 0 0 0 0 0 0 0 0 0 0 0 10 20 17 21 10 18
 1.755000E+02 8 0 0 0 0 0 0 0 0 1 0 0 13 16 17 20 17 16
 1.760000E+02 12 0 0 0 0 0 0 0 0 0 0 0 20 20 19 15 14 19
 1.765000E+02 7 0 0 0 0 0 0 0 0 0 0 0 15 21 13 12 24 21
 1.770000E+02 8 0 0 0 0 0 0 2 0 0 0 0 16 12 15 12 19 21
 1.775000E+02 8 0 0 0 0 0 0 1 0 0 0 0 15 21 14 16 16 12
 1.780000E+02 13 0 0 0 0 0 0 0 0 1 0 0 14 27 10 19 14 21
 1.785000E+02 10 0 0 0 0 0 0 0 0 1 0 0 14 21 10 14 18 22
 1.790000E+02 6 0 0 0 0 0 0 0 0 0 0 0 19 12 14 14 19 19
 1.795000E+02 9 0 0 0 0 0 0 0 0 0 0 0 26 16 7 19 22 18
 1.800000E+02 7 0 0 0 0 0 0 0 0 0 0 0 17 16 9 13 22 23
 1.805000E+02 8 0 0 0 0 0 0 0 0 0 0 0 18 15 14 15 20 19
 1.810000E+02 7 0 0 0 0 0 0 0 0 0 0 0 17 19 16 16 24 16
 1.815000E+02 12 0 0 0 0 0 0 0 0 0 0 0 12 28 12 18 23 10
 1.820000E+02 9 0 0 0 0 0 0 0 0 0 0 0 8 24 18 14 19 13
 1.825000E+02 6 0 0 0 0 0 0 0 0 0 0 0 15 25 15 17 14 14
 1.830000E+02 8 0 0 0 0 0 0 0 0 0 0 0 15 18 14 16 18 19
 1.835000E+02 9 0 0 0 0 0 0 0 0 0 0 0 14 18 14 21 18 17
 1.840000E+02 8 0 0 0 0 0 0 0 0 0 0 0 14 16 13 20 16 18
 1.845000E+02 5 0 0 0 0 0 0 0 0 0 0 0 15 17 17 25 19 18
 1.850000E+02 9 0 0 0 0 0 0 0 0 0 0 0 12 12 9 19 23 22
 1.855000E+02 9 0 0 0 0 0 0 0 0 0 0 0 11 10 10 19 20 25
 1.860000E+02 5 0 0 0 0 0 0 0 0 0 0 0 11 14 13 19 18 19
 1.865000E+02 11 0 0 0 0 0 0 0 0 0 0 0 14 13 15 22 16 20
 1.870000E+02 7 0 0 0 0 0 0 0 0 0 0 0 10 18 12 23 16 21
 1.875000E+02 9 0 0 0 0 0 0 0 0 0 0 0 10 13 12 16 23 19
 1.880000E+02 7 0 0 0 0 0 0 0 0 0 0 0 12 9 12 20 25 23
 1.885000E+02 6 0 0 0 0 0 0 0 0 0 0 0 15 12 18 20 15 24
 1.890000E+02 8 0 0 0 0 0 0 0 0 0 0 0 18 19 17 16 11 18
 1.895000E+02 10 0 0 0 0 0 0 0 0 0 0 0 13 20 14 18 13 20
 1.900000E+02 14 0 0 0 0 0 0 0 0 0 0 0 10 16 17 19 19 19
 1.905000E+02 10 0 0 0 0 0 0 0 0 0 0 0 20 8 15 16 17 15
 1.910000E+02 8 0 0 0 0 0 0 0 0 0 0 0 20 12 16 12 24 17
 1.915000E+02 3 0 0 0 0 0 0 0 0 0 0 0 18 13 23 20 18 18
 1.920000E+02 6 0 0 0 0 0 0 0 0 0 0 0 15 20 16 22 12 16
 1.925000E+02 14 0 0 0 0 0 0 0 0 0 0 0 16 18 15 17 12 17
 1.930000E+02 11 0 0 0 0 0 0 0 0 0 0 0 16 21 11 24 15 18
 1.935000E+02 6 0 0 0 0 0 0 0 0 0 0 0 17 16 18 19 21 17
 1.940000E+02 6 0 0 0 0 0 0 0 0 2 0 0 11 16 18 17 21 21
 1.945000E+02 6 0 0 0 0 0 0 0 0 2 0 0 17 18 17 14 18 12
 1.950000E+02 10 0 0 0 0 0 0 0 0 1 0 0 9 17 19 23 17 14
 1.955000E+02 8 0 0 0 0 0 0 0 0 1 0 0 19 14 18 23 19 16
 1.960000E+02 5 0 0 0 0 0 0 0 0 1 0 0 17 17 17 18 20 14
 1.965000E+02 13 0 0 0 0 0 0 0 0 1 0 0 15 21 13 14 17 23
 1.970000E+02 8 0 0 0 0 0 0 0 0 1 0 0 18 19 17 13 8 23
 1.975000E+02 8 0 0 0 0 0 0 1 0 0 0 0 24 22 13 18 13 17
 1.980000E+02 9 0 0 0 0 0 0 0 0 0 0 0 20 22 16 10 15 21
 1.985000E+02 6 0 0 0 0 0 0 0 0 0 0 0 22 25 16 11 13 20
 1.990000E+02 13 0 0 0 0 0 0 0 0 0 0 0 25 16 11 14 16 10
 1.995000E+02 9 0 0 0 0 0 0 0 0 0 0 0 20 14 14 17 19 13
 2.000000E+02 7 0 0 0 0 0 0 0 0 0 0 0 16 16 20 16 25 19
 2.005000E+02 8 0 0 0 0 0 0 0 0 0 0 0 22 16 22 17 20 14
 2.010000E+02 7 0 0 0 0 0 0 0 0 0 0 0 17 15 17 23 16 15
 2.015000E+02 11 0 0 0 0 0 0 0 0 1 0 0 16 14 21 21 18 17
 2.020000E+02 8 0 0 0 0 0 0 1 0 0 0 0 18 17 11 17 22 18
 2.025000E+02 9 0 0 0 0 0 0 0 0 0 0 0 23 19 16 20 21 17
 2.030000E+02 15 0 0 0 0 0 0 0 0 0 0 0 22 13 9 13 22 18
 2.035000E+02 8 0 0 0 0 0 0 0 0 0 0 0 14 13 14 12 20 17
 2.040000E+02 14 0 0 0 0 0 0 0 0 1 0 0 11 21 17 15 21 14
 2.045000E+02 9 0 0 0 0 0 0 0 0 1 0 0 9 16 16 15 16 13
 2.050000E+02 7 0 0 0 0 0 0 0 0 0 1 0 11 11 18 19 22 16
 2.055000E+02 5 0 0 0 0 0 0 0 0 1 0 0 12 13 14 16 11 13
 2.060000E+02 5 0 0 0 0 0 0 0 0 0 0 0 15 18 23 14 15 17
 2.065000E+02 2 0 0 0 0 0 0 0 0 0 0 0 14 16 18 17 10 22
 2.070000E+02 9 0 0 0 0 0 0 0 0 0 0 0 15 10 19 20 5 28
 2.075000E+02 8 0 0 0 0 0 0 0 0 0 0 0 16 15 19 22 12 19
 2.080000E+02 9 0 0 0 0 0 0 0 0 0 0 0 18 13 16 26 15 19
 2.085000E+02 13 0 0 0 0 0 0 0 0 0 0 0 15 12 22 21 12 20
 2.090000E+02 8 0 0 0 0 0 0 0 0 0 0 0 17 10 19 14 9 20
 2.095000E+02 14 0 0 0 0 0 0 0 0 0 0 0 14 10 18 20 14 24
 2.100000E+02 10 0 0 0 0 0 0 0 0 0 0 0 16 14 15 17 12 15
 2.105000E+02 7 0 0 0 0 0 0 0 0 0 0 0 15 19 12 15 21 16
 2.110000E+02 13 0 0 0 0 0 0 0 0 0 0 0 11 17 18 17 18 10
 2.115000E+02 9 0 0 0 0 0 0 0 0 0 0 0 12 8 22 20 19 12
 2.120000E+02 4 0 0 0 0 0 0 0 0 0 0 0 14 14 22 14 26 14
 2.125000E+02 10 0 0 0 1 0 0 0 0 1 0 0 14 17 14 18 21 11
 2.130000E+02 7 0 0 0 0 0 0 0 0 1 1 0 14 19 17 15 22 11
 2.135000E+02 10 0 0 0 0 0 0 0 0 1 0 0 18 18 19 19 15 10
 2.140000E+02 8 0 0 1 0 0 0 0 0 0 0 0 14 20 21 15 13 15
 2.145000E+02 12 0 0 0 0 0 0 0 0 1 0 0 17 16 19 10 16 17
 2.150000E+02 11 0 0 0 0 0 0 0 0 1 0 0 18 11 12 16 18 19
 2.155000E+02 9 0 0 0 0 0 0 0 0 1 1 0 16 12 13 19 20 16
 2.160000E+02 6 0 0 0 0 0 0 0 0 1 0 1 17 13 11 21 19 14
 2.165000E+02 17 0 0 0 0 0 0 0 0 1 0 0 14 16 12 16 21 19
 2.170000E+02 11 0 0 0 0 0 0 0 0 0 0 0 15 15 13 15 28 20
 2.175000E+02 7 0 0 0 0 0 0 0 0 0 0 0 17 10 16 10 16 18
 2.180000E+02 7 0 0 0 0 0 0 0 0 0 0 0 18 13 21 13 21 12
 2.185000E+02 6 0 0 0 0 0 0 0 0 0 0 0 15 18 23 18 17 10
 2.190000E+02 7 0 0 0 0 0 0 0 0 0 0 0 11 9 22 16 16 10
 2.195000E+02 7 0 0 0 0 0 0 0 0 0 0 0 20 18 19 14 14 18
 2.200000E+02 8 0 0 0 0 0 0 0 0 0 1 0 14 23 11 11 14 22
 2.205000E+02 10 0 0 0 0 0 0 0 0 0 0 0 17 18 13 8 16 25
 2.210000E+02 6 0 0 1 0 0 0 0 0 0 0 0 13 22 15 12 17 21
 2.215000E+02 9 0 0 0 0 0 0 0 0 1 0 0 13 21 14 12 17 18
 2.220000E+02 6 0 0 0 0 0 0 0 0 1 0 0 11 21 12 15 14 21
 2.225000E+02 10 0 0 0 0 0 0 0 0 0 0 0 17 19 15 12 12 15
 2.230000E+02 5 0 0 0 0 0 0 0 0 0 0 0 27 16 15 12 14 13
 2.235000E+02 7 0 0 0 0 0 0 0 0 0 0 0 19 20 9 10 16 15
 2.240000E+02 3 0 0 0 0 0 0 0 0 1 0 0 24 22 13 15 21 11
 2.245000E+02 12 0 0 0 0 0 0 0 0 1 0 0 29 17 11 11 17 9
 2.250000E+02 7 0 0 0 0 0 0 1 0 0 0 0 24 11 13 13 17 11
 2.255000E+02 9 0 0 0 0 0 0 0 0 0 0 0 19 13 12 12 18 16
 2.260000E+02 10 0 0 0 0 0 0 0 0 0 0 0 16 16 14 9 20 16
 2.265000E+02 11 0 0 0 0 0 0 0 0 0 0 0 14 15 19 17 13 13
 2.270000E+02 5 0 0 0 0 0 0 0 0 0 0 0 9 19 24 22 16 13
 2.275000E+02 8 0 0 0 0 0 0 0 0 0 0 0 14 18 24 25 12 11
 2.280000E+02 5 0 0 0 0 0 0 0 0 0 0 0 13 24 21 15 16 13
 2.285000E+02 8 0 0 0 0 0 0 0 0 0 0 0 14 17 20 17 16 13
 2.290000E+02 7 0 0 0 0 0 0 0 0 0 0 0 13 16 13 14 12 11
 2.295000E+02 6 0 0 0 0 0 0 0 0 0 0 0 21 13 11 15 15 15
 2.300000E+02 8 0 0 0 0 0 0 0 0 1 0 0 20 10 16 17 12 20
 2.305000E+02 7 0 0 0 1 0 0 0 0 0 0 0 19 15 12 20 16 19
 2.310000E+02 7 0 0 0 0 0 0 0 0 0 0 0 19 18 15 17 19 17
 2.315000E+02 8 0 0 0 0 0 0 0 0 0 0 0 22 12 18 18 21 14
 2.320000E+02 13 0 0 0 0 0 0 0 0 0 0 0 16 8 16 20 19 15
 2.325000E+02 10 0 0 0 0 0 0 0 0 0 0 0 14 13 17 20 18 14
 2.330000E+02 12 0 0 0 0 0 0 0 0 0 0 0 18 14 21 17 16 15
 2.335000E+02 8 0 0 0 0 0 0 0 0 0 0 0 14 21 14 17 17 18
 2.340000E+02 8 0 0 0 0 0 0 0 0 0 0 0 16 17 16 15 14 24
 2.345000E+02 14 0 0 0 0 0 0 0 0 0 0 0 17 18 17 16 16 31
 2.350000E+02 3 0 0 0 0 0 0 0 0 1 0 0 16 20 18 17 16 18
 2.355000E+02 8 0 0 0 0 0 0 0 0 0 0 0 18 11 16 19 17 18
 2.360000E+02 8 0 0 0 0 0 0 0 0 0 0 0 16 14 22 16 15 19
 2.365000E+02 12 0 0 0 0 0 0 0 0 1 0 0 19 11 19 15 9 19
 2.370000E+02 11 0 0 1 0 0 0 1 0 0 0 0 19 14 21 14 14 16
 2.375000E+02 11 0 0 0 0 0 0 0 0 0 0 0 19 17 20 8 15 18
 2.380000E+02 5 0 0 0 0 0 0 0 0 1 0 0 15 13 21 13 14 15
 2.385000E+02 9 0 0 0 0 0 0 0 0 0 0 0 17 15 23 14 13 14
 2.390000E+02 12 0 0 0 0 0 0 0 0 0 0 0 13 22 24 17 13 16
 2.395000E+02 4 0 0 0 0 0 0 0 0 0 0 0 15 16 17 19 15 12
 2.400000E+02 14 0 0 0 0 0 0 0 0 0 0 0 12 18 18 21 20 16
 2.405000E+02 16 0 0 0 0 0 0 0 0 1 0 0 12 18 14 20 23 10
 2.410000E+02 11 0 0 0 0 0 0 0 0 1 0 0 17 18 17 14 15 15
 2.415000E+02 12 0 0 0 0 0 0 0 0 0 0 0 9 19 23 20 18 8
 2.420000E+02 13 0 0 0 0 0 0 0 0 0 0 0 13 13 24 18 17 16
 2.425000E+02 8 0 0 0 0 0 0 0 0 1 0 0 14 16 16 15 16 18
 2.430000E+02 12 0 0 0 0 0 0 0 0 0 0 0 16 14 19 12 20 22
 2.435000E+02 9 0 0 0 0 0 0 0 0 0 0 0 11 23 17 11 15 21
 2.440000E+02 13 0 0 0 0 0 0 0 0 0 0 0 11 21 8 13 17 20
 2.445000E+02 5 0 0 0 0 0 0 0 0 0 0 0 11 20 16 14 17 22
 2.450000E+02 9 0 0 0 0 0 0 0 0 0 0 0 12 20 15 19 10 18
 2.455000E+02 5 0 0 0 0 0 0 0 0 0 0 0 12 18 9 16 14 22
 2.460000E+02 14 0 0 0 0 0 0 0 0 0 0 0 8 19 16 13 13 17
 2.465000E+02 10 0 0 0 0 0 0 0 0 0 0 0 14 17 17 15 15 18
 2.470000E+02 14 0 0 0 0 0 0 0 0 1 0 0 16 13 17 17 13 16
 2.475000E+02 3 0 0 0 0 0 0 0 0 0 0 0 20 13 18 14 15 17
 2.480000E+02 8 0 0 0 0 0 0 0 0 0 0 0 17 19 18 17 18 16
 2.485000E+02 6 0 0 0 0 0 0 0 0 0 0 0 10 24 12 22 15 17
 2.490000E+02 13 0 0 0 0 0 0 0 0 0 0 0 9 22 10 23 14 14
 2.495000E+02 10 0 0 0 0 0 0 0 0 0 0 0 13 23 12 25 10 17
 2.500000E+02 7 0 0 0 0 0 0 0 0 0 0 0 15 17 15 17 10 18
 2.505000E+02 1139 0 0 0 0 0 0 0 0 4 0 0 0 0 0 0 0 0
 2.510000E+02 1852 0 0 9 0 0 0 3 0 13 0 1 0 0 0 0 0 0
 2.515000E+02 2146 0 0 7 0 1 0 1 0 24 2 1 0 0 0 0 0 0
 2.520000E+02 2240 0 0 14 0 0 0 1 0 33 1 1 0 0 0 0 0 0
 2.525000E+02 977 1 1 6 0 0 0 1 0 28 0 3 0 0 0 0 0 0
 2.530000E+02 423 0 0 4 0 0 0 7 0 18 1 0 0 0 0 1 0 0
 2.535000E+02 180 1 0 6 1 1 0 4 0 13 1 0 2 0 0 0 0 0
 2.540000E+02 97 1 0 1 0 0 0 4 0 9 2 0 2 2 1 2 1 2
 2.545000E+02 1314 0 0 1 0 0 0 3 0 19 1 0 0 0 0 0 0 0
 2.550000E+02 1870 0 0 3 0 0 0 5 1 23 2 0 0 0 0 0 0 0
 2.555000E+02 2174 2 0 4 0 0 0 4 0 32 0 0 0 0 0 0 0 0
 2.560000E+02 2209 1 0 9 0 3 0 3 0 30 0 1 0 0 0 0 0 0
 2.565000E+02 942 0 0 5 0 2 0 5 0 30 1 0 0 0 0 0 0 0
 2.570000E+02 429 1 0 0 0 0 0 2 0 28 1 0 0 0 0 0 0 0
 2.575000E+02 218 1 0 2 0 0 0 1 0 19 1 0 0 1 0 1 0 0
 2.580000E+02 122 0 0 1 0 0 0 2 0 10 1 0 3 2 0 4 1 1
 2.585000E+02 1341 0 0 2 0 0 0 2 0 13 1 0 0 0 0 0 0 0
 2.590000E+02 1931 2 0 3 0 0 0 1 0 27 1 0 0 0 0 0 0 0
 2.595000E+02 2114 0 0 4 1 0 0 5 1 37 1 0 0 0 0 0 0 0
 2.600000E+02 2257 1 0 2 0 2 0 5 1 37 0 0 0 0 0 0 0 0
 2.605000E+02 980 1 0 3 0 1 0 5 0 32 0 1 0 0 0 0 0 0
 2.610000E+02 449 0 0 4 0 0 0 4 0 23 1 0 0 0 0 0 0 0
 2.615000E+02 218 1 0 1 0 1 0 1 0 16 0 2 1 0 1 1 0 0
 2.620000E+02 107 0 0 1 0 1 0 0 0 10 0 2 2 2 3 1 0 1
 2.625000E+02 1332 1 0 2 0 1 0 2 1 13 0 0 0 0 0 0 0 0
 2.630000E+02 1921 1 0 2 0 1 0 1 1 26 0 0 0 0 0 0 0 0
 2.635000E+02 2165 3 0 1 0 2 0 5 0 25 0 2 0 0 0 0 0 0
 2.640000E+02 2251 4 0 1 0 2 0 7 1 19 0 2 0 0 0 0 0 0
 2.645000E+02 962 2 0 4 0 3 0 5 0 22 0 1 0 0 0 0 0 0
 2.650000E+02 384 2 0 1 0 1 0 4 0 24 0 2 0 0 0 0 0 0
 2.655000E+02 188 0 0 1 1 2 0 6 0 19 0 0 1 0 2 0 0 0
 2.660000E+02 91 0 0 2 0 0 0 4 0 16 2 2 1 1 2 2 3 2
 2.665000E+02 1396 0 0 2 0 2 0 3 0 24 0 0 0 0 0 0 0 0
 2.670000E+02 1890 0 0 1 0 0 0 4 0 24 2 0 0 0 0 0 0 0
 2.675000E+02 2175 1 0 1 0 0 0 5 0 27 1 2 0 0 0 0 0 0
 2.680000E+02 2305 0 0 4 0 1 0 10 0 39 2 1 0 0 0 0 0 0
 2.685000E+02 970 1 0 0 0 1 0 10 0 28 1 0 0 0 0 0 0 0
 2.690000E+02 419 2 0 1 0 2 0 1 0 28 2 1 3 1 1 0 0 0
 2.695000E+02 187 0 0 1 0 3 0 2 0 20 0 0 0 2 0 0 0 1
 2.700000E+02 97 1 0 0 0 0 0 2 0 11 0 0 1 0 1 2 3 3
 2.705000E+02 1402 0 0 0 0 0 0 3 0 15 0 0 0 0 0 0 0 0
 2.710000E+02 1875 1 0 0 0 1 0 4 0 25 0 0 0 0 0 0 0 0
 2.715000E+02 2220 0 0 2 0 5 0 5 1 24 0 0 0 0 0 0 0 0
 2.720000E+02 2269 1 0 2 0 0 0 2 0 34 2 1 0 0 0 0 0 0
 2.725000E+02 967 1 0 0 0 2 0 2 1 26 0 0 0 0 0 0 0 0
 2.730000E+02 441 0 0 1 0 2 0 4 0 16 0 2 0 0 0 0 0 0
 2.735000E+02 196 0 0 1 0 0 0 2 0 11 1 0 0 1 0 0 0 0
 2.740000E+02 96 0 0 1 0 0 1 0 0 10 0 0 3 1 0 1 0 0
 2.745000E+02 1399 0 0 0 0 1 0 2 0 17 0 0 0 0 0 0 0 0
 2.750000E+02 1939 0 0 2 0 1 0 7 0 29 0 1 1 0 0 0 0 0
 2.755000E+02 2218 2 0 2 0 1 0 4 0 30 2 0 0 0 0 0 0 0
 2.760000E+02 2317 4 0 2 0 1 0 3 1 27 0 1 0 0 0 0 0 0
 2.765000E+02 985 0 0 1 0 4 0 7 1 27 0 1 0 0 0 0 0 0
 2.770000E+02 441 0 0 1 0 0 0 2 0 26 1 2 0 0 0 0 1 0
 2.775000E+02 203 0 0 1 0 1 0 2 1 13 1 0 0 0 0 1 0 0
 2.780000E+02 109 0 0 0 0 1 0 0 0 8 1 0 1 0 3 2 2 1
 2.785000E+02 1403 1 0 2 0 1 0 1 0 16 0 0 0 0 0 0 0 0
 2.790000E+02 1865 2 0 0 0 1 0 2 0 30 1 0 0 0 1 0 0 0
 2.795000E+02 2169 1 0 0 0 0 0 5 0 32 1 1 0 0 0 0 0 0
 2.800000E+02 2258 5 0 1 0 2 0 8 0 31 0 3 0 0 0 0 0 0
 2.805000E+02 934 3 0 2 0 4 0 5 0 34 2 1 0 0 0 0 0 0
 2.810000E+02 420 0 0 0 0 4 0 7 0 29 1 0 0 0 0 0 0 0
 2.815000E+02 216 1 1 1 0 0 0 3 0 24 0 0 0 1 1 0 0 1
 2.820000E+02 122 0 0 1 0 1 0 3 0 13 1 1 0 3 2 2 3 2
 2.825000E+02 1364 1 0 0 0 1 0 2 0 17 1 1 0 0 0 1 0 0
 2.830000E+02 1903 1 0 1 0 3 0 6 0 25 0 1 0 0 0 0 0 0
 2.835000E+02 2158 0 0 2 0 5 0 1 0 32 0 0 0 0 0 0 0 0
 2.840000E+02 2316 2 0 2 0 0 0 7 1 39 0 2 0 0 0 0 0 0
 2.845000E+02 1012 0 0 0 0 0 0 6 0 30 1 0 0 0 0 0 0 0
 2.850000E+02 464 1 0 1 0 0 0 8 0 25 1 1 1 1 0 0 0 0
 2.855000E+02 209 2 0 0 0 1 0 2 0 16 1 0 1 0 2 0 0 0
 2.860000E+02 107 1 0 0 0 1 0 2 0 8 0 0 4 2 1 1 0 3
 2.865000E+02 1287 0 0 0 0 3 0 3 0 14 0 0 0 0 0 0 0 0
 2.870000E+02 1834 1 0 0 0 0 0 3 0 23 1 0 0 0 0 0 0 0
 2.875000E+02 2052 2 0 2 0 1 0 3 1 32 1 0 0 0 0 0 0 0
 2.880000E+02 2273 1 0 1 0 2 0 5 0 33 0 0 0 0 0 0 0 0
 2.885000E+02 979 1 0 1 0 3 0 3 0 37 1 0 0 0 0 0 0 0
 2.890000E+02 420 2 0 0 0 0 0 6 0 26 3 0 0 0 0 0 0 0
 2.895000E+02 201 0 0 0 0 0 0 3 0 20 0 1 0 0 0 1 1 0
 2.900000E+02 109 1 0 0 0 1 0 3 0 11 0 0 2 0 3 1 2 1
 2.905000E+02 70 0 0 0 0 4 0 2 0 7 1 0 2 3 4 3 5 3
 2.910000E+02 49 1 0 0 0 1 0 2 0 4 0 0 3 9 7 8 6 2
 2.915000E+02 50 0 0 0 0 1 0 0 0 5 0 0 10 7 5 7 7 9
 2.920000E+02 36 0 0 0 0 0 0 1 0 4 0 0 11 4 18 6 7 7
 2.925000E+02 33 0 0 0 0 0 0 2 0 2 0 0 10 5 10 11 9 8
 2.930000E+02 30 0 0 0 0 0 0 1 0 3 0 0 10 11 7 8 17 13
 2.935000E+02 24 0 0 0 0 1 0 2 0 2 0 0 12 11 15 13 10 11
 2.940000E+02 35 0 0 0 0 0 0 0 0 2 0 1 19 13 12 16 14 11
 2.945000E+02 22 0 0 1 0 0 0 0 0 1 0 0 17 16 20 10 10 14
 2.950000E+02 27 0 0 0 0 0 0 0 0 2 0 0 11 19 15 14 18 14
 2.955000E+02 18 0 0 0 0 0 0 0 0 0 1 0 15 12 16 13 15 15
 2.960000E+02 30 0 0 0 0 0 0 0 0 1 0 0 12 17 12 15 16 24
 2.965000E+02 20 0 0 0 0 0 0 0 0 1 0 0 9 16 18 16 8 21
 2.970000E+02 25 0 0 0 0 0 0 1 0 1 0 0 23 14 12 19 16 14
 2.975000E+02 22 0 0 0 0 0 0 0 0 3 0 0 24 13 18 15 16 11
 2.980000E+02 27 0 0 0 0 0 0 0 0 1 0 0 12 18 17 16 18 22
 2.985000E+02 17 0 0 0 0 0 0 0 0 1 0 0 23 13 16 19 17 12
 2.990000E+02 19 0 0 0 0 0 0 0 0 2 0 0 18 19 17 18 26 10
 2.995000E+02 16 0 0 0 0 0 0 0 0 0 0 0 19 14 17 18 16 23
 3.000000E+02 12 0 0 0 0 0 0 0 0 0 0 0 17 27 19 7 15 13
 3.005000E+02 20 0 0 0 0 0 0 0 0 0 0 0 23 21 18 7 21 21
 3.010000E+02 14 0 0 0 0 0 0 0 0 0 0 0 17 18 16 18 22 18
 3.015000E+02 14 0 0 0 0 0 0 0 0 0 0 0 20 17 17 14 18 28
 3.020000E+02 27 0 0 0 0 0 0 1 0 0 0 0 20 22 13 22 27 17
 3.025000E+02 12 0 0 0 0 0 0 0 0 2 0 0 15 17 20 15 17 19
 3.030000E+02 15 0 0 0 0 0 0 0 0 1 0 0 14 23 15 23 15 19
 3.035000E+02 23 0 0 1 0 0 0 0 0 1 0 0 15 16 24 19 18 17
 3.040000E+02 10 0 0 0 0 0 0 0 0 0 0 0 20 24 17 23 17 26
 3.045000E+02 13 0 0 0 0 0 0 0 0 0 0 0 17 20 16 19 19 18
 3.050000E+02 12 0 0 0 0 0 0 0 0 0 0 0 16 25 14 16 17 20
 3.055000E+02 19 0 0 0 0 0 0 0 0 0 0 0 24 24 20 16 12 16
 3.060000E+02 13 0 0 0 0 0 0 0 0 0 0 0 24 27 14 12 19 15
 3.065000E+02 17 0 0 0 0 0 0 0 0 0 0 0 16 18 21 19 22 15
 3.070000E+02 13 0 0 0 0 0 0 0 0 0 0 0 25 24 13 23 23 18
 3.075000E+02 9 0 0 0 0 0 0 0 0 0 0 0 25 22 16 16 15 22
 3.080000E+02 14 0 0 0 0 0 0 0 0 0 0 0 21 26 13 19 15 19
 3.085000E+02 17 0 0 0 0 0 0 0 0 0 0 0 24 16 27 13 13 20
 3.090000E+02 10 0 0 0 0 0 0 0 0 0 0 0 25 13 20 23 26 23
 3.095000E+02 17 0 0 0 0 0 0 0 0 0 0 0 20 17 15 23 18 20
 3.100000E+02 12 0 0 0 0 0 0 0 0 1 0 0 18 21 14 20 20 22
 3.105000E+02 14 0 0 0 0 0 0 0 0 0 0 0 26 20 18 22 19 19
 3.110000E+02 15 0 0 0 0 0 0 0 0 1 0 0 22 16 17 25 19 16
 3.115000E+02 19 1 0 0 0 0 0 0 0 0 0 0 11 17 15 22 20 22
 3.120000E+02 9 0 0 0 0 0 0 0 0 0 0 0 15 14 21 27 21 20
 3.125000E+02 17 0 0 0 0 0 0 0 0 0 0 0 12 12 18 28 16 13
 3.130000E+02 8 0 0 0 0 0 0 0 0 0 0 0 18 19 22 17 18 14
 3.135000E+02 12 0 0 0 0 0 0 0 0 0 0 0 22 18 20 16 18 14
 3.140000E+02 18 0 0 0 0 0 0 0 0 0 0 0 25 19 19 20 19 12
 3.145000E+02 9 0 0 0 0 0 0 0 0 0 0 0 22 19 22 14 25 18
 3.150000E+02 14 0 0 0 0 0 0 0 0 0 0 0 18 22 23 14 12 17
 3.155000E+02 11 0 0 0 0 0 0 0 0 1 0 0 21 23 14 17 20 16
 3.160000E+02 12 0 0 0 0 0 0 1 0 0 0 0 25 16 17 20 23 21
 3.165000E+02 10 0 0 0 0 0 0 0 0 0 0 0 23 15 15 21 20 21
 3.170000E+02 12 0 0 0 0 0 0 0 0 0 0 0 17 12 17 17 19 25
 3.175000E+02 11 0 0 0 0 0 0 0 0 0 0 0 16 12 24 17 22 19
 3.180000E+02 11 0 0 0 0 0 0 0 0 0 0 0 19 17 23 20 18 14
 3.185000E+02 7 0 0 0 0 0 0 0 0 0 0 0 28 17 13 17 14 15
 3.190000E+02 14 0 0 0 0 0 0 0 0 0 0 0 33 18 15 15 20 19
 3.195000E+02 10 0 0 0 0 0 0 0 0 0 0 0 23 22 14 12 16 16
 3.200000E+02 12 0 0 0 0 0 0 0 0 1 0 0 18 19 16 9 17 22
 3.205000E+02 8 0 0 0 0 0 0 0 0 1 0 0 24 22 11 15 17 22
 3.210000E+02 14 0 0 0 0 0 0 0 0 0 0 0 21 20 21 17 18 21
 3.215000E+02 11 0 0 0 0 0 0 0 0 0 0 0 21 18 15 15 24 19
 3.220000E+02 17 0 0 0 0 0 0 0 0 0 0 0 16 11 21 26 26 18
 3.225000E+02 4 0 0 0 0 0 0 0 0 0 0 0 24 12 17 17 20 20
 3.230000E+02 11 0 0 0 0 0 0 0 0 0 0 0 24 17 21 21 16 19
 3.235000E+02 6 0 0 0 0 0 0 0 0 0 0 0 20 11 20 15 20 20
 3.240000E+02 15 0 0 0 0 0 0 0 0 0 0 0 16 18 19 18 19 18
 3.245000E+02 14 0 0 0 0 0 0 0 0 1 0 0 17 21 15 20 15 22
 3.250000E+02 16 0 0 0 0 0 0 0 0 1 0 0 20 23 13 14 21 13
 3.255000E+02 7 0 0 0 0 0 0 0 0 1 0 0 22 18 16 17 25 15
 3.260000E+02 11 0 0 0 0 0 0 0 0 0 0 0 18 18 17 26 13 19
 3.265000E+02 12 0 0 0 0 0 0 0 0 0 0 0 11 20 20 23 18 20
 3.270000E+02 10 0 0 0 0 0 0 0 0 0 0 0 18 13 20 22 15 17
 3.275000E+02 6 0 0 0 0 0 0 0 0 0 0 0 14 15 12 30 22 16
 3.280000E+02 7 0 0 0 0 0 0 0 0 0 0 0 15 16 16 24 16 22
 3.285000E+02 10 0 0 0 0 0 0 0 0 1 0 0 16 14 19 22 20 20
 3.290000E+02 4 0 0 0 0 0 0 0 0 1 0 0 21 14 25 14 16 19
 3.295000E+02 9 0 0 0 0 0 0 0 0 0 0 0 21 15 26 16 15 21
 3.300000E+02 10 0 0 0 0 0 0 0 0 0 0 0 13 20 20 14 25 23
 3.305000E+02 9 0 0 0 0 0 0 0 0 0 0 0 16 23 16 20 18 22
 3.310000E+02 7 0 0 0 0 0 0 0 0 0 0 0 18 25 12 16 17 12
 3.315000E+02 14 0 0 0 0 0 0 0 0 0 0 0 21 18 13 20 15 9
 3.320000E+02 7 0 0 0 0 0 0 0 0 0 0 0 23 27 13 20 19 11
 3.325000E+02 12 0 0 0 0 0 0 0 0 0 0 0 27 16 17 21 14 12
 3.330000E+02 8 0 0 1 0 0 0 0 0 0 0 0 20 24 19 14 17 15
 3.335000E+02 9 0 0 0 0 0 0 1 0 0 0 0 21 21 17 17 14 12
 3.340000E+02 5 0 0 0 0 0 0 0 0 1 0 0 18 23 17 17 15 17
 3.345000E+02 13 0 0 0 0 0 0 0 0 0 0 0 13 20 16 17 15 19
 3.350000E+02 14 0 0 0 0 0 0 0 0 0 0 0 15 22 24 21 19 21
 3.355000E+02 8 0 0 0 0 0 0 0 0 0 0 0 21 17 18 18 19 16
 3.360000E+02 11 0 0 0 0 0 0 0 0 0 0 0 21 21 19 23 12 14
 3.365000E+02 11 0 0 0 0 0 0 0 0 0 0 0 14 17 24 27 15 22
 3.370000E+02 7 0 0 0 0 0 0 0 0 0 0 0 19 13 17 14 14 14
 3.375000E+02 7 0 0 0 0 0 0 0 0 0 0 0 23 20 12 13 23 16
 3.380000E+02 12 0 0 0 0 0 0 0 0 0 0 0 19 21 14 13 21 19
 3.385000E+02 12 0 0 0 0 0 0 0 0 0 0 0 21 16 15 13 19 24
 3.390000E+02 12 0 0 0 0 0 0 0 0 1 0 0 28 17 14 18 18 22
 3.395000E+02 10 0 0 0 0 0 0 0 0 1 0 0 23 13 16 17 13 19
 3.400000E+02 13 0 0 0 0 0 0 0 0 1 0 0 21 17 22 15 18 12
 3.405000E+02 10 0 0 0 0 0 0 0 0 1 0 0 13 21 18 17 17 9
 3.410000E+02 9 0 0 0 0 0 0 0 0 1 0 0 15 25 21 21 13 18
 3.415000E+02 6 0 0 0 0 0 0 2 0 0 0 0 17 19 22 22 11 23
 3.420000E+02 16 0 0 0 0 0 0 0 0 1 0 0 14 15 28 21 13 18
 3.425000E+02 9 0 0 0 0 0 0 0 0 1 0 0 14 14 21 20 18 18
 3.430000E+02 13 0 0 0 0 0 0 1 0 0 0 0 17 10 22 14 19 22
 3.435000E+02 12 0 0 0 0 0 0 0 0 0 0 0 22 11 28 15 24 21
 3.440000E+02 11 0 0 0 0 0 0 0 0 1 0 0 22 12 22 15 26 20
 3.445000E+02 12 0 0 1 0 0 0 0 0 0 0 0 15 14 13 17 17 17
 3.450000E+02 9 0 0 1 0 0 0 0 0 0 0 0 14 16 22 16 25 16
 3.455000E+02 7 0 0 0 0 0 0 0 0 0 0 0 18 12 17 20 20 18
 3.460000E+02 7 0 0 0 0 0 0 0 0 0 0 0 15 13 16 17 24 16
 3.465000E+02 10 0 0 0 0 0 0 0 0 0 0 0 28 11 22 16 19 23
 3.470000E+02 7 0 0 0 0 0 0 0 0 0 0 0 26 14 21 11 13 15
 3.475000E+02 13 0 0 0 0 0 0 0 0 0 0 0 20 18 16 12 15 22
 3.480000E+02 11 0 0 0 0 0 0 0 0 0 0 0 14 20 21 14 15 21
 3.485000E+02 10 0 0 0 0 0 0 0 0 0 0 0 16 12 23 14 16 22
 3.490000E+02 5 0 0 0 0 0 0 0 0 2 0 0 14 15 21 16 21 17
 3.495000E+02 3 0 0 0 0 0 0 0 0 0 0 0 16 23 22 16 15 17
 3.500000E+02 5 0 0 0 0 0 0 0 0 0 0 0 16 23 20 13 21 14
 3.505000E+02 6 0 0 0 0 0 0 0 0 0 0 0 19 20 20 12 19 14
 3.510000E+02 10 0 0 0 0 0 0 0 0 0 0 0 18 16 20 16 20 17
 3.515000E+02 9 0 0 0 0 0 0 0 0 0 0 0 27 20 28 18 10 14
 3.520000E+02 6 0 0 0 0 0 0 0 0 0 0 0 28 16 15 16 13 14
 3.525000E+02 13 0 0 0 0 0 0 0 0 0 0 0 17 18 15 19 20 19
 3.530000E+02 6 1 0 0 0 0 0 0 0 1 0 0 23 17 12 15 18 22
 3.535000E+02 5 1 0 0 0 0 0 0 0 0 0 0 17 18 14 10 30 18
 3.540000E+02 10 0 0 0 0 0 0 0 0 0 0 0 18 17 20 13 19 18
 3.545000E+02 2 0 0 0 0 0 0 0 0 0 0 0 25 17 21 12 22 12
 3.550000E+02 15 0 0 0 0 0 0 0 0 0 0 0 18 23 16 17 20 13
 3.555000E+02 12 0 0 0 0 0 0 0 0 0 0 0 18 21 15 19 21 15
 3.560000E+02 11 0 0 0 0 0 0 0 0 1 0 0 14 15 22 21 17 14
 3.565000E+02 5 0 0 0 0 0 0 0 0 1 0 0 19 21 17 19 11 16
 3.570000E+02 16 0 0 0 0 0 0 0 0 1 0 0 22 23 16 19 20 26
 3.575000E+02 5 0 0 1 0 0 0 0 0 0 0 0 23 13 21 22 20 12
 3.580000E+02 6 0 0 0 0 0 0 0 0 1 0 0 26 12 18 17 20 15
 3.585000E+02 9 0 0 0 0 0 0 1 0 0 0 0 22 12 13 21 19 17
 3.590000E+02 11 0 0 0 0 0 0 0 0 0 0 0 21 16 21 25 15 19
 3.595000E+02 8 0 0 0 0 0 0 0 0 0 0 0 17 17 17 24 20 18
 3.600000E+02 6 0 0 0 0 0 0 0 0 0 0 0 18 25 19 20 11 15
 3.605000E+02 11 0 0 0 0 0 0 0 0 0 0 0 19 18 23 14 7 13
 3.610000E+02 6 0 0 0 0 0 0 0 0 0 0 0 20 17 20 17 12 20
 3.615000E+02 16 0 0 0 0 0 0 0 0 0 0 0 20 22 21 23 20 15
 3.620000E+02 9 0 0 0 0 0 0 0 0 0 0 0 29 19 16 16 15 12
 3.625000E+02 8 0 0 0 0 0 0 0 0 0 0 0 21 14 20 20 17 10
 3.630000E+02 14 0 0 0 0 0 0 0 0 0 0 0 18 15 17 13 15 24
 3.635000E+02 14 0 0 0 0 0 0 0 0 0 0 0 13 21 19 23 11 18
 3.640000E+02 14 0 0 0 0 0 0 0 0 0 0 0 13 16 24 21 19 18
 3.645000E+02 10 0 0 0 0 0 0 0 0 0 0 0 23 16 23 19 13 8
 3.650000E+02 8 0 0 0 0 0 0 0 0 0 0 0 19 12 25 18 17 14
 3.655000E+02 9 0 0 0 0 0 0 0 0 0 0 0 13 11 20 18 17 15
 3.660000E+02 8 0 0 0 0 0 0 0 0 1 0 0 14 20 15 24 14 20
 3.665000E+02 10 0 0 1 0 0 0 0 0 2 0 0 20 16 10 23 11 25
 3.670000E+02 8 0 0 1 0 0 0 0 0 1 0 0 14 17 13 23 18 13
 3.675000E+02 6 0 0 0 0 0 0 0 0 1 0 0 24 8 12 20 20 15
 3.680000E+02 5 0 0 0 0 0 0 0 0 0 0 0 19 10 12 16 21 19
 3.685000E+02 9 1 0 0 0 0 0 0 0 0 0 0 18 15 13 16 27 13
 3.690000E+02 10 0 0 0 0 0 0 0 0 1 0 0 26 18 9 17 15 18
 3.695000E+02 5 0 0 0 0 0 0 0 0 1 0 0 20 22 7 16 10 20
 3.700000E+02 10 0 0 0 0 0 0 1 0 0 0 0 12 25 12 19 18 18
 3.705000E+02 10 0 0 0 0 0 0 0 0 1 0 0 15 17 11 16 26 20
 3.710000E+02 10 0 0 0 0 0 0 1 0 0 0 0 10 10 15 17 19 21
 3.715000E+02 8 0 0 0 0 0 0 0 0 1 0 0 14 18 21 16 10 14
 3.720000E+02 4 0 0 0 0 0 0 0 0 1 0 0 15 21 18 23 13 17
 3.725000E+02 15 0 0 0 0 0 0 1 0 0 0 0 9 15 16 23 8 27
 3.730000E+02 9 0 0 2 0 0 0 0 0 1 0 0 12 19 18 20 9 19
 3.735000E+02 11 0 0 1 0 0 0 1 0 0 1 0 10 19 19 15 17 15
 3.740000E+02 12 0 0 0 0 0 0 0 0 1 0 0 14 14 24 22 20 12
 3.745000E+02 9 0 0 0 0 0 0 0 0 1 0 0 15 12 17 20 16 20
 3.750000E+02 8 0 0 1 0 0 0 0 0 0 0 0 13 14 16 15 11 23
 3.755000E+02 3 0 0 0 0 0 0 0 0 1 0 0 15 17 16 17 15 25
 3.760000E+02 8 0 0 0 0 0 0 0 0 0 0 0 18 14 19 21 17 24
 3.765000E+02 11 0 0 0 0 0 0 0 0 0 0 0 17 12 19 15 16 21
 3.770000E+02 10 0 0 0 0 0 0 0 0 0 0 0 17 18 13 11 15 20
 3.775000E+02 8 0 0 0 0 0 0 0 0 0 0 0 16 16 18 9 23 22
 3.780000E+02 7 0 0 0 0 0 0 0 0 0 0 0 16 17 15 22 11 18
 3.785000E+02 12 0 0 0 0 0 0 0 0 0 0 0 13 17 13 14 13 23
 3.790000E+02 12 0 0 0 0 0 0 0 0 0 0 0 16 18 22 14 12 19
 3.795000E+02 9 0 0 0 0 0 0 0 0 0 0 0 14 17 17 18 17 20
 3.800000E+02 14 0 0 0 0 0 0 0 0 0 0 0 19 12 18 17 9 19
 3.805000E+02 8 0 0 0 0 0 0 0 0 0 0 0 23 13 14 21 15 14
 3.810000E+02 8 0 0 0 0 0 0 0 0 0 0 0 18 22 19 25 15 15
 3.815000E+02 10 0 0 0 0 0 0 0 0 0 0 0 9 13 17 28 12 16
 3.820000E+02 13 0 0 0 0 0 0 0 0 1 0 0 15 13 24 24 13 20
 3.825000E+02 9 0 0 0 0 0 0 0 0 0 0 0 9 11 24 17 15 16
 3.830000E+02 10 0 0 0 0 0 0 0 0 0 0 0 19 12 14 16 21 13
 3.835000E+02 11 0 0 0 0 0 0 0 0 0 0 0 18 18 23 20 18 17
 3.840000E+02 6 0 0 0 0 0 0 0 0 0 0 0 16 17 21 14 30 12
 3.845000E+02 5 0 0 0 0 0 0 0 0 1 0 0 16 21 11 21 25 11
 3.850000E+02 13 0 0 0 0 0 0 0 0 0 0 0 18 21 13 13 23 7
 3.855000E+02 16 0 0 0 0 0 0 0 0 0 0 0 24 23 13 17 20 15
 3.860000E+02 8 0 0 0 0 0 0 0 0 0 0 0 18 15 12 16 20 20
 3.865000E+02 18 0 0 0 0 0 0 0 0 0 0 0 20 19 15 24 15 15
 3.870000E+02 10 0 0 0 0 0 0 0 0 0 0 0 18 19 26 26 9 18
 3.875000E+02 9 0 0 0 0 0 0 0 0 0 0 0 20 18 15 25 15 12
 3.880000E+02 5 0 0 0 0 0 0 0 0 1 0 0 19 14 13 18 22 23
 3.885000E+02 7 0 0 0 0 0 0 0 0 1 0 0 19 13 12 18 21 20
 3.890000E+02 9 0 0 1 0 0 0 0 0 0 0 0 23 10 13 22 20 13
 3.895000E+02 12 0 0 0 0 0 0 0 0 0 0 0 18 17 19 19 12 15
 3.900000E+02 11 0 0 0 0 0 0 0 0 0 0 0 20 20 18 17 13 11
 3.905000E+02 11 0 0 0 0 0 0 0 0 0 0 0 16 19 20 12 12 17
 3.910000E+02 13 0 0 0 0 0 0 0 0 0 0 0 13 20 21 17 13 15
 3.915000E+02 11 0 0 0 0 0 0 0 0 0 0 0 18 26 19 15 14 15
 3.920000E+02 9 0 0 0 0 0 0 0 0 0 0 0 19 19 15 17 18 12
 3.925000E+02 8 0 0 0 0 0 0 0 0 0 0 0 13 15 8 20 14 15
 3.930000E+02 6 0 0 0 0 0 0 0 0 0 0 0 20 15 16 20 14 18
 3.935000E+02 9 0 0 0 0 0 0 1 0 0 0 0 16 17 21 10 22 14
 3.940000E+02 9 0 0 1 0 0 0 0 0 0 0 0 18 15 19 10 20 14
 3.945000E+02 7 0 0 0 0 0 0 0 0 0 0 0 20 27 17 14 13 12
 3.950000E+02 6 0 0 0 0 0 0 0 0 0 0 0 25 21 10 16 13 18
 3.955000E+02 4 0 0 0 0 0 0 0 0 0 0 0 16 16 15 22 8 16
 3.960000E+02 10 0 0 0 0 0 0 0 0 0 0 0 15 19 18 18 14 17
 3.965000E+02 5 0 0 0 0 0 0 0 0 0 0 0 18 16 16 17 22 13
 3.970000E+02 11 0 0 0 0 0 0 0 0 0 0 0 21 21 13 16 15 17
 3.975000E+02 10 0 0 0 0 0 0 0 0 0 0 0 22 14 12 19 14 15
 3.980000E+02 11 0 0 0 0 0 0 0 0 0 0 0 18 17 18 11 22 12
 3.985000E+02 7 0 0 0 0 0 0 0 0 0 0 0 15 21 26 15 19 14
 3.990000E+02 7 0 0 0 0 0 0 0 0 0 0 0 14 21 21 20 16 17
 3.995000E+02 5 0 0 0 0 0 0 0 0 0 0 0 18 14 21 16 15 14
 4.000000E+02 6 0 0 0 0 0 0 0 0 0 0 0 19 18 19 15 15 18
 4.005000E+02 5 0 0 0 0 0 0 0 0 0 0 0 18 15 15 15 8 19
 4.010000E+02 13 0 0 0 0 0 0 0 0 0 0 0 21 14 18 18 12 23
 4.015000E+02 11 0 0 0 0 0 0 0 0 0 0 0 14 22 23 20 11 24
 4.020000E+02 5 0 0 0 0 0 0 0 0 0 0 0 16 14 23 18 12 19
 4.025000E+02 10 0 0 0 0 0 0 0 0 0 0 0 14 12 17 17 15 21
 4.030000E+02 11 0 0 0 0 0 0 0 0 1 0 0 15 14 21 18 22 15
 4.035000E+02 7 0 0 0 0 0 0 0 0 1 0 0 18 11 23 19 18 17
 4.040000E+02 10 0 0 0 0 0 0 0 0 0 0 0 10 15 24 15 21 18
 4.045000E+02 13 0 0 0 0 0 0 0 0 0 0 0 17 14 23 19 23 14
 4.050000E+02 5 0 0 0 0 0 0 0 0 0 0 0 14 22 23 23 20 16
 4.055000E+02 8 0 0 0 0 0 0 0 0 0 0 0 15 23 15 16 24 18
 4.060000E+02 11 0 0 0 0 0 0 0 0 0 0 0 16 23 14 17 18 19
 4.065000E+02 7 0 0 0 0 0 0 0 0 0 0 0 20 19 13 15 17 13
 4.070000E+02 13 0 0 0 0 0 0 1 0 0 0 0 22 24 11 17 13 17
 4.075000E+02 8 0 0 0 0 0 0 0 0 1 0 0 17 17 16 21 21 18
 4.080000E+02 9 0 0 0 0 0 0 1 0 0 0 0 24 14 10 17 19 28
 4.085000E+02 8 0 0 0 0 0 0 1 0 0 0 0 29 19 12 20 11 20
 4.090000E+02 6 0 0 0 0 0 0 0 0 1 0 0 17 21 16 17 11 19
 4.095000E+02 6 0 0 0 0 0 0 0 0 0 0 0 20 21 15 15 13 12
 4.100000E+02 13 0 0 0 0 0 0 0 0 0 0 0 17 19 25 10 11 7
 4.105000E+02 12 0 0 0 0 0 0 0 0 1 0 0 19 23 19 10 10 15
 4.110000E+02 14 0 0 0 0 0 0 1 0 0 0 0 19 18 16 16 11 16
 4.115000E+02 7 0 0 0 0 0 0 0 0 0 0 0 17 19 13 19 14 12
 4.120000E+02 16 0 0 0 0 0 0 0 0 0 0 0 18 15 21 19 21 19
 4.125000E+02 5 0 0 0 0 0 0 0 0 0 0 0 17 15 23 20 18 19
 4.130000E+02 7 0 0 0 0 0 0 0 0 0 0 0 18 21 14 16 14 10
 4.135000E+02 8 0 0 0 0 0 0 0 0 0 0 0 15 29 11 17 18 10
 4.140000E+02 5 0 0 0 0 0 0 0 0 0 0 0 14 26 10 19 23 11
 4.145000E+02 7 0 0 0 0 0 0 0 0 0 0 0 16 12 17 20 26 9
 4.150000E+02 8 0 0 0 0 0 0 0 0 0 0 0 11 10 23 12 28 9
 4.155000E+02 11 0 0 0 0 0 0 0 0 0 0 0 12 13 19 14 23 9
 4.160000E+02 7 0 0 0 0 0 0 0 0 0 0 0 21 17 17 15 19 14
 4.165000E+02 7 0 0 0 0 0 0 0 0 0 0 0 19 15 19 21 13 11
 4.170000E+02 8 0 0 0 0 0 0 0 0 1 0 0 18 21 24 18 17 14
 4.175000E+02 9 0 0 0 0 0 0 0 0 0 0 0 16 20 22 16 25 12
 4.180000E+02 8 0 0 0 0 0 0 0 0 0 0 0 18 19 14 17 15 16
 4.185000E+02 9 0 0 0 0 0 0 0 0 0 0 0 15 17 10 15 19 13
 4.190000E+02 11 0 0 0 0 0 0 0 0 0 0 0 15 18 14 11 17 17
 4.195000E+02 10 0 0 0 0 0 0 0 0 0 0 0 21 10 11 17 22 18
 4.200000E+02 8 0 0 0 0 0 0 0 0 0 0 0 20 10 18 14 15 19
 4.205000E+02 8 0 0 0 0 0 0 0 0 0 0 0 25 18 15 15 16 17
 4.210000E+02 8 0 0 0 0 0 0 0 0 1 0 0 20 22 11 25 14 13
 4.215000E+02 9 0 0 0 0 0 0 1 0 0 0 0 16 17 16 23 13 11
 4.220000E+02 8 0 0 0 0 0 0 0 0 0 0 0 12 17 20 17 13 18
 4.225000E+02 7 0 0 0 0 0 0 0 0 0 0 0 13 21 23 19 16 9
 4.230000E+02 9 0 0 0 0 0 0 0 0 1 0 0 10 22 21 14 21 12
 4.235000E+02 12 0 0 1 0 0 0 0 0 0 0 0 18 14 19 8 19 18
 4.240000E+02 8 0 0 0 0 0 0 0 0 1 0 0 14 16 16 8 19 21
 4.245000E+02 7 0 0 0 0 0 0 1 0 0 0 0 12 15 24 12 18 17
 4.250000E+02 11 0 0 0 0 0 0 0 0 0 0 0 12 14 22 15 19 16
 4.255000E+02 9 0 0 0 0 0 0 0 0 0 0 0 13 11 15 17 18 15
 4.260000E+02 12 0 0 0 0 0 0 0 0 0 0 0 11 9 9 15 14 18
 4.265000E+02 7 0 0 0 0 0 0 0 0 0 0 0 15 19 14 15 14 24
 4.270000E+02 5 0 0 0 0 0 0 0 0 0 0 0 13 18 21 11 14 15
 4.275000E+02 9 0 0 0 0 0 0 0 0 1 0 0 12 13 22 14 15 11
 4.280000E+02 5 0 0 0 0 0 0 0 0 1 0 0 15 18 22 19 20 17
 4.285000E+02 7 0 0 1 0 0 0 0 0 0 0 0 18 15 21 11 14 16
 4.290000E+02 9 0 0 0 0 0 0 0 0 0 0 0 16 17 18 15 8 21
 4.295000E+02 8 0 0 0 0 0 0 0 0 0 0 0 20 25 13 17 9 16
 4.300000E+02 9 0 0 0 0 0 0 0 0 0 0 0 19 23 11 20 18 8
 4.305000E+02 7 0 0 0 0 0 0 0 0 0 0 0 21 15 17 18 13 15
 4.310000E+02 9 0 0 0 0 0 0 0 0 0 0 0 17 20 11 14 10 20
 4.315000E+02 10 0 0 0 0 0 0 0 0 0 0 0 18 28 12 11 10 21
 4.320000E+02 7 0 0 0 0 0 0 0 0 0 0 0 12 21 9 18 16 21
 4.325000E+02 7 0 0 0 0 0 0 0 0 0 0 0 17 22 14 19 20 21
 4.330000E+02 8 0 0 0 0 0 0 0 0 1 0 0 17 17 17 17 16 21
 4.335000E+02 5 0 0 0 0 0 0 1 0 0 0 0 19 17 18 15 19 19
 4.340000E+02 10 0 0 0 0 0 0 0 0 1 0 0 13 13 13 17 21 13
 4.345000E+02 8 0 0 0 0 0 0 0 0 0 0 0 14 15 11 18 15 20
 4.350000E+02 5 0 0 0 0 0 0 0 0 0 0 1 17 13 12 11 18 14
 4.355000E+02 3 0 0 0 0 0 0 0 0 0 0 0 22 12 13 14 17 15
 4.360000E+02 13 0 0 0 0 0 0 0 0 0 0 0 21 16 15 14 16 10
 4.365000E+02 7 0 0 0 0 0 0 0 0 0 0 0 22 19 20 17 15 17
 4.370000E+02 7 0 0 0 0 0 0 0 0 0 0 0 22 16 21 17 16 15
 4.375000E+02 10 0 0 0 0 0 0 0 0 0 0 0 14 18 15 15 20 17
 4.380000E+02 9 0 0 0 0 0 0 0 0 0 0 0 22 14 17 19 18 21
 4.385000E+02 8 0 0 0 0 0 0 0 0 0 0 0 16 16 20 23 14 17
 4.390000E+02 9 0 0 0 0 0 0 0 0 0 0 0 19 24 18 13 13 18
 4.395000E+02 9 0 0 0 0 0 0 0 0 0 0 0 16 28 18 22 13 19
 4.400000E+02 11 0 0 0 0 0 0 0 0 0 0 0 13 21 10 24 15 15
 4.405000E+02 10 0 0 0 0 0 0 0 0 0 0 0 21 23 17 19 12 13
 4.410000E+02 12 0 0 0 0 0 0 0 0 0 0 0 17 20 15 16 10 17
 4.415000E+02 15 0 0 0 0 0 0 0 0 0 0 0 19 18 16 16 11 16
 4.420000E+02 14 0 0 0 0 0 0 0 0 0 0 0 18 21 16 20 12 15
 4.425000E+02 8 0 0 0 0 0 0 0 0 1 0 0 13 17 16 22 13 14
 4.430000E+02 5 0 0 0 0 0 0 1 0 1 0 0 15 21 18 19 24 15
 4.435000E+02 9 0 0 0 0 0 0 0 0 1 0 0 20 19 13 19 20 21
 4.440000E+02 6 0 0 0 0 0 0 0 0 1 0 0 13 24 16 25 20 19
 4.445000E+02 7 0 0 0 0 0 0 0 0 1 0 0 14 15 16 17 21 23
 4.450000E+02 9 0 0 0 0 0 0 0 0 0 0 0 16 14 20 16 20 21
 4.455000E+02 6 0 0 0 0 0 0 0 0 1 0 0 16 24 17 15 17 22
 4.460000E+02 11 0 0 0 0 0 0 0 0 0 0 0 11 20 17 16 20 20
 4.465000E+02 5 0 0 1 0 0 0 0 0 0 0 0 12 17 13 21 15 15
 4.470000E+02 10 0 0 0 0 0 0 0 0 1 0 0 22 12 9 11 15 16
 4.475000E+02 6 0 0 0 0 0 0 0 0 1 0 0 25 16 18 10 22 17
 4.480000E+02 11 0 0 0 0 0 0 0 0 1 0 0 22 15 18 18 15 19
 4.485000E+02 8 0 0 0 0 0 0 0 0 1 0 0 17 18 13 15 17 22
 4.490000E+02 5 0 0 0 0 0 0 0 0 1 0 0 23 14 15 14 20 16
 4.495000E+02 2 0 0 0 0 0 0 0 0 0 0 0 20 16 16 14 24 13
 4.500000E+02 9 0 0 0 0 0 0 0 0 0 0 0 19 24 17 19 17 12
 4.505000E+02 10 0 0 0 0 0 0 0 0 0 0 0 19 20 17 13 16 16
 4.510000E+02 9 0 0 0 0 0 0 0 0 1 0 0 21 19 15 11 16 14
 4.515000E+02 10 0 0 0 0 0 0 0 0 1 0 0 16 12 19 15 17 17
 4.520000E+02 9 0 0 0 0 0 0 0 0 0 0 0 18 18 20 18 12 14
 4.525000E+02 5 0 0 0 0 0 0 0 0 0 0 0 20 19 14 23 9 17
 4.530000E+02 7 0 0 0 0 0 0 0 0 0 0 0 18 14 16 18 12 14
 4.535000E+02 10 0 0 0 0 0 0 0 0 0 0 0 20 23 13 18 16 14
 4.540000E+02 11 0 0 0 0 0 0 0 0 0 0 0 24 15 15 23 19 17
 4.545000E+02 7 0 0 0 0 0 0 0 0 0 0 0 15 16 11 15 13 18
 4.550000E+02 18 0 0 0 0 0 0 1 0 1 0 0 18 21 13 14 12 20
 4.555000E+02 10 0 0 0 0 0 0 1 0 1 0 0 21 25 14 14 11 21
 4.560000E+02 11 0 0 0 0 0 0 0 0 2 0 0 17 18 18 15 14 19
 4.565000E+02 11 0 0 0 0 0 0 0 0 0 0 0 15 29 15 12 15 19
 4.570000E+02 9 0 0 0 0 0 0 0 0 0 0 0 18 19 13 10 12 23
 4.575000E+02 8 0 0 0 0 0 0 0 0 0 0 0 17 21 12 10 20 24
 4.580000E+02 7 0 0 0 0 0 0 0 0 0 0 0 28 21 12 15 12 25
 4.585000E+02 14 0 0 0 0 0 0 0 0 1 0 0 18 17 15 18 8 25
 4.590000E+02 13 0 0 0 0 0 0 0 0 0 0 0 19 20 17 21 14 23
 4.595000E+02 7 0 0 0 0 0 0 0 0 0 0 0 19 19 20 23 12 13
 4.600000E+02 14 0 0 0 0 0 0 0 0 0 0 0 20 14 18 19 13 13
 4.605000E+02 8 0 0 0 0 0 0 0 0 0 0 0 20 12 17 16 17 17
 4.610000E+02 7 0 0 0 0 0 0 0 0 0 0 0 18 16 14 14 16 17
 4.615000E+02 9 0 0 0 0 0 0 0 0 0 0 0 17 17 20 20 17 16
 4.620000E+02 11 0 0 0 0 0 0 1 0 0 0 0 25 21 15 19 13 11
 4.625000E+02 4 0 0 0 0 0 0 0 0 0 0 0 20 20 18 13 15 19
 4.630000E+02 2 0 0 0 0 0 0 0 0 0 0 0 22 14 18 20 19 19
 4.635000E+02 5 0 0 0 0 0 0 0 0 0 0 0 23 11 13 21 19 14
 4.640000E+02 12 0 0 0 0 0 0 0 0 1 0 0 23 12 18 22 14 10
 4.645000E+02 6 0 0 0 0 0 0 0 0 1 0 0 20 21 15 18 17 11
 4.650000E+02 8 0 0 0 0 0 0 0 0 2 0 0 16 21 23 12 17 11
 4.655000E+02 13 0 0 0 0 0 0 0 0 1 0 0 14 20 28 16 15 10
 4.660000E+02 3 0 0 1 0 0 0 0 0 0 0 0 19 22 26 13 7 16
 4.665000E+02 7 0 0 1 0 0 0 0 0 0 0 0 15 17 20 12 15 14
 4.670000E+02 8 0 0 0 0 0 0 0 0 1 0 0 19 21 22 17 9 15
 4.675000E+02 2 0 0 0 0 0 0 0 0 0 0 0 19 21 22 19 15 14
 4.680000E+02 10 0 0 0 0 0 0 0 0 0 0 0 15 20 16 16 23 8
 4.685000E+02 15 0 0 0 0 0 0 0 0 0 0 0 21 18 16 13 14 10
 4.690000E+02 14 0 0 0 0 0 0 0 0 0 0 0 15 20 21 10 21 21
 4.695000E+02 9 0 0 0 0 0 0 0 0 0 0 0 16 20 13 18 19 22
 4.700000E+02 5 0 0 0 0 0 0 0 0 0 0 0 17 23 17 21 17 17
 4.705000E+02 6 0 0 0 0 0 0 0 0 0 0 0 14 23 21 19 19 26
 4.710000E+02 6 0 0 0 0 0 0 0 0 0 0 0 12 20 16 15 16 22
 4.715000E+02 9 0 0 0 0 0 0 0 0 0 0 0 12 14 17 20 22 18
 4.720000E+02 11 0 0 0 0 0 0 0 0 0 0 0 18 15 17 18 21 18
 4.725000E+02 3 0 0 0 0 0 0 0 0 0 0 0 26 13 14 10 25 17
 4.730000E+02 7 0 0 0 0 0 0 0 0 0 0 0 24 13 14 14 17 16
 4.735000E+02 11 0 0 0 0 0 0 0 0 0 0 0 19 20 18 14 15 26
 4.740000E+02 9 0 0 0 0 0 0 0 0 0 0 0 20 13 15 12 14 29
 4.745000E+02 13 0 0 0 0 0 0 0 0 0 0 0 19 16 20 16 24 23
 4.750000E+02 8 0 0 0 0 0 0 0 0 0 0 0 15 17 18 17 24 19
 4.755000E+02 9 0 0 0 0 0 0 0 0 0 0 0 11 18 17 19 22 23
 4.760000E+02 13 0 0 0 0 0 0 0 0 0 0 0 22 13 16 15 22 19
 4.765000E+02 8 0 0 0 0 0 0 0 0 0 0 0 19 16 20 15 18 21
 4.770000E+02 14 0 0 0 0 0 0 0 0 0 0 0 19 17 24 18 19 22
 4.775000E+02 12 0 0 0 0 0 0 0 0 1 0 0 21 15 21 18 16 16
 4.780000E+02 6 0 0 0 0 0 0 0 0 0 0 0 18 23 14 21 16 18
 4.785000E+02 4 0 0 0 0 0 0 0 0 0 0 0 16 25 13 19 13 21
 4.790000E+02 10 0 0 0 0 0 0 0 0 0 0 0 16 18 7 13 21 18
 4.795000E+02 8 0 0 0 0 0 0 0 0 1 0 0 16 18 16 17 16 15
 4.800000E+02 9 0 0 0 0 0 0 0 0 0 0 0 24 14 15 19 21 13
 4.805000E+02 11 0 0 0 0 0 0 0 0 0 0 0 17 13 19 16 19 18
 4.810000E+02 4 0 0 0 0 0 0 0 0 0 0 0 17 20 19 18 14 11
 4.815000E+02 7 0 0 0 0 0 0 0 0 1 0 0 13 14 20 20 15 20
 4.820000E+02 7 0 0 0 0 0 0 0 0 0 0 0 12 15 11 27 16 19
 4.825000E+02 15 0 0 0 0 0 0 0 0 0 0 0 23 17 12 24 22 17
 4.830000E+02 11 0 0 0 0 0 0 0 0 0 0 0 12 18 16 24 22 14
 4.835000E+02 11 0 0 0 0 0 0 0 0 0 0 0 10 15 21 18 20 21
 4.840000E+02 8 0 0 0 0 0 0 0 0 1 0 0 10 19 20 22 21 15
 4.845000E+02 4 0 0 0 0 0 0 0 0 0 0 0 16 14 16 19 19 18
 4.850000E+02 14 0 0 0 0 0 0 0 0 0 0 0 9 13 24 21 19 11
 4.855000E+02 5 0 0 0 0 0 0 0 0 0 0 0 16 16 23 14 21 17
 4.860000E+02 13 0 0 0 0 0 0 0 0 0 0 0 11 17 19 17 18 20
 4.865000E+02 11 0 0 0 0 0 0 0 0 1 0 0 13 12 22 16 23 15
 4.870000E+02 4 0 0 0 0 0 0 0 0 1 0 0 7 20 22 21 19 15
 4.875000E+02 8 0 0 0 0 0 0 0 0 1 0 0 14 20 20 21 12 16
 4.880000E+02 4 0 0 1 0 0 0 0 0 0 0 0 16 14 18 21 19 18
 4.885000E+02 8 0 0 0 0 0 0 0 0 1 0 0 18 21 18 18 23 18
 4.890000E+02 10 0 0 0 0 0 0 0 0 0 0 0 20 18 20 15 17 15
 4.895000E+02 10 0 0 0 0 0 0 0 0 0 0 0 14 23 15 17 18 18
 4.900000E+02 9 0 0 0 0 0 0 0 0 0 0 0 18 17 13 14 16 18
 4.905000E+02 8 0 0 0 0 0 0 0 0 0 0 0 21 16 19 18 16 13
 4.910000E+02 6 0 0 0 0 0 0 0 0 0 0 0 18 18 14 24 19 16
 4.915000E+02 11 0 0 0 0 0 0 0 0 1 0 0 21 17 22 25 17 12
 4.920000E+02 13 0 0 0 0 0 0 1 0 1 0 0 17 17 25 17 12 12
 4.925000E+02 2 0 0 0 0 0 0 0 0 2 0 0 20 20 21 22 17 14
 4.930000E+02 8 0 0 1 0 0 0 0 0 1 0 0 15 17 14 22 19 15
 4.935000E+02 5 0 0 1 0 0 0 0 0 0 0 0 12 16 19 18 18 26
 4.940000E+02 6 0 0 0 0 0 0 0 0 0 0 0 20 11 17 20 11 23
 4.945000E+02 10 0 0 0 0 0 0 0 0 0 0 0 12 12 17 19 15 23
 4.950000E+02 8 0 0 0 0 0 0 0 0 0 0 0 11 19 24 17 15 19
 4.955000E+02 10 0 0 0 0 0 0 0 0 0 0 0 11 21 19 19 19 20
 4.960000E+02 12 0 0 0 0 0 0 0 0 0 0 0 22 25 13 18 19 11
 4.965000E+02 13 0 0 0 0 0 0 0 0 0 0 0 20 18 15 15 22 13
 4.970000E+02 6 0 0 0 0 0 0 0 0 0 0 0 18 19 19 18 16 17
 4.975000E+02 8 0 0 0 0 0 0 0 0 0 0 0 14 24 15 16 19 19
 4.980000E+02 11 0 0 0 0 0 0 0 0 0 0 0 13 18 23 15 18 8
 4.985000E+02 13 0 0 0 0 0 0 0 0 0 0 0 19 14 20 15 26 13
 4.990000E+02 6 0 0 0 0 0 0 0 0 0 0 0 23 11 12 16 16 22
 4.995000E+02 6 0 0 0 0 0 0 0 0 0 0 0 17 16 20 14 19 16
 5.000000E+02 6 0 0 0 0 0 0 0 0 0 0 0 17 23 19 14 14 19
 5.005000E+02 11 0 0 0 0 0 0 0 0 0 0 0 15 18 19 8 15 18
 5.010000E+02 16 0 0 0 0 0 0 0 0 0 0 0 17 21 17 10 22 13
 5.015000E+02 11 0 0 0 0 0 0 0 0 0 0 0 20 15 21 10 19 18
 5.020000E+02 5 0 0 0 0 0 0 1 0 0 0 0 17 15 22 15 23 17
 5.025000E+02 11 0 0 0 0 0 0 0 0 1 0 0 19 15 18 15 21 17
 5.030000E+02 11 0 0 0 0 0 0 1 0 0 0 0 17 15 20 14 19 13
 5.035000E+02 4 0 0 0 0 0 0 0 0 1 0 0 19 15 17 13 19 12
 5.040000E+02 11 0 0 0 0 0 0 0 0 1 0 0 18 11 16 14 20 13
 5.045000E+02 10 0 0 0 0 0 0 0 0 1 0 0 16 13 13 22 21 14
 5.050000E+02 12 0 0 0 0 0 0 0 0 0 0 0 18 21 13 22 24 13
 5.055000E+02 8 0 0 0 0 0 0 0 0 0 0 0 21 21 11 14 23 9
 5.060000E+02 10 0 0 0 0 0 0 0 0 1 0 0 21 15 20 10 26 9
 5.065000E+02 6 0 0 0 0 0 0 0 0 1 0 0 13 21 24 8 25 16
 5.070000E+02 5 0 0 0 0 0 0 0 0 0 0 0 14 22 18 11 17 20
 5.075000E+02 9 0 0 0 0 0 0 0 0 0 0 0 18 14 16 20 15 22
 5.080000E+02 7 0 0 0 0 0 0 0 0 0 0 0 15 11 15 20 14 21
 5.085000E+02 7 0 0 0 0 0 0 0 0 0 0 0 18 14 18 20 19 15
 5.090000E+02 4 0 0 0 0 0 0 0 0 0 0 0 15 20 16 20 18 15
 5.095000E+02 4 0 0 0 0 0 0 0 0 0 0 0 22 17 18 14 14 16
 5.100000E+02 8 0 0 0 0 0 0 0 0 0 0 0 19 18 13 14 17 19
 5.105000E+02 14 0 0 0 0 0 0 0 0 1 0 0 17 19 13 15 17 16
 5.110000E+02 6 0 0 0 0 0 0 0 0 0 0 0 14 15 15 20 23 21
 5.115000E+02 11 0 0 0 0 0 0 0 0 0 0 0 15 17 15 15 19 21
 5.120000E+02 9 0 0 0 0 0 0 0 0 0 0 0 18 13 11 26 22 16
 5.125000E+02 9 0 0 0 0 0 0 0 0 0 0 0 20 13 14 21 11 21
 5.130000E+02 6 0 0 0 0 0 0 0 0 0 0 0 18 16 11 20 15 16
 5.135000E+02 9 0 0 0 0 0 0 0 0 1 0 0 19 28 14 20 17 18
 5.140000E+02 4 0 0 0 0 0 0 0 0 1 0 0 13 21 14 15 17 16
 5.145000E+02 4 0 0 0 0 0 0 0 0 1 0 0 9 12 20 14 21 17
 5.150000E+02 7 0 0 0 0 0 0 0 0 1 0 0 11 12 20 21 15 20
 5.155000E+02 9 0 0 0 0 0 0 0 0 0 0 0 9 18 16 23 19 20
 5.160000E+02 9 0 0 0 0 0 0 0 0 0 0 0 13 21 20 17 22 20
 5.165000E+02 15 0 0 0 0 0 0 0 0 0 0 0 17 17 23 21 15 16
 5.170000E+02 9 0 0 0 0 0 0 0 0 0 0 0 18 20 20 18 17 16
 5.175000E+02 6 0 0 0 0 0 0 0 0 0 0 0 15 19 21 17 18 14
 5.180000E+02 10 0 0 0 0 0 0 0 0 0 0 0 21 15 22 18 15 16
 5.185000E+02 10 0 0 0 0 0 0 0 0 0 0 0 19 17 21 12 21 17
 5.190000E+02 18 0 0 0 0 0 0 0 0 0 0 0 21 12 19 14 13 22
 5.195000E+02 7 0 0 1 0 0 0 0 0 0 0 0 24 19 15 19 17 18
 5.200000E+02 8 0 0 0 0 0 0 0 0 0 0 0 20 24 16 18 19 11
 5.205000E+02 6 0 0 0 0 0 0 0 0 0 0 0 15 18 12 17 18 17
 5.210000E+02 12 0 0 0 0 0 0 0 0 0 0 0 18 18 11 19 20 14
 5.215000E+02 10 0 0 0 0 0 0 0 0 0 0 0 18 13 18 25 13 17
 5.220000E+02 4 0 0 0 0 0 0 0 0 0 0 0 13 14 23 18 14 18
 5.225000E+02 10 0 0 0 0 0 0 0 0 1 0 0 12 14 17 21 10 25
 5.230000E+02 10 0 0 0 0 0 0 0 0 0 0 0 19 8 24 13 13 21
 5.235000E+02 14 0 0 0 0 0 0 0 0 0 0 0 15 13 17 19 16 22
 5.240000E+02 11 0 0 0 0 0 0 0 0 0 0 0 20 18 24 14 20 14
 5.245000E+02 10 0 0 0 0 0 0 0 0 0 0 0 14 19 18 20 14 22
 5.250000E+02 11 0 0 0 0 0 0 0 0 0 0 0 14 16 22 24 10 17
 5.255000E+02 10 0 0 0 0 0 0 0 0 0 0 0 18 24 14 23 16 16
 5.260000E+02 10 0 0 0 0 0 0 0 0 1 0 0 18 21 11 20 20 15
 5.265000E+02 5 0 0 0 0 1 0 0 0 0 0 0 19 21 19 19 21 12
 5.270000E+02 10 0 0 0 0 0 0 0 0 0 0 0 17 16 20 21 17 17
 5.275000E+02 10 0 0 0 0 0 0 0 0 0 0 0 14 12 17 17 13 19
 5.280000E+02 8 0 0 0 0 0 0 0 0 0 0 0 22 13 15 17 18 18
 5.285000E+02 9 0 0 0 0 0 0 0 0 0 0 0 20 14 22 22 24 18
 5.290000E+02 7 0 0 0 0 0 0 0 0 0 0 0 14 19 25 22 18 15
 5.295000E+02 13 0 0 0 0 0 0 0 0 0 0 0 11 23 25 15 19 12
 5.300000E+02 4 0 0 0 0 0 0 0 0 0 0 0 18 18 22 9 17 14
 5.305000E+02 10 0 0 0 0 0 0 0 0 0 0 0 16 15 23 9 23 19
 5.310000E+02 13 0 0 0 0 0 0 0 0 0 0 0 19 13 17 15 18 14
 5.315000E+02 6 0 0 0 0 0 0 0 0 0 0 0 20 24 18 18 18 10
 5.320000E+02 8 0 0 0 0 0 0 0 0 0 0 0 14 16 19 20 16 15
 5.325000E+02 7 0 0 0 0 0 0 0 0 0 0 0 15 19 18 25 21 20
 5.330000E+02 9 0 0 0 0 0 0 0 0 0 0 0 17 16 19 17 13 24
 5.335000E+02 9 0 0 0 0 0 0 0 0 1 0 0 15 20 16 9 18 24
 5.340000E+02 10 0 0 0 0 0 0 0 0 1 0 0 11 19 12 12 25 14
 5.345000E+02 10 0 0 0 0 0 0 0 0 0 0 0 18 22 14 15 19 14
 5.350000E+02 10 0 0 0 0 0 0 0 0 0 0 0 18 21 20 23 13 10
 5.355000E+02 10 0 0 0 0 0 0 0 0 1 0 0 10 17 22 20 14 16
 5.360000E+02 6 0 0 0 0 0 0 0 0 1 0 0 7 25 18 14 19 15
 5.365000E+02 14 0 0 0 0 0 0 1 0 0 0 0 17 19 17 12 19 16
 5.370000E+02 9 0 0 0 0 0 0 0 0 1 0 0 20 21 18 11 16 18
 5.375000E+02 12 0 0 0 0 0 0 0 0 0 0 0 14 18 18 14 19 22
 5.380000E+02 11 0 0 0 0 0 0 0 0 0 0 0 14 19 16 12 21 15
 5.385000E+02 5 0 0 0 0 0 0 0 0 0 0 0 15 20 20 14 18 18
 5.390000E+02 9 0 0 0 0 0 0 0 0 0 0 0 18 15 19 17 20 21
 5.395000E+02 5 0 0 0 0 0 0 0 0 0 0 0 20 11 18 15 20 16
 5.400000E+02 12 0 0 0 0 0 0 0 0 0 0 0 21 16 14 17 22 18
 5.405000E+02 11 0 0 0 0 0 0 0 0 0 0 0 19 13 17 10 13 16
 5.410000E+02 10 0 0 0 0 0 0 0 0 0 0 0 18 11 26 15 19 16
 5.415000E+02 9 0 0 0 0 0 0 0 0 0 0 0 18 11 20 14 12 20
 5.420000E+02 10 0 0 0 0 0 0 0 0 0 0 0 20 15 19 14 15 19
 5.425000E+02 15 0 0 0 0 0 0 0 0 0 0 0 22 19 12 17 12 18
 5.430000E+02 5 0 0 0 0 0 0 0 0 0 0 0 21 18 15 13 18 24
 5.435000E+02 7 0 0 0 0 0 0 0 0 0 0 0 23 15 10 18 10 23
 5.440000E+02 10 0 0 0 0 0 0 0 0 1 0 0 21 18 15 16 11 24
 5.445000E+02 7 0 0 0 0 0 0 0 0 0 0 0 22 19 20 18 10 18
 5.450000E+02 10 0 0 0 0 0 0 0 0 1 0 0 23 13 21 19 11 18
 5.455000E+02 11 0 0 0 0 0 0 0 0 0 0 0 22 17 19 20 7 17
 5.460000E+02 11 0 0 0 0 0 0 0 0 0 0 0 17 14 23 20 5 23
 5.465000E+02 10 0 0 0 0 0 0 0 0 0 0 0 19 22 21 24 10 15
 5.470000E+02 8 0 0 0 0 0 0 0 0 0 0 0 18 20 18 15 23 14
 5.475000E+02 14 0 0 0 0 0 0 0 0 0 0 0 18 17 12 18 19 18
 5.480000E+02 13 0 0 0 0 0 0 0 0 0 0 0 18 15 19 15 17 16
 5.485000E+02 10 0 0 0 0 0 0 0 0 0 0 0 25 16 17 16 14 20
 5.490000E+02 11 0 0 0 0 0 0 0 0 1 0 0 23 7 15 14 14 21
 5.495000E+02 15 0 0 0 0 0 0 0 0 0 0 0 25 11 20 19 8 17
 5.500000E+02 10 0 0 0 0 0 0 0 0 1 0 0 18 16 13 17 17 16
 5.505000E+02 10 0 0 0 0 0 0 0 0 1 0 0 16 14 15 22 14 17
 5.510000E+02 5 0 0 0 0 0 0 0 0 1 0 0 17 12 17 20 25 16
 5.515000E+02 12 0 0 0 0 0 0 0 0 1 0 0 17 14 16 23 21 12
 5.520000E+02 8 1 0 0 0 0 0 0 0 1 0 0 14 11 19 23 22 16
 5.525000E+02 10 0 0 0 0 0 0 0 0 2 0 0 13 16 15 24 12 22
 5.530000E+02 8 0 0 1 0 0 0 0 0 2 0 0 14 16 17 24 14 21
 5.535000E+02 5 0 0 0 0 0 0 1 0 2 0 0 7 16 22 23 15 20
 5.540000E+02 4 0 0 0 0 0 0 1 0 2 0 0 12 20 17 19 22 21
 5.545000E+02 11 0 0 0 0 0 0 0 0 0 0 0 12 19 17 16 21 17
 5.550000E+02 7 0 0 0 0 0 0 0 0 0 0 0 10 21 12 20 21 11
 5.555000E+02 8 0 0 0 0 0 0 0 0 0 0 0 15 23 9 22 22 20
 5.560000E+02 11 0 0 0 0 0 0 0 0 0 0 0 12 21 16 19 11 13
 5.565000E+02 8 0 0 0 0 0 0 0 0 0 0 0 10 14 10 15 18 19
 5.570000E+02 11 0 0 0 0 0 0 0 0 0 0 0 23 17 11 14 15 21
 5.575000E+02 7 0 0 0 0 0 0 0 0 0 0 0 27 19 17 12 17 17
 5.580000E+02 13 0 0 0 0 0 0 0 0 0 0 0 21 12 25 7 13 12
 5.585000E+02 5 0 0 0 0 0 0 0 0 0 0 0 17 17 22 18 11 17
 5.590000E+02 8 0 0 0 0 0 0 0 0 0 0 0 14 17 17 20 14 23
 5.595000E+02 4 0 0 0 0 0 0 0 0 0 0 0 17 20 16 19 14 24
 5.600000E+02 8 0 0 0 0 0 0 0 0 0 0 0 16 23 20 20 12 19
 5.605000E+02 5 0 0 0 0 0 0 0 0 0 0 0 16 17 16 14 19 20
 5.610000E+02 10 0 0 0 0 0 0 0 0 0 0 0 18 10 15 12 25 13
 5.615000E+02 8 0 0 0 0 0 0 0 0 0 0 0 12 19 18 9 25 14
 5.620000E+02 11 0 0 0 0 0 0 0 0 0 0 0 19 16 15 9 22 12
 5.625000E+02 11 0 0 0 0 0 0 0 0 0 0 0 16 17 15 13 24 12
 5.630000E+02 15 0 0 0 0 0 0 1 0 0 0 0 15 17 14 19 17 7
 5.635000E+02 10 0 0 0 0 0 0 0 0 1 0 0 17 23 11 18 18 16
 5.640000E+02 10 0 0 0 0 0 0 0 0 0 0 0 18 25 12 15 17 17
 5.645000E+02 10 0 0 0 0 0 0 0 0 1 1 0 18 22 12 13 17 14
 5.650000E+02 7 0 0 0 0 0 0 0 0 1 0 0 10 19 13 12 19 18
 5.655000E+02 4 0 0 0 0 0 0 0 0 1 0 0 18 14 16 12 20 22
 5.660000E+02 12 0 0 0 0 0 0 0 0 1 0 0 18 14 15 14 16 11
 5.665000E+02 6 0 0 0 0 0 0 0 0 1 0 0 19 19 17 15 12 14
 5.670000E+02 6 0 0 0 0 0 0 0 0 0 0 0 18 24 9 11 15 16
 5.675000E+02 9 0 0 0 0 0 0 0 0 0 0 0 15 20 12 14 15 13
 5.680000E+02 10 0 0 0 0 0 0 0 0 0 0 0 20 14 18 14 17 15
 5.685000E+02 3 0 0 0 0 0 0 0 0 0 0 0 17 15 18 15 15 21
 5.690000E+02 5 0 0 0 0 0 0 0 0 0 0 0 20 17 13 17 12 13
 5.695000E+02 13 0 0 0 0 0 0 0 0 0 0 0 19 20 16 24 10 13
 5.700000E+02 7 0 0 0 0 0 0 0 0 0 0 0 13 22 17 23 13 15
 5.705000E+02 3 0 0 0 0 0 0 0 0 0 0 0 11 16 13 16 18 16
 5.710000E+02 8 0 0 0 0 0 0 0 0 0 0 0 14 14 19 19 13 18
 5.715000E+02 14 0 0 0 0 0 0 0 0 0 0 0 16 16 18 19 13 21
 5.720000E+02 5 0 0 0 0 0 0 0 0 0 0 0 11 15 18 13 15 19
 5.725000E+02 10 0 0 0 0 0 0 0 0 1 0 0 16 11 17 15 17 21
 5.730000E+02 11 0 0 0 0 0 0 0 0 1 0 0 12 9 16 18 11 21
 5.735000E+02 8 0 0 0 0 0 0 0 0 1 0 0 15 14 13 20 16 17
 5.740000E+02 8 0 0 0 0 0 0 0 0 0 0 0 14 20 14 19 13 20
 5.745000E+02 5 0 0 0 0 0 0 0 0 0 0 0 15 17 11 17 13 21
 5.750000E+02 4 0 0 0 0 0 0 0 0 0 0 0 22 14 13 17 10 21
 5.755000E+02 13 0 0 0 0 0 0 0 0 0 0 0 11 16 9 20 14 24
 5.760000E+02 13 0 0 0 0 0 0 0 0 0 0 0 10 16 15 13 14 21
 5.765000E+02 7 0 0 0 0 0 0 0 0 0 0 0 17 13 14 14 17 23
 5.770000E+02 5 0 0 0 0 0 0 0 0 0 0 0 9 20 17 12 16 18
 5.775000E+02 5 0 0 0 0 0 0 0 0 0 0 0 19 18 16 16 13 20
 5.780000E+02 9 0 0 0 0 0 0 0 0 0 0 0 23 16 17 19 17 14
 5.785000E+02 4 0 0 0 0 0 0 0 0 0 0 0 19 19 20 12 14 14
 5.790000E+02 9 0 0 0 0 0 0 0 0 0 0 0 17 21 21 13 14 14
 5.795000E+02 7 0 0 0 0 0 0 0 0 0 0 0 14 19 17 7 18 16
 5.800000E+02 4 0 0 0 0 0 0 0 0 1 0 0 15 19 16 13 19 17
 5.805000E+02 6 0 0 0 0 0 0 0 0 1 0 0 19 18 13 10 21 19
 5.810000E+02 7 0 0 0 0 0 0 0 0 0 0 0 15 16 12 16 23 15
 5.815000E+02 9 0 0 0 0 0 0 0 0 0 0 0 23 9 17 16 16 22
 5.820000E+02 9 0 0 0 0 0 0 0 0 0 0 0 21 10 17 17 18 18
 5.825000E+02 7 0 0 0 0 0 0 0 0 0 0 0 14 14 18 22 17 17
 5.830000E+02 6 0 0 0 0 0 0 0 0 0 0 0 15 9 15 19 17 14
 5.835000E+02 6 0 0 0 0 0 0 0 0 0 0 0 19 15 14 20 17 16
 5.840000E+02 7 0 0 0 0 0 0 0 0 1 0 0 10 13 17 20 17 15
 5.845000E+02 2 0 0 0 0 0 0 0 0 1 0 0 10 13 23 16 17 20
 5.850000E+02 6 0 0 0 0 0 0 0 0 1 0 0 13 12 16 15 22 18
 5.855000E+02 6 0 0 0 0 0 0 0 0 1 0 0 17 12 20 16 24 18
 5.860000E+02 10 0 0 0 0 0 0 1 0 0 0 0 14 12 17 18 19 13
 5.865000E+02 8 0 0 0 0 0 0 1 0 0 0 0 13 13 16 15 22 19
 5.870000E+02 6 0 0 0 0 0 0 0 0 1 0 0 10 11 18 16 22 24
 5.875000E+02 13 0 0 0 0 0 0 0 0 0 0 0 16 11 16 17 17 19
 5.880000E+02 6 0 0 0 0 0 0 0 0 0 0 0 14 18 14 15 13 15
 5.885000E+02 7 0 0 1 0 0 0 0 0 0 0 0 18 14 15 13 15 20
 5.890000E+02 8 0 0 0 0 0 0 0 0 0 0 0 19 14 20 13 10 11
 5.895000E+02 8 0 0 0 0 0 0 0 0 0 0 0 22 18 16 19 18 11
 5.900000E+02 8 0 0 0 0 0 0 0 0 0 0 0 20 26 13 21 24 8
 5.905000E+02 6 0 0 0 0 0 0 0 0 0 0 0 15 17 15 20 17 19
 5.910000E+02 11 0 0 0 0 0 0 0 0 0 0 0 18 19 12 17 14 12
 5.915000E+02 8 0 0 0 0 0 0 0 0 0 0 0 16 17 12 21 16 14
 5.920000E+02 5 0 0 0 0 0 0 0 0 0 0 0 13 20 17 23 18 14
 5.925000E+02 9 0 0 0 0 0 0 0 0 0 0 0 11 16 14 19 15 24
 5.930000E+02 6 0 0 0 0 0 0 0 0 0 0 0 21 14 12 15 26 20
 5.935000E+02 9 0 0 0 0 0 0 0 0 0 0 0 17 9 19 13 25 19
 5.940000E+02 12 0 0 0 0 0 0 0 0 0 0 0 16 11 20 19 24 13
 5.945000E+02 5 0 0 0 0 0 0 0 0 0 0 0 14 12 23 18 24 18
 5.950000E+02 7 0 0 0 0 0 0 0 0 0 0 0 15 16 16 18 20 13
 5.955000E+02 10 0 0 0 0 0 0 0 0 0 0 0 12 13 16 12 26 21
 5.960000E+02 8 0 0 0 0 0 0 0 0 0 0 0 17 14 6 17 17 27
 5.965000E+02 11 0 0 0 0 0 0 0 0 0 0 0 11 24 10 17 17 23
 5.970000E+02 10 0 0 0 0 0 0 0 0 1 0 0 9 16 15 18 17 22
 5.975000E+02 19 0 0 0 0 0 0 0 0 0 0 0 17 13 15 18 22 12
 5.980000E+02 7 0 0 0 0 0 0 0 0 0 0 0 21 13 11 14 19 13
 5.985000E+02 9 0 0 0 0 0 0 0 0 0 0 0 24 13 18 14 15 12
 5.990000E+02 10 0 0 0 0 0 0 0 0 0 0 0 19 17 21 13 10 12
 5.995000E+02 7 0 0 0 0 0 0 0 0 0 0 0 22 11 15 12 14 17
 6.000000E+02 7 0 0 0 0 0 0 0 0 0 0 0 25 14 24 11 9 16
 6.005000E+02 5 0 0 0 0 0 0 0 0 0 0 0 23 21 23 12 8 17
 6.010000E+02 12 0 0 0 0 0 0 0 0 0 0 0 21 10 15 14 11 19
 6.015000E+02 9 0 0 0 0 0 0 0 0 0 0 0 10 13 12 15 22 24
 6.020000E+02 11 0 0 0 0 0 0 0 0 0 0 0 18 14 16 18 15 18
 6.025000E+02 7 0 0 0 0 0 0 0 0 0 0 0 13 13 12 11 14 18
 6.030000E+02 11 0 0 0 0 0 0 0 0 0 0 0 15 14 11 16 15 19
 6.035000E+02 9 0 0 0 0 0 0 0 0 0 0 0 13 11 16 17 13 19
 6.040000E+02 5 0 0 0 0 0 0 0 0 1 0 0 14 16 11 15 13 20
 6.045000E+02 9 0 0 0 0 0 0 0 0 1 0 0 18 16 15 13 17 18
 6.050000E+02 7 0 0 1 0 0 0 0 0 0 0 0 15 19 19 18 15 18
 6.055000E+02 8 0 0 1 0 0 0 0 0 0 0 0 11 22 18 20 19 19
 6.060000E+02 5 0 0 0 0 0 0 0 0 0 0 0 6 15 18 22 15 19
 6.065000E+02 7 0 0 0 0 0 0 0 0 0 0 0 11 17 18 21 14 21
 6.070000E+02 8 0 0 0 0 0 0 0 0 0 0 0 16 19 20 21 8 15
 6.075000E+02 4 0 0 0 0 0 0 0 0 1 0 0 20 12 14 19 10 19
 6.080000E+02 9 0 0 0 0 0 0 0 0 0 0 0 16 10 13 16 13 15
 6.085000E+02 4 0 0 0 0 0 0 0 0 0 0 0 11 19 13 23 14 11
 6.090000E+02 6 0 0 0 0 0 0 0 0 0 0 0 15 12 17 19 11 13
 6.095000E+02 14 0 0 1 0 0 0 0 0 0 0 0 15 16 23 13 18 9
 6.100000E+02 8 0 0 0 0 0 0 0 0 1 0 0 9 18 25 10 15 9
 6.105000E+02 9 0 0 0 0 0 0 1 0 0 0 0 9 21 14 9 24 13
 6.110000E+02 5 0 0 0 0 0 0 0 0 1 0 0 19 16 11 13 22 22
 6.115000E+02 5 0 0 0 0 0 0 0 0 1 0 0 17 10 11 17 14 18
 6.120000E+02 9 0 0 0 0 0 0 1 0 0 0 0 12 9 9 22 20 11
 6.125000E+02 15 0 0 0 0 0 0 0 0 0 0 0 11 12 8 18 17 15
 6.130000E+02 9 0 0 0 0 0 0 0 0 0 0 0 19 13 8 20 16 19
 6.135000E+02 10 0 0 0 0 0 0 0 0 0 0 0 20 15 13 16 14 19
 6.140000E+02 8 0 0 0 0 0 0 0 0 0 0 0 23 16 17 19 18 17
 6.145000E+02 9 0 0 0 0 0 0 0 0 0 0 0 13 14 19 18 17 10
 6.150000E+02 4 0 0 0 0 0 0 0 0 1 0 0 14 14 17 19 18 13
 6.155000E+02 10 0 0 0 0 0 0 0 0 0 1 0 13 14 22 20 12 19
 6.160000E+02 11 0 0 0 0 0 0 0 0 1 0 0 10 18 16 15 17 20
 6.165000E+02 12 0 0 0 0 0 0 0 0 2 0 0 11 18 15 25 21 14
 6.170000E+02 6 0 0 0 0 0 0 1 0 0 0 0 16 20 16 26 16 20
 6.175000E+02 11 0 0 0 0 0 0 0 0 1 0 0 18 19 11 19 23 16
 6.180000E+02 8 0 0 0 0 0 0 0 0 2 0 0 15 13 15 20 19 16
 6.185000E+02 4 0 0 0 0 0 0 0 0 1 0 0 16 13 17 21 16 14
 6.190000E+02 16 0 0 0 0 0 0 0 0 1 0 0 9 22 15 14 25 16
 6.195000E+02 6 0 0 0 0 0 0 1 0 0 0 0 17 15 20 15 21 12
 6.200000E+02 8 0 0 0 0 0 0 0 0 0 0 0 17 18 20 16 13 15
 6.205000E+02 11 0 0 0 0 0 0 0 0 0 0 0 14 16 20 15 14 10
 6.210000E+02 11 0 0 0 0 0 0 0 0 0 0 0 19 16 17 19 13 18
 6.215000E+02 8 0 0 0 0 0 0 0 0 1 0 0 10 18 21 16 19 22
 6.220000E+02 9 0 0 0 0 0 0 0 0 1 0 0 12 10 22 17 18 16
 6.225000E+02 4 0 0 0 0 0 0 0 0 1 0 0 21 18 17 16 16 18
 6.230000E+02 4 0 0 0 0 0 0 0 0 0 0 0 22 17 15 11 13 18
 6.235000E+02 6 0 0 0 0 0 0 0 0 0 0 0 20 25 17 12 16 15
 6.240000E+02 7 0 0 0 0 0 0 0 0 0 0 0 18 16 20 19 15 12
 6.245000E+02 11 0 0 0 0 0 0 0 0 0 0 0 12 15 17 23 19 12
 6.250000E+02 18 0 0 0 0 0 0 0 0 0 0 0 18 18 17 17 17 15
 6.255000E+02 9 0 0 0 0 0 0 0 0 1 0 0 17 16 20 14 17 16
 6.260000E+02 7 0 0 0 0 0 0 0 0 1 0 0 18 16 19 17 18 17
 6.265000E+02 6 0 0 0 0 0 0 0 0 0 0 0 19 14 17 15 15 16
 6.270000E+02 15 0 0 0 0 0 0 0 0 0 0 0 15 22 19 14 15 17
 6.275000E+02 14 0 0 0 0 0 0 0 0 0 0 0 16 14 24 13 11 18
 6.280000E+02 7 0 0 1 0 0 0 0 0 1 0 0 19 20 20 13 17 18
 6.285000E+02 11 0 0 0 0 0 0 0 0 1 0 0 16 23 15 19 21 20
 6.290000E+02 6 0 0 0 0 0 0 0 0 1 0 0 16 15 20 13 18 16
 6.295000E+02 11 0 0 0 0 0 0 0 0 0 0 0 16 20 25 15 14 16
 6.300000E+02 13 0 0 0 0 0 0 0 0 0 0 0 18 16 17 18 11 14
 6.305000E+02 8 0 0 0 0 0 0 0 0 0 0 0 25 18 19 19 16 14
 6.310000E+02 7 0 0 0 0 0 0 0 0 0 0 0 21 20 28 15 17 12
 6.315000E+02 12 0 0 0 0 0 0 0 0 0 0 0 17 21 21 14 19 11
 6.320000E+02 6 0 0 0 0 0 0 0 0 1 0 0 25 19 16 15 16 19
 6.325000E+02 8 0 0 0 0 0 0 0 0 0 0 0 23 16 17 16 13 21
 6.330000E+02 7 0 0 0 0 0 0 0 0 0 0 0 20 16 21 8 13 23
 6.335000E+02 8 0 0 0 0 0 0 0 0 0 0 0 17 15 19 15 15 18
 6.340000E+02 7 0 0 0 0 0 0 0 0 0 0 0 25 14 20 9 16 16
 6.345000E+02 6 0 0 0 0 0 0 0 0 0 0 0 24 15 23 14 13 22
 6.350000E+02 7 0 0 0 0 0 0 0 0 0 0 0 18 18 16 15 15 11
 6.355000E+02 7 0 0 0 0 0 0 0 0 0 0 0 21 21 17 16 18 17
 6.360000E+02 10 0 0 0 0 0 0 0 0 0 0 0 15 19 18 12 22 17
 6.365000E+02 6 0 0 0 0 0 0 0 0 0 0 0 19 17 16 15 16 20
 6.370000E+02 11 0 0 0 0 0 0 0 0 1 0 0 11 24 15 20 12 19
 6.375000E+02 11 0 0 0 0 0 0 0 0 1 0 0 22 19 17 15 22 11
 6.380000E+02 14 0 0 1 0 0 0 0 0 0 0 0 19 19 11 11 14 18
 6.385000E+02 12 0 0 0 0 0 0 1 0 0 0 0 11 22 13 18 21 20
 6.390000E+02 4 0 0 0 0 0 0 1 0 0 0 0 13 23 14 11 8 16
 6.395000E+02 7 0 0 0 0 0 0 0 0 0 0 0 5 24 22 15 7 19
 6.400000E+02 7 0 0 0 0 0 0 0 0 0 0 0 9 25 13 18 10 19
 6.405000E+02 5 0 0 0 0 0 0 0 0 0 0 0 17 26 10 19 18 13
 6.410000E+02 14 0 0 0 0 0 0 0 0 1 0 0 17 24 14 15 17 17
 6.415000E+02 5 0 0 0 0 0 0 0 0 0 0 0 18 15 13 13 15 20
 6.420000E+02 10 0 0 0 0 0 0 0 0 1 0 0 15 18 13 19 27 13
 6.425000E+02 13 0 0 0 0 0 0 0 0 0 0 0 16 21 16 19 27 10
 6.430000E+02 13 0 0 0 0 0 0 0 0 0 0 0 16 19 15 16 26 10
 6.435000E+02 8 0 0 0 0 0 0 0 0 0 0 0 18 18 11 14 23 11
 6.440000E+02 7 0 0 0 0 0 0 0 0 0 0 0 13 16 9 14 23 19
 6.445000E+02 6 0 0 0 0 0 0 0 0 0 0 0 13 13 15 15 20 15
 6.450000E+02 6 0 0 0 0 0 0 0 0 0 0 0 18 17 16 21 15 15
 6.455000E+02 7 0 0 0 0 0 0 0 0 0 0 0 16 19 15 22 13 12
 6.460000E+02 9 0 0 0 0 0 0 0 0 0 0 0 12 18 12 26 16 12
 6.465000E+02 11 0 0 0 0 0 0 0 0 0 0 0 20 15 13 23 13 15
 6.470000E+02 8 0 0 0 0 0 0 0 0 0 0 0 19 19 19 22 16 13
 6.475000E+02 8 0 0 0 0 0 0 0 0 0 0 0 14 25 20 18 14 13
 6.480000E+02 13 0 0 0 0 0 0 0 0 0 0 0 20 13 22 13 16 18
 6.485000E+02 7 0 0 0 0 0 0 0 0 1 0 0 22 11 15 15 17 21
 6.490000E+02 14 0 0 0 0 0 0 0 0 1 0 0 19 17 11 13 18 22
 6.495000E+02 3 0 0 0 0 0 0 0 0 0 0 0 12 17 21 23 20 16
 6.500000E+02 8 0 0 0 0 0 0 0 0 0 0 0 15 16 16 17 23 9
 6.505000E+02 10 0 0 0 0 0 0 0 0 0 0 0 15 19 24 15 19 16
 6.510000E+02 8 0 0 0 0 0 0 0 0 0 0 0 10 26 19 17 18 14
 6.515000E+02 10 0 0 0 0 0 0 0 0 0 0 0 13 18 13 11 16 14
 6.520000E+02 10 0 0 0 0 0 0 0 0 0 0 0 15 15 16 19 11 15
 6.525000E+02 6 0 0 0 0 0 0 0 0 0 0 0 18 20 10 16 10 19
 6.530000E+02 8 0 0 0 0 0 0 0 0 0 0 0 16 20 15 14 13 13
 6.535000E+02 15 0 0 0 0 0 0 0 0 0 0 0 25 12 23 12 15 10
 6.540000E+02 6 0 0 0 0 0 0 0 0 0 0 0 18 20 20 15 12 13
 6.545000E+02 9 0 0 0 0 0 0 1 0 0 0 0 19 20 17 15 18 13
 6.550000E+02 8 0 0 0 0 0 0 0 0 0 0 0 11 15 19 19 9 20
 6.555000E+02 6 0 0 0 0 0 0 0 0 0 0 0 15 14 24 22 9 15
 6.560000E+02 12 0 0 0 0 0 0 0 0 0 0 0 13 11 18 22 10 15
 6.565000E+02 7 0 0 0 0 0 0 0 0 0 0 0 14 12 23 9 15 17
 6.570000E+02 7 0 0 0 0 0 0 1 0 0 0 0 11 16 21 13 10 26
 6.575000E+02 3 0 0 0 0 0 0 0 0 0 0 0 9 16 22 12 11 14
 6.580000E+02 10 0 0 0 0 0 0 0 0 0 0 0 11 12 18 15 14 20
 6.585000E+02 10 0 0 0 0 0 0 0 0 0 0 0 12 11 16 18 19 19
 6.590000E+02 12 0 0 0 0 0 0 0 0 0 0 0 22 15 17 15 16 21
 6.595000E+02 14 0 0 0 0 0 0 0 0 0 0 0 13 15 19 20 19 17
 6.600000E+02 12 0 0 0 0 0 0 0 0 0 0 0 6 7 19 22 20 17
 6.605000E+02 7 0 0 0 0 0 0 0 0 0 0 0 20 13 15 17 22 18
 6.610000E+02 6 0 0 0 0 0 0 0 0 1 0 0 11 14 17 15 17 13
 6.615000E+02 8 0 0 0 0 0 0 0 0 1 0 0 15 11 15 14 18 19
 6.620000E+02 10 0 0 0 0 0 0 0 0 1 0 0 20 16 14 17 13 19
 6.625000E+02 14 0 0 0 0 0 0 0 0 1 0 0 18 19 11 22 18 13
 6.630000E+02 8 0 0 1 0 0 0 1 0 0 0 0 16 24 14 16 21 13
 6.635000E+02 9 0 0 0 0 0 0 0 0 0 0 0 16 17 11 17 19 17
 6.640000E+02 9 0 0 0 0 0 0 0 0 0 0 0 15 13 15 26 20 17
 6.645000E+02 11 0 0 0 0 0 0 0 0 0 0 0 16 14 17 19 13 16
 6.650000E+02 9 0 0 0 0 0 0 0 0 0 0 0 23 16 22 18 19 15
 6.655000E+02 10 0 0 0 0 0 0 0 0 0 0 0 17 21 16 13 15 21
 6.660000E+02 13 0 0 0 0 0 0 0 0 0 0 0 15 17 22 12 14 21
 6.665000E+02 9 0 0 0 0 0 0 0 0 0 0 0 20 12 24 14 13 17
 6.670000E+02 10 0 0 0 0 0 0 0 0 0 0 0 22 12 23 8 16 20
 6.675000E+02 7 0 0 0 0 0 0 0 0 0 0 0 25 16 20 12 13 15
 6.680000E+02 12 0 0 0 0 0 0 0 0 0 0 0 20 18 16 17 13 14
 6.685000E+02 10 0 0 0 0 0 0 0 0 0 0 0 20 23 10 18 18 22
 6.690000E+02 9 0 0 0 0 0 0 0 0 0 0 0 13 19 10 18 21 15
 6.695000E+02 4 0 0 0 0 0 0 0 0 0 0 0 18 27 13 17 13 17
 6.700000E+02 9 0 0 0 0 0 0 0 0 0 0 0 19 24 21 14 11 12
 6.705000E+02 9 0 0 0 0 0 0 0 0 0 0 0 19 13 17 16 17 18
 6.710000E+02 8 0 0 0 0 0 0 0 0 0 0 0 21 14 16 16 18 14
 6.715000E+02 12 0 0 0 0 0 0 0 0 0 0 0 13 21 15 18 18 13
 6.720000E+02 9 0 0 0 0 0 0 0 0 0 0 0 13 21 16 17 11 15
 6.725000E+02 12 0 0 0 0 0 0 0 0 0 0 0 16 22 13 18 19 12
 6.730000E+02 5 0 0 0 0 0 0 1 0 0 0 0 14 16 18 23 18 20
 6.735000E+02 11 0 0 0 0 0 0 0 0 1 0 0 17 13 20 16 18 19
 6.740000E+02 7 0 0 0 0 0 0 0 0 0 0 0 23 11 15 10 18 20
 6.745000E+02 4 0 0 0 0 0 0 0 0 0 0 0 20 13 16 19 18 17
 6.750000E+02 3 0 0 0 0 0 0 0 0 0 0 0 12 22 9 19 21 15
 6.755000E+02 9 0 0 0 0 0 0 0 0 0 0 0 16 25 16 16 15 17
 6.760000E+02 10 0 0 0 0 0 0 0 0 1 0 0 15 24 14 18 12 20
 6.765000E+02 6 0 0 1 0 0 0 0 0 2 0 0 12 16 19 30 14 17
 6.770000E+02 10 0 0 0 0 0 0 0 0 1 0 0 17 9 17 21 20 20
 6.775000E+02 4 0 0 0 0 0 0 0 0 1 0 0 11 9 18 18 12 19
 6.780000E+02 6 0 0 0 0 0 0 0 0 0 0 0 14 22 25 20 13 11
 6.785000E+02 11 0 0 0 0 0 0 0 0 0 0 0 19 16 26 15 19 10
 6.790000E+02 6 0 0 0 0 0 0 0 0 0 0 0 14 28 19 15 19 8
 6.795000E+02 4 0 0 0 0 0 0 0 0 0 0 0 16 22 15 20 14 12
 6.800000E+02 7 0 0 0 0 0 0 0 0 0 0 0 18 23 17 19 20 16
 6.805000E+02 6 0 0 0 0 0 0 0 0 0 0 0 18 16 10 16 18 22
 6.810000E+02 4 0 0 0 0 0 0 0 0 0 0 0 19 17 12 18 19 19
 6.815000E+02 5 0 0 0 0 0 0 0 0 0 0 0 16 15 12 21 20 17
 6.820000E+02 10 0 0 0 0 0 0 0 0 0 0 0 13 18 14 21 18 13
 6.825000E+02 10 0 0 0 0 0 0 0 0 0 0 0 18 12 18 17 21 15
 6.830000E+02 6 0 0 0 0 0 0 0 0 1 0 0 20 14 14 20 14 18
 6.835000E+02 10 0 0 0 0 0 0 0 0 0 0 0 16 20 9 11 8 20
 6.840000E+02 12 0 0 0 0 0 0 0 0 1 0 0 22 20 21 7 13 13
 6.845000E+02 7 0 0 0 0 0 0 0 0 0 0 0 15 21 20 7 13 15
 6.850000E+02 10 0 0 0 0 0 0 0 0 0 0 0 18 13 17 13 11 18
 6.855000E+02 11 0 0 0 0 0 0 0 0 0 0 0 17 18 8 14 14 18
 6.860000E+02 8 0 0 0 0 0 0 0 0 0 0 0 17 13 13 16 13 19
 6.865000E+02 7 0 0 0 0 0 0 0 0 1 0 0 18 17 10 11 10 17
 6.870000E+02 8 0 0 0 0 0 0 0 0 0 0 0 19 15 13 17 15 15
 6.875000E+02 12 0 0 0 0 0 0 0 0 0 0 0 11 16 16 13 16 17
 6.880000E+02 8 0 0 0 0 0 0 0 0 0 0 0 15 17 18 21 15 17
 6.885000E+02 6 0 0 0 0 0 0 0 0 0 0 0 18 18 17 18 12 16
 6.890000E+02 12 0 0 0 0 0 0 0 0 0 0 0 13 17 14 20 15 15
 6.895000E+02 4 0 0 0 0 0 0 0 0 0 0 0 17 11 17 21 17 16
 6.900000E+02 3 0 0 0 0 0 0 0 0 0 0 0 14 17 21 17 13 16
 6.905000E+02 8 0 0 0 0 0 0 0 0 0 0 0 13 14 22 19 18 11
 6.910000E+02 7 0 0 0 0 0 0 0 0 0 0 0 20 13 15 10 18 17
 6.915000E+02 10 0 0 0 0 0 0 0 0 0 0 0 14 10 13 12 19 15
 6.920000E+02 9 0 0 0 0 0 0 0 0 0 0 0 22 18 14 12 12 16
 6.925000E+02 12 0 0 0 0 0 0 0 0 0 0 0 15 17 17 14 6 17
 6.930000E+02 11 0 0 0 0 0 0 0 0 0 0 0 15 23 21 10 9 13
 6.935000E+02 7 0 0 0 0 0 0 1 0 0 0 0 18 14 17 12 16 16
 6.940000E+02 6 0 0 0 0 0 0 0 0 1 0 0 23 18 21 11 13 16
 6.945000E+02 9 0 0 0 0 0 0 0 0 2 0 0 17 19 23 18 16 11
 6.950000E+02 4 0 0 0 0 0 0 0 0 2 0 0 18 19 14 11 13 12
 6.955000E+02 2 0 0 0 0 0 0 0 0 1 0 0 18 15 14 17 16 14
 6.960000E+02 15 0 0 0 0 0 0 0 0 0 0 0 21 10 12 11 16 20
 6.965000E+02 4 0 0 0 0 0 0 0 0 1 0 0 11 15 14 16 18 18
 6.970000E+02 10 0 0 0 0 0 0 0 0 1 0 0 15 9 14 20 24 14
 6.975000E+02 16 0 0 0 0 0 0 0 0 0 0 0 14 17 15 20 22 14
 6.980000E+02 7 0 0 0 0 0 0 0 0 0 0 0 13 11 13 17 22 22
 6.985000E+02 9 0 0 0 0 0 0 0 0 0 0 0 15 10 20 16 21 18
 6.990000E+02 12 0 0 0 0 0 0 0 0 0 0 0 15 12 17 14 15 18
 6.995000E+02 15 0 0 0 0 0 0 0 0 0 0 0 15 13 17 14 14 19
 7.000000E+02 15 0 0 0 0 0 0 0 0 0 0 0 15 18 18 12 16 10
