# time 'Ca' 'D34:75:137_PP2ACa' 'D34:75:137_PP2APCa' 'D34:75_PP2ACa' 'D34:75_PP2APCa' 'D75:137_PP2ACa' 'D75:137_PP2APCa' 'D75_PP2ACa' 'D75_PP2APCa' 'PP2ACa' 'PP2ACa_PKA' 'PP2APCa' 'PP2BinactiveCa2_1' 'PP2BinactiveCa2_2' 'PP2BinactiveCa2_3' 'PP2BinactiveCa2_4' 'PP2BinactiveCa2_5' 'PP2BinactiveCa2_6'
 0.000000E+00 0 0 0 0 0 0 0 0 0 0 0 0 0 0 0 0 0 0
 5.000000E-01 2 0 0 0 0 0 0 0 0 0 0 0 0 1 1 1 0 1
 1.000000E+00 0 0 0 0 0 0 0 0 0 0 0 0 1 1 2 0 2 1
 1.500000E+00 2 0 0 0 0 0 0 0 0 0 0 0 2 0 2 2 3 1
 2.000000E+00 1 0 0 0 0 0 0 0 0 0 0 0 2 2 1 3 5 0
 2.500000E+00 5 0 0 0 0 0 0 0 0 0 0 0 2 1 3 2 5 1
 3.000000E+00 2 0 0 0 0 0 0 0 0 0 0 0 4 1 4 3 6 3
 3.500000E+00 2 0 0 0 0 0 0 0 0 0 0 0 2 3 3 4 6 6
 4.000000E+00 3 0 0 0 0 0 0 0 0 0 0 0 2 3 2 5 3 11
 4.500000E+00 5 0 0 0 0 0 0 0 0 0 0 0 3 3 3 5 3 11
 5.000000E+00 4 0 0 0 0 0 0 0 0 0 0 0 3 7 3 6 1 12
 5.500000E+00 2 0 0 0 0 0 0 0 0 0 0 0 7 6 5 6 4 7
 6.000000E+00 5 0 0 0 0 0 0 0 0 0 0 0 8 5 3 7 3 9
 6.500000E+00 2 0 0 0 0 0 0 0 0 0 0 0 9 4 6 6 3 6
 7.000000E+00 7 0 0 0 0 0 0 0 0 0 0 0 7 4 6 8 6 8
 7.500000E+00 7 0 0 0 0 0 0 0 0 0 0 0 8 4 8 9 5 5
 8.000000E+00 6 0 0 0 0 0 0 0 0 0 0 0 11 3 8 4 5 9
 8.500000E+00 7 0 0 0 0 0 0 0 0 0 0 0 11 6 12 7 4 9
 9.000000E+00 2 0 0 0 0 0 0 0 0 0 0 0 7 8 12 11 5 8
 9.500000E+00 4 0 0 0 0 0 0 0 0 0 0 0 6 11 10 10 5 8
 1.000000E+01 5 0 0 0 0 0 0 0 0 0 0 0 5 7 11 10 6 8
 1.050000E+01 8 0 0 0 0 0 0 0 0 0 0 0 4 6 10 11 7 10
 1.100000E+01 9 0 0 0 0 0 0 0 0 0 0 0 5 5 10 10 9 9
 1.150000E+01 2 0 0 0 0 0 0 0 0 0 0 0 4 7 7 11 11 8
 1.200000E+01 5 0 0 0 0 0 0 0 0 0 0 0 11 5 9 16 7 8
 1.250000E+01 3 0 0 0 0 0 0 0 0 0 0 0 13 10 6 14 10 9
 1.300000E+01 8 0 0 0 0 0 0 0 0 0 0 0 12 9 10 9 8 14
 1.350000E+01 7 0 0 0 0 0 0 0 0 1 0 0 7 11 9 13 6 12
 1.400000E+01 8 0 0 0 0 0 0 0 0 0 0 0 11 9 9 11 13 6
 1.450000E+01 8 0 0 0 0 0 0 0 0 0 0 0 15 7 5 16 12 7
 1.500000E+01 6 0 0 0 0 0 0 0 0 0 0 0 17 10 7 13 8 11
 1.550000E+01 10 0 0 0 0 0 0 0 0 0 0 0 13 13 11 8 7 9
 1.600000E+01 4 0 0 0 0 0 0 0 0 0 0 0 12 12 12 9 9 12
 1.650000E+01 6 0 0 0 0 0 0 0 0 0 0 0 9 17 10 10 8 13
 1.700000E+01 4 0 0 0 0 0 0 0 0 0 0 0 13 11 9 12 10 14
 1.750000E+01 3 0 0 0 0 0 0 0 0 0 0 0 15 12 12 11 11 6
 1.800000E+01 3 0 0 0 0 0 0 0 0 0 0 0 14 10 10 15 13 10
 1.850000E+01 2 0 0 0 0 0 0 0 0 0 0 0 13 11 11 14 14 8
 1.900000E+01 4 0 0 0 0 0 0 0 0 0 0 0 10 20 12 10 16 5
 1.950000E+01 4 0 0 0 0 0 0 0 0 0 0 0 15 16 8 8 18 8
 2.000000E+01 4 0 0 0 0 0 0 0 0 0 0 0 11 18 6 8 15 11
 2.050000E+01 10 0 0 0 0 0 0 0 0 0 0 0 12 17 4 7 16 18
 2.100000E+01 4 0 0 0 0 0 0 0 0 0 0 0 16 13 8 8 13 17
 2.150000E+01 10 0 0 0 0 0 0 0 0 0 0 0 12 9 8 11 14 15
 2.200000E+01 6 0 0 0 0 0 0 0 0 0 0 0 11 8 8 15 15 15
 2.250000E+01 2 0 0 0 0 0 0 0 0 0 0 0 14 11 16 14 12 15
 2.300000E+01 6 0 0 0 0 0 0 0 0 0 0 0 16 9 20 13 8 13
 2.350000E+01 4 0 0 0 0 0 0 0 0 0 0 0 17 8 11 18 11 14
 2.400000E+01 10 0 0 0 0 0 0 0 0 0 0 0 19 10 13 17 16 10
 2.450000E+01 4 0 0 0 0 0 0 0 0 0 0 0 13 12 9 14 18 11
 2.500000E+01 9 0 0 0 0 0 0 0 0 0 0 0 17 12 9 12 9 29
 2.550000E+01 3 0 0 0 0 0 0 0 0 0 0 0 15 13 12 14 11 23
 2.600000E+01 7 0 0 0 0 0 0 0 0 0 0 0 13 15 16 19 11 14
 2.650000E+01 7 0 0 0 0 0 0 0 0 0 0 0 10 16 21 21 9 14
 2.700000E+01 6 0 0 0 0 0 0 0 0 0 0 0 12 13 16 16 14 16
 2.750000E+01 11 0 0 0 0 0 0 0 0 0 0 0 10 11 11 17 14 15
 2.800000E+01 10 0 0 0 0 0 0 0 0 0 0 0 16 8 16 15 12 14
 2.850000E+01 9 0 0 0 0 0 0 0 0 0 0 0 12 11 19 8 13 13
 2.900000E+01 7 0 0 0 0 0 0 0 0 0 0 0 15 20 14 8 16 10
 2.950000E+01 1 0 0 0 0 0 0 0 0 0 0 0 18 17 18 9 18 13
 3.000000E+01 5 0 0 0 0 0 0 0 0 0 0 0 19 18 17 7 6 13
 3.050000E+01 6 0 0 0 0 0 0 0 0 1 0 0 16 16 15 12 9 16
 3.100000E+01 11 0 0 0 0 0 0 0 0 1 0 0 16 18 14 15 8 15
 3.150000E+01 8 0 0 0 0 0 0 0 0 1 0 0 14 19 16 16 11 12
 3.200000E+01 5 0 0 0 0 0 0 0 0 1 0 0 10 14 18 13 13 10
 3.250000E+01 4 0 0 0 0 0 0 1 0 0 0 0 11 15 21 12 16 18
 3.300000E+01 3 0 0 0 0 0 0 0 0 0 0 0 13 18 17 13 13 12
 3.350000E+01 6 0 0 0 0 0 0 0 0 1 0 0 15 16 20 14 16 13
 3.400000E+01 5 0 0 0 0 0 0 0 0 0 0 0 14 18 14 13 14 12
 3.450000E+01 9 0 0 0 0 0 0 1 0 0 0 0 20 15 14 14 14 8
 3.500000E+01 9 0 0 0 0 0 0 0 0 1 0 0 22 16 15 14 9 8
 3.550000E+01 7 0 0 0 0 0 0 0 0 1 0 0 27 19 13 12 6 12
 3.600000E+01 10 0 0 0 0 0 0 0 0 1 0 0 22 15 16 10 7 16
 3.650000E+01 9 0 0 0 0 0 0 0 0 0 0 0 22 10 12 9 10 17
 3.700000E+01 4 0 0 0 0 0 0 0 0 0 0 0 23 14 11 12 23 10
 3.750000E+01 7 0 0 0 0 0 0 0 0 0 0 0 20 14 12 9 15 14
 3.800000E+01 7 0 0 0 0 0 0 0 0 0 0 0 23 14 9 7 16 17
 3.850000E+01 9 0 0 0 0 0 0 0 0 0 0 0 21 15 10 16 17 14
 3.900000E+01 5 0 0 0 0 0 0 0 0 0 0 0 14 15 11 15 15 14
 3.950000E+01 11 0 0 0 0 0 0 0 0 0 0 0 13 18 15 8 18 19
 4.000000E+01 7 0 0 0 0 0 0 0 0 0 0 0 13 17 15 11 16 16
 4.050000E+01 9 0 0 0 0 0 0 0 0 0 0 0 12 14 22 14 15 11
 4.100000E+01 7 0 0 0 0 0 0 0 0 0 0 0 17 11 21 10 14 13
 4.150000E+01 6 0 0 0 0 0 0 0 0 0 0 0 17 9 15 17 15 22
 4.200000E+01 6 0 0 0 0 0 0 0 0 0 0 0 25 7 13 18 15 22
 4.250000E+01 6 0 0 0 0 0 0 0 0 1 0 0 16 14 9 17 16 14
 4.300000E+01 5 0 0 0 0 0 0 0 0 1 0 0 17 11 15 15 15 19
 4.350000E+01 6 0 0 0 0 0 0 0 0 0 0 0 13 17 16 15 14 22
 4.400000E+01 10 0 0 0 0 0 0 0 0 0 0 0 15 10 17 15 19 16
 4.450000E+01 6 0 0 0 0 0 0 0 0 0 0 0 10 7 15 14 15 20
 4.500000E+01 13 0 0 0 0 0 0 0 0 0 0 0 11 11 14 11 18 20
 4.550000E+01 4 0 0 0 0 0 0 0 0 1 0 0 18 16 10 13 22 20
 4.600000E+01 4 0 0 0 0 0 0 0 0 0 0 0 18 13 12 10 22 20
 4.650000E+01 6 0 0 0 0 0 0 0 0 0 0 0 17 12 22 12 14 21
 4.700000E+01 5 0 0 0 0 0 0 0 0 0 0 0 23 12 17 12 18 17
 4.750000E+01 4 0 0 0 0 0 0 0 0 0 0 0 16 13 21 14 18 13
 4.800000E+01 8 0 0 0 0 0 0 0 0 0 0 0 20 15 19 12 15 15
 4.850000E+01 6 0 0 0 0 0 0 0 0 0 0 0 18 11 15 13 18 15
 4.900000E+01 5 0 0 0 0 0 0 0 0 0 0 0 20 15 14 14 16 17
 4.950000E+01 10 0 0 0 0 0 0 1 0 0 0 0 15 12 19 12 17 23
 5.000000E+01 8 0 0 0 0 0 0 0 0 0 0 0 16 9 12 19 18 15
 5.050000E+01 11 0 0 0 0 0 0 0 0 0 0 0 14 13 13 18 12 17
 5.100000E+01 13 0 0 0 0 0 0 0 0 0 0 0 17 10 13 26 15 13
 5.150000E+01 8 0 0 0 0 0 0 0 0 0 0 0 17 13 19 26 19 11
 5.200000E+01 5 0 0 0 0 0 0 1 0 0 0 0 20 16 15 24 18 6
 5.250000E+01 10 0 0 0 0 0 0 1 0 0 0 0 17 17 12 23 17 17
 5.300000E+01 13 0 0 0 0 0 0 0 0 0 0 0 16 19 10 18 25 13
 5.350000E+01 7 0 0 0 0 0 0 0 0 0 0 0 20 16 12 21 23 11
 5.400000E+01 6 0 0 0 0 0 0 0 0 0 0 0 19 11 15 16 22 13
 5.450000E+01 8 0 0 0 0 0 0 0 0 0 0 0 14 14 14 18 18 17
 5.500000E+01 5 0 0 0 0 0 0 0 0 0 0 0 14 14 17 21 11 22
 5.550000E+01 8 0 0 0 0 0 0 0 0 0 0 0 15 18 16 20 19 18
 5.600000E+01 11 0 0 0 0 0 0 0 0 0 0 0 6 19 15 16 13 23
 5.650000E+01 10 0 0 0 0 0 0 0 0 0 0 0 14 17 20 14 12 22
 5.700000E+01 8 0 0 0 0 0 0 0 0 0 0 0 12 20 13 14 19 23
 5.750000E+01 4 0 0 0 0 0 0 0 0 0 0 0 18 21 15 17 15 16
 5.800000E+01 10 0 0 0 0 0 0 0 0 0 0 0 16 22 17 12 19 19
 5.850000E+01 10 0 0 0 0 0 0 0 0 0 0 0 18 20 13 11 15 21
 5.900000E+01 9 0 0 0 0 0 0 0 0 0 0 0 19 20 18 15 16 14
 5.950000E+01 6 0 0 0 0 0 0 0 0 0 0 0 17 19 19 16 17 9
 6.000000E+01 11 0 0 0 0 0 0 0 0 0 0 0 22 14 18 12 17 16
 6.050000E+01 9 0 0 0 0 0 0 0 0 1 0 0 20 12 15 13 26 15
 6.100000E+01 6 0 0 0 0 0 0 0 0 0 0 0 17 18 16 16 22 13
 6.150000E+01 11 0 0 0 0 0 0 0 0 0 0 0 17 17 16 18 21 15
 6.200000E+01 4 0 0 0 0 0 0 0 0 0 0 0 15 18 18 19 15 13
 6.250000E+01 7 0 0 0 0 0 0 0 0 0 0 0 19 21 18 22 19 14
 6.300000E+01 5 0 0 0 0 0 0 0 0 0 0 0 20 18 22 14 16 14
 6.350000E+01 9 0 0 0 0 0 0 0 0 0 0 0 16 22 15 20 18 15
 6.400000E+01 7 0 0 0 0 0 0 0 0 0 0 0 19 20 14 17 20 11
 6.450000E+01 11 0 0 0 0 0 0 0 0 0 0 0 22 12 16 14 21 19
 6.500000E+01 15 0 0 0 0 0 0 0 0 0 0 0 14 18 16 15 25 14
 6.550000E+01 6 0 0 0 0 0 0 0 0 0 0 0 19 19 12 13 19 21
 6.600000E+01 9 0 0 0 0 0 0 0 0 0 0 0 20 17 13 17 13 19
 6.650000E+01 6 0 0 0 0 0 0 0 0 0 0 0 15 17 15 17 19 19
 6.700000E+01 5 0 0 0 0 0 0 0 0 0 0 0 16 12 7 17 13 28
 6.750000E+01 11 0 0 0 0 0 0 0 0 1 0 0 26 10 20 11 15 21
 6.800000E+01 6 0 0 0 0 0 0 0 0 1 0 0 21 14 12 18 17 19
 6.850000E+01 12 0 0 0 0 0 0 1 0 0 0 0 16 16 22 17 20 12
 6.900000E+01 11 0 0 0 0 0 0 0 0 1 0 0 24 13 23 11 20 13
 6.950000E+01 11 0 0 0 0 0 0 0 0 0 0 0 21 14 21 10 23 19
 7.000000E+01 6 0 0 0 0 0 0 0 0 0 0 0 16 16 15 16 16 21
 7.050000E+01 6 0 0 0 0 0 0 0 0 0 0 0 11 17 19 19 17 23
 7.100000E+01 6 0 0 0 0 0 0 0 0 0 0 0 14 15 17 15 17 16
 7.150000E+01 6 0 0 0 0 0 0 0 0 0 0 0 15 16 16 20 14 25
 7.200000E+01 9 0 0 0 0 0 0 0 0 1 0 0 16 19 15 15 14 22
 7.250000E+01 11 0 0 0 0 0 0 0 0 0 0 0 11 19 10 12 15 25
 7.300000E+01 8 0 0 0 0 0 0 0 0 0 0 0 10 18 16 15 18 17
 7.350000E+01 6 0 0 0 0 0 0 0 0 0 0 0 16 16 13 14 16 22
 7.400000E+01 5 0 0 0 0 0 0 0 0 0 0 0 18 18 13 15 18 19
 7.450000E+01 8 0 0 0 0 0 0 0 0 0 0 0 20 18 16 16 14 17
 7.500000E+01 12 0 0 0 0 0 0 0 0 0 0 0 18 14 15 21 15 23
 7.550000E+01 9 0 0 0 0 0 0 0 0 1 0 0 22 17 6 19 16 24
 7.600000E+01 6 0 0 0 0 0 0 0 0 1 0 0 14 13 18 24 9 28
 7.650000E+01 5 0 0 0 0 0 0 1 0 0 0 0 13 19 14 13 10 27
 7.700000E+01 12 0 0 0 0 0 0 1 0 0 0 0 10 20 19 17 10 16
 7.750000E+01 3 0 0 0 0 0 0 1 0 1 0 0 15 19 15 13 14 25
 7.800000E+01 13 0 0 0 0 0 0 0 0 1 0 0 14 17 18 15 14 19
 7.850000E+01 8 0 0 0 0 0 0 0 0 2 0 0 12 19 18 17 11 16
 7.900000E+01 7 0 0 0 0 0 0 0 0 1 0 0 18 26 19 20 13 11
 7.950000E+01 6 0 0 0 0 0 0 0 0 1 0 0 16 23 19 13 11 15
 8.000000E+01 10 0 0 0 0 0 0 0 0 2 0 0 13 28 20 15 19 12
 8.050000E+01 6 0 0 0 0 0 0 0 0 1 0 0 17 32 14 12 15 14
 8.100000E+01 7 0 0 0 0 0 0 0 0 1 0 0 15 18 7 20 18 21
 8.150000E+01 8 0 0 0 0 1 0 0 0 1 0 0 17 15 12 23 14 21
 8.200000E+01 7 0 0 0 0 0 0 0 0 1 0 0 22 17 12 24 16 13
 8.250000E+01 10 0 0 0 0 0 0 0 0 1 0 0 19 17 12 21 18 14
 8.300000E+01 6 0 0 0 0 0 0 0 0 0 0 0 22 13 12 18 21 16
 8.350000E+01 11 0 0 0 0 0 0 0 0 0 0 0 25 13 11 15 17 16
 8.400000E+01 6 0 0 0 0 0 0 0 0 0 0 0 18 17 15 17 14 27
 8.450000E+01 10 0 0 0 0 0 0 0 0 1 0 0 10 18 20 14 8 22
 8.500000E+01 10 0 0 0 0 0 0 0 0 1 0 0 15 16 19 17 13 20
 8.550000E+01 11 0 0 0 0 0 0 0 0 0 0 0 13 14 16 19 16 17
 8.600000E+01 10 0 0 0 0 0 0 0 0 0 0 0 10 14 18 18 15 10
 8.650000E+01 5 0 0 0 0 0 0 0 0 0 0 0 14 14 14 24 14 14
 8.700000E+01 8 0 0 0 0 0 0 0 0 0 0 0 15 18 21 15 20 11
 8.750000E+01 9 0 0 0 0 0 0 0 0 1 0 0 15 17 19 19 14 14
 8.800000E+01 8 0 0 0 0 0 0 0 0 1 0 0 13 22 29 15 10 19
 8.850000E+01 8 0 0 0 0 0 0 0 0 0 0 0 19 18 15 13 17 16
 8.900000E+01 5 0 0 0 0 0 0 0 0 0 0 0 22 19 12 13 15 16
 8.950000E+01 9 0 0 0 0 0 0 0 0 0 0 0 25 19 10 21 22 7
 9.000000E+01 9 0 0 0 0 0 0 0 0 0 0 0 27 17 13 17 15 10
 9.050000E+01 6 0 0 0 0 0 0 0 0 0 0 0 21 17 12 21 11 14
 9.100000E+01 5 0 0 0 0 0 0 0 0 0 0 0 18 20 15 27 10 18
 9.150000E+01 11 0 0 0 0 0 0 0 0 0 0 0 23 17 11 20 8 12
 9.200000E+01 8 0 0 0 0 0 0 0 0 0 0 0 17 14 16 19 16 19
 9.250000E+01 7 0 0 0 0 0 0 0 0 0 0 0 13 16 25 14 18 10
 9.300000E+01 8 0 0 0 0 0 0 0 0 0 0 0 19 16 17 22 14 10
 9.350000E+01 12 0 0 0 0 0 0 0 0 0 0 0 18 12 11 27 14 18
 9.400000E+01 8 0 0 0 0 0 0 0 0 0 0 0 14 15 10 29 12 15
 9.450000E+01 4 0 0 0 0 0 0 0 0 0 0 0 12 20 13 25 12 18
 9.500000E+01 12 0 0 0 0 0 0 0 0 0 0 0 10 16 16 25 13 15
 9.550000E+01 12 0 0 0 0 0 0 0 0 0 0 0 10 20 18 26 14 18
 9.600000E+01 9 0 0 0 0 0 0 0 0 0 0 0 13 19 15 19 16 18
 9.650000E+01 7 0 0 0 0 0 0 0 0 0 0 0 16 16 21 15 17 19
 9.700000E+01 9 0 0 0 0 0 0 0 0 0 0 0 13 16 16 11 16 15
 9.750000E+01 8 0 0 0 0 0 0 0 0 0 0 0 24 14 16 11 15 18
 9.800000E+01 6 0 0 0 0 0 0 0 0 0 0 0 23 22 20 17 17 20
 9.850000E+01 12 0 0 0 0 0 0 0 0 0 0 0 20 15 16 16 20 18
 9.900000E+01 8 0 0 0 0 0 0 1 0 1 0 0 19 13 16 16 18 23
 9.950000E+01 4 0 0 0 0 0 0 1 0 2 0 0 14 14 16 15 23 25
 1.000000E+02 3 0 0 0 0 0 0 0 0 3 0 0 16 10 17 17 22 16
 1.005000E+02 5 0 0 0 0 0 0 0 0 0 0 0 16 18 17 21 21 17
 1.010000E+02 8 0 0 0 0 0 0 0 0 0 0 0 15 13 15 18 24 16
 1.015000E+02 12 0 0 0 0 0 0 0 0 0 0 0 13 13 20 19 21 22
 1.020000E+02 8 0 0 0 0 0 0 0 0 0 0 0 17 17 18 16 21 18
 1.025000E+02 14 0 0 0 0 0 0 0 0 0 0 0 15 16 17 13 14 17
 1.030000E+02 6 0 0 0 0 0 0 0 0 0 0 0 19 24 20 19 18 15
 1.035000E+02 9 0 0 0 0 0 0 0 0 0 0 0 16 19 19 23 18 16
 1.040000E+02 7 0 0 0 0 0 0 1 0 0 0 0 11 13 15 22 22 20
 1.045000E+02 7 0 0 0 0 0 0 0 0 0 0 0 19 19 23 21 15 14
 1.050000E+02 7 0 0 0 0 0 0 0 0 0 0 0 21 12 21 21 21 14
 1.055000E+02 8 0 0 0 0 0 0 0 0 1 0 0 19 19 18 16 23 18
 1.060000E+02 5 0 0 0 0 0 0 0 0 1 0 0 17 22 14 19 20 23
 1.065000E+02 5 0 0 0 0 0 0 0 0 0 0 0 20 16 12 16 26 19
 1.070000E+02 8 0 0 0 0 0 0 0 0 0 0 0 19 13 10 18 18 22
 1.075000E+02 7 0 0 0 0 0 0 0 0 0 0 0 17 13 23 14 19 12
 1.080000E+02 16 0 0 0 0 0 0 0 0 0 0 0 12 21 19 18 21 13
 1.085000E+02 4 0 0 0 0 0 0 0 0 0 0 0 18 16 21 13 24 13
 1.090000E+02 7 0 0 0 0 0 0 0 0 0 0 0 16 19 15 12 24 12
 1.095000E+02 10 0 0 0 0 0 0 0 0 1 0 0 18 22 10 23 10 15
 1.100000E+02 9 0 0 0 0 0 0 0 0 1 0 0 20 28 13 24 10 15
 1.105000E+02 10 0 0 0 0 0 0 0 0 0 0 0 17 17 17 17 19 15
 1.110000E+02 7 0 0 0 0 0 0 0 0 0 0 0 18 16 13 16 14 19
 1.115000E+02 7 0 0 0 0 0 0 0 0 0 0 0 19 12 17 14 11 27
 1.120000E+02 8 0 0 0 0 0 0 0 0 0 0 0 20 10 18 17 14 31
 1.125000E+02 7 0 0 0 0 0 0 0 0 0 0 0 15 13 21 16 18 26
 1.130000E+02 10 0 0 0 0 0 0 0 0 0 0 0 12 12 20 20 22 18
 1.135000E+02 10 0 0 0 0 0 0 0 0 0 0 0 9 19 19 17 17 18
 1.140000E+02 9 0 0 0 0 0 0 0 0 0 0 0 18 15 17 13 18 24
 1.145000E+02 9 0 0 0 0 0 0 0 0 0 0 0 16 15 18 14 19 17
 1.150000E+02 5 0 0 0 0 0 0 0 0 0 0 0 19 25 13 19 19 13
 1.155000E+02 5 0 0 0 0 0 0 0 0 0 0 0 17 19 17 19 17 17
 1.160000E+02 4 0 0 0 0 0 0 1 0 0 0 0 18 18 17 23 16 14
 1.165000E+02 8 0 0 0 0 0 0 1 0 0 0 0 15 15 19 19 12 13
 1.170000E+02 6 0 0 0 0 0 0 0 0 0 0 0 18 13 15 16 15 18
 1.175000E+02 7 0 0 0 0 0 0 0 0 0 0 0 15 19 12 19 15 14
 1.180000E+02 11 0 0 0 0 0 0 0 0 0 0 0 19 15 12 13 27 15
 1.185000E+02 7 0 0 0 0 0 0 0 0 0 0 0 17 13 18 11 22 15
 1.190000E+02 14 0 0 0 0 0 0 0 0 0 0 0 22 17 18 22 18 18
 1.195000E+02 6 0 0 0 0 0 0 0 0 0 0 0 21 13 22 16 17 17
 1.200000E+02 8 0 0 0 0 0 0 0 0 0 0 0 21 7 18 17 19 14
 1.205000E+02 9 0 0 0 0 0 0 0 0 0 0 0 19 13 19 14 17 18
 1.210000E+02 5 0 0 0 0 0 0 0 0 1 0 0 20 19 17 15 16 20
 1.215000E+02 10 0 0 0 0 0 0 0 0 1 0 0 22 14 14 17 20 19
 1.220000E+02 7 0 0 0 0 0 0 0 0 0 0 0 17 16 17 17 23 22
 1.225000E+02 12 0 0 0 0 0 0 0 0 0 0 0 14 15 16 19 23 14
 1.230000E+02 9 0 0 0 0 0 0 0 0 0 0 0 20 22 12 18 19 14
 1.235000E+02 8 0 0 0 0 0 0 0 0 0 0 0 17 23 19 17 16 19
 1.240000E+02 15 0 0 0 0 0 0 0 0 0 0 0 16 24 20 15 15 16
 1.245000E+02 8 0 0 0 0 0 0 0 0 0 0 0 14 16 16 20 23 22
 1.250000E+02 7 0 0 0 0 0 0 0 0 0 0 0 15 21 15 19 19 21
 1.255000E+02 7 0 0 0 0 0 0 0 0 0 0 0 20 20 20 21 18 22
 1.260000E+02 12 0 0 0 0 0 0 0 0 0 0 0 14 15 19 18 16 20
 1.265000E+02 10 0 0 0 0 0 0 0 0 0 0 0 15 21 21 21 18 16
 1.270000E+02 8 0 0 0 0 0 0 0 0 0 0 0 14 20 20 19 20 14
 1.275000E+02 10 0 0 0 0 0 0 0 0 0 0 0 20 15 20 23 14 19
 1.280000E+02 10 0 0 0 0 0 0 0 0 0 0 0 22 19 13 18 16 19
 1.285000E+02 15 0 0 0 0 0 0 0 0 0 0 0 16 20 20 22 12 15
 1.290000E+02 15 0 0 0 0 0 0 0 0 0 0 0 12 16 18 22 14 16
 1.295000E+02 13 0 0 0 0 0 0 0 0 0 0 0 15 23 13 21 19 12
 1.300000E+02 10 0 0 0 0 0 0 0 0 0 0 0 20 24 18 11 18 15
 1.305000E+02 5 0 0 0 0 0 0 0 0 0 0 0 12 20 17 15 21 19
 1.310000E+02 8 0 0 0 0 0 0 0 0 0 0 0 13 24 15 19 13 20
 1.315000E+02 5 0 0 0 0 0 0 1 0 0 0 0 16 16 24 14 15 21
 1.320000E+02 9 0 0 0 0 0 0 0 0 1 0 0 17 11 21 18 22 19
 1.325000E+02 10 0 0 0 0 0 0 0 0 1 0 0 13 21 19 9 18 13
 1.330000E+02 11 0 0 0 0 0 0 0 0 0 0 0 23 18 19 24 21 16
 1.335000E+02 7 0 0 0 0 0 0 0 0 0 0 0 22 16 15 24 18 12
 1.340000E+02 9 0 0 0 0 0 0 0 0 0 0 0 20 15 12 17 24 18
 1.345000E+02 11 0 0 0 0 0 0 0 0 0 0 0 20 19 17 19 22 17
 1.350000E+02 5 0 0 0 0 0 0 0 0 1 0 0 14 17 24 20 19 18
 1.355000E+02 7 0 0 0 0 0 0 0 0 1 0 0 17 14 22 23 18 15
 1.360000E+02 6 0 0 0 0 0 0 0 0 1 0 0 18 16 18 19 24 14
 1.365000E+02 9 0 0 0 0 0 0 1 0 0 0 0 16 13 19 23 21 12
 1.370000E+02 10 0 0 0 0 0 0 0 0 1 0 0 15 14 21 22 21 14
 1.375000E+02 15 0 0 0 0 0 0 0 0 2 0 0 13 15 25 21 18 11
 1.380000E+02 15 0 0 0 0 0 0 0 0 0 0 0 15 11 26 18 16 17
 1.385000E+02 6 0 0 0 0 0 0 0 0 0 0 0 12 11 20 17 21 15
 1.390000E+02 9 0 0 0 0 0 0 0 0 0 0 0 14 18 19 21 17 17
 1.395000E+02 12 0 0 0 0 0 0 0 0 0 0 0 14 16 22 19 20 15
 1.400000E+02 15 0 0 0 0 0 0 0 0 0 0 0 17 16 20 13 19 17
 1.405000E+02 7 0 0 0 0 0 0 0 0 0 0 0 20 23 21 11 17 19
 1.410000E+02 12 0 0 0 0 0 0 0 0 0 0 0 17 23 16 18 21 14
 1.415000E+02 8 0 0 0 0 0 0 0 0 0 0 0 14 20 19 15 16 20
 1.420000E+02 6 0 0 0 0 0 0 0 0 0 0 0 20 22 17 17 14 15
 1.425000E+02 8 0 0 0 0 0 0 0 0 0 0 0 20 19 21 16 20 16
 1.430000E+02 6 0 0 0 0 0 0 0 0 0 0 0 17 19 18 9 20 23
 1.435000E+02 10 0 0 0 0 0 0 0 0 0 0 0 22 20 23 13 12 14
 1.440000E+02 7 0 0 0 0 0 0 0 0 0 0 0 18 20 20 13 16 19
 1.445000E+02 9 0 0 0 0 0 0 0 0 0 0 0 23 12 18 16 17 19
 1.450000E+02 4 0 0 0 0 0 0 0 0 0 0 0 19 16 22 14 12 28
 1.455000E+02 13 0 0 0 0 0 0 0 0 0 0 0 21 14 19 20 12 18
 1.460000E+02 8 0 0 0 0 0 0 0 0 0 0 0 20 19 21 15 16 16
 1.465000E+02 2 0 0 0 0 0 0 0 0 0 0 0 18 16 19 19 17 18
 1.470000E+02 8 0 0 0 0 0 0 0 0 0 0 0 20 19 16 15 20 19
 1.475000E+02 7 0 0 0 0 0 0 0 0 0 0 0 25 16 15 14 12 25
 1.480000E+02 6 0 0 0 0 0 0 0 0 0 0 0 24 15 15 13 16 17
 1.485000E+02 14 0 0 0 0 0 0 0 0 0 0 0 18 15 15 18 13 18
 1.490000E+02 9 0 0 0 0 0 0 0 0 0 0 0 18 17 25 15 12 19
 1.495000E+02 10 0 0 0 0 0 0 0 0 0 0 0 15 14 18 18 14 20
 1.500000E+02 12 0 0 0 0 0 0 0 0 0 0 0 16 18 17 21 15 17
 1.505000E+02 15 0 0 0 0 0 0 0 0 1 0 0 16 22 14 13 15 16
 1.510000E+02 7 0 0 0 0 0 0 0 0 1 0 0 18 21 18 13 18 17
 1.515000E+02 13 0 0 0 0 0 0 1 0 0 0 0 17 19 15 15 20 14
 1.520000E+02 4 0 0 0 0 0 0 1 0 0 0 0 14 14 19 17 22 16
 1.525000E+02 11 0 0 0 0 0 0 0 0 0 0 0 15 17 24 14 18 15
 1.530000E+02 15 0 0 0 0 0 0 0 0 0 0 0 19 14 22 17 16 10
 1.535000E+02 9 0 0 0 0 0 0 0 0 0 0 0 18 15 21 22 18 11
 1.540000E+02 10 0 0 0 0 0 0 1 0 0 0 0 15 20 15 25 13 18
 1.545000E+02 6 0 0 0 0 0 0 0 0 0 0 0 15 21 14 23 24 19
 1.550000E+02 12 0 0 0 0 0 0 0 0 0 0 0 20 19 19 13 21 19
 1.555000E+02 8 0 0 0 0 0 0 0 0 0 0 0 21 19 14 20 22 18
 1.560000E+02 8 0 0 0 0 0 0 0 0 0 0 0 21 16 16 17 19 23
 1.565000E+02 10 0 0 0 0 0 0 0 0 0 0 0 20 11 22 18 20 26
 1.570000E+02 11 0 0 0 0 0 0 0 0 0 0 0 24 15 15 18 17 27
 1.575000E+02 8 0 0 0 0 0 0 0 0 0 0 0 20 14 22 19 17 24
 1.580000E+02 12 0 0 0 0 0 0 0 0 0 0 0 18 11 24 24 18 24
 1.585000E+02 6 0 0 0 0 0 0 0 0 0 0 0 18 16 22 17 19 18
 1.590000E+02 6 0 0 0 0 0 0 0 0 0 0 0 13 11 15 19 18 22
 1.595000E+02 6 0 0 0 0 0 0 0 0 0 0 0 13 16 18 19 24 20
 1.600000E+02 7 0 0 0 0 0 0 0 0 0 0 0 20 14 18 20 18 24
 1.605000E+02 9 0 0 0 0 0 0 0 0 0 0 0 18 13 23 16 17 25
 1.610000E+02 7 0 0 0 0 0 0 0 0 0 0 0 16 17 26 19 14 19
 1.615000E+02 14 0 0 0 0 0 0 0 0 0 0 0 19 17 24 20 17 14
 1.620000E+02 9 0 0 0 0 0 0 0 0 0 0 0 21 17 24 16 18 17
 1.625000E+02 6 0 0 0 0 0 0 0 0 0 0 0 25 20 16 14 17 23
 1.630000E+02 8 0 0 0 0 0 0 0 0 0 0 0 17 20 24 20 15 19
 1.635000E+02 6 0 0 0 0 0 0 0 0 2 0 0 24 14 24 16 15 19
 1.640000E+02 11 0 0 0 0 0 0 1 0 0 0 0 22 19 20 18 14 22
 1.645000E+02 11 0 0 0 0 0 0 1 0 0 0 0 16 15 14 23 19 19
 1.650000E+02 14 0 0 0 0 0 0 0 0 0 0 0 22 12 17 25 21 21
 1.655000E+02 12 0 0 0 0 0 0 0 0 0 0 0 15 10 18 23 21 18
 1.660000E+02 15 0 0 0 0 0 0 0 0 0 0 0 14 13 17 23 20 21
 1.665000E+02 12 0 0 0 0 0 0 0 0 0 0 0 17 13 15 24 20 18
 1.670000E+02 8 0 0 0 0 0 0 0 0 0 0 0 21 15 9 22 24 22
 1.675000E+02 4 0 0 0 0 0 0 1 0 0 0 0 23 17 13 24 18 14
 1.680000E+02 10 0 0 0 0 0 0 0 0 0 0 0 22 18 12 32 15 13
 1.685000E+02 10 0 0 0 0 0 0 0 0 0 0 0 21 16 14 23 16 15
 1.690000E+02 8 0 0 0 0 0 0 0 0 0 0 0 15 20 21 16 13 16
 1.695000E+02 12 0 0 0 0 0 0 0 0 0 0 0 19 20 17 14 21 16
 1.700000E+02 4 0 0 0 0 0 0 0 0 0 0 0 20 23 22 20 22 14
 1.705000E+02 13 0 0 0 0 0 0 0 0 0 0 0 19 24 20 22 18 17
 1.710000E+02 12 0 0 0 0 0 0 0 0 0 0 0 20 19 19 21 14 15
 1.715000E+02 12 0 0 0 0 0 0 0 0 0 0 0 23 17 17 24 24 18
 1.720000E+02 7 0 0 0 0 0 0 0 0 0 0 0 26 17 16 13 22 22
 1.725000E+02 6 0 0 0 0 0 0 0 0 0 0 0 27 18 16 17 25 20
 1.730000E+02 17 0 0 0 0 0 0 0 0 0 0 0 23 17 15 15 23 29
 1.735000E+02 10 0 0 0 0 0 0 0 0 0 0 0 23 14 13 16 11 21
 1.740000E+02 9 0 0 0 0 0 0 0 0 0 0 0 17 23 17 18 16 26
 1.745000E+02 6 0 0 0 0 0 0 0 0 0 0 0 19 29 14 15 18 27
 1.750000E+02 5 0 0 0 0 0 0 0 0 0 0 0 20 28 15 18 17 21
 1.755000E+02 7 0 0 0 0 0 0 0 0 0 0 0 16 22 18 15 16 17
 1.760000E+02 8 0 0 0 0 0 0 0 0 0 0 0 21 31 16 12 13 22
 1.765000E+02 8 0 0 0 0 0 0 0 0 0 0 0 26 19 20 10 14 22
 1.770000E+02 7 0 0 0 0 0 0 0 0 0 0 0 25 15 19 16 17 20
 1.775000E+02 13 0 0 0 0 0 0 0 0 0 0 0 19 20 21 19 23 19
 1.780000E+02 14 0 0 0 0 0 0 1 0 0 0 0 18 14 21 19 19 16
 1.785000E+02 3 0 0 0 0 0 0 1 0 1 0 0 18 20 20 12 22 21
 1.790000E+02 11 0 0 0 0 1 0 0 0 0 0 0 17 17 23 15 18 21
 1.795000E+02 11 0 0 0 0 0 0 0 0 0 0 0 15 24 21 16 19 10
 1.800000E+02 6 0 0 0 0 0 0 0 0 0 0 0 23 19 16 14 25 14
 1.805000E+02 8 0 0 0 0 0 0 0 0 0 0 0 21 18 14 13 24 28
 1.810000E+02 9 0 0 0 0 0 0 0 0 0 0 0 20 20 20 17 20 25
 1.815000E+02 8 0 0 0 0 0 0 0 0 0 0 0 22 19 21 9 20 16
 1.820000E+02 10 0 0 0 0 0 0 0 0 0 0 0 24 18 22 16 22 22
 1.825000E+02 11 0 0 0 0 0 0 0 0 0 0 0 28 15 20 16 27 13
 1.830000E+02 6 0 0 0 0 0 0 0 0 0 0 0 25 13 15 18 21 14
 1.835000E+02 6 0 0 0 0 0 0 0 0 0 0 0 25 17 21 13 23 19
 1.840000E+02 7 0 0 0 0 0 0 0 0 0 0 0 14 11 14 13 23 25
 1.845000E+02 5 0 0 0 0 0 0 0 0 0 0 0 21 15 16 11 24 23
 1.850000E+02 9 0 0 0 0 0 0 1 0 0 0 0 17 18 10 17 18 18
 1.855000E+02 11 0 0 0 0 0 0 0 0 1 0 0 17 18 13 19 17 25
 1.860000E+02 7 0 0 0 0 0 0 0 0 0 0 0 23 24 10 14 17 20
 1.865000E+02 10 0 0 0 0 0 0 0 0 0 0 0 19 26 14 14 11 20
 1.870000E+02 10 0 0 0 0 0 0 0 0 0 0 0 29 19 23 16 13 15
 1.875000E+02 12 0 0 0 0 0 0 0 0 0 0 0 23 15 24 15 7 21
 1.880000E+02 8 0 0 0 0 0 0 0 0 0 0 0 26 17 20 13 22 16
 1.885000E+02 13 0 0 0 0 0 0 0 0 0 0 0 22 10 17 21 20 17
 1.890000E+02 12 0 0 0 0 0 0 0 0 0 0 0 14 20 13 15 21 23
 1.895000E+02 11 0 0 0 0 0 0 0 0 0 0 0 19 26 14 13 18 20
 1.900000E+02 8 0 0 0 0 0 0 0 0 0 0 0 23 19 17 14 22 22
 1.905000E+02 13 0 0 0 0 0 0 0 0 0 0 0 17 20 23 16 14 18
 1.910000E+02 10 0 0 0 0 0 0 0 0 0 0 0 15 18 22 20 20 16
 1.915000E+02 13 0 0 0 0 0 0 0 0 0 0 0 12 19 24 19 21 16
 1.920000E+02 5 0 0 0 0 0 0 0 0 0 0 0 14 18 20 15 28 15
 1.925000E+02 10 0 0 0 0 0 0 0 0 0 0 0 22 21 9 15 18 21
 1.930000E+02 9 0 0 0 0 0 0 0 0 0 0 0 22 22 20 16 15 22
 1.935000E+02 11 0 0 0 0 0 0 0 0 0 0 0 17 25 17 14 18 20
 1.940000E+02 9 0 0 0 0 0 0 0 0 0 0 0 11 16 17 17 14 21
 1.945000E+02 5 0 0 0 0 0 0 0 0 0 0 0 14 14 18 22 16 19
 1.950000E+02 6 0 0 0 0 0 0 0 0 0 0 0 12 17 20 21 20 13
 1.955000E+02 5 0 0 0 0 0 0 0 0 0 0 0 21 12 21 20 25 16
 1.960000E+02 8 0 0 0 0 0 0 0 0 0 0 0 19 18 16 16 22 13
 1.965000E+02 6 0 0 0 0 0 0 0 0 0 0 0 17 16 17 22 21 16
 1.970000E+02 12 0 0 0 0 0 0 0 0 0 0 0 14 12 26 15 19 16
 1.975000E+02 9 0 0 0 0 0 0 0 0 1 0 0 17 19 24 14 17 15
 1.980000E+02 7 0 0 0 0 0 0 0 0 2 0 0 22 18 14 16 18 22
 1.985000E+02 5 0 0 0 0 0 0 0 0 2 0 0 20 22 11 19 15 26
 1.990000E+02 8 0 0 0 0 0 0 0 0 1 0 0 15 18 18 17 16 21
 1.995000E+02 5 0 0 0 0 0 0 0 0 0 0 0 22 18 19 14 14 19
 2.000000E+02 13 0 0 0 0 0 0 0 0 0 0 0 19 19 22 14 14 24
 2.005000E+02 11 0 0 0 0 0 0 0 0 0 0 0 16 19 18 19 20 20
 2.010000E+02 7 0 0 0 0 0 0 0 0 0 0 0 18 9 16 22 21 24
 2.015000E+02 9 0 0 0 0 0 0 0 0 0 0 0 14 8 13 18 24 19
 2.020000E+02 9 0 0 0 0 0 0 0 0 1 0 0 15 12 16 14 12 22
 2.025000E+02 6 0 0 0 0 0 0 0 0 1 0 0 10 11 16 17 18 16
 2.030000E+02 3 0 0 0 0 0 0 0 0 0 1 0 9 11 22 18 16 16
 2.035000E+02 5 0 0 0 0 0 0 0 0 1 0 0 10 15 23 15 12 19
 2.040000E+02 4 0 0 0 0 0 0 0 0 0 1 0 12 17 15 19 8 24
 2.045000E+02 6 0 0 0 0 0 0 0 0 0 0 0 20 13 13 20 14 24
 2.050000E+02 7 0 0 0 0 0 0 0 0 0 0 0 18 15 10 17 14 23
 2.055000E+02 12 0 0 0 0 0 0 0 0 0 0 0 17 14 10 14 20 20
 2.060000E+02 9 0 0 0 0 0 0 0 0 0 0 0 13 12 13 17 12 18
 2.065000E+02 10 0 0 0 0 0 0 0 0 0 0 0 23 10 16 19 20 10
 2.070000E+02 8 0 0 0 0 0 0 0 0 0 0 0 21 11 14 20 11 14
 2.075000E+02 6 0 0 0 0 0 0 0 0 0 0 0 12 12 20 22 13 21
 2.080000E+02 13 0 0 0 0 0 0 0 0 0 0 0 10 12 19 15 11 26
 2.085000E+02 9 0 0 0 0 0 0 0 0 0 0 0 11 12 17 13 17 22
 2.090000E+02 8 0 0 0 0 0 0 0 0 0 0 0 12 12 20 11 15 16
 2.095000E+02 9 0 0 0 0 0 0 0 0 0 0 0 8 18 5 12 11 14
 2.100000E+02 4 0 0 0 0 0 0 0 0 0 0 0 13 22 10 12 16 16
 2.105000E+02 6 0 0 0 0 0 0 0 0 0 0 0 19 20 9 14 12 15
 2.110000E+02 4 0 0 0 0 0 0 0 0 0 0 0 17 19 11 20 17 13
 2.115000E+02 6 0 0 0 0 0 0 0 0 0 0 0 13 18 9 21 13 16
 2.120000E+02 10 0 0 0 0 0 0 0 0 0 0 0 16 15 18 17 15 16
 2.125000E+02 7 0 0 0 0 0 0 0 0 0 0 0 16 14 14 13 15 17
 2.130000E+02 11 0 0 0 0 0 0 0 0 0 0 0 21 12 5 15 20 21
 2.135000E+02 9 0 0 0 0 0 0 0 0 0 0 0 13 14 7 16 21 20
 2.140000E+02 2 0 0 0 0 0 0 0 0 0 0 0 20 16 14 11 15 13
 2.145000E+02 11 0 0 0 0 0 0 0 0 0 0 0 26 17 13 15 16 17
 2.150000E+02 11 0 0 0 0 0 0 0 0 0 0 0 19 14 20 14 10 19
 2.155000E+02 10 0 0 0 0 0 0 0 0 0 0 0 18 18 21 15 12 15
 2.160000E+02 7 0 0 0 0 0 0 0 0 0 0 0 16 15 15 19 12 15
 2.165000E+02 7 0 0 0 0 0 0 0 0 0 0 0 11 13 22 15 12 17
 2.170000E+02 6 0 0 0 0 0 0 0 0 0 0 0 13 16 20 20 14 21
 2.175000E+02 6 0 0 1 0 0 0 0 0 0 0 0 11 17 15 18 18 16
 2.180000E+02 3 0 0 0 0 0 0 0 0 1 0 0 13 14 14 21 20 13
 2.185000E+02 5 0 0 0 0 0 0 0 0 0 1 0 12 16 13 21 17 16
 2.190000E+02 12 0 0 1 0 0 0 0 0 0 0 0 16 18 12 17 13 18
 2.195000E+02 9 0 0 0 0 0 0 0 0 1 0 0 15 15 15 15 18 20
 2.200000E+02 8 0 0 0 0 0 0 0 0 1 0 0 19 14 18 11 15 16
 2.205000E+02 8 0 0 0 0 0 0 0 0 0 0 0 15 15 23 12 13 12
 2.210000E+02 5 0 0 0 0 0 0 0 0 0 0 0 19 16 15 9 13 13
 2.215000E+02 7 0 0 0 0 0 0 0 0 0 0 0 22 10 13 12 14 15
 2.220000E+02 7 0 0 0 0 0 0 0 0 0 0 0 25 15 14 13 13 20
 2.225000E+02 15 0 0 0 0 0 0 0 0 0 0 0 13 18 15 15 14 17
 2.230000E+02 6 0 0 0 0 0 0 0 0 0 0 0 16 16 13 12 16 15
 2.235000E+02 13 0 0 0 0 0 0 0 0 0 0 0 14 13 11 7 18 20
 2.240000E+02 12 0 0 0 0 0 0 0 0 0 0 0 20 11 14 11 18 12
 2.245000E+02 2 0 0 0 0 0 0 0 0 0 0 0 21 14 12 12 15 15
 2.250000E+02 10 0 0 0 0 0 0 0 0 0 0 0 20 11 20 12 18 18
 2.255000E+02 7 0 0 0 0 0 0 0 0 0 0 0 17 11 17 19 22 15
 2.260000E+02 4 0 0 0 0 0 0 0 0 1 1 0 15 11 15 15 17 18
 2.265000E+02 8 0 0 0 0 0 0 0 0 1 0 0 12 14 21 12 15 8
 2.270000E+02 10 0 0 1 0 0 0 0 0 0 0 0 7 18 24 12 17 17
 2.275000E+02 7 0 0 0 0 0 0 0 0 0 0 0 10 20 21 15 15 20
 2.280000E+02 5 0 0 0 0 0 0 0 0 0 0 0 16 13 21 14 25 28
 2.285000E+02 9 0 0 0 0 0 0 0 0 0 0 0 7 12 18 13 17 23
 2.290000E+02 9 0 0 0 0 0 0 0 0 0 0 0 8 13 18 17 11 21
 2.295000E+02 6 0 0 0 0 0 0 0 0 0 0 0 19 16 19 15 15 17
 2.300000E+02 2 0 0 0 0 0 0 0 0 1 0 0 22 14 13 10 15 15
 2.305000E+02 8 0 0 1 0 0 0 0 0 0 0 0 20 15 16 11 19 15
 2.310000E+02 7 0 0 0 0 0 0 0 0 0 0 0 19 10 17 20 19 15
 2.315000E+02 15 0 0 0 0 0 0 0 0 0 0 0 16 17 14 12 11 14
 2.320000E+02 5 0 0 0 0 0 0 0 0 0 0 0 13 17 20 20 13 14
 2.325000E+02 8 0 0 0 0 0 0 0 0 0 0 0 14 21 23 16 15 11
 2.330000E+02 6 0 0 0 0 0 0 0 0 0 0 0 16 15 12 20 19 14
 2.335000E+02 11 0 0 0 0 0 0 0 0 0 0 0 15 14 17 19 16 12
 2.340000E+02 7 0 0 0 0 0 0 0 0 0 0 0 13 11 14 16 17 16
 2.345000E+02 16 0 0 0 0 0 0 0 0 0 0 0 18 14 19 12 24 12
 2.350000E+02 3 0 0 0 0 0 0 0 0 0 0 0 16 19 16 11 19 16
 2.355000E+02 7 0 0 0 0 0 0 0 0 0 0 0 15 23 9 12 20 17
 2.360000E+02 11 0 0 0 0 0 0 0 0 0 0 0 19 23 12 17 9 19
 2.365000E+02 10 0 0 0 0 0 0 0 0 0 0 0 16 22 12 18 13 22
 2.370000E+02 9 0 0 0 0 0 0 0 0 0 0 0 17 18 19 15 10 17
 2.375000E+02 11 0 0 0 0 0 0 0 0 0 0 0 10 19 20 18 15 21
 2.380000E+02 10 0 0 0 0 0 0 0 0 0 0 0 7 14 17 24 18 15
 2.385000E+02 9 0 0 0 0 0 0 0 0 0 0 0 12 17 17 24 18 12
 2.390000E+02 10 0 0 0 0 0 0 0 0 0 0 0 15 20 19 14 19 20
 2.395000E+02 4 0 0 0 0 0 0 0 0 0 0 0 12 12 16 23 17 15
 2.400000E+02 7 0 0 0 0 0 0 0 0 0 0 0 8 10 14 19 15 14
 2.405000E+02 10 0 0 0 0 0 0 0 0 0 0 0 7 11 15 24 10 17
 2.410000E+02 9 0 0 0 0 0 0 0 0 0 0 0 15 17 15 19 11 15
 2.415000E+02 13 0 0 0 0 0 0 0 0 0 0 0 13 22 18 14 20 18
 2.420000E+02 12 0 0 0 0 0 0 0 0 0 0 0 15 21 11 10 22 17
 2.425000E+02 8 0 0 0 0 0 0 0 0 0 0 0 18 20 16 14 16 18
 2.430000E+02 14 0 0 0 0 0 0 0 0 0 0 0 12 19 17 21 18 15
 2.435000E+02 13 0 0 0 0 0 0 0 0 0 0 0 10 23 16 19 9 26
 2.440000E+02 11 0 0 0 0 0 0 0 0 0 0 0 13 14 15 19 14 21
 2.445000E+02 8 0 0 0 0 0 0 0 0 0 0 0 18 14 13 16 18 22
 2.450000E+02 6 0 0 0 0 0 0 0 0 0 0 0 12 14 12 17 24 27
 2.455000E+02 5 0 0 0 0 0 0 0 0 0 0 0 11 19 15 14 20 22
 2.460000E+02 7 0 0 0 0 0 0 0 0 1 0 0 20 16 16 18 13 16
 2.465000E+02 7 0 0 0 0 0 0 0 0 2 0 0 16 10 25 18 13 16
 2.470000E+02 11 0 0 1 0 0 0 0 0 0 0 0 13 9 21 13 19 23
 2.475000E+02 10 0 0 0 0 0 0 0 0 1 0 0 11 8 12 15 22 15
 2.480000E+02 10 0 0 0 0 0 0 0 0 0 0 0 12 12 12 17 23 18
 2.485000E+02 9 0 0 0 0 0 0 0 0 0 0 0 18 7 21 18 14 17
 2.490000E+02 8 0 0 0 0 0 0 0 0 1 0 0 20 13 16 11 19 14
 2.495000E+02 9 0 0 0 0 0 0 0 0 0 0 0 11 18 17 11 17 20
 2.500000E+02 7 0 0 0 0 0 0 0 0 0 0 0 17 13 18 15 23 21
 2.505000E+02 1112 1 0 0 1 0 0 0 0 7 0 1 0 0 0 0 0 0
 2.510000E+02 1842 2 0 5 0 0 0 2 0 18 0 1 0 0 0 0 0 0
 2.515000E+02 2103 1 0 5 0 0 0 0 0 24 0 1 0 0 0 0 0 0
 2.520000E+02 2210 0 0 8 1 0 0 5 1 26 1 1 0 0 0 0 0 0
 2.525000E+02 941 0 0 2 1 0 0 1 1 26 1 0 0 0 0 0 0 0
 2.530000E+02 405 0 0 3 0 0 0 2 0 23 1 1 0 0 0 0 0 0
 2.535000E+02 187 0 0 1 0 0 0 2 0 15 2 0 0 2 0 0 0 0
 2.540000E+02 87 1 0 1 0 0 0 0 0 8 0 1 0 1 0 1 2 1
 2.545000E+02 1413 0 0 2 0 1 0 1 0 16 2 0 0 0 0 0 0 0
 2.550000E+02 1958 1 0 3 0 2 0 2 0 18 1 1 0 0 0 0 0 0
 2.555000E+02 2190 0 0 5 0 0 0 2 0 29 0 1 0 0 0 0 0 0
 2.560000E+02 2381 0 0 5 0 0 0 4 0 32 0 0 0 0 0 0 0 0
 2.565000E+02 1026 3 0 3 0 2 0 2 0 32 0 0 0 0 0 0 0 0
 2.570000E+02 463 0 0 4 0 1 0 2 0 24 0 0 0 0 0 0 0 0
 2.575000E+02 215 1 0 2 0 0 0 0 0 18 0 0 1 0 0 0 1 1
 2.580000E+02 105 1 0 0 0 0 0 0 0 8 1 0 1 1 4 1 0 0
 2.585000E+02 1410 0 0 1 0 0 0 2 0 10 0 0 0 0 0 0 0 0
 2.590000E+02 1944 0 0 3 0 0 0 4 0 23 0 0 0 0 0 0 0 0
 2.595000E+02 2263 3 0 4 0 1 0 3 0 28 0 0 0 0 0 0 0 0
 2.600000E+02 2400 1 0 1 0 0 0 4 0 35 1 4 0 0 0 0 0 0
 2.605000E+02 1004 1 0 4 0 1 0 4 0 30 0 0 0 0 0 0 0 0
 2.610000E+02 442 1 0 1 0 0 0 9 1 24 0 0 0 0 0 0 0 0
 2.615000E+02 218 0 0 0 0 1 1 2 1 18 0 1 1 0 0 2 0 1
 2.620000E+02 101 0 0 1 0 1 0 3 0 15 0 2 1 3 0 2 0 1
 2.625000E+02 1323 1 0 0 0 3 0 2 0 18 0 1 0 0 0 0 0 0
 2.630000E+02 1970 1 0 2 0 1 0 6 0 23 1 0 0 0 0 0 0 0
 2.635000E+02 2219 2 0 4 0 2 0 7 0 35 0 0 0 0 0 0 0 0
 2.640000E+02 2294 1 0 3 0 0 0 6 0 39 0 1 0 0 0 0 0 0
 2.645000E+02 998 3 0 1 0 0 0 3 0 29 1 2 0 0 0 0 0 0
 2.650000E+02 445 0 0 2 0 1 0 4 0 25 0 0 0 0 0 0 0 0
 2.655000E+02 203 2 0 0 0 0 0 3 0 24 0 0 1 2 0 0 2 0
 2.660000E+02 111 0 0 0 0 0 0 1 0 19 0 0 2 2 4 0 4 5
 2.665000E+02 1384 0 0 0 0 2 0 1 0 14 0 0 0 0 0 0 0 0
 2.670000E+02 1870 1 0 0 0 2 0 4 0 22 0 1 0 0 0 0 0 0
 2.675000E+02 2147 0 0 1 0 1 1 4 1 29 1 1 0 0 0 0 0 0
 2.680000E+02 2267 2 0 2 0 3 0 9 0 29 1 1 0 0 0 0 0 0
 2.685000E+02 1023 1 0 0 0 2 1 2 0 30 0 1 0 0 0 0 0 0
 2.690000E+02 422 0 0 3 0 1 0 3 0 27 0 1 0 0 1 0 0 0
 2.695000E+02 180 0 0 1 0 1 0 1 0 16 0 1 0 0 1 0 0 0
 2.700000E+02 86 0 0 0 0 1 0 1 0 11 0 0 4 0 2 1 0 3
 2.705000E+02 1327 3 0 1 0 1 0 2 0 17 0 0 0 0 0 0 0 0
 2.710000E+02 1890 0 0 1 0 1 0 5 0 27 0 1 0 0 0 0 0 0
 2.715000E+02 2114 0 0 0 0 1 0 7 1 41 0 0 0 0 0 0 0 0
 2.720000E+02 2285 1 0 0 0 4 0 7 0 39 0 0 0 0 0 0 0 0
 2.725000E+02 1020 2 0 1 0 1 0 5 0 33 1 1 0 0 0 0 0 0
 2.730000E+02 488 0 0 1 0 1 0 1 0 26 0 0 0 1 0 0 0 1
 2.735000E+02 221 0 0 1 0 1 0 4 0 12 1 1 0 0 0 0 0 0
 2.740000E+02 117 1 0 1 0 0 0 3 1 10 1 0 1 1 0 1 2 0
 2.745000E+02 1365 0 0 1 0 0 0 4 0 15 1 0 0 0 0 0 0 1
 2.750000E+02 1931 1 0 0 0 0 0 5 0 25 1 0 0 0 0 0 0 0
 2.755000E+02 2117 1 0 3 0 3 0 3 0 36 2 1 0 0 0 0 0 0
 2.760000E+02 2271 2 0 4 0 4 0 6 0 46 1 0 0 0 0 0 0 0
 2.765000E+02 990 0 0 1 1 3 0 8 1 36 1 1 0 0 0 0 0 0
 2.770000E+02 423 1 0 1 0 0 0 2 0 27 0 1 0 0 0 0 0 0
 2.775000E+02 199 0 0 0 0 0 0 3 0 12 2 0 1 1 0 0 0 0
 2.780000E+02 105 0 0 0 0 0 0 3 0 4 1 0 2 2 1 1 0 1
 2.785000E+02 1346 0 0 1 0 1 0 3 0 9 0 0 0 0 0 0 0 0
 2.790000E+02 1817 0 0 0 0 0 0 5 0 20 1 0 0 0 0 0 0 0
 2.795000E+02 2180 0 0 0 0 1 0 4 0 29 0 1 0 0 0 0 0 0
 2.800000E+02 2304 2 0 1 0 1 0 9 0 36 1 0 0 0 0 0 0 0
 2.805000E+02 964 2 0 1 0 4 0 5 0 35 1 0 0 0 1 0 0 0
 2.810000E+02 389 1 0 1 0 2 0 5 0 26 0 0 0 0 0 0 0 0
 2.815000E+02 195 1 0 0 0 1 0 3 1 17 0 0 0 1 0 0 2 0
 2.820000E+02 104 0 0 0 0 1 0 2 0 15 0 0 2 2 3 2 1 1
 2.825000E+02 1357 0 0 0 0 0 0 2 0 15 1 0 0 0 0 0 0 0
 2.830000E+02 1929 1 0 1 0 0 0 5 0 28 0 1 0 0 0 0 0 0
 2.835000E+02 2168 0 0 0 0 2 0 5 0 36 0 0 0 0 0 0 0 0
 2.840000E+02 2261 0 0 1 0 1 0 5 1 42 0 2 0 0 0 0 0 0
 2.845000E+02 1004 1 0 0 0 1 0 8 0 31 1 0 0 0 0 0 0 0
 2.850000E+02 441 0 0 0 0 2 0 5 1 29 0 0 0 0 0 0 0 0
 2.855000E+02 218 0 0 1 0 1 0 3 0 16 1 0 2 0 1 1 0 0
 2.860000E+02 110 0 0 0 0 0 0 1 0 10 2 0 1 1 2 1 3 2
 2.865000E+02 1361 0 0 0 0 1 0 2 1 11 0 0 0 0 0 0 0 0
 2.870000E+02 1896 0 0 0 0 2 0 4 0 18 0 0 0 0 0 0 0 0
 2.875000E+02 2177 2 0 2 0 2 0 1 0 28 1 0 0 0 0 0 0 0
 2.880000E+02 2287 0 0 0 0 1 0 5 1 40 0 0 0 0 0 0 0 0
 2.885000E+02 972 1 0 1 0 2 0 8 0 38 0 0 0 0 0 0 0 0
 2.890000E+02 461 0 0 2 0 2 0 3 0 22 1 1 0 0 0 0 0 0
 2.895000E+02 202 1 0 0 0 0 0 4 0 20 0 2 0 0 0 0 4 0
 2.900000E+02 109 1 0 1 0 1 0 4 0 11 0 0 5 2 2 1 1 2
 2.905000E+02 69 0 0 1 0 0 0 2 0 10 0 0 3 0 4 4 6 4
 2.910000E+02 53 0 0 0 0 0 0 1 1 8 0 0 10 5 6 5 6 4
 2.915000E+02 45 0 0 0 0 1 0 2 0 3 0 0 9 6 8 4 5 10
 2.920000E+02 30 0 0 0 0 0 0 2 0 4 0 0 7 9 9 4 7 11
 2.925000E+02 22 0 0 0 0 0 0 0 0 5 0 0 9 13 9 9 9 12
 2.930000E+02 37 0 0 0 0 0 0 1 0 2 0 1 13 6 12 13 11 12
 2.935000E+02 33 0 0 0 0 0 0 0 1 1 0 0 11 14 16 14 8 15
 2.940000E+02 29 0 0 0 0 0 0 0 0 0 0 0 12 9 11 16 15 15
 2.945000E+02 33 0 0 0 0 0 0 0 0 0 0 0 16 10 23 15 12 13
 2.950000E+02 25 0 0 0 0 0 0 0 0 0 0 0 12 11 16 13 15 12
 2.955000E+02 21 0 0 0 0 0 0 0 0 0 0 0 14 17 18 14 11 20
 2.960000E+02 19 0 0 0 0 0 0 0 0 1 0 0 14 7 14 23 12 12
 2.965000E+02 23 0 0 0 0 0 0 0 0 1 0 0 18 16 15 22 21 13
 2.970000E+02 18 0 0 0 0 0 0 1 0 0 0 0 12 23 17 20 18 18
 2.975000E+02 22 0 0 0 0 0 0 0 0 1 0 0 27 12 21 10 19 21
 2.980000E+02 22 0 0 0 0 0 0 0 0 0 0 0 20 12 23 13 17 24
 2.985000E+02 20 0 0 0 0 0 0 0 0 1 0 0 16 19 16 11 21 30
 2.990000E+02 14 0 0 0 0 0 0 0 0 2 0 0 20 12 13 19 17 20
 2.995000E+02 25 0 0 0 0 0 0 1 0 0 0 0 21 9 12 25 20 22
 3.000000E+02 15 0 0 0 0 0 0 0 0 0 0 0 19 20 19 19 20 25
 3.005000E+02 12 0 0 0 0 0 0 0 0 0 0 0 16 18 21 20 15 24
 3.010000E+02 12 0 0 0 0 0 0 0 0 0 0 0 17 15 26 22 29 18
 3.015000E+02 14 0 0 0 0 0 0 0 0 0 0 0 23 12 14 25 25 19
 3.020000E+02 13 0 0 0 0 0 0 0 0 0 0 0 28 19 15 21 18 18
 3.025000E+02 16 0 0 0 0 0 0 0 0 0 0 0 22 22 17 20 22 16
 3.030000E+02 18 0 0 0 0 0 0 0 0 0 0 0 23 13 21 24 19 16
 3.035000E+02 21 0 0 0 0 0 0 0 0 0 0 0 20 19 14 22 14 13
 3.040000E+02 20 0 0 0 0 0 0 0 0 0 0 0 22 17 19 18 17 26
 3.045000E+02 14 0 0 0 0 0 0 0 0 0 0 0 24 20 25 15 10 23
 3.050000E+02 9 0 0 0 0 0 0 0 0 0 0 0 29 18 25 19 12 27
 3.055000E+02 11 0 0 0 0 0 0 0 0 1 0 0 30 18 25 20 20 18
 3.060000E+02 14 0 0 0 0 0 0 0 0 1 0 0 22 24 17 19 22 16
 3.065000E+02 18 0 0 0 0 0 0 0 0 1 0 0 23 25 22 12 16 19
 3.070000E+02 17 0 0 0 0 0 0 0 0 0 0 0 18 17 20 19 22 16
 3.075000E+02 11 0 0 0 0 0 0 0 0 0 0 0 21 20 14 18 30 24
 3.080000E+02 13 0 0 0 0 0 0 0 0 0 0 0 18 11 14 25 32 16
 3.085000E+02 12 0 0 0 0 0 0 0 0 0 0 0 18 24 12 24 27 19
 3.090000E+02 17 0 0 0 0 0 0 0 0 0 0 0 13 23 15 20 22 25
 3.095000E+02 7 0 0 0 0 0 0 0 0 0 0 0 15 14 20 26 16 16
 3.100000E+02 8 0 0 0 0 0 0 0 0 0 0 0 18 19 24 24 15 18
 3.105000E+02 4 0 0 1 0 0 0 0 0 0 0 0 18 12 17 23 17 22
 3.110000E+02 13 0 0 0 0 0 0 0 0 0 0 0 19 13 23 16 19 28
 3.115000E+02 13 0 0 0 0 0 0 0 0 0 0 0 19 20 16 11 21 22
 3.120000E+02 10 0 0 0 0 0 0 0 0 0 0 0 22 15 14 21 16 22
 3.125000E+02 17 0 0 0 0 0 0 0 0 0 0 0 28 17 19 16 11 23
 3.130000E+02 18 0 0 0 0 0 0 0 0 2 0 0 26 24 24 16 18 24
 3.135000E+02 11 0 0 1 0 0 0 0 0 2 0 0 18 17 19 18 25 15
 3.140000E+02 10 0 0 0 0 0 0 0 0 2 0 0 19 25 18 23 21 19
 3.145000E+02 11 0 0 0 0 0 0 0 0 1 0 0 19 21 16 21 17 18
 3.150000E+02 8 0 0 0 0 0 0 0 0 0 0 0 21 22 14 21 19 21
 3.155000E+02 6 0 0 0 0 0 0 0 0 0 0 0 19 19 16 22 19 21
 3.160000E+02 7 0 0 0 0 0 0 0 0 0 0 0 18 18 18 15 23 23
 3.165000E+02 12 0 0 0 0 0 0 0 0 0 0 0 19 15 17 17 19 23
 3.170000E+02 10 0 0 0 0 0 0 0 0 0 0 0 19 21 22 21 24 17
 3.175000E+02 12 0 0 0 0 0 0 0 0 0 0 0 14 18 22 20 23 20
 3.180000E+02 13 0 0 0 0 0 0 0 0 0 0 0 18 14 19 17 21 23
 3.185000E+02 8 0 0 0 0 0 0 0 0 0 0 0 19 17 19 21 26 23
 3.190000E+02 8 0 0 1 0 0 0 0 0 0 0 0 19 10 22 15 25 23
 3.195000E+02 15 0 0 0 0 0 0 0 0 0 0 0 18 21 17 16 19 16
 3.200000E+02 11 0 0 0 0 0 0 0 0 0 0 0 25 21 23 17 13 20
 3.205000E+02 17 0 0 0 0 0 0 0 0 0 0 0 18 17 21 24 18 10
 3.210000E+02 10 0 0 0 0 0 0 0 0 0 0 0 22 23 16 15 10 22
 3.215000E+02 9 0 0 0 0 0 0 0 0 0 0 0 20 19 18 24 11 21
 3.220000E+02 8 0 0 0 0 0 0 0 0 0 0 0 17 18 20 18 19 27
 3.225000E+02 6 0 0 0 0 0 0 0 0 0 0 0 20 19 17 16 28 23
 3.230000E+02 12 0 0 0 0 0 0 0 0 0 0 0 19 25 24 16 17 16
 3.235000E+02 12 0 0 0 0 0 0 0 0 0 0 0 13 24 21 22 22 19
 3.240000E+02 11 0 0 0 0 0 0 0 0 0 0 0 11 21 18 24 27 18
 3.245000E+02 9 0 0 0 0 0 0 0 0 0 0 0 17 19 14 24 20 22
 3.250000E+02 12 0 0 0 0 0 0 1 0 0 0 0 23 15 20 21 20 18
 3.255000E+02 10 0 0 0 0 0 0 0 0 0 0 0 31 19 23 16 16 22
 3.260000E+02 11 0 0 0 0 0 0 0 0 1 0 0 26 23 12 24 15 22
 3.265000E+02 20 0 0 0 0 0 0 1 0 0 0 0 20 19 15 21 19 19
 3.270000E+02 9 0 0 0 0 1 0 1 0 0 0 0 20 21 17 17 21 20
 3.275000E+02 13 0 0 0 0 0 0 0 0 1 0 0 14 18 20 17 14 17
 3.280000E+02 8 0 0 0 0 0 0 0 0 0 0 0 19 12 20 22 17 23
 3.285000E+02 12 0 0 0 0 0 0 0 0 0 0 0 19 14 17 23 13 21
 3.290000E+02 9 0 0 0 0 0 0 0 0 0 0 0 19 17 16 19 17 18
 3.295000E+02 9 0 0 0 0 0 0 0 0 1 0 0 13 18 17 22 17 20
 3.300000E+02 8 0 0 0 0 0 0 0 1 0 0 0 16 23 15 30 15 15
 3.305000E+02 7 0 0 0 0 0 0 0 0 1 0 0 19 21 12 19 11 16
 3.310000E+02 9 0 0 0 0 0 0 0 0 1 0 0 16 14 18 23 16 19
 3.315000E+02 13 0 0 0 0 0 0 0 0 0 0 0 18 13 16 13 17 21
 3.320000E+02 12 0 0 0 0 0 0 0 0 1 0 0 19 18 18 15 16 21
 3.325000E+02 8 0 0 0 0 0 0 0 0 0 0 0 13 18 19 18 15 21
 3.330000E+02 11 0 0 0 0 0 0 0 0 0 0 0 14 22 17 25 13 25
 3.335000E+02 12 0 0 0 0 0 0 0 0 0 0 0 9 16 22 24 16 20
 3.340000E+02 6 0 0 0 0 0 0 0 0 0 0 0 12 17 23 27 16 17
 3.345000E+02 5 0 0 0 0 0 0 0 0 0 0 0 23 17 28 21 17 16
 3.350000E+02 6 0 0 0 0 0 0 0 0 0 0 0 18 15 23 23 17 18
 3.355000E+02 8 0 0 0 0 0 0 0 0 0 0 0 16 19 14 23 14 15
 3.360000E+02 5 0 0 0 0 0 0 0 0 1 0 0 16 23 15 16 14 25
 3.365000E+02 11 0 0 0 0 0 0 0 0 0 0 0 13 14 16 25 19 20
 3.370000E+02 14 0 0 0 0 0 0 0 0 0 0 0 22 16 15 15 17 19
 3.375000E+02 8 0 0 0 0 0 0 0 0 0 0 0 25 17 14 21 19 16
 3.380000E+02 12 0 0 0 0 0 0 0 0 1 0 0 21 21 18 23 15 18
 3.385000E+02 5 0 0 0 0 0 0 0 0 0 0 0 10 19 24 21 12 14
 3.390000E+02 13 0 0 0 0 0 0 0 0 0 0 0 14 15 20 20 25 20
 3.395000E+02 9 0 0 0 0 0 0 0 0 0 0 0 15 11 21 17 26 21
 3.400000E+02 9 0 0 0 0 0 0 0 0 0 0 0 16 17 27 17 15 17
 3.405000E+02 9 0 0 0 0 0 0 0 0 0 0 0 17 21 24 19 18 15
 3.410000E+02 7 0 0 0 0 0 0 0 0 0 0 0 12 19 26 20 22 16
 3.415000E+02 19 0 0 0 0 0 0 0 0 0 0 0 14 15 20 16 20 16
 3.420000E+02 10 0 0 0 0 0 0 0 0 0 0 0 19 11 17 19 18 13
 3.425000E+02 12 0 0 0 0 0 0 0 0 0 0 0 20 19 16 17 15 19
 3.430000E+02 15 0 0 0 0 0 0 0 0 0 0 0 13 15 18 15 12 14
 3.435000E+02 9 0 0 0 0 0 0 0 0 0 0 0 15 18 19 14 12 17
 3.440000E+02 5 0 0 0 0 0 0 0 0 1 0 0 18 15 18 21 12 23
 3.445000E+02 9 0 0 0 0 0 0 0 0 0 0 0 18 20 19 22 17 15
 3.450000E+02 5 0 0 0 0 0 0 0 0 0 0 0 23 19 15 16 14 18
 3.455000E+02 10 0 0 0 0 0 0 0 0 0 0 0 20 21 14 17 22 19
 3.460000E+02 5 0 0 0 0 0 0 0 0 0 0 0 14 23 17 18 21 19
 3.465000E+02 9 0 0 0 0 0 0 0 0 1 0 0 8 22 20 16 16 19
 3.470000E+02 9 0 0 0 0 0 0 0 0 1 0 0 10 29 19 17 15 16
 3.475000E+02 9 0 0 0 0 0 0 0 0 1 0 0 19 30 12 20 15 15
 3.480000E+02 15 0 0 2 0 0 0 0 0 1 0 0 10 19 15 26 13 13
 3.485000E+02 5 0 0 0 0 0 0 1 0 2 0 0 13 17 18 20 10 24
 3.490000E+02 7 0 0 1 0 0 0 1 0 1 0 0 18 10 26 22 12 20
 3.495000E+02 9 0 0 0 0 0 0 0 0 1 0 0 10 12 18 25 19 21
 3.500000E+02 16 0 0 0 0 0 0 0 0 1 0 0 15 14 17 16 19 21
 3.505000E+02 12 0 0 0 0 0 0 0 0 0 0 0 13 23 16 19 21 15
 3.510000E+02 7 0 0 0 0 0 0 0 0 1 0 0 14 18 10 18 22 15
 3.515000E+02 9 0 0 0 0 0 0 0 0 1 0 0 16 20 10 26 17 12
 3.520000E+02 13 0 0 0 0 0 0 0 0 1 0 0 16 21 11 23 20 13
 3.525000E+02 11 0 0 0 0 0 0 0 0 2 0 0 16 19 15 19 19 14
 3.530000E+02 13 0 0 0 0 0 0 0 0 1 0 0 24 13 19 19 14 13
 3.535000E+02 10 0 0 0 0 0 0 0 0 0 0 0 18 16 18 23 16 16
 3.540000E+02 6 0 0 0 0 0 0 0 0 0 0 0 21 18 11 18 21 20
 3.545000E+02 11 0 0 0 0 0 0 0 0 0 0 0 17 17 16 14 21 14
 3.550000E+02 4 0 0 0 0 0 0 0 0 0 0 0 12 13 20 16 20 17
 3.555000E+02 10 0 0 0 0 0 0 0 0 0 0 0 11 18 17 17 13 17
 3.560000E+02 10 0 0 0 0 0 0 0 0 0 0 0 12 23 23 18 14 17
 3.565000E+02 11 0 0 0 0 0 0 0 0 0 0 0 18 17 19 17 9 19
 3.570000E+02 14 0 0 0 0 0 0 0 0 1 0 0 24 19 15 18 14 9
 3.575000E+02 12 0 0 0 0 0 0 0 0 1 0 0 21 21 20 16 8 12
 3.580000E+02 6 0 0 0 0 0 0 0 0 1 0 0 14 14 15 21 9 19
 3.585000E+02 9 0 0 0 0 0 0 0 0 0 0 0 16 13 20 20 12 13
 3.590000E+02 9 0 0 0 0 0 0 0 0 0 0 0 20 22 15 17 15 22
 3.595000E+02 9 0 0 0 0 0 0 0 0 0 0 0 20 16 16 11 24 14
 3.600000E+02 6 0 0 0 0 0 0 0 0 0 0 0 22 21 15 13 19 12
 3.605000E+02 11 0 0 0 0 0 0 0 0 0 0 0 20 14 14 15 19 22
 3.610000E+02 8 0 0 0 0 0 0 0 0 0 0 0 16 21 13 18 22 13
 3.615000E+02 13 0 0 0 0 0 0 0 0 0 0 0 21 17 16 19 12 13
 3.620000E+02 6 0 0 0 0 0 0 0 0 0 0 0 16 18 21 20 20 12
 3.625000E+02 8 0 0 0 0 0 0 0 0 0 0 0 12 20 16 25 15 19
 3.630000E+02 14 0 0 0 0 0 0 0 0 0 0 0 9 19 16 21 12 16
 3.635000E+02 13 0 0 0 0 0 0 0 0 0 0 0 15 16 13 23 19 12
 3.640000E+02 5 0 0 0 0 0 0 0 0 0 0 0 18 20 19 19 15 13
 3.645000E+02 9 0 0 0 0 0 0 0 0 0 0 0 22 20 15 19 19 16
 3.650000E+02 10 0 0 0 0 0 0 0 0 0 0 0 24 21 16 15 15 13
 3.655000E+02 9 0 0 0 0 0 0 0 0 0 0 0 18 15 14 18 17 18
 3.660000E+02 7 0 0 0 0 0 0 0 0 0 0 0 16 17 13 19 17 17
 3.665000E+02 6 0 0 0 0 0 0 0 0 0 0 0 14 10 17 15 22 19
 3.670000E+02 4 0 0 0 0 0 0 0 0 2 0 0 22 15 15 19 18 17
 3.675000E+02 11 0 0 0 0 0 0 2 0 0 0 0 22 17 14 16 16 19
 3.680000E+02 13 0 0 0 0 0 0 0 0 0 0 0 15 15 13 16 22 19
 3.685000E+02 10 0 0 0 0 0 0 0 0 0 0 0 17 16 15 14 20 19
 3.690000E+02 6 0 0 0 0 0 0 0 0 0 0 0 20 23 20 17 24 9
 3.695000E+02 11 0 0 0 0 0 0 0 0 1 0 0 16 22 14 11 22 18
 3.700000E+02 4 0 0 0 0 0 0 0 0 2 0 0 11 26 19 17 19 23
 3.705000E+02 12 0 0 0 0 0 0 0 0 1 0 0 9 19 23 21 15 21
 3.710000E+02 11 0 0 0 0 0 0 0 0 0 0 0 9 22 25 22 14 19
 3.715000E+02 5 0 0 0 0 0 0 0 0 0 0 0 11 22 21 24 19 19
 3.720000E+02 12 0 0 0 0 0 0 0 0 2 0 0 13 18 19 22 23 20
 3.725000E+02 10 0 0 1 0 0 0 0 0 0 0 0 22 18 14 14 17 18
 3.730000E+02 8 0 0 0 0 0 0 0 0 1 0 0 15 16 18 20 12 17
 3.735000E+02 12 0 0 0 0 0 0 0 0 1 0 0 14 12 21 19 24 15
 3.740000E+02 10 0 0 0 0 0 0 0 0 0 0 0 15 22 17 24 20 14
 3.745000E+02 11 0 0 0 0 0 0 0 0 0 0 0 19 18 13 27 18 10
 3.750000E+02 8 0 0 0 0 0 0 0 0 0 0 0 16 16 16 20 16 18
 3.755000E+02 19 0 0 0 0 0 0 0 0 2 0 0 18 13 15 23 12 22
 3.760000E+02 8 0 0 1 0 0 0 0 0 1 0 0 20 21 8 16 21 15
 3.765000E+02 7 0 0 0 0 0 0 0 0 0 0 0 17 25 18 19 19 15
 3.770000E+02 4 0 0 0 0 0 0 0 0 0 0 0 16 26 15 11 20 14
 3.775000E+02 10 0 0 0 0 0 0 0 0 0 0 0 18 23 10 18 20 11
 3.780000E+02 8 0 0 0 0 0 0 0 0 0 0 0 17 18 17 15 18 16
 3.785000E+02 3 0 0 0 0 0 0 0 0 0 0 0 17 18 15 21 17 8
 3.790000E+02 6 0 0 0 0 0 0 0 0 0 0 0 16 24 16 19 12 9
 3.795000E+02 9 0 0 0 0 0 0 0 0 0 0 0 18 26 14 13 11 12
 3.800000E+02 7 0 0 0 0 0 0 0 0 0 0 0 11 23 23 16 10 17
 3.805000E+02 8 0 0 0 0 0 0 0 0 0 0 0 11 10 21 19 16 17
 3.810000E+02 6 0 0 0 0 0 0 0 0 0 0 0 14 15 17 10 19 18
 3.815000E+02 10 0 0 0 0 0 0 0 0 0 0 0 20 19 8 12 17 16
 3.820000E+02 5 0 0 0 0 0 0 0 0 0 0 0 15 23 20 13 16 6
 3.825000E+02 8 0 0 0 0 0 0 0 0 1 0 0 11 17 20 12 16 8
 3.830000E+02 6 0 0 0 0 0 0 0 0 0 0 0 16 10 24 17 14 14
 3.835000E+02 8 0 0 0 0 0 0 0 0 0 0 0 13 12 19 15 12 18
 3.840000E+02 8 0 0 0 0 0 0 0 0 0 0 0 11 15 19 18 15 14
 3.845000E+02 3 0 0 0 0 0 0 0 0 0 0 0 7 12 21 17 18 17
 3.850000E+02 6 0 0 0 0 0 0 0 0 0 0 0 8 17 17 15 22 18
 3.855000E+02 7 0 0 0 0 0 0 0 0 0 0 0 13 20 13 14 22 18
 3.860000E+02 6 0 0 1 0 0 0 0 0 0 0 0 15 19 13 15 15 19
 3.865000E+02 10 0 0 0 0 0 0 0 0 1 0 0 18 15 15 12 22 16
 3.870000E+02 6 0 0 0 0 0 0 0 0 0 0 0 23 9 20 13 24 10
 3.875000E+02 13 0 0 0 0 0 0 0 0 0 0 0 17 10 20 19 20 10
 3.880000E+02 5 0 0 0 0 0 0 0 0 0 0 0 13 15 17 13 17 20
 3.885000E+02 5 0 0 0 0 0 0 0 0 0 0 0 12 13 17 22 17 14
 3.890000E+02 4 0 0 0 0 0 0 0 0 0 0 0 15 17 18 14 16 16
 3.895000E+02 9 0 0 0 0 0 0 0 0 1 0 0 18 20 17 15 11 16
 3.900000E+02 4 0 0 0 0 0 0 0 0 1 0 0 14 17 14 17 20 14
 3.905000E+02 6 1 0 0 0 0 0 0 0 0 0 0 12 10 17 13 21 13
 3.910000E+02 11 0 0 0 0 0 0 1 0 0 0 0 16 15 17 14 18 10
 3.915000E+02 7 0 0 1 0 0 0 0 0 0 0 0 13 19 20 16 19 11
 3.920000E+02 5 0 0 0 0 0 0 0 0 0 0 0 13 19 13 18 16 9
 3.925000E+02 3 0 0 0 0 0 0 0 0 0 0 0 10 14 14 19 19 11
 3.930000E+02 5 0 0 0 0 0 0 0 0 1 0 0 13 7 11 17 18 17
 3.935000E+02 6 0 0 0 0 0 0 0 0 1 0 0 15 13 15 22 18 17
 3.940000E+02 5 0 0 0 0 0 0 0 0 1 0 0 14 12 9 23 23 11
 3.945000E+02 7 0 0 0 0 0 0 0 0 2 0 0 16 12 17 18 17 7
 3.950000E+02 5 0 0 0 0 0 0 0 0 1 0 0 13 12 11 22 15 14
 3.955000E+02 7 0 0 0 0 0 0 1 0 0 0 0 16 22 15 20 13 16
 3.960000E+02 9 0 0 0 0 0 0 0 0 0 0 0 12 18 15 14 12 22
 3.965000E+02 9 0 0 0 0 0 0 0 0 0 0 0 9 20 15 18 19 22
 3.970000E+02 11 0 0 0 0 0 0 0 0 0 0 0 12 26 12 17 15 16
 3.975000E+02 11 0 0 0 0 0 0 0 0 0 0 0 18 24 13 15 15 14
 3.980000E+02 8 0 0 0 0 0 0 0 0 0 0 0 15 20 16 15 11 15
 3.985000E+02 4 0 0 0 0 0 0 0 0 0 0 0 19 21 17 15 19 13
 3.990000E+02 8 0 0 0 0 0 0 0 0 0 0 0 22 18 17 18 13 6
 3.995000E+02 6 0 0 0 0 0 0 1 0 1 0 0 21 19 12 16 16 14
 4.000000E+02 7 0 0 0 0 0 0 0 0 1 0 0 20 23 14 17 17 16
 4.005000E+02 6 0 0 0 0 0 0 0 0 0 0 0 18 17 17 21 20 9
 4.010000E+02 10 0 0 0 0 0 0 0 0 0 0 0 16 12 18 20 19 12
 4.015000E+02 3 0 0 0 0 0 0 1 0 0 0 0 15 18 15 18 21 15
 4.020000E+02 9 0 0 0 0 0 0 0 0 1 0 0 19 12 17 15 20 10
 4.025000E+02 3 0 0 0 0 0 0 0 0 2 0 0 20 15 14 21 20 11
 4.030000E+02 8 0 0 0 1 0 0 0 0 0 0 0 12 16 15 22 18 12
 4.035000E+02 2 0 0 0 0 0 0 0 0 1 0 0 18 21 13 17 24 17
 4.040000E+02 10 0 0 0 0 0 0 0 0 1 0 0 9 19 17 17 18 13
 4.045000E+02 6 0 0 0 0 0 0 0 0 2 0 0 16 24 13 13 17 13
 4.050000E+02 6 0 0 1 0 0 0 0 0 1 0 0 15 17 19 15 17 11
 4.055000E+02 11 0 0 0 0 0 0 0 0 1 0 0 13 20 15 16 16 11
 4.060000E+02 7 0 0 0 0 0 0 0 0 1 0 0 7 14 12 18 21 15
 4.065000E+02 13 0 0 1 0 0 0 0 0 0 0 0 10 15 14 20 17 18
 4.070000E+02 10 0 0 1 0 0 0 0 0 0 0 0 13 12 20 13 11 19
 4.075000E+02 8 0 0 0 0 0 0 0 0 1 0 0 20 15 16 15 5 18
 4.080000E+02 6 0 0 0 0 0 0 0 0 0 0 0 17 24 11 25 6 20
 4.085000E+02 4 0 0 0 0 0 0 0 0 0 0 0 20 18 6 27 9 20
 4.090000E+02 6 0 0 0 0 0 0 0 0 0 0 0 13 18 15 17 17 15
 4.095000E+02 11 0 0 0 0 0 0 0 0 0 0 0 21 14 18 17 13 17
 4.100000E+02 8 0 0 0 0 0 0 0 0 0 0 0 14 19 12 12 21 12
 4.105000E+02 14 0 0 0 0 0 0 0 0 0 0 0 12 16 13 18 24 17
 4.110000E+02 12 0 0 0 0 0 0 0 0 0 0 0 20 11 16 19 20 15
 4.115000E+02 10 0 0 0 0 0 0 0 0 0 0 0 18 14 11 14 21 21
 4.120000E+02 9 0 0 0 0 0 0 0 0 0 0 0 18 16 9 16 20 12
 4.125000E+02 4 0 0 0 0 0 0 0 0 0 0 0 16 9 18 18 19 19
 4.130000E+02 11 0 0 0 0 0 0 0 0 0 0 0 11 9 20 19 20 17
 4.135000E+02 14 0 0 0 0 0 0 0 0 0 0 0 8 17 16 18 15 19
 4.140000E+02 4 0 0 0 0 0 0 0 0 0 0 0 12 14 21 15 16 20
 4.145000E+02 4 0 0 0 0 0 0 0 0 0 0 0 9 14 16 20 14 21
 4.150000E+02 10 0 0 0 0 0 0 0 0 0 0 0 10 14 21 17 17 17
 4.155000E+02 5 0 0 0 0 0 0 0 0 0 0 0 14 15 16 14 20 15
 4.160000E+02 8 0 0 0 0 0 0 0 0 0 0 0 19 21 18 20 17 10
 4.165000E+02 7 0 0 0 0 0 0 0 0 1 0 0 16 25 26 18 9 13
 4.170000E+02 8 0 0 0 0 0 0 0 0 1 0 0 18 19 25 20 15 7
 4.175000E+02 5 0 0 0 0 0 0 0 0 0 1 0 19 13 18 22 17 15
 4.180000E+02 12 0 0 0 0 0 0 0 0 0 0 0 14 8 27 16 15 11
 4.185000E+02 7 0 0 0 0 0 0 0 0 0 0 0 16 17 22 23 23 16
 4.190000E+02 8 0 0 0 0 0 0 0 0 0 0 0 17 18 22 17 12 15
 4.195000E+02 13 0 0 0 0 0 0 0 0 2 0 0 18 14 23 14 11 15
 4.200000E+02 9 0 0 0 0 0 0 0 0 2 0 0 21 11 18 17 14 14
 4.205000E+02 11 0 0 0 0 1 0 0 0 0 0 0 29 12 19 20 11 16
 4.210000E+02 7 0 0 0 0 0 0 0 0 0 0 0 20 12 15 22 15 15
 4.215000E+02 9 0 0 0 0 0 0 0 0 0 0 0 17 15 10 20 20 17
 4.220000E+02 7 0 0 0 0 0 0 0 0 0 0 0 18 13 10 24 16 20
 4.225000E+02 6 0 0 0 0 0 0 0 0 0 0 0 23 8 12 14 14 21
 4.230000E+02 5 0 0 0 0 0 0 0 0 0 0 0 19 6 17 11 16 20
 4.235000E+02 8 0 0 0 0 0 0 0 0 0 0 0 21 17 16 12 16 18
 4.240000E+02 8 0 0 0 0 0 0 0 0 0 0 0 22 19 16 19 17 10
 4.245000E+02 15 0 0 0 0 0 0 0 0 0 0 0 20 19 16 12 16 13
 4.250000E+02 11 0 0 0 0 0 0 0 0 0 0 0 24 18 12 13 24 12
 4.255000E+02 7 0 0 0 0 0 0 0 0 0 0 0 19 14 17 16 18 12
 4.260000E+02 6 0 0 0 0 0 0 0 0 0 0 0 18 21 13 20 17 19
 4.265000E+02 8 0 0 0 0 0 0 0 0 0 0 0 16 21 11 19 24 17
 4.270000E+02 8 0 0 0 0 0 0 0 0 0 0 0 18 18 16 19 17 13
 4.275000E+02 12 0 0 0 0 0 0 0 0 0 0 0 14 17 12 20 22 12
 4.280000E+02 8 0 0 0 0 0 0 0 0 0 0 0 19 15 14 19 10 13
 4.285000E+02 5 0 0 0 0 0 0 0 0 0 0 0 22 18 20 24 9 15
 4.290000E+02 18 0 0 0 0 0 0 0 0 0 0 0 13 13 18 13 17 15
 4.295000E+02 6 0 0 0 0 0 0 0 0 0 0 0 15 19 18 13 20 16
 4.300000E+02 8 0 0 0 0 0 0 0 0 0 0 0 9 24 14 21 22 12
 4.305000E+02 9 0 0 0 0 0 0 0 0 0 0 0 14 17 13 14 20 15
 4.310000E+02 7 0 0 0 0 0 0 0 0 1 0 0 15 19 15 13 19 13
 4.315000E+02 16 0 0 0 0 0 0 1 0 0 0 0 20 25 17 17 10 15
 4.320000E+02 16 0 0 0 0 0 0 0 0 1 0 0 13 25 21 13 14 15
 4.325000E+02 11 0 0 0 0 0 0 0 0 0 0 0 14 18 22 17 15 16
 4.330000E+02 5 0 0 0 0 0 0 0 0 0 0 0 15 16 21 18 18 18
 4.335000E+02 16 0 0 0 0 0 0 0 0 0 0 0 18 15 19 18 15 19
 4.340000E+02 6 0 0 0 0 0 0 0 0 0 0 0 16 23 14 18 15 14
 4.345000E+02 3 0 0 0 0 0 0 0 0 0 0 0 13 18 22 19 10 10
 4.350000E+02 12 0 0 0 0 0 0 0 0 0 0 0 16 19 17 17 11 17
 4.355000E+02 9 0 0 0 0 0 0 0 0 0 0 0 16 19 20 10 20 17
 4.360000E+02 7 0 0 0 0 0 0 0 0 0 0 0 14 18 19 10 25 19
 4.365000E+02 9 0 0 0 0 0 0 0 0 0 0 0 8 17 22 14 14 17
 4.370000E+02 8 0 0 0 0 0 0 0 0 0 0 0 12 28 15 12 15 19
 4.375000E+02 7 0 0 0 0 0 0 0 0 0 0 0 12 24 17 11 20 22
 4.380000E+02 6 0 0 0 0 0 0 0 0 0 0 0 16 19 22 13 19 20
 4.385000E+02 12 0 0 0 0 0 0 0 0 0 0 0 17 18 23 10 17 20
 4.390000E+02 8 0 0 0 0 0 0 0 0 0 0 0 15 17 18 15 16 22
 4.395000E+02 9 0 0 0 0 0 0 0 0 0 0 0 19 15 19 19 12 16
 4.400000E+02 7 0 0 0 0 0 0 0 0 0 0 0 20 14 19 16 15 22
 4.405000E+02 11 0 0 0 0 0 0 0 0 0 0 0 19 18 22 12 16 17
 4.410000E+02 3 0 0 0 0 0 0 0 0 0 0 0 19 18 23 10 17 15
 4.415000E+02 7 0 0 0 0 0 0 0 0 0 0 0 18 22 14 14 13 17
 4.420000E+02 13 0 0 0 0 0 0 0 0 0 0 0 15 22 13 18 14 16
 4.425000E+02 3 0 0 0 0 0 0 0 0 0 0 0 17 15 12 24 11 19
 4.430000E+02 12 0 0 0 0 0 0 0 0 0 0 0 14 13 14 18 17 18
 4.435000E+02 5 0 0 0 0 0 0 0 0 0 0 0 13 13 17 25 20 15
 4.440000E+02 9 0 0 0 0 0 0 0 0 0 0 0 15 9 21 23 11 26
 4.445000E+02 9 0 0 0 0 0 0 0 0 0 0 0 13 10 24 21 16 15
 4.450000E+02 8 0 0 0 0 0 0 0 0 0 0 0 16 19 17 12 19 19
 4.455000E+02 11 0 0 0 0 0 0 0 0 0 0 0 20 8 14 22 24 15
 4.460000E+02 8 0 0 0 0 0 0 0 0 0 0 0 20 19 12 21 23 14
 4.465000E+02 6 0 0 0 0 0 0 0 0 0 0 0 24 19 16 13 24 14
 4.470000E+02 8 0 0 0 0 0 0 0 0 0 0 0 13 16 26 19 18 20
 4.475000E+02 14 0 0 0 0 0 0 0 0 0 0 0 19 15 22 15 18 20
 4.480000E+02 10 0 0 0 0 0 0 0 0 0 0 0 14 19 18 15 15 20
 4.485000E+02 9 0 0 0 0 0 0 0 0 0 0 0 19 19 18 20 11 16
 4.490000E+02 12 0 0 0 0 0 0 0 0 0 0 0 20 16 16 21 10 17
 4.495000E+02 4 0 0 0 0 0 0 0 0 0 0 0 17 11 14 22 12 21
 4.500000E+02 4 0 0 0 0 0 0 0 0 0 0 0 14 25 13 22 12 16
 4.505000E+02 4 0 0 0 0 0 0 0 0 0 0 0 20 25 12 21 9 11
 4.510000E+02 16 0 0 0 0 0 0 0 0 0 0 0 16 21 15 17 15 13
 4.515000E+02 5 0 0 0 0 0 0 0 0 0 0 0 12 22 15 12 17 18
 4.520000E+02 5 0 0 0 0 0 0 0 0 0 0 0 14 15 16 14 22 22
 4.525000E+02 8 0 0 0 0 0 0 0 0 1 0 0 16 15 16 20 16 21
 4.530000E+02 9 0 0 0 0 0 0 0 0 0 0 0 17 20 14 13 15 18
 4.535000E+02 6 0 0 0 0 0 0 0 0 0 0 0 15 19 17 16 17 18
 4.540000E+02 12 0 0 0 0 0 0 0 0 0 0 0 13 19 18 13 17 17
 4.545000E+02 10 0 0 0 0 0 0 0 0 0 0 0 11 21 16 16 11 16
 4.550000E+02 9 0 0 0 0 0 0 0 0 0 0 0 12 17 20 13 11 17
 4.555000E+02 8 0 0 0 0 0 0 0 0 0 0 0 16 20 28 9 7 23
 4.560000E+02 7 0 0 0 0 0 0 0 0 0 0 0 12 20 28 9 10 25
 4.565000E+02 5 0 0 0 0 0 0 0 0 1 0 0 17 14 18 15 11 18
 4.570000E+02 3 0 0 0 0 0 0 0 0 0 0 0 16 14 18 12 21 17
 4.575000E+02 14 0 0 0 0 0 0 0 0 0 0 0 19 13 17 16 19 18
 4.580000E+02 12 0 0 0 0 0 0 0 0 0 0 0 18 10 14 18 14 18
 4.585000E+02 10 0 0 0 0 0 0 0 0 1 0 0 17 9 20 15 19 19
 4.590000E+02 11 0 0 0 0 1 0 0 0 0 0 0 14 10 12 13 15 21
 4.595000E+02 11 0 0 0 0 0 0 0 0 1 0 0 15 13 14 14 13 19
 4.600000E+02 9 1 0 0 0 0 0 0 0 0 0 0 16 15 16 12 23 19
 4.605000E+02 5 0 0 1 0 0 0 0 0 0 0 0 18 16 21 14 17 15
 4.610000E+02 7 0 0 0 0 0 0 0 0 1 0 0 19 23 22 13 16 13
 4.615000E+02 8 0 0 0 0 0 0 0 0 0 0 0 13 17 18 15 13 13
 4.620000E+02 9 0 0 0 0 0 0 0 0 0 0 0 14 18 13 12 16 22
 4.625000E+02 5 0 0 0 0 0 0 0 0 0 0 0 14 17 19 10 16 19
 4.630000E+02 11 0 0 0 0 0 0 0 0 0 0 0 14 13 17 12 19 18
 4.635000E+02 10 0 0 0 0 0 0 0 0 0 0 0 17 24 12 16 18 16
 4.640000E+02 5 0 0 0 0 0 0 0 0 1 0 0 23 20 11 16 18 13
 4.645000E+02 6 0 0 0 0 0 0 0 0 1 0 0 19 17 14 12 19 14
 4.650000E+02 19 0 0 0 0 0 0 0 0 0 0 0 18 19 7 22 21 15
 4.655000E+02 4 0 0 0 0 0 0 0 0 0 0 0 17 21 11 18 16 16
 4.660000E+02 9 0 0 0 0 0 0 0 0 0 0 0 15 22 20 11 11 16
 4.665000E+02 12 0 0 0 0 0 0 0 0 0 0 0 18 19 20 11 15 12
 4.670000E+02 11 0 0 0 0 0 0 0 0 1 0 0 16 19 23 16 15 13
 4.675000E+02 7 0 0 1 0 0 0 0 0 0 0 0 13 20 18 15 15 17
 4.680000E+02 7 0 0 0 0 0 0 1 0 1 0 0 21 17 16 14 23 10
 4.685000E+02 8 0 0 0 0 0 0 0 0 2 0 0 21 19 15 15 15 11
 4.690000E+02 8 0 0 1 0 0 0 0 0 0 0 0 18 20 11 18 22 16
 4.695000E+02 7 0 0 0 0 0 0 0 0 0 0 0 12 21 17 22 18 13
 4.700000E+02 12 0 0 0 0 0 0 0 0 0 0 0 15 17 12 21 18 17
 4.705000E+02 12 0 0 0 0 0 0 0 0 0 0 0 10 15 17 17 22 13
 4.710000E+02 13 0 0 0 0 0 0 0 0 0 0 0 11 17 18 15 23 16
 4.715000E+02 12 0 0 0 0 0 0 0 0 0 0 0 16 18 11 15 13 18
 4.720000E+02 10 0 0 0 0 0 0 0 0 1 0 0 17 17 16 9 16 17
 4.725000E+02 9 0 0 0 0 0 0 0 0 0 0 0 20 22 14 15 16 22
 4.730000E+02 9 0 0 0 0 0 0 0 0 0 0 0 25 16 8 15 18 15
 4.735000E+02 9 0 0 0 0 0 0 0 0 0 0 0 21 19 7 11 27 21
 4.740000E+02 8 0 0 0 0 0 0 0 0 0 0 0 16 11 11 11 22 24
 4.745000E+02 9 0 0 0 0 0 0 0 0 0 0 0 21 12 11 15 20 18
 4.750000E+02 6 0 0 0 0 0 0 0 0 1 0 0 25 15 13 21 14 18
 4.755000E+02 7 0 0 0 0 0 0 0 0 0 0 0 17 14 19 17 19 17
 4.760000E+02 12 0 0 0 0 0 0 0 0 0 0 0 17 14 16 21 16 16
 4.765000E+02 14 0 0 0 0 0 0 0 0 0 0 0 11 22 13 17 14 20
 4.770000E+02 9 0 0 0 0 0 0 0 0 0 0 0 14 14 8 10 16 22
 4.775000E+02 11 0 0 0 0 0 0 0 0 0 0 0 14 20 9 13 17 19
 4.780000E+02 9 0 0 0 0 0 0 0 0 0 0 0 13 19 13 13 20 16
 4.785000E+02 6 0 0 0 0 0 0 0 0 0 0 0 9 20 18 11 18 18
 4.790000E+02 7 0 0 0 0 0 0 0 0 0 0 0 15 19 25 13 16 18
 4.795000E+02 4 0 0 0 0 0 0 0 0 0 0 0 22 13 19 15 11 18
 4.800000E+02 9 0 0 0 0 0 0 0 0 0 0 0 20 18 16 17 13 13
 4.805000E+02 12 0 0 0 0 0 0 0 0 0 0 0 21 15 17 15 19 15
 4.810000E+02 6 0 0 0 0 0 0 0 0 0 0 0 16 18 19 23 16 16
 4.815000E+02 14 0 0 0 0 0 0 0 0 0 0 0 15 12 21 25 16 17
 4.820000E+02 10 0 0 0 0 0 0 0 0 0 0 0 13 11 16 19 19 14
 4.825000E+02 7 0 0 1 0 0 0 1 0 0 0 0 22 10 18 20 17 10
 4.830000E+02 13 0 0 0 0 0 0 1 0 1 0 0 21 9 10 21 14 15
 4.835000E+02 6 0 0 0 0 0 0 0 0 2 0 0 19 14 23 18 12 18
 4.840000E+02 4 0 0 0 0 1 0 0 0 0 0 1 21 16 24 13 15 14
 4.845000E+02 3 0 0 0 0 0 1 0 0 0 0 0 14 16 22 23 17 11
 4.850000E+02 7 0 0 0 0 0 0 0 0 1 0 0 12 13 16 20 20 12
 4.855000E+02 9 0 0 0 0 0 0 0 0 0 0 0 14 11 17 20 20 16
 4.860000E+02 5 0 0 0 0 0 0 0 0 0 0 0 15 15 20 13 19 13
 4.865000E+02 8 0 0 0 0 0 0 0 0 0 0 0 16 18 23 14 21 13
 4.870000E+02 6 0 0 0 0 0 0 0 0 0 0 0 18 16 19 13 16 19
 4.875000E+02 3 0 0 0 0 0 0 0 0 0 0 0 13 12 17 15 21 15
 4.880000E+02 3 0 0 0 0 0 0 0 0 0 0 0 14 15 21 14 20 16
 4.885000E+02 10 0 0 0 0 0 0 0 0 0 0 0 21 17 9 20 17 12
 4.890000E+02 6 0 0 0 0 0 0 0 0 0 0 0 22 20 15 19 14 10
 4.895000E+02 9 0 0 0 0 0 0 0 0 0 0 0 22 16 16 17 18 16
 4.900000E+02 7 0 0 0 0 0 0 0 0 0 0 0 14 18 14 14 21 13
 4.905000E+02 10 0 0 0 0 0 0 0 0 0 0 0 17 16 19 12 17 16
 4.910000E+02 9 0 0 0 0 0 0 0 0 0 0 0 19 13 12 16 19 18
 4.915000E+02 2 0 0 0 0 0 0 0 0 0 0 0 16 19 12 18 13 14
 4.920000E+02 9 0 0 0 0 0 0 0 0 0 0 0 15 16 9 12 16 17
 4.925000E+02 7 0 0 0 0 0 0 0 0 0 0 0 21 11 16 13 19 12
 4.930000E+02 12 0 0 0 0 0 0 0 0 0 0 0 21 12 13 19 22 18
 4.935000E+02 10 0 0 0 0 0 0 0 0 0 0 0 15 14 20 14 15 18
 4.940000E+02 11 0 0 0 0 0 0 0 0 0 0 0 16 18 19 12 13 24
 4.945000E+02 8 0 0 0 0 0 0 0 0 0 0 0 13 18 23 17 12 24
 4.950000E+02 14 0 0 1 0 0 0 0 0 0 0 0 13 14 17 15 17 13
 4.955000E+02 9 0 0 1 0 0 0 0 0 1 0 0 15 17 17 15 12 12
 4.960000E+02 11 0 0 0 0 0 0 1 0 1 0 0 20 15 15 14 16 21
 4.965000E+02 9 0 0 0 0 0 0 0 0 1 0 0 18 18 14 21 17 15
 4.970000E+02 10 0 0 0 0 0 0 0 0 0 0 0 18 12 16 20 16 17
 4.975000E+02 9 0 0 0 0 0 0 0 0 0 0 0 18 16 11 19 18 23
 4.980000E+02 8 0 0 0 0 0 0 0 0 0 0 0 26 13 19 18 16 16
 4.985000E+02 3 0 0 0 0 0 0 0 0 0 0 0 21 18 18 20 18 12
 4.990000E+02 11 1 0 0 0 0 0 0 0 0 0 0 10 14 21 13 18 16
 4.995000E+02 9 0 0 0 0 0 0 1 0 0 0 0 12 18 17 10 23 12
 5.000000E+02 12 0 0 0 0 0 0 0 0 1 0 0 8 17 16 16 16 12
 5.005000E+02 8 0 0 0 0 0 0 0 0 0 0 0 14 18 19 21 20 15
 5.010000E+02 10 0 0 0 0 0 0 0 0 0 0 0 14 21 21 18 21 18
 5.015000E+02 10 0 0 0 0 0 0 0 0 0 0 0 16 18 20 14 22 16
 5.020000E+02 6 0 0 0 0 0 0 0 0 0 0 0 24 21 21 15 21 10
 5.025000E+02 4 0 0 0 0 0 0 0 0 0 0 0 18 22 19 17 19 12
 5.030000E+02 7 0 0 0 0 0 0 0 0 0 0 0 16 15 22 15 15 23
 5.035000E+02 16 0 0 0 0 0 0 0 0 0 0 0 16 8 19 20 21 25
 5.040000E+02 2 0 0 0 0 0 0 0 0 0 0 0 14 21 18 11 19 28
 5.045000E+02 13 0 0 0 0 0 0 0 0 0 0 0 12 23 20 6 13 23
 5.050000E+02 8 0 0 0 0 0 0 0 0 1 0 0 22 29 19 8 14 19
 5.055000E+02 11 0 0 0 0 0 0 0 0 0 0 0 21 21 13 12 12 25
 5.060000E+02 10 0 0 0 0 0 0 0 0 0 0 0 16 19 22 14 18 16
 5.065000E+02 14 0 0 0 0 0 0 0 0 0 0 0 13 16 17 19 20 16
 5.070000E+02 6 0 0 0 0 0 0 0 0 1 0 0 12 24 23 16 16 14
 5.075000E+02 10 0 0 0 0 0 0 0 0 1 0 0 12 20 20 13 19 18
 5.080000E+02 17 0 0 0 0 0 0 1 0 1 0 0 22 23 18 16 20 13
 5.085000E+02 7 0 0 0 0 0 0 0 0 1 0 0 17 20 17 16 15 12
 5.090000E+02 7 0 0 0 0 0 0 0 0 1 0 0 17 17 16 18 18 16
 5.095000E+02 9 0 0 0 0 0 0 0 0 0 0 0 19 18 14 17 17 16
 5.100000E+02 5 0 0 0 0 0 0 0 0 1 0 0 20 21 13 13 21 15
 5.105000E+02 7 0 0 0 0 0 0 0 0 1 0 0 16 11 18 23 15 17
 5.110000E+02 9 0 0 0 0 0 0 0 0 0 0 0 14 9 22 20 16 17
 5.115000E+02 4 0 0 0 0 0 0 0 0 0 0 0 18 16 16 23 17 13
 5.120000E+02 10 0 0 0 0 0 0 0 0 0 0 0 20 16 20 18 17 11
 5.125000E+02 12 0 0 0 0 0 0 0 0 0 0 0 19 22 19 17 19 19
 5.130000E+02 9 0 0 0 0 0 0 0 0 0 0 0 18 13 16 12 21 24
 5.135000E+02 11 0 0 0 0 0 0 0 0 0 0 0 17 15 18 15 25 22
 5.140000E+02 11 0 0 0 0 0 0 0 0 0 0 0 17 18 15 16 19 23
 5.145000E+02 10 0 0 0 0 0 0 0 0 0 0 0 21 22 15 13 16 19
 5.150000E+02 9 0 0 0 0 0 0 0 0 1 0 0 18 25 15 18 14 18
 5.155000E+02 12 0 0 0 0 0 0 0 0 0 0 0 14 24 18 19 15 17
 5.160000E+02 11 0 0 0 0 0 0 0 0 0 0 0 18 16 16 20 20 19
 5.165000E+02 5 0 0 0 0 0 0 0 0 0 0 0 12 19 16 19 21 12
 5.170000E+02 9 0 0 0 0 0 0 0 0 0 0 0 11 18 12 21 25 11
 5.175000E+02 5 0 0 0 0 0 0 0 0 0 0 0 12 18 10 22 17 12
 5.180000E+02 13 0 0 0 0 0 0 0 0 0 0 0 21 16 10 16 20 16
 5.185000E+02 7 0 0 0 0 0 0 0 0 0 0 0 21 16 11 20 13 12
 5.190000E+02 7 0 0 0 0 0 0 0 0 1 0 0 16 18 12 18 20 18
 5.195000E+02 10 0 0 0 0 0 0 0 0 0 0 0 14 22 16 19 13 23
 5.200000E+02 4 0 0 0 0 0 0 0 0 0 0 0 13 18 19 19 17 22
 5.205000E+02 8 0 0 0 0 0 0 0 0 1 0 0 10 18 15 19 14 19
 5.210000E+02 3 0 0 0 0 0 0 0 0 1 0 0 15 12 18 18 19 15
 5.215000E+02 10 0 0 0 0 0 0 0 0 1 0 0 19 15 11 20 22 18
 5.220000E+02 9 0 0 0 0 0 0 0 0 0 0 0 15 18 15 20 13 20
 5.225000E+02 10 0 0 0 0 0 0 0 0 0 0 0 14 17 15 21 16 20
 5.230000E+02 5 0 0 0 0 0 0 0 0 0 0 0 25 16 19 21 12 18
 5.235000E+02 7 0 0 0 0 0 0 0 0 0 0 0 18 23 18 20 11 20
 5.240000E+02 13 0 0 0 0 0 0 0 0 0 0 0 20 17 21 22 14 13
 5.245000E+02 10 0 0 1 0 0 0 0 0 0 0 0 15 18 15 21 20 15
 5.250000E+02 9 0 0 1 0 0 0 0 0 0 0 0 21 14 12 13 22 21
 5.255000E+02 7 0 0 0 0 0 0 0 0 1 0 0 16 14 13 17 20 18
 5.260000E+02 10 0 0 0 0 0 0 0 0 1 0 0 18 23 9 18 22 24
 5.265000E+02 10 0 0 0 0 0 0 0 0 1 0 0 14 26 16 20 18 17
 5.270000E+02 4 0 0 0 0 0 0 0 0 0 0 0 16 18 18 19 19 18
 5.275000E+02 11 0 0 0 0 0 0 0 0 0 0 0 16 22 21 16 17 19
 5.280000E+02 6 0 0 0 0 0 0 0 0 1 0 0 16 27 16 17 19 17
 5.285000E+02 12 0 0 0 0 0 0 0 0 0 0 0 16 29 21 17 15 19
 5.290000E+02 11 0 0 0 0 0 0 0 0 0 0 0 15 21 15 20 19 22
 5.295000E+02 10 0 0 0 0 0 0 0 0 0 0 0 19 17 14 19 23 23
 5.300000E+02 5 0 0 0 0 0 0 0 0 1 0 0 19 15 12 22 20 20
 5.305000E+02 8 0 0 0 0 0 0 0 0 1 0 0 11 19 13 26 21 20
 5.310000E+02 3 0 0 0 0 0 0 1 0 0 0 0 16 19 18 17 18 23
 5.315000E+02 10 0 0 1 0 0 0 0 0 0 0 0 14 22 12 20 18 26
 5.320000E+02 6 0 0 0 0 0 0 0 0 0 0 0 18 16 20 16 19 23
 5.325000E+02 12 0 0 0 0 0 0 0 0 0 0 0 18 16 20 20 9 17
 5.330000E+02 6 0 0 0 0 0 0 0 0 0 0 0 21 13 18 23 21 18
 5.335000E+02 6 0 0 0 0 0 0 0 0 0 0 0 17 11 23 22 20 14
 5.340000E+02 13 0 0 0 0 0 0 0 0 0 0 0 15 13 15 26 19 18
 5.345000E+02 8 0 0 0 0 0 0 0 0 0 0 0 15 13 15 18 14 24
 5.350000E+02 9 0 0 0 0 0 0 0 0 1 0 0 15 16 22 15 16 20
 5.355000E+02 15 0 0 1 0 0 0 0 0 1 0 0 9 15 17 12 21 19
 5.360000E+02 9 0 0 0 0 0 0 1 0 1 0 0 11 14 20 12 17 22
 5.365000E+02 9 0 0 0 0 0 0 0 0 0 0 0 22 18 17 13 18 26
 5.370000E+02 12 0 0 0 0 0 0 0 0 0 0 0 25 15 15 12 18 22
 5.375000E+02 6 0 0 0 0 0 0 0 0 0 0 0 20 14 19 7 24 16
 5.380000E+02 12 0 0 0 0 0 0 0 0 0 0 0 22 11 21 13 23 17
 5.385000E+02 3 0 0 0 0 0 0 0 0 0 0 0 27 14 17 17 17 14
 5.390000E+02 10 0 0 0 0 0 0 0 0 1 0 0 22 19 16 19 10 18
 5.395000E+02 7 0 0 0 0 0 0 0 0 0 0 0 14 15 25 12 14 23
 5.400000E+02 7 0 0 0 0 0 0 0 0 0 0 0 17 17 27 14 12 17
 5.405000E+02 10 0 0 0 0 0 0 0 0 0 0 0 18 17 20 18 17 24
 5.410000E+02 6 0 0 0 0 0 0 0 0 0 0 0 17 16 14 18 16 21
 5.415000E+02 8 0 0 0 0 0 0 0 0 0 0 0 17 16 14 16 19 19
 5.420000E+02 12 0 0 0 0 0 0 0 0 0 0 0 14 19 17 21 12 13
 5.425000E+02 6 0 0 0 0 0 0 0 0 0 0 0 16 18 21 24 16 19
 5.430000E+02 8 0 0 0 0 0 0 0 0 0 0 0 19 20 22 19 10 17
 5.435000E+02 5 0 0 0 0 0 0 0 0 0 0 0 17 14 24 20 8 16
 5.440000E+02 5 0 0 0 0 0 0 0 0 0 0 0 19 18 27 15 13 18
 5.445000E+02 7 0 0 0 0 0 0 0 0 0 0 0 14 12 27 21 14 18
 5.450000E+02 9 0 0 0 0 0 0 0 0 0 0 0 19 13 19 25 11 21
 5.455000E+02 12 0 0 0 0 0 0 0 0 0 0 0 21 17 22 16 9 15
 5.460000E+02 12 0 0 0 0 0 0 0 0 0 0 0 22 16 21 21 15 21
 5.465000E+02 10 0 0 0 0 0 0 0 0 0 0 0 26 13 14 18 25 13
 5.470000E+02 8 0 0 0 0 0 0 0 0 0 0 0 23 19 17 17 17 21
 5.475000E+02 12 0 0 0 0 0 0 0 0 0 0 0 22 18 23 18 13 22
 5.480000E+02 10 0 0 0 0 0 0 0 0 0 0 0 24 19 23 19 11 21
 5.485000E+02 11 0 0 0 0 0 0 0 0 0 0 0 21 17 16 18 15 17
 5.490000E+02 10 0 0 0 0 0 0 0 0 1 0 0 23 14 14 12 18 24
 5.495000E+02 10 0 0 0 0 0 0 0 0 2 0 0 17 17 15 19 21 16
 5.500000E+02 15 0 0 0 0 0 0 0 0 2 0 0 13 16 16 13 20 25
 5.505000E+02 11 0 0 0 0 0 0 0 0 1 0 0 14 16 17 21 19 19
 5.510000E+02 12 0 0 0 0 1 0 0 0 0 0 0 19 18 19 17 10 19
 5.515000E+02 4 0 0 0 0 0 0 0 0 1 0 0 18 20 19 14 15 22
 5.520000E+02 7 0 0 0 0 0 0 0 0 0 0 0 15 17 25 14 25 18
 5.525000E+02 12 0 0 0 0 0 0 0 0 0 0 0 19 13 26 8 15 21
 5.530000E+02 14 0 0 0 0 0 0 0 0 0 0 0 22 13 22 12 20 17
 5.535000E+02 11 0 0 0 0 0 0 0 0 0 0 0 19 18 24 17 22 14
 5.540000E+02 6 0 0 0 0 0 0 0 0 0 0 0 15 17 19 25 14 18
 5.545000E+02 9 0 0 0 0 0 0 0 0 0 0 0 11 17 20 30 14 18
 5.550000E+02 9 0 0 0 0 0 0 0 0 0 0 0 20 19 22 23 15 13
 5.555000E+02 3 0 0 0 0 0 0 0 0 0 0 0 17 17 23 19 22 11
 5.560000E+02 9 0 0 0 0 0 0 0 0 0 0 0 13 17 24 17 19 15
 5.565000E+02 7 0 0 0 0 0 0 0 0 0 0 0 17 17 19 15 16 11
 5.570000E+02 10 0 0 0 0 0 0 0 0 0 0 0 15 15 13 15 20 18
 5.575000E+02 16 0 0 0 0 0 0 0 0 0 0 0 18 14 18 20 15 24
 5.580000E+02 7 0 0 0 0 0 0 0 0 0 0 0 14 16 14 23 14 15
 5.585000E+02 10 0 0 0 0 0 0 0 0 0 0 0 19 10 14 18 17 22
 5.590000E+02 3 0 0 0 0 0 0 1 0 0 0 0 20 12 12 17 24 16
 5.595000E+02 4 0 0 1 0 0 0 0 0 0 0 0 13 12 19 16 19 21
 5.600000E+02 15 0 0 0 0 0 0 0 0 0 0 0 11 17 21 17 21 18
 5.605000E+02 6 0 0 0 0 0 0 0 0 0 0 0 11 23 16 15 24 20
 5.610000E+02 12 0 0 0 0 0 0 0 0 0 0 0 8 25 15 22 12 19
 5.615000E+02 9 0 0 0 0 0 0 0 0 0 0 0 20 18 18 20 20 17
 5.620000E+02 3 0 0 0 0 0 0 0 0 0 0 0 22 16 11 18 19 17
 5.625000E+02 13 0 0 0 0 0 0 0 0 0 0 0 19 12 21 24 19 17
 5.630000E+02 11 0 0 0 0 0 0 0 0 0 0 0 18 13 23 24 17 14
 5.635000E+02 9 0 0 0 0 0 0 0 0 0 0 0 19 12 23 21 13 17
 5.640000E+02 9 0 0 0 0 0 0 0 0 0 0 0 19 13 13 18 15 12
 5.645000E+02 9 0 0 0 0 0 0 0 0 0 0 0 15 14 16 16 16 22
 5.650000E+02 5 0 0 0 0 0 0 0 0 0 0 0 14 19 22 15 13 20
 5.655000E+02 9 0 0 0 0 0 0 0 0 0 0 0 10 14 18 13 19 12
 5.660000E+02 10 0 0 0 0 0 0 0 0 0 0 0 16 17 26 14 15 14
 5.665000E+02 7 0 0 0 0 0 0 0 0 0 0 0 10 16 19 11 19 21
 5.670000E+02 7 0 0 0 0 0 0 0 0 0 0 0 13 19 15 11 15 16
 5.675000E+02 7 0 0 0 0 0 0 0 0 0 0 0 12 14 19 19 12 16
 5.680000E+02 10 0 0 0 0 0 0 0 0 0 0 0 14 14 17 18 15 15
 5.685000E+02 8 0 0 0 0 0 0 0 0 0 0 0 18 20 11 15 19 18
 5.690000E+02 9 0 0 0 0 0 0 0 0 0 0 0 18 15 13 14 13 20
 5.695000E+02 5 0 0 0 0 0 0 0 0 0 0 0 19 12 11 16 19 19
 5.700000E+02 10 0 0 0 0 0 0 0 0 0 0 0 12 20 12 20 13 21
 5.705000E+02 8 0 0 0 0 0 0 0 0 0 0 0 13 21 19 14 15 18
 5.710000E+02 4 0 0 0 0 0 0 0 0 0 0 0 16 15 19 14 17 13
 5.715000E+02 7 0 0 0 0 0 0 0 0 0 0 0 16 19 14 19 21 16
 5.720000E+02 5 0 0 0 0 0 0 0 0 0 0 0 18 14 15 14 14 19
 5.725000E+02 11 0 0 0 0 0 0 0 0 1 0 0 18 14 16 20 16 17
 5.730000E+02 6 0 0 0 0 0 0 0 0 1 0 0 21 16 15 20 14 17
 5.735000E+02 8 0 0 0 0 1 0 0 0 0 0 0 14 14 15 21 15 17
 5.740000E+02 11 0 0 0 0 0 0 0 0 1 0 0 20 25 12 23 18 12
 5.745000E+02 5 0 0 0 0 0 0 0 0 0 0 0 16 21 17 22 15 9
 5.750000E+02 9 0 0 0 0 0 0 0 0 0 0 0 16 18 20 17 17 10
 5.755000E+02 8 0 0 0 0 0 0 0 0 0 0 0 22 24 18 14 17 11
 5.760000E+02 10 0 0 0 0 0 0 0 0 0 0 0 18 18 21 17 8 19
 5.765000E+02 11 0 0 0 0 0 0 0 0 0 0 0 21 25 24 17 10 20
 5.770000E+02 9 0 0 0 0 0 0 0 0 0 0 0 18 25 14 25 14 14
 5.775000E+02 11 0 0 0 0 0 0 0 0 0 0 0 19 23 20 18 17 11
 5.780000E+02 12 0 0 0 0 0 0 0 0 0 0 0 24 14 12 16 15 12
 5.785000E+02 5 0 0 0 0 0 0 0 0 0 0 0 19 15 19 14 13 14
 5.790000E+02 3 0 0 0 0 0 0 0 0 0 0 0 16 21 18 13 15 16
 5.795000E+02 8 0 0 0 0 0 0 0 0 0 0 0 18 22 15 16 14 18
 5.800000E+02 10 0 0 0 0 0 0 0 0 0 0 0 19 20 12 13 17 22
 5.805000E+02 11 0 0 0 0 0 0 0 0 0 0 0 19 19 18 12 22 22
 5.810000E+02 6 0 0 0 0 0 0 0 0 0 0 0 16 20 20 19 12 18
 5.815000E+02 9 0 0 0 0 0 0 1 0 0 0 0 14 21 19 17 15 20
 5.820000E+02 8 0 0 0 0 0 0 0 0 1 0 0 19 18 17 17 15 24
 5.825000E+02 8 0 0 0 0 0 0 1 0 1 0 0 15 21 15 19 14 20
 5.830000E+02 12 0 0 0 0 0 0 0 0 2 0 0 25 19 18 16 6 19
 5.835000E+02 17 0 0 1 0 0 0 0 0 1 0 0 22 14 20 17 12 13
 5.840000E+02 14 0 0 0 0 0 0 0 0 2 0 0 26 15 16 13 16 19
 5.845000E+02 7 0 0 0 0 0 0 1 0 1 0 0 21 14 17 12 13 16
 5.850000E+02 10 0 0 0 0 0 0 0 0 0 0 0 31 14 17 12 19 16
 5.855000E+02 3 0 0 0 0 0 0 0 0 0 0 0 20 21 21 16 11 15
 5.860000E+02 8 0 0 0 0 0 0 0 0 0 0 0 19 15 16 22 9 20
 5.865000E+02 4 0 0 0 0 0 0 0 0 0 0 0 23 19 15 17 19 21
 5.870000E+02 5 0 0 0 0 0 0 0 0 0 0 0 22 19 20 12 17 23
 5.875000E+02 6 0 0 0 0 0 0 0 0 0 0 0 16 20 22 16 16 18
 5.880000E+02 16 0 0 0 0 0 0 0 0 1 0 0 15 18 20 14 15 15
 5.885000E+02 14 0 0 0 0 0 0 0 0 0 0 0 19 18 20 18 19 10
 5.890000E+02 4 0 0 0 0 0 0 0 0 0 0 0 21 20 22 17 19 13
 5.895000E+02 10 0 0 0 0 0 0 0 0 0 0 0 14 18 19 17 23 9
 5.900000E+02 6 0 0 0 0 0 0 0 0 0 0 0 11 24 15 23 14 12
 5.905000E+02 10 0 0 0 0 0 0 0 0 0 0 0 13 18 16 20 17 18
 5.910000E+02 11 0 0 0 0 0 0 0 0 0 0 0 15 16 16 15 14 11
 5.915000E+02 9 0 0 0 0 0 0 0 0 0 0 0 19 22 19 16 16 15
 5.920000E+02 9 0 0 0 0 0 0 0 0 0 0 0 19 19 18 18 10 15
 5.925000E+02 13 0 0 0 0 0 0 0 0 0 0 0 19 13 19 17 14 22
 5.930000E+02 11 0 0 0 0 0 0 0 0 0 0 0 15 13 19 19 13 19
 5.935000E+02 4 0 0 0 0 0 0 0 0 0 0 0 14 19 21 16 18 22
 5.940000E+02 8 0 0 0 0 0 0 0 0 0 0 0 8 14 18 19 22 23
 5.945000E+02 11 0 0 0 0 0 0 0 0 0 0 0 17 17 18 16 19 15
 5.950000E+02 6 0 0 0 0 0 0 0 0 0 0 0 19 15 16 18 17 14
 5.955000E+02 12 0 0 0 0 0 0 0 0 0 0 0 18 18 18 16 17 10
 5.960000E+02 9 0 0 0 0 0 0 0 0 0 0 0 12 15 18 9 13 14
 5.965000E+02 7 0 0 0 0 0 0 0 0 1 0 0 12 18 18 16 11 19
 5.970000E+02 8 0 0 0 0 0 0 0 0 2 0 0 12 16 23 17 15 16
 5.975000E+02 14 0 0 0 0 0 0 0 0 0 0 0 15 14 18 15 16 20
 5.980000E+02 8 0 0 0 0 0 0 0 0 2 0 0 15 16 15 15 14 27
 5.985000E+02 11 0 0 0 0 0 0 0 0 2 0 0 15 19 19 16 10 22
 5.990000E+02 9 0 0 0 0 0 0 0 0 2 0 0 16 16 13 15 15 20
 5.995000E+02 6 0 0 0 0 0 0 0 0 1 0 0 15 22 10 12 20 16
 6.000000E+02 7 0 0 1 0 0 0 0 0 0 0 0 17 20 12 13 16 17
 6.005000E+02 6 0 0 0 0 0 0 0 0 0 0 0 15 17 12 13 17 13
 6.010000E+02 10 0 0 0 0 0 0 0 0 0 0 0 21 24 14 12 19 12
 6.015000E+02 2 0 0 0 0 0 0 0 0 0 0 0 9 12 14 25 20 10
 6.020000E+02 9 0 0 0 0 0 0 0 0 0 0 0 11 9 17 22 17 21
 6.025000E+02 8 0 0 0 0 0 0 0 0 1 0 0 14 14 15 23 14 20
 6.030000E+02 13 0 0 0 0 0 0 0 0 0 0 0 20 13 12 18 21 20
 6.035000E+02 7 0 0 0 0 0 0 0 0 0 0 0 19 16 19 15 22 20
 6.040000E+02 8 0 0 0 0 0 0 0 0 0 0 0 20 15 14 15 18 19
 6.045000E+02 10 0 0 0 0 0 0 0 0 0 0 0 15 17 17 16 19 21
 6.050000E+02 9 0 0 0 0 0 0 0 0 0 1 0 14 23 14 17 14 22
 6.055000E+02 11 0 0 0 0 0 0 0 0 0 0 0 8 18 13 17 14 23
 6.060000E+02 5 0 0 0 0 0 0 0 0 0 0 0 8 21 16 15 16 25
 6.065000E+02 13 0 0 0 0 0 0 0 0 0 0 0 15 21 12 15 18 14
 6.070000E+02 9 0 0 0 0 0 0 0 0 0 0 0 15 16 15 16 15 15
 6.075000E+02 8 0 0 0 0 0 0 0 0 0 0 0 21 15 18 17 13 12
 6.080000E+02 10 0 0 0 0 0 0 0 0 0 0 0 13 16 21 18 18 13
 6.085000E+02 5 0 0 0 0 0 0 0 0 0 0 0 15 15 18 16 23 16
 6.090000E+02 7 0 0 0 0 0 0 0 0 0 0 0 16 15 16 15 21 12
 6.095000E+02 10 0 0 0 0 0 0 0 0 0 0 0 12 15 12 14 22 14
 6.100000E+02 7 0 0 0 0 0 0 0 0 0 0 0 15 20 10 12 20 14
 6.105000E+02 12 0 0 0 0 0 0 0 0 0 0 0 18 19 17 12 14 16
 6.110000E+02 9 0 0 0 0 0 0 0 0 0 0 0 12 15 25 9 18 16
 6.115000E+02 6 0 0 0 0 0 0 0 0 0 0 0 12 15 16 13 23 15
 6.120000E+02 9 0 0 0 0 0 0 0 0 0 0 0 16 16 17 14 21 14
 6.125000E+02 12 0 0 0 0 0 0 0 0 0 0 0 17 12 18 15 18 21
 6.130000E+02 9 0 0 0 0 0 0 0 0 0 0 0 16 12 13 14 15 28
 6.135000E+02 10 0 0 0 0 0 0 0 0 0 0 0 14 11 14 16 19 23
 6.140000E+02 7 0 0 0 0 0 0 0 0 0 0 0 18 16 18 18 7 23
 6.145000E+02 9 0 0 0 0 0 0 1 0 0 0 0 9 20 17 12 18 22
 6.150000E+02 9 0 0 0 0 0 0 2 0 0 0 0 10 20 15 9 18 20
 6.155000E+02 12 0 0 0 0 0 0 1 0 1 0 0 14 15 12 14 20 14
 6.160000E+02 7 0 0 0 0 0 0 1 0 0 0 0 20 19 13 12 18 14
 6.165000E+02 9 0 0 0 0 0 0 0 0 0 0 0 9 16 13 14 25 18
 6.170000E+02 6 0 0 0 0 0 0 0 0 0 0 0 14 15 12 16 23 14
 6.175000E+02 14 0 0 0 0 0 0 0 0 0 0 0 12 25 20 15 20 14
 6.180000E+02 8 1 0 0 0 0 0 0 0 0 0 0 14 23 16 15 19 20
 6.185000E+02 11 0 0 0 0 0 0 0 0 0 0 0 21 20 18 15 19 12
 6.190000E+02 10 0 0 0 0 0 0 0 0 0 0 0 15 17 13 18 19 19
 6.195000E+02 5 0 0 0 0 0 0 0 0 0 0 0 16 21 14 12 21 16
 6.200000E+02 9 0 0 0 0 0 0 0 0 0 0 0 13 13 13 18 23 13
 6.205000E+02 11 0 0 0 0 0 0 0 0 0 0 0 14 17 15 12 17 18
 6.210000E+02 3 0 0 0 0 0 0 1 0 0 0 0 11 18 22 14 15 16
 6.215000E+02 6 0 0 0 0 0 0 0 0 1 0 0 17 16 12 21 15 15
 6.220000E+02 8 0 0 0 0 0 0 0 0 0 0 0 17 14 12 20 18 17
 6.225000E+02 13 0 0 0 0 0 0 0 0 0 0 0 17 20 11 18 15 14
 6.230000E+02 6 0 0 0 0 0 0 0 0 0 0 0 16 24 23 16 14 17
 6.235000E+02 9 0 0 0 0 0 0 0 0 0 0 0 16 16 15 12 19 18
 6.240000E+02 11 0 0 0 0 0 0 0 0 0 0 0 10 14 17 12 20 19
 6.245000E+02 8 0 0 0 0 0 0 0 0 0 0 0 20 13 19 14 20 13
 6.250000E+02 15 0 0 0 0 0 0 0 0 0 0 0 16 14 26 18 17 12
 6.255000E+02 3 0 0 0 0 0 0 0 0 0 0 0 18 14 27 21 12 14
 6.260000E+02 10 0 0 0 0 0 0 0 0 0 0 0 15 17 19 17 16 15
 6.265000E+02 11 0 0 0 0 0 0 0 0 0 0 0 16 15 17 17 20 16
 6.270000E+02 11 0 0 0 0 0 0 0 0 0 0 0 19 16 23 16 14 22
 6.275000E+02 13 0 0 0 0 0 0 0 0 0 0 0 18 13 19 15 11 20
 6.280000E+02 6 0 0 0 0 0 0 0 0 0 0 0 17 10 18 14 18 18
 6.285000E+02 0 0 0 0 0 0 0 0 0 0 0 0 19 13 14 19 17 19
 6.290000E+02 10 0 0 0 0 0 0 0 0 1 0 0 13 17 15 13 14 19
 6.295000E+02 10 0 0 0 0 0 0 0 0 1 0 0 14 20 17 16 18 18
 6.300000E+02 6 0 0 0 0 0 0 0 0 0 0 0 14 20 9 16 13 20
 6.305000E+02 9 0 0 0 0 0 0 0 0 0 0 0 17 13 18 12 19 19
 6.310000E+02 10 0 0 0 0 0 0 0 0 0 0 0 14 12 24 12 21 16
 6.315000E+02 7 0 0 0 0 0 0 0 0 0 0 0 18 11 18 19 14 22
 6.320000E+02 5 0 0 0 0 0 0 0 0 0 0 0 21 17 17 18 9 16
 6.325000E+02 5 0 0 0 0 0 0 0 0 0 0 0 23 16 19 12 16 12
 6.330000E+02 8 0 0 0 0 0 0 0 0 0 0 0 18 14 14 13 18 17
 6.335000E+02 6 0 0 0 0 0 0 0 0 0 0 0 14 15 21 13 22 20
 6.340000E+02 7 0 0 0 0 0 0 0 0 0 0 0 9 9 28 16 19 20
 6.345000E+02 12 0 0 0 0 0 0 0 0 1 0 0 9 9 28 18 14 16
 6.350000E+02 7 0 0 0 0 0 0 0 0 0 0 0 14 13 22 18 20 10
 6.355000E+02 4 0 0 0 0 0 0 0 0 0 0 0 18 14 24 10 18 7
 6.360000E+02 7 0 0 0 0 0 0 0 0 0 0 0 19 14 14 13 19 15
 6.365000E+02 8 0 0 0 0 0 0 0 0 0 0 0 11 27 14 17 14 14
 6.370000E+02 9 0 0 0 0 0 0 0 0 0 0 0 11 18 17 22 17 18
 6.375000E+02 13 0 0 0 0 0 0 1 0 0 0 0 8 21 17 20 17 17
 6.380000E+02 6 0 0 0 0 0 0 0 0 1 0 0 9 22 16 23 25 15
 6.385000E+02 9 0 0 0 0 0 0 0 0 1 0 0 10 17 16 15 18 18
 6.390000E+02 7 0 0 1 0 0 0 0 0 0 0 0 16 17 15 14 23 15
 6.395000E+02 5 0 0 0 0 0 0 0 0 1 0 0 15 15 16 18 21 15
 6.400000E+02 6 0 0 0 0 0 0 0 0 0 0 0 16 18 21 14 26 11
 6.405000E+02 11 0 0 0 0 0 0 0 0 0 0 0 14 13 19 16 21 14
 6.410000E+02 7 0 0 0 0 0 0 0 0 0 0 0 14 13 15 14 21 14
 6.415000E+02 5 0 0 0 0 0 0 0 0 0 0 0 15 18 20 16 14 14
 6.420000E+02 6 0 0 0 0 0 0 0 0 0 0 0 17 23 13 9 19 17
 6.425000E+02 2 0 0 0 0 0 0 0 0 1 0 0 23 22 10 13 17 17
 6.430000E+02 9 0 0 1 0 0 0 0 0 0 0 0 19 25 8 15 16 10
 6.435000E+02 6 0 0 0 0 0 0 0 0 1 0 0 13 17 15 20 18 20
 6.440000E+02 6 0 0 0 0 0 0 1 0 0 0 0 18 14 19 27 16 16
 6.445000E+02 9 0 0 0 0 0 0 0 0 1 0 0 14 9 20 28 15 15
 6.450000E+02 14 0 0 0 0 0 0 0 0 0 0 0 17 15 17 18 10 16
 6.455000E+02 9 0 0 0 0 0 0 0 0 0 0 0 22 11 20 14 17 9
 6.460000E+02 7 0 0 0 0 0 0 0 0 0 0 0 16 18 26 10 17 18
 6.465000E+02 6 0 0 0 0 0 0 0 0 0 0 0 16 17 18 13 10 19
 6.470000E+02 5 0 0 0 0 0 0 0 0 0 0 0 9 17 22 9 16 18
 6.475000E+02 4 0 0 0 0 0 0 0 0 0 0 0 11 16 21 20 19 15
 6.480000E+02 13 0 0 0 0 0 0 0 0 1 0 0 18 11 20 12 19 13
 6.485000E+02 7 0 0 0 0 0 0 0 0 1 0 0 17 10 15 18 19 19
 6.490000E+02 13 0 0 0 0 0 0 0 0 0 0 0 16 6 28 18 10 19
 6.495000E+02 6 0 0 0 0 0 0 0 0 0 0 0 15 12 24 15 19 20
 6.500000E+02 11 0 0 0 0 0 0 0 0 0 0 0 7 16 14 15 20 7
 6.505000E+02 6 0 0 0 0 0 0 0 0 0 0 0 13 17 18 16 17 12
 6.510000E+02 11 0 0 0 0 0 0 0 0 0 0 0 13 20 17 17 19 13
 6.515000E+02 6 0 0 0 0 0 0 0 0 0 0 0 11 18 19 19 10 17
 6.520000E+02 11 0 0 0 0 0 0 0 0 0 0 0 10 15 21 25 17 12
 6.525000E+02 8 0 0 0 0 0 0 0 0 0 0 0 13 11 25 16 11 18
 6.530000E+02 10 0 0 0 0 0 0 0 0 0 0 0 17 21 19 17 15 15
 6.535000E+02 11 0 0 0 0 0 0 0 0 0 0 0 21 15 16 18 16 19
 6.540000E+02 8 0 0 0 0 0 0 0 0 0 0 0 14 20 20 21 14 19
 6.545000E+02 5 0 0 0 0 0 0 0 0 0 0 0 17 19 17 21 14 21
 6.550000E+02 12 0 0 0 0 0 0 0 0 0 0 0 19 18 14 12 21 12
 6.555000E+02 14 0 0 0 0 0 0 0 0 1 0 0 18 21 17 16 17 9
 6.560000E+02 11 0 0 0 0 0 0 0 0 0 0 0 9 22 19 14 16 13
 6.565000E+02 9 0 0 0 0 0 0 0 0 0 0 0 11 24 25 13 15 12
 6.570000E+02 6 0 0 0 0 0 0 0 0 0 0 0 15 23 20 15 13 17
 6.575000E+02 8 0 0 0 0 0 0 0 0 0 0 0 14 16 19 16 14 20
 6.580000E+02 15 0 0 0 0 0 0 0 0 1 0 0 16 11 25 14 15 22
 6.585000E+02 5 0 0 0 0 0 0 0 0 1 0 0 16 14 22 15 16 18
 6.590000E+02 5 0 0 0 0 0 0 1 0 1 0 0 13 13 18 25 13 19
 6.595000E+02 6 0 0 0 0 0 0 1 0 0 0 0 19 15 13 17 13 14
 6.600000E+02 7 0 0 1 0 0 0 0 0 0 0 0 14 16 17 21 16 14
 6.605000E+02 6 0 0 0 0 0 0 0 0 1 0 0 12 21 16 18 14 11
 6.610000E+02 5 1 0 0 0 0 0 0 0 0 0 0 16 16 21 12 20 19
 6.615000E+02 10 0 0 0 0 0 0 0 0 1 0 0 15 13 24 15 9 16
 6.620000E+02 10 0 0 0 0 0 0 0 0 1 0 0 18 15 17 15 16 20
 6.625000E+02 10 0 0 0 0 0 0 0 0 0 0 0 13 21 18 18 19 14
 6.630000E+02 9 0 0 1 0 0 0 0 0 0 0 0 17 22 19 14 25 16
 6.635000E+02 11 0 0 0 0 0 0 0 0 1 0 0 17 20 19 14 19 19
 6.640000E+02 10 0 0 1 0 0 0 0 0 0 0 0 12 20 19 18 12 20
 6.645000E+02 8 0 0 0 0 0 0 0 0 0 0 0 7 23 21 18 18 19
 6.650000E+02 10 0 0 0 0 0 0 0 0 0 0 0 6 21 13 19 21 17
 6.655000E+02 7 0 0 0 0 0 0 0 0 0 0 0 9 19 19 14 24 12
 6.660000E+02 2 0 0 0 0 0 0 0 0 1 0 0 21 17 20 11 11 16
 6.665000E+02 15 0 0 0 0 0 0 0 0 2 0 0 20 17 21 11 11 19
 6.670000E+02 7 0 0 0 0 0 0 1 0 1 0 0 20 17 17 15 16 21
 6.675000E+02 9 0 0 0 0 0 0 0 0 0 0 0 19 13 15 14 16 17
 6.680000E+02 9 0 0 0 0 0 0 0 0 0 0 0 20 13 11 16 22 12
 6.685000E+02 4 0 0 0 0 0 0 0 0 1 0 0 27 13 11 11 27 13
 6.690000E+02 10 0 0 0 0 0 0 0 0 0 0 0 13 15 14 9 19 19
 6.695000E+02 11 0 0 0 0 0 0 0 0 0 0 0 13 16 15 16 18 15
 6.700000E+02 10 0 0 0 0 0 0 0 0 0 0 0 23 16 12 12 17 17
 6.705000E+02 6 0 0 0 0 0 0 0 0 0 0 0 24 13 16 11 20 19
 6.710000E+02 12 0 0 0 0 0 0 0 0 0 0 0 16 14 21 9 20 15
 6.715000E+02 11 0 0 0 0 0 0 1 0 0 0 0 13 22 19 8 13 18
 6.720000E+02 11 0 0 0 0 0 0 0 0 0 0 0 16 22 14 10 16 20
 6.725000E+02 7 0 0 0 0 0 0 0 0 0 0 0 16 23 13 15 17 20
 6.730000E+02 9 0 0 0 0 0 0 0 0 0 0 0 13 20 11 25 21 17
 6.735000E+02 9 0 0 0 0 0 0 0 0 0 0 0 12 22 12 14 21 17
 6.740000E+02 12 0 0 0 0 0 0 0 0 0 0 0 12 18 17 20 16 18
 6.745000E+02 14 0 0 0 0 0 0 0 0 0 0 0 18 19 12 20 13 15
 6.750000E+02 6 0 0 0 0 0 0 0 0 0 0 0 17 18 19 16 15 15
 6.755000E+02 9 0 0 0 0 0 0 0 0 0 0 0 29 20 18 11 18 16
 6.760000E+02 14 0 0 0 0 0 0 1 0 0 0 0 22 19 13 14 15 17
 6.765000E+02 6 0 0 0 0 0 0 0 0 1 0 0 21 19 16 14 15 16
 6.770000E+02 5 0 0 0 0 0 0 0 0 1 0 0 17 17 22 15 13 12
 6.775000E+02 12 0 0 0 0 0 0 0 0 1 0 0 18 15 15 19 13 18
 6.780000E+02 13 0 0 0 0 0 0 0 0 0 0 0 26 15 13 20 14 18
 6.785000E+02 7 0 0 0 0 0 0 0 0 0 0 0 19 18 12 19 11 20
 6.790000E+02 6 0 0 0 0 0 0 0 0 0 0 0 18 17 15 13 17 20
 6.795000E+02 8 0 0 0 0 0 0 0 0 0 0 0 19 15 19 9 18 16
 6.800000E+02 18 0 0 0 0 0 0 0 0 0 0 0 18 18 16 8 17 18
 6.805000E+02 4 0 0 0 0 0 0 0 0 0 0 0 20 14 17 13 18 20
 6.810000E+02 13 0 0 0 0 0 0 0 0 0 0 0 21 22 16 20 23 12
 6.815000E+02 15 0 0 0 0 0 0 0 0 0 0 0 18 22 16 15 19 13
 6.820000E+02 4 0 0 0 0 0 0 0 0 0 0 0 19 18 14 16 22 18
 6.825000E+02 10 0 0 0 0 0 0 0 0 2 1 0 15 13 22 14 12 17
 6.830000E+02 11 0 0 0 0 0 0 0 0 3 0 0 16 16 18 14 13 13
 6.835000E+02 11 0 0 0 0 0 0 0 0 0 0 0 17 22 23 16 12 15
 6.840000E+02 10 0 0 0 0 0 0 0 0 0 0 0 16 22 16 13 14 15
 6.845000E+02 10 0 0 0 0 0 0 0 0 0 0 0 14 20 20 15 24 22
 6.850000E+02 9 0 0 0 0 0 0 0 0 0 0 0 14 19 23 13 21 22
 6.855000E+02 6 0 0 0 0 0 0 0 0 0 0 0 20 10 25 15 18 19
 6.860000E+02 8 0 0 0 0 0 0 0 0 0 0 0 20 11 18 12 16 18
 6.865000E+02 14 0 0 0 0 0 0 0 0 0 0 0 19 13 16 13 19 18
 6.870000E+02 10 0 0 0 0 0 0 0 0 0 0 0 22 14 17 10 14 21
 6.875000E+02 5 0 0 1 0 0 0 0 0 0 0 0 19 20 11 21 20 20
 6.880000E+02 10 0 0 0 0 0 0 0 0 1 0 0 14 17 18 17 16 19
 6.885000E+02 4 0 0 0 0 0 0 0 0 1 0 0 15 22 24 16 14 18
 6.890000E+02 8 0 0 0 0 0 0 0 0 0 0 0 21 18 18 15 12 20
 6.895000E+02 9 0 0 0 0 0 0 0 0 0 0 0 17 17 18 19 14 19
 6.900000E+02 8 0 0 0 0 0 0 0 0 1 0 0 18 16 20 19 17 13
 6.905000E+02 10 0 0 0 0 0 0 0 0 1 0 0 21 11 19 21 15 18
 6.910000E+02 4 0 0 0 0 0 0 0 0 1 0 0 20 8 19 20 13 17
 6.915000E+02 7 0 0 0 0 0 0 0 0 0 0 0 19 21 13 20 18 16
 6.920000E+02 5 0 0 0 0 0 0 0 0 0 0 0 23 20 13 16 19 10
 6.925000E+02 7 0 0 0 0 0 0 0 0 0 0 0 22 15 17 14 19 16
 6.930000E+02 10 0 0 0 0 0 0 0 0 0 0 0 21 19 16 14 19 13
 6.935000E+02 8 0 0 0 0 0 0 0 0 0 0 0 17 15 13 11 22 12
 6.940000E+02 9 0 0 0 0 0 0 0 0 0 0 0 15 20 17 16 24 12
 6.945000E+02 3 0 0 0 0 0 0 0 0 0 0 0 21 24 13 15 12 16
 6.950000E+02 12 0 0 0 0 0 0 0 0 0 0 0 9 23 18 18 12 16
 6.955000E+02 8 0 0 0 0 0 0 0 0 1 0 0 16 16 17 18 16 17
 6.960000E+02 14 0 0 0 0 0 0 0 0 0 0 0 24 19 13 14 13 19
 6.965000E+02 13 0 0 0 0 0 0 0 0 1 0 0 26 16 12 14 15 19
 6.970000E+02 12 0 0 0 0 0 0 0 0 0 0 0 21 12 18 16 17 20
 6.975000E+02 7 0 0 0 0 0 0 0 0 0 0 0 22 16 13 12 20 19
 6.980000E+02 6 0 0 0 0 0 0 0 0 0 0 0 24 9 20 11 13 21
 6.985000E+02 6 0 0 0 0 0 0 0 0 0 0 0 18 13 21 20 18 17
 6.990000E+02 8 0 0 0 0 0 0 0 0 0 0 0 21 16 13 17 17 21
 6.995000E+02 10 0 0 0 0 0 0 0 0 0 0 0 20 16 15 24 18 14
 7.000000E+02 12 0 0 0 0 0 0 0 0 0 0 0 11 12 14 13 23 12
