# time 'productive_events_normed'
 0.000000E+00 -NAN
 5.000000E-01 9.732099E-01
 1.000000E+00 9.684674E-01
 1.500000E+00 9.696239E-01
 2.000000E+00 9.698721E-01
 2.500000E+00 9.693415E-01
 3.000000E+00 9.681114E-01
 3.500000E+00 9.679383E-01
 4.000000E+00 9.675571E-01
 4.500000E+00 9.660480E-01
 5.000000E+00 9.658184E-01
 5.500000E+00 9.654098E-01
 6.000000E+00 9.647792E-01
 6.500000E+00 9.640660E-01
 7.000000E+00 9.639464E-01
 7.500000E+00 9.637084E-01
 8.000000E+00 9.633897E-01
 8.500000E+00 9.634010E-01
 9.000000E+00 9.629534E-01
 9.500000E+00 9.620445E-01
 1.000000E+01 9.614093E-01
 1.050000E+01 9.615773E-01
 1.100000E+01 9.610405E-01
 1.150000E+01 9.607772E-01
 1.200000E+01 9.606734E-01
 1.250000E+01 9.602537E-01
 1.300000E+01 9.598829E-01
 1.350000E+01 9.598848E-01
 1.400000E+01 9.594356E-01
 1.450000E+01 9.592959E-01
 1.500000E+01 9.592280E-01
 1.550000E+01 9.585947E-01
 1.600000E+01 9.585045E-01
 1.650000E+01 9.583722E-01
 1.700000E+01 9.580651E-01
 1.750000E+01 9.579660E-01
 1.800000E+01 9.577555E-01
 1.850000E+01 9.573720E-01
 1.900000E+01 9.572073E-01
 1.950000E+01 9.570860E-01
 2.000000E+01 9.568999E-01
 2.050000E+01 9.566375E-01
 2.100000E+01 9.564964E-01
 2.150000E+01 9.561047E-01
 2.200000E+01 9.561586E-01
 2.250000E+01 9.562199E-01
 2.300000E+01 9.560134E-01
 2.350000E+01 9.558947E-01
 2.400000E+01 9.558479E-01
 2.450000E+01 9.556565E-01
 2.500000E+01 9.554156E-01
 2.550000E+01 9.551392E-01
 2.600000E+01 9.549682E-01
 2.650000E+01 9.547070E-01
 2.700000E+01 9.546305E-01
 2.750000E+01 9.544888E-01
 2.800000E+01 9.543618E-01
 2.850000E+01 9.541893E-01
 2.900000E+01 9.541994E-01
 2.950000E+01 9.540985E-01
 3.000000E+01 9.540320E-01
 3.050000E+01 9.539742E-01
 3.100000E+01 9.539016E-01
 3.150000E+01 9.537378E-01
 3.200000E+01 9.536218E-01
 3.250000E+01 9.535443E-01
 3.300000E+01 9.534712E-01
 3.350000E+01 9.533171E-01
 3.400000E+01 9.532272E-01
 3.450000E+01 9.532390E-01
 3.500000E+01 9.531032E-01
 3.550000E+01 9.530514E-01
 3.600000E+01 9.530489E-01
 3.650000E+01 9.530666E-01
 3.700000E+01 9.530120E-01
 3.750000E+01 9.530447E-01
 3.800000E+01 9.528871E-01
 3.850000E+01 9.526375E-01
 3.900000E+01 9.526361E-01
 3.950000E+01 9.526838E-01
 4.000000E+01 9.525401E-01
 4.050000E+01 9.524920E-01
 4.100000E+01 9.523970E-01
 4.150000E+01 9.523384E-01
 4.200000E+01 9.522570E-01
 4.250000E+01 9.522704E-01
 4.300000E+01 9.521104E-01
 4.350000E+01 9.521101E-01
 4.400000E+01 9.521701E-01
 4.450000E+01 9.521051E-01
 4.500000E+01 9.520570E-01
 4.550000E+01 9.520395E-01
 4.600000E+01 9.519748E-01
 4.650000E+01 9.519061E-01
 4.700000E+01 9.519364E-01
 4.750000E+01 9.518673E-01
 4.800000E+01 9.518343E-01
 4.850000E+01 9.517452E-01
 4.900000E+01 9.517090E-01
 4.950000E+01 9.516745E-01
 5.000000E+01 9.517077E-01
 5.050000E+01 9.517274E-01
 5.100000E+01 9.517442E-01
 5.150000E+01 9.517560E-01
 5.200000E+01 9.517183E-01
 5.250000E+01 9.517037E-01
 5.300000E+01 9.516600E-01
 5.350000E+01 9.516327E-01
 5.400000E+01 9.516049E-01
 5.450000E+01 9.515658E-01
 5.500000E+01 9.515240E-01
 5.550000E+01 9.515855E-01
 5.600000E+01 9.515991E-01
 5.650000E+01 9.516388E-01
 5.700000E+01 9.515857E-01
 5.750000E+01 9.515546E-01
 5.800000E+01 9.514961E-01
 5.850000E+01 9.514752E-01
 5.900000E+01 9.515202E-01
 5.950000E+01 9.515794E-01
 6.000000E+01 9.515338E-01
 6.050000E+01 9.515725E-01
 6.100000E+01 9.515223E-01
 6.150000E+01 9.515833E-01
 6.200000E+01 9.515877E-01
 6.250000E+01 9.515770E-01
 6.300000E+01 9.515794E-01
 6.350000E+01 9.515900E-01
 6.400000E+01 9.516110E-01
 6.450000E+01 9.516161E-01
 6.500000E+01 9.515782E-01
 6.550000E+01 9.515820E-01
 6.600000E+01 9.515759E-01
 6.650000E+01 9.516151E-01
 6.700000E+01 9.515727E-01
 6.750000E+01 9.515635E-01
 6.800000E+01 9.515697E-01
 6.850000E+01 9.515987E-01
 6.900000E+01 9.516064E-01
 6.950000E+01 9.515941E-01
 7.000000E+01 9.515854E-01
 7.050000E+01 9.515991E-01
 7.100000E+01 9.516022E-01
 7.150000E+01 9.516204E-01
 7.200000E+01 9.516427E-01
 7.250000E+01 9.516484E-01
 7.300000E+01 9.515913E-01
 7.350000E+01 9.516051E-01
 7.400000E+01 9.515634E-01
 7.450000E+01 9.515611E-01
 7.500000E+01 9.515031E-01
 7.550000E+01 9.514943E-01
 7.600000E+01 9.514748E-01
 7.650000E+01 9.514441E-01
 7.700000E+01 9.513771E-01
 7.750000E+01 9.514410E-01
 7.800000E+01 9.514650E-01
 7.850000E+01 9.514323E-01
 7.900000E+01 9.514441E-01
 7.950000E+01 9.514766E-01
 8.000000E+01 9.515050E-01
 8.050000E+01 9.515650E-01
 8.100000E+01 9.515334E-01
 8.150000E+01 9.515375E-01
 8.200000E+01 9.515492E-01
 8.250000E+01 9.515706E-01
 8.300000E+01 9.515854E-01
 8.350000E+01 9.515728E-01
 8.400000E+01 9.515986E-01
 8.450000E+01 9.515612E-01
 8.500000E+01 9.514973E-01
 8.550000E+01 9.514825E-01
 8.600000E+01 9.515104E-01
 8.650000E+01 9.515287E-01
 8.700000E+01 9.515295E-01
 8.750000E+01 9.515369E-01
 8.800000E+01 9.515418E-01
 8.850000E+01 9.515364E-01
 8.900000E+01 9.515412E-01
 8.950000E+01 9.515566E-01
 9.000000E+01 9.516155E-01
 9.050000E+01 9.516459E-01
 9.100000E+01 9.516541E-01
 9.150000E+01 9.516537E-01
 9.200000E+01 9.516785E-01
 9.250000E+01 9.516610E-01
 9.300000E+01 9.516606E-01
 9.350000E+01 9.516855E-01
 9.400000E+01 9.516849E-01
 9.450000E+01 9.516804E-01
 9.500000E+01 9.517055E-01
 9.550000E+01 9.516963E-01
 9.600000E+01 9.517164E-01
 9.650000E+01 9.517291E-01
 9.700000E+01 9.517040E-01
 9.750000E+01 9.516982E-01
 9.800000E+01 9.517331E-01
 9.850000E+01 9.517204E-01
 9.900000E+01 9.517251E-01
 9.950000E+01 9.517692E-01
 1.000000E+02 9.517657E-01
 1.005000E+02 9.517357E-01
 1.010000E+02 9.517407E-01
 1.015000E+02 9.517151E-01
 1.020000E+02 9.517343E-01
 1.025000E+02 9.517427E-01
 1.030000E+02 9.516888E-01
 1.035000E+02 9.516643E-01
 1.040000E+02 9.516675E-01
 1.045000E+02 9.516500E-01
 1.050000E+02 9.515831E-01
 1.055000E+02 9.515572E-01
 1.060000E+02 9.515739E-01
 1.065000E+02 9.515508E-01
 1.070000E+02 9.515399E-01
 1.075000E+02 9.515800E-01
 1.080000E+02 9.516106E-01
 1.085000E+02 9.516362E-01
 1.090000E+02 9.516434E-01
 1.095000E+02 9.516686E-01
 1.100000E+02 9.516623E-01
 1.105000E+02 9.516912E-01
 1.110000E+02 9.516637E-01
 1.115000E+02 9.516828E-01
 1.120000E+02 9.516768E-01
 1.125000E+02 9.516714E-01
 1.130000E+02 9.516430E-01
 1.135000E+02 9.516189E-01
 1.140000E+02 9.516122E-01
 1.145000E+02 9.516106E-01
 1.150000E+02 9.515680E-01
 1.155000E+02 9.515809E-01
 1.160000E+02 9.515925E-01
 1.165000E+02 9.516052E-01
 1.170000E+02 9.516117E-01
 1.175000E+02 9.516282E-01
 1.180000E+02 9.515644E-01
 1.185000E+02 9.515288E-01
 1.190000E+02 9.515450E-01
 1.195000E+02 9.515100E-01
 1.200000E+02 9.515177E-01
 1.205000E+02 9.515322E-01
 1.210000E+02 9.515216E-01
 1.215000E+02 9.515054E-01
 1.220000E+02 9.515171E-01
 1.225000E+02 9.515241E-01
 1.230000E+02 9.515107E-01
 1.235000E+02 9.515055E-01
 1.240000E+02 9.514910E-01
 1.245000E+02 9.515090E-01
 1.250000E+02 9.515149E-01
 1.255000E+02 9.515194E-01
 1.260000E+02 9.515035E-01
 1.265000E+02 9.515118E-01
 1.270000E+02 9.515172E-01
 1.275000E+02 9.515013E-01
 1.280000E+02 9.515398E-01
 1.285000E+02 9.515499E-01
 1.290000E+02 9.515442E-01
 1.295000E+02 9.515385E-01
 1.300000E+02 9.515299E-01
 1.305000E+02 9.515059E-01
 1.310000E+02 9.515105E-01
 1.315000E+02 9.514909E-01
 1.320000E+02 9.514707E-01
 1.325000E+02 9.514646E-01
 1.330000E+02 9.514622E-01
 1.335000E+02 9.514788E-01
 1.340000E+02 9.514710E-01
 1.345000E+02 9.514533E-01
 1.350000E+02 9.514666E-01
 1.355000E+02 9.514535E-01
 1.360000E+02 9.514776E-01
 1.365000E+02 9.514613E-01
 1.370000E+02 9.514508E-01
 1.375000E+02 9.514355E-01
 1.380000E+02 9.514410E-01
 1.385000E+02 9.514562E-01
 1.390000E+02 9.514406E-01
 1.395000E+02 9.514140E-01
 1.400000E+02 9.514284E-01
 1.405000E+02 9.514291E-01
 1.410000E+02 9.514433E-01
 1.415000E+02 9.514685E-01
 1.420000E+02 9.514703E-01
 1.425000E+02 9.514172E-01
 1.430000E+02 9.514151E-01
 1.435000E+02 9.514263E-01
 1.440000E+02 9.514170E-01
 1.445000E+02 9.513870E-01
 1.450000E+02 9.513998E-01
 1.455000E+02 9.514234E-01
 1.460000E+02 9.514350E-01
 1.465000E+02 9.514262E-01
 1.470000E+02 9.513970E-01
 1.475000E+02 9.513800E-01
 1.480000E+02 9.513247E-01
 1.485000E+02 9.513175E-01
 1.490000E+02 9.513275E-01
 1.495000E+02 9.513264E-01
 1.500000E+02 9.513069E-01
 1.505000E+02 9.513162E-01
 1.510000E+02 9.513335E-01
 1.515000E+02 9.513308E-01
 1.520000E+02 9.513299E-01
 1.525000E+02 9.513146E-01
 1.530000E+02 9.512811E-01
 1.535000E+02 9.512541E-01
 1.540000E+02 9.512355E-01
 1.545000E+02 9.512311E-01
 1.550000E+02 9.512319E-01
 1.555000E+02 9.512282E-01
 1.560000E+02 9.512393E-01
 1.565000E+02 9.512413E-01
 1.570000E+02 9.512240E-01
 1.575000E+02 9.511978E-01
 1.580000E+02 9.511853E-01
 1.585000E+02 9.512172E-01
 1.590000E+02 9.512147E-01
 1.595000E+02 9.512287E-01
 1.600000E+02 9.512227E-01
 1.605000E+02 9.512280E-01
 1.610000E+02 9.512261E-01
 1.615000E+02 9.512314E-01
 1.620000E+02 9.512353E-01
 1.625000E+02 9.512578E-01
 1.630000E+02 9.512439E-01
 1.635000E+02 9.512577E-01
 1.640000E+02 9.512585E-01
 1.645000E+02 9.512713E-01
 1.650000E+02 9.512963E-01
 1.655000E+02 9.512992E-01
 1.660000E+02 9.512991E-01
 1.665000E+02 9.512997E-01
 1.670000E+02 9.512809E-01
 1.675000E+02 9.512929E-01
 1.680000E+02 9.513108E-01
 1.685000E+02 9.513093E-01
 1.690000E+02 9.512889E-01
 1.695000E+02 9.512818E-01
 1.700000E+02 9.512601E-01
 1.705000E+02 9.512351E-01
 1.710000E+02 9.512136E-01
 1.715000E+02 9.512235E-01
 1.720000E+02 9.512082E-01
 1.725000E+02 9.512208E-01
 1.730000E+02 9.512161E-01
 1.735000E+02 9.512439E-01
 1.740000E+02 9.512537E-01
 1.745000E+02 9.512526E-01
 1.750000E+02 9.512606E-01
 1.755000E+02 9.512622E-01
 1.760000E+02 9.512433E-01
 1.765000E+02 9.512274E-01
 1.770000E+02 9.512206E-01
 1.775000E+02 9.512255E-01
 1.780000E+02 9.512250E-01
 1.785000E+02 9.512018E-01
 1.790000E+02 9.512089E-01
 1.795000E+02 9.512076E-01
 1.800000E+02 9.511882E-01
 1.805000E+02 9.512019E-01
 1.810000E+02 9.512001E-01
 1.815000E+02 9.511960E-01
 1.820000E+02 9.511874E-01
 1.825000E+02 9.511761E-01
 1.830000E+02 9.511783E-01
 1.835000E+02 9.511918E-01
 1.840000E+02 9.511676E-01
 1.845000E+02 9.511598E-01
 1.850000E+02 9.511387E-01
 1.855000E+02 9.511385E-01
 1.860000E+02 9.511459E-01
 1.865000E+02 9.511358E-01
 1.870000E+02 9.511326E-01
 1.875000E+02 9.511415E-01
 1.880000E+02 9.511509E-01
 1.885000E+02 9.511355E-01
 1.890000E+02 9.511389E-01
 1.895000E+02 9.511216E-01
 1.900000E+02 9.511139E-01
 1.905000E+02 9.511097E-01
 1.910000E+02 9.511147E-01
 1.915000E+02 9.511293E-01
 1.920000E+02 9.511471E-01
 1.925000E+02 9.511498E-01
 1.930000E+02 9.511500E-01
 1.935000E+02 9.511370E-01
 1.940000E+02 9.511228E-01
 1.945000E+02 9.511188E-01
 1.950000E+02 9.511179E-01
 1.955000E+02 9.511125E-01
 1.960000E+02 9.511325E-01
 1.965000E+02 9.511464E-01
 1.970000E+02 9.511203E-01
 1.975000E+02 9.511429E-01
 1.980000E+02 9.511398E-01
 1.985000E+02 9.511366E-01
 1.990000E+02 9.511230E-01
 1.995000E+02 9.511290E-01
 2.000000E+02 9.511209E-01
 2.005000E+02 9.589265E-01
 2.010000E+02 9.630387E-01
 2.015000E+02 9.660474E-01
 2.020000E+02 9.684541E-01
 2.025000E+02 9.703422E-01
 2.030000E+02 9.718713E-01
 2.035000E+02 9.731878E-01
 2.040000E+02 9.742509E-01
 2.045000E+02 9.751321E-01
 2.050000E+02 9.759587E-01
 2.055000E+02 9.766130E-01
 2.060000E+02 9.771655E-01
 2.065000E+02 9.776749E-01
 2.070000E+02 9.781045E-01
 2.075000E+02 9.784526E-01
 2.080000E+02 9.787922E-01
 2.085000E+02 9.790726E-01
 2.090000E+02 9.793480E-01
 2.095000E+02 9.795852E-01
 2.100000E+02 9.797953E-01
 2.105000E+02 9.799706E-01
 2.110000E+02 9.801401E-01
 2.115000E+02 9.802947E-01
 2.120000E+02 9.804080E-01
 2.125000E+02 9.805058E-01
 2.130000E+02 9.805874E-01
 2.135000E+02 9.806674E-01
 2.140000E+02 9.807375E-01
 2.145000E+02 9.807934E-01
 2.150000E+02 9.808481E-01
 2.155000E+02 9.808845E-01
 2.160000E+02 9.809306E-01
 2.165000E+02 9.809511E-01
 2.170000E+02 9.809672E-01
 2.175000E+02 9.809701E-01
 2.180000E+02 9.809766E-01
 2.185000E+02 9.809727E-01
 2.190000E+02 9.809682E-01
 2.195000E+02 9.809584E-01
 2.200000E+02 9.809533E-01
 2.205000E+02 9.809421E-01
 2.210000E+02 9.809347E-01
 2.215000E+02 9.809164E-01
 2.220000E+02 9.808998E-01
 2.225000E+02 9.808559E-01
 2.230000E+02 9.808139E-01
 2.235000E+02 9.807800E-01
 2.240000E+02 9.807428E-01
 2.245000E+02 9.807004E-01
 2.250000E+02 9.806681E-01
 2.255000E+02 9.806226E-01
 2.260000E+02 9.805832E-01
 2.265000E+02 9.805353E-01
 2.270000E+02 9.804809E-01
 2.275000E+02 9.804302E-01
 2.280000E+02 9.803736E-01
 2.285000E+02 9.803122E-01
 2.290000E+02 9.802661E-01
 2.295000E+02 9.802045E-01
 2.300000E+02 9.801432E-01
 2.305000E+02 9.800873E-01
 2.310000E+02 9.800196E-01
 2.315000E+02 9.799570E-01
 2.320000E+02 9.798908E-01
 2.325000E+02 9.798265E-01
 2.330000E+02 9.797522E-01
 2.335000E+02 9.796791E-01
 2.340000E+02 9.796118E-01
 2.345000E+02 9.795445E-01
 2.350000E+02 9.794834E-01
 2.355000E+02 9.794182E-01
 2.360000E+02 9.793560E-01
 2.365000E+02 9.792801E-01
 2.370000E+02 9.792016E-01
 2.375000E+02 9.791376E-01
 2.380000E+02 9.790682E-01
 2.385000E+02 9.789907E-01
 2.390000E+02 9.789081E-01
 2.395000E+02 9.788327E-01
 2.400000E+02 9.787549E-01
 2.405000E+02 9.786729E-01
 2.410000E+02 9.785939E-01
 2.415000E+02 9.785121E-01
 2.420000E+02 9.784334E-01
 2.425000E+02 9.783516E-01
 2.430000E+02 9.782662E-01
 2.435000E+02 9.781815E-01
 2.440000E+02 9.781066E-01
 2.445000E+02 9.780269E-01
 2.450000E+02 9.779518E-01
 2.455000E+02 9.778763E-01
 2.460000E+02 9.777989E-01
 2.465000E+02 9.777250E-01
 2.470000E+02 9.776387E-01
 2.475000E+02 9.775531E-01
 2.480000E+02 9.774748E-01
 2.485000E+02 9.773875E-01
 2.490000E+02 9.773064E-01
 2.495000E+02 9.772244E-01
 2.500000E+02 9.771476E-01
 2.505000E+02 9.770578E-01
 2.510000E+02 9.769490E-01
 2.515000E+02 9.768443E-01
 2.520000E+02 9.767317E-01
 2.525000E+02 9.766177E-01
 2.530000E+02 9.765047E-01
 2.535000E+02 9.763933E-01
 2.540000E+02 9.762969E-01
 2.545000E+02 9.761921E-01
 2.550000E+02 9.760761E-01
 2.555000E+02 9.759638E-01
 2.560000E+02 9.758486E-01
 2.565000E+02 9.757348E-01
 2.570000E+02 9.756138E-01
 2.575000E+02 9.755051E-01
 2.580000E+02 9.754082E-01
 2.585000E+02 9.753001E-01
 2.590000E+02 9.751807E-01
 2.595000E+02 9.750602E-01
 2.600000E+02 9.749377E-01
 2.605000E+02 9.748150E-01
 2.610000E+02 9.746992E-01
 2.615000E+02 9.745911E-01
 2.620000E+02 9.744885E-01
 2.625000E+02 9.743821E-01
 2.630000E+02 9.742720E-01
 2.635000E+02 9.741590E-01
 2.640000E+02 9.740465E-01
 2.645000E+02 9.739235E-01
 2.650000E+02 9.738116E-01
 2.655000E+02 9.737029E-01
 2.660000E+02 9.735993E-01
 2.665000E+02 9.734931E-01
 2.670000E+02 9.733731E-01
 2.675000E+02 9.732631E-01
 2.680000E+02 9.731433E-01
 2.685000E+02 9.730235E-01
 2.690000E+02 9.729083E-01
 2.695000E+02 9.727996E-01
 2.700000E+02 9.726935E-01
 2.705000E+02 9.725867E-01
 2.710000E+02 9.724730E-01
 2.715000E+02 9.723565E-01
 2.720000E+02 9.722353E-01
 2.725000E+02 9.721101E-01
 2.730000E+02 9.719892E-01
 2.735000E+02 9.718881E-01
 2.740000E+02 9.717848E-01
 2.745000E+02 9.716715E-01
 2.750000E+02 9.715525E-01
 2.755000E+02 9.714379E-01
 2.760000E+02 9.713246E-01
 2.765000E+02 9.712044E-01
 2.770000E+02 9.710860E-01
 2.775000E+02 9.709787E-01
 2.780000E+02 9.708770E-01
 2.785000E+02 9.707724E-01
 2.790000E+02 9.706591E-01
 2.795000E+02 9.705431E-01
 2.800000E+02 9.704284E-01
 2.805000E+02 9.703015E-01
 2.810000E+02 9.701792E-01
 2.815000E+02 9.700704E-01
 2.820000E+02 9.699722E-01
 2.825000E+02 9.698603E-01
 2.830000E+02 9.697476E-01
 2.835000E+02 9.696367E-01
 2.840000E+02 9.695244E-01
 2.845000E+02 9.694063E-01
 2.850000E+02 9.692878E-01
 2.855000E+02 9.691791E-01
 2.860000E+02 9.690767E-01
 2.865000E+02 9.689672E-01
 2.870000E+02 9.688590E-01
 2.875000E+02 9.687417E-01
 2.880000E+02 9.686261E-01
 2.885000E+02 9.685052E-01
 2.890000E+02 9.683884E-01
 2.895000E+02 9.682789E-01
 2.900000E+02 9.681715E-01
 2.905000E+02 9.680713E-01
 2.910000E+02 9.679674E-01
 2.915000E+02 9.678615E-01
 2.920000E+02 9.677603E-01
 2.925000E+02 9.676578E-01
 2.930000E+02 9.675569E-01
 2.935000E+02 9.674561E-01
 2.940000E+02 9.673531E-01
 2.945000E+02 9.672474E-01
 2.950000E+02 9.671414E-01
 2.955000E+02 9.670400E-01
 2.960000E+02 9.669428E-01
 2.965000E+02 9.668448E-01
 2.970000E+02 9.667403E-01
 2.975000E+02 9.666349E-01
 2.980000E+02 9.665290E-01
 2.985000E+02 9.664290E-01
 2.990000E+02 9.663249E-01
 2.995000E+02 9.662235E-01
 3.000000E+02 9.661212E-01
 3.005000E+02 9.660205E-01
 3.010000E+02 9.659165E-01
 3.015000E+02 9.658095E-01
 3.020000E+02 9.657086E-01
 3.025000E+02 9.656100E-01
 3.030000E+02 9.655078E-01
 3.035000E+02 9.654032E-01
 3.040000E+02 9.653002E-01
 3.045000E+02 9.651951E-01
 3.050000E+02 9.650881E-01
 3.055000E+02 9.649883E-01
 3.060000E+02 9.648851E-01
 3.065000E+02 9.647868E-01
 3.070000E+02 9.646904E-01
 3.075000E+02 9.645896E-01
 3.080000E+02 9.644911E-01
 3.085000E+02 9.643867E-01
 3.090000E+02 9.642781E-01
 3.095000E+02 9.641748E-01
 3.100000E+02 9.640669E-01
 3.105000E+02 9.639661E-01
 3.110000E+02 9.638635E-01
 3.115000E+02 9.637599E-01
 3.120000E+02 9.636620E-01
 3.125000E+02 9.635654E-01
 3.130000E+02 9.634646E-01
 3.135000E+02 9.633680E-01
 3.140000E+02 9.632670E-01
 3.145000E+02 9.631642E-01
 3.150000E+02 9.630614E-01
 3.155000E+02 9.629608E-01
 3.160000E+02 9.628565E-01
 3.165000E+02 9.627572E-01
 3.170000E+02 9.626525E-01
 3.175000E+02 9.625481E-01
 3.180000E+02 9.624460E-01
 3.185000E+02 9.623378E-01
 3.190000E+02 9.622307E-01
 3.195000E+02 9.621286E-01
 3.200000E+02 9.620236E-01
 3.205000E+02 9.619247E-01
 3.210000E+02 9.618244E-01
 3.215000E+02 9.617252E-01
 3.220000E+02 9.616273E-01
 3.225000E+02 9.615210E-01
 3.230000E+02 9.614222E-01
 3.235000E+02 9.613193E-01
 3.240000E+02 9.612174E-01
 3.245000E+02 9.611169E-01
 3.250000E+02 9.610151E-01
 3.255000E+02 9.609116E-01
 3.260000E+02 9.608114E-01
 3.265000E+02 9.607139E-01
 3.270000E+02 9.606122E-01
 3.275000E+02 9.605094E-01
 3.280000E+02 9.604126E-01
 3.285000E+02 9.603074E-01
 3.290000E+02 9.602045E-01
 3.295000E+02 9.601019E-01
 3.300000E+02 9.600024E-01
 3.305000E+02 9.598978E-01
 3.310000E+02 9.597977E-01
 3.315000E+02 9.596959E-01
 3.320000E+02 9.595930E-01
 3.325000E+02 9.594915E-01
 3.330000E+02 9.593888E-01
 3.335000E+02 9.592894E-01
 3.340000E+02 9.591889E-01
 3.345000E+02 9.590876E-01
 3.350000E+02 9.589878E-01
 3.355000E+02 9.588898E-01
 3.360000E+02 9.587891E-01
 3.365000E+02 9.586978E-01
 3.370000E+02 9.585972E-01
 3.375000E+02 9.584976E-01
 3.380000E+02 9.584013E-01
 3.385000E+02 9.583009E-01
 3.390000E+02 9.581984E-01
 3.395000E+02 9.581046E-01
 3.400000E+02 9.579991E-01
 3.405000E+02 9.578965E-01
 3.410000E+02 9.577969E-01
 3.415000E+02 9.576946E-01
 3.420000E+02 9.575951E-01
 3.425000E+02 9.574978E-01
 3.430000E+02 9.573992E-01
 3.435000E+02 9.572976E-01
 3.440000E+02 9.571991E-01
 3.445000E+02 9.571013E-01
 3.450000E+02 9.570044E-01
 3.455000E+02 9.569043E-01
 3.460000E+02 9.568009E-01
 3.465000E+02 9.566986E-01
 3.470000E+02 9.566011E-01
 3.475000E+02 9.564988E-01
 3.480000E+02 9.564026E-01
 3.485000E+02 9.563034E-01
 3.490000E+02 9.562062E-01
 3.495000E+02 9.561069E-01
 3.500000E+02 9.560095E-01
 3.505000E+02 9.559080E-01
 3.510000E+02 9.558133E-01
 3.515000E+02 9.557153E-01
 3.520000E+02 9.556170E-01
 3.525000E+02 9.555205E-01
 3.530000E+02 9.554213E-01
 3.535000E+02 9.553246E-01
 3.540000E+02 9.552256E-01
 3.545000E+02 9.551237E-01
 3.550000E+02 9.550204E-01
 3.555000E+02 9.549235E-01
 3.560000E+02 9.548275E-01
 3.565000E+02 9.547384E-01
 3.570000E+02 9.546382E-01
 3.575000E+02 9.545355E-01
 3.580000E+02 9.544388E-01
 3.585000E+02 9.543419E-01
 3.590000E+02 9.542418E-01
 3.595000E+02 9.541471E-01
 3.600000E+02 9.540501E-01
 3.605000E+02 9.539504E-01
 3.610000E+02 9.538531E-01
 3.615000E+02 9.537586E-01
 3.620000E+02 9.536652E-01
 3.625000E+02 9.535697E-01
 3.630000E+02 9.534746E-01
 3.635000E+02 9.533771E-01
 3.640000E+02 9.532828E-01
 3.645000E+02 9.531892E-01
 3.650000E+02 9.530897E-01
 3.655000E+02 9.529993E-01
 3.660000E+02 9.528995E-01
 3.665000E+02 9.528062E-01
 3.670000E+02 9.527112E-01
 3.675000E+02 9.526140E-01
 3.680000E+02 9.525180E-01
 3.685000E+02 9.524242E-01
 3.690000E+02 9.523350E-01
 3.695000E+02 9.522423E-01
 3.700000E+02 9.521466E-01
 3.705000E+02 9.520516E-01
 3.710000E+02 9.519544E-01
 3.715000E+02 9.518632E-01
 3.720000E+02 9.517637E-01
 3.725000E+02 9.516714E-01
 3.730000E+02 9.515748E-01
 3.735000E+02 9.514816E-01
 3.740000E+02 9.513911E-01
 3.745000E+02 9.512957E-01
 3.750000E+02 9.512045E-01
 3.755000E+02 9.511106E-01
 3.760000E+02 9.510170E-01
 3.765000E+02 9.509222E-01
 3.770000E+02 9.508269E-01
 3.775000E+02 9.507390E-01
 3.780000E+02 9.506526E-01
 3.785000E+02 9.505574E-01
 3.790000E+02 9.504678E-01
 3.795000E+02 9.503760E-01
 3.800000E+02 9.502825E-01
 3.805000E+02 9.501947E-01
 3.810000E+02 9.501062E-01
 3.815000E+02 9.500148E-01
 3.820000E+02 9.499208E-01
 3.825000E+02 9.498270E-01
 3.830000E+02 9.497373E-01
 3.835000E+02 9.496448E-01
 3.840000E+02 9.495554E-01
 3.845000E+02 9.494638E-01
 3.850000E+02 9.493761E-01
 3.855000E+02 9.492860E-01
 3.860000E+02 9.491962E-01
 3.865000E+02 9.491052E-01
 3.870000E+02 9.490143E-01
 3.875000E+02 9.489201E-01
 3.880000E+02 9.488309E-01
 3.885000E+02 9.487427E-01
 3.890000E+02 9.486524E-01
 3.895000E+02 9.485653E-01
 3.900000E+02 9.484816E-01
 3.905000E+02 9.483917E-01
 3.910000E+02 9.483026E-01
 3.915000E+02 9.482127E-01
 3.920000E+02 9.481244E-01
 3.925000E+02 9.480364E-01
 3.930000E+02 9.479476E-01
 3.935000E+02 9.478571E-01
 3.940000E+02 9.477706E-01
 3.945000E+02 9.476788E-01
 3.950000E+02 9.475925E-01
 3.955000E+02 9.475067E-01
 3.960000E+02 9.474207E-01
 3.965000E+02 9.473339E-01
 3.970000E+02 9.472445E-01
 3.975000E+02 9.471567E-01
 3.980000E+02 9.470687E-01
 3.985000E+02 9.469843E-01
 3.990000E+02 9.469026E-01
 3.995000E+02 9.468169E-01
 4.000000E+02 9.467330E-01
 4.005000E+02 9.466461E-01
 4.010000E+02 9.465643E-01
 4.015000E+02 9.464741E-01
 4.020000E+02 9.463878E-01
 4.025000E+02 9.463014E-01
 4.030000E+02 9.462201E-01
 4.035000E+02 9.461319E-01
 4.040000E+02 9.460468E-01
 4.045000E+02 9.459636E-01
 4.050000E+02 9.458843E-01
 4.055000E+02 9.458010E-01
 4.060000E+02 9.457204E-01
 4.065000E+02 9.456422E-01
 4.070000E+02 9.455589E-01
 4.075000E+02 9.454778E-01
 4.080000E+02 9.453942E-01
 4.085000E+02 9.453106E-01
 4.090000E+02 9.452293E-01
 4.095000E+02 9.451447E-01
 4.100000E+02 9.450619E-01
 4.105000E+02 9.449813E-01
 4.110000E+02 9.449006E-01
 4.115000E+02 9.448195E-01
 4.120000E+02 9.447380E-01
 4.125000E+02 9.446562E-01
 4.130000E+02 9.445743E-01
 4.135000E+02 9.444934E-01
 4.140000E+02 9.444148E-01
 4.145000E+02 9.443352E-01
 4.150000E+02 9.442498E-01
 4.155000E+02 9.441684E-01
 4.160000E+02 9.440872E-01
 4.165000E+02 9.440114E-01
 4.170000E+02 9.439297E-01
 4.175000E+02 9.438489E-01
 4.180000E+02 9.437664E-01
 4.185000E+02 9.436820E-01
 4.190000E+02 9.436008E-01
 4.195000E+02 9.435178E-01
 4.200000E+02 9.434378E-01
 4.205000E+02 9.433552E-01
 4.210000E+02 9.432736E-01
 4.215000E+02 9.431904E-01
 4.220000E+02 9.431124E-01
 4.225000E+02 9.430251E-01
 4.230000E+02 9.429417E-01
 4.235000E+02 9.428641E-01
 4.240000E+02 9.427835E-01
 4.245000E+02 9.427041E-01
 4.250000E+02 9.426222E-01
 4.255000E+02 9.425385E-01
 4.260000E+02 9.424576E-01
 4.265000E+02 9.423748E-01
 4.270000E+02 9.422933E-01
 4.275000E+02 9.422124E-01
 4.280000E+02 9.421302E-01
 4.285000E+02 9.420486E-01
 4.290000E+02 9.419679E-01
 4.295000E+02 9.418841E-01
 4.300000E+02 9.418044E-01
 4.305000E+02 9.417223E-01
 4.310000E+02 9.416428E-01
 4.315000E+02 9.415640E-01
 4.320000E+02 9.414845E-01
 4.325000E+02 9.414056E-01
 4.330000E+02 9.413277E-01
 4.335000E+02 9.412520E-01
 4.340000E+02 9.411758E-01
 4.345000E+02 9.410968E-01
 4.350000E+02 9.410201E-01
 4.355000E+02 9.409433E-01
 4.360000E+02 9.408635E-01
 4.365000E+02 9.407867E-01
 4.370000E+02 9.407103E-01
 4.375000E+02 9.406307E-01
 4.380000E+02 9.405533E-01
 4.385000E+02 9.404769E-01
 4.390000E+02 9.404005E-01
 4.395000E+02 9.403206E-01
 4.400000E+02 9.402426E-01
 4.405000E+02 9.401633E-01
 4.410000E+02 9.400891E-01
 4.415000E+02 9.400138E-01
 4.420000E+02 9.399410E-01
 4.425000E+02 9.398652E-01
 4.430000E+02 9.397881E-01
 4.435000E+02 9.397104E-01
 4.440000E+02 9.396358E-01
 4.445000E+02 9.395627E-01
 4.450000E+02 9.394864E-01
 4.455000E+02 9.394145E-01
 4.460000E+02 9.393407E-01
 4.465000E+02 9.392637E-01
 4.470000E+02 9.391931E-01
 4.475000E+02 9.391191E-01
 4.480000E+02 9.390496E-01
 4.485000E+02 9.389740E-01
 4.490000E+02 9.388939E-01
 4.495000E+02 9.388205E-01
 4.500000E+02 9.387453E-01
 4.505000E+02 9.386650E-01
 4.510000E+02 9.385860E-01
 4.515000E+02 9.385108E-01
 4.520000E+02 9.384385E-01
 4.525000E+02 9.383608E-01
 4.530000E+02 9.382868E-01
 4.535000E+02 9.382098E-01
 4.540000E+02 9.381317E-01
 4.545000E+02 9.380536E-01
 4.550000E+02 9.379805E-01
 4.555000E+02 9.379065E-01
 4.560000E+02 9.378312E-01
 4.565000E+02 9.377541E-01
 4.570000E+02 9.376809E-01
 4.575000E+02 9.376037E-01
 4.580000E+02 9.375297E-01
 4.585000E+02 9.374546E-01
 4.590000E+02 9.373843E-01
 4.595000E+02 9.373118E-01
 4.600000E+02 9.372372E-01
 4.605000E+02 9.371660E-01
 4.610000E+02 9.370923E-01
 4.615000E+02 9.370201E-01
 4.620000E+02 9.369473E-01
 4.625000E+02 9.368749E-01
 4.630000E+02 9.368065E-01
 4.635000E+02 9.367343E-01
 4.640000E+02 9.366643E-01
 4.645000E+02 9.365928E-01
 4.650000E+02 9.365206E-01
 4.655000E+02 9.364494E-01
 4.660000E+02 9.363780E-01
 4.665000E+02 9.363028E-01
 4.670000E+02 9.362287E-01
 4.675000E+02 9.361526E-01
 4.680000E+02 9.360784E-01
 4.685000E+02 9.360071E-01
 4.690000E+02 9.359348E-01
 4.695000E+02 9.358617E-01
 4.700000E+02 9.357898E-01
 4.705000E+02 9.357139E-01
 4.710000E+02 9.356424E-01
 4.715000E+02 9.355680E-01
 4.720000E+02 9.354954E-01
 4.725000E+02 9.354228E-01
 4.730000E+02 9.353514E-01
 4.735000E+02 9.352797E-01
 4.740000E+02 9.352054E-01
 4.745000E+02 9.351374E-01
 4.750000E+02 9.350636E-01
 4.755000E+02 9.349951E-01
 4.760000E+02 9.349254E-01
 4.765000E+02 9.348531E-01
 4.770000E+02 9.347850E-01
 4.775000E+02 9.347127E-01
 4.780000E+02 9.346424E-01
 4.785000E+02 9.345709E-01
 4.790000E+02 9.345027E-01
 4.795000E+02 9.344324E-01
 4.800000E+02 9.343625E-01
 4.805000E+02 9.342924E-01
 4.810000E+02 9.342236E-01
 4.815000E+02 9.341552E-01
 4.820000E+02 9.340846E-01
 4.825000E+02 9.340106E-01
 4.830000E+02 9.339432E-01
 4.835000E+02 9.338750E-01
 4.840000E+02 9.338060E-01
 4.845000E+02 9.337354E-01
 4.850000E+02 9.336616E-01
 4.855000E+02 9.335857E-01
 4.860000E+02 9.335108E-01
 4.865000E+02 9.334358E-01
 4.870000E+02 9.333608E-01
 4.875000E+02 9.332815E-01
 4.880000E+02 9.332086E-01
 4.885000E+02 9.331345E-01
 4.890000E+02 9.330584E-01
 4.895000E+02 9.329829E-01
 4.900000E+02 9.329090E-01
 4.905000E+02 9.328337E-01
 4.910000E+02 9.327628E-01
 4.915000E+02 9.326871E-01
 4.920000E+02 9.326125E-01
 4.925000E+02 9.325357E-01
 4.930000E+02 9.324637E-01
 4.935000E+02 9.323876E-01
 4.940000E+02 9.323153E-01
 4.945000E+02 9.322419E-01
 4.950000E+02 9.321703E-01
 4.955000E+02 9.320977E-01
 4.960000E+02 9.320274E-01
 4.965000E+02 9.319530E-01
 4.970000E+02 9.318798E-01
 4.975000E+02 9.318070E-01
 4.980000E+02 9.317352E-01
 4.985000E+02 9.316632E-01
 4.990000E+02 9.315914E-01
 4.995000E+02 9.315202E-01
 5.000000E+02 9.314516E-01
 5.005000E+02 9.313803E-01
 5.010000E+02 9.313105E-01
 5.015000E+02 9.312403E-01
 5.020000E+02 9.311724E-01
 5.025000E+02 9.311055E-01
 5.030000E+02 9.310354E-01
 5.035000E+02 9.309669E-01
 5.040000E+02 9.308973E-01
 5.045000E+02 9.308322E-01
 5.050000E+02 9.307618E-01
 5.055000E+02 9.306917E-01
 5.060000E+02 9.306241E-01
 5.065000E+02 9.305547E-01
 5.070000E+02 9.304864E-01
 5.075000E+02 9.304189E-01
 5.080000E+02 9.303531E-01
 5.085000E+02 9.302808E-01
 5.090000E+02 9.302141E-01
 5.095000E+02 9.301494E-01
 5.100000E+02 9.300810E-01
 5.105000E+02 9.300143E-01
 5.110000E+02 9.299499E-01
 5.115000E+02 9.298850E-01
 5.120000E+02 9.298206E-01
 5.125000E+02 9.297537E-01
 5.130000E+02 9.296832E-01
 5.135000E+02 9.296142E-01
 5.140000E+02 9.295497E-01
 5.145000E+02 9.294853E-01
 5.150000E+02 9.294191E-01
 5.155000E+02 9.293518E-01
 5.160000E+02 9.292838E-01
 5.165000E+02 9.292164E-01
 5.170000E+02 9.291530E-01
 5.175000E+02 9.290898E-01
 5.180000E+02 9.290286E-01
 5.185000E+02 9.289632E-01
 5.190000E+02 9.289013E-01
 5.195000E+02 9.288398E-01
 5.200000E+02 9.287782E-01
 5.205000E+02 9.287151E-01
 5.210000E+02 9.286585E-01
 5.215000E+02 9.285993E-01
 5.220000E+02 9.285451E-01
 5.225000E+02 9.284893E-01
 5.230000E+02 9.284340E-01
 5.235000E+02 9.283816E-01
 5.240000E+02 9.283303E-01
 5.245000E+02 9.282821E-01
 5.250000E+02 9.282306E-01
 5.255000E+02 9.281785E-01
 5.260000E+02 9.281274E-01
 5.265000E+02 9.280718E-01
 5.270000E+02 9.280221E-01
 5.275000E+02 9.279706E-01
 5.280000E+02 9.279198E-01
 5.285000E+02 9.278717E-01
 5.290000E+02 9.278204E-01
 5.295000E+02 9.277718E-01
 5.300000E+02 9.277221E-01
 5.305000E+02 9.276719E-01
 5.310000E+02 9.276251E-01
 5.315000E+02 9.275732E-01
 5.320000E+02 9.275217E-01
 5.325000E+02 9.274684E-01
 5.330000E+02 9.274154E-01
 5.335000E+02 9.273654E-01
 5.340000E+02 9.273123E-01
 5.345000E+02 9.272591E-01
 5.350000E+02 9.272103E-01
 5.355000E+02 9.271594E-01
 5.360000E+02 9.271103E-01
 5.365000E+02 9.270616E-01
 5.370000E+02 9.270151E-01
 5.375000E+02 9.269648E-01
 5.380000E+02 9.269118E-01
 5.385000E+02 9.268598E-01
 5.390000E+02 9.268126E-01
 5.395000E+02 9.267674E-01
 5.400000E+02 9.267264E-01
 5.405000E+02 9.266827E-01
 5.410000E+02 9.266383E-01
 5.415000E+02 9.265910E-01
 5.420000E+02 9.265458E-01
 5.425000E+02 9.265015E-01
 5.430000E+02 9.264529E-01
 5.435000E+02 9.263967E-01
 5.440000E+02 9.263375E-01
 5.445000E+02 9.262818E-01
 5.450000E+02 9.262219E-01
 5.455000E+02 9.261649E-01
 5.460000E+02 9.261066E-01
 5.465000E+02 9.260482E-01
 5.470000E+02 9.259916E-01
 5.475000E+02 9.259322E-01
 5.480000E+02 9.258757E-01
 5.485000E+02 9.258252E-01
 5.490000E+02 9.257719E-01
 5.495000E+02 9.257181E-01
 5.500000E+02 9.256632E-01
 5.505000E+02 9.256078E-01
 5.510000E+02 9.255541E-01
 5.515000E+02 9.254981E-01
 5.520000E+02 9.254365E-01
 5.525000E+02 9.253846E-01
 5.530000E+02 9.253298E-01
 5.535000E+02 9.252723E-01
 5.540000E+02 9.252207E-01
 5.545000E+02 9.251659E-01
 5.550000E+02 9.251130E-01
 5.555000E+02 9.250550E-01
 5.560000E+02 9.250004E-01
 5.565000E+02 9.249474E-01
 5.570000E+02 9.248967E-01
 5.575000E+02 9.248471E-01
 5.580000E+02 9.247979E-01
 5.585000E+02 9.247489E-01
 5.590000E+02 9.247046E-01
 5.595000E+02 9.246620E-01
 5.600000E+02 9.246162E-01
 5.605000E+02 9.245709E-01
 5.610000E+02 9.245272E-01
 5.615000E+02 9.244843E-01
 5.620000E+02 9.244406E-01
 5.625000E+02 9.243981E-01
 5.630000E+02 9.243550E-01
 5.635000E+02 9.243112E-01
 5.640000E+02 9.242657E-01
 5.645000E+02 9.242258E-01
 5.650000E+02 9.241884E-01
 5.655000E+02 9.241512E-01
 5.660000E+02 9.241145E-01
 5.665000E+02 9.240789E-01
 5.670000E+02 9.240432E-01
 5.675000E+02 9.240058E-01
 5.680000E+02 9.239723E-01
 5.685000E+02 9.239391E-01
 5.690000E+02 9.239048E-01
 5.695000E+02 9.238720E-01
 5.700000E+02 9.238390E-01
 5.705000E+02 9.238042E-01
 5.710000E+02 9.237720E-01
 5.715000E+02 9.237381E-01
 5.720000E+02 9.237033E-01
 5.725000E+02 9.236671E-01
 5.730000E+02 9.236393E-01
 5.735000E+02 9.236067E-01
 5.740000E+02 9.235712E-01
 5.745000E+02 9.235343E-01
 5.750000E+02 9.234989E-01
 5.755000E+02 9.234632E-01
 5.760000E+02 9.234281E-01
 5.765000E+02 9.233935E-01
 5.770000E+02 9.233541E-01
 5.775000E+02 9.233188E-01
 5.780000E+02 9.232858E-01
 5.785000E+02 9.232492E-01
 5.790000E+02 9.232134E-01
 5.795000E+02 9.231749E-01
 5.800000E+02 9.231462E-01
 5.805000E+02 9.231139E-01
 5.810000E+02 9.230785E-01
 5.815000E+02 9.230436E-01
 5.820000E+02 9.230070E-01
 5.825000E+02 9.229762E-01
 5.830000E+02 9.229371E-01
 5.835000E+02 9.229036E-01
 5.840000E+02 9.228736E-01
 5.845000E+02 9.228370E-01
 5.850000E+02 9.228048E-01
 5.855000E+02 9.227718E-01
 5.860000E+02 9.227359E-01
 5.865000E+02 9.226992E-01
 5.870000E+02 9.226668E-01
 5.875000E+02 9.226342E-01
 5.880000E+02 9.226024E-01
 5.885000E+02 9.225691E-01
 5.890000E+02 9.225317E-01
 5.895000E+02 9.224949E-01
 5.900000E+02 9.224633E-01
 5.905000E+02 9.224244E-01
 5.910000E+02 9.223899E-01
 5.915000E+02 9.223523E-01
 5.920000E+02 9.223192E-01
 5.925000E+02 9.222859E-01
 5.930000E+02 9.222511E-01
 5.935000E+02 9.222122E-01
 5.940000E+02 9.221799E-01
 5.945000E+02 9.221470E-01
 5.950000E+02 9.221142E-01
 5.955000E+02 9.220766E-01
 5.960000E+02 9.220421E-01
 5.965000E+02 9.220056E-01
 5.970000E+02 9.219697E-01
 5.975000E+02 9.219350E-01
 5.980000E+02 9.218989E-01
 5.985000E+02 9.218635E-01
 5.990000E+02 9.218300E-01
 5.995000E+02 9.217935E-01
 6.000000E+02 9.217612E-01
 6.005000E+02 9.217279E-01
 6.010000E+02 9.216947E-01
 6.015000E+02 9.216566E-01
 6.020000E+02 9.216229E-01
 6.025000E+02 9.215883E-01
 6.030000E+02 9.215540E-01
 6.035000E+02 9.215170E-01
 6.040000E+02 9.214815E-01
 6.045000E+02 9.214504E-01
 6.050000E+02 9.214165E-01
 6.055000E+02 9.213846E-01
 6.060000E+02 9.213529E-01
 6.065000E+02 9.213193E-01
 6.070000E+02 9.212837E-01
 6.075000E+02 9.212506E-01
 6.080000E+02 9.212236E-01
 6.085000E+02 9.212054E-01
 6.090000E+02 9.211806E-01
 6.095000E+02 9.211617E-01
 6.100000E+02 9.211387E-01
 6.105000E+02 9.211174E-01
 6.110000E+02 9.210955E-01
 6.115000E+02 9.210782E-01
 6.120000E+02 9.210615E-01
 6.125000E+02 9.210388E-01
 6.130000E+02 9.210199E-01
 6.135000E+02 9.209962E-01
 6.140000E+02 9.209718E-01
 6.145000E+02 9.209543E-01
 6.150000E+02 9.209330E-01
 6.155000E+02 9.209146E-01
 6.160000E+02 9.208940E-01
 6.165000E+02 9.208773E-01
 6.170000E+02 9.208596E-01
 6.175000E+02 9.208401E-01
 6.180000E+02 9.208188E-01
 6.185000E+02 9.208000E-01
 6.190000E+02 9.207753E-01
 6.195000E+02 9.207536E-01
 6.200000E+02 9.207318E-01
 6.205000E+02 9.207124E-01
 6.210000E+02 9.206929E-01
 6.215000E+02 9.206726E-01
 6.220000E+02 9.206484E-01
 6.225000E+02 9.206294E-01
 6.230000E+02 9.206032E-01
 6.235000E+02 9.205821E-01
 6.240000E+02 9.205585E-01
 6.245000E+02 9.205421E-01
 6.250000E+02 9.205211E-01
 6.255000E+02 9.204994E-01
 6.260000E+02 9.204824E-01
 6.265000E+02 9.204646E-01
 6.270000E+02 9.204405E-01
 6.275000E+02 9.204207E-01
 6.280000E+02 9.204025E-01
 6.285000E+02 9.203781E-01
 6.290000E+02 9.203582E-01
 6.295000E+02 9.203391E-01
 6.300000E+02 9.203194E-01
 6.305000E+02 9.203006E-01
 6.310000E+02 9.202781E-01
 6.315000E+02 9.202557E-01
 6.320000E+02 9.202364E-01
 6.325000E+02 9.202201E-01
 6.330000E+02 9.202024E-01
 6.335000E+02 9.201788E-01
 6.340000E+02 9.201619E-01
 6.345000E+02 9.201395E-01
 6.350000E+02 9.201143E-01
 6.355000E+02 9.200937E-01
 6.360000E+02 9.200716E-01
 6.365000E+02 9.200515E-01
 6.370000E+02 9.200288E-01
 6.375000E+02 9.200024E-01
 6.380000E+02 9.199775E-01
 6.385000E+02 9.199604E-01
 6.390000E+02 9.199409E-01
 6.395000E+02 9.199185E-01
 6.400000E+02 9.198954E-01
 6.405000E+02 9.198767E-01
 6.410000E+02 9.198553E-01
 6.415000E+02 9.198361E-01
 6.420000E+02 9.198151E-01
 6.425000E+02 9.197945E-01
 6.430000E+02 9.197715E-01
 6.435000E+02 9.197464E-01
 6.440000E+02 9.197280E-01
 6.445000E+02 9.197072E-01
 6.450000E+02 9.196842E-01
 6.455000E+02 9.196620E-01
 6.460000E+02 9.196393E-01
 6.465000E+02 9.196161E-01
 6.470000E+02 9.195964E-01
 6.475000E+02 9.195756E-01
 6.480000E+02 9.195553E-01
 6.485000E+02 9.195338E-01
 6.490000E+02 9.195106E-01
 6.495000E+02 9.194927E-01
 6.500000E+02 9.194734E-01
 6.505000E+02 9.194530E-01
 6.510000E+02 9.194348E-01
 6.515000E+02 9.194141E-01
 6.520000E+02 9.193916E-01
 6.525000E+02 9.193703E-01
 6.530000E+02 9.193514E-01
 6.535000E+02 9.193302E-01
 6.540000E+02 9.193109E-01
 6.545000E+02 9.192895E-01
 6.550000E+02 9.192648E-01
 6.555000E+02 9.192454E-01
 6.560000E+02 9.192209E-01
 6.565000E+02 9.192031E-01
 6.570000E+02 9.191813E-01
 6.575000E+02 9.191608E-01
 6.580000E+02 9.191435E-01
 6.585000E+02 9.190954E-01
 6.590000E+02 9.190467E-01
 6.595000E+02 9.189929E-01
 6.600000E+02 9.189399E-01
 6.605000E+02 9.188879E-01
 6.610000E+02 9.188365E-01
 6.615000E+02 9.187867E-01
 6.620000E+02 9.187369E-01
 6.625000E+02 9.186857E-01
 6.630000E+02 9.186342E-01
 6.635000E+02 9.185842E-01
 6.640000E+02 9.185323E-01
 6.645000E+02 9.184844E-01
 6.650000E+02 9.184342E-01
 6.655000E+02 9.183825E-01
 6.660000E+02 9.183281E-01
 6.665000E+02 9.182774E-01
 6.670000E+02 9.182274E-01
 6.675000E+02 9.181832E-01
 6.680000E+02 9.181327E-01
 6.685000E+02 9.180849E-01
 6.690000E+02 9.180387E-01
 6.695000E+02 9.179943E-01
 6.700000E+02 9.179492E-01
 6.705000E+02 9.179001E-01
 6.710000E+02 9.178540E-01
 6.715000E+02 9.178075E-01
 6.720000E+02 9.177634E-01
 6.725000E+02 9.177238E-01
 6.730000E+02 9.176817E-01
 6.735000E+02 9.176450E-01
 6.740000E+02 9.176057E-01
 6.745000E+02 9.175662E-01
 6.750000E+02 9.175261E-01
 6.755000E+02 9.174878E-01
 6.760000E+02 9.174450E-01
 6.765000E+02 9.174016E-01
 6.770000E+02 9.173591E-01
 6.775000E+02 9.173177E-01
 6.780000E+02 9.172747E-01
 6.785000E+02 9.172295E-01
 6.790000E+02 9.171881E-01
 6.795000E+02 9.171452E-01
 6.800000E+02 9.171047E-01
 6.805000E+02 9.170626E-01
 6.810000E+02 9.170230E-01
 6.815000E+02 9.169815E-01
 6.820000E+02 9.169459E-01
 6.825000E+02 9.169060E-01
 6.830000E+02 9.168639E-01
 6.835000E+02 9.168239E-01
 6.840000E+02 9.167825E-01
 6.845000E+02 9.167409E-01
 6.850000E+02 9.167011E-01
 6.855000E+02 9.166579E-01
 6.860000E+02 9.166191E-01
 6.865000E+02 9.165874E-01
 6.870000E+02 9.165558E-01
 6.875000E+02 9.165343E-01
 6.880000E+02 9.165164E-01
 6.885000E+02 9.164933E-01
 6.890000E+02 9.164747E-01
 6.895000E+02 9.164487E-01
 6.900000E+02 9.164288E-01
 6.905000E+02 9.164097E-01
 6.910000E+02 9.163890E-01
 6.915000E+02 9.163653E-01
 6.920000E+02 9.163465E-01
 6.925000E+02 9.163270E-01
 6.930000E+02 9.163082E-01
 6.935000E+02 9.162903E-01
 6.940000E+02 9.162691E-01
 6.945000E+02 9.162492E-01
 6.950000E+02 9.162223E-01
 6.955000E+02 9.162034E-01
 6.960000E+02 9.161835E-01
 6.965000E+02 9.161653E-01
 6.970000E+02 9.161456E-01
 6.975000E+02 9.161289E-01
 6.980000E+02 9.161101E-01
 6.985000E+02 9.160933E-01
 6.990000E+02 9.160716E-01
 6.995000E+02 9.160531E-01
 7.000000E+02 9.160337E-01
