# time 'Ca' 'D34:75:137_PP2ACa' 'D34:75:137_PP2APCa' 'D34:75_PP2ACa' 'D34:75_PP2APCa' 'D75:137_PP2ACa' 'D75:137_PP2APCa' 'D75_PP2ACa' 'D75_PP2APCa' 'PP2ACa' 'PP2ACa_PKA' 'PP2APCa' 'PP2BinactiveCa2_1' 'PP2BinactiveCa2_2' 'PP2BinactiveCa2_3' 'PP2BinactiveCa2_4' 'PP2BinactiveCa2_5' 'PP2BinactiveCa2_6'
 0.000000E+00 0 0 0 0 0 0 0 0 0 0 0 0 0 0 0 0 0 0
 5.000000E-01 2 0 0 0 0 0 0 0 0 0 0 0 0 2 0 0 1 2
 1.000000E+00 2 0 0 0 0 0 0 0 0 0 0 0 0 3 0 1 1 1
 1.500000E+00 1 0 0 0 0 0 0 0 0 0 0 0 0 4 1 1 2 1
 2.000000E+00 3 0 0 0 0 0 0 0 0 0 0 0 0 5 1 2 3 2
 2.500000E+00 2 0 0 0 0 0 0 0 0 0 0 0 1 5 3 3 4 2
 3.000000E+00 1 0 0 0 0 0 0 0 0 0 0 0 1 7 2 4 3 3
 3.500000E+00 6 0 0 0 0 0 0 0 0 0 0 0 2 6 1 4 5 2
 4.000000E+00 3 0 0 0 0 0 0 0 0 0 0 0 2 6 1 6 6 3
 4.500000E+00 1 0 0 0 0 0 0 0 0 0 0 0 2 3 4 8 8 2
 5.000000E+00 3 0 0 0 0 0 0 0 0 0 0 0 0 4 6 10 8 5
 5.500000E+00 6 0 0 0 0 0 0 0 0 0 0 0 3 3 7 6 8 7
 6.000000E+00 7 0 0 0 0 0 0 0 0 0 0 0 5 6 8 4 6 5
 6.500000E+00 4 0 0 0 0 0 0 0 0 0 0 0 3 8 6 6 8 7
 7.000000E+00 3 0 0 0 0 0 0 0 0 0 0 0 6 9 4 10 9 5
 7.500000E+00 6 0 0 0 0 0 0 0 0 0 0 0 8 7 2 9 12 5
 8.000000E+00 8 0 0 0 0 0 0 0 0 0 0 0 10 8 5 9 9 6
 8.500000E+00 2 0 0 0 0 0 0 0 0 0 0 0 10 10 4 9 10 6
 9.000000E+00 3 0 0 0 0 0 0 0 0 0 0 0 8 13 6 7 11 7
 9.500000E+00 9 0 0 0 0 0 0 0 0 1 0 0 9 10 9 5 12 5
 1.000000E+01 4 0 0 0 0 0 0 0 0 1 0 0 7 13 10 10 7 5
 1.050000E+01 4 0 0 0 0 0 0 0 0 0 0 0 5 13 7 7 9 10
 1.100000E+01 7 0 0 0 0 0 0 0 0 0 0 0 9 9 8 11 10 13
 1.150000E+01 4 0 0 0 0 0 0 0 0 0 0 0 8 7 15 10 7 11
 1.200000E+01 3 0 0 0 0 0 0 0 0 0 0 0 9 6 15 9 12 7
 1.250000E+01 6 0 0 0 0 0 0 0 0 0 0 0 7 10 13 8 13 10
 1.300000E+01 5 0 0 0 0 0 0 0 0 0 0 0 7 11 14 9 14 10
 1.350000E+01 7 0 0 0 0 0 0 0 0 1 0 0 10 12 8 14 10 8
 1.400000E+01 5 0 0 0 0 0 0 0 0 1 0 0 11 9 8 9 10 13
 1.450000E+01 9 0 0 0 0 0 0 0 0 1 0 0 9 10 10 8 11 15
 1.500000E+01 9 0 0 0 0 0 0 0 0 0 0 0 10 9 10 12 19 12
 1.550000E+01 3 0 0 0 0 0 0 0 0 1 0 0 12 10 8 16 12 16
 1.600000E+01 8 0 0 0 0 0 0 0 0 0 0 0 11 17 7 12 12 15
 1.650000E+01 11 0 0 0 0 0 0 0 0 0 0 0 13 16 14 12 10 12
 1.700000E+01 7 0 0 0 0 0 0 0 0 0 0 0 12 17 17 11 10 14
 1.750000E+01 7 0 0 0 0 0 0 1 0 0 0 0 13 17 10 8 6 15
 1.800000E+01 7 0 0 0 0 0 0 0 0 0 0 0 12 10 10 11 8 16
 1.850000E+01 10 0 0 0 0 0 0 0 0 0 0 0 13 7 12 14 13 16
 1.900000E+01 6 0 0 0 0 0 0 0 0 0 0 0 15 13 12 16 15 14
 1.950000E+01 6 0 0 0 0 0 0 0 0 0 0 0 12 12 20 16 12 11
 2.000000E+01 6 0 0 0 0 0 0 0 0 0 0 0 11 16 15 11 10 12
 2.050000E+01 3 0 0 0 0 0 0 0 0 0 0 0 23 16 9 14 11 12
 2.100000E+01 6 0 0 0 0 0 0 0 0 0 0 0 22 11 20 5 11 11
 2.150000E+01 11 0 0 0 0 0 0 0 0 0 0 0 14 13 18 5 13 15
 2.200000E+01 10 0 0 0 0 0 0 0 0 0 0 0 15 16 17 12 9 11
 2.250000E+01 5 0 0 0 0 0 0 0 0 0 0 0 11 15 12 14 12 13
 2.300000E+01 7 0 0 0 0 0 0 0 0 0 0 0 12 15 14 13 15 8
 2.350000E+01 8 0 0 0 0 0 0 1 0 0 0 0 15 16 11 14 17 14
 2.400000E+01 8 0 0 0 0 0 0 0 0 0 0 0 12 13 12 17 18 13
 2.450000E+01 8 0 0 0 0 0 0 0 0 1 0 0 10 10 14 19 20 18
 2.500000E+01 4 0 0 0 0 0 0 0 0 1 0 0 10 14 18 17 15 15
 2.550000E+01 7 0 0 0 0 0 0 0 0 1 0 0 17 22 14 17 20 9
 2.600000E+01 11 0 0 0 0 0 0 1 0 1 0 0 19 21 17 9 12 18
 2.650000E+01 8 0 0 0 0 0 0 1 0 0 0 0 17 16 16 12 16 12
 2.700000E+01 8 0 0 0 0 0 0 0 0 0 0 0 19 25 15 14 13 12
 2.750000E+01 7 0 0 0 0 0 0 0 0 0 0 0 21 25 10 11 10 14
 2.800000E+01 6 0 0 0 0 0 0 0 0 1 0 0 18 25 8 14 18 20
 2.850000E+01 9 0 0 0 0 0 0 0 0 0 0 0 15 20 14 13 19 21
 2.900000E+01 5 0 0 0 0 0 0 0 0 0 0 0 18 19 15 7 22 18
 2.950000E+01 9 0 0 0 0 0 0 0 0 0 0 0 24 19 16 7 22 18
 3.000000E+01 7 0 0 0 0 0 0 0 0 0 0 0 18 19 12 10 19 16
 3.050000E+01 7 0 0 0 0 0 0 0 0 0 0 0 20 20 17 8 20 20
 3.100000E+01 6 0 0 0 0 0 0 1 0 0 0 0 20 19 20 15 18 16
 3.150000E+01 9 0 0 0 0 0 0 1 0 0 0 0 25 19 12 14 20 10
 3.200000E+01 7 0 0 0 0 0 0 0 0 1 0 0 25 15 13 18 15 23
 3.250000E+01 5 0 0 0 0 0 0 0 0 1 0 0 21 15 17 21 16 20
 3.300000E+01 12 0 0 0 0 0 0 0 0 0 0 0 19 11 18 20 19 14
 3.350000E+01 13 0 0 0 0 0 0 0 0 0 0 0 19 14 17 21 14 16
 3.400000E+01 10 0 0 0 0 0 0 0 0 0 0 0 23 13 17 19 14 14
 3.450000E+01 12 0 0 0 0 0 0 0 0 0 0 0 17 16 17 17 12 14
 3.500000E+01 9 0 0 0 0 0 0 0 0 0 0 0 15 15 19 14 18 20
 3.550000E+01 8 0 0 0 0 0 0 0 0 0 0 0 14 15 16 14 19 22
 3.600000E+01 9 0 0 0 0 0 0 0 0 0 0 0 14 18 11 17 26 18
 3.650000E+01 7 0 0 0 0 0 0 0 0 0 0 0 15 20 12 11 28 13
 3.700000E+01 6 0 0 0 0 0 0 0 0 0 0 0 18 15 13 13 19 12
 3.750000E+01 10 0 0 0 0 0 0 0 0 0 0 0 18 14 18 20 17 15
 3.800000E+01 9 0 0 0 0 0 0 0 0 0 0 0 20 14 17 15 15 18
 3.850000E+01 4 0 0 0 0 0 0 0 0 2 0 0 22 15 19 14 12 21
 3.900000E+01 3 0 0 0 0 0 0 0 0 1 0 0 20 16 20 17 11 18
 3.950000E+01 11 0 0 0 0 0 0 0 0 1 0 0 16 16 17 18 12 16
 4.000000E+01 12 0 0 0 0 0 0 0 0 1 0 0 14 21 18 18 16 14
 4.050000E+01 7 0 0 0 0 0 0 0 0 0 0 0 12 17 17 25 14 14
 4.100000E+01 9 0 0 0 0 0 0 0 0 0 0 0 13 16 14 23 14 14
 4.150000E+01 6 0 0 0 0 0 0 0 0 0 0 0 14 17 13 24 14 12
 4.200000E+01 12 0 0 0 0 0 0 0 0 0 0 0 15 13 8 18 16 14
 4.250000E+01 2 0 0 0 0 0 0 0 0 0 0 0 20 12 16 16 22 12
 4.300000E+01 9 0 0 0 0 0 0 0 0 1 0 0 14 13 16 19 21 14
 4.350000E+01 9 0 0 0 0 0 0 0 0 1 0 0 13 17 18 16 15 17
 4.400000E+01 6 0 0 0 0 0 0 1 0 0 0 0 12 20 18 20 18 12
 4.450000E+01 8 0 0 0 0 0 0 0 0 0 0 0 14 22 18 23 10 15
 4.500000E+01 4 0 0 0 0 0 0 0 0 0 0 0 12 24 19 18 10 21
 4.550000E+01 6 0 0 0 0 0 0 0 0 0 0 0 15 21 22 22 6 25
 4.600000E+01 6 0 0 0 0 0 0 0 0 0 0 0 13 20 22 15 4 30
 4.650000E+01 12 0 0 0 0 0 0 0 0 0 0 0 12 23 25 17 12 14
 4.700000E+01 9 0 0 0 0 0 0 0 0 0 0 0 20 20 19 14 14 8
 4.750000E+01 11 0 0 0 0 0 0 0 0 0 0 0 18 23 18 14 16 19
 4.800000E+01 5 0 0 0 0 0 0 0 0 0 0 0 20 21 17 18 15 17
 4.850000E+01 13 0 0 0 0 0 0 0 0 0 0 0 15 16 14 19 15 17
 4.900000E+01 11 0 0 0 0 0 0 0 0 0 0 0 17 14 15 13 17 20
 4.950000E+01 12 0 0 0 0 0 0 0 0 0 0 0 13 22 16 15 16 18
 5.000000E+01 9 0 0 0 0 0 0 0 0 0 0 0 10 21 16 16 20 21
 5.050000E+01 8 0 0 0 0 0 0 0 0 0 0 0 16 15 14 17 21 19
 5.100000E+01 4 0 0 0 0 0 0 0 0 0 0 0 14 16 21 26 13 15
 5.150000E+01 6 0 0 0 0 0 0 0 0 1 0 0 16 24 12 22 15 12
 5.200000E+01 6 0 0 0 0 0 0 0 0 0 0 0 20 15 17 22 10 13
 5.250000E+01 9 0 0 0 0 0 0 0 0 0 0 0 22 22 20 18 16 14
 5.300000E+01 10 0 0 0 0 0 0 0 0 0 0 0 21 21 17 21 14 16
 5.350000E+01 17 0 0 0 0 0 0 0 0 0 0 0 20 27 21 15 14 14
 5.400000E+01 11 0 0 0 0 0 0 0 0 0 0 0 18 21 20 10 18 19
 5.450000E+01 7 0 0 0 0 0 0 0 0 0 0 0 19 22 18 18 17 17
 5.500000E+01 11 0 0 0 0 0 0 0 0 0 0 0 14 21 18 17 16 27
 5.550000E+01 12 0 0 0 0 0 0 0 0 0 0 0 12 19 18 16 18 23
 5.600000E+01 10 0 0 0 0 0 0 0 0 0 0 0 22 20 21 21 21 19
 5.650000E+01 14 0 0 0 0 0 0 0 0 0 0 0 18 14 19 17 19 24
 5.700000E+01 9 0 0 0 0 0 0 0 0 0 0 0 25 16 19 14 22 19
 5.750000E+01 7 0 0 0 0 0 0 0 0 0 0 0 18 21 16 14 17 20
 5.800000E+01 8 0 0 0 0 0 0 0 0 0 0 0 17 25 20 15 17 18
 5.850000E+01 6 0 0 0 0 0 0 0 0 0 0 0 21 23 21 15 14 16
 5.900000E+01 6 0 0 0 0 0 0 0 0 0 0 0 20 23 21 17 13 13
 5.950000E+01 10 0 0 0 0 0 0 0 0 0 0 0 21 15 19 15 15 18
 6.000000E+01 10 0 0 0 0 0 0 0 0 0 0 0 25 19 20 12 17 17
 6.050000E+01 9 0 0 0 0 0 0 0 0 0 0 0 17 13 17 12 23 20
 6.100000E+01 12 0 0 0 0 0 0 0 0 0 0 0 21 20 20 19 17 14
 6.150000E+01 9 0 0 0 0 0 0 0 0 0 0 0 18 17 16 20 22 22
 6.200000E+01 4 0 0 0 0 0 0 0 0 0 0 0 15 14 12 17 22 28
 6.250000E+01 7 0 0 0 0 0 0 0 0 0 0 0 14 8 10 23 18 22
 6.300000E+01 15 0 0 0 0 0 0 0 0 0 0 0 22 17 9 19 18 23
 6.350000E+01 12 0 0 0 0 0 0 0 0 0 0 0 17 22 13 12 20 13
 6.400000E+01 9 0 0 0 0 0 0 0 0 0 0 0 20 20 13 14 16 17
 6.450000E+01 14 0 0 0 0 0 0 0 0 0 0 0 17 20 12 14 18 17
 6.500000E+01 6 0 0 0 0 0 0 0 0 0 0 0 12 17 16 25 22 21
 6.550000E+01 7 0 0 0 0 0 0 0 0 0 0 0 10 18 17 18 18 21
 6.600000E+01 5 0 0 0 0 0 0 0 0 0 0 0 17 18 19 15 15 15
 6.650000E+01 8 0 0 0 0 0 0 1 0 0 0 0 14 16 19 17 20 15
 6.700000E+01 10 0 0 0 0 0 0 0 0 0 0 0 20 19 18 15 15 12
 6.750000E+01 10 0 0 0 0 0 0 0 0 1 0 0 19 17 18 18 17 20
 6.800000E+01 9 0 0 0 0 0 0 1 0 0 0 0 12 21 19 18 17 19
 6.850000E+01 5 0 0 0 0 0 0 0 0 1 0 0 10 17 23 13 17 19
 6.900000E+01 9 0 0 0 0 0 0 0 0 0 0 0 12 15 16 15 21 21
 6.950000E+01 10 0 0 0 0 0 0 0 0 0 0 0 14 14 15 16 27 18
 7.000000E+01 3 0 0 0 0 0 0 0 0 0 0 0 19 19 14 13 21 19
 7.050000E+01 8 0 0 0 0 0 0 0 0 1 0 0 15 21 13 15 19 17
 7.100000E+01 6 0 0 0 0 0 0 1 0 1 0 0 17 22 13 14 19 18
 7.150000E+01 11 0 0 0 0 0 0 0 0 0 0 0 14 23 14 15 22 15
 7.200000E+01 6 0 0 0 0 0 0 0 0 0 0 0 14 22 19 13 23 18
 7.250000E+01 13 0 0 0 0 0 0 0 0 0 0 0 15 20 14 19 19 16
 7.300000E+01 7 0 0 0 0 0 0 0 0 1 0 0 19 22 16 18 14 10
 7.350000E+01 7 0 0 0 0 0 0 0 0 0 0 0 16 21 22 16 16 11
 7.400000E+01 10 0 0 0 0 0 0 0 0 1 0 0 23 18 16 11 15 21
 7.450000E+01 8 0 0 0 0 0 0 0 0 0 0 0 17 21 17 17 10 27
 7.500000E+01 9 0 0 0 0 0 0 0 0 0 0 0 21 15 21 17 10 23
 7.550000E+01 6 0 0 0 0 0 0 0 0 0 0 0 18 12 24 14 14 20
 7.600000E+01 9 0 0 0 0 0 0 0 0 0 0 0 21 10 20 18 15 16
 7.650000E+01 4 0 0 0 0 0 0 0 0 0 0 0 22 14 14 20 17 17
 7.700000E+01 7 0 0 0 0 0 0 0 0 0 0 0 23 21 17 19 22 15
 7.750000E+01 6 0 0 0 0 0 0 0 0 0 0 0 26 10 19 11 17 11
 7.800000E+01 4 0 0 0 0 0 0 0 0 0 0 0 19 22 22 11 11 13
 7.850000E+01 11 0 0 0 0 0 0 0 0 0 0 0 17 19 15 16 16 17
 7.900000E+01 10 0 0 0 0 0 0 0 0 0 0 0 19 15 15 13 13 20
 7.950000E+01 6 0 0 0 0 0 0 0 0 0 0 0 19 18 16 15 16 25
 8.000000E+01 8 0 0 0 0 0 0 0 0 0 0 0 18 19 13 19 20 18
 8.050000E+01 9 0 0 0 0 0 0 0 0 0 0 0 19 18 16 18 15 13
 8.100000E+01 13 0 0 0 0 0 0 0 0 0 0 0 17 15 20 13 15 12
 8.150000E+01 6 0 0 0 0 0 0 0 0 0 0 0 16 17 17 15 16 15
 8.200000E+01 9 0 0 0 0 0 0 0 0 0 0 0 17 13 17 17 16 20
 8.250000E+01 9 0 0 0 0 0 0 0 0 0 0 0 14 18 15 20 16 21
 8.300000E+01 10 0 0 0 0 0 0 0 0 0 0 0 19 21 16 10 14 24
 8.350000E+01 4 0 0 0 0 0 0 0 0 0 0 0 17 17 12 14 20 26
 8.400000E+01 14 0 0 0 0 0 0 0 0 0 0 0 21 14 18 14 17 20
 8.450000E+01 5 0 0 0 0 0 0 0 0 0 0 0 14 14 14 18 21 21
 8.500000E+01 8 0 0 0 0 0 0 0 0 0 0 0 17 18 17 15 17 23
 8.550000E+01 8 0 0 0 0 0 0 0 0 1 0 0 14 17 11 17 19 25
 8.600000E+01 11 0 0 0 0 0 0 0 0 2 0 0 18 14 15 21 16 14
 8.650000E+01 8 0 0 0 0 0 0 0 0 0 0 0 13 21 9 24 10 24
 8.700000E+01 3 0 0 0 0 0 0 0 0 0 0 0 18 10 19 25 13 16
 8.750000E+01 12 0 0 0 0 0 0 0 0 1 0 0 19 15 12 19 17 14
 8.800000E+01 8 0 0 0 0 0 0 1 0 0 0 0 24 10 20 16 21 14
 8.850000E+01 8 0 0 0 0 0 0 0 0 1 0 0 16 14 20 18 21 12
 8.900000E+01 10 0 0 0 0 0 0 0 0 0 0 0 15 13 15 31 11 15
 8.950000E+01 7 0 0 0 0 0 0 0 0 1 0 0 22 19 17 28 17 15
 9.000000E+01 8 0 0 0 0 0 0 1 0 1 0 0 20 21 12 21 17 16
 9.050000E+01 11 0 0 0 0 0 0 0 0 1 0 0 21 19 12 19 15 21
 9.100000E+01 12 0 0 0 0 0 0 0 0 1 0 0 22 19 11 23 18 13
 9.150000E+01 6 0 0 0 0 0 0 0 0 0 0 0 17 18 11 27 14 14
 9.200000E+01 13 0 0 0 0 0 0 0 0 0 0 0 19 18 14 14 15 17
 9.250000E+01 12 0 0 0 0 0 0 0 0 0 0 0 18 20 20 22 14 14
 9.300000E+01 9 0 0 0 0 0 0 0 0 0 0 0 20 11 21 15 21 15
 9.350000E+01 6 0 0 0 0 0 0 0 0 0 0 0 17 19 25 14 14 15
 9.400000E+01 12 0 0 0 0 0 0 0 0 0 0 0 19 17 20 16 17 15
 9.450000E+01 13 0 0 0 0 0 0 0 0 0 0 0 11 14 20 21 23 15
 9.500000E+01 7 0 0 0 0 0 0 0 0 0 0 0 12 17 24 17 20 19
 9.550000E+01 6 0 0 0 0 0 0 0 0 0 0 0 21 16 15 13 25 21
 9.600000E+01 14 0 0 0 0 0 0 0 0 0 0 0 16 17 18 13 20 18
 9.650000E+01 15 0 0 0 0 0 0 0 0 0 0 0 18 15 20 19 21 14
 9.700000E+01 8 0 0 0 0 0 0 0 0 0 0 0 23 15 18 14 19 20
 9.750000E+01 3 0 0 0 0 0 0 0 0 0 0 0 17 16 19 12 22 23
 9.800000E+01 8 0 0 0 0 0 0 0 0 0 0 0 16 18 18 16 22 17
 9.850000E+01 8 0 0 0 0 0 0 0 0 2 0 0 19 25 21 14 16 16
 9.900000E+01 6 0 0 0 0 0 0 0 0 2 0 0 20 16 19 15 18 17
 9.950000E+01 8 0 0 0 0 0 0 0 0 1 0 0 19 14 12 19 17 23
 1.000000E+02 10 0 0 0 0 0 0 1 0 0 0 0 10 11 19 15 22 23
 1.005000E+02 12 0 0 0 0 0 0 0 0 0 0 0 13 21 22 20 11 15
 1.010000E+02 8 0 0 0 0 0 0 0 0 0 0 0 18 21 19 16 15 16
 1.015000E+02 7 0 0 0 0 0 0 0 0 0 0 0 15 23 19 15 20 14
 1.020000E+02 9 0 0 0 0 0 0 0 0 0 0 0 16 24 27 9 23 9
 1.025000E+02 11 0 0 0 0 0 0 0 0 0 0 0 18 14 20 17 22 13
 1.030000E+02 8 0 0 0 0 0 0 0 0 0 0 0 14 20 16 23 20 12
 1.035000E+02 7 0 0 0 0 0 0 0 0 0 0 0 21 20 19 21 18 13
 1.040000E+02 11 0 0 0 0 0 0 0 0 0 0 0 24 11 21 20 15 13
 1.045000E+02 5 0 0 0 0 0 0 0 0 0 0 0 18 12 19 25 12 14
 1.050000E+02 14 0 0 0 0 0 0 0 0 0 0 0 19 11 18 28 13 15
 1.055000E+02 17 0 0 0 0 0 0 0 0 0 0 0 14 21 15 26 25 12
 1.060000E+02 9 0 0 0 0 0 0 0 0 0 0 0 13 19 17 20 23 18
 1.065000E+02 10 0 0 0 0 0 0 0 0 0 0 0 17 18 21 19 22 12
 1.070000E+02 5 0 0 0 0 0 0 0 0 0 0 0 17 11 23 23 21 17
 1.075000E+02 11 0 0 0 0 0 0 0 0 0 0 0 15 16 17 23 19 23
 1.080000E+02 9 0 0 0 0 0 0 0 0 0 0 0 19 16 20 17 14 21
 1.085000E+02 3 0 0 0 0 0 0 0 0 1 0 0 14 15 24 21 11 23
 1.090000E+02 7 0 0 0 0 0 0 0 0 0 0 0 18 22 15 14 18 19
 1.095000E+02 8 0 0 0 0 0 0 0 0 1 0 0 23 20 16 15 17 21
 1.100000E+02 11 0 0 0 0 0 0 0 0 1 0 0 14 21 12 16 18 21
 1.105000E+02 12 0 0 0 0 0 0 0 0 0 0 0 14 14 20 15 21 17
 1.110000E+02 7 0 0 0 0 0 0 0 0 0 0 0 16 15 21 16 22 17
 1.115000E+02 5 0 0 0 0 0 0 0 0 0 0 0 20 13 23 18 18 13
 1.120000E+02 9 0 0 0 0 0 0 0 0 0 0 0 27 13 20 14 20 18
 1.125000E+02 7 0 0 0 0 0 0 0 0 0 0 0 27 14 22 18 16 17
 1.130000E+02 13 0 0 0 0 0 0 0 0 0 0 0 24 15 25 17 16 17
 1.135000E+02 7 0 0 0 0 0 0 0 0 0 0 0 24 15 22 20 21 14
 1.140000E+02 10 0 0 0 0 0 0 0 0 0 0 0 20 23 16 16 21 15
 1.145000E+02 9 0 0 0 0 0 0 0 0 2 0 0 22 21 11 19 22 16
 1.150000E+02 9 0 0 0 0 0 0 0 0 1 0 0 13 19 15 25 19 17
 1.155000E+02 11 0 0 0 0 0 0 0 0 1 0 0 15 14 15 22 19 15
 1.160000E+02 8 0 0 0 0 0 0 0 0 1 0 0 22 18 14 17 22 21
 1.165000E+02 5 0 0 0 0 0 0 0 0 0 0 0 20 19 13 15 22 22
 1.170000E+02 10 0 0 0 0 0 0 0 0 0 0 0 20 16 21 19 17 23
 1.175000E+02 6 0 0 0 0 0 0 0 0 0 0 0 21 20 21 20 16 18
 1.180000E+02 10 0 0 0 0 0 0 0 0 0 0 0 20 14 19 19 18 22
 1.185000E+02 9 0 0 0 0 0 0 0 0 0 0 0 17 17 21 13 17 23
 1.190000E+02 13 0 0 0 0 0 0 1 0 0 0 0 18 19 23 19 13 20
 1.195000E+02 11 0 0 0 0 0 0 0 0 1 0 0 20 21 19 22 24 20
 1.200000E+02 12 0 0 0 0 0 0 0 0 1 0 0 19 25 19 14 20 23
 1.205000E+02 8 0 0 0 0 0 0 0 0 0 0 0 20 25 29 14 16 20
 1.210000E+02 10 0 0 0 0 0 0 0 0 0 0 0 18 20 29 14 22 10
 1.215000E+02 5 0 0 0 0 0 0 0 0 0 0 0 23 17 20 17 20 18
 1.220000E+02 6 0 0 0 0 0 0 0 0 0 0 0 18 23 22 23 15 22
 1.225000E+02 6 0 0 0 0 0 0 0 0 0 0 0 18 18 21 23 24 11
 1.230000E+02 13 0 0 0 0 0 0 1 0 0 0 0 17 23 23 15 23 11
 1.235000E+02 12 0 0 0 0 0 0 1 0 0 0 0 18 30 19 15 24 10
 1.240000E+02 7 0 0 0 0 0 0 0 0 1 0 0 21 21 14 18 30 12
 1.245000E+02 15 0 0 0 0 0 0 0 0 1 0 0 19 15 15 17 25 17
 1.250000E+02 15 0 0 0 0 0 0 0 0 1 0 0 21 18 16 21 19 14
 1.255000E+02 13 0 0 0 0 0 0 1 0 0 0 0 19 19 14 17 17 12
 1.260000E+02 7 0 0 0 0 0 0 0 0 1 0 0 17 14 16 21 19 17
 1.265000E+02 13 0 0 0 0 0 0 1 0 2 0 0 20 11 12 24 15 23
 1.270000E+02 7 0 0 0 0 0 0 1 0 1 0 0 20 13 19 31 14 22
 1.275000E+02 10 0 0 0 0 0 0 0 0 2 0 0 18 16 19 22 15 17
 1.280000E+02 13 0 0 0 0 0 0 1 0 1 0 0 15 16 20 20 18 19
 1.285000E+02 8 0 0 0 0 0 0 0 0 1 0 0 10 14 21 24 26 21
 1.290000E+02 16 0 0 0 0 0 0 0 0 0 0 0 11 19 18 18 19 26
 1.295000E+02 5 0 0 0 0 0 0 0 0 0 0 0 14 23 14 18 17 23
 1.300000E+02 9 0 0 0 0 0 0 0 0 0 0 0 16 22 15 22 17 17
 1.305000E+02 10 0 0 0 0 0 0 0 0 1 0 0 17 18 18 21 19 17
 1.310000E+02 11 0 0 0 0 0 0 0 0 1 0 0 22 17 20 14 18 19
 1.315000E+02 8 0 0 0 0 0 0 0 0 1 0 0 15 11 13 12 24 22
 1.320000E+02 5 0 0 0 0 0 0 1 0 0 0 0 24 19 15 17 24 21
 1.325000E+02 7 0 0 0 0 0 0 0 0 2 0 0 24 19 14 18 18 16
 1.330000E+02 14 0 0 0 0 0 0 1 0 0 0 0 21 24 15 14 17 17
 1.335000E+02 10 0 0 0 0 0 0 0 0 1 0 0 25 17 19 16 18 20
 1.340000E+02 11 0 0 0 0 0 0 1 0 0 0 0 24 16 19 12 15 18
 1.345000E+02 8 0 0 0 0 0 0 0 0 1 0 0 23 20 18 10 15 26
 1.350000E+02 14 0 0 0 0 0 0 0 0 1 0 0 22 20 11 17 12 20
 1.355000E+02 13 0 0 0 0 0 0 0 0 0 0 0 19 19 19 16 17 17
 1.360000E+02 9 0 0 0 0 0 0 0 0 0 0 0 19 22 15 19 17 15
 1.365000E+02 16 0 0 0 0 0 0 0 0 0 0 0 14 17 15 21 21 18
 1.370000E+02 14 0 0 0 0 0 0 0 0 0 0 0 18 20 14 20 22 13
 1.375000E+02 4 0 0 0 0 0 0 0 0 0 0 0 13 26 12 16 18 17
 1.380000E+02 13 0 0 0 0 0 0 0 0 1 0 0 18 13 17 22 14 10
 1.385000E+02 16 0 0 0 0 0 0 0 0 0 0 0 24 17 11 13 20 17
 1.390000E+02 10 0 0 0 0 0 0 0 0 0 0 0 19 16 16 23 20 12
 1.395000E+02 7 0 0 0 0 0 0 0 0 0 0 0 18 18 18 15 21 17
 1.400000E+02 8 0 0 0 0 0 0 0 0 1 0 0 24 20 22 10 19 11
 1.405000E+02 9 0 0 0 0 0 0 0 0 2 0 0 18 23 13 19 15 10
 1.410000E+02 7 0 0 0 0 0 0 0 0 0 0 0 21 18 13 23 14 18
 1.415000E+02 9 0 0 0 0 0 0 0 0 0 0 0 18 18 14 20 15 16
 1.420000E+02 9 0 0 0 0 0 0 0 0 0 0 0 19 13 12 19 22 17
 1.425000E+02 15 0 0 0 0 0 0 0 0 0 0 0 19 10 19 16 22 16
 1.430000E+02 10 0 0 0 0 0 0 0 0 0 0 0 18 10 21 13 18 14
 1.435000E+02 7 0 0 0 0 0 0 0 0 0 0 0 15 14 20 13 22 25
 1.440000E+02 12 0 0 0 0 0 0 0 0 0 0 0 18 20 21 15 15 20
 1.445000E+02 15 0 0 0 0 0 0 0 0 0 0 0 19 24 19 10 17 15
 1.450000E+02 6 0 0 0 0 0 0 0 0 0 0 0 14 25 18 21 18 13
 1.455000E+02 11 0 0 0 0 0 0 0 0 0 0 0 11 22 22 19 20 11
 1.460000E+02 10 0 0 0 0 0 0 0 0 0 0 0 17 20 20 14 17 21
 1.465000E+02 10 0 0 0 0 0 0 0 0 1 0 0 11 18 21 9 18 23
 1.470000E+02 7 0 0 0 0 0 0 0 0 0 0 0 17 24 21 18 12 16
 1.475000E+02 5 0 0 0 0 0 0 0 0 0 0 0 11 23 17 18 20 19
 1.480000E+02 8 0 0 0 0 0 0 0 0 0 0 0 10 15 19 18 27 19
 1.485000E+02 11 0 0 0 0 0 0 0 0 0 0 0 10 17 16 18 17 17
 1.490000E+02 8 0 0 0 0 0 0 0 0 0 0 0 11 16 18 15 21 12
 1.495000E+02 10 0 0 0 0 0 0 1 0 0 0 0 16 17 19 16 17 15
 1.500000E+02 9 0 0 0 0 0 0 0 0 1 0 0 15 17 19 25 15 14
 1.505000E+02 8 0 0 0 0 0 0 0 0 1 0 0 13 19 21 22 14 15
 1.510000E+02 9 0 0 0 0 0 0 0 0 0 0 0 14 18 25 16 16 14
 1.515000E+02 8 0 0 0 0 0 0 0 0 0 0 0 17 18 18 14 17 17
 1.520000E+02 9 0 0 0 0 0 0 0 0 0 0 0 12 21 15 17 15 17
 1.525000E+02 6 0 0 0 0 0 0 0 0 0 0 0 19 20 16 14 21 15
 1.530000E+02 12 0 0 0 0 0 0 0 0 0 0 0 22 20 14 17 13 21
 1.535000E+02 7 0 0 0 0 0 0 0 0 0 0 0 21 18 11 16 16 19
 1.540000E+02 9 0 0 0 0 0 0 0 0 1 0 0 17 12 18 24 16 15
 1.545000E+02 8 0 0 0 0 0 0 0 0 0 0 0 16 10 18 20 15 16
 1.550000E+02 0 0 0 0 0 0 0 0 0 0 0 0 20 19 21 14 18 13
 1.555000E+02 14 0 0 0 0 0 0 0 0 0 0 0 14 20 17 14 17 16
 1.560000E+02 10 0 0 0 0 0 0 0 0 0 0 0 15 16 17 16 13 19
 1.565000E+02 10 0 0 0 0 0 0 0 0 0 0 0 14 13 17 22 15 17
 1.570000E+02 8 0 0 0 0 0 0 0 0 0 0 0 14 9 13 24 15 25
 1.575000E+02 9 0 0 0 0 0 0 0 0 1 0 0 15 16 19 25 12 22
 1.580000E+02 5 0 0 0 0 0 0 0 0 1 0 0 15 17 15 20 15 22
 1.585000E+02 7 0 0 0 0 0 0 0 0 0 0 0 13 17 18 18 15 20
 1.590000E+02 4 0 0 0 0 0 0 0 0 0 0 0 17 13 16 19 16 18
 1.595000E+02 11 0 0 0 0 0 0 0 0 1 0 0 16 11 15 19 22 19
 1.600000E+02 9 0 0 0 0 0 0 0 0 0 0 0 15 17 16 13 22 19
 1.605000E+02 12 0 0 0 0 0 0 0 0 0 0 0 11 12 18 19 22 23
 1.610000E+02 10 0 0 0 0 0 0 0 0 0 0 0 13 16 15 20 20 26
 1.615000E+02 5 0 0 0 0 0 0 0 0 0 0 0 23 17 19 20 14 24
 1.620000E+02 7 0 0 0 0 0 0 0 0 0 0 0 17 17 22 17 13 23
 1.625000E+02 11 0 0 0 0 0 0 0 0 0 0 0 14 21 13 18 20 21
 1.630000E+02 5 0 0 0 0 0 0 0 0 0 0 0 18 20 12 22 20 14
 1.635000E+02 9 0 0 0 0 0 0 0 0 0 0 0 17 20 9 18 24 9
 1.640000E+02 15 0 0 0 0 0 0 0 0 0 0 0 20 17 16 21 16 12
 1.645000E+02 9 0 0 0 0 0 0 0 0 0 0 0 16 22 23 14 20 14
 1.650000E+02 8 0 0 0 0 0 0 0 0 0 0 0 21 21 22 18 17 11
 1.655000E+02 12 0 0 0 0 0 0 0 0 0 0 0 16 20 17 15 24 12
 1.660000E+02 12 0 0 0 0 0 0 0 0 0 0 0 13 26 16 15 22 16
 1.665000E+02 8 0 0 0 0 0 0 0 0 0 0 0 22 18 17 18 15 18
 1.670000E+02 2 0 0 0 0 0 0 0 0 0 0 0 23 15 15 18 18 16
 1.675000E+02 7 0 0 0 0 0 0 0 0 0 0 0 24 11 18 18 21 17
 1.680000E+02 9 0 0 0 0 0 0 0 0 0 0 0 21 16 22 16 22 16
 1.685000E+02 10 0 0 0 0 0 0 0 0 0 0 0 18 21 21 14 18 14
 1.690000E+02 22 0 0 0 0 0 0 0 0 0 0 0 15 20 19 19 17 16
 1.695000E+02 10 0 0 0 0 0 0 0 0 0 0 0 16 21 17 17 17 19
 1.700000E+02 6 0 0 0 0 0 0 0 0 0 0 0 15 20 20 15 9 15
 1.705000E+02 4 0 0 0 0 0 0 0 0 0 0 0 12 21 18 22 17 15
 1.710000E+02 9 0 0 0 0 0 0 0 0 0 0 0 14 22 16 21 20 16
 1.715000E+02 11 0 0 0 0 0 0 0 0 0 0 0 19 18 12 23 18 14
 1.720000E+02 7 0 0 0 0 0 0 0 0 0 0 0 22 19 17 14 18 21
 1.725000E+02 7 0 0 0 0 0 0 0 0 0 0 0 12 24 23 17 14 24
 1.730000E+02 8 0 0 0 0 0 0 0 0 0 0 0 17 26 23 24 10 17
 1.735000E+02 4 0 0 0 0 0 0 0 0 0 0 0 9 18 19 26 12 18
 1.740000E+02 9 0 0 0 0 0 0 0 0 0 0 0 17 18 14 27 11 22
 1.745000E+02 12 0 0 0 0 0 0 0 0 0 0 0 15 14 19 21 11 15
 1.750000E+02 10 0 0 0 0 0 0 1 0 0 0 0 15 11 18 25 12 17
 1.755000E+02 11 0 0 0 0 0 0 0 0 1 0 0 14 18 15 19 16 17
 1.760000E+02 12 0 0 0 0 0 0 0 0 0 0 0 18 23 18 18 13 16
 1.765000E+02 9 0 0 0 0 0 0 0 0 0 0 0 15 19 21 18 15 20
 1.770000E+02 9 0 0 0 0 0 0 0 0 0 0 0 19 18 21 19 15 22
 1.775000E+02 8 0 0 0 0 0 0 0 0 0 0 0 18 16 21 17 12 12
 1.780000E+02 13 0 0 0 0 0 0 0 0 1 0 0 15 15 15 22 17 18
 1.785000E+02 3 0 0 0 0 0 0 0 0 0 0 0 14 15 11 26 17 22
 1.790000E+02 7 0 0 0 0 0 0 0 0 0 0 0 13 17 16 27 17 21
 1.795000E+02 11 0 0 0 0 0 0 0 0 0 0 0 18 17 16 23 14 16
 1.800000E+02 9 0 0 0 0 0 0 0 0 0 0 0 11 11 16 28 20 22
 1.805000E+02 6 0 0 0 0 0 0 0 0 1 0 0 20 14 16 17 20 15
 1.810000E+02 17 0 0 0 0 0 0 0 0 0 0 0 8 13 20 18 21 22
 1.815000E+02 6 0 0 0 0 0 0 0 0 0 0 0 19 15 20 16 14 18
 1.820000E+02 7 0 0 0 0 0 0 0 0 0 0 0 15 17 24 16 24 19
 1.825000E+02 16 0 0 0 0 0 0 0 0 0 0 0 21 20 22 15 34 11
 1.830000E+02 18 0 0 0 0 0 0 0 0 0 0 0 12 19 12 17 33 17
 1.835000E+02 14 0 0 0 0 0 0 0 0 0 0 0 16 19 12 15 27 25
 1.840000E+02 8 0 0 0 0 0 0 0 0 0 0 0 16 21 18 14 23 21
 1.845000E+02 8 0 0 0 0 0 0 0 0 0 0 0 18 16 17 20 18 27
 1.850000E+02 11 0 0 0 0 0 0 0 0 0 0 0 16 20 21 18 18 24
 1.855000E+02 9 0 0 0 0 0 0 0 0 0 0 0 19 19 26 17 19 19
 1.860000E+02 7 0 0 0 0 0 0 0 0 0 0 0 17 18 19 20 18 23
 1.865000E+02 13 0 0 0 0 0 0 0 0 0 0 0 15 17 17 16 19 18
 1.870000E+02 9 0 0 0 0 0 0 0 0 1 0 0 13 19 18 19 16 22
 1.875000E+02 14 0 0 0 0 0 0 0 0 1 0 0 20 10 22 17 14 15
 1.880000E+02 11 0 0 0 0 0 0 1 0 0 0 0 23 13 21 21 27 15
 1.885000E+02 12 0 0 0 0 0 0 0 0 1 0 0 19 14 23 23 17 14
 1.890000E+02 12 0 0 0 0 0 0 0 0 1 0 0 20 19 21 20 14 15
 1.895000E+02 7 0 0 0 0 0 0 0 0 1 0 0 18 8 16 26 18 20
 1.900000E+02 14 0 0 0 0 0 0 0 0 0 0 0 17 15 17 25 21 18
 1.905000E+02 9 0 0 0 0 0 0 0 0 0 0 0 15 14 22 21 22 17
 1.910000E+02 11 0 0 0 0 0 0 0 0 0 0 0 18 15 14 16 19 16
 1.915000E+02 9 0 0 0 0 0 0 0 0 1 0 0 22 14 16 21 19 17
 1.920000E+02 4 0 0 0 0 0 0 0 0 0 0 0 11 18 20 22 20 21
 1.925000E+02 10 0 0 0 0 0 0 0 0 0 0 0 15 15 19 17 24 18
 1.930000E+02 9 0 0 0 0 0 0 0 0 0 0 0 17 14 20 21 17 18
 1.935000E+02 13 0 0 0 0 0 0 0 0 0 0 0 13 14 18 20 20 18
 1.940000E+02 8 0 0 0 0 0 0 0 0 0 0 0 13 18 14 21 24 23
 1.945000E+02 9 0 0 0 0 0 0 0 0 0 0 0 11 21 21 21 21 22
 1.950000E+02 14 0 0 0 0 0 0 0 0 0 0 0 14 12 13 17 14 29
 1.955000E+02 6 0 0 0 0 0 0 0 0 0 0 0 12 15 17 20 13 23
 1.960000E+02 7 0 0 0 0 0 0 0 0 0 0 0 13 21 13 19 23 18
 1.965000E+02 17 0 0 0 0 0 0 0 0 0 0 0 15 21 14 20 23 20
 1.970000E+02 6 0 0 0 0 0 0 0 0 0 0 0 17 23 11 11 21 16
 1.975000E+02 8 0 0 0 0 0 0 0 0 0 0 0 15 23 16 13 23 20
 1.980000E+02 7 0 0 0 0 0 0 0 0 0 0 0 17 14 18 16 18 20
 1.985000E+02 7 0 0 0 0 0 0 0 0 0 0 0 23 10 13 18 18 26
 1.990000E+02 8 0 0 0 0 0 0 0 0 0 0 0 21 15 16 18 12 20
 1.995000E+02 13 0 0 0 0 0 0 0 0 0 0 0 21 17 28 17 12 18
 2.000000E+02 10 0 0 0 0 0 0 0 0 0 0 0 19 17 16 12 16 17
 2.005000E+02 6 0 0 0 0 0 0 0 0 0 0 0 22 15 18 18 10 22
 2.010000E+02 10 0 0 0 0 0 0 0 0 0 0 0 18 11 18 16 15 14
 2.015000E+02 5 0 0 0 0 0 0 0 0 0 0 0 19 15 16 13 17 17
 2.020000E+02 11 0 0 0 0 0 0 0 0 0 0 0 21 17 12 15 20 16
 2.025000E+02 10 0 0 0 0 0 0 0 0 0 0 0 13 20 12 18 20 11
 2.030000E+02 7 0 0 0 0 0 0 0 0 0 0 0 10 16 17 20 15 18
 2.035000E+02 6 0 0 0 0 0 0 0 0 0 0 0 12 16 18 20 14 18
 2.040000E+02 6 0 0 0 0 0 0 0 0 0 0 0 9 18 17 17 7 21
 2.045000E+02 6 0 0 0 0 0 0 0 0 0 0 0 14 11 22 7 14 22
 2.050000E+02 5 0 0 0 0 0 0 0 0 0 0 0 16 16 21 8 17 19
 2.055000E+02 7 0 0 0 0 0 0 1 0 0 0 0 17 15 20 15 17 15
 2.060000E+02 5 0 0 0 0 0 0 0 0 0 0 1 24 19 22 17 13 14
 2.065000E+02 6 0 0 0 0 0 0 0 0 0 1 0 20 9 22 16 14 16
 2.070000E+02 6 0 0 0 0 0 0 0 0 0 0 0 17 12 30 16 14 13
 2.075000E+02 12 0 0 0 0 0 0 0 0 0 0 0 17 14 26 14 17 14
 2.080000E+02 7 0 0 0 0 0 0 0 0 0 0 0 10 17 23 18 17 17
 2.085000E+02 7 0 0 0 0 0 0 0 0 0 0 0 15 19 16 23 16 15
 2.090000E+02 12 0 0 0 0 0 0 0 0 0 0 0 16 22 18 21 14 20
 2.095000E+02 7 0 0 0 0 0 0 0 0 0 0 0 12 19 10 19 13 23
 2.100000E+02 10 0 0 0 0 0 0 0 0 0 0 0 19 14 12 10 14 16
 2.105000E+02 8 0 0 0 0 0 0 0 0 0 0 0 20 15 23 16 20 16
 2.110000E+02 9 0 0 0 0 0 0 0 0 0 0 0 13 13 18 21 11 21
 2.115000E+02 14 0 0 0 0 0 0 0 0 0 0 0 10 20 15 17 14 17
 2.120000E+02 4 0 0 0 0 0 0 0 0 0 0 0 18 12 12 18 13 19
 2.125000E+02 14 0 0 0 0 0 0 0 0 0 0 0 14 17 16 14 16 18
 2.130000E+02 9 0 0 1 0 0 0 0 0 0 0 0 16 13 16 18 8 17
 2.135000E+02 7 0 0 0 0 0 0 0 0 1 0 0 21 10 16 26 12 12
 2.140000E+02 2 0 0 0 0 0 0 0 0 0 0 0 26 16 14 19 13 16
 2.145000E+02 9 0 0 0 0 0 0 0 0 0 0 0 20 13 14 16 14 14
 2.150000E+02 9 0 0 0 0 0 0 0 0 0 0 0 16 16 14 14 17 12
 2.155000E+02 11 0 0 0 0 0 0 0 0 0 0 0 16 17 9 15 14 11
 2.160000E+02 9 0 0 0 0 0 0 0 0 0 0 0 13 23 11 11 9 19
 2.165000E+02 15 0 0 0 0 0 0 0 0 0 0 0 17 24 10 18 7 17
 2.170000E+02 7 0 0 0 0 0 0 0 0 0 0 0 21 22 12 16 17 16
 2.175000E+02 14 0 0 0 0 0 0 0 0 0 0 0 17 18 12 19 13 20
 2.180000E+02 8 0 0 0 0 0 0 0 0 0 0 0 20 14 17 16 16 17
 2.185000E+02 7 0 0 0 0 0 0 0 0 0 0 0 27 14 19 13 13 17
 2.190000E+02 11 0 0 0 0 0 0 0 0 0 0 0 24 15 21 13 9 15
 2.195000E+02 7 0 0 0 0 0 0 0 0 1 0 0 17 16 17 18 10 15
 2.200000E+02 6 0 0 1 0 0 0 0 0 0 0 0 19 17 18 15 14 14
 2.205000E+02 12 0 0 0 0 0 0 0 0 0 0 0 11 11 27 21 13 11
 2.210000E+02 10 0 0 0 0 0 0 0 0 0 0 0 12 15 24 14 12 10
 2.215000E+02 11 0 0 0 0 0 0 0 0 0 1 0 15 16 21 23 11 9
 2.220000E+02 7 0 0 0 0 0 0 0 0 0 0 0 13 19 14 15 12 8
 2.225000E+02 3 0 0 0 0 0 0 0 0 0 0 0 15 13 12 22 12 8
 2.230000E+02 6 0 0 0 0 0 0 0 0 0 0 0 10 17 16 19 17 11
 2.235000E+02 14 0 0 0 0 0 0 0 0 0 0 0 13 17 21 19 13 16
 2.240000E+02 7 0 0 0 0 0 0 0 0 0 0 0 23 14 21 19 22 13
 2.245000E+02 13 0 0 0 0 0 0 0 0 0 0 0 11 21 17 19 17 16
 2.250000E+02 12 0 0 0 0 0 0 0 0 0 0 0 18 18 18 15 20 16
 2.255000E+02 4 0 0 0 0 0 0 0 0 0 0 0 12 14 16 19 17 15
 2.260000E+02 7 0 0 0 0 0 0 0 0 0 0 0 17 17 15 19 17 12
 2.265000E+02 14 0 0 0 0 0 0 0 0 0 0 0 15 22 17 16 14 15
 2.270000E+02 11 0 0 0 0 0 0 0 0 0 0 0 17 13 18 18 16 12
 2.275000E+02 11 0 0 0 0 0 0 0 0 1 0 0 19 12 19 19 14 13
 2.280000E+02 9 0 0 0 1 0 0 0 0 0 0 0 16 9 12 19 14 17
 2.285000E+02 12 0 0 0 0 0 0 0 0 2 0 0 17 13 19 11 11 20
 2.290000E+02 9 0 0 0 0 0 0 0 0 0 0 0 21 16 20 16 17 15
 2.295000E+02 12 0 0 1 0 0 0 0 0 0 0 0 16 17 17 20 23 12
 2.300000E+02 4 0 0 0 0 0 0 0 0 1 0 0 14 9 18 25 20 13
 2.305000E+02 11 0 0 0 0 0 0 0 0 0 0 0 16 14 11 22 17 13
 2.310000E+02 16 0 0 2 0 0 0 0 0 0 0 0 10 23 20 22 14 12
 2.315000E+02 12 0 0 0 0 0 0 0 0 0 1 0 15 19 17 12 17 15
 2.320000E+02 5 0 0 0 0 0 0 0 0 1 0 0 16 22 8 19 16 20
 2.325000E+02 11 0 0 0 0 0 0 0 0 0 0 0 14 15 8 17 17 26
 2.330000E+02 13 0 0 0 0 0 0 0 0 0 0 0 14 19 16 15 13 21
 2.335000E+02 5 0 0 0 0 0 0 0 0 0 0 0 16 20 17 13 17 19
 2.340000E+02 9 0 0 0 0 0 0 0 0 0 0 0 18 15 14 15 14 19
 2.345000E+02 9 0 0 0 0 0 0 0 0 0 0 0 11 19 14 17 13 19
 2.350000E+02 10 0 0 0 0 0 0 0 0 0 0 0 16 17 18 11 14 22
 2.355000E+02 15 0 0 0 0 0 0 0 0 0 0 0 22 23 16 13 14 14
 2.360000E+02 17 0 0 0 0 0 0 0 0 0 0 0 17 14 16 11 21 16
 2.365000E+02 15 0 0 0 0 0 0 0 0 0 0 0 18 17 22 8 14 19
 2.370000E+02 10 0 0 0 0 0 0 0 0 1 0 0 18 12 24 15 16 16
 2.375000E+02 8 0 0 0 0 0 0 0 0 1 0 0 17 20 21 11 17 16
 2.380000E+02 14 0 0 0 0 0 0 0 0 1 0 0 19 25 13 16 21 19
 2.385000E+02 10 0 0 0 0 0 0 0 0 1 0 0 23 15 10 17 20 10
 2.390000E+02 8 0 0 0 0 0 0 0 0 1 0 0 24 22 12 12 18 9
 2.395000E+02 15 0 0 0 0 0 0 0 0 1 0 0 17 23 16 15 14 12
 2.400000E+02 8 0 0 0 0 0 0 0 0 1 0 0 20 23 15 16 17 16
 2.405000E+02 11 0 0 1 0 0 0 0 0 0 0 0 20 26 18 12 17 16
 2.410000E+02 11 0 0 0 0 0 0 0 0 1 0 0 19 18 17 16 17 16
 2.415000E+02 11 0 0 0 0 0 0 0 0 0 0 0 13 25 16 13 17 14
 2.420000E+02 5 0 0 0 0 0 0 0 0 0 0 0 16 17 19 14 16 13
 2.425000E+02 12 0 0 0 0 0 0 0 0 0 0 0 15 16 20 14 14 17
 2.430000E+02 8 0 0 0 0 0 0 0 0 0 0 0 11 18 17 19 13 15
 2.435000E+02 10 0 0 0 0 0 0 0 0 0 0 0 14 13 18 24 19 16
 2.440000E+02 11 0 0 0 0 0 0 0 0 0 0 0 19 12 12 23 11 16
 2.445000E+02 10 0 0 0 0 0 0 0 0 0 0 0 26 15 17 20 10 18
 2.450000E+02 10 0 0 0 0 0 0 0 0 0 0 0 20 13 22 18 20 16
 2.455000E+02 8 0 0 0 0 0 0 0 0 0 0 0 18 13 19 15 15 15
 2.460000E+02 6 0 0 0 0 0 0 0 0 0 0 0 23 16 22 14 17 17
 2.465000E+02 5 0 0 0 0 0 0 0 0 0 0 0 22 27 18 13 12 17
 2.470000E+02 8 0 0 0 0 0 0 0 0 0 0 0 19 23 17 15 9 22
 2.475000E+02 7 0 0 0 0 0 0 0 0 0 0 0 20 20 17 20 9 14
 2.480000E+02 9 0 0 0 0 0 0 0 0 0 0 0 18 19 13 11 16 15
 2.485000E+02 8 0 0 1 0 0 0 0 0 0 0 0 21 15 18 14 12 15
 2.490000E+02 9 0 0 1 0 0 0 0 0 0 0 0 18 23 18 16 14 10
 2.495000E+02 8 0 0 0 0 0 0 0 0 0 0 0 21 22 16 16 15 10
 2.500000E+02 6 0 0 0 0 0 0 0 0 0 0 0 18 15 20 16 18 12
 2.505000E+02 1066 0 0 2 0 0 0 0 0 6 1 0 0 0 0 0 0 0
 2.510000E+02 1800 0 0 1 0 0 0 3 0 13 3 0 0 0 0 0 0 0
 2.515000E+02 2103 0 0 2 1 0 0 1 0 25 0 2 0 0 0 0 0 0
 2.520000E+02 2274 2 0 6 3 1 0 3 0 27 1 1 0 0 0 0 0 0
 2.525000E+02 1012 0 0 7 0 0 0 0 0 29 3 0 0 0 0 0 0 0
 2.530000E+02 468 1 0 3 0 1 0 0 1 20 0 0 0 0 0 0 0 1
 2.535000E+02 209 0 0 6 0 0 0 1 0 9 0 0 0 0 1 0 1 0
 2.540000E+02 100 0 0 2 0 0 0 0 0 9 0 0 1 2 0 1 1 2
 2.545000E+02 1384 0 1 2 0 0 0 2 0 13 0 2 0 0 0 0 0 0
 2.550000E+02 1983 0 0 2 0 1 0 0 0 23 3 1 0 0 0 0 0 0
 2.555000E+02 2207 1 0 3 0 2 0 2 0 20 1 3 0 0 0 0 0 0
 2.560000E+02 2242 2 0 7 0 0 0 5 1 28 0 1 0 0 0 0 0 0
 2.565000E+02 961 1 0 5 0 1 0 3 0 31 1 0 0 0 0 0 0 0
 2.570000E+02 455 1 0 2 0 0 0 4 0 21 0 1 0 1 0 0 0 0
 2.575000E+02 194 3 0 0 0 1 0 1 0 15 0 0 0 0 0 1 0 1
 2.580000E+02 106 0 0 2 0 0 0 4 0 10 0 0 3 2 1 2 3 2
 2.585000E+02 1329 1 0 0 0 2 0 3 0 14 0 0 0 0 0 0 0 0
 2.590000E+02 1829 0 0 3 0 0 0 3 0 23 1 1 0 0 0 0 0 0
 2.595000E+02 2103 2 0 6 0 0 0 2 0 22 1 2 0 0 0 0 0 0
 2.600000E+02 2182 1 0 2 0 0 0 5 0 34 0 0 0 0 0 0 0 0
 2.605000E+02 930 1 0 2 0 2 0 6 0 33 0 1 0 0 0 0 0 0
 2.610000E+02 398 1 0 3 0 1 0 4 0 19 0 2 0 0 0 0 0 0
 2.615000E+02 173 0 0 2 0 1 0 5 0 19 0 0 1 1 0 0 1 1
 2.620000E+02 113 1 0 2 0 1 0 4 0 10 0 0 0 8 5 2 1 3
 2.625000E+02 1368 0 0 1 0 2 0 3 0 19 3 1 0 0 0 0 0 0
 2.630000E+02 1867 3 0 3 1 1 0 6 0 24 2 0 0 0 0 0 0 0
 2.635000E+02 2149 2 0 5 0 1 0 4 0 34 0 2 0 0 0 0 0 0
 2.640000E+02 2181 1 0 3 0 2 0 3 0 33 2 0 0 0 0 0 0 0
 2.645000E+02 910 3 0 1 0 1 0 2 0 28 0 0 0 0 0 0 0 0
 2.650000E+02 396 1 0 2 0 2 0 6 0 22 0 0 0 0 0 0 0 0
 2.655000E+02 160 0 0 1 0 2 0 1 0 20 0 0 0 2 0 0 2 1
 2.660000E+02 86 0 0 1 0 0 0 0 0 13 1 0 4 4 3 1 1 1
 2.665000E+02 1400 0 0 1 0 0 0 0 0 18 0 0 0 0 0 0 0 0
 2.670000E+02 1894 1 0 2 1 2 0 4 0 22 1 1 0 0 0 0 0 0
 2.675000E+02 2185 0 0 1 0 1 0 6 0 22 1 2 0 0 0 0 0 0
 2.680000E+02 2214 1 0 1 0 3 0 6 0 24 1 1 0 0 0 0 0 0
 2.685000E+02 941 0 0 1 0 2 0 5 0 24 3 0 0 0 0 0 0 0
 2.690000E+02 409 1 0 0 0 2 1 2 0 23 0 0 1 0 0 0 0 0
 2.695000E+02 211 0 0 0 0 1 0 1 0 17 0 1 0 1 0 0 0 2
 2.700000E+02 104 0 1 0 0 0 0 4 0 14 0 0 3 3 4 1 2 2
 2.705000E+02 1392 0 0 0 0 1 0 0 0 20 0 0 0 0 0 0 0 0
 2.710000E+02 1981 1 0 0 0 1 0 5 1 22 2 0 0 0 0 0 0 0
 2.715000E+02 2130 1 0 1 0 4 0 4 0 37 0 1 0 0 0 0 0 0
 2.720000E+02 2319 1 0 0 0 3 0 8 1 39 4 0 0 0 0 0 0 0
 2.725000E+02 1034 2 0 3 0 2 0 3 0 30 1 0 0 0 0 0 0 0
 2.730000E+02 430 0 0 0 0 2 0 4 0 28 0 0 0 0 0 0 0 0
 2.735000E+02 203 2 0 0 0 2 0 2 0 17 1 0 1 0 0 1 1 0
 2.740000E+02 115 0 0 1 0 0 0 0 0 14 1 1 2 1 1 3 2 3
 2.745000E+02 1377 0 0 0 0 3 0 5 0 20 0 0 0 0 0 0 0 1
 2.750000E+02 1894 0 0 1 0 2 0 1 1 28 0 0 0 0 0 0 0 0
 2.755000E+02 2132 1 0 1 0 4 0 6 0 27 1 0 0 0 0 0 0 0
 2.760000E+02 2235 0 0 1 0 3 0 5 1 36 2 1 0 0 0 0 0 0
 2.765000E+02 970 2 0 0 0 3 0 2 0 36 0 2 0 0 0 0 0 0
 2.770000E+02 419 1 0 0 0 2 0 6 0 26 0 0 0 0 0 0 0 0
 2.775000E+02 195 0 0 0 0 2 0 3 0 17 0 0 2 1 0 2 1 0
 2.780000E+02 106 0 0 1 0 1 0 1 0 16 0 0 2 0 3 2 3 0
 2.785000E+02 1376 0 0 0 0 2 0 0 0 20 0 0 0 0 0 0 0 0
 2.790000E+02 1918 1 0 0 0 2 0 4 0 20 0 1 0 0 0 0 0 0
 2.795000E+02 2181 2 0 0 0 2 0 9 1 30 0 0 0 0 0 0 0 0
 2.800000E+02 2282 0 0 1 0 4 0 6 0 30 2 2 0 0 0 0 0 0
 2.805000E+02 998 0 0 1 0 6 0 6 0 30 1 0 0 0 0 0 0 0
 2.810000E+02 421 1 0 0 0 3 0 3 0 36 1 0 0 0 0 0 0 0
 2.815000E+02 206 0 0 0 0 1 0 7 0 20 0 0 1 1 0 0 0 0
 2.820000E+02 103 0 0 1 0 1 0 4 1 10 0 0 1 1 0 1 7 0
 2.825000E+02 1371 0 0 1 0 1 0 3 0 12 0 0 0 0 0 1 0 0
 2.830000E+02 1887 1 0 0 0 2 0 6 0 23 1 0 0 0 0 0 0 0
 2.835000E+02 2189 1 0 1 0 1 0 8 0 28 0 1 0 1 0 0 0 0
 2.840000E+02 2245 1 0 1 0 2 0 6 0 44 2 1 0 0 0 0 0 0
 2.845000E+02 952 0 0 0 0 3 0 6 0 35 0 1 0 0 0 0 0 0
 2.850000E+02 396 2 0 0 0 3 0 4 0 25 0 0 0 0 0 0 0 0
 2.855000E+02 172 0 0 2 0 0 0 3 0 19 1 1 0 1 2 0 0 0
 2.860000E+02 94 0 0 1 0 0 0 2 0 15 1 0 1 0 0 2 2 1
 2.865000E+02 1334 0 0 1 0 2 0 1 0 8 0 0 0 0 0 0 0 0
 2.870000E+02 1864 1 0 0 0 2 0 6 0 21 1 0 0 0 0 0 0 0
 2.875000E+02 2056 0 0 0 0 2 0 6 0 30 0 0 0 0 0 0 0 0
 2.880000E+02 2179 0 0 1 0 1 0 3 0 34 0 1 0 0 0 0 0 0
 2.885000E+02 916 0 0 1 0 4 0 6 0 31 0 1 0 0 0 0 0 0
 2.890000E+02 391 1 0 0 0 2 0 6 0 27 0 2 0 0 0 0 0 0
 2.895000E+02 194 0 0 1 0 1 0 2 0 16 0 1 1 0 0 0 0 1
 2.900000E+02 106 0 0 1 0 1 0 2 0 12 0 0 1 2 1 2 0 2
 2.905000E+02 62 0 0 0 0 0 0 2 0 9 0 0 2 5 2 3 3 2
 2.910000E+02 44 0 0 0 0 1 0 1 0 9 0 0 4 7 3 8 1 9
 2.915000E+02 57 0 0 0 0 0 0 2 0 3 0 0 4 6 11 11 9 8
 2.920000E+02 35 2 0 0 0 0 0 0 0 3 0 0 9 6 7 11 4 13
 2.925000E+02 28 0 0 1 0 0 0 0 0 2 0 0 13 12 7 6 6 11
 2.930000E+02 30 0 0 0 0 0 0 0 0 3 0 0 12 10 14 9 11 11
 2.935000E+02 34 0 0 0 0 0 0 0 0 1 0 1 12 10 11 9 9 10
 2.940000E+02 39 0 0 0 0 1 0 0 0 1 0 0 9 18 12 9 15 15
 2.945000E+02 24 0 0 0 0 0 0 0 0 2 0 0 14 14 11 15 10 19
 2.950000E+02 21 0 0 0 0 0 0 0 0 3 0 0 15 11 12 14 18 19
 2.955000E+02 16 0 0 0 0 1 0 2 0 2 0 0 11 17 14 11 12 16
 2.960000E+02 30 0 0 1 0 0 0 0 0 0 0 0 18 19 13 15 13 18
 2.965000E+02 21 0 0 0 0 0 0 0 0 1 0 0 14 15 14 21 15 18
 2.970000E+02 19 0 0 0 0 1 0 0 0 2 0 0 17 17 18 19 18 18
 2.975000E+02 23 0 0 0 0 0 0 0 0 3 0 0 15 12 15 17 19 23
 2.980000E+02 20 0 0 0 0 0 0 2 0 0 0 0 13 23 16 17 19 17
 2.985000E+02 16 0 0 0 0 0 0 0 0 2 0 0 21 14 20 14 18 18
 2.990000E+02 21 0 0 0 0 1 0 0 0 2 0 0 20 16 16 10 28 18
 2.995000E+02 15 0 0 0 0 0 0 0 0 2 0 0 14 17 22 20 21 14
 3.000000E+02 18 0 0 0 0 0 0 0 0 1 0 0 8 12 22 19 23 22
 3.005000E+02 12 0 0 0 0 0 0 0 0 1 0 0 12 23 14 26 21 12
 3.010000E+02 17 0 0 0 0 0 0 0 0 1 0 0 15 21 23 25 28 18
 3.015000E+02 12 0 0 0 0 0 0 0 0 1 0 0 18 13 16 24 18 19
 3.020000E+02 17 0 0 0 0 0 0 0 0 1 0 0 22 15 16 19 14 21
 3.025000E+02 20 0 0 0 0 0 0 0 0 0 0 0 22 25 18 16 23 18
 3.030000E+02 16 0 0 0 0 0 0 0 0 0 0 0 15 19 25 23 17 14
 3.035000E+02 16 0 0 0 0 0 0 0 0 0 0 0 19 21 26 15 17 15
 3.040000E+02 17 0 0 0 0 0 0 0 0 0 0 0 24 22 24 22 29 13
 3.045000E+02 8 0 0 0 0 0 0 0 0 0 0 0 19 24 27 20 21 11
 3.050000E+02 19 0 0 0 0 0 0 0 0 0 0 0 21 18 24 13 22 19
 3.055000E+02 14 0 0 0 0 0 0 0 0 0 1 0 19 17 17 25 18 17
 3.060000E+02 12 0 0 0 0 0 0 0 0 1 0 0 19 16 13 24 26 13
 3.065000E+02 16 0 0 0 0 0 0 0 0 0 1 0 13 24 20 23 22 14
 3.070000E+02 13 0 0 0 0 0 0 0 0 0 0 0 19 17 21 23 17 17
 3.075000E+02 8 0 0 0 0 0 0 0 0 0 0 0 13 24 26 16 15 26
 3.080000E+02 11 0 0 0 0 0 0 0 0 0 0 0 27 25 21 20 19 15
 3.085000E+02 12 0 0 0 0 0 0 0 0 1 0 0 28 23 14 21 22 17
 3.090000E+02 7 0 0 0 0 0 0 0 0 1 0 0 20 26 22 16 20 19
 3.095000E+02 9 0 0 0 0 1 0 1 0 0 0 1 16 18 24 12 11 20
 3.100000E+02 11 1 0 0 0 0 0 0 0 2 0 1 13 17 22 14 17 29
 3.105000E+02 11 0 0 0 0 0 0 0 0 2 0 0 14 21 25 16 28 16
 3.110000E+02 16 0 0 0 0 1 0 0 0 1 0 0 17 22 19 19 24 9
 3.115000E+02 6 0 0 0 0 0 0 0 0 0 0 0 24 17 19 21 15 15
 3.120000E+02 18 0 0 0 0 0 0 0 0 0 0 0 14 15 16 16 17 25
 3.125000E+02 13 0 0 0 0 0 0 0 0 0 0 0 18 8 15 17 23 24
 3.130000E+02 16 0 0 0 0 0 0 0 0 1 0 0 26 15 17 18 27 19
 3.135000E+02 11 0 0 0 0 0 0 0 0 0 0 0 24 14 20 11 24 20
 3.140000E+02 17 0 0 0 0 0 0 0 0 0 0 0 28 10 9 13 22 27
 3.145000E+02 11 0 0 0 0 0 0 0 0 0 0 0 15 17 18 21 17 32
 3.150000E+02 10 0 0 0 0 0 0 0 0 0 0 0 15 13 27 20 19 22
 3.155000E+02 9 0 0 0 0 0 0 0 0 0 0 0 20 20 21 13 20 19
 3.160000E+02 9 0 0 0 0 0 0 0 0 0 0 0 23 25 12 14 24 20
 3.165000E+02 10 0 0 0 0 0 0 0 0 0 0 0 20 16 15 22 16 18
 3.170000E+02 13 0 0 0 0 0 0 0 0 0 0 0 21 6 21 23 14 26
 3.175000E+02 11 0 0 0 0 0 0 0 0 0 0 0 20 15 20 21 13 17
 3.180000E+02 7 0 0 0 0 0 0 0 0 1 0 0 14 21 23 20 16 20
 3.185000E+02 10 0 0 0 0 0 0 0 0 0 0 0 19 20 23 22 17 8
 3.190000E+02 12 0 0 0 0 0 0 0 0 0 0 0 21 14 19 19 15 17
 3.195000E+02 8 0 0 0 0 0 0 0 0 0 0 0 22 15 21 15 17 19
 3.200000E+02 9 0 0 0 0 0 0 0 0 0 0 0 15 21 14 20 19 18
 3.205000E+02 13 0 0 0 0 0 0 0 0 0 0 0 12 19 14 18 24 19
 3.210000E+02 12 0 0 0 0 0 0 0 0 0 0 0 13 14 19 19 20 23
 3.215000E+02 9 0 0 0 0 0 0 0 0 0 0 0 13 19 14 18 22 26
 3.220000E+02 8 0 0 0 0 0 0 0 0 0 0 0 12 17 16 22 18 21
 3.225000E+02 7 0 0 0 0 0 0 0 0 0 0 0 20 17 18 23 14 20
 3.230000E+02 7 0 0 0 0 0 0 0 0 0 0 0 16 20 16 25 11 17
 3.235000E+02 6 0 0 0 0 0 0 0 0 0 0 0 18 13 23 20 20 14
 3.240000E+02 9 0 0 0 0 0 0 0 0 0 0 0 17 18 25 20 19 16
 3.245000E+02 17 0 0 0 0 0 0 0 0 1 0 0 21 17 18 18 19 13
 3.250000E+02 12 0 0 0 0 0 0 0 0 1 0 0 17 17 26 17 9 24
 3.255000E+02 9 0 0 0 0 0 0 0 0 0 0 0 15 27 23 18 5 22
 3.260000E+02 15 0 0 0 0 0 0 0 0 0 0 0 18 18 25 21 11 23
 3.265000E+02 9 0 0 0 0 0 0 0 0 0 0 0 25 13 22 12 14 22
 3.270000E+02 7 0 0 0 0 0 0 0 0 1 0 0 19 21 22 17 18 23
 3.275000E+02 8 0 0 0 0 0 0 1 0 0 0 0 11 22 18 15 21 22
 3.280000E+02 16 0 0 0 0 0 0 0 0 0 1 0 21 20 19 18 19 24
 3.285000E+02 9 0 0 0 0 0 0 0 0 0 0 0 16 18 14 19 23 21
 3.290000E+02 8 0 0 0 0 0 0 0 0 0 0 0 14 21 12 15 11 23
 3.295000E+02 12 0 0 0 0 0 0 0 0 0 0 0 25 19 9 15 19 16
 3.300000E+02 10 0 0 0 0 0 0 0 0 0 0 0 15 24 17 15 23 19
 3.305000E+02 6 0 0 0 0 0 0 0 0 0 0 0 25 23 16 15 17 18
 3.310000E+02 12 0 0 0 0 0 0 0 0 0 0 0 24 22 18 18 19 18
 3.315000E+02 9 0 0 0 0 0 0 0 0 0 0 0 21 20 19 14 26 15
 3.320000E+02 10 0 0 0 0 0 0 0 0 0 0 0 27 13 18 15 15 18
 3.325000E+02 9 0 0 0 0 0 0 0 0 0 0 0 25 14 17 16 14 15
 3.330000E+02 6 0 0 0 0 0 0 0 0 0 0 0 26 16 21 17 16 19
 3.335000E+02 13 0 0 0 0 0 0 0 0 0 0 0 15 20 20 20 14 18
 3.340000E+02 10 0 0 0 0 0 0 0 0 0 0 0 16 16 25 15 20 16
 3.345000E+02 12 0 0 0 0 0 0 0 0 0 0 0 19 22 14 16 26 14
 3.350000E+02 8 0 0 0 0 0 0 0 0 0 0 0 19 18 15 12 18 17
 3.355000E+02 9 0 0 0 0 0 0 0 0 0 0 0 18 14 14 18 19 24
 3.360000E+02 15 0 0 0 0 0 0 0 0 0 0 0 19 19 17 18 13 17
 3.365000E+02 12 0 0 0 0 0 0 0 0 0 0 0 18 14 21 19 11 18
 3.370000E+02 11 0 0 0 0 0 0 0 0 0 0 0 15 23 21 22 14 16
 3.375000E+02 8 0 0 0 0 0 0 0 0 0 0 0 22 18 14 15 20 19
 3.380000E+02 7 0 0 0 0 0 0 1 0 0 0 0 24 19 18 15 21 21
 3.385000E+02 16 0 0 0 0 0 0 0 0 1 0 0 19 14 11 15 17 21
 3.390000E+02 5 0 0 0 0 0 0 0 0 1 0 0 20 27 14 15 23 17
 3.395000E+02 9 0 0 0 0 0 0 0 0 0 0 0 23 23 16 17 21 15
 3.400000E+02 13 0 0 0 0 0 0 0 0 0 0 0 18 20 14 18 19 18
 3.405000E+02 10 0 0 0 0 0 0 0 0 0 0 0 14 26 20 9 22 19
 3.410000E+02 5 0 0 0 0 0 0 0 0 0 0 0 17 24 13 11 24 19
 3.415000E+02 16 0 0 0 0 0 0 0 0 0 0 0 13 21 24 7 23 14
 3.420000E+02 5 0 0 0 0 0 0 0 0 1 0 0 14 20 18 15 23 15
 3.425000E+02 8 0 0 0 0 0 0 0 0 1 0 0 12 19 23 18 17 24
 3.430000E+02 11 0 0 0 0 0 0 1 0 0 0 0 13 18 18 15 18 17
 3.435000E+02 9 0 0 0 0 0 0 0 0 0 0 0 15 17 18 24 15 17
 3.440000E+02 11 0 0 0 0 0 0 0 0 0 0 0 14 16 20 25 17 13
 3.445000E+02 3 0 0 0 0 0 0 0 0 0 0 0 17 18 19 19 13 19
 3.450000E+02 5 0 0 0 0 0 0 0 0 1 0 0 19 21 20 25 13 15
 3.455000E+02 7 1 0 0 0 0 0 0 0 0 0 0 15 15 16 20 14 19
 3.460000E+02 5 0 0 1 0 0 0 0 0 0 0 0 17 23 16 16 19 10
 3.465000E+02 9 0 0 0 0 0 0 1 0 1 0 0 21 17 12 15 16 17
 3.470000E+02 6 0 0 0 0 0 0 0 0 2 0 0 23 19 11 17 21 22
 3.475000E+02 3 0 0 0 0 0 0 0 0 1 0 0 21 19 19 14 15 23
 3.480000E+02 6 0 0 0 0 0 0 0 0 0 0 0 12 17 17 19 11 17
 3.485000E+02 8 0 0 0 0 0 0 0 0 0 0 0 8 20 15 21 12 21
 3.490000E+02 7 0 0 0 0 0 0 0 0 0 0 0 13 26 17 21 12 22
 3.495000E+02 12 0 0 0 0 0 0 0 0 0 0 0 16 13 23 16 18 21
 3.500000E+02 8 0 0 0 0 0 0 0 0 0 0 0 11 14 15 19 10 19
 3.505000E+02 10 0 0 0 0 0 0 0 0 0 0 0 11 17 18 15 16 19
 3.510000E+02 8 0 0 0 0 0 0 0 0 3 0 0 12 18 18 17 23 21
 3.515000E+02 9 0 0 0 0 0 0 0 0 2 0 0 12 14 14 17 18 20
 3.520000E+02 6 0 0 0 0 0 0 0 0 2 0 0 18 12 12 19 18 15
 3.525000E+02 11 0 0 0 0 0 0 1 0 0 0 0 20 20 16 18 19 22
 3.530000E+02 12 0 0 0 0 0 0 0 0 1 0 0 19 15 14 18 20 14
 3.535000E+02 12 0 0 0 0 0 0 0 0 1 0 0 18 14 18 13 25 20
 3.540000E+02 16 0 0 0 0 0 0 0 0 1 0 0 19 23 15 14 21 15
 3.545000E+02 7 0 0 0 0 0 0 1 0 1 0 0 14 21 12 21 21 16
 3.550000E+02 5 0 0 0 0 0 0 1 0 0 0 0 23 21 14 9 19 14
 3.555000E+02 10 0 0 0 0 0 0 0 0 0 0 0 21 25 13 16 18 17
 3.560000E+02 8 0 0 0 0 0 0 0 0 0 0 0 19 18 16 21 14 19
 3.565000E+02 7 0 0 0 0 0 0 0 0 0 0 0 19 25 23 17 16 13
 3.570000E+02 7 0 0 0 0 0 0 0 0 0 0 0 17 22 23 19 17 10
 3.575000E+02 5 0 0 0 0 0 0 1 0 0 0 0 21 22 20 16 13 13
 3.580000E+02 4 0 0 0 0 0 0 0 0 0 0 1 12 20 21 19 14 22
 3.585000E+02 8 0 0 0 0 0 0 0 0 1 0 0 17 20 12 20 23 18
 3.590000E+02 3 0 0 0 0 0 0 0 0 1 0 0 22 22 8 15 19 18
 3.595000E+02 9 0 0 0 0 0 0 0 0 1 0 0 20 18 18 17 19 18
 3.600000E+02 6 0 0 0 0 0 0 0 0 0 0 0 16 13 16 17 21 21
 3.605000E+02 5 0 0 0 0 0 0 0 0 0 0 0 20 14 18 21 16 17
 3.610000E+02 10 0 0 0 0 0 0 0 0 0 0 0 14 17 24 16 15 15
 3.615000E+02 6 0 0 0 0 0 0 0 0 0 0 0 15 21 18 16 18 14
 3.620000E+02 9 0 0 0 0 0 0 0 0 0 0 0 20 24 17 12 15 20
 3.625000E+02 4 0 0 0 0 0 0 0 0 0 0 0 21 24 16 12 16 16
 3.630000E+02 14 0 0 0 0 0 0 0 0 0 0 0 18 18 16 13 14 15
 3.635000E+02 10 0 0 0 0 0 0 0 0 0 0 0 19 24 20 14 15 9
 3.640000E+02 8 0 0 0 0 0 0 0 0 0 0 0 21 18 15 16 23 18
 3.645000E+02 13 0 0 0 0 0 0 1 0 0 0 0 21 20 12 24 25 10
 3.650000E+02 9 0 0 0 0 0 0 0 0 0 1 0 16 19 13 16 24 12
 3.655000E+02 5 0 0 1 0 0 0 0 0 1 0 0 22 21 11 16 18 18
 3.660000E+02 4 0 0 0 0 0 0 0 0 0 0 0 20 23 13 23 20 23
 3.665000E+02 10 0 0 0 0 0 0 0 0 0 0 0 14 26 12 20 14 25
 3.670000E+02 14 0 0 0 0 0 0 0 0 0 0 0 16 21 12 16 19 20
 3.675000E+02 10 0 0 0 0 0 0 1 0 0 0 0 10 16 20 23 17 24
 3.680000E+02 9 0 0 0 0 0 0 0 0 1 0 0 8 28 18 21 16 17
 3.685000E+02 7 0 0 1 0 0 0 0 0 0 0 0 13 14 20 16 16 25
 3.690000E+02 10 0 0 0 0 0 0 0 0 0 0 0 21 16 15 16 13 19
 3.695000E+02 9 0 0 0 0 0 0 0 0 1 0 0 17 21 15 21 21 21
 3.700000E+02 6 0 0 0 0 0 0 0 0 1 0 0 17 22 15 15 19 22
 3.705000E+02 10 0 0 0 0 0 0 0 0 1 0 0 19 21 14 16 21 18
 3.710000E+02 9 0 0 0 0 0 0 0 0 1 0 0 16 23 19 19 22 12
 3.715000E+02 8 0 0 0 0 0 0 0 0 0 0 0 14 17 27 17 17 16
 3.720000E+02 11 0 0 0 0 0 0 0 0 0 0 0 12 19 18 16 20 23
 3.725000E+02 11 0 0 0 0 0 0 0 0 0 0 0 18 18 19 20 19 17
 3.730000E+02 8 0 0 0 0 0 0 0 0 1 0 0 13 20 19 16 14 25
 3.735000E+02 14 0 0 1 0 0 0 0 0 0 0 0 9 11 18 20 14 20
 3.740000E+02 9 0 0 0 0 0 0 0 0 0 0 0 13 15 19 21 16 20
 3.745000E+02 9 0 0 0 0 0 0 0 0 0 0 0 13 14 14 13 18 23
 3.750000E+02 9 0 0 0 0 0 0 0 0 0 0 0 10 17 12 15 20 20
 3.755000E+02 8 0 0 0 0 0 0 0 0 0 0 0 15 17 13 18 11 15
 3.760000E+02 11 0 0 0 0 0 0 0 0 0 0 0 14 26 9 23 12 15
 3.765000E+02 11 0 0 0 0 0 0 0 0 0 0 0 18 23 14 21 12 21
 3.770000E+02 14 0 0 0 0 0 0 0 0 0 0 0 19 20 15 18 18 21
 3.775000E+02 8 0 0 0 0 0 0 0 0 0 0 0 16 24 18 17 18 17
 3.780000E+02 14 0 0 0 0 0 0 0 0 2 0 0 15 18 24 16 14 15
 3.785000E+02 8 0 0 0 0 0 0 0 0 1 0 0 22 19 27 9 12 10
 3.790000E+02 8 0 0 0 0 0 0 0 0 0 0 0 24 15 25 9 10 11
 3.795000E+02 3 0 0 0 0 0 0 0 0 0 0 0 24 17 22 9 13 17
 3.800000E+02 14 0 0 0 0 0 0 0 0 1 0 0 23 20 22 14 9 16
 3.805000E+02 8 0 0 0 0 0 0 0 0 0 0 0 21 20 17 15 9 16
 3.810000E+02 15 0 0 0 0 0 0 0 0 0 0 0 23 19 10 15 18 15
 3.815000E+02 6 0 0 0 0 0 0 0 0 0 0 0 17 25 11 11 17 17
 3.820000E+02 9 0 0 0 0 0 0 0 0 0 0 0 11 27 11 14 12 16
 3.825000E+02 9 0 0 0 0 0 0 0 0 0 0 0 11 21 14 16 15 18
 3.830000E+02 2 0 0 0 0 0 0 0 0 0 0 0 10 18 19 22 18 14
 3.835000E+02 10 0 0 0 0 0 0 0 0 0 0 0 18 19 13 28 14 10
 3.840000E+02 11 0 0 0 0 0 0 0 0 0 0 0 21 13 20 24 16 9
 3.845000E+02 8 0 0 0 0 0 0 0 0 0 0 0 21 14 21 24 14 13
 3.850000E+02 9 0 0 0 0 0 0 0 0 0 0 0 22 14 17 19 12 13
 3.855000E+02 5 0 0 0 0 0 0 0 0 0 0 0 14 16 15 21 21 14
 3.860000E+02 9 0 0 0 0 0 0 0 0 0 0 0 18 19 15 20 15 18
 3.865000E+02 13 0 0 0 0 0 0 0 0 0 0 0 19 17 15 21 22 12
 3.870000E+02 11 0 0 0 0 0 0 0 0 0 0 0 13 16 16 21 23 14
 3.875000E+02 6 0 0 0 0 0 0 0 0 0 0 0 15 15 12 21 24 17
 3.880000E+02 6 0 0 0 0 0 0 0 0 0 0 0 22 15 18 19 23 13
 3.885000E+02 6 0 0 0 0 0 0 0 0 0 0 0 13 19 18 17 13 17
 3.890000E+02 11 0 0 0 0 0 0 0 0 0 0 0 20 13 13 16 14 16
 3.895000E+02 11 0 0 0 0 0 0 0 0 1 0 0 18 24 16 9 17 20
 3.900000E+02 15 0 0 0 0 0 0 0 0 0 0 0 17 24 8 13 16 16
 3.905000E+02 4 0 0 0 0 0 0 0 0 0 0 0 10 25 10 17 17 14
 3.910000E+02 10 0 0 0 0 0 0 0 0 0 0 0 13 26 11 13 10 18
 3.915000E+02 14 0 0 0 0 0 0 0 0 0 0 0 16 21 12 11 15 21
 3.920000E+02 8 0 0 0 0 0 0 0 0 0 0 0 23 19 10 14 15 14
 3.925000E+02 9 0 0 0 0 0 0 0 0 1 0 0 19 19 9 14 26 15
 3.930000E+02 8 0 0 1 0 0 0 0 0 0 0 0 15 16 13 12 23 17
 3.935000E+02 14 0 0 0 0 0 0 1 0 0 0 0 16 14 20 13 24 20
 3.940000E+02 12 0 0 0 0 0 0 0 0 1 0 0 19 17 19 11 17 16
 3.945000E+02 11 0 0 0 0 0 0 0 0 1 0 0 18 22 18 13 13 18
 3.950000E+02 4 0 0 0 0 0 0 1 0 0 0 0 14 16 16 14 13 14
 3.955000E+02 9 0 0 1 0 0 0 0 0 0 0 0 14 22 15 14 14 14
 3.960000E+02 7 0 0 0 0 0 0 0 0 0 0 0 15 20 16 15 17 22
 3.965000E+02 8 0 0 0 0 0 0 0 0 0 0 0 10 19 20 14 16 18
 3.970000E+02 12 0 0 0 0 0 0 1 0 0 0 0 7 16 19 15 17 23
 3.975000E+02 10 0 0 0 0 0 0 0 0 1 0 0 14 23 22 16 12 20
 3.980000E+02 9 0 0 0 0 0 0 1 0 2 0 0 14 22 19 18 14 17
 3.985000E+02 6 0 0 0 0 0 0 0 0 2 0 0 19 18 14 12 12 16
 3.990000E+02 17 0 0 0 0 0 0 0 0 0 0 0 15 11 12 16 16 19
 3.995000E+02 7 0 0 0 0 0 0 0 0 0 0 0 21 12 13 13 18 10
 4.000000E+02 5 0 0 0 0 0 0 0 0 1 0 0 14 21 15 23 21 17
 4.005000E+02 8 0 0 0 0 0 0 0 0 0 0 0 15 15 12 17 25 20
 4.010000E+02 4 0 0 0 0 0 0 0 0 0 0 0 22 20 11 12 20 23
 4.015000E+02 10 0 0 0 0 0 0 0 0 0 0 0 18 19 17 18 14 24
 4.020000E+02 10 0 0 0 0 0 0 0 0 0 0 0 21 13 17 24 17 16
 4.025000E+02 9 0 0 0 0 0 0 0 0 0 0 0 17 24 14 16 20 15
 4.030000E+02 6 0 0 0 0 0 0 0 0 0 0 0 16 20 17 15 21 14
 4.035000E+02 6 0 0 0 0 0 0 0 0 0 0 0 16 18 16 19 19 19
 4.040000E+02 12 0 0 0 0 0 0 0 0 0 0 0 16 15 17 13 23 18
 4.045000E+02 5 0 0 0 0 0 0 0 0 0 0 0 20 15 14 15 18 13
 4.050000E+02 8 0 0 0 0 0 0 0 0 0 0 0 24 13 11 22 15 16
 4.055000E+02 10 0 0 0 0 0 0 0 0 0 0 0 16 16 19 21 17 14
 4.060000E+02 10 0 0 0 0 0 0 0 0 0 0 0 15 21 17 19 23 9
 4.065000E+02 5 0 0 1 0 0 0 0 0 0 0 0 20 12 15 21 25 8
 4.070000E+02 12 0 0 0 0 0 0 0 0 1 0 0 21 17 13 12 25 16
 4.075000E+02 11 0 0 1 0 0 0 0 0 0 0 0 15 23 12 19 22 15
 4.080000E+02 10 0 0 0 0 0 0 0 0 1 0 0 10 21 14 16 21 12
 4.085000E+02 9 0 0 0 0 0 0 0 0 1 0 0 13 21 16 16 17 15
 4.090000E+02 9 0 0 1 0 0 0 0 0 0 0 0 15 19 13 17 14 18
 4.095000E+02 6 0 0 0 0 0 0 0 0 1 0 0 17 20 14 22 12 16
 4.100000E+02 14 0 0 0 0 0 0 1 0 0 0 0 20 19 14 17 16 17
 4.105000E+02 8 0 0 0 0 0 0 0 0 1 0 0 16 24 13 22 16 18
 4.110000E+02 9 0 0 0 0 0 0 0 0 0 0 0 16 27 13 17 13 16
 4.115000E+02 7 0 0 0 0 0 0 0 0 0 0 0 13 16 12 19 20 14
 4.120000E+02 4 0 0 0 0 0 0 0 0 0 0 0 14 17 13 23 21 21
 4.125000E+02 12 0 0 0 0 0 0 0 0 0 0 0 20 22 14 23 16 12
 4.130000E+02 8 0 0 0 0 0 0 0 0 0 0 0 15 16 16 18 16 12
 4.135000E+02 10 0 0 0 0 0 0 0 0 0 0 0 19 24 18 16 11 13
 4.140000E+02 8 0 0 0 0 0 0 0 0 0 0 0 21 15 26 16 14 16
 4.145000E+02 8 0 0 0 0 0 0 0 0 0 0 0 24 11 25 20 23 13
 4.150000E+02 10 0 0 0 0 0 0 0 0 0 0 0 18 15 18 17 21 15
 4.155000E+02 11 0 0 0 0 0 0 0 0 0 0 0 19 21 22 11 17 16
 4.160000E+02 7 0 0 0 0 0 0 0 0 0 0 0 17 19 21 13 21 16
 4.165000E+02 8 0 0 0 0 0 0 0 0 0 0 0 16 15 22 14 19 14
 4.170000E+02 6 0 0 0 0 0 0 0 0 0 0 0 18 24 14 8 23 17
 4.175000E+02 7 0 0 0 0 0 0 0 0 0 0 0 18 25 16 14 18 18
 4.180000E+02 7 0 0 0 0 0 0 0 0 0 0 0 15 14 7 17 18 25
 4.185000E+02 4 0 0 0 0 0 0 0 0 0 0 0 20 18 11 22 17 22
 4.190000E+02 8 0 0 0 0 0 0 0 0 0 0 0 21 15 16 20 14 22
 4.195000E+02 7 0 0 0 0 0 0 0 0 0 0 0 14 15 17 20 16 25
 4.200000E+02 10 0 0 0 0 0 0 0 0 0 0 0 12 14 19 21 21 13
 4.205000E+02 6 0 0 0 0 0 0 0 0 1 0 0 12 13 24 20 16 17
 4.210000E+02 10 0 0 0 0 0 0 0 0 1 0 0 18 20 22 22 20 18
 4.215000E+02 9 0 0 0 0 0 0 0 0 0 0 0 11 14 17 22 23 17
 4.220000E+02 11 0 0 0 0 0 0 0 0 0 0 0 14 17 20 23 14 19
 4.225000E+02 9 0 0 0 0 0 0 0 0 0 0 0 22 23 19 16 9 21
 4.230000E+02 7 0 0 0 0 0 0 0 0 0 0 0 17 17 16 23 11 17
 4.235000E+02 13 0 0 0 0 0 0 0 0 2 0 0 19 17 18 21 16 17
 4.240000E+02 12 0 0 0 0 0 0 0 0 2 0 0 19 21 15 20 21 16
 4.245000E+02 5 0 0 0 0 0 0 0 0 1 0 0 22 22 14 19 19 12
 4.250000E+02 7 0 0 0 0 0 0 0 0 0 0 0 25 21 16 22 14 13
 4.255000E+02 4 0 0 0 0 0 0 0 0 0 0 0 19 13 18 19 20 21
 4.260000E+02 11 0 0 0 0 0 0 0 0 0 0 0 14 11 23 23 19 24
 4.265000E+02 7 0 0 0 0 0 0 0 0 0 0 0 16 19 17 24 15 17
 4.270000E+02 17 0 0 0 0 0 0 0 0 0 0 0 8 19 7 23 15 16
 4.275000E+02 4 0 0 0 0 0 0 0 0 0 0 0 15 19 12 13 19 24
 4.280000E+02 7 0 0 0 0 0 0 0 0 0 0 0 20 19 13 14 17 17
 4.285000E+02 7 0 0 0 0 0 0 0 0 0 0 0 24 12 17 15 17 11
 4.290000E+02 11 0 0 0 0 0 0 0 0 1 0 0 22 27 18 13 19 16
 4.295000E+02 6 0 0 0 0 0 0 0 0 0 0 0 21 19 17 17 22 14
 4.300000E+02 13 0 0 0 0 0 0 0 0 0 0 0 19 14 9 22 22 22
 4.305000E+02 10 0 0 0 0 0 0 0 0 0 0 0 15 14 9 16 22 28
 4.310000E+02 12 0 0 0 0 0 0 0 0 1 0 0 11 28 16 18 14 24
 4.315000E+02 5 0 0 0 0 0 0 0 0 0 0 0 11 25 12 20 14 26
 4.320000E+02 10 0 0 0 0 0 0 0 0 0 0 0 17 22 21 15 17 25
 4.325000E+02 11 0 0 0 0 0 0 0 0 0 0 0 19 20 15 17 17 19
 4.330000E+02 9 0 0 0 0 0 0 0 0 0 0 0 17 18 16 19 26 17
 4.335000E+02 14 0 0 0 0 0 0 0 0 0 0 0 21 22 13 22 23 17
 4.340000E+02 6 0 0 0 0 0 0 0 0 0 0 0 12 18 16 22 18 21
 4.345000E+02 14 0 0 0 0 0 0 0 0 0 0 0 18 20 13 19 18 20
 4.350000E+02 8 0 0 1 0 0 0 0 0 0 0 0 17 20 18 20 14 13
 4.355000E+02 8 0 0 0 0 0 0 0 0 0 0 0 18 23 14 18 19 14
 4.360000E+02 10 0 0 0 0 0 0 0 0 1 0 0 17 17 17 18 16 14
 4.365000E+02 15 0 0 0 0 0 0 0 0 1 0 0 21 15 17 20 17 17
 4.370000E+02 4 0 0 0 0 0 0 0 0 0 0 0 15 14 21 18 20 13
 4.375000E+02 10 0 0 0 0 0 0 0 0 0 0 0 14 15 11 25 20 9
 4.380000E+02 12 0 0 0 0 0 0 0 0 0 0 0 21 17 21 22 13 9
 4.385000E+02 14 0 0 0 0 0 0 0 0 0 0 0 24 15 22 19 8 10
 4.390000E+02 16 0 0 0 0 0 0 0 0 0 0 0 24 19 24 16 9 17
 4.395000E+02 16 0 0 0 0 0 0 0 0 0 0 0 17 20 19 14 22 14
 4.400000E+02 14 0 0 0 0 0 0 0 0 0 0 0 21 13 17 16 17 12
 4.405000E+02 8 0 0 0 0 0 0 0 0 0 0 0 17 14 16 13 26 15
 4.410000E+02 9 0 0 0 0 0 0 0 0 0 0 0 22 15 21 16 20 15
 4.415000E+02 7 0 0 0 0 0 0 0 0 0 0 0 13 20 11 19 21 17
 4.420000E+02 11 0 0 0 0 0 0 0 0 0 0 0 11 18 18 21 21 20
 4.425000E+02 7 0 0 0 0 0 0 0 0 0 0 0 15 21 15 12 21 22
 4.430000E+02 12 0 0 0 0 0 0 0 0 0 0 0 22 18 17 14 16 21
 4.435000E+02 4 0 0 0 0 0 0 0 0 1 0 0 14 14 8 24 14 22
 4.440000E+02 8 0 0 0 0 0 0 0 0 1 0 0 10 16 15 23 17 16
 4.445000E+02 11 0 0 0 0 0 0 0 0 0 0 0 18 15 16 20 14 20
 4.450000E+02 9 0 0 0 0 0 0 0 0 0 0 0 25 14 21 18 16 23
 4.455000E+02 7 0 0 0 0 0 0 0 0 1 0 0 16 16 20 21 14 13
 4.460000E+02 12 0 0 0 1 0 0 0 0 1 0 0 14 18 19 15 12 17
 4.465000E+02 6 0 0 1 0 0 0 0 0 0 0 0 17 10 9 17 17 23
 4.470000E+02 18 0 0 0 0 0 0 0 0 1 0 0 18 18 12 19 15 13
 4.475000E+02 15 0 0 0 0 0 0 0 0 1 0 0 22 19 15 14 17 17
 4.480000E+02 5 0 0 0 0 0 0 0 0 0 0 0 16 29 15 15 9 25
 4.485000E+02 6 0 0 0 0 0 0 0 0 0 0 0 16 21 14 16 11 21
 4.490000E+02 13 0 0 0 0 0 0 0 0 1 0 0 13 18 15 21 14 16
 4.495000E+02 9 0 0 0 0 0 0 1 0 0 0 0 11 16 13 24 14 16
 4.500000E+02 8 0 0 0 0 0 0 0 0 1 0 0 10 17 14 21 19 22
 4.505000E+02 8 0 0 1 0 0 0 0 0 0 0 0 15 14 20 19 17 18
 4.510000E+02 9 0 0 0 0 0 0 0 0 1 0 0 14 11 17 17 24 19
 4.515000E+02 11 0 0 0 0 0 0 0 0 0 0 0 13 13 20 19 20 15
 4.520000E+02 14 0 0 0 0 0 0 0 0 0 0 0 22 13 22 15 23 18
 4.525000E+02 9 0 0 0 0 0 0 0 0 0 0 0 11 21 16 16 18 17
 4.530000E+02 11 0 0 0 0 0 0 0 0 0 0 0 18 28 19 13 13 17
 4.535000E+02 7 0 0 0 0 0 0 0 0 0 0 0 12 24 18 14 7 15
 4.540000E+02 9 0 0 0 0 0 0 0 0 0 0 0 12 25 19 16 9 20
 4.545000E+02 9 0 0 0 0 0 0 0 0 0 0 0 15 18 28 16 18 20
 4.550000E+02 14 0 0 0 0 0 0 0 0 0 0 0 16 14 18 21 22 21
 4.555000E+02 10 0 0 0 0 0 0 0 0 0 0 0 15 25 19 18 19 16
 4.560000E+02 10 0 0 0 0 0 0 0 0 0 0 0 19 17 15 16 16 19
 4.565000E+02 9 0 0 0 0 0 0 0 0 0 0 0 17 23 15 15 15 9
 4.570000E+02 10 0 0 0 0 0 0 0 0 1 0 0 19 21 18 19 19 13
 4.575000E+02 6 0 0 0 0 0 0 0 0 1 0 0 22 20 20 18 20 15
 4.580000E+02 12 0 0 0 0 0 0 0 0 1 0 0 24 20 21 15 19 10
 4.585000E+02 9 0 0 1 0 0 0 0 0 0 0 0 17 23 18 13 12 12
 4.590000E+02 13 0 0 0 0 0 0 0 0 1 0 0 19 20 12 10 18 14
 4.595000E+02 11 0 0 0 0 0 0 0 0 1 0 0 28 12 10 13 22 12
 4.600000E+02 6 0 0 0 0 0 0 0 0 1 0 0 17 17 15 13 22 14
 4.605000E+02 7 0 0 0 0 0 0 1 0 0 0 0 16 14 19 19 18 17
 4.610000E+02 8 0 0 1 0 0 0 0 0 1 0 0 15 20 18 21 19 13
 4.615000E+02 9 0 0 0 0 0 0 0 0 0 0 0 16 19 19 19 21 16
 4.620000E+02 3 0 0 0 0 0 0 0 0 0 0 0 23 26 14 11 22 15
 4.625000E+02 9 0 0 0 0 0 0 0 0 0 0 0 13 20 14 15 16 13
 4.630000E+02 9 0 0 0 0 0 0 0 0 0 0 0 14 20 19 18 16 18
 4.635000E+02 5 0 0 0 0 0 0 0 0 0 0 0 13 22 16 20 16 12
 4.640000E+02 11 0 0 0 0 0 0 0 0 0 0 0 10 19 14 18 16 20
 4.645000E+02 7 0 0 0 0 0 0 0 0 0 0 0 20 17 16 24 16 20
 4.650000E+02 9 0 0 0 0 0 0 0 0 0 0 0 20 14 17 20 16 20
 4.655000E+02 9 0 0 0 0 0 0 0 0 0 0 0 12 18 16 20 16 19
 4.660000E+02 12 0 0 0 0 0 0 0 0 0 0 0 18 21 15 18 18 21
 4.665000E+02 6 0 0 0 0 0 0 0 0 0 0 0 19 16 21 20 13 14
 4.670000E+02 5 0 0 0 0 0 0 0 0 0 0 0 18 21 16 17 14 19
 4.675000E+02 10 0 0 0 0 0 0 0 0 0 0 0 21 26 15 16 14 15
 4.680000E+02 13 0 0 0 0 0 0 0 0 0 0 0 20 12 16 23 13 20
 4.685000E+02 9 0 0 0 0 0 0 0 0 0 0 0 16 14 15 23 16 25
 4.690000E+02 8 0 0 0 0 0 0 0 0 1 0 0 13 17 23 25 12 13
 4.695000E+02 11 0 0 0 0 0 0 0 0 0 0 0 14 15 23 25 13 17
 4.700000E+02 8 0 0 0 0 0 0 1 0 0 0 0 14 23 13 20 14 14
 4.705000E+02 12 0 0 0 0 0 0 0 0 0 0 0 19 22 13 10 13 21
 4.710000E+02 12 0 0 0 0 0 0 0 0 0 0 0 18 29 8 20 15 22
 4.715000E+02 11 0 0 0 0 0 0 0 0 0 0 0 25 19 12 16 14 20
 4.720000E+02 10 0 0 0 0 0 0 0 0 0 0 0 18 20 18 13 14 19
 4.725000E+02 10 0 0 0 0 0 0 0 0 0 0 0 14 27 17 17 19 20
 4.730000E+02 10 0 0 0 0 0 0 0 0 1 0 0 22 19 14 23 15 21
 4.735000E+02 7 0 0 0 0 0 0 0 0 1 0 0 18 25 15 15 20 16
 4.740000E+02 12 0 0 0 0 0 0 0 0 1 0 0 18 15 11 16 22 20
 4.745000E+02 13 0 0 0 0 0 0 0 0 0 0 0 26 15 6 16 17 26
 4.750000E+02 14 0 0 0 0 0 0 1 0 1 0 0 24 10 8 17 20 20
 4.755000E+02 10 0 0 0 0 0 0 0 0 2 0 0 20 9 16 18 22 22
 4.760000E+02 8 0 0 1 0 0 0 0 0 0 0 0 20 15 21 13 17 22
 4.765000E+02 3 0 0 0 0 0 0 0 0 1 0 0 17 18 20 9 20 26
 4.770000E+02 13 0 0 0 0 0 0 0 0 0 0 0 21 17 14 14 21 25
 4.775000E+02 7 0 0 0 0 0 0 0 0 0 0 0 27 14 11 23 24 19
 4.780000E+02 12 0 0 0 0 0 0 0 0 0 0 0 20 15 20 21 22 21
 4.785000E+02 5 0 0 0 0 0 0 0 0 0 0 0 15 18 17 22 21 19
 4.790000E+02 7 0 0 0 0 0 0 0 0 0 0 0 13 20 24 18 24 21
 4.795000E+02 11 0 0 0 0 0 0 0 0 0 0 0 14 16 23 15 29 17
 4.800000E+02 9 0 0 0 0 0 0 0 0 0 0 0 15 18 19 25 23 15
 4.805000E+02 12 0 0 0 0 0 0 0 0 0 0 0 23 13 21 18 16 21
 4.810000E+02 8 0 0 0 0 0 0 0 0 0 0 0 29 13 15 14 19 26
 4.815000E+02 8 0 0 0 0 0 0 0 0 0 0 0 31 16 23 18 26 15
 4.820000E+02 7 0 0 0 0 1 0 0 0 0 0 0 17 21 16 18 28 14
 4.825000E+02 11 0 0 0 0 0 0 0 0 1 0 0 20 24 18 17 25 13
 4.830000E+02 12 0 0 0 0 0 0 0 0 1 0 0 17 10 19 20 21 16
 4.835000E+02 10 0 0 0 0 0 0 0 0 1 0 0 20 15 15 18 22 17
 4.840000E+02 7 0 0 0 0 0 0 0 0 1 0 0 22 10 19 17 19 19
 4.845000E+02 2 0 0 0 0 0 0 1 0 0 0 0 22 13 24 17 17 17
 4.850000E+02 10 0 0 0 0 0 0 0 0 1 0 0 19 18 20 16 23 18
 4.855000E+02 7 0 0 0 0 0 0 0 0 1 0 0 17 30 18 19 17 20
 4.860000E+02 8 0 0 0 0 0 0 0 0 1 0 0 19 20 14 18 23 25
 4.865000E+02 8 0 0 0 0 0 0 0 0 1 0 0 18 14 15 19 21 21
 4.870000E+02 9 0 0 0 0 0 0 1 0 1 0 0 20 16 19 18 20 21
 4.875000E+02 10 0 0 0 0 0 0 0 0 1 0 0 21 12 21 25 20 14
 4.880000E+02 15 0 0 1 0 0 0 0 0 0 0 0 19 17 17 16 19 22
 4.885000E+02 14 0 0 0 0 0 0 1 0 0 0 0 19 14 17 14 12 20
 4.890000E+02 13 0 0 0 0 0 0 0 0 0 0 0 18 11 21 21 22 20
 4.895000E+02 7 0 0 0 0 0 0 0 0 0 0 0 20 13 21 19 20 13
 4.900000E+02 4 0 0 0 0 0 0 0 0 0 0 0 15 16 19 21 17 17
 4.905000E+02 12 0 0 0 0 0 0 0 0 0 0 0 20 16 20 19 13 16
 4.910000E+02 8 0 0 0 0 0 0 0 0 0 0 0 14 24 16 20 21 18
 4.915000E+02 10 0 0 0 0 0 0 0 0 0 0 0 19 14 16 21 18 18
 4.920000E+02 5 0 0 0 0 0 0 0 0 1 0 0 20 15 15 22 11 19
 4.925000E+02 7 0 0 0 0 0 0 0 0 1 0 0 16 10 20 22 20 19
 4.930000E+02 5 0 0 0 0 0 0 1 0 1 0 0 16 14 18 22 16 19
 4.935000E+02 10 0 0 0 0 0 0 2 0 1 0 0 21 17 17 15 20 18
 4.940000E+02 10 0 0 0 0 0 0 0 0 1 0 0 23 16 18 18 21 14
 4.945000E+02 9 0 0 1 0 0 0 0 0 0 0 0 20 23 16 21 22 11
 4.950000E+02 11 0 0 0 0 0 0 0 0 1 0 0 17 19 20 16 13 17
 4.955000E+02 12 0 0 0 0 0 0 0 0 1 0 0 22 17 25 23 19 14
 4.960000E+02 14 0 0 0 0 0 0 0 0 1 0 0 16 13 19 23 25 10
 4.965000E+02 9 0 0 0 0 0 0 0 0 0 0 0 16 15 22 19 23 18
 4.970000E+02 9 0 0 0 0 0 0 0 0 0 0 0 14 15 21 13 16 24
 4.975000E+02 12 0 0 0 0 0 0 0 0 0 0 0 18 19 19 17 19 18
 4.980000E+02 11 0 0 0 0 0 0 0 0 0 0 0 18 24 24 25 19 12
 4.985000E+02 7 0 0 0 0 0 0 0 0 1 0 0 13 20 18 23 12 16
 4.990000E+02 5 0 0 0 0 0 0 0 0 1 0 0 13 17 15 23 18 15
 4.995000E+02 10 0 0 0 0 0 0 0 0 0 0 0 20 17 22 17 22 10
 5.000000E+02 10 0 0 0 0 0 0 0 0 0 0 0 20 24 19 12 15 12
 5.005000E+02 14 0 0 0 0 0 0 0 0 0 0 0 18 22 22 18 19 13
 5.010000E+02 11 0 0 0 0 0 0 0 0 0 0 0 21 32 14 14 19 17
 5.015000E+02 7 0 0 0 0 0 0 0 0 0 0 0 14 27 20 15 18 15
 5.020000E+02 16 0 0 0 0 0 0 0 0 0 0 0 18 23 18 20 19 17
 5.025000E+02 12 0 0 0 0 0 0 0 0 0 0 0 17 23 18 16 19 16
 5.030000E+02 9 0 0 0 0 0 0 0 0 0 0 0 14 27 19 18 13 12
 5.035000E+02 8 0 0 0 0 0 0 0 0 0 1 0 19 17 20 24 14 11
 5.040000E+02 9 0 0 0 0 0 0 0 0 1 0 0 19 9 23 23 16 11
 5.045000E+02 11 0 0 0 0 0 0 0 0 0 0 0 19 10 27 19 18 19
 5.050000E+02 8 0 0 0 0 0 0 0 0 0 0 0 10 13 21 17 15 20
 5.055000E+02 6 0 0 0 0 0 0 0 0 0 0 0 18 18 22 14 15 20
 5.060000E+02 7 0 0 0 0 0 0 0 0 0 0 0 19 23 19 13 13 21
 5.065000E+02 9 0 0 0 0 0 0 0 0 0 0 0 16 25 18 18 7 24
 5.070000E+02 11 0 0 0 0 0 0 0 0 0 0 0 17 16 17 21 12 20
 5.075000E+02 9 0 0 0 0 0 0 0 0 0 0 0 15 15 18 20 13 23
 5.080000E+02 11 0 0 0 0 0 0 0 0 0 0 0 18 20 22 16 16 19
 5.085000E+02 10 0 0 0 0 0 0 0 0 0 0 0 16 14 23 22 17 17
 5.090000E+02 11 0 0 0 0 0 0 0 0 0 0 0 22 15 22 18 14 13
 5.095000E+02 15 0 0 0 0 0 0 0 0 0 0 0 13 13 20 13 18 20
 5.100000E+02 10 0 0 0 0 0 0 0 0 0 0 0 17 14 22 12 18 23
 5.105000E+02 13 0 0 0 0 0 0 0 0 0 0 0 16 20 21 12 16 21
 5.110000E+02 8 0 0 0 0 0 0 0 0 0 0 0 16 17 15 21 14 23
 5.115000E+02 5 0 0 0 0 0 0 0 0 0 0 0 20 23 13 19 12 21
 5.120000E+02 5 0 0 0 0 0 0 0 0 0 0 0 21 23 17 16 16 22
 5.125000E+02 9 0 0 0 0 0 0 0 0 0 0 0 15 24 19 14 15 19
 5.130000E+02 5 0 0 0 0 0 0 0 0 0 0 0 16 15 16 21 12 17
 5.135000E+02 14 0 0 1 0 0 0 0 0 0 0 0 19 22 14 17 16 19
 5.140000E+02 14 0 0 0 0 0 0 0 0 1 0 0 20 23 24 20 17 12
 5.145000E+02 8 0 0 0 0 0 0 1 0 0 0 0 21 18 16 20 18 10
 5.150000E+02 15 0 0 0 0 0 0 0 0 0 0 0 19 15 15 21 18 15
 5.155000E+02 11 0 0 0 0 0 0 0 0 0 0 0 20 13 14 20 29 11
 5.160000E+02 10 0 0 0 0 0 0 0 0 0 0 0 17 17 15 20 26 12
 5.165000E+02 10 0 0 0 0 0 0 0 0 0 0 0 16 16 16 8 21 22
 5.170000E+02 13 0 0 0 0 0 0 0 0 0 0 0 20 14 17 12 20 26
 5.175000E+02 14 0 0 0 0 0 0 0 0 0 0 0 22 14 22 17 17 18
 5.180000E+02 10 0 0 0 0 0 0 0 0 0 0 0 24 14 14 17 20 19
 5.185000E+02 9 0 0 0 0 0 0 0 0 0 0 0 24 11 16 16 21 14
 5.190000E+02 7 0 0 0 0 0 0 0 0 0 0 0 26 7 14 17 23 14
 5.195000E+02 6 0 0 0 0 0 0 0 0 0 0 0 25 12 15 28 21 19
 5.200000E+02 5 0 0 0 0 0 0 0 0 0 0 0 30 17 15 18 18 17
 5.205000E+02 11 0 0 0 0 0 0 0 0 0 0 0 18 19 11 18 18 22
 5.210000E+02 6 0 0 0 0 0 0 0 0 0 0 0 11 21 12 21 24 25
 5.215000E+02 11 0 0 0 0 0 0 0 0 0 0 0 13 16 14 18 22 18
 5.220000E+02 13 0 0 0 0 0 0 0 0 0 0 0 8 20 14 14 17 20
 5.225000E+02 11 0 0 0 0 0 0 0 0 0 0 0 15 10 15 19 21 28
 5.230000E+02 7 0 0 0 0 0 0 0 0 0 0 0 15 21 12 19 19 17
 5.235000E+02 6 0 0 0 0 0 0 0 0 0 0 0 17 18 16 17 28 16
 5.240000E+02 6 0 0 0 0 0 0 0 0 0 0 0 19 19 18 23 25 13
 5.245000E+02 11 0 0 0 0 0 0 0 0 0 0 0 19 16 19 12 14 10
 5.250000E+02 14 0 0 0 0 0 0 0 0 0 0 0 21 18 21 10 17 14
 5.255000E+02 4 0 0 0 0 0 0 0 0 0 0 0 17 16 23 12 14 16
 5.260000E+02 8 0 0 0 0 0 0 0 0 0 0 0 22 12 22 16 16 18
 5.265000E+02 12 0 0 0 0 0 0 0 0 1 0 0 22 13 16 16 17 17
 5.270000E+02 5 0 0 0 0 0 0 0 0 1 0 0 16 20 20 15 18 16
 5.275000E+02 7 0 0 0 0 0 0 0 0 1 0 0 19 19 17 15 17 14
 5.280000E+02 14 0 0 0 0 0 0 0 0 0 0 0 20 10 13 18 17 15
 5.285000E+02 14 0 0 0 0 0 0 0 0 0 0 0 22 14 17 13 18 13
 5.290000E+02 4 0 0 0 0 0 0 0 0 0 0 0 27 15 18 15 21 13
 5.295000E+02 16 0 0 0 0 0 0 0 0 0 0 0 21 13 18 18 20 10
 5.300000E+02 13 0 0 0 0 0 0 0 0 1 0 0 18 20 14 17 14 14
 5.305000E+02 11 0 0 0 0 0 0 0 0 1 0 0 19 14 17 20 15 11
 5.310000E+02 17 0 0 0 0 0 0 0 0 0 0 0 13 17 23 14 12 13
 5.315000E+02 6 0 0 0 0 0 0 0 0 0 0 0 14 17 18 19 21 17
 5.320000E+02 5 0 0 0 0 0 0 0 0 0 0 0 14 13 21 21 17 15
 5.325000E+02 11 0 0 0 0 0 0 0 0 0 0 0 17 6 20 19 17 14
 5.330000E+02 11 0 0 0 0 0 0 0 0 1 0 0 21 10 21 20 13 13
 5.335000E+02 7 0 0 0 0 0 0 1 0 0 0 0 17 13 18 22 15 16
 5.340000E+02 9 0 0 0 0 0 0 0 0 1 0 0 16 18 19 19 13 15
 5.345000E+02 8 0 0 0 0 0 0 0 0 1 0 0 15 11 13 12 17 20
 5.350000E+02 12 0 0 0 0 0 0 1 0 0 0 0 16 19 11 12 15 16
 5.355000E+02 9 0 0 0 0 0 0 0 0 1 0 0 21 11 16 11 19 15
 5.360000E+02 9 0 0 0 0 0 0 0 0 0 0 0 17 18 19 15 13 15
 5.365000E+02 7 0 0 0 0 0 0 0 0 0 0 0 19 17 14 16 15 17
 5.370000E+02 6 0 0 0 0 0 0 0 0 0 0 0 24 12 14 19 20 17
 5.375000E+02 12 0 0 0 0 0 0 0 0 0 0 0 22 23 11 13 17 18
 5.380000E+02 7 0 0 0 0 0 0 0 0 0 0 0 22 13 12 18 7 23
 5.385000E+02 11 0 0 0 0 0 0 0 0 0 0 0 15 14 13 18 7 23
 5.390000E+02 12 0 0 0 0 0 0 0 0 1 0 0 14 19 25 17 11 20
 5.395000E+02 8 0 0 0 0 0 0 0 0 1 0 0 21 17 23 19 12 17
 5.400000E+02 8 0 0 0 0 0 0 0 0 1 0 0 15 14 16 14 17 14
 5.405000E+02 8 0 0 0 0 0 0 0 0 0 0 0 10 20 18 14 18 16
 5.410000E+02 10 0 0 0 0 0 0 0 0 0 0 0 14 14 18 11 23 14
 5.415000E+02 12 0 0 0 0 0 0 0 0 0 0 0 13 16 18 13 21 14
 5.420000E+02 10 0 0 0 0 0 0 0 0 0 0 0 14 16 17 12 18 12
 5.425000E+02 7 0 0 0 0 0 0 0 0 0 0 0 20 17 14 16 19 11
 5.430000E+02 7 0 0 0 0 0 0 0 0 0 0 0 20 18 15 13 19 15
 5.435000E+02 10 0 0 0 0 0 0 0 0 0 0 0 16 16 16 17 17 14
 5.440000E+02 7 0 0 0 0 0 0 0 0 0 0 0 22 19 14 13 17 13
 5.445000E+02 9 0 0 0 0 0 0 0 0 0 0 0 18 21 13 21 15 17
 5.450000E+02 6 0 0 0 0 0 0 0 0 0 0 0 15 17 15 17 14 16
 5.455000E+02 9 0 0 0 0 0 0 0 0 0 0 0 12 17 14 13 11 25
 5.460000E+02 11 0 0 0 0 0 0 0 0 0 0 0 16 14 23 8 17 20
 5.465000E+02 4 0 0 0 0 0 0 0 0 0 0 0 16 18 13 18 14 17
 5.470000E+02 8 0 0 0 0 0 0 0 0 0 0 0 16 11 18 16 14 15
 5.475000E+02 12 0 0 0 0 0 0 0 0 0 0 0 15 18 18 12 13 15
 5.480000E+02 8 0 0 0 0 0 0 0 0 0 0 0 13 21 17 18 18 14
 5.485000E+02 12 0 0 0 0 0 0 0 0 1 0 0 16 22 20 14 16 15
 5.490000E+02 9 0 0 0 0 0 0 0 0 0 1 0 16 19 16 11 14 16
 5.495000E+02 10 0 0 0 0 0 0 0 0 1 0 0 14 10 18 15 15 18
 5.500000E+02 2 0 0 0 0 0 0 1 0 0 0 0 16 10 18 13 14 12
 5.505000E+02 2 0 0 0 0 0 0 1 0 0 0 0 21 9 18 12 17 12
 5.510000E+02 15 0 0 1 0 0 0 0 0 0 0 0 20 13 16 8 18 9
 5.515000E+02 7 0 0 0 0 0 0 0 0 0 0 0 23 16 13 16 13 14
 5.520000E+02 8 0 0 0 0 0 0 0 0 0 0 0 20 9 14 15 15 15
 5.525000E+02 8 0 0 0 0 0 0 0 0 0 0 0 15 7 16 14 18 22
 5.530000E+02 7 0 0 0 0 0 0 0 0 0 0 0 18 10 16 12 15 18
 5.535000E+02 7 0 0 0 0 0 0 0 0 0 0 0 17 16 20 11 15 11
 5.540000E+02 11 0 0 0 0 0 0 1 0 0 0 0 13 13 15 20 14 15
 5.545000E+02 8 0 0 0 0 0 0 0 0 0 0 0 17 13 14 17 22 17
 5.550000E+02 8 0 0 0 0 0 0 0 0 0 0 0 19 9 11 16 18 13
 5.555000E+02 15 0 0 0 0 0 0 0 0 0 0 0 18 13 13 16 15 11
 5.560000E+02 9 0 0 0 0 0 0 0 0 0 0 0 14 16 16 19 14 21
 5.565000E+02 8 0 0 0 0 0 0 0 0 0 0 0 14 19 13 12 13 21
 5.570000E+02 6 0 0 0 0 0 0 0 0 1 0 0 15 18 15 14 14 20
 5.575000E+02 12 0 0 0 0 0 0 0 0 1 0 0 15 15 15 13 11 23
 5.580000E+02 6 0 0 0 0 0 0 0 0 0 0 0 14 20 19 12 9 21
 5.585000E+02 6 0 0 0 0 0 0 0 0 0 0 0 9 17 17 15 13 14
 5.590000E+02 4 0 0 0 0 0 0 0 0 0 0 0 17 17 24 10 12 13
 5.595000E+02 5 0 0 0 0 0 0 0 0 0 0 0 17 21 14 12 14 8
 5.600000E+02 8 0 0 0 0 0 0 0 0 1 0 0 18 14 16 15 15 7
 5.605000E+02 6 0 0 0 0 0 0 0 0 0 0 0 20 18 15 12 13 8
 5.610000E+02 8 0 0 0 0 0 0 0 0 0 0 0 16 15 15 8 16 10
 5.615000E+02 5 0 0 0 0 0 0 0 0 0 0 0 21 24 10 12 15 6
 5.620000E+02 10 0 0 0 0 0 0 0 0 0 0 0 19 18 12 14 11 8
 5.625000E+02 8 0 0 0 0 0 0 0 0 0 0 0 21 13 10 17 8 14
 5.630000E+02 12 0 0 0 0 0 0 0 0 0 0 0 17 12 9 11 11 18
 5.635000E+02 10 0 0 0 0 0 0 0 0 0 0 0 23 11 13 10 15 16
 5.640000E+02 7 0 0 0 0 0 0 0 0 0 0 0 17 17 14 13 13 11
 5.645000E+02 6 0 0 0 0 0 0 1 0 0 0 0 14 19 15 8 15 19
 5.650000E+02 8 0 0 0 0 0 0 0 0 1 0 0 11 17 21 15 12 22
 5.655000E+02 5 0 0 0 0 0 0 0 0 1 0 0 12 17 16 15 14 13
 5.660000E+02 7 0 0 0 0 0 0 0 0 0 0 0 20 18 14 20 12 11
 5.665000E+02 9 0 0 0 0 0 0 0 0 0 0 0 20 15 11 19 12 12
 5.670000E+02 9 0 0 0 0 0 0 0 0 0 0 0 12 15 14 13 16 17
 5.675000E+02 7 0 0 0 0 0 0 0 0 0 0 0 11 17 12 19 12 12
 5.680000E+02 7 0 0 0 0 0 0 0 0 0 0 0 7 17 14 13 16 13
 5.685000E+02 9 0 0 0 0 0 0 0 0 0 0 0 12 18 14 18 15 10
 5.690000E+02 5 0 0 0 0 0 0 0 0 1 0 0 14 18 15 14 15 17
 5.695000E+02 15 0 0 0 0 0 0 0 0 1 0 0 16 14 20 18 14 16
 5.700000E+02 6 0 0 0 0 0 0 0 0 1 0 0 15 18 18 15 15 17
 5.705000E+02 5 0 0 0 0 0 0 0 0 1 0 0 16 10 19 18 18 14
 5.710000E+02 8 0 0 0 0 0 0 0 0 0 0 0 17 10 21 24 15 14
 5.715000E+02 11 0 0 0 0 0 0 0 0 0 0 0 15 10 14 26 14 14
 5.720000E+02 11 0 0 0 0 0 0 0 0 0 0 0 13 13 10 21 18 18
 5.725000E+02 8 0 0 0 0 0 0 0 0 0 0 0 16 8 12 21 13 18
 5.730000E+02 8 0 0 0 0 0 0 0 0 0 0 0 14 15 18 18 17 15
 5.735000E+02 8 0 0 0 0 0 0 0 0 1 0 0 10 8 14 18 20 21
 5.740000E+02 12 0 0 0 0 0 0 0 0 1 0 0 15 9 14 17 19 22
 5.745000E+02 8 0 0 0 0 0 0 0 0 1 0 0 13 13 18 16 24 21
 5.750000E+02 8 0 0 0 0 0 0 1 0 0 0 0 13 23 13 16 14 13
 5.755000E+02 11 0 0 0 0 0 0 0 0 1 0 0 19 22 15 13 14 9
 5.760000E+02 16 0 0 0 0 0 0 0 0 1 0 0 25 14 15 13 13 10
 5.765000E+02 11 0 0 0 0 0 0 0 0 1 0 0 26 15 23 13 13 13
 5.770000E+02 11 0 0 0 0 0 0 0 0 1 0 0 25 13 17 15 9 10
 5.775000E+02 11 0 0 0 0 0 0 0 0 1 0 0 20 12 14 21 15 10
 5.780000E+02 10 0 0 0 0 0 0 0 0 1 0 0 24 9 18 22 14 13
 5.785000E+02 8 0 0 0 0 0 0 0 0 0 0 0 23 10 15 19 15 12
 5.790000E+02 11 0 0 0 0 0 0 0 0 0 0 0 24 14 18 17 20 14
 5.795000E+02 8 0 0 0 0 0 0 0 0 0 0 0 26 16 19 10 19 13
 5.800000E+02 2 0 0 0 0 0 0 0 0 0 0 0 23 16 13 16 14 17
 5.805000E+02 8 0 0 0 0 0 0 0 0 0 0 0 22 17 15 18 14 16
 5.810000E+02 4 0 0 0 0 0 0 0 0 0 0 0 20 21 13 18 21 10
 5.815000E+02 9 0 0 0 0 0 0 0 0 0 0 0 15 19 16 21 20 16
 5.820000E+02 5 0 0 0 0 0 0 0 0 0 0 0 14 22 18 12 18 17
 5.825000E+02 7 0 0 0 0 0 0 0 0 0 0 0 16 11 19 14 22 19
 5.830000E+02 13 0 0 0 0 0 0 0 0 0 0 0 20 16 18 13 19 14
 5.835000E+02 9 0 0 0 0 0 0 0 0 1 0 0 16 13 14 14 18 14
 5.840000E+02 7 0 0 0 0 1 0 0 0 0 0 0 20 16 15 14 17 14
 5.845000E+02 3 0 0 0 0 0 0 0 0 0 0 0 20 17 20 12 16 11
 5.850000E+02 9 0 0 0 0 0 0 0 0 0 0 0 23 18 17 13 12 19
 5.855000E+02 9 0 0 0 0 0 0 0 0 0 0 0 17 19 17 12 13 22
 5.860000E+02 8 0 0 0 0 0 0 0 0 0 0 0 9 23 18 15 19 20
 5.865000E+02 7 0 0 0 0 0 0 0 0 0 0 0 14 23 14 17 8 19
 5.870000E+02 10 0 0 0 0 0 0 0 0 0 0 0 14 23 16 15 11 27
 5.875000E+02 6 0 0 0 0 0 0 0 0 0 0 0 13 15 12 12 17 33
 5.880000E+02 8 0 0 0 0 0 0 0 0 0 0 0 16 14 14 21 15 15
 5.885000E+02 5 0 0 0 0 0 0 0 0 0 0 0 14 17 12 20 12 16
 5.890000E+02 8 0 0 0 0 0 0 0 0 0 0 0 9 24 12 14 12 24
 5.895000E+02 8 0 0 0 0 0 0 0 0 1 0 0 13 20 17 18 13 21
 5.900000E+02 4 0 0 0 0 0 0 0 0 1 0 0 14 21 19 13 14 19
 5.905000E+02 13 0 0 0 0 0 0 1 0 0 0 0 14 17 18 11 16 19
 5.910000E+02 9 0 0 0 0 0 0 1 0 1 0 0 11 15 21 13 16 16
 5.915000E+02 7 0 0 0 0 0 0 0 0 0 0 0 14 15 16 20 20 19
 5.920000E+02 6 0 0 0 0 0 0 0 0 0 0 0 16 13 12 20 19 19
 5.925000E+02 7 0 0 0 0 0 0 0 0 0 0 0 28 12 16 18 17 15
 5.930000E+02 12 0 0 0 0 0 0 0 0 0 0 0 24 10 15 16 15 12
 5.935000E+02 7 0 0 0 0 0 0 0 0 0 0 0 21 7 14 21 15 18
 5.940000E+02 7 0 0 0 0 0 0 0 0 0 0 0 16 18 14 18 16 15
 5.945000E+02 16 0 0 0 0 0 0 0 0 0 0 0 14 21 18 18 14 10
 5.950000E+02 4 0 0 0 0 0 0 0 0 0 0 0 19 19 25 10 12 13
 5.955000E+02 7 0 0 0 0 0 0 0 0 0 0 0 16 20 15 15 13 16
 5.960000E+02 6 0 0 0 0 0 0 0 0 0 0 0 14 21 13 15 12 18
 5.965000E+02 13 0 0 0 0 0 0 0 0 1 0 0 18 17 15 18 11 16
 5.970000E+02 11 0 0 0 0 0 0 0 0 0 0 0 16 11 14 19 17 19
 5.975000E+02 5 0 0 0 0 0 0 0 0 2 0 0 12 17 20 19 13 11
 5.980000E+02 7 0 0 0 0 0 0 0 0 2 0 0 13 17 25 15 18 20
 5.985000E+02 9 0 0 0 0 0 0 0 0 1 0 0 16 22 17 13 14 15
 5.990000E+02 11 0 0 0 0 0 0 0 0 1 0 0 16 18 18 15 16 11
 5.995000E+02 13 0 0 0 0 0 0 0 0 0 0 0 22 24 21 18 15 13
 6.000000E+02 9 0 0 0 0 0 0 0 0 0 0 0 19 16 16 16 16 11
 6.005000E+02 6 0 0 0 0 0 0 0 0 0 0 0 19 11 22 22 15 14
 6.010000E+02 9 0 0 0 0 0 0 0 0 0 0 0 17 14 17 23 15 25
 6.015000E+02 15 0 0 0 0 0 0 0 0 1 0 0 22 10 22 14 16 23
 6.020000E+02 8 0 0 0 0 0 0 0 0 0 0 0 24 16 19 20 15 20
 6.025000E+02 10 0 0 0 0 0 0 0 0 0 0 0 9 9 21 18 23 13
 6.030000E+02 10 0 0 0 0 0 0 0 0 0 0 0 14 19 12 17 20 19
 6.035000E+02 12 0 0 0 0 0 0 0 0 1 0 0 24 17 18 16 15 20
 6.040000E+02 6 0 0 0 0 0 0 0 0 1 0 0 15 20 20 17 22 19
 6.045000E+02 13 0 0 0 0 0 0 0 0 0 0 0 19 17 21 22 13 16
 6.050000E+02 8 0 0 0 0 0 0 0 0 0 0 0 18 17 18 23 19 15
 6.055000E+02 9 0 0 0 0 0 0 0 0 0 0 0 19 17 19 19 15 10
 6.060000E+02 10 0 0 0 0 0 0 0 0 0 0 0 21 9 22 13 19 15
 6.065000E+02 15 0 0 0 0 0 0 0 0 0 0 0 17 18 15 19 15 15
 6.070000E+02 8 0 0 0 0 0 0 0 0 0 0 0 18 15 17 16 16 17
 6.075000E+02 13 0 0 0 0 0 0 0 0 0 0 0 18 13 20 17 18 13
 6.080000E+02 5 0 0 0 0 0 0 0 0 0 0 0 14 18 23 21 22 14
 6.085000E+02 16 0 0 0 0 0 0 0 0 0 0 0 13 14 19 16 16 20
 6.090000E+02 8 0 0 0 0 0 0 0 0 0 0 0 8 13 12 20 22 22
 6.095000E+02 14 0 0 0 0 0 0 0 0 0 0 0 23 13 18 14 17 15
 6.100000E+02 9 0 0 0 0 0 0 0 0 0 0 0 28 11 15 18 18 15
 6.105000E+02 7 0 0 0 0 0 0 0 0 0 0 0 26 14 10 14 17 13
 6.110000E+02 9 0 0 0 0 0 0 0 0 0 0 0 21 20 13 20 15 18
 6.115000E+02 9 0 0 0 0 0 0 0 0 0 0 0 15 27 13 15 19 20
 6.120000E+02 11 0 0 0 0 0 0 0 0 0 0 0 18 23 24 21 16 15
 6.125000E+02 10 0 0 0 0 0 0 0 0 0 0 0 18 22 21 15 19 14
 6.130000E+02 14 0 0 0 0 0 0 0 0 1 0 0 12 17 23 17 17 17
 6.135000E+02 11 0 0 0 0 0 0 0 0 1 0 0 16 18 21 21 17 17
 6.140000E+02 3 0 0 0 0 0 0 0 0 0 0 0 18 22 18 23 12 16
 6.145000E+02 11 0 0 0 0 0 0 0 0 0 0 0 12 23 14 17 18 13
 6.150000E+02 10 0 0 0 0 0 0 0 0 0 0 0 12 26 18 19 12 23
 6.155000E+02 10 0 0 0 0 0 0 0 0 0 0 0 13 19 10 17 16 23
 6.160000E+02 4 0 0 0 0 0 0 0 0 0 0 0 18 19 13 12 17 21
 6.165000E+02 13 0 0 0 0 0 0 0 0 0 0 0 15 24 20 14 17 20
 6.170000E+02 7 0 0 0 0 0 0 0 0 1 0 0 21 22 13 15 19 17
 6.175000E+02 12 0 0 0 0 0 0 1 0 0 0 1 14 15 13 19 21 18
 6.180000E+02 10 0 0 0 0 0 0 1 0 1 0 0 13 16 8 24 16 15
 6.185000E+02 7 0 0 1 0 0 0 1 0 2 0 0 18 21 13 21 18 18
 6.190000E+02 9 0 0 0 0 0 0 0 0 1 0 0 16 18 15 18 23 12
 6.195000E+02 6 0 0 0 0 0 0 0 0 1 0 0 20 12 15 23 21 15
 6.200000E+02 5 0 0 0 0 0 0 0 0 0 0 0 20 14 19 18 16 22
 6.205000E+02 12 0 0 0 0 0 0 0 0 0 0 0 17 17 20 13 22 17
 6.210000E+02 7 0 0 0 0 0 0 0 0 0 0 0 17 20 26 20 18 10
 6.215000E+02 4 0 0 0 0 0 0 0 0 0 0 0 18 22 22 14 20 15
 6.220000E+02 7 0 0 0 0 0 0 0 0 0 0 0 15 25 18 13 17 10
 6.225000E+02 6 0 0 0 0 0 0 0 0 0 0 0 16 15 25 14 20 15
 6.230000E+02 14 0 0 0 0 0 0 0 0 0 0 0 19 16 24 8 15 16
 6.235000E+02 11 0 0 0 0 0 0 0 0 1 0 0 17 19 26 14 15 17
 6.240000E+02 16 0 0 0 0 0 0 0 0 1 0 0 17 18 17 17 18 19
 6.245000E+02 8 0 0 0 0 0 0 0 0 0 0 0 21 14 11 12 23 16
 6.250000E+02 8 0 0 0 0 0 0 0 0 0 0 0 17 22 11 18 16 21
 6.255000E+02 14 0 0 0 0 0 0 0 0 0 0 0 13 19 19 19 16 18
 6.260000E+02 4 0 0 0 0 0 0 0 0 0 0 0 21 24 23 9 12 10
 6.265000E+02 16 0 0 0 0 0 0 0 0 0 0 0 18 17 16 14 21 22
 6.270000E+02 11 0 0 0 0 0 0 0 0 1 0 0 13 13 14 13 24 21
 6.275000E+02 5 0 0 0 0 0 0 0 0 2 0 0 18 17 14 20 20 13
 6.280000E+02 9 0 0 0 0 0 0 0 0 1 0 0 18 17 16 18 12 13
 6.285000E+02 7 0 0 0 0 0 0 0 0 0 0 0 17 18 14 15 13 13
 6.290000E+02 9 0 0 0 0 0 0 0 0 0 0 0 15 18 20 17 13 14
 6.295000E+02 22 0 0 0 0 0 0 0 0 0 0 0 26 16 18 17 15 18
 6.300000E+02 10 0 0 0 0 0 0 0 0 0 0 0 27 13 14 19 14 15
 6.305000E+02 3 0 0 0 0 0 0 0 0 0 0 0 17 22 17 16 12 17
 6.310000E+02 6 0 0 0 0 0 0 0 0 0 0 0 20 22 12 20 16 15
 6.315000E+02 8 0 0 0 0 0 0 0 0 0 0 0 12 24 14 20 15 16
 6.320000E+02 13 0 0 0 0 0 0 0 0 0 0 0 16 22 17 17 16 17
 6.325000E+02 7 0 0 0 0 0 0 0 0 0 0 0 16 28 22 13 16 18
 6.330000E+02 8 0 0 0 0 0 0 0 0 0 0 0 13 20 19 15 13 13
 6.335000E+02 6 0 0 0 0 0 0 1 0 0 0 0 20 17 20 13 14 18
 6.340000E+02 10 0 0 0 0 0 0 0 0 1 0 0 16 17 23 19 16 14
 6.345000E+02 13 0 0 0 0 0 0 0 0 0 0 0 16 10 24 15 17 15
 6.350000E+02 8 0 0 0 0 0 0 0 0 0 0 0 18 10 28 10 18 17
 6.355000E+02 10 0 0 0 0 0 0 0 0 0 0 0 18 12 27 15 21 16
 6.360000E+02 5 0 0 0 0 0 0 0 0 1 0 0 17 16 16 22 17 10
 6.365000E+02 7 0 0 0 0 0 0 0 0 0 0 0 18 14 14 19 16 13
 6.370000E+02 6 0 0 0 0 0 0 0 0 0 0 0 16 10 17 20 15 16
 6.375000E+02 7 0 0 0 0 0 0 0 0 0 0 0 15 18 18 16 16 16
 6.380000E+02 10 0 0 0 0 0 0 0 0 0 0 0 16 17 22 20 16 15
 6.385000E+02 14 0 0 0 0 0 0 0 0 0 0 0 18 14 19 17 18 13
 6.390000E+02 7 0 0 1 0 0 0 0 0 0 0 0 13 14 19 21 24 7
 6.395000E+02 9 0 0 0 0 0 0 0 0 1 0 0 20 15 13 19 25 15
 6.400000E+02 8 0 0 0 0 0 0 0 0 1 0 0 18 12 16 21 23 23
 6.405000E+02 7 0 0 0 0 0 0 0 0 0 0 0 19 11 20 17 23 13
 6.410000E+02 7 0 0 0 0 0 0 0 0 0 0 0 15 12 29 18 24 19
 6.415000E+02 11 0 0 0 0 0 0 0 0 0 0 0 14 12 24 21 20 17
 6.420000E+02 3 0 0 0 0 0 0 0 0 0 0 0 14 19 20 19 21 14
 6.425000E+02 12 0 0 0 0 0 0 0 0 1 0 0 11 21 19 18 17 14
 6.430000E+02 7 0 0 0 0 0 0 0 0 0 0 0 15 19 21 20 23 12
 6.435000E+02 4 0 0 0 0 0 0 0 0 0 0 0 15 24 21 20 23 14
 6.440000E+02 6 0 0 0 0 0 0 0 0 0 0 0 16 22 18 25 20 16
 6.445000E+02 8 0 0 0 0 0 0 0 0 1 0 0 20 24 15 13 14 28
 6.450000E+02 11 0 0 1 0 0 0 0 0 0 0 0 15 29 17 18 12 13
 6.455000E+02 9 0 0 1 0 0 0 0 0 0 0 0 20 21 15 20 16 18
 6.460000E+02 6 0 0 0 0 0 0 0 0 1 0 0 17 23 20 16 16 18
 6.465000E+02 10 0 0 0 0 0 0 0 0 1 0 0 13 23 17 13 18 16
 6.470000E+02 8 0 0 0 0 0 0 0 0 1 0 0 20 20 18 15 16 22
 6.475000E+02 11 0 0 0 0 0 0 0 0 1 0 0 25 20 17 12 16 17
 6.480000E+02 5 0 0 0 0 0 0 0 0 1 0 0 15 23 13 14 13 18
 6.485000E+02 7 0 0 1 0 0 0 0 0 0 0 0 16 22 21 18 19 17
 6.490000E+02 13 0 0 0 0 0 0 0 0 0 0 0 14 21 16 14 13 26
 6.495000E+02 11 0 0 0 0 0 0 0 0 2 0 0 13 23 18 20 15 15
 6.500000E+02 9 0 0 0 0 0 0 1 0 0 0 0 11 18 20 19 16 20
 6.505000E+02 11 0 0 0 0 0 0 0 0 1 0 0 15 13 12 23 15 18
 6.510000E+02 16 0 0 0 0 0 0 0 0 1 0 0 12 11 18 20 15 29
 6.515000E+02 7 0 0 0 0 0 0 0 0 0 0 0 15 11 18 19 8 20
 6.520000E+02 7 0 0 0 0 0 0 0 0 0 0 0 24 11 19 13 12 24
 6.525000E+02 9 0 0 0 0 0 0 0 0 0 0 0 23 11 19 10 10 19
 6.530000E+02 12 0 0 0 0 0 0 0 0 0 0 0 13 14 19 17 17 22
 6.535000E+02 9 0 0 0 0 0 0 0 0 0 0 0 19 16 22 21 13 19
 6.540000E+02 4 0 0 0 0 0 0 0 0 0 0 0 16 12 15 18 20 21
 6.545000E+02 6 0 0 0 0 0 0 0 0 1 0 0 14 16 13 23 22 16
 6.550000E+02 8 0 0 0 0 0 0 0 0 1 0 0 24 17 14 19 20 17
 6.555000E+02 8 0 0 0 0 0 0 0 0 1 0 0 16 14 14 21 17 18
 6.560000E+02 8 0 0 0 0 0 0 0 0 1 0 0 20 12 18 21 26 23
 6.565000E+02 8 0 0 0 0 0 0 0 0 2 0 0 24 11 15 14 19 15
 6.570000E+02 10 0 0 0 0 0 0 0 0 1 0 0 22 8 18 11 27 14
 6.575000E+02 8 0 0 0 0 0 0 1 0 0 0 0 17 12 19 16 29 15
 6.580000E+02 12 0 0 0 0 0 0 0 0 1 0 0 12 11 20 16 23 23
 6.585000E+02 7 0 0 0 0 0 0 1 0 0 0 0 19 11 17 19 22 16
 6.590000E+02 10 0 0 0 0 0 0 1 0 0 0 0 13 10 19 19 22 11
 6.595000E+02 11 0 0 0 0 0 0 0 0 1 0 0 19 12 13 23 16 13
 6.600000E+02 15 0 0 0 0 0 0 0 0 1 0 0 14 16 16 21 21 13
 6.605000E+02 12 0 0 0 0 0 0 1 0 1 0 0 12 15 27 23 14 8
 6.610000E+02 8 0 0 0 0 0 0 1 0 0 0 0 15 9 24 18 24 16
 6.615000E+02 11 0 0 0 0 0 0 0 0 0 0 0 18 16 19 17 17 22
 6.620000E+02 12 0 0 0 0 0 0 0 0 0 0 0 18 21 16 16 18 10
 6.625000E+02 11 0 0 0 0 0 0 0 0 0 0 0 21 14 14 19 16 15
 6.630000E+02 8 0 0 0 0 0 0 0 0 1 0 0 20 16 18 20 20 17
 6.635000E+02 8 0 0 0 0 0 0 0 0 0 0 0 18 14 23 15 22 14
 6.640000E+02 7 0 0 0 0 0 0 0 0 0 0 0 17 17 19 15 20 19
 6.645000E+02 5 0 0 0 0 0 0 0 0 1 0 0 9 17 16 16 24 17
 6.650000E+02 5 0 0 0 0 0 0 0 0 0 0 0 10 11 16 24 23 19
 6.655000E+02 11 0 0 0 0 0 0 0 0 0 0 0 16 9 16 16 21 16
 6.660000E+02 9 0 0 0 0 0 0 0 0 0 0 0 19 11 22 15 19 16
 6.665000E+02 7 0 0 0 0 0 0 0 0 0 0 0 14 19 16 21 25 17
 6.670000E+02 5 0 0 0 0 0 0 0 0 0 0 0 18 16 18 20 23 11
 6.675000E+02 12 0 0 0 0 0 0 0 0 1 0 0 19 12 26 19 16 13
 6.680000E+02 8 0 0 0 0 0 0 2 0 0 0 0 22 15 24 17 10 18
 6.685000E+02 13 0 0 1 0 0 0 0 0 0 0 0 18 19 23 20 17 12
 6.690000E+02 9 0 0 0 0 0 0 0 0 0 0 0 19 22 12 17 14 18
 6.695000E+02 10 0 0 0 0 0 0 0 0 1 0 0 20 18 11 12 19 14
 6.700000E+02 7 0 0 0 0 0 0 0 0 2 0 0 18 23 12 17 18 13
 6.705000E+02 3 0 0 0 0 0 0 0 0 1 0 0 19 22 16 15 15 10
 6.710000E+02 10 0 0 0 0 0 0 0 0 1 0 0 19 18 16 15 17 16
 6.715000E+02 8 0 0 0 0 0 0 0 0 0 0 0 22 16 22 14 11 21
 6.720000E+02 14 0 0 0 0 0 0 0 0 0 0 0 18 19 20 15 15 17
 6.725000E+02 9 0 0 0 0 0 0 0 0 0 0 0 15 11 23 21 18 16
 6.730000E+02 6 0 0 0 0 0 0 0 0 0 0 0 19 12 21 17 22 20
 6.735000E+02 11 0 0 0 0 0 0 1 0 0 0 0 18 22 18 8 22 22
 6.740000E+02 7 0 0 0 0 0 0 0 0 1 0 0 15 18 16 12 18 21
 6.745000E+02 8 0 0 0 0 0 0 0 0 0 0 0 14 25 15 13 16 26
 6.750000E+02 9 0 0 0 0 0 0 0 0 0 0 0 15 17 18 8 18 21
 6.755000E+02 9 0 0 0 0 0 0 0 0 0 0 0 14 21 25 13 17 19
 6.760000E+02 13 0 0 0 0 0 0 0 0 0 0 0 14 14 20 14 13 13
 6.765000E+02 9 0 0 0 0 0 0 0 0 0 0 0 16 19 18 18 20 17
 6.770000E+02 8 0 0 0 0 0 0 0 0 0 0 0 17 14 14 19 19 18
 6.775000E+02 5 0 0 0 0 0 0 0 0 0 0 0 19 14 23 12 17 14
 6.780000E+02 6 0 0 0 0 0 0 0 0 0 0 0 13 20 23 19 23 13
 6.785000E+02 7 0 0 0 0 0 0 0 0 0 0 0 13 15 21 12 24 17
 6.790000E+02 10 0 0 0 0 0 0 0 0 1 0 0 12 15 17 15 18 18
 6.795000E+02 12 0 0 0 0 0 0 0 0 0 0 0 18 17 17 22 10 14
 6.800000E+02 11 0 0 0 0 0 0 0 0 0 0 0 21 19 19 9 10 17
 6.805000E+02 6 0 0 0 0 0 0 0 0 0 0 0 22 21 15 12 20 12
 6.810000E+02 7 0 0 0 0 0 0 0 0 0 0 0 10 21 23 16 24 12
 6.815000E+02 10 0 0 0 0 0 0 0 0 0 0 0 9 16 22 18 18 16
 6.820000E+02 6 0 0 0 0 0 0 0 0 0 0 0 9 18 28 17 14 16
 6.825000E+02 10 0 0 0 0 0 0 0 0 0 0 0 15 13 26 21 15 12
 6.830000E+02 8 0 0 0 0 0 0 1 0 0 0 0 12 17 19 18 20 13
 6.835000E+02 12 0 0 0 0 0 0 0 0 1 0 0 11 24 14 17 12 21
 6.840000E+02 7 0 0 0 0 0 0 0 0 1 0 0 15 24 15 14 17 18
 6.845000E+02 5 0 0 0 0 0 0 0 0 1 0 0 21 24 12 12 14 14
 6.850000E+02 17 0 0 0 0 0 0 0 0 1 0 0 21 21 18 14 18 13
 6.855000E+02 16 0 0 0 0 0 0 0 0 2 0 0 19 15 15 14 19 15
 6.860000E+02 4 0 0 1 0 0 0 0 0 1 0 0 18 13 8 19 26 9
 6.865000E+02 6 0 0 0 0 0 0 0 0 0 0 0 15 19 11 18 26 13
 6.870000E+02 5 0 0 0 0 0 0 0 0 0 0 0 18 17 15 14 26 13
 6.875000E+02 8 0 0 0 0 0 0 0 0 0 0 0 16 18 10 18 18 14
 6.880000E+02 12 0 0 0 0 0 0 0 0 0 0 0 18 25 6 12 14 15
 6.885000E+02 7 0 0 0 0 0 0 0 0 0 0 0 22 23 6 10 17 14
 6.890000E+02 10 0 0 0 0 0 0 0 0 0 0 0 21 16 11 11 14 9
 6.895000E+02 6 0 0 0 0 0 0 0 0 0 0 0 17 16 7 19 22 15
 6.900000E+02 11 0 0 0 0 0 0 0 0 1 0 0 19 20 15 15 22 14
 6.905000E+02 14 0 0 0 0 0 0 1 0 0 0 0 15 16 19 10 16 18
 6.910000E+02 10 0 0 0 0 0 0 0 0 1 0 0 16 11 17 12 17 21
 6.915000E+02 9 0 0 0 0 0 0 1 0 0 0 0 19 14 19 12 14 13
 6.920000E+02 7 0 0 0 0 0 0 0 0 1 0 0 19 19 13 20 14 12
 6.925000E+02 6 0 0 0 0 0 0 0 0 0 0 0 20 16 11 30 15 14
 6.930000E+02 7 0 0 0 0 0 0 0 0 0 0 0 15 17 11 23 17 12
 6.935000E+02 8 0 0 0 0 0 0 0 0 0 0 0 15 15 15 23 16 16
 6.940000E+02 14 0 0 0 0 0 0 0 0 1 0 0 14 15 16 23 18 19
 6.945000E+02 6 0 0 0 0 0 0 0 0 0 0 0 16 12 13 20 21 19
 6.950000E+02 10 0 0 0 0 0 0 0 0 0 0 0 9 18 13 13 20 19
 6.955000E+02 10 0 0 0 0 0 0 0 0 0 0 0 13 10 18 20 17 21
 6.960000E+02 8 0 0 0 0 0 0 0 0 0 0 0 14 11 27 20 14 14
 6.965000E+02 6 0 0 0 0 0 0 0 0 0 0 0 18 20 19 25 14 14
 6.970000E+02 1 0 0 0 0 0 0 0 0 1 0 0 23 15 16 18 11 17
 6.975000E+02 9 0 0 0 0 0 0 0 0 0 0 0 17 20 10 16 13 20
 6.980000E+02 6 0 0 0 0 0 0 0 0 0 0 0 20 22 14 13 14 18
 6.985000E+02 5 0 0 0 0 0 0 0 0 0 0 0 14 23 13 17 13 16
 6.990000E+02 12 0 0 0 0 0 0 0 0 0 0 0 13 23 10 21 19 17
 6.995000E+02 7 0 0 0 0 0 0 0 0 0 0 0 14 13 13 30 13 13
 7.000000E+02 9 0 0 0 0 0 0 0 0 0 0 0 14 15 11 29 14 15
