# time 'Ca' 'D34:75:137_PP2ACa' 'D34:75:137_PP2APCa' 'D34:75_PP2ACa' 'D34:75_PP2APCa' 'D75:137_PP2ACa' 'D75:137_PP2APCa' 'D75_PP2ACa' 'D75_PP2APCa' 'PP2ACa' 'PP2ACa_PKA' 'PP2APCa' 'PP2BinactiveCa2_1' 'PP2BinactiveCa2_2' 'PP2BinactiveCa2_3' 'PP2BinactiveCa2_4' 'PP2BinactiveCa2_5' 'PP2BinactiveCa2_6'
 0.000000E+00 0 0 0 0 0 0 0 0 0 0 0 0 0 0 0 0 0 0
 5.000000E-01 1 0 0 0 0 0 0 0 0 0 0 0 0 1 0 0 1 0
 1.000000E+00 1 0 0 0 0 0 0 0 0 0 0 0 1 1 0 0 1 1
 1.500000E+00 1 0 0 0 0 0 0 0 0 0 0 0 0 2 0 2 1 1
 2.000000E+00 1 0 0 0 0 0 0 0 0 0 0 0 1 3 0 3 1 1
 2.500000E+00 0 0 0 0 0 0 0 0 0 0 0 0 2 3 0 4 0 2
 3.000000E+00 1 0 0 0 0 0 0 0 0 0 0 0 4 4 0 3 1 1
 3.500000E+00 3 0 0 0 0 0 0 0 0 0 0 0 4 4 2 4 2 0
 4.000000E+00 2 0 0 0 0 0 0 0 0 0 0 0 5 2 3 5 3 1
 4.500000E+00 4 0 0 0 0 0 0 0 0 0 0 0 2 3 8 4 4 3
 5.000000E+00 4 0 0 0 0 0 0 0 0 0 0 0 2 4 6 4 7 3
 5.500000E+00 2 0 0 0 0 0 0 0 0 0 0 0 4 4 4 7 8 3
 6.000000E+00 0 0 0 0 0 0 0 0 0 0 0 0 4 1 5 10 9 10
 6.500000E+00 6 0 0 0 0 0 0 0 0 0 0 0 2 4 7 7 8 11
 7.000000E+00 6 0 0 0 0 0 0 0 0 0 0 0 3 4 7 5 8 12
 7.500000E+00 4 0 0 0 0 0 0 0 0 0 0 0 4 6 12 5 8 9
 8.000000E+00 7 0 0 0 0 0 0 0 0 0 0 0 8 4 11 3 11 5
 8.500000E+00 2 0 0 0 0 0 0 0 0 0 0 0 13 10 6 4 12 5
 9.000000E+00 5 0 0 0 0 0 0 0 0 0 0 0 9 12 5 9 9 8
 9.500000E+00 7 0 0 0 0 0 0 0 0 0 0 0 6 11 7 8 13 7
 1.000000E+01 5 0 0 0 0 0 0 0 0 0 0 0 11 11 7 9 10 8
 1.050000E+01 4 0 0 0 0 0 0 0 0 0 0 0 11 8 5 6 13 8
 1.100000E+01 3 0 0 0 0 0 0 0 0 0 0 0 13 7 7 7 13 12
 1.150000E+01 4 0 0 0 0 0 0 0 0 0 0 0 10 6 8 7 9 13
 1.200000E+01 4 0 0 0 0 0 0 0 0 0 0 0 11 11 10 10 7 12
 1.250000E+01 1 0 0 0 0 0 0 0 0 0 0 0 15 11 6 10 10 10
 1.300000E+01 5 0 0 0 0 0 0 1 0 0 0 0 12 9 5 9 10 17
 1.350000E+01 7 0 0 0 0 0 0 1 0 0 0 0 10 8 10 12 10 13
 1.400000E+01 7 0 0 0 0 0 0 0 0 0 0 0 12 14 6 10 10 15
 1.450000E+01 6 0 0 0 0 0 0 0 0 0 0 0 12 8 14 12 10 13
 1.500000E+01 8 0 0 0 0 0 0 0 0 0 0 0 12 10 13 12 10 11
 1.550000E+01 7 0 0 0 0 0 0 0 0 0 0 0 13 14 9 12 7 8
 1.600000E+01 6 0 0 0 0 0 0 0 0 0 0 0 9 12 6 9 13 15
 1.650000E+01 1 0 0 0 0 0 0 0 0 0 0 0 12 10 7 11 13 13
 1.700000E+01 7 0 0 0 0 0 0 0 0 1 0 0 9 8 13 12 12 11
 1.750000E+01 8 0 0 0 0 0 0 0 0 1 0 0 9 9 14 10 13 12
 1.800000E+01 5 0 0 0 0 0 0 1 0 0 0 0 10 7 19 11 11 9
 1.850000E+01 7 0 0 0 0 0 0 0 0 0 0 0 15 12 16 8 10 8
 1.900000E+01 8 0 0 0 0 0 0 0 0 0 0 0 14 16 16 12 12 6
 1.950000E+01 6 0 0 0 0 0 0 0 0 0 0 0 16 9 12 15 11 9
 2.000000E+01 1 0 0 0 0 0 0 0 0 0 0 0 19 9 10 12 10 8
 2.050000E+01 6 0 0 0 0 0 0 0 0 0 0 0 16 8 11 19 10 10
 2.100000E+01 2 0 0 0 0 0 0 0 0 0 0 0 12 10 11 17 13 10
 2.150000E+01 5 0 0 0 0 0 0 0 0 0 0 0 13 13 9 14 18 7
 2.200000E+01 5 0 0 0 0 0 0 0 0 0 0 0 12 17 12 11 14 8
 2.250000E+01 8 0 0 0 0 0 0 0 0 0 0 0 14 11 12 12 10 14
 2.300000E+01 11 0 0 0 0 0 0 0 0 0 0 0 12 13 8 11 12 16
 2.350000E+01 7 0 0 0 0 0 0 0 0 0 0 0 9 11 9 14 13 14
 2.400000E+01 8 0 0 0 0 0 0 0 0 0 0 0 12 12 8 16 12 13
 2.450000E+01 5 0 0 0 0 0 0 0 0 1 0 0 11 15 11 13 12 12
 2.500000E+01 9 0 0 0 0 0 0 0 0 1 0 0 11 11 10 9 12 13
 2.550000E+01 4 0 0 0 0 0 0 0 0 0 0 0 13 14 10 15 11 16
 2.600000E+01 5 0 0 0 0 0 0 0 0 0 0 0 12 13 8 14 15 12
 2.650000E+01 11 0 0 0 0 0 0 0 0 0 0 0 12 13 6 17 12 10
 2.700000E+01 6 0 0 0 0 0 0 0 0 0 0 0 15 9 13 20 10 11
 2.750000E+01 6 0 0 0 0 0 0 0 0 1 0 0 17 13 11 10 14 14
 2.800000E+01 7 0 0 0 0 0 0 0 0 1 0 0 12 10 13 9 10 16
 2.850000E+01 8 0 0 0 0 0 0 0 0 1 0 0 12 16 9 5 11 19
 2.900000E+01 6 0 0 0 0 0 0 0 0 0 0 0 13 12 13 9 12 15
 2.950000E+01 8 0 0 0 0 0 0 0 0 0 0 0 15 14 12 18 11 13
 3.000000E+01 4 0 0 0 0 0 0 0 0 0 0 0 13 7 14 20 13 15
 3.050000E+01 5 0 0 0 0 0 0 0 0 0 0 0 16 8 14 15 14 13
 3.100000E+01 8 0 0 0 0 0 0 0 0 0 0 0 21 10 14 17 11 16
 3.150000E+01 5 0 0 0 0 0 0 0 0 0 0 0 18 10 11 14 12 18
 3.200000E+01 12 0 0 0 0 0 0 0 0 0 0 0 15 7 12 16 19 21
 3.250000E+01 9 0 0 0 0 0 0 0 0 0 0 0 17 7 15 17 15 20
 3.300000E+01 10 0 0 0 0 0 0 1 0 0 0 0 17 13 12 14 14 15
 3.350000E+01 6 0 0 0 0 0 0 0 0 1 0 0 25 11 11 17 17 13
 3.400000E+01 6 0 0 0 0 0 0 0 0 0 0 0 22 14 8 16 12 18
 3.450000E+01 1 0 0 0 0 0 0 0 0 0 0 0 13 12 9 19 13 15
 3.500000E+01 10 0 0 0 0 0 0 0 0 0 0 0 12 19 18 16 10 12
 3.550000E+01 7 0 0 0 0 0 0 0 0 0 0 0 12 15 15 20 14 16
 3.600000E+01 10 0 0 0 0 0 0 0 0 0 0 0 10 12 17 16 16 12
 3.650000E+01 6 0 0 0 0 0 0 0 0 0 0 0 11 11 17 18 20 11
 3.700000E+01 7 0 0 0 0 0 0 0 0 0 0 0 11 15 17 19 20 20
 3.750000E+01 7 0 0 0 0 0 0 0 0 0 0 0 13 17 20 14 19 15
 3.800000E+01 5 0 0 0 0 0 0 0 0 0 0 0 11 18 16 15 20 12
 3.850000E+01 5 0 0 0 0 0 0 0 0 0 0 0 8 20 16 16 24 17
 3.900000E+01 4 0 0 0 0 0 0 0 0 0 0 0 14 18 15 16 22 18
 3.950000E+01 7 0 0 0 0 0 0 0 0 0 0 0 14 18 9 14 19 19
 4.000000E+01 8 0 0 0 0 0 0 0 0 0 0 0 16 13 9 15 17 20
 4.050000E+01 4 0 0 0 0 0 0 0 0 0 0 0 20 15 8 12 22 17
 4.100000E+01 9 0 0 0 0 0 0 0 0 0 0 0 19 14 11 14 12 16
 4.150000E+01 6 0 0 0 0 0 0 0 0 0 0 0 18 18 13 14 20 22
 4.200000E+01 12 0 0 0 0 0 0 0 0 0 0 0 14 13 13 13 21 17
 4.250000E+01 9 0 0 0 0 0 0 0 0 0 0 0 15 20 12 19 17 18
 4.300000E+01 10 0 0 0 0 0 0 0 0 0 0 0 11 28 14 19 15 15
 4.350000E+01 16 0 0 0 0 0 0 1 0 0 0 0 13 21 14 17 11 10
 4.400000E+01 9 0 0 0 0 0 0 0 0 1 0 0 15 18 23 11 21 12
 4.450000E+01 9 0 0 0 0 0 0 0 0 1 0 0 16 21 22 11 16 6
 4.500000E+01 6 0 0 0 0 0 0 0 0 0 0 0 18 20 19 14 19 12
 4.550000E+01 11 0 0 0 0 0 0 0 0 0 0 0 18 17 14 16 16 18
 4.600000E+01 12 0 0 0 0 0 0 0 0 0 0 0 16 18 16 20 15 17
 4.650000E+01 7 0 0 0 0 0 0 0 0 0 0 0 23 22 21 17 10 18
 4.700000E+01 5 0 0 0 0 0 0 0 0 0 0 0 20 18 14 18 9 26
 4.750000E+01 9 0 0 0 0 0 0 0 0 0 0 0 20 17 13 16 15 20
 4.800000E+01 9 0 0 0 0 0 0 0 0 0 0 0 18 17 20 15 14 12
 4.850000E+01 5 0 0 0 0 0 0 0 0 0 0 0 15 19 24 15 18 14
 4.900000E+01 5 0 0 0 0 0 0 0 0 0 0 0 19 17 24 15 15 12
 4.950000E+01 11 0 0 0 0 0 0 0 0 0 0 0 17 19 26 13 15 16
 5.000000E+01 11 0 0 0 0 0 0 0 0 0 0 0 17 21 21 19 13 15
 5.050000E+01 8 0 0 0 0 0 0 0 0 0 0 0 10 19 20 22 20 20
 5.100000E+01 4 0 0 0 0 0 0 0 0 0 0 0 17 14 15 26 21 11
 5.150000E+01 5 0 0 0 0 0 0 0 0 0 0 0 29 13 15 20 12 18
 5.200000E+01 10 0 0 0 0 0 0 0 0 0 0 0 22 13 17 21 22 14
 5.250000E+01 3 0 0 0 0 0 0 0 0 0 0 0 19 15 13 23 19 15
 5.300000E+01 9 0 0 0 0 0 0 0 0 0 0 0 15 10 16 20 28 14
 5.350000E+01 6 0 0 0 0 0 0 0 0 0 0 0 14 14 15 19 22 18
 5.400000E+01 5 0 0 0 0 0 0 0 0 0 0 0 13 13 15 16 18 22
 5.450000E+01 7 0 0 0 0 0 0 0 0 0 0 0 21 15 12 11 20 13
 5.500000E+01 10 0 0 0 0 0 0 0 0 1 0 0 23 7 18 13 24 17
 5.550000E+01 12 0 0 0 0 0 0 0 0 0 0 0 23 14 21 17 19 12
 5.600000E+01 9 0 0 0 0 0 0 0 0 0 0 0 26 13 15 17 20 16
 5.650000E+01 10 0 0 0 0 0 0 0 0 0 0 0 22 11 18 16 17 17
 5.700000E+01 6 0 0 0 0 0 0 0 0 0 0 0 23 16 13 20 13 18
 5.750000E+01 9 0 0 0 0 0 0 0 0 0 0 0 13 18 12 15 18 21
 5.800000E+01 9 0 0 0 0 0 0 0 0 0 0 0 16 15 14 17 26 15
 5.850000E+01 5 0 0 0 0 0 0 0 0 0 0 0 12 9 18 17 28 18
 5.900000E+01 13 0 0 0 0 0 0 0 0 0 0 0 18 12 17 18 19 16
 5.950000E+01 9 0 0 0 0 0 0 0 0 0 0 0 19 14 19 14 17 18
 6.000000E+01 9 0 0 0 0 0 0 0 0 0 0 0 22 18 18 9 14 15
 6.050000E+01 4 0 0 0 0 0 0 0 0 0 0 0 15 15 15 16 17 17
 6.100000E+01 7 0 0 0 0 0 0 0 0 0 0 0 14 13 12 14 16 17
 6.150000E+01 5 0 0 0 0 0 0 0 0 0 0 0 19 13 13 16 16 22
 6.200000E+01 8 0 0 0 0 0 0 0 0 0 0 0 14 11 17 22 12 18
 6.250000E+01 7 0 0 0 0 0 0 0 0 0 0 0 12 12 17 25 14 21
 6.300000E+01 6 0 0 0 0 0 0 0 0 0 0 0 20 11 16 17 18 19
 6.350000E+01 9 0 0 0 0 0 0 0 0 0 0 0 15 17 15 15 17 24
 6.400000E+01 7 0 0 0 0 0 0 0 0 0 0 0 8 17 24 13 19 19
 6.450000E+01 10 0 0 0 0 0 0 0 0 0 0 0 11 18 17 15 19 17
 6.500000E+01 8 0 0 0 0 0 0 0 0 0 0 0 14 13 20 20 18 10
 6.550000E+01 4 0 0 0 0 0 0 0 0 0 0 0 12 18 18 19 21 16
 6.600000E+01 5 0 0 0 0 0 0 0 0 0 0 0 12 15 19 16 27 20
 6.650000E+01 11 0 0 0 0 0 0 0 0 0 0 0 16 14 17 19 18 15
 6.700000E+01 4 0 0 0 0 0 0 0 0 1 0 0 20 17 14 16 16 19
 6.750000E+01 3 0 0 0 0 0 0 0 0 0 0 0 17 17 9 15 16 22
 6.800000E+01 7 0 0 0 0 0 0 0 0 1 0 0 12 15 19 18 11 21
 6.850000E+01 5 0 0 0 0 0 0 0 0 0 0 0 16 12 19 20 19 15
 6.900000E+01 6 0 0 0 0 0 0 0 0 0 0 0 17 13 20 15 15 16
 6.950000E+01 7 0 0 0 0 0 0 0 0 0 0 0 16 8 19 16 16 18
 7.000000E+01 10 0 0 0 0 0 0 0 0 0 0 0 12 15 21 21 17 18
 7.050000E+01 6 0 0 0 0 0 0 0 0 1 0 0 9 14 18 14 18 13
 7.100000E+01 5 0 0 0 0 0 0 1 0 0 0 0 14 11 18 10 24 15
 7.150000E+01 11 0 0 0 0 0 0 1 0 0 0 0 17 7 14 12 27 17
 7.200000E+01 12 0 0 0 0 0 0 0 0 0 0 0 21 13 9 16 21 15
 7.250000E+01 8 0 0 0 0 0 0 0 0 0 0 0 19 19 10 16 20 18
 7.300000E+01 10 0 0 0 0 0 0 0 0 0 0 0 25 16 18 19 16 10
 7.350000E+01 12 0 0 0 0 0 0 0 0 1 0 0 27 11 15 17 10 15
 7.400000E+01 5 0 0 0 0 0 0 0 0 1 0 0 22 13 14 21 10 18
 7.450000E+01 13 0 0 0 0 0 0 1 0 0 0 0 17 14 14 17 11 16
 7.500000E+01 3 0 0 0 0 0 0 0 0 0 0 0 20 15 20 17 15 13
 7.550000E+01 8 0 0 0 0 0 0 0 0 1 0 0 26 11 12 13 15 20
 7.600000E+01 7 0 0 0 0 0 0 0 0 1 0 0 16 13 21 11 13 22
 7.650000E+01 3 0 0 0 0 0 0 0 0 1 0 0 15 13 24 13 18 20
 7.700000E+01 9 0 0 0 0 0 0 0 0 0 0 0 14 8 16 19 17 23
 7.750000E+01 16 0 0 0 0 0 0 0 0 0 0 0 18 16 23 16 17 17
 7.800000E+01 13 0 0 0 0 0 0 0 0 0 0 0 13 18 23 14 16 17
 7.850000E+01 8 0 0 0 0 0 0 0 0 0 0 0 16 22 19 12 17 15
 7.900000E+01 11 0 0 0 0 0 0 0 0 0 0 0 17 22 14 15 8 15
 7.950000E+01 10 0 0 0 0 0 0 0 0 0 0 0 19 16 18 20 19 13
 8.000000E+01 13 0 0 0 0 0 0 0 0 0 0 0 11 20 24 20 17 16
 8.050000E+01 10 0 0 0 0 0 0 0 0 0 0 0 9 27 18 16 22 21
 8.100000E+01 10 0 0 0 0 0 0 0 0 0 0 0 10 21 21 16 17 20
 8.150000E+01 9 0 0 0 0 0 0 0 0 0 0 0 16 17 19 27 12 25
 8.200000E+01 12 0 0 0 0 0 0 0 0 0 0 0 16 18 24 21 14 17
 8.250000E+01 6 0 0 0 0 0 0 0 0 0 0 0 15 22 23 17 13 17
 8.300000E+01 6 0 0 0 0 0 0 0 0 0 0 0 15 20 20 19 16 10
 8.350000E+01 9 0 0 0 0 0 0 0 0 0 0 0 14 19 14 18 16 15
 8.400000E+01 7 0 0 0 0 0 0 0 0 0 0 0 13 22 15 12 15 17
 8.450000E+01 8 0 0 0 0 0 0 0 0 1 0 0 21 20 20 15 11 23
 8.500000E+01 10 0 0 0 0 0 0 0 0 1 0 0 20 15 14 24 17 18
 8.550000E+01 13 0 0 0 0 0 0 0 0 1 0 0 11 19 16 19 18 27
 8.600000E+01 7 0 0 0 0 0 0 0 0 0 0 0 17 15 20 23 12 23
 8.650000E+01 12 0 0 0 0 0 0 0 0 0 0 0 15 14 19 25 16 17
 8.700000E+01 6 0 0 0 0 0 0 0 0 1 0 0 16 18 22 18 24 21
 8.750000E+01 13 0 0 0 0 0 0 0 0 1 0 0 18 22 19 14 21 13
 8.800000E+01 10 0 0 0 0 0 0 0 0 0 0 0 22 20 12 20 18 23
 8.850000E+01 7 0 0 0 0 0 0 0 0 0 0 0 20 22 10 21 18 17
 8.900000E+01 11 0 0 0 0 0 0 0 0 0 0 0 21 24 13 22 15 15
 8.950000E+01 6 0 0 0 0 0 0 0 0 0 0 0 20 20 16 17 15 17
 9.000000E+01 20 0 0 0 0 0 0 0 0 0 0 0 18 16 22 15 20 13
 9.050000E+01 6 0 0 0 0 0 0 0 0 0 0 0 23 12 20 23 16 23
 9.100000E+01 10 0 0 0 0 0 0 0 0 0 0 0 15 10 18 23 17 13
 9.150000E+01 11 0 0 0 0 0 0 0 0 0 0 0 20 17 9 23 24 8
 9.200000E+01 7 0 0 0 0 0 0 0 0 0 0 0 24 7 14 20 29 8
 9.250000E+01 5 0 0 0 0 0 0 0 0 1 0 0 21 16 16 11 32 11
 9.300000E+01 8 0 0 0 0 0 0 0 0 0 0 0 12 10 23 17 30 17
 9.350000E+01 10 0 0 0 0 0 0 0 0 0 0 0 19 13 21 24 11 14
 9.400000E+01 9 0 0 0 0 0 0 0 0 0 0 0 13 16 18 25 19 13
 9.450000E+01 7 0 0 0 0 0 0 0 0 0 0 0 16 14 19 22 16 27
 9.500000E+01 7 0 0 0 0 0 0 0 0 0 0 0 21 13 19 15 21 19
 9.550000E+01 9 0 0 0 0 0 0 0 0 0 0 0 14 16 10 14 21 25
 9.600000E+01 14 0 0 0 0 0 0 0 0 0 0 0 15 22 15 14 22 20
 9.650000E+01 8 0 0 0 0 0 0 0 0 0 0 0 16 21 16 15 23 24
 9.700000E+01 6 0 0 0 0 0 0 0 0 0 0 0 19 20 12 17 21 20
 9.750000E+01 8 0 0 0 0 0 0 0 0 0 0 0 18 20 13 19 13 23
 9.800000E+01 11 0 0 0 0 0 0 0 0 0 0 0 24 16 20 16 14 15
 9.850000E+01 12 0 0 0 0 0 0 0 0 1 0 0 25 17 21 12 8 18
 9.900000E+01 5 0 0 0 0 0 0 1 0 0 0 0 25 13 17 16 13 22
 9.950000E+01 13 0 0 0 0 0 0 0 0 1 0 0 15 18 23 13 13 22
 1.000000E+02 8 0 0 0 0 0 0 0 0 0 0 0 14 20 17 14 14 20
 1.005000E+02 7 0 0 0 0 0 0 0 0 0 0 0 19 23 19 16 19 16
 1.010000E+02 11 0 0 0 0 0 0 0 0 0 0 0 18 21 21 19 14 14
 1.015000E+02 12 0 0 0 0 0 0 1 0 0 0 0 24 20 17 20 18 16
 1.020000E+02 15 0 0 0 0 0 0 0 0 0 0 0 21 17 20 14 17 18
 1.025000E+02 15 0 0 0 0 0 0 0 0 1 0 0 19 15 20 11 19 13
 1.030000E+02 8 0 0 0 0 0 0 1 0 0 0 0 16 26 13 18 16 18
 1.035000E+02 10 0 0 0 0 0 0 0 0 1 0 0 18 26 15 22 13 18
 1.040000E+02 8 0 0 0 0 0 0 0 0 1 0 0 23 26 16 19 13 12
 1.045000E+02 11 0 0 0 0 0 0 0 0 1 0 0 13 23 15 19 23 17
 1.050000E+02 11 0 0 0 0 0 0 0 0 0 0 0 19 16 23 20 21 14
 1.055000E+02 8 0 0 0 0 0 0 0 0 0 0 0 21 19 17 14 20 10
 1.060000E+02 8 0 0 0 0 0 0 0 0 0 0 0 17 20 20 23 14 15
 1.065000E+02 5 0 0 0 0 0 0 0 0 0 0 0 17 10 12 19 21 21
 1.070000E+02 10 0 0 0 0 0 0 0 0 0 0 0 19 10 14 15 17 28
 1.075000E+02 8 0 0 0 0 0 0 0 0 0 0 0 21 7 14 15 16 20
 1.080000E+02 6 0 0 0 0 0 0 0 0 0 0 0 17 14 15 17 21 21
 1.085000E+02 7 0 0 0 0 0 0 0 0 0 0 0 17 10 18 15 23 25
 1.090000E+02 8 0 0 0 0 0 0 0 0 0 0 0 18 16 16 19 15 19
 1.095000E+02 12 0 0 0 0 0 0 0 0 0 0 0 21 18 19 16 17 18
 1.100000E+02 9 0 0 0 0 0 0 0 0 0 0 0 27 15 19 10 16 18
 1.105000E+02 8 0 0 0 0 0 0 0 0 0 0 0 19 19 20 12 16 21
 1.110000E+02 10 0 0 0 0 0 0 0 0 0 0 0 22 15 15 15 16 16
 1.115000E+02 9 0 0 0 0 0 0 0 0 0 0 0 23 16 17 19 13 14
 1.120000E+02 5 0 0 0 0 0 0 0 0 0 0 0 18 16 19 13 22 15
 1.125000E+02 9 0 0 0 0 0 0 0 0 0 0 0 17 17 17 17 24 11
 1.130000E+02 5 0 0 0 0 0 0 0 0 0 0 0 16 16 15 10 30 12
 1.135000E+02 12 0 0 0 0 0 0 0 0 0 0 0 12 26 11 19 20 12
 1.140000E+02 9 0 0 0 0 0 0 0 0 0 0 0 16 21 19 17 18 21
 1.145000E+02 13 0 0 0 0 0 0 0 0 0 0 0 14 22 24 19 12 17
 1.150000E+02 11 0 0 0 0 0 0 0 0 0 0 0 21 23 16 23 13 20
 1.155000E+02 14 0 0 0 0 0 0 0 0 0 0 0 14 26 14 18 17 23
 1.160000E+02 10 0 0 0 0 0 0 0 0 0 0 0 12 27 14 19 15 20
 1.165000E+02 13 0 0 0 0 0 0 0 0 1 0 0 18 18 18 20 20 19
 1.170000E+02 6 0 0 0 0 0 0 1 0 0 0 0 14 20 21 15 21 19
 1.175000E+02 4 0 0 0 0 0 0 0 0 0 0 0 21 21 21 14 15 14
 1.180000E+02 8 0 0 0 0 0 0 0 0 0 0 0 25 18 16 25 14 10
 1.185000E+02 17 0 0 0 0 0 0 0 0 1 0 0 20 16 18 20 15 14
 1.190000E+02 8 0 0 0 0 0 0 0 0 1 0 0 15 22 19 20 14 15
 1.195000E+02 8 0 0 0 0 0 0 0 0 1 0 0 12 23 17 18 19 26
 1.200000E+02 12 0 0 0 0 0 0 0 0 0 0 0 15 21 11 17 17 25
 1.205000E+02 10 0 0 0 0 0 0 0 0 0 0 0 18 26 10 14 21 26
 1.210000E+02 10 0 0 0 0 0 0 0 0 1 0 0 11 21 12 12 31 18
 1.215000E+02 10 0 0 0 0 0 0 0 0 0 0 0 14 16 16 17 21 18
 1.220000E+02 5 0 0 0 0 0 0 0 0 0 0 0 23 16 16 18 17 14
 1.225000E+02 7 0 0 0 0 0 0 0 0 0 0 0 29 10 20 20 18 16
 1.230000E+02 7 0 0 0 0 0 0 0 0 0 0 0 28 16 22 19 11 11
 1.235000E+02 6 0 0 0 0 0 0 0 0 0 0 0 30 18 16 15 14 12
 1.240000E+02 3 0 0 0 0 0 0 0 0 0 0 0 25 14 20 17 13 12
 1.245000E+02 7 0 0 0 0 0 0 0 0 0 0 0 21 20 19 14 17 14
 1.250000E+02 5 0 0 0 0 0 0 0 0 0 0 0 19 14 15 14 20 17
 1.255000E+02 9 0 0 0 0 0 0 0 0 0 0 0 18 15 17 9 14 23
 1.260000E+02 8 0 0 0 0 0 0 1 0 0 0 0 12 13 23 17 19 20
 1.265000E+02 8 0 0 0 0 0 0 0 0 0 0 0 17 15 27 15 17 24
 1.270000E+02 10 0 0 0 0 0 0 0 0 0 0 0 15 17 26 12 12 30
 1.275000E+02 6 0 0 0 0 0 0 0 0 0 0 0 20 17 25 13 11 22
 1.280000E+02 6 0 0 0 0 0 0 0 0 0 0 0 13 16 18 15 15 24
 1.285000E+02 9 0 0 0 0 0 0 0 0 0 0 0 12 20 20 16 24 9
 1.290000E+02 4 0 0 0 0 0 0 1 0 0 0 0 21 18 17 19 17 16
 1.295000E+02 10 0 0 0 0 0 0 0 0 1 0 0 26 15 12 20 18 14
 1.300000E+02 9 0 0 0 0 0 0 0 0 0 0 0 18 13 18 24 23 11
 1.305000E+02 7 0 0 0 0 0 0 0 0 0 0 0 22 13 20 15 22 11
 1.310000E+02 13 0 0 0 0 0 0 0 0 0 0 0 21 13 15 14 21 15
 1.315000E+02 4 0 0 0 0 0 0 0 0 0 0 0 16 18 17 15 19 24
 1.320000E+02 8 0 0 0 0 0 0 1 0 0 0 0 16 15 19 12 18 21
 1.325000E+02 5 0 0 0 0 0 0 0 0 0 0 0 26 12 20 14 21 22
 1.330000E+02 12 0 0 0 0 0 0 0 0 0 0 0 25 14 16 17 19 17
 1.335000E+02 7 0 0 0 0 0 0 0 0 1 0 0 19 18 20 18 16 26
 1.340000E+02 5 0 0 0 0 0 0 0 0 1 0 0 19 21 13 19 18 15
 1.345000E+02 7 0 0 0 0 0 0 1 0 0 0 0 20 22 18 15 19 12
 1.350000E+02 10 0 0 0 0 0 0 0 0 1 0 0 22 17 14 18 25 19
 1.355000E+02 12 0 0 0 0 0 0 0 0 1 0 0 19 13 20 15 19 16
 1.360000E+02 10 0 0 0 0 0 0 0 0 1 0 0 18 16 24 17 13 19
 1.365000E+02 8 0 0 0 0 0 0 0 0 1 0 0 18 23 22 20 14 17
 1.370000E+02 12 0 0 0 0 0 0 1 0 0 0 0 23 27 16 20 13 18
 1.375000E+02 5 0 0 0 0 0 0 0 0 1 0 0 18 20 19 14 21 21
 1.380000E+02 17 0 0 0 0 0 0 1 0 0 0 0 21 19 17 14 16 23
 1.385000E+02 13 0 0 0 0 0 0 0 0 1 0 0 19 19 18 26 16 18
 1.390000E+02 8 0 0 0 0 0 0 0 0 1 0 0 16 21 17 21 14 23
 1.395000E+02 8 0 0 0 0 0 0 0 0 0 0 0 17 15 13 21 17 22
 1.400000E+02 13 0 0 0 0 0 0 0 0 1 0 0 26 18 18 27 13 19
 1.405000E+02 10 0 0 0 0 0 0 0 0 1 0 0 17 26 13 22 17 17
 1.410000E+02 4 0 0 0 0 0 0 0 0 2 0 0 16 25 14 21 17 14
 1.415000E+02 11 0 0 0 0 0 0 0 0 2 0 0 17 25 14 17 14 16
 1.420000E+02 9 0 0 0 0 0 0 0 0 1 0 0 17 23 15 20 10 16
 1.425000E+02 9 0 0 0 0 0 0 0 0 0 0 0 17 21 17 22 15 10
 1.430000E+02 6 0 0 0 0 0 0 0 0 0 0 0 26 16 20 17 15 19
 1.435000E+02 9 0 0 0 0 0 0 0 0 0 0 0 18 19 22 12 13 17
 1.440000E+02 4 0 0 0 0 0 0 0 0 0 0 0 16 15 21 15 15 15
 1.445000E+02 8 0 0 0 0 0 0 0 0 0 0 0 12 16 19 22 17 13
 1.450000E+02 8 0 0 0 0 0 0 0 0 0 0 0 16 12 18 17 19 18
 1.455000E+02 8 0 0 0 0 0 0 0 0 0 0 0 16 17 13 19 14 21
 1.460000E+02 12 0 0 0 0 0 0 0 0 0 0 0 16 13 11 25 16 22
 1.465000E+02 5 0 0 0 0 0 0 1 0 0 0 0 21 17 10 20 18 19
 1.470000E+02 8 0 0 0 0 0 0 0 0 1 0 0 21 14 14 17 13 23
 1.475000E+02 13 0 0 0 0 0 0 0 0 1 0 0 21 16 14 21 16 22
 1.480000E+02 9 0 0 0 0 0 0 0 0 0 0 0 13 13 17 14 26 19
 1.485000E+02 9 0 0 0 0 0 0 0 0 0 0 0 14 17 18 16 22 15
 1.490000E+02 8 0 0 0 0 0 0 0 0 0 0 0 22 16 14 18 20 15
 1.495000E+02 11 0 0 0 0 0 0 0 0 0 0 0 20 17 19 11 21 15
 1.500000E+02 3 0 0 0 0 0 0 0 0 0 0 0 20 12 16 19 17 23
 1.505000E+02 9 0 0 0 0 0 0 0 0 0 0 0 18 18 20 17 14 19
 1.510000E+02 6 0 0 0 0 0 0 0 0 0 0 0 20 14 21 16 10 17
 1.515000E+02 8 0 0 0 0 0 0 0 0 0 0 0 17 13 16 24 17 12
 1.520000E+02 1 0 0 0 0 0 0 0 0 0 0 0 15 14 22 25 11 15
 1.525000E+02 2 0 0 0 0 0 0 0 0 0 0 0 21 15 20 18 23 18
 1.530000E+02 11 0 0 0 0 0 0 0 0 0 0 0 23 15 20 16 21 18
 1.535000E+02 11 0 0 0 0 0 0 0 0 0 0 0 23 12 15 16 18 18
 1.540000E+02 8 0 0 0 0 0 0 0 0 0 0 0 19 22 12 17 11 18
 1.545000E+02 11 0 0 0 0 0 0 0 0 0 0 0 24 22 17 19 12 19
 1.550000E+02 10 0 0 0 0 0 0 0 0 0 0 0 24 18 11 13 10 19
 1.555000E+02 5 0 0 0 0 0 0 1 0 0 0 0 22 15 18 19 10 18
 1.560000E+02 7 0 0 0 0 0 0 0 0 0 0 0 22 12 25 14 14 13
 1.565000E+02 5 0 0 0 0 0 0 0 0 0 0 0 21 13 21 10 21 16
 1.570000E+02 6 0 0 0 0 0 0 0 0 0 0 0 23 19 18 18 12 17
 1.575000E+02 5 0 0 0 0 0 0 0 0 0 0 0 23 21 16 16 14 17
 1.580000E+02 14 0 0 0 0 0 0 0 0 0 0 0 18 21 27 17 14 12
 1.585000E+02 10 0 0 0 0 0 0 0 0 0 0 0 19 15 21 20 14 15
 1.590000E+02 8 0 0 0 0 0 0 0 0 0 0 0 22 15 15 22 17 15
 1.595000E+02 10 0 0 0 0 0 0 0 0 0 0 0 21 13 11 23 19 15
 1.600000E+02 6 0 0 0 0 0 0 0 0 0 0 0 22 19 18 19 19 19
 1.605000E+02 7 0 0 0 0 0 0 0 0 0 0 0 16 13 19 19 17 19
 1.610000E+02 6 0 0 0 0 0 0 0 0 0 0 0 16 14 21 15 22 18
 1.615000E+02 7 0 0 0 0 0 0 0 0 0 0 0 21 14 11 21 24 14
 1.620000E+02 8 0 0 0 0 0 0 0 0 0 0 0 18 11 18 16 23 14
 1.625000E+02 10 0 0 0 0 0 0 0 0 0 0 0 18 15 22 20 22 12
 1.630000E+02 9 0 0 0 0 0 0 0 0 0 0 0 20 17 16 12 23 14
 1.635000E+02 8 0 0 0 0 0 0 0 0 0 0 0 20 17 15 17 22 17
 1.640000E+02 9 0 0 0 0 0 0 0 0 0 0 0 18 14 13 21 17 19
 1.645000E+02 9 0 0 0 0 0 0 0 0 0 0 0 18 18 11 30 17 16
 1.650000E+02 8 0 0 0 0 0 0 0 0 1 0 0 18 23 11 24 14 14
 1.655000E+02 6 0 0 0 0 0 0 0 0 0 0 0 12 16 14 23 23 15
 1.660000E+02 12 0 0 0 0 0 0 0 0 0 0 0 14 12 20 25 18 16
 1.665000E+02 13 0 0 0 0 0 0 0 0 0 0 0 17 16 19 16 13 19
 1.670000E+02 11 0 0 0 0 0 0 1 0 0 0 0 18 14 20 20 13 20
 1.675000E+02 10 0 0 0 0 0 0 0 0 0 0 0 15 21 15 19 11 26
 1.680000E+02 7 0 0 0 0 0 0 0 0 1 0 0 15 17 15 18 12 22
 1.685000E+02 7 0 0 0 0 0 0 1 0 0 0 0 22 18 18 16 21 15
 1.690000E+02 12 0 0 0 0 0 0 0 0 1 0 0 19 23 19 19 9 13
 1.695000E+02 7 0 0 0 0 0 0 1 0 0 0 0 17 21 19 15 11 23
 1.700000E+02 11 0 0 0 0 0 0 1 0 1 0 0 22 22 18 15 19 16
 1.705000E+02 9 0 0 0 0 0 0 2 0 0 0 0 27 12 20 16 17 14
 1.710000E+02 5 0 0 0 0 0 0 0 0 2 0 0 24 12 17 19 18 14
 1.715000E+02 10 0 0 0 0 0 0 0 0 1 0 0 18 14 18 21 17 19
 1.720000E+02 10 0 0 0 0 0 0 0 0 0 0 0 17 18 17 22 13 19
 1.725000E+02 11 0 0 0 0 0 0 0 0 0 0 0 16 23 22 20 13 17
 1.730000E+02 13 0 0 0 0 0 0 0 0 0 0 0 16 20 24 18 10 15
 1.735000E+02 8 0 0 0 0 0 0 0 0 0 0 0 20 13 22 17 11 17
 1.740000E+02 11 0 0 0 0 0 0 0 0 0 0 0 21 14 20 15 12 16
 1.745000E+02 5 0 0 0 0 0 0 0 0 0 0 0 28 14 16 19 15 10
 1.750000E+02 11 0 0 0 0 0 0 0 0 0 0 0 31 15 15 16 16 15
 1.755000E+02 7 0 0 0 0 0 0 0 0 1 0 0 24 22 13 19 15 14
 1.760000E+02 9 0 0 0 0 0 0 0 0 1 0 0 18 23 18 17 19 12
 1.765000E+02 12 0 0 0 0 0 0 0 0 0 0 0 25 16 19 18 19 11
 1.770000E+02 8 0 0 0 0 0 0 0 0 0 0 0 16 14 20 19 17 13
 1.775000E+02 7 0 0 0 0 0 0 0 0 0 0 0 15 16 17 14 22 15
 1.780000E+02 7 0 0 0 0 0 0 0 0 0 0 0 18 12 23 22 22 10
 1.785000E+02 13 0 0 0 0 0 0 0 0 0 0 0 26 10 21 18 10 15
 1.790000E+02 8 0 0 0 0 0 0 0 0 0 0 0 19 18 15 21 13 17
 1.795000E+02 8 0 0 0 0 0 0 0 0 0 0 0 15 16 15 17 16 17
 1.800000E+02 10 0 0 0 0 0 0 0 0 0 0 0 15 19 19 19 12 23
 1.805000E+02 6 0 0 0 0 0 0 0 0 0 0 0 14 17 17 14 17 23
 1.810000E+02 5 0 0 0 0 0 0 0 0 0 0 0 16 14 22 20 16 25
 1.815000E+02 7 0 0 0 0 0 0 0 0 1 0 0 19 13 21 25 15 22
 1.820000E+02 10 0 0 0 0 0 0 1 0 1 0 0 19 12 15 23 22 15
 1.825000E+02 14 0 0 0 0 0 0 0 0 2 0 0 19 16 16 24 14 13
 1.830000E+02 4 0 0 0 0 0 0 0 0 1 0 0 22 15 18 20 10 17
 1.835000E+02 4 0 0 0 0 0 0 0 0 1 0 0 16 18 13 21 11 19
 1.840000E+02 8 0 0 0 0 0 0 0 0 1 0 0 15 21 15 15 14 18
 1.845000E+02 7 0 0 0 0 0 0 0 0 1 0 0 13 16 13 21 14 17
 1.850000E+02 11 0 0 0 0 0 0 0 0 1 0 0 19 15 19 24 12 12
 1.855000E+02 12 0 0 0 0 0 0 0 0 0 0 0 19 23 14 19 13 13
 1.860000E+02 9 0 0 0 0 0 0 0 0 0 0 0 16 17 14 18 16 14
 1.865000E+02 15 0 0 0 0 0 0 0 0 0 0 0 20 17 16 12 11 18
 1.870000E+02 13 0 0 0 0 0 0 0 0 0 0 0 20 16 12 14 15 20
 1.875000E+02 6 0 0 0 0 0 0 0 0 0 0 0 16 17 12 14 23 21
 1.880000E+02 9 0 0 0 0 0 0 0 0 0 0 0 13 17 9 23 14 31
 1.885000E+02 8 0 0 0 0 0 0 0 0 0 0 0 17 17 11 23 18 26
 1.890000E+02 15 0 0 0 0 0 0 0 0 0 0 0 23 13 14 15 12 25
 1.895000E+02 8 0 0 0 0 0 0 0 0 1 0 0 20 14 15 15 18 20
 1.900000E+02 3 0 0 0 0 0 0 0 0 1 0 0 21 13 20 19 13 21
 1.905000E+02 12 0 0 0 0 0 0 0 0 1 0 0 19 17 22 12 18 17
 1.910000E+02 9 0 0 0 0 0 0 0 0 1 0 0 19 17 22 14 19 14
 1.915000E+02 1 0 0 0 0 0 0 0 0 0 0 0 12 17 19 17 19 17
 1.920000E+02 14 0 0 0 0 0 0 0 0 0 0 0 15 17 14 21 15 25
 1.925000E+02 8 0 0 0 0 0 0 0 0 0 0 0 24 13 14 21 20 22
 1.930000E+02 12 0 0 0 0 0 0 0 0 0 0 0 12 11 16 19 17 18
 1.935000E+02 6 0 0 0 0 0 0 0 0 1 0 0 17 15 20 16 21 20
 1.940000E+02 19 0 0 0 0 0 0 0 0 1 0 0 12 18 23 12 22 19
 1.945000E+02 12 0 0 0 0 1 0 0 0 0 0 0 13 16 22 13 17 12
 1.950000E+02 11 0 0 0 0 0 0 0 0 0 0 0 17 19 19 14 19 13
 1.955000E+02 5 0 0 0 0 0 0 0 0 0 0 0 11 24 21 19 20 15
 1.960000E+02 7 0 0 0 0 0 0 0 0 0 0 0 15 15 21 17 14 20
 1.965000E+02 7 0 0 0 0 0 0 0 0 0 0 0 16 13 28 17 17 18
 1.970000E+02 4 0 0 0 0 0 0 0 0 0 0 0 14 20 20 22 15 21
 1.975000E+02 7 0 0 0 0 0 0 0 0 1 0 0 16 10 22 19 12 15
 1.980000E+02 9 0 0 0 0 0 0 0 0 1 0 0 18 13 25 13 11 12
 1.985000E+02 5 0 0 0 0 0 0 1 0 1 0 0 18 16 17 12 15 20
 1.990000E+02 10 0 0 0 0 0 0 0 0 1 0 0 13 20 22 12 18 20
 1.995000E+02 14 0 0 0 0 0 0 1 0 1 0 0 15 12 25 16 23 17
 2.000000E+02 7 0 0 0 0 0 0 2 0 1 0 0 18 19 19 12 22 17
 2.005000E+02 9 0 0 0 0 0 0 1 0 1 0 0 18 13 16 19 20 20
 2.010000E+02 6 0 0 0 0 0 0 0 0 1 0 0 16 21 18 20 20 22
 2.015000E+02 7 0 0 0 0 0 0 0 0 0 0 0 15 20 17 15 17 17
 2.020000E+02 5 0 0 0 0 0 0 0 0 0 0 0 20 20 22 9 18 24
 2.025000E+02 13 0 0 0 0 0 0 0 0 0 0 0 14 19 17 12 14 24
 2.030000E+02 6 0 0 0 0 0 0 0 0 0 0 0 19 13 17 14 14 21
 2.035000E+02 9 0 0 0 0 0 0 0 0 0 0 0 16 15 17 20 15 21
 2.040000E+02 6 0 0 0 0 0 0 0 0 0 0 0 7 21 16 16 18 15
 2.045000E+02 14 0 0 0 0 0 0 0 0 0 0 0 19 19 12 13 17 14
 2.050000E+02 12 0 0 0 0 0 0 0 0 0 0 0 17 23 16 9 14 12
 2.055000E+02 5 0 0 0 0 0 0 0 0 0 0 0 18 15 21 14 17 18
 2.060000E+02 4 0 0 0 0 0 0 0 0 0 0 0 19 12 23 16 15 19
 2.065000E+02 13 0 0 0 0 0 0 0 0 0 0 0 23 12 27 17 9 14
 2.070000E+02 8 0 0 0 0 0 0 0 0 0 0 0 18 22 17 17 9 11
 2.075000E+02 11 0 0 0 0 0 0 0 0 0 0 0 25 17 18 19 12 12
 2.080000E+02 7 0 0 0 0 0 0 0 0 0 0 0 21 13 16 19 13 15
 2.085000E+02 14 0 0 0 0 0 0 0 0 0 0 0 22 10 13 14 20 10
 2.090000E+02 12 0 0 0 0 0 0 0 0 0 0 0 15 13 21 12 16 12
 2.095000E+02 7 0 0 0 0 0 0 0 0 0 0 0 16 17 17 16 13 17
 2.100000E+02 13 0 0 0 0 0 0 0 0 0 0 0 14 11 23 9 18 16
 2.105000E+02 17 0 0 0 0 0 0 0 0 0 0 0 12 15 18 12 20 13
 2.110000E+02 6 0 0 0 0 0 0 0 0 0 0 0 16 12 15 15 20 14
 2.115000E+02 9 0 0 0 0 0 0 0 0 1 0 0 13 13 20 16 15 13
 2.120000E+02 5 0 0 0 0 0 0 0 0 1 0 0 11 14 18 20 15 19
 2.125000E+02 7 0 0 0 0 0 0 0 0 1 0 0 12 13 18 16 19 22
 2.130000E+02 6 0 0 0 0 0 0 0 0 0 0 1 15 16 15 12 23 18
 2.135000E+02 11 0 0 0 0 0 0 0 0 0 0 0 15 17 14 14 13 15
 2.140000E+02 7 0 0 0 0 0 0 0 0 0 0 0 18 8 15 17 13 14
 2.145000E+02 6 0 0 0 0 0 0 0 0 0 0 0 14 8 13 12 15 13
 2.150000E+02 9 0 0 0 0 0 0 0 0 0 0 0 13 13 15 21 11 11
 2.155000E+02 6 0 0 0 0 0 0 0 0 0 0 0 16 20 14 15 19 19
 2.160000E+02 9 0 0 0 0 0 0 0 0 0 0 0 14 21 9 16 17 16
 2.165000E+02 8 0 0 0 0 0 0 0 0 0 0 0 20 21 11 20 15 12
 2.170000E+02 9 0 0 0 0 0 0 0 0 0 0 0 17 17 9 21 15 17
 2.175000E+02 8 0 0 0 0 0 0 0 0 0 0 0 15 18 17 15 14 12
 2.180000E+02 5 0 0 0 0 0 0 0 0 0 0 0 13 18 17 17 23 15
 2.185000E+02 12 0 0 0 0 0 0 0 0 0 0 0 13 15 18 10 24 11
 2.190000E+02 8 0 0 0 0 0 0 0 0 0 0 0 22 15 21 16 10 12
 2.195000E+02 16 0 0 0 0 0 0 0 0 0 0 0 21 14 20 9 13 16
 2.200000E+02 12 0 0 0 0 0 0 0 0 0 0 0 18 16 17 14 16 13
 2.205000E+02 8 0 0 0 0 0 0 0 0 0 1 0 14 14 20 10 16 19
 2.210000E+02 13 0 0 0 0 0 0 0 0 0 1 0 17 20 17 9 19 19
 2.215000E+02 10 0 0 0 0 0 0 0 0 1 0 0 20 19 11 13 20 16
 2.220000E+02 11 0 0 0 0 0 0 0 0 0 0 0 16 19 19 13 21 11
 2.225000E+02 10 0 0 0 0 0 0 0 0 0 0 0 17 19 16 12 23 9
 2.230000E+02 10 0 0 0 0 0 0 0 0 0 0 0 22 18 15 12 26 9
 2.235000E+02 11 0 0 0 0 0 0 0 0 0 0 0 16 13 10 14 20 11
 2.240000E+02 10 0 0 0 0 0 0 0 0 1 0 0 22 14 8 15 15 16
 2.245000E+02 8 0 0 1 0 0 0 0 0 0 0 0 15 12 11 14 17 13
 2.250000E+02 5 0 0 0 0 0 0 0 0 1 0 0 17 15 11 13 14 11
 2.255000E+02 6 0 0 0 0 0 0 0 0 1 0 0 17 15 14 15 11 14
 2.260000E+02 13 0 0 0 0 0 0 0 0 0 0 0 16 19 16 11 12 17
 2.265000E+02 12 0 0 0 0 0 0 0 0 0 0 0 16 22 18 16 12 13
 2.270000E+02 7 0 0 0 0 0 0 0 0 0 0 0 15 22 19 13 19 22
 2.275000E+02 10 0 0 0 0 0 0 0 0 0 0 0 19 19 18 10 20 18
 2.280000E+02 6 0 0 0 0 0 0 0 0 0 0 0 17 15 20 9 20 18
 2.285000E+02 14 0 0 0 0 0 0 0 0 0 0 0 15 11 19 13 19 18
 2.290000E+02 11 0 0 1 0 0 0 0 0 0 0 0 17 12 12 19 17 13
 2.295000E+02 11 0 0 0 0 0 0 0 0 0 0 0 17 15 13 16 19 13
 2.300000E+02 11 0 0 0 0 0 0 0 0 0 0 0 17 13 12 20 13 15
 2.305000E+02 9 0 0 0 0 0 0 0 0 0 0 0 20 10 15 15 21 15
 2.310000E+02 7 0 0 0 0 0 0 0 0 0 0 0 15 12 19 18 19 16
 2.315000E+02 6 0 0 0 0 0 0 0 0 0 0 0 18 16 12 19 13 17
 2.320000E+02 6 0 0 0 0 0 0 0 0 1 0 0 24 21 14 16 11 18
 2.325000E+02 8 0 0 0 0 0 0 0 0 1 0 0 18 17 17 12 13 15
 2.330000E+02 6 0 0 0 0 0 0 0 0 0 0 0 26 15 21 11 12 20
 2.335000E+02 9 0 0 0 0 0 0 0 0 0 0 0 23 12 22 16 5 17
 2.340000E+02 14 0 0 0 0 0 0 0 0 0 0 0 21 20 17 19 6 16
 2.345000E+02 4 0 0 0 0 0 0 0 0 0 0 0 21 17 17 19 17 12
 2.350000E+02 7 0 0 0 0 0 0 0 0 0 0 0 11 13 22 18 18 18
 2.355000E+02 6 0 0 0 0 0 0 0 0 1 0 0 18 12 19 17 12 20
 2.360000E+02 9 0 0 0 0 0 0 0 0 0 1 0 15 13 17 18 16 17
 2.365000E+02 5 0 0 0 0 0 0 0 0 1 0 0 15 15 21 20 19 18
 2.370000E+02 9 0 0 0 0 0 0 0 0 1 0 0 17 18 18 13 19 18
 2.375000E+02 12 0 0 0 0 0 0 0 0 1 0 0 20 17 16 14 13 18
 2.380000E+02 9 0 0 0 0 0 0 0 0 0 0 0 13 20 17 22 18 14
 2.385000E+02 7 0 0 0 0 0 0 0 0 0 0 0 9 19 22 16 19 16
 2.390000E+02 10 0 0 0 0 0 0 0 0 0 0 0 9 14 20 16 16 21
 2.395000E+02 12 0 0 0 0 0 0 0 0 0 0 0 10 17 17 21 12 18
 2.400000E+02 8 0 0 0 0 0 0 0 0 0 0 0 14 18 17 24 16 12
 2.405000E+02 6 0 0 0 0 0 0 0 0 0 0 0 18 17 15 17 12 10
 2.410000E+02 10 0 0 0 0 0 0 0 0 0 0 0 15 15 14 16 18 18
 2.415000E+02 11 0 0 0 0 0 0 0 0 0 0 0 13 19 17 22 21 18
 2.420000E+02 13 0 0 0 0 0 0 0 0 0 0 0 14 13 12 26 20 18
 2.425000E+02 4 0 0 0 0 0 0 0 0 0 0 0 13 15 10 19 19 12
 2.430000E+02 3 0 0 0 0 0 0 0 0 0 0 0 18 16 22 25 9 14
 2.435000E+02 9 0 0 0 0 0 0 0 0 0 0 0 18 11 25 21 13 14
 2.440000E+02 4 0 0 0 0 0 0 0 0 0 0 0 11 11 18 25 16 12
 2.445000E+02 10 0 0 0 0 0 0 0 0 0 0 0 14 11 13 20 10 16
 2.450000E+02 8 0 0 0 0 0 0 0 0 0 0 0 14 10 14 18 11 11
 2.455000E+02 10 0 0 0 0 0 0 0 0 0 0 0 20 13 17 18 16 16
 2.460000E+02 10 0 0 0 0 0 0 0 0 1 0 0 22 17 10 18 16 18
 2.465000E+02 10 0 0 0 0 0 0 0 0 0 0 0 23 16 14 18 14 16
 2.470000E+02 8 0 0 0 0 0 0 0 0 1 0 0 16 13 18 19 18 18
 2.475000E+02 7 0 0 1 0 0 0 0 0 0 0 0 17 18 23 17 14 15
 2.480000E+02 9 0 0 0 0 0 0 0 0 0 0 0 15 14 18 17 15 9
 2.485000E+02 10 0 0 0 0 0 0 0 0 1 0 0 17 20 25 14 17 10
 2.490000E+02 9 0 0 0 0 0 0 0 0 1 0 0 22 24 17 12 16 12
 2.495000E+02 7 0 0 1 0 0 0 0 0 1 0 0 22 18 12 14 13 15
 2.500000E+02 8 0 0 0 0 0 0 0 0 1 0 0 17 16 12 15 15 20
 2.505000E+02 1120 0 0 2 0 0 0 0 0 9 1 0 0 0 0 0 0 0
 2.510000E+02 1836 1 0 3 0 1 0 1 0 23 0 0 0 0 0 0 0 0
 2.515000E+02 2137 0 0 4 1 0 0 0 0 25 0 0 0 0 0 0 0 0
 2.520000E+02 2152 0 0 7 0 0 0 2 0 31 3 0 0 0 0 0 0 0
 2.525000E+02 885 0 0 5 0 1 0 1 0 30 0 2 0 0 0 0 0 0
 2.530000E+02 383 0 0 5 0 0 0 1 1 17 1 2 1 0 0 0 0 0
 2.535000E+02 177 2 0 2 0 0 0 1 0 14 0 0 1 0 0 0 0 1
 2.540000E+02 87 1 0 1 0 0 0 2 0 9 0 2 1 1 0 0 1 2
 2.545000E+02 1407 0 0 4 0 0 0 2 0 12 0 0 0 0 0 0 0 0
 2.550000E+02 1929 1 0 5 0 0 0 1 0 28 3 1 0 0 0 0 0 0
 2.555000E+02 2192 1 0 2 0 0 0 2 1 34 0 2 0 0 0 0 0 0
 2.560000E+02 2220 2 0 9 0 0 0 4 0 28 3 1 0 0 0 0 0 0
 2.565000E+02 943 1 0 4 0 0 0 6 0 32 0 2 0 0 0 0 0 0
 2.570000E+02 392 0 0 3 0 0 0 1 0 27 1 1 0 0 0 0 0 0
 2.575000E+02 186 0 0 3 0 0 0 3 0 16 0 1 1 0 0 0 0 1
 2.580000E+02 98 0 0 0 0 1 0 2 0 14 0 0 1 2 2 2 1 2
 2.585000E+02 1375 0 0 1 0 0 0 2 0 16 1 0 0 0 0 0 0 1
 2.590000E+02 1970 0 0 4 0 1 0 2 0 20 1 0 0 0 0 0 0 0
 2.595000E+02 2110 1 0 1 0 0 0 5 1 31 0 0 0 0 0 0 0 0
 2.600000E+02 2277 1 0 3 1 0 0 5 0 26 0 0 0 0 0 0 0 0
 2.605000E+02 939 2 0 2 0 0 0 4 0 23 0 1 0 0 0 0 0 0
 2.610000E+02 450 0 0 0 0 0 0 3 0 18 0 0 0 0 0 0 1 0
 2.615000E+02 209 2 0 1 0 0 0 4 0 11 0 0 0 0 0 0 2 2
 2.620000E+02 105 0 0 3 0 0 0 0 0 6 0 0 2 0 4 2 0 1
 2.625000E+02 1341 0 0 0 0 0 0 4 0 12 0 1 0 0 0 0 0 0
 2.630000E+02 1903 1 0 4 0 1 0 3 0 26 1 2 0 0 0 0 0 0
 2.635000E+02 2134 1 0 2 0 0 0 7 1 32 1 1 0 0 0 0 0 0
 2.640000E+02 2289 0 0 1 0 4 0 7 0 35 0 1 0 0 0 0 0 0
 2.645000E+02 1000 0 0 4 0 1 0 2 0 33 2 0 0 0 0 0 0 0
 2.650000E+02 443 0 0 1 0 0 0 4 0 18 0 1 1 0 0 0 0 0
 2.655000E+02 204 2 0 0 0 0 0 2 1 15 1 0 0 0 2 0 0 0
 2.660000E+02 99 2 0 1 0 0 0 1 0 9 0 0 0 1 4 2 1 2
 2.665000E+02 1388 1 0 0 0 1 0 2 0 14 0 0 0 0 0 0 0 0
 2.670000E+02 1917 0 0 1 0 2 0 5 0 20 0 0 0 0 0 0 0 0
 2.675000E+02 2163 2 0 2 0 1 0 1 0 34 0 2 0 0 0 0 0 0
 2.680000E+02 2228 2 0 0 0 2 0 6 1 42 1 1 0 0 0 0 0 0
 2.685000E+02 932 1 0 1 0 1 0 6 0 30 1 0 0 0 0 0 0 0
 2.690000E+02 398 0 0 1 0 0 0 4 0 29 0 0 0 0 0 0 0 0
 2.695000E+02 193 0 0 0 0 1 0 1 1 24 0 0 0 0 0 1 0 0
 2.700000E+02 121 1 0 0 0 1 0 1 0 16 0 0 3 2 1 2 1 1
 2.705000E+02 1393 1 0 0 0 0 0 1 0 23 0 0 0 0 0 0 0 0
 2.710000E+02 1911 1 0 1 0 5 0 4 0 22 1 0 0 0 0 0 0 0
 2.715000E+02 2128 0 0 3 0 1 0 6 0 21 1 1 0 0 0 0 0 0
 2.720000E+02 2230 0 0 0 0 0 0 3 0 35 1 1 0 0 0 0 0 0
 2.725000E+02 931 2 0 1 0 0 0 5 0 28 1 0 0 0 0 0 0 0
 2.730000E+02 394 0 0 0 0 0 0 3 0 20 2 0 0 1 0 0 0 1
 2.735000E+02 186 0 0 0 0 0 0 2 1 14 1 1 0 0 1 0 0 0
 2.740000E+02 97 2 0 1 0 1 0 2 0 6 0 0 3 4 1 0 1 3
 2.745000E+02 1391 1 0 1 0 0 0 2 0 17 1 2 0 0 0 0 0 0
 2.750000E+02 1947 0 0 0 0 0 0 7 0 26 1 1 0 0 0 1 0 0
 2.755000E+02 2150 1 0 0 0 0 0 6 0 33 0 0 0 0 0 0 0 0
 2.760000E+02 2278 1 0 2 0 2 0 4 0 34 2 0 0 0 0 0 0 0
 2.765000E+02 982 0 0 1 0 0 0 6 0 35 1 0 0 0 0 0 0 0
 2.770000E+02 437 0 0 1 0 2 0 7 0 24 0 1 0 0 0 0 1 0
 2.775000E+02 193 0 0 0 0 1 0 2 2 16 0 0 1 3 1 0 1 0
 2.780000E+02 99 0 0 0 0 0 1 1 0 12 1 0 4 2 1 1 3 2
 2.785000E+02 1363 0 0 2 0 1 0 2 0 15 1 0 0 0 0 0 0 0
 2.790000E+02 1911 0 0 0 0 1 0 2 1 24 0 0 0 0 0 0 0 0
 2.795000E+02 2147 1 0 2 0 2 0 8 0 23 0 0 0 0 0 0 0 0
 2.800000E+02 2362 2 0 2 0 2 0 7 0 25 0 0 0 0 0 0 0 0
 2.805000E+02 992 0 0 1 0 3 0 3 0 36 1 0 0 0 0 0 0 0
 2.810000E+02 436 0 0 1 0 3 0 5 1 23 1 0 0 0 0 0 1 1
 2.815000E+02 191 0 0 0 0 0 0 1 0 24 1 0 0 0 0 0 0 0
 2.820000E+02 118 0 0 1 0 1 0 1 0 16 0 0 6 2 4 1 3 0
 2.825000E+02 1402 1 1 0 0 0 0 1 0 15 1 0 0 0 0 0 0 0
 2.830000E+02 1889 1 0 1 0 1 0 3 0 26 1 0 0 0 0 0 0 0
 2.835000E+02 2218 1 0 3 0 1 0 8 0 26 0 0 0 0 0 0 0 0
 2.840000E+02 2321 0 0 1 0 1 0 4 0 32 0 0 0 0 0 0 0 0
 2.845000E+02 1006 0 0 1 0 2 0 5 0 25 1 0 1 0 0 0 0 0
 2.850000E+02 425 0 0 0 0 1 0 4 0 20 1 0 0 0 0 0 0 0
 2.855000E+02 203 0 0 0 0 1 0 2 0 21 0 0 0 0 0 0 0 2
 2.860000E+02 109 0 0 1 0 2 0 2 0 14 1 1 1 4 3 1 0 2
 2.865000E+02 1442 1 0 0 0 0 0 2 0 21 0 0 0 0 0 0 0 0
 2.870000E+02 1928 3 0 1 0 2 0 2 1 35 0 0 0 0 0 0 0 0
 2.875000E+02 2194 0 0 0 0 2 1 7 0 36 0 0 0 0 0 0 0 0
 2.880000E+02 2216 0 0 1 0 2 0 3 0 41 0 0 0 0 0 0 0 0
 2.885000E+02 950 1 0 0 0 3 0 4 0 33 0 2 0 0 0 0 0 0
 2.890000E+02 426 0 0 0 0 3 0 7 0 30 0 3 0 0 0 0 0 0
 2.895000E+02 190 0 0 0 0 2 0 5 0 22 0 0 0 0 0 1 1 0
 2.900000E+02 108 0 0 0 0 1 0 5 0 14 0 0 2 4 0 0 1 1
 2.905000E+02 63 0 0 0 0 1 0 4 0 8 0 0 2 4 5 2 4 3
 2.910000E+02 56 0 0 0 0 1 0 2 0 5 0 0 3 5 4 7 8 6
 2.915000E+02 48 0 0 0 0 0 0 1 0 3 0 0 8 8 2 8 8 7
 2.920000E+02 38 0 0 0 0 0 0 1 0 3 0 0 7 8 13 11 6 9
 2.925000E+02 46 0 0 0 0 0 0 0 0 3 0 0 9 10 13 11 15 14
 2.930000E+02 30 0 0 0 0 0 0 0 0 3 0 0 13 6 9 12 16 9
 2.935000E+02 31 0 0 0 0 0 0 0 0 1 0 0 9 15 10 13 15 20
 2.940000E+02 26 0 0 0 0 0 0 1 0 0 0 0 11 18 17 10 9 18
 2.945000E+02 23 0 0 0 0 0 0 0 0 1 0 0 12 17 8 19 20 14
 2.950000E+02 25 0 0 0 0 0 0 0 0 1 0 0 17 11 15 16 19 22
 2.955000E+02 18 0 0 0 0 0 0 0 0 2 0 0 20 17 17 15 16 18
 2.960000E+02 25 0 0 0 0 1 0 0 0 0 0 0 23 18 11 16 19 21
 2.965000E+02 20 0 0 0 0 0 0 0 0 1 0 0 19 19 20 16 19 12
 2.970000E+02 24 0 0 0 0 1 0 0 0 1 0 0 14 15 22 17 20 19
 2.975000E+02 28 0 0 0 0 0 0 0 0 0 0 0 18 11 26 20 14 15
 2.980000E+02 15 0 0 0 0 0 0 0 0 0 0 0 15 11 27 17 16 17
 2.985000E+02 16 0 0 0 0 0 0 0 0 1 0 0 18 17 12 11 18 20
 2.990000E+02 20 0 0 0 0 0 0 0 0 2 0 0 15 29 12 16 16 22
 2.995000E+02 20 0 0 0 0 0 0 2 0 0 0 0 16 16 11 17 19 18
 3.000000E+02 20 0 0 0 0 0 0 0 0 2 0 0 21 22 21 15 18 18
 3.005000E+02 20 1 0 0 0 0 0 0 0 1 0 0 17 20 17 20 16 21
 3.010000E+02 15 0 0 0 0 0 0 0 0 0 0 0 22 18 15 21 18 26
 3.015000E+02 12 0 0 0 0 0 0 1 0 0 0 0 26 11 23 11 21 18
 3.020000E+02 17 0 0 0 0 0 0 0 0 0 0 0 18 17 11 20 18 22
 3.025000E+02 10 0 0 0 0 1 0 0 0 0 0 0 19 16 23 20 23 23
 3.030000E+02 15 0 0 0 0 0 0 0 0 1 0 0 17 18 14 20 24 17
 3.035000E+02 20 0 0 1 0 0 0 1 0 0 0 0 18 22 16 18 18 18
 3.040000E+02 15 0 0 1 0 0 0 0 0 1 0 0 16 22 14 36 20 19
 3.045000E+02 15 0 0 0 0 0 0 0 0 1 0 0 20 13 27 20 19 18
 3.050000E+02 15 0 0 0 0 0 0 1 0 0 0 0 17 13 19 25 18 20
 3.055000E+02 14 0 0 0 0 0 0 0 0 0 0 0 13 15 25 27 18 19
 3.060000E+02 15 0 0 0 0 0 0 0 0 0 0 0 18 20 25 17 24 14
 3.065000E+02 16 0 0 0 0 0 0 0 0 0 0 0 26 18 26 19 26 16
 3.070000E+02 18 0 0 0 0 0 0 0 0 0 0 0 28 18 16 20 25 20
 3.075000E+02 17 0 0 0 0 0 0 0 0 0 0 0 17 21 17 19 22 19
 3.080000E+02 10 0 0 0 0 0 0 0 0 0 0 0 18 25 23 19 16 22
 3.085000E+02 20 0 0 0 0 0 0 0 0 0 0 0 26 18 19 16 18 26
 3.090000E+02 13 0 0 0 0 0 0 0 0 0 0 0 20 19 17 8 17 24
 3.095000E+02 14 0 0 0 0 0 0 0 0 0 0 0 24 21 21 11 16 27
 3.100000E+02 6 0 0 0 0 0 0 0 0 1 0 0 19 16 24 20 19 11
 3.105000E+02 16 0 0 0 0 0 0 0 0 1 0 0 22 15 24 19 24 13
 3.110000E+02 10 0 0 0 0 0 0 0 0 2 0 0 19 16 19 13 28 15
 3.115000E+02 13 0 0 0 0 0 0 0 0 3 0 0 23 16 17 17 17 18
 3.120000E+02 8 0 0 1 0 0 0 1 0 2 0 0 24 18 20 25 14 17
 3.125000E+02 8 0 0 0 0 0 0 0 0 2 0 0 19 22 21 19 19 19
 3.130000E+02 8 0 0 0 0 0 0 0 0 3 0 0 21 18 23 19 24 18
 3.135000E+02 14 0 0 0 0 0 0 0 0 4 0 0 12 19 26 20 20 18
 3.140000E+02 9 0 0 0 0 0 0 0 0 1 0 0 19 14 20 17 19 24
 3.145000E+02 11 0 0 0 0 0 0 0 0 2 0 0 23 20 18 18 12 23
 3.150000E+02 11 0 0 1 0 0 0 0 0 1 0 0 31 19 19 18 12 22
 3.155000E+02 12 0 0 0 0 0 0 1 0 3 0 0 28 22 21 13 15 20
 3.160000E+02 11 0 0 0 0 0 0 2 0 3 0 0 26 19 18 15 14 17
 3.165000E+02 11 0 0 0 0 0 0 0 0 2 0 0 24 18 27 10 10 20
 3.170000E+02 9 0 0 0 0 0 0 1 0 2 0 0 20 24 29 17 17 14
 3.175000E+02 7 0 0 0 0 0 0 1 0 0 0 0 23 21 20 22 15 11
 3.180000E+02 7 0 0 0 0 0 0 1 0 1 0 0 18 20 19 16 21 15
 3.185000E+02 8 0 0 0 0 0 0 0 0 2 0 0 22 23 12 27 16 20
 3.190000E+02 15 0 0 0 0 0 0 0 0 3 0 0 24 21 13 21 13 19
 3.195000E+02 12 0 0 0 0 0 0 0 0 1 0 0 28 15 24 20 17 11
 3.200000E+02 9 0 0 1 0 0 0 0 0 0 0 0 19 17 21 21 25 17
 3.205000E+02 9 0 0 0 0 0 0 0 0 1 0 0 16 16 19 19 20 20
 3.210000E+02 9 0 0 0 0 0 0 0 0 1 0 0 16 20 20 21 26 19
 3.215000E+02 10 0 0 0 0 0 0 0 0 0 0 0 16 17 19 22 30 13
 3.220000E+02 16 0 0 0 0 0 0 0 0 0 0 0 13 15 23 20 23 21
 3.225000E+02 13 0 0 0 0 0 0 0 0 0 0 0 17 17 19 22 14 20
 3.230000E+02 13 0 0 0 0 0 0 0 0 0 0 0 14 15 23 20 17 28
 3.235000E+02 6 0 0 0 0 0 0 0 0 1 0 0 21 10 24 17 20 20
 3.240000E+02 7 0 0 0 0 0 0 0 0 0 0 0 23 14 17 18 14 16
 3.245000E+02 9 0 0 0 0 0 0 0 0 0 0 0 22 16 23 20 20 14
 3.250000E+02 11 0 0 0 0 0 0 0 0 0 0 0 24 12 20 17 18 8
 3.255000E+02 11 0 0 0 0 0 0 0 0 0 0 0 17 19 24 25 19 19
 3.260000E+02 9 0 0 0 0 0 0 0 0 0 0 0 18 22 12 18 20 15
 3.265000E+02 10 0 0 0 0 0 0 0 0 0 0 0 17 21 12 19 18 19
 3.270000E+02 9 0 0 0 0 0 0 0 0 0 0 0 14 22 13 19 20 22
 3.275000E+02 16 0 0 0 0 0 0 0 0 0 0 0 12 25 12 20 21 18
 3.280000E+02 9 0 0 0 0 0 0 0 0 0 0 0 21 21 18 19 17 17
 3.285000E+02 9 0 0 0 0 0 0 0 0 0 0 0 16 17 13 23 15 16
 3.290000E+02 11 0 0 0 0 0 0 0 0 0 0 0 13 23 18 14 16 16
 3.295000E+02 5 0 0 0 0 0 0 0 0 0 0 0 17 20 20 18 12 19
 3.300000E+02 12 0 0 0 0 0 0 0 0 0 0 0 12 20 14 15 20 23
 3.305000E+02 15 0 0 0 0 0 0 0 0 0 0 0 20 21 13 17 24 16
 3.310000E+02 8 0 0 0 0 0 0 0 0 0 0 0 17 13 18 19 23 15
 3.315000E+02 6 0 0 0 0 0 0 0 0 1 0 0 18 16 15 21 27 20
 3.320000E+02 5 0 0 0 0 0 0 0 0 0 0 0 19 17 15 20 18 19
 3.325000E+02 9 0 0 0 0 0 0 0 0 0 0 0 15 15 18 26 19 15
 3.330000E+02 14 0 0 0 0 0 0 0 0 0 0 0 20 18 21 15 20 14
 3.335000E+02 9 0 0 0 0 0 0 0 0 0 0 0 18 13 11 19 23 15
 3.340000E+02 6 0 0 0 0 0 0 0 0 0 0 0 17 15 18 22 18 15
 3.345000E+02 11 0 0 0 0 0 0 0 0 0 0 0 24 17 16 22 18 12
 3.350000E+02 12 0 0 0 0 0 0 0 0 0 0 0 22 13 16 11 16 19
 3.355000E+02 12 0 0 0 0 0 0 0 0 0 0 0 12 17 17 18 16 13
 3.360000E+02 13 0 0 0 0 0 0 0 0 1 0 0 19 16 17 14 17 16
 3.365000E+02 10 0 0 0 0 0 0 1 0 0 0 0 16 14 18 17 25 15
 3.370000E+02 15 0 0 0 0 0 0 1 0 0 0 0 11 22 20 13 20 19
 3.375000E+02 12 0 0 0 0 0 0 0 0 0 0 0 18 13 19 14 20 22
 3.380000E+02 10 0 0 0 0 0 0 0 0 0 0 0 15 14 21 17 17 21
 3.385000E+02 10 0 0 0 0 0 0 0 0 0 0 0 17 13 22 21 20 17
 3.390000E+02 7 0 0 0 0 0 0 0 0 0 0 0 15 15 23 21 15 20
 3.395000E+02 9 0 0 0 0 0 0 0 0 0 0 0 25 14 10 19 14 11
 3.400000E+02 13 0 0 0 0 0 0 0 0 0 0 0 23 22 18 16 9 11
 3.405000E+02 6 0 0 0 0 0 0 0 0 0 0 0 21 15 21 19 13 14
 3.410000E+02 8 0 0 0 0 0 0 0 0 0 0 0 17 18 21 19 16 14
 3.415000E+02 15 0 0 0 0 0 0 1 0 0 0 0 18 21 18 23 19 12
 3.420000E+02 8 0 0 0 0 0 0 0 0 0 0 0 20 24 16 14 16 13
 3.425000E+02 7 0 0 0 0 0 0 0 0 0 0 0 17 27 16 19 18 15
 3.430000E+02 13 0 0 0 0 0 0 0 0 0 0 0 16 21 14 17 24 19
 3.435000E+02 9 0 0 0 0 0 0 0 0 0 0 0 19 17 18 21 14 16
 3.440000E+02 13 0 0 0 0 0 0 0 0 0 0 0 20 22 16 12 19 13
 3.445000E+02 6 0 0 0 0 0 0 0 0 1 0 0 14 18 16 14 19 16
 3.450000E+02 5 0 0 0 0 0 0 1 0 0 0 0 16 18 13 15 16 15
 3.455000E+02 10 0 0 0 0 0 0 0 0 1 0 0 15 18 13 20 14 12
 3.460000E+02 9 0 0 0 0 1 0 0 0 1 0 0 19 19 26 19 17 11
 3.465000E+02 11 0 0 1 0 1 0 0 0 0 0 0 16 20 29 12 20 22
 3.470000E+02 14 0 0 0 0 0 0 0 0 2 0 0 19 17 22 14 21 15
 3.475000E+02 8 0 0 0 0 0 0 0 0 2 0 0 15 23 20 17 16 19
 3.480000E+02 9 0 0 0 0 0 0 0 0 0 0 1 9 12 18 19 14 17
 3.485000E+02 11 0 0 0 0 0 0 0 0 0 0 0 14 16 21 22 11 22
 3.490000E+02 10 0 0 0 0 0 0 0 0 0 0 0 14 23 14 21 15 23
 3.495000E+02 10 0 0 0 0 0 0 0 0 0 0 0 19 20 15 14 18 27
 3.500000E+02 14 0 0 0 0 0 0 0 0 0 0 0 20 16 25 12 13 16
 3.505000E+02 7 0 0 0 0 0 0 0 0 0 0 0 19 20 19 17 14 16
 3.510000E+02 15 0 0 0 0 0 0 0 0 1 0 0 26 20 17 15 12 18
 3.515000E+02 5 0 0 0 0 0 0 0 0 1 0 0 24 14 14 17 17 20
 3.520000E+02 8 0 0 0 0 0 0 0 0 1 0 0 23 18 8 16 21 21
 3.525000E+02 8 0 0 0 0 0 0 0 0 0 0 0 19 15 14 18 18 14
 3.530000E+02 4 0 0 0 0 0 0 0 0 0 0 0 17 17 19 11 16 20
 3.535000E+02 5 0 0 0 0 0 0 0 0 1 0 0 16 24 16 12 13 22
 3.540000E+02 9 0 0 0 0 0 0 0 0 0 0 0 13 20 22 14 25 18
 3.545000E+02 7 0 0 0 0 0 0 0 0 0 0 0 18 18 26 11 22 15
 3.550000E+02 8 0 0 0 0 0 0 0 0 0 0 0 17 9 19 17 28 15
 3.555000E+02 9 0 0 0 0 0 0 0 0 0 0 0 16 13 14 16 20 11
 3.560000E+02 11 0 0 0 0 0 0 0 0 0 0 0 19 16 18 13 15 13
 3.565000E+02 9 0 0 0 0 0 0 0 0 0 0 0 16 22 15 18 11 16
 3.570000E+02 8 0 0 1 0 0 0 0 0 0 0 0 13 18 17 22 20 18
 3.575000E+02 17 0 0 0 0 0 0 1 0 0 0 0 16 22 9 17 23 16
 3.580000E+02 12 0 0 0 0 0 0 0 0 0 0 0 21 15 14 15 18 19
 3.585000E+02 12 0 0 0 0 0 0 0 0 0 0 0 22 15 16 20 19 9
 3.590000E+02 8 0 0 0 0 0 0 0 0 0 0 0 18 18 17 14 16 19
 3.595000E+02 9 0 0 0 0 0 0 0 0 0 0 0 17 19 14 15 19 19
 3.600000E+02 8 0 0 0 0 0 0 0 0 0 0 0 16 15 19 17 21 16
 3.605000E+02 6 0 0 0 0 0 0 0 0 0 0 0 18 13 24 19 20 11
 3.610000E+02 5 0 0 0 0 0 0 0 0 0 0 0 13 20 24 24 20 16
 3.615000E+02 5 0 0 0 0 0 0 0 0 0 0 0 14 16 23 13 20 13
 3.620000E+02 5 0 0 0 0 0 0 0 0 0 0 0 10 17 26 17 15 12
 3.625000E+02 9 0 0 0 0 0 0 0 0 0 0 0 12 17 26 17 17 15
 3.630000E+02 11 0 0 0 0 0 0 0 0 0 0 0 10 19 19 21 16 8
 3.635000E+02 8 0 0 0 0 0 0 0 0 1 0 0 15 13 20 18 20 7
 3.640000E+02 2 0 0 0 0 0 0 0 0 1 0 0 20 11 18 24 19 9
 3.645000E+02 9 0 0 0 0 0 0 0 0 1 0 0 21 15 18 25 12 12
 3.650000E+02 7 0 0 0 0 0 0 0 0 0 0 0 13 17 17 25 12 16
 3.655000E+02 10 0 0 0 0 0 0 0 0 0 0 0 15 17 18 26 19 15
 3.660000E+02 8 0 0 0 0 0 0 0 0 0 0 0 12 18 18 19 21 14
 3.665000E+02 11 0 0 0 0 0 0 0 0 0 0 0 18 16 25 15 20 12
 3.670000E+02 11 0 0 0 0 0 0 0 0 0 0 0 10 16 20 15 17 10
 3.675000E+02 10 0 0 0 0 0 0 0 0 0 0 0 12 15 12 15 18 16
 3.680000E+02 3 0 0 0 0 0 0 0 0 0 0 0 6 18 15 19 18 21
 3.685000E+02 9 0 0 0 0 0 0 0 0 0 0 0 7 14 18 15 14 19
 3.690000E+02 8 0 0 0 0 0 0 0 0 0 0 0 15 17 23 16 9 24
 3.695000E+02 7 0 0 0 0 0 0 0 0 0 0 0 23 19 25 17 12 16
 3.700000E+02 10 0 0 0 0 0 0 0 0 1 0 0 15 16 19 18 15 15
 3.705000E+02 13 0 0 0 0 0 0 0 0 2 0 0 10 16 14 20 14 24
 3.710000E+02 8 0 0 0 0 0 0 0 0 1 0 0 15 13 15 20 21 18
 3.715000E+02 10 0 0 0 0 0 0 0 0 1 0 0 13 16 15 22 18 16
 3.720000E+02 18 0 0 0 0 0 0 0 0 1 0 0 17 16 18 14 19 10
 3.725000E+02 7 0 0 0 0 0 0 0 0 1 0 0 23 20 19 15 11 12
 3.730000E+02 12 0 0 0 0 0 0 0 0 1 0 0 16 20 12 24 7 22
 3.735000E+02 4 0 0 0 0 0 0 0 0 1 0 0 14 17 17 17 9 15
 3.740000E+02 14 0 0 1 0 0 0 0 0 0 0 0 14 16 21 15 10 16
 3.745000E+02 7 0 0 0 0 0 0 0 0 2 0 0 26 20 16 22 10 19
 3.750000E+02 6 0 0 0 0 1 0 0 0 1 1 0 22 20 14 17 8 16
 3.755000E+02 9 1 0 0 0 0 0 1 0 1 0 0 27 20 17 15 13 20
 3.760000E+02 14 0 0 0 0 0 0 0 0 2 0 0 19 19 20 12 15 16
 3.765000E+02 12 0 0 0 0 0 0 0 0 0 0 0 20 15 15 12 16 18
 3.770000E+02 12 0 0 0 0 0 0 0 0 0 0 0 19 19 22 16 10 19
 3.775000E+02 10 0 0 0 0 0 0 0 0 0 0 0 24 23 15 19 10 16
 3.780000E+02 10 0 0 0 0 0 0 0 0 0 0 0 24 15 14 14 17 21
 3.785000E+02 6 0 0 0 0 0 0 0 0 0 0 0 18 20 13 16 21 20
 3.790000E+02 8 0 0 0 0 0 0 0 0 0 0 0 24 15 10 14 24 17
 3.795000E+02 11 0 0 0 0 0 0 0 0 0 0 0 24 21 23 14 17 11
 3.800000E+02 4 0 0 0 0 0 0 0 0 0 0 0 21 29 17 18 16 15
 3.805000E+02 11 0 0 0 0 0 0 0 0 0 0 0 16 19 23 20 22 12
 3.810000E+02 10 0 0 0 0 0 0 0 0 0 0 0 17 22 24 18 21 11
 3.815000E+02 10 0 0 0 0 0 0 0 0 3 0 0 20 11 18 15 21 26
 3.820000E+02 11 0 0 0 0 0 0 0 0 2 0 0 19 21 13 17 14 29
 3.825000E+02 9 0 0 0 0 0 0 0 0 1 0 0 22 19 13 15 17 24
 3.830000E+02 11 0 0 0 0 0 0 0 0 1 0 0 13 18 13 15 12 16
 3.835000E+02 7 0 0 0 0 0 0 0 0 0 0 0 18 18 15 20 8 14
 3.840000E+02 9 0 0 0 0 0 0 0 0 0 0 0 17 23 20 15 11 13
 3.845000E+02 4 0 0 1 0 0 0 0 0 0 0 0 13 19 16 23 14 14
 3.850000E+02 19 0 0 0 0 0 0 0 0 1 0 0 23 14 20 20 13 18
 3.855000E+02 9 0 0 0 0 0 0 0 0 1 0 0 21 11 23 23 19 17
 3.860000E+02 10 0 0 1 0 0 0 0 0 0 0 0 15 12 19 14 17 19
 3.865000E+02 8 0 0 0 0 0 0 0 0 0 0 0 14 19 16 13 20 23
 3.870000E+02 13 0 0 1 0 0 0 0 0 0 0 0 10 17 23 18 18 17
 3.875000E+02 5 0 0 0 0 0 0 0 0 0 0 0 11 22 26 14 24 15
 3.880000E+02 13 0 0 0 0 0 0 0 0 0 0 0 20 18 23 16 23 10
 3.885000E+02 9 0 0 0 0 0 0 0 0 0 0 0 16 20 20 19 21 12
 3.890000E+02 11 0 0 0 0 0 0 0 0 0 0 0 17 18 17 23 8 17
 3.895000E+02 10 0 0 0 0 0 0 0 0 0 0 0 15 23 13 16 17 15
 3.900000E+02 8 0 0 0 0 0 0 0 0 0 0 0 18 15 17 12 22 15
 3.905000E+02 13 0 0 0 0 0 0 0 0 0 0 0 20 16 26 18 13 15
 3.910000E+02 9 0 0 0 0 0 0 0 0 0 0 0 20 17 21 23 13 17
 3.915000E+02 9 0 0 0 0 0 0 0 0 0 0 0 18 17 25 23 13 16
 3.920000E+02 7 0 0 0 0 0 0 0 0 0 0 0 16 15 16 26 12 18
 3.925000E+02 10 0 0 0 0 0 0 0 0 0 0 0 19 11 19 16 19 15
 3.930000E+02 9 0 0 0 0 0 0 0 0 0 0 0 18 22 18 20 19 16
 3.935000E+02 12 0 0 0 0 0 0 0 0 0 0 0 16 17 17 19 15 16
 3.940000E+02 11 0 0 0 0 0 0 0 0 0 0 0 21 8 18 18 14 19
 3.945000E+02 13 0 0 0 0 0 0 0 0 0 0 0 27 14 18 18 18 17
 3.950000E+02 13 0 0 0 0 0 0 0 0 1 0 0 18 15 17 10 23 18
 3.955000E+02 6 0 0 0 0 0 0 0 0 0 0 0 17 20 16 18 19 18
 3.960000E+02 8 0 0 0 0 0 0 0 0 0 0 0 14 20 15 16 19 12
 3.965000E+02 9 0 0 0 0 0 0 0 0 0 0 0 23 17 11 18 17 17
 3.970000E+02 10 0 0 0 0 0 0 0 0 0 0 0 24 13 14 16 14 21
 3.975000E+02 11 0 0 0 0 0 0 0 0 0 0 0 20 16 15 14 14 16
 3.980000E+02 4 0 0 0 0 0 0 0 0 0 0 0 18 33 16 15 14 14
 3.985000E+02 4 0 0 0 0 0 0 0 0 0 0 0 23 16 22 14 19 14
 3.990000E+02 12 0 0 0 0 0 0 0 0 0 0 0 28 13 22 17 9 18
 3.995000E+02 5 0 0 0 0 0 0 0 0 0 0 0 24 16 20 17 13 16
 4.000000E+02 9 0 0 0 0 0 0 0 0 0 0 0 19 17 19 20 17 9
 4.005000E+02 10 0 0 0 0 0 0 0 0 0 0 0 15 12 22 15 23 16
 4.010000E+02 9 0 0 0 1 0 0 0 0 0 0 0 14 17 21 15 21 16
 4.015000E+02 10 0 0 0 0 0 0 0 0 0 0 0 12 23 12 20 12 14
 4.020000E+02 6 0 0 0 0 0 0 0 0 0 0 0 13 24 18 20 13 14
 4.025000E+02 9 0 0 0 0 0 0 0 0 0 0 0 15 22 17 17 19 12
 4.030000E+02 7 0 0 0 0 0 0 0 0 0 0 0 16 19 9 14 24 13
 4.035000E+02 11 0 0 0 0 0 0 0 0 0 0 0 13 18 16 15 19 21
 4.040000E+02 11 0 0 0 0 0 0 0 0 0 0 0 19 26 16 16 17 14
 4.045000E+02 7 0 0 0 0 0 0 0 0 0 0 0 20 22 12 14 22 15
 4.050000E+02 13 0 0 0 0 0 0 0 0 0 0 0 22 17 14 11 22 20
 4.055000E+02 6 0 0 0 0 0 0 0 0 0 0 0 20 22 12 10 20 22
 4.060000E+02 12 0 0 0 0 0 0 0 0 0 0 0 18 17 14 18 18 17
 4.065000E+02 6 0 0 0 0 0 0 0 0 0 0 0 21 16 17 14 17 17
 4.070000E+02 8 0 0 0 0 0 0 0 0 0 0 0 20 19 16 20 21 15
 4.075000E+02 17 0 0 0 0 0 0 0 0 0 0 0 19 16 11 15 17 19
 4.080000E+02 11 0 0 0 0 0 0 0 0 0 0 0 23 18 16 10 15 20
 4.085000E+02 11 0 0 0 0 0 0 0 0 0 0 0 17 19 19 9 17 18
 4.090000E+02 8 0 0 0 0 0 0 0 0 1 0 0 14 15 22 16 18 15
 4.095000E+02 6 0 0 0 0 0 0 0 0 1 0 0 10 17 23 18 15 18
 4.100000E+02 4 0 0 0 0 0 0 0 0 0 0 0 7 22 20 16 18 17
 4.105000E+02 8 0 0 0 0 0 0 0 0 1 0 0 10 18 16 12 19 16
 4.110000E+02 12 0 0 1 0 0 0 0 0 0 0 0 15 17 19 16 22 18
 4.115000E+02 10 0 0 0 0 0 0 1 0 0 0 0 19 17 17 21 13 12
 4.120000E+02 12 0 0 0 0 0 0 0 0 2 0 0 19 14 17 23 14 12
 4.125000E+02 16 0 0 0 0 0 0 0 0 3 0 0 13 18 12 20 14 18
 4.130000E+02 8 0 0 0 0 0 0 0 0 1 0 0 21 11 14 24 8 15
 4.135000E+02 10 0 0 0 0 0 0 0 0 2 0 0 21 16 14 23 8 15
 4.140000E+02 8 0 0 0 0 0 0 0 0 1 0 0 22 23 18 21 7 13
 4.145000E+02 7 0 0 0 0 0 0 0 0 1 0 0 16 27 14 18 13 20
 4.150000E+02 12 1 0 0 0 0 0 0 0 1 0 0 21 23 19 17 11 19
 4.155000E+02 7 0 0 0 0 0 0 0 0 2 0 0 19 17 17 18 11 16
 4.160000E+02 10 0 0 0 0 0 0 0 0 0 0 0 17 15 19 15 13 18
 4.165000E+02 13 0 0 0 0 0 0 0 0 0 0 0 19 14 9 13 25 17
 4.170000E+02 7 0 0 0 0 0 0 0 0 0 0 0 19 12 20 18 18 15
 4.175000E+02 14 0 0 0 0 0 0 0 0 0 0 0 17 16 20 15 17 16
 4.180000E+02 11 0 0 0 0 0 0 0 0 0 0 0 10 14 19 19 17 17
 4.185000E+02 4 0 0 0 0 0 0 0 0 0 0 0 9 23 16 21 13 23
 4.190000E+02 11 0 0 0 0 0 0 1 0 0 0 0 11 17 16 15 18 19
 4.195000E+02 4 0 0 0 0 0 0 0 0 0 0 0 19 15 17 15 15 15
 4.200000E+02 8 0 0 0 0 0 0 0 0 0 0 0 18 17 23 20 10 17
 4.205000E+02 13 0 0 0 0 0 0 0 0 0 0 0 16 19 19 23 18 14
 4.210000E+02 8 0 0 0 0 0 0 0 0 0 0 0 19 14 24 18 17 10
 4.215000E+02 10 0 0 0 0 0 0 0 0 0 0 0 13 12 20 19 17 16
 4.220000E+02 10 0 0 0 0 0 0 0 0 0 0 0 12 14 21 17 15 8
 4.225000E+02 7 0 0 0 0 0 0 0 0 0 0 0 15 14 22 18 15 18
 4.230000E+02 4 0 0 0 0 0 0 0 0 0 0 0 26 15 21 21 16 16
 4.235000E+02 7 0 0 0 0 0 0 0 0 0 0 0 22 14 14 20 17 19
 4.240000E+02 6 0 0 0 0 0 0 0 0 0 0 0 23 24 9 18 19 14
 4.245000E+02 5 0 0 0 0 0 0 0 0 0 0 0 16 20 12 23 16 13
 4.250000E+02 5 0 0 0 0 0 0 0 0 0 0 0 18 25 14 17 11 15
 4.255000E+02 7 0 0 0 0 0 0 0 0 0 0 0 16 21 17 24 11 14
 4.260000E+02 13 0 0 0 0 0 0 0 0 0 0 0 17 16 14 25 10 22
 4.265000E+02 9 0 0 0 0 0 0 0 0 0 0 0 24 15 15 25 10 24
 4.270000E+02 11 0 0 0 0 0 0 0 0 0 0 0 14 15 14 23 11 17
 4.275000E+02 7 0 0 0 0 0 0 0 0 0 0 0 22 19 11 23 12 15
 4.280000E+02 8 0 0 0 0 0 0 0 0 0 0 0 20 16 15 25 13 17
 4.285000E+02 4 0 0 0 0 0 0 0 0 0 0 0 19 16 10 24 16 15
 4.290000E+02 11 0 0 0 0 0 0 0 0 0 0 0 13 16 14 23 17 23
 4.295000E+02 3 0 0 0 0 0 0 0 0 0 0 0 16 18 7 21 20 20
 4.300000E+02 8 0 0 0 0 0 0 0 0 0 0 0 15 15 18 15 19 19
 4.305000E+02 16 0 0 0 0 0 0 0 0 0 0 0 19 15 17 15 15 23
 4.310000E+02 7 0 0 0 0 0 0 0 0 0 0 0 15 20 18 15 16 17
 4.315000E+02 7 0 0 0 0 0 0 0 0 0 0 0 15 16 22 16 16 11
 4.320000E+02 7 0 0 0 0 0 0 0 0 0 0 0 15 21 19 17 18 18
 4.325000E+02 11 0 0 0 0 0 0 0 0 1 0 0 11 27 18 15 18 15
 4.330000E+02 8 0 0 0 0 0 0 0 0 0 0 0 11 22 22 12 15 18
 4.335000E+02 7 0 0 0 0 0 0 0 0 0 0 0 14 18 26 10 19 14
 4.340000E+02 6 0 0 0 0 0 0 0 0 0 0 0 21 14 24 14 15 19
 4.345000E+02 11 0 0 0 0 0 0 0 0 1 0 0 20 14 21 16 19 17
 4.350000E+02 8 0 0 0 0 0 0 0 0 0 0 0 16 11 18 22 21 21
 4.355000E+02 5 0 0 0 0 0 0 0 0 0 0 0 18 11 16 19 14 19
 4.360000E+02 9 0 0 0 0 0 0 0 0 0 0 0 16 14 18 19 14 14
 4.365000E+02 10 0 0 0 0 0 0 0 0 1 0 0 10 16 18 18 25 12
 4.370000E+02 10 0 0 0 0 0 0 0 0 1 0 0 8 13 20 17 17 15
 4.375000E+02 10 0 0 0 0 0 0 1 0 0 0 0 16 9 19 11 21 15
 4.380000E+02 10 0 0 0 0 0 0 1 0 0 0 0 20 14 19 10 19 17
 4.385000E+02 16 0 0 0 0 0 0 0 0 0 0 0 19 15 19 12 13 17
 4.390000E+02 9 0 0 0 0 0 0 0 0 0 0 0 20 13 14 20 17 21
 4.395000E+02 10 0 0 0 0 0 0 0 0 0 0 0 19 19 16 14 16 21
 4.400000E+02 6 0 0 0 0 0 0 0 0 0 0 0 18 20 9 23 15 23
 4.405000E+02 13 0 0 0 0 0 0 0 0 0 0 0 17 20 16 19 11 21
 4.410000E+02 11 0 0 0 0 0 0 0 0 0 0 0 20 19 21 17 13 25
 4.415000E+02 7 0 0 0 0 0 0 0 0 0 0 0 12 20 26 14 15 26
 4.420000E+02 8 0 0 0 0 0 0 0 0 0 0 0 14 21 22 14 20 16
 4.425000E+02 7 0 0 0 0 0 0 0 0 0 0 0 15 24 23 15 18 15
 4.430000E+02 13 0 0 0 0 0 0 0 0 1 0 0 14 20 9 14 23 19
 4.435000E+02 11 0 0 0 0 0 0 0 0 0 0 0 13 16 15 13 20 23
 4.440000E+02 2 0 0 0 0 0 0 1 0 0 0 0 14 19 21 12 25 23
 4.445000E+02 7 0 0 0 0 0 0 1 0 1 0 0 13 17 16 19 20 18
 4.450000E+02 9 0 0 0 0 0 0 0 0 2 0 0 11 17 22 16 22 17
 4.455000E+02 8 0 0 0 0 0 0 0 0 1 0 0 14 17 19 16 18 17
 4.460000E+02 12 0 0 0 0 0 0 0 0 0 0 0 19 21 18 19 14 12
 4.465000E+02 11 0 0 0 0 0 0 0 0 0 0 0 18 22 17 14 15 14
 4.470000E+02 9 0 0 0 0 0 0 0 0 0 0 0 15 16 15 15 17 23
 4.475000E+02 10 0 0 0 0 0 0 0 0 1 0 0 14 13 13 20 21 18
 4.480000E+02 7 0 0 0 0 0 0 1 0 0 0 0 16 11 18 19 10 25
 4.485000E+02 8 0 0 0 0 0 0 0 0 1 0 0 18 16 20 14 8 15
 4.490000E+02 6 0 0 0 0 0 0 0 0 1 0 0 19 16 17 17 17 16
 4.495000E+02 4 0 0 0 0 0 0 0 0 1 0 0 22 21 15 20 16 14
 4.500000E+02 8 0 0 0 0 0 0 0 0 1 0 0 15 22 21 23 19 11
 4.505000E+02 12 0 0 0 0 0 0 0 0 1 0 0 19 17 20 24 12 10
 4.510000E+02 8 0 0 0 0 0 0 0 0 0 0 0 19 17 20 23 16 9
 4.515000E+02 12 0 0 0 0 0 0 0 0 0 0 0 15 11 18 13 16 13
 4.520000E+02 8 0 0 0 0 0 0 0 0 0 0 0 18 13 22 9 19 19
 4.525000E+02 5 0 0 0 0 0 0 0 0 0 0 0 16 13 16 17 18 19
 4.530000E+02 12 0 0 0 0 0 0 0 0 0 0 0 15 16 12 15 16 18
 4.535000E+02 9 0 0 0 0 0 0 0 0 0 0 0 17 17 19 16 16 14
 4.540000E+02 10 0 0 0 0 0 0 0 0 0 0 0 19 16 13 19 17 21
 4.545000E+02 6 0 0 0 0 0 0 0 0 0 0 0 18 15 16 13 26 24
 4.550000E+02 5 0 0 0 0 0 0 0 0 1 0 0 12 17 14 13 21 24
 4.555000E+02 13 0 0 1 0 0 0 0 0 0 0 0 12 16 14 16 20 21
 4.560000E+02 9 0 0 0 0 0 0 1 0 0 0 0 8 26 15 18 15 19
 4.565000E+02 7 0 0 0 0 0 0 0 0 1 0 0 11 20 16 14 16 26
 4.570000E+02 7 0 0 0 0 0 0 0 0 1 0 0 9 19 13 16 13 33
 4.575000E+02 6 0 0 0 0 0 0 0 0 0 0 0 14 16 9 18 21 34
 4.580000E+02 7 0 0 0 0 0 0 0 0 0 0 0 12 11 17 19 13 29
 4.585000E+02 15 0 0 0 0 0 0 0 0 0 0 0 16 17 22 19 15 16
 4.590000E+02 9 0 0 0 0 0 0 0 0 0 0 0 19 13 19 16 16 18
 4.595000E+02 13 0 0 0 0 0 0 1 0 0 0 0 18 15 22 11 16 19
 4.600000E+02 8 0 0 0 0 0 0 1 0 0 0 0 15 17 33 9 22 18
 4.605000E+02 8 0 0 0 0 0 0 0 0 0 0 0 17 18 21 11 19 17
 4.610000E+02 11 0 0 1 0 0 0 0 0 0 0 0 11 14 19 14 16 12
 4.615000E+02 8 0 0 0 0 0 0 1 0 0 0 0 11 14 21 17 18 17
 4.620000E+02 12 0 0 0 0 0 0 0 0 0 0 0 20 14 19 18 13 23
 4.625000E+02 4 0 0 0 0 0 0 0 0 0 0 0 20 12 23 21 12 23
 4.630000E+02 10 0 0 0 0 0 0 0 0 1 0 0 23 16 19 17 15 21
 4.635000E+02 3 0 0 1 0 0 0 0 0 0 0 0 22 15 18 11 17 20
 4.640000E+02 8 1 0 0 0 0 0 0 0 1 0 0 23 14 25 13 14 23
 4.645000E+02 14 0 0 0 0 0 0 0 0 0 0 0 19 19 16 11 17 18
 4.650000E+02 13 0 0 0 0 0 0 1 0 1 0 0 14 21 18 17 13 14
 4.655000E+02 7 0 0 0 0 0 0 0 0 2 0 0 13 19 16 13 15 19
 4.660000E+02 12 0 0 1 0 0 0 0 0 1 0 0 21 18 17 17 19 11
 4.665000E+02 18 0 0 1 0 0 0 0 0 0 0 1 21 18 18 16 16 17
 4.670000E+02 9 0 0 1 0 0 0 0 0 1 0 0 17 22 11 12 17 17
 4.675000E+02 10 0 0 0 0 0 0 0 0 1 0 0 18 21 12 10 11 19
 4.680000E+02 2 0 0 1 0 0 0 0 0 0 0 0 19 23 20 16 12 15
 4.685000E+02 9 0 0 0 0 0 0 0 0 1 0 0 17 18 20 21 11 18
 4.690000E+02 9 0 0 0 0 0 0 0 0 1 0 0 17 19 20 19 15 19
 4.695000E+02 6 0 0 0 0 0 0 0 0 0 0 0 13 12 16 23 17 17
 4.700000E+02 9 0 0 0 0 0 0 0 0 0 0 0 24 9 11 18 21 21
 4.705000E+02 11 0 0 0 0 0 0 0 0 0 0 0 18 14 16 14 21 18
 4.710000E+02 16 0 0 0 0 0 0 0 0 0 0 0 22 9 16 18 18 17
 4.715000E+02 9 0 0 0 0 0 0 0 0 0 0 0 14 14 19 19 25 15
 4.720000E+02 6 0 0 0 0 0 0 0 0 0 0 0 18 13 21 15 25 11
 4.725000E+02 11 0 0 0 0 0 0 0 0 0 0 0 21 14 20 11 26 13
 4.730000E+02 11 0 0 0 0 0 0 0 0 0 0 0 22 21 19 13 20 14
 4.735000E+02 7 0 0 0 0 0 0 0 0 1 0 0 17 20 19 17 19 15
 4.740000E+02 6 0 0 0 0 0 0 0 0 1 0 0 16 17 26 18 15 16
 4.745000E+02 9 0 0 1 0 0 0 0 0 0 0 0 17 18 24 20 14 12
 4.750000E+02 6 0 0 0 0 0 0 0 0 1 0 0 13 16 20 16 16 14
 4.755000E+02 14 0 0 0 0 0 0 0 0 0 0 0 16 13 19 14 26 13
 4.760000E+02 12 0 0 0 0 0 0 1 0 0 0 0 14 14 19 17 23 14
 4.765000E+02 11 0 0 0 0 0 0 0 0 1 0 0 12 21 17 12 22 20
 4.770000E+02 14 0 0 0 0 0 0 0 0 1 0 0 25 11 17 20 18 20
 4.775000E+02 9 0 0 1 0 0 0 0 0 1 0 0 14 16 19 21 19 19
 4.780000E+02 12 0 0 0 0 0 0 0 0 0 0 0 16 16 18 23 24 16
 4.785000E+02 5 0 0 0 0 0 0 0 0 0 0 0 16 15 16 21 21 12
 4.790000E+02 12 0 0 0 0 0 0 0 0 0 0 0 18 11 13 24 18 8
 4.795000E+02 7 0 0 0 0 0 0 0 0 0 0 0 15 14 17 30 15 12
 4.800000E+02 8 0 0 0 0 0 0 0 0 0 0 0 18 20 12 24 14 15
 4.805000E+02 10 0 0 0 0 0 0 0 0 0 0 0 10 21 14 15 12 18
 4.810000E+02 9 0 0 0 0 0 0 0 0 0 0 0 12 11 18 16 16 16
 4.815000E+02 8 0 0 0 0 0 0 0 0 0 0 0 14 16 23 15 17 13
 4.820000E+02 9 0 0 0 0 0 0 0 0 0 0 0 20 16 19 18 16 17
 4.825000E+02 11 0 0 0 0 0 0 0 0 0 0 0 20 20 19 18 13 14
 4.830000E+02 9 0 0 0 0 0 0 0 0 0 0 0 20 22 19 15 9 13
 4.835000E+02 9 0 0 0 0 0 0 0 0 0 0 0 18 20 14 14 19 13
 4.840000E+02 9 0 0 0 0 0 0 0 0 0 0 0 13 14 20 12 23 12
 4.845000E+02 6 0 0 0 0 0 0 0 0 1 0 0 13 14 16 11 27 16
 4.850000E+02 6 0 0 0 0 0 0 0 0 0 0 0 10 8 13 17 27 18
 4.855000E+02 7 0 0 0 0 0 0 0 0 0 0 0 17 10 10 19 16 12
 4.860000E+02 9 0 0 0 0 0 0 0 0 0 0 0 18 16 7 21 16 17
 4.865000E+02 5 0 0 0 0 0 0 0 0 0 0 0 20 15 12 16 14 14
 4.870000E+02 12 0 0 0 0 0 0 0 0 0 0 0 19 17 20 10 24 14
 4.875000E+02 11 0 0 0 0 0 0 0 0 0 0 0 11 17 12 17 23 17
 4.880000E+02 11 0 0 0 0 0 0 0 0 0 0 0 17 13 11 18 19 15
 4.885000E+02 7 0 0 0 0 0 0 0 0 0 0 0 13 16 16 21 18 9
 4.890000E+02 5 0 0 0 0 0 0 0 0 0 0 0 13 14 22 15 20 13
 4.895000E+02 2 0 0 0 0 0 0 0 0 0 0 0 15 21 19 21 15 15
 4.900000E+02 9 0 0 0 0 0 0 0 0 0 0 0 20 26 15 20 12 17
 4.905000E+02 6 0 0 0 0 0 0 0 0 0 0 0 24 22 13 16 10 20
 4.910000E+02 6 0 0 0 0 0 0 0 0 0 0 0 17 18 15 18 9 13
 4.915000E+02 10 0 0 0 0 0 0 0 0 0 0 0 24 12 9 18 20 15
 4.920000E+02 3 0 0 0 0 0 0 0 0 0 0 0 22 12 17 18 23 23
 4.925000E+02 8 0 0 0 0 0 0 0 0 0 0 0 22 11 11 18 20 14
 4.930000E+02 16 0 0 0 0 0 0 0 0 0 0 0 22 14 19 16 16 10
 4.935000E+02 8 0 0 0 0 0 0 0 0 0 0 0 20 17 20 17 16 11
 4.940000E+02 8 0 0 0 0 0 0 0 0 0 0 0 21 15 13 14 19 11
 4.945000E+02 3 0 0 0 0 0 0 0 0 0 0 0 19 16 17 13 17 9
 4.950000E+02 6 0 0 0 0 0 0 0 0 2 0 0 27 17 12 15 16 12
 4.955000E+02 7 0 0 0 0 0 0 0 0 1 0 0 19 15 11 21 14 11
 4.960000E+02 9 0 0 0 0 0 0 0 0 0 0 0 21 12 16 27 15 18
 4.965000E+02 8 0 0 0 0 0 0 0 0 1 0 0 21 17 18 19 14 20
 4.970000E+02 10 0 0 0 0 0 0 0 0 1 0 0 18 20 16 16 17 23
 4.975000E+02 7 0 0 0 0 0 0 0 0 0 0 0 12 20 23 18 21 16
 4.980000E+02 7 0 0 0 0 0 0 0 0 2 0 0 8 19 19 16 20 15
 4.985000E+02 11 0 0 1 0 1 0 0 0 0 0 0 14 13 16 17 12 21
 4.990000E+02 10 0 0 1 0 0 0 1 0 1 0 0 18 14 16 18 15 14
 4.995000E+02 8 0 0 0 0 0 0 0 0 1 0 0 14 22 14 23 18 16
 5.000000E+02 14 0 0 0 0 0 0 0 0 2 0 0 10 11 14 19 14 15
 5.005000E+02 5 0 0 0 0 0 0 0 0 0 0 0 10 15 18 22 16 14
 5.010000E+02 6 0 0 0 0 0 0 0 0 0 0 0 20 10 15 17 20 15
 5.015000E+02 10 0 0 0 0 0 0 0 0 0 0 0 20 13 13 17 15 14
 5.020000E+02 12 0 0 0 0 0 0 0 0 0 0 0 20 12 17 20 13 15
 5.025000E+02 6 0 0 0 0 0 0 0 0 0 0 0 16 16 12 27 12 15
 5.030000E+02 9 0 0 0 0 0 0 0 0 0 0 0 18 20 14 23 11 10
 5.035000E+02 14 0 0 0 0 0 0 0 0 0 0 0 16 15 17 20 15 11
 5.040000E+02 17 0 0 0 0 0 0 0 0 0 0 0 18 14 22 22 13 14
 5.045000E+02 9 0 0 0 0 0 0 0 0 0 0 0 17 21 18 25 14 16
 5.050000E+02 7 0 0 0 0 0 0 0 0 1 0 0 21 18 13 27 19 20
 5.055000E+02 6 0 0 0 0 0 0 0 0 1 0 0 19 14 16 24 10 16
 5.060000E+02 12 0 0 0 0 0 0 0 0 1 0 0 21 13 15 22 10 11
 5.065000E+02 8 0 0 0 0 0 0 0 0 0 0 0 22 17 19 17 13 15
 5.070000E+02 9 0 0 0 0 0 0 0 0 0 0 0 23 18 14 14 17 8
 5.075000E+02 13 0 0 0 0 0 0 0 0 0 0 0 17 21 16 14 16 12
 5.080000E+02 7 0 0 0 0 0 0 0 0 0 0 0 17 21 15 15 18 8
 5.085000E+02 7 0 0 0 0 0 0 0 0 0 0 0 12 23 19 10 17 16
 5.090000E+02 7 0 0 0 0 0 0 0 0 0 0 0 15 22 23 7 14 15
 5.095000E+02 7 0 0 0 0 0 0 0 0 0 0 0 13 25 18 16 13 17
 5.100000E+02 4 0 0 0 0 0 0 0 0 0 0 0 9 17 22 12 14 13
 5.105000E+02 8 0 0 0 0 0 0 0 0 0 0 0 13 15 16 15 16 12
 5.110000E+02 9 0 0 0 0 0 0 0 0 0 0 0 15 10 16 22 17 11
 5.115000E+02 1 0 0 0 0 0 0 0 0 0 0 0 14 17 16 19 13 16
 5.120000E+02 8 0 0 0 0 0 0 0 0 0 0 0 15 14 17 21 13 14
 5.125000E+02 11 0 0 0 0 0 0 0 0 0 0 0 7 14 20 20 16 15
 5.130000E+02 7 0 0 0 0 0 0 0 0 0 0 0 10 20 14 16 23 11
 5.135000E+02 12 0 0 0 0 0 0 0 0 0 0 0 15 20 15 10 23 13
 5.140000E+02 6 0 0 0 0 0 0 0 0 0 0 0 19 21 14 15 19 18
 5.145000E+02 12 0 0 0 0 0 0 0 0 0 0 0 16 26 16 14 16 17
 5.150000E+02 5 0 0 0 0 0 0 0 0 0 0 0 14 23 15 13 13 11
 5.155000E+02 11 0 0 0 0 0 0 0 0 0 0 0 17 21 15 18 16 11
 5.160000E+02 6 0 0 0 0 0 0 0 0 0 0 0 15 20 15 24 12 13
 5.165000E+02 10 0 0 0 0 0 0 0 0 1 0 0 12 18 16 23 23 14
 5.170000E+02 7 0 0 0 0 0 0 0 0 0 0 0 20 14 12 17 21 13
 5.175000E+02 9 0 0 0 0 0 0 0 0 0 0 0 16 18 18 17 10 18
 5.180000E+02 3 0 0 0 0 0 0 0 0 0 0 0 10 12 23 24 10 19
 5.185000E+02 10 0 0 0 0 0 0 0 0 0 0 0 20 18 20 20 15 13
 5.190000E+02 8 0 0 0 0 0 0 0 0 0 0 0 19 14 17 16 14 17
 5.195000E+02 10 0 0 1 0 0 0 0 0 0 0 0 21 17 20 13 20 16
 5.200000E+02 9 0 0 0 0 0 0 0 0 1 0 0 19 12 18 21 14 16
 5.205000E+02 13 0 0 0 0 0 0 0 0 0 0 0 17 19 20 14 18 13
 5.210000E+02 4 0 0 0 0 0 0 0 0 0 0 0 19 18 14 12 18 8
 5.215000E+02 11 0 0 0 0 0 0 0 0 0 0 0 18 20 14 14 19 17
 5.220000E+02 13 0 0 0 0 0 0 0 0 0 0 0 16 20 16 20 16 11
 5.225000E+02 13 0 0 0 0 0 0 0 0 0 0 0 18 17 13 15 21 11
 5.230000E+02 6 0 0 0 0 0 0 0 0 0 0 0 16 8 12 14 34 18
 5.235000E+02 7 0 0 0 0 0 0 0 0 0 0 0 21 12 14 14 30 21
 5.240000E+02 9 0 0 0 0 0 0 0 0 0 0 0 14 22 16 17 29 16
 5.245000E+02 8 0 0 0 0 0 0 0 0 0 0 0 13 19 21 21 28 15
 5.250000E+02 8 0 0 0 0 0 0 0 0 0 0 0 14 19 15 17 23 14
 5.255000E+02 10 0 0 0 0 0 0 0 0 0 0 0 15 18 14 16 20 17
 5.260000E+02 8 0 0 0 0 0 0 1 0 0 0 0 14 16 10 14 16 22
 5.265000E+02 14 0 0 0 0 0 0 0 0 1 0 0 18 16 17 23 13 17
 5.270000E+02 6 0 0 0 0 0 0 0 0 1 0 0 18 17 16 24 19 16
 5.275000E+02 12 0 0 0 0 0 0 0 0 1 0 0 12 20 12 21 21 20
 5.280000E+02 10 0 0 0 0 0 0 0 0 1 0 0 13 16 12 22 20 21
 5.285000E+02 8 0 0 0 0 0 0 0 0 1 1 0 19 19 16 18 20 16
 5.290000E+02 7 0 0 0 0 1 0 0 0 1 0 0 19 18 19 15 21 17
 5.295000E+02 11 0 0 0 0 0 0 0 0 3 0 0 20 19 10 19 20 18
 5.300000E+02 7 0 0 1 0 0 0 0 0 1 0 0 23 19 14 19 13 20
 5.305000E+02 7 0 0 0 0 0 0 1 0 0 0 0 16 15 14 19 12 20
 5.310000E+02 11 0 0 0 0 0 0 0 0 0 0 0 16 15 16 18 16 16
 5.315000E+02 10 0 0 0 0 0 0 0 0 0 0 0 16 16 18 26 17 11
 5.320000E+02 4 0 0 0 0 0 0 0 0 0 0 0 18 20 13 17 21 14
 5.325000E+02 9 0 0 0 0 0 0 0 0 0 0 0 19 21 10 20 18 17
 5.330000E+02 7 0 0 0 0 0 0 0 0 0 0 0 13 21 18 19 12 19
 5.335000E+02 9 0 0 0 0 0 0 0 0 0 0 0 15 20 17 21 16 15
 5.340000E+02 8 0 0 0 0 0 0 0 0 0 0 0 14 15 11 20 13 15
 5.345000E+02 12 0 0 0 0 0 0 0 0 0 0 0 17 14 14 16 14 18
 5.350000E+02 6 0 0 0 0 0 0 0 0 1 0 0 15 17 17 21 11 11
 5.355000E+02 13 0 0 0 0 0 0 0 0 1 0 0 17 13 24 25 8 13
 5.360000E+02 9 0 0 0 0 0 0 0 0 1 0 0 16 16 15 23 12 14
 5.365000E+02 9 1 0 0 0 0 0 0 0 0 0 0 20 22 17 22 14 15
 5.370000E+02 12 0 0 0 0 0 0 0 0 1 0 0 17 22 21 18 10 18
 5.375000E+02 6 0 0 0 0 0 0 0 0 1 0 0 16 16 21 17 14 18
 5.380000E+02 9 0 0 0 0 0 0 0 0 0 0 0 17 16 14 16 16 16
 5.385000E+02 8 0 0 0 0 0 0 0 0 0 0 0 22 17 13 16 19 13
 5.390000E+02 8 0 0 0 0 0 0 0 0 1 0 0 21 21 12 16 14 17
 5.395000E+02 15 0 0 0 0 0 0 0 0 0 0 0 15 18 11 20 16 25
 5.400000E+02 7 0 0 0 0 0 0 0 0 0 0 0 16 12 18 24 18 23
 5.405000E+02 10 0 0 0 0 0 0 0 0 0 0 0 15 14 15 18 22 7
 5.410000E+02 11 0 0 0 0 0 0 0 0 0 0 0 18 13 18 20 22 16
 5.415000E+02 10 0 0 0 0 0 0 0 0 0 0 0 13 12 15 17 25 15
 5.420000E+02 3 0 0 0 0 0 0 0 0 0 0 0 11 17 15 17 12 24
 5.425000E+02 10 0 0 0 0 0 0 0 0 0 0 0 15 18 19 14 15 26
 5.430000E+02 8 0 0 0 0 0 0 0 0 0 0 0 19 13 16 18 9 15
 5.435000E+02 15 0 0 0 0 0 0 0 0 0 0 0 23 13 17 17 12 17
 5.440000E+02 7 0 0 0 0 0 0 0 0 0 0 0 27 21 14 18 13 17
 5.445000E+02 13 0 0 0 0 0 0 0 0 0 0 0 23 8 17 13 18 11
 5.450000E+02 13 0 0 0 0 0 0 0 0 0 0 0 20 17 19 15 19 13
 5.455000E+02 12 0 0 0 0 0 0 0 0 0 0 0 23 11 17 17 22 16
 5.460000E+02 12 0 0 0 0 0 0 0 0 0 0 0 24 14 15 16 19 18
 5.465000E+02 9 0 0 0 0 0 0 0 0 1 0 0 22 18 14 22 19 9
 5.470000E+02 11 0 0 1 0 0 0 0 0 0 0 0 20 12 17 21 14 16
 5.475000E+02 10 0 0 0 0 0 0 0 0 1 0 0 22 12 15 26 17 19
 5.480000E+02 7 0 0 0 0 0 0 0 0 1 0 0 24 12 20 24 18 17
 5.485000E+02 9 0 0 0 0 0 0 0 0 1 0 0 22 19 22 14 13 12
 5.490000E+02 10 0 0 0 0 0 0 0 0 1 0 0 21 16 24 15 12 22
 5.495000E+02 13 0 0 0 0 0 0 0 0 0 0 0 22 13 20 23 13 17
 5.500000E+02 10 0 0 0 0 0 0 0 0 0 0 0 25 12 17 20 20 20
 5.505000E+02 15 0 0 0 0 0 0 0 0 0 0 0 24 12 14 17 15 17
 5.510000E+02 14 0 0 0 0 0 0 0 0 0 0 0 21 18 20 16 16 12
 5.515000E+02 9 0 0 0 0 0 0 0 0 0 0 0 18 20 22 17 14 13
 5.520000E+02 10 0 0 0 0 0 0 0 0 0 0 0 15 19 17 22 23 10
 5.525000E+02 7 0 0 0 0 0 0 0 0 0 0 0 16 16 17 23 29 11
 5.530000E+02 9 0 0 0 0 0 0 0 0 0 0 0 20 20 12 16 22 15
 5.535000E+02 12 0 0 0 0 0 0 0 0 0 0 0 15 20 16 17 22 10
 5.540000E+02 15 0 0 0 0 0 0 0 0 0 0 0 21 23 19 17 15 15
 5.545000E+02 7 0 0 0 0 0 0 0 0 0 0 0 17 27 23 17 11 17
 5.550000E+02 11 0 0 0 0 0 0 0 0 0 0 0 21 22 18 13 14 19
 5.555000E+02 14 0 0 0 0 0 0 0 0 0 0 0 24 20 21 18 14 19
 5.560000E+02 10 0 0 0 0 0 0 0 0 0 0 0 17 20 18 22 15 12
 5.565000E+02 8 0 0 0 0 0 0 0 0 1 0 0 21 13 21 16 19 18
 5.570000E+02 13 0 0 0 0 0 0 0 0 1 0 0 14 10 23 16 25 21
 5.575000E+02 12 0 0 0 0 0 0 0 0 0 0 0 18 7 18 24 21 18
 5.580000E+02 8 0 0 0 0 0 0 1 0 0 0 0 21 13 16 26 13 22
 5.585000E+02 8 0 0 0 0 0 0 0 0 0 0 0 16 17 14 25 14 17
 5.590000E+02 11 0 0 0 0 0 0 0 0 0 0 0 15 19 14 27 18 11
 5.595000E+02 9 0 0 0 0 0 0 0 0 0 0 0 18 13 17 15 14 14
 5.600000E+02 8 0 0 0 0 0 0 0 0 0 0 0 21 16 23 22 16 18
 5.605000E+02 13 0 0 0 0 0 0 0 0 0 0 0 15 17 19 17 17 22
 5.610000E+02 14 0 0 0 0 0 0 0 0 0 0 0 19 11 24 18 14 17
 5.615000E+02 9 0 0 0 0 0 0 0 0 1 0 0 18 19 20 16 13 20
 5.620000E+02 10 0 0 0 0 0 0 0 0 0 0 0 17 24 20 20 20 16
 5.625000E+02 14 0 0 0 0 0 0 0 0 0 0 0 17 29 16 11 22 18
 5.630000E+02 9 0 0 0 0 0 0 0 0 0 0 0 16 21 23 19 17 18
 5.635000E+02 9 0 0 0 0 0 0 0 0 0 0 0 20 25 16 22 14 19
 5.640000E+02 9 0 0 0 0 0 0 0 0 0 0 0 23 21 16 19 14 17
 5.645000E+02 7 0 0 0 0 0 0 0 0 0 0 0 19 20 20 24 16 12
 5.650000E+02 12 0 0 0 0 0 0 0 0 0 0 0 20 21 24 15 20 13
 5.655000E+02 8 0 0 0 0 0 0 0 0 0 0 0 14 14 20 24 29 19
 5.660000E+02 7 0 0 0 0 0 0 0 0 0 0 0 21 16 13 16 27 20
 5.665000E+02 5 0 0 0 0 0 0 0 0 0 0 0 15 11 14 19 16 19
 5.670000E+02 8 0 0 0 0 0 0 0 0 0 0 0 12 13 16 19 15 24
 5.675000E+02 8 0 0 0 0 0 0 0 0 0 0 0 18 16 24 15 13 23
 5.680000E+02 9 0 0 0 0 0 0 0 0 0 0 0 15 24 15 16 18 18
 5.685000E+02 8 0 0 0 0 0 0 0 0 0 0 0 17 20 10 17 24 24
 5.690000E+02 12 0 0 0 0 0 0 0 0 0 0 0 18 16 17 20 19 20
 5.695000E+02 8 0 0 0 0 0 0 0 0 0 0 0 20 15 19 18 15 28
 5.700000E+02 11 0 0 0 0 0 0 0 0 0 0 0 16 17 17 15 10 21
 5.705000E+02 6 0 0 0 0 0 0 0 0 0 0 0 26 23 11 15 17 18
 5.710000E+02 10 0 0 0 0 0 0 0 0 0 0 0 22 16 9 10 14 18
 5.715000E+02 8 0 0 0 0 0 0 0 0 0 0 0 20 16 14 17 14 14
 5.720000E+02 12 0 0 0 0 0 0 0 0 0 0 0 21 19 15 18 17 12
 5.725000E+02 8 0 0 0 0 0 0 0 0 0 0 0 19 17 15 14 22 15
 5.730000E+02 7 0 0 0 0 0 0 0 0 0 0 0 13 17 21 20 12 11
 5.735000E+02 14 0 0 0 0 0 0 0 0 0 0 0 15 14 16 24 15 13
 5.740000E+02 8 0 0 0 0 0 0 0 0 0 0 0 11 16 17 25 16 14
 5.745000E+02 10 0 0 0 0 0 0 0 0 0 0 0 13 14 23 25 20 14
 5.750000E+02 16 0 0 0 0 0 0 0 0 0 0 0 13 14 19 26 9 15
 5.755000E+02 8 0 0 0 0 0 0 0 0 0 0 0 13 25 19 20 17 13
 5.760000E+02 8 0 0 0 0 0 0 0 0 0 0 0 15 23 16 16 12 12
 5.765000E+02 13 0 0 0 0 0 0 0 0 0 0 0 15 20 16 15 19 16
 5.770000E+02 7 0 0 0 0 0 0 0 0 0 0 0 11 23 13 13 20 15
 5.775000E+02 8 0 0 0 0 0 0 0 0 0 0 0 16 15 13 12 21 18
 5.780000E+02 14 0 0 0 0 0 0 0 0 0 0 0 17 17 12 15 16 19
 5.785000E+02 9 0 0 0 0 0 0 0 0 0 0 0 17 13 16 20 12 19
 5.790000E+02 10 0 0 0 0 0 0 0 0 0 0 0 12 19 13 16 15 24
 5.795000E+02 6 0 0 0 0 0 0 0 0 0 0 0 10 21 18 16 20 18
 5.800000E+02 9 0 0 0 0 0 0 0 0 0 0 0 16 18 17 11 18 21
 5.805000E+02 9 0 0 0 0 0 0 0 0 0 0 0 21 10 15 13 16 21
 5.810000E+02 11 0 0 0 0 0 0 0 0 0 0 0 16 15 13 15 20 21
 5.815000E+02 7 0 0 0 0 0 0 0 0 0 0 0 13 15 14 17 15 24
 5.820000E+02 8 0 0 0 0 0 0 0 0 0 0 0 13 8 15 20 25 18
 5.825000E+02 11 0 0 0 0 0 0 0 0 0 0 0 16 13 16 20 17 23
 5.830000E+02 8 0 0 0 0 0 0 0 0 0 0 0 14 14 15 14 12 23
 5.835000E+02 7 0 0 0 0 0 0 0 0 0 0 0 21 12 20 16 9 21
 5.840000E+02 13 0 0 0 0 0 0 0 0 0 0 0 26 9 17 17 15 18
 5.845000E+02 7 0 0 0 0 0 0 0 0 0 0 0 26 19 11 12 10 19
 5.850000E+02 9 0 0 0 0 0 0 0 0 0 0 0 23 21 9 8 9 20
 5.855000E+02 13 0 0 0 0 0 0 0 0 0 0 0 25 16 12 9 19 14
 5.860000E+02 6 0 0 0 0 0 0 0 0 0 0 0 17 13 16 18 17 16
 5.865000E+02 9 0 0 0 0 0 0 0 0 0 0 0 13 12 16 15 23 19
 5.870000E+02 6 0 0 0 0 0 0 0 0 0 0 0 11 15 14 14 15 20
 5.875000E+02 6 0 0 0 0 0 0 0 0 0 0 0 12 12 18 17 24 18
 5.880000E+02 7 0 0 0 0 0 0 0 0 0 0 0 9 11 21 20 26 24
 5.885000E+02 8 0 0 0 0 0 0 0 0 0 0 0 17 10 15 20 25 24
 5.890000E+02 6 0 0 0 0 0 0 0 0 0 0 0 15 11 18 23 20 24
 5.895000E+02 8 0 0 0 0 0 0 0 0 0 0 0 10 16 16 23 21 18
 5.900000E+02 4 0 0 0 0 0 0 0 0 1 0 0 17 10 24 19 19 19
 5.905000E+02 8 0 0 0 0 0 0 0 0 1 0 0 20 13 18 21 12 15
 5.910000E+02 7 0 0 0 0 0 0 0 0 1 0 0 30 8 16 15 17 20
 5.915000E+02 11 0 0 0 0 0 0 0 0 1 0 0 23 8 19 13 11 13
 5.920000E+02 12 0 0 0 0 0 0 0 0 2 0 0 23 16 20 15 12 20
 5.925000E+02 8 0 0 0 0 0 0 0 0 0 0 0 18 18 18 10 15 16
 5.930000E+02 9 0 0 0 0 0 0 0 0 0 0 0 14 22 17 15 10 18
 5.935000E+02 8 0 0 0 0 0 0 0 0 0 0 0 19 14 20 21 19 15
 5.940000E+02 8 0 0 0 0 0 0 0 0 0 0 0 13 15 16 22 13 19
 5.945000E+02 13 0 0 0 0 0 0 0 0 0 0 0 16 17 19 18 13 19
 5.950000E+02 4 0 0 0 0 0 0 0 0 0 0 0 24 14 19 16 11 16
 5.955000E+02 4 0 0 0 0 0 0 0 0 0 0 0 16 12 16 11 20 15
 5.960000E+02 12 0 0 0 0 0 0 0 0 0 0 0 24 18 18 17 18 7
 5.965000E+02 9 0 0 0 0 0 0 0 0 0 0 0 18 19 14 21 21 14
 5.970000E+02 6 0 0 0 0 0 0 0 0 1 0 0 16 16 19 16 15 15
 5.975000E+02 15 1 0 0 0 0 0 0 0 0 0 0 14 10 21 14 15 14
 5.980000E+02 13 0 0 0 0 0 0 0 0 0 0 0 15 15 17 11 18 19
 5.985000E+02 16 0 0 0 0 0 0 0 0 0 0 0 12 11 11 15 19 23
 5.990000E+02 7 0 0 0 0 0 0 0 0 0 0 0 14 14 14 20 20 18
 5.995000E+02 5 0 0 0 0 0 0 0 0 0 0 0 11 17 15 15 24 18
 6.000000E+02 9 0 0 0 0 0 0 0 0 0 0 0 14 19 14 19 24 13
 6.005000E+02 3 0 0 0 0 0 0 0 0 0 0 0 19 18 17 20 20 14
 6.010000E+02 8 0 0 0 0 0 0 0 0 1 0 0 18 20 14 19 16 21
 6.015000E+02 9 0 0 0 0 0 0 0 0 1 0 0 16 17 11 21 14 19
 6.020000E+02 8 0 0 0 0 0 0 0 0 1 0 0 19 15 17 15 14 17
 6.025000E+02 6 0 0 0 0 0 0 0 0 0 0 0 21 16 12 17 13 15
 6.030000E+02 17 0 0 0 0 0 0 0 0 0 0 0 16 12 14 11 22 13
 6.035000E+02 7 0 0 0 0 0 0 0 0 0 0 0 17 16 18 15 23 15
 6.040000E+02 4 0 0 0 0 0 0 0 0 0 0 0 14 12 20 13 21 20
 6.045000E+02 11 0 0 0 0 0 0 0 0 0 0 0 22 16 17 13 13 18
 6.050000E+02 12 0 0 0 0 0 0 0 0 1 0 0 19 16 26 15 11 20
 6.055000E+02 7 0 0 0 0 0 0 0 0 1 0 0 16 17 20 7 15 23
 6.060000E+02 8 0 0 0 0 0 0 0 0 1 0 0 19 18 19 16 19 19
 6.065000E+02 9 0 0 0 0 0 0 0 0 1 0 0 20 15 17 20 12 21
 6.070000E+02 8 0 0 1 0 0 0 0 0 0 0 0 16 14 13 20 11 18
 6.075000E+02 7 0 0 0 0 0 0 0 0 0 0 0 20 11 14 23 17 23
 6.080000E+02 10 0 0 0 0 0 0 0 0 0 0 0 13 18 16 20 15 22
 6.085000E+02 4 0 0 0 0 0 0 0 0 0 0 0 16 11 16 20 14 29
 6.090000E+02 9 0 0 0 0 0 0 0 0 0 0 0 17 16 15 23 21 18
 6.095000E+02 6 0 0 0 0 0 0 0 0 1 0 0 20 16 15 16 18 20
 6.100000E+02 9 0 0 0 0 0 0 0 0 0 0 0 23 17 19 17 19 14
 6.105000E+02 10 0 0 0 0 0 0 0 0 1 0 0 17 18 21 17 15 20
 6.110000E+02 11 1 0 0 0 0 0 0 0 0 0 0 15 21 25 14 16 18
 6.115000E+02 7 0 0 0 0 0 0 0 0 0 0 0 9 18 14 22 21 14
 6.120000E+02 9 0 0 0 0 0 0 0 0 0 0 0 15 20 12 14 26 16
 6.125000E+02 10 0 0 0 0 0 0 0 0 0 0 0 20 19 14 13 23 13
 6.130000E+02 10 0 0 0 0 0 0 0 0 1 0 0 20 15 14 15 23 16
 6.135000E+02 9 0 0 0 0 0 0 0 0 0 0 0 16 10 20 11 20 14
 6.140000E+02 7 0 0 0 0 0 0 1 0 0 0 0 15 15 21 19 24 16
 6.145000E+02 8 0 0 0 0 0 0 0 0 1 0 0 14 17 16 20 28 18
 6.150000E+02 6 0 0 0 0 0 0 0 0 0 0 0 20 17 19 15 26 15
 6.155000E+02 12 0 0 0 0 0 0 0 0 0 0 0 18 19 13 16 23 14
 6.160000E+02 10 0 0 0 0 0 0 0 0 0 0 0 14 19 13 12 22 14
 6.165000E+02 11 0 0 0 0 0 0 0 0 0 0 0 14 17 22 17 19 23
 6.170000E+02 12 0 0 0 0 0 0 0 0 0 0 0 16 12 17 15 21 18
 6.175000E+02 11 0 0 0 0 0 0 0 0 0 0 0 18 10 18 17 18 29
 6.180000E+02 7 0 0 0 0 0 0 0 0 0 0 0 19 18 16 12 18 18
 6.185000E+02 11 0 0 1 0 0 0 0 0 0 0 0 24 23 14 12 16 16
 6.190000E+02 8 0 0 0 0 0 0 0 0 0 0 0 17 17 22 12 24 19
 6.195000E+02 7 0 0 0 0 0 0 0 0 0 0 0 21 22 19 12 20 17
 6.200000E+02 9 0 0 0 0 0 0 0 0 1 0 0 20 13 25 19 17 16
 6.205000E+02 6 0 0 0 0 0 0 0 0 1 0 0 18 18 22 13 10 17
 6.210000E+02 8 0 0 0 0 0 0 0 0 0 0 0 17 17 20 14 13 21
 6.215000E+02 8 0 0 0 0 0 0 0 0 0 0 0 16 14 21 15 22 18
 6.220000E+02 9 0 0 0 0 0 0 0 0 0 0 0 19 18 13 16 20 22
 6.225000E+02 9 0 0 0 0 0 0 0 0 0 0 0 21 11 14 19 21 24
 6.230000E+02 11 0 0 0 0 0 0 0 0 0 0 0 27 14 16 21 23 18
 6.235000E+02 10 0 0 0 0 0 0 0 0 0 0 0 25 14 16 20 19 20
 6.240000E+02 11 0 0 0 0 1 0 0 0 1 0 0 17 15 18 17 18 18
 6.245000E+02 9 0 0 1 0 0 0 0 0 1 0 0 22 14 22 17 17 13
 6.250000E+02 9 0 0 0 0 0 0 0 0 0 0 0 24 19 18 19 20 14
 6.255000E+02 12 0 0 0 0 0 0 0 0 0 0 0 13 18 11 23 22 24
 6.260000E+02 6 0 0 0 0 0 0 0 0 0 0 0 12 17 13 22 13 26
 6.265000E+02 6 0 0 0 0 0 0 0 0 0 0 0 8 23 18 25 16 29
 6.270000E+02 8 0 0 0 0 0 0 0 0 0 0 0 10 19 19 27 21 23
 6.275000E+02 9 0 0 0 0 0 0 0 0 0 0 0 19 10 11 24 18 25
 6.280000E+02 5 0 0 0 0 0 0 0 0 0 0 0 13 8 15 20 14 26
 6.285000E+02 8 0 0 0 0 0 0 0 0 0 0 0 14 10 18 21 17 24
 6.290000E+02 13 0 0 0 0 0 0 0 0 0 0 0 20 13 12 24 15 22
 6.295000E+02 6 0 0 0 0 0 0 0 0 0 0 0 18 16 20 16 20 17
 6.300000E+02 11 0 0 0 0 0 0 0 0 0 0 0 17 14 22 14 20 17
 6.305000E+02 10 0 0 0 0 0 0 0 0 0 0 0 16 18 18 18 16 24
 6.310000E+02 11 0 0 0 0 0 0 0 0 0 0 0 18 14 16 11 15 24
 6.315000E+02 8 0 0 0 0 0 0 0 0 0 0 0 13 19 17 13 14 19
 6.320000E+02 7 0 0 0 0 0 0 0 0 0 0 0 13 19 15 16 12 25
 6.325000E+02 4 0 0 0 0 0 0 0 0 0 0 0 23 13 18 18 14 26
 6.330000E+02 7 0 0 0 0 0 0 0 0 0 0 0 18 18 20 20 15 20
 6.335000E+02 8 0 0 0 0 0 0 0 0 0 0 0 18 17 17 16 20 14
 6.340000E+02 13 0 0 0 0 0 0 0 0 0 0 0 16 14 19 17 20 17
 6.345000E+02 8 0 0 0 0 0 0 0 0 0 0 0 14 19 18 21 20 12
 6.350000E+02 9 0 0 0 0 0 0 0 0 1 0 0 14 16 16 13 21 17
 6.355000E+02 8 0 0 0 0 0 0 0 0 0 0 0 14 22 19 15 23 22
 6.360000E+02 9 0 0 0 0 0 0 0 0 0 0 0 19 17 19 15 25 18
 6.365000E+02 8 0 0 0 0 0 0 0 0 0 0 0 20 14 21 18 18 17
 6.370000E+02 9 0 0 0 0 0 0 0 0 0 0 0 16 16 20 21 15 13
 6.375000E+02 9 0 0 0 0 0 0 0 0 0 0 0 16 26 12 21 15 22
 6.380000E+02 13 0 0 0 0 0 0 0 0 0 0 0 23 19 5 14 14 21
 6.385000E+02 10 0 0 0 0 0 0 0 0 0 0 0 17 25 10 13 15 18
 6.390000E+02 9 0 0 0 0 0 0 0 0 0 0 0 18 18 24 16 17 14
 6.395000E+02 19 0 0 0 0 0 0 0 0 0 0 0 23 15 23 21 20 11
 6.400000E+02 5 0 0 0 0 0 0 0 0 0 0 0 19 20 17 20 17 14
 6.405000E+02 7 0 0 0 0 0 0 0 0 0 0 0 17 19 15 16 16 12
 6.410000E+02 8 0 0 0 0 0 0 0 0 0 0 0 20 24 12 18 14 18
 6.415000E+02 8 0 0 0 0 0 0 0 0 0 0 0 20 13 10 20 16 20
 6.420000E+02 13 0 0 0 0 0 0 0 0 0 0 0 18 20 15 13 18 16
 6.425000E+02 8 0 0 0 0 0 0 0 0 1 0 0 21 14 21 15 12 20
 6.430000E+02 8 0 0 1 0 0 0 0 0 0 0 0 16 21 25 12 12 23
 6.435000E+02 6 0 0 0 0 0 0 0 0 1 0 0 20 17 19 8 16 24
 6.440000E+02 11 0 0 0 0 0 0 0 0 0 0 0 19 23 12 12 16 18
 6.445000E+02 9 0 0 0 0 0 0 0 0 0 0 0 18 16 10 17 14 18
 6.450000E+02 4 0 0 0 0 0 0 0 0 1 0 0 16 13 12 18 14 11
 6.455000E+02 8 0 0 0 0 0 0 1 0 0 0 0 12 13 17 16 13 11
 6.460000E+02 8 0 0 0 0 0 0 1 0 0 0 0 14 17 14 21 13 20
 6.465000E+02 13 0 0 0 0 0 0 0 0 0 0 0 6 14 18 17 15 24
 6.470000E+02 8 0 0 0 0 0 0 0 0 0 0 0 12 15 11 20 13 20
 6.475000E+02 6 0 0 0 0 0 0 0 0 0 0 0 14 14 17 23 16 17
 6.480000E+02 8 0 0 0 0 0 0 0 0 0 0 0 10 12 17 22 16 17
 6.485000E+02 8 0 0 0 0 0 0 0 0 1 0 0 18 19 19 26 10 15
 6.490000E+02 10 0 0 0 0 0 0 0 0 1 0 0 17 18 14 14 21 13
 6.495000E+02 9 0 0 0 0 0 0 0 0 1 0 0 16 18 18 16 17 14
 6.500000E+02 12 0 0 0 0 0 0 0 0 0 0 0 15 23 16 14 18 18
 6.505000E+02 7 0 0 0 0 0 0 0 0 0 0 0 15 21 11 9 16 21
 6.510000E+02 8 0 0 0 0 0 0 0 0 0 0 0 17 19 16 10 17 28
 6.515000E+02 7 0 0 0 0 0 0 0 0 0 0 0 14 16 11 12 20 21
 6.520000E+02 8 0 0 0 0 0 0 0 0 1 0 0 13 16 16 15 19 17
 6.525000E+02 8 0 0 0 0 0 0 0 0 1 0 0 20 10 19 20 17 17
 6.530000E+02 10 0 0 0 0 0 0 0 0 0 0 0 14 14 21 17 21 13
 6.535000E+02 6 0 0 0 0 0 0 0 0 0 0 0 14 21 20 14 18 14
 6.540000E+02 10 0 0 0 0 0 0 0 0 0 0 0 11 10 20 7 24 23
 6.545000E+02 6 0 0 0 0 0 0 0 0 0 0 0 13 14 17 15 27 20
 6.550000E+02 6 0 0 0 0 0 0 0 0 0 0 0 11 17 13 18 20 24
 6.555000E+02 8 0 0 0 0 0 0 0 0 0 0 0 20 16 15 16 18 18
 6.560000E+02 9 0 0 0 0 0 0 0 0 0 0 0 18 15 14 19 20 18
 6.565000E+02 8 0 0 0 0 0 0 0 0 0 0 0 19 14 17 10 15 19
 6.570000E+02 12 0 0 0 0 0 0 0 0 0 0 0 24 15 21 20 14 12
 6.575000E+02 7 0 0 0 0 0 0 0 0 0 0 0 28 15 20 15 8 11
 6.580000E+02 10 0 0 0 0 0 0 0 0 0 0 0 31 18 17 16 19 12
 6.585000E+02 4 0 0 0 0 0 0 0 0 1 0 0 20 16 13 16 25 17
 6.590000E+02 6 0 0 0 0 0 0 0 0 1 0 0 22 12 14 20 21 19
 6.595000E+02 9 0 0 1 0 0 0 0 0 0 0 0 20 17 13 19 13 22
 6.600000E+02 5 0 0 0 0 0 0 0 0 1 0 0 22 20 19 13 13 16
 6.605000E+02 7 0 0 0 0 0 0 0 0 0 0 0 19 18 14 13 21 15
 6.610000E+02 7 0 0 0 0 0 0 0 0 1 0 0 21 17 14 16 17 20
 6.615000E+02 12 0 0 0 0 0 0 0 0 0 0 0 18 16 15 24 16 18
 6.620000E+02 14 0 0 0 0 0 0 0 0 1 0 0 14 20 19 24 17 18
 6.625000E+02 4 0 0 0 0 0 0 0 0 0 0 0 19 20 11 19 21 12
 6.630000E+02 9 0 0 0 0 0 0 0 0 0 0 0 15 18 19 6 24 16
 6.635000E+02 3 0 0 0 0 0 0 0 0 0 0 0 17 22 19 9 18 20
 6.640000E+02 5 0 0 0 0 0 0 0 0 0 0 0 26 22 15 16 20 11
 6.645000E+02 8 0 0 0 0 0 0 0 0 0 0 0 17 24 19 15 13 14
 6.650000E+02 12 0 0 0 0 0 0 0 0 0 0 0 15 24 14 11 18 12
 6.655000E+02 9 0 0 0 0 0 0 0 0 0 0 0 15 24 19 16 14 17
 6.660000E+02 11 0 0 0 0 0 0 0 0 0 0 0 17 14 18 17 20 14
 6.665000E+02 10 0 0 0 0 0 0 0 0 0 0 0 24 16 13 26 14 17
 6.670000E+02 7 0 0 0 0 0 0 0 0 0 0 0 23 14 14 26 16 13
 6.675000E+02 10 0 0 0 0 0 0 0 0 0 0 0 20 9 17 19 19 7
 6.680000E+02 9 0 0 0 0 0 0 0 0 0 0 0 19 17 22 14 18 11
 6.685000E+02 9 0 0 0 0 0 0 0 0 0 0 0 18 11 15 10 22 15
 6.690000E+02 8 0 0 0 0 0 0 0 0 0 0 0 19 13 12 14 18 13
 6.695000E+02 6 0 0 0 0 0 0 0 0 0 0 0 22 18 14 14 18 12
 6.700000E+02 4 0 0 0 0 0 0 0 0 0 0 0 25 18 14 17 11 17
 6.705000E+02 11 0 0 0 0 0 0 0 0 0 0 0 16 18 17 13 18 19
 6.710000E+02 12 0 0 0 0 0 0 0 0 0 0 0 12 18 14 14 14 21
 6.715000E+02 10 0 0 0 0 0 0 0 0 0 0 0 12 15 15 13 17 16
 6.720000E+02 4 0 0 0 0 0 0 0 0 0 0 0 16 15 15 15 15 23
 6.725000E+02 6 0 0 0 0 0 0 0 0 0 0 0 15 22 17 15 20 13
 6.730000E+02 7 0 0 0 0 0 0 0 0 0 0 0 18 25 12 16 18 16
 6.735000E+02 12 0 0 0 0 0 0 0 0 0 0 0 21 22 14 10 14 16
 6.740000E+02 14 0 0 0 0 0 0 0 0 0 0 0 21 14 17 10 19 16
 6.745000E+02 10 0 0 0 0 0 0 0 0 0 0 0 13 13 14 15 20 15
 6.750000E+02 4 0 0 0 0 0 0 0 0 0 0 0 17 7 19 12 24 20
 6.755000E+02 6 0 0 0 0 0 0 0 0 1 0 0 11 11 19 15 18 24
 6.760000E+02 6 0 0 0 0 0 0 0 0 0 0 0 18 5 19 11 17 20
 6.765000E+02 10 0 0 0 0 0 0 0 0 0 0 0 16 12 21 12 19 21
 6.770000E+02 5 0 0 0 0 0 0 0 0 0 0 0 14 19 22 10 20 25
 6.775000E+02 11 0 0 0 0 0 0 0 0 0 0 0 14 17 13 16 17 17
 6.780000E+02 7 0 0 0 0 0 0 0 0 0 0 0 15 17 14 24 24 12
 6.785000E+02 4 0 0 0 0 0 0 0 0 0 0 0 15 19 16 18 19 17
 6.790000E+02 10 0 0 0 0 0 0 0 0 0 0 0 15 20 22 19 17 15
 6.795000E+02 12 0 0 0 0 0 0 0 0 0 0 0 18 15 15 19 20 15
 6.800000E+02 7 0 0 0 0 0 0 0 0 0 0 0 18 7 13 21 25 17
 6.805000E+02 11 0 0 0 0 0 0 0 0 0 0 0 13 11 18 17 21 15
 6.810000E+02 9 0 0 0 0 0 0 0 0 0 0 0 18 12 17 18 12 11
 6.815000E+02 7 0 0 0 0 0 0 0 0 0 0 0 23 14 17 17 11 15
 6.820000E+02 10 0 0 0 0 0 0 0 0 0 0 0 22 14 15 19 12 17
 6.825000E+02 10 0 0 0 0 0 0 0 0 0 0 0 16 10 16 21 13 16
 6.830000E+02 10 0 0 0 0 0 0 0 0 0 0 0 19 7 12 16 15 18
 6.835000E+02 8 0 0 0 0 0 0 0 0 0 0 0 14 10 14 17 22 19
 6.840000E+02 11 0 0 0 0 0 0 0 0 0 0 0 10 12 17 15 18 21
 6.845000E+02 7 0 0 0 0 0 0 0 0 0 0 0 13 12 12 15 16 18
 6.850000E+02 12 0 0 0 0 0 0 0 0 0 0 0 15 15 16 19 14 19
 6.855000E+02 8 0 0 0 0 0 0 0 0 0 0 0 15 19 15 14 16 22
 6.860000E+02 8 0 0 0 0 0 0 0 0 0 0 0 18 14 11 15 16 21
 6.865000E+02 8 0 0 0 0 0 0 0 0 0 0 0 11 16 11 13 19 18
 6.870000E+02 5 0 0 0 0 0 0 0 0 0 0 0 15 19 12 16 22 17
 6.875000E+02 6 0 0 0 0 0 0 0 0 1 0 0 9 19 20 14 21 19
 6.880000E+02 6 0 0 0 0 0 0 0 0 0 0 0 17 17 13 16 23 12
 6.885000E+02 14 0 0 0 0 0 0 0 0 0 0 0 11 17 16 12 18 10
 6.890000E+02 6 0 0 0 0 0 0 0 0 0 0 0 17 22 11 21 15 14
 6.895000E+02 13 0 0 0 0 0 0 0 0 0 0 0 16 23 11 23 9 14
 6.900000E+02 11 0 0 0 0 0 0 0 0 0 0 0 17 21 17 13 12 16
 6.905000E+02 6 0 0 0 0 0 0 0 0 0 0 0 20 19 16 13 16 23
 6.910000E+02 11 0 0 0 0 0 0 0 0 0 0 0 22 22 14 9 19 18
 6.915000E+02 3 0 0 0 0 0 0 0 0 0 0 0 22 14 15 10 11 16
 6.920000E+02 6 0 0 0 0 0 0 0 0 0 0 0 19 16 18 16 13 13
 6.925000E+02 6 0 0 0 0 0 0 0 0 0 0 0 10 17 22 19 12 18
 6.930000E+02 8 0 0 0 0 0 0 0 0 0 0 0 18 12 16 18 20 11
 6.935000E+02 6 0 0 0 0 0 0 0 0 0 0 0 16 15 18 14 17 13
 6.940000E+02 7 0 0 0 0 0 0 0 0 0 0 0 14 11 19 14 11 17
 6.945000E+02 10 0 0 0 0 0 0 0 0 0 0 0 18 10 18 21 15 19
 6.950000E+02 7 0 0 0 0 0 0 0 0 0 0 0 17 11 14 15 17 14
 6.955000E+02 11 0 0 0 0 0 0 0 0 0 0 0 13 14 14 14 18 20
 6.960000E+02 9 0 0 0 0 0 0 0 0 0 0 0 10 16 18 10 16 20
 6.965000E+02 6 0 0 0 0 0 0 0 0 0 0 0 20 20 17 14 13 14
 6.970000E+02 9 0 0 0 0 0 0 0 0 0 0 0 11 18 8 13 14 21
 6.975000E+02 10 0 0 0 0 0 0 0 0 0 0 0 13 17 13 13 19 17
 6.980000E+02 9 0 0 0 0 0 0 0 0 0 0 0 19 13 11 10 25 14
 6.985000E+02 5 0 0 0 0 0 0 0 0 0 0 0 12 19 9 15 23 13
 6.990000E+02 7 0 0 0 0 0 0 0 0 0 0 0 15 18 6 14 28 15
 6.995000E+02 6 0 0 0 0 0 0 0 0 0 0 0 10 15 12 19 23 17
 7.000000E+02 8 0 0 0 0 0 0 0 0 0 0 0 11 15 6 19 17 18
