# time 'Ca' 'D34:75:137_PP2ACa' 'D34:75:137_PP2APCa' 'D34:75_PP2ACa' 'D34:75_PP2APCa' 'D75:137_PP2ACa' 'D75:137_PP2APCa' 'D75_PP2ACa' 'D75_PP2APCa' 'PP2ACa' 'PP2ACa_PKA' 'PP2APCa' 'PP2BinactiveCa2_1' 'PP2BinactiveCa2_2' 'PP2BinactiveCa2_3' 'PP2BinactiveCa2_4' 'PP2BinactiveCa2_5' 'PP2BinactiveCa2_6'
 0.000000E+00 0 0 0 0 0 0 0 0 0 0 0 0 0 0 0 0 0 0
 5.000000E-01 0 0 0 0 0 0 0 0 0 0 0 0 1 0 0 0 1 0
 1.000000E+00 4 0 0 0 0 0 0 0 0 0 0 0 2 0 1 0 0 1
 1.500000E+00 1 0 0 0 0 0 0 0 0 0 0 0 4 3 0 0 0 1
 2.000000E+00 3 0 0 0 0 0 0 0 0 0 0 0 3 4 3 0 1 2
 2.500000E+00 3 0 0 0 0 0 0 0 0 0 0 0 3 3 2 1 1 2
 3.000000E+00 3 0 0 0 0 0 0 0 0 0 0 0 3 2 2 3 2 2
 3.500000E+00 3 0 0 0 0 0 0 0 0 0 0 0 4 2 2 3 2 4
 4.000000E+00 2 0 0 0 0 0 0 0 0 0 0 0 4 2 2 2 4 4
 4.500000E+00 4 0 0 0 0 0 0 0 0 1 0 0 4 3 2 2 7 4
 5.000000E+00 4 0 0 0 0 0 0 0 0 1 0 0 6 3 4 3 5 5
 5.500000E+00 3 0 0 0 0 0 0 0 0 1 0 0 8 5 8 2 5 3
 6.000000E+00 3 0 0 0 0 0 0 0 0 1 0 0 7 6 4 6 5 4
 6.500000E+00 3 0 0 0 0 0 0 0 0 0 0 0 7 5 8 7 4 5
 7.000000E+00 4 0 0 0 0 0 0 0 0 0 0 0 8 6 8 7 2 7
 7.500000E+00 8 0 0 0 0 0 0 0 0 0 0 0 5 11 7 4 1 9
 8.000000E+00 5 0 0 0 0 0 0 0 0 0 0 0 6 8 5 5 8 6
 8.500000E+00 5 0 0 0 0 0 0 0 0 0 0 0 11 6 3 10 6 6
 9.000000E+00 4 0 0 0 0 0 0 0 0 0 0 0 5 7 7 8 7 10
 9.500000E+00 7 0 0 0 0 0 0 0 0 0 0 0 8 9 6 9 4 6
 1.000000E+01 2 0 0 0 0 0 0 0 0 0 0 0 9 12 5 7 8 7
 1.050000E+01 5 0 0 0 0 0 0 0 0 0 0 0 7 10 4 5 7 7
 1.100000E+01 6 0 0 0 0 0 0 0 0 0 0 0 7 6 10 11 4 9
 1.150000E+01 4 0 0 0 0 0 0 0 0 0 0 0 10 7 7 11 4 11
 1.200000E+01 4 0 0 0 0 0 0 0 0 0 0 0 7 11 9 11 6 9
 1.250000E+01 9 0 0 0 0 0 0 0 0 0 0 0 11 5 8 9 7 12
 1.300000E+01 6 0 0 0 0 0 0 0 0 0 0 0 9 9 10 9 9 8
 1.350000E+01 2 0 0 0 0 0 0 0 0 0 0 0 9 14 6 5 10 11
 1.400000E+01 3 0 0 0 0 0 0 0 0 0 0 0 13 12 6 10 9 10
 1.450000E+01 4 0 0 0 0 0 0 0 0 1 0 0 8 11 6 10 5 9
 1.500000E+01 6 0 0 0 0 0 0 0 0 0 0 0 9 13 7 7 12 10
 1.550000E+01 4 0 0 0 0 0 0 0 0 0 0 0 10 10 9 7 9 12
 1.600000E+01 7 0 0 0 0 0 0 0 0 0 0 0 13 11 5 9 9 9
 1.650000E+01 6 0 0 0 0 0 0 0 0 0 0 0 9 9 9 8 6 14
 1.700000E+01 4 0 0 0 0 0 0 0 0 0 0 0 9 7 7 5 11 12
 1.750000E+01 5 0 0 0 0 0 0 0 0 0 0 0 9 3 8 5 18 19
 1.800000E+01 7 0 0 0 0 0 0 0 0 0 0 0 6 7 15 6 13 17
 1.850000E+01 8 0 0 0 0 0 0 0 0 0 0 0 6 11 18 9 10 12
 1.900000E+01 4 0 0 0 0 0 0 0 0 0 0 0 8 10 14 12 13 12
 1.950000E+01 3 0 0 0 0 0 0 0 0 0 0 0 10 14 17 9 11 13
 2.000000E+01 8 0 0 0 0 0 0 0 0 0 0 0 7 8 12 12 9 13
 2.050000E+01 3 0 0 0 0 0 0 0 0 0 0 0 8 9 16 13 12 16
 2.100000E+01 5 0 0 0 0 0 0 0 0 0 0 0 11 7 14 16 11 12
 2.150000E+01 8 0 0 0 0 0 0 0 0 0 0 0 11 12 14 15 16 9
 2.200000E+01 3 0 0 0 0 0 0 0 0 0 0 0 13 14 13 14 16 10
 2.250000E+01 5 0 0 0 0 0 0 0 0 0 0 0 12 11 11 13 16 11
 2.300000E+01 6 0 0 0 0 0 0 0 0 0 0 0 15 10 10 10 17 14
 2.350000E+01 7 0 0 0 0 0 0 0 0 0 0 0 14 13 7 10 14 8
 2.400000E+01 7 0 0 0 0 0 0 0 0 0 0 0 13 9 12 12 15 13
 2.450000E+01 8 0 0 0 0 0 0 0 0 0 0 0 16 10 10 11 12 17
 2.500000E+01 4 0 0 0 0 0 0 0 0 0 0 0 24 7 11 8 14 16
 2.550000E+01 8 0 0 0 0 0 0 0 0 0 0 0 20 13 18 10 9 16
 2.600000E+01 9 0 0 0 0 0 0 0 0 0 0 0 16 16 10 9 10 15
 2.650000E+01 3 0 0 0 0 0 0 0 0 0 0 0 16 11 9 18 14 11
 2.700000E+01 4 0 0 0 0 0 0 0 0 0 0 0 14 11 13 19 9 12
 2.750000E+01 10 0 0 0 0 0 0 0 0 0 0 0 17 10 14 15 10 12
 2.800000E+01 8 0 0 0 0 0 0 0 0 0 0 0 9 9 14 16 15 17
 2.850000E+01 8 0 0 0 0 0 0 0 0 0 0 0 10 11 21 15 19 15
 2.900000E+01 8 0 0 0 0 0 0 0 0 0 0 0 9 11 15 12 20 13
 2.950000E+01 12 0 0 0 0 0 0 0 0 0 0 0 10 10 17 11 14 20
 3.000000E+01 7 0 0 0 0 0 0 0 0 1 0 0 10 7 16 14 15 24
 3.050000E+01 7 0 0 0 0 0 0 0 0 1 0 0 18 8 19 12 14 21
 3.100000E+01 14 0 0 0 0 0 0 0 0 1 0 0 18 8 10 10 15 20
 3.150000E+01 7 0 0 0 0 0 0 0 0 1 0 0 18 13 16 10 20 15
 3.200000E+01 7 0 0 0 0 0 0 1 0 0 0 0 18 21 16 13 12 9
 3.250000E+01 5 0 0 0 0 0 0 0 0 0 0 0 12 17 16 13 15 12
 3.300000E+01 4 0 0 0 0 0 0 0 0 0 0 0 14 18 14 24 12 11
 3.350000E+01 6 0 0 0 0 0 0 0 0 0 0 0 14 20 28 16 9 18
 3.400000E+01 14 0 0 0 0 0 0 0 0 0 0 0 17 15 18 13 14 19
 3.450000E+01 6 0 0 0 0 0 0 1 0 0 0 0 18 13 20 12 21 18
 3.500000E+01 5 0 0 0 0 0 0 0 0 0 0 0 15 16 16 17 17 17
 3.550000E+01 4 0 0 0 0 0 0 0 0 1 0 0 14 15 15 17 15 14
 3.600000E+01 5 0 0 0 0 0 0 0 0 0 0 0 16 18 17 11 14 8
 3.650000E+01 8 0 0 0 0 0 0 0 0 0 0 0 16 19 19 12 19 11
 3.700000E+01 4 0 0 0 0 0 0 0 0 0 0 0 16 17 18 7 15 15
 3.750000E+01 11 0 0 0 0 0 0 0 0 0 0 0 19 17 14 13 19 17
 3.800000E+01 7 0 0 0 0 0 0 0 0 0 0 0 16 11 20 17 21 20
 3.850000E+01 9 0 0 0 0 0 0 0 0 0 0 0 13 15 18 9 17 22
 3.900000E+01 7 0 0 0 0 0 0 0 0 0 0 0 18 15 23 10 14 18
 3.950000E+01 4 0 0 0 0 0 0 0 0 0 0 0 16 18 21 11 15 14
 4.000000E+01 11 0 0 0 0 0 0 0 0 0 0 0 22 20 15 20 12 13
 4.050000E+01 8 0 0 0 0 0 0 0 0 0 0 0 15 22 20 15 16 13
 4.100000E+01 8 0 0 0 0 0 0 0 0 0 0 0 14 16 18 14 19 16
 4.150000E+01 7 0 0 0 0 0 0 0 0 0 0 0 15 17 13 11 17 17
 4.200000E+01 6 0 0 0 0 0 0 0 0 0 0 0 10 12 19 20 16 13
 4.250000E+01 6 0 0 0 0 0 0 0 0 0 0 0 13 15 16 17 23 15
 4.300000E+01 9 0 0 0 0 0 0 0 0 1 0 0 13 15 19 14 15 14
 4.350000E+01 5 0 0 0 0 0 0 1 0 0 0 0 18 9 24 15 12 8
 4.400000E+01 7 0 0 0 0 0 0 1 0 0 0 0 21 15 22 11 16 10
 4.450000E+01 3 0 0 0 0 1 0 0 0 0 0 0 14 14 22 16 11 10
 4.500000E+01 7 0 0 0 0 0 0 0 0 1 0 0 16 21 22 21 10 10
 4.550000E+01 8 0 0 0 0 0 0 0 0 0 0 0 13 10 17 15 11 9
 4.600000E+01 5 0 0 0 0 0 0 0 0 0 0 0 13 18 14 19 14 17
 4.650000E+01 8 0 0 0 0 0 0 0 0 0 0 0 12 15 8 15 12 24
 4.700000E+01 7 0 0 0 0 0 0 0 0 0 0 0 10 13 18 19 10 18
 4.750000E+01 8 0 0 0 0 0 0 0 0 0 0 0 13 12 14 20 9 18
 4.800000E+01 9 0 0 0 0 0 0 1 0 0 0 0 17 15 16 20 14 14
 4.850000E+01 5 0 0 0 0 0 0 0 0 1 0 0 14 14 11 17 13 11
 4.900000E+01 8 0 0 0 0 0 0 0 0 1 0 0 13 14 13 13 14 18
 4.950000E+01 7 0 0 0 0 0 0 0 0 1 0 0 8 17 16 18 15 15
 5.000000E+01 5 0 0 0 0 0 0 0 0 0 0 0 9 13 17 20 18 12
 5.050000E+01 3 0 0 0 0 0 0 0 0 0 0 0 12 11 18 17 16 14
 5.100000E+01 8 0 0 0 0 0 0 0 0 0 0 0 10 11 19 15 14 16
 5.150000E+01 8 0 0 0 0 0 0 0 0 1 0 0 10 14 18 15 20 20
 5.200000E+01 8 0 0 0 0 0 0 0 0 0 0 0 11 11 11 16 22 16
 5.250000E+01 4 0 0 0 0 0 0 0 0 0 0 0 11 13 9 16 22 17
 5.300000E+01 2 0 0 0 0 0 0 0 0 0 0 0 15 12 13 19 19 11
 5.350000E+01 9 0 0 0 0 0 0 0 0 2 0 0 15 15 13 16 15 16
 5.400000E+01 5 0 0 0 0 0 0 1 0 0 0 0 15 11 14 15 15 16
 5.450000E+01 9 0 0 0 0 0 0 0 0 0 0 0 16 12 17 12 17 13
 5.500000E+01 5 0 0 0 0 0 0 0 0 0 0 0 12 18 20 15 20 12
 5.550000E+01 11 0 0 0 0 0 0 0 0 0 0 0 15 15 15 14 16 8
 5.600000E+01 10 0 0 0 0 0 0 0 0 0 0 0 13 15 11 21 9 16
 5.650000E+01 5 0 0 0 0 0 0 0 0 0 0 0 18 16 14 18 12 15
 5.700000E+01 7 0 0 0 0 0 0 0 0 0 0 0 15 17 16 18 14 13
 5.750000E+01 9 0 0 0 0 0 0 0 0 0 0 0 14 20 19 17 15 12
 5.800000E+01 7 0 0 0 0 0 0 0 0 0 0 0 13 16 15 14 16 16
 5.850000E+01 10 0 0 0 0 0 0 0 0 1 0 0 12 19 13 13 21 12
 5.900000E+01 5 0 0 0 0 0 0 0 0 0 0 0 18 18 6 15 17 13
 5.950000E+01 9 0 0 0 0 0 0 0 0 0 0 0 15 18 14 16 19 14
 6.000000E+01 5 0 0 0 0 0 0 0 0 0 0 0 17 14 9 17 14 16
 6.050000E+01 8 0 0 0 0 0 0 0 0 0 0 0 16 15 8 11 13 16
 6.100000E+01 7 0 0 0 0 0 0 0 0 0 0 0 18 13 13 19 6 16
 6.150000E+01 10 0 0 0 0 0 0 0 0 0 0 0 19 19 14 16 15 14
 6.200000E+01 8 0 0 0 0 0 0 0 0 0 0 0 17 14 10 19 8 15
 6.250000E+01 8 0 0 0 0 0 0 0 0 0 0 0 14 12 12 23 13 15
 6.300000E+01 9 0 0 0 0 0 0 0 0 0 0 0 7 23 17 21 15 11
 6.350000E+01 8 0 0 0 0 0 0 0 0 0 0 0 14 19 19 9 19 11
 6.400000E+01 10 0 0 0 0 0 0 0 0 0 0 0 14 15 19 13 17 9
 6.450000E+01 6 0 0 0 0 0 0 0 0 0 0 0 10 13 19 14 16 14
 6.500000E+01 5 0 0 0 0 0 0 0 0 0 0 0 15 15 15 14 14 19
 6.550000E+01 5 0 0 0 0 0 0 0 0 0 0 0 16 18 11 12 17 13
 6.600000E+01 2 0 0 0 0 0 0 0 0 0 0 0 18 20 15 16 15 10
 6.650000E+01 5 0 0 0 0 0 0 0 0 0 0 0 11 21 17 21 14 11
 6.700000E+01 7 0 0 0 0 0 0 0 0 0 0 0 14 20 13 17 16 11
 6.750000E+01 8 0 0 0 0 0 0 0 0 0 0 0 14 16 15 20 18 18
 6.800000E+01 9 0 0 0 0 0 0 0 0 0 0 0 16 17 15 11 17 15
 6.850000E+01 5 0 0 0 0 0 0 0 0 0 0 0 17 16 15 12 13 13
 6.900000E+01 7 0 0 0 0 0 0 0 0 0 0 0 19 21 18 11 10 15
 6.950000E+01 9 0 0 0 0 0 0 0 0 0 0 0 21 10 22 11 9 16
 7.000000E+01 12 0 0 0 0 0 0 0 0 0 0 0 16 13 19 10 14 18
 7.050000E+01 11 0 0 0 0 0 0 0 0 0 0 0 19 19 20 9 11 21
 7.100000E+01 12 0 0 0 0 0 0 0 0 0 0 0 20 17 20 10 12 24
 7.150000E+01 6 0 0 0 0 0 0 0 0 0 0 0 15 9 20 16 18 22
 7.200000E+01 9 0 0 0 0 0 0 0 0 0 0 0 14 11 21 16 21 15
 7.250000E+01 4 0 0 0 0 0 0 0 0 0 0 0 18 11 16 14 20 14
 7.300000E+01 9 0 0 0 0 0 0 0 0 0 0 0 22 11 17 13 18 18
 7.350000E+01 8 0 0 0 0 0 0 0 0 0 0 0 17 17 15 21 22 16
 7.400000E+01 4 0 0 0 0 0 0 0 0 0 0 0 18 25 12 17 13 16
 7.450000E+01 8 0 0 0 0 0 0 0 0 0 0 0 11 22 16 16 14 16
 7.500000E+01 13 0 0 0 0 0 0 0 0 0 0 0 15 15 17 19 15 17
 7.550000E+01 10 0 0 0 0 0 0 0 0 0 0 0 17 20 17 16 11 15
 7.600000E+01 9 0 0 0 0 0 0 0 0 1 0 0 21 12 27 15 11 14
 7.650000E+01 5 0 0 0 0 0 0 0 0 0 0 0 17 14 19 16 15 13
 7.700000E+01 3 0 0 0 0 0 0 0 0 0 0 0 15 16 19 13 18 10
 7.750000E+01 8 0 0 0 0 0 0 0 0 0 0 0 7 22 18 18 12 16
 7.800000E+01 9 0 0 0 0 0 0 0 0 0 0 0 7 21 10 21 16 19
 7.850000E+01 12 0 0 0 0 0 0 0 0 0 0 0 12 15 12 17 20 15
 7.900000E+01 9 0 0 0 0 0 0 0 0 0 0 0 7 14 18 18 18 18
 7.950000E+01 9 0 0 0 0 0 0 0 0 0 0 0 16 16 17 18 13 16
 8.000000E+01 6 0 0 0 0 0 0 0 0 0 0 0 20 15 18 15 15 18
 8.050000E+01 6 0 0 0 0 0 0 0 0 0 0 0 20 14 20 14 11 15
 8.100000E+01 8 0 0 0 0 0 0 0 0 0 0 0 18 13 16 19 17 14
 8.150000E+01 5 0 0 0 0 0 0 0 0 0 0 0 17 12 11 18 18 17
 8.200000E+01 7 0 0 0 0 0 0 0 0 0 0 0 12 17 19 18 17 18
 8.250000E+01 5 0 0 0 0 0 0 0 0 0 0 0 13 12 23 13 15 19
 8.300000E+01 8 0 0 0 0 0 0 0 0 0 0 0 13 15 24 17 16 21
 8.350000E+01 9 0 0 0 0 0 0 0 0 0 0 0 17 14 16 17 21 18
 8.400000E+01 13 0 0 0 0 0 0 0 0 0 0 0 13 13 15 21 17 17
 8.450000E+01 12 0 0 0 0 0 0 0 0 1 0 0 18 15 13 25 13 22
 8.500000E+01 6 0 0 0 0 0 0 1 0 1 0 0 18 15 13 19 13 25
 8.550000E+01 11 0 0 0 0 0 0 1 0 0 0 0 16 15 14 16 18 15
 8.600000E+01 10 0 0 0 0 0 0 0 0 0 0 0 14 17 13 20 24 12
 8.650000E+01 7 0 0 0 0 0 0 0 0 0 0 0 17 15 18 14 18 22
 8.700000E+01 7 0 0 0 0 0 0 0 0 0 0 0 17 18 16 20 23 22
 8.750000E+01 8 0 0 0 0 0 0 0 0 0 0 0 14 10 16 23 16 23
 8.800000E+01 5 0 0 0 0 0 0 0 0 0 0 0 14 12 14 21 20 25
 8.850000E+01 5 0 0 0 0 0 0 0 0 0 0 0 20 21 19 18 16 15
 8.900000E+01 9 0 0 0 0 0 0 0 0 0 0 0 15 14 14 15 16 21
 8.950000E+01 11 0 0 0 0 0 0 0 0 0 0 0 16 17 16 23 18 11
 9.000000E+01 10 0 0 0 0 0 0 0 0 0 0 0 19 17 15 13 17 14
 9.050000E+01 11 0 0 0 0 0 0 0 0 0 0 0 16 16 15 12 16 19
 9.100000E+01 7 0 0 0 0 0 0 0 0 1 0 0 17 18 14 14 15 16
 9.150000E+01 12 0 0 0 0 0 0 0 0 0 0 0 11 20 23 10 15 18
 9.200000E+01 5 0 0 0 0 0 0 0 0 0 0 0 14 17 15 16 17 22
 9.250000E+01 6 0 0 0 0 0 0 0 0 0 0 0 14 19 15 15 18 17
 9.300000E+01 9 0 0 0 0 0 0 0 0 0 0 0 21 21 17 12 11 11
 9.350000E+01 13 0 0 0 0 0 0 0 0 1 0 0 21 23 17 12 17 12
 9.400000E+01 7 0 0 0 0 0 0 0 0 0 0 0 17 18 15 18 14 17
 9.450000E+01 12 0 0 0 0 0 0 0 0 0 0 0 17 21 23 17 18 13
 9.500000E+01 8 0 0 0 0 0 0 1 0 0 0 0 14 21 26 15 14 13
 9.550000E+01 13 0 0 0 0 0 0 0 0 1 0 0 20 23 14 14 14 10
 9.600000E+01 9 0 0 0 0 0 0 1 0 0 0 0 13 21 19 17 13 14
 9.650000E+01 4 0 0 0 0 0 0 0 0 1 0 0 9 18 18 14 18 24
 9.700000E+01 15 0 0 0 0 0 0 0 0 0 0 0 9 20 17 12 22 17
 9.750000E+01 12 0 0 0 0 0 0 0 0 0 0 0 11 19 20 17 22 18
 9.800000E+01 7 0 0 0 0 0 0 0 0 0 0 0 16 21 14 19 14 20
 9.850000E+01 8 0 0 0 0 0 0 0 0 0 0 0 12 23 12 18 18 20
 9.900000E+01 11 0 0 0 0 0 0 1 0 0 0 0 15 20 17 14 21 18
 9.950000E+01 10 0 0 0 0 0 0 0 0 0 0 0 18 18 15 11 19 15
 1.000000E+02 8 0 0 0 0 0 0 0 0 0 0 0 18 17 22 11 18 21
 1.005000E+02 5 0 0 0 0 0 0 0 0 0 0 0 18 17 16 8 21 21
 1.010000E+02 7 0 0 0 0 0 0 0 0 0 0 0 17 24 11 13 21 19
 1.015000E+02 9 0 0 0 0 0 0 0 0 0 0 0 14 21 13 14 20 25
 1.020000E+02 6 0 0 0 0 0 0 0 0 0 0 0 16 17 12 10 20 24
 1.025000E+02 5 0 0 0 0 0 0 0 0 0 0 0 17 8 22 12 19 20
 1.030000E+02 7 0 0 0 0 0 0 0 0 0 0 0 18 11 16 18 16 20
 1.035000E+02 12 0 0 0 0 0 0 0 0 0 0 0 15 10 19 26 15 17
 1.040000E+02 9 0 0 0 0 0 0 0 0 0 0 0 15 10 25 24 15 15
 1.045000E+02 7 0 0 0 0 0 0 0 0 0 0 0 13 14 24 23 17 21
 1.050000E+02 11 0 0 0 0 0 0 0 0 0 0 0 14 17 17 15 22 14
 1.055000E+02 9 0 0 0 0 0 0 0 0 0 0 0 19 15 15 18 23 19
 1.060000E+02 9 0 0 0 0 0 0 0 0 0 0 0 15 21 15 22 18 16
 1.065000E+02 8 0 0 0 0 0 0 0 0 0 0 0 10 17 15 22 18 16
 1.070000E+02 11 0 0 0 0 0 0 0 0 0 0 0 10 18 20 17 26 14
 1.075000E+02 7 0 0 0 0 0 0 0 0 0 0 0 15 18 25 13 21 12
 1.080000E+02 8 0 0 0 0 0 0 0 0 0 0 0 17 19 20 11 20 16
 1.085000E+02 8 0 0 0 0 0 0 0 0 0 0 0 19 20 13 17 17 16
 1.090000E+02 5 0 0 0 0 0 0 0 0 0 0 0 8 20 20 19 17 16
 1.095000E+02 11 0 0 0 0 0 0 0 0 0 0 0 14 15 17 10 19 15
 1.100000E+02 12 0 0 0 0 0 0 0 0 0 0 0 26 15 19 12 21 14
 1.105000E+02 5 0 0 0 0 0 0 0 0 0 0 0 29 13 16 19 16 11
 1.110000E+02 1 0 0 0 0 0 0 1 0 0 0 0 22 19 21 19 18 9
 1.115000E+02 11 0 0 0 0 0 0 0 0 1 0 0 16 23 22 16 19 10
 1.120000E+02 8 0 0 0 0 0 0 1 0 0 0 0 19 17 18 17 18 15
 1.125000E+02 3 0 0 0 0 0 0 0 0 1 0 0 20 18 16 18 10 19
 1.130000E+02 10 0 0 0 0 0 0 0 0 1 0 0 17 13 23 19 11 20
 1.135000E+02 8 0 0 0 0 0 0 0 0 1 0 0 21 15 16 21 20 12
 1.140000E+02 12 0 0 0 0 0 0 0 0 0 0 0 22 11 14 22 20 14
 1.145000E+02 7 0 0 0 0 0 0 0 0 0 0 0 22 17 11 22 24 8
 1.150000E+02 7 0 0 0 0 0 0 0 0 0 0 0 16 9 11 21 20 21
 1.155000E+02 13 0 0 0 0 0 0 0 0 0 0 0 13 9 19 22 20 26
 1.160000E+02 9 0 0 0 0 0 0 0 0 0 0 0 20 16 14 18 18 19
 1.165000E+02 10 0 0 0 0 0 0 1 0 0 0 0 19 15 11 19 20 18
 1.170000E+02 8 0 0 0 0 0 0 1 0 0 0 0 16 14 20 15 18 15
 1.175000E+02 7 0 0 0 0 0 0 0 0 0 0 0 19 12 17 25 17 12
 1.180000E+02 11 0 0 0 0 0 0 0 0 0 0 0 17 22 14 20 9 21
 1.185000E+02 11 0 0 0 0 0 0 0 0 0 0 0 22 17 19 16 13 22
 1.190000E+02 5 0 0 0 0 0 0 0 0 0 0 0 17 20 20 14 16 18
 1.195000E+02 8 0 0 0 0 0 0 0 0 0 0 0 23 18 23 15 16 16
 1.200000E+02 10 0 0 0 0 0 0 0 0 0 0 0 21 20 23 19 12 16
 1.205000E+02 12 0 0 0 0 0 0 1 0 0 0 0 24 16 18 16 14 15
 1.210000E+02 7 0 0 0 0 0 0 1 0 0 0 0 19 14 17 14 16 15
 1.215000E+02 9 0 0 0 0 0 0 0 0 2 0 0 19 17 11 17 17 18
 1.220000E+02 8 0 0 0 0 0 0 0 0 2 0 0 18 20 16 12 20 16
 1.225000E+02 9 0 0 0 0 0 0 0 0 1 0 0 22 19 13 18 12 19
 1.230000E+02 8 0 0 0 0 0 0 0 0 0 0 0 20 22 13 15 17 10
 1.235000E+02 11 0 0 0 0 0 0 0 0 0 0 0 14 25 16 16 16 11
 1.240000E+02 6 0 0 0 0 0 0 0 0 0 0 0 15 22 18 15 15 12
 1.245000E+02 7 0 0 0 0 0 0 0 0 0 0 0 19 18 17 12 20 9
 1.250000E+02 4 0 0 0 0 0 0 0 0 0 0 0 15 26 21 15 19 6
 1.255000E+02 8 0 0 0 0 0 0 0 0 0 0 0 14 19 21 13 16 14
 1.260000E+02 10 0 0 0 0 0 0 0 0 0 0 0 13 20 18 20 12 14
 1.265000E+02 9 0 0 0 0 0 0 0 0 0 0 0 18 19 15 16 12 13
 1.270000E+02 10 0 0 0 0 0 0 0 0 0 0 0 24 13 14 13 14 15
 1.275000E+02 7 0 0 0 0 0 0 0 0 0 0 0 20 18 12 17 14 12
 1.280000E+02 8 0 0 0 0 0 0 0 0 0 0 0 16 12 15 20 18 22
 1.285000E+02 7 0 0 0 0 0 0 0 0 0 0 0 19 11 17 14 18 21
 1.290000E+02 12 0 0 0 0 0 0 0 0 0 0 0 21 12 17 16 24 20
 1.295000E+02 11 0 0 0 0 0 0 0 0 0 0 0 19 14 21 15 16 14
 1.300000E+02 8 0 0 0 0 0 0 0 0 0 0 0 19 19 25 15 20 14
 1.305000E+02 9 0 0 0 0 0 0 0 0 0 0 0 20 22 15 19 16 15
 1.310000E+02 11 0 0 0 0 0 0 0 0 0 0 0 18 18 25 25 16 10
 1.315000E+02 6 0 0 0 0 0 0 0 0 0 0 0 17 15 19 29 11 9
 1.320000E+02 8 0 0 0 0 0 0 0 0 0 0 0 11 15 15 33 17 15
 1.325000E+02 8 0 0 0 0 0 0 0 0 0 0 0 20 11 16 24 15 17
 1.330000E+02 6 0 0 0 0 0 0 0 0 0 0 0 20 14 23 18 16 16
 1.335000E+02 5 0 0 0 0 0 0 0 0 0 0 0 18 21 22 18 12 22
 1.340000E+02 7 0 0 0 0 0 0 0 0 0 0 0 14 17 13 18 12 17
 1.345000E+02 5 0 0 0 0 0 0 0 0 0 0 0 12 17 20 23 11 17
 1.350000E+02 9 0 0 0 0 0 0 0 0 0 0 0 9 24 14 28 13 19
 1.355000E+02 9 0 0 0 0 0 0 0 0 0 0 0 7 23 14 28 17 13
 1.360000E+02 10 0 0 0 0 0 0 0 0 0 0 0 20 18 17 25 19 13
 1.365000E+02 9 0 0 0 0 0 0 1 0 0 0 0 12 28 18 14 18 16
 1.370000E+02 7 0 0 0 0 0 0 0 0 1 0 0 11 21 14 15 20 12
 1.375000E+02 9 0 0 0 0 0 0 1 0 0 0 0 22 22 14 22 19 10
 1.380000E+02 7 0 0 0 0 0 0 0 0 1 0 0 12 21 15 17 18 8
 1.385000E+02 5 0 0 0 0 0 0 1 0 0 0 0 10 19 21 21 20 13
 1.390000E+02 9 0 0 0 0 0 0 0 0 1 0 0 14 17 19 18 16 18
 1.395000E+02 10 0 0 0 0 0 0 0 0 1 0 0 17 16 17 19 13 14
 1.400000E+02 5 0 0 0 0 0 0 0 0 1 0 0 13 19 17 16 13 16
 1.405000E+02 2 0 0 0 0 0 0 0 0 1 0 0 13 17 20 24 17 14
 1.410000E+02 8 0 0 0 0 0 0 0 0 0 0 0 18 19 22 21 11 20
 1.415000E+02 9 0 0 0 0 0 0 0 0 0 0 0 12 9 16 27 15 14
 1.420000E+02 6 0 0 0 0 0 0 0 0 0 0 0 14 14 20 23 19 16
 1.425000E+02 9 0 0 0 0 0 0 0 0 0 0 0 13 19 15 18 21 16
 1.430000E+02 10 0 0 0 0 0 0 0 0 0 0 0 16 19 15 16 13 15
 1.435000E+02 7 0 0 0 0 0 0 0 0 0 0 0 24 20 16 18 16 15
 1.440000E+02 8 0 0 0 0 0 0 0 0 1 0 0 21 15 16 17 13 13
 1.445000E+02 11 0 0 0 0 0 0 0 0 1 0 0 21 16 16 13 17 17
 1.450000E+02 10 0 0 0 0 0 0 1 0 1 0 0 17 14 19 16 18 14
 1.455000E+02 6 0 0 0 0 0 0 1 0 1 0 0 21 16 22 11 14 17
 1.460000E+02 8 0 0 0 0 0 0 0 0 2 0 0 24 10 18 16 13 18
 1.465000E+02 12 0 0 0 0 0 0 1 0 0 0 0 18 15 21 11 18 12
 1.470000E+02 9 0 0 0 0 0 0 1 0 0 0 0 17 21 19 7 16 13
 1.475000E+02 7 0 0 0 0 0 0 0 0 0 0 0 18 23 20 14 13 22
 1.480000E+02 9 0 0 0 0 0 0 0 0 0 0 0 16 25 13 20 10 21
 1.485000E+02 8 0 0 0 0 0 0 0 0 0 0 0 9 19 15 23 15 18
 1.490000E+02 5 0 0 0 0 0 0 0 0 0 0 0 11 16 10 19 23 18
 1.495000E+02 7 0 0 0 0 0 0 0 0 0 0 0 11 21 12 19 18 19
 1.500000E+02 7 0 0 0 0 0 0 0 0 0 0 0 14 25 12 15 24 19
 1.505000E+02 9 0 0 0 0 0 0 0 0 0 0 0 16 19 12 20 21 17
 1.510000E+02 14 0 0 0 0 0 0 1 0 0 0 0 16 22 17 13 14 13
 1.515000E+02 10 0 0 0 0 0 0 0 0 0 0 0 15 23 17 16 11 21
 1.520000E+02 9 0 0 0 0 0 0 0 0 0 0 0 13 21 10 16 8 25
 1.525000E+02 9 0 0 0 0 0 0 0 0 0 0 0 21 20 15 14 13 19
 1.530000E+02 15 0 0 0 0 0 0 0 0 0 0 0 21 17 15 20 21 15
 1.535000E+02 9 0 0 0 0 0 0 0 0 0 0 0 18 19 13 17 21 14
 1.540000E+02 12 0 0 0 0 0 0 0 0 0 0 0 20 17 12 12 15 12
 1.545000E+02 9 0 0 0 0 0 0 0 0 1 0 0 19 22 14 12 20 13
 1.550000E+02 6 0 0 0 0 0 0 1 0 2 0 0 14 23 16 11 12 13
 1.555000E+02 3 0 0 0 0 0 0 1 0 2 0 0 18 25 18 17 13 12
 1.560000E+02 7 0 0 0 0 0 0 1 0 2 0 0 17 20 22 23 14 11
 1.565000E+02 6 0 0 0 0 0 0 0 0 1 0 0 16 24 15 14 19 11
 1.570000E+02 13 0 0 0 0 1 0 0 0 0 0 0 16 22 18 15 15 19
 1.575000E+02 8 0 0 0 0 0 0 0 0 1 0 0 16 15 10 22 17 22
 1.580000E+02 2 0 0 0 0 0 0 0 0 0 0 0 14 16 11 21 15 27
 1.585000E+02 7 0 0 0 0 0 0 0 0 0 0 0 17 17 14 17 21 25
 1.590000E+02 9 0 0 0 0 0 0 0 0 0 0 0 12 21 16 14 26 22
 1.595000E+02 13 0 0 0 0 0 0 0 0 1 0 0 16 15 12 11 21 24
 1.600000E+02 11 0 0 0 0 0 0 1 0 1 0 0 18 16 8 17 18 23
 1.605000E+02 9 0 0 0 0 0 0 0 0 1 0 0 14 18 12 20 16 21
 1.610000E+02 5 0 0 0 0 0 0 1 0 0 0 0 15 11 22 22 18 23
 1.615000E+02 9 0 0 0 0 0 0 1 0 1 0 0 12 17 15 18 19 22
 1.620000E+02 7 0 0 0 0 0 0 1 0 1 0 0 19 18 13 19 20 20
 1.625000E+02 10 0 0 0 0 0 0 2 0 0 0 0 19 14 16 16 21 22
 1.630000E+02 10 0 0 0 0 0 0 2 0 0 0 0 17 11 16 18 19 24
 1.635000E+02 6 0 0 0 0 0 0 0 0 0 0 0 23 14 10 22 20 19
 1.640000E+02 4 0 0 0 0 0 0 0 0 0 0 0 16 17 16 13 18 15
 1.645000E+02 10 0 0 0 0 0 0 0 0 0 0 0 24 19 16 13 13 17
 1.650000E+02 7 0 0 0 0 0 0 0 0 0 0 0 21 22 24 14 10 13
 1.655000E+02 9 0 0 0 0 0 0 0 0 1 0 0 18 19 11 16 19 18
 1.660000E+02 8 0 0 0 0 0 0 0 0 0 0 0 18 17 13 18 19 14
 1.665000E+02 9 0 0 0 0 0 0 0 0 0 0 0 12 14 18 18 19 13
 1.670000E+02 9 0 0 0 0 0 0 0 0 0 0 0 19 15 16 16 18 11
 1.675000E+02 14 0 0 0 0 0 0 0 0 0 0 0 20 24 15 14 16 18
 1.680000E+02 11 0 0 0 0 0 0 0 0 0 0 0 20 21 11 14 19 18
 1.685000E+02 7 0 0 0 0 0 0 0 0 0 0 0 20 18 10 14 18 25
 1.690000E+02 7 0 0 0 0 0 0 0 0 0 0 0 22 18 16 16 16 18
 1.695000E+02 5 0 0 0 0 0 0 0 0 0 0 0 16 17 19 18 20 18
 1.700000E+02 8 0 0 0 0 0 0 0 0 0 0 0 16 18 11 14 24 21
 1.705000E+02 8 0 0 0 0 0 0 0 0 0 0 0 19 9 13 15 20 24
 1.710000E+02 15 0 0 0 0 0 0 0 0 0 0 0 16 16 20 15 13 15
 1.715000E+02 8 0 0 0 0 0 0 0 0 0 0 0 19 15 19 17 17 15
 1.720000E+02 9 0 0 0 0 0 0 0 0 0 0 0 19 12 17 17 15 16
 1.725000E+02 8 0 0 0 0 0 0 0 0 0 0 0 21 14 21 17 17 15
 1.730000E+02 8 0 0 0 0 0 0 0 0 0 0 0 18 19 11 18 20 14
 1.735000E+02 9 0 0 0 0 0 0 0 0 0 0 0 15 26 16 10 23 20
 1.740000E+02 8 0 0 0 0 0 0 0 0 0 0 0 17 17 15 13 19 18
 1.745000E+02 5 0 0 0 0 0 0 0 0 0 0 0 19 21 14 18 11 18
 1.750000E+02 7 0 0 0 0 0 0 0 0 0 0 0 20 23 17 17 11 20
 1.755000E+02 11 0 0 0 0 0 0 0 0 0 0 0 11 25 14 12 13 19
 1.760000E+02 8 0 0 0 0 0 0 0 0 0 0 0 21 20 18 15 14 16
 1.765000E+02 11 0 0 0 0 1 0 0 0 0 0 0 19 13 17 21 12 19
 1.770000E+02 8 0 0 0 0 0 0 1 0 0 0 0 16 14 12 24 18 18
 1.775000E+02 7 0 0 0 0 0 0 0 0 0 0 0 21 15 10 20 17 16
 1.780000E+02 8 0 0 0 0 0 0 1 0 0 0 0 22 11 11 20 13 20
 1.785000E+02 9 0 0 0 0 0 0 0 0 1 0 0 23 25 11 15 12 18
 1.790000E+02 9 0 0 0 0 0 0 0 0 0 0 0 15 20 12 18 17 15
 1.795000E+02 9 0 0 0 0 0 0 0 0 0 0 0 16 20 17 20 15 20
 1.800000E+02 12 0 0 0 0 0 0 0 0 0 0 0 17 18 16 21 11 24
 1.805000E+02 6 0 0 0 0 0 0 0 0 0 0 0 15 15 16 24 13 23
 1.810000E+02 10 0 0 0 0 0 0 0 0 0 0 0 17 16 17 25 11 18
 1.815000E+02 10 0 0 0 0 0 0 0 0 0 0 0 21 15 16 19 15 18
 1.820000E+02 9 0 0 0 0 0 0 0 0 0 0 0 19 17 15 21 19 11
 1.825000E+02 6 0 0 0 0 0 0 0 0 0 0 0 14 13 15 19 17 16
 1.830000E+02 6 0 0 0 0 0 0 0 0 0 0 0 14 18 12 18 16 18
 1.835000E+02 11 0 0 0 0 0 0 1 0 0 0 0 14 16 11 20 19 18
 1.840000E+02 8 0 0 0 0 0 0 0 0 1 0 0 17 14 19 19 10 19
 1.845000E+02 8 0 0 0 0 0 0 1 0 0 0 0 17 16 12 15 20 19
 1.850000E+02 10 0 0 0 0 1 0 0 0 1 0 0 16 16 17 17 18 20
 1.855000E+02 8 0 0 0 0 0 0 2 0 0 0 0 23 17 18 17 15 13
 1.860000E+02 10 0 0 0 0 0 0 0 0 1 0 0 15 19 23 22 11 18
 1.865000E+02 15 0 0 0 0 0 0 0 0 2 0 0 15 20 16 21 13 15
 1.870000E+02 7 0 0 0 0 0 0 1 0 0 0 0 21 14 16 20 15 18
 1.875000E+02 8 0 0 0 0 0 0 0 0 0 0 0 16 20 15 13 15 13
 1.880000E+02 10 0 0 0 0 0 0 0 0 0 0 0 11 23 23 13 17 15
 1.885000E+02 11 0 0 0 0 0 0 0 0 0 0 0 12 15 23 15 13 18
 1.890000E+02 9 0 0 0 0 0 0 0 0 0 0 0 15 17 17 19 13 19
 1.895000E+02 9 0 0 0 0 0 0 0 0 0 0 0 16 19 15 20 12 21
 1.900000E+02 5 0 0 0 0 0 0 0 0 0 0 0 17 19 16 24 18 21
 1.905000E+02 5 0 0 0 0 0 0 0 0 0 0 0 19 17 17 16 12 17
 1.910000E+02 5 0 0 0 0 0 0 0 0 0 0 0 14 17 22 13 9 28
 1.915000E+02 8 0 0 0 0 0 0 0 0 0 0 0 18 19 13 14 14 21
 1.920000E+02 10 0 0 0 0 0 0 0 0 0 0 0 14 13 15 19 23 21
 1.925000E+02 7 0 0 0 0 0 0 0 0 0 0 0 15 17 15 21 23 20
 1.930000E+02 5 0 0 0 0 0 0 0 0 0 0 0 11 13 14 17 24 18
 1.935000E+02 10 0 0 0 0 0 0 0 0 0 0 0 16 14 16 16 27 20
 1.940000E+02 5 0 0 0 0 0 0 0 0 0 0 0 15 13 15 16 19 14
 1.945000E+02 3 0 0 0 0 0 0 0 0 0 0 0 19 14 14 26 20 9
 1.950000E+02 5 0 0 0 0 0 0 0 0 0 0 0 18 14 18 21 16 10
 1.955000E+02 3 0 0 0 0 0 0 0 0 0 0 0 14 21 16 14 19 11
 1.960000E+02 5 0 0 0 0 0 0 0 0 0 0 0 8 28 12 12 22 10
 1.965000E+02 15 0 0 0 0 0 0 0 0 0 0 0 8 29 20 12 12 15
 1.970000E+02 10 0 0 0 0 0 0 0 0 0 0 0 16 22 21 12 11 14
 1.975000E+02 12 0 0 0 0 0 0 0 0 0 0 0 20 22 19 8 21 13
 1.980000E+02 8 0 0 0 0 0 0 0 0 0 0 0 14 20 13 12 22 14
 1.985000E+02 7 0 0 0 0 0 0 0 0 0 0 0 16 20 13 7 14 20
 1.990000E+02 10 0 0 0 0 0 0 0 0 0 0 0 17 17 16 14 12 22
 1.995000E+02 9 0 0 0 0 0 0 0 0 0 0 0 13 18 18 9 11 27
 2.000000E+02 5 0 0 0 0 0 0 0 0 0 0 0 10 13 14 14 20 19
 2.005000E+02 7 0 0 0 0 0 0 0 0 0 0 0 11 13 21 20 15 20
 2.010000E+02 11 0 0 0 0 0 0 0 0 0 0 0 13 17 16 20 11 24
 2.015000E+02 9 0 0 0 0 0 0 0 0 0 0 0 13 17 15 12 13 15
 2.020000E+02 12 0 0 0 0 0 0 0 0 0 0 0 16 18 23 14 15 14
 2.025000E+02 7 0 0 0 0 0 0 0 0 0 0 0 15 11 18 12 19 19
 2.030000E+02 3 0 0 0 0 0 0 0 0 0 0 0 12 15 15 8 17 15
 2.035000E+02 10 0 0 0 0 0 0 0 0 0 0 0 12 9 14 9 15 21
 2.040000E+02 6 0 0 0 0 0 0 0 0 0 0 0 17 17 18 16 16 19
 2.045000E+02 5 0 0 0 0 0 0 1 0 0 0 0 10 15 23 10 14 19
 2.050000E+02 5 0 0 0 0 0 0 0 0 0 0 0 14 14 18 14 13 19
 2.055000E+02 7 0 0 0 0 0 0 0 0 0 0 0 11 16 10 16 14 12
 2.060000E+02 3 0 0 0 0 0 0 0 0 0 0 0 15 13 12 15 12 13
 2.065000E+02 5 0 0 0 0 0 0 0 0 0 0 0 18 16 11 20 13 17
 2.070000E+02 6 0 0 0 0 0 0 0 0 0 0 0 19 13 12 20 17 13
 2.075000E+02 5 0 0 0 0 0 0 0 0 0 0 0 10 17 19 17 22 14
 2.080000E+02 9 0 0 0 0 0 0 0 0 0 0 0 9 20 15 20 18 19
 2.085000E+02 13 0 0 0 0 0 0 0 0 0 0 0 10 18 10 22 17 17
 2.090000E+02 9 0 0 0 0 0 0 0 0 0 0 0 10 19 16 15 17 15
 2.095000E+02 10 0 0 0 0 0 0 0 0 0 0 0 10 16 13 11 18 17
 2.100000E+02 8 0 0 0 0 0 0 0 0 0 0 0 8 18 16 17 17 15
 2.105000E+02 5 0 0 0 0 0 0 0 0 0 0 0 10 15 11 19 14 16
 2.110000E+02 8 0 0 0 0 0 0 0 0 0 0 0 19 13 12 21 14 11
 2.115000E+02 3 0 0 0 0 0 0 0 0 0 0 0 18 11 17 22 15 12
 2.120000E+02 9 0 0 0 0 0 0 0 0 0 0 0 19 14 17 21 16 11
 2.125000E+02 7 0 0 0 0 0 0 0 0 0 0 0 17 16 14 17 13 17
 2.130000E+02 8 0 0 0 0 0 0 0 0 0 0 0 14 20 15 14 14 18
 2.135000E+02 10 0 0 0 0 0 0 0 0 0 0 0 12 13 7 10 21 26
 2.140000E+02 10 0 0 0 0 0 0 0 0 0 0 0 19 10 12 11 21 20
 2.145000E+02 10 0 0 0 0 0 0 0 0 0 0 0 30 11 16 10 17 19
 2.150000E+02 8 0 0 0 0 0 0 0 0 1 0 0 15 10 12 16 18 18
 2.155000E+02 5 0 0 0 0 0 0 0 0 0 1 0 22 13 16 16 12 19
 2.160000E+02 9 0 0 0 0 0 0 0 0 0 1 0 23 13 11 17 13 12
 2.165000E+02 10 0 0 0 0 0 0 0 0 1 0 0 16 20 17 14 17 11
 2.170000E+02 3 0 0 0 0 0 0 0 0 1 0 0 13 16 18 11 17 10
 2.175000E+02 10 0 0 0 0 0 0 0 0 0 0 0 15 18 9 18 17 10
 2.180000E+02 5 0 0 0 0 0 0 0 0 0 0 0 16 19 15 13 14 11
 2.185000E+02 8 0 0 0 0 0 0 0 0 0 0 0 12 13 14 17 12 15
 2.190000E+02 11 0 0 0 0 0 0 0 0 0 0 0 10 18 12 15 9 12
 2.195000E+02 5 0 0 0 0 0 0 0 0 0 0 0 18 18 12 10 13 16
 2.200000E+02 8 0 0 0 0 0 0 0 0 0 0 0 16 16 11 16 15 12
 2.205000E+02 8 0 0 0 0 0 0 0 0 0 0 0 14 14 9 24 19 12
 2.210000E+02 10 0 0 0 0 0 0 0 0 0 0 0 14 13 16 19 21 13
 2.215000E+02 4 0 0 0 0 0 0 0 0 0 0 0 17 12 16 10 21 15
 2.220000E+02 4 0 0 0 0 0 0 0 0 0 0 0 17 16 17 15 17 21
 2.225000E+02 9 0 0 0 0 0 0 0 0 0 0 0 16 17 16 10 17 12
 2.230000E+02 4 0 0 0 0 0 0 0 0 0 0 0 12 14 12 17 17 8
 2.235000E+02 10 0 0 0 0 0 0 0 0 0 0 0 14 11 7 16 17 8
 2.240000E+02 7 0 0 0 0 0 0 0 0 0 0 0 11 14 17 11 22 14
 2.245000E+02 7 0 0 0 0 0 0 0 0 0 0 0 16 20 18 11 17 15
 2.250000E+02 11 0 0 0 0 0 0 0 0 0 0 0 15 19 17 12 12 16
 2.255000E+02 5 0 0 0 0 0 0 0 0 0 0 0 15 14 23 16 11 14
 2.260000E+02 14 0 0 0 0 0 0 0 0 1 0 0 14 14 17 8 11 14
 2.265000E+02 3 0 0 0 0 0 0 0 0 0 0 0 14 18 8 8 17 15
 2.270000E+02 6 0 0 0 0 0 0 0 0 0 0 0 14 24 16 15 18 11
 2.275000E+02 8 0 0 0 0 0 0 0 0 0 0 0 18 15 15 16 17 13
 2.280000E+02 13 0 0 0 0 0 0 0 0 0 0 0 11 17 8 12 19 14
 2.285000E+02 9 0 0 0 0 0 0 0 0 0 0 0 13 18 13 18 19 12
 2.290000E+02 9 0 0 0 0 0 0 0 0 1 0 0 13 18 20 11 14 13
 2.295000E+02 2 0 0 1 0 0 0 0 0 0 0 0 16 14 18 14 11 18
 2.300000E+02 8 0 0 0 0 0 0 0 0 0 0 0 12 11 18 15 15 12
 2.305000E+02 8 0 0 0 0 0 0 0 0 0 0 0 18 8 6 21 14 17
 2.310000E+02 6 0 0 0 0 0 0 0 0 0 0 0 17 10 8 24 19 14
 2.315000E+02 11 0 0 0 0 0 0 0 0 0 0 0 14 16 13 18 17 12
 2.320000E+02 9 0 0 0 0 0 0 0 0 0 0 0 19 18 8 23 11 9
 2.325000E+02 5 0 0 1 0 0 0 0 0 0 0 0 16 21 12 21 10 14
 2.330000E+02 8 0 0 0 0 0 0 0 0 0 0 0 11 17 12 18 8 14
 2.335000E+02 7 0 0 0 0 0 0 0 0 0 0 0 16 19 12 12 12 13
 2.340000E+02 10 0 0 0 0 0 0 0 0 0 0 0 11 27 14 13 8 14
 2.345000E+02 2 0 0 0 0 0 0 0 0 0 0 0 16 20 10 16 18 15
 2.350000E+02 12 0 0 0 0 0 0 0 0 1 0 0 6 15 19 18 13 19
 2.355000E+02 11 1 0 0 0 0 0 0 0 0 0 0 11 18 25 16 15 20
 2.360000E+02 7 1 0 0 0 0 0 0 0 0 0 0 10 23 20 11 14 20
 2.365000E+02 6 0 0 0 0 0 0 0 0 2 0 0 12 22 19 12 12 14
 2.370000E+02 8 0 0 1 0 0 0 1 0 0 0 0 16 16 14 10 11 23
 2.375000E+02 11 0 0 0 0 0 0 0 0 1 0 0 16 14 16 17 14 17
 2.380000E+02 6 0 0 0 0 0 0 0 0 1 0 0 13 11 19 13 13 19
 2.385000E+02 10 0 0 0 0 0 0 0 0 0 0 0 19 12 11 18 19 15
 2.390000E+02 6 0 0 0 0 0 0 0 0 0 0 0 23 17 17 15 18 10
 2.395000E+02 16 0 0 0 0 0 0 0 0 0 0 0 19 21 18 17 16 11
 2.400000E+02 5 0 0 0 0 0 0 0 0 0 0 0 18 19 12 21 17 15
 2.405000E+02 16 0 0 0 0 0 0 0 0 0 0 0 21 19 12 19 15 12
 2.410000E+02 13 0 0 0 0 0 0 0 0 0 0 0 21 18 16 18 13 10
 2.415000E+02 11 0 0 0 0 0 0 0 0 0 0 0 22 14 23 15 11 16
 2.420000E+02 4 0 0 0 0 0 0 0 0 0 0 0 19 15 18 18 14 14
 2.425000E+02 15 0 0 0 0 0 0 0 0 0 0 0 13 14 17 15 20 16
 2.430000E+02 7 0 0 0 0 0 0 0 0 0 0 0 11 26 22 12 19 18
 2.435000E+02 10 0 0 0 0 0 0 0 0 0 0 0 21 18 14 13 18 14
 2.440000E+02 8 0 0 0 0 0 0 0 0 0 0 0 21 20 20 12 23 14
 2.445000E+02 12 0 0 0 0 0 0 0 0 0 0 0 21 26 21 15 11 16
 2.450000E+02 12 0 0 0 0 0 0 0 0 0 0 0 17 18 21 16 15 12
 2.455000E+02 7 0 0 0 0 0 0 0 0 0 0 0 18 21 15 14 15 16
 2.460000E+02 5 0 0 0 0 0 0 0 0 0 0 0 18 12 11 18 17 14
 2.465000E+02 9 0 0 0 0 0 0 0 0 0 0 0 20 22 20 16 14 19
 2.470000E+02 4 0 0 0 0 0 0 0 0 0 0 0 10 20 18 19 12 18
 2.475000E+02 7 0 0 0 0 0 0 1 0 1 0 0 10 19 15 17 14 14
 2.480000E+02 10 0 0 1 0 0 0 0 0 0 1 0 14 19 11 13 15 13
 2.485000E+02 9 0 0 0 0 0 0 0 0 2 0 0 18 21 20 14 22 11
 2.490000E+02 11 0 0 1 0 0 0 0 0 0 0 0 15 13 21 20 19 13
 2.495000E+02 8 0 0 0 0 0 0 0 0 0 0 0 15 16 19 24 19 14
 2.500000E+02 9 0 0 0 0 0 0 0 0 0 0 0 19 13 17 15 13 16
 2.505000E+02 1137 0 0 0 0 0 0 0 0 5 0 0 0 0 0 0 0 0
 2.510000E+02 1830 0 0 8 0 0 0 0 0 16 0 1 0 0 0 0 0 0
 2.515000E+02 2083 1 0 6 0 0 0 1 1 23 2 2 0 0 0 0 0 0
 2.520000E+02 2238 2 0 6 0 0 0 1 1 38 2 1 0 0 0 0 0 0
 2.525000E+02 975 0 0 13 0 0 0 2 0 23 0 1 1 0 0 0 0 0
 2.530000E+02 441 1 0 5 1 0 0 1 0 24 0 0 0 0 0 0 0 0
 2.535000E+02 223 0 0 2 1 0 1 1 0 20 1 0 0 1 0 0 0 0
 2.540000E+02 119 0 0 4 0 1 0 1 0 6 0 4 2 1 0 3 0 0
 2.545000E+02 1370 0 0 3 0 0 0 2 0 12 0 4 0 0 0 0 0 0
 2.550000E+02 1941 0 0 5 1 0 0 2 0 29 2 2 0 0 0 0 0 0
 2.555000E+02 2150 2 0 5 0 0 0 4 0 31 1 1 0 0 0 0 0 0
 2.560000E+02 2266 0 1 2 0 2 0 5 0 33 2 0 0 0 0 0 0 0
 2.565000E+02 1016 1 0 5 0 0 0 1 1 34 0 0 0 0 0 0 0 0
 2.570000E+02 435 0 0 0 0 1 0 8 0 29 0 1 0 0 0 0 0 0
 2.575000E+02 219 0 0 0 0 0 0 2 0 21 0 1 0 0 0 1 0 0
 2.580000E+02 123 2 0 0 0 1 0 0 0 13 1 1 1 2 2 1 0 2
 2.585000E+02 1466 0 0 1 0 0 0 2 0 23 0 0 0 0 0 0 0 0
 2.590000E+02 1963 0 0 0 0 1 0 3 0 29 3 0 0 0 0 0 0 0
 2.595000E+02 2204 0 0 0 0 2 0 5 0 32 2 1 0 0 0 0 0 0
 2.600000E+02 2302 0 0 2 0 0 1 8 1 29 1 0 0 0 0 0 0 0
 2.605000E+02 995 0 0 2 0 0 0 6 0 28 0 1 0 0 0 0 0 0
 2.610000E+02 432 0 0 0 0 0 0 6 0 16 1 1 0 0 0 1 0 1
 2.615000E+02 216 0 0 1 0 0 0 1 0 10 1 0 0 3 0 0 0 0
 2.620000E+02 111 0 0 0 0 0 0 1 0 11 1 0 0 3 1 2 1 1
 2.625000E+02 1362 0 0 0 0 1 1 2 0 16 1 1 0 0 0 0 0 0
 2.630000E+02 1895 1 0 1 1 0 0 4 0 28 1 0 0 0 0 0 0 0
 2.635000E+02 2121 0 0 2 1 0 0 5 0 34 0 0 0 0 0 0 0 0
 2.640000E+02 2172 1 0 1 0 3 0 3 0 37 1 0 0 0 0 0 0 0
 2.645000E+02 932 2 0 0 0 1 0 6 0 34 2 0 0 0 0 0 0 0
 2.650000E+02 378 3 0 0 0 0 0 4 0 24 0 0 1 0 0 0 0 0
 2.655000E+02 171 4 0 1 0 5 0 5 0 13 0 0 0 0 1 2 0 0
 2.660000E+02 85 0 0 0 0 1 0 2 1 13 0 0 3 0 0 0 2 1
 2.665000E+02 1357 1 0 0 0 1 0 6 0 17 0 0 0 0 0 0 0 0
 2.670000E+02 1915 1 0 3 0 1 0 7 0 25 1 0 0 0 0 0 0 0
 2.675000E+02 2126 2 0 1 0 0 0 7 0 30 1 1 0 0 0 0 0 0
 2.680000E+02 2170 0 0 2 0 0 0 6 0 29 0 1 0 0 0 0 0 0
 2.685000E+02 941 0 0 0 0 1 0 3 0 23 0 1 0 0 0 0 0 0
 2.690000E+02 409 2 0 0 0 2 0 4 0 17 0 0 0 0 0 0 0 0
 2.695000E+02 189 2 0 0 0 3 0 1 1 11 0 0 1 0 2 1 1 0
 2.700000E+02 94 0 0 0 0 4 0 0 0 15 0 0 4 2 2 2 3 1
 2.705000E+02 1356 0 0 0 0 1 0 4 0 16 0 0 0 0 0 0 0 0
 2.710000E+02 1922 0 0 1 0 1 0 4 0 37 1 1 0 0 0 0 0 0
 2.715000E+02 2134 1 0 1 0 1 0 7 0 30 3 0 0 0 0 0 0 0
 2.720000E+02 2234 2 0 4 0 3 0 5 0 29 2 0 0 0 0 0 0 0
 2.725000E+02 1011 3 0 0 0 2 0 6 0 31 0 0 0 0 0 0 0 0
 2.730000E+02 447 0 0 0 0 2 0 4 0 23 0 0 0 0 1 0 0 0
 2.735000E+02 187 0 0 0 0 0 0 1 0 18 0 0 0 2 0 0 0 0
 2.740000E+02 106 0 0 0 0 1 0 2 0 10 0 0 1 3 0 3 2 1
 2.745000E+02 1370 1 0 0 0 3 0 1 0 8 0 0 0 0 0 0 0 0
 2.750000E+02 1883 2 0 0 0 1 0 4 0 33 0 0 0 0 0 0 0 0
 2.755000E+02 2059 0 0 0 0 1 0 8 0 34 0 0 0 0 0 0 0 0
 2.760000E+02 2181 1 0 4 0 2 0 5 0 39 1 1 0 0 0 0 0 0
 2.765000E+02 915 1 0 0 0 1 0 8 0 33 3 1 0 1 0 0 0 0
 2.770000E+02 404 0 0 0 0 2 0 4 0 26 0 0 0 0 0 0 0 0
 2.775000E+02 199 0 0 0 0 1 0 3 0 16 0 0 0 1 0 0 0 1
 2.780000E+02 100 0 0 0 0 0 0 3 0 12 0 0 1 1 2 1 0 3
 2.785000E+02 1383 0 0 0 0 1 0 2 1 17 0 0 0 0 0 0 0 0
 2.790000E+02 1959 0 0 1 0 3 0 4 0 25 0 1 1 0 0 0 0 0
 2.795000E+02 2184 1 0 0 0 3 0 4 0 38 0 0 0 0 0 0 0 0
 2.800000E+02 2191 1 0 0 0 0 0 10 1 34 2 0 0 0 0 0 0 0
 2.805000E+02 980 1 0 2 0 6 0 3 0 25 1 1 1 0 0 0 0 0
 2.810000E+02 440 1 0 1 0 3 0 3 0 20 0 0 0 0 0 0 0 0
 2.815000E+02 209 1 0 0 0 1 0 2 0 10 1 0 0 0 1 1 2 0
 2.820000E+02 101 0 0 0 0 1 0 3 0 5 0 0 1 1 0 3 2 4
 2.825000E+02 1413 0 0 0 0 0 0 2 0 14 0 0 0 0 0 0 0 0
 2.830000E+02 1882 1 0 1 0 5 0 5 1 26 0 0 0 0 0 0 0 0
 2.835000E+02 2243 4 1 0 0 1 0 6 0 33 2 0 0 0 0 0 0 0
 2.840000E+02 2309 1 0 1 0 5 0 5 0 32 2 0 0 0 0 0 0 0
 2.845000E+02 984 2 0 0 0 0 0 2 0 35 2 0 0 0 0 0 0 0
 2.850000E+02 446 0 0 0 0 0 0 2 0 29 0 0 0 1 1 0 0 0
 2.855000E+02 190 2 0 0 0 0 0 3 0 19 1 0 0 1 0 0 0 1
 2.860000E+02 96 0 0 2 0 1 0 1 0 15 1 0 1 0 4 1 3 0
 2.865000E+02 1326 0 0 0 0 0 0 3 0 15 2 0 0 0 0 0 0 0
 2.870000E+02 1880 0 0 0 0 1 0 5 0 30 0 0 0 0 0 0 0 0
 2.875000E+02 2128 0 0 1 0 2 0 3 0 31 0 0 0 0 0 0 0 0
 2.880000E+02 2233 1 0 1 0 4 0 5 1 38 1 0 0 0 0 0 0 0
 2.885000E+02 930 0 0 2 0 5 0 5 1 31 1 1 0 0 0 0 0 0
 2.890000E+02 405 0 0 0 0 3 0 7 0 26 2 0 0 0 0 0 0 0
 2.895000E+02 198 0 0 0 0 2 0 2 0 21 0 0 3 1 1 0 1 1
 2.900000E+02 102 1 0 0 0 1 0 0 0 14 2 0 2 2 2 3 1 0
 2.905000E+02 72 1 0 0 0 1 0 3 0 6 1 0 5 2 1 7 4 7
 2.910000E+02 71 0 0 0 0 1 0 0 0 4 1 1 5 5 4 9 6 5
 2.915000E+02 41 0 0 0 0 0 0 1 0 0 0 0 10 4 9 3 10 3
 2.920000E+02 38 1 0 0 0 0 0 0 0 1 0 0 10 10 7 6 5 6
 2.925000E+02 40 0 0 0 0 0 0 0 0 0 0 0 9 12 9 8 13 9
 2.930000E+02 35 0 0 0 0 0 0 0 0 1 0 0 9 13 7 5 12 13
 2.935000E+02 28 0 0 0 0 0 0 0 0 0 0 0 11 11 9 10 11 19
 2.940000E+02 22 0 0 0 0 0 0 0 0 0 0 0 16 10 11 11 17 9
 2.945000E+02 28 0 0 0 0 0 0 0 0 0 0 0 8 21 13 19 8 20
 2.950000E+02 16 0 0 0 0 0 0 0 0 1 0 0 10 7 19 8 16 14
 2.955000E+02 34 0 0 0 0 1 0 0 0 0 0 0 14 17 12 17 20 15
 2.960000E+02 18 0 0 0 0 0 0 1 0 0 0 0 19 19 9 12 17 13
 2.965000E+02 28 0 0 0 0 0 0 2 0 0 0 0 18 15 16 16 23 14
 2.970000E+02 20 0 0 0 0 0 0 0 0 0 0 0 9 20 22 12 18 17
 2.975000E+02 21 0 0 1 0 0 0 0 0 0 0 0 15 17 22 22 13 20
 2.980000E+02 23 0 0 0 0 1 0 0 0 0 0 0 12 13 19 15 20 18
 2.985000E+02 16 0 0 0 0 0 0 0 0 0 0 0 16 21 12 16 14 22
 2.990000E+02 21 0 0 0 0 0 0 0 0 1 0 0 15 16 21 17 18 20
 2.995000E+02 27 0 0 0 0 0 0 0 0 1 0 0 16 18 23 16 18 16
 3.000000E+02 31 0 0 0 0 0 0 0 0 0 0 0 21 19 17 22 20 13
 3.005000E+02 22 0 0 0 0 0 0 0 0 0 0 0 22 12 21 22 14 17
 3.010000E+02 24 0 0 0 0 0 0 0 0 0 0 0 15 16 22 19 21 16
 3.015000E+02 16 0 0 0 0 0 0 0 0 0 0 0 16 17 26 18 19 19
 3.020000E+02 15 0 0 0 0 0 0 0 0 0 0 0 17 23 20 15 28 22
 3.025000E+02 15 0 0 0 0 0 0 0 0 0 0 0 12 28 15 18 25 18
 3.030000E+02 18 0 0 0 0 0 0 0 0 0 0 0 18 28 26 13 19 22
 3.035000E+02 13 0 0 0 0 0 0 0 0 0 0 0 18 21 16 22 33 14
 3.040000E+02 22 0 0 0 0 0 0 1 0 0 0 0 16 26 20 25 26 18
 3.045000E+02 9 0 0 0 0 0 0 0 0 0 0 0 17 12 17 21 32 18
 3.050000E+02 13 0 0 0 0 0 0 0 0 0 0 0 20 26 15 26 25 19
 3.055000E+02 12 0 0 0 0 0 0 0 0 0 0 0 15 20 18 22 23 22
 3.060000E+02 13 0 0 0 0 0 0 0 0 0 0 0 28 17 10 30 18 13
 3.065000E+02 19 0 0 0 0 0 0 0 0 1 0 0 14 22 22 27 21 15
 3.070000E+02 18 0 0 0 0 0 0 0 0 0 2 0 24 22 18 19 19 16
 3.075000E+02 15 0 0 0 0 1 0 0 0 1 0 0 26 14 18 21 22 20
 3.080000E+02 13 0 0 0 0 0 0 0 0 1 0 0 20 18 21 16 20 26
 3.085000E+02 18 0 0 0 0 0 0 1 0 0 0 0 23 29 17 22 23 19
 3.090000E+02 19 0 0 0 0 0 0 0 0 1 0 0 18 18 16 28 15 21
 3.095000E+02 5 0 0 0 0 0 0 0 0 0 0 0 13 16 15 26 28 21
 3.100000E+02 19 0 0 0 0 0 0 0 0 0 1 0 15 23 21 27 15 22
 3.105000E+02 9 0 0 0 0 0 0 0 0 1 0 0 19 17 20 24 17 29
 3.110000E+02 13 0 0 0 0 0 0 0 0 0 0 0 18 17 19 19 16 31
 3.115000E+02 14 0 0 0 0 0 0 0 0 0 0 0 27 18 16 26 15 23
 3.120000E+02 14 0 0 0 0 0 0 0 0 1 0 0 18 20 15 21 17 19
 3.125000E+02 21 0 0 0 0 0 0 0 0 2 0 0 17 26 17 23 14 26
 3.130000E+02 15 0 0 0 0 0 0 1 0 0 0 0 17 19 19 22 20 16
 3.135000E+02 10 0 0 0 0 1 0 1 0 0 0 0 16 23 17 20 17 18
 3.140000E+02 9 0 0 0 0 0 0 0 0 2 0 0 10 19 23 15 20 28
 3.145000E+02 12 0 0 0 0 0 0 0 0 0 0 0 23 16 26 19 16 17
 3.150000E+02 12 0 0 0 0 0 0 0 0 0 0 0 21 15 23 19 15 18
 3.155000E+02 12 0 0 0 0 0 0 0 0 0 0 0 18 15 25 20 21 16
 3.160000E+02 11 0 0 0 0 0 0 0 0 0 0 0 11 22 23 25 21 19
 3.165000E+02 10 0 0 0 0 0 0 0 0 2 0 0 19 21 22 23 17 12
 3.170000E+02 11 0 0 0 0 0 0 1 0 1 0 0 19 23 22 21 19 10
 3.175000E+02 18 0 0 0 0 0 0 0 0 0 0 0 14 19 25 17 19 14
 3.180000E+02 4 0 0 0 0 0 0 0 0 2 0 0 15 13 29 17 26 17
 3.185000E+02 12 0 0 0 0 0 0 0 0 1 0 0 19 13 32 18 25 15
 3.190000E+02 17 0 0 0 0 0 0 0 0 0 0 0 19 17 17 23 19 20
 3.195000E+02 14 0 0 0 0 0 0 0 0 0 0 0 20 23 18 16 15 17
 3.200000E+02 12 0 0 0 0 0 0 0 0 0 0 0 22 21 16 22 17 22
 3.205000E+02 15 0 0 0 0 0 0 0 0 0 0 0 14 29 17 20 18 15
 3.210000E+02 17 0 0 0 0 0 0 0 0 0 0 0 20 21 17 20 16 14
 3.215000E+02 8 0 0 0 0 0 0 0 0 0 0 0 14 16 18 28 19 17
 3.220000E+02 10 0 0 0 0 0 0 0 0 0 0 0 19 16 16 26 22 17
 3.225000E+02 9 0 0 0 0 0 0 0 0 0 0 0 17 21 22 22 17 21
 3.230000E+02 15 0 0 0 0 0 0 0 0 0 0 0 19 18 16 22 20 18
 3.235000E+02 12 0 0 0 0 0 0 0 0 0 0 0 19 18 19 14 26 23
 3.240000E+02 8 0 0 0 0 0 0 0 0 0 0 0 21 14 25 18 20 14
 3.245000E+02 6 0 0 0 0 0 0 0 0 0 0 0 18 16 17 20 15 25
 3.250000E+02 14 0 0 0 0 0 0 0 0 0 0 0 17 15 21 13 19 26
 3.255000E+02 7 0 0 0 0 0 0 0 0 0 0 0 14 11 24 13 17 19
 3.260000E+02 12 0 0 0 0 0 0 0 0 0 0 0 18 22 19 18 16 20
 3.265000E+02 7 0 0 0 0 0 0 0 0 0 0 0 13 15 18 20 16 17
 3.270000E+02 10 0 0 0 0 0 0 1 0 1 0 0 12 17 18 13 29 12
 3.275000E+02 7 0 0 0 0 0 0 0 0 0 0 0 15 21 18 19 20 19
 3.280000E+02 12 0 0 0 0 0 0 0 0 0 0 0 16 19 19 24 16 20
 3.285000E+02 13 0 0 0 0 0 0 0 0 0 0 0 20 20 18 19 20 19
 3.290000E+02 11 0 0 0 0 0 0 0 0 0 0 0 18 23 8 17 18 24
 3.295000E+02 10 0 0 0 0 0 0 0 0 0 0 0 16 18 22 17 15 16
 3.300000E+02 12 0 0 0 0 0 0 0 0 0 0 0 18 19 20 22 13 16
 3.305000E+02 8 0 0 0 0 0 0 0 0 0 0 0 13 22 19 18 14 12
 3.310000E+02 11 0 0 0 0 0 0 0 0 0 0 0 18 22 19 18 22 13
 3.315000E+02 13 0 0 0 0 0 0 0 0 0 0 0 17 21 19 24 19 11
 3.320000E+02 13 0 0 0 0 0 0 0 0 0 0 0 20 27 20 26 16 10
 3.325000E+02 7 0 0 0 0 0 0 0 0 0 0 0 17 23 17 11 18 14
 3.330000E+02 7 0 0 0 0 0 0 0 0 0 0 0 15 25 13 23 17 14
 3.335000E+02 8 0 0 0 0 0 0 0 0 0 0 0 22 20 16 19 19 15
 3.340000E+02 12 0 0 0 0 0 0 0 0 0 0 0 21 22 10 24 15 17
 3.345000E+02 20 0 0 0 0 0 0 0 0 0 0 0 21 21 9 13 22 20
 3.350000E+02 7 0 0 0 0 0 0 1 0 0 0 0 19 21 16 14 21 20
 3.355000E+02 8 0 0 0 0 0 0 0 0 0 0 0 17 21 20 24 19 16
 3.360000E+02 8 0 0 0 0 0 0 0 0 1 0 0 21 20 18 18 21 19
 3.365000E+02 12 0 0 0 0 1 0 0 0 0 0 0 17 18 19 21 14 21
 3.370000E+02 8 0 0 0 0 0 0 0 0 0 0 0 17 17 19 19 10 16
 3.375000E+02 13 0 0 1 0 0 0 0 0 0 0 0 21 15 15 26 13 17
 3.380000E+02 7 0 0 0 0 0 0 0 0 1 0 0 19 22 18 19 15 17
 3.385000E+02 7 0 0 0 0 0 0 0 0 1 0 0 16 20 19 19 18 15
 3.390000E+02 8 0 0 0 0 0 0 0 0 1 0 0 23 25 17 19 19 22
 3.395000E+02 8 0 0 0 0 0 0 0 0 1 0 0 21 14 20 22 20 16
 3.400000E+02 12 0 0 0 0 0 0 0 0 1 0 0 22 12 25 25 11 15
 3.405000E+02 12 0 0 0 0 1 0 0 0 0 0 0 17 12 19 14 19 19
 3.410000E+02 12 0 0 0 0 0 0 0 0 1 0 0 24 12 24 17 17 15
 3.415000E+02 12 0 0 1 0 0 0 0 0 1 0 0 17 22 15 17 16 15
 3.420000E+02 12 0 0 0 0 0 0 1 0 0 1 0 22 21 15 12 17 17
 3.425000E+02 12 0 0 0 0 0 0 0 0 0 0 0 17 20 15 10 21 16
 3.430000E+02 5 0 0 0 0 0 0 0 0 0 0 0 16 21 8 11 13 16
 3.435000E+02 14 0 0 0 0 0 0 0 0 0 0 0 21 29 11 7 16 19
 3.440000E+02 6 0 0 0 0 0 0 0 0 0 0 0 19 20 11 12 14 26
 3.445000E+02 8 0 0 0 0 0 0 0 0 0 0 0 18 16 21 16 17 16
 3.450000E+02 10 0 0 0 0 0 0 0 0 0 0 0 19 16 21 21 14 18
 3.455000E+02 6 0 0 0 0 0 0 0 0 0 0 0 21 19 18 15 13 13
 3.460000E+02 7 0 0 0 0 0 0 0 0 0 0 0 22 17 13 17 16 12
 3.465000E+02 7 0 0 0 0 0 0 0 0 0 0 0 21 18 17 15 19 15
 3.470000E+02 8 0 0 0 0 0 0 0 0 0 0 0 16 15 12 16 21 24
 3.475000E+02 9 0 0 0 0 0 0 0 0 0 0 0 14 19 10 18 21 23
 3.480000E+02 2 0 0 0 0 0 0 0 0 1 0 0 21 18 15 21 15 22
 3.485000E+02 11 0 0 0 0 0 0 0 0 0 0 0 20 19 11 24 18 15
 3.490000E+02 9 0 0 0 0 0 0 0 0 1 0 0 22 13 17 20 12 18
 3.495000E+02 6 0 0 1 0 0 0 0 0 0 0 0 23 16 12 16 18 21
 3.500000E+02 12 0 0 0 0 0 0 0 0 0 0 0 12 20 8 12 21 12
 3.505000E+02 10 0 0 0 0 0 0 0 0 0 0 0 22 16 18 13 21 9
 3.510000E+02 15 0 0 0 0 0 0 0 0 0 0 0 19 17 15 10 18 14
 3.515000E+02 8 0 0 0 0 0 0 0 0 0 0 0 18 19 15 14 20 12
 3.520000E+02 5 0 0 0 0 0 0 0 0 0 0 0 16 19 20 17 22 14
 3.525000E+02 5 0 0 0 0 0 0 0 0 0 0 0 18 21 20 17 17 10
 3.530000E+02 7 0 0 0 0 0 0 0 0 0 0 0 18 15 20 12 19 16
 3.535000E+02 5 0 0 0 0 0 0 0 0 1 0 0 11 22 21 13 16 20
 3.540000E+02 9 0 0 0 0 0 0 0 0 1 0 0 19 26 20 19 16 16
 3.545000E+02 8 0 0 0 0 0 0 1 0 0 0 0 14 22 21 15 11 19
 3.550000E+02 4 0 0 0 0 0 0 0 0 1 0 0 19 16 17 7 16 22
 3.555000E+02 8 0 0 0 0 0 0 0 0 1 0 0 20 18 20 14 14 27
 3.560000E+02 9 0 0 0 0 0 0 0 0 1 0 0 22 19 20 15 16 24
 3.565000E+02 8 0 0 0 0 0 0 0 0 1 0 0 17 17 21 17 13 18
 3.570000E+02 7 0 0 0 0 0 0 0 0 1 0 0 21 14 20 23 15 15
 3.575000E+02 12 0 0 0 0 0 0 0 0 1 0 0 16 16 11 19 19 17
 3.580000E+02 4 0 0 0 0 0 0 0 0 1 0 0 17 8 15 13 18 18
 3.585000E+02 9 0 0 0 0 0 0 0 0 1 0 0 19 13 13 18 14 22
 3.590000E+02 9 0 0 0 0 0 0 0 0 1 0 0 19 18 14 21 16 19
 3.595000E+02 7 0 0 1 0 0 0 0 0 0 0 0 19 22 13 19 25 18
 3.600000E+02 10 0 0 0 0 0 0 0 0 1 0 0 20 19 14 18 15 17
 3.605000E+02 5 0 0 1 0 0 0 0 0 2 0 0 19 18 18 26 20 21
 3.610000E+02 13 0 0 0 0 0 0 0 0 1 0 0 18 18 17 24 16 12
 3.615000E+02 12 0 0 0 0 0 0 0 0 1 0 0 22 19 14 22 17 18
 3.620000E+02 7 0 0 0 0 0 0 0 0 0 0 0 23 12 24 19 21 11
 3.625000E+02 12 0 0 0 0 0 0 0 0 0 0 0 21 11 20 21 23 15
 3.630000E+02 5 0 0 0 0 0 0 0 0 0 0 0 15 17 13 18 18 23
 3.635000E+02 17 0 0 0 0 0 0 0 0 0 0 0 15 17 25 17 22 14
 3.640000E+02 7 0 0 0 0 0 0 0 0 0 0 0 12 13 20 19 22 21
 3.645000E+02 10 0 0 0 0 0 0 0 0 0 0 0 7 15 22 17 14 19
 3.650000E+02 11 0 0 0 0 0 0 0 0 0 0 0 18 20 27 15 13 20
 3.655000E+02 14 0 0 0 0 0 0 0 0 0 0 0 25 13 26 16 17 10
 3.660000E+02 11 0 0 0 0 0 0 0 0 0 0 0 15 13 18 18 16 13
 3.665000E+02 8 0 0 0 0 0 0 0 0 0 0 0 12 17 25 21 15 16
 3.670000E+02 6 0 0 0 0 0 0 0 0 0 0 0 14 15 24 15 20 12
 3.675000E+02 8 0 0 0 0 0 0 0 0 0 0 0 12 20 22 7 21 18
 3.680000E+02 7 0 0 0 0 0 0 0 0 0 0 0 15 23 12 15 13 23
 3.685000E+02 6 0 0 0 0 0 0 0 0 0 0 0 16 17 17 16 18 14
 3.690000E+02 9 0 0 0 0 0 0 0 0 0 0 0 19 15 15 21 21 12
 3.695000E+02 8 0 0 0 0 0 0 0 0 0 0 0 15 15 19 16 19 11
 3.700000E+02 9 0 0 0 0 0 0 0 0 0 0 0 20 16 15 16 19 16
 3.705000E+02 8 0 0 0 0 0 0 0 0 0 0 0 14 23 15 16 19 12
 3.710000E+02 2 0 0 0 0 0 0 0 0 0 0 0 22 21 24 16 22 12
 3.715000E+02 6 0 0 0 0 0 0 0 0 0 0 0 16 20 26 15 18 11
 3.720000E+02 12 0 0 0 0 0 0 0 0 1 0 0 14 19 24 19 20 15
 3.725000E+02 14 0 0 0 0 0 0 0 0 1 0 0 15 22 26 19 15 12
 3.730000E+02 6 0 0 0 0 0 0 0 0 0 0 0 8 14 21 22 18 11
 3.735000E+02 17 0 0 0 0 0 0 0 0 0 0 0 10 18 14 15 21 14
 3.740000E+02 15 0 0 0 0 0 0 0 0 0 0 0 8 27 20 19 17 11
 3.745000E+02 10 0 0 0 0 0 0 0 0 0 0 0 15 16 11 23 11 14
 3.750000E+02 10 0 0 0 0 0 0 0 0 0 0 0 18 19 11 19 16 14
 3.755000E+02 10 0 0 0 0 0 0 0 0 0 0 0 20 18 14 13 14 11
 3.760000E+02 12 0 0 0 0 0 0 0 0 0 0 0 24 19 15 18 19 16
 3.765000E+02 11 0 0 0 0 0 0 0 0 0 0 0 22 20 14 15 15 21
 3.770000E+02 8 0 0 0 0 0 0 0 0 0 0 0 21 17 9 17 14 17
 3.775000E+02 8 0 0 0 0 0 0 0 0 0 0 0 20 18 18 19 16 17
 3.780000E+02 10 0 0 0 0 0 0 0 0 0 0 0 18 11 18 20 15 18
 3.785000E+02 13 0 0 0 0 0 0 0 0 0 0 0 16 17 21 22 17 14
 3.790000E+02 6 0 0 0 0 0 0 0 0 0 0 0 18 18 25 20 18 16
 3.795000E+02 9 0 0 0 0 0 0 0 0 0 0 0 25 19 20 16 10 15
 3.800000E+02 8 0 0 0 0 0 0 0 0 0 0 0 19 17 13 16 17 12
 3.805000E+02 12 0 0 0 0 0 0 0 0 0 0 0 20 17 17 19 23 17
 3.810000E+02 6 0 0 1 0 0 0 0 0 0 0 0 20 15 19 14 19 15
 3.815000E+02 7 0 0 0 0 0 0 0 0 1 0 0 26 17 15 18 18 19
 3.820000E+02 7 0 0 0 0 0 0 0 0 0 0 0 15 18 19 10 23 15
 3.825000E+02 6 0 0 0 0 0 0 0 0 0 0 0 19 16 15 8 15 29
 3.830000E+02 6 0 0 0 0 0 0 0 0 0 0 0 17 12 13 11 18 16
 3.835000E+02 7 0 0 0 0 0 0 0 0 0 0 0 18 13 19 13 15 17
 3.840000E+02 7 0 0 0 0 0 0 0 0 0 0 0 16 17 16 17 25 15
 3.845000E+02 8 0 0 0 0 0 0 0 0 0 0 0 15 18 17 22 16 11
 3.850000E+02 12 0 0 0 0 0 0 0 0 0 0 0 18 17 18 23 14 13
 3.855000E+02 5 0 0 0 0 0 0 0 0 0 0 0 20 16 15 26 19 13
 3.860000E+02 9 0 0 0 0 0 0 0 0 0 0 0 18 20 17 15 14 16
 3.865000E+02 8 0 0 0 0 0 0 0 0 0 0 0 23 21 11 20 12 15
 3.870000E+02 9 0 0 0 0 0 0 0 0 1 0 0 18 17 12 20 17 13
 3.875000E+02 8 0 0 0 0 0 0 0 0 0 0 0 16 18 13 22 14 15
 3.880000E+02 12 0 0 0 0 0 0 0 0 0 0 0 20 15 21 24 9 18
 3.885000E+02 13 0 0 0 0 0 0 0 0 0 0 0 23 20 17 18 11 20
 3.890000E+02 10 0 0 0 0 0 0 0 0 0 0 0 19 21 16 17 12 21
 3.895000E+02 4 0 0 0 0 0 0 0 0 0 0 0 16 17 17 18 18 18
 3.900000E+02 11 0 0 0 0 0 0 0 0 0 0 0 16 16 12 17 20 18
 3.905000E+02 12 0 0 0 0 0 0 0 0 0 0 0 18 19 14 16 23 17
 3.910000E+02 8 0 0 0 0 0 0 0 0 0 0 0 26 19 12 15 12 12
 3.915000E+02 9 0 0 0 0 0 0 0 0 0 0 0 13 16 17 12 12 16
 3.920000E+02 15 0 0 0 0 0 0 0 0 0 0 0 10 13 23 15 12 18
 3.925000E+02 3 0 0 1 0 0 0 0 0 0 0 0 18 14 19 14 22 12
 3.930000E+02 9 0 0 0 0 0 0 0 0 1 0 0 19 23 12 16 19 18
 3.935000E+02 15 0 0 0 0 0 0 0 0 0 0 0 15 22 15 15 10 13
 3.940000E+02 7 0 0 0 0 0 0 0 0 0 0 0 15 19 15 19 12 19
 3.945000E+02 10 0 0 0 0 0 0 0 0 0 0 0 18 17 18 20 13 20
 3.950000E+02 10 0 0 0 0 0 0 0 0 0 0 0 12 25 16 16 20 17
 3.955000E+02 8 0 0 0 0 0 0 0 0 0 0 0 13 19 13 19 14 22
 3.960000E+02 9 0 0 0 0 0 0 0 0 0 0 0 17 25 9 15 21 15
 3.965000E+02 12 0 0 0 0 0 0 0 0 0 0 0 13 22 13 15 21 14
 3.970000E+02 8 0 0 0 0 0 0 0 0 0 0 0 14 19 11 20 26 19
 3.975000E+02 5 0 0 0 0 0 0 0 0 0 0 0 17 14 10 27 22 17
 3.980000E+02 10 0 0 0 0 0 0 0 0 0 0 0 12 16 13 25 15 18
 3.985000E+02 9 0 0 0 0 0 0 0 0 1 0 0 14 20 9 23 9 19
 3.990000E+02 5 0 0 0 0 0 0 0 0 0 0 0 13 16 15 16 19 22
 3.995000E+02 5 0 0 0 0 0 0 0 0 0 0 0 25 18 20 13 17 20
 4.000000E+02 8 0 0 0 0 0 0 0 0 1 0 0 21 17 17 15 17 18
 4.005000E+02 8 0 0 0 0 0 0 1 0 0 0 0 16 19 13 19 20 14
 4.010000E+02 10 0 0 1 0 0 0 0 0 1 0 0 15 13 15 15 19 17
 4.015000E+02 11 0 0 0 0 0 0 0 0 2 0 0 19 16 15 15 22 17
 4.020000E+02 2 0 0 0 0 0 0 0 0 0 0 0 17 15 17 22 16 21
 4.025000E+02 11 0 0 0 0 0 0 0 0 1 0 0 13 13 15 18 22 23
 4.030000E+02 11 0 0 0 0 0 0 0 1 0 0 0 12 19 15 15 17 25
 4.035000E+02 7 0 0 0 0 0 0 0 0 1 0 0 8 17 18 16 23 27
 4.040000E+02 15 0 0 0 0 0 0 0 0 1 0 0 12 12 17 15 19 25
 4.045000E+02 7 0 0 1 0 0 0 0 0 0 0 0 15 18 14 15 21 21
 4.050000E+02 6 0 0 0 0 0 0 0 0 1 0 0 15 16 15 17 26 22
 4.055000E+02 12 0 0 0 0 0 0 0 0 0 0 0 8 12 16 19 19 26
 4.060000E+02 9 0 0 0 0 0 0 0 0 0 0 0 19 16 16 14 13 16
 4.065000E+02 10 0 0 0 0 0 0 0 0 0 0 0 21 17 24 11 11 13
 4.070000E+02 9 0 0 0 0 0 0 0 0 0 0 0 20 14 24 10 20 15
 4.075000E+02 13 0 0 0 0 0 0 0 0 0 0 0 16 12 23 15 15 14
 4.080000E+02 15 0 0 0 0 0 0 0 0 1 0 0 26 16 16 19 18 16
 4.085000E+02 9 0 0 0 0 0 0 0 0 1 0 0 21 11 14 14 20 18
 4.090000E+02 6 0 0 0 0 0 0 0 0 1 0 0 16 14 9 14 21 14
 4.095000E+02 12 0 0 2 0 0 0 0 0 0 0 0 16 19 7 13 16 18
 4.100000E+02 7 0 0 0 0 0 0 0 0 0 0 0 15 19 17 14 14 15
 4.105000E+02 10 0 0 0 0 0 0 0 0 0 0 0 13 21 17 19 15 11
 4.110000E+02 6 0 0 0 0 0 0 0 0 0 0 0 14 27 18 18 16 9
 4.115000E+02 5 0 0 0 0 0 0 0 0 0 0 0 17 23 16 14 13 14
 4.120000E+02 6 0 0 0 0 0 0 1 0 0 0 0 18 19 19 14 21 17
 4.125000E+02 13 0 0 0 0 0 0 0 0 0 0 0 21 15 11 13 31 7
 4.130000E+02 5 0 0 0 0 0 0 0 0 0 0 0 12 19 11 16 18 16
 4.135000E+02 11 0 0 0 0 0 0 0 0 0 0 0 14 18 17 21 20 9
 4.140000E+02 7 0 0 0 0 0 0 0 0 0 0 0 17 16 14 18 18 16
 4.145000E+02 13 0 0 0 0 0 0 0 0 0 0 0 17 16 11 18 27 9
 4.150000E+02 10 0 0 0 0 0 0 0 0 1 0 0 16 17 12 11 19 13
 4.155000E+02 7 0 0 0 0 0 0 0 0 1 0 0 12 23 13 12 13 18
 4.160000E+02 12 0 0 0 0 0 0 0 0 0 0 0 24 23 11 16 13 19
 4.165000E+02 9 0 0 0 0 0 0 0 0 0 0 0 19 16 18 19 11 21
 4.170000E+02 9 0 0 0 0 0 0 0 0 0 0 0 15 16 15 22 11 18
 4.175000E+02 9 0 0 0 0 0 0 0 0 0 0 0 13 12 19 20 14 15
 4.180000E+02 10 0 0 0 0 0 0 0 0 0 0 0 15 13 22 18 12 18
 4.185000E+02 6 0 0 0 0 0 0 0 0 0 0 0 19 11 16 18 16 20
 4.190000E+02 5 0 0 0 0 0 0 0 0 1 0 0 16 12 17 17 21 18
 4.195000E+02 4 0 0 0 0 0 0 0 0 2 0 0 18 13 17 12 19 18
 4.200000E+02 10 1 0 0 0 0 0 0 0 0 0 0 23 16 19 16 17 16
 4.205000E+02 8 0 0 0 0 0 0 0 0 0 0 0 26 19 15 12 18 19
 4.210000E+02 12 0 0 0 0 0 0 0 0 0 0 0 16 14 19 11 19 20
 4.215000E+02 6 0 0 0 0 0 0 0 0 0 0 0 7 14 21 14 16 21
 4.220000E+02 12 0 0 0 0 0 0 0 0 0 0 0 11 15 21 24 15 26
 4.225000E+02 6 0 0 0 0 0 0 0 0 0 0 0 18 17 18 13 16 21
 4.230000E+02 7 0 0 0 0 0 0 0 0 0 0 0 17 14 20 19 10 18
 4.235000E+02 8 0 0 0 0 0 0 0 0 0 0 0 20 16 12 18 9 20
 4.240000E+02 10 0 0 0 0 0 0 0 0 1 0 0 14 15 17 19 10 16
 4.245000E+02 9 0 0 0 0 0 0 0 0 1 0 0 16 18 19 16 13 19
 4.250000E+02 7 0 0 0 0 0 0 0 0 0 0 0 14 13 16 13 16 19
 4.255000E+02 6 0 0 0 0 0 0 0 0 0 0 0 18 17 15 18 18 15
 4.260000E+02 8 0 0 0 0 0 0 0 0 0 0 0 14 20 12 13 15 15
 4.265000E+02 10 0 0 0 0 0 0 0 0 0 0 0 16 16 11 10 17 16
 4.270000E+02 6 0 0 0 0 0 0 0 0 0 0 0 19 14 9 17 20 22
 4.275000E+02 4 0 0 0 0 0 0 0 0 0 0 0 18 17 13 16 18 17
 4.280000E+02 10 0 0 0 0 0 0 0 0 0 0 0 19 17 20 17 11 14
 4.285000E+02 7 0 0 0 0 0 0 0 0 0 0 0 18 13 20 19 13 14
 4.290000E+02 6 0 0 0 0 0 0 0 0 0 0 0 13 15 19 17 15 14
 4.295000E+02 11 0 0 0 0 0 0 0 0 1 0 0 11 16 17 17 14 9
 4.300000E+02 4 0 0 0 0 0 0 0 0 0 0 0 13 17 26 24 27 7
 4.305000E+02 11 0 0 0 0 0 0 0 0 0 0 0 10 16 21 24 23 12
 4.310000E+02 8 0 0 0 0 0 0 0 0 0 0 0 12 16 21 22 14 16
 4.315000E+02 16 0 0 0 0 0 0 0 0 1 0 0 11 18 14 23 16 17
 4.320000E+02 7 0 0 0 0 0 0 1 0 0 0 0 10 19 18 22 19 25
 4.325000E+02 5 0 0 0 0 0 0 0 0 1 0 0 9 20 14 16 21 21
 4.330000E+02 7 0 0 0 0 0 0 1 0 0 0 0 18 10 14 19 14 20
 4.335000E+02 7 0 0 0 0 0 0 0 0 0 0 0 14 10 18 18 18 17
 4.340000E+02 9 0 0 0 0 0 0 0 0 0 0 0 16 23 15 19 15 22
 4.345000E+02 10 0 0 0 0 0 0 0 0 0 0 0 18 16 16 20 13 18
 4.350000E+02 8 0 0 0 0 0 0 0 0 0 0 0 19 15 14 20 19 17
 4.355000E+02 8 0 0 0 0 0 0 0 0 0 0 0 15 18 16 17 16 16
 4.360000E+02 11 0 0 0 0 0 0 0 0 0 0 0 15 19 17 20 10 17
 4.365000E+02 9 0 0 0 0 0 0 0 0 1 0 0 15 10 12 16 17 11
 4.370000E+02 6 0 0 0 0 0 0 0 0 1 0 0 18 16 17 23 16 11
 4.375000E+02 7 0 0 0 0 0 0 0 0 0 0 0 16 19 13 19 23 13
 4.380000E+02 9 0 0 0 0 0 0 0 0 0 0 0 22 13 15 14 20 18
 4.385000E+02 11 0 0 0 0 0 0 0 0 0 0 0 20 12 19 20 25 13
 4.390000E+02 13 0 0 0 0 0 0 0 0 0 0 0 23 15 23 23 19 14
 4.395000E+02 11 0 0 0 0 0 0 0 0 0 0 0 19 12 23 16 17 15
 4.400000E+02 11 0 0 0 0 0 0 0 0 1 0 0 15 16 21 14 17 17
 4.405000E+02 5 0 0 0 0 0 0 0 0 1 0 0 16 21 17 11 16 18
 4.410000E+02 12 0 0 0 0 0 0 1 0 0 0 0 14 18 18 17 11 18
 4.415000E+02 11 0 0 1 0 0 0 0 0 0 0 0 20 21 11 22 10 10
 4.420000E+02 6 0 0 0 0 0 0 0 0 0 0 0 23 15 15 18 14 11
 4.425000E+02 14 0 0 0 0 0 0 0 0 0 0 0 17 11 12 15 19 18
 4.430000E+02 9 0 0 0 0 0 0 0 0 0 0 0 23 15 17 13 18 12
 4.435000E+02 12 0 0 0 0 0 0 0 0 0 0 0 20 20 13 18 16 21
 4.440000E+02 13 0 0 0 0 0 0 0 0 0 0 0 19 19 9 17 14 18
 4.445000E+02 8 0 0 0 0 0 0 0 0 0 0 0 16 16 13 19 23 18
 4.450000E+02 8 0 0 0 0 0 0 0 0 0 0 0 16 21 14 14 16 12
 4.455000E+02 7 0 0 0 0 0 0 0 0 0 0 0 19 21 19 14 17 15
 4.460000E+02 10 0 0 0 0 0 0 0 0 0 0 0 16 17 14 16 18 15
 4.465000E+02 17 0 0 0 0 0 0 0 0 0 0 0 14 16 11 15 19 19
 4.470000E+02 5 0 0 0 0 0 0 0 0 0 0 0 14 18 17 13 19 18
 4.475000E+02 11 0 0 0 0 0 0 0 0 0 0 0 16 14 21 15 19 19
 4.480000E+02 9 0 0 0 0 0 0 0 0 0 0 0 18 15 14 22 9 19
 4.485000E+02 8 0 0 0 0 0 0 0 0 0 0 0 9 15 13 19 9 24
 4.490000E+02 8 0 0 0 0 0 0 0 0 0 0 0 14 15 18 17 13 26
 4.495000E+02 6 0 0 0 0 0 0 0 0 0 0 0 12 22 17 18 11 25
 4.500000E+02 16 0 0 0 0 0 0 0 0 0 0 0 15 23 19 15 14 19
 4.505000E+02 8 0 0 0 0 0 0 0 0 0 0 0 18 11 15 15 11 17
 4.510000E+02 10 0 0 0 0 0 0 0 0 0 0 0 15 11 18 23 10 23
 4.515000E+02 10 0 0 0 0 0 0 1 0 0 0 0 12 20 19 15 14 20
 4.520000E+02 11 0 0 0 0 0 0 1 0 0 0 0 16 12 21 10 20 17
 4.525000E+02 9 0 0 0 0 0 0 0 0 0 0 0 19 12 15 14 19 22
 4.530000E+02 10 0 0 0 0 0 0 0 0 0 0 0 21 12 16 16 20 17
 4.535000E+02 14 0 0 0 0 0 0 0 0 0 0 0 20 10 14 17 12 12
 4.540000E+02 6 0 0 0 0 0 0 0 0 1 0 0 22 17 14 17 20 12
 4.545000E+02 13 0 0 0 0 0 0 0 0 1 0 0 18 19 18 22 15 11
 4.550000E+02 4 0 0 1 0 0 0 0 0 0 0 0 13 21 16 23 11 9
 4.555000E+02 14 0 0 0 0 0 0 0 0 1 0 0 10 16 17 19 14 11
 4.560000E+02 12 0 0 1 0 0 0 0 0 0 0 0 13 23 18 20 14 13
 4.565000E+02 11 0 0 0 0 0 0 1 0 0 0 0 11 15 14 17 21 17
 4.570000E+02 4 0 0 0 0 0 0 0 0 1 0 0 14 16 21 16 20 16
 4.575000E+02 12 0 0 0 0 0 0 0 0 1 0 0 14 18 23 13 20 16
 4.580000E+02 2 0 0 0 0 0 0 0 0 0 0 0 11 14 23 18 20 13
 4.585000E+02 11 0 0 0 0 0 0 0 0 0 0 0 11 13 14 13 24 23
 4.590000E+02 13 0 0 0 0 0 0 0 0 0 0 0 10 14 17 14 20 20
 4.595000E+02 8 0 0 0 0 0 0 0 0 0 0 0 18 19 18 13 11 19
 4.600000E+02 5 0 0 0 0 0 0 0 0 0 0 0 18 17 15 15 17 24
 4.605000E+02 4 0 0 0 0 0 0 0 0 1 0 0 26 12 23 12 10 16
 4.610000E+02 7 0 0 0 0 0 0 0 0 0 0 0 26 13 17 13 15 16
 4.615000E+02 9 0 0 0 0 0 0 0 0 0 0 0 22 19 19 12 13 13
 4.620000E+02 10 0 0 0 0 0 0 0 0 0 0 0 13 23 21 10 17 14
 4.625000E+02 10 0 0 0 0 0 0 0 0 0 0 0 14 25 20 15 15 16
 4.630000E+02 10 0 0 0 0 0 0 0 0 0 0 0 19 11 20 18 14 14
 4.635000E+02 4 0 0 0 0 0 0 0 0 0 0 0 17 11 22 9 16 17
 4.640000E+02 16 0 0 0 0 0 0 1 0 0 0 0 17 14 18 14 15 17
 4.645000E+02 6 0 0 0 0 0 0 0 0 1 0 0 23 14 26 12 20 14
 4.650000E+02 9 0 0 0 0 0 0 0 0 0 0 0 18 22 17 17 12 21
 4.655000E+02 6 0 0 0 0 0 0 0 0 0 0 0 15 15 18 19 12 20
 4.660000E+02 6 0 0 0 0 0 0 0 0 1 0 0 16 19 17 21 14 17
 4.665000E+02 11 0 0 0 0 0 0 0 0 0 0 0 19 13 20 21 21 18
 4.670000E+02 10 0 0 0 0 0 0 0 0 0 0 0 19 11 20 15 19 21
 4.675000E+02 8 0 0 0 0 0 0 0 0 0 0 0 21 17 14 15 19 16
 4.680000E+02 10 0 0 0 0 0 0 0 0 0 0 0 13 18 18 18 18 19
 4.685000E+02 9 0 0 0 0 0 0 0 0 0 0 0 16 14 16 18 13 20
 4.690000E+02 14 0 0 0 0 0 0 0 0 0 0 0 8 20 19 19 10 20
 4.695000E+02 6 0 0 0 0 0 0 0 0 0 0 0 15 18 15 22 11 23
 4.700000E+02 10 0 0 0 0 0 0 0 0 0 0 0 22 22 18 16 17 18
 4.705000E+02 6 0 0 0 0 0 0 0 0 0 0 0 19 17 21 15 14 13
 4.710000E+02 7 0 0 0 0 0 0 0 0 0 0 0 19 21 22 12 14 15
 4.715000E+02 9 0 0 0 0 0 0 0 0 0 0 0 20 24 13 12 16 21
 4.720000E+02 10 0 0 0 0 0 0 0 0 0 0 0 13 19 12 14 17 22
 4.725000E+02 9 0 0 0 0 0 0 0 0 0 0 0 18 21 10 16 21 22
 4.730000E+02 9 0 0 0 0 0 0 0 0 0 0 0 13 20 15 14 21 12
 4.735000E+02 8 0 0 0 0 0 0 0 0 0 0 0 16 20 26 13 20 17
 4.740000E+02 14 0 0 0 0 0 0 0 0 0 0 0 11 12 17 12 16 21
 4.745000E+02 10 0 0 0 0 0 0 0 0 0 0 0 22 10 19 18 14 18
 4.750000E+02 8 0 0 0 0 0 0 0 0 0 0 0 23 18 17 17 12 17
 4.755000E+02 10 0 0 0 0 0 0 0 0 0 0 0 18 23 13 19 18 18
 4.760000E+02 7 0 0 0 0 0 0 0 0 1 0 0 15 20 11 19 18 16
 4.765000E+02 9 0 0 0 0 0 0 0 0 0 0 0 19 19 12 15 16 16
 4.770000E+02 9 0 0 0 0 0 0 0 0 0 0 0 14 16 13 16 15 18
 4.775000E+02 7 0 0 0 0 0 0 0 0 1 0 0 14 12 12 19 23 15
 4.780000E+02 8 0 0 0 0 0 0 0 0 1 0 0 18 13 13 15 25 20
 4.785000E+02 7 0 0 0 0 0 0 0 0 1 0 0 24 11 13 12 17 19
 4.790000E+02 7 0 0 0 0 0 0 0 0 1 0 0 27 15 18 9 15 14
 4.795000E+02 10 0 0 0 0 0 0 0 0 1 0 0 21 16 18 17 15 13
 4.800000E+02 6 0 0 0 0 0 0 0 0 0 0 0 14 20 15 16 20 13
 4.805000E+02 9 0 0 0 0 0 0 0 0 0 0 0 22 19 11 11 10 17
 4.810000E+02 8 0 0 0 0 0 0 0 0 0 0 0 14 17 11 12 13 20
 4.815000E+02 4 0 0 0 0 0 0 0 0 0 0 0 11 22 12 15 9 17
 4.820000E+02 10 0 0 0 0 0 0 0 0 0 0 0 11 21 13 11 15 21
 4.825000E+02 13 0 0 0 0 0 0 0 0 0 0 0 13 20 18 12 13 19
 4.830000E+02 6 0 0 0 0 0 0 0 0 0 0 0 22 20 10 17 17 14
 4.835000E+02 8 0 0 0 0 0 0 0 0 1 0 0 25 16 15 18 16 11
 4.840000E+02 5 0 0 0 0 0 0 0 0 0 0 0 24 14 19 20 15 9
 4.845000E+02 6 0 0 0 0 0 0 0 0 0 0 0 27 14 24 10 19 15
 4.850000E+02 8 0 0 0 0 0 0 0 0 0 0 0 18 16 18 15 21 13
 4.855000E+02 11 0 0 0 0 0 0 0 0 1 0 0 16 21 19 18 18 15
 4.860000E+02 11 0 0 0 0 0 0 1 0 1 0 0 18 16 13 16 19 12
 4.865000E+02 8 0 0 0 0 0 0 0 0 0 0 0 10 15 20 21 16 13
 4.870000E+02 11 0 0 0 0 0 0 0 0 0 0 0 15 17 15 18 23 12
 4.875000E+02 10 0 0 0 0 0 0 0 0 0 0 0 27 16 16 23 20 15
 4.880000E+02 16 0 0 0 0 0 0 0 0 0 0 0 17 20 15 19 22 10
 4.885000E+02 7 0 0 0 0 0 0 0 0 1 0 0 13 18 20 18 14 13
 4.890000E+02 9 0 0 0 0 0 0 0 0 0 0 0 9 20 16 21 14 17
 4.895000E+02 12 0 0 0 0 0 0 0 0 0 0 0 7 15 20 19 18 16
 4.900000E+02 9 0 0 0 0 0 0 0 0 0 0 0 14 15 13 22 20 20
 4.905000E+02 15 0 0 0 0 0 0 0 0 0 0 0 11 14 14 16 22 14
 4.910000E+02 13 0 0 0 0 0 0 0 0 1 0 0 16 12 17 15 15 20
 4.915000E+02 9 0 0 0 0 0 0 1 0 0 0 0 15 12 19 18 13 20
 4.920000E+02 1 0 0 0 0 0 0 0 0 1 0 0 17 14 19 15 20 20
 4.925000E+02 9 0 0 0 0 0 0 1 0 0 0 0 17 13 21 15 18 12
 4.930000E+02 10 0 0 0 0 0 0 0 0 0 0 0 22 12 17 21 19 13
 4.935000E+02 10 0 0 0 0 0 0 0 0 0 0 0 21 9 16 16 19 17
 4.940000E+02 11 0 0 0 0 0 0 0 0 0 0 0 20 13 23 15 17 15
 4.945000E+02 5 0 0 0 0 0 0 0 0 0 0 0 18 13 11 19 15 18
 4.950000E+02 11 0 0 0 0 0 0 0 0 0 0 0 20 16 15 18 13 18
 4.955000E+02 14 0 0 0 0 0 0 0 0 0 0 0 19 19 17 19 18 19
 4.960000E+02 8 0 0 0 0 0 0 0 0 0 0 0 12 13 17 18 18 20
 4.965000E+02 8 0 0 0 0 0 0 0 0 0 0 0 14 17 19 19 13 19
 4.970000E+02 13 0 0 0 0 0 0 0 0 0 0 0 15 21 17 12 14 14
 4.975000E+02 7 0 0 0 0 0 0 0 0 0 0 0 20 20 15 12 11 16
 4.980000E+02 10 0 0 0 0 0 0 0 0 0 0 0 20 13 16 16 21 10
 4.985000E+02 4 0 0 0 0 0 0 0 0 0 0 0 25 14 15 20 21 11
 4.990000E+02 7 0 0 0 0 0 0 0 0 0 0 0 19 15 6 21 20 11
 4.995000E+02 12 0 0 0 0 0 0 0 0 0 0 0 23 16 11 19 20 15
 5.000000E+02 8 0 0 0 0 0 0 0 0 0 0 0 14 15 10 15 16 18
 5.005000E+02 18 0 0 0 0 0 0 0 0 0 0 0 13 15 10 19 20 23
 5.010000E+02 8 0 0 0 0 0 0 0 0 0 0 0 19 22 14 13 21 23
 5.015000E+02 10 0 0 1 0 0 0 0 0 0 0 0 23 26 11 18 24 14
 5.020000E+02 5 0 0 0 0 0 0 1 0 0 0 0 27 22 15 14 18 15
 5.025000E+02 4 0 0 0 0 0 0 0 0 0 0 0 15 17 15 13 15 25
 5.030000E+02 5 0 0 0 0 0 0 0 0 0 0 0 18 17 15 12 15 23
 5.035000E+02 15 0 0 0 0 0 0 0 0 0 0 0 18 24 12 12 13 17
 5.040000E+02 11 0 0 0 0 0 0 0 0 1 0 0 18 22 17 12 18 14
 5.045000E+02 15 0 0 0 0 0 0 0 0 0 0 0 22 11 11 20 16 24
 5.050000E+02 8 0 0 0 0 0 0 0 0 1 0 0 13 13 12 15 16 24
 5.055000E+02 7 0 0 0 0 0 0 0 0 1 0 0 13 17 15 19 10 18
 5.060000E+02 5 0 0 0 0 0 0 0 0 1 0 0 24 14 20 17 16 16
 5.065000E+02 8 0 0 0 0 0 0 0 0 1 0 0 20 11 18 13 16 18
 5.070000E+02 5 0 0 0 0 0 0 0 0 1 0 0 20 14 15 10 16 24
 5.075000E+02 5 0 0 0 0 0 0 0 0 0 0 0 20 13 19 18 15 16
 5.080000E+02 10 0 0 0 0 0 0 0 0 0 0 0 15 12 16 17 22 15
 5.085000E+02 11 0 0 0 0 0 0 0 0 0 0 0 10 14 13 12 19 21
 5.090000E+02 12 0 0 0 0 0 0 0 0 0 0 0 11 20 17 12 20 15
 5.095000E+02 10 0 0 0 0 0 0 0 0 0 0 0 17 19 16 15 16 13
 5.100000E+02 4 0 0 0 0 0 0 0 0 1 0 0 11 18 18 13 16 14
 5.105000E+02 11 0 0 0 0 0 0 0 0 0 0 0 14 17 16 14 17 17
 5.110000E+02 7 0 0 0 0 0 0 0 0 0 0 0 17 11 14 18 20 21
 5.115000E+02 11 0 0 0 0 0 0 0 0 0 0 0 18 16 18 17 17 19
 5.120000E+02 4 0 0 0 0 0 0 0 0 0 0 0 20 12 19 14 14 11
 5.125000E+02 11 0 0 0 0 0 0 0 0 0 0 0 17 13 21 14 16 13
 5.130000E+02 8 0 0 0 0 0 0 0 0 0 0 0 17 18 17 15 22 13
 5.135000E+02 10 0 0 0 0 0 0 0 0 0 0 0 13 12 19 12 23 13
 5.140000E+02 7 0 0 0 0 0 0 0 0 0 0 0 12 11 18 16 21 19
 5.145000E+02 11 0 0 0 0 0 0 0 0 0 0 0 20 13 15 16 22 22
 5.150000E+02 8 0 0 0 0 0 0 0 0 0 0 0 14 16 20 13 20 15
 5.155000E+02 6 0 0 0 0 0 0 0 0 0 0 0 21 16 20 17 15 17
 5.160000E+02 7 0 0 0 0 0 0 0 0 0 0 0 16 20 21 13 16 17
 5.165000E+02 8 0 0 0 0 0 0 0 0 0 0 0 19 16 19 13 12 14
 5.170000E+02 7 0 0 0 0 0 0 0 0 1 0 0 18 17 19 17 20 13
 5.175000E+02 14 0 0 0 0 0 0 0 0 0 0 0 24 14 19 15 22 11
 5.180000E+02 5 0 0 0 0 0 0 0 0 0 0 0 17 23 22 13 26 11
 5.185000E+02 4 0 0 0 0 0 0 0 0 0 0 0 20 21 23 10 20 12
 5.190000E+02 14 0 0 0 0 0 0 0 0 0 0 0 17 17 14 14 23 17
 5.195000E+02 9 0 0 0 0 0 0 0 0 0 0 0 17 15 14 17 19 13
 5.200000E+02 9 0 0 0 0 0 0 0 0 0 0 0 14 18 18 19 16 15
 5.205000E+02 13 0 0 0 0 0 0 0 0 1 0 0 15 21 17 20 18 12
 5.210000E+02 5 0 0 0 0 0 0 0 0 1 0 0 9 22 13 15 16 11
 5.215000E+02 5 0 0 0 0 0 0 0 0 0 0 0 16 24 15 15 19 15
 5.220000E+02 9 0 0 0 0 0 0 0 0 0 0 0 14 20 17 15 19 17
 5.225000E+02 9 0 0 0 0 0 0 0 0 0 0 0 19 14 15 11 21 16
 5.230000E+02 9 0 0 0 0 0 0 0 0 0 0 0 16 17 19 17 20 21
 5.235000E+02 11 0 0 0 0 0 0 1 0 0 0 0 15 16 14 17 18 19
 5.240000E+02 12 0 0 1 0 0 0 0 0 0 0 0 17 12 20 22 15 20
 5.245000E+02 4 0 0 0 0 0 0 1 0 1 0 0 14 9 15 20 21 18
 5.250000E+02 12 0 0 0 0 0 0 0 0 3 0 0 15 12 16 19 20 17
 5.255000E+02 6 0 0 0 0 0 0 1 0 2 0 0 16 16 21 22 11 11
 5.260000E+02 5 0 0 0 0 0 0 0 0 0 0 0 16 19 18 18 10 11
 5.265000E+02 10 0 0 0 0 0 0 0 0 0 0 0 18 11 22 23 13 11
 5.270000E+02 9 0 0 0 0 0 0 0 0 0 0 0 21 15 19 16 13 17
 5.275000E+02 5 0 0 0 0 0 0 0 0 0 0 0 22 12 14 18 15 14
 5.280000E+02 5 0 0 0 0 0 0 0 0 0 0 0 14 13 17 14 11 12
 5.285000E+02 10 0 0 0 0 0 0 1 0 0 0 0 14 25 19 10 10 13
 5.290000E+02 11 0 0 0 0 0 0 1 0 0 0 0 15 17 16 15 13 15
 5.295000E+02 11 0 0 0 0 0 0 0 0 0 0 0 17 20 15 15 17 19
 5.300000E+02 6 0 0 0 0 0 0 0 0 0 0 0 18 13 14 17 19 23
 5.305000E+02 6 0 0 1 0 0 0 0 0 0 0 0 17 15 17 17 16 22
 5.310000E+02 5 0 0 1 0 0 0 0 0 0 0 0 16 15 15 13 12 18
 5.315000E+02 5 0 0 0 0 0 0 0 0 2 0 0 17 20 15 20 18 11
 5.320000E+02 10 0 0 0 0 1 0 1 0 0 0 0 16 10 14 26 14 11
 5.325000E+02 4 0 0 0 0 0 0 0 0 0 0 0 19 10 11 23 17 14
 5.330000E+02 7 0 0 0 0 0 0 0 0 0 0 0 17 11 16 20 19 15
 5.335000E+02 10 0 0 0 0 0 0 0 0 0 0 0 23 21 14 21 17 11
 5.340000E+02 4 0 0 0 0 0 0 0 0 0 0 0 10 13 18 15 20 15
 5.345000E+02 5 0 0 0 0 0 0 0 0 0 0 0 17 15 21 13 18 20
 5.350000E+02 7 0 0 0 0 0 0 0 0 0 0 0 21 11 26 12 11 10
 5.355000E+02 7 0 0 0 0 0 0 0 0 0 0 0 27 10 17 15 7 14
 5.360000E+02 6 0 0 0 0 0 0 0 0 0 0 0 22 16 17 19 17 14
 5.365000E+02 5 0 0 0 0 0 0 0 0 0 0 0 20 18 15 17 12 12
 5.370000E+02 4 0 0 0 0 0 0 0 0 0 0 0 21 16 11 16 16 13
 5.375000E+02 5 0 0 0 0 0 0 0 0 0 0 0 20 17 21 15 10 14
 5.380000E+02 10 0 0 0 0 0 0 0 0 0 0 0 20 17 13 18 14 16
 5.385000E+02 4 0 0 0 0 0 0 0 0 0 0 0 22 10 20 16 19 16
 5.390000E+02 7 0 0 0 0 0 0 0 0 0 0 0 19 11 14 13 16 13
 5.395000E+02 6 0 0 0 0 0 0 0 0 0 0 0 23 13 15 17 12 13
 5.400000E+02 4 0 0 0 0 0 0 0 0 0 0 0 20 11 14 13 22 17
 5.405000E+02 5 0 0 0 0 0 0 0 0 0 0 0 17 12 11 17 24 19
 5.410000E+02 11 0 0 0 0 0 0 0 0 0 0 0 16 13 8 21 22 10
 5.415000E+02 7 0 0 0 0 0 0 0 0 0 0 0 15 15 12 10 19 16
 5.420000E+02 6 0 0 0 0 0 0 0 0 0 0 0 24 24 10 9 16 13
 5.425000E+02 8 0 0 0 0 0 0 0 0 0 0 0 18 22 11 14 12 9
 5.430000E+02 7 0 0 0 0 0 0 0 0 0 0 0 16 17 14 13 19 13
 5.435000E+02 8 0 0 0 0 0 0 0 0 1 0 0 11 14 18 12 16 24
 5.440000E+02 5 0 0 1 0 0 0 0 0 0 0 0 14 12 20 10 14 18
 5.445000E+02 10 0 0 0 0 0 0 1 0 0 0 0 17 16 23 12 13 14
 5.450000E+02 6 0 0 0 0 0 0 1 0 0 0 0 22 13 17 12 17 13
 5.455000E+02 10 0 0 0 0 0 0 0 0 1 0 0 14 16 12 17 22 14
 5.460000E+02 10 0 0 0 0 0 0 0 0 0 0 0 16 18 10 9 14 19
 5.465000E+02 9 0 0 0 0 0 0 0 0 0 1 0 15 18 11 17 14 19
 5.470000E+02 11 0 0 0 0 0 0 0 0 2 0 0 16 16 10 23 13 14
 5.475000E+02 4 0 0 0 0 0 0 0 0 1 0 0 14 16 10 22 14 15
 5.480000E+02 9 0 0 0 0 0 0 0 0 1 0 0 19 13 14 13 18 19
 5.485000E+02 10 0 0 0 0 0 0 0 0 0 0 0 14 14 12 10 15 17
 5.490000E+02 6 0 0 0 0 0 0 0 0 0 0 0 11 7 19 16 13 23
 5.495000E+02 12 0 0 0 0 0 0 0 0 0 0 0 13 11 15 16 12 30
 5.500000E+02 8 0 0 0 0 0 0 0 0 0 0 0 8 11 19 24 14 22
 5.505000E+02 8 0 0 0 0 0 0 0 0 0 0 0 12 21 17 19 17 19
 5.510000E+02 9 0 0 0 0 0 0 0 0 0 0 0 16 16 19 18 15 19
 5.515000E+02 9 0 0 0 0 0 0 0 0 0 0 0 15 15 16 26 16 20
 5.520000E+02 9 0 0 0 0 0 0 0 0 0 0 0 15 16 11 19 17 17
 5.525000E+02 4 0 0 0 0 0 0 0 0 0 0 0 20 19 12 22 13 14
 5.530000E+02 11 0 0 0 0 0 0 0 0 0 0 0 25 14 8 15 12 11
 5.535000E+02 10 0 0 0 0 0 0 0 0 0 0 0 22 13 14 19 15 12
 5.540000E+02 3 0 0 0 0 0 0 0 0 1 0 0 21 14 10 21 16 18
 5.545000E+02 11 0 0 0 0 0 0 0 0 1 0 0 23 14 14 17 16 17
 5.550000E+02 10 0 0 0 0 0 0 0 0 1 0 0 24 9 17 17 12 23
 5.555000E+02 8 0 0 0 0 0 0 0 0 0 0 0 18 10 15 16 13 19
 5.560000E+02 7 0 0 0 0 0 0 0 0 0 0 0 27 16 13 14 11 23
 5.565000E+02 4 0 0 0 0 0 0 0 0 0 0 0 21 16 17 19 8 23
 5.570000E+02 5 0 0 0 0 0 0 0 0 0 0 0 17 11 18 21 13 19
 5.575000E+02 4 0 0 0 0 0 0 0 0 0 0 0 14 12 21 15 14 21
 5.580000E+02 2 0 0 0 0 0 0 0 0 1 0 0 20 16 16 15 15 16
 5.585000E+02 8 0 0 0 0 0 0 0 0 1 0 0 16 17 16 18 15 22
 5.590000E+02 10 0 0 0 0 0 0 0 0 1 0 0 13 16 16 14 14 22
 5.595000E+02 7 0 0 0 0 0 0 0 0 1 0 0 13 19 13 21 14 22
 5.600000E+02 9 0 0 0 0 0 0 0 0 1 0 0 11 21 13 18 12 24
 5.605000E+02 9 0 0 1 0 0 0 0 0 1 0 0 14 22 12 12 11 24
 5.610000E+02 16 0 0 0 0 0 0 0 0 1 0 0 15 24 16 11 12 28
 5.615000E+02 6 0 0 0 0 0 0 1 0 0 0 0 17 16 21 12 19 20
 5.620000E+02 10 0 0 0 0 0 0 0 0 0 0 0 17 17 20 11 17 19
 5.625000E+02 5 0 0 0 0 0 0 0 0 0 0 0 18 13 16 13 16 18
 5.630000E+02 14 0 0 0 0 0 0 0 0 0 0 0 22 11 18 16 19 20
 5.635000E+02 14 0 0 0 0 0 0 0 0 0 0 0 18 18 16 14 18 19
 5.640000E+02 5 0 0 0 0 0 0 0 0 0 0 0 16 16 15 16 18 18
 5.645000E+02 8 0 0 0 0 0 0 0 0 0 0 0 13 18 22 14 13 15
 5.650000E+02 14 0 0 0 0 0 0 0 0 0 0 0 18 17 21 14 14 14
 5.655000E+02 11 0 0 0 0 0 0 0 0 0 0 0 14 21 17 21 15 14
 5.660000E+02 7 0 0 0 0 0 0 0 0 0 0 0 14 16 14 21 16 18
 5.665000E+02 10 0 0 0 0 1 0 0 0 1 0 0 13 24 14 17 11 16
 5.670000E+02 5 0 0 0 0 0 0 0 0 1 0 0 19 16 17 20 14 13
 5.675000E+02 9 0 0 0 0 0 0 0 0 0 0 0 14 18 13 22 21 18
 5.680000E+02 4 0 0 0 0 0 0 0 0 0 0 0 10 14 14 21 22 18
 5.685000E+02 11 0 0 0 0 0 0 0 0 0 0 0 9 15 13 25 14 18
 5.690000E+02 9 0 0 0 0 0 0 0 0 0 0 0 11 18 18 26 8 16
 5.695000E+02 5 0 0 0 0 0 0 0 0 0 0 0 19 17 15 26 10 12
 5.700000E+02 5 0 0 0 0 0 0 0 0 1 0 0 24 16 18 22 6 11
 5.705000E+02 17 0 0 0 0 0 0 0 0 0 0 0 22 14 10 18 10 15
 5.710000E+02 12 0 0 0 0 0 0 0 0 0 0 0 24 14 11 13 14 17
 5.715000E+02 11 0 0 0 0 0 0 0 0 0 0 0 23 12 14 12 18 20
 5.720000E+02 5 0 0 0 0 0 0 0 0 0 0 0 15 14 21 13 13 21
 5.725000E+02 9 0 0 0 0 0 0 0 0 0 0 0 17 22 16 11 16 27
 5.730000E+02 8 0 0 0 0 0 0 0 0 0 0 0 26 15 19 17 9 14
 5.735000E+02 15 0 0 0 0 0 0 0 0 0 0 0 23 13 24 17 9 15
 5.740000E+02 5 0 0 0 0 0 0 0 0 0 0 0 20 13 17 14 14 16
 5.745000E+02 14 0 0 2 0 0 0 0 0 0 0 0 18 18 20 23 12 16
 5.750000E+02 8 0 0 0 0 0 0 0 0 0 0 0 19 12 24 14 20 15
 5.755000E+02 13 0 0 0 0 0 0 0 0 0 0 0 18 15 29 23 19 14
 5.760000E+02 13 0 0 0 0 0 0 0 0 0 0 0 15 21 21 20 22 16
 5.765000E+02 12 0 0 0 0 0 0 0 0 0 0 0 20 19 22 15 20 18
 5.770000E+02 14 0 0 0 0 0 0 0 0 0 0 0 14 12 17 19 18 14
 5.775000E+02 11 0 0 0 0 0 0 0 0 0 0 0 11 14 24 15 21 20
 5.780000E+02 9 0 0 0 0 0 0 0 0 0 0 0 9 16 26 17 12 18
 5.785000E+02 6 0 0 0 0 0 0 0 0 0 0 0 15 24 19 21 12 12
 5.790000E+02 4 0 0 0 0 0 0 0 0 1 0 0 20 21 22 22 11 17
 5.795000E+02 8 0 0 0 0 0 0 0 0 0 0 0 20 15 16 17 22 21
 5.800000E+02 6 0 0 0 0 0 0 0 0 0 0 0 20 22 16 19 18 18
 5.805000E+02 8 0 0 0 0 0 0 0 0 0 0 0 19 19 21 17 15 22
 5.810000E+02 3 0 0 0 0 0 0 0 0 0 0 0 20 16 16 19 13 19
 5.815000E+02 7 0 0 0 0 0 0 0 0 0 0 0 18 19 22 15 18 17
 5.820000E+02 11 0 0 0 0 0 0 0 0 1 0 0 18 22 15 22 17 14
 5.825000E+02 5 0 0 0 0 0 0 0 0 1 0 0 21 19 15 20 14 17
 5.830000E+02 5 0 0 1 0 0 0 0 0 1 0 0 16 14 16 24 17 17
 5.835000E+02 14 0 0 0 0 0 0 1 0 1 0 0 20 18 14 22 17 16
 5.840000E+02 11 0 0 1 0 0 0 1 0 0 0 0 20 20 12 23 20 20
 5.845000E+02 7 0 0 0 0 0 0 0 0 1 0 0 20 19 14 13 18 16
 5.850000E+02 7 0 0 0 0 0 0 0 0 0 0 0 27 21 23 11 13 14
 5.855000E+02 8 0 0 0 0 0 0 0 0 0 0 0 21 18 20 12 12 18
 5.860000E+02 6 0 0 0 0 0 0 0 0 0 0 0 27 27 12 15 13 18
 5.865000E+02 5 0 0 0 0 0 0 0 0 1 0 0 19 24 12 12 14 18
 5.870000E+02 7 0 0 0 0 0 0 1 0 0 0 0 17 18 21 14 12 11
 5.875000E+02 8 0 0 1 0 0 0 0 0 0 0 0 15 16 16 16 20 14
 5.880000E+02 6 0 0 0 0 0 0 0 0 0 0 0 21 16 15 13 20 11
 5.885000E+02 3 0 0 0 0 0 0 0 0 0 0 0 22 12 16 13 27 12
 5.890000E+02 10 0 0 0 0 0 0 0 0 0 0 0 14 12 17 18 23 12
 5.895000E+02 10 0 0 0 0 0 0 0 0 0 0 0 11 16 18 18 22 17
 5.900000E+02 7 0 0 0 0 0 0 0 0 0 0 0 10 18 14 19 12 20
 5.905000E+02 8 0 0 0 0 0 0 0 0 0 0 0 16 17 14 24 9 17
 5.910000E+02 8 0 0 0 0 0 0 0 0 0 0 0 18 21 11 24 12 13
 5.915000E+02 10 0 0 0 0 0 0 0 0 0 0 0 29 14 8 18 13 12
 5.920000E+02 8 0 0 0 0 0 0 0 0 0 0 0 19 9 10 19 18 16
 5.925000E+02 15 0 0 0 0 0 0 0 0 0 0 0 16 15 13 14 13 18
 5.930000E+02 7 0 0 0 0 0 0 0 0 0 0 0 17 17 15 19 10 21
 5.935000E+02 6 0 0 0 0 0 0 0 0 0 0 0 14 11 14 18 15 18
 5.940000E+02 9 0 0 0 0 0 0 0 0 0 0 0 14 12 13 22 16 20
 5.945000E+02 7 0 0 0 0 0 0 0 0 0 0 0 14 9 17 23 17 13
 5.950000E+02 6 0 0 0 0 0 0 0 0 0 0 0 14 10 14 17 24 14
 5.955000E+02 6 0 0 0 0 0 0 0 0 1 0 0 20 12 17 19 14 15
 5.960000E+02 6 0 0 1 0 0 0 0 0 0 0 0 19 12 10 22 12 16
 5.965000E+02 3 0 0 0 0 0 0 1 0 0 0 0 14 15 13 18 16 19
 5.970000E+02 9 0 0 0 0 0 0 0 0 1 0 0 20 23 10 21 13 17
 5.975000E+02 6 0 0 0 0 0 0 0 0 1 0 0 15 17 6 26 9 13
 5.980000E+02 8 0 0 0 0 0 0 0 0 1 0 0 18 15 11 20 12 10
 5.985000E+02 3 0 0 0 0 0 0 0 0 0 0 0 19 16 15 17 17 13
 5.990000E+02 3 0 0 0 0 0 0 0 0 0 0 0 13 8 17 10 20 20
 5.995000E+02 8 0 0 0 0 0 0 0 0 0 0 0 14 9 18 18 12 19
 6.000000E+02 9 0 0 0 0 0 0 0 0 0 0 0 15 13 20 14 16 21
 6.005000E+02 8 0 0 0 0 0 0 0 0 0 0 0 14 21 22 13 16 26
 6.010000E+02 10 0 0 0 0 0 0 0 0 1 0 0 18 19 13 21 14 20
 6.015000E+02 7 0 0 0 0 0 0 0 0 0 0 0 17 25 16 22 14 19
 6.020000E+02 6 0 0 0 0 0 0 0 0 0 0 0 13 20 14 22 16 23
 6.025000E+02 5 0 0 0 0 0 0 0 0 0 0 0 13 18 19 28 14 19
 6.030000E+02 6 0 0 0 0 0 0 0 0 0 0 0 15 15 12 17 13 23
 6.035000E+02 9 0 0 0 0 0 0 0 0 0 0 0 20 19 18 16 20 14
 6.040000E+02 8 0 0 0 0 0 0 0 0 0 0 0 16 20 18 16 11 15
 6.045000E+02 12 0 0 0 0 0 0 0 0 0 0 0 13 15 13 22 14 14
 6.050000E+02 6 0 0 0 0 0 0 0 0 0 0 0 24 16 14 12 21 16
 6.055000E+02 5 0 0 0 0 0 0 0 0 0 0 0 24 14 19 18 10 15
 6.060000E+02 6 0 0 0 0 0 0 0 0 0 0 0 24 18 17 13 14 13
 6.065000E+02 7 0 0 0 0 0 0 0 0 2 0 0 16 16 18 13 14 24
 6.070000E+02 11 0 0 0 0 0 0 1 0 1 0 0 19 21 11 17 14 16
 6.075000E+02 4 0 0 0 0 0 0 1 0 0 0 0 16 20 16 17 17 20
 6.080000E+02 11 0 0 0 0 0 0 1 0 0 0 0 16 19 14 14 9 23
 6.085000E+02 13 0 0 0 0 0 0 0 0 1 0 0 15 24 15 13 13 20
 6.090000E+02 9 0 0 0 0 0 0 0 0 1 0 0 16 19 12 18 10 20
 6.095000E+02 6 0 0 0 0 0 0 0 0 1 0 0 16 17 17 14 10 22
 6.100000E+02 13 0 0 1 0 0 0 0 0 1 0 0 17 15 22 21 11 20
 6.105000E+02 9 1 0 0 0 0 0 0 0 1 0 0 15 19 21 19 15 17
 6.110000E+02 6 0 0 0 0 0 0 0 0 0 0 0 14 16 21 24 18 19
 6.115000E+02 12 0 0 0 0 0 0 0 0 0 0 0 15 18 14 19 22 19
 6.120000E+02 14 0 0 0 0 0 0 0 0 0 0 0 20 16 13 20 23 18
 6.125000E+02 4 0 0 0 0 0 0 0 0 0 0 0 20 20 14 15 22 20
 6.130000E+02 6 0 0 0 0 0 0 0 0 0 0 0 13 16 14 19 20 16
 6.135000E+02 9 0 0 0 0 0 0 0 0 1 0 0 22 19 13 16 19 12
 6.140000E+02 8 0 0 0 0 0 0 0 0 0 0 0 16 17 27 15 14 12
 6.145000E+02 7 0 0 0 0 0 0 0 0 1 0 0 17 18 25 11 16 17
 6.150000E+02 8 0 0 0 0 0 0 0 0 1 0 0 15 19 17 14 17 17
 6.155000E+02 7 0 0 0 0 0 0 0 0 1 0 0 19 15 15 12 15 19
 6.160000E+02 2 0 0 0 0 1 0 0 0 0 0 0 20 17 20 11 17 15
 6.165000E+02 4 0 0 1 0 0 0 0 0 0 0 0 25 18 22 12 23 18
 6.170000E+02 12 0 0 0 0 0 0 0 0 1 0 0 13 22 12 14 26 14
 6.175000E+02 14 0 0 0 0 0 0 1 0 1 0 0 14 18 12 17 30 17
 6.180000E+02 5 0 0 0 0 1 0 0 0 0 0 0 16 16 12 11 28 15
 6.185000E+02 11 0 0 0 0 0 0 0 0 0 0 0 17 16 11 16 15 23
 6.190000E+02 7 0 0 0 0 0 0 0 0 1 0 0 19 16 13 23 11 24
 6.195000E+02 10 0 0 0 0 0 0 0 0 0 0 0 15 16 14 17 13 19
 6.200000E+02 8 0 0 0 0 0 0 0 0 0 0 0 16 19 14 15 19 22
 6.205000E+02 10 0 0 0 0 0 0 1 0 1 0 0 14 20 19 17 14 20
 6.210000E+02 10 0 0 0 0 0 0 0 0 2 0 0 15 20 15 20 18 17
 6.215000E+02 9 0 0 1 0 0 0 0 0 1 0 0 15 23 17 18 12 20
 6.220000E+02 11 0 0 0 0 0 0 0 0 1 0 0 21 19 13 12 23 12
 6.225000E+02 8 0 0 0 0 0 0 0 0 0 0 0 16 21 11 16 17 16
 6.230000E+02 13 0 0 0 0 0 0 0 0 0 0 0 14 24 10 17 14 13
 6.235000E+02 16 0 0 0 0 0 0 0 0 0 0 0 15 17 9 22 17 12
 6.240000E+02 9 0 0 0 0 0 0 0 0 0 0 0 16 20 12 20 22 15
 6.245000E+02 10 0 0 0 0 0 0 0 0 0 0 0 18 18 18 15 16 13
 6.250000E+02 10 0 0 0 0 0 0 0 0 0 0 0 17 21 17 13 15 13
 6.255000E+02 5 0 0 0 0 0 0 0 0 0 0 0 13 17 17 19 18 17
 6.260000E+02 12 0 0 0 0 0 0 0 0 0 0 0 14 18 12 13 22 21
 6.265000E+02 12 0 0 0 0 0 0 0 0 0 0 0 16 19 17 19 17 17
 6.270000E+02 9 0 0 0 0 0 0 0 0 0 0 0 17 17 20 13 17 14
 6.275000E+02 8 0 0 0 0 0 0 0 0 0 0 0 19 16 21 18 16 9
 6.280000E+02 9 0 0 0 0 0 0 1 0 0 0 0 19 22 20 24 18 9
 6.285000E+02 4 0 0 0 0 0 0 0 0 1 0 0 16 18 15 23 17 8
 6.290000E+02 6 0 0 0 0 0 0 0 0 0 0 0 16 20 22 23 22 7
 6.295000E+02 5 0 0 0 0 0 0 0 0 0 0 0 15 21 17 23 14 14
 6.300000E+02 6 0 0 0 0 0 0 0 0 0 0 0 17 24 17 23 12 9
 6.305000E+02 8 0 0 0 0 0 0 0 0 0 0 0 9 20 17 18 19 9
 6.310000E+02 8 0 0 0 0 0 0 0 0 0 0 0 13 17 19 13 18 20
 6.315000E+02 7 0 0 0 0 1 0 0 0 0 0 0 13 13 13 16 19 17
 6.320000E+02 2 0 0 0 0 0 0 0 0 2 0 0 16 9 15 16 20 17
 6.325000E+02 8 0 0 0 0 0 0 0 0 2 0 0 17 14 21 15 19 11
 6.330000E+02 12 0 0 0 0 0 0 1 0 1 0 0 22 15 13 9 19 19
 6.335000E+02 6 0 0 0 0 0 0 0 0 0 0 0 9 17 20 13 22 22
 6.340000E+02 12 0 0 0 0 0 0 0 0 0 0 0 10 19 19 12 21 7
 6.345000E+02 12 0 0 0 0 0 0 0 0 0 0 0 16 19 12 18 15 27
 6.350000E+02 9 0 0 0 0 0 0 0 0 0 0 0 18 16 16 20 15 28
 6.355000E+02 7 0 0 0 0 0 0 0 0 0 0 0 17 19 18 19 21 21
 6.360000E+02 7 0 0 0 0 0 0 0 0 0 0 0 13 18 8 21 18 22
 6.365000E+02 12 0 0 0 0 0 0 0 0 0 0 0 14 13 19 19 20 18
 6.370000E+02 9 0 0 0 0 0 0 0 0 1 0 0 13 10 20 21 18 17
 6.375000E+02 14 0 0 0 0 0 0 0 0 0 0 0 19 12 21 25 14 18
 6.380000E+02 8 0 0 0 0 0 0 0 0 0 0 0 16 11 23 19 12 18
 6.385000E+02 6 0 0 0 0 0 0 0 0 1 0 0 19 4 27 17 19 14
 6.390000E+02 7 0 0 0 0 0 0 0 0 1 0 0 13 13 28 15 14 17
 6.395000E+02 9 0 0 0 0 0 0 0 0 1 0 0 14 21 17 11 20 18
 6.400000E+02 9 0 0 0 0 0 0 0 0 1 0 0 20 18 21 9 15 17
 6.405000E+02 12 0 0 0 0 0 0 0 0 1 0 0 17 19 19 12 17 14
 6.410000E+02 5 0 0 0 0 0 0 1 0 1 0 0 14 20 17 15 17 15
 6.415000E+02 13 0 0 0 0 0 0 0 0 2 0 0 13 22 13 16 17 21
 6.420000E+02 3 0 0 0 0 0 0 0 0 1 0 0 13 21 12 16 18 19
 6.425000E+02 4 0 0 0 0 0 0 0 0 0 0 0 11 17 12 15 29 14
 6.430000E+02 5 0 0 0 0 0 0 0 0 1 0 0 13 18 21 17 16 20
 6.435000E+02 8 0 0 0 0 0 0 0 0 2 0 0 8 19 20 21 17 14
 6.440000E+02 7 0 0 0 0 0 0 0 0 1 0 0 10 19 17 12 21 13
 6.445000E+02 6 0 0 0 0 0 0 0 0 0 0 0 20 15 16 14 19 20
 6.450000E+02 13 0 0 0 0 0 0 0 0 0 0 0 25 13 20 14 18 15
 6.455000E+02 9 0 0 0 0 0 0 0 0 0 0 0 16 11 15 14 14 15
 6.460000E+02 6 0 0 0 0 0 0 0 0 0 0 0 11 11 18 10 17 22
 6.465000E+02 10 0 0 0 0 0 0 0 0 0 0 0 10 17 16 15 19 20
 6.470000E+02 3 0 0 0 0 0 0 0 0 0 0 0 12 23 13 23 23 9
 6.475000E+02 9 0 0 0 0 0 0 0 0 0 0 0 18 15 10 17 19 20
 6.480000E+02 6 0 0 0 0 0 0 0 0 0 0 0 15 22 8 11 18 24
 6.485000E+02 9 0 0 0 0 0 0 0 0 1 0 0 15 13 15 13 20 16
 6.490000E+02 11 0 0 0 0 0 0 0 0 0 0 0 12 15 15 24 22 18
 6.495000E+02 11 0 0 0 0 0 0 0 0 0 0 0 13 13 17 15 18 17
 6.500000E+02 8 0 0 0 0 0 0 0 0 0 0 0 16 12 24 17 9 18
 6.505000E+02 6 0 0 0 0 0 0 0 0 0 0 0 19 10 13 12 14 18
 6.510000E+02 13 0 0 0 0 0 0 0 0 0 0 0 17 15 12 20 11 14
 6.515000E+02 13 0 0 0 0 0 0 0 0 1 0 0 23 15 12 22 14 16
 6.520000E+02 4 0 0 0 0 0 0 0 0 0 0 0 19 13 16 17 15 13
 6.525000E+02 8 0 0 0 0 0 0 0 0 1 0 0 12 11 18 18 16 23
 6.530000E+02 4 0 0 0 0 0 0 0 0 0 0 0 18 11 24 11 14 24
 6.535000E+02 3 0 0 0 0 0 0 0 0 0 0 0 12 7 21 21 8 16
 6.540000E+02 12 0 0 0 0 0 0 0 0 0 0 0 19 10 13 18 11 25
 6.545000E+02 9 0 0 0 0 0 0 0 0 0 0 0 15 13 15 23 13 19
 6.550000E+02 11 0 0 0 0 0 0 0 0 0 0 0 18 19 16 20 12 17
 6.555000E+02 11 0 0 0 0 0 0 0 0 0 0 0 22 14 17 16 15 11
 6.560000E+02 16 0 0 0 0 0 0 0 0 0 0 0 20 13 23 15 13 17
 6.565000E+02 4 0 0 0 0 0 0 0 0 0 0 0 22 16 18 13 17 17
 6.570000E+02 12 0 0 0 0 0 0 0 0 0 0 0 20 12 14 13 20 14
 6.575000E+02 9 0 0 0 0 0 0 0 0 0 0 0 15 15 12 10 19 13
 6.580000E+02 7 0 0 0 0 0 0 0 0 0 0 0 18 19 11 17 20 14
 6.585000E+02 4 0 0 0 0 0 0 0 0 0 0 0 17 22 10 17 19 20
 6.590000E+02 10 0 0 0 0 0 0 0 0 0 0 0 19 13 11 13 18 21
 6.595000E+02 12 0 0 0 0 0 0 0 0 0 0 0 19 18 16 13 11 18
 6.600000E+02 9 0 0 0 0 0 0 0 0 0 0 0 17 19 19 11 10 22
 6.605000E+02 4 0 0 0 0 0 0 0 0 0 0 0 12 19 23 16 13 16
 6.610000E+02 6 0 0 0 0 0 0 0 0 0 0 0 12 15 18 16 11 15
 6.615000E+02 8 0 0 0 0 0 0 0 0 0 0 0 12 15 23 22 13 13
 6.620000E+02 10 0 0 0 0 0 0 0 0 0 0 0 14 17 17 18 18 14
 6.625000E+02 7 0 0 0 0 0 0 0 0 0 0 0 23 14 12 26 19 16
 6.630000E+02 9 0 0 0 0 0 0 0 0 0 0 0 21 21 11 20 16 12
 6.635000E+02 8 0 0 0 0 0 0 0 0 0 0 0 19 20 14 21 12 17
 6.640000E+02 8 0 0 0 0 0 0 1 0 0 0 0 10 20 14 22 16 15
 6.645000E+02 11 0 0 0 0 0 0 0 0 0 0 0 9 20 17 22 16 19
 6.650000E+02 11 0 0 0 0 0 0 0 0 0 0 0 16 22 17 15 15 14
 6.655000E+02 13 0 0 0 0 0 0 0 0 0 0 0 18 27 16 14 16 14
 6.660000E+02 6 0 0 0 0 0 0 0 0 0 0 0 10 20 19 18 21 13
 6.665000E+02 7 0 0 0 0 0 0 0 0 0 0 0 10 22 19 16 18 13
 6.670000E+02 11 0 0 0 0 0 0 0 0 0 0 0 17 18 20 13 11 18
 6.675000E+02 9 0 0 0 0 0 0 1 0 0 0 0 17 18 17 19 12 25
 6.680000E+02 11 0 0 1 0 0 0 0 0 0 0 0 19 15 14 14 23 19
 6.685000E+02 13 0 0 0 0 0 0 1 0 1 0 0 16 14 17 22 17 9
 6.690000E+02 9 0 0 0 0 0 0 0 0 1 0 0 24 13 20 20 17 12
 6.695000E+02 9 0 0 0 0 0 0 0 0 1 0 0 23 18 18 17 19 16
 6.700000E+02 12 0 0 0 0 0 0 1 0 0 0 0 23 10 13 16 18 21
 6.705000E+02 11 0 0 0 0 0 0 0 0 1 0 0 17 10 14 18 24 13
 6.710000E+02 9 0 0 0 0 0 0 0 0 0 0 0 23 11 13 27 17 14
 6.715000E+02 8 0 0 0 0 0 0 0 0 1 0 0 18 17 21 18 22 12
 6.720000E+02 11 0 0 0 0 0 0 0 0 1 0 0 12 21 22 23 24 13
 6.725000E+02 6 0 0 1 0 0 0 0 0 0 0 0 10 15 18 32 23 13
 6.730000E+02 7 0 0 0 0 0 0 0 0 0 0 0 13 14 15 21 24 12
 6.735000E+02 9 0 0 0 0 0 0 0 0 0 0 0 28 18 17 17 19 7
 6.740000E+02 12 0 0 0 0 0 0 0 0 0 0 0 17 17 16 17 18 15
 6.745000E+02 6 0 0 0 0 0 0 0 0 0 0 0 9 12 24 17 26 8
 6.750000E+02 9 0 0 0 0 0 0 0 0 0 0 0 18 14 22 14 22 15
 6.755000E+02 9 0 0 0 0 0 0 0 0 0 0 0 20 13 20 13 25 15
 6.760000E+02 9 0 0 0 0 0 0 0 0 0 0 0 19 14 23 13 22 15
 6.765000E+02 12 0 0 0 0 0 0 0 0 0 0 0 18 21 22 14 17 12
 6.770000E+02 8 0 0 0 0 0 0 0 0 0 0 0 21 22 18 16 16 17
 6.775000E+02 5 0 0 0 0 0 0 0 0 0 0 0 19 23 17 16 14 21
 6.780000E+02 9 0 0 0 0 0 0 0 0 0 0 0 18 19 15 13 24 18
 6.785000E+02 11 0 0 0 0 0 0 0 0 0 0 0 20 19 17 12 19 14
 6.790000E+02 11 0 0 0 0 0 0 0 0 0 0 0 23 20 11 13 15 17
 6.795000E+02 9 0 0 0 0 0 0 0 0 0 0 0 17 18 22 13 14 21
 6.800000E+02 15 0 0 0 0 0 0 0 0 0 0 0 14 22 18 12 21 16
 6.805000E+02 12 0 0 0 0 0 0 0 0 0 0 0 14 22 16 24 18 21
 6.810000E+02 10 0 0 0 0 0 0 0 0 0 0 0 23 19 11 13 22 21
 6.815000E+02 14 0 0 0 0 0 0 0 0 0 0 0 17 13 13 16 21 21
 6.820000E+02 7 0 0 0 0 0 0 0 0 0 0 0 18 13 13 13 18 22
 6.825000E+02 9 0 0 0 0 0 0 0 0 0 0 0 16 15 13 17 25 21
 6.830000E+02 11 0 0 0 0 0 0 0 0 0 0 0 17 19 19 16 18 21
 6.835000E+02 11 0 0 0 0 0 0 0 0 0 0 0 23 14 18 13 15 18
 6.840000E+02 8 0 0 0 0 0 0 1 0 0 0 0 18 13 14 13 13 27
 6.845000E+02 5 0 0 0 0 0 0 0 0 1 0 0 17 16 16 13 16 19
 6.850000E+02 9 0 0 0 0 0 0 0 0 2 0 0 20 18 14 14 18 19
 6.855000E+02 16 0 0 0 0 0 0 0 0 1 0 0 15 17 13 16 19 15
 6.860000E+02 8 0 0 0 0 0 0 1 0 0 0 0 18 20 18 21 14 18
 6.865000E+02 6 0 0 0 0 0 0 0 0 0 0 0 15 13 17 20 17 15
 6.870000E+02 9 0 0 0 0 0 0 0 0 0 0 0 17 15 18 23 15 24
 6.875000E+02 11 0 0 0 0 0 0 0 0 0 0 0 14 19 19 22 18 19
 6.880000E+02 11 0 0 0 0 0 0 0 0 0 0 0 9 21 15 15 14 23
 6.885000E+02 12 0 0 0 0 0 0 0 0 0 0 0 17 19 21 14 14 24
 6.890000E+02 8 0 0 0 0 0 0 0 0 0 0 0 14 13 21 12 19 21
 6.895000E+02 10 0 0 0 0 0 0 0 0 0 0 0 17 22 21 8 23 22
 6.900000E+02 14 0 0 0 0 0 0 0 0 0 0 0 16 13 21 7 24 21
 6.905000E+02 3 0 0 0 0 0 0 0 0 0 0 0 17 13 18 11 18 24
 6.910000E+02 10 0 0 0 0 0 0 0 0 0 0 0 20 19 13 19 21 18
 6.915000E+02 7 0 0 0 0 0 0 0 0 0 0 0 17 24 18 14 19 21
 6.920000E+02 8 0 0 0 0 0 0 0 0 0 0 0 14 24 7 18 14 21
 6.925000E+02 9 0 0 0 0 0 0 0 0 0 0 0 9 21 11 14 14 19
 6.930000E+02 4 0 0 0 0 0 0 0 0 0 0 0 14 19 21 17 19 17
 6.935000E+02 7 0 0 0 0 0 0 0 0 0 0 0 12 14 17 22 13 14
 6.940000E+02 10 0 0 0 0 0 0 0 0 0 0 0 11 17 14 25 12 14
 6.945000E+02 5 0 0 0 0 0 0 0 0 0 0 0 15 25 12 17 25 22
 6.950000E+02 6 0 0 0 0 0 0 0 0 0 0 0 17 20 17 13 27 17
 6.955000E+02 12 0 0 0 0 0 0 0 0 0 0 0 16 16 20 16 23 18
 6.960000E+02 12 0 0 1 0 0 0 0 0 0 0 0 13 16 16 19 21 16
 6.965000E+02 4 0 0 0 0 0 0 0 0 1 0 0 17 10 15 19 19 18
 6.970000E+02 7 0 0 0 0 0 0 0 0 1 0 0 22 14 18 15 19 20
 6.975000E+02 8 0 0 0 0 0 0 0 0 0 0 0 16 15 18 19 15 18
 6.980000E+02 6 0 0 0 0 0 0 0 0 0 0 0 19 17 15 17 14 22
 6.985000E+02 11 0 0 0 0 0 0 0 0 0 0 0 13 13 16 22 13 16
 6.990000E+02 8 0 0 0 0 0 0 0 0 0 0 0 15 15 14 26 20 17
 6.995000E+02 8 0 0 0 0 0 0 0 0 0 0 0 12 17 13 17 19 20
 7.000000E+02 6 0 0 0 0 0 0 0 0 0 0 0 16 16 12 19 23 17
