# time 'Ca' 'D34:75:137_PP2ACa' 'D34:75:137_PP2APCa' 'D34:75_PP2ACa' 'D34:75_PP2APCa' 'D75:137_PP2ACa' 'D75:137_PP2APCa' 'D75_PP2ACa' 'D75_PP2APCa' 'PP2ACa' 'PP2ACa_PKA' 'PP2APCa' 'PP2BinactiveCa2_1' 'PP2BinactiveCa2_2' 'PP2BinactiveCa2_3' 'PP2BinactiveCa2_4' 'PP2BinactiveCa2_5' 'PP2BinactiveCa2_6'
 0.000000E+00 0 0 0 0 0 0 0 0 0 0 0 0 0 0 0 0 0 0
 5.000000E-01 0 0 0 0 0 0 0 0 0 0 0 0 1 0 2 0 1 0
 1.000000E+00 3 0 0 0 0 0 0 0 0 0 0 0 2 1 2 0 1 1
 1.500000E+00 1 0 0 0 0 0 0 0 0 0 0 0 2 2 2 0 2 3
 2.000000E+00 4 0 0 0 0 0 0 0 0 0 0 0 2 2 3 0 3 2
 2.500000E+00 2 0 0 0 0 0 0 0 0 0 0 0 4 0 3 3 3 2
 3.000000E+00 3 0 0 0 0 0 0 0 0 0 0 0 5 2 3 3 2 3
 3.500000E+00 4 0 0 0 0 0 0 0 0 0 0 0 5 5 1 2 3 3
 4.000000E+00 3 0 0 0 0 0 0 0 0 0 0 0 8 2 2 5 1 2
 4.500000E+00 3 0 0 0 0 0 0 0 0 0 0 0 7 2 0 4 6 2
 5.000000E+00 4 0 0 0 0 0 0 0 0 0 0 0 7 5 1 4 6 2
 5.500000E+00 2 0 0 0 0 0 0 0 0 0 0 0 6 3 7 5 4 4
 6.000000E+00 6 0 0 0 0 0 0 0 0 0 0 0 5 6 4 7 5 2
 6.500000E+00 1 0 0 0 0 0 0 0 0 0 0 0 6 6 6 7 5 4
 7.000000E+00 5 0 0 0 0 0 0 0 0 0 0 0 6 5 7 7 5 6
 7.500000E+00 4 0 0 0 0 0 0 0 0 0 0 0 10 5 6 4 10 5
 8.000000E+00 10 0 0 0 0 0 0 0 0 0 0 0 9 5 3 4 10 4
 8.500000E+00 4 0 0 0 0 0 0 0 0 0 0 0 9 5 7 4 11 4
 9.000000E+00 4 0 0 0 0 0 0 0 0 0 0 0 7 8 9 5 4 6
 9.500000E+00 4 0 0 0 0 0 0 0 0 0 0 0 6 8 13 8 6 5
 1.000000E+01 3 0 0 0 0 0 0 0 0 0 0 0 6 9 11 11 8 6
 1.050000E+01 4 0 0 0 0 0 0 0 0 0 0 0 10 8 9 7 7 4
 1.100000E+01 5 0 0 0 0 0 0 0 0 0 0 0 7 7 13 12 5 3
 1.150000E+01 9 0 0 0 0 0 0 0 0 0 0 0 5 11 15 7 7 3
 1.200000E+01 4 0 0 0 0 0 0 0 0 0 0 0 4 12 12 9 9 7
 1.250000E+01 1 0 0 0 0 0 0 0 0 0 0 0 9 12 9 10 5 4
 1.300000E+01 3 0 0 0 0 0 0 0 0 0 0 0 8 13 8 9 3 7
 1.350000E+01 6 0 0 0 0 0 0 0 0 0 0 0 13 7 9 9 6 5
 1.400000E+01 8 0 0 0 0 0 0 0 0 0 0 0 7 11 10 8 8 2
 1.450000E+01 11 0 0 0 0 0 0 0 0 0 0 0 8 9 9 12 10 6
 1.500000E+01 4 0 0 0 0 0 0 0 0 0 0 0 8 10 11 13 11 6
 1.550000E+01 7 0 0 0 0 0 0 0 0 0 0 0 9 11 9 11 11 6
 1.600000E+01 6 0 0 0 0 0 0 0 0 0 0 0 12 12 11 8 12 4
 1.650000E+01 8 0 0 0 0 0 0 0 0 1 0 0 10 10 9 6 9 9
 1.700000E+01 5 0 0 0 0 0 0 1 0 0 0 0 15 8 6 10 8 14
 1.750000E+01 6 0 0 0 0 0 0 1 0 1 0 0 10 7 10 8 8 13
 1.800000E+01 5 0 0 0 0 0 0 1 0 1 0 0 7 8 15 7 9 15
 1.850000E+01 4 0 0 0 0 0 0 1 0 0 0 0 11 8 18 9 12 8
 1.900000E+01 11 0 0 0 0 0 0 0 0 1 0 0 10 10 19 7 10 9
 1.950000E+01 3 0 0 0 0 0 0 0 0 1 0 0 15 7 16 12 11 7
 2.000000E+01 7 0 0 0 0 0 0 0 0 0 0 0 14 11 13 11 10 8
 2.050000E+01 3 0 0 0 0 0 0 0 0 0 0 0 13 8 14 15 14 8
 2.100000E+01 3 0 0 0 0 0 0 0 0 0 0 0 8 11 8 16 8 11
 2.150000E+01 6 0 0 0 0 0 0 0 0 0 0 0 12 10 10 16 10 10
 2.200000E+01 6 0 0 0 0 0 0 0 0 0 0 0 18 8 9 14 11 9
 2.250000E+01 5 0 0 0 0 0 0 0 0 0 0 0 14 10 13 8 10 11
 2.300000E+01 9 0 0 0 0 0 0 0 0 0 0 0 13 10 13 10 11 13
 2.350000E+01 7 0 0 0 0 0 0 0 0 0 0 0 12 10 11 10 8 15
 2.400000E+01 0 0 0 0 0 0 0 0 0 1 0 0 14 10 17 9 11 12
 2.450000E+01 5 0 0 0 0 0 0 0 0 0 0 0 16 14 15 7 9 15
 2.500000E+01 7 0 0 0 0 0 0 0 0 0 0 0 9 16 5 9 15 18
 2.550000E+01 7 0 0 0 0 0 0 0 0 0 0 0 8 13 11 14 15 15
 2.600000E+01 12 0 0 0 0 0 0 0 0 0 0 0 12 9 12 13 13 16
 2.650000E+01 5 0 0 0 0 0 0 0 0 0 0 0 14 12 12 15 10 13
 2.700000E+01 8 0 0 0 0 0 0 0 0 0 0 0 11 8 16 14 13 8
 2.750000E+01 7 0 0 0 0 0 0 0 0 0 0 0 18 12 13 9 14 13
 2.800000E+01 11 0 0 0 0 0 0 0 0 0 0 0 13 16 10 11 16 17
 2.850000E+01 8 0 0 0 0 0 0 0 0 0 0 0 9 15 16 12 13 18
 2.900000E+01 4 0 0 0 0 0 0 0 0 0 0 0 11 13 26 13 9 7
 2.950000E+01 6 0 0 0 0 0 0 0 0 1 0 0 10 13 18 12 16 12
 3.000000E+01 1 0 0 0 0 0 0 0 0 1 0 0 12 15 16 17 13 10
 3.050000E+01 7 0 0 0 0 0 0 0 0 0 0 0 8 17 17 19 11 9
 3.100000E+01 8 0 0 0 0 0 0 0 0 0 0 0 14 20 18 12 9 15
 3.150000E+01 9 0 0 0 0 0 0 0 0 1 0 0 12 12 18 12 15 14
 3.200000E+01 5 0 0 0 0 0 0 0 0 0 0 0 18 12 16 12 13 14
 3.250000E+01 2 0 0 0 0 0 0 0 0 0 0 0 16 8 17 10 13 16
 3.300000E+01 4 0 0 0 0 0 0 0 0 0 0 0 14 11 15 17 14 16
 3.350000E+01 7 0 0 0 0 0 0 0 0 0 0 0 9 9 15 15 14 19
 3.400000E+01 9 0 0 0 0 0 0 0 0 0 0 0 11 18 13 14 14 16
 3.450000E+01 7 0 0 0 0 0 0 0 0 0 0 0 18 16 10 17 12 15
 3.500000E+01 8 0 0 0 0 0 0 0 0 0 0 0 14 18 14 11 13 13
 3.550000E+01 8 0 0 0 0 0 0 0 0 0 0 0 16 22 8 20 11 9
 3.600000E+01 7 0 0 0 0 0 0 0 0 0 0 0 20 16 7 20 11 10
 3.650000E+01 10 0 0 0 0 0 0 0 0 0 0 0 18 16 10 21 14 7
 3.700000E+01 6 0 0 0 0 0 0 0 0 0 0 0 21 18 8 19 12 10
 3.750000E+01 5 0 0 0 0 0 0 1 0 0 0 0 19 17 11 15 12 14
 3.800000E+01 2 0 0 0 0 0 0 0 0 0 0 0 18 13 11 21 13 13
 3.850000E+01 7 0 0 0 0 0 0 0 0 0 0 0 19 13 7 15 9 17
 3.900000E+01 7 0 0 0 0 0 0 0 0 0 0 0 19 13 11 13 12 19
 3.950000E+01 4 0 0 0 0 0 0 0 0 0 0 0 15 14 11 18 13 19
 4.000000E+01 7 0 0 0 0 0 0 0 0 0 0 0 14 16 14 18 11 12
 4.050000E+01 7 0 0 0 0 0 0 1 0 0 0 0 11 11 13 11 13 18
 4.100000E+01 8 0 0 0 0 0 0 0 0 0 0 0 12 19 15 12 15 10
 4.150000E+01 8 0 0 0 0 0 0 0 0 0 0 0 14 16 16 15 15 11
 4.200000E+01 5 0 0 0 0 0 0 0 0 0 0 0 12 20 16 9 19 13
 4.250000E+01 10 0 0 0 0 0 0 0 0 0 0 0 11 22 11 16 19 9
 4.300000E+01 8 0 0 0 0 0 0 0 0 0 0 0 14 15 12 18 15 15
 4.350000E+01 6 0 0 0 0 0 0 0 0 0 0 0 17 17 8 14 13 18
 4.400000E+01 3 0 0 0 0 0 0 0 0 0 0 0 14 12 16 14 13 18
 4.450000E+01 7 0 0 0 0 0 0 0 0 0 0 0 12 14 20 6 9 18
 4.500000E+01 10 0 0 0 0 0 0 0 0 0 0 0 16 13 28 10 9 10
 4.550000E+01 9 0 0 0 0 0 0 0 0 0 0 0 19 11 19 9 16 12
 4.600000E+01 11 0 0 0 0 0 0 0 0 0 0 0 17 9 16 14 16 10
 4.650000E+01 7 0 0 0 0 0 0 0 0 1 0 0 19 13 20 17 10 10
 4.700000E+01 6 0 0 0 0 0 0 1 0 0 0 0 11 10 15 16 9 9
 4.750000E+01 10 0 0 0 0 0 0 1 0 0 0 0 11 13 18 14 10 13
 4.800000E+01 2 0 0 0 0 0 0 0 0 0 0 0 14 14 14 14 13 12
 4.850000E+01 5 0 0 0 0 0 0 0 0 0 0 0 12 12 13 15 13 14
 4.900000E+01 1 0 0 0 0 0 0 0 0 0 0 0 14 17 17 13 14 16
 4.950000E+01 8 0 0 0 0 0 0 0 0 0 0 0 11 16 13 11 17 15
 5.000000E+01 8 0 0 0 0 0 0 0 0 0 0 0 13 16 13 13 12 11
 5.050000E+01 4 0 0 0 0 0 0 0 0 0 0 0 16 13 12 12 16 17
 5.100000E+01 6 0 0 0 0 0 0 0 0 0 0 0 11 16 14 9 11 20
 5.150000E+01 5 0 0 0 0 0 0 0 0 0 0 0 15 16 12 16 13 15
 5.200000E+01 8 0 0 0 0 0 0 0 0 0 0 0 18 15 10 14 9 17
 5.250000E+01 5 0 0 0 0 0 0 0 0 0 0 0 16 16 11 15 10 14
 5.300000E+01 7 0 0 0 0 0 0 0 0 1 0 0 12 15 12 15 18 16
 5.350000E+01 8 0 0 0 0 0 0 1 0 0 0 0 15 11 11 15 14 15
 5.400000E+01 7 0 0 0 0 0 0 0 0 1 0 0 16 8 16 14 13 16
 5.450000E+01 13 0 0 0 0 0 0 0 0 0 0 0 16 13 15 11 14 15
 5.500000E+01 8 0 0 0 0 0 0 0 0 0 0 0 13 13 18 14 18 10
 5.550000E+01 3 0 0 0 0 0 0 0 0 0 0 0 14 19 9 17 17 11
 5.600000E+01 4 0 0 0 0 0 0 0 0 0 0 0 11 18 10 16 11 13
 5.650000E+01 11 0 0 0 0 0 0 0 0 1 0 0 8 20 12 18 12 14
 5.700000E+01 8 0 0 0 0 0 0 0 0 1 0 0 12 12 9 19 22 15
 5.750000E+01 10 0 0 0 0 0 0 0 0 0 0 0 17 11 8 16 14 12
 5.800000E+01 5 0 0 0 0 0 0 0 0 0 0 0 17 10 9 15 15 16
 5.850000E+01 5 0 0 0 0 0 0 0 0 0 0 0 23 10 10 16 15 14
 5.900000E+01 1 0 0 0 0 0 0 0 0 0 0 0 20 15 19 14 13 10
 5.950000E+01 10 0 0 0 0 0 0 0 0 0 0 0 18 9 15 22 14 16
 6.000000E+01 12 0 0 0 0 0 0 0 0 0 0 0 13 12 13 18 14 13
 6.050000E+01 15 0 0 0 0 0 0 0 0 0 0 0 14 13 17 23 10 16
 6.100000E+01 5 0 0 0 0 0 0 0 0 0 0 0 10 10 19 20 13 16
 6.150000E+01 10 0 0 0 0 0 0 0 0 0 0 0 16 13 19 16 18 10
 6.200000E+01 10 0 0 0 0 0 0 0 0 0 0 0 16 14 24 20 15 8
 6.250000E+01 10 0 0 0 0 0 0 0 0 0 0 0 15 16 13 22 15 14
 6.300000E+01 4 0 0 0 0 0 0 0 0 0 0 0 16 13 18 18 18 12
 6.350000E+01 8 0 0 0 0 0 0 0 0 0 0 0 14 13 11 20 17 12
 6.400000E+01 7 0 0 0 0 0 0 0 0 0 0 0 14 14 16 17 19 10
 6.450000E+01 7 0 0 0 0 0 0 0 0 0 0 0 25 7 12 15 16 14
 6.500000E+01 5 0 0 0 0 0 0 0 0 1 0 0 24 12 17 13 21 12
 6.550000E+01 6 0 0 0 0 0 0 0 0 1 0 0 18 9 21 13 20 16
 6.600000E+01 6 0 0 0 0 0 0 0 0 0 0 0 22 14 20 15 23 17
 6.650000E+01 10 0 0 0 0 0 0 0 0 0 0 0 16 9 22 20 22 15
 6.700000E+01 8 0 0 0 0 0 0 0 0 0 0 0 15 19 16 12 23 15
 6.750000E+01 4 0 0 0 0 0 0 0 0 0 0 0 14 16 17 12 15 22
 6.800000E+01 9 0 0 0 0 0 0 0 0 1 0 0 13 12 18 18 21 24
 6.850000E+01 8 0 0 0 0 0 0 0 0 0 0 0 11 13 12 19 17 22
 6.900000E+01 10 0 0 0 0 0 0 0 0 0 0 0 14 22 11 18 21 16
 6.950000E+01 5 0 0 0 0 0 0 0 0 0 0 0 14 21 18 20 13 15
 7.000000E+01 4 0 0 0 0 0 0 0 0 0 0 0 12 17 13 27 16 15
 7.050000E+01 7 0 0 0 0 0 0 0 0 0 0 0 16 15 14 16 8 22
 7.100000E+01 11 0 0 0 0 0 0 0 0 0 0 0 17 20 17 13 13 18
 7.150000E+01 5 0 0 0 0 0 0 0 0 0 0 0 17 12 17 15 18 23
 7.200000E+01 8 0 0 0 0 0 0 0 0 0 0 0 14 9 21 21 15 21
 7.250000E+01 7 0 0 0 0 0 0 0 0 1 0 0 19 13 20 13 22 16
 7.300000E+01 5 0 0 0 0 0 0 0 0 0 0 0 22 16 17 14 24 15
 7.350000E+01 10 0 0 0 0 0 0 0 0 1 0 0 20 23 20 14 18 9
 7.400000E+01 4 0 0 0 0 0 0 0 0 1 0 0 17 19 15 16 16 14
 7.450000E+01 3 0 0 0 0 0 0 0 0 0 0 0 23 15 17 15 16 19
 7.500000E+01 14 0 0 0 0 0 0 0 0 0 0 0 24 23 18 7 17 12
 7.550000E+01 12 0 0 0 0 0 0 0 0 0 0 0 18 15 17 13 20 14
 7.600000E+01 8 0 0 0 0 0 0 0 0 0 0 0 18 20 14 17 21 15
 7.650000E+01 9 0 0 0 0 0 0 0 0 0 0 0 16 19 17 12 20 16
 7.700000E+01 4 0 0 0 0 0 0 0 0 0 0 0 18 22 15 14 20 14
 7.750000E+01 7 0 0 0 0 0 0 0 0 0 0 0 18 18 16 17 22 16
 7.800000E+01 4 0 0 0 0 0 0 0 0 1 0 0 16 16 13 17 23 16
 7.850000E+01 12 0 0 0 0 0 0 0 0 0 0 0 13 17 10 19 25 15
 7.900000E+01 9 0 0 0 0 0 0 1 0 0 0 0 13 21 13 19 20 20
 7.950000E+01 11 0 0 0 0 0 0 0 0 1 0 0 14 10 16 16 12 20
 8.000000E+01 6 0 0 0 0 0 0 0 0 0 0 0 16 17 15 21 13 22
 8.050000E+01 6 0 0 0 0 0 0 0 0 0 0 0 19 14 17 19 14 14
 8.100000E+01 12 0 0 0 0 0 0 0 0 0 0 0 16 16 14 19 13 23
 8.150000E+01 11 0 0 0 0 0 0 0 0 0 0 0 19 16 15 12 17 22
 8.200000E+01 8 0 0 0 0 0 0 0 0 0 0 0 18 12 13 15 13 25
 8.250000E+01 5 0 0 0 0 0 0 0 0 0 0 0 15 15 15 17 12 23
 8.300000E+01 10 0 0 0 0 0 0 0 0 0 0 0 20 16 15 11 10 24
 8.350000E+01 8 0 0 0 0 0 0 0 0 1 0 0 17 16 13 15 14 15
 8.400000E+01 11 0 0 0 0 0 0 0 0 1 0 0 21 18 7 12 22 13
 8.450000E+01 8 0 0 0 0 0 0 0 0 1 0 0 17 17 11 9 18 15
 8.500000E+01 6 0 0 0 0 0 0 1 0 0 0 0 15 15 14 16 19 13
 8.550000E+01 12 0 0 0 0 0 0 1 0 0 0 0 17 8 21 12 19 17
 8.600000E+01 10 0 0 0 0 0 0 0 0 1 0 0 17 15 17 11 13 17
 8.650000E+01 10 0 0 0 0 0 0 0 0 0 0 0 16 17 18 13 20 17
 8.700000E+01 7 0 0 0 0 0 0 0 0 0 0 0 11 22 14 11 10 17
 8.750000E+01 13 0 0 0 0 0 0 0 0 0 0 0 13 20 15 18 13 15
 8.800000E+01 4 0 0 0 0 0 0 0 0 0 0 0 19 18 15 20 12 19
 8.850000E+01 5 0 0 0 0 0 0 0 0 0 0 0 16 20 16 11 13 25
 8.900000E+01 12 0 0 0 0 0 0 0 0 0 0 0 13 15 23 11 17 21
 8.950000E+01 14 0 0 0 0 0 0 0 0 0 0 0 14 19 18 14 15 20
 9.000000E+01 8 0 0 0 0 0 0 0 0 0 0 0 14 23 15 15 18 16
 9.050000E+01 10 0 0 0 0 0 0 0 0 0 0 0 15 18 12 18 23 20
 9.100000E+01 10 0 0 0 0 0 0 0 0 0 0 0 18 14 16 13 27 23
 9.150000E+01 10 0 0 0 0 0 0 0 0 0 0 0 17 18 12 15 21 21
 9.200000E+01 8 0 0 0 0 0 0 0 0 0 0 0 25 17 12 18 16 21
 9.250000E+01 12 0 0 0 0 0 0 0 0 0 0 0 16 17 20 19 11 16
 9.300000E+01 6 0 0 0 0 0 0 0 0 0 0 0 14 18 22 12 23 15
 9.350000E+01 8 0 0 0 0 0 0 0 0 0 0 0 20 14 18 20 22 20
 9.400000E+01 6 0 0 0 0 0 0 0 0 0 0 0 18 19 20 17 17 14
 9.450000E+01 8 0 0 0 0 0 0 0 0 0 0 0 15 24 13 15 12 26
 9.500000E+01 14 0 0 0 0 0 0 0 0 0 0 0 19 16 17 13 19 21
 9.550000E+01 10 0 0 0 0 0 0 0 0 1 0 0 19 15 17 17 16 21
 9.600000E+01 14 0 0 0 0 0 0 0 0 1 0 0 21 15 14 13 18 14
 9.650000E+01 6 0 0 0 0 0 0 0 0 1 0 0 24 13 18 19 22 18
 9.700000E+01 3 0 0 0 0 0 0 0 0 0 0 0 24 15 14 12 19 22
 9.750000E+01 8 0 0 0 0 0 0 0 0 0 0 0 24 14 12 18 17 15
 9.800000E+01 7 0 0 0 0 0 0 0 0 1 0 0 23 13 16 24 18 18
 9.850000E+01 3 0 0 0 0 0 0 1 0 0 0 0 20 16 18 22 20 18
 9.900000E+01 7 0 0 0 0 0 0 0 0 1 0 0 18 16 23 13 17 20
 9.950000E+01 12 0 0 0 0 0 0 0 0 1 0 0 25 15 22 19 18 13
 1.000000E+02 13 0 0 0 0 0 0 0 0 1 0 0 26 15 23 15 24 13
 1.005000E+02 8 0 0 0 0 0 0 0 0 1 0 0 15 17 20 20 17 14
 1.010000E+02 5 0 0 0 0 0 0 0 0 2 0 0 18 11 17 17 13 21
 1.015000E+02 7 0 0 0 0 0 0 0 0 2 0 0 16 16 17 17 17 30
 1.020000E+02 6 0 0 0 0 0 0 0 0 0 0 0 18 18 18 19 20 21
 1.025000E+02 10 0 0 0 0 1 0 0 0 0 0 0 21 13 15 17 19 19
 1.030000E+02 8 0 0 0 0 0 0 0 0 0 0 0 14 16 21 25 22 19
 1.035000E+02 9 0 0 0 0 0 0 0 0 0 0 0 15 19 20 19 16 18
 1.040000E+02 18 0 0 0 0 0 0 0 0 0 0 0 16 24 17 16 13 17
 1.045000E+02 4 0 0 0 0 0 0 0 0 0 0 0 17 21 15 20 16 18
 1.050000E+02 8 0 0 0 0 0 0 0 0 0 0 0 18 17 16 18 15 24
 1.055000E+02 13 0 0 0 0 0 0 0 0 1 0 0 12 19 16 19 16 24
 1.060000E+02 9 0 0 0 0 0 0 0 0 1 0 0 11 17 17 24 23 16
 1.065000E+02 10 0 0 0 0 0 0 0 0 0 0 0 13 8 13 21 24 17
 1.070000E+02 13 0 0 0 0 0 0 0 0 0 0 0 8 16 23 26 18 19
 1.075000E+02 12 0 0 0 0 0 0 0 0 0 0 0 14 17 25 25 19 13
 1.080000E+02 12 0 0 0 0 0 0 0 0 1 0 0 13 17 21 18 20 20
 1.085000E+02 11 0 0 0 0 0 0 0 0 0 0 0 10 17 24 17 20 20
 1.090000E+02 11 0 0 0 0 0 0 0 0 0 0 0 13 21 22 14 23 20
 1.095000E+02 9 0 0 0 0 0 0 0 0 0 0 0 14 14 16 14 22 18
 1.100000E+02 8 0 0 0 0 0 0 0 0 1 0 0 16 19 20 17 12 18
 1.105000E+02 10 0 0 0 0 0 0 1 0 0 0 0 18 18 22 15 12 15
 1.110000E+02 10 0 0 0 0 0 0 0 0 1 0 0 22 15 13 21 17 11
 1.115000E+02 10 0 0 0 0 0 0 0 0 0 0 0 19 15 14 17 20 18
 1.120000E+02 9 0 0 0 0 0 0 0 0 0 0 0 18 21 10 15 21 19
 1.125000E+02 10 0 0 0 0 0 0 0 0 0 0 0 17 22 12 14 24 19
 1.130000E+02 9 0 0 0 0 0 0 1 0 0 0 0 16 28 10 13 22 17
 1.135000E+02 5 0 0 0 0 0 0 0 0 0 0 0 12 21 14 11 19 16
 1.140000E+02 6 0 0 0 0 0 0 0 0 0 0 0 14 13 20 17 19 18
 1.145000E+02 9 0 0 0 0 0 0 1 0 0 0 0 13 14 24 15 19 21
 1.150000E+02 7 0 0 0 0 0 0 0 0 1 0 0 12 7 17 20 22 27
 1.155000E+02 6 0 0 0 0 0 0 0 0 1 0 0 5 19 11 20 18 24
 1.160000E+02 6 0 0 0 0 0 0 0 0 0 0 0 11 17 14 18 22 20
 1.165000E+02 6 0 0 0 0 0 0 0 0 0 0 0 14 18 14 21 25 15
 1.170000E+02 5 0 0 0 0 0 0 0 0 0 0 0 24 18 9 12 18 16
 1.175000E+02 12 0 0 0 0 0 0 0 0 0 0 0 19 18 14 10 16 13
 1.180000E+02 6 0 0 0 0 0 0 0 0 0 0 0 17 19 16 15 22 11
 1.185000E+02 7 0 0 0 0 0 0 0 0 0 0 0 15 12 22 18 14 16
 1.190000E+02 5 0 0 0 0 0 0 0 0 0 0 0 20 11 16 24 15 19
 1.195000E+02 12 0 0 0 0 0 0 0 0 0 0 0 10 14 17 27 11 16
 1.200000E+02 6 0 0 0 0 0 0 0 0 0 0 0 15 15 9 25 16 20
 1.205000E+02 12 0 0 0 0 0 0 0 0 0 0 0 16 14 7 18 24 16
 1.210000E+02 7 0 0 0 0 0 0 0 0 0 0 0 21 16 12 22 21 13
 1.215000E+02 8 0 0 0 0 0 0 0 0 0 0 0 15 18 12 15 21 19
 1.220000E+02 7 0 0 0 0 0 0 0 0 0 0 0 11 17 15 17 18 22
 1.225000E+02 7 0 0 0 0 0 0 0 0 0 0 0 11 21 17 16 9 20
 1.230000E+02 10 0 0 0 0 0 0 0 0 0 0 0 17 17 12 18 21 18
 1.235000E+02 5 0 0 0 0 0 0 0 0 0 0 0 15 14 19 17 13 19
 1.240000E+02 7 0 0 0 0 0 0 0 0 0 0 0 18 17 13 15 18 21
 1.245000E+02 6 0 0 0 0 0 0 0 0 0 0 0 14 21 17 9 15 23
 1.250000E+02 11 0 0 0 0 0 0 0 0 0 0 0 15 20 12 9 20 17
 1.255000E+02 9 0 0 0 0 0 0 0 0 0 0 0 19 23 16 15 15 15
 1.260000E+02 5 0 0 0 0 0 0 0 0 0 0 0 18 15 14 14 17 16
 1.265000E+02 6 0 0 0 0 0 0 0 0 1 0 0 18 13 14 16 13 15
 1.270000E+02 2 0 0 0 0 0 0 0 0 0 0 0 17 17 15 16 19 18
 1.275000E+02 5 0 0 0 0 0 0 0 0 0 0 0 20 16 11 15 18 16
 1.280000E+02 7 0 0 0 0 0 0 0 0 0 0 0 15 24 11 18 17 15
 1.285000E+02 6 0 0 0 0 0 0 0 0 0 0 0 16 17 10 16 18 17
 1.290000E+02 7 0 0 0 0 0 0 0 0 0 0 0 15 17 11 18 22 16
 1.295000E+02 4 0 0 0 0 0 0 0 0 0 0 0 19 15 11 15 21 16
 1.300000E+02 6 0 0 0 0 0 0 0 0 1 0 0 18 14 11 14 23 18
 1.305000E+02 10 0 0 0 0 0 0 0 0 0 0 0 22 11 13 12 18 16
 1.310000E+02 6 0 0 0 0 0 0 0 0 0 0 0 25 11 14 9 16 18
 1.315000E+02 6 0 0 0 0 0 0 0 0 0 0 0 18 9 20 11 15 23
 1.320000E+02 8 0 0 0 0 0 0 0 0 0 0 0 21 13 18 13 14 18
 1.325000E+02 8 0 0 0 0 0 0 0 0 0 0 0 18 15 19 15 16 15
 1.330000E+02 10 0 0 0 0 0 0 0 0 0 0 0 17 13 23 16 11 19
 1.335000E+02 6 0 0 0 0 0 0 0 0 0 0 0 13 17 18 12 9 27
 1.340000E+02 6 0 0 0 0 0 0 0 0 0 0 0 18 15 17 11 17 17
 1.345000E+02 10 0 0 0 0 0 0 0 0 1 0 0 16 16 11 16 15 9
 1.350000E+02 7 0 0 0 0 0 0 1 0 0 0 0 13 14 23 13 23 12
 1.355000E+02 5 0 0 0 0 0 0 0 0 1 0 0 10 18 19 18 25 11
 1.360000E+02 3 0 0 0 0 0 0 1 0 1 0 0 11 13 18 14 22 13
 1.365000E+02 7 0 0 0 0 0 0 0 0 0 0 0 14 19 17 19 14 11
 1.370000E+02 6 0 0 0 0 0 0 0 0 0 0 0 13 19 17 18 14 12
 1.375000E+02 8 0 0 0 0 0 0 0 0 0 0 0 11 21 16 22 17 11
 1.380000E+02 7 0 0 0 0 0 0 0 0 0 0 0 16 15 15 18 24 10
 1.385000E+02 9 0 0 0 0 0 0 0 0 0 0 0 12 19 12 19 15 12
 1.390000E+02 7 0 0 0 0 0 0 0 0 0 0 0 14 15 13 16 20 14
 1.395000E+02 8 0 0 0 0 0 0 0 0 1 0 0 14 19 12 14 12 16
 1.400000E+02 7 0 0 0 0 0 0 0 0 0 0 0 17 15 17 12 12 17
 1.405000E+02 5 0 0 0 0 0 0 0 0 0 0 0 16 14 16 14 16 15
 1.410000E+02 7 0 0 0 0 0 0 0 0 0 0 0 19 14 15 14 21 14
 1.415000E+02 8 0 0 0 0 0 0 0 0 0 0 0 16 16 14 19 20 17
 1.420000E+02 4 0 0 0 0 0 0 1 0 0 0 0 19 12 12 16 25 15
 1.425000E+02 5 0 0 0 0 0 0 1 0 0 0 0 15 18 12 18 12 15
 1.430000E+02 11 0 0 0 0 0 0 0 0 1 0 0 12 16 19 16 14 15
 1.435000E+02 11 0 0 0 0 0 0 0 0 1 0 0 13 10 16 18 14 16
 1.440000E+02 9 0 0 0 0 0 0 0 0 0 0 0 17 8 14 15 13 18
 1.445000E+02 5 0 0 0 0 0 0 0 0 0 0 0 19 9 21 15 12 19
 1.450000E+02 8 0 0 0 0 0 0 0 0 1 0 0 20 9 18 16 14 21
 1.455000E+02 4 0 0 0 0 0 0 0 0 1 0 0 20 15 19 12 16 18
 1.460000E+02 7 0 0 0 0 0 0 0 0 0 0 0 18 13 18 11 15 25
 1.465000E+02 9 0 0 0 0 0 0 0 0 0 0 0 14 15 20 13 15 17
 1.470000E+02 5 0 0 0 0 0 0 0 0 0 0 0 13 16 19 9 21 13
 1.475000E+02 8 0 0 0 0 0 0 0 0 0 0 0 18 14 24 10 14 11
 1.480000E+02 9 0 0 0 0 0 0 0 0 0 0 0 21 19 20 9 14 13
 1.485000E+02 7 0 0 0 0 0 0 0 0 0 0 0 20 14 19 10 10 23
 1.490000E+02 7 0 0 0 0 0 0 1 0 0 0 0 17 18 19 12 15 23
 1.495000E+02 3 0 0 0 0 1 0 0 0 1 0 0 15 22 16 13 16 14
 1.500000E+02 10 0 0 0 0 0 0 1 0 1 0 0 15 19 15 17 18 10
 1.505000E+02 7 0 0 0 0 0 0 0 0 2 0 0 14 14 18 16 18 14
 1.510000E+02 8 0 0 0 0 0 0 0 0 1 0 0 13 19 15 19 13 12
 1.515000E+02 7 0 0 0 0 0 0 1 0 0 0 0 13 18 21 21 14 10
 1.520000E+02 10 0 0 0 0 0 0 0 0 1 0 0 14 16 18 20 12 11
 1.525000E+02 9 0 0 0 0 0 0 0 0 1 0 0 13 23 22 20 14 16
 1.530000E+02 9 0 0 0 0 0 0 0 0 1 0 0 20 20 15 22 15 14
 1.535000E+02 7 0 0 0 0 0 0 0 0 0 0 0 16 15 14 15 17 13
 1.540000E+02 4 0 0 0 0 0 0 0 0 0 0 0 20 12 16 16 15 15
 1.545000E+02 9 0 0 0 0 0 0 0 0 0 0 0 15 14 20 13 18 11
 1.550000E+02 14 0 0 0 0 0 0 0 0 0 0 0 20 13 24 8 18 16
 1.555000E+02 4 0 0 0 0 0 0 0 0 0 0 0 18 12 23 18 19 12
 1.560000E+02 8 0 0 0 0 0 0 0 0 0 0 0 11 16 26 15 19 20
 1.565000E+02 12 0 0 0 0 0 0 0 0 0 0 0 12 13 23 20 19 10
 1.570000E+02 8 0 0 0 0 0 0 0 0 0 0 0 15 16 22 23 19 13
 1.575000E+02 5 0 0 0 0 0 0 0 0 0 0 0 15 26 21 13 11 15
 1.580000E+02 11 0 0 0 0 0 0 0 0 0 0 0 21 27 18 17 12 13
 1.585000E+02 7 0 0 0 0 0 0 0 0 0 0 0 12 20 22 14 18 14
 1.590000E+02 14 0 0 0 0 0 0 0 0 0 0 0 18 20 17 18 20 10
 1.595000E+02 13 0 0 0 0 0 0 0 0 0 0 0 16 22 15 20 24 11
 1.600000E+02 9 0 0 0 0 0 0 0 0 0 0 0 16 23 14 18 15 14
 1.605000E+02 8 0 0 0 0 0 0 0 0 0 0 0 20 13 17 16 15 19
 1.610000E+02 13 0 0 0 0 0 0 0 0 0 0 0 11 20 8 18 19 23
 1.615000E+02 6 0 0 0 0 0 0 0 0 0 0 0 11 16 14 11 20 26
 1.620000E+02 8 0 0 0 0 0 0 1 0 0 0 0 12 18 14 13 26 16
 1.625000E+02 7 0 0 0 0 0 0 0 0 1 0 0 10 19 20 15 18 19
 1.630000E+02 6 0 0 0 0 0 0 0 0 1 0 0 12 23 22 22 18 14
 1.635000E+02 11 0 0 0 0 0 0 0 0 1 0 0 11 17 19 28 19 13
 1.640000E+02 5 0 0 0 0 0 0 0 0 0 0 0 12 17 16 22 22 13
 1.645000E+02 9 0 0 0 0 0 0 0 0 0 0 0 18 12 11 20 27 17
 1.650000E+02 8 0 0 0 0 0 0 0 0 0 0 0 14 21 11 16 25 22
 1.655000E+02 6 0 0 0 0 0 0 0 0 0 0 0 16 25 16 13 21 17
 1.660000E+02 9 0 0 0 0 0 0 0 0 0 0 0 18 21 12 15 17 19
 1.665000E+02 10 0 0 0 0 0 0 0 0 0 0 0 21 25 10 14 14 16
 1.670000E+02 9 0 0 0 0 0 0 0 0 0 0 0 26 18 10 15 24 16
 1.675000E+02 12 0 0 0 0 0 0 0 0 0 0 0 17 12 14 15 21 25
 1.680000E+02 4 0 0 0 0 0 0 0 0 0 0 0 19 11 18 21 18 23
 1.685000E+02 8 0 0 0 0 0 0 0 0 0 0 0 15 12 13 20 17 22
 1.690000E+02 7 0 0 0 0 0 0 1 0 1 0 0 18 12 12 16 12 17
 1.695000E+02 13 0 0 0 0 0 0 0 0 2 0 0 15 22 12 15 14 15
 1.700000E+02 15 0 0 0 0 0 0 0 0 1 0 0 17 11 21 13 18 13
 1.705000E+02 11 0 0 0 0 0 0 0 0 1 0 0 18 15 18 21 16 11
 1.710000E+02 5 0 0 0 0 0 0 0 0 0 0 0 15 17 16 13 20 15
 1.715000E+02 6 0 0 0 0 0 0 0 0 0 0 0 12 15 15 21 18 22
 1.720000E+02 8 0 0 0 0 0 0 0 0 0 0 0 13 13 11 15 16 26
 1.725000E+02 11 0 0 0 0 0 0 0 0 0 0 0 17 18 8 15 17 18
 1.730000E+02 7 0 0 0 0 0 0 0 0 0 0 0 21 20 12 11 13 17
 1.735000E+02 9 0 0 0 0 0 0 0 0 1 0 0 16 20 19 15 11 12
 1.740000E+02 9 0 0 0 0 0 0 0 0 1 0 0 12 14 14 17 17 14
 1.745000E+02 6 0 0 0 0 0 0 0 0 0 0 0 14 24 18 11 17 17
 1.750000E+02 10 0 0 0 0 0 0 0 0 0 0 0 13 23 16 11 10 17
 1.755000E+02 6 0 0 0 0 0 0 0 0 0 0 0 18 28 13 8 18 16
 1.760000E+02 5 0 0 0 0 0 0 0 0 0 0 0 15 18 16 9 18 19
 1.765000E+02 8 0 0 0 0 0 0 0 0 0 0 0 17 14 17 11 17 20
 1.770000E+02 12 0 0 0 0 0 0 0 0 0 0 0 25 9 22 14 10 22
 1.775000E+02 11 0 0 0 0 0 0 0 0 0 0 0 22 13 20 10 13 17
 1.780000E+02 7 0 0 0 0 0 0 0 0 0 0 0 19 22 17 14 13 16
 1.785000E+02 9 0 0 0 0 0 0 0 0 0 0 0 16 20 16 18 14 19
 1.790000E+02 9 0 0 0 0 0 0 0 0 0 0 0 16 20 13 14 15 17
 1.795000E+02 7 0 0 0 0 0 0 0 0 1 0 0 14 19 16 15 14 14
 1.800000E+02 6 0 0 0 0 0 0 1 0 0 0 0 16 18 20 14 14 18
 1.805000E+02 14 0 0 0 0 0 0 0 0 1 0 0 20 18 20 18 11 13
 1.810000E+02 8 0 0 0 0 0 0 0 0 0 0 0 16 16 19 19 13 13
 1.815000E+02 4 0 0 0 0 0 0 0 0 0 0 0 21 10 34 15 17 11
 1.820000E+02 5 0 0 0 0 0 0 0 0 0 0 0 19 11 23 17 14 12
 1.825000E+02 6 0 0 0 0 0 0 0 0 0 0 0 19 17 18 15 15 18
 1.830000E+02 6 0 0 0 0 0 0 0 0 0 0 0 11 16 14 19 14 15
 1.835000E+02 11 0 0 0 0 0 0 0 0 0 0 0 15 21 16 14 19 15
 1.840000E+02 5 0 0 0 0 0 0 0 0 0 0 0 15 17 10 15 20 16
 1.845000E+02 5 0 0 0 0 0 0 0 0 0 0 0 16 20 14 9 23 18
 1.850000E+02 6 0 0 0 0 0 0 0 0 0 0 0 16 18 18 9 23 15
 1.855000E+02 7 0 0 0 0 0 0 0 0 0 0 0 17 19 20 10 15 15
 1.860000E+02 10 0 0 0 0 0 0 0 0 0 0 0 10 24 16 14 22 11
 1.865000E+02 5 0 0 0 0 0 0 0 0 0 0 0 17 17 18 14 25 11
 1.870000E+02 6 0 0 0 0 0 0 0 0 0 0 0 17 16 20 14 16 14
 1.875000E+02 5 0 0 0 0 0 0 0 0 0 0 0 17 22 18 19 19 17
 1.880000E+02 6 0 0 0 0 0 0 0 0 0 0 0 9 17 25 18 13 18
 1.885000E+02 8 0 0 0 0 0 0 0 0 0 0 0 9 17 24 15 18 16
 1.890000E+02 9 0 0 0 0 0 0 0 0 0 0 0 13 15 24 12 18 17
 1.895000E+02 10 0 0 0 0 0 0 0 0 0 0 0 18 16 21 10 19 18
 1.900000E+02 6 0 0 0 0 0 0 0 0 0 0 0 15 22 16 16 17 25
 1.905000E+02 10 0 0 0 0 0 0 0 0 0 0 0 15 20 20 18 13 20
 1.910000E+02 3 0 0 0 0 0 0 0 0 0 0 0 21 18 16 13 15 16
 1.915000E+02 6 0 0 0 0 0 0 0 0 0 0 0 18 15 16 17 14 19
 1.920000E+02 9 0 0 0 0 0 0 0 0 0 0 0 19 20 9 17 13 16
 1.925000E+02 7 0 0 0 0 0 0 0 0 0 0 0 18 21 8 18 24 18
 1.930000E+02 3 0 0 0 0 0 0 0 0 0 0 0 18 25 14 18 18 16
 1.935000E+02 5 0 0 0 0 0 0 0 0 1 0 0 20 16 15 13 18 16
 1.940000E+02 10 0 0 0 0 0 0 0 0 1 0 0 21 13 21 15 14 17
 1.945000E+02 10 0 0 0 0 0 0 1 0 1 0 0 16 8 22 12 24 21
 1.950000E+02 6 0 0 0 0 0 0 0 0 1 0 0 16 11 19 10 22 22
 1.955000E+02 4 0 0 0 0 0 0 1 0 0 0 0 21 13 19 9 18 17
 1.960000E+02 8 0 0 0 0 0 0 1 0 0 0 0 16 19 16 14 22 16
 1.965000E+02 9 0 0 0 0 0 0 0 0 1 0 0 19 20 16 13 22 25
 1.970000E+02 8 0 0 0 0 0 0 1 0 0 0 0 22 19 15 22 14 28
 1.975000E+02 8 0 0 0 0 0 0 1 0 0 0 0 16 20 10 20 12 27
 1.980000E+02 8 0 0 0 0 0 0 0 0 1 0 0 15 22 19 20 17 22
 1.985000E+02 10 0 0 0 0 0 0 0 0 2 0 0 18 25 9 20 17 16
 1.990000E+02 7 0 0 0 0 0 0 0 0 1 0 0 18 30 15 13 17 18
 1.995000E+02 6 0 0 0 0 0 0 1 0 0 0 0 19 22 16 18 14 18
 2.000000E+02 8 0 0 0 0 0 0 0 0 0 0 0 18 18 18 20 16 25
 2.005000E+02 12 0 0 0 0 0 0 0 0 0 0 0 12 15 19 24 18 21
 2.010000E+02 9 0 0 0 0 0 0 0 0 0 0 0 11 8 20 23 18 17
 2.015000E+02 7 0 0 0 0 0 0 0 0 1 0 0 17 15 16 22 22 17
 2.020000E+02 3 0 0 0 0 0 0 0 0 0 0 0 14 10 16 28 23 16
 2.025000E+02 6 0 0 0 0 0 0 0 0 0 0 0 17 14 16 29 14 11
 2.030000E+02 6 0 0 0 0 0 0 0 0 0 0 0 18 15 17 22 15 16
 2.035000E+02 10 0 0 0 0 0 0 0 0 1 0 0 10 13 17 21 11 19
 2.040000E+02 4 0 0 0 0 0 0 0 0 0 1 0 17 13 22 20 11 21
 2.045000E+02 11 0 0 0 0 0 0 0 0 0 0 1 22 13 15 17 14 19
 2.050000E+02 8 0 0 0 0 0 0 0 0 0 0 0 18 7 15 11 18 18
 2.055000E+02 7 0 0 0 0 0 0 0 0 0 0 0 14 10 13 15 17 14
 2.060000E+02 8 0 0 0 0 0 0 0 0 0 0 0 19 11 21 12 16 16
 2.065000E+02 13 0 0 0 0 0 0 0 0 0 0 0 14 16 25 12 14 12
 2.070000E+02 6 0 0 0 0 0 0 0 0 0 0 0 14 18 18 20 14 13
 2.075000E+02 10 0 0 0 0 0 0 0 0 0 0 0 15 20 21 16 15 16
 2.080000E+02 14 0 0 0 0 0 0 0 0 0 0 0 10 13 18 17 15 14
 2.085000E+02 10 0 0 0 0 0 0 0 0 0 0 0 16 10 15 17 15 20
 2.090000E+02 5 0 0 0 0 0 0 0 0 0 0 0 13 9 21 17 14 19
 2.095000E+02 10 0 0 0 0 0 0 0 0 0 0 0 14 7 23 11 15 21
 2.100000E+02 10 0 0 0 0 0 0 0 0 0 0 0 18 5 24 12 16 17
 2.105000E+02 11 0 0 0 0 0 0 0 0 1 0 0 24 8 21 18 18 12
 2.110000E+02 9 0 0 0 0 0 0 0 0 1 0 0 17 10 19 18 16 13
 2.115000E+02 11 0 0 0 0 0 0 0 0 0 0 0 17 13 26 14 12 15
 2.120000E+02 5 0 0 0 0 0 0 0 0 0 0 0 17 25 14 16 16 21
 2.125000E+02 10 0 0 0 0 0 0 0 0 1 0 0 17 16 10 18 13 19
 2.130000E+02 10 0 0 0 0 0 0 0 0 0 0 0 15 16 15 15 11 11
 2.135000E+02 5 0 0 0 0 0 0 0 0 0 0 0 19 18 17 11 15 15
 2.140000E+02 8 0 0 0 0 0 0 0 0 0 0 0 15 15 18 8 10 19
 2.145000E+02 9 0 0 0 0 0 0 0 0 0 0 0 17 15 18 14 13 16
 2.150000E+02 13 0 0 0 0 0 0 0 0 0 0 0 23 16 17 16 12 20
 2.155000E+02 11 0 0 0 0 0 0 0 0 0 0 0 17 16 17 17 12 20
 2.160000E+02 10 0 0 0 0 0 0 0 0 0 0 0 20 16 13 13 15 20
 2.165000E+02 16 0 0 0 0 0 0 0 0 0 0 0 21 17 11 13 15 11
 2.170000E+02 11 0 0 0 0 0 0 0 0 0 0 0 21 18 9 15 22 13
 2.175000E+02 5 0 0 0 0 0 0 0 0 0 0 0 21 16 15 13 18 22
 2.180000E+02 9 0 0 0 0 0 0 0 0 0 0 0 15 16 11 20 11 13
 2.185000E+02 7 0 0 0 0 0 0 0 0 0 0 0 18 17 10 15 12 18
 2.190000E+02 11 0 0 0 0 0 0 0 0 0 0 0 17 8 13 15 11 19
 2.195000E+02 5 0 0 0 0 0 0 0 0 0 0 0 14 10 15 15 14 19
 2.200000E+02 14 0 0 0 0 0 0 0 0 0 0 0 17 15 21 11 12 15
 2.205000E+02 7 0 0 0 0 0 0 0 0 0 0 0 23 20 21 10 14 15
 2.210000E+02 10 0 0 0 0 0 0 0 0 0 0 0 15 19 25 11 11 10
 2.215000E+02 4 0 0 0 0 0 0 0 0 0 0 0 13 17 14 19 18 12
 2.220000E+02 5 0 0 0 0 0 0 0 0 0 0 0 14 19 15 17 14 14
 2.225000E+02 8 0 0 0 0 0 0 0 0 0 0 0 12 20 13 23 12 16
 2.230000E+02 9 0 0 0 0 0 0 0 0 0 0 0 18 16 19 22 15 17
 2.235000E+02 9 0 0 0 0 0 0 0 0 0 0 0 18 12 17 16 15 17
 2.240000E+02 3 0 0 0 0 0 0 0 0 1 0 0 13 15 19 12 22 13
 2.245000E+02 8 0 0 0 0 0 0 0 0 1 0 0 16 20 20 13 20 10
 2.250000E+02 7 0 0 1 0 0 0 0 0 0 0 0 19 14 21 11 18 11
 2.255000E+02 7 0 0 0 0 0 0 0 0 1 0 0 28 18 16 14 20 15
 2.260000E+02 12 0 0 0 0 0 0 0 0 1 0 0 23 10 17 14 12 16
 2.265000E+02 7 0 0 0 0 0 0 0 0 0 0 0 23 16 19 11 20 19
 2.270000E+02 10 0 0 0 0 0 0 0 0 0 0 0 19 17 15 10 10 18
 2.275000E+02 10 0 0 0 0 0 0 0 0 0 0 0 17 23 14 13 14 20
 2.280000E+02 9 0 0 0 0 0 0 0 0 0 0 0 19 21 19 18 13 12
 2.285000E+02 6 0 0 0 0 0 0 0 0 0 0 0 20 21 19 13 12 18
 2.290000E+02 11 0 0 0 0 0 0 0 0 0 0 0 17 19 19 14 12 13
 2.295000E+02 10 0 0 0 0 0 0 0 0 0 0 0 14 11 18 13 9 17
 2.300000E+02 5 0 0 0 0 0 0 0 0 0 0 0 16 15 21 12 7 16
 2.305000E+02 7 0 0 0 0 0 0 0 0 0 0 0 20 14 17 15 16 19
 2.310000E+02 7 0 0 0 0 0 0 0 0 0 0 0 15 18 16 13 13 18
 2.315000E+02 9 0 0 0 0 0 0 0 0 0 0 0 12 15 19 18 16 19
 2.320000E+02 8 0 0 0 1 0 0 0 0 0 0 0 15 19 17 17 25 16
 2.325000E+02 8 0 0 0 0 0 0 0 0 1 0 0 21 19 14 16 18 12
 2.330000E+02 9 0 0 0 0 0 0 0 0 0 0 0 21 20 17 19 13 12
 2.335000E+02 9 0 0 0 0 0 0 0 0 0 0 0 17 15 20 18 10 16
 2.340000E+02 10 0 0 0 0 0 0 0 0 0 0 0 17 17 17 17 13 22
 2.345000E+02 6 0 0 1 0 0 0 0 0 0 0 0 15 16 13 11 21 26
 2.350000E+02 12 0 0 0 0 0 0 0 0 0 0 0 15 19 20 9 15 22
 2.355000E+02 7 0 0 0 0 0 0 0 0 0 0 0 15 15 17 20 20 14
 2.360000E+02 9 0 0 0 0 0 0 0 0 0 0 0 21 13 20 21 13 12
 2.365000E+02 7 0 0 0 0 0 0 0 0 0 0 0 23 12 24 12 19 13
 2.370000E+02 12 0 0 0 0 0 0 0 0 1 0 0 21 15 18 8 21 15
 2.375000E+02 4 0 0 0 0 0 0 0 0 0 0 0 13 19 13 15 17 23
 2.380000E+02 6 0 0 0 0 0 0 0 0 0 0 0 17 13 20 14 15 21
 2.385000E+02 8 0 0 0 0 0 0 0 0 2 0 0 15 13 17 10 15 21
 2.390000E+02 5 0 0 0 0 0 0 0 0 2 0 0 10 15 18 13 13 15
 2.395000E+02 9 0 0 0 0 0 0 0 0 1 0 0 18 18 16 17 11 15
 2.400000E+02 7 0 0 0 0 0 0 0 0 1 0 0 15 21 19 18 10 17
 2.405000E+02 10 0 0 1 1 0 0 0 0 0 0 0 15 15 20 18 14 18
 2.410000E+02 7 0 0 0 0 0 0 0 0 0 0 0 19 18 18 16 17 18
 2.415000E+02 18 0 0 0 0 0 0 0 0 0 0 0 17 16 19 11 19 13
 2.420000E+02 9 0 0 0 0 0 0 0 0 0 0 0 20 15 14 13 13 20
 2.425000E+02 4 0 0 0 0 0 0 0 0 0 0 0 21 20 14 13 11 16
 2.430000E+02 15 0 0 0 0 0 0 0 0 0 0 0 15 17 21 14 14 18
 2.435000E+02 8 0 0 0 0 0 0 1 0 0 0 0 15 20 22 10 14 17
 2.440000E+02 7 0 0 0 0 0 0 0 0 1 0 0 17 23 17 13 10 22
 2.445000E+02 9 0 0 0 0 0 0 0 0 1 0 0 18 20 20 13 14 18
 2.450000E+02 8 0 0 0 0 0 0 0 0 0 0 1 16 17 20 15 20 17
 2.455000E+02 5 0 0 0 0 0 0 0 0 1 0 0 17 14 22 17 15 18
 2.460000E+02 7 0 0 0 0 0 0 0 0 0 0 0 8 20 19 13 15 17
 2.465000E+02 14 0 0 0 0 0 0 0 0 0 0 0 14 24 20 15 16 21
 2.470000E+02 8 0 0 0 0 0 0 0 0 0 0 0 13 15 22 22 18 15
 2.475000E+02 10 0 0 0 0 0 0 0 0 0 0 0 14 9 18 16 16 14
 2.480000E+02 7 0 0 0 0 0 0 0 0 0 0 1 16 16 21 14 15 14
 2.485000E+02 2 0 0 0 1 0 0 0 0 1 0 0 11 15 21 17 16 15
 2.490000E+02 8 0 0 0 0 0 0 0 0 1 1 0 18 18 16 21 19 11
 2.495000E+02 9 0 0 0 0 0 0 0 0 1 0 0 13 14 20 22 19 11
 2.500000E+02 6 0 0 0 0 0 0 0 0 1 0 0 16 16 13 20 18 20
 2.505000E+02 1168 0 0 1 0 0 0 0 0 9 0 0 0 0 0 0 0 0
 2.510000E+02 1795 0 0 6 1 0 0 0 0 23 0 0 0 0 0 0 0 0
 2.515000E+02 2104 2 0 5 0 0 0 5 0 27 0 1 0 0 0 0 0 0
 2.520000E+02 2185 0 0 11 0 0 0 2 0 28 2 1 0 0 0 0 0 0
 2.525000E+02 891 0 0 5 1 0 0 2 0 33 3 0 0 0 0 0 0 0
 2.530000E+02 400 0 0 2 0 0 0 3 0 25 0 0 0 0 0 0 0 0
 2.535000E+02 165 0 0 2 0 0 0 1 0 12 0 1 0 0 0 0 0 0
 2.540000E+02 100 0 0 3 0 0 0 0 0 11 0 0 3 3 0 2 4 3
 2.545000E+02 1293 2 0 1 0 0 0 1 0 18 1 1 0 0 0 0 0 0
 2.550000E+02 1876 0 0 4 1 0 0 0 0 23 0 1 0 0 0 0 0 0
 2.555000E+02 2170 0 0 3 0 0 0 5 0 31 0 0 0 0 0 0 0 0
 2.560000E+02 2261 0 0 2 1 2 0 3 0 39 0 1 0 0 0 0 0 0
 2.565000E+02 933 0 1 4 0 0 0 4 0 25 2 2 0 0 0 0 0 0
 2.570000E+02 402 0 0 5 0 1 0 3 0 23 0 0 0 0 1 1 1 0
 2.575000E+02 192 2 0 3 0 1 0 3 0 14 0 0 0 0 1 0 0 1
 2.580000E+02 94 0 0 2 0 0 0 1 1 9 1 0 2 2 2 1 0 0
 2.585000E+02 1423 0 0 2 0 0 0 6 0 11 0 0 0 0 0 0 0 0
 2.590000E+02 1921 0 0 2 1 2 0 3 0 31 0 0 0 0 0 0 0 0
 2.595000E+02 2103 2 0 3 0 1 0 3 1 26 1 0 0 0 0 0 0 0
 2.600000E+02 2213 0 0 5 0 2 0 2 0 36 1 0 0 0 0 0 0 0
 2.605000E+02 1001 2 0 1 0 0 0 3 0 29 1 0 0 0 0 0 0 0
 2.610000E+02 457 0 0 3 0 0 0 3 0 21 0 0 0 0 0 0 0 0
 2.615000E+02 211 1 0 0 0 0 0 2 0 10 1 2 1 0 0 0 0 0
 2.620000E+02 105 1 0 2 0 0 0 1 0 9 0 0 1 1 0 4 1 3
 2.625000E+02 1362 0 0 1 0 1 0 5 1 8 0 0 0 0 0 0 0 0
 2.630000E+02 1880 1 0 0 0 1 0 3 0 22 0 0 0 0 0 0 0 0
 2.635000E+02 2118 1 0 0 0 3 0 7 0 26 1 1 0 0 0 0 0 0
 2.640000E+02 2183 1 0 1 0 1 0 8 0 46 2 0 0 0 0 0 0 0
 2.645000E+02 937 0 0 0 1 0 0 9 0 40 1 0 0 0 0 0 0 0
 2.650000E+02 399 1 0 1 0 1 0 2 0 22 0 2 0 0 0 0 0 0
 2.655000E+02 176 0 0 1 0 0 0 4 0 18 0 1 0 0 2 0 0 0
 2.660000E+02 95 0 0 0 0 0 0 4 0 14 0 0 1 0 1 2 4 1
 2.665000E+02 1367 0 0 0 0 1 0 1 0 19 1 0 0 0 0 0 0 0
 2.670000E+02 1914 0 0 2 0 3 0 5 0 23 0 0 0 0 0 0 0 0
 2.675000E+02 2139 1 0 0 0 2 0 3 1 42 0 1 0 0 0 0 0 0
 2.680000E+02 2225 2 0 3 0 1 0 10 0 35 0 1 0 0 0 0 0 0
 2.685000E+02 980 0 0 2 0 1 0 6 0 30 0 0 0 0 1 0 0 0
 2.690000E+02 434 1 0 0 0 1 0 1 0 33 0 0 0 0 0 0 1 0
 2.695000E+02 203 0 0 1 0 0 0 2 0 21 0 0 0 1 0 0 0 1
 2.700000E+02 97 1 0 1 0 0 0 4 0 15 0 0 1 1 0 3 2 3
 2.705000E+02 1309 1 0 0 0 2 0 3 0 19 1 0 0 0 0 0 0 0
 2.710000E+02 1871 0 0 2 0 0 0 6 0 25 1 0 0 0 0 0 0 0
 2.715000E+02 2168 2 0 0 0 2 0 2 0 36 1 1 0 0 0 0 0 0
 2.720000E+02 2245 0 0 0 0 4 0 7 0 34 0 1 0 0 0 0 0 0
 2.725000E+02 960 2 0 1 1 2 0 3 1 38 0 0 0 0 0 0 0 0
 2.730000E+02 437 0 0 2 0 0 0 4 0 26 1 0 0 0 0 0 1 0
 2.735000E+02 197 0 0 0 0 2 0 5 0 19 0 0 0 1 0 0 1 1
 2.740000E+02 92 0 0 0 0 1 0 3 1 13 0 0 2 1 1 1 3 2
 2.745000E+02 1379 0 0 0 0 0 0 2 0 13 0 0 0 0 0 0 0 0
 2.750000E+02 1889 1 0 2 0 2 0 7 0 26 0 0 0 0 0 0 0 0
 2.755000E+02 2203 4 0 1 0 3 0 11 0 22 0 0 0 0 0 0 0 0
 2.760000E+02 2311 2 0 0 0 1 0 4 0 34 0 1 0 0 0 0 0 0
 2.765000E+02 997 1 0 0 0 2 0 7 0 34 0 0 0 0 0 0 0 0
 2.770000E+02 451 0 0 0 0 2 0 2 0 24 0 0 0 0 0 0 0 0
 2.775000E+02 213 0 0 0 0 0 0 5 1 11 0 0 0 0 0 0 0 1
 2.780000E+02 112 0 0 0 0 1 0 1 0 11 0 1 0 3 2 2 3 1
 2.785000E+02 1382 0 0 1 0 1 0 6 0 14 0 0 0 0 0 0 0 0
 2.790000E+02 1881 0 0 0 0 1 0 8 0 23 0 0 0 0 0 0 0 0
 2.795000E+02 2112 0 0 0 0 1 0 9 1 33 1 0 0 0 0 0 0 0
 2.800000E+02 2327 0 0 0 0 2 0 6 0 40 2 3 0 0 0 0 0 0
 2.805000E+02 1010 1 0 0 0 1 0 8 0 33 2 1 0 0 0 0 0 1
 2.810000E+02 448 0 0 2 0 3 0 3 0 27 0 0 0 0 0 0 0 0
 2.815000E+02 189 0 0 2 0 2 0 0 1 22 0 0 0 0 0 1 0 2
 2.820000E+02 107 1 0 0 0 1 0 2 0 12 0 1 2 2 1 2 0 1
 2.825000E+02 1390 1 0 0 0 0 0 1 0 19 0 0 0 0 0 0 0 0
 2.830000E+02 1847 0 0 1 0 4 0 5 0 16 0 0 0 0 0 0 0 0
 2.835000E+02 2132 0 0 1 0 3 1 2 0 27 0 0 0 0 0 0 0 0
 2.840000E+02 2252 0 0 0 0 1 0 9 0 32 1 0 0 0 0 0 0 0
 2.845000E+02 995 0 0 0 0 2 0 5 0 36 0 0 0 0 1 0 0 0
 2.850000E+02 447 0 0 1 0 0 0 4 0 23 0 0 0 0 0 1 0 0
 2.855000E+02 219 0 0 0 0 0 0 2 0 16 1 0 0 1 1 1 0 0
 2.860000E+02 111 0 0 0 0 0 0 1 0 13 0 0 1 3 1 2 2 1
 2.865000E+02 1423 2 0 0 0 3 0 2 0 16 0 0 0 0 0 0 0 0
 2.870000E+02 1958 1 0 0 0 3 0 5 0 25 1 0 1 0 0 0 0 0
 2.875000E+02 2210 0 0 2 0 2 0 5 0 32 0 0 0 0 0 0 0 0
 2.880000E+02 2224 3 0 0 0 0 1 6 0 38 0 0 0 0 0 0 0 0
 2.885000E+02 913 0 0 0 0 1 0 4 0 31 1 0 0 0 0 0 0 0
 2.890000E+02 428 0 0 3 0 0 0 1 0 22 1 0 0 1 0 0 2 0
 2.895000E+02 209 1 0 2 0 1 0 3 0 10 0 0 0 1 1 0 1 0
 2.900000E+02 101 1 0 0 0 1 0 1 0 10 0 0 2 3 2 1 0 2
 2.905000E+02 79 0 0 0 0 1 0 1 0 4 0 0 2 5 2 5 4 2
 2.910000E+02 55 0 0 0 0 0 0 1 0 3 0 0 3 8 6 6 8 9
 2.915000E+02 44 0 0 0 0 0 0 0 0 4 0 0 8 14 14 3 7 7
 2.920000E+02 52 0 0 0 0 0 0 1 0 3 0 0 11 11 9 17 10 12
 2.925000E+02 28 0 0 0 0 0 0 0 0 1 0 0 6 6 12 7 6 23
 2.930000E+02 27 0 0 1 0 0 0 0 0 1 0 0 15 14 14 9 6 11
 2.935000E+02 26 0 0 0 0 0 0 0 0 2 0 0 12 11 13 23 7 13
 2.940000E+02 21 0 0 0 0 0 0 0 0 1 0 0 9 14 12 16 16 15
 2.945000E+02 23 0 0 0 0 0 0 0 0 0 0 1 17 12 19 20 12 11
 2.950000E+02 30 0 0 0 0 0 0 0 0 1 0 0 14 19 19 13 9 16
 2.955000E+02 22 0 0 0 0 0 0 1 0 0 0 0 21 16 9 10 19 21
 2.960000E+02 17 0 0 0 0 0 0 0 0 1 0 0 16 20 19 17 14 20
 2.965000E+02 27 0 0 0 0 0 0 1 0 0 0 0 20 19 21 16 15 13
 2.970000E+02 25 0 0 0 0 0 0 0 0 0 0 0 22 25 12 12 15 20
 2.975000E+02 27 0 0 0 0 0 0 0 0 1 0 0 13 25 12 16 14 18
 2.980000E+02 24 0 0 0 0 0 0 0 0 0 0 0 21 25 9 15 17 15
 2.985000E+02 21 0 0 0 0 0 0 0 0 0 0 0 22 17 14 18 16 19
 2.990000E+02 17 0 0 0 0 0 0 0 0 0 0 0 17 24 20 17 15 19
 2.995000E+02 15 0 0 0 0 0 0 0 0 2 0 0 23 21 19 15 15 13
 3.000000E+02 14 0 0 0 0 0 0 0 0 1 0 0 16 20 20 10 20 17
 3.005000E+02 20 0 0 0 0 0 0 0 0 1 0 0 24 18 11 20 20 17
 3.010000E+02 10 0 0 1 0 0 0 0 0 0 0 0 17 16 21 17 21 21
 3.015000E+02 16 0 0 0 0 0 0 1 0 0 0 0 21 17 16 15 21 25
 3.020000E+02 18 0 0 0 0 0 0 0 0 2 0 0 22 16 20 18 16 25
 3.025000E+02 14 0 0 0 0 0 0 0 0 1 0 0 19 11 15 17 20 25
 3.030000E+02 19 0 0 0 0 0 0 0 0 1 0 0 26 21 21 15 22 21
 3.035000E+02 22 0 0 0 0 0 0 0 0 0 0 0 21 22 15 20 20 13
 3.040000E+02 13 0 0 0 0 0 0 0 0 1 0 0 21 22 15 23 19 20
 3.045000E+02 19 0 0 0 0 0 0 0 0 1 0 0 16 25 20 19 13 16
 3.050000E+02 17 0 0 0 0 0 0 0 0 0 0 0 27 17 18 18 28 17
 3.055000E+02 9 0 0 0 0 0 0 0 0 0 0 0 18 21 14 23 22 14
 3.060000E+02 19 0 0 0 0 0 0 0 0 1 0 0 24 24 16 18 13 15
 3.065000E+02 17 0 0 0 0 0 0 0 0 0 0 0 31 25 16 25 14 18
 3.070000E+02 12 0 0 0 0 0 0 0 0 0 0 0 20 21 9 15 19 21
 3.075000E+02 13 0 0 0 0 0 0 0 0 0 0 0 19 21 13 15 26 25
 3.080000E+02 14 0 0 0 0 0 0 0 0 1 0 0 21 19 16 13 21 21
 3.085000E+02 12 0 0 0 0 0 0 0 0 1 0 0 21 18 20 16 14 23
 3.090000E+02 13 0 0 0 0 1 0 0 0 0 0 0 17 20 19 21 17 18
 3.095000E+02 11 0 0 0 0 0 0 0 0 1 0 0 20 26 19 15 20 22
 3.100000E+02 17 0 0 0 0 0 0 0 0 1 0 0 14 24 23 18 20 12
 3.105000E+02 14 0 0 0 0 0 0 0 0 0 0 0 19 23 15 26 15 20
 3.110000E+02 10 0 0 0 0 0 0 0 0 0 0 0 22 18 13 25 12 17
 3.115000E+02 13 0 0 0 0 0 0 0 0 0 0 0 18 20 17 28 15 11
 3.120000E+02 13 0 0 0 0 0 0 0 0 2 0 0 18 15 11 29 18 14
 3.125000E+02 14 0 0 0 0 0 0 0 0 1 0 0 19 19 18 19 26 14
 3.130000E+02 16 0 0 0 0 0 0 0 0 0 0 0 16 20 23 13 26 23
 3.135000E+02 11 0 0 0 0 0 0 0 0 1 0 0 15 19 27 11 25 19
 3.140000E+02 12 0 0 0 0 0 0 0 0 1 0 0 17 24 18 11 22 16
 3.145000E+02 14 0 0 0 0 0 0 0 0 1 0 0 25 22 20 16 16 14
 3.150000E+02 13 0 0 0 0 0 0 0 0 1 0 0 17 20 24 15 15 18
 3.155000E+02 13 0 0 0 0 0 0 0 0 1 0 0 14 21 24 20 15 21
 3.160000E+02 10 1 0 0 0 0 0 0 0 0 0 0 22 21 21 11 16 25
 3.165000E+02 17 0 0 0 0 0 0 0 0 2 0 0 19 23 18 22 14 17
 3.170000E+02 13 0 0 0 0 0 0 0 0 1 0 0 19 22 13 25 20 18
 3.175000E+02 8 0 0 0 0 0 0 0 0 1 0 0 15 17 19 27 16 13
 3.180000E+02 14 0 0 0 0 0 0 0 0 0 0 0 28 16 17 21 16 12
 3.185000E+02 11 0 0 0 0 0 0 0 0 0 0 0 25 20 25 30 11 14
 3.190000E+02 13 0 0 0 0 0 0 0 0 0 0 0 22 24 25 24 8 19
 3.195000E+02 7 0 0 0 0 0 0 0 0 0 0 0 16 20 31 28 10 15
 3.200000E+02 15 0 0 0 0 0 0 0 0 0 0 0 13 16 24 19 20 16
 3.205000E+02 7 0 0 0 0 0 0 0 0 0 0 0 23 18 18 19 20 18
 3.210000E+02 8 0 0 0 0 0 0 0 0 0 0 0 28 20 15 18 20 20
 3.215000E+02 11 0 0 0 0 0 0 0 0 0 0 0 24 20 14 9 19 20
 3.220000E+02 15 0 0 0 0 0 0 0 0 0 0 0 25 21 11 15 22 24
 3.225000E+02 8 0 0 0 0 0 0 0 0 0 0 0 14 18 11 20 21 25
 3.230000E+02 17 0 0 0 0 0 0 0 0 0 0 0 11 19 16 22 12 25
 3.235000E+02 8 0 0 0 0 0 0 0 0 0 0 0 17 23 15 20 18 17
 3.240000E+02 12 0 0 1 0 0 0 0 0 0 0 0 19 21 19 23 23 17
 3.245000E+02 11 0 0 0 0 0 0 0 0 1 0 0 18 20 19 15 27 19
 3.250000E+02 8 0 0 0 0 0 0 1 0 0 0 0 18 25 21 15 23 13
 3.255000E+02 18 0 0 0 0 0 0 0 0 0 0 0 23 15 27 16 21 13
 3.260000E+02 5 0 0 0 0 0 0 0 0 0 0 0 18 19 19 23 33 19
 3.265000E+02 11 0 0 0 0 0 0 0 0 0 0 0 19 19 21 16 21 21
 3.270000E+02 12 0 0 0 0 1 0 0 0 0 0 0 14 20 20 14 20 21
 3.275000E+02 10 0 0 0 0 0 0 0 0 1 0 0 15 24 19 22 17 17
 3.280000E+02 7 0 0 0 0 0 0 0 0 1 0 0 18 21 10 18 12 20
 3.285000E+02 9 0 0 0 0 0 0 0 0 0 0 0 23 23 14 22 18 15
 3.290000E+02 7 0 0 0 0 0 0 0 0 0 0 0 27 28 10 15 18 13
 3.295000E+02 8 0 0 0 0 0 0 0 0 0 0 0 22 20 13 19 19 24
 3.300000E+02 7 0 0 0 0 0 0 0 0 0 0 0 24 17 13 24 21 16
 3.305000E+02 9 0 0 0 0 0 0 0 0 0 0 0 23 16 18 23 15 19
 3.310000E+02 11 0 0 0 0 0 0 0 0 0 0 0 22 13 19 22 13 18
 3.315000E+02 10 0 0 0 0 0 0 0 0 0 0 0 21 21 19 15 17 21
 3.320000E+02 13 0 0 0 0 0 0 0 0 0 0 0 14 23 17 23 17 17
 3.325000E+02 5 0 0 0 0 0 0 0 0 0 0 0 17 20 14 23 16 14
 3.330000E+02 5 0 0 0 0 0 0 0 0 0 0 0 21 16 13 23 20 11
 3.335000E+02 5 0 0 0 0 0 0 0 0 0 0 0 20 9 14 26 8 18
 3.340000E+02 9 0 0 0 0 0 0 0 0 0 0 0 14 16 12 20 15 23
 3.345000E+02 13 0 0 0 0 0 0 0 0 0 0 0 18 13 17 20 14 14
 3.350000E+02 5 0 0 0 0 0 0 0 0 0 0 0 21 26 17 21 12 19
 3.355000E+02 7 0 0 0 0 0 0 0 0 0 0 0 21 21 19 23 12 13
 3.360000E+02 8 0 0 0 0 0 0 0 0 0 0 0 17 13 16 28 13 14
 3.365000E+02 7 0 0 0 0 0 0 0 0 0 0 0 17 16 17 23 20 15
 3.370000E+02 10 0 0 0 0 0 0 0 0 0 0 0 21 18 17 16 17 17
 3.375000E+02 6 0 0 0 0 0 0 0 0 1 0 0 15 16 16 14 22 21
 3.380000E+02 10 0 0 0 0 0 0 1 0 0 0 0 28 16 20 16 21 18
 3.385000E+02 12 0 0 0 0 0 0 0 0 1 0 0 22 23 14 14 23 15
 3.390000E+02 11 0 0 0 0 0 0 0 0 1 0 0 19 19 11 17 29 17
 3.395000E+02 8 0 0 0 0 0 0 0 0 1 0 0 18 18 12 14 18 22
 3.400000E+02 7 0 0 0 0 0 0 0 0 0 0 0 21 18 15 18 18 18
 3.405000E+02 8 0 0 0 0 0 0 0 0 0 0 0 22 21 16 17 15 19
 3.410000E+02 7 0 0 0 0 0 0 0 0 0 0 0 13 20 17 22 23 14
 3.415000E+02 10 0 0 0 0 0 0 0 0 0 0 0 19 17 15 13 28 11
 3.420000E+02 11 0 0 0 0 0 0 0 0 0 0 0 18 15 22 16 25 13
 3.425000E+02 8 0 0 0 0 0 0 0 0 0 0 0 22 25 21 18 21 15
 3.430000E+02 11 0 0 0 0 0 0 0 0 0 0 0 17 20 12 19 21 18
 3.435000E+02 8 0 0 0 0 0 0 0 0 0 0 0 19 21 12 15 26 17
 3.440000E+02 4 0 0 0 0 0 0 0 0 0 0 0 23 21 16 15 18 12
 3.445000E+02 9 0 0 0 0 0 0 0 0 0 0 0 17 22 14 17 13 11
 3.450000E+02 9 0 0 0 0 0 0 0 0 0 0 0 21 16 20 20 23 13
 3.455000E+02 15 0 0 0 0 0 0 0 0 0 0 0 23 22 22 23 16 13
 3.460000E+02 11 0 0 0 0 0 0 0 0 0 0 0 18 20 23 22 17 7
 3.465000E+02 10 0 0 0 0 0 0 0 0 0 0 0 12 17 15 16 17 17
 3.470000E+02 9 0 0 0 0 0 0 0 0 0 0 0 16 18 21 18 26 13
 3.475000E+02 7 0 0 0 0 0 0 0 0 0 0 0 17 17 19 18 18 18
 3.480000E+02 12 0 0 0 0 0 0 0 0 0 0 0 15 13 25 27 23 17
 3.485000E+02 9 0 0 0 0 0 0 0 0 0 0 0 19 22 23 22 18 15
 3.490000E+02 10 0 0 0 0 0 0 0 0 0 0 0 22 18 20 17 23 16
 3.495000E+02 5 0 0 0 0 0 0 0 0 1 0 0 30 16 18 12 23 17
 3.500000E+02 11 0 0 0 0 0 0 0 0 1 0 0 22 21 10 19 16 19
 3.505000E+02 7 0 0 0 0 0 0 1 0 0 0 0 18 13 10 24 14 15
 3.510000E+02 7 0 0 0 0 0 0 0 0 1 0 0 23 19 21 26 11 15
 3.515000E+02 9 0 0 0 0 0 0 0 0 1 0 0 18 16 15 27 16 12
 3.520000E+02 10 0 0 0 0 0 0 0 0 1 0 0 16 17 13 31 20 18
 3.525000E+02 11 0 0 0 0 0 0 0 0 0 0 0 19 16 15 31 24 15
 3.530000E+02 10 0 0 0 0 0 0 0 0 0 0 0 21 17 15 30 19 17
 3.535000E+02 16 0 0 0 0 0 0 0 0 0 0 0 19 18 16 22 16 13
 3.540000E+02 12 0 0 0 0 0 0 0 0 0 0 0 14 18 21 21 13 14
 3.545000E+02 5 0 0 0 0 0 0 0 0 0 0 0 15 22 17 15 13 15
 3.550000E+02 10 0 0 0 0 0 0 0 0 0 0 0 13 19 12 15 26 23
 3.555000E+02 13 0 0 0 0 0 0 0 0 0 0 0 15 14 12 21 16 28
 3.560000E+02 9 0 0 0 0 0 0 0 0 0 0 0 18 17 18 22 15 20
 3.565000E+02 10 0 0 0 0 0 0 0 0 0 0 0 16 12 20 18 20 17
 3.570000E+02 10 0 0 0 0 0 0 0 0 0 0 0 18 14 18 15 22 22
 3.575000E+02 15 0 0 0 0 0 0 0 0 0 0 0 20 16 18 19 21 21
 3.580000E+02 13 0 0 0 0 0 0 0 0 0 0 0 23 20 21 25 17 21
 3.585000E+02 7 0 0 0 0 0 0 0 0 0 0 0 17 19 17 21 10 25
 3.590000E+02 9 0 0 0 0 0 0 0 0 1 0 0 21 16 19 17 12 25
 3.595000E+02 7 0 0 0 0 0 0 0 0 0 0 0 16 13 23 12 12 20
 3.600000E+02 11 0 0 0 0 0 0 0 0 1 0 0 21 16 20 10 17 25
 3.605000E+02 10 0 0 0 0 0 0 0 0 0 0 0 17 18 24 13 14 22
 3.610000E+02 6 0 0 0 0 0 0 0 0 0 0 0 21 20 20 15 8 22
 3.615000E+02 9 0 0 0 0 0 0 0 0 0 0 0 20 16 11 16 17 18
 3.620000E+02 7 0 0 0 0 0 0 0 0 0 0 0 16 19 17 15 24 19
 3.625000E+02 11 0 0 0 0 0 0 0 0 0 0 0 12 16 20 23 20 18
 3.630000E+02 4 0 0 0 0 0 0 0 0 0 0 0 17 21 15 16 21 10
 3.635000E+02 16 0 0 0 0 0 0 0 0 0 0 0 19 17 19 16 17 10
 3.640000E+02 8 0 0 0 0 0 0 1 0 0 0 0 17 15 22 19 10 10
 3.645000E+02 7 0 0 0 0 0 0 0 0 0 0 0 15 19 19 16 18 14
 3.650000E+02 16 0 0 0 0 0 0 0 0 0 0 0 17 20 9 24 15 15
 3.655000E+02 5 0 0 0 0 0 0 0 0 0 0 0 19 22 16 22 19 10
 3.660000E+02 17 0 0 0 0 0 0 0 0 0 0 0 19 18 10 18 20 16
 3.665000E+02 11 0 0 0 0 0 0 0 0 0 0 0 18 16 10 22 18 20
 3.670000E+02 7 0 0 0 0 0 0 0 0 0 0 0 9 19 22 16 17 21
 3.675000E+02 10 0 0 0 0 0 0 0 0 0 0 0 12 14 23 12 13 18
 3.680000E+02 9 0 0 0 0 0 0 0 0 0 0 0 13 10 33 11 12 11
 3.685000E+02 12 0 0 0 0 0 0 0 0 1 0 0 18 12 23 13 14 12
 3.690000E+02 9 0 0 0 0 0 0 2 0 0 0 0 19 14 19 13 10 17
 3.695000E+02 10 0 0 0 0 0 0 0 0 1 0 0 17 15 18 16 14 22
 3.700000E+02 7 0 0 0 0 0 0 1 0 0 0 0 13 11 23 16 14 23
 3.705000E+02 14 0 0 0 0 0 0 0 0 1 0 0 11 8 20 18 20 24
 3.710000E+02 8 0 0 0 0 0 0 0 0 0 0 0 12 9 21 24 15 20
 3.715000E+02 7 0 0 0 0 0 0 0 0 1 0 0 17 13 15 18 15 21
 3.720000E+02 6 0 0 0 0 0 0 0 0 0 0 0 15 18 13 15 22 17
 3.725000E+02 4 0 0 0 0 0 0 0 0 0 0 0 22 18 12 13 20 16
 3.730000E+02 7 0 0 0 0 0 0 0 0 0 0 0 15 17 15 20 18 19
 3.735000E+02 9 0 0 0 0 0 0 0 0 0 0 0 15 18 14 22 15 18
 3.740000E+02 7 0 0 0 0 0 0 0 0 0 0 0 15 16 12 16 12 18
 3.745000E+02 8 0 0 0 0 0 0 0 0 0 0 0 14 16 19 13 16 16
 3.750000E+02 6 0 0 0 0 0 0 0 0 0 0 0 11 15 13 22 18 19
 3.755000E+02 10 0 0 0 0 0 0 0 0 0 0 0 14 23 11 22 19 11
 3.760000E+02 12 0 0 0 0 0 0 0 0 0 0 0 24 21 15 20 15 12
 3.765000E+02 11 0 0 0 0 0 0 0 0 0 0 0 17 18 17 14 13 16
 3.770000E+02 6 0 0 0 0 0 0 0 0 0 0 0 21 14 18 17 13 19
 3.775000E+02 6 0 0 0 0 0 0 0 0 0 0 0 16 13 18 10 19 21
 3.780000E+02 10 0 0 0 0 0 0 0 0 0 0 0 16 17 17 13 19 22
 3.785000E+02 13 0 0 0 0 0 0 0 0 0 0 0 19 13 15 12 20 23
 3.790000E+02 7 0 0 0 0 0 0 0 0 0 0 0 15 15 14 21 23 16
 3.795000E+02 9 0 0 0 0 0 0 0 0 0 0 0 13 18 16 25 18 19
 3.800000E+02 6 0 0 0 0 0 0 0 0 0 0 0 15 14 18 21 19 15
 3.805000E+02 9 0 0 0 0 0 0 0 0 0 0 0 21 11 15 16 15 23
 3.810000E+02 11 0 0 0 0 0 0 0 0 0 0 0 22 13 18 15 22 15
 3.815000E+02 8 0 0 0 0 0 0 0 0 0 0 0 22 9 19 13 12 24
 3.820000E+02 6 0 0 0 0 0 0 0 0 0 0 0 20 10 16 15 12 25
 3.825000E+02 7 0 0 0 0 0 0 0 0 0 0 0 24 8 20 26 17 15
 3.830000E+02 7 0 0 0 0 0 0 0 0 0 0 0 19 8 18 24 9 12
 3.835000E+02 5 0 0 0 0 0 0 0 0 0 0 0 25 16 11 18 12 21
 3.840000E+02 7 0 0 0 0 0 0 0 0 0 0 0 20 15 8 19 21 18
 3.845000E+02 4 0 0 0 0 0 0 0 0 0 0 0 19 11 18 16 16 16
 3.850000E+02 17 0 0 0 0 0 0 0 0 0 0 0 20 10 16 16 19 15
 3.855000E+02 6 0 0 0 0 0 0 0 0 0 0 0 14 11 14 22 20 13
 3.860000E+02 10 0 0 0 0 0 0 0 0 0 0 0 9 16 18 20 8 14
 3.865000E+02 3 0 0 0 0 0 0 0 1 0 0 0 12 18 19 15 16 16
 3.870000E+02 6 0 0 0 0 0 0 0 0 0 0 0 14 17 18 6 19 13
 3.875000E+02 6 0 0 0 0 0 0 0 0 1 0 0 10 19 17 10 18 16
 3.880000E+02 6 0 0 0 0 0 0 0 0 1 0 0 13 19 14 13 20 10
 3.885000E+02 6 0 0 0 0 0 0 0 0 0 0 0 15 15 23 11 15 16
 3.890000E+02 5 0 0 0 0 0 0 0 0 1 0 0 12 17 17 20 18 13
 3.895000E+02 4 0 0 0 0 0 0 0 0 0 0 0 11 9 10 23 14 13
 3.900000E+02 10 0 0 0 0 0 0 0 0 0 0 0 13 6 14 22 17 18
 3.905000E+02 9 0 0 0 0 0 0 0 0 0 0 0 14 7 13 16 17 17
 3.910000E+02 4 0 0 0 0 0 0 0 0 0 0 0 13 10 13 18 13 12
 3.915000E+02 6 0 0 0 0 0 0 0 0 0 0 0 13 5 20 15 14 15
 3.920000E+02 8 0 0 0 0 0 0 0 0 2 0 0 16 10 20 15 21 10
 3.925000E+02 6 0 0 0 0 0 0 0 0 1 0 0 15 14 17 20 20 15
 3.930000E+02 7 0 0 0 0 0 0 0 0 0 0 0 15 15 13 26 18 18
 3.935000E+02 11 0 0 0 0 0 0 0 0 0 0 0 15 14 9 26 18 15
 3.940000E+02 9 0 0 0 0 0 0 0 0 0 0 0 17 16 12 18 14 13
 3.945000E+02 8 0 0 0 0 0 0 0 0 0 0 0 13 10 17 15 14 21
 3.950000E+02 6 0 0 0 0 0 0 0 0 0 0 0 16 10 16 17 16 17
 3.955000E+02 9 0 0 0 0 0 0 0 0 0 0 0 16 14 22 14 9 16
 3.960000E+02 9 0 0 0 0 0 0 0 0 0 0 0 20 12 22 16 10 12
 3.965000E+02 12 0 0 0 0 0 0 0 0 0 0 0 24 13 20 14 10 15
 3.970000E+02 10 0 0 0 0 0 0 0 0 0 0 0 23 13 23 11 14 19
 3.975000E+02 10 0 0 0 0 0 0 0 0 0 0 0 23 17 23 12 10 21
 3.980000E+02 11 0 0 0 0 0 0 0 0 0 0 0 16 15 15 17 17 19
 3.985000E+02 6 0 0 0 0 0 0 0 0 0 0 0 16 12 13 20 24 15
 3.990000E+02 5 0 0 0 0 0 0 0 0 0 0 0 19 13 11 18 16 18
 3.995000E+02 5 0 0 0 0 0 0 0 0 2 0 0 20 15 22 18 15 15
 4.000000E+02 9 1 0 0 0 0 0 0 0 1 0 0 26 19 20 22 8 18
 4.005000E+02 12 0 0 1 0 0 0 0 0 0 0 0 26 22 19 24 6 18
 4.010000E+02 5 0 0 0 0 0 0 1 0 0 0 0 24 18 19 17 12 17
 4.015000E+02 6 0 0 0 0 0 0 1 0 0 0 0 20 22 16 18 15 16
 4.020000E+02 8 0 0 0 0 0 0 0 0 1 0 0 19 14 12 10 16 12
 4.025000E+02 10 0 0 0 0 0 0 0 0 3 0 0 18 16 17 17 18 13
 4.030000E+02 4 0 0 0 0 0 0 1 0 1 0 0 14 15 16 22 17 11
 4.035000E+02 8 0 0 0 0 0 0 0 0 0 0 0 14 15 14 20 24 11
 4.040000E+02 10 0 0 0 0 0 0 0 0 0 0 0 16 13 21 22 17 15
 4.045000E+02 11 0 0 0 0 0 0 0 0 1 0 0 21 20 17 20 10 14
 4.050000E+02 11 0 0 0 0 0 0 0 0 0 0 0 23 16 17 16 13 22
 4.055000E+02 9 0 0 0 0 0 0 0 0 0 0 0 23 18 14 18 11 22
 4.060000E+02 9 0 0 0 0 0 0 0 0 0 0 0 18 10 16 18 15 20
 4.065000E+02 4 0 0 0 0 0 0 0 0 0 0 0 12 13 11 19 13 13
 4.070000E+02 9 0 0 0 0 0 0 0 0 0 0 0 13 12 13 24 18 16
 4.075000E+02 10 0 0 0 0 0 0 0 0 0 0 0 17 21 13 18 17 16
 4.080000E+02 10 0 0 0 0 0 0 0 0 0 0 0 17 16 15 13 18 20
 4.085000E+02 9 0 0 0 0 0 0 0 0 0 0 0 11 16 11 12 14 19
 4.090000E+02 7 0 0 0 0 0 0 0 0 0 0 0 24 20 20 16 9 23
 4.095000E+02 7 0 0 0 0 0 0 0 0 0 0 0 27 19 18 23 12 17
 4.100000E+02 11 0 0 0 0 0 0 0 0 0 0 0 24 16 14 23 9 19
 4.105000E+02 10 0 0 0 0 0 0 0 0 0 0 0 18 19 16 18 14 18
 4.110000E+02 5 0 0 0 0 0 0 0 0 0 0 0 16 21 22 15 16 17
 4.115000E+02 6 0 0 0 0 0 0 0 0 0 0 0 14 21 22 13 19 16
 4.120000E+02 12 0 0 0 0 0 0 0 0 0 0 0 19 21 17 22 17 20
 4.125000E+02 6 0 0 0 0 0 0 0 0 0 0 0 23 22 14 19 14 13
 4.130000E+02 9 0 0 0 0 0 0 0 0 0 0 0 27 14 14 23 20 14
 4.135000E+02 13 0 0 0 0 0 0 0 0 0 0 0 22 14 21 20 21 14
 4.140000E+02 8 0 0 0 0 0 0 0 0 0 0 0 26 25 18 17 12 16
 4.145000E+02 9 0 0 0 0 0 0 0 0 0 0 0 24 26 13 13 16 14
 4.150000E+02 5 0 0 0 0 0 0 0 0 0 0 0 24 21 16 10 15 21
 4.155000E+02 6 0 0 0 0 0 0 0 0 0 0 0 24 19 16 15 15 20
 4.160000E+02 10 0 0 0 0 0 0 0 0 0 0 0 28 23 16 12 14 21
 4.165000E+02 9 0 0 0 0 0 0 0 0 1 0 0 27 22 16 12 10 18
 4.170000E+02 4 0 0 0 0 0 0 0 0 0 0 0 26 20 25 14 6 19
 4.175000E+02 8 0 0 0 0 0 0 0 0 0 0 0 15 18 21 15 12 24
 4.180000E+02 6 0 0 0 0 0 0 0 0 0 0 0 10 24 18 15 15 22
 4.185000E+02 7 0 0 0 0 0 0 0 0 0 0 0 12 19 20 14 19 20
 4.190000E+02 11 0 0 0 0 0 0 0 0 0 0 0 14 17 22 14 19 18
 4.195000E+02 11 0 0 0 0 0 0 0 0 0 0 0 19 21 13 20 20 21
 4.200000E+02 13 0 0 0 0 0 0 0 0 0 0 0 21 17 15 20 13 15
 4.205000E+02 8 0 0 0 0 0 0 0 0 0 0 0 23 12 18 18 20 17
 4.210000E+02 10 0 0 0 0 0 0 0 0 0 0 0 20 11 21 17 23 16
 4.215000E+02 8 0 0 0 0 0 0 0 0 0 0 0 13 14 17 15 18 18
 4.220000E+02 6 0 0 0 0 0 0 0 0 0 0 0 13 19 15 13 19 20
 4.225000E+02 10 0 0 0 0 0 0 0 0 0 0 0 18 17 20 19 13 11
 4.230000E+02 4 0 0 0 0 0 0 0 0 0 0 0 14 18 16 18 26 11
 4.235000E+02 10 0 0 0 0 0 0 0 0 0 0 0 18 16 15 26 21 10
 4.240000E+02 10 0 0 0 0 0 0 0 0 0 0 0 20 17 16 19 18 13
 4.245000E+02 12 0 0 0 0 0 0 0 0 0 0 0 20 18 21 16 17 14
 4.250000E+02 7 0 0 0 0 0 0 0 0 0 0 0 15 18 21 23 22 10
 4.255000E+02 12 0 0 0 0 0 0 0 0 0 0 0 11 23 17 18 22 8
 4.260000E+02 10 0 0 0 0 0 0 0 0 0 0 0 12 21 17 22 21 10
 4.265000E+02 7 0 0 0 0 0 0 0 0 0 0 0 15 16 19 16 15 19
 4.270000E+02 10 0 0 0 0 0 0 0 0 0 0 0 18 12 21 18 17 13
 4.275000E+02 12 0 0 0 0 0 0 0 0 0 0 0 22 13 19 13 14 11
 4.280000E+02 8 0 0 0 0 0 0 0 0 0 0 0 14 15 17 19 30 17
 4.285000E+02 13 0 0 0 0 0 0 0 0 0 0 0 15 22 15 19 18 19
 4.290000E+02 12 0 0 0 0 0 0 0 0 0 0 0 13 23 12 15 19 18
 4.295000E+02 6 0 0 0 0 0 0 0 0 0 0 0 16 19 17 15 19 20
 4.300000E+02 8 0 0 0 0 0 0 0 0 0 0 0 15 17 19 21 11 20
 4.305000E+02 5 0 0 0 0 0 0 0 0 0 0 0 10 17 22 26 14 20
 4.310000E+02 9 0 0 0 0 0 0 0 0 0 0 0 14 19 18 22 14 25
 4.315000E+02 6 0 0 0 0 0 0 0 0 0 0 0 13 24 17 16 13 22
 4.320000E+02 7 0 0 0 0 0 0 0 0 0 0 0 16 26 15 13 15 21
 4.325000E+02 6 0 0 0 0 0 0 0 0 0 0 0 9 15 12 24 15 21
 4.330000E+02 11 0 0 0 0 0 0 0 0 0 0 0 14 25 15 13 20 13
 4.335000E+02 8 0 0 0 0 0 0 0 0 0 0 0 9 21 24 17 21 16
 4.340000E+02 15 0 0 0 0 0 0 0 0 1 0 0 16 14 20 17 14 27
 4.345000E+02 7 0 0 0 0 1 0 0 0 0 0 0 16 15 19 18 18 20
 4.350000E+02 14 0 0 0 0 0 0 0 0 1 0 0 19 18 18 18 12 18
 4.355000E+02 10 0 0 0 0 0 0 0 0 1 0 0 20 15 11 19 16 17
 4.360000E+02 10 0 0 0 0 0 0 0 0 0 0 0 18 10 19 16 14 23
 4.365000E+02 15 0 0 0 0 0 0 0 0 1 0 0 18 11 17 18 18 20
 4.370000E+02 13 0 0 0 0 0 0 0 0 0 0 0 19 12 21 17 19 17
 4.375000E+02 9 0 0 0 0 0 0 0 0 0 0 0 18 16 17 18 14 17
 4.380000E+02 10 0 0 0 0 0 0 0 0 0 0 0 23 17 18 23 11 19
 4.385000E+02 13 0 0 0 0 0 0 0 0 1 0 0 26 13 18 23 9 20
 4.390000E+02 6 0 0 0 0 0 0 0 0 1 0 0 22 17 15 21 15 11
 4.395000E+02 8 0 0 0 0 0 0 0 0 0 0 0 24 13 13 20 18 17
 4.400000E+02 7 0 0 0 0 0 0 0 0 0 0 0 17 17 17 25 21 19
 4.405000E+02 12 0 0 0 0 0 0 0 0 0 0 0 27 16 13 21 15 19
 4.410000E+02 14 0 0 0 0 0 0 0 0 0 0 0 20 15 14 21 23 20
 4.415000E+02 9 0 0 0 0 0 0 0 0 0 0 0 17 18 28 15 19 18
 4.420000E+02 5 0 0 0 0 0 0 0 0 0 0 0 22 15 20 7 24 17
 4.425000E+02 9 0 0 0 0 0 0 0 0 0 0 0 20 11 23 17 22 13
 4.430000E+02 9 0 0 0 0 0 0 0 0 0 0 0 23 17 21 17 12 16
 4.435000E+02 6 0 0 0 0 0 0 0 0 0 0 0 15 23 22 30 16 12
 4.440000E+02 9 0 0 0 0 0 0 0 0 0 0 0 16 15 16 22 24 18
 4.445000E+02 8 0 0 0 0 0 0 0 0 0 0 0 18 12 19 19 25 16
 4.450000E+02 12 0 0 0 0 0 0 0 0 0 0 0 21 12 16 20 24 21
 4.455000E+02 8 0 0 0 0 0 0 0 0 0 0 0 18 14 16 14 18 13
 4.460000E+02 6 0 0 0 0 0 0 0 0 0 0 0 20 16 19 13 16 14
 4.465000E+02 11 0 0 0 0 0 0 0 0 0 0 0 18 15 20 13 19 14
 4.470000E+02 9 0 0 0 0 0 0 0 0 0 0 0 28 14 15 12 19 17
 4.475000E+02 5 0 0 0 0 0 0 0 0 0 0 0 26 11 16 11 18 23
 4.480000E+02 9 0 0 0 0 1 0 0 0 0 0 0 27 14 14 11 12 16
 4.485000E+02 6 0 0 0 0 0 0 0 0 0 0 0 20 14 22 14 9 19
 4.490000E+02 9 0 0 0 0 0 0 0 0 0 0 0 11 18 19 20 19 21
 4.495000E+02 8 1 0 0 0 0 0 0 0 0 0 0 11 13 15 22 14 17
 4.500000E+02 6 0 0 0 0 0 0 0 0 0 0 0 14 13 16 18 17 15
 4.505000E+02 4 0 0 0 0 0 0 0 0 0 0 0 17 15 15 15 21 13
 4.510000E+02 13 0 0 0 0 0 0 0 0 0 0 0 13 16 11 18 18 16
 4.515000E+02 12 0 0 0 0 0 0 0 0 0 0 0 13 19 9 24 17 11
 4.520000E+02 10 0 0 0 0 0 0 0 0 0 0 0 20 18 13 23 13 12
 4.525000E+02 4 0 0 0 0 0 0 0 0 0 0 0 17 19 19 21 12 17
 4.530000E+02 6 0 0 0 0 0 0 0 0 1 0 0 20 17 23 14 13 21
 4.535000E+02 6 0 0 1 0 0 0 1 0 0 0 0 16 20 21 11 22 22
 4.540000E+02 11 0 0 0 0 0 0 0 0 2 0 0 17 17 23 13 23 16
 4.545000E+02 9 0 0 0 0 0 0 0 0 1 0 0 20 15 18 14 14 23
 4.550000E+02 13 0 0 0 0 0 0 0 0 1 0 0 22 11 20 15 21 20
 4.555000E+02 17 0 0 0 0 0 0 0 0 1 0 0 22 11 17 10 18 28
 4.560000E+02 10 0 0 1 0 0 0 0 0 0 0 0 16 22 12 20 25 25
 4.565000E+02 7 0 0 0 0 0 0 0 0 0 0 0 14 17 12 22 17 21
 4.570000E+02 9 0 0 0 0 0 0 0 0 0 0 0 9 25 15 20 15 23
 4.575000E+02 6 0 0 0 0 0 0 0 0 0 0 0 15 16 13 12 19 29
 4.580000E+02 8 0 0 0 0 0 0 0 0 0 0 0 19 20 16 21 15 20
 4.585000E+02 9 0 0 0 0 0 0 0 0 0 0 0 21 17 12 26 14 15
 4.590000E+02 17 0 0 0 0 0 0 0 0 0 0 0 21 17 15 12 17 14
 4.595000E+02 9 0 0 0 0 0 0 0 0 0 0 0 15 19 17 13 24 17
 4.600000E+02 10 0 0 0 0 0 0 0 0 1 0 0 13 20 18 15 21 22
 4.605000E+02 18 0 0 0 0 0 0 0 0 1 0 0 17 19 15 12 17 23
 4.610000E+02 10 0 0 0 0 0 0 1 0 0 0 0 20 14 13 19 18 24
 4.615000E+02 6 0 0 0 0 0 0 0 0 1 0 0 16 18 18 20 17 20
 4.620000E+02 10 0 0 1 0 0 0 0 0 1 0 0 19 19 19 23 19 16
 4.625000E+02 7 0 0 0 0 0 0 0 0 1 0 0 16 17 20 19 22 15
 4.630000E+02 13 0 0 0 0 0 0 0 0 1 0 0 21 17 21 20 20 12
 4.635000E+02 15 0 0 0 0 0 0 0 0 0 0 0 17 21 16 19 22 14
 4.640000E+02 16 0 0 0 0 0 0 0 0 0 0 0 16 17 20 19 20 14
 4.645000E+02 12 0 0 0 0 0 0 0 0 1 0 0 23 16 24 14 14 12
 4.650000E+02 10 0 0 0 0 0 0 0 0 1 0 0 23 17 17 29 15 14
 4.655000E+02 7 0 0 0 0 0 0 0 0 1 0 0 18 17 13 26 20 12
 4.660000E+02 16 0 0 0 0 0 0 0 0 1 0 0 17 19 17 17 21 19
 4.665000E+02 9 0 0 0 0 0 0 1 0 0 0 0 16 22 17 12 27 18
 4.670000E+02 10 0 0 0 0 0 0 0 0 0 0 0 15 18 23 16 22 22
 4.675000E+02 9 0 0 0 0 0 0 0 0 0 0 0 20 14 20 11 21 22
 4.680000E+02 12 0 0 0 0 0 0 0 0 0 0 0 18 16 19 12 17 20
 4.685000E+02 6 0 0 0 0 0 0 0 0 0 0 0 20 17 18 20 20 18
 4.690000E+02 6 0 0 0 0 0 0 0 0 0 0 0 26 16 18 18 11 16
 4.695000E+02 15 0 0 0 0 0 0 0 0 0 0 0 28 13 20 18 13 13
 4.700000E+02 11 0 0 0 0 0 0 0 0 0 0 0 32 25 24 13 17 15
 4.705000E+02 9 0 0 0 0 0 0 0 0 0 0 0 25 19 20 15 22 12
 4.710000E+02 6 0 0 0 0 0 0 0 0 0 0 0 22 16 18 20 14 15
 4.715000E+02 12 0 0 0 0 0 0 0 0 0 0 0 23 15 12 17 23 14
 4.720000E+02 9 0 0 0 0 0 0 0 0 0 0 0 13 16 19 15 20 16
 4.725000E+02 5 0 0 0 0 0 0 0 0 0 0 0 15 27 21 15 24 23
 4.730000E+02 12 0 0 0 0 0 0 0 0 0 0 0 18 23 15 12 20 13
 4.735000E+02 5 0 0 0 0 0 0 0 0 0 0 0 18 17 19 15 22 15
 4.740000E+02 9 0 0 0 0 0 0 0 0 0 0 0 15 20 18 20 14 13
 4.745000E+02 5 0 0 0 0 0 0 0 0 0 0 0 15 18 26 21 11 19
 4.750000E+02 2 0 0 0 0 0 0 0 0 1 0 0 8 19 19 18 13 19
 4.755000E+02 6 0 0 0 0 0 0 0 0 0 0 0 10 18 18 16 17 26
 4.760000E+02 10 0 0 0 0 0 0 0 0 0 0 0 13 15 20 12 18 24
 4.765000E+02 7 0 0 0 0 0 0 0 0 0 0 0 15 18 24 13 18 21
 4.770000E+02 14 0 0 0 0 0 0 0 0 0 0 0 16 18 26 15 19 18
 4.775000E+02 8 0 0 0 0 0 0 0 0 1 0 0 16 20 17 17 21 12
 4.780000E+02 9 0 0 1 0 0 0 0 0 1 0 0 19 22 14 21 23 15
 4.785000E+02 10 0 0 0 0 0 0 0 0 0 0 0 25 20 6 11 21 13
 4.790000E+02 8 0 0 0 0 0 0 0 0 0 0 0 23 17 9 14 19 14
 4.795000E+02 8 0 0 0 0 0 0 0 0 0 0 0 21 19 16 21 13 15
 4.800000E+02 6 0 0 0 0 0 0 0 0 0 0 0 19 18 22 16 14 14
 4.805000E+02 6 0 0 0 0 0 0 0 0 0 0 0 19 17 25 16 14 21
 4.810000E+02 4 0 0 0 0 0 0 0 0 0 0 0 15 23 14 17 16 19
 4.815000E+02 9 0 0 0 0 0 0 0 0 0 0 0 15 23 15 19 22 25
 4.820000E+02 15 0 0 0 0 0 0 0 0 0 0 0 17 22 16 17 15 15
 4.825000E+02 6 0 0 0 0 0 0 0 0 0 0 0 18 23 17 21 10 20
 4.830000E+02 8 0 0 0 0 0 0 0 0 0 0 0 18 23 18 14 12 18
 4.835000E+02 17 0 0 0 0 0 0 0 0 0 0 0 21 16 10 9 11 18
 4.840000E+02 4 0 0 0 0 0 0 0 0 0 0 0 15 14 14 20 11 19
 4.845000E+02 6 0 0 0 0 0 0 0 0 0 0 0 19 17 14 19 13 21
 4.850000E+02 8 0 0 0 0 0 0 0 0 0 0 0 14 18 18 20 21 20
 4.855000E+02 6 0 0 0 0 0 0 0 0 0 0 0 12 19 13 25 24 24
 4.860000E+02 11 0 0 0 0 0 0 0 0 0 0 0 11 13 15 22 21 23
 4.865000E+02 7 0 0 0 0 0 0 0 0 0 0 0 16 18 12 19 18 20
 4.870000E+02 5 0 0 0 0 0 0 0 0 0 0 0 12 27 14 17 20 22
 4.875000E+02 6 0 0 0 0 0 0 0 0 0 0 0 16 17 20 19 11 21
 4.880000E+02 13 0 0 0 0 0 0 0 0 0 0 0 13 17 14 11 15 13
 4.885000E+02 6 0 0 0 0 0 0 0 0 0 0 0 16 19 24 14 14 17
 4.890000E+02 13 0 0 0 0 0 0 0 0 0 0 0 11 20 18 13 19 14
 4.895000E+02 13 0 0 0 0 0 0 0 0 0 0 0 20 30 12 11 18 11
 4.900000E+02 10 0 0 0 0 0 0 0 0 0 0 0 25 26 20 12 17 13
 4.905000E+02 13 0 0 0 0 0 0 0 0 1 0 0 20 19 18 14 18 14
 4.910000E+02 10 0 0 0 0 0 0 0 0 0 0 0 14 20 16 22 18 17
 4.915000E+02 5 0 0 0 0 0 0 0 0 0 0 0 16 21 19 14 20 19
 4.920000E+02 12 0 0 0 0 0 0 0 0 1 0 0 19 15 25 16 21 19
 4.925000E+02 5 0 0 0 0 0 0 0 0 1 0 0 17 15 22 15 16 16
 4.930000E+02 10 0 0 0 0 0 0 0 0 0 0 0 22 14 22 14 14 16
 4.935000E+02 11 0 0 0 0 0 0 0 0 0 0 0 16 16 22 15 17 24
 4.940000E+02 12 0 0 0 0 0 0 0 0 0 0 0 13 13 17 18 14 28
 4.945000E+02 12 0 0 0 0 0 0 0 0 0 0 0 15 18 15 12 18 23
 4.950000E+02 10 0 0 0 0 0 0 0 0 0 0 0 20 22 15 14 21 19
 4.955000E+02 9 0 0 0 0 0 0 0 0 0 0 0 11 17 16 20 23 19
 4.960000E+02 9 0 0 0 0 0 0 0 0 0 0 0 16 19 14 17 14 24
 4.965000E+02 12 0 0 0 0 0 0 0 0 0 0 0 15 22 12 19 17 24
 4.970000E+02 9 0 0 0 0 0 0 0 0 0 0 0 19 17 23 13 16 21
 4.975000E+02 7 0 0 0 0 0 0 0 0 0 0 0 19 13 17 11 19 19
 4.980000E+02 13 0 0 0 0 0 0 0 0 0 0 0 19 13 18 18 11 23
 4.985000E+02 8 0 0 0 0 0 0 0 0 0 0 0 21 10 17 18 14 22
 4.990000E+02 9 0 0 0 0 0 0 0 0 0 0 0 22 15 22 17 16 18
 4.995000E+02 15 0 0 0 0 0 0 0 0 0 0 0 18 16 13 23 11 22
 5.000000E+02 10 0 0 0 0 0 0 0 0 0 0 0 22 18 15 18 23 19
 5.005000E+02 8 0 0 0 0 0 0 0 0 0 0 0 21 20 11 14 21 15
 5.010000E+02 8 0 0 0 0 0 0 0 0 0 0 0 19 24 13 19 16 10
 5.015000E+02 10 0 0 0 0 0 0 0 0 0 0 0 22 24 21 26 12 9
 5.020000E+02 8 0 0 0 0 0 0 0 0 0 0 0 20 19 12 23 17 9
 5.025000E+02 8 0 0 0 0 0 0 0 0 0 0 0 19 15 18 23 16 9
 5.030000E+02 13 0 0 0 0 0 0 0 0 0 0 0 21 16 18 19 19 11
 5.035000E+02 8 0 0 0 0 0 0 0 0 0 0 0 19 19 13 17 29 24
 5.040000E+02 9 0 0 0 0 0 0 0 0 1 0 0 22 17 11 17 21 22
 5.045000E+02 9 0 0 0 0 0 0 0 0 0 0 0 26 14 11 12 26 23
 5.050000E+02 5 0 0 0 0 0 0 0 0 0 0 0 16 17 12 11 19 23
 5.055000E+02 12 0 0 0 0 0 0 0 0 0 0 0 22 18 15 23 18 14
 5.060000E+02 4 0 0 0 0 0 0 0 0 0 0 0 15 16 13 22 28 14
 5.065000E+02 12 0 0 0 0 0 0 0 0 0 0 0 20 14 13 16 24 13
 5.070000E+02 13 0 0 0 0 0 0 0 0 0 0 0 21 10 18 15 18 13
 5.075000E+02 13 0 0 0 0 0 0 0 0 0 1 0 24 17 14 14 17 10
 5.080000E+02 5 0 0 0 0 0 0 0 1 0 0 0 15 14 17 15 19 13
 5.085000E+02 9 1 0 0 0 0 0 0 0 0 0 0 16 23 17 26 26 9
 5.090000E+02 9 0 0 0 0 0 0 0 0 2 0 0 23 25 15 21 19 10
 5.095000E+02 8 0 0 0 0 0 0 1 0 1 0 0 17 17 22 22 19 19
 5.100000E+02 9 0 0 0 0 1 0 0 0 1 0 0 18 16 13 13 24 23
 5.105000E+02 15 0 0 0 0 0 0 0 0 3 0 0 22 16 14 18 13 17
 5.110000E+02 11 0 0 0 0 0 0 0 0 0 0 0 21 19 23 18 12 17
 5.115000E+02 9 0 0 0 0 0 0 0 0 0 0 0 17 21 26 14 15 18
 5.120000E+02 6 0 0 0 0 0 0 0 0 0 0 0 18 18 23 13 24 21
 5.125000E+02 10 0 0 0 0 0 0 0 0 0 0 0 21 22 17 18 14 19
 5.130000E+02 8 0 0 0 0 0 0 0 0 0 0 0 22 20 19 13 16 16
 5.135000E+02 7 0 0 0 0 0 0 0 0 0 0 0 17 14 11 21 21 18
 5.140000E+02 13 0 0 0 0 0 0 0 0 0 0 0 17 11 18 23 18 21
 5.145000E+02 7 0 0 0 0 0 0 0 0 0 0 0 15 14 19 19 17 24
 5.150000E+02 7 0 0 0 0 0 0 0 0 0 0 0 17 12 21 21 22 24
 5.155000E+02 11 0 0 0 0 0 0 0 0 1 0 0 20 12 16 18 17 28
 5.160000E+02 14 0 0 0 0 0 0 1 0 0 0 0 17 14 13 20 25 26
 5.165000E+02 5 0 0 1 0 0 0 0 0 1 0 0 19 15 16 17 26 16
 5.170000E+02 7 0 0 0 0 0 0 0 0 0 0 1 18 18 21 18 14 16
 5.175000E+02 16 0 0 0 0 0 0 0 0 0 0 0 19 15 18 17 16 14
 5.180000E+02 7 0 0 0 0 0 0 0 0 1 0 0 24 19 11 21 19 13
 5.185000E+02 13 0 0 0 0 0 0 0 0 0 0 0 13 23 9 22 15 18
 5.190000E+02 11 0 0 0 0 0 0 0 0 0 0 0 17 19 12 23 18 12
 5.195000E+02 15 0 0 1 0 0 0 0 0 0 0 0 20 17 16 19 20 10
 5.200000E+02 4 0 0 0 0 0 0 0 0 0 0 0 18 17 20 18 15 15
 5.205000E+02 10 0 0 0 0 0 0 0 0 0 0 0 19 17 15 17 12 16
 5.210000E+02 9 0 0 0 0 0 0 0 0 0 0 0 20 18 15 9 17 17
 5.215000E+02 10 0 0 0 0 0 0 0 0 0 0 0 17 21 18 13 17 17
 5.220000E+02 17 0 0 0 0 0 0 1 0 0 0 0 14 26 16 23 12 14
 5.225000E+02 8 0 0 0 0 0 0 0 0 0 0 0 15 16 23 17 14 19
 5.230000E+02 4 0 0 0 0 0 0 0 0 0 0 0 17 10 19 20 17 22
 5.235000E+02 8 0 0 0 0 0 0 0 0 0 0 0 18 11 12 23 13 16
 5.240000E+02 7 0 0 0 0 0 0 0 0 0 0 0 23 21 11 16 18 21
 5.245000E+02 13 0 0 0 0 0 0 0 0 0 0 0 23 17 16 17 15 10
 5.250000E+02 7 0 0 0 0 0 0 0 0 0 0 0 18 24 21 12 16 18
 5.255000E+02 12 0 0 0 0 0 0 0 0 0 0 0 15 13 18 21 17 24
 5.260000E+02 12 0 0 0 0 0 0 0 0 0 0 0 21 16 20 24 16 14
 5.265000E+02 11 0 0 0 0 0 0 0 0 0 0 0 25 19 19 18 18 12
 5.270000E+02 6 0 0 0 0 0 0 1 0 0 0 0 20 15 22 14 20 16
 5.275000E+02 15 0 0 0 0 0 0 1 0 1 0 0 17 20 20 15 17 22
 5.280000E+02 9 0 0 0 0 0 0 0 0 2 0 0 19 19 26 11 14 24
 5.285000E+02 6 0 0 0 0 0 0 0 0 0 0 0 20 21 18 13 12 20
 5.290000E+02 8 0 0 0 0 0 0 0 0 0 0 0 16 16 21 24 14 22
 5.295000E+02 10 0 0 0 0 0 0 0 0 1 0 0 23 19 18 22 14 18
 5.300000E+02 10 0 0 0 0 0 0 0 0 1 0 0 14 14 18 13 22 21
 5.305000E+02 8 0 0 0 0 0 0 0 0 0 0 0 20 20 19 8 17 12
 5.310000E+02 9 0 0 0 0 0 0 0 0 0 0 0 22 19 19 10 19 17
 5.315000E+02 10 0 0 0 0 0 0 0 0 0 0 0 18 19 20 12 21 16
 5.320000E+02 15 0 0 0 0 0 0 0 0 0 0 0 15 17 19 18 13 14
 5.325000E+02 8 0 0 0 0 1 0 0 0 0 0 0 13 12 16 17 16 19
 5.330000E+02 5 0 0 0 0 0 0 0 0 1 0 0 19 13 23 10 12 19
 5.335000E+02 7 0 0 1 0 0 0 0 0 0 0 0 18 20 23 14 16 17
 5.340000E+02 9 0 0 0 0 0 0 0 0 0 0 0 15 17 19 22 16 21
 5.345000E+02 14 0 0 0 0 0 0 0 0 0 0 0 13 16 23 19 18 14
 5.350000E+02 7 0 0 0 0 0 0 0 0 0 0 0 16 17 22 19 12 18
 5.355000E+02 5 0 0 0 0 0 0 0 0 0 0 0 15 15 22 20 18 13
 5.360000E+02 7 0 0 0 0 0 0 0 0 1 0 0 10 10 21 18 18 18
 5.365000E+02 4 0 0 0 0 0 0 0 0 0 0 0 13 13 14 14 23 20
 5.370000E+02 15 0 0 0 0 0 0 0 0 0 0 0 18 14 17 14 19 25
 5.375000E+02 6 0 0 0 0 0 0 0 0 1 0 0 16 15 16 15 13 20
 5.380000E+02 8 0 0 0 0 0 0 0 0 1 0 0 17 13 16 20 14 21
 5.385000E+02 14 0 0 0 0 0 0 1 0 0 0 0 24 14 14 14 14 21
 5.390000E+02 11 0 0 0 0 0 0 0 0 1 0 0 20 17 10 13 24 23
 5.395000E+02 9 0 0 0 0 0 0 0 0 0 0 0 18 23 18 23 16 18
 5.400000E+02 8 0 0 0 0 0 0 0 0 0 0 0 20 17 22 20 18 16
 5.405000E+02 4 0 0 0 0 0 0 0 0 0 0 0 16 20 26 12 21 19
 5.410000E+02 8 0 0 0 0 0 0 0 0 0 0 0 17 26 22 16 15 20
 5.415000E+02 7 0 0 0 0 0 0 0 0 0 0 0 24 17 22 15 15 18
 5.420000E+02 10 0 0 0 0 0 0 0 0 0 0 0 27 17 23 13 11 20
 5.425000E+02 3 0 0 0 0 0 0 0 0 0 0 0 11 20 29 16 21 14
 5.430000E+02 12 0 0 0 0 0 0 0 0 0 0 0 11 22 27 22 17 16
 5.435000E+02 5 0 0 0 0 0 0 0 0 0 0 0 12 16 19 26 20 17
 5.440000E+02 12 0 0 0 0 0 0 0 0 0 0 0 15 26 16 18 16 11
 5.445000E+02 10 0 0 0 0 0 0 0 0 0 0 0 14 20 15 17 23 14
 5.450000E+02 6 0 0 0 0 0 0 0 0 0 0 0 13 19 18 19 21 11
 5.455000E+02 5 0 0 0 0 0 0 0 0 0 0 0 14 18 17 20 28 15
 5.460000E+02 10 0 0 0 0 0 0 0 0 0 0 0 22 12 18 18 20 14
 5.465000E+02 12 0 0 0 0 0 0 0 0 1 0 0 20 19 18 18 19 16
 5.470000E+02 13 0 0 0 0 0 0 0 0 0 0 0 26 9 16 21 13 13
 5.475000E+02 7 0 0 0 0 0 0 0 0 0 0 0 31 18 11 14 19 12
 5.480000E+02 8 0 0 0 0 0 0 0 0 0 0 0 27 20 19 10 17 12
 5.485000E+02 9 0 0 0 0 0 0 0 0 0 0 0 17 21 16 16 15 15
 5.490000E+02 8 0 0 0 0 0 0 0 0 0 0 0 18 20 14 13 20 23
 5.495000E+02 9 0 0 0 0 0 0 0 0 0 0 0 15 18 23 18 21 10
 5.500000E+02 3 0 0 0 0 0 0 0 0 0 0 0 9 18 24 21 17 19
 5.505000E+02 8 0 0 0 0 0 0 0 0 0 0 0 15 18 19 19 13 23
 5.510000E+02 7 0 0 0 0 0 0 0 0 0 0 0 19 17 20 14 17 18
 5.515000E+02 10 0 0 0 0 0 0 0 0 0 0 0 18 16 21 16 21 10
 5.520000E+02 6 0 0 0 0 0 0 0 0 0 0 0 20 20 15 16 17 20
 5.525000E+02 11 0 0 0 0 0 0 0 0 0 0 0 19 17 18 19 13 17
 5.530000E+02 12 0 0 0 0 0 0 0 0 0 0 0 24 12 16 21 17 18
 5.535000E+02 9 0 0 0 0 0 0 0 0 0 0 0 17 21 18 15 15 18
 5.540000E+02 8 0 0 0 0 0 0 0 0 0 0 0 18 16 18 8 11 17
 5.545000E+02 11 0 0 0 0 0 0 0 0 0 0 0 16 19 12 11 12 23
 5.550000E+02 8 0 0 1 0 0 0 1 0 0 0 0 17 18 17 15 10 22
 5.555000E+02 13 0 0 0 0 0 0 0 0 1 0 0 20 16 20 16 12 18
 5.560000E+02 7 0 0 0 0 0 0 0 0 0 0 0 17 19 14 9 15 16
 5.565000E+02 8 0 0 0 0 0 0 0 0 0 0 0 16 20 15 6 19 8
 5.570000E+02 11 0 0 0 0 0 0 0 0 0 0 0 11 17 17 18 15 10
 5.575000E+02 8 0 0 0 0 0 0 0 0 0 0 0 18 16 20 15 19 14
 5.580000E+02 10 0 0 0 0 0 0 0 0 0 0 0 13 20 18 14 24 17
 5.585000E+02 5 0 0 0 0 0 0 0 0 0 0 0 16 20 15 19 20 12
 5.590000E+02 12 0 0 0 0 0 0 0 1 0 0 0 16 19 19 9 20 12
 5.595000E+02 9 0 0 0 0 0 0 0 0 0 0 0 16 17 21 12 27 14
 5.600000E+02 8 0 0 0 0 0 0 0 0 0 0 0 15 17 12 15 22 15
 5.605000E+02 9 0 0 0 0 0 0 0 0 0 0 0 25 14 15 14 19 15
 5.610000E+02 11 0 0 0 0 0 0 0 0 0 0 0 25 16 16 13 13 16
 5.615000E+02 10 0 0 0 0 0 0 0 0 0 0 0 20 16 17 21 15 16
 5.620000E+02 9 0 0 0 0 0 0 0 0 0 0 0 20 19 13 16 16 20
 5.625000E+02 12 0 0 0 0 0 0 0 0 0 0 0 15 18 16 14 18 22
 5.630000E+02 7 0 0 0 0 0 0 0 0 0 0 0 23 21 18 18 12 19
 5.635000E+02 7 0 0 0 0 0 0 0 0 0 0 0 11 21 13 17 16 17
 5.640000E+02 9 0 0 0 0 0 0 0 0 0 0 0 11 10 17 17 19 20
 5.645000E+02 10 0 0 0 0 0 0 0 0 0 0 0 9 8 14 16 23 16
 5.650000E+02 9 0 0 0 0 0 0 0 0 0 0 0 15 13 16 14 24 13
 5.655000E+02 8 0 0 0 0 0 0 0 0 0 0 0 16 22 21 12 18 18
 5.660000E+02 8 0 0 0 0 0 0 0 0 0 0 0 20 17 14 13 19 13
 5.665000E+02 4 0 0 0 0 0 0 0 0 1 0 0 25 17 16 16 19 11
 5.670000E+02 8 0 0 0 0 0 0 0 0 0 0 0 16 11 16 14 26 14
 5.675000E+02 12 0 0 0 0 0 0 0 0 0 0 0 12 19 15 17 11 16
 5.680000E+02 5 0 0 0 0 0 0 0 0 0 0 0 7 20 20 14 12 23
 5.685000E+02 6 0 0 0 0 0 0 0 0 1 0 0 13 20 18 13 14 22
 5.690000E+02 15 0 0 0 0 0 0 1 0 0 0 0 14 19 21 9 21 13
 5.695000E+02 13 0 0 0 0 0 0 0 0 1 0 0 11 18 21 12 24 18
 5.700000E+02 9 0 0 0 0 0 0 1 0 0 0 0 15 19 17 16 18 18
 5.705000E+02 11 0 0 0 0 0 0 0 0 0 0 0 12 17 19 23 20 23
 5.710000E+02 11 0 0 0 0 0 0 0 0 0 0 0 19 16 15 20 21 16
 5.715000E+02 6 0 0 0 0 0 0 0 0 0 0 0 22 15 16 22 14 15
 5.720000E+02 10 0 0 0 0 0 0 0 0 0 0 0 22 14 21 21 13 14
 5.725000E+02 9 0 0 0 0 0 0 0 0 0 0 0 22 11 18 13 21 19
 5.730000E+02 11 0 0 0 0 0 0 0 0 0 0 0 18 23 18 22 18 17
 5.735000E+02 12 0 0 0 0 0 0 0 0 0 0 0 16 20 21 18 21 13
 5.740000E+02 6 0 0 0 0 0 0 0 0 1 0 0 10 13 25 25 23 12
 5.745000E+02 10 0 0 0 0 0 0 0 0 1 0 0 18 18 23 18 22 16
 5.750000E+02 10 0 0 0 0 0 0 0 0 0 0 0 20 17 27 15 16 14
 5.755000E+02 9 0 0 0 0 0 0 0 0 0 0 0 22 13 21 12 18 15
 5.760000E+02 7 0 0 0 0 0 0 0 0 0 0 0 10 22 27 14 21 13
 5.765000E+02 7 0 0 0 0 0 0 0 0 0 0 0 19 21 23 11 19 17
 5.770000E+02 4 0 0 0 0 0 0 0 0 0 0 0 24 18 24 13 24 14
 5.775000E+02 10 0 0 0 0 0 0 0 0 0 0 0 24 25 19 15 16 16
 5.780000E+02 10 0 0 0 0 0 0 0 0 0 0 0 15 15 22 18 14 15
 5.785000E+02 11 0 0 0 0 0 0 0 0 0 0 0 16 27 20 16 16 21
 5.790000E+02 8 0 0 0 0 0 0 0 0 0 0 0 20 23 17 15 14 26
 5.795000E+02 13 0 0 0 0 0 0 0 0 0 0 0 19 24 13 16 17 17
 5.800000E+02 6 0 0 0 0 0 0 0 0 0 0 0 20 20 15 12 18 20
 5.805000E+02 12 0 0 0 0 0 0 0 0 0 0 0 13 17 19 18 16 19
 5.810000E+02 7 0 0 0 0 0 0 0 0 0 0 0 18 16 25 17 19 17
 5.815000E+02 6 0 0 0 0 0 0 0 0 0 0 0 15 23 20 22 15 11
 5.820000E+02 12 0 0 0 0 0 0 0 0 0 0 0 17 19 18 15 18 12
 5.825000E+02 13 0 0 0 0 0 0 1 0 0 0 0 12 20 20 23 15 15
 5.830000E+02 11 0 0 0 0 0 0 0 0 1 0 0 12 24 19 19 12 16
 5.835000E+02 12 0 0 0 0 0 0 0 0 3 0 0 12 22 18 16 11 16
 5.840000E+02 5 0 0 1 0 0 0 0 0 1 0 0 23 21 13 10 19 19
 5.845000E+02 4 0 0 0 0 0 0 0 0 2 0 1 22 18 20 15 18 22
 5.850000E+02 6 0 0 0 0 0 0 0 0 0 0 0 21 20 20 20 12 19
 5.855000E+02 6 0 0 0 0 0 0 0 0 0 0 0 13 20 20 21 19 13
 5.860000E+02 10 0 0 0 0 0 0 0 0 0 0 0 9 13 23 23 19 19
 5.865000E+02 6 0 0 0 0 0 0 0 0 0 0 0 17 15 19 25 22 14
 5.870000E+02 8 0 0 0 0 0 0 0 0 0 0 0 18 17 19 13 16 18
 5.875000E+02 9 0 0 0 0 0 0 0 0 0 0 0 23 14 19 15 9 15
 5.880000E+02 10 0 0 0 0 0 0 0 0 1 0 0 25 25 14 15 10 19
 5.885000E+02 8 0 0 0 0 0 0 0 0 0 0 0 18 28 12 22 9 17
 5.890000E+02 9 0 0 0 0 0 0 0 0 0 0 0 11 24 15 14 20 17
 5.895000E+02 7 0 0 0 0 0 0 0 0 0 0 0 21 24 15 13 18 12
 5.900000E+02 12 0 0 0 0 0 0 0 0 1 0 0 26 22 19 15 14 13
 5.905000E+02 10 0 0 0 0 0 0 0 0 0 0 0 28 23 18 10 17 17
 5.910000E+02 9 0 0 0 0 0 0 0 0 1 0 0 24 20 18 16 15 13
 5.915000E+02 7 0 0 0 0 0 0 0 0 1 0 0 19 17 19 12 14 10
 5.920000E+02 9 0 0 0 0 0 0 0 0 1 0 0 20 14 20 16 16 11
 5.925000E+02 9 0 0 0 0 0 0 0 0 1 0 0 18 21 19 20 16 7
 5.930000E+02 11 0 0 0 0 0 0 0 0 0 0 0 19 24 15 21 21 13
 5.935000E+02 7 0 0 0 0 0 0 0 0 0 0 0 17 17 17 17 17 14
 5.940000E+02 13 0 0 0 0 0 0 0 0 0 0 0 16 13 15 13 19 20
 5.945000E+02 12 0 0 0 0 0 0 0 0 0 0 0 19 14 10 20 13 19
 5.950000E+02 9 0 0 0 0 0 0 0 0 0 0 0 14 14 21 19 13 21
 5.955000E+02 8 0 0 0 0 0 0 0 0 0 0 0 19 14 16 15 22 16
 5.960000E+02 5 0 0 0 0 0 0 0 0 0 0 0 18 16 24 13 14 21
 5.965000E+02 8 0 0 0 0 0 0 0 0 0 0 0 15 14 19 16 16 19
 5.970000E+02 10 0 0 0 0 0 0 0 0 0 0 0 15 16 17 15 14 17
 5.975000E+02 12 0 0 0 0 0 0 0 0 0 0 0 15 19 15 10 15 15
 5.980000E+02 4 0 0 0 0 0 0 0 0 0 0 0 18 15 28 14 14 11
 5.985000E+02 5 0 0 0 0 0 0 0 0 0 0 0 12 21 22 17 16 22
 5.990000E+02 8 0 0 0 0 0 0 1 0 0 0 0 13 12 27 22 16 17
 5.995000E+02 9 0 0 0 0 0 0 0 0 1 0 0 11 10 20 21 17 18
 6.000000E+02 8 0 0 0 0 0 0 0 0 1 0 0 13 12 11 15 24 21
 6.005000E+02 7 0 0 0 0 0 0 0 0 0 0 0 12 13 18 16 20 29
 6.010000E+02 11 0 0 0 0 0 0 0 0 0 0 0 18 16 14 15 19 18
 6.015000E+02 12 0 0 0 0 0 0 0 0 0 0 0 17 14 17 11 25 19
 6.020000E+02 11 0 0 0 0 0 0 0 0 1 0 0 25 9 15 14 20 20
 6.025000E+02 6 0 0 0 0 0 0 0 0 1 0 0 20 18 15 16 13 15
 6.030000E+02 8 0 0 0 0 0 0 1 0 0 0 0 23 15 16 23 15 13
 6.035000E+02 9 0 0 0 0 0 0 0 0 0 0 0 18 14 21 15 11 17
 6.040000E+02 4 0 0 0 0 0 0 0 0 0 0 0 23 18 18 16 14 19
 6.045000E+02 7 0 0 0 0 0 0 0 0 0 0 0 18 15 21 14 11 22
 6.050000E+02 10 0 0 0 0 0 0 0 0 0 0 0 15 16 27 15 18 18
 6.055000E+02 10 0 0 0 0 0 0 0 0 1 0 0 19 14 25 13 15 13
 6.060000E+02 5 0 0 0 0 0 0 0 0 1 0 0 20 11 26 15 20 14
 6.065000E+02 12 1 0 0 0 0 0 0 0 1 0 0 22 13 22 11 20 13
 6.070000E+02 12 0 0 1 0 0 0 1 0 1 0 0 23 13 19 15 13 13
 6.075000E+02 14 0 0 0 0 0 0 2 0 2 0 0 20 21 18 19 16 16
 6.080000E+02 8 0 0 0 0 0 0 0 0 3 0 0 19 19 20 18 14 17
 6.085000E+02 5 0 0 0 0 0 0 0 0 1 0 0 22 12 19 20 17 10
 6.090000E+02 10 0 0 0 0 0 0 0 0 1 0 0 11 14 22 17 23 11
 6.095000E+02 3 0 0 0 0 0 0 0 0 0 0 0 13 12 25 17 21 14
 6.100000E+02 10 0 0 0 0 0 0 0 0 0 0 0 14 15 23 19 17 16
 6.105000E+02 7 0 0 0 0 0 0 0 0 0 0 0 24 13 10 25 22 12
 6.110000E+02 11 0 0 0 0 0 0 0 0 0 0 0 26 10 12 19 17 17
 6.115000E+02 8 0 0 0 0 0 0 0 0 0 0 0 21 22 15 17 15 13
 6.120000E+02 6 0 0 0 0 0 0 0 0 0 0 0 16 25 13 19 15 21
 6.125000E+02 6 0 0 0 0 0 0 0 0 0 0 0 18 19 20 14 12 17
 6.130000E+02 7 0 0 0 0 0 0 0 0 0 0 0 23 17 18 26 10 18
 6.135000E+02 12 0 0 0 0 0 0 0 0 0 0 0 17 17 18 16 15 20
 6.140000E+02 11 0 0 0 0 0 0 0 0 0 0 0 19 11 11 22 15 28
 6.145000E+02 9 0 0 0 0 0 0 0 0 0 0 0 16 9 12 22 16 30
 6.150000E+02 15 0 0 0 0 0 0 0 0 0 0 0 17 16 18 21 17 16
 6.155000E+02 5 0 0 0 0 0 0 0 0 0 0 0 14 17 20 19 17 20
 6.160000E+02 8 0 0 0 0 0 0 0 0 0 0 0 8 20 16 20 15 18
 6.165000E+02 7 0 0 0 0 0 0 0 0 0 0 0 16 17 12 20 19 18
 6.170000E+02 4 0 0 0 0 0 0 0 0 0 0 0 12 19 17 23 23 17
 6.175000E+02 7 0 0 0 0 0 0 0 0 0 0 0 10 15 12 13 27 21
 6.180000E+02 6 0 0 0 0 0 0 0 0 0 0 0 14 21 15 20 13 19
 6.185000E+02 12 0 0 0 0 0 0 0 0 0 0 0 21 19 12 18 12 20
 6.190000E+02 8 0 0 0 0 0 0 0 0 0 0 0 33 23 13 14 8 14
 6.195000E+02 7 0 0 0 0 0 0 0 0 1 0 0 29 20 9 17 11 14
 6.200000E+02 14 0 0 0 0 0 0 1 0 1 0 0 16 18 18 12 12 19
 6.205000E+02 9 0 0 1 0 0 0 1 0 0 0 0 18 19 18 14 15 21
 6.210000E+02 8 0 0 0 0 0 0 2 0 0 0 0 20 14 19 11 11 20
 6.215000E+02 9 0 0 0 0 0 0 0 0 0 0 0 21 16 20 14 12 21
 6.220000E+02 12 0 0 0 0 0 0 0 0 0 0 0 19 18 20 14 14 12
 6.225000E+02 9 0 0 0 0 0 0 0 0 0 0 0 17 13 24 15 17 11
 6.230000E+02 7 0 0 0 0 0 0 0 0 0 0 0 20 21 20 23 15 19
 6.235000E+02 7 0 0 0 0 0 0 0 0 1 0 0 19 27 7 23 15 20
 6.240000E+02 7 0 0 0 0 0 0 0 0 1 0 0 19 22 10 26 19 22
 6.245000E+02 9 0 0 0 0 0 0 0 0 1 0 0 24 20 11 26 16 18
 6.250000E+02 8 0 0 0 0 0 0 0 0 0 0 0 16 20 21 21 13 21
 6.255000E+02 6 0 0 0 0 0 0 0 0 0 0 0 20 23 23 18 13 18
 6.260000E+02 10 0 0 0 0 0 0 0 0 0 0 0 18 27 20 15 18 16
 6.265000E+02 10 0 0 0 0 0 0 0 0 0 0 0 14 19 19 19 18 15
 6.270000E+02 6 0 0 0 0 0 0 0 0 0 0 0 19 13 20 22 19 14
 6.275000E+02 10 0 0 0 0 0 0 1 0 0 0 0 18 10 16 18 19 15
 6.280000E+02 7 0 0 0 0 0 0 0 0 1 0 0 17 15 15 19 17 15
 6.285000E+02 13 0 0 0 0 0 0 0 0 1 0 0 17 13 25 20 13 18
 6.290000E+02 9 0 0 0 0 0 0 0 0 0 0 0 16 17 24 17 16 16
 6.295000E+02 12 0 0 0 0 0 0 0 0 0 0 0 15 19 20 8 19 13
 6.300000E+02 12 0 0 0 0 0 0 0 0 0 0 0 14 18 22 14 19 18
 6.305000E+02 11 0 0 0 0 0 0 0 0 0 0 0 17 16 17 24 18 16
 6.310000E+02 7 0 0 0 0 0 0 0 0 0 0 0 16 13 18 21 28 18
 6.315000E+02 10 0 0 0 0 0 0 0 0 0 0 0 14 17 18 25 24 12
 6.320000E+02 5 0 0 0 0 0 0 0 0 0 0 0 17 19 18 18 19 14
 6.325000E+02 13 0 0 0 0 0 0 0 0 0 0 0 18 13 14 15 22 18
 6.330000E+02 9 0 0 0 0 0 0 0 0 0 0 0 24 18 14 17 18 16
 6.335000E+02 6 0 0 0 0 0 0 0 0 0 0 0 18 11 16 20 15 15
 6.340000E+02 10 0 0 0 0 0 0 0 0 0 0 0 25 15 16 19 19 17
 6.345000E+02 10 0 0 0 0 0 0 0 0 0 0 0 23 15 13 19 22 26
 6.350000E+02 7 0 0 0 0 0 0 0 0 0 0 0 16 18 16 19 21 20
 6.355000E+02 14 0 0 0 0 0 0 0 0 0 0 0 13 12 18 18 20 18
 6.360000E+02 8 0 0 0 0 0 0 0 0 0 0 0 13 13 18 21 18 17
 6.365000E+02 6 0 0 0 0 0 0 0 0 0 0 0 14 18 24 24 17 16
 6.370000E+02 9 0 0 0 0 0 0 0 0 0 0 0 15 16 21 19 18 22
 6.375000E+02 10 0 0 0 0 0 0 0 0 1 0 0 16 15 15 20 18 18
 6.380000E+02 11 0 0 0 0 0 0 0 0 1 0 0 20 22 10 27 26 12
 6.385000E+02 11 0 0 0 0 0 0 0 0 1 0 0 14 22 15 19 23 15
 6.390000E+02 8 0 0 0 0 0 0 0 0 0 0 0 14 26 14 24 15 20
 6.395000E+02 12 0 0 0 0 0 0 0 0 0 0 0 18 22 22 18 15 17
 6.400000E+02 13 0 0 0 0 0 0 0 0 0 0 0 12 18 21 17 18 19
 6.405000E+02 12 0 0 0 0 1 0 0 0 1 0 0 22 14 19 21 16 19
 6.410000E+02 8 0 0 0 0 0 0 0 0 2 0 0 22 16 13 18 20 19
 6.415000E+02 10 0 0 0 0 0 0 0 0 2 0 0 19 20 13 20 19 19
 6.420000E+02 8 0 0 0 0 0 0 0 0 3 0 0 18 24 11 17 18 20
 6.425000E+02 11 0 0 0 0 0 0 0 0 1 0 0 20 21 13 18 17 22
 6.430000E+02 13 0 0 0 0 0 0 1 0 1 0 0 13 15 24 21 9 24
 6.435000E+02 11 0 0 0 0 0 0 0 0 1 0 0 17 17 24 23 10 23
 6.440000E+02 7 0 0 0 0 0 0 0 0 1 0 0 18 16 23 22 16 20
 6.445000E+02 6 0 0 0 0 0 0 1 0 0 0 0 15 15 16 21 18 23
 6.450000E+02 16 0 0 0 0 0 0 0 0 1 0 0 11 19 11 20 14 18
 6.455000E+02 11 0 0 0 0 0 0 1 0 0 0 0 15 19 20 19 23 18
 6.460000E+02 6 0 0 0 0 0 0 0 0 1 0 0 21 14 10 20 23 17
 6.465000E+02 4 0 0 0 0 0 0 0 0 0 0 0 20 18 16 18 21 11
 6.470000E+02 9 0 0 0 0 0 0 0 0 0 0 0 23 14 14 27 18 13
 6.475000E+02 10 0 0 0 0 0 0 0 0 0 0 0 20 18 14 25 20 26
 6.480000E+02 9 0 0 0 0 0 0 0 0 0 0 0 16 16 15 25 14 26
 6.485000E+02 16 0 0 0 0 0 0 0 0 0 0 0 20 15 21 29 12 15
 6.490000E+02 7 0 0 0 0 0 0 1 0 0 0 0 19 26 19 24 10 14
 6.495000E+02 10 0 0 0 0 0 0 0 0 0 0 0 16 26 14 29 13 17
 6.500000E+02 5 0 0 0 0 0 0 0 0 0 0 0 17 19 9 28 17 19
 6.505000E+02 14 0 0 0 0 0 0 0 0 0 0 0 19 16 20 27 12 23
 6.510000E+02 9 0 0 0 0 0 0 0 0 0 0 0 15 19 21 14 16 17
 6.515000E+02 9 0 0 0 0 0 0 0 0 0 0 0 21 25 19 17 25 14
 6.520000E+02 7 0 0 0 0 0 0 0 0 0 0 0 20 19 17 17 25 11
 6.525000E+02 10 0 0 0 0 0 0 0 0 0 0 0 18 26 23 16 22 14
 6.530000E+02 13 0 0 0 0 0 0 1 0 0 0 0 19 22 22 13 14 18
 6.535000E+02 8 0 0 0 0 0 0 1 0 0 0 0 26 14 15 16 14 20
 6.540000E+02 6 0 0 0 0 0 0 0 0 1 0 0 22 12 18 15 15 29
 6.545000E+02 11 0 0 0 0 0 0 1 0 0 0 0 18 19 17 19 12 15
 6.550000E+02 7 0 0 0 0 0 0 0 0 1 0 0 15 16 18 22 17 14
 6.555000E+02 13 0 0 0 0 0 0 0 0 1 0 0 16 12 17 23 21 13
 6.560000E+02 8 0 0 0 0 0 0 0 0 1 0 0 16 16 21 20 18 21
 6.565000E+02 5 0 0 0 0 0 0 0 0 1 0 0 20 19 21 16 25 17
 6.570000E+02 11 0 0 0 0 0 0 0 0 0 0 0 17 15 26 21 18 13
 6.575000E+02 10 0 0 0 0 0 0 0 0 0 0 0 20 11 22 18 23 20
 6.580000E+02 11 0 0 0 0 0 0 0 0 0 0 0 15 13 24 16 15 23
 6.585000E+02 9 0 0 0 0 0 0 0 0 0 0 0 27 13 21 22 16 15
 6.590000E+02 7 0 0 0 0 0 0 0 0 0 0 0 15 19 29 22 16 11
 6.595000E+02 10 0 0 0 0 0 0 0 0 0 0 0 16 18 22 19 17 16
 6.600000E+02 10 0 0 0 0 0 0 0 0 0 0 0 18 21 17 14 20 25
 6.605000E+02 12 0 0 0 0 0 0 0 0 0 0 0 15 19 18 18 21 22
 6.610000E+02 7 0 0 0 0 0 0 0 0 1 0 0 18 24 21 20 19 17
 6.615000E+02 7 0 0 0 0 0 0 0 0 1 0 0 20 25 18 21 13 26
 6.620000E+02 10 0 0 0 0 0 0 0 0 1 0 0 14 23 22 23 11 23
 6.625000E+02 12 0 0 0 0 0 0 0 0 0 0 0 12 21 21 19 20 19
 6.630000E+02 11 0 0 0 0 0 0 1 0 0 0 0 18 18 27 17 19 21
 6.635000E+02 16 0 0 0 0 0 0 0 0 1 0 0 14 27 17 21 17 16
 6.640000E+02 18 0 0 0 0 0 0 1 0 0 0 0 18 21 13 25 21 12
 6.645000E+02 6 0 0 0 0 1 0 0 0 0 0 0 15 28 19 21 23 19
 6.650000E+02 12 0 0 0 0 0 0 0 0 0 0 0 15 27 23 14 19 13
 6.655000E+02 10 0 0 0 0 0 0 0 0 0 0 0 21 29 15 18 15 23
 6.660000E+02 9 0 0 0 0 0 0 0 0 0 0 0 26 20 11 15 19 24
 6.665000E+02 12 0 0 0 0 0 0 0 0 0 0 0 28 12 14 18 22 22
 6.670000E+02 16 0 0 0 0 0 0 0 0 0 0 0 17 22 24 16 15 21
 6.675000E+02 14 0 0 0 0 0 0 0 0 0 0 0 18 23 11 12 18 19
 6.680000E+02 5 0 0 0 0 0 0 0 0 0 0 0 20 21 12 21 21 24
 6.685000E+02 7 0 0 0 0 0 0 0 0 0 0 0 17 16 15 24 14 22
 6.690000E+02 7 0 0 0 0 0 0 0 0 0 0 0 21 17 20 27 15 18
 6.695000E+02 17 0 0 0 0 0 0 0 0 0 0 0 18 14 17 18 23 22
 6.700000E+02 11 0 0 0 0 0 0 0 0 0 0 0 16 17 22 15 26 15
 6.705000E+02 10 0 0 0 0 0 0 0 0 0 0 0 14 15 22 14 21 22
 6.710000E+02 9 0 0 0 0 0 0 0 0 0 0 0 16 15 21 15 17 21
 6.715000E+02 6 0 0 0 0 0 0 0 0 0 0 0 18 10 26 18 23 16
 6.720000E+02 10 0 0 0 0 0 0 0 0 0 0 0 14 12 26 17 26 12
 6.725000E+02 8 0 0 0 0 0 0 0 0 0 0 0 28 13 17 15 19 22
 6.730000E+02 9 0 0 0 0 0 0 0 0 0 0 0 23 26 16 10 21 19
 6.735000E+02 12 0 0 0 0 0 0 0 0 0 0 0 17 26 15 14 19 22
 6.740000E+02 10 0 0 0 0 0 0 0 0 0 0 0 18 17 15 17 21 22
 6.745000E+02 6 0 0 0 0 0 0 0 0 0 0 0 15 27 24 19 15 19
 6.750000E+02 9 0 0 0 0 0 0 0 0 0 0 0 12 27 24 18 20 15
 6.755000E+02 9 0 0 0 0 0 0 0 0 0 0 0 17 14 19 19 18 17
 6.760000E+02 8 0 0 0 0 0 0 0 0 0 0 0 21 15 27 19 23 15
 6.765000E+02 6 0 0 0 0 0 0 0 0 0 0 0 21 14 22 19 23 14
 6.770000E+02 12 0 0 0 0 0 0 0 0 0 0 0 23 19 14 19 18 15
 6.775000E+02 2 0 0 0 0 0 0 0 0 0 0 0 22 21 14 19 22 10
 6.780000E+02 4 0 0 0 0 0 0 0 0 0 0 0 16 21 18 18 21 17
 6.785000E+02 13 0 0 0 0 0 0 0 0 0 0 0 21 22 26 12 20 20
 6.790000E+02 9 0 0 0 0 0 0 1 0 0 0 0 17 15 23 15 19 19
 6.795000E+02 8 0 0 0 0 0 0 0 0 0 0 0 25 16 22 16 25 17
 6.800000E+02 12 0 0 0 0 0 0 0 0 1 0 0 21 21 25 15 17 21
 6.805000E+02 14 0 0 0 0 0 0 0 0 1 0 0 18 20 21 15 13 15
 6.810000E+02 7 0 0 0 0 0 0 0 0 1 0 0 20 18 15 24 22 14
 6.815000E+02 8 0 0 0 0 0 0 0 0 0 0 0 19 16 17 20 27 17
 6.820000E+02 15 0 0 0 0 0 0 0 0 0 0 0 23 19 16 20 26 16
 6.825000E+02 9 0 0 0 0 0 0 0 0 0 0 0 14 12 24 19 19 25
 6.830000E+02 7 0 0 0 0 0 0 0 0 0 0 0 16 13 22 22 16 29
 6.835000E+02 7 0 0 0 0 0 0 0 0 0 0 0 17 19 22 24 19 27
 6.840000E+02 10 0 0 0 0 0 0 0 0 0 0 0 12 16 19 21 25 20
 6.845000E+02 14 0 0 0 0 0 0 0 0 0 0 0 22 16 18 22 18 18
 6.850000E+02 15 0 0 0 0 0 0 0 0 0 0 0 20 17 20 21 19 15
 6.855000E+02 9 0 0 0 0 0 0 0 0 0 0 0 14 21 26 17 18 17
 6.860000E+02 5 0 0 0 0 0 0 0 0 0 0 0 17 17 17 21 21 18
 6.865000E+02 8 0 0 0 0 0 0 0 0 1 0 0 16 15 21 19 20 19
 6.870000E+02 15 0 0 0 0 0 0 0 0 0 0 0 14 18 23 17 19 22
 6.875000E+02 9 0 0 0 0 0 0 0 0 0 0 0 12 23 12 19 25 15
 6.880000E+02 8 0 0 0 0 0 0 0 0 0 0 0 14 14 13 11 19 18
 6.885000E+02 10 0 0 0 0 0 0 0 0 0 0 0 18 14 25 12 22 19
 6.890000E+02 13 0 0 0 0 0 0 0 0 0 0 0 22 25 17 12 19 19
 6.895000E+02 15 0 0 0 0 0 0 0 0 0 0 0 15 21 13 18 16 14
 6.900000E+02 10 0 0 0 0 0 0 0 0 1 0 0 10 20 13 18 14 14
 6.905000E+02 9 0 0 0 0 0 0 0 0 0 0 0 16 18 11 21 16 19
 6.910000E+02 4 0 0 0 0 0 0 0 0 0 0 0 23 23 21 20 12 15
 6.915000E+02 7 0 0 0 0 0 0 0 0 0 0 0 25 20 15 16 15 16
 6.920000E+02 8 0 0 0 0 0 0 1 0 0 0 0 24 22 13 17 9 16
 6.925000E+02 13 0 0 0 0 0 0 0 0 1 0 0 19 22 16 12 15 18
 6.930000E+02 11 0 0 0 0 0 0 0 0 1 0 0 13 20 20 13 19 23
 6.935000E+02 7 0 0 0 0 0 0 0 0 1 0 0 18 20 20 16 14 26
 6.940000E+02 8 0 0 0 0 0 0 1 0 0 0 0 9 24 21 20 12 18
 6.945000E+02 6 0 0 0 0 0 0 1 0 0 0 0 18 24 18 18 14 17
 6.950000E+02 14 0 0 0 0 0 0 0 0 1 0 0 18 22 16 16 15 14
 6.955000E+02 13 0 0 0 0 0 0 0 0 1 0 0 20 23 18 19 15 18
 6.960000E+02 8 0 0 0 0 0 0 0 0 0 0 0 18 24 23 10 16 17
 6.965000E+02 9 0 0 0 0 0 0 0 0 1 0 1 20 20 15 14 16 22
 6.970000E+02 11 0 0 0 0 0 0 0 0 0 0 0 23 21 18 21 12 18
 6.975000E+02 7 0 0 0 0 0 0 0 0 0 0 0 23 23 20 25 19 18
 6.980000E+02 12 0 0 0 0 0 0 0 0 0 0 0 20 18 14 18 14 21
 6.985000E+02 8 0 0 0 0 0 0 0 0 0 0 0 19 19 16 15 19 25
 6.990000E+02 7 0 0 0 0 0 0 0 0 1 0 0 14 20 21 19 14 18
 6.995000E+02 7 0 0 1 0 0 0 0 0 0 0 0 15 19 12 17 16 22
 7.000000E+02 11 0 0 0 0 0 0 0 0 1 0 0 19 16 19 20 19 18
