# time 'Ca' 'D34:75:137_PP2ACa' 'D34:75:137_PP2APCa' 'D34:75_PP2ACa' 'D34:75_PP2APCa' 'D75:137_PP2ACa' 'D75:137_PP2APCa' 'D75_PP2ACa' 'D75_PP2APCa' 'PP2ACa' 'PP2ACa_PKA' 'PP2APCa' 'PP2BinactiveCa2_1' 'PP2BinactiveCa2_2' 'PP2BinactiveCa2_3' 'PP2BinactiveCa2_4' 'PP2BinactiveCa2_5' 'PP2BinactiveCa2_6'
 0.000000E+00 0 0 0 0 0 0 0 0 0 0 0 0 0 0 0 0 0 0
 5.000000E-01 1 0 0 0 0 0 0 0 0 0 0 0 0 0 0 0 2 0
 1.000000E+00 1 0 0 0 0 0 0 0 0 0 0 0 2 0 0 0 3 0
 1.500000E+00 5 0 0 0 0 0 0 0 0 0 0 0 1 1 2 1 2 2
 2.000000E+00 2 0 0 0 0 0 0 0 0 1 0 0 2 4 2 1 4 1
 2.500000E+00 4 0 0 0 0 0 0 0 0 0 0 0 5 3 1 3 5 2
 3.000000E+00 3 0 0 0 0 0 0 0 0 0 0 0 6 4 2 3 4 5
 3.500000E+00 2 0 0 0 0 0 0 0 0 0 0 0 6 7 4 2 5 4
 4.000000E+00 5 0 0 0 0 0 0 0 0 0 0 0 6 7 5 3 8 3
 4.500000E+00 3 0 0 0 0 0 0 0 0 0 0 0 6 7 4 3 10 5
 5.000000E+00 3 0 0 0 0 0 0 0 0 0 0 0 4 6 6 7 13 3
 5.500000E+00 3 0 0 0 0 0 0 0 0 0 0 0 3 5 5 10 10 5
 6.000000E+00 7 0 0 0 0 0 0 0 0 0 0 0 1 4 5 6 12 7
 6.500000E+00 10 0 0 0 0 0 0 0 0 0 0 0 3 7 7 6 7 5
 7.000000E+00 0 0 0 0 0 0 0 0 0 0 0 0 4 7 6 6 13 6
 7.500000E+00 7 0 0 0 0 0 0 0 0 0 0 0 3 9 6 8 7 8
 8.000000E+00 2 0 0 0 0 0 0 0 0 0 0 0 5 13 5 9 8 8
 8.500000E+00 4 0 0 0 0 0 0 0 0 0 0 0 6 10 11 7 4 9
 9.000000E+00 3 0 0 0 0 0 0 0 0 0 0 0 3 9 13 9 6 9
 9.500000E+00 3 0 0 0 0 0 0 0 0 0 0 0 4 11 10 12 4 11
 1.000000E+01 3 0 0 0 0 0 0 0 0 0 0 0 1 10 10 12 10 9
 1.050000E+01 5 0 0 0 0 0 0 0 0 0 0 0 3 11 13 9 11 11
 1.100000E+01 6 0 0 0 0 0 0 0 0 0 0 0 7 10 8 7 12 12
 1.150000E+01 6 0 0 0 0 0 0 0 0 0 0 0 13 8 12 6 7 12
 1.200000E+01 2 0 0 0 0 0 0 0 0 0 0 0 10 9 13 9 4 10
 1.250000E+01 7 0 0 0 0 0 0 0 0 0 0 0 10 9 7 11 13 6
 1.300000E+01 7 0 0 0 0 0 0 0 0 0 0 0 7 10 9 10 8 13
 1.350000E+01 4 0 0 0 0 0 0 0 0 0 0 0 11 8 14 7 11 8
 1.400000E+01 6 0 0 0 0 0 0 0 0 0 0 0 19 9 14 9 8 5
 1.450000E+01 5 0 0 0 0 0 0 0 0 0 0 0 10 12 16 10 7 7
 1.500000E+01 9 0 0 0 0 0 0 0 0 0 0 0 9 12 13 6 10 11
 1.550000E+01 6 0 0 0 0 0 0 0 0 0 0 0 11 12 8 8 16 8
 1.600000E+01 2 0 0 0 0 0 0 0 0 0 0 0 13 11 6 7 18 9
 1.650000E+01 7 0 0 0 0 0 0 0 0 0 0 0 11 14 7 8 13 12
 1.700000E+01 5 0 0 0 0 0 0 0 0 0 0 0 13 11 9 8 15 14
 1.750000E+01 4 0 0 0 0 0 0 0 0 0 0 0 8 15 10 11 10 12
 1.800000E+01 6 0 0 0 0 0 0 0 0 0 0 0 14 8 14 13 8 14
 1.850000E+01 6 0 0 0 0 0 0 0 0 0 0 0 12 10 13 10 6 20
 1.900000E+01 7 0 0 0 0 0 0 0 0 0 0 0 12 12 10 13 11 16
 1.950000E+01 7 0 0 0 0 0 0 0 0 0 0 0 15 9 12 8 12 15
 2.000000E+01 11 0 0 0 0 0 0 0 0 0 0 0 11 8 9 12 17 12
 2.050000E+01 4 0 0 0 0 0 0 0 0 0 0 0 17 11 12 11 17 11
 2.100000E+01 4 0 0 0 0 0 0 0 0 0 0 0 13 16 12 15 13 9
 2.150000E+01 8 0 0 0 0 0 0 0 0 0 0 0 13 12 8 16 15 7
 2.200000E+01 10 0 0 0 0 0 0 0 0 0 0 0 9 9 13 18 10 5
 2.250000E+01 7 0 0 0 0 0 0 0 0 0 0 0 9 8 13 21 14 11
 2.300000E+01 10 0 0 0 0 0 0 0 0 0 0 0 9 13 12 19 12 13
 2.350000E+01 6 0 0 0 0 0 0 0 0 1 0 0 14 12 9 17 9 14
 2.400000E+01 3 0 0 0 0 0 0 0 0 0 0 0 16 10 9 13 17 16
 2.450000E+01 7 0 0 0 0 0 0 0 0 0 0 0 18 8 10 17 14 9
 2.500000E+01 7 0 0 0 0 0 0 0 0 0 0 0 15 9 8 15 18 9
 2.550000E+01 7 0 0 0 0 0 0 0 0 0 0 0 15 15 11 13 16 9
 2.600000E+01 8 0 0 0 0 0 0 0 0 0 0 0 11 13 14 10 20 6
 2.650000E+01 11 0 0 0 0 0 0 0 0 0 0 0 12 16 12 15 17 6
 2.700000E+01 6 0 0 0 0 0 0 0 0 1 0 0 17 15 11 16 11 10
 2.750000E+01 6 0 0 0 0 0 0 1 0 0 0 0 16 15 11 15 14 11
 2.800000E+01 5 0 0 0 0 0 0 0 0 1 0 0 15 15 14 14 13 10
 2.850000E+01 6 0 0 0 0 1 0 0 0 2 0 0 14 14 15 18 9 15
 2.900000E+01 4 0 0 0 0 0 0 1 0 0 0 0 15 11 13 15 12 9
 2.950000E+01 10 0 0 0 0 0 0 0 0 1 0 0 15 12 18 7 19 8
 3.000000E+01 2 0 0 0 0 0 0 0 0 0 0 0 16 9 12 9 15 12
 3.050000E+01 5 0 0 0 0 0 0 0 0 0 0 0 15 17 15 10 12 17
 3.100000E+01 6 0 0 0 0 0 0 0 0 0 0 0 12 14 13 16 13 12
 3.150000E+01 11 0 0 0 0 0 0 0 0 0 0 0 18 11 15 21 15 12
 3.200000E+01 5 0 0 0 0 0 0 0 0 0 0 0 14 11 13 15 11 19
 3.250000E+01 10 0 0 0 0 0 0 0 0 0 0 0 9 12 18 14 7 22
 3.300000E+01 4 0 0 0 0 0 0 0 0 0 0 0 11 13 17 11 13 22
 3.350000E+01 5 0 0 0 0 0 0 0 0 0 0 0 13 13 19 12 16 14
 3.400000E+01 6 0 0 0 0 0 0 1 0 0 0 0 10 20 18 11 9 23
 3.450000E+01 5 0 0 0 0 0 0 0 0 1 0 0 13 16 19 12 10 20
 3.500000E+01 9 0 0 0 0 0 0 0 0 1 0 0 17 15 16 10 19 13
 3.550000E+01 6 0 0 0 0 0 0 0 0 0 0 0 17 12 14 14 18 12
 3.600000E+01 9 0 0 0 0 0 0 0 0 0 0 0 17 12 15 19 17 15
 3.650000E+01 9 0 0 0 0 0 0 0 0 0 0 0 12 14 13 16 18 11
 3.700000E+01 8 0 0 0 0 0 0 0 0 0 0 0 16 12 11 12 19 20
 3.750000E+01 12 0 0 0 0 0 0 0 0 0 0 0 14 7 19 14 16 20
 3.800000E+01 11 0 0 0 0 0 0 0 0 0 0 0 17 17 19 12 13 17
 3.850000E+01 12 0 0 0 0 0 0 0 0 0 0 0 22 17 16 16 13 12
 3.900000E+01 5 0 0 0 0 0 0 0 0 0 0 0 15 20 18 16 14 13
 3.950000E+01 13 0 0 0 0 0 0 0 0 0 0 0 15 27 10 15 18 10
 4.000000E+01 10 0 0 0 0 0 0 0 0 0 0 0 21 20 11 17 17 15
 4.050000E+01 7 0 0 0 0 0 0 0 0 0 0 0 14 18 14 19 14 16
 4.100000E+01 11 0 0 0 0 0 0 0 0 0 0 0 15 20 17 14 17 17
 4.150000E+01 7 0 0 0 0 0 0 0 0 0 0 0 13 21 14 13 24 16
 4.200000E+01 9 0 0 0 0 0 0 0 0 0 0 0 12 20 21 13 17 10
 4.250000E+01 11 0 0 0 0 0 0 0 0 0 0 0 15 20 24 21 12 14
 4.300000E+01 8 0 0 0 0 0 0 0 0 0 0 0 13 16 13 20 22 11
 4.350000E+01 6 0 0 0 0 0 0 0 0 0 0 0 12 13 19 25 18 19
 4.400000E+01 13 0 0 0 0 0 0 0 0 0 0 0 14 14 22 23 14 10
 4.450000E+01 10 0 0 0 0 0 0 0 0 1 0 0 20 14 20 28 13 15
 4.500000E+01 8 0 0 0 0 0 0 0 0 0 0 0 17 14 18 26 18 8
 4.550000E+01 12 0 0 0 0 0 0 0 0 0 0 0 25 15 20 20 16 12
 4.600000E+01 12 0 0 0 0 0 0 0 0 0 0 0 21 11 25 21 11 12
 4.650000E+01 9 0 0 0 0 0 0 0 0 0 0 0 26 18 16 18 10 24
 4.700000E+01 9 0 0 0 0 0 0 0 0 0 0 0 27 16 10 25 10 17
 4.750000E+01 6 0 0 0 0 0 0 0 0 0 0 0 28 17 12 20 18 16
 4.800000E+01 7 0 0 0 0 0 0 0 0 0 0 0 21 19 19 18 16 20
 4.850000E+01 6 0 0 0 0 0 0 0 0 0 0 0 15 18 20 19 18 21
 4.900000E+01 11 0 0 0 0 0 0 0 0 0 0 0 14 19 15 19 16 21
 4.950000E+01 8 0 0 0 0 0 0 0 0 0 0 0 15 15 18 16 18 21
 5.000000E+01 11 0 0 0 0 0 0 0 0 0 0 0 16 17 21 20 16 17
 5.050000E+01 5 0 0 0 0 0 0 0 0 0 0 0 19 17 15 19 21 21
 5.100000E+01 4 0 0 0 0 0 0 0 0 0 0 0 17 16 18 17 23 20
 5.150000E+01 11 0 0 0 0 0 0 0 0 0 0 0 16 15 14 20 20 26
 5.200000E+01 11 0 0 0 0 0 0 0 0 0 0 0 13 16 15 19 15 16
 5.250000E+01 8 0 0 0 0 0 0 0 0 0 0 0 17 27 11 19 23 16
 5.300000E+01 9 0 0 0 0 0 0 0 0 0 0 0 18 19 13 10 27 16
 5.350000E+01 4 0 0 0 0 0 0 1 0 0 0 0 17 22 13 11 25 21
 5.400000E+01 9 0 0 0 0 0 0 0 0 0 0 0 15 20 21 11 16 20
 5.450000E+01 9 0 0 0 0 0 0 0 0 0 0 0 16 19 18 17 19 18
 5.500000E+01 8 0 0 0 0 0 0 0 0 0 0 0 14 22 18 17 20 16
 5.550000E+01 9 0 0 0 0 0 0 0 0 0 0 0 19 13 18 24 17 23
 5.600000E+01 9 0 0 0 0 0 0 0 0 0 0 0 17 19 11 21 13 19
 5.650000E+01 5 0 0 0 0 0 0 0 0 0 0 0 15 20 16 22 18 17
 5.700000E+01 7 0 0 0 0 0 0 0 0 0 0 0 19 13 23 16 11 22
 5.750000E+01 9 0 0 0 0 0 0 0 0 0 0 0 19 13 18 13 19 13
 5.800000E+01 8 0 0 0 0 0 0 0 0 0 0 0 13 20 20 16 23 11
 5.850000E+01 12 0 0 0 0 0 0 0 0 0 0 0 15 14 26 17 18 17
 5.900000E+01 12 0 0 0 0 0 0 0 0 0 0 0 23 11 14 14 22 19
 5.950000E+01 12 0 0 0 0 0 0 0 0 0 0 0 17 16 19 15 19 22
 6.000000E+01 7 0 0 0 0 0 0 0 0 0 0 0 22 14 14 13 21 14
 6.050000E+01 10 0 0 0 0 0 0 0 0 0 0 0 13 22 13 19 19 16
 6.100000E+01 8 0 0 0 0 0 0 0 0 0 0 0 19 19 16 17 22 14
 6.150000E+01 10 0 0 0 0 0 0 0 0 0 0 0 18 15 17 19 17 11
 6.200000E+01 8 0 0 0 0 0 0 0 0 0 0 0 22 12 20 23 14 9
 6.250000E+01 9 0 0 0 0 0 0 0 0 0 0 0 23 15 15 16 15 16
 6.300000E+01 13 0 0 0 0 0 0 0 0 0 0 0 20 11 15 9 18 20
 6.350000E+01 16 0 0 0 0 0 0 0 0 0 0 0 18 9 13 18 18 23
 6.400000E+01 5 0 0 0 0 0 0 0 0 0 0 0 19 20 20 12 21 16
 6.450000E+01 10 0 0 0 0 0 0 0 0 0 0 0 23 20 14 14 17 16
 6.500000E+01 8 0 0 0 0 0 0 0 0 0 0 0 24 19 17 13 19 14
 6.550000E+01 4 0 0 0 0 0 0 0 0 0 0 0 23 16 16 11 16 18
 6.600000E+01 7 0 0 0 0 0 0 0 0 0 0 0 22 14 17 10 16 19
 6.650000E+01 12 0 0 0 0 0 0 0 0 0 0 0 20 10 20 14 11 21
 6.700000E+01 10 0 0 0 0 0 0 0 0 0 0 0 13 14 21 19 18 17
 6.750000E+01 8 0 0 0 0 0 0 0 0 0 0 0 16 8 19 21 20 14
 6.800000E+01 4 0 0 0 0 0 0 1 0 0 0 0 14 19 17 17 14 18
 6.850000E+01 5 0 0 0 0 0 0 0 0 1 0 0 14 16 19 13 16 14
 6.900000E+01 8 0 0 0 0 0 0 0 0 0 0 0 9 16 22 14 21 10
 6.950000E+01 7 0 0 0 0 0 0 0 0 0 0 0 16 14 21 11 20 16
 7.000000E+01 9 0 0 0 0 0 0 0 0 0 0 0 16 17 22 13 20 16
 7.050000E+01 3 0 0 0 0 0 0 0 0 1 0 0 15 10 20 18 19 18
 7.100000E+01 4 0 0 0 0 0 0 1 0 0 0 0 17 15 19 11 18 20
 7.150000E+01 13 0 0 0 0 0 0 0 0 0 0 0 19 11 18 16 23 15
 7.200000E+01 10 0 0 0 0 0 0 0 0 0 0 0 18 13 13 21 20 20
 7.250000E+01 6 0 0 0 0 0 0 0 0 0 0 0 15 13 20 14 21 14
 7.300000E+01 9 0 0 0 0 0 0 1 0 0 0 0 11 17 20 16 24 13
 7.350000E+01 6 0 0 0 0 0 0 0 0 0 0 0 22 21 16 15 22 12
 7.400000E+01 6 0 0 0 0 0 0 0 0 0 0 0 25 15 17 12 21 16
 7.450000E+01 8 0 0 0 0 0 0 0 0 0 0 0 28 12 16 16 18 13
 7.500000E+01 11 0 0 0 0 0 0 0 0 0 0 0 22 13 20 14 19 14
 7.550000E+01 7 0 0 0 0 0 0 0 0 0 0 0 15 16 18 19 18 15
 7.600000E+01 5 0 0 0 0 0 0 0 0 0 0 0 18 11 21 16 20 19
 7.650000E+01 8 0 0 0 0 0 0 0 0 0 0 0 15 10 18 12 21 22
 7.700000E+01 14 0 0 0 0 0 0 0 0 1 0 0 18 9 19 16 21 23
 7.750000E+01 8 0 0 0 0 0 0 0 0 0 0 0 15 13 16 18 25 19
 7.800000E+01 7 0 0 0 0 0 0 0 0 0 0 0 19 11 16 15 17 22
 7.850000E+01 9 0 0 0 0 0 0 0 0 1 0 0 15 16 20 14 17 18
 7.900000E+01 11 0 0 0 0 0 0 0 0 1 0 0 15 17 23 12 13 15
 7.950000E+01 13 0 0 0 0 0 0 0 0 0 0 0 16 23 17 18 20 14
 8.000000E+01 6 0 0 0 0 0 0 0 0 0 0 0 20 23 11 17 18 11
 8.050000E+01 8 0 0 0 0 0 0 0 0 0 0 0 21 18 10 15 17 11
 8.100000E+01 10 0 0 0 0 0 0 0 0 0 0 0 20 18 14 12 18 20
 8.150000E+01 8 0 0 0 0 0 0 0 0 0 0 0 14 10 10 22 22 15
 8.200000E+01 10 0 0 0 0 0 0 0 0 0 0 0 22 9 16 22 12 23
 8.250000E+01 15 0 0 0 0 0 0 0 0 0 0 0 22 11 18 21 12 10
 8.300000E+01 9 0 0 0 0 0 0 0 0 1 0 0 20 12 17 14 19 16
 8.350000E+01 6 0 0 0 0 0 0 0 0 0 0 0 16 12 22 20 20 17
 8.400000E+01 16 0 0 0 0 0 0 0 0 0 0 0 16 13 18 15 19 17
 8.450000E+01 6 0 0 0 0 0 0 0 0 0 0 0 17 12 15 17 22 18
 8.500000E+01 10 0 0 0 0 0 0 0 0 0 0 0 16 12 13 13 20 15
 8.550000E+01 8 0 0 0 0 0 0 0 0 0 0 0 18 19 20 19 18 12
 8.600000E+01 6 0 0 0 0 0 0 0 0 0 0 0 18 14 24 18 15 13
 8.650000E+01 11 0 0 0 0 0 0 0 0 1 0 0 15 15 19 15 17 13
 8.700000E+01 12 0 0 0 0 0 0 0 0 1 0 0 13 21 15 11 21 16
 8.750000E+01 8 0 0 0 0 0 0 0 0 0 0 0 11 18 16 17 20 17
 8.800000E+01 9 0 0 0 0 0 0 0 0 0 0 0 13 22 19 18 19 16
 8.850000E+01 9 0 0 0 0 0 0 0 0 1 0 0 15 21 18 16 20 11
 8.900000E+01 8 0 0 0 0 0 0 0 0 0 0 0 14 19 21 16 26 15
 8.950000E+01 9 0 0 0 0 0 0 0 0 0 0 0 15 15 16 15 17 20
 9.000000E+01 12 0 0 0 0 0 0 0 0 0 0 0 17 12 17 19 23 9
 9.050000E+01 11 0 0 0 0 0 0 0 0 1 0 0 16 14 20 24 24 11
 9.100000E+01 6 0 0 0 0 0 0 0 0 0 0 0 15 18 20 21 16 12
 9.150000E+01 13 0 0 0 0 0 0 0 0 1 0 0 17 17 25 20 15 7
 9.200000E+01 12 0 0 0 0 0 0 0 0 0 0 0 15 16 24 12 14 14
 9.250000E+01 9 0 0 0 0 0 0 0 0 1 0 0 16 16 26 12 17 15
 9.300000E+01 8 0 0 0 0 0 0 0 0 0 0 0 13 18 22 17 18 18
 9.350000E+01 9 0 0 0 0 0 0 0 0 0 0 0 16 17 17 14 19 20
 9.400000E+01 6 0 0 0 0 0 0 0 0 0 0 0 18 17 15 16 21 19
 9.450000E+01 11 0 0 0 0 0 0 0 0 0 0 0 20 14 16 19 25 12
 9.500000E+01 12 0 0 0 0 0 0 0 0 0 0 0 17 11 18 20 18 14
 9.550000E+01 12 0 0 0 0 0 0 0 0 0 0 0 21 18 19 17 20 12
 9.600000E+01 5 0 0 0 0 0 0 0 0 0 0 0 16 19 17 17 27 10
 9.650000E+01 4 0 0 0 0 0 0 0 0 0 0 0 21 9 17 12 23 15
 9.700000E+01 10 0 0 0 0 0 0 0 0 0 0 0 14 16 16 18 25 17
 9.750000E+01 9 0 0 0 0 0 0 0 0 0 0 0 14 18 12 13 18 16
 9.800000E+01 8 0 0 0 0 0 0 0 0 0 0 0 23 19 16 18 17 9
 9.850000E+01 7 0 0 0 0 0 0 0 0 0 0 0 24 20 21 16 21 8
 9.900000E+01 12 0 0 0 0 0 0 0 0 0 0 0 17 17 16 15 23 8
 9.950000E+01 15 0 0 0 0 0 0 0 0 1 0 0 20 13 13 16 15 10
 1.000000E+02 3 0 0 0 0 0 0 0 0 1 0 0 12 23 14 11 12 17
 1.005000E+02 7 0 0 0 0 0 0 0 0 0 0 0 12 15 13 11 23 16
 1.010000E+02 8 0 0 0 0 0 0 0 0 0 0 0 15 18 18 14 14 18
 1.015000E+02 9 0 0 0 0 0 0 0 0 0 0 0 12 15 14 17 13 21
 1.020000E+02 11 0 0 0 0 0 0 0 0 0 0 0 14 12 16 12 14 23
 1.025000E+02 12 0 0 0 0 0 0 0 0 0 0 0 18 18 17 11 16 16
 1.030000E+02 9 0 0 0 0 0 0 0 0 0 0 0 22 16 20 13 13 11
 1.035000E+02 8 0 0 0 0 0 0 0 0 0 0 0 18 19 14 16 13 19
 1.040000E+02 9 0 0 0 0 0 0 0 0 0 0 0 15 15 13 20 15 20
 1.045000E+02 6 0 0 0 0 0 0 0 0 0 0 0 20 18 14 14 12 20
 1.050000E+02 5 0 0 0 0 0 0 0 0 0 0 0 20 19 15 13 11 22
 1.055000E+02 11 0 0 0 0 0 0 0 0 0 0 0 18 12 18 12 14 20
 1.060000E+02 4 0 0 0 0 0 0 0 0 0 0 0 24 10 19 16 11 17
 1.065000E+02 8 0 0 0 0 0 0 0 0 0 0 0 19 14 15 19 13 24
 1.070000E+02 7 0 0 0 0 0 0 0 0 0 0 0 22 13 15 14 18 18
 1.075000E+02 8 0 0 0 0 0 0 0 0 0 0 0 18 13 14 19 20 18
 1.080000E+02 10 0 0 0 0 0 0 0 0 1 0 0 21 17 10 20 16 23
 1.085000E+02 5 0 0 0 0 0 0 0 0 1 0 0 14 19 12 23 16 23
 1.090000E+02 4 0 0 0 0 0 0 2 0 0 0 0 13 21 17 15 15 23
 1.095000E+02 11 0 0 0 0 0 0 0 0 1 0 0 12 21 18 19 12 22
 1.100000E+02 10 0 0 0 0 0 0 0 0 1 0 0 16 18 15 16 16 21
 1.105000E+02 11 0 0 0 0 0 0 0 0 0 0 0 20 16 14 21 13 20
 1.110000E+02 10 0 0 0 0 0 0 0 0 0 0 0 15 13 18 21 17 15
 1.115000E+02 6 0 0 0 0 0 0 0 0 0 0 0 13 18 18 19 20 11
 1.120000E+02 9 0 0 0 0 0 0 0 0 2 0 0 12 18 16 14 21 11
 1.125000E+02 12 0 0 0 0 0 0 0 0 2 0 0 15 20 14 16 21 7
 1.130000E+02 13 0 0 0 0 0 0 0 0 0 0 0 16 23 16 11 13 18
 1.135000E+02 4 0 0 0 0 0 0 0 0 1 0 0 13 17 19 17 15 18
 1.140000E+02 5 0 0 0 0 0 0 0 0 0 0 0 13 16 23 10 15 17
 1.145000E+02 11 0 0 0 0 0 0 0 0 0 0 0 21 16 17 11 22 20
 1.150000E+02 9 0 0 0 0 0 0 0 0 0 0 0 18 19 13 20 18 24
 1.155000E+02 6 0 0 0 0 0 0 0 0 0 0 0 15 18 17 15 18 23
 1.160000E+02 13 0 0 0 0 0 0 0 0 0 0 0 19 20 16 17 15 25
 1.165000E+02 8 0 0 0 0 0 0 0 0 0 0 0 23 14 13 17 20 19
 1.170000E+02 6 0 0 0 0 0 0 0 0 0 0 0 20 14 18 19 20 21
 1.175000E+02 9 0 0 0 0 0 0 0 0 0 0 0 21 11 12 15 18 25
 1.180000E+02 7 0 0 0 0 0 0 0 0 0 0 0 20 13 13 10 27 23
 1.185000E+02 11 0 0 0 0 0 0 0 0 0 0 0 18 15 17 14 21 17
 1.190000E+02 13 0 0 0 0 0 0 0 0 0 0 0 21 8 15 20 20 17
 1.195000E+02 7 0 0 0 0 0 0 0 0 0 0 0 18 13 9 18 16 21
 1.200000E+02 8 0 0 0 0 0 0 0 0 0 0 0 17 13 16 24 17 20
 1.205000E+02 6 0 0 0 0 0 0 0 0 0 0 0 24 16 15 18 17 14
 1.210000E+02 8 0 0 0 0 0 0 0 0 0 0 0 18 18 15 20 13 14
 1.215000E+02 5 0 0 0 0 0 0 0 0 0 0 0 13 19 19 18 9 12
 1.220000E+02 6 0 0 0 0 0 0 0 0 1 0 0 13 23 17 21 20 13
 1.225000E+02 11 0 0 0 0 0 0 1 0 0 0 0 16 22 14 19 19 16
 1.230000E+02 6 0 0 0 0 0 0 1 0 0 0 0 16 20 19 15 20 15
 1.235000E+02 14 0 0 0 0 1 0 0 0 0 0 0 12 18 24 19 9 18
 1.240000E+02 10 0 0 0 0 0 0 0 0 1 0 0 13 16 19 18 20 21
 1.245000E+02 4 0 0 0 0 0 0 1 0 0 0 0 14 15 13 27 17 18
 1.250000E+02 10 0 0 0 0 0 0 0 0 1 0 0 12 13 14 24 18 18
 1.255000E+02 13 0 0 0 0 0 0 0 0 1 0 0 11 19 12 23 19 21
 1.260000E+02 7 0 0 0 0 0 0 0 0 1 0 0 11 24 11 23 19 14
 1.265000E+02 6 0 0 0 0 0 0 1 0 0 0 0 11 28 20 21 14 18
 1.270000E+02 16 0 0 0 0 0 0 0 0 1 0 0 15 22 18 23 14 12
 1.275000E+02 3 0 0 0 0 0 0 1 0 0 0 0 11 26 15 15 17 16
 1.280000E+02 16 0 0 0 0 0 0 0 0 1 0 0 15 23 13 16 17 29
 1.285000E+02 6 0 0 0 0 0 0 0 0 1 0 0 15 14 17 16 17 27
 1.290000E+02 8 0 0 0 0 0 0 0 0 1 0 0 15 17 20 11 20 22
 1.295000E+02 12 0 0 0 0 0 0 0 0 1 0 0 13 16 22 17 19 21
 1.300000E+02 9 0 0 0 0 0 0 0 0 1 0 0 21 12 13 22 18 21
 1.305000E+02 13 0 0 0 0 0 0 0 0 0 0 0 16 19 13 18 17 23
 1.310000E+02 6 0 0 0 0 0 0 0 0 0 0 0 18 15 23 20 16 20
 1.315000E+02 9 0 0 0 0 0 0 0 0 0 0 0 23 20 19 19 13 16
 1.320000E+02 3 0 0 0 0 0 0 0 0 0 0 0 30 20 18 21 8 17
 1.325000E+02 8 0 0 0 0 0 0 0 0 0 0 0 27 14 11 24 15 19
 1.330000E+02 7 0 0 0 0 0 0 0 0 0 0 0 20 13 9 18 15 30
 1.335000E+02 6 0 0 0 0 0 0 0 0 0 0 0 23 11 16 24 12 21
 1.340000E+02 10 0 0 0 0 0 0 0 0 0 0 0 19 6 17 23 23 19
 1.345000E+02 9 0 0 0 0 0 0 0 0 0 0 0 22 16 17 16 17 16
 1.350000E+02 11 0 0 0 0 0 0 2 0 0 0 0 20 19 16 10 18 20
 1.355000E+02 13 0 0 0 0 0 0 0 0 1 0 0 19 13 16 11 22 26
 1.360000E+02 8 0 0 0 0 0 0 0 0 1 0 0 17 19 17 12 17 18
 1.365000E+02 4 0 0 0 0 0 0 0 0 0 0 0 17 19 14 13 14 14
 1.370000E+02 7 0 0 0 0 0 0 0 0 0 0 0 18 20 19 20 17 8
 1.375000E+02 10 0 0 0 0 0 0 0 0 0 0 0 19 14 18 17 22 22
 1.380000E+02 6 0 0 0 0 0 0 0 0 0 0 0 20 19 18 14 23 17
 1.385000E+02 6 0 0 0 0 0 0 0 0 0 0 0 18 15 18 16 19 14
 1.390000E+02 9 0 0 0 0 0 0 0 0 0 0 0 17 13 15 20 12 21
 1.395000E+02 8 0 0 0 0 0 0 0 0 0 0 0 18 14 19 21 24 18
 1.400000E+02 5 0 0 0 0 0 0 0 0 0 0 0 20 12 11 16 26 20
 1.405000E+02 5 0 0 0 0 0 0 0 0 0 0 0 21 18 11 18 21 27
 1.410000E+02 7 0 0 0 0 0 0 0 0 0 0 0 21 17 8 18 20 28
 1.415000E+02 6 0 0 0 0 0 0 0 0 0 0 0 16 18 13 17 17 22
 1.420000E+02 13 0 0 0 0 0 0 0 0 1 0 0 18 13 16 16 19 23
 1.425000E+02 8 0 0 0 0 0 0 0 0 1 0 0 15 14 13 17 21 25
 1.430000E+02 8 0 0 0 0 0 0 0 0 2 0 0 15 18 15 21 16 25
 1.435000E+02 9 0 0 0 0 0 0 0 0 0 0 0 19 20 12 16 21 22
 1.440000E+02 9 0 0 0 0 0 0 0 0 0 0 0 19 21 11 15 15 16
 1.445000E+02 10 0 0 0 0 0 0 0 0 0 0 0 18 20 14 14 15 14
 1.450000E+02 10 0 0 0 0 0 0 0 0 0 0 0 21 23 13 16 11 16
 1.455000E+02 4 0 0 0 0 0 0 0 0 0 0 0 23 16 14 16 18 17
 1.460000E+02 11 0 0 0 0 0 0 0 0 0 0 0 15 15 14 20 22 16
 1.465000E+02 12 0 0 0 0 0 0 0 0 0 0 0 11 18 22 27 17 18
 1.470000E+02 10 0 0 0 0 0 0 0 0 0 0 0 15 22 14 24 18 14
 1.475000E+02 8 0 0 0 0 0 0 0 0 0 0 0 14 12 15 28 15 19
 1.480000E+02 8 0 0 0 0 0 0 0 0 0 0 0 17 20 10 13 25 15
 1.485000E+02 7 0 0 0 0 0 0 1 0 0 0 0 21 18 13 14 24 17
 1.490000E+02 14 0 0 0 0 0 0 0 0 0 0 0 17 13 16 15 18 17
 1.495000E+02 12 0 0 0 0 0 0 0 0 0 0 0 14 16 22 18 17 19
 1.500000E+02 17 0 0 0 0 0 0 0 0 0 0 0 20 16 21 22 16 19
 1.505000E+02 6 0 0 0 0 0 0 0 0 0 0 0 17 15 21 19 21 14
 1.510000E+02 8 0 0 0 0 0 0 0 0 0 0 0 19 12 17 16 21 16
 1.515000E+02 5 0 0 0 0 0 0 0 0 0 0 0 20 13 19 16 25 18
 1.520000E+02 11 0 0 0 0 0 0 0 0 0 0 0 15 13 16 18 14 19
 1.525000E+02 6 0 0 0 0 0 0 0 0 0 0 0 22 10 14 22 18 20
 1.530000E+02 9 0 0 0 0 0 0 0 0 0 0 0 26 8 15 19 20 18
 1.535000E+02 10 0 0 0 0 0 0 0 0 0 0 0 23 10 14 20 18 19
 1.540000E+02 5 0 0 0 0 0 0 0 0 0 0 0 24 12 12 19 17 21
 1.545000E+02 10 0 0 0 0 0 0 0 0 0 0 0 18 24 15 22 17 20
 1.550000E+02 6 0 0 0 0 0 0 0 0 0 0 0 18 16 15 21 17 21
 1.555000E+02 15 0 0 0 0 0 0 0 0 0 0 0 15 15 16 15 20 17
 1.560000E+02 11 0 0 0 0 0 0 0 0 0 0 0 15 13 17 20 18 22
 1.565000E+02 6 0 0 0 0 0 0 0 0 0 0 0 10 18 20 18 20 20
 1.570000E+02 9 0 0 0 0 0 0 1 0 0 0 0 14 16 17 16 18 21
 1.575000E+02 8 0 0 0 0 0 0 0 0 0 0 0 19 18 12 13 17 21
 1.580000E+02 12 0 0 0 0 0 0 0 0 0 0 0 19 21 20 10 21 14
 1.585000E+02 7 0 0 0 0 0 0 0 0 0 0 0 23 11 11 15 23 25
 1.590000E+02 5 0 0 0 0 0 0 0 0 0 0 0 19 14 17 14 17 18
 1.595000E+02 5 0 0 0 0 0 0 0 0 0 0 0 21 17 19 19 16 13
 1.600000E+02 9 0 0 0 0 0 0 0 0 0 0 0 24 14 22 24 20 11
 1.605000E+02 7 0 0 0 0 0 0 0 0 0 0 0 21 12 21 19 24 13
 1.610000E+02 9 0 0 0 0 0 0 0 0 0 0 0 19 14 14 24 17 17
 1.615000E+02 4 0 0 0 0 0 0 0 0 0 0 0 17 17 15 24 12 20
 1.620000E+02 8 0 0 0 0 0 0 0 0 0 0 0 18 20 18 23 18 17
 1.625000E+02 6 0 0 0 0 0 0 0 0 0 0 0 19 17 21 20 15 20
 1.630000E+02 14 0 0 0 0 0 0 0 0 0 0 0 11 21 17 21 20 16
 1.635000E+02 9 0 0 0 0 0 0 0 0 0 0 0 13 23 20 14 23 15
 1.640000E+02 16 0 0 0 0 0 0 0 0 0 0 0 17 20 17 19 21 12
 1.645000E+02 9 0 0 0 0 0 0 0 0 0 0 0 20 13 20 16 21 15
 1.650000E+02 10 0 0 0 0 0 0 0 0 0 0 0 24 17 14 15 16 19
 1.655000E+02 7 0 0 0 0 0 0 0 0 0 0 0 25 27 16 14 17 13
 1.660000E+02 11 0 0 0 0 0 0 0 0 0 0 0 18 30 16 14 18 11
 1.665000E+02 6 0 0 0 0 0 0 0 0 0 0 0 13 20 14 14 21 19
 1.670000E+02 13 0 0 0 0 0 0 0 0 0 0 0 11 21 13 18 23 23
 1.675000E+02 12 0 0 0 0 0 0 1 0 0 0 0 24 18 16 24 20 16
 1.680000E+02 5 0 0 0 0 0 0 0 0 1 0 0 23 15 18 21 16 20
 1.685000E+02 5 0 0 0 0 0 0 0 0 2 0 0 23 14 23 20 17 18
 1.690000E+02 9 0 0 0 0 0 0 0 0 1 0 0 15 17 25 23 17 15
 1.695000E+02 12 0 0 0 0 0 0 0 0 1 0 0 18 15 22 20 20 18
 1.700000E+02 9 0 0 0 0 0 0 1 0 0 0 0 14 14 29 26 19 12
 1.705000E+02 4 0 0 0 0 0 0 0 0 0 0 0 20 18 24 21 25 7
 1.710000E+02 5 0 0 0 0 0 0 0 0 0 0 0 21 16 23 18 21 13
 1.715000E+02 11 0 0 0 0 0 0 0 0 0 0 0 20 15 20 16 23 11
 1.720000E+02 11 0 0 0 0 0 0 0 0 0 0 0 20 21 19 16 18 16
 1.725000E+02 7 0 0 0 0 0 0 0 0 0 0 0 15 18 20 21 19 13
 1.730000E+02 13 0 0 0 0 0 0 0 0 0 0 0 15 24 16 20 17 19
 1.735000E+02 6 0 0 0 0 0 0 0 0 0 0 0 11 13 16 14 24 23
 1.740000E+02 6 0 0 0 0 0 0 0 0 0 0 0 13 14 21 22 11 22
 1.745000E+02 10 0 0 0 0 0 0 0 0 0 0 0 13 13 21 26 11 23
 1.750000E+02 7 0 0 0 0 0 0 0 0 0 0 0 13 14 20 23 18 23
 1.755000E+02 5 0 0 0 0 0 0 0 0 0 0 0 18 14 21 20 16 23
 1.760000E+02 6 0 0 0 0 0 0 0 0 0 0 0 10 13 33 14 11 25
 1.765000E+02 13 0 0 0 0 0 0 0 0 0 0 0 14 16 26 13 14 21
 1.770000E+02 5 0 0 0 0 0 0 0 0 0 0 0 16 19 31 12 17 15
 1.775000E+02 7 0 0 0 0 0 0 0 0 0 0 0 20 21 31 13 21 14
 1.780000E+02 9 0 0 0 0 0 0 0 0 0 0 0 10 22 30 23 17 13
 1.785000E+02 7 0 0 0 0 0 0 0 0 0 0 0 14 15 26 27 11 16
 1.790000E+02 4 0 0 0 0 0 0 0 0 0 0 0 21 19 16 21 12 24
 1.795000E+02 7 0 0 0 0 0 0 0 0 0 0 0 22 23 16 16 15 21
 1.800000E+02 6 0 0 0 0 0 0 0 0 0 0 0 19 24 23 19 12 19
 1.805000E+02 6 0 0 0 0 0 0 0 0 0 0 0 15 17 24 19 16 17
 1.810000E+02 5 0 0 0 0 0 0 0 0 0 0 0 15 18 36 14 22 15
 1.815000E+02 12 0 0 0 0 0 0 0 0 0 0 0 18 22 25 12 19 15
 1.820000E+02 10 0 0 0 0 0 0 0 0 0 0 0 12 19 18 21 16 19
 1.825000E+02 6 0 0 0 0 0 0 0 0 0 0 0 21 24 21 18 19 18
 1.830000E+02 9 0 0 0 0 0 0 0 0 0 0 0 13 22 21 20 21 19
 1.835000E+02 19 0 0 0 0 0 0 0 0 0 0 0 12 21 20 20 19 11
 1.840000E+02 7 0 0 0 0 0 0 0 0 0 0 0 13 20 15 29 21 12
 1.845000E+02 6 0 0 0 0 0 0 1 0 0 0 0 14 24 10 26 14 18
 1.850000E+02 7 0 0 0 0 0 0 0 0 0 0 0 21 21 12 22 18 17
 1.855000E+02 7 0 0 0 0 0 0 0 0 0 0 0 20 20 11 20 15 18
 1.860000E+02 12 0 0 0 0 0 0 0 0 0 0 0 14 26 16 15 15 17
 1.865000E+02 7 0 0 0 0 0 0 0 0 0 0 0 24 33 15 14 6 11
 1.870000E+02 5 0 0 0 0 0 0 0 0 0 0 0 20 25 14 23 13 20
 1.875000E+02 6 0 0 0 0 0 0 0 0 0 0 0 17 23 15 22 19 17
 1.880000E+02 7 0 0 0 0 0 0 0 0 4 0 0 21 22 15 18 17 17
 1.885000E+02 4 0 0 0 0 0 0 0 0 3 0 0 16 20 19 21 20 19
 1.890000E+02 8 0 0 0 0 0 0 0 0 1 0 0 17 18 18 21 14 16
 1.895000E+02 8 0 0 0 0 0 0 0 0 0 0 0 17 20 16 15 23 15
 1.900000E+02 8 0 0 0 0 0 0 0 0 0 0 0 22 15 14 19 20 14
 1.905000E+02 11 0 0 0 0 0 0 0 0 0 0 0 22 21 16 18 19 11
 1.910000E+02 5 0 0 0 0 0 0 0 0 0 0 0 22 20 21 20 17 13
 1.915000E+02 4 0 0 0 0 0 0 0 0 0 0 0 18 21 21 20 10 15
 1.920000E+02 8 0 0 0 0 0 0 0 0 0 0 0 20 23 20 16 14 17
 1.925000E+02 12 0 0 0 0 0 0 0 0 0 0 0 26 22 16 11 13 20
 1.930000E+02 8 0 0 0 0 0 0 0 0 0 0 0 24 24 18 20 12 17
 1.935000E+02 13 0 0 0 0 0 0 0 0 0 0 0 16 27 19 20 18 13
 1.940000E+02 10 0 0 0 0 0 0 0 0 0 0 0 27 19 17 18 19 10
 1.945000E+02 8 0 0 0 0 0 0 0 0 0 0 0 27 17 20 15 16 17
 1.950000E+02 10 0 0 0 0 0 0 0 0 0 0 0 20 14 15 19 18 23
 1.955000E+02 7 0 0 0 0 0 0 0 0 0 0 0 22 18 17 12 18 25
 1.960000E+02 9 0 0 0 0 0 0 0 0 0 0 0 24 17 17 14 13 21
 1.965000E+02 9 0 0 0 0 0 0 0 0 1 0 0 18 22 15 18 14 21
 1.970000E+02 7 0 0 0 0 0 0 0 0 1 0 0 20 21 18 18 21 16
 1.975000E+02 12 0 0 0 0 0 0 0 0 0 0 0 13 22 17 22 16 18
 1.980000E+02 5 0 0 0 0 0 0 0 0 0 0 0 16 21 23 22 16 24
 1.985000E+02 12 0 0 0 0 0 0 0 0 1 0 0 16 15 24 18 12 20
 1.990000E+02 5 0 0 0 0 0 0 0 0 2 0 0 18 17 21 12 11 22
 1.995000E+02 7 0 0 0 0 0 0 0 0 1 0 0 18 22 19 20 18 14
 2.000000E+02 11 0 0 0 0 0 0 1 0 0 0 0 14 20 22 20 17 16
 2.005000E+02 7 0 0 0 0 0 0 0 0 1 0 0 18 15 11 18 21 30
 2.010000E+02 6 0 0 0 0 0 0 0 0 0 0 1 17 18 16 21 17 20
 2.015000E+02 8 0 0 0 0 0 0 1 0 0 0 0 16 18 13 24 23 10
 2.020000E+02 8 0 0 0 0 0 0 0 0 0 0 0 19 20 16 20 15 16
 2.025000E+02 5 0 0 0 0 0 0 0 0 0 0 0 18 20 10 14 16 20
 2.030000E+02 6 0 0 0 0 0 0 0 0 0 0 0 16 19 20 16 14 13
 2.035000E+02 8 0 0 0 0 0 0 0 0 1 0 0 13 22 20 11 10 24
 2.040000E+02 17 0 0 0 0 0 0 1 0 0 0 0 16 19 19 12 11 27
 2.045000E+02 6 0 0 1 0 0 0 0 0 0 0 0 16 21 19 13 14 14
 2.050000E+02 10 0 0 0 0 0 0 0 0 0 0 0 16 18 23 19 18 11
 2.055000E+02 13 0 0 0 0 0 0 0 0 0 0 0 13 16 15 18 24 13
 2.060000E+02 10 0 0 0 0 0 0 0 0 0 0 0 21 17 9 16 20 16
 2.065000E+02 7 0 0 0 0 0 0 0 0 0 0 0 13 25 9 13 23 14
 2.070000E+02 12 0 0 0 0 0 0 0 0 0 0 0 17 17 14 14 22 16
 2.075000E+02 10 0 0 0 0 0 0 0 0 0 0 0 16 21 14 14 21 18
 2.080000E+02 7 0 0 0 0 0 0 0 0 0 0 0 14 18 17 7 18 20
 2.085000E+02 9 0 0 0 0 0 0 0 0 0 0 0 13 20 12 11 17 22
 2.090000E+02 13 0 0 0 0 0 0 0 0 0 0 0 10 28 16 11 17 17
 2.095000E+02 14 0 0 0 0 0 0 0 0 0 0 0 13 19 17 10 16 19
 2.100000E+02 9 0 0 0 0 0 0 0 0 0 0 0 10 20 15 13 15 17
 2.105000E+02 8 0 0 0 0 0 0 0 0 0 0 0 15 19 14 14 18 9
 2.110000E+02 5 0 0 0 0 0 0 0 0 0 0 0 25 17 19 7 16 13
 2.115000E+02 4 0 0 0 0 0 0 0 0 0 0 0 19 18 17 6 13 16
 2.120000E+02 5 0 0 0 0 0 0 0 0 1 0 0 17 16 20 13 19 16
 2.125000E+02 5 0 0 0 0 0 0 0 0 1 0 0 17 18 16 7 17 16
 2.130000E+02 10 0 0 0 0 0 0 0 0 1 0 0 21 20 20 11 19 14
 2.135000E+02 12 0 0 0 0 0 0 0 0 0 1 0 17 18 22 10 21 11
 2.140000E+02 8 0 0 1 0 0 0 0 0 0 0 0 15 11 19 19 15 17
 2.145000E+02 8 0 0 0 0 0 0 0 0 1 0 0 16 10 18 17 18 17
 2.150000E+02 7 0 0 0 0 0 0 1 0 0 0 0 12 16 16 18 17 18
 2.155000E+02 12 0 0 1 0 0 0 0 0 1 0 0 14 14 16 17 12 17
 2.160000E+02 8 0 0 1 0 0 0 0 0 1 0 0 17 18 15 13 20 14
 2.165000E+02 10 0 0 0 0 0 0 0 0 2 0 0 16 17 18 14 19 16
 2.170000E+02 12 0 0 0 0 0 0 0 0 0 0 0 16 9 16 16 16 17
 2.175000E+02 12 0 0 0 0 0 0 0 0 0 0 0 21 15 12 16 12 17
 2.180000E+02 1 0 0 0 0 0 0 0 0 0 0 0 20 9 24 15 16 19
 2.185000E+02 8 0 0 0 0 0 0 0 0 0 0 0 21 10 19 15 16 19
 2.190000E+02 8 0 0 0 0 0 0 0 0 0 0 0 17 11 12 17 17 22
 2.195000E+02 10 0 0 0 0 0 0 0 0 0 0 0 16 13 14 23 18 15
 2.200000E+02 11 0 0 0 0 0 0 0 0 0 0 0 19 15 11 14 17 21
 2.205000E+02 11 0 0 0 0 0 0 0 0 0 0 0 19 13 11 17 17 20
 2.210000E+02 5 0 0 0 0 0 0 0 0 0 0 0 20 11 16 16 19 20
 2.215000E+02 14 0 0 0 0 0 0 0 0 0 0 0 20 14 16 9 12 15
 2.220000E+02 10 0 0 0 0 0 0 0 0 0 0 0 19 14 14 15 10 17
 2.225000E+02 6 0 0 0 0 0 0 0 0 0 0 0 11 12 15 12 11 13
 2.230000E+02 6 0 0 0 0 0 0 0 0 0 0 0 15 15 15 13 14 13
 2.235000E+02 7 0 0 0 0 0 0 0 0 0 0 0 14 18 16 17 12 15
 2.240000E+02 5 0 0 0 0 0 0 0 0 0 0 0 14 9 23 22 8 14
 2.245000E+02 6 0 0 0 0 0 0 0 0 0 0 0 13 9 23 14 11 22
 2.250000E+02 8 0 0 0 0 0 0 0 0 0 0 0 10 13 20 13 13 20
 2.255000E+02 16 0 0 0 0 0 0 0 0 0 0 0 14 12 13 22 20 13
 2.260000E+02 3 0 0 0 0 0 0 0 0 0 0 0 11 11 15 20 23 11
 2.265000E+02 12 0 0 0 0 0 0 0 0 0 0 0 13 15 24 22 18 18
 2.270000E+02 10 0 0 0 0 0 0 0 0 0 0 0 21 9 14 24 18 15
 2.275000E+02 2 0 0 0 0 0 0 0 0 0 0 0 18 18 14 22 19 17
 2.280000E+02 7 0 0 0 0 0 0 0 0 0 0 0 12 11 12 20 14 21
 2.285000E+02 11 0 0 0 0 0 0 0 0 0 0 0 11 12 16 18 13 17
 2.290000E+02 8 0 0 0 0 0 0 0 0 1 0 0 9 18 16 18 8 19
 2.295000E+02 7 0 0 0 0 0 0 0 0 0 0 0 12 19 12 19 18 13
 2.300000E+02 11 0 0 0 0 0 0 0 0 0 0 0 15 10 16 18 17 14
 2.305000E+02 11 0 0 0 0 0 0 0 0 0 0 0 21 18 17 11 21 14
 2.310000E+02 18 0 0 0 0 0 0 0 0 0 0 0 21 17 17 13 18 16
 2.315000E+02 13 0 0 0 0 0 0 0 0 1 0 0 15 8 19 15 19 13
 2.320000E+02 9 0 0 0 0 0 0 0 0 0 0 0 21 13 16 22 19 12
 2.325000E+02 7 0 0 0 0 0 0 0 0 0 0 0 19 12 13 23 14 20
 2.330000E+02 11 0 0 0 0 0 0 0 0 1 0 0 15 17 14 22 18 15
 2.335000E+02 12 0 0 0 0 0 0 0 0 1 0 0 12 12 17 12 16 14
 2.340000E+02 7 0 0 1 0 0 0 0 0 0 0 0 16 12 19 13 12 19
 2.345000E+02 8 0 0 0 0 0 0 0 0 0 0 0 20 12 18 12 12 24
 2.350000E+02 9 0 0 0 0 0 0 0 0 1 0 0 17 17 19 12 13 15
 2.355000E+02 11 0 0 1 0 0 0 0 0 0 0 0 15 20 20 12 11 11
 2.360000E+02 14 0 0 0 0 0 0 0 0 1 0 0 19 20 22 10 10 9
 2.365000E+02 8 0 0 0 0 0 0 0 0 0 0 0 17 19 21 11 13 15
 2.370000E+02 4 0 0 0 0 0 0 0 0 0 0 0 14 16 17 12 15 14
 2.375000E+02 10 0 0 0 0 0 0 0 0 0 0 0 15 21 19 9 20 15
 2.380000E+02 10 0 0 0 0 0 0 0 0 0 0 0 21 17 14 18 20 14
 2.385000E+02 10 0 0 0 0 0 0 0 0 0 0 0 17 17 18 13 17 19
 2.390000E+02 3 0 0 0 0 0 0 0 0 0 0 0 16 17 17 18 17 19
 2.395000E+02 4 0 0 0 0 0 0 0 0 0 0 0 16 17 19 19 15 11
 2.400000E+02 11 0 0 0 0 0 0 0 0 0 0 0 17 14 19 15 20 16
 2.405000E+02 3 0 0 0 0 0 0 0 0 0 0 0 16 6 19 11 18 17
 2.410000E+02 9 0 0 0 0 0 0 0 0 0 0 0 15 15 16 19 16 17
 2.415000E+02 2 0 0 0 0 0 0 0 0 1 0 0 17 20 15 20 13 14
 2.420000E+02 7 0 0 0 0 0 0 0 0 1 0 0 20 21 14 16 10 16
 2.425000E+02 7 0 0 1 0 0 0 0 0 0 0 0 15 18 15 15 13 14
 2.430000E+02 13 0 0 0 0 0 0 0 0 0 0 0 10 15 13 23 12 17
 2.435000E+02 6 0 0 0 0 0 0 0 0 0 0 0 10 15 13 20 16 15
 2.440000E+02 5 0 0 0 0 0 0 0 0 0 0 0 15 16 13 17 18 13
 2.445000E+02 11 0 0 0 0 0 0 0 0 0 0 0 16 15 10 17 21 16
 2.450000E+02 14 0 0 0 0 0 0 0 0 0 0 0 15 17 12 17 16 12
 2.455000E+02 6 0 0 0 0 0 0 0 0 0 0 0 11 17 12 21 20 22
 2.460000E+02 10 0 0 0 0 0 0 0 0 0 0 0 12 25 19 18 19 16
 2.465000E+02 13 0 0 0 0 0 0 0 0 1 0 0 10 22 14 22 18 17
 2.470000E+02 5 0 0 0 0 0 0 0 0 0 0 0 15 17 15 16 22 17
 2.475000E+02 10 0 0 0 0 0 0 0 0 1 0 0 14 20 14 13 16 18
 2.480000E+02 11 0 0 0 0 0 0 0 0 1 0 0 15 18 10 13 16 14
 2.485000E+02 7 0 0 0 0 0 0 0 0 0 0 0 17 18 7 12 18 21
 2.490000E+02 14 0 0 0 0 0 0 0 0 0 0 0 12 17 11 16 23 16
 2.495000E+02 16 0 0 0 0 0 0 0 0 0 0 0 13 20 15 14 17 20
 2.500000E+02 9 0 0 0 0 0 0 0 0 1 0 0 14 17 15 15 15 22
 2.505000E+02 1082 1 0 0 0 0 0 0 0 5 0 0 0 0 0 0 0 0
 2.510000E+02 1796 0 0 1 0 0 0 4 0 16 0 0 0 0 0 0 0 0
 2.515000E+02 2035 0 0 10 0 1 0 5 0 22 1 0 0 0 0 0 0 0
 2.520000E+02 2222 1 0 4 3 1 0 3 0 41 1 3 0 0 0 0 0 0
 2.525000E+02 971 0 0 12 0 0 0 4 0 33 2 1 0 0 0 0 0 0
 2.530000E+02 444 1 0 11 0 0 0 1 0 28 0 0 0 0 0 1 0 0
 2.535000E+02 219 0 0 4 0 0 0 2 0 22 0 1 0 1 1 0 1 0
 2.540000E+02 112 0 0 0 0 0 0 1 0 18 3 0 1 0 1 2 3 2
 2.545000E+02 1311 0 0 0 0 0 0 1 0 21 1 0 0 0 0 0 0 0
 2.550000E+02 1899 1 0 5 0 0 0 3 0 30 1 1 0 0 0 0 0 0
 2.555000E+02 2151 0 0 4 1 0 0 3 0 32 0 0 0 0 0 0 0 0
 2.560000E+02 2271 0 0 5 0 0 0 2 0 37 2 0 0 0 0 0 0 0
 2.565000E+02 984 1 0 4 1 1 0 8 0 24 0 0 0 0 0 0 0 0
 2.570000E+02 441 1 0 0 0 0 0 7 0 29 0 0 0 0 0 0 0 1
 2.575000E+02 219 0 0 3 0 0 0 3 0 19 0 0 0 1 2 0 0 0
 2.580000E+02 118 1 0 2 1 0 0 3 0 12 0 0 2 3 0 2 1 1
 2.585000E+02 1407 0 0 3 0 0 0 2 0 18 0 0 0 0 0 0 0 0
 2.590000E+02 1911 2 0 3 0 0 0 5 0 26 0 0 0 0 0 0 0 0
 2.595000E+02 2130 0 0 3 0 0 0 4 0 36 1 0 0 0 0 0 0 0
 2.600000E+02 2244 1 0 1 0 1 0 1 0 47 0 1 0 0 0 0 0 0
 2.605000E+02 1026 1 0 2 0 2 0 3 1 33 2 0 0 0 0 0 0 0
 2.610000E+02 455 0 0 3 0 0 0 3 0 35 0 1 1 0 0 0 0 0
 2.615000E+02 205 2 0 2 0 1 0 6 0 25 0 1 0 0 2 0 0 0
 2.620000E+02 128 0 0 2 0 1 0 2 0 16 0 0 3 1 2 1 0 0
 2.625000E+02 1379 1 0 3 0 1 0 4 0 14 2 0 0 0 0 0 0 0
 2.630000E+02 1922 1 0 2 1 0 0 5 0 26 0 0 0 0 0 0 0 0
 2.635000E+02 2108 0 0 6 0 0 0 2 0 39 1 1 0 0 0 0 0 0
 2.640000E+02 2174 2 0 1 0 1 0 2 0 43 0 1 0 0 0 0 0 0
 2.645000E+02 887 1 0 3 0 2 0 4 1 43 0 0 0 0 0 0 0 0
 2.650000E+02 361 1 0 0 0 1 1 3 0 32 1 0 0 0 0 0 0 0
 2.655000E+02 195 0 0 2 0 1 0 2 0 19 0 0 1 0 0 1 1 0
 2.660000E+02 113 0 0 0 0 1 0 3 0 10 1 0 2 3 3 1 1 0
 2.665000E+02 1357 0 0 0 0 0 0 0 0 16 0 0 0 0 0 0 0 0
 2.670000E+02 1878 0 0 2 0 0 0 5 0 26 0 0 0 0 0 0 0 0
 2.675000E+02 2152 0 0 0 0 2 0 5 0 27 1 0 0 0 0 0 0 0
 2.680000E+02 2297 2 0 2 0 1 0 8 0 31 0 0 0 1 0 0 0 0
 2.685000E+02 986 2 0 2 0 2 0 4 0 36 1 0 0 0 0 0 0 0
 2.690000E+02 454 3 0 2 0 1 0 4 0 29 2 0 0 0 0 0 1 0
 2.695000E+02 230 1 0 0 0 0 0 3 0 25 2 0 2 1 0 0 0 2
 2.700000E+02 96 0 0 0 0 2 0 3 0 15 0 0 1 1 3 2 1 2
 2.705000E+02 1414 0 0 3 0 0 0 1 1 14 0 1 0 0 0 0 0 0
 2.710000E+02 1904 0 0 1 0 0 0 5 1 29 1 0 0 0 0 0 0 0
 2.715000E+02 2127 1 0 2 0 2 0 5 1 35 2 1 0 0 0 0 0 0
 2.720000E+02 2197 1 0 1 2 3 0 7 0 38 0 0 0 0 0 0 0 0
 2.725000E+02 934 3 0 0 0 1 0 8 0 31 2 0 0 0 0 0 0 0
 2.730000E+02 378 2 0 3 0 1 0 6 0 27 0 1 0 0 1 0 0 0
 2.735000E+02 173 2 0 0 0 1 0 5 0 19 0 0 0 1 0 0 1 1
 2.740000E+02 92 0 0 1 0 2 0 4 0 9 0 0 4 2 2 4 1 0
 2.745000E+02 1355 0 0 0 0 2 0 4 0 14 0 0 0 0 0 0 0 0
 2.750000E+02 1936 2 0 0 0 1 1 2 0 34 2 0 0 0 0 0 0 0
 2.755000E+02 2138 2 0 1 0 2 0 7 0 29 2 0 0 0 0 0 0 0
 2.760000E+02 2329 1 0 2 0 1 0 7 0 29 1 0 0 0 0 0 0 0
 2.765000E+02 977 0 0 0 0 1 0 3 0 41 0 0 0 0 0 0 1 0
 2.770000E+02 443 0 0 0 0 1 0 5 0 29 0 0 0 0 0 0 0 0
 2.775000E+02 198 1 0 2 0 2 0 4 0 14 0 0 0 0 1 1 0 1
 2.780000E+02 102 0 0 0 0 1 0 1 0 13 0 0 1 1 2 2 1 3
 2.785000E+02 1341 0 0 2 0 1 0 4 0 15 0 0 0 0 0 0 0 0
 2.790000E+02 1954 0 0 1 0 1 0 4 0 26 2 0 0 0 0 0 0 0
 2.795000E+02 2241 0 0 0 0 2 0 9 0 34 0 0 0 0 0 0 0 0
 2.800000E+02 2357 2 0 1 0 1 0 9 0 33 0 0 0 0 0 0 0 0
 2.805000E+02 1008 1 0 2 0 3 0 8 0 32 1 0 0 0 0 0 0 0
 2.810000E+02 429 0 0 0 0 1 0 7 0 34 0 0 1 0 1 1 0 0
 2.815000E+02 195 1 0 0 0 2 0 2 0 26 1 1 2 1 1 0 0 2
 2.820000E+02 93 0 0 0 0 1 0 4 0 20 0 0 1 3 1 0 2 1
 2.825000E+02 1309 0 0 0 0 3 0 0 0 22 1 0 0 0 0 0 0 0
 2.830000E+02 1904 0 0 1 0 0 0 2 0 22 2 0 0 0 0 0 0 0
 2.835000E+02 2118 0 0 0 0 3 0 4 0 36 0 0 0 0 0 0 0 0
 2.840000E+02 2201 2 0 1 0 3 0 4 0 35 1 0 0 0 0 0 0 0
 2.845000E+02 961 2 0 1 0 1 0 7 1 35 1 0 0 0 0 0 1 0
 2.850000E+02 404 0 0 0 0 0 0 6 0 32 0 1 0 0 1 0 0 0
 2.855000E+02 167 1 0 1 0 1 0 3 0 21 1 0 0 1 0 0 0 0
 2.860000E+02 104 0 0 1 0 2 0 4 0 12 1 0 1 1 2 1 1 6
 2.865000E+02 1404 0 0 0 0 3 0 6 0 17 0 0 0 0 0 0 1 0
 2.870000E+02 1890 0 0 3 0 4 0 1 0 30 0 0 0 0 0 0 0 0
 2.875000E+02 2101 1 0 1 0 3 0 3 0 36 0 0 0 0 0 0 0 0
 2.880000E+02 2306 1 0 2 0 1 0 7 1 35 0 0 0 0 0 0 0 0
 2.885000E+02 971 2 0 1 0 5 0 7 1 33 1 1 0 0 0 0 0 0
 2.890000E+02 419 3 0 1 0 4 0 6 0 24 0 0 0 0 0 0 0 1
 2.895000E+02 206 0 0 0 0 1 0 6 0 19 0 1 1 0 1 0 1 0
 2.900000E+02 106 0 0 0 0 3 0 2 0 9 0 1 3 0 0 5 2 2
 2.905000E+02 66 1 0 0 0 1 0 0 1 7 0 0 1 3 2 1 3 6
 2.910000E+02 48 0 0 0 0 0 0 0 0 5 0 0 7 3 2 3 4 6
 2.915000E+02 33 0 0 0 0 0 0 1 0 3 0 0 8 7 6 10 9 7
 2.920000E+02 36 0 0 1 0 0 0 0 0 2 0 0 8 14 8 7 12 9
 2.925000E+02 35 0 0 0 0 1 0 1 0 0 0 0 9 9 15 13 14 7
 2.930000E+02 34 0 0 0 0 0 0 0 0 3 0 0 6 12 9 11 17 18
 2.935000E+02 30 0 0 0 0 0 0 0 0 1 0 0 17 12 5 15 11 11
 2.940000E+02 21 0 0 0 0 0 0 0 0 0 0 0 15 15 15 9 8 8
 2.945000E+02 20 0 0 0 0 0 0 0 0 0 0 0 17 11 11 10 17 8
 2.950000E+02 19 0 0 0 0 0 0 0 0 1 0 0 14 16 13 17 11 17
 2.955000E+02 21 0 0 0 0 0 0 0 0 0 0 0 13 10 13 20 21 14
 2.960000E+02 24 0 0 0 0 0 0 0 0 2 0 0 24 9 21 14 13 18
 2.965000E+02 17 0 0 0 0 0 0 1 0 2 0 0 16 18 12 18 17 13
 2.970000E+02 21 0 0 0 0 0 0 1 0 1 0 0 18 7 15 18 18 17
 2.975000E+02 16 0 0 0 0 1 0 0 0 2 0 0 27 12 20 19 13 15
 2.980000E+02 14 0 0 0 0 0 0 0 0 2 0 0 25 17 14 11 19 18
 2.985000E+02 17 0 0 0 0 1 0 0 0 0 0 0 18 22 15 21 16 13
 2.990000E+02 19 0 0 0 0 0 0 0 0 0 0 0 16 16 13 16 18 21
 2.995000E+02 16 0 0 0 0 0 0 0 0 0 0 0 13 20 16 15 25 21
 3.000000E+02 20 0 0 0 0 0 0 0 0 0 0 0 9 25 20 15 17 25
 3.005000E+02 19 0 0 0 0 0 0 0 0 1 0 0 16 19 19 14 16 25
 3.010000E+02 18 0 0 0 0 0 0 0 0 2 0 0 20 29 16 15 17 23
 3.015000E+02 18 0 0 0 0 0 0 0 0 2 0 0 21 22 14 16 20 22
 3.020000E+02 14 0 0 1 0 0 0 0 0 0 0 0 17 14 22 15 21 16
 3.025000E+02 14 0 0 0 0 0 0 0 0 0 0 0 23 13 21 14 16 20
 3.030000E+02 21 0 0 0 0 0 0 0 0 0 0 0 22 19 23 14 26 18
 3.035000E+02 14 0 0 0 0 0 0 0 0 1 0 0 25 16 25 15 15 18
 3.040000E+02 14 0 0 0 0 0 0 0 0 1 0 0 23 22 24 14 19 23
 3.045000E+02 12 0 0 0 0 0 0 0 0 1 0 0 21 16 18 25 16 33
 3.050000E+02 10 0 0 0 0 1 0 0 0 0 0 0 18 17 20 18 16 24
 3.055000E+02 15 0 0 0 0 0 0 0 0 1 0 0 19 21 20 17 19 18
 3.060000E+02 15 0 0 0 0 0 0 0 0 1 0 0 24 18 23 23 21 17
 3.065000E+02 15 0 0 0 0 0 0 0 0 1 0 0 19 19 18 22 13 23
 3.070000E+02 10 0 0 0 0 0 0 0 0 1 0 0 18 22 16 22 24 24
 3.075000E+02 18 0 0 0 0 0 0 0 0 1 0 0 16 26 14 15 29 20
 3.080000E+02 10 0 0 0 0 0 0 0 0 0 0 0 11 22 18 15 26 19
 3.085000E+02 14 0 0 0 0 0 0 0 0 0 0 0 11 33 15 17 22 19
 3.090000E+02 12 0 0 0 0 0 0 0 0 0 0 0 18 26 24 17 17 21
 3.095000E+02 14 0 0 0 0 0 0 0 0 0 0 0 16 21 27 19 26 17
 3.100000E+02 12 0 0 0 0 0 0 0 0 0 0 0 16 23 19 12 26 21
 3.105000E+02 7 0 0 0 0 0 0 0 0 0 0 0 17 19 15 25 23 17
 3.110000E+02 10 0 0 0 0 0 0 0 0 0 0 0 16 25 23 23 17 13
 3.115000E+02 11 0 0 0 0 0 0 0 0 0 0 0 25 26 21 22 20 7
 3.120000E+02 10 0 0 0 0 0 0 0 0 1 0 0 27 22 25 25 21 15
 3.125000E+02 11 0 0 1 0 0 0 1 0 0 0 0 18 21 22 23 22 24
 3.130000E+02 18 0 0 0 0 0 0 0 0 2 0 0 21 12 20 24 19 16
 3.135000E+02 16 0 0 0 0 0 0 1 0 0 0 0 19 10 28 23 26 17
 3.140000E+02 4 0 0 0 0 0 0 0 0 1 0 0 16 21 20 21 24 24
 3.145000E+02 11 0 0 0 0 0 0 0 0 1 0 0 19 15 20 19 20 29
 3.150000E+02 6 0 0 0 0 0 0 0 0 1 0 0 16 15 31 17 18 28
 3.155000E+02 7 0 0 0 0 0 0 0 0 0 0 0 19 16 26 18 16 20
 3.160000E+02 10 0 0 0 0 0 0 0 0 0 0 0 20 19 25 14 18 15
 3.165000E+02 11 0 0 0 0 0 0 0 0 1 0 0 19 16 21 15 17 31
 3.170000E+02 8 0 0 0 0 0 0 0 0 1 0 0 16 17 24 13 21 23
 3.175000E+02 15 0 0 0 0 0 0 0 0 0 0 0 18 25 24 17 19 23
 3.180000E+02 7 0 0 0 0 0 0 0 0 0 0 0 19 22 24 21 16 14
 3.185000E+02 14 0 0 0 0 0 0 0 0 1 0 0 15 24 17 21 21 18
 3.190000E+02 5 0 0 0 0 0 0 0 0 0 0 0 14 18 17 22 18 18
 3.195000E+02 9 0 0 0 0 0 0 0 0 0 0 0 17 23 20 19 22 22
 3.200000E+02 9 0 0 0 0 0 0 0 0 0 0 0 8 19 16 22 16 19
 3.205000E+02 9 0 0 0 0 0 0 0 0 0 0 0 18 14 20 26 22 20
 3.210000E+02 12 0 0 0 0 0 0 0 0 0 0 0 18 15 16 24 13 22
 3.215000E+02 8 0 0 0 0 0 0 0 0 0 0 0 25 23 18 15 13 28
 3.220000E+02 11 0 0 0 0 0 0 0 0 1 0 0 22 16 13 15 24 18
 3.225000E+02 14 0 0 0 0 0 0 0 0 0 0 0 18 18 14 16 29 13
 3.230000E+02 3 0 0 0 0 0 0 0 0 1 0 0 16 18 17 12 26 18
 3.235000E+02 9 0 0 0 0 0 0 0 0 1 0 0 14 13 22 21 26 24
 3.240000E+02 8 0 0 0 0 0 0 0 0 1 0 0 14 15 20 16 27 23
 3.245000E+02 14 0 0 0 0 0 0 1 0 1 0 0 16 21 14 15 31 18
 3.250000E+02 10 0 0 0 0 0 0 0 0 1 0 0 14 19 14 22 23 17
 3.255000E+02 6 0 0 0 0 0 0 1 0 0 0 0 19 21 13 15 25 11
 3.260000E+02 8 0 0 1 0 0 0 0 0 0 0 0 18 21 24 21 17 13
 3.265000E+02 5 0 0 0 0 0 0 0 0 0 0 0 16 19 15 26 17 19
 3.270000E+02 7 0 0 1 0 0 0 0 0 0 0 0 25 15 22 25 14 22
 3.275000E+02 6 0 0 0 0 0 0 0 0 1 0 0 24 18 17 26 12 23
 3.280000E+02 8 0 0 0 0 0 0 0 0 0 0 0 25 20 16 25 16 16
 3.285000E+02 16 0 0 0 0 0 0 0 0 0 0 0 22 20 15 16 22 19
 3.290000E+02 8 0 0 0 0 0 0 0 0 0 0 0 20 16 15 16 21 20
 3.295000E+02 8 0 0 0 0 0 0 0 0 0 0 0 20 22 16 19 18 20
 3.300000E+02 10 0 0 0 0 0 0 0 0 0 0 0 18 23 15 15 15 25
 3.305000E+02 14 0 0 0 0 0 0 0 0 0 0 0 18 26 14 11 17 21
 3.310000E+02 6 0 0 0 0 0 0 0 0 0 0 0 17 25 19 21 15 19
 3.315000E+02 8 0 0 0 0 0 0 0 0 0 0 0 13 21 16 18 22 18
 3.320000E+02 9 0 0 0 0 0 0 0 0 0 0 0 15 16 16 17 24 22
 3.325000E+02 6 0 0 0 0 0 0 0 0 0 0 0 21 20 17 18 17 19
 3.330000E+02 6 0 0 0 0 0 0 0 0 0 0 0 22 22 18 24 17 17
 3.335000E+02 12 0 0 0 0 0 0 0 0 0 0 0 18 18 20 14 17 26
 3.340000E+02 10 0 0 0 0 0 0 0 0 0 0 0 11 20 20 16 17 18
 3.345000E+02 4 0 0 0 0 0 0 0 0 0 0 0 18 21 18 14 21 18
 3.350000E+02 5 0 0 0 0 0 0 0 0 0 0 0 15 20 17 17 22 20
 3.355000E+02 9 0 0 0 0 0 0 0 0 0 0 0 13 21 11 22 18 19
 3.360000E+02 12 0 0 0 0 0 0 0 0 0 0 0 16 23 13 17 16 26
 3.365000E+02 7 0 0 0 0 0 0 0 0 0 0 0 23 18 15 13 15 18
 3.370000E+02 8 0 0 0 0 0 0 0 0 0 0 0 15 19 23 20 19 20
 3.375000E+02 8 0 0 0 0 0 0 0 0 0 0 0 17 16 18 16 25 18
 3.380000E+02 9 0 0 0 0 0 0 0 0 0 0 0 20 13 18 14 25 16
 3.385000E+02 12 0 0 0 0 0 0 0 0 0 0 0 9 15 25 25 20 13
 3.390000E+02 4 0 0 0 0 0 0 0 0 0 0 0 22 15 22 18 22 21
 3.395000E+02 5 0 0 0 0 0 0 0 0 0 0 0 22 24 17 18 14 23
 3.400000E+02 8 0 0 0 0 0 0 0 0 0 0 0 15 20 21 25 13 14
 3.405000E+02 8 0 0 0 0 0 0 0 0 0 0 0 15 18 24 19 18 11
 3.410000E+02 6 0 0 0 0 0 0 0 0 0 0 0 27 15 22 16 16 15
 3.415000E+02 12 0 0 0 0 0 0 0 0 1 0 0 19 13 20 24 18 18
 3.420000E+02 10 0 0 0 0 0 0 0 0 0 0 0 19 14 24 24 18 11
 3.425000E+02 13 0 0 0 0 0 0 0 0 0 0 0 13 22 26 19 13 17
 3.430000E+02 14 0 0 0 0 0 0 0 0 0 0 0 14 19 21 19 18 17
 3.435000E+02 6 0 0 0 0 0 0 0 0 2 0 0 16 19 23 17 18 19
 3.440000E+02 6 0 0 1 0 0 0 0 0 1 0 0 19 16 20 13 13 19
 3.445000E+02 7 0 0 0 0 0 0 0 0 2 0 0 23 21 20 11 13 18
 3.450000E+02 9 0 0 0 0 0 0 0 0 0 0 0 24 17 19 11 14 18
 3.455000E+02 13 0 0 0 0 0 0 0 0 0 0 0 20 12 15 17 18 17
 3.460000E+02 12 0 0 0 0 0 0 0 0 0 0 0 20 15 16 22 24 24
 3.465000E+02 4 0 0 0 0 0 0 0 0 0 0 0 22 16 14 21 20 21
 3.470000E+02 8 0 0 0 0 0 0 0 0 0 0 0 23 15 16 14 19 17
 3.475000E+02 13 0 0 0 0 0 0 0 0 0 0 0 20 13 15 15 18 21
 3.480000E+02 8 0 0 0 0 0 0 0 0 0 0 0 20 11 19 23 12 24
 3.485000E+02 7 0 0 0 0 0 0 0 0 0 0 0 17 10 20 21 15 27
 3.490000E+02 9 0 0 0 0 0 0 0 0 0 0 0 18 15 17 24 17 23
 3.495000E+02 7 0 0 0 0 0 0 0 0 0 0 0 15 14 17 18 13 21
 3.500000E+02 8 0 0 0 0 0 0 0 0 0 0 0 19 15 19 14 14 24
 3.505000E+02 10 0 0 0 0 0 0 0 0 0 0 0 18 13 23 15 21 22
 3.510000E+02 9 0 0 0 0 0 0 0 0 0 0 0 23 15 19 17 16 27
 3.515000E+02 9 0 0 0 0 0 0 0 0 0 0 0 22 21 19 15 20 20
 3.520000E+02 6 0 0 0 0 0 0 0 0 0 0 0 15 20 18 21 22 20
 3.525000E+02 8 0 0 0 0 0 0 0 0 0 0 0 18 18 16 17 20 15
 3.530000E+02 6 0 0 0 0 0 0 0 0 0 0 0 16 19 20 22 19 19
 3.535000E+02 8 0 0 0 0 0 0 0 0 0 0 0 18 20 22 20 15 15
 3.540000E+02 7 0 0 0 0 0 0 0 0 0 0 0 18 19 20 10 23 20
 3.545000E+02 11 0 0 0 0 0 0 0 0 1 0 0 18 18 18 15 15 17
 3.550000E+02 14 0 0 0 0 0 0 0 0 1 0 0 12 15 22 19 17 22
 3.555000E+02 12 0 0 0 0 0 0 1 0 1 0 0 14 20 25 17 21 25
 3.560000E+02 5 0 0 0 0 0 0 1 0 0 0 0 15 17 20 16 19 24
 3.565000E+02 9 0 0 1 0 0 0 0 0 0 0 0 16 20 19 15 17 18
 3.570000E+02 9 0 0 0 0 0 0 0 0 1 0 0 17 20 18 14 16 18
 3.575000E+02 6 0 0 0 0 0 0 1 0 0 0 0 25 14 18 18 14 19
 3.580000E+02 12 0 0 0 0 0 0 0 0 0 0 0 14 15 21 12 16 18
 3.585000E+02 9 0 0 0 0 0 0 0 0 0 0 0 18 21 19 12 18 22
 3.590000E+02 5 0 0 0 0 0 0 0 0 0 0 0 12 25 17 19 20 15
 3.595000E+02 14 0 0 0 0 0 0 0 0 0 0 0 14 29 12 13 18 12
 3.600000E+02 10 0 0 0 0 0 0 0 0 0 0 0 9 23 15 17 18 17
 3.605000E+02 15 0 0 0 0 0 0 0 0 0 0 0 16 14 23 19 19 19
 3.610000E+02 8 0 0 0 0 0 0 0 0 0 0 0 14 17 18 12 23 19
 3.615000E+02 10 0 0 0 0 0 0 0 0 0 0 0 9 14 15 12 21 23
 3.620000E+02 8 0 0 0 0 0 0 0 0 0 0 0 22 19 13 12 21 20
 3.625000E+02 11 0 0 0 0 0 0 0 0 0 0 0 18 21 17 11 20 16
 3.630000E+02 6 0 0 0 0 0 0 0 0 1 0 0 12 21 11 17 19 22
 3.635000E+02 8 0 0 1 0 0 0 0 0 0 0 0 22 18 15 5 16 24
 3.640000E+02 7 0 0 0 0 0 0 0 0 0 0 0 21 21 15 13 10 16
 3.645000E+02 7 0 0 0 0 0 0 0 0 1 0 0 23 23 17 14 14 19
 3.650000E+02 13 0 0 0 0 0 0 0 0 2 0 0 21 22 18 16 14 17
 3.655000E+02 13 0 0 0 0 0 0 0 0 1 0 0 16 24 15 14 19 20
 3.660000E+02 1 0 0 0 0 0 0 0 0 1 0 0 23 20 15 19 21 17
 3.665000E+02 10 0 0 0 0 0 0 0 0 1 0 0 16 18 20 18 24 18
 3.670000E+02 7 0 0 0 0 0 0 0 0 0 0 0 13 15 28 11 18 14
 3.675000E+02 12 0 0 0 0 0 0 0 0 0 0 0 18 15 20 15 22 13
 3.680000E+02 4 0 0 0 0 0 0 0 0 0 0 0 18 7 18 12 28 17
 3.685000E+02 13 0 0 0 0 0 0 0 0 0 0 0 22 13 20 15 21 15
 3.690000E+02 11 0 0 0 0 0 0 0 0 0 0 0 15 16 23 16 20 14
 3.695000E+02 8 0 0 0 0 0 0 0 0 0 0 0 21 15 15 17 24 14
 3.700000E+02 8 0 0 0 0 0 0 0 0 0 0 0 27 12 11 13 21 17
 3.705000E+02 11 0 0 0 0 0 0 0 0 0 0 0 22 13 12 13 15 25
 3.710000E+02 1 0 0 0 0 0 0 0 0 0 0 0 12 17 21 14 18 23
 3.715000E+02 14 0 0 0 0 0 0 0 0 0 0 0 11 19 16 18 21 18
 3.720000E+02 6 0 0 0 0 0 0 0 0 0 0 0 19 10 13 21 25 19
 3.725000E+02 8 0 0 0 0 0 0 0 0 0 0 0 21 18 18 20 15 14
 3.730000E+02 12 0 0 0 0 0 0 0 0 1 0 0 14 21 30 12 16 14
 3.735000E+02 9 0 0 0 0 0 0 0 0 1 0 0 18 18 28 11 18 21
 3.740000E+02 11 0 0 0 0 0 0 0 0 1 0 0 16 9 22 22 18 14
 3.745000E+02 18 0 0 0 0 0 0 0 0 1 0 0 17 13 25 17 12 23
 3.750000E+02 10 0 0 0 0 0 0 0 0 0 0 0 16 19 28 17 15 20
 3.755000E+02 9 0 0 0 0 0 0 0 0 1 0 0 15 17 20 16 13 22
 3.760000E+02 7 0 0 0 0 0 0 0 0 1 0 0 12 15 19 15 17 17
 3.765000E+02 10 0 0 0 0 0 0 0 0 1 0 0 18 22 23 19 16 16
 3.770000E+02 8 0 0 1 0 0 0 0 0 0 0 0 23 15 23 23 18 11
 3.775000E+02 9 0 0 1 0 0 0 0 0 0 0 0 17 15 25 23 19 9
 3.780000E+02 8 0 0 0 0 0 0 0 0 1 0 0 16 9 23 22 26 13
 3.785000E+02 8 0 0 0 0 0 0 0 0 0 0 0 14 12 18 14 24 19
 3.790000E+02 11 0 0 0 0 0 0 0 0 1 0 0 12 17 21 16 23 19
 3.795000E+02 6 0 0 0 0 0 0 0 0 1 0 0 17 16 23 23 17 12
 3.800000E+02 12 0 0 0 0 0 0 0 0 1 0 0 19 20 17 19 19 10
 3.805000E+02 12 0 0 0 0 0 0 0 0 1 0 0 23 16 17 21 20 17
 3.810000E+02 16 0 0 0 0 0 0 0 0 1 0 0 24 17 16 15 13 14
 3.815000E+02 7 0 0 0 0 0 0 0 0 1 0 0 25 15 14 20 19 15
 3.820000E+02 8 0 0 0 0 0 0 0 0 0 0 0 21 12 20 26 22 14
 3.825000E+02 14 0 0 0 0 0 0 0 0 0 0 0 21 15 21 20 6 17
 3.830000E+02 5 0 0 0 0 0 0 0 0 0 0 0 22 12 22 23 12 14
 3.835000E+02 12 0 0 0 0 0 0 0 0 0 0 0 14 10 21 21 15 25
 3.840000E+02 12 0 0 0 0 0 0 0 0 0 0 0 17 9 22 13 13 20
 3.845000E+02 10 0 0 0 0 0 0 0 0 0 0 0 13 18 18 20 12 21
 3.850000E+02 13 0 0 0 0 0 0 0 0 0 0 0 17 16 21 18 13 16
 3.855000E+02 7 0 0 0 0 0 0 0 0 0 0 0 14 16 17 13 10 12
 3.860000E+02 10 0 0 0 0 0 0 0 0 0 0 0 19 17 17 18 13 16
 3.865000E+02 9 0 0 0 0 0 0 0 0 0 0 0 22 14 18 10 13 18
 3.870000E+02 10 0 0 0 0 0 0 1 0 0 0 0 22 16 10 18 8 10
 3.875000E+02 3 0 0 0 0 0 0 0 0 0 0 0 18 21 14 23 13 13
 3.880000E+02 9 0 0 0 0 0 0 0 0 0 0 0 22 17 16 21 13 12
 3.885000E+02 6 0 0 0 0 0 0 0 0 0 0 0 19 15 21 20 16 15
 3.890000E+02 5 0 0 0 0 0 0 0 0 0 0 0 20 12 18 14 19 10
 3.895000E+02 5 0 0 0 0 0 0 0 0 0 0 0 23 14 14 17 15 16
 3.900000E+02 9 0 0 0 0 0 0 0 0 0 0 0 17 22 15 16 16 16
 3.905000E+02 15 0 0 0 0 0 0 0 0 0 0 0 13 25 17 12 16 16
 3.910000E+02 6 0 0 0 0 0 0 0 0 0 0 0 12 29 16 18 18 13
 3.915000E+02 7 0 0 0 0 0 0 0 0 0 0 0 15 20 12 14 17 19
 3.920000E+02 8 0 0 0 0 0 0 0 0 0 0 0 11 14 16 17 22 17
 3.925000E+02 11 0 0 0 0 0 0 0 0 0 0 0 10 14 14 19 24 22
 3.930000E+02 10 0 0 0 0 0 0 0 0 0 0 0 10 14 10 15 19 21
 3.935000E+02 6 0 0 0 0 0 0 0 0 0 0 0 10 20 11 19 20 20
 3.940000E+02 11 0 0 0 0 0 0 0 0 0 0 0 11 15 11 13 22 22
 3.945000E+02 8 0 0 0 0 0 0 0 0 0 0 0 20 19 12 19 26 13
 3.950000E+02 11 0 0 0 0 0 0 0 0 0 0 0 22 16 10 18 21 14
 3.955000E+02 7 0 0 0 0 0 0 0 0 0 0 0 16 15 16 15 15 17
 3.960000E+02 8 0 0 0 0 0 0 0 0 0 0 0 17 18 19 17 15 13
 3.965000E+02 12 0 0 0 0 0 0 0 0 0 0 0 22 13 13 18 16 13
 3.970000E+02 13 0 0 0 0 0 0 0 0 0 0 0 16 13 14 23 17 22
 3.975000E+02 8 0 0 0 0 0 0 0 0 0 0 0 14 16 8 26 15 15
 3.980000E+02 3 0 0 0 0 0 0 0 0 0 0 0 15 17 15 28 18 23
 3.985000E+02 10 0 0 0 0 0 0 0 0 0 0 0 15 12 15 25 14 19
 3.990000E+02 7 0 0 0 0 0 0 0 0 0 0 0 20 20 13 15 15 14
 3.995000E+02 12 0 0 0 0 0 0 0 0 0 0 0 22 21 17 12 15 11
 4.000000E+02 10 0 0 0 0 0 0 0 0 0 0 0 23 15 21 15 15 22
 4.005000E+02 12 0 0 0 0 0 0 0 0 0 0 0 21 10 22 16 13 16
 4.010000E+02 9 0 0 0 0 0 0 0 0 0 0 0 18 6 17 17 22 17
 4.015000E+02 7 0 0 0 0 0 0 0 0 0 0 0 15 16 14 10 30 18
 4.020000E+02 10 0 0 0 0 0 0 0 0 0 0 0 15 12 11 10 25 23
 4.025000E+02 7 0 0 0 0 0 0 0 0 0 0 0 18 15 18 13 18 19
 4.030000E+02 7 0 0 0 0 0 0 0 0 0 0 0 19 10 20 11 24 18
 4.035000E+02 12 0 0 0 0 0 0 0 0 0 0 0 16 16 26 10 23 18
 4.040000E+02 10 0 0 0 0 0 0 0 0 0 0 0 11 26 21 15 22 11
 4.045000E+02 9 0 0 0 0 0 0 0 0 0 0 0 15 16 22 14 19 22
 4.050000E+02 7 0 0 0 0 0 0 0 0 0 0 0 19 12 21 19 20 21
 4.055000E+02 4 0 0 0 0 0 0 0 0 0 0 0 19 18 13 12 17 14
 4.060000E+02 11 0 0 0 0 0 0 0 0 0 0 0 19 15 20 18 16 14
 4.065000E+02 7 0 0 0 0 0 0 0 0 0 0 0 12 20 23 17 17 16
 4.070000E+02 7 0 0 0 0 0 0 0 0 0 0 0 15 18 11 18 16 20
 4.075000E+02 13 0 0 0 0 0 0 0 0 0 0 0 13 25 13 14 17 20
 4.080000E+02 6 0 0 0 0 0 0 0 0 1 0 0 16 15 15 19 7 26
 4.085000E+02 8 0 0 0 0 0 0 0 0 1 0 0 16 14 20 22 10 17
 4.090000E+02 12 0 0 0 0 0 0 0 0 0 0 0 17 16 17 14 11 20
 4.095000E+02 8 0 0 0 0 0 0 0 0 0 0 0 24 19 12 17 18 18
 4.100000E+02 13 0 0 0 0 0 0 0 0 0 0 0 21 10 19 14 25 21
 4.105000E+02 11 0 0 0 0 0 0 0 0 0 0 0 18 14 21 13 20 16
 4.110000E+02 9 0 0 0 0 0 0 0 0 0 0 0 14 15 20 15 17 14
 4.115000E+02 10 0 0 0 0 0 0 0 0 0 0 0 18 16 18 18 19 16
 4.120000E+02 7 0 0 0 0 0 0 0 0 0 0 0 13 13 22 15 20 21
 4.125000E+02 7 0 0 0 0 0 0 0 0 0 0 0 18 15 24 12 21 15
 4.130000E+02 13 0 0 0 0 0 0 0 0 0 0 0 10 12 17 16 18 16
 4.135000E+02 6 0 0 0 0 0 0 0 0 0 0 0 15 7 24 24 22 19
 4.140000E+02 6 0 0 0 0 0 0 0 0 0 0 0 13 15 19 22 28 14
 4.145000E+02 17 0 0 1 0 0 0 0 0 0 0 0 15 15 19 26 20 13
 4.150000E+02 9 0 0 0 0 0 0 0 0 1 0 0 14 10 12 22 23 17
 4.155000E+02 5 0 0 0 0 0 0 0 0 1 0 0 11 9 23 15 14 22
 4.160000E+02 9 1 0 0 0 0 0 0 0 0 0 0 17 11 28 9 17 19
 4.165000E+02 10 0 0 0 0 0 0 0 0 1 0 0 11 10 18 15 25 10
 4.170000E+02 12 0 0 0 0 0 0 0 0 1 0 0 15 12 18 20 19 13
 4.175000E+02 10 0 0 1 0 0 0 0 0 1 0 0 21 8 18 17 18 20
 4.180000E+02 7 0 0 0 0 0 0 0 0 2 0 0 16 11 19 15 18 20
 4.185000E+02 13 0 0 0 0 0 0 0 0 1 0 0 12 17 13 18 16 23
 4.190000E+02 6 0 0 0 0 0 0 0 0 0 0 0 15 19 16 20 19 18
 4.195000E+02 9 0 0 0 0 0 0 0 0 0 0 0 16 16 18 22 16 15
 4.200000E+02 8 0 0 0 0 0 0 0 0 0 0 0 14 18 18 24 21 15
 4.205000E+02 8 0 0 0 0 0 0 0 0 0 0 0 14 21 14 21 18 18
 4.210000E+02 8 0 0 0 0 0 0 0 0 1 0 0 21 18 13 13 10 25
 4.215000E+02 15 0 0 0 0 0 0 0 0 0 0 0 16 10 19 13 13 18
 4.220000E+02 8 0 0 0 0 0 0 0 0 0 0 0 19 13 17 20 16 13
 4.225000E+02 12 0 0 0 0 0 0 0 0 0 0 0 17 13 18 15 18 14
 4.230000E+02 12 0 0 0 0 0 0 1 0 0 0 0 14 21 15 22 16 9
 4.235000E+02 7 0 0 0 0 0 0 0 0 1 0 0 10 14 20 25 20 4
 4.240000E+02 5 0 0 0 0 0 0 0 0 1 0 0 15 12 14 16 17 7
 4.245000E+02 5 0 0 1 0 0 0 0 0 0 0 0 17 17 22 19 15 15
 4.250000E+02 7 0 0 0 0 0 0 1 0 0 0 0 16 16 20 19 14 15
 4.255000E+02 9 0 0 1 0 0 0 0 0 0 0 0 17 20 21 13 15 20
 4.260000E+02 8 0 0 0 0 0 0 0 0 1 0 0 13 22 18 13 11 19
 4.265000E+02 3 0 0 0 0 0 0 0 0 0 0 0 11 17 14 26 16 9
 4.270000E+02 13 0 0 0 0 0 0 0 0 0 0 0 13 18 20 21 16 13
 4.275000E+02 6 0 0 0 0 0 0 0 0 0 0 0 15 17 20 18 16 12
 4.280000E+02 12 0 0 0 0 0 0 0 0 0 0 0 12 16 17 15 15 16
 4.285000E+02 8 0 0 0 0 0 0 0 0 1 0 0 19 16 18 15 14 16
 4.290000E+02 12 0 0 0 0 0 0 0 0 1 0 0 15 12 15 22 10 17
 4.295000E+02 7 0 0 0 0 0 0 0 0 0 0 0 14 9 18 17 14 20
 4.300000E+02 4 0 0 0 0 0 0 0 0 0 0 0 16 12 16 18 13 21
 4.305000E+02 13 0 0 0 0 0 0 0 0 1 0 0 11 14 11 16 20 14
 4.310000E+02 9 0 0 1 0 0 0 1 0 0 0 0 15 8 11 6 13 13
 4.315000E+02 8 0 0 0 0 0 0 0 0 1 0 0 12 13 15 9 12 16
 4.320000E+02 5 0 0 0 0 0 0 0 0 0 0 0 16 14 14 14 10 19
 4.325000E+02 4 0 0 0 0 0 0 0 0 0 0 0 18 14 19 15 15 21
 4.330000E+02 10 0 0 0 0 0 0 0 0 0 0 0 24 18 14 16 12 12
 4.335000E+02 11 0 0 0 0 0 0 0 0 0 0 0 16 25 20 14 13 10
 4.340000E+02 2 0 0 0 0 0 0 0 0 0 0 0 12 19 20 8 18 13
 4.345000E+02 11 0 0 0 0 0 0 0 0 0 0 0 15 16 19 7 17 19
 4.350000E+02 11 0 0 0 0 0 0 0 0 0 0 0 18 10 19 11 11 21
 4.355000E+02 11 0 0 0 0 0 0 0 0 0 0 0 14 10 11 13 12 20
 4.360000E+02 5 0 0 0 0 0 0 0 0 0 0 0 14 18 13 13 14 17
 4.365000E+02 6 0 0 0 0 0 0 0 0 0 0 0 9 18 14 18 18 16
 4.370000E+02 6 0 0 0 0 0 0 0 0 0 0 0 9 18 18 14 16 12
 4.375000E+02 7 0 0 0 0 0 0 0 0 0 0 0 11 17 19 12 19 17
 4.380000E+02 11 0 0 0 0 0 0 0 0 0 0 0 12 14 13 19 12 13
 4.385000E+02 10 0 0 0 0 0 0 0 0 0 0 0 16 12 16 21 12 14
 4.390000E+02 9 0 0 0 0 0 0 0 0 0 0 0 15 10 14 18 16 18
 4.395000E+02 3 0 0 0 0 0 0 0 0 0 0 0 19 13 14 22 14 22
 4.400000E+02 9 0 0 0 0 0 0 0 0 0 0 0 16 18 18 22 11 18
 4.405000E+02 7 0 0 0 0 0 0 0 0 0 0 0 18 22 16 15 8 14
 4.410000E+02 5 0 0 0 0 0 0 0 0 0 0 0 19 14 12 22 11 13
 4.415000E+02 12 0 0 0 0 0 0 0 0 0 0 0 13 12 13 25 17 18
 4.420000E+02 8 0 0 0 0 0 0 0 0 0 0 0 7 15 14 15 19 18
 4.425000E+02 10 0 0 0 0 0 0 0 0 0 0 0 15 20 16 17 12 26
 4.430000E+02 7 0 0 0 0 0 0 0 0 0 0 0 10 19 13 20 12 21
 4.435000E+02 4 0 0 0 0 0 0 0 0 0 0 0 14 17 17 16 16 22
 4.440000E+02 6 0 0 0 0 0 0 0 0 0 0 0 15 23 11 18 18 17
 4.445000E+02 5 0 0 0 0 0 0 0 0 0 0 0 14 17 15 16 21 15
 4.450000E+02 8 0 0 0 0 0 0 0 0 0 0 0 17 19 10 19 19 14
 4.455000E+02 10 0 0 0 0 0 0 0 0 0 0 0 20 13 14 14 15 15
 4.460000E+02 11 0 0 0 0 0 0 0 0 0 0 0 22 10 18 12 18 18
 4.465000E+02 9 0 0 0 0 0 0 0 0 0 0 0 17 15 16 15 14 18
 4.470000E+02 6 0 0 0 0 0 0 0 0 1 0 0 20 13 18 12 13 19
 4.475000E+02 7 0 0 0 0 0 0 0 0 2 0 0 14 17 18 19 9 27
 4.480000E+02 6 0 0 0 0 0 0 0 0 1 0 0 15 18 19 22 12 16
 4.485000E+02 3 0 0 0 0 0 0 0 0 0 0 0 13 16 18 23 11 12
 4.490000E+02 5 0 0 0 0 0 0 0 0 1 0 0 20 13 22 19 8 13
 4.495000E+02 13 0 0 0 0 0 0 0 0 1 0 0 16 11 19 17 12 16
 4.500000E+02 4 0 0 0 0 0 0 0 0 1 0 0 14 17 18 17 14 16
 4.505000E+02 10 0 0 0 0 0 0 0 0 1 0 0 17 15 14 12 15 14
 4.510000E+02 10 0 0 0 0 0 0 0 0 1 0 0 16 18 9 11 15 20
 4.515000E+02 5 0 0 0 0 0 0 0 0 0 0 0 20 16 16 14 20 17
 4.520000E+02 6 0 0 0 0 0 0 0 0 0 0 0 21 15 16 12 12 20
 4.525000E+02 8 0 0 0 0 0 0 0 0 0 0 0 23 17 22 14 11 21
 4.530000E+02 10 0 0 0 0 0 0 0 0 0 0 0 20 22 11 20 16 11
 4.535000E+02 6 0 0 0 0 0 0 0 0 0 0 0 23 21 17 20 14 16
 4.540000E+02 10 0 0 0 0 0 0 0 0 0 0 0 22 18 20 10 14 12
 4.545000E+02 9 0 0 0 0 0 0 0 0 0 0 0 21 19 16 19 14 10
 4.550000E+02 5 0 0 0 0 0 0 0 0 0 0 0 23 24 17 17 11 10
 4.555000E+02 8 0 0 0 0 0 0 0 0 0 0 0 18 16 19 14 16 15
 4.560000E+02 11 0 0 0 0 0 0 1 0 0 0 0 12 14 19 16 23 18
 4.565000E+02 5 0 0 0 0 0 0 0 0 0 0 0 16 16 21 16 21 24
 4.570000E+02 9 0 0 0 0 0 0 0 0 0 0 0 13 13 17 19 25 11
 4.575000E+02 8 0 0 0 0 0 0 0 0 0 0 0 14 20 17 14 19 14
 4.580000E+02 10 0 0 0 0 0 0 0 0 0 0 0 12 18 14 15 17 14
 4.585000E+02 10 0 0 0 0 0 0 0 0 0 0 0 15 18 10 20 18 19
 4.590000E+02 10 0 0 0 0 0 0 0 0 0 0 0 16 15 13 19 22 23
 4.595000E+02 5 0 0 0 0 0 0 0 0 0 0 0 17 14 16 16 22 23
 4.600000E+02 6 0 0 0 0 0 0 0 0 0 0 0 16 12 14 17 16 24
 4.605000E+02 5 0 0 0 0 0 0 0 0 0 0 0 14 16 19 20 20 21
 4.610000E+02 5 0 0 0 0 0 0 0 0 0 0 0 18 18 14 16 19 18
 4.615000E+02 11 0 0 0 0 0 0 0 0 0 0 0 17 15 13 17 15 14
 4.620000E+02 9 0 0 0 0 0 0 0 0 1 0 0 15 11 14 22 14 19
 4.625000E+02 8 0 0 0 0 0 0 0 0 1 0 0 16 7 18 26 17 24
 4.630000E+02 12 0 0 0 0 0 0 0 0 1 0 0 10 14 21 22 20 17
 4.635000E+02 3 0 0 0 0 0 0 0 0 0 0 0 11 12 27 19 19 17
 4.640000E+02 2 0 0 0 0 0 0 0 0 0 0 0 15 19 25 23 16 17
 4.645000E+02 1 0 0 0 0 0 0 0 0 0 0 0 12 16 23 17 13 9
 4.650000E+02 14 0 0 0 0 0 0 0 0 0 0 0 14 16 18 18 13 15
 4.655000E+02 11 0 0 0 0 0 0 0 0 0 0 0 12 18 20 17 19 16
 4.660000E+02 17 0 0 0 0 0 0 0 0 0 0 0 16 24 15 11 19 16
 4.665000E+02 5 0 0 0 0 0 0 0 0 0 0 0 15 18 16 12 16 22
 4.670000E+02 8 0 0 0 0 0 0 0 0 0 0 0 16 17 18 17 17 17
 4.675000E+02 10 0 0 0 0 0 0 0 0 1 0 0 20 15 15 19 19 17
 4.680000E+02 6 0 0 0 0 0 0 0 0 1 0 0 12 13 12 19 15 16
 4.685000E+02 6 0 0 0 0 0 0 0 0 0 0 0 13 13 17 23 21 19
 4.690000E+02 6 0 0 0 0 0 0 0 0 0 0 0 18 13 11 17 18 19
 4.695000E+02 8 0 0 0 0 0 0 0 0 0 0 0 19 12 16 11 19 18
 4.700000E+02 9 0 0 0 0 0 0 0 1 0 0 0 18 11 10 20 18 22
 4.705000E+02 8 0 0 0 0 0 0 0 0 0 0 0 14 17 15 19 16 20
 4.710000E+02 8 0 0 0 0 0 0 0 0 0 0 0 18 20 22 24 15 11
 4.715000E+02 16 0 0 0 0 0 0 0 0 0 0 0 11 18 24 21 12 18
 4.720000E+02 9 0 0 0 0 0 0 1 0 0 0 0 20 16 24 19 16 15
 4.725000E+02 9 0 0 0 0 0 0 0 0 0 0 0 23 20 15 15 25 12
 4.730000E+02 9 0 0 0 0 0 0 0 0 0 0 0 20 20 14 17 22 16
 4.735000E+02 8 0 0 0 0 0 0 0 0 0 0 0 23 14 9 16 22 17
 4.740000E+02 12 0 0 0 0 0 0 0 0 1 0 0 19 14 17 19 22 16
 4.745000E+02 8 0 0 0 0 0 0 0 0 0 0 0 15 18 19 17 14 25
 4.750000E+02 6 0 0 0 0 0 0 0 0 0 0 0 20 19 20 18 16 19
 4.755000E+02 11 0 0 0 0 0 0 0 0 0 0 0 22 20 19 15 17 12
 4.760000E+02 8 0 0 0 0 0 0 0 0 0 0 0 15 17 21 14 14 22
 4.765000E+02 7 0 0 0 0 0 0 0 0 0 0 0 15 14 20 13 10 22
 4.770000E+02 8 0 0 0 0 0 0 0 0 0 0 0 17 12 18 11 16 21
 4.775000E+02 10 0 0 0 0 0 0 0 0 2 0 0 19 13 22 10 19 17
 4.780000E+02 9 0 0 0 0 0 0 0 0 1 0 0 22 17 21 13 23 16
 4.785000E+02 3 0 0 0 0 0 0 1 0 0 0 0 23 17 16 7 22 18
 4.790000E+02 4 0 0 0 0 0 0 0 0 1 0 0 22 19 17 14 24 19
 4.795000E+02 6 0 0 0 0 0 0 2 0 0 0 0 19 18 23 14 17 21
 4.800000E+02 9 0 0 0 0 0 0 1 0 0 0 0 13 15 21 13 19 17
 4.805000E+02 9 0 0 0 0 0 0 0 0 0 0 0 20 13 19 15 23 19
 4.810000E+02 7 0 0 0 0 0 0 0 0 0 0 0 14 13 21 16 19 15
 4.815000E+02 10 0 0 0 0 0 0 0 0 0 0 0 13 20 14 16 18 22
 4.820000E+02 13 0 0 0 0 0 0 0 0 0 0 0 10 25 20 11 13 19
 4.825000E+02 12 0 0 0 0 0 0 0 0 0 0 0 18 12 16 17 13 22
 4.830000E+02 10 0 0 0 0 0 0 0 0 0 0 0 20 12 19 19 15 20
 4.835000E+02 12 0 0 0 0 0 0 0 0 0 0 0 17 8 19 23 11 14
 4.840000E+02 9 0 0 0 0 0 0 0 0 0 0 0 16 16 20 21 16 16
 4.845000E+02 7 0 0 0 0 0 0 0 0 0 0 0 20 11 16 19 16 16
 4.850000E+02 8 0 0 0 0 0 0 0 0 0 0 0 20 11 15 20 13 18
 4.855000E+02 10 0 0 0 0 0 0 0 0 1 0 0 16 12 16 21 21 18
 4.860000E+02 19 0 0 0 0 0 0 0 0 0 0 0 17 11 17 19 16 22
 4.865000E+02 11 0 0 1 0 0 0 0 0 0 0 0 18 12 19 21 16 10
 4.870000E+02 12 0 0 0 0 0 0 0 0 0 0 0 14 19 17 19 19 15
 4.875000E+02 8 0 0 0 0 0 0 0 0 0 0 0 18 24 22 18 21 13
 4.880000E+02 8 0 0 0 0 0 0 0 0 0 0 0 12 21 20 13 28 12
 4.885000E+02 7 0 0 0 0 0 0 0 0 0 0 0 13 23 23 18 24 19
 4.890000E+02 11 0 0 0 0 0 0 0 0 0 0 0 16 21 12 13 23 19
 4.895000E+02 7 0 0 0 0 0 0 0 0 0 0 0 17 17 12 14 22 13
 4.900000E+02 8 0 0 0 0 0 0 0 0 0 0 0 13 19 18 13 20 13
 4.905000E+02 17 0 0 0 0 0 0 0 0 0 0 0 15 17 21 16 13 18
 4.910000E+02 11 0 0 0 0 0 0 0 0 2 0 0 11 25 16 16 23 14
 4.915000E+02 9 0 0 0 0 0 0 1 0 0 1 0 14 24 20 24 17 14
 4.920000E+02 9 0 0 0 0 0 0 1 0 0 0 0 19 17 23 14 13 12
 4.925000E+02 7 0 0 0 0 0 0 0 0 1 0 0 19 16 22 15 14 13
 4.930000E+02 7 0 0 0 0 0 0 0 0 1 0 0 15 16 13 15 17 17
 4.935000E+02 5 0 0 0 0 0 0 0 0 0 0 0 18 12 13 18 22 16
 4.940000E+02 8 0 0 0 0 0 0 0 0 1 0 0 21 18 10 23 17 19
 4.945000E+02 9 1 0 0 0 0 0 0 0 1 0 0 20 19 18 15 14 16
 4.950000E+02 9 0 0 1 0 0 0 0 0 1 0 0 18 16 21 22 17 17
 4.955000E+02 4 0 0 1 0 0 0 0 0 1 0 0 17 13 20 15 17 21
 4.960000E+02 10 0 0 1 0 0 0 0 0 2 0 0 23 16 18 16 19 21
 4.965000E+02 12 0 0 0 0 0 0 1 0 1 0 0 27 18 14 18 17 17
 4.970000E+02 12 0 0 0 0 0 0 0 0 1 0 0 14 22 13 19 16 15
 4.975000E+02 7 0 0 0 0 0 0 0 0 0 0 0 17 15 15 21 17 22
 4.980000E+02 6 0 0 0 0 0 0 1 0 0 0 0 18 21 12 21 18 18
 4.985000E+02 8 0 0 0 0 0 0 1 0 0 0 0 20 10 17 20 20 23
 4.990000E+02 9 0 0 1 0 0 0 0 0 0 0 0 22 15 13 18 19 21
 4.995000E+02 7 0 0 0 0 0 0 0 0 1 0 0 16 17 19 20 15 16
 5.000000E+02 5 0 0 0 0 0 0 0 0 0 0 0 21 12 14 24 17 14
 5.005000E+02 11 0 0 0 0 0 0 0 0 0 0 0 23 17 11 21 11 18
 5.010000E+02 4 0 0 0 0 0 0 0 0 0 0 0 18 17 15 22 12 19
 5.015000E+02 11 0 0 0 0 0 0 0 0 1 0 0 14 15 14 22 22 14
 5.020000E+02 10 0 0 0 0 0 0 0 0 0 0 0 12 23 15 27 18 17
 5.025000E+02 17 0 0 0 0 0 0 0 0 1 0 0 13 22 19 23 18 18
 5.030000E+02 9 0 0 0 0 0 0 0 0 0 0 0 15 21 23 19 17 20
 5.035000E+02 5 0 0 0 0 0 0 0 0 0 0 0 11 15 15 20 23 19
 5.040000E+02 13 0 0 0 0 0 0 0 0 0 0 0 12 12 17 15 23 26
 5.045000E+02 8 0 0 0 0 0 0 0 0 0 0 0 17 16 21 14 21 21
 5.050000E+02 15 0 0 0 0 0 0 0 0 1 0 0 14 25 16 23 15 17
 5.055000E+02 6 0 0 0 0 0 0 0 0 0 0 0 16 23 13 28 17 12
 5.060000E+02 16 0 0 0 0 0 0 0 0 0 0 0 22 14 14 25 14 11
 5.065000E+02 11 0 0 0 0 0 0 0 0 0 0 0 19 19 17 23 8 10
 5.070000E+02 8 0 0 0 0 0 0 0 0 0 0 0 14 22 15 23 14 8
 5.075000E+02 15 0 0 0 0 0 0 0 0 0 0 0 18 15 12 19 22 18
 5.080000E+02 11 0 0 0 0 0 0 0 0 0 0 0 20 18 11 16 14 21
 5.085000E+02 6 0 0 0 0 0 0 0 0 0 0 0 16 20 18 12 16 13
 5.090000E+02 12 0 0 0 0 0 0 0 0 0 0 0 19 18 22 18 15 18
 5.095000E+02 9 0 0 0 0 0 0 0 0 0 0 0 23 16 22 14 14 13
 5.100000E+02 10 0 0 0 0 0 0 0 0 0 0 0 20 14 18 17 14 21
 5.105000E+02 9 0 0 0 0 0 0 0 0 0 0 0 23 9 19 20 16 16
 5.110000E+02 14 0 0 0 0 0 0 0 0 0 0 0 24 15 16 19 18 18
 5.115000E+02 8 0 0 0 0 0 0 0 0 0 0 0 15 20 12 18 12 22
 5.120000E+02 7 0 0 1 0 0 0 0 0 0 0 0 26 21 19 13 15 22
 5.125000E+02 7 0 0 0 0 0 0 0 0 1 0 0 20 20 19 15 16 16
 5.130000E+02 9 0 0 0 0 0 0 0 0 1 0 0 22 15 14 17 16 17
 5.135000E+02 10 0 0 0 0 0 0 0 0 0 0 0 23 19 11 15 19 21
 5.140000E+02 10 0 0 0 0 0 0 0 0 0 0 0 21 15 15 17 18 17
 5.145000E+02 7 0 0 0 0 0 0 0 0 0 0 0 18 13 13 13 25 18
 5.150000E+02 9 0 0 0 0 0 0 0 0 0 0 0 18 19 12 19 19 19
 5.155000E+02 11 0 0 0 0 0 0 0 0 1 0 0 19 18 11 16 9 25
 5.160000E+02 4 0 0 0 0 0 0 0 0 1 0 0 21 23 14 14 19 23
 5.165000E+02 8 0 0 0 0 0 0 0 0 0 0 0 27 12 15 19 15 21
 5.170000E+02 12 0 0 0 0 0 0 0 0 1 0 0 22 12 12 21 17 20
 5.175000E+02 10 0 0 0 0 0 0 0 0 1 0 0 16 17 15 16 20 24
 5.180000E+02 13 0 0 0 0 0 0 0 0 0 0 0 9 21 17 12 28 14
 5.185000E+02 7 0 0 0 0 0 0 0 0 0 0 0 19 21 17 12 17 17
 5.190000E+02 9 0 0 0 0 0 0 0 0 0 0 0 20 16 20 14 19 23
 5.195000E+02 11 0 0 0 0 0 0 0 0 0 0 0 16 15 18 19 21 21
 5.200000E+02 7 0 0 0 0 0 0 0 0 0 0 0 14 13 18 21 19 14
 5.205000E+02 9 0 0 0 0 0 0 0 0 0 0 0 15 16 22 19 17 15
 5.210000E+02 10 0 0 0 0 0 0 0 0 0 0 0 20 14 15 25 12 17
 5.215000E+02 5 0 0 0 0 0 0 0 0 0 0 0 25 12 10 22 15 19
 5.220000E+02 9 0 0 0 0 0 0 0 0 0 0 0 18 16 16 26 8 21
 5.225000E+02 11 0 0 0 0 0 0 0 0 0 0 0 18 21 16 18 15 18
 5.230000E+02 15 0 0 0 0 0 0 0 0 1 0 0 15 16 16 17 23 21
 5.235000E+02 13 0 0 0 0 0 0 0 0 0 0 0 14 11 21 18 21 18
 5.240000E+02 11 0 0 0 0 0 0 0 0 0 0 0 17 16 22 15 18 19
 5.245000E+02 13 0 0 0 0 0 0 0 0 0 0 0 16 21 22 19 15 22
 5.250000E+02 14 0 0 0 0 0 0 0 0 1 0 0 19 18 18 11 16 27
 5.255000E+02 11 0 0 0 0 0 0 0 0 0 0 0 15 20 15 18 12 23
 5.260000E+02 8 0 0 0 0 0 0 0 0 0 0 0 20 17 12 15 20 27
 5.265000E+02 9 0 0 0 0 0 0 0 0 0 0 0 23 19 20 19 15 17
 5.270000E+02 12 0 0 0 0 0 0 0 0 0 0 0 25 13 17 21 11 17
 5.275000E+02 5 0 0 0 0 0 0 0 0 0 0 0 17 12 20 23 14 12
 5.280000E+02 8 0 0 0 0 0 0 0 0 0 0 0 15 13 13 17 15 18
 5.285000E+02 12 0 0 0 0 0 0 0 0 0 0 0 13 21 14 11 23 17
 5.290000E+02 6 0 0 0 0 0 0 0 0 0 0 0 18 17 25 13 14 19
 5.295000E+02 7 0 0 0 0 0 0 0 0 0 0 0 26 11 20 12 16 18
 5.300000E+02 6 0 0 0 0 0 0 0 0 0 0 0 22 13 13 15 19 17
 5.305000E+02 3 0 0 0 0 0 0 0 0 0 0 0 20 17 19 16 14 20
 5.310000E+02 9 0 0 0 0 0 0 0 0 0 0 0 19 13 21 10 14 27
 5.315000E+02 8 0 0 0 0 0 0 0 0 0 0 0 15 20 21 20 15 21
 5.320000E+02 7 0 0 0 0 0 0 0 0 0 0 0 16 14 18 16 15 18
 5.325000E+02 11 0 0 0 0 0 0 0 0 0 0 0 15 20 21 11 17 14
 5.330000E+02 12 0 0 0 0 0 0 0 0 0 0 0 9 21 20 13 28 14
 5.335000E+02 15 0 0 0 0 0 0 0 0 0 0 0 14 15 16 11 25 15
 5.340000E+02 8 0 0 0 0 0 0 0 0 0 0 0 15 16 24 16 17 19
 5.345000E+02 5 0 0 0 0 0 0 0 0 0 0 0 23 15 25 15 16 22
 5.350000E+02 9 0 0 0 0 0 0 0 0 0 0 0 23 14 26 15 18 16
 5.355000E+02 8 0 0 0 0 0 0 0 0 1 0 0 25 13 19 21 19 18
 5.360000E+02 15 0 0 0 0 0 0 0 0 0 0 0 20 18 14 17 16 20
 5.365000E+02 4 0 0 0 0 0 0 0 0 0 0 0 22 13 18 18 18 8
 5.370000E+02 12 0 0 0 0 0 0 0 0 0 0 0 17 15 18 20 18 12
 5.375000E+02 8 0 0 0 0 0 0 0 0 1 0 0 26 15 18 17 20 18
 5.380000E+02 9 0 0 0 0 0 0 0 0 1 0 0 25 21 11 17 14 22
 5.385000E+02 9 0 0 0 0 0 0 0 0 0 0 0 17 14 16 16 19 20
 5.390000E+02 11 0 0 0 0 0 0 0 0 0 0 0 17 14 14 17 22 15
 5.395000E+02 11 0 0 0 0 0 0 0 0 0 0 0 17 15 14 17 16 12
 5.400000E+02 6 0 0 0 0 0 0 0 0 0 0 0 13 16 17 21 21 17
 5.405000E+02 9 0 0 0 0 0 0 0 0 0 0 0 17 10 17 21 17 18
 5.410000E+02 12 0 0 0 0 0 0 0 0 1 0 0 11 16 15 23 16 25
 5.415000E+02 6 0 0 0 0 0 0 1 0 0 0 0 17 18 10 19 22 19
 5.420000E+02 7 0 0 0 0 0 0 0 0 0 0 0 26 19 9 21 19 20
 5.425000E+02 12 0 0 0 0 0 0 0 0 0 0 0 16 19 12 22 15 11
 5.430000E+02 6 0 0 0 0 0 0 0 0 0 0 0 15 19 10 16 14 16
 5.435000E+02 11 0 0 0 0 0 0 0 0 0 0 0 18 20 15 15 20 18
 5.440000E+02 5 0 0 0 0 0 0 0 0 0 0 0 15 15 18 13 20 23
 5.445000E+02 11 0 0 0 0 0 0 0 0 0 0 0 13 11 19 14 21 25
 5.450000E+02 6 0 0 0 0 0 0 0 0 0 0 0 16 15 14 15 21 35
 5.455000E+02 6 0 0 0 0 0 0 0 0 0 0 0 22 14 16 20 20 17
 5.460000E+02 9 0 0 0 0 0 0 0 0 0 0 0 13 19 24 21 16 11
 5.465000E+02 11 0 0 0 0 0 0 0 0 0 0 0 15 17 19 15 16 15
 5.470000E+02 15 0 0 0 0 0 0 0 0 0 0 0 11 18 13 16 17 19
 5.475000E+02 5 0 0 0 0 0 0 0 0 0 0 0 18 23 11 23 19 21
 5.480000E+02 8 0 0 0 0 0 0 0 0 0 0 0 18 20 13 12 20 17
 5.485000E+02 8 0 0 0 0 0 0 0 0 0 0 0 17 13 20 15 21 19
 5.490000E+02 8 0 0 0 0 0 0 0 0 0 0 0 17 12 21 24 20 17
 5.495000E+02 6 0 0 0 0 0 0 0 0 0 0 0 22 11 18 18 18 14
 5.500000E+02 8 0 0 0 0 0 0 0 0 0 0 0 16 18 11 15 17 13
 5.505000E+02 11 0 0 0 0 0 0 0 0 0 0 0 13 12 20 19 15 22
 5.510000E+02 9 0 0 0 0 0 0 0 0 0 0 0 13 11 22 19 14 22
 5.515000E+02 12 0 0 0 0 0 0 0 0 0 0 0 18 17 9 16 25 18
 5.520000E+02 6 0 0 0 0 0 0 0 0 1 0 0 16 19 10 16 20 17
 5.525000E+02 11 0 0 0 0 0 0 0 0 1 0 0 17 21 12 14 24 16
 5.530000E+02 14 0 0 0 0 0 0 0 0 1 0 0 19 19 15 20 15 13
 5.535000E+02 6 0 0 0 0 0 0 0 0 2 0 0 12 12 14 25 22 15
 5.540000E+02 9 0 0 0 0 0 0 0 0 0 0 0 15 9 15 25 21 18
 5.545000E+02 13 0 0 0 0 0 0 0 0 0 0 0 18 13 16 22 15 21
 5.550000E+02 9 0 0 0 0 0 0 0 0 0 0 0 18 18 20 18 21 14
 5.555000E+02 15 0 0 0 0 0 0 0 0 0 0 0 13 26 16 16 26 13
 5.560000E+02 14 0 0 0 0 0 0 0 0 0 0 0 12 13 20 15 19 15
 5.565000E+02 12 0 0 0 0 0 0 0 0 0 0 0 17 12 13 24 21 13
 5.570000E+02 7 0 0 0 0 0 0 0 0 0 0 0 20 16 16 21 19 9
 5.575000E+02 6 0 0 0 0 0 0 0 0 0 0 0 22 20 20 19 11 10
 5.580000E+02 12 0 0 0 0 0 0 0 0 0 0 0 20 19 16 22 13 12
 5.585000E+02 12 0 0 0 0 0 0 0 0 0 0 0 24 15 15 18 15 11
 5.590000E+02 11 0 0 0 0 0 0 0 0 0 0 0 16 19 15 23 15 17
 5.595000E+02 13 0 0 0 0 0 0 0 0 0 0 0 17 23 17 20 10 17
 5.600000E+02 12 0 0 0 0 0 0 0 0 1 0 0 20 19 23 13 18 16
 5.605000E+02 10 0 0 0 0 0 0 0 0 1 0 0 18 15 23 13 16 25
 5.610000E+02 11 0 0 0 0 0 0 0 0 0 0 0 18 18 16 15 14 17
 5.615000E+02 13 0 0 0 0 0 0 0 0 0 0 0 25 20 15 20 15 19
 5.620000E+02 3 0 0 0 0 0 0 0 0 0 0 0 17 23 16 23 13 16
 5.625000E+02 10 0 0 0 0 0 0 0 0 0 0 0 15 14 13 21 12 17
 5.630000E+02 13 0 0 0 0 0 0 0 0 0 0 0 19 16 13 19 19 20
 5.635000E+02 11 0 0 0 0 0 0 0 0 0 0 0 16 18 15 16 14 22
 5.640000E+02 8 0 0 0 0 0 0 0 0 1 0 0 15 18 23 13 16 23
 5.645000E+02 9 0 0 0 0 0 0 0 0 1 0 0 11 20 21 12 24 15
 5.650000E+02 9 0 0 0 0 0 0 1 0 0 0 0 21 18 21 16 18 17
 5.655000E+02 8 0 0 0 0 0 0 0 0 1 0 0 19 12 17 19 13 15
 5.660000E+02 6 0 0 0 0 0 0 0 0 0 0 0 16 17 10 24 13 22
 5.665000E+02 12 0 0 0 0 0 0 0 0 0 0 0 12 16 13 26 21 18
 5.670000E+02 9 0 0 0 0 0 0 0 0 1 0 0 20 22 17 21 20 11
 5.675000E+02 9 0 0 0 0 0 0 0 0 1 0 0 22 22 15 18 23 16
 5.680000E+02 10 0 0 0 0 0 0 0 0 1 0 0 22 22 13 19 23 18
 5.685000E+02 9 0 0 0 0 0 0 0 0 0 0 0 19 20 15 16 18 16
 5.690000E+02 10 0 0 0 0 0 0 0 0 0 0 0 18 18 19 20 10 19
 5.695000E+02 9 0 0 0 0 0 0 0 0 0 0 0 13 17 15 21 16 26
 5.700000E+02 9 0 0 0 0 0 0 0 0 0 0 0 18 18 19 13 22 17
 5.705000E+02 9 0 0 0 0 0 0 0 0 0 0 0 23 17 18 11 18 23
 5.710000E+02 8 0 0 0 0 0 0 0 0 0 0 0 18 18 18 19 15 19
 5.715000E+02 7 0 0 0 0 0 0 0 0 0 0 0 14 23 12 29 19 17
 5.720000E+02 11 0 0 0 0 0 0 0 0 0 0 0 16 21 12 28 19 14
 5.725000E+02 10 0 0 0 0 0 0 0 0 0 0 0 17 23 13 17 12 21
 5.730000E+02 9 0 0 0 0 0 0 0 0 0 0 0 22 19 16 16 18 19
 5.735000E+02 12 0 0 0 0 0 0 0 0 0 0 0 20 18 21 12 16 14
 5.740000E+02 5 0 0 0 0 0 0 0 0 0 0 0 17 22 21 19 18 16
 5.745000E+02 7 0 0 0 0 0 0 0 0 0 0 0 14 18 18 18 16 22
 5.750000E+02 7 0 0 0 0 0 0 0 0 0 0 0 12 23 12 15 10 21
 5.755000E+02 13 0 0 0 0 0 0 0 0 0 0 0 20 16 15 27 20 16
 5.760000E+02 11 0 0 0 0 0 0 0 0 0 0 0 13 22 13 26 19 15
 5.765000E+02 12 0 0 0 0 0 0 0 0 0 0 0 17 20 12 21 19 9
 5.770000E+02 6 0 0 0 0 0 0 1 0 0 0 0 21 19 16 15 15 16
 5.775000E+02 9 0 0 0 0 0 0 0 0 0 0 0 26 21 19 17 15 14
 5.780000E+02 8 0 0 0 0 0 0 0 0 0 0 0 20 12 25 16 20 18
 5.785000E+02 8 0 0 0 0 0 0 0 0 0 0 0 22 21 21 13 23 17
 5.790000E+02 7 0 0 0 0 0 0 0 0 0 0 0 23 20 17 17 21 15
 5.795000E+02 10 0 0 0 0 0 0 0 0 0 0 0 21 28 21 24 17 12
 5.800000E+02 12 0 0 0 0 0 0 0 0 0 0 0 20 21 13 28 12 16
 5.805000E+02 10 0 0 0 0 0 0 0 0 1 0 0 21 19 16 33 11 18
 5.810000E+02 5 0 0 0 0 0 0 0 0 1 0 0 19 18 9 30 9 19
 5.815000E+02 13 0 0 0 0 0 0 0 0 0 0 0 16 19 17 25 9 23
 5.820000E+02 11 0 0 0 0 0 0 1 0 0 0 0 16 21 14 20 11 23
 5.825000E+02 13 0 0 0 0 0 0 0 0 0 0 0 10 18 20 24 14 19
 5.830000E+02 8 0 0 0 0 0 0 0 0 0 0 0 8 9 20 18 24 21
 5.835000E+02 18 0 0 0 0 0 0 0 0 0 0 0 10 18 13 18 26 14
 5.840000E+02 13 0 0 0 0 0 0 0 0 0 0 0 17 13 19 21 20 24
 5.845000E+02 14 0 0 0 0 0 0 0 0 0 0 0 25 18 18 21 22 20
 5.850000E+02 5 0 0 0 0 0 0 0 0 0 0 0 17 12 18 23 21 18
 5.855000E+02 14 0 0 0 0 0 0 0 0 0 0 0 17 16 16 23 25 20
 5.860000E+02 8 0 0 0 0 0 0 0 0 0 0 0 16 16 18 15 19 17
 5.865000E+02 18 0 0 0 0 0 0 0 0 0 0 0 15 21 22 18 16 17
 5.870000E+02 7 0 0 0 0 0 0 0 0 0 0 0 18 21 12 21 20 19
 5.875000E+02 13 0 0 0 0 0 0 0 0 0 0 0 18 27 13 22 17 17
 5.880000E+02 9 0 0 0 0 0 0 0 0 0 0 0 17 19 13 19 20 19
 5.885000E+02 9 0 0 0 0 0 0 0 0 0 0 0 15 20 17 14 24 24
 5.890000E+02 7 0 0 0 0 0 0 0 0 0 0 0 14 23 18 12 22 17
 5.895000E+02 3 0 0 0 0 0 0 0 0 0 0 0 12 21 16 18 22 14
 5.900000E+02 2 0 0 0 0 0 0 0 0 0 0 0 20 15 19 17 17 16
 5.905000E+02 10 0 0 0 0 0 0 1 0 0 0 0 22 20 11 30 12 18
 5.910000E+02 7 0 0 0 0 0 0 0 0 1 0 0 13 18 13 26 16 21
 5.915000E+02 8 0 0 0 0 0 0 0 0 0 0 0 15 17 15 18 12 25
 5.920000E+02 8 0 0 0 0 0 0 0 0 1 0 0 21 15 14 19 16 25
 5.925000E+02 10 0 0 0 0 0 0 0 0 1 0 0 21 15 10 18 18 15
 5.930000E+02 11 0 0 0 0 0 0 0 0 0 0 0 22 15 19 15 16 11
 5.935000E+02 13 0 0 0 0 0 0 0 0 0 0 0 12 22 21 15 13 11
 5.940000E+02 13 0 0 0 0 0 0 0 0 0 0 0 19 13 20 18 10 14
 5.945000E+02 7 0 0 0 0 0 0 0 0 0 0 0 18 19 18 11 20 13
 5.950000E+02 12 0 0 0 0 0 0 0 0 0 0 0 15 26 20 15 17 16
 5.955000E+02 8 0 0 0 0 0 0 0 0 0 0 0 15 19 24 15 16 13
 5.960000E+02 7 0 0 0 0 0 0 0 0 1 0 0 15 16 25 17 13 16
 5.965000E+02 8 0 0 0 0 0 0 0 0 1 0 0 13 20 25 16 14 22
 5.970000E+02 11 0 0 0 0 0 0 0 0 1 0 0 17 13 18 16 17 18
 5.975000E+02 9 0 0 0 0 0 0 1 0 0 0 0 19 14 22 22 16 21
 5.980000E+02 5 0 0 0 0 0 0 0 0 0 0 0 15 15 17 21 22 18
 5.985000E+02 9 0 0 0 0 0 0 0 0 0 0 0 18 13 19 20 17 15
 5.990000E+02 9 0 0 0 0 0 0 0 0 0 0 0 19 18 13 14 18 17
 5.995000E+02 5 0 0 0 0 0 0 0 0 0 0 0 19 17 11 13 17 19
 6.000000E+02 11 0 0 0 0 0 0 0 0 0 0 0 18 14 11 17 13 26
 6.005000E+02 8 0 0 0 0 0 0 0 0 0 0 0 12 21 22 18 10 19
 6.010000E+02 5 0 0 0 0 0 0 0 0 0 0 0 21 18 23 16 11 22
 6.015000E+02 9 0 0 0 0 0 0 0 0 0 0 0 16 18 26 22 15 16
 6.020000E+02 13 0 0 0 0 0 0 0 0 0 0 0 18 16 23 19 15 12
 6.025000E+02 9 0 0 0 0 0 0 0 0 0 0 0 25 13 21 26 12 18
 6.030000E+02 8 0 0 0 0 0 0 0 0 0 0 0 24 15 28 18 15 12
 6.035000E+02 7 0 0 0 0 0 0 0 0 0 0 0 18 13 23 13 17 16
 6.040000E+02 9 0 0 0 0 0 0 1 0 0 0 0 16 13 25 12 17 17
 6.045000E+02 6 0 0 0 0 0 0 0 0 1 0 0 17 17 21 15 14 17
 6.050000E+02 9 0 0 0 0 0 0 1 0 0 0 0 15 19 17 17 14 15
 6.055000E+02 6 0 0 0 0 0 0 0 0 1 0 0 17 20 17 28 20 14
 6.060000E+02 9 0 0 0 0 0 0 1 0 0 0 0 21 10 18 24 16 13
 6.065000E+02 11 0 0 0 0 0 0 0 0 0 0 0 21 14 16 18 14 21
 6.070000E+02 7 0 0 0 0 0 0 0 0 0 0 0 21 15 24 18 15 15
 6.075000E+02 9 0 0 0 0 0 0 0 0 0 0 0 20 16 16 14 23 21
 6.080000E+02 9 0 0 0 0 0 0 0 0 0 0 0 13 13 22 15 22 25
 6.085000E+02 6 0 0 0 0 0 0 0 0 0 0 0 19 21 23 16 17 19
 6.090000E+02 12 0 0 0 0 0 0 0 0 0 0 0 20 21 24 15 18 18
 6.095000E+02 2 0 0 0 0 0 0 0 0 0 0 0 14 19 22 10 23 16
 6.100000E+02 10 0 0 0 0 0 0 0 0 0 0 0 13 18 17 12 19 13
 6.105000E+02 13 0 0 0 0 0 0 0 0 0 0 0 12 19 21 17 18 13
 6.110000E+02 14 0 0 0 0 0 0 0 0 0 0 0 14 19 27 13 21 15
 6.115000E+02 17 0 0 0 0 0 0 0 0 0 0 0 16 23 26 11 15 15
 6.120000E+02 12 0 0 0 0 0 0 0 0 0 0 0 19 18 17 22 14 16
 6.125000E+02 6 0 0 0 0 0 0 0 0 0 0 0 13 24 15 26 16 16
 6.130000E+02 7 0 0 0 0 0 0 0 0 0 0 0 10 15 14 21 20 24
 6.135000E+02 8 0 0 0 0 0 0 0 0 0 0 0 14 17 13 22 21 17
 6.140000E+02 6 0 0 0 0 0 0 0 0 0 0 0 18 23 12 12 15 16
 6.145000E+02 13 0 0 0 0 0 0 0 0 0 0 0 13 27 21 12 15 16
 6.150000E+02 10 0 0 0 0 0 0 0 0 0 0 0 22 27 11 22 13 11
 6.155000E+02 9 0 0 0 0 0 0 0 0 0 0 0 15 26 10 19 18 19
 6.160000E+02 7 0 0 0 0 0 0 0 0 0 0 0 18 21 15 19 21 14
 6.165000E+02 9 0 0 0 0 0 0 0 0 0 0 0 16 26 16 14 26 18
 6.170000E+02 13 0 0 0 0 0 0 0 0 0 0 0 11 25 12 16 19 23
 6.175000E+02 6 0 0 0 0 0 0 0 0 0 0 0 15 26 15 17 14 18
 6.180000E+02 11 0 0 0 0 0 0 0 0 0 0 0 20 19 14 18 14 18
 6.185000E+02 11 0 0 0 0 0 0 0 0 1 0 0 22 18 18 19 14 17
 6.190000E+02 11 0 0 0 0 0 0 0 0 0 0 0 20 17 19 14 16 20
 6.195000E+02 10 0 0 0 0 0 0 0 0 0 0 0 21 18 15 13 22 23
 6.200000E+02 11 0 0 0 0 0 0 0 0 0 0 0 19 20 18 17 23 16
 6.205000E+02 16 0 0 0 0 0 0 0 0 1 0 0 22 14 17 12 15 16
 6.210000E+02 8 0 0 0 0 0 0 0 0 1 0 0 17 15 17 13 16 18
 6.215000E+02 7 0 0 0 0 0 0 0 0 0 0 0 19 30 17 10 11 14
 6.220000E+02 8 0 0 0 0 0 0 0 0 0 0 0 14 21 15 22 15 13
 6.225000E+02 7 0 0 0 0 0 0 0 0 0 0 0 21 20 14 16 16 13
 6.230000E+02 11 0 0 0 0 0 0 0 0 0 0 0 15 14 13 15 21 12
 6.235000E+02 10 0 0 0 0 0 0 0 0 0 0 0 17 13 13 15 20 13
 6.240000E+02 6 0 0 0 0 0 0 0 0 0 0 0 22 18 14 15 18 19
 6.245000E+02 4 0 0 0 0 0 0 0 0 0 0 0 11 19 21 16 17 15
 6.250000E+02 9 0 0 0 0 0 0 0 0 0 0 0 19 16 24 12 18 19
 6.255000E+02 12 0 0 0 0 0 0 0 0 0 0 0 12 12 23 8 13 20
 6.260000E+02 8 0 0 0 0 0 0 0 0 0 0 0 14 14 24 14 18 18
 6.265000E+02 8 0 0 0 0 0 0 0 0 0 0 0 18 19 21 12 11 18
 6.270000E+02 7 0 0 0 0 0 0 0 0 0 0 0 15 24 16 15 20 16
 6.275000E+02 8 0 0 0 0 0 0 0 0 0 0 0 18 14 20 17 22 16
 6.280000E+02 7 0 0 0 0 0 0 0 0 0 0 0 25 11 22 21 15 19
 6.285000E+02 8 0 0 0 0 0 0 0 0 0 0 0 18 18 21 16 16 18
 6.290000E+02 8 0 0 0 0 0 0 0 0 0 0 0 15 23 20 15 11 17
 6.295000E+02 9 0 0 0 0 0 0 0 0 0 0 0 13 12 23 19 18 15
 6.300000E+02 10 0 0 0 0 0 0 0 0 0 0 0 10 16 22 21 14 22
 6.305000E+02 6 0 0 0 0 0 0 0 0 0 0 0 11 19 14 26 8 23
 6.310000E+02 19 0 0 0 0 0 0 0 0 0 0 0 17 23 14 20 13 24
 6.315000E+02 10 0 0 0 0 0 0 0 0 0 0 0 14 18 20 16 7 19
 6.320000E+02 6 0 0 0 0 0 0 0 0 0 0 0 22 25 21 17 11 19
 6.325000E+02 12 0 0 0 0 0 0 0 0 0 0 0 17 20 20 12 15 15
 6.330000E+02 14 0 0 0 0 0 0 1 0 0 0 0 19 22 21 17 16 17
 6.335000E+02 8 0 0 0 0 0 0 0 0 0 0 0 19 26 17 18 16 22
 6.340000E+02 12 0 0 0 0 0 0 0 0 0 0 0 22 21 20 12 18 21
 6.345000E+02 6 0 0 0 0 0 0 0 0 0 0 0 18 20 25 15 15 21
 6.350000E+02 10 0 0 0 0 0 0 0 0 0 0 0 12 19 21 22 19 26
 6.355000E+02 6 0 0 0 0 0 0 0 0 0 0 0 22 20 21 19 17 18
 6.360000E+02 11 0 0 0 0 0 0 0 0 0 0 0 23 20 29 13 13 13
 6.365000E+02 10 0 0 1 0 0 0 0 0 0 0 0 24 18 22 19 9 23
 6.370000E+02 11 0 0 0 0 0 0 0 0 1 0 0 14 18 23 18 13 20
 6.375000E+02 13 0 0 0 0 0 0 0 0 1 0 0 15 14 16 22 17 24
 6.380000E+02 12 0 0 0 0 0 0 0 0 1 0 0 24 14 14 21 15 20
 6.385000E+02 8 0 0 0 0 0 0 0 0 1 0 0 23 9 19 26 18 16
 6.390000E+02 9 0 0 0 0 0 0 1 0 0 0 0 13 16 20 25 11 19
 6.395000E+02 5 0 0 0 0 0 0 0 0 0 0 0 18 19 24 20 13 17
 6.400000E+02 7 0 0 0 0 0 0 0 0 0 0 0 14 21 18 25 14 17
 6.405000E+02 15 0 0 0 0 0 0 0 0 3 0 0 15 21 16 16 15 22
 6.410000E+02 18 0 0 0 0 0 0 0 0 2 0 0 15 23 20 17 17 25
 6.415000E+02 11 0 0 0 0 0 0 1 0 1 0 0 21 18 12 20 22 21
 6.420000E+02 13 0 0 0 0 0 0 0 0 0 0 0 19 18 18 20 18 18
 6.425000E+02 16 0 0 0 0 0 0 0 0 0 0 0 15 14 16 20 14 19
 6.430000E+02 10 0 0 0 0 0 0 0 0 0 0 0 18 15 18 18 17 22
 6.435000E+02 18 0 0 0 0 0 0 0 0 0 0 0 8 22 12 25 20 21
 6.440000E+02 7 0 0 0 0 0 0 0 0 0 0 0 13 16 18 20 25 16
 6.445000E+02 8 0 0 0 0 0 0 0 0 0 0 0 14 15 22 15 13 30
 6.450000E+02 4 0 0 0 0 0 0 0 0 2 0 0 16 13 20 15 11 20
 6.455000E+02 4 0 0 0 0 0 0 0 0 0 0 0 21 16 20 12 20 20
 6.460000E+02 8 0 0 0 0 0 0 0 0 1 0 0 15 18 20 18 18 17
 6.465000E+02 13 0 0 0 0 0 0 0 0 1 0 0 14 25 17 19 24 18
 6.470000E+02 7 0 0 0 0 0 0 0 0 2 0 0 13 17 21 14 16 22
 6.475000E+02 6 0 0 0 0 0 0 1 0 1 0 0 11 13 15 12 24 24
 6.480000E+02 11 0 0 0 0 0 0 0 0 1 0 0 20 13 19 17 21 20
 6.485000E+02 10 0 0 0 0 0 0 0 0 0 0 0 14 19 19 22 17 21
 6.490000E+02 8 0 0 0 0 0 0 0 0 0 0 0 15 13 19 16 19 17
 6.495000E+02 9 0 0 0 0 0 0 1 0 0 0 0 19 15 19 16 19 19
 6.500000E+02 5 0 0 0 0 0 0 0 0 1 0 0 21 17 17 20 16 19
 6.505000E+02 5 0 0 0 0 0 0 0 0 0 0 1 26 20 26 10 16 12
 6.510000E+02 11 0 0 0 0 0 0 1 0 0 0 0 21 24 22 15 12 19
 6.515000E+02 4 0 0 0 0 0 0 0 0 1 0 0 23 19 15 19 15 13
 6.520000E+02 11 0 0 0 0 0 0 0 0 0 0 0 19 20 14 16 17 13
 6.525000E+02 17 0 0 0 0 0 0 0 0 0 0 0 19 19 14 13 21 14
 6.530000E+02 14 0 0 0 0 0 0 0 0 0 0 0 17 18 15 18 17 19
 6.535000E+02 10 0 0 0 0 0 0 0 0 0 0 0 20 21 17 11 17 20
 6.540000E+02 8 0 0 0 0 0 0 0 0 0 0 0 17 20 17 17 10 16
 6.545000E+02 15 0 0 0 0 0 0 0 0 0 0 0 19 25 20 18 15 12
 6.550000E+02 10 0 0 0 0 0 0 0 0 0 0 0 12 23 20 16 13 21
 6.555000E+02 9 0 0 0 0 0 0 0 0 0 0 0 13 25 21 23 18 18
 6.560000E+02 7 0 0 0 0 0 0 0 0 0 0 0 15 14 20 22 13 14
 6.565000E+02 9 0 0 0 0 0 0 0 0 0 0 0 21 12 21 17 13 14
 6.570000E+02 10 0 0 0 0 0 0 0 0 0 0 0 18 16 16 9 28 15
 6.575000E+02 9 0 0 0 0 0 0 1 0 0 0 0 14 15 17 11 23 18
 6.580000E+02 7 0 0 1 0 0 0 0 0 1 0 0 20 16 17 16 18 18
 6.585000E+02 8 0 0 0 0 0 0 0 0 1 0 0 23 13 18 18 16 14
 6.590000E+02 11 0 0 0 0 0 0 0 0 1 0 0 19 17 19 20 17 15
 6.595000E+02 10 0 0 0 0 0 0 0 0 1 0 0 22 19 19 17 14 20
 6.600000E+02 12 0 0 0 0 0 0 0 0 0 0 0 12 21 16 14 19 18
 6.605000E+02 12 0 0 0 0 0 0 0 0 0 0 0 12 15 14 19 18 20
 6.610000E+02 12 0 0 0 0 0 0 0 0 0 0 0 9 17 15 16 18 21
 6.615000E+02 10 0 0 0 0 0 0 1 0 0 0 0 11 24 15 22 18 22
 6.620000E+02 7 0 0 0 0 0 0 0 0 0 0 0 19 20 18 15 15 20
 6.625000E+02 8 0 0 0 0 0 0 0 0 0 0 0 17 21 13 14 16 18
 6.630000E+02 9 0 0 0 0 0 0 0 0 0 0 0 16 21 15 16 16 18
 6.635000E+02 8 0 0 0 0 0 0 0 0 0 0 0 16 15 16 15 24 13
 6.640000E+02 7 0 0 0 0 0 0 0 0 0 0 0 11 18 25 16 22 20
 6.645000E+02 8 0 0 0 0 0 0 0 0 0 0 0 12 21 16 20 21 21
 6.650000E+02 10 0 0 0 0 0 0 0 0 0 0 0 11 14 21 19 18 22
 6.655000E+02 11 0 0 0 0 0 0 0 0 1 0 0 16 17 19 13 17 18
 6.660000E+02 9 0 0 0 0 0 0 0 0 0 0 0 21 21 16 16 16 11
 6.665000E+02 9 0 0 0 0 0 0 0 0 0 0 0 21 22 12 11 18 18
 6.670000E+02 7 0 0 0 0 0 0 0 0 0 0 0 20 17 13 11 17 25
 6.675000E+02 9 0 0 0 0 0 0 0 0 0 0 0 20 11 18 12 20 21
 6.680000E+02 12 0 0 0 0 0 0 0 0 0 0 0 21 18 20 15 17 20
 6.685000E+02 8 0 0 0 0 0 0 0 0 0 0 0 20 14 17 19 15 20
 6.690000E+02 4 0 0 0 0 0 0 0 0 0 0 0 16 19 21 20 15 12
 6.695000E+02 9 0 0 0 0 0 0 0 0 0 0 0 15 17 22 19 21 13
 6.700000E+02 7 0 0 0 0 0 0 0 0 0 0 0 22 16 12 19 23 13
 6.705000E+02 9 0 0 0 0 0 0 0 0 0 0 0 13 18 16 15 15 17
 6.710000E+02 11 0 0 0 0 0 0 0 0 0 0 0 13 17 17 11 17 24
 6.715000E+02 18 0 0 0 0 0 0 0 0 0 0 0 16 16 14 10 20 22
 6.720000E+02 5 0 0 0 0 0 0 0 0 0 0 0 16 16 14 7 20 24
 6.725000E+02 6 0 0 0 0 0 0 0 0 0 0 0 16 22 19 14 11 19
 6.730000E+02 7 0 0 0 0 0 0 0 0 0 0 0 18 25 15 16 11 19
 6.735000E+02 12 0 0 0 0 0 0 0 0 0 0 0 12 23 12 10 18 15
 6.740000E+02 5 0 0 0 0 0 0 0 0 0 0 0 12 20 16 20 16 23
 6.745000E+02 8 0 0 0 0 0 0 0 0 0 0 0 13 16 17 13 13 20
 6.750000E+02 8 0 0 0 0 0 0 0 0 0 0 0 18 15 19 11 18 19
 6.755000E+02 6 0 0 0 0 0 0 0 0 0 0 0 22 12 19 20 14 16
 6.760000E+02 9 0 0 0 0 0 0 0 0 0 0 0 16 14 14 16 13 14
 6.765000E+02 11 0 0 0 0 0 0 0 0 0 0 0 16 7 16 16 25 15
 6.770000E+02 9 0 0 0 0 0 0 0 0 0 0 0 20 7 16 13 28 18
 6.775000E+02 13 0 0 0 0 0 0 0 0 0 0 0 18 12 14 14 25 14
 6.780000E+02 5 0 0 0 0 0 0 0 0 0 0 0 14 13 5 18 25 18
 6.785000E+02 8 0 0 0 0 0 0 0 0 1 0 0 7 15 11 19 22 20
 6.790000E+02 6 0 0 0 0 0 0 1 0 0 0 0 14 9 9 24 13 23
 6.795000E+02 8 0 0 0 0 0 0 0 0 1 0 0 20 12 15 23 12 16
 6.800000E+02 10 0 0 0 0 0 0 0 0 1 0 0 17 11 20 26 7 12
 6.805000E+02 5 0 0 0 0 0 0 1 0 0 0 0 14 15 19 19 14 14
 6.810000E+02 9 0 0 0 0 0 0 0 0 1 0 0 18 21 19 9 15 14
 6.815000E+02 11 0 0 0 0 0 0 0 0 0 0 0 16 18 14 19 9 20
 6.820000E+02 11 0 0 0 0 0 0 0 0 0 0 0 13 17 15 20 9 27
 6.825000E+02 8 0 0 0 0 0 0 0 0 0 0 0 13 13 19 13 17 23
 6.830000E+02 3 0 0 0 0 0 0 0 0 0 0 0 22 17 13 10 16 19
 6.835000E+02 8 0 0 0 0 0 0 0 0 0 0 0 16 18 12 11 20 19
 6.840000E+02 13 0 0 0 0 0 0 0 0 0 0 0 13 13 14 17 22 17
 6.845000E+02 14 0 0 0 0 0 0 0 0 0 0 0 13 18 9 18 15 19
 6.850000E+02 7 0 0 0 0 0 0 0 0 0 0 0 18 20 14 20 12 19
 6.855000E+02 11 0 0 0 0 0 0 0 0 0 0 0 10 25 23 21 16 17
 6.860000E+02 3 0 0 0 0 0 0 0 0 0 0 0 11 24 14 20 14 22
 6.865000E+02 16 0 0 0 0 0 0 0 0 0 0 0 16 17 9 27 13 17
 6.870000E+02 8 0 0 0 0 0 0 0 0 0 0 0 16 12 10 21 13 15
 6.875000E+02 12 0 0 0 0 0 0 0 0 0 0 0 16 14 15 15 22 23
 6.880000E+02 5 0 0 0 0 0 0 0 0 0 0 0 13 23 13 15 20 13
 6.885000E+02 5 0 0 0 0 0 0 0 0 0 0 0 19 19 11 10 27 17
 6.890000E+02 8 0 0 0 0 0 0 0 0 0 0 0 12 15 17 16 20 21
 6.895000E+02 11 0 0 0 0 1 0 0 0 0 0 0 9 14 11 17 13 25
 6.900000E+02 8 0 0 0 0 0 0 0 0 2 0 0 11 16 18 20 15 26
 6.905000E+02 10 0 0 0 0 0 0 0 0 0 0 0 16 17 20 13 15 18
 6.910000E+02 8 0 0 0 0 0 0 0 0 0 0 0 16 20 18 13 10 14
 6.915000E+02 12 0 0 0 0 0 0 0 0 0 0 0 19 16 18 18 13 12
 6.920000E+02 5 0 0 0 0 0 0 0 0 0 0 0 18 15 13 19 14 17
 6.925000E+02 3 0 0 0 0 0 0 0 0 0 0 0 21 11 12 18 19 16
 6.930000E+02 8 0 0 0 0 0 0 0 0 0 0 0 9 19 14 15 20 9
 6.935000E+02 6 0 0 0 0 0 0 0 0 0 0 0 17 22 17 19 16 12
 6.940000E+02 7 0 0 0 0 0 0 0 0 0 0 0 17 17 8 21 14 17
 6.945000E+02 5 0 0 0 0 0 0 0 0 0 0 0 17 18 17 22 16 13
 6.950000E+02 9 0 0 0 0 0 0 0 0 0 0 0 17 21 17 13 19 8
 6.955000E+02 12 0 0 0 0 0 0 0 0 0 0 0 15 18 13 17 18 14
 6.960000E+02 4 0 0 0 0 0 0 0 0 0 0 0 13 14 16 17 19 15
 6.965000E+02 5 0 0 0 0 0 0 0 0 0 0 0 13 18 16 15 13 15
 6.970000E+02 5 0 0 0 0 0 0 0 0 0 0 0 16 19 19 13 23 12
 6.975000E+02 8 0 0 0 0 0 0 0 0 0 0 0 17 24 12 15 17 16
 6.980000E+02 10 0 0 0 0 0 0 0 0 0 0 0 22 18 9 7 15 13
 6.985000E+02 8 0 0 0 0 0 0 0 0 0 0 0 15 22 17 9 8 18
 6.990000E+02 7 0 0 0 0 0 0 0 0 0 0 0 13 24 15 12 15 22
 6.995000E+02 11 0 0 0 0 0 0 0 0 0 0 0 11 22 13 14 13 20
 7.000000E+02 8 0 0 0 0 0 0 0 0 0 0 0 11 21 25 16 10 24
