# time 'Ca' 'D34:75:137_PP2ACa' 'D34:75:137_PP2APCa' 'D34:75_PP2ACa' 'D34:75_PP2APCa' 'D75:137_PP2ACa' 'D75:137_PP2APCa' 'D75_PP2ACa' 'D75_PP2APCa' 'PP2ACa' 'PP2ACa_PKA' 'PP2APCa' 'PP2BinactiveCa2_1' 'PP2BinactiveCa2_2' 'PP2BinactiveCa2_3' 'PP2BinactiveCa2_4' 'PP2BinactiveCa2_5' 'PP2BinactiveCa2_6'
 0.000000E+00 0 0 0 0 0 0 0 0 0 0 0 0 0 0 0 0 0 0
 5.000000E-01 2 0 0 0 0 0 0 0 0 0 0 0 1 1 2 0 1 0
 1.000000E+00 1 0 0 0 0 0 0 0 0 0 0 0 1 1 3 1 1 0
 1.500000E+00 1 0 0 0 0 0 0 0 0 0 0 0 1 1 3 1 1 2
 2.000000E+00 5 0 0 0 0 0 0 0 0 0 0 0 2 5 1 1 0 1
 2.500000E+00 4 0 0 0 0 0 0 0 0 0 0 0 3 3 3 2 0 3
 3.000000E+00 0 0 0 0 0 0 0 0 0 0 0 0 3 2 5 4 0 4
 3.500000E+00 1 0 0 0 0 0 0 0 0 0 0 0 4 1 4 3 1 6
 4.000000E+00 4 0 0 0 0 0 0 0 0 0 0 0 3 3 2 4 2 5
 4.500000E+00 1 0 0 0 0 0 0 0 0 0 0 0 3 2 5 5 4 7
 5.000000E+00 7 0 0 0 0 0 0 0 0 0 0 0 3 2 6 7 2 7
 5.500000E+00 5 0 0 0 0 0 0 0 0 0 0 0 5 4 4 9 3 7
 6.000000E+00 0 0 0 0 0 0 0 0 0 0 0 0 3 7 2 8 5 8
 6.500000E+00 3 0 0 0 0 0 0 0 0 0 0 0 4 5 5 11 6 7
 7.000000E+00 5 0 0 0 0 0 0 0 0 0 0 0 6 3 4 7 6 10
 7.500000E+00 6 0 0 0 0 0 0 0 0 0 0 0 11 4 5 5 5 11
 8.000000E+00 2 0 0 0 0 0 0 0 0 0 0 0 7 11 6 7 5 14
 8.500000E+00 5 0 0 0 0 0 0 0 0 0 0 0 7 8 2 7 6 13
 9.000000E+00 3 0 0 0 0 0 0 0 0 0 0 0 5 6 3 7 13 10
 9.500000E+00 8 0 0 0 0 0 0 0 0 0 0 0 9 6 2 4 10 17
 1.000000E+01 4 0 0 0 0 0 0 0 0 0 0 0 11 6 10 8 5 14
 1.050000E+01 6 0 0 0 0 0 0 0 0 0 0 0 8 7 10 7 9 13
 1.100000E+01 9 0 0 0 0 0 0 0 0 0 0 0 7 7 6 7 10 16
 1.150000E+01 5 0 0 0 0 0 0 0 0 0 0 0 8 8 8 9 11 13
 1.200000E+01 6 0 0 0 0 0 0 0 0 0 0 0 9 6 12 8 7 10
 1.250000E+01 6 0 0 0 0 0 0 0 0 0 0 0 11 5 12 11 7 10
 1.300000E+01 1 0 0 0 0 0 0 0 0 0 0 0 9 7 12 12 13 13
 1.350000E+01 5 0 0 0 0 0 0 0 0 0 0 0 10 5 13 10 10 11
 1.400000E+01 5 0 0 0 0 0 0 0 0 0 0 0 10 3 12 9 9 15
 1.450000E+01 7 0 0 0 0 0 0 0 0 0 0 0 10 6 12 10 9 13
 1.500000E+01 3 0 0 0 0 0 0 0 0 0 0 0 14 8 11 13 8 15
 1.550000E+01 5 0 0 0 0 0 0 0 0 0 0 0 11 9 13 9 10 10
 1.600000E+01 14 0 0 0 0 0 0 0 0 0 0 0 10 8 9 10 15 12
 1.650000E+01 4 0 0 0 0 0 0 0 0 0 0 0 8 11 7 9 18 17
 1.700000E+01 3 0 0 0 0 0 0 0 0 0 0 0 9 13 10 11 19 15
 1.750000E+01 7 0 0 0 0 0 0 0 0 0 0 0 11 16 13 8 12 10
 1.800000E+01 5 0 0 0 0 0 0 0 0 0 0 0 13 13 12 8 8 10
 1.850000E+01 3 0 0 0 0 0 0 0 0 0 0 0 10 17 13 11 14 8
 1.900000E+01 4 0 0 0 0 0 0 0 0 0 0 0 7 18 8 12 17 8
 1.950000E+01 8 0 0 0 0 0 0 0 0 0 0 0 9 13 9 12 13 16
 2.000000E+01 11 0 0 0 0 0 0 0 0 0 0 0 9 12 12 12 12 17
 2.050000E+01 7 0 0 0 0 0 0 0 0 0 0 0 10 7 20 9 15 14
 2.100000E+01 6 0 0 0 0 0 0 0 0 0 0 0 10 9 19 8 17 16
 2.150000E+01 3 0 0 0 0 0 0 0 0 0 0 0 9 10 18 11 11 16
 2.200000E+01 5 0 0 0 0 0 0 0 0 0 0 0 7 9 23 9 14 13
 2.250000E+01 7 0 0 0 0 0 0 0 0 0 0 0 10 15 20 9 13 17
 2.300000E+01 12 0 0 0 0 0 0 0 0 0 0 0 12 19 13 10 8 19
 2.350000E+01 6 0 0 0 0 0 0 0 0 0 0 0 14 11 15 13 13 18
 2.400000E+01 7 0 0 0 0 0 0 0 0 0 0 0 10 11 10 19 14 12
 2.450000E+01 11 0 0 0 0 0 0 0 0 0 0 0 10 14 15 11 12 16
 2.500000E+01 7 0 0 0 0 0 0 0 0 0 0 0 14 15 21 12 15 18
 2.550000E+01 5 0 0 0 0 0 0 0 0 0 0 0 16 14 19 13 13 13
 2.600000E+01 4 0 0 0 0 0 0 0 0 0 0 0 14 22 17 10 13 12
 2.650000E+01 9 0 0 0 0 0 0 0 0 0 0 0 11 21 21 14 12 10
 2.700000E+01 6 0 0 0 0 0 0 0 0 0 0 0 9 20 22 18 13 10
 2.750000E+01 16 0 0 0 0 0 0 0 0 0 0 0 9 22 17 17 10 11
 2.800000E+01 8 0 0 0 0 0 0 0 0 0 0 0 15 16 18 10 12 9
 2.850000E+01 10 0 0 0 0 0 0 0 0 1 0 0 14 19 20 8 13 13
 2.900000E+01 8 0 0 0 0 0 0 0 0 1 0 0 17 13 14 14 16 13
 2.950000E+01 7 0 0 0 0 0 0 0 0 0 0 0 11 14 17 14 18 13
 3.000000E+01 8 0 0 0 0 0 0 0 0 0 0 0 12 11 17 10 14 14
 3.050000E+01 5 0 0 0 0 0 0 0 0 0 0 0 12 17 18 12 16 15
 3.100000E+01 13 0 0 0 0 0 0 0 0 0 0 0 17 11 15 6 18 13
 3.150000E+01 6 0 0 0 0 0 0 0 0 0 0 0 17 16 19 8 17 10
 3.200000E+01 4 0 0 0 0 0 0 0 0 0 0 0 10 15 16 9 14 10
 3.250000E+01 4 0 0 0 0 0 0 0 0 1 0 0 17 13 18 9 19 13
 3.300000E+01 5 0 0 0 0 0 0 0 0 1 0 0 14 15 17 15 16 17
 3.350000E+01 5 0 0 0 0 0 0 0 0 1 0 0 15 11 17 12 17 10
 3.400000E+01 6 0 0 0 0 0 0 0 0 1 0 0 14 8 8 15 18 13
 3.450000E+01 10 0 0 0 0 0 0 0 0 0 0 0 18 10 13 11 12 18
 3.500000E+01 5 0 0 0 0 0 0 0 0 0 0 0 18 17 9 13 16 15
 3.550000E+01 10 0 0 0 0 0 0 0 0 0 0 0 15 14 15 14 15 12
 3.600000E+01 7 0 0 0 0 0 0 0 0 0 0 0 23 15 13 13 12 15
 3.650000E+01 9 0 0 0 0 0 0 1 0 0 0 0 16 15 13 11 11 20
 3.700000E+01 11 0 0 0 0 0 0 0 0 0 0 0 13 22 12 17 13 17
 3.750000E+01 10 0 0 0 0 0 0 0 0 0 0 0 18 15 11 16 17 12
 3.800000E+01 8 0 0 0 0 0 0 0 0 0 0 0 13 19 11 19 11 13
 3.850000E+01 12 0 0 0 0 0 0 0 0 0 0 0 8 13 16 19 14 21
 3.900000E+01 4 0 0 0 0 0 0 0 0 0 0 0 11 13 17 20 13 17
 3.950000E+01 8 0 0 0 0 0 0 0 0 0 0 0 10 14 18 12 16 17
 4.000000E+01 8 0 0 0 0 0 0 0 0 0 0 0 8 13 13 13 18 19
 4.050000E+01 12 0 0 0 0 0 0 0 0 0 0 0 13 12 15 16 20 18
 4.100000E+01 9 0 0 0 0 0 0 0 0 0 0 0 10 15 14 18 14 14
 4.150000E+01 10 0 0 0 0 0 0 0 0 0 0 0 15 17 25 14 10 15
 4.200000E+01 10 0 0 0 0 0 0 0 0 1 0 0 12 17 26 18 12 13
 4.250000E+01 11 0 0 0 0 0 0 0 0 1 0 0 18 19 24 11 14 13
 4.300000E+01 6 0 0 0 0 0 0 0 0 1 0 0 17 16 14 16 10 16
 4.350000E+01 11 0 0 0 0 0 0 1 0 0 0 0 20 17 15 15 7 18
 4.400000E+01 3 0 0 0 0 0 0 0 0 1 0 0 18 16 18 13 11 14
 4.450000E+01 5 0 0 0 0 0 0 0 0 0 0 0 16 12 14 15 11 14
 4.500000E+01 8 0 0 0 0 0 0 0 0 0 0 0 14 11 17 18 9 18
 4.550000E+01 4 0 0 0 0 0 0 0 0 0 0 0 12 15 17 16 14 21
 4.600000E+01 8 0 0 0 0 0 0 0 0 0 0 0 10 20 13 17 18 24
 4.650000E+01 8 0 0 0 0 0 0 0 0 0 0 0 15 16 12 10 16 18
 4.700000E+01 6 0 0 0 0 0 0 0 0 0 0 0 11 14 23 13 15 16
 4.750000E+01 10 0 0 0 0 0 0 0 0 0 0 0 13 15 26 17 15 16
 4.800000E+01 7 0 0 0 0 0 0 0 0 0 0 0 10 20 19 13 15 18
 4.850000E+01 7 0 0 0 0 0 0 0 0 0 0 0 12 14 21 15 16 13
 4.900000E+01 7 0 0 0 0 0 0 1 0 0 0 0 18 18 18 15 18 14
 4.950000E+01 5 0 0 0 0 0 0 1 0 0 0 0 17 16 12 11 17 16
 5.000000E+01 5 0 0 0 0 0 0 0 0 0 0 0 15 15 26 12 12 12
 5.050000E+01 5 0 0 0 0 0 0 0 0 0 0 0 14 22 19 17 8 18
 5.100000E+01 3 0 0 0 0 0 0 0 0 0 0 0 11 18 18 17 15 21
 5.150000E+01 11 0 0 0 0 0 0 0 0 1 0 0 8 19 20 15 15 13
 5.200000E+01 13 0 0 0 0 0 0 0 0 1 0 0 14 17 18 15 15 11
 5.250000E+01 6 0 0 0 0 0 0 1 0 0 0 0 14 18 17 18 16 18
 5.300000E+01 11 0 0 0 0 0 0 0 0 1 0 0 14 17 21 16 14 18
 5.350000E+01 13 0 0 0 0 0 0 0 0 0 0 0 15 21 19 16 13 18
 5.400000E+01 8 0 0 0 0 0 0 0 0 1 0 0 21 20 14 14 14 20
 5.450000E+01 8 0 0 0 0 0 0 0 0 1 0 0 22 13 16 15 17 16
 5.500000E+01 12 0 0 0 0 0 0 0 0 0 0 0 14 15 19 17 22 13
 5.550000E+01 8 0 0 0 0 0 0 0 0 0 0 0 18 22 12 13 17 13
 5.600000E+01 8 0 0 0 0 0 0 0 0 0 0 0 19 23 19 15 18 15
 5.650000E+01 5 0 0 0 0 0 0 0 0 0 0 0 13 24 13 13 22 13
 5.700000E+01 9 0 0 0 0 0 0 1 0 0 0 0 18 16 15 11 23 13
 5.750000E+01 8 0 0 0 0 0 0 0 0 1 0 0 16 17 13 15 28 12
 5.800000E+01 6 0 0 0 0 0 0 0 0 1 0 0 15 13 15 17 31 16
 5.850000E+01 11 0 0 0 0 0 0 0 0 1 0 0 10 13 20 14 25 18
 5.900000E+01 11 0 0 0 0 0 0 0 0 0 0 0 11 18 22 18 20 15
 5.950000E+01 10 0 0 0 0 0 0 0 0 0 0 0 10 16 23 15 23 15
 6.000000E+01 13 0 0 0 0 0 0 0 0 0 0 0 14 15 18 19 19 17
 6.050000E+01 12 0 0 0 0 0 0 0 0 0 0 0 14 25 13 15 18 21
 6.100000E+01 8 0 0 0 0 0 0 0 0 0 0 0 15 24 15 19 24 8
 6.150000E+01 7 0 0 0 0 0 0 0 0 0 0 0 12 17 15 18 28 12
 6.200000E+01 4 0 0 0 0 0 0 0 0 0 0 0 16 21 18 15 28 13
 6.250000E+01 9 0 0 0 0 0 0 0 0 0 0 0 12 17 20 15 22 16
 6.300000E+01 9 0 0 0 0 0 0 1 0 0 0 0 19 16 21 13 24 19
 6.350000E+01 12 0 0 0 0 0 0 0 0 1 0 0 13 15 18 12 22 20
 6.400000E+01 9 0 0 0 0 0 0 0 0 1 0 0 8 13 20 12 26 16
 6.450000E+01 9 0 0 0 0 0 0 1 0 0 0 0 18 16 16 11 20 19
 6.500000E+01 7 0 0 0 0 0 0 0 0 1 0 0 18 13 15 15 18 20
 6.550000E+01 6 0 0 0 0 0 0 0 0 0 0 0 15 10 16 15 22 24
 6.600000E+01 5 0 0 0 0 0 0 0 0 1 0 0 16 12 17 13 16 25
 6.650000E+01 5 0 0 0 0 0 0 0 0 0 0 0 14 20 12 16 17 23
 6.700000E+01 8 0 0 0 0 0 0 0 0 0 0 0 12 14 13 21 18 18
 6.750000E+01 12 0 0 0 0 0 0 0 0 1 0 0 11 16 15 18 14 24
 6.800000E+01 9 0 0 0 0 0 0 1 0 1 0 0 18 16 12 11 9 25
 6.850000E+01 4 0 0 0 0 0 0 1 0 1 0 0 19 16 21 9 6 25
 6.900000E+01 7 0 0 0 0 0 0 0 0 1 0 0 15 18 24 13 12 19
 6.950000E+01 8 0 0 0 0 0 0 0 0 1 0 0 14 13 22 12 13 21
 7.000000E+01 10 0 0 0 0 0 0 0 0 0 0 0 16 12 18 16 21 24
 7.050000E+01 6 0 0 0 0 0 0 0 0 0 0 0 19 11 21 17 19 19
 7.100000E+01 10 0 0 0 0 0 0 0 0 0 0 0 17 15 19 15 20 16
 7.150000E+01 8 0 0 0 0 0 0 0 0 0 0 0 16 17 19 12 21 20
 7.200000E+01 7 0 0 0 0 0 0 0 0 0 0 0 19 18 20 17 16 20
 7.250000E+01 7 0 0 0 0 0 0 0 0 0 0 0 15 14 12 16 18 21
 7.300000E+01 11 0 0 0 0 0 0 0 0 0 0 0 21 12 22 9 20 18
 7.350000E+01 6 0 0 0 0 0 0 0 0 0 0 0 28 19 16 11 20 15
 7.400000E+01 11 0 0 0 0 0 0 0 0 1 0 0 23 10 15 14 17 20
 7.450000E+01 7 0 0 0 0 0 0 0 0 0 0 0 20 11 16 16 18 22
 7.500000E+01 13 0 0 0 0 0 0 0 0 0 0 0 24 11 16 15 17 22
 7.550000E+01 5 0 0 0 0 0 0 0 0 0 0 0 19 20 22 13 20 17
 7.600000E+01 6 0 0 0 0 0 0 0 0 0 0 0 19 13 21 12 20 20
 7.650000E+01 9 0 0 0 0 0 0 0 0 0 0 0 23 15 18 14 19 18
 7.700000E+01 7 0 0 0 0 0 0 0 0 0 0 0 18 15 18 13 17 23
 7.750000E+01 10 0 0 0 0 0 0 0 0 0 0 0 26 22 27 9 15 14
 7.800000E+01 6 0 0 0 0 0 0 0 0 1 0 0 21 17 23 14 19 10
 7.850000E+01 9 0 0 0 0 0 0 0 0 0 0 0 20 17 25 17 19 12
 7.900000E+01 7 0 0 0 0 0 0 0 0 0 0 0 24 16 21 18 18 13
 7.950000E+01 11 0 0 0 0 0 0 0 0 0 0 0 21 16 19 16 19 15
 8.000000E+01 11 0 0 0 0 0 0 0 0 0 0 0 14 22 20 11 15 14
 8.050000E+01 8 0 0 0 0 0 0 0 0 0 0 0 21 16 21 16 19 13
 8.100000E+01 10 0 0 0 0 0 0 0 0 0 0 0 17 17 20 18 22 16
 8.150000E+01 6 0 0 0 0 0 0 0 0 0 0 0 15 12 20 18 25 15
 8.200000E+01 9 0 0 0 0 0 0 0 0 0 0 0 18 11 20 20 19 19
 8.250000E+01 7 0 0 0 0 0 0 0 0 0 0 0 23 15 25 18 10 20
 8.300000E+01 7 0 0 0 0 0 0 0 0 0 0 0 22 17 20 15 16 16
 8.350000E+01 5 0 0 0 0 0 0 0 0 0 0 0 14 16 23 21 15 14
 8.400000E+01 9 0 0 0 0 0 0 0 0 0 0 0 14 16 23 21 17 13
 8.450000E+01 10 0 0 0 0 0 0 0 0 0 0 0 19 11 15 24 15 20
 8.500000E+01 7 0 0 0 0 0 0 0 0 0 0 0 9 15 25 20 19 22
 8.550000E+01 10 0 0 0 0 0 0 0 0 0 0 0 7 9 25 18 20 21
 8.600000E+01 8 0 0 0 0 0 0 0 0 0 0 0 11 14 15 21 16 27
 8.650000E+01 6 0 0 0 0 0 0 0 0 0 0 0 13 20 16 20 23 19
 8.700000E+01 5 0 0 0 0 0 0 0 0 0 0 0 14 19 21 19 19 21
 8.750000E+01 3 0 0 0 0 0 0 0 0 1 0 0 14 16 22 15 19 25
 8.800000E+01 11 0 0 0 0 0 0 1 0 0 0 0 16 18 19 16 22 18
 8.850000E+01 17 0 0 0 0 0 0 1 0 0 0 0 11 13 14 14 21 16
 8.900000E+01 5 0 0 0 0 0 0 1 0 1 0 0 15 19 14 18 20 16
 8.950000E+01 7 0 0 0 0 0 0 0 0 2 0 0 21 22 20 21 14 19
 9.000000E+01 12 0 0 0 0 0 0 0 0 1 0 0 14 23 21 21 17 17
 9.050000E+01 9 0 0 0 0 0 0 0 0 0 0 0 10 25 22 21 11 18
 9.100000E+01 10 0 0 0 0 0 0 0 0 0 0 0 13 25 21 23 19 19
 9.150000E+01 10 0 0 0 0 0 0 0 0 0 0 0 15 21 22 15 21 19
 9.200000E+01 8 0 0 0 0 0 0 0 0 0 0 0 15 19 20 15 18 22
 9.250000E+01 11 0 0 0 0 0 0 0 0 0 0 0 18 20 23 17 15 21
 9.300000E+01 7 0 0 0 0 0 0 0 0 0 0 0 13 17 23 20 18 22
 9.350000E+01 9 0 0 0 0 0 0 0 0 0 0 0 12 15 19 18 18 19
 9.400000E+01 13 0 0 0 0 0 0 0 0 0 0 0 16 12 20 20 17 20
 9.450000E+01 14 0 0 0 0 0 0 0 0 0 0 0 17 21 18 19 16 19
 9.500000E+01 7 0 0 0 0 0 0 0 0 0 0 0 14 14 20 10 21 25
 9.550000E+01 10 0 0 0 0 0 0 0 0 0 0 0 15 12 23 15 19 21
 9.600000E+01 15 0 0 0 0 0 0 0 0 0 0 0 25 14 21 22 15 18
 9.650000E+01 10 0 0 0 0 0 0 0 0 1 0 0 16 19 22 15 17 18
 9.700000E+01 10 0 0 0 0 0 0 0 0 1 0 0 15 18 15 17 29 20
 9.750000E+01 15 0 0 0 0 0 0 1 0 1 0 0 21 21 17 24 20 15
 9.800000E+01 7 0 0 0 0 0 0 0 0 0 0 0 16 20 19 19 18 21
 9.850000E+01 12 0 0 0 0 0 0 0 0 0 0 0 16 16 16 21 15 25
 9.900000E+01 14 0 0 0 0 0 0 0 0 0 0 0 13 15 21 20 19 22
 9.950000E+01 9 0 0 0 0 0 0 0 0 0 0 0 11 14 25 26 15 20
 1.000000E+02 11 0 0 0 0 0 0 0 0 0 0 0 16 9 21 25 15 17
 1.005000E+02 8 0 0 0 0 0 0 0 0 0 0 0 16 14 16 29 14 13
 1.010000E+02 6 0 0 0 0 0 0 0 0 0 0 0 14 14 11 22 17 21
 1.015000E+02 6 0 0 0 0 0 0 0 0 1 0 0 13 12 22 20 17 22
 1.020000E+02 14 0 0 0 0 0 0 0 0 0 0 0 14 7 20 20 11 20
 1.025000E+02 7 0 0 0 0 0 0 0 0 0 0 0 15 15 23 14 18 19
 1.030000E+02 6 0 0 0 0 0 0 0 0 0 0 0 22 12 20 18 21 18
 1.035000E+02 10 0 0 0 0 0 0 0 0 0 0 0 22 12 15 25 22 19
 1.040000E+02 11 0 0 0 0 0 0 0 0 1 0 0 22 16 8 20 27 18
 1.045000E+02 12 0 0 0 0 0 0 1 0 0 0 0 20 18 16 16 22 12
 1.050000E+02 9 0 0 0 0 0 0 0 0 1 0 0 21 19 22 20 24 11
 1.055000E+02 15 0 0 0 0 0 0 0 0 1 0 0 14 14 18 25 20 13
 1.060000E+02 6 0 0 0 0 0 0 0 0 1 0 0 23 12 19 19 16 21
 1.065000E+02 14 0 0 0 0 0 0 0 0 1 0 0 22 12 19 15 15 21
 1.070000E+02 9 0 0 0 0 0 0 0 0 0 0 0 16 26 17 17 18 20
 1.075000E+02 10 0 0 0 0 0 0 0 0 0 0 0 16 26 15 13 14 19
 1.080000E+02 14 0 0 0 0 0 0 0 0 0 0 0 16 20 13 16 20 15
 1.085000E+02 9 0 0 0 0 0 0 0 0 0 0 0 16 21 18 18 18 24
 1.090000E+02 7 0 0 0 0 0 0 0 0 0 0 0 26 12 17 21 22 13
 1.095000E+02 9 0 0 0 0 0 0 0 0 0 0 0 21 20 14 21 16 17
 1.100000E+02 5 0 0 0 0 0 0 0 0 0 0 0 19 18 17 26 18 16
 1.105000E+02 4 0 0 0 0 0 0 0 0 0 0 0 16 15 16 20 24 16
 1.110000E+02 6 0 0 0 0 0 0 0 0 0 0 0 10 19 18 31 17 15
 1.115000E+02 8 0 0 0 0 0 0 0 0 0 0 0 13 16 15 28 29 19
 1.120000E+02 8 0 0 0 0 0 0 0 0 0 0 0 17 16 20 21 21 19
 1.125000E+02 6 0 0 0 0 0 0 0 0 0 0 0 21 14 12 14 23 18
 1.130000E+02 10 0 0 0 0 0 0 0 0 0 0 0 22 18 20 18 19 22
 1.135000E+02 3 0 0 0 0 0 0 0 0 0 0 0 28 19 15 13 18 18
 1.140000E+02 9 0 0 0 0 0 0 0 0 0 0 0 22 20 17 16 14 19
 1.145000E+02 11 0 0 0 0 0 0 0 0 0 0 0 31 16 24 17 14 20
 1.150000E+02 8 0 0 0 0 0 0 0 0 0 0 0 21 23 19 20 13 19
 1.155000E+02 11 0 0 0 0 0 0 0 0 1 0 0 18 24 13 20 15 17
 1.160000E+02 13 0 0 0 0 0 0 0 0 1 0 0 19 23 13 17 9 23
 1.165000E+02 6 0 0 0 0 0 0 1 0 2 0 0 21 22 16 19 9 23
 1.170000E+02 10 0 0 0 0 0 0 0 0 2 0 0 18 17 9 19 18 21
 1.175000E+02 10 0 0 0 0 0 0 0 0 2 0 0 20 15 17 24 15 26
 1.180000E+02 11 0 0 0 0 0 0 1 0 2 0 0 16 16 16 22 22 22
 1.185000E+02 8 0 0 0 0 0 0 0 0 3 0 0 18 15 18 26 19 22
 1.190000E+02 8 0 0 0 0 0 0 1 0 2 0 0 22 16 18 23 16 25
 1.195000E+02 14 0 0 0 0 0 0 0 0 1 0 0 15 19 20 15 15 22
 1.200000E+02 9 0 0 0 0 0 0 1 0 0 0 0 18 25 23 12 15 17
 1.205000E+02 9 0 0 0 0 0 0 0 0 1 0 0 18 25 18 14 22 22
 1.210000E+02 4 0 0 0 0 0 0 0 0 1 0 0 20 24 16 19 21 17
 1.215000E+02 12 0 0 0 0 0 0 0 0 1 0 0 20 18 16 19 15 21
 1.220000E+02 10 0 0 0 0 0 0 0 0 0 0 0 16 15 27 18 21 21
 1.225000E+02 14 0 0 0 0 0 0 0 0 1 0 0 21 16 25 18 17 13
 1.230000E+02 12 0 0 0 0 0 0 0 0 1 0 0 15 16 20 17 18 20
 1.235000E+02 11 0 0 0 0 0 0 0 0 0 0 0 17 23 14 18 17 15
 1.240000E+02 8 0 0 0 0 0 0 0 0 0 0 0 21 26 9 18 20 18
 1.245000E+02 13 0 0 0 0 0 0 0 0 0 0 0 14 21 16 17 22 22
 1.250000E+02 6 0 0 0 0 0 0 0 0 0 0 0 12 18 18 24 20 19
 1.255000E+02 8 0 0 0 0 0 0 0 0 0 0 0 12 17 23 23 21 13
 1.260000E+02 8 0 0 0 0 0 0 0 0 0 0 0 9 18 16 14 23 16
 1.265000E+02 12 0 0 0 0 0 0 0 0 0 0 0 13 21 19 13 29 14
 1.270000E+02 13 0 0 0 0 0 0 0 0 0 0 0 12 13 23 14 22 18
 1.275000E+02 14 0 0 0 0 0 0 0 0 0 0 0 27 12 16 15 14 20
 1.280000E+02 8 0 0 0 0 0 0 0 0 0 0 0 23 16 24 12 21 16
 1.285000E+02 9 0 0 0 0 0 0 0 0 0 0 0 18 14 21 14 18 17
 1.290000E+02 15 0 0 0 0 0 0 0 0 0 0 0 22 16 26 17 17 15
 1.295000E+02 5 0 0 0 0 0 0 0 0 0 0 0 21 11 20 13 18 17
 1.300000E+02 7 0 0 0 0 0 0 0 0 0 0 0 25 15 14 10 24 20
 1.305000E+02 5 0 0 0 0 0 0 0 0 0 0 0 23 15 16 14 21 17
 1.310000E+02 10 0 0 0 0 0 0 0 0 0 0 0 24 14 19 8 13 23
 1.315000E+02 8 0 0 0 0 0 0 0 0 0 0 0 23 16 20 15 21 21
 1.320000E+02 16 0 0 0 0 0 0 0 0 0 0 0 19 18 23 18 13 18
 1.325000E+02 6 0 0 0 0 0 0 0 0 0 0 0 30 17 12 18 16 18
 1.330000E+02 10 0 0 0 0 0 0 0 0 0 0 0 18 19 15 15 23 15
 1.335000E+02 7 0 0 0 0 0 0 0 0 0 0 0 14 15 20 25 19 14
 1.340000E+02 12 0 0 0 0 0 0 0 0 0 0 0 18 10 20 25 15 20
 1.345000E+02 9 0 0 0 0 0 0 0 0 0 0 0 9 16 15 27 19 18
 1.350000E+02 6 0 0 0 0 1 0 0 0 0 0 0 8 28 21 15 20 14
 1.355000E+02 15 0 0 0 0 0 0 1 0 0 0 0 15 23 18 14 20 17
 1.360000E+02 9 0 0 0 0 0 0 0 0 1 0 0 14 19 21 12 17 22
 1.365000E+02 11 0 0 0 0 0 0 0 0 1 0 0 13 20 19 12 15 17
 1.370000E+02 8 0 0 0 0 0 0 0 0 1 0 0 15 19 16 19 21 19
 1.375000E+02 9 0 0 0 0 0 0 0 0 0 0 0 21 16 24 14 25 14
 1.380000E+02 5 0 0 0 0 0 0 0 0 0 0 0 20 17 16 20 17 15
 1.385000E+02 7 0 0 0 0 0 0 0 0 0 0 0 16 20 18 9 12 26
 1.390000E+02 6 0 0 0 0 0 0 0 0 1 0 0 14 18 20 13 18 17
 1.395000E+02 3 0 0 0 0 0 0 1 0 0 0 0 17 23 11 11 16 21
 1.400000E+02 12 0 0 0 0 0 0 0 0 0 0 0 14 18 20 15 15 24
 1.405000E+02 12 0 0 0 0 0 0 0 0 0 0 0 15 18 24 13 20 20
 1.410000E+02 8 0 0 0 0 0 0 0 0 0 0 0 16 18 14 21 19 21
 1.415000E+02 5 0 0 0 0 0 0 1 0 0 0 0 18 19 15 19 14 16
 1.420000E+02 9 0 0 0 0 0 0 0 0 1 0 0 17 24 19 21 13 15
 1.425000E+02 9 0 0 0 0 0 0 0 0 0 0 0 18 16 19 22 16 18
 1.430000E+02 6 0 0 0 0 0 0 0 0 0 0 0 17 16 20 16 13 18
 1.435000E+02 8 0 0 0 0 0 0 0 0 0 0 0 14 21 15 23 17 16
 1.440000E+02 8 0 0 0 0 0 0 0 0 0 0 0 17 19 13 18 19 16
 1.445000E+02 10 0 0 0 0 0 0 0 0 0 0 0 18 20 21 15 20 17
 1.450000E+02 9 0 0 0 0 1 0 0 0 0 0 0 21 14 16 16 21 12
 1.455000E+02 7 0 0 0 0 0 0 0 0 1 0 0 23 20 21 19 21 15
 1.460000E+02 4 0 0 0 0 0 0 1 0 0 0 0 14 20 17 17 21 20
 1.465000E+02 6 0 0 0 0 0 0 0 0 1 0 0 14 20 14 20 20 21
 1.470000E+02 7 0 0 0 0 0 0 0 0 1 0 0 18 23 16 18 17 22
 1.475000E+02 8 0 0 0 0 0 0 0 0 0 0 0 21 22 16 19 19 11
 1.480000E+02 9 0 0 0 0 0 0 0 0 0 0 0 16 17 20 17 20 13
 1.485000E+02 9 0 0 0 0 0 0 0 0 1 0 0 12 13 21 17 30 12
 1.490000E+02 7 0 0 0 0 0 0 1 0 0 0 0 13 16 15 25 23 19
 1.495000E+02 14 0 0 0 0 0 0 0 0 1 0 0 19 20 11 23 20 19
 1.500000E+02 10 0 0 0 0 0 0 0 0 0 0 0 15 22 17 19 19 24
 1.505000E+02 7 0 0 0 0 0 0 0 0 0 0 0 14 25 24 14 12 23
 1.510000E+02 11 0 0 0 0 0 0 0 0 0 0 0 20 20 23 13 14 18
 1.515000E+02 9 0 0 0 0 0 0 0 0 0 0 0 15 22 23 21 21 20
 1.520000E+02 7 0 0 0 0 0 0 0 0 0 0 0 14 24 18 18 13 25
 1.525000E+02 12 0 0 0 0 0 0 0 0 1 0 0 17 13 19 21 12 27
 1.530000E+02 11 0 0 0 0 0 0 0 0 0 0 0 19 11 18 21 18 29
 1.535000E+02 6 0 0 0 0 0 0 0 0 0 0 0 17 17 16 14 15 25
 1.540000E+02 8 0 0 0 0 0 0 0 0 0 0 0 10 21 20 16 14 26
 1.545000E+02 13 0 0 0 0 0 0 0 0 0 0 0 19 20 19 15 14 20
 1.550000E+02 11 0 0 0 0 0 0 0 0 0 0 0 21 24 19 18 12 19
 1.555000E+02 9 0 0 0 0 0 0 0 0 0 0 0 17 18 24 19 12 18
 1.560000E+02 5 0 0 0 0 0 0 0 0 0 0 0 20 22 21 22 10 12
 1.565000E+02 10 0 0 0 0 0 0 0 0 1 0 0 24 23 16 20 17 11
 1.570000E+02 13 0 0 0 0 0 0 0 0 1 0 0 10 17 19 21 7 19
 1.575000E+02 6 0 0 0 0 0 0 1 0 0 0 0 16 16 19 25 19 21
 1.580000E+02 10 0 0 0 0 0 0 1 0 0 0 0 13 19 18 24 19 17
 1.585000E+02 8 0 0 0 0 0 0 0 0 1 0 0 17 18 22 20 17 20
 1.590000E+02 6 0 0 0 0 0 0 0 0 1 0 0 12 22 16 14 12 25
 1.595000E+02 4 0 0 0 0 0 0 0 0 0 0 0 13 22 27 13 19 16
 1.600000E+02 11 0 0 0 0 0 0 0 0 0 0 0 15 22 25 8 25 17
 1.605000E+02 10 0 0 0 0 0 0 0 0 0 0 0 15 17 22 21 21 16
 1.610000E+02 7 0 0 0 0 0 0 0 0 0 0 0 20 13 17 23 22 16
 1.615000E+02 8 0 0 0 0 0 0 0 0 0 0 0 18 20 17 18 23 22
 1.620000E+02 6 0 0 0 0 0 0 0 0 0 0 0 10 19 22 13 23 23
 1.625000E+02 4 0 0 0 0 0 0 0 0 0 0 0 18 18 16 16 26 14
 1.630000E+02 8 0 0 0 0 0 0 0 0 0 0 0 20 24 15 13 21 16
 1.635000E+02 9 0 0 0 0 0 0 1 0 0 0 0 22 15 12 17 22 18
 1.640000E+02 9 0 0 0 0 0 0 0 0 1 0 0 18 15 17 24 22 15
 1.645000E+02 5 0 0 0 0 0 0 0 0 0 0 0 15 15 18 17 24 18
 1.650000E+02 15 0 0 0 0 0 0 0 0 0 0 0 21 16 11 14 23 17
 1.655000E+02 10 0 0 0 0 0 0 0 0 0 0 0 22 17 13 14 25 19
 1.660000E+02 4 0 0 0 0 0 0 0 0 0 0 0 23 13 18 16 19 16
 1.665000E+02 6 0 0 0 0 0 0 0 0 0 0 0 22 18 17 14 19 19
 1.670000E+02 11 0 0 0 0 0 0 0 0 0 0 0 18 25 17 23 16 14
 1.675000E+02 3 0 0 0 0 0 0 0 0 0 0 0 21 17 18 20 20 17
 1.680000E+02 10 0 0 0 0 0 0 0 0 0 0 0 17 15 27 18 20 13
 1.685000E+02 10 0 0 0 0 0 0 0 0 0 0 0 15 16 17 22 20 23
 1.690000E+02 13 0 0 0 0 0 0 0 0 0 0 0 20 11 19 28 11 22
 1.695000E+02 4 0 0 0 0 0 0 0 0 0 0 0 15 20 19 26 14 16
 1.700000E+02 8 0 0 0 0 0 0 0 0 0 0 0 18 17 17 28 14 17
 1.705000E+02 6 0 0 0 0 0 0 0 0 0 0 0 17 26 12 19 11 20
 1.710000E+02 8 0 0 0 0 0 0 0 0 0 0 0 16 19 17 16 21 17
 1.715000E+02 11 0 0 0 0 0 0 0 0 1 0 0 20 15 22 17 26 10
 1.720000E+02 3 0 0 0 0 0 0 0 0 0 0 0 25 19 20 15 22 12
 1.725000E+02 10 0 0 0 0 0 0 0 0 0 0 0 22 13 19 17 27 21
 1.730000E+02 14 0 0 0 0 0 0 0 0 1 0 0 26 13 22 12 20 14
 1.735000E+02 4 0 0 0 0 0 0 0 0 0 0 0 18 16 25 17 22 21
 1.740000E+02 7 0 0 0 0 0 0 0 0 0 0 0 22 18 25 16 17 20
 1.745000E+02 8 0 0 0 0 0 0 0 0 0 0 0 21 19 18 12 23 21
 1.750000E+02 13 0 0 0 0 0 0 0 0 0 0 0 10 26 18 15 15 23
 1.755000E+02 5 0 0 0 0 0 0 0 0 0 0 0 22 21 17 14 16 26
 1.760000E+02 10 0 0 0 0 0 0 0 0 0 0 0 19 14 23 17 14 25
 1.765000E+02 10 0 0 0 0 0 0 0 0 0 0 0 13 23 29 16 13 22
 1.770000E+02 12 0 0 0 0 0 0 0 0 0 0 0 14 21 23 12 15 26
 1.775000E+02 10 0 0 0 0 0 0 0 0 0 0 0 20 14 24 13 17 20
 1.780000E+02 5 0 0 0 0 0 0 0 0 0 0 0 20 19 16 16 16 25
 1.785000E+02 9 0 0 0 0 0 0 0 0 0 0 0 20 17 17 13 12 21
 1.790000E+02 10 0 0 0 0 0 0 0 0 0 0 0 19 21 22 13 11 18
 1.795000E+02 8 0 0 0 0 0 0 0 0 1 0 0 21 21 24 11 15 23
 1.800000E+02 14 0 0 0 0 0 0 0 0 1 0 0 21 19 21 19 13 16
 1.805000E+02 10 0 0 0 0 0 0 0 0 2 0 0 21 19 19 17 10 19
 1.810000E+02 9 0 0 0 0 0 0 2 0 0 0 0 24 20 20 13 16 15
 1.815000E+02 8 0 0 0 0 0 0 0 0 1 0 0 18 17 21 18 16 14
 1.820000E+02 13 0 0 0 0 0 0 0 0 0 0 0 20 19 18 19 12 17
 1.825000E+02 8 0 0 0 0 0 0 0 0 0 0 0 20 23 19 21 15 8
 1.830000E+02 9 0 0 0 0 0 0 0 0 0 0 0 21 24 16 20 19 11
 1.835000E+02 13 0 0 0 0 0 0 0 0 0 0 0 23 24 12 19 17 12
 1.840000E+02 14 0 0 0 0 0 0 0 0 0 0 0 22 20 15 24 15 15
 1.845000E+02 6 0 0 0 0 0 0 0 0 0 0 0 17 16 14 26 18 15
 1.850000E+02 13 0 0 0 0 0 0 0 0 0 0 0 15 8 14 34 14 15
 1.855000E+02 9 0 0 0 0 0 0 0 0 0 0 0 11 14 13 28 22 15
 1.860000E+02 8 0 0 0 0 0 0 0 0 0 0 0 14 16 16 28 20 14
 1.865000E+02 9 0 0 0 0 0 0 0 0 0 0 0 17 16 12 29 23 16
 1.870000E+02 13 0 0 0 0 0 0 0 0 0 0 0 12 16 10 22 25 19
 1.875000E+02 18 0 0 0 0 0 0 0 0 0 0 0 12 23 14 19 18 11
 1.880000E+02 8 0 0 0 0 0 0 0 0 0 0 0 12 24 14 19 18 22
 1.885000E+02 10 0 0 0 0 0 0 0 0 0 0 0 8 20 16 22 19 24
 1.890000E+02 3 0 0 0 0 0 0 0 0 1 0 0 11 15 17 18 21 16
 1.895000E+02 12 0 0 0 0 0 0 0 0 1 0 0 13 28 11 14 14 17
 1.900000E+02 8 0 0 0 0 0 0 0 0 0 0 0 17 26 11 15 17 24
 1.905000E+02 7 0 0 0 0 0 0 0 0 0 0 0 18 20 14 18 17 19
 1.910000E+02 8 0 0 0 0 0 0 0 0 0 0 0 13 20 13 21 15 16
 1.915000E+02 9 0 0 0 0 0 0 0 0 0 0 0 11 17 12 21 22 20
 1.920000E+02 8 0 0 0 0 1 0 0 0 0 0 0 14 19 11 16 24 18
 1.925000E+02 5 0 0 0 0 0 0 2 0 0 0 0 11 13 14 13 28 16
 1.930000E+02 10 0 0 0 0 0 0 1 0 0 0 0 12 20 15 24 27 9
 1.935000E+02 14 0 0 0 0 0 0 1 0 2 0 0 13 11 25 20 20 13
 1.940000E+02 7 0 0 0 0 0 0 0 0 1 0 0 17 17 18 17 15 16
 1.945000E+02 8 0 0 0 0 0 0 1 0 0 0 0 19 14 17 18 16 24
 1.950000E+02 10 0 0 0 0 0 0 0 0 1 0 0 18 10 12 18 15 22
 1.955000E+02 4 0 0 0 0 0 0 0 0 0 0 0 16 16 16 17 12 25
 1.960000E+02 9 0 0 0 0 0 0 0 0 0 0 0 12 24 15 16 12 20
 1.965000E+02 9 0 0 0 0 0 0 0 0 0 0 0 22 19 11 12 9 15
 1.970000E+02 11 0 0 0 0 0 0 0 0 0 0 0 16 23 11 17 15 17
 1.975000E+02 6 0 0 0 0 0 0 0 0 0 0 0 23 19 14 17 14 12
 1.980000E+02 13 0 0 0 0 0 0 0 0 0 0 0 16 13 19 18 19 15
 1.985000E+02 8 0 0 0 0 0 0 0 0 1 0 0 16 16 13 21 19 13
 1.990000E+02 14 0 0 0 0 0 0 0 0 1 0 0 19 18 18 19 17 21
 1.995000E+02 8 0 0 0 0 0 0 0 0 0 0 0 22 15 16 19 11 22
 2.000000E+02 7 0 0 0 0 0 0 0 0 0 0 0 16 15 17 20 16 21
 2.005000E+02 18 0 0 0 0 0 0 0 0 0 0 0 15 19 12 19 15 19
 2.010000E+02 5 0 0 0 0 0 0 0 0 0 1 0 17 13 10 11 20 15
 2.015000E+02 14 0 0 0 0 0 0 0 0 0 0 1 22 16 15 15 24 16
 2.020000E+02 11 0 0 0 0 0 0 1 0 0 0 0 10 15 15 19 17 14
 2.025000E+02 10 0 0 0 0 0 0 0 0 1 0 0 10 15 24 16 16 16
 2.030000E+02 7 0 0 0 0 0 0 0 0 1 1 0 13 10 20 17 11 24
 2.035000E+02 9 0 0 0 0 0 0 0 0 1 0 1 15 15 28 13 15 24
 2.040000E+02 11 0 0 0 0 0 0 0 0 1 0 1 18 14 23 16 14 23
 2.045000E+02 6 0 0 0 0 0 0 0 0 0 0 0 15 17 13 10 14 29
 2.050000E+02 10 0 0 0 0 0 0 0 0 0 0 0 11 15 12 10 13 32
 2.055000E+02 12 0 0 0 0 0 0 0 0 0 0 0 13 13 19 8 15 24
 2.060000E+02 8 0 0 0 0 0 0 0 0 0 0 0 15 22 15 8 13 17
 2.065000E+02 11 0 0 0 0 0 0 0 0 0 0 0 13 15 21 9 17 14
 2.070000E+02 10 0 0 0 0 0 0 0 0 0 0 0 15 18 16 9 18 18
 2.075000E+02 9 0 0 0 0 0 0 0 0 1 0 0 22 19 15 11 17 14
 2.080000E+02 10 0 0 0 0 0 0 0 0 0 1 0 15 16 9 14 13 19
 2.085000E+02 7 0 0 0 0 0 0 0 0 1 0 0 16 13 15 22 16 18
 2.090000E+02 13 0 0 0 0 0 0 0 0 0 0 0 15 16 15 17 18 10
 2.095000E+02 11 0 0 0 0 0 0 0 0 0 0 0 9 15 14 23 17 21
 2.100000E+02 10 0 0 0 0 0 0 0 0 0 0 0 12 13 16 17 22 20
 2.105000E+02 2 0 0 0 0 0 0 0 0 0 0 0 14 13 12 14 21 16
 2.110000E+02 9 0 0 0 0 0 0 0 0 0 0 0 13 14 20 17 18 20
 2.115000E+02 8 0 0 0 0 0 0 0 0 0 0 0 16 15 17 12 15 19
 2.120000E+02 13 0 0 0 0 0 0 0 0 0 0 0 15 17 17 12 15 18
 2.125000E+02 11 0 0 0 0 0 0 0 0 0 0 0 18 18 19 13 8 16
 2.130000E+02 14 0 0 0 0 0 0 0 0 0 0 0 21 18 20 14 9 15
 2.135000E+02 11 0 0 0 0 0 0 0 0 0 0 0 12 15 23 13 17 18
 2.140000E+02 11 0 0 0 0 0 0 0 0 0 0 0 18 16 13 14 18 14
 2.145000E+02 7 0 0 0 0 0 0 0 0 0 0 0 18 15 17 14 12 19
 2.150000E+02 9 0 0 0 0 0 0 0 0 0 0 0 15 12 18 14 9 17
 2.155000E+02 7 0 0 0 0 0 0 0 0 0 0 0 23 15 18 14 4 13
 2.160000E+02 7 0 0 0 0 0 0 0 0 0 0 0 22 18 23 8 13 18
 2.165000E+02 9 0 0 0 0 0 0 0 0 0 0 0 19 20 20 19 15 17
 2.170000E+02 10 0 0 0 0 0 0 0 0 0 0 0 17 19 17 15 17 18
 2.175000E+02 12 0 0 1 0 0 0 0 0 0 0 0 17 12 15 13 22 27
 2.180000E+02 12 0 0 0 0 0 0 0 0 0 0 0 10 10 15 13 20 22
 2.185000E+02 10 0 0 0 0 0 0 0 0 0 0 0 8 13 15 22 16 16
 2.190000E+02 8 0 0 0 0 0 0 0 0 0 0 0 13 8 16 21 17 15
 2.195000E+02 18 0 0 0 0 0 0 0 0 0 0 0 17 13 17 21 18 20
 2.200000E+02 11 0 0 0 0 0 0 0 0 1 0 0 9 15 17 24 13 22
 2.205000E+02 11 0 0 0 0 0 0 0 0 0 0 0 12 17 16 17 16 16
 2.210000E+02 10 0 0 0 0 0 0 0 0 0 0 0 18 15 17 14 16 16
 2.215000E+02 8 0 0 0 0 0 0 0 0 0 0 0 24 20 18 10 14 13
 2.220000E+02 4 0 0 0 0 0 0 0 0 0 0 0 18 19 18 11 12 11
 2.225000E+02 6 0 0 0 0 0 0 0 0 0 0 0 9 16 16 13 10 16
 2.230000E+02 8 0 0 0 0 0 0 0 0 0 0 0 11 18 15 12 9 17
 2.235000E+02 9 0 0 0 0 0 0 0 0 0 0 0 15 19 13 15 12 19
 2.240000E+02 15 0 0 0 0 0 0 0 0 0 0 0 14 15 23 13 18 19
 2.245000E+02 3 0 0 0 0 0 0 0 0 0 0 0 14 17 17 13 18 15
 2.250000E+02 16 0 0 0 0 0 0 0 0 0 0 0 13 16 15 9 18 16
 2.255000E+02 9 0 0 0 0 0 0 0 0 0 0 0 19 16 13 15 12 17
 2.260000E+02 7 0 0 0 0 0 0 0 0 0 0 0 13 16 20 16 11 18
 2.265000E+02 9 0 0 0 0 0 0 0 0 0 0 0 21 18 13 15 7 15
 2.270000E+02 6 0 0 0 0 0 0 0 0 0 0 0 17 23 11 19 6 19
 2.275000E+02 7 0 0 0 0 0 0 0 0 0 0 0 20 17 14 15 13 17
 2.280000E+02 6 0 0 0 0 0 0 0 0 0 0 0 23 19 20 11 12 15
 2.285000E+02 8 0 0 0 0 0 0 0 0 0 0 0 22 23 15 10 13 11
 2.290000E+02 11 0 0 0 0 0 0 0 0 0 0 0 21 17 18 12 8 14
 2.295000E+02 9 0 0 0 0 0 0 0 0 0 0 0 20 13 12 12 16 11
 2.300000E+02 9 0 0 0 1 0 0 0 0 0 0 0 9 21 12 14 13 22
 2.305000E+02 10 0 0 1 0 0 0 0 0 0 0 0 13 16 13 22 15 17
 2.310000E+02 6 0 0 0 0 0 0 0 0 0 0 0 11 16 12 11 13 17
 2.315000E+02 7 0 0 0 0 0 0 0 0 0 0 0 12 13 15 18 20 16
 2.320000E+02 8 0 0 0 0 0 0 0 0 0 0 0 11 10 15 9 21 15
 2.325000E+02 7 0 0 0 0 0 0 0 0 0 0 0 12 12 19 17 19 17
 2.330000E+02 10 0 0 0 0 0 0 0 0 0 0 0 22 9 14 17 19 16
 2.335000E+02 13 0 0 0 0 0 0 0 0 0 0 0 19 11 10 22 21 13
 2.340000E+02 7 0 0 0 0 0 0 0 0 0 0 0 17 12 13 14 22 8
 2.345000E+02 11 0 0 0 0 0 0 0 0 0 0 0 16 15 13 12 19 15
 2.350000E+02 6 0 0 0 0 0 0 0 0 0 0 0 16 17 15 15 18 13
 2.355000E+02 8 0 0 0 0 0 0 0 0 0 0 0 15 18 19 18 14 9
 2.360000E+02 6 0 0 0 0 0 0 0 0 0 0 0 12 18 9 22 14 18
 2.365000E+02 9 0 0 0 0 0 0 0 0 0 0 0 12 12 12 18 16 20
 2.370000E+02 5 0 0 0 0 0 0 0 0 1 0 0 19 12 14 17 18 14
 2.375000E+02 7 0 0 0 0 0 0 0 0 1 0 0 15 13 15 14 14 15
 2.380000E+02 7 0 0 0 0 0 0 0 0 1 0 0 21 14 15 15 17 14
 2.385000E+02 4 0 0 1 0 0 0 0 0 0 0 0 17 12 11 23 10 17
 2.390000E+02 9 0 0 0 0 0 0 0 0 0 0 0 19 14 13 16 17 16
 2.395000E+02 6 0 0 0 0 0 0 0 0 0 0 0 22 14 20 14 19 15
 2.400000E+02 9 0 0 0 0 0 0 0 0 0 0 0 18 11 15 13 15 16
 2.405000E+02 6 0 0 0 0 0 0 0 0 0 0 0 9 10 19 18 15 14
 2.410000E+02 13 0 0 0 0 0 0 0 0 1 0 0 14 16 20 19 17 18
 2.415000E+02 10 0 0 0 0 0 0 0 0 0 0 0 16 17 18 19 11 15
 2.420000E+02 7 0 0 0 0 0 0 0 0 0 0 0 17 19 14 22 8 20
 2.425000E+02 15 0 0 0 0 0 0 0 0 2 0 0 11 22 12 24 10 21
 2.430000E+02 5 0 0 0 0 0 0 0 0 1 0 0 12 19 13 24 7 21
 2.435000E+02 11 0 0 0 0 0 0 0 0 1 0 0 10 11 21 18 10 19
 2.440000E+02 9 0 0 0 0 0 0 1 0 0 0 0 13 20 11 19 15 18
 2.445000E+02 10 0 0 0 0 0 0 0 0 0 1 0 18 19 13 18 13 16
 2.450000E+02 7 0 0 1 0 0 0 0 0 0 0 0 14 17 15 18 15 15
 2.455000E+02 12 0 0 0 0 0 0 0 0 0 0 0 14 23 19 10 15 12
 2.460000E+02 8 0 0 0 0 0 0 0 0 1 0 0 14 19 17 22 13 11
 2.465000E+02 8 0 0 0 0 0 0 0 0 0 0 0 19 15 17 17 13 13
 2.470000E+02 9 0 0 0 0 0 0 0 0 0 0 0 15 17 17 15 8 11
 2.475000E+02 12 0 0 0 0 0 0 0 0 0 0 0 19 23 19 11 12 19
 2.480000E+02 12 0 0 1 0 0 0 0 0 0 0 0 22 18 22 18 8 14
 2.485000E+02 8 0 0 0 0 0 0 0 0 1 0 0 23 10 18 11 12 15
 2.490000E+02 8 0 0 0 0 0 0 0 0 1 0 0 22 13 17 13 15 11
 2.495000E+02 8 0 0 1 0 0 0 0 0 0 0 0 17 15 19 15 13 11
 2.500000E+02 8 0 0 0 0 0 0 0 0 0 0 0 24 14 13 20 17 9
 2.505000E+02 1103 0 0 3 0 0 0 0 0 6 0 0 0 0 0 0 0 0
 2.510000E+02 1798 1 0 3 0 0 0 2 0 19 1 1 0 0 0 0 0 0
 2.515000E+02 2096 0 0 7 0 0 0 1 0 25 2 0 0 0 0 0 0 0
 2.520000E+02 2201 1 0 7 0 0 0 1 0 32 1 0 0 0 0 0 0 1
 2.525000E+02 948 1 0 8 1 0 0 0 0 29 0 0 0 0 0 0 0 0
 2.530000E+02 414 2 0 2 0 0 0 3 0 16 1 0 0 0 0 0 0 0
 2.535000E+02 195 0 0 2 0 0 0 0 0 10 0 0 1 0 0 0 0 0
 2.540000E+02 88 1 0 0 0 0 0 1 0 10 0 0 2 2 0 0 2 1
 2.545000E+02 1385 1 0 3 0 0 0 1 0 13 0 0 0 0 0 0 0 0
 2.550000E+02 1916 0 0 9 0 1 0 2 0 23 0 0 0 0 0 0 0 0
 2.555000E+02 2119 2 0 1 0 1 0 2 0 42 1 1 0 0 0 0 0 0
 2.560000E+02 2210 0 0 8 0 0 0 8 0 36 1 1 0 0 0 0 0 0
 2.565000E+02 976 2 0 4 1 1 0 0 0 33 1 0 0 0 0 0 0 1
 2.570000E+02 417 0 0 4 0 0 0 4 0 23 0 0 0 0 0 0 0 0
 2.575000E+02 196 0 0 0 0 0 0 2 0 11 1 0 1 1 1 0 0 1
 2.580000E+02 106 0 0 2 0 0 0 3 0 6 0 0 4 4 2 2 1 1
 2.585000E+02 1391 0 0 0 0 0 0 4 0 10 0 0 0 0 0 0 0 0
 2.590000E+02 1914 0 0 1 0 2 0 5 0 18 0 1 0 0 0 0 0 0
 2.595000E+02 2112 1 0 1 0 1 0 7 0 24 2 0 0 0 0 0 0 0
 2.600000E+02 2250 0 0 1 0 2 0 3 0 29 0 1 0 0 0 0 0 0
 2.605000E+02 1000 1 0 5 0 1 0 4 0 32 0 1 0 0 0 0 0 0
 2.610000E+02 465 0 1 0 0 1 1 0 0 25 1 0 0 0 0 0 0 0
 2.615000E+02 212 1 0 2 0 0 1 3 0 14 0 0 0 0 1 0 0 3
 2.620000E+02 96 0 0 1 0 2 0 4 0 7 0 0 0 0 0 0 2 1
 2.625000E+02 1339 0 0 1 0 1 1 5 0 12 0 0 0 0 0 0 0 0
 2.630000E+02 1900 0 0 1 0 3 0 5 1 30 0 0 0 0 0 0 0 0
 2.635000E+02 2136 0 0 0 0 2 0 6 0 40 0 0 0 0 0 0 0 0
 2.640000E+02 2227 1 0 3 0 2 0 10 1 35 0 1 0 0 0 0 0 0
 2.645000E+02 968 4 0 1 1 5 0 4 0 34 0 0 0 0 0 0 0 0
 2.650000E+02 435 1 0 2 0 4 0 5 0 21 0 1 0 0 0 0 0 0
 2.655000E+02 210 1 0 1 0 1 0 2 0 13 1 0 0 1 0 1 0 0
 2.660000E+02 103 2 0 0 0 0 0 3 0 8 1 1 1 0 2 1 2 1
 2.665000E+02 1323 0 0 0 0 0 0 1 0 10 0 0 0 0 0 0 0 0
 2.670000E+02 1912 1 0 1 0 0 0 7 0 23 0 1 0 0 0 0 0 0
 2.675000E+02 2149 1 0 1 0 2 0 6 1 30 0 0 0 0 0 0 0 0
 2.680000E+02 2234 1 0 2 0 1 0 6 0 39 0 1 0 0 0 0 0 0
 2.685000E+02 966 1 0 0 0 3 0 2 0 38 0 0 0 0 0 0 0 0
 2.690000E+02 436 0 0 1 0 1 0 5 0 26 0 1 1 0 0 0 0 0
 2.695000E+02 197 0 0 0 0 1 0 3 0 16 0 0 1 1 0 0 2 2
 2.700000E+02 97 0 0 0 0 1 0 0 0 10 0 0 0 0 3 3 2 1
 2.705000E+02 1315 0 0 0 0 1 0 6 0 11 1 0 0 0 0 0 0 0
 2.710000E+02 1929 0 0 2 0 1 0 6 0 29 0 1 0 0 0 0 0 0
 2.715000E+02 2163 2 0 1 0 3 0 5 2 28 0 2 0 0 0 0 0 0
 2.720000E+02 2311 1 0 2 0 1 2 7 0 27 1 1 0 0 0 0 0 0
 2.725000E+02 1024 2 0 1 0 1 0 7 1 27 0 4 1 0 0 0 0 0
 2.730000E+02 463 1 0 0 0 4 0 4 0 26 0 0 0 0 0 0 0 0
 2.735000E+02 205 0 0 1 0 1 0 4 0 19 0 0 0 1 0 0 1 0
 2.740000E+02 115 0 0 1 0 0 0 2 0 15 0 1 1 0 2 1 1 1
 2.745000E+02 1321 1 0 0 0 1 0 3 1 21 0 1 0 0 0 0 0 0
 2.750000E+02 1910 1 1 2 0 2 0 5 0 18 0 0 0 0 0 0 0 0
 2.755000E+02 2175 0 0 0 0 0 0 8 0 33 0 1 0 1 0 0 0 0
 2.760000E+02 2226 1 0 1 0 1 0 5 1 32 1 0 0 0 0 0 0 0
 2.765000E+02 976 1 0 1 0 4 0 3 0 20 1 0 0 0 0 0 0 0
 2.770000E+02 442 0 0 1 0 1 0 3 0 24 1 0 0 0 0 0 0 0
 2.775000E+02 216 0 0 0 0 1 0 1 0 11 0 0 1 0 0 0 0 0
 2.780000E+02 112 1 0 0 0 1 0 3 0 10 0 0 1 0 3 1 4 2
 2.785000E+02 1372 0 0 0 0 0 0 3 0 16 0 0 0 0 0 0 0 0
 2.790000E+02 1912 1 0 3 0 2 0 1 0 26 1 1 0 0 0 0 0 0
 2.795000E+02 2104 1 2 1 0 0 0 4 0 32 0 1 0 0 0 0 0 0
 2.800000E+02 2215 0 0 0 0 1 0 5 0 30 1 0 0 0 0 0 0 0
 2.805000E+02 925 2 0 1 0 0 0 7 0 35 1 1 0 0 0 0 0 0
 2.810000E+02 420 0 0 1 0 2 0 4 0 28 2 1 0 0 0 0 0 0
 2.815000E+02 197 2 0 1 0 2 0 3 0 16 1 0 2 0 0 0 0 0
 2.820000E+02 99 0 0 1 0 0 0 2 0 13 0 0 0 4 1 3 2 1
 2.825000E+02 1402 0 0 2 0 3 0 2 0 13 1 0 0 0 0 0 0 0
 2.830000E+02 1935 0 0 1 0 1 0 2 0 23 1 2 0 0 0 0 0 0
 2.835000E+02 2067 0 0 0 0 4 0 3 0 27 1 0 0 0 0 0 0 0
 2.840000E+02 2182 1 0 0 0 3 0 9 1 33 0 0 0 0 0 0 0 0
 2.845000E+02 961 0 0 0 0 1 0 1 0 39 0 1 0 0 0 0 0 0
 2.850000E+02 417 0 0 1 0 2 0 5 1 25 0 2 0 0 0 0 0 0
 2.855000E+02 183 0 0 1 0 2 0 2 0 17 1 1 0 0 0 1 0 1
 2.860000E+02 96 1 0 0 0 1 0 2 0 12 0 1 2 0 0 0 2 1
 2.865000E+02 1422 0 0 1 0 1 0 1 0 17 0 0 0 0 1 0 0 0
 2.870000E+02 1963 0 0 0 0 0 0 5 0 22 0 0 0 0 0 0 0 0
 2.875000E+02 2074 2 0 0 0 1 0 2 0 36 1 0 0 0 0 0 0 0
 2.880000E+02 2273 4 0 1 0 2 0 2 0 35 1 1 0 0 0 0 0 0
 2.885000E+02 989 1 0 2 0 3 0 7 1 33 0 0 1 0 0 0 0 0
 2.890000E+02 440 2 0 0 0 2 0 2 0 25 0 0 0 0 0 0 0 0
 2.895000E+02 205 0 0 1 0 2 0 1 0 17 1 0 0 1 0 0 2 0
 2.900000E+02 103 0 0 2 0 2 0 4 0 9 0 0 1 1 2 0 3 2
 2.905000E+02 80 1 0 0 0 0 0 0 0 12 0 0 4 6 4 4 7 2
 2.910000E+02 53 0 0 0 0 0 0 2 0 4 0 0 6 7 2 5 3 4
 2.915000E+02 53 0 0 0 0 0 0 1 0 4 0 0 12 9 11 5 11 4
 2.920000E+02 36 0 0 0 0 0 0 1 0 4 0 0 9 8 10 14 9 8
 2.925000E+02 38 0 0 0 0 1 0 2 0 3 0 0 5 6 4 13 13 10
 2.930000E+02 31 0 0 0 0 0 0 0 0 2 0 0 13 13 9 14 9 6
 2.935000E+02 29 0 0 0 0 1 0 1 0 1 0 0 5 17 9 13 7 12
 2.940000E+02 27 0 0 0 0 0 0 0 0 2 0 0 13 13 15 10 13 10
 2.945000E+02 21 0 0 0 0 2 0 0 0 0 0 0 15 11 10 10 13 18
 2.950000E+02 23 0 0 0 0 0 0 1 0 0 0 0 18 19 12 16 13 16
 2.955000E+02 31 0 0 0 0 0 0 0 0 0 0 0 14 16 12 14 17 15
 2.960000E+02 30 0 0 0 0 0 0 0 0 0 0 0 18 18 15 9 22 25
 2.965000E+02 17 0 0 0 0 0 0 0 0 0 0 0 18 15 18 23 12 18
 2.970000E+02 19 0 0 0 0 0 0 0 0 0 0 0 16 22 13 19 16 18
 2.975000E+02 16 0 0 0 0 0 0 2 0 0 0 0 18 25 15 14 11 25
 2.980000E+02 20 0 0 0 0 0 0 1 0 0 0 0 19 12 18 21 19 17
 2.985000E+02 16 0 0 0 0 0 0 0 0 0 0 0 18 20 15 15 20 19
 2.990000E+02 16 0 0 0 0 0 0 0 0 2 0 0 18 14 22 18 23 13
 2.995000E+02 18 0 0 0 0 0 0 0 0 2 0 0 17 19 15 23 15 21
 3.000000E+02 21 0 0 0 0 0 0 0 0 1 0 0 20 15 15 20 15 20
 3.005000E+02 14 0 0 0 0 0 0 0 0 1 0 0 18 16 25 15 18 24
 3.010000E+02 16 0 0 0 0 0 0 0 0 0 0 0 24 18 17 14 13 16
 3.015000E+02 18 0 0 0 0 0 0 0 0 0 0 0 22 20 15 23 30 14
 3.020000E+02 9 0 0 0 0 0 0 0 0 0 0 0 18 25 18 18 16 20
 3.025000E+02 13 0 0 0 0 0 0 0 0 0 0 0 23 22 21 11 20 22
 3.030000E+02 18 0 0 0 0 0 0 0 0 0 0 0 15 28 31 18 14 15
 3.035000E+02 12 0 0 0 0 0 0 0 0 0 0 0 14 20 23 20 15 15
 3.040000E+02 17 0 0 0 0 0 0 0 0 0 0 0 15 15 24 21 20 14
 3.045000E+02 19 0 0 0 0 0 0 0 0 0 0 0 18 25 19 29 23 12
 3.050000E+02 12 0 0 0 0 0 0 0 0 1 0 0 18 23 24 20 14 17
 3.055000E+02 14 0 0 0 0 0 0 0 0 1 0 0 23 26 20 21 23 15
 3.060000E+02 14 0 0 0 0 0 0 1 0 0 0 0 28 16 21 21 16 19
 3.065000E+02 13 0 0 0 0 0 0 0 0 2 0 0 18 21 17 22 17 28
 3.070000E+02 19 0 0 0 0 0 0 0 0 1 0 0 18 21 13 17 17 19
 3.075000E+02 15 0 0 0 0 0 0 0 0 1 0 0 17 18 18 22 17 15
 3.080000E+02 15 0 0 0 0 0 0 0 0 0 0 0 16 25 23 22 24 15
 3.085000E+02 10 0 0 0 0 0 0 0 0 1 0 0 18 15 18 26 26 18
 3.090000E+02 10 0 0 0 0 0 0 0 0 1 0 0 17 15 21 20 27 21
 3.095000E+02 11 0 0 0 0 0 0 0 0 0 0 0 14 21 16 25 19 15
 3.100000E+02 9 0 0 0 0 0 0 0 0 1 0 0 13 23 27 22 19 15
 3.105000E+02 11 0 0 0 0 0 0 0 0 1 0 0 11 26 22 23 23 13
 3.110000E+02 11 0 0 0 0 0 0 1 0 0 0 0 13 21 14 23 20 21
 3.115000E+02 9 0 0 0 0 0 0 0 0 0 0 1 23 17 16 25 19 21
 3.120000E+02 15 0 0 0 0 0 0 0 0 0 0 0 22 19 23 29 21 18
 3.125000E+02 10 0 0 0 0 0 0 0 0 0 0 0 18 17 14 22 19 18
 3.130000E+02 10 0 0 0 0 0 0 0 0 0 0 0 27 14 15 18 26 19
 3.135000E+02 14 0 0 0 0 0 0 0 0 0 0 0 23 13 19 20 19 22
 3.140000E+02 8 0 0 1 0 0 0 0 0 0 0 0 21 15 19 19 17 28
 3.145000E+02 14 0 0 0 0 0 0 0 0 1 0 0 20 11 24 23 24 20
 3.150000E+02 4 0 0 0 0 0 0 0 0 3 0 0 10 15 16 23 18 20
 3.155000E+02 11 0 0 0 0 0 0 0 0 2 0 0 18 20 20 21 20 19
 3.160000E+02 7 0 0 0 0 0 0 0 0 1 0 0 14 25 14 23 19 25
 3.165000E+02 12 0 0 0 0 0 0 0 0 0 0 0 16 25 17 13 15 27
 3.170000E+02 13 0 0 0 0 0 0 0 0 0 0 0 14 26 20 20 16 17
 3.175000E+02 7 0 0 0 0 0 0 0 0 0 0 0 16 18 13 15 24 20
 3.180000E+02 8 0 0 0 0 0 0 0 0 0 0 0 20 17 17 17 26 18
 3.185000E+02 10 0 0 0 0 0 0 0 0 0 0 0 18 20 16 18 27 14
 3.190000E+02 11 0 0 0 0 0 0 0 0 0 0 0 15 15 13 16 26 17
 3.195000E+02 10 0 0 0 0 0 0 0 0 0 0 0 14 16 18 23 18 23
 3.200000E+02 14 0 0 0 0 0 0 0 0 0 0 0 15 18 16 17 16 18
 3.205000E+02 17 0 0 0 0 0 0 0 0 0 0 0 19 21 13 14 19 21
 3.210000E+02 2 0 0 0 0 0 0 0 0 0 0 0 16 23 19 19 17 16
 3.215000E+02 9 0 0 0 0 0 0 0 0 0 0 0 17 21 19 19 13 20
 3.220000E+02 14 0 0 0 0 0 0 0 0 0 0 0 19 19 14 20 21 18
 3.225000E+02 13 0 0 0 0 0 0 0 0 0 0 0 14 26 18 18 19 15
 3.230000E+02 9 0 0 0 0 0 0 0 0 0 0 0 17 27 18 17 14 16
 3.235000E+02 10 0 0 0 0 0 0 0 0 0 0 0 19 19 24 18 21 21
 3.240000E+02 7 0 0 0 0 0 0 0 0 0 0 0 14 12 22 20 17 22
 3.245000E+02 13 0 0 0 0 0 0 0 0 0 0 0 18 16 20 21 19 23
 3.250000E+02 13 0 0 0 0 0 0 0 0 0 0 0 17 19 20 19 20 18
 3.255000E+02 6 0 0 0 0 0 0 0 0 0 0 0 24 15 20 13 14 21
 3.260000E+02 8 0 0 0 0 0 0 0 0 1 0 0 23 23 20 14 17 19
 3.265000E+02 13 0 0 0 0 0 0 0 0 0 0 0 12 16 24 21 15 17
 3.270000E+02 8 0 0 0 0 0 0 0 0 0 0 0 19 13 19 21 14 18
 3.275000E+02 11 0 0 0 0 0 0 0 0 0 0 0 18 17 20 20 16 22
 3.280000E+02 10 0 0 0 0 0 0 0 0 0 0 0 16 21 21 10 18 17
 3.285000E+02 13 0 0 0 0 0 0 0 0 0 0 0 19 14 23 16 19 14
 3.290000E+02 8 0 0 0 0 0 0 0 0 0 0 0 16 15 27 16 17 17
 3.295000E+02 10 0 0 0 0 0 0 0 0 0 0 0 16 10 19 16 18 12
 3.300000E+02 11 0 0 0 0 0 0 0 0 0 0 0 22 20 22 17 22 15
 3.305000E+02 8 0 0 0 0 0 0 0 0 0 0 0 15 20 16 18 17 12
 3.310000E+02 18 0 0 0 0 0 0 0 0 0 0 0 13 16 9 19 13 26
 3.315000E+02 15 0 0 0 0 0 0 0 0 0 0 0 15 16 17 16 16 20
 3.320000E+02 7 0 0 0 0 0 0 0 0 0 0 0 16 13 16 17 11 22
 3.325000E+02 8 0 0 0 0 0 0 0 0 0 0 0 24 14 15 18 13 25
 3.330000E+02 13 0 0 0 0 0 0 0 0 0 0 0 24 8 14 21 14 25
 3.335000E+02 11 0 0 0 0 0 0 0 0 0 0 0 17 17 12 21 10 29
 3.340000E+02 8 0 0 0 0 0 0 0 0 0 0 0 18 19 13 12 18 20
 3.345000E+02 12 0 0 0 0 0 0 0 0 0 0 0 23 18 21 16 16 18
 3.350000E+02 10 0 0 0 0 0 0 0 0 0 0 0 18 16 18 13 17 21
 3.355000E+02 8 0 0 0 0 0 0 0 0 0 0 0 19 20 23 17 15 18
 3.360000E+02 10 0 0 0 0 0 0 0 0 0 0 0 16 25 20 19 19 16
 3.365000E+02 9 0 0 0 0 0 0 0 0 0 0 0 13 24 24 21 16 20
 3.370000E+02 12 0 0 0 0 0 0 0 0 0 0 0 13 19 18 23 14 24
 3.375000E+02 10 0 0 0 0 0 0 0 0 0 0 0 20 19 19 20 12 18
 3.380000E+02 13 0 0 0 0 0 0 0 0 0 0 0 15 20 23 19 18 14
 3.385000E+02 13 0 0 0 0 0 0 0 0 2 0 0 21 18 25 14 22 17
 3.390000E+02 9 0 0 0 0 0 0 0 0 1 0 0 19 18 19 16 21 10
 3.395000E+02 11 0 0 0 0 0 0 0 0 0 0 0 16 17 14 18 21 16
 3.400000E+02 10 0 0 0 0 0 0 0 0 0 0 0 21 18 15 20 23 11
 3.405000E+02 11 0 0 1 0 0 0 0 0 0 0 0 18 12 17 15 23 15
 3.410000E+02 12 0 0 0 0 0 0 0 0 1 0 0 17 12 19 17 25 14
 3.415000E+02 10 0 0 0 0 0 0 0 0 1 0 0 16 14 12 15 16 17
 3.420000E+02 15 0 0 0 0 0 0 0 0 0 0 0 10 16 18 22 17 14
 3.425000E+02 3 0 0 0 0 0 0 0 0 0 0 0 13 23 14 21 17 17
 3.430000E+02 12 0 0 0 0 0 0 0 0 0 0 0 17 24 18 17 18 13
 3.435000E+02 11 0 0 0 0 0 0 0 0 0 0 0 18 25 22 12 16 11
 3.440000E+02 11 0 0 0 0 0 0 0 0 0 0 0 12 20 21 13 12 15
 3.445000E+02 11 0 0 0 0 0 0 0 0 0 0 0 18 20 19 19 16 15
 3.450000E+02 4 0 0 0 0 0 0 0 0 0 0 0 14 19 16 19 18 18
 3.455000E+02 8 0 0 0 0 0 0 0 0 0 0 0 14 16 23 16 20 11
 3.460000E+02 11 0 0 0 0 0 0 0 0 0 0 0 14 15 17 14 22 16
 3.465000E+02 11 0 0 0 0 0 0 0 0 0 0 0 12 19 17 17 17 17
 3.470000E+02 11 0 0 0 0 0 0 0 0 0 0 0 18 17 13 22 20 23
 3.475000E+02 6 0 0 0 0 0 0 0 0 0 0 0 15 21 13 22 17 19
 3.480000E+02 8 0 0 0 0 0 0 1 0 1 0 0 14 19 14 15 17 19
 3.485000E+02 7 0 0 0 0 0 0 0 0 1 0 0 23 20 16 14 18 22
 3.490000E+02 4 0 0 0 0 0 0 0 0 0 0 0 22 25 12 16 13 18
 3.495000E+02 8 0 0 0 0 0 0 0 0 0 0 0 21 29 21 19 17 15
 3.500000E+02 9 0 0 0 0 0 0 0 0 0 0 0 14 16 23 25 15 18
 3.505000E+02 7 0 0 0 0 0 0 1 0 0 0 0 12 18 18 25 17 16
 3.510000E+02 7 0 0 1 0 0 0 0 0 0 0 0 13 16 22 22 9 18
 3.515000E+02 6 0 0 0 0 0 0 0 0 1 0 0 16 19 21 19 15 21
 3.520000E+02 13 0 0 0 0 0 0 0 0 1 0 0 20 21 17 14 15 21
 3.525000E+02 7 0 0 1 0 0 0 0 0 1 0 0 18 30 16 16 16 15
 3.530000E+02 14 0 0 0 0 0 0 1 0 0 0 0 17 20 19 21 16 11
 3.535000E+02 10 0 0 0 0 0 0 0 0 1 0 0 19 21 19 19 19 20
 3.540000E+02 6 0 0 0 0 0 0 0 0 1 0 0 21 20 19 18 13 22
 3.545000E+02 13 0 0 1 0 0 0 0 0 1 0 0 19 21 15 12 15 20
 3.550000E+02 14 0 0 1 0 0 0 0 0 2 0 0 18 22 21 19 17 13
 3.555000E+02 9 0 0 0 0 0 0 0 0 2 0 0 18 25 21 18 24 13
 3.560000E+02 13 0 0 0 0 0 0 0 0 0 0 0 21 22 14 21 18 15
 3.565000E+02 7 0 0 0 0 0 0 0 0 1 0 0 22 17 14 24 14 14
 3.570000E+02 7 0 0 0 0 0 0 0 0 1 0 0 12 20 25 18 26 15
 3.575000E+02 6 0 0 0 0 0 0 0 0 0 0 0 14 14 22 18 22 16
 3.580000E+02 5 0 0 0 0 0 0 0 0 0 0 0 17 13 21 18 21 23
 3.585000E+02 7 0 0 0 0 0 0 0 0 0 0 0 20 7 23 5 18 26
 3.590000E+02 10 0 0 0 0 0 0 0 0 0 0 0 24 15 22 14 17 21
 3.595000E+02 12 0 0 0 0 0 0 0 0 0 0 0 20 16 16 11 21 24
 3.600000E+02 6 0 0 0 0 0 0 0 0 0 0 0 21 16 15 22 18 17
 3.605000E+02 12 0 0 0 0 0 0 0 0 0 0 0 20 13 14 25 16 16
 3.610000E+02 8 0 0 0 0 0 0 0 0 0 0 0 16 12 19 18 20 21
 3.615000E+02 18 0 0 0 0 0 0 0 0 0 0 0 21 16 15 17 17 20
 3.620000E+02 7 0 0 0 0 0 0 0 0 0 0 0 14 16 20 21 13 19
 3.625000E+02 7 0 0 0 0 0 0 0 0 0 0 0 10 19 19 28 18 14
 3.630000E+02 3 0 0 0 0 0 0 0 0 0 0 0 13 24 15 25 15 15
 3.635000E+02 10 0 0 0 0 0 0 0 0 0 0 0 18 19 22 14 21 13
 3.640000E+02 5 0 0 0 0 0 0 0 0 0 0 0 9 16 19 16 19 15
 3.645000E+02 10 0 0 0 0 0 0 0 0 0 0 0 15 16 19 13 19 17
 3.650000E+02 8 0 0 0 0 0 0 0 0 0 0 0 11 19 25 16 23 24
 3.655000E+02 7 0 0 0 0 0 0 0 0 0 0 0 16 15 22 21 16 22
 3.660000E+02 9 0 0 0 0 0 0 0 0 1 0 0 18 22 21 17 14 21
 3.665000E+02 3 0 0 0 0 0 0 0 0 0 0 0 14 18 27 18 6 14
 3.670000E+02 9 0 0 0 0 0 0 0 0 0 0 0 21 15 19 20 15 11
 3.675000E+02 9 0 0 0 0 0 0 0 0 0 0 0 16 19 13 14 17 17
 3.680000E+02 9 0 0 0 0 0 0 0 0 0 0 0 18 18 18 17 14 25
 3.685000E+02 8 0 0 0 0 0 0 0 0 0 0 0 16 19 16 22 14 21
 3.690000E+02 9 0 0 0 0 0 0 0 0 0 0 0 16 17 20 23 12 19
 3.695000E+02 6 0 0 0 0 0 0 0 0 1 0 0 20 17 24 16 18 19
 3.700000E+02 5 0 0 0 0 0 0 0 0 1 0 0 18 14 19 13 15 23
 3.705000E+02 11 0 0 0 0 0 0 1 0 0 0 0 18 22 20 10 12 19
 3.710000E+02 11 0 0 1 0 0 0 1 0 0 0 0 20 24 21 16 12 20
 3.715000E+02 6 0 0 0 0 0 0 0 0 1 0 0 21 27 22 10 13 14
 3.720000E+02 4 0 0 0 0 0 0 0 0 1 0 0 22 20 18 10 21 19
 3.725000E+02 8 0 0 0 0 0 0 0 0 1 0 0 21 17 20 20 26 17
 3.730000E+02 13 0 0 0 0 0 0 1 0 0 0 0 13 21 15 21 19 15
 3.735000E+02 5 0 0 0 0 0 0 0 0 1 0 0 15 15 29 11 17 13
 3.740000E+02 6 0 0 0 0 0 0 0 0 1 0 0 23 13 20 16 23 16
 3.745000E+02 11 0 0 0 0 0 0 0 0 1 0 0 25 14 20 17 23 13
 3.750000E+02 6 0 0 0 0 0 0 0 0 0 0 0 17 15 17 15 19 16
 3.755000E+02 13 0 0 0 0 0 0 0 0 0 0 0 13 23 13 14 19 24
 3.760000E+02 11 0 0 0 0 0 0 0 0 0 0 0 15 19 16 15 20 23
 3.765000E+02 8 0 0 0 0 0 0 0 0 0 0 0 13 21 12 15 22 20
 3.770000E+02 10 0 0 0 0 0 0 0 0 0 0 0 20 13 8 19 21 21
 3.775000E+02 7 0 0 0 0 0 0 0 0 0 0 0 21 19 19 13 14 13
 3.780000E+02 13 0 0 0 0 0 0 0 0 0 0 0 21 15 13 11 24 17
 3.785000E+02 13 0 0 0 0 0 0 0 0 1 0 0 21 21 14 17 21 16
 3.790000E+02 11 0 0 0 0 0 0 0 0 1 0 0 21 17 13 15 23 14
 3.795000E+02 12 0 0 0 0 0 0 0 0 0 0 0 22 18 19 12 21 9
 3.800000E+02 8 0 0 0 0 0 0 1 0 0 0 0 21 21 12 14 26 8
 3.805000E+02 5 0 0 0 0 0 0 0 0 0 0 0 18 21 16 12 18 11
 3.810000E+02 10 0 0 0 0 0 0 0 0 0 0 0 22 20 16 17 15 17
 3.815000E+02 10 0 0 0 0 0 0 0 0 0 0 0 19 12 17 22 17 15
 3.820000E+02 7 0 0 0 0 0 0 0 0 0 0 0 25 15 15 17 15 18
 3.825000E+02 7 0 0 0 0 0 0 0 0 1 0 0 19 11 14 27 19 22
 3.830000E+02 7 0 0 0 0 0 0 0 1 0 0 0 19 9 23 17 15 17
 3.835000E+02 12 0 0 0 0 0 0 0 0 1 0 0 16 21 24 10 20 18
 3.840000E+02 14 0 0 1 0 0 0 0 0 0 0 0 15 21 24 13 13 14
 3.845000E+02 13 0 0 0 0 0 0 0 0 2 0 0 12 20 22 18 18 12
 3.850000E+02 5 0 0 0 0 0 0 1 0 1 0 0 14 26 17 13 16 17
 3.855000E+02 11 0 0 0 0 0 0 0 0 1 0 0 14 21 14 17 15 14
 3.860000E+02 3 0 0 0 0 0 0 0 0 0 0 0 16 19 13 17 16 16
 3.865000E+02 9 0 0 0 0 0 0 0 0 0 0 0 23 22 18 15 17 17
 3.870000E+02 10 0 0 0 0 0 0 0 0 0 0 0 25 20 18 9 17 15
 3.875000E+02 4 0 0 0 0 0 0 0 0 0 0 0 24 18 19 15 12 14
 3.880000E+02 7 0 0 0 0 0 0 0 0 0 0 0 17 20 19 18 17 16
 3.885000E+02 8 0 0 0 0 0 0 0 0 0 0 0 22 21 14 16 12 17
 3.890000E+02 8 0 0 0 0 0 0 0 0 1 0 0 21 25 16 17 14 13
 3.895000E+02 7 0 0 0 0 0 0 0 0 0 0 0 20 22 22 11 12 23
 3.900000E+02 7 0 0 0 0 0 0 0 0 0 0 0 20 15 17 16 16 21
 3.905000E+02 6 0 0 0 0 0 0 0 0 0 0 0 28 13 15 17 19 21
 3.910000E+02 7 0 0 0 0 0 0 0 0 0 0 0 19 15 19 15 15 21
 3.915000E+02 8 0 0 0 0 0 0 0 0 0 0 0 13 10 15 21 22 19
 3.920000E+02 7 0 0 0 0 0 0 0 0 0 0 0 10 15 20 16 25 15
 3.925000E+02 11 0 0 0 0 0 0 0 0 0 0 0 10 10 22 7 27 19
 3.930000E+02 8 0 0 0 0 0 0 0 0 0 0 0 16 12 25 17 19 20
 3.935000E+02 5 0 0 0 0 0 0 0 0 0 0 0 17 18 20 18 14 15
 3.940000E+02 8 0 0 0 0 0 0 0 0 0 0 0 13 23 12 19 12 14
 3.945000E+02 8 0 0 1 0 0 0 0 0 0 0 0 13 12 16 17 25 21
 3.950000E+02 13 0 0 0 0 0 0 0 0 0 0 0 12 11 15 13 26 21
 3.955000E+02 9 0 0 0 0 0 0 0 0 0 0 0 13 14 15 21 22 13
 3.960000E+02 7 0 0 0 0 0 0 0 0 0 0 0 14 11 12 19 21 18
 3.965000E+02 10 0 0 0 0 0 0 0 0 0 0 0 13 15 13 18 21 22
 3.970000E+02 11 0 0 0 0 0 0 0 0 0 0 0 18 18 16 18 23 17
 3.975000E+02 6 0 0 0 0 0 0 0 0 0 0 0 20 18 18 21 21 14
 3.980000E+02 5 0 0 0 0 0 0 0 0 0 0 0 17 19 16 16 20 15
 3.985000E+02 7 0 0 0 0 0 0 0 0 0 0 0 18 21 22 13 17 18
 3.990000E+02 11 0 0 0 0 0 0 0 0 0 0 0 19 20 13 19 21 14
 3.995000E+02 10 0 0 0 0 0 0 0 0 0 0 0 16 12 15 25 16 15
 4.000000E+02 10 0 0 0 0 0 0 0 0 0 0 0 17 20 15 27 19 11
 4.005000E+02 13 0 0 0 0 0 0 0 0 0 0 0 14 23 18 27 20 13
 4.010000E+02 4 0 0 0 0 0 0 0 0 0 0 0 15 17 11 17 15 18
 4.015000E+02 5 0 0 0 0 0 0 0 0 0 0 0 18 22 17 15 11 16
 4.020000E+02 12 0 0 0 0 0 0 0 0 0 0 0 18 15 18 22 13 13
 4.025000E+02 12 0 0 0 0 0 0 0 0 1 0 0 16 14 14 24 15 16
 4.030000E+02 8 0 0 0 0 0 0 0 0 0 0 0 13 13 16 16 17 15
 4.035000E+02 3 0 0 0 0 0 0 0 0 0 0 0 17 8 15 16 14 23
 4.040000E+02 9 0 0 0 0 0 0 0 0 0 0 0 22 16 18 21 12 15
 4.045000E+02 7 0 0 0 0 0 0 0 0 0 0 0 15 14 21 23 14 15
 4.050000E+02 10 0 0 0 0 0 0 0 0 1 0 0 18 21 18 17 16 12
 4.055000E+02 11 0 0 0 0 0 0 0 0 0 0 0 17 21 14 15 16 13
 4.060000E+02 5 0 0 0 0 0 0 0 0 0 0 0 18 19 14 16 15 22
 4.065000E+02 8 0 0 0 0 0 0 0 0 0 0 0 17 13 13 21 14 14
 4.070000E+02 11 0 0 0 0 0 0 0 0 0 0 0 14 13 21 20 12 19
 4.075000E+02 5 0 0 0 0 0 0 0 0 0 0 0 9 14 21 18 20 18
 4.080000E+02 6 0 0 0 0 0 0 0 0 0 0 0 19 13 15 24 13 17
 4.085000E+02 7 0 0 0 0 0 0 0 0 1 0 0 14 16 13 26 21 20
 4.090000E+02 6 0 0 0 0 0 0 0 0 0 0 0 16 16 18 21 21 20
 4.095000E+02 8 0 0 0 0 0 0 0 0 2 0 0 11 15 18 19 16 16
 4.100000E+02 7 0 0 1 0 0 0 0 0 1 0 0 10 21 18 15 15 14
 4.105000E+02 6 0 0 0 0 0 0 0 0 1 0 0 12 19 17 15 14 13
 4.110000E+02 6 0 0 0 0 0 0 1 0 1 0 0 17 17 22 17 15 16
 4.115000E+02 11 0 0 0 0 0 0 0 0 0 0 0 19 12 22 12 16 13
 4.120000E+02 9 0 0 0 0 0 0 0 0 0 0 0 13 17 17 15 16 18
 4.125000E+02 9 0 0 0 0 0 0 0 0 0 0 0 15 15 20 16 16 23
 4.130000E+02 6 0 0 0 0 0 0 0 0 0 0 0 10 21 17 16 12 18
 4.135000E+02 13 0 0 0 0 0 0 0 0 0 0 0 13 18 22 20 17 14
 4.140000E+02 13 0 0 0 0 0 0 0 0 0 0 0 16 22 23 12 18 12
 4.145000E+02 8 0 0 0 0 0 0 0 0 0 0 0 12 18 20 13 18 16
 4.150000E+02 6 0 0 0 0 0 0 0 0 0 0 0 19 11 20 21 16 10
 4.155000E+02 4 0 0 0 0 0 0 0 0 0 0 0 19 10 19 21 17 15
 4.160000E+02 7 0 0 0 0 0 0 0 0 0 0 0 21 19 18 17 15 16
 4.165000E+02 8 0 0 0 0 0 0 0 0 0 0 0 18 20 19 14 14 17
 4.170000E+02 11 0 0 0 0 0 0 0 0 0 0 0 16 22 21 21 10 19
 4.175000E+02 5 0 0 0 0 0 0 0 0 0 0 0 19 23 20 18 6 12
 4.180000E+02 10 0 0 0 0 0 0 0 0 1 0 0 19 12 14 18 16 17
 4.185000E+02 4 0 0 0 0 0 0 0 0 1 0 0 16 17 16 12 16 24
 4.190000E+02 11 0 0 0 1 0 0 0 0 0 0 0 19 20 16 15 25 15
 4.195000E+02 13 0 0 0 0 0 0 0 0 0 0 0 16 15 22 12 22 11
 4.200000E+02 6 0 0 0 0 0 0 0 0 0 0 0 17 10 21 12 22 18
 4.205000E+02 12 0 0 0 0 0 0 0 0 1 0 0 16 14 19 12 28 24
 4.210000E+02 11 0 0 0 0 0 0 0 0 1 0 0 12 22 16 16 16 16
 4.215000E+02 11 0 0 0 0 0 0 0 0 2 0 0 18 21 12 16 21 14
 4.220000E+02 9 0 0 0 0 0 0 0 0 2 0 0 17 23 11 20 21 19
 4.225000E+02 7 0 0 0 0 0 0 0 0 1 0 0 22 18 11 22 12 19
 4.230000E+02 4 0 0 0 0 0 0 0 0 1 0 0 18 19 13 20 15 18
 4.235000E+02 15 0 0 0 0 0 0 0 0 2 0 0 15 15 13 18 16 16
 4.240000E+02 8 0 0 0 0 0 0 0 0 1 0 0 18 13 19 15 18 26
 4.245000E+02 8 0 0 0 0 0 0 0 0 1 0 0 18 8 17 12 21 21
 4.250000E+02 7 0 0 1 0 0 0 0 0 0 0 0 22 14 15 18 19 12
 4.255000E+02 9 0 0 0 0 0 0 0 0 1 0 0 15 18 20 12 22 16
 4.260000E+02 14 0 0 1 0 0 0 0 0 0 0 0 14 15 11 14 24 21
 4.265000E+02 11 0 0 0 0 0 0 0 0 0 0 0 16 14 20 17 19 20
 4.270000E+02 10 0 0 0 0 0 0 0 0 2 0 0 10 20 17 12 24 10
 4.275000E+02 10 0 0 0 0 0 0 0 0 1 0 0 12 15 13 13 19 20
 4.280000E+02 13 0 0 0 0 0 0 0 0 0 0 0 11 20 14 17 15 20
 4.285000E+02 7 0 0 0 0 0 0 0 0 0 0 0 13 20 13 16 14 17
 4.290000E+02 8 0 0 0 0 0 0 0 0 0 0 0 18 22 14 17 16 15
 4.295000E+02 11 0 0 0 0 0 0 0 0 0 0 0 17 18 13 15 15 15
 4.300000E+02 8 0 0 0 0 0 0 0 0 0 0 0 19 16 16 12 12 11
 4.305000E+02 9 0 0 0 0 0 0 0 0 0 0 0 18 23 19 13 17 15
 4.310000E+02 7 0 0 0 0 0 0 0 0 0 0 0 17 22 19 18 16 19
 4.315000E+02 10 0 0 0 0 0 0 0 0 1 0 0 16 16 15 17 19 20
 4.320000E+02 12 0 0 0 0 0 0 0 0 1 0 0 19 21 16 16 13 14
 4.325000E+02 10 0 0 0 0 0 0 0 0 0 0 0 19 10 13 21 14 18
 4.330000E+02 8 0 0 0 0 0 0 0 0 0 0 0 11 12 18 19 17 15
 4.335000E+02 8 0 0 0 0 0 0 0 0 0 0 0 14 16 20 14 10 17
 4.340000E+02 7 0 0 0 0 0 0 0 0 0 0 0 16 15 13 14 16 22
 4.345000E+02 9 0 0 0 0 0 0 0 0 0 0 0 18 19 15 11 16 15
 4.350000E+02 9 0 0 0 0 0 0 0 0 0 0 0 17 15 17 18 18 15
 4.355000E+02 8 0 0 0 0 0 0 0 0 0 0 0 20 18 11 17 17 23
 4.360000E+02 11 0 0 0 0 0 0 0 0 0 0 0 13 15 15 17 19 20
 4.365000E+02 13 0 0 0 0 0 0 0 0 0 0 0 18 14 16 13 18 18
 4.370000E+02 11 0 0 0 0 0 0 0 0 0 0 0 14 11 20 17 13 16
 4.375000E+02 6 0 0 0 0 0 0 0 0 0 0 0 23 13 13 14 17 14
 4.380000E+02 4 0 0 0 0 0 0 0 0 0 0 0 11 17 17 14 19 14
 4.385000E+02 5 0 0 0 0 0 0 0 0 1 0 0 15 16 11 15 14 24
 4.390000E+02 8 0 0 0 0 0 0 0 0 0 0 0 20 15 14 13 12 21
 4.395000E+02 4 0 0 0 0 0 0 0 0 0 0 1 17 23 18 13 12 19
 4.400000E+02 14 0 0 0 0 0 0 0 0 0 0 0 10 20 21 16 12 16
 4.405000E+02 5 0 0 0 0 0 0 0 0 0 0 0 15 22 15 20 20 16
 4.410000E+02 9 0 0 0 0 0 0 0 0 0 0 0 19 20 17 20 16 16
 4.415000E+02 7 0 0 0 0 0 0 0 0 0 0 0 16 22 19 19 17 14
 4.420000E+02 15 0 0 0 0 0 0 0 0 0 0 0 15 21 23 13 14 19
 4.425000E+02 9 0 0 0 0 0 0 0 0 0 0 0 17 19 18 17 16 16
 4.430000E+02 6 0 0 0 0 0 0 0 0 0 0 0 19 18 17 15 17 15
 4.435000E+02 10 0 0 0 0 0 0 0 0 0 0 0 19 15 14 9 12 15
 4.440000E+02 12 0 0 0 0 0 0 0 0 0 0 0 16 18 11 18 12 19
 4.445000E+02 8 0 0 0 0 0 0 0 0 0 0 0 13 23 14 19 16 16
 4.450000E+02 9 0 0 0 0 0 0 0 0 0 0 0 12 15 12 22 13 15
 4.455000E+02 12 0 0 0 0 0 0 0 0 0 0 0 16 14 13 17 19 15
 4.460000E+02 12 0 0 0 0 0 0 0 0 0 0 0 8 19 11 20 22 20
 4.465000E+02 6 0 0 0 0 0 0 0 0 0 0 0 9 23 10 16 28 16
 4.470000E+02 8 0 0 0 0 0 0 0 0 0 0 0 16 19 9 13 20 19
 4.475000E+02 19 0 0 0 0 0 0 0 0 0 0 0 19 16 16 13 18 21
 4.480000E+02 8 0 0 0 0 0 0 0 0 0 0 0 13 18 22 17 13 19
 4.485000E+02 8 0 0 0 0 0 0 0 0 2 0 0 16 25 13 18 11 21
 4.490000E+02 6 0 0 0 0 0 0 1 0 0 0 0 19 23 12 22 14 19
 4.495000E+02 13 0 0 0 0 0 0 0 0 1 0 0 18 13 16 29 13 18
 4.500000E+02 10 0 0 0 0 0 0 0 0 1 0 0 16 12 22 17 20 12
 4.505000E+02 9 0 0 0 0 0 0 0 0 0 0 0 14 18 22 15 17 18
 4.510000E+02 12 0 0 0 0 0 0 0 0 1 0 0 17 22 24 20 17 9
 4.515000E+02 8 0 0 0 0 0 0 0 0 1 0 0 10 18 26 18 20 11
 4.520000E+02 13 0 0 0 0 0 0 0 0 0 0 0 22 14 21 19 13 14
 4.525000E+02 9 0 0 0 0 0 0 0 0 0 0 0 23 15 16 13 20 12
 4.530000E+02 12 0 0 0 0 0 0 0 0 0 0 0 16 22 16 15 27 11
 4.535000E+02 7 0 0 0 0 0 0 0 0 0 0 0 17 24 18 22 17 5
 4.540000E+02 9 0 0 0 0 0 0 0 0 0 0 0 17 18 20 19 14 10
 4.545000E+02 13 0 0 0 0 0 0 0 0 0 0 0 19 22 16 11 13 14
 4.550000E+02 12 0 0 0 0 0 0 0 0 0 0 0 17 25 13 21 21 16
 4.555000E+02 8 0 0 0 0 0 0 0 0 0 0 0 20 14 12 20 17 19
 4.560000E+02 6 0 0 0 0 0 0 0 0 1 0 0 15 14 21 21 22 18
 4.565000E+02 10 0 0 0 0 0 0 0 0 0 0 0 10 13 24 26 15 19
 4.570000E+02 17 0 0 0 0 0 0 0 0 0 0 0 11 11 26 18 17 23
 4.575000E+02 14 0 0 0 0 0 0 0 0 0 0 0 16 15 23 16 19 22
 4.580000E+02 11 0 0 0 0 0 0 0 0 0 0 0 18 19 25 15 23 19
 4.585000E+02 11 0 0 0 0 0 0 0 0 0 0 0 13 16 21 16 20 24
 4.590000E+02 10 0 0 0 0 0 0 0 0 0 0 0 12 13 14 15 13 18
 4.595000E+02 12 0 0 0 0 0 0 0 0 0 0 0 12 12 11 16 16 19
 4.600000E+02 5 0 0 0 0 0 0 0 0 0 0 0 14 16 18 19 14 16
 4.605000E+02 12 0 0 0 0 0 0 0 0 0 0 0 17 16 22 14 12 17
 4.610000E+02 9 0 0 0 0 0 0 0 0 0 0 0 23 14 18 22 14 17
 4.615000E+02 8 0 0 0 0 0 0 0 0 0 0 0 20 19 17 19 15 18
 4.620000E+02 10 0 0 1 0 0 0 0 0 2 0 0 20 22 18 17 14 17
 4.625000E+02 7 0 0 0 0 0 0 0 0 1 0 0 14 15 15 21 15 15
 4.630000E+02 10 0 0 0 0 0 0 0 0 1 0 0 16 19 18 19 12 15
 4.635000E+02 6 0 0 0 0 0 0 0 0 1 0 0 16 14 20 19 14 10
 4.640000E+02 8 0 0 0 0 0 0 0 0 1 0 0 17 12 21 17 17 18
 4.645000E+02 9 0 0 0 0 0 0 0 0 1 0 0 15 14 20 22 13 18
 4.650000E+02 9 0 0 0 0 0 0 0 0 1 0 0 16 14 16 14 15 17
 4.655000E+02 13 0 0 0 0 0 0 0 0 0 0 0 23 19 21 20 16 12
 4.660000E+02 12 0 0 0 0 0 0 0 0 0 0 0 19 24 18 22 17 12
 4.665000E+02 8 0 0 0 0 0 0 0 0 0 0 0 19 18 16 20 19 15
 4.670000E+02 7 0 0 0 0 0 0 0 0 0 0 0 24 20 17 17 18 15
 4.675000E+02 11 0 0 0 0 0 0 0 0 1 0 0 21 18 15 19 16 18
 4.680000E+02 7 0 0 0 0 0 0 0 0 1 0 0 20 18 18 18 15 15
 4.685000E+02 11 0 0 0 0 0 0 0 0 1 0 0 21 17 15 24 10 20
 4.690000E+02 7 0 0 0 0 0 0 0 0 0 0 0 25 22 10 20 19 21
 4.695000E+02 9 0 0 0 0 0 0 0 0 0 0 0 18 22 15 18 22 15
 4.700000E+02 15 0 0 0 0 0 0 0 0 1 0 0 14 17 18 20 11 20
 4.705000E+02 13 0 0 0 0 0 0 0 0 1 0 0 13 18 12 19 20 16
 4.710000E+02 9 0 0 0 0 0 0 0 0 1 0 0 15 17 21 19 21 16
 4.715000E+02 9 0 0 0 0 0 0 1 0 0 0 0 11 15 19 18 18 18
 4.720000E+02 12 0 0 0 0 0 0 0 0 0 0 0 17 17 18 8 23 20
 4.725000E+02 4 0 0 0 0 0 0 0 0 1 0 0 20 18 22 17 17 15
 4.730000E+02 5 0 0 0 0 0 0 0 0 0 0 0 13 14 29 16 16 20
 4.735000E+02 4 0 0 0 0 0 0 1 0 0 0 0 19 20 17 21 11 16
 4.740000E+02 11 0 0 0 0 0 0 0 0 1 0 0 19 21 20 21 10 15
 4.745000E+02 8 0 0 0 0 0 0 0 0 0 1 0 19 9 17 19 15 13
 4.750000E+02 8 0 0 0 0 0 0 0 0 1 0 0 23 10 15 17 18 19
 4.755000E+02 13 0 0 0 0 0 0 0 0 1 0 0 13 17 16 16 12 11
 4.760000E+02 2 0 0 0 0 0 0 1 0 0 0 0 13 16 17 16 19 8
 4.765000E+02 13 0 0 0 0 1 0 0 0 0 0 0 12 15 23 15 20 15
 4.770000E+02 9 0 0 0 0 0 0 0 0 0 0 0 18 18 19 19 19 18
 4.775000E+02 10 0 0 0 0 0 0 0 0 0 0 0 26 15 17 14 14 21
 4.780000E+02 14 0 0 0 0 0 0 0 0 0 0 0 19 17 18 18 12 16
 4.785000E+02 10 0 0 0 0 0 0 0 0 0 0 0 16 21 24 15 13 22
 4.790000E+02 14 0 0 0 0 0 0 0 0 0 0 0 16 27 20 12 17 19
 4.795000E+02 14 0 0 0 0 0 0 0 0 0 0 0 15 20 19 15 22 20
 4.800000E+02 4 0 0 0 0 0 0 0 0 0 0 0 12 14 18 22 24 21
 4.805000E+02 12 0 0 0 0 0 0 0 0 0 0 0 12 18 14 17 17 20
 4.810000E+02 14 0 0 0 0 0 0 0 0 0 0 0 23 17 15 13 17 18
 4.815000E+02 10 0 0 0 0 0 0 0 0 0 0 0 19 13 12 14 14 21
 4.820000E+02 11 0 0 0 0 0 0 0 0 1 0 0 18 19 7 21 19 15
 4.825000E+02 12 0 0 0 0 0 0 0 0 0 0 0 14 14 8 24 26 20
 4.830000E+02 12 0 0 0 0 0 0 0 0 0 0 0 15 12 15 22 18 15
 4.835000E+02 6 0 0 0 0 0 0 0 0 0 0 0 23 31 21 19 9 22
 4.840000E+02 7 0 0 0 0 0 0 0 0 0 0 0 18 18 17 18 10 20
 4.845000E+02 13 0 0 0 0 0 0 0 0 0 0 0 24 18 13 14 14 20
 4.850000E+02 10 0 0 0 0 0 0 0 0 0 0 0 20 16 19 20 15 22
 4.855000E+02 6 0 0 0 0 0 0 0 0 0 0 0 14 15 15 18 16 25
 4.860000E+02 5 0 0 0 0 0 0 0 0 0 0 0 17 15 13 17 20 19
 4.865000E+02 13 0 0 0 0 0 0 0 0 0 0 0 17 15 15 20 13 24
 4.870000E+02 4 0 0 0 0 0 0 0 0 0 0 0 17 18 15 24 12 19
 4.875000E+02 14 0 0 0 0 0 0 0 0 0 0 0 14 22 16 24 16 13
 4.880000E+02 8 0 0 0 0 0 0 0 0 0 0 0 18 12 18 25 20 16
 4.885000E+02 16 0 0 0 0 0 0 0 0 0 0 0 20 15 20 21 10 20
 4.890000E+02 14 0 0 0 0 0 0 0 0 0 0 0 21 15 18 18 14 19
 4.895000E+02 6 0 0 0 0 0 0 0 0 0 0 0 16 15 10 16 22 21
 4.900000E+02 6 0 0 0 0 0 0 0 0 0 0 0 13 12 13 12 18 17
 4.905000E+02 6 0 0 0 0 0 0 0 0 0 0 0 16 14 27 17 15 18
 4.910000E+02 13 0 0 0 0 0 0 0 0 0 0 0 20 16 21 15 15 19
 4.915000E+02 9 0 0 0 0 0 0 0 0 0 0 0 16 18 21 19 19 16
 4.920000E+02 8 0 0 0 0 0 0 0 0 0 0 0 13 17 17 22 15 19
 4.925000E+02 9 0 0 0 0 0 0 0 0 0 0 0 21 18 12 23 20 14
 4.930000E+02 6 0 0 0 0 0 0 0 0 0 0 0 16 17 11 17 23 19
 4.935000E+02 8 0 0 0 0 0 0 0 0 0 0 0 20 12 13 17 22 24
 4.940000E+02 10 0 0 0 0 0 0 0 0 0 0 0 15 22 17 12 24 23
 4.945000E+02 12 0 0 0 0 0 0 0 0 0 0 0 18 13 12 14 19 18
 4.950000E+02 5 0 0 0 0 0 0 0 0 0 0 0 23 17 12 17 20 19
 4.955000E+02 10 0 0 0 0 0 0 0 0 0 0 0 24 17 13 19 20 19
 4.960000E+02 10 0 0 0 0 0 0 0 0 0 0 0 26 19 12 16 17 15
 4.965000E+02 7 0 0 0 0 0 0 1 0 0 0 0 22 21 11 14 22 19
 4.970000E+02 17 0 0 0 0 0 0 0 0 1 0 0 19 18 10 19 25 16
 4.975000E+02 5 0 0 0 0 0 0 0 0 1 0 0 24 24 14 16 13 23
 4.980000E+02 11 0 0 0 0 0 0 0 0 1 0 0 23 21 12 20 13 24
 4.985000E+02 7 0 0 0 0 0 0 0 0 1 0 0 27 20 23 11 19 20
 4.990000E+02 12 0 0 0 0 0 0 0 0 1 0 0 14 24 22 16 20 18
 4.995000E+02 9 0 0 0 0 0 0 0 0 1 0 0 19 17 20 18 20 13
 5.000000E+02 8 0 0 0 0 0 0 1 0 0 0 0 16 20 16 21 12 12
 5.005000E+02 11 0 0 0 0 0 0 0 0 2 0 0 16 28 17 12 14 20
 5.010000E+02 3 0 0 0 0 0 0 1 0 0 0 0 18 23 11 15 11 22
 5.015000E+02 13 0 0 0 0 0 0 0 0 0 0 0 15 15 16 14 19 19
 5.020000E+02 12 0 0 0 0 0 0 0 0 0 0 0 17 20 14 19 20 17
 5.025000E+02 11 0 0 0 0 0 0 0 0 0 0 0 14 20 14 13 23 22
 5.030000E+02 9 0 0 0 0 0 0 0 0 0 0 0 18 21 14 11 19 18
 5.035000E+02 5 0 0 0 0 0 0 0 0 0 0 0 13 18 19 18 22 23
 5.040000E+02 10 0 0 0 0 0 0 0 0 0 0 0 14 14 17 15 26 29
 5.045000E+02 9 0 0 0 0 0 0 0 0 0 0 0 20 13 11 19 22 25
 5.050000E+02 5 0 0 0 0 0 0 0 0 1 0 0 22 16 12 23 13 14
 5.055000E+02 6 0 0 0 0 0 0 0 0 1 0 0 17 13 10 21 18 18
 5.060000E+02 8 0 0 0 0 0 0 0 0 0 0 0 16 18 18 16 15 27
 5.065000E+02 8 0 0 0 0 0 0 0 0 0 0 0 19 21 19 13 20 23
 5.070000E+02 5 0 0 0 0 0 0 0 0 0 0 0 24 21 15 10 14 17
 5.075000E+02 6 0 0 0 0 0 0 0 0 0 0 0 17 18 13 15 15 24
 5.080000E+02 10 0 0 0 0 0 0 0 0 0 0 0 15 15 11 23 11 30
 5.085000E+02 10 0 0 0 0 0 0 0 0 0 0 0 21 14 23 17 14 19
 5.090000E+02 9 0 0 0 0 0 0 0 0 0 0 0 22 14 18 13 14 30
 5.095000E+02 10 0 0 0 0 0 0 0 0 0 0 0 14 16 16 16 17 14
 5.100000E+02 7 0 0 0 0 0 0 0 0 0 0 0 14 18 10 25 14 22
 5.105000E+02 8 0 0 1 0 0 0 0 0 0 0 0 13 23 20 21 16 20
 5.110000E+02 9 0 0 0 0 0 0 0 0 0 0 0 17 22 18 13 17 16
 5.115000E+02 9 0 0 0 0 0 0 1 0 0 0 0 19 23 15 17 22 19
 5.120000E+02 8 0 0 0 0 0 0 0 0 0 0 0 18 15 19 13 20 17
 5.125000E+02 7 0 0 0 0 0 0 0 0 1 0 0 15 13 20 18 21 17
 5.130000E+02 9 0 0 0 0 0 0 0 0 1 0 0 25 18 14 22 16 18
 5.135000E+02 14 0 0 0 0 0 0 0 0 2 0 0 21 15 16 18 11 16
 5.140000E+02 9 0 0 0 0 0 0 0 0 2 0 0 25 18 13 22 13 22
 5.145000E+02 13 0 0 0 0 0 0 0 0 1 0 0 23 14 14 20 7 18
 5.150000E+02 17 0 0 0 0 0 0 0 0 0 1 0 23 11 13 15 10 26
 5.155000E+02 13 0 0 0 0 0 0 0 0 1 0 0 21 23 19 11 18 23
 5.160000E+02 12 0 0 0 0 0 0 0 0 0 0 0 15 19 14 13 17 20
 5.165000E+02 9 0 0 0 0 0 0 0 0 0 0 0 16 17 12 14 26 20
 5.170000E+02 9 0 0 0 0 0 0 0 0 0 0 0 15 21 16 13 22 13
 5.175000E+02 12 0 0 0 0 0 0 0 0 0 0 0 15 19 16 19 19 13
 5.180000E+02 7 0 0 0 0 0 0 0 0 0 0 0 18 22 14 19 15 21
 5.185000E+02 8 0 0 0 0 0 0 0 0 0 0 0 11 20 17 20 15 21
 5.190000E+02 11 0 0 0 0 0 0 0 0 0 0 0 12 22 14 16 15 17
 5.195000E+02 14 0 0 0 0 0 0 0 0 0 0 0 14 17 14 19 16 21
 5.200000E+02 8 0 0 0 0 0 0 0 0 0 0 0 21 21 15 18 15 18
 5.205000E+02 7 0 0 1 0 0 0 0 0 0 0 0 26 23 11 16 8 16
 5.210000E+02 9 0 0 0 0 0 0 0 0 1 0 0 24 19 14 23 13 19
 5.215000E+02 10 0 0 0 0 0 0 0 0 2 0 0 23 23 12 25 10 12
 5.220000E+02 5 0 0 1 0 0 0 0 0 0 0 0 25 21 12 22 23 7
 5.225000E+02 7 0 0 0 0 0 0 0 0 0 0 0 14 13 18 14 20 16
 5.230000E+02 8 0 0 0 0 0 0 0 0 0 0 0 15 24 22 17 25 12
 5.235000E+02 14 0 0 0 0 0 0 0 0 0 0 0 11 20 25 16 19 18
 5.240000E+02 7 0 0 0 0 0 0 0 0 0 0 0 20 13 22 18 14 14
 5.245000E+02 9 0 0 0 0 0 0 0 0 0 0 0 22 18 27 18 20 13
 5.250000E+02 12 0 0 0 0 0 0 0 0 0 0 0 18 23 25 17 15 18
 5.255000E+02 8 0 0 0 0 0 0 0 0 0 0 0 18 19 16 14 21 23
 5.260000E+02 18 0 0 0 0 0 0 0 0 0 0 0 17 14 14 19 19 22
 5.265000E+02 11 0 0 0 0 0 0 0 0 0 0 0 23 19 17 15 21 11
 5.270000E+02 13 0 0 0 0 0 0 0 0 0 0 0 22 21 20 13 16 16
 5.275000E+02 10 0 0 0 0 0 0 0 0 0 0 0 16 17 22 16 20 15
 5.280000E+02 18 0 0 0 0 0 0 0 0 0 0 0 14 21 19 14 17 16
 5.285000E+02 12 0 0 0 0 0 0 0 0 0 0 0 9 23 16 17 21 20
 5.290000E+02 4 0 0 0 0 0 0 0 0 0 0 0 14 21 15 15 25 18
 5.295000E+02 9 0 0 0 0 0 0 0 0 0 0 0 7 20 20 21 17 16
 5.300000E+02 6 0 0 0 0 0 0 0 0 2 0 0 12 16 14 19 13 21
 5.305000E+02 8 0 0 0 0 0 0 0 0 1 0 0 14 13 13 26 19 24
 5.310000E+02 9 0 0 0 0 0 0 0 0 1 0 0 14 15 13 22 24 27
 5.315000E+02 8 0 0 0 0 0 0 1 0 0 0 0 20 13 15 18 21 23
 5.320000E+02 5 0 0 0 0 0 0 0 0 1 0 0 24 12 17 15 15 21
 5.325000E+02 12 0 0 0 0 0 0 0 0 1 0 0 12 14 16 17 16 22
 5.330000E+02 5 0 0 0 0 0 0 0 0 0 0 0 23 19 10 22 12 21
 5.335000E+02 5 0 0 0 0 0 0 0 0 0 0 0 20 18 10 25 14 18
 5.340000E+02 7 0 0 0 0 0 0 1 0 0 0 0 13 15 20 19 13 14
 5.345000E+02 11 0 0 0 0 0 0 1 0 1 0 0 15 15 15 21 13 17
 5.350000E+02 8 0 0 0 0 0 0 0 0 2 0 0 11 22 19 17 17 19
 5.355000E+02 11 0 0 0 0 0 0 0 0 2 0 0 19 17 17 16 16 13
 5.360000E+02 7 0 0 1 0 0 0 0 0 1 0 0 23 14 15 14 23 12
 5.365000E+02 13 0 0 0 0 0 0 0 0 1 0 0 18 9 15 15 20 11
 5.370000E+02 9 0 0 0 0 0 0 0 0 1 0 0 15 16 20 18 27 11
 5.375000E+02 14 0 0 0 0 0 0 0 0 1 0 0 16 14 21 20 20 12
 5.380000E+02 9 0 0 0 0 0 0 1 0 0 0 0 18 22 20 19 7 12
 5.385000E+02 9 0 0 0 0 0 0 0 0 2 0 0 17 17 26 17 6 20
 5.390000E+02 5 0 0 0 0 0 0 1 0 1 0 0 15 22 21 15 17 16
 5.395000E+02 12 0 0 0 0 0 0 1 0 0 0 0 15 19 21 13 19 15
 5.400000E+02 9 0 0 0 0 0 0 0 0 1 0 0 17 17 24 12 18 11
 5.405000E+02 10 0 0 0 0 0 0 0 0 2 0 0 10 18 21 15 12 21
 5.410000E+02 7 0 0 0 0 0 0 0 0 1 0 0 10 18 28 17 19 19
 5.415000E+02 10 0 0 0 0 0 0 0 0 2 0 0 9 17 22 19 18 18
 5.420000E+02 7 0 0 0 0 0 0 0 0 0 0 0 10 15 24 16 21 24
 5.425000E+02 7 0 0 0 0 0 0 0 0 0 0 0 11 9 21 23 22 17
 5.430000E+02 9 0 0 0 0 0 0 0 0 1 0 0 16 10 22 17 22 19
 5.435000E+02 10 0 0 0 0 0 0 0 0 1 0 0 18 11 18 13 21 20
 5.440000E+02 10 0 0 1 0 0 0 0 0 1 0 0 15 14 21 7 18 16
 5.445000E+02 14 0 0 0 0 0 0 0 0 0 0 0 19 11 25 11 14 14
 5.450000E+02 8 0 0 0 0 0 0 0 0 0 0 0 18 18 14 9 20 14
 5.455000E+02 7 0 0 0 0 0 0 0 0 0 0 0 17 19 15 16 23 18
 5.460000E+02 9 0 0 0 0 0 0 0 0 0 0 0 14 16 12 19 20 26
 5.465000E+02 10 0 0 0 0 0 0 0 0 0 0 0 15 22 14 15 23 17
 5.470000E+02 11 0 0 0 0 0 0 0 0 0 0 0 14 12 16 19 17 21
 5.475000E+02 8 0 0 0 0 0 0 0 0 1 0 0 20 13 13 14 17 20
 5.480000E+02 9 0 0 2 0 0 0 0 0 0 0 0 25 20 15 15 21 12
 5.485000E+02 10 0 0 0 0 0 0 1 0 1 0 0 15 13 15 17 15 17
 5.490000E+02 5 0 0 0 0 0 0 0 0 2 0 0 18 17 17 17 19 14
 5.495000E+02 6 0 0 1 0 0 0 0 0 1 0 0 15 17 15 11 22 18
 5.500000E+02 5 0 0 0 0 0 0 0 0 1 0 0 15 18 19 10 16 22
 5.505000E+02 9 0 0 0 0 0 0 0 0 0 0 0 19 16 19 12 12 23
 5.510000E+02 7 0 0 0 0 0 0 0 0 0 0 0 26 16 19 8 11 21
 5.515000E+02 10 0 0 0 0 0 0 0 0 0 0 0 22 19 15 14 14 15
 5.520000E+02 8 0 0 0 0 0 0 0 0 0 0 0 15 13 12 18 20 19
 5.525000E+02 9 0 0 0 0 0 0 0 0 0 0 0 16 20 10 16 17 24
 5.530000E+02 9 0 0 0 0 0 0 0 0 0 0 0 11 17 12 19 18 17
 5.535000E+02 9 0 0 0 0 0 0 0 0 0 0 0 11 18 21 21 17 17
 5.540000E+02 8 0 0 0 0 0 0 0 0 0 0 0 16 17 17 11 14 21
 5.545000E+02 7 0 0 0 0 0 0 0 0 0 0 0 19 26 14 18 16 16
 5.550000E+02 8 0 0 0 0 0 0 0 0 0 0 0 21 26 22 21 11 12
 5.555000E+02 10 0 0 0 0 0 0 0 0 0 0 0 18 21 13 13 10 18
 5.560000E+02 10 0 0 0 0 0 0 0 0 0 0 0 20 14 17 19 15 19
 5.565000E+02 13 0 0 0 0 0 0 0 0 0 0 0 18 11 17 15 16 22
 5.570000E+02 7 0 0 0 0 0 0 0 0 1 0 0 19 15 14 14 12 30
 5.575000E+02 5 0 0 0 0 0 0 0 0 2 0 0 16 13 24 15 16 21
 5.580000E+02 14 0 0 0 0 0 0 1 0 2 0 0 12 9 18 20 18 18
 5.585000E+02 8 0 0 0 0 0 0 1 0 2 0 0 11 21 25 21 15 17
 5.590000E+02 17 0 0 0 0 0 0 0 0 2 0 0 13 19 19 17 18 19
 5.595000E+02 13 0 0 0 0 0 0 0 0 1 0 0 20 21 13 14 19 19
 5.600000E+02 5 0 0 0 0 0 0 0 0 1 0 0 19 23 12 11 16 20
 5.605000E+02 6 0 0 0 0 0 0 0 0 1 0 0 16 23 17 16 13 15
 5.610000E+02 6 0 0 0 0 0 0 0 0 2 0 0 16 24 16 21 17 17
 5.615000E+02 6 0 0 0 0 0 0 0 0 2 0 0 24 20 11 19 18 11
 5.620000E+02 9 0 0 0 0 0 0 0 0 2 0 0 18 15 10 13 17 19
 5.625000E+02 8 0 0 0 0 0 0 0 0 2 0 0 12 18 11 27 15 17
 5.630000E+02 10 0 0 1 0 0 0 0 0 0 0 0 13 13 12 25 5 20
 5.635000E+02 9 0 0 0 0 0 0 0 0 1 0 0 16 16 16 21 14 22
 5.640000E+02 9 1 0 0 0 0 0 0 0 0 0 0 18 19 12 16 13 18
 5.645000E+02 6 0 0 0 0 0 0 0 0 1 0 0 22 13 25 12 10 18
 5.650000E+02 10 0 0 0 0 0 0 0 0 0 0 0 16 20 20 10 12 17
 5.655000E+02 6 0 0 0 0 0 0 0 0 1 0 0 16 18 17 20 14 14
 5.660000E+02 12 0 0 0 0 0 0 1 0 0 0 0 24 22 18 15 14 15
 5.665000E+02 10 0 0 0 0 0 0 0 0 0 0 0 24 19 14 15 16 14
 5.670000E+02 8 0 0 0 0 0 0 0 0 0 0 0 21 17 18 25 17 14
 5.675000E+02 4 0 0 0 0 0 0 0 0 0 0 0 18 15 21 17 21 15
 5.680000E+02 9 0 0 0 0 0 0 0 0 0 0 0 16 18 21 15 20 12
 5.685000E+02 12 0 0 0 0 0 0 1 0 0 0 0 14 17 21 15 17 20
 5.690000E+02 7 0 0 0 0 0 0 0 0 1 0 0 10 20 15 14 13 19
 5.695000E+02 8 0 0 0 0 0 0 0 0 0 0 0 21 17 18 18 15 13
 5.700000E+02 6 0 0 0 0 0 0 0 0 0 0 0 22 14 14 23 16 17
 5.705000E+02 16 0 0 0 0 0 0 0 0 0 0 0 18 23 17 20 13 17
 5.710000E+02 11 0 0 0 0 0 0 0 0 0 0 0 15 28 13 14 13 19
 5.715000E+02 11 0 0 0 0 0 0 0 0 0 0 0 12 20 20 18 14 16
 5.720000E+02 9 0 0 0 0 0 0 0 0 0 0 0 11 16 17 29 15 14
 5.725000E+02 7 0 0 0 0 0 0 0 0 1 0 0 11 20 14 26 11 22
 5.730000E+02 9 0 0 0 0 0 0 0 0 1 0 0 9 21 18 13 16 10
 5.735000E+02 9 0 0 0 0 0 0 0 0 1 0 0 15 24 20 16 15 10
 5.740000E+02 7 0 0 1 0 0 0 0 0 1 0 0 20 18 22 17 21 9
 5.745000E+02 15 0 0 0 0 0 0 1 0 0 0 0 13 19 20 23 24 13
 5.750000E+02 5 0 0 0 0 0 0 0 0 1 0 0 13 17 15 20 18 22
 5.755000E+02 7 0 0 1 0 0 0 0 0 0 0 0 10 22 14 18 13 17
 5.760000E+02 6 0 0 0 0 0 0 0 0 1 0 0 15 22 17 19 15 19
 5.765000E+02 8 0 0 0 0 0 0 0 0 1 0 0 13 20 15 17 12 24
 5.770000E+02 6 0 0 0 0 0 0 0 0 0 0 0 21 22 18 13 9 19
 5.775000E+02 14 0 0 0 0 0 0 0 0 0 0 0 13 23 16 18 9 20
 5.780000E+02 1 0 0 0 0 0 0 0 0 0 0 0 20 19 15 23 11 17
 5.785000E+02 10 0 0 0 0 0 0 0 0 0 0 0 14 23 18 20 14 17
 5.790000E+02 5 0 0 0 0 0 0 0 0 0 0 0 15 19 16 22 12 22
 5.795000E+02 8 0 0 0 0 0 0 0 0 0 0 0 16 18 17 11 11 28
 5.800000E+02 4 0 0 0 0 0 0 0 0 0 0 0 24 16 12 16 13 24
 5.805000E+02 9 0 0 0 0 0 0 1 0 0 0 0 20 16 16 20 11 20
 5.810000E+02 9 0 0 0 0 0 0 0 0 0 0 0 20 13 16 23 16 20
 5.815000E+02 6 0 0 0 0 0 0 0 0 0 0 0 24 16 14 19 18 13
 5.820000E+02 9 0 0 0 0 0 0 0 0 2 0 0 23 20 13 17 21 17
 5.825000E+02 12 0 0 0 0 0 0 0 0 1 0 0 26 21 11 12 19 14
 5.830000E+02 6 0 0 0 0 0 0 0 0 1 0 0 26 19 19 17 15 5
 5.835000E+02 9 0 0 0 0 0 0 0 0 1 0 0 20 18 18 18 19 10
 5.840000E+02 8 0 0 0 0 0 0 0 0 1 0 0 18 20 13 15 18 17
 5.845000E+02 7 0 0 0 0 0 0 0 0 1 0 0 21 13 13 15 18 17
 5.850000E+02 11 0 0 0 0 0 0 0 0 0 0 0 14 11 13 18 17 21
 5.855000E+02 6 0 0 0 0 0 0 0 0 0 0 0 14 15 15 16 18 24
 5.860000E+02 13 0 0 0 0 0 0 0 0 0 0 0 15 18 15 14 12 22
 5.865000E+02 8 0 0 0 0 0 0 0 0 0 0 0 13 21 14 14 19 18
 5.870000E+02 10 0 0 0 0 0 0 0 0 0 0 0 24 23 12 15 11 18
 5.875000E+02 9 0 0 0 0 0 0 0 0 0 0 0 19 22 16 19 20 20
 5.880000E+02 10 0 0 0 0 0 0 0 0 0 0 0 20 19 16 16 15 17
 5.885000E+02 2 0 0 0 0 0 0 0 0 0 0 0 18 18 16 17 23 14
 5.890000E+02 9 0 0 0 0 0 0 0 0 0 0 0 21 12 13 19 20 20
 5.895000E+02 8 0 0 0 0 0 0 0 0 0 0 0 14 10 22 23 16 22
 5.900000E+02 4 0 0 0 0 0 0 0 0 0 0 0 17 10 24 14 23 15
 5.905000E+02 7 0 0 0 0 0 0 0 0 0 0 0 25 10 25 16 20 16
 5.910000E+02 3 0 0 0 0 0 0 0 0 0 0 0 20 13 26 17 20 17
 5.915000E+02 9 0 0 0 0 0 0 0 0 0 0 0 21 15 24 19 15 14
 5.920000E+02 5 0 0 0 0 0 0 0 0 0 0 0 24 16 23 23 12 12
 5.925000E+02 9 0 0 0 0 0 0 0 0 0 0 0 12 17 22 22 17 17
 5.930000E+02 9 0 0 0 0 0 0 0 0 0 0 0 17 18 16 18 20 15
 5.935000E+02 12 0 0 0 0 0 0 0 0 0 0 0 20 21 16 21 12 16
 5.940000E+02 3 0 0 0 0 0 0 0 0 0 0 0 15 17 16 20 11 19
 5.945000E+02 7 0 0 0 0 0 0 0 0 0 0 0 15 17 18 15 12 19
 5.950000E+02 7 0 0 0 0 0 0 0 0 0 0 0 23 17 18 20 13 16
 5.955000E+02 11 0 0 0 0 0 0 0 0 0 0 0 26 20 13 20 13 12
 5.960000E+02 10 0 0 0 0 0 0 0 0 0 0 0 20 18 16 20 12 18
 5.965000E+02 8 0 0 0 0 0 0 1 0 0 0 0 21 17 15 18 19 14
 5.970000E+02 15 0 0 0 0 0 0 0 0 0 0 0 11 20 12 15 20 15
 5.975000E+02 3 0 0 0 0 0 0 0 0 0 0 0 16 22 16 22 10 15
 5.980000E+02 9 0 0 0 0 0 0 0 0 0 0 0 20 22 14 24 15 13
 5.985000E+02 8 0 0 0 0 0 0 0 0 0 0 0 14 17 13 19 19 16
 5.990000E+02 10 0 0 0 0 0 0 0 0 0 0 0 12 17 16 24 22 21
 5.995000E+02 7 0 0 0 0 0 0 0 0 0 0 0 14 17 21 18 25 17
 6.000000E+02 3 0 0 0 0 0 0 0 0 1 0 0 19 18 23 17 17 20
 6.005000E+02 8 0 0 0 0 0 0 0 0 0 0 0 16 12 15 18 14 16
 6.010000E+02 13 0 0 0 0 0 0 0 0 0 0 0 21 10 24 19 17 13
 6.015000E+02 9 0 0 0 0 0 0 0 0 0 0 0 17 14 23 19 18 15
 6.020000E+02 17 0 0 0 0 0 0 0 0 0 0 0 15 17 22 21 17 15
 6.025000E+02 15 0 0 0 0 0 0 0 0 0 0 0 18 15 23 19 10 17
 6.030000E+02 10 0 0 0 0 0 0 0 0 0 0 0 21 14 14 14 18 14
 6.035000E+02 7 0 0 0 0 0 0 0 0 0 0 0 17 16 17 16 20 14
 6.040000E+02 11 0 0 0 0 0 0 0 0 0 0 0 19 18 23 20 16 13
 6.045000E+02 14 0 0 0 0 0 0 0 0 0 0 0 20 17 20 16 17 16
 6.050000E+02 9 0 0 0 0 0 0 0 0 0 0 0 14 20 27 18 12 17
 6.055000E+02 12 0 0 0 0 0 0 0 0 0 0 0 12 20 23 19 14 12
 6.060000E+02 12 0 0 0 0 0 0 0 0 0 0 0 14 16 17 18 17 16
 6.065000E+02 7 0 0 0 0 0 0 0 0 0 0 0 12 21 23 20 19 17
 6.070000E+02 7 0 0 0 0 0 0 0 0 0 0 0 16 13 20 20 14 24
 6.075000E+02 4 0 0 0 0 0 0 0 0 1 0 0 18 14 16 20 15 18
 6.080000E+02 5 0 0 0 0 1 0 0 0 0 0 0 14 14 13 21 15 20
 6.085000E+02 10 0 0 0 0 0 0 0 0 1 0 0 15 19 14 19 19 17
 6.090000E+02 10 0 0 1 0 0 0 0 0 0 0 0 16 18 18 18 16 18
 6.095000E+02 7 0 0 0 0 0 0 0 0 1 0 0 21 19 20 11 11 19
 6.100000E+02 9 0 0 0 0 0 0 2 0 0 0 0 20 11 14 16 17 20
 6.105000E+02 14 0 0 0 0 0 0 1 0 0 0 0 20 14 14 22 15 22
 6.110000E+02 6 0 0 0 0 0 0 0 0 2 0 0 18 18 12 15 15 17
 6.115000E+02 11 0 0 0 0 0 0 1 0 1 0 0 14 23 15 12 16 19
 6.120000E+02 5 0 0 0 0 0 0 0 0 1 0 0 17 22 16 17 20 15
 6.125000E+02 4 0 0 0 0 0 0 0 0 1 0 0 25 20 15 10 20 15
 6.130000E+02 4 0 0 0 0 0 0 0 0 1 0 0 25 15 13 17 18 14
 6.135000E+02 15 0 0 0 0 0 0 0 0 1 0 0 22 16 14 16 9 17
 6.140000E+02 9 0 0 0 0 0 0 0 0 1 0 0 21 14 17 19 15 10
 6.145000E+02 7 0 0 0 0 0 0 0 0 0 0 0 13 16 18 22 9 19
 6.150000E+02 7 0 0 0 0 0 0 0 0 0 0 0 18 20 17 20 13 16
 6.155000E+02 5 0 0 0 0 0 0 0 0 0 0 0 14 20 20 17 13 20
 6.160000E+02 10 0 0 0 0 0 0 0 0 0 0 0 16 18 21 14 18 23
 6.165000E+02 10 0 0 0 0 0 0 0 0 0 0 0 15 18 19 19 16 23
 6.170000E+02 12 0 0 0 0 0 0 0 0 0 0 0 14 20 17 22 17 20
 6.175000E+02 8 0 0 0 0 0 0 0 0 1 0 0 22 16 15 15 19 24
 6.180000E+02 9 0 0 0 0 0 0 0 0 1 0 0 21 12 14 14 19 20
 6.185000E+02 10 0 0 0 0 0 0 0 0 1 0 0 19 15 22 13 19 14
 6.190000E+02 6 0 0 0 0 0 0 1 0 0 0 0 15 13 20 17 24 18
 6.195000E+02 9 0 0 0 0 0 0 0 0 0 0 0 22 17 14 10 18 15
 6.200000E+02 8 0 0 0 0 0 0 0 0 2 0 0 18 12 16 16 23 14
 6.205000E+02 9 0 0 0 0 0 0 0 0 3 0 0 16 22 15 16 24 18
 6.210000E+02 9 0 0 1 0 0 0 0 0 2 0 0 23 16 13 16 23 21
 6.215000E+02 13 0 0 0 0 0 0 0 0 0 0 0 23 14 22 14 16 21
 6.220000E+02 12 0 0 0 0 0 0 0 0 0 0 0 19 21 21 14 17 17
 6.225000E+02 12 0 0 0 0 0 0 0 0 0 0 0 20 21 20 16 19 19
 6.230000E+02 9 0 0 0 0 0 0 0 0 0 0 0 21 19 15 17 22 16
 6.235000E+02 8 0 0 0 0 0 0 0 0 1 0 0 18 18 18 12 18 21
 6.240000E+02 12 0 0 0 0 0 0 0 0 1 0 0 22 15 18 13 18 18
 6.245000E+02 14 0 0 0 0 0 0 0 0 1 0 0 25 17 14 15 17 17
 6.250000E+02 14 0 0 0 0 0 0 0 0 1 0 0 22 16 17 13 21 16
 6.255000E+02 11 0 0 0 0 0 0 0 0 0 0 0 20 15 17 12 19 20
 6.260000E+02 12 0 0 0 0 0 0 0 0 1 0 0 24 16 16 16 19 19
 6.265000E+02 7 0 0 0 0 0 0 0 0 0 0 0 24 12 19 14 21 16
 6.270000E+02 12 0 0 0 0 0 0 0 0 0 0 0 23 15 15 12 29 20
 6.275000E+02 7 0 0 0 0 0 0 0 0 1 0 0 17 12 26 9 24 14
 6.280000E+02 8 0 0 0 0 0 0 0 0 0 0 0 21 15 20 15 27 18
 6.285000E+02 7 0 0 0 0 0 0 1 0 0 0 0 19 16 20 19 22 18
 6.290000E+02 12 0 0 0 0 0 0 0 0 0 0 0 13 18 24 16 17 27
 6.295000E+02 11 0 0 0 0 0 0 0 0 0 0 0 10 19 24 17 18 19
 6.300000E+02 9 0 0 0 0 0 0 0 0 1 0 0 12 20 23 17 16 17
 6.305000E+02 15 0 0 0 0 0 0 1 0 0 0 0 13 17 19 15 21 22
 6.310000E+02 13 0 0 0 0 0 0 1 0 1 0 0 13 12 15 17 23 22
 6.315000E+02 7 0 0 0 0 0 0 0 0 2 0 0 18 20 13 20 25 18
 6.320000E+02 8 0 0 0 0 0 0 0 0 1 0 0 17 23 17 17 15 22
 6.325000E+02 7 0 0 0 0 0 0 0 0 0 0 0 18 23 18 14 25 19
 6.330000E+02 9 0 0 0 0 0 0 0 0 0 0 0 18 19 10 24 20 19
 6.335000E+02 9 0 0 0 0 0 0 0 0 0 0 0 18 18 17 18 19 25
 6.340000E+02 9 0 0 0 0 0 0 0 0 0 0 0 19 16 17 18 23 22
 6.345000E+02 5 0 0 0 0 0 0 0 0 0 0 0 18 11 20 17 10 20
 6.350000E+02 17 0 0 0 0 0 0 0 0 0 0 0 15 24 22 11 20 19
 6.355000E+02 5 0 0 0 0 0 0 0 0 0 0 0 24 20 20 12 23 19
 6.360000E+02 9 0 0 0 0 0 0 0 0 0 0 0 23 18 17 7 17 15
 6.365000E+02 6 0 0 0 0 0 0 0 0 0 0 0 18 23 12 14 17 16
 6.370000E+02 14 0 0 0 0 0 0 0 0 0 0 0 14 22 16 17 18 17
 6.375000E+02 10 0 0 0 0 0 0 0 0 0 0 0 15 25 11 17 16 21
 6.380000E+02 7 0 0 0 0 0 0 0 0 0 0 0 17 23 13 12 18 19
 6.385000E+02 14 0 0 0 0 0 0 0 0 0 0 0 21 19 10 12 21 15
 6.390000E+02 6 0 0 0 0 0 0 0 0 1 0 0 19 23 18 18 15 14
 6.395000E+02 10 0 0 0 0 0 0 0 0 1 0 0 17 16 12 18 20 20
 6.400000E+02 5 0 0 0 0 0 0 0 0 0 0 0 16 13 13 16 18 26
 6.405000E+02 12 0 0 0 0 0 0 0 0 0 0 0 21 17 10 14 15 25
 6.410000E+02 10 0 0 0 0 0 0 0 0 0 0 0 20 22 20 13 16 18
 6.415000E+02 5 0 0 0 0 0 0 0 0 0 0 0 17 30 16 15 16 16
 6.420000E+02 10 0 0 0 0 0 0 0 0 1 0 0 16 26 12 20 21 13
 6.425000E+02 10 0 0 0 0 0 0 0 0 1 0 0 13 14 15 22 24 19
 6.430000E+02 8 0 0 0 0 0 0 0 0 1 0 0 7 13 18 28 20 17
 6.435000E+02 7 0 0 0 0 0 0 0 0 0 0 0 10 19 20 27 15 19
 6.440000E+02 10 0 0 0 0 0 0 0 0 0 0 0 8 23 24 22 13 16
 6.445000E+02 8 0 0 0 0 0 0 0 0 0 0 0 10 18 19 17 10 17
 6.450000E+02 9 0 0 0 0 0 0 0 0 0 0 0 10 15 22 15 14 18
 6.455000E+02 8 0 0 0 0 0 0 0 0 0 0 0 16 19 13 26 12 21
 6.460000E+02 9 0 0 0 0 0 0 0 0 0 0 0 16 19 15 21 21 26
 6.465000E+02 3 0 0 0 0 0 0 0 0 0 0 0 14 20 21 22 14 15
 6.470000E+02 11 0 0 0 0 0 0 0 0 0 0 0 14 17 20 17 15 14
 6.475000E+02 15 0 0 0 0 0 0 0 0 0 0 0 18 15 21 11 26 15
 6.480000E+02 12 0 0 0 0 0 0 0 0 1 0 0 11 20 15 16 29 15
 6.485000E+02 12 0 0 0 0 0 0 0 0 1 0 0 17 22 11 24 20 9
 6.490000E+02 9 0 0 0 0 0 0 0 0 2 0 0 22 20 11 22 16 9
 6.495000E+02 7 0 0 0 0 0 0 1 0 1 0 0 20 21 9 29 16 21
 6.500000E+02 10 0 0 0 0 0 0 1 0 1 0 0 24 20 14 29 19 17
 6.505000E+02 5 0 0 0 0 0 0 0 0 1 0 0 15 21 23 18 20 19
 6.510000E+02 10 0 0 0 0 0 0 0 0 1 0 0 13 20 18 18 16 23
 6.515000E+02 13 0 0 0 0 0 0 0 0 0 0 0 13 25 16 13 14 21
 6.520000E+02 12 0 0 0 0 0 0 0 0 0 0 0 19 19 23 22 13 17
 6.525000E+02 16 0 0 0 0 0 0 0 0 0 0 0 20 21 17 17 11 17
 6.530000E+02 11 0 0 0 0 0 0 0 0 0 0 0 14 20 18 23 13 18
 6.535000E+02 7 0 0 0 0 0 0 0 0 0 0 0 18 18 14 13 26 17
 6.540000E+02 10 0 0 0 0 0 0 0 0 0 0 0 14 17 16 11 26 17
 6.545000E+02 8 0 0 0 0 0 0 0 0 0 0 0 19 21 18 11 21 16
 6.550000E+02 4 0 0 0 0 0 0 0 0 1 0 0 15 15 15 12 23 21
 6.555000E+02 9 0 0 0 0 0 0 1 0 0 0 0 17 12 14 14 23 19
 6.560000E+02 7 0 0 0 0 0 0 0 0 1 0 0 15 22 18 14 18 12
 6.565000E+02 12 0 0 0 0 0 0 1 0 1 0 0 18 22 20 13 13 18
 6.570000E+02 9 0 0 0 0 0 0 1 0 1 0 0 18 18 15 21 11 18
 6.575000E+02 7 0 0 0 0 0 0 0 0 1 0 0 17 14 18 30 17 10
 6.580000E+02 8 0 0 0 0 0 0 0 0 0 0 0 15 12 16 21 17 18
 6.585000E+02 6 0 0 0 0 0 0 0 0 0 0 0 13 10 18 22 17 16
 6.590000E+02 6 0 0 0 0 0 0 0 0 0 0 0 13 12 16 25 20 22
 6.595000E+02 11 0 0 0 0 0 0 0 0 0 0 0 12 9 20 24 21 16
 6.600000E+02 9 0 0 0 0 0 0 0 0 0 0 0 13 17 18 20 14 20
 6.605000E+02 17 0 0 0 0 0 0 0 0 0 0 0 24 18 15 15 13 21
 6.610000E+02 13 0 0 0 0 0 0 0 0 0 0 0 15 19 21 15 17 19
 6.615000E+02 9 0 0 0 0 0 0 0 0 0 0 0 22 19 19 17 17 16
 6.620000E+02 11 0 0 0 0 0 0 0 0 0 0 0 25 18 19 11 20 14
 6.625000E+02 14 0 0 0 0 0 0 0 0 0 0 0 27 16 16 13 15 12
 6.630000E+02 7 0 0 0 0 0 0 0 0 0 0 0 26 13 14 14 20 12
 6.635000E+02 9 0 0 0 0 0 0 0 0 0 0 0 17 16 20 13 16 15
 6.640000E+02 10 0 0 0 0 0 0 0 0 0 0 0 17 13 25 15 12 15
 6.645000E+02 10 0 0 0 0 0 0 0 0 0 0 0 21 13 16 16 16 13
 6.650000E+02 12 0 0 0 0 0 0 0 0 2 0 0 19 17 20 16 14 18
 6.655000E+02 8 0 0 0 0 0 0 0 0 2 0 0 13 12 20 12 13 14
 6.660000E+02 7 0 0 0 0 0 0 0 0 2 0 0 15 13 18 13 22 24
 6.665000E+02 10 0 0 0 0 0 0 0 0 1 0 0 15 15 21 15 18 22
 6.670000E+02 7 0 0 0 0 0 0 0 0 1 0 0 18 19 13 16 13 10
 6.675000E+02 6 0 0 0 0 0 0 0 0 1 0 0 19 17 6 18 11 17
 6.680000E+02 8 0 0 0 0 0 0 0 0 1 0 0 16 18 14 21 15 16
 6.685000E+02 6 0 0 0 0 0 0 0 0 1 0 0 10 20 12 19 18 9
 6.690000E+02 8 0 0 0 0 0 0 1 0 0 0 0 22 20 13 18 16 9
 6.695000E+02 6 0 0 0 0 0 0 1 0 0 0 0 22 17 12 16 25 10
 6.700000E+02 6 0 0 0 0 0 0 0 0 1 0 0 23 13 17 18 21 17
 6.705000E+02 9 0 0 0 0 0 0 0 0 1 0 0 24 13 14 20 20 13
 6.710000E+02 8 0 0 0 0 0 0 0 0 0 0 0 17 21 14 22 20 18
 6.715000E+02 5 0 0 0 0 0 0 0 0 0 0 0 8 18 14 24 22 22
 6.720000E+02 6 0 0 0 0 0 0 0 0 0 0 0 13 18 12 16 17 22
 6.725000E+02 13 0 0 0 0 0 0 0 0 0 0 0 17 15 21 19 16 18
 6.730000E+02 5 0 0 0 0 0 0 0 0 0 0 0 22 17 12 12 22 16
 6.735000E+02 7 0 0 0 0 0 0 0 0 0 0 0 20 17 24 12 23 18
 6.740000E+02 7 0 0 0 0 0 0 0 0 0 0 0 17 14 17 18 17 16
 6.745000E+02 15 0 0 0 0 0 0 0 0 0 0 0 17 8 16 24 15 18
 6.750000E+02 10 0 0 0 0 0 0 0 0 0 0 0 14 12 18 18 14 17
 6.755000E+02 9 0 0 0 0 0 0 0 0 0 0 0 13 16 14 16 19 18
 6.760000E+02 13 0 0 0 0 0 0 0 0 0 0 0 21 18 14 14 25 18
 6.765000E+02 5 0 0 0 0 0 0 0 0 0 0 0 23 15 18 16 17 19
 6.770000E+02 5 0 0 0 0 0 0 0 0 0 0 0 23 15 18 20 12 16
 6.775000E+02 6 0 0 0 0 0 0 0 0 0 0 0 20 18 16 12 6 23
 6.780000E+02 5 0 0 0 0 0 0 0 0 0 0 0 17 21 15 21 16 18
 6.785000E+02 12 0 0 0 0 0 0 0 0 0 0 0 17 16 15 18 14 20
 6.790000E+02 8 0 0 0 0 0 0 0 0 0 0 0 18 12 10 23 15 22
 6.795000E+02 10 0 0 0 0 0 0 0 0 0 0 0 13 13 16 19 25 16
 6.800000E+02 6 0 0 0 0 0 0 0 0 0 0 0 17 11 13 22 22 10
 6.805000E+02 8 0 0 0 0 0 0 0 0 0 0 0 21 18 13 22 22 8
 6.810000E+02 10 0 0 0 0 0 0 0 0 0 0 0 18 8 18 25 21 12
 6.815000E+02 8 0 0 0 0 0 0 0 0 0 0 0 14 18 15 18 19 15
 6.820000E+02 10 0 0 0 0 0 0 0 0 0 0 0 17 17 17 17 20 17
 6.825000E+02 7 0 0 0 0 0 0 0 0 1 0 0 19 14 16 22 16 15
 6.830000E+02 9 0 0 0 0 0 0 0 0 0 0 0 11 12 16 20 21 24
 6.835000E+02 7 0 0 0 0 0 0 0 0 0 0 0 14 16 18 17 17 20
 6.840000E+02 14 0 0 0 0 0 0 0 0 0 0 0 14 21 18 21 14 14
 6.845000E+02 6 0 0 0 0 0 0 0 0 0 0 0 20 18 23 14 13 14
 6.850000E+02 9 0 0 0 0 0 0 0 0 0 0 0 17 14 21 18 10 14
 6.855000E+02 9 0 0 0 0 0 0 0 0 0 0 0 15 17 20 19 11 16
 6.860000E+02 4 0 0 0 0 0 0 0 0 0 0 0 15 12 24 17 12 15
 6.865000E+02 11 0 0 0 0 0 0 0 0 0 0 0 20 13 23 16 15 16
 6.870000E+02 6 0 0 0 0 0 0 0 0 0 0 0 24 13 23 24 18 18
 6.875000E+02 9 0 0 0 0 0 0 0 0 0 0 0 21 11 15 14 14 19
 6.880000E+02 10 0 0 0 0 0 0 0 0 0 0 0 20 12 19 11 16 21
 6.885000E+02 12 0 0 0 0 0 0 0 0 0 0 0 23 12 19 13 15 18
 6.890000E+02 6 0 0 0 0 0 0 0 0 0 0 0 18 18 15 12 13 16
 6.895000E+02 12 0 0 0 0 0 0 0 0 0 0 0 18 19 18 10 15 18
 6.900000E+02 14 0 0 0 0 0 0 0 0 0 0 0 20 20 19 12 14 17
 6.905000E+02 6 0 0 0 0 0 0 0 0 0 0 0 16 20 19 18 18 21
 6.910000E+02 8 0 0 0 0 0 0 0 0 0 0 0 17 19 12 15 14 23
 6.915000E+02 8 0 0 0 0 0 0 0 0 0 0 0 22 23 15 14 10 17
 6.920000E+02 7 0 0 0 0 0 0 0 0 1 0 0 18 20 11 19 15 11
 6.925000E+02 12 0 0 0 0 0 0 0 0 0 0 0 16 14 9 21 11 13
 6.930000E+02 8 0 0 0 0 0 0 0 0 0 0 0 28 14 11 22 13 14
 6.935000E+02 10 0 0 0 0 0 0 0 0 0 0 0 20 12 9 18 21 22
 6.940000E+02 4 0 0 0 0 0 0 0 0 1 0 0 21 16 8 18 16 14
 6.945000E+02 4 0 0 0 0 0 0 0 0 1 0 0 13 22 14 22 15 15
 6.950000E+02 14 0 0 0 0 0 0 0 0 1 0 0 12 13 11 17 21 15
 6.955000E+02 9 0 0 0 0 0 0 1 0 0 0 0 14 13 15 12 24 11
 6.960000E+02 10 0 0 1 0 0 0 0 0 0 0 0 19 16 17 15 11 11
 6.965000E+02 8 0 0 0 0 0 0 0 0 2 0 0 20 14 13 13 19 13
 6.970000E+02 7 0 0 0 0 0 0 0 0 1 0 0 17 19 19 17 19 20
 6.975000E+02 18 0 0 0 0 0 0 0 0 0 0 0 15 27 14 18 15 17
 6.980000E+02 6 0 0 0 0 0 0 0 0 1 0 0 17 15 17 22 12 20
 6.985000E+02 10 0 0 1 0 0 0 0 0 1 0 0 16 18 16 15 19 18
 6.990000E+02 10 0 0 0 0 1 0 0 0 0 0 0 22 22 22 18 13 21
 6.995000E+02 9 0 0 0 0 0 0 0 0 0 0 0 21 16 23 19 5 18
 7.000000E+02 10 0 0 0 0 0 0 0 0 0 0 0 23 14 20 24 7 18
