# time 'Ca' 'D34:75:137_PP2ACa' 'D34:75:137_PP2APCa' 'D34:75_PP2ACa' 'D34:75_PP2APCa' 'D75:137_PP2ACa' 'D75:137_PP2APCa' 'D75_PP2ACa' 'D75_PP2APCa' 'PP2ACa' 'PP2ACa_PKA' 'PP2APCa' 'PP2BinactiveCa2_1' 'PP2BinactiveCa2_2' 'PP2BinactiveCa2_3' 'PP2BinactiveCa2_4' 'PP2BinactiveCa2_5' 'PP2BinactiveCa2_6'
 0.000000E+00 0 0 0 0 0 0 0 0 0 0 0 0 0 0 0 0 0 0
 5.000000E-01 3 0 0 0 0 0 0 0 0 0 0 0 0 0 0 0 0 1
 1.000000E+00 2 0 0 0 0 0 0 0 0 0 0 0 0 0 0 2 3 1
 1.500000E+00 0 0 0 0 0 0 0 0 0 0 0 0 0 0 1 2 5 1
 2.000000E+00 1 0 0 0 0 0 0 0 0 0 0 0 1 2 1 3 3 1
 2.500000E+00 1 0 0 0 0 0 0 0 0 0 0 0 2 2 1 4 2 1
 3.000000E+00 6 0 0 0 0 0 0 0 0 0 0 0 2 2 0 4 2 2
 3.500000E+00 3 0 0 0 0 0 0 0 0 0 0 0 5 3 2 2 2 1
 4.000000E+00 0 0 0 0 0 0 0 0 0 0 0 0 3 3 4 3 3 1
 4.500000E+00 3 0 0 0 0 0 0 0 0 0 0 0 3 3 4 0 5 0
 5.000000E+00 5 0 0 0 0 0 0 0 0 0 0 0 5 3 4 3 7 1
 5.500000E+00 2 0 0 0 0 0 0 0 0 1 0 0 5 3 2 5 9 4
 6.000000E+00 7 0 0 0 0 0 0 0 0 0 0 0 5 3 3 5 6 5
 6.500000E+00 3 0 0 0 0 0 0 0 0 0 0 0 5 5 5 6 4 5
 7.000000E+00 2 0 0 0 0 0 0 0 0 0 0 0 6 7 5 7 3 4
 7.500000E+00 5 0 0 0 0 0 0 0 0 0 0 0 6 3 7 8 3 7
 8.000000E+00 4 0 0 0 0 0 0 0 0 0 0 0 8 5 6 4 2 8
 8.500000E+00 2 0 0 0 0 0 0 0 0 1 0 0 9 8 4 5 2 9
 9.000000E+00 4 0 0 0 0 0 0 0 0 1 0 0 5 10 6 8 2 8
 9.500000E+00 3 0 0 0 0 0 0 0 0 0 0 0 6 10 4 8 3 6
 1.000000E+01 5 0 0 0 0 0 0 0 0 0 0 0 9 8 6 8 2 11
 1.050000E+01 4 0 0 0 0 0 0 0 0 0 0 0 7 12 9 10 4 5
 1.100000E+01 8 0 0 0 0 0 0 0 0 0 0 0 5 11 5 11 8 5
 1.150000E+01 4 0 0 0 0 0 0 0 0 0 0 0 9 5 9 14 8 5
 1.200000E+01 6 0 0 0 0 0 0 0 0 0 0 0 11 5 4 13 12 6
 1.250000E+01 6 0 0 0 0 0 0 0 0 0 0 0 9 6 8 14 7 8
 1.300000E+01 4 0 0 0 0 0 0 0 0 1 0 0 9 10 7 16 8 9
 1.350000E+01 2 0 0 0 0 0 0 0 0 1 0 0 11 13 11 9 7 9
 1.400000E+01 7 0 0 0 0 0 0 0 0 1 0 0 12 9 11 8 11 7
 1.450000E+01 7 0 0 0 0 0 0 0 0 0 0 0 6 13 7 11 12 6
 1.500000E+01 3 0 0 0 0 0 0 0 0 0 0 0 10 8 11 13 15 8
 1.550000E+01 5 0 0 0 0 0 0 0 0 0 0 0 13 5 12 9 9 10
 1.600000E+01 9 0 0 0 0 0 0 0 0 0 0 0 12 10 10 10 5 8
 1.650000E+01 7 0 0 0 0 0 0 0 0 0 0 0 11 9 11 11 5 9
 1.700000E+01 5 0 0 0 0 0 0 0 0 0 0 0 10 10 13 9 11 13
 1.750000E+01 8 0 0 0 0 0 0 0 0 0 0 0 14 13 9 7 10 15
 1.800000E+01 9 0 0 0 0 0 0 0 0 0 0 0 12 12 10 11 12 17
 1.850000E+01 4 0 0 0 0 0 0 0 0 0 0 0 8 14 13 13 16 9
 1.900000E+01 6 0 0 0 0 0 0 0 0 0 0 0 15 9 14 9 14 9
 1.950000E+01 4 0 0 0 0 0 0 0 0 0 0 0 14 14 12 15 12 7
 2.000000E+01 4 0 0 0 0 0 0 0 0 0 0 0 10 7 9 16 18 11
 2.050000E+01 6 0 0 0 0 0 0 0 0 0 0 0 7 9 14 15 22 11
 2.100000E+01 6 0 0 0 0 0 0 0 0 0 0 0 10 13 13 12 15 10
 2.150000E+01 8 0 0 0 0 0 0 0 0 0 0 0 10 15 12 10 15 11
 2.200000E+01 9 0 0 0 0 0 0 0 0 0 0 0 11 11 14 13 11 10
 2.250000E+01 6 0 0 0 0 0 0 0 0 0 0 0 12 11 21 13 10 9
 2.300000E+01 7 0 0 0 0 0 0 0 0 0 0 0 10 11 18 13 12 13
 2.350000E+01 4 0 0 0 0 0 0 0 0 2 0 0 14 16 16 16 10 10
 2.400000E+01 7 0 0 0 0 0 0 0 0 2 0 0 18 16 9 10 11 12
 2.450000E+01 7 0 0 0 0 0 0 1 0 1 0 0 21 15 13 13 9 12
 2.500000E+01 12 0 0 0 0 0 0 0 0 0 0 0 20 10 13 11 9 11
 2.550000E+01 9 0 0 0 0 0 0 0 0 0 0 0 18 16 13 10 12 8
 2.600000E+01 2 0 0 0 0 0 0 0 0 0 0 0 14 17 14 13 12 15
 2.650000E+01 5 0 0 0 0 0 0 0 0 0 0 0 15 15 15 13 9 9
 2.700000E+01 6 0 0 0 0 0 0 0 0 1 0 0 19 15 13 15 14 7
 2.750000E+01 7 0 0 0 0 0 0 1 0 0 0 0 12 16 12 20 11 12
 2.800000E+01 4 0 0 0 0 0 0 0 0 1 0 0 17 15 10 14 12 13
 2.850000E+01 7 0 0 0 0 0 0 0 0 2 0 0 19 17 11 11 11 14
 2.900000E+01 5 0 0 0 0 0 0 1 0 1 0 0 17 19 8 15 11 12
 2.950000E+01 8 0 0 0 0 0 0 0 0 3 0 0 16 17 11 13 16 12
 3.000000E+01 7 0 0 0 0 0 0 0 0 2 0 0 12 15 13 13 16 15
 3.050000E+01 2 0 0 0 0 0 0 0 0 2 0 0 14 11 17 12 17 18
 3.100000E+01 8 0 0 0 0 0 0 0 0 0 0 0 14 18 14 11 12 18
 3.150000E+01 7 0 0 0 0 0 0 0 0 0 0 0 13 15 14 10 14 16
 3.200000E+01 9 0 0 0 0 0 0 0 0 0 0 0 16 18 12 16 13 12
 3.250000E+01 6 0 0 0 0 0 0 0 0 0 0 0 15 16 15 23 14 17
 3.300000E+01 7 0 0 0 0 0 0 0 0 0 0 0 9 17 13 19 14 15
 3.350000E+01 6 0 0 0 0 0 0 0 0 0 0 0 12 15 15 17 13 20
 3.400000E+01 7 0 0 0 0 0 0 0 0 0 0 0 14 14 15 14 13 12
 3.450000E+01 6 0 0 0 0 0 0 0 0 0 0 0 13 12 16 16 15 14
 3.500000E+01 10 0 0 0 0 0 0 0 0 0 0 0 17 11 22 16 17 13
 3.550000E+01 9 0 0 0 0 0 0 0 0 0 0 0 15 9 20 12 13 17
 3.600000E+01 10 0 0 0 0 0 0 0 0 0 0 0 12 16 18 15 16 13
 3.650000E+01 8 0 0 0 0 0 0 0 0 0 0 0 9 20 9 17 8 15
 3.700000E+01 4 0 0 0 0 0 0 0 0 0 0 0 15 18 18 14 15 14
 3.750000E+01 7 0 0 0 0 0 0 0 0 0 0 0 19 18 12 15 12 12
 3.800000E+01 9 0 0 0 0 0 0 0 0 0 0 0 16 19 17 17 17 16
 3.850000E+01 9 0 0 0 0 0 0 0 0 0 0 0 18 17 16 13 16 12
 3.900000E+01 10 0 0 0 0 0 0 0 0 0 0 0 16 17 12 13 17 15
 3.950000E+01 6 0 0 0 0 0 0 0 0 0 0 0 15 18 11 15 15 18
 4.000000E+01 5 0 0 0 0 0 0 0 0 0 0 0 18 13 10 19 13 22
 4.050000E+01 4 0 0 0 0 0 0 0 0 0 0 0 9 15 17 15 18 23
 4.100000E+01 7 0 0 0 0 0 0 0 0 0 0 0 16 11 25 13 19 18
 4.150000E+01 5 0 0 0 0 0 0 0 0 0 0 0 15 15 21 10 17 12
 4.200000E+01 6 0 0 0 0 0 0 0 0 0 0 0 19 14 17 18 13 15
 4.250000E+01 5 0 0 0 0 0 0 0 0 0 0 0 15 19 24 17 13 18
 4.300000E+01 8 0 0 0 0 0 0 0 0 0 0 0 18 18 23 14 11 16
 4.350000E+01 5 0 0 0 0 0 0 0 0 0 0 0 18 13 29 11 14 14
 4.400000E+01 6 0 0 0 0 0 0 0 0 1 0 0 10 14 23 12 14 14
 4.450000E+01 4 0 0 0 0 0 0 0 0 1 0 0 8 15 24 13 8 20
 4.500000E+01 11 0 0 0 0 0 0 0 0 0 0 0 13 12 16 11 19 20
 4.550000E+01 8 0 0 0 0 0 0 0 0 0 0 0 20 15 19 12 18 20
 4.600000E+01 6 0 0 0 0 0 0 0 0 0 0 0 23 15 17 13 18 15
 4.650000E+01 8 0 0 0 0 0 0 0 0 0 0 0 22 18 14 10 17 11
 4.700000E+01 9 0 0 0 0 0 0 0 0 0 0 0 19 17 17 14 20 10
 4.750000E+01 12 0 0 0 0 0 0 0 0 0 0 0 20 17 14 11 23 7
 4.800000E+01 8 0 0 0 0 0 0 0 0 0 0 0 21 19 15 16 20 12
 4.850000E+01 4 0 0 0 0 0 0 0 0 0 0 0 19 16 17 17 16 13
 4.900000E+01 4 0 0 0 0 0 0 0 0 0 0 0 11 16 21 18 8 19
 4.950000E+01 11 0 0 0 0 0 0 0 0 0 0 0 13 15 17 24 14 11
 5.000000E+01 8 0 0 0 0 0 0 0 0 0 0 0 15 13 14 18 20 16
 5.050000E+01 10 0 0 0 0 0 0 0 0 0 0 0 18 11 10 24 17 18
 5.100000E+01 5 0 0 0 0 0 0 0 0 0 0 0 22 15 11 18 22 16
 5.150000E+01 14 0 0 0 0 0 0 0 0 0 0 0 14 15 17 13 16 18
 5.200000E+01 9 0 0 0 0 0 0 0 0 1 0 0 18 19 15 18 17 20
 5.250000E+01 8 0 0 0 0 0 0 1 0 0 0 0 11 18 16 20 16 18
 5.300000E+01 5 0 0 0 0 0 0 0 0 1 0 0 12 19 13 14 15 21
 5.350000E+01 7 0 0 0 0 0 0 1 0 0 0 0 17 14 16 10 21 26
 5.400000E+01 6 0 0 0 0 0 0 0 0 1 0 0 17 15 17 15 19 20
 5.450000E+01 11 0 0 0 0 0 0 0 0 1 0 0 22 18 16 13 23 16
 5.500000E+01 6 0 0 0 0 0 0 0 0 1 0 0 17 13 20 20 21 18
 5.550000E+01 8 0 0 0 0 0 0 0 0 0 0 0 13 17 19 17 19 17
 5.600000E+01 7 0 0 0 0 0 0 0 0 0 0 0 16 12 23 16 24 11
 5.650000E+01 6 0 0 0 0 0 0 0 0 0 0 0 18 10 18 21 16 15
 5.700000E+01 13 0 0 0 0 0 0 0 0 0 0 0 16 17 19 22 18 12
 5.750000E+01 10 0 0 0 0 0 0 0 0 0 0 0 20 14 15 13 22 17
 5.800000E+01 6 0 0 0 0 0 0 0 0 0 0 0 17 18 22 15 20 16
 5.850000E+01 5 0 0 0 0 0 0 0 0 0 0 0 17 23 13 22 16 15
 5.900000E+01 13 0 0 0 0 0 0 0 0 0 0 0 23 19 21 22 15 13
 5.950000E+01 8 0 0 0 0 0 0 0 0 1 0 0 17 12 15 21 18 16
 6.000000E+01 11 0 0 0 0 0 0 0 0 0 0 0 17 12 17 23 20 19
 6.050000E+01 8 0 0 0 0 0 0 0 0 0 0 0 17 19 20 17 19 22
 6.100000E+01 7 0 0 0 0 0 0 0 0 0 0 0 23 17 21 21 19 17
 6.150000E+01 7 0 0 0 0 0 0 0 0 0 0 0 24 15 19 18 19 14
 6.200000E+01 7 0 0 0 0 0 0 0 0 0 0 0 23 16 10 20 21 11
 6.250000E+01 6 0 0 0 0 0 0 0 0 0 0 0 25 13 18 14 24 17
 6.300000E+01 6 0 0 0 0 0 0 0 0 0 0 0 22 20 18 11 19 13
 6.350000E+01 10 0 0 0 0 0 0 0 0 0 0 0 20 14 19 23 22 11
 6.400000E+01 6 0 0 0 0 0 0 0 0 0 0 0 14 13 19 24 23 22
 6.450000E+01 6 0 0 0 0 0 0 0 0 1 0 0 16 22 15 23 16 20
 6.500000E+01 10 0 0 0 0 0 0 0 0 0 0 0 14 22 16 19 14 23
 6.550000E+01 7 0 0 0 0 0 0 0 0 0 0 0 11 19 22 16 18 18
 6.600000E+01 7 0 0 0 0 0 0 0 0 0 0 0 16 22 21 16 19 14
 6.650000E+01 4 0 0 0 0 0 0 0 0 0 0 0 12 23 21 19 15 20
 6.700000E+01 10 0 0 0 0 0 0 0 0 0 0 0 19 20 13 19 13 19
 6.750000E+01 11 0 0 0 0 0 0 0 0 0 0 0 18 29 16 14 13 16
 6.800000E+01 10 0 0 0 0 0 0 0 0 0 0 0 24 25 16 17 11 17
 6.850000E+01 13 0 0 0 0 0 0 0 0 1 0 0 14 20 25 15 20 16
 6.900000E+01 8 0 0 0 0 0 0 0 0 0 0 0 21 19 25 15 17 24
 6.950000E+01 8 0 0 0 0 0 0 0 0 0 0 0 20 18 21 16 16 21
 7.000000E+01 6 0 0 0 0 0 0 0 0 0 0 0 21 24 22 17 18 18
 7.050000E+01 9 0 0 0 0 0 0 0 0 0 0 0 29 13 21 20 15 19
 7.100000E+01 9 0 0 0 0 0 0 0 0 1 0 0 26 12 16 18 21 21
 7.150000E+01 10 0 0 0 0 0 0 0 0 0 0 0 19 11 27 13 26 17
 7.200000E+01 5 0 0 0 0 0 0 0 0 1 0 0 18 14 26 14 25 14
 7.250000E+01 8 0 0 0 0 0 0 0 0 1 0 0 20 18 19 19 23 11
 7.300000E+01 15 0 0 0 0 0 0 0 0 1 0 0 15 20 13 13 21 17
 7.350000E+01 11 0 0 0 0 0 0 0 0 0 0 0 21 20 19 18 25 14
 7.400000E+01 9 0 0 0 0 0 0 0 0 0 0 0 13 25 21 21 20 18
 7.450000E+01 10 0 0 0 0 0 0 0 0 0 0 0 14 17 15 21 21 19
 7.500000E+01 12 0 0 0 0 0 0 0 0 0 0 0 12 22 18 17 15 16
 7.550000E+01 9 0 0 0 0 0 0 0 0 0 0 0 13 18 17 19 20 21
 7.600000E+01 7 0 0 0 0 0 0 0 0 0 0 0 15 17 14 18 19 22
 7.650000E+01 11 0 0 0 0 0 0 0 0 0 0 0 17 15 18 19 17 20
 7.700000E+01 7 0 0 0 0 0 0 0 0 0 0 0 19 14 20 19 18 18
 7.750000E+01 10 0 0 0 0 0 0 0 0 0 0 0 20 17 17 20 16 18
 7.800000E+01 8 0 0 0 0 0 0 1 0 0 0 0 21 11 17 18 14 20
 7.850000E+01 7 0 0 0 0 0 0 0 0 0 0 0 19 17 18 22 14 20
 7.900000E+01 11 0 0 0 0 0 0 0 0 1 0 0 21 19 14 21 15 16
 7.950000E+01 0 0 0 0 0 0 0 0 0 1 0 0 22 20 19 21 11 15
 8.000000E+01 12 0 0 0 0 0 0 0 0 1 0 0 18 16 17 23 21 18
 8.050000E+01 3 0 0 0 0 0 0 0 0 1 0 0 20 19 16 19 20 20
 8.100000E+01 15 0 0 0 0 0 0 0 0 1 0 0 18 15 23 17 10 21
 8.150000E+01 8 0 0 0 0 0 0 0 0 1 0 0 17 13 20 11 13 13
 8.200000E+01 6 0 0 0 0 0 0 0 0 1 0 0 20 21 15 18 14 17
 8.250000E+01 10 0 0 0 0 0 0 0 0 0 0 0 14 15 20 15 19 13
 8.300000E+01 13 0 0 0 0 0 0 0 0 0 0 0 13 20 18 20 16 16
 8.350000E+01 11 0 0 0 0 0 0 0 0 0 0 0 15 12 21 18 18 16
 8.400000E+01 6 0 0 0 0 0 0 0 0 0 0 0 17 13 15 20 16 19
 8.450000E+01 10 0 0 0 0 0 0 0 0 1 0 0 20 19 20 15 16 16
 8.500000E+01 5 0 0 0 0 0 0 0 0 1 0 0 25 27 21 11 19 16
 8.550000E+01 4 0 0 0 0 0 0 0 0 0 0 0 24 19 17 11 21 14
 8.600000E+01 9 0 0 0 0 0 0 0 0 0 0 0 21 19 12 13 18 20
 8.650000E+01 7 0 0 0 0 0 0 0 0 0 0 0 23 14 15 15 17 21
 8.700000E+01 8 0 0 0 0 0 0 0 0 0 0 0 19 14 16 17 20 13
 8.750000E+01 8 0 0 0 0 0 0 0 0 0 0 0 15 17 17 18 16 14
 8.800000E+01 10 0 0 0 0 0 0 0 0 0 0 0 21 20 16 20 10 18
 8.850000E+01 5 0 0 0 0 0 0 0 0 0 0 0 19 19 12 17 16 25
 8.900000E+01 7 0 0 0 0 0 0 0 0 0 0 0 17 12 17 20 17 26
 8.950000E+01 7 0 0 0 0 0 0 0 0 0 0 0 14 18 13 20 15 24
 9.000000E+01 11 0 0 0 0 0 0 0 0 0 0 0 12 16 16 18 18 25
 9.050000E+01 11 0 0 0 0 0 0 0 0 0 0 0 11 14 15 18 17 21
 9.100000E+01 8 0 0 0 0 0 0 0 0 1 0 0 21 23 16 13 14 15
 9.150000E+01 4 0 0 0 0 0 0 1 0 0 0 0 23 23 20 15 11 17
 9.200000E+01 5 0 0 0 0 1 0 0 0 0 0 0 24 22 15 17 15 17
 9.250000E+01 9 0 0 0 0 0 0 0 0 0 0 0 24 22 13 15 13 17
 9.300000E+01 11 0 0 0 0 0 0 0 0 0 0 0 16 15 19 15 12 17
 9.350000E+01 8 0 0 0 0 0 0 0 0 0 0 0 20 15 24 8 17 18
 9.400000E+01 6 0 0 0 0 0 0 0 0 0 0 0 20 16 19 13 20 14
 9.450000E+01 7 0 0 0 0 0 0 0 0 0 0 0 22 19 16 13 22 13
 9.500000E+01 8 0 0 0 0 0 0 0 0 0 0 0 20 23 16 15 19 10
 9.550000E+01 9 0 0 0 0 0 0 0 0 0 0 0 20 20 19 11 24 14
 9.600000E+01 8 0 0 0 0 0 0 0 0 0 0 0 13 22 22 11 24 12
 9.650000E+01 10 0 0 0 0 0 0 0 0 0 0 0 19 11 16 17 15 17
 9.700000E+01 2 0 0 0 0 0 0 0 0 0 0 0 23 18 21 13 15 16
 9.750000E+01 4 0 0 0 0 0 0 0 0 0 0 0 17 23 17 16 18 15
 9.800000E+01 4 0 0 0 0 0 0 0 0 0 0 0 14 18 17 21 16 15
 9.850000E+01 8 0 0 0 0 0 0 0 0 0 0 0 11 21 15 16 20 21
 9.900000E+01 11 0 0 0 0 0 0 1 0 0 0 0 17 17 13 19 12 11
 9.950000E+01 12 0 0 0 0 0 0 0 0 0 0 0 16 9 18 18 13 11
 1.000000E+02 7 0 0 0 0 0 0 0 0 0 0 0 13 19 17 16 16 15
 1.005000E+02 7 0 0 0 0 0 0 0 0 1 0 0 15 15 23 17 19 19
 1.010000E+02 5 0 0 0 0 0 0 1 0 0 0 0 16 15 25 8 17 16
 1.015000E+02 8 0 0 0 0 0 0 0 0 1 0 0 22 19 14 14 21 13
 1.020000E+02 9 0 0 0 0 0 0 0 0 0 0 0 20 26 20 12 18 12
 1.025000E+02 4 0 0 0 0 0 0 0 0 0 0 0 21 19 21 20 22 13
 1.030000E+02 9 0 0 0 0 0 0 0 0 0 0 0 21 17 17 15 18 14
 1.035000E+02 7 0 0 0 0 0 0 0 0 0 0 0 19 15 26 16 14 20
 1.040000E+02 9 0 0 0 0 0 0 0 0 0 0 0 18 9 25 18 11 26
 1.045000E+02 8 0 0 0 0 0 0 0 0 0 0 0 14 15 22 19 14 18
 1.050000E+02 11 0 0 0 0 0 0 0 0 0 0 0 11 17 22 14 20 16
 1.055000E+02 11 0 0 0 0 0 0 0 0 0 0 0 13 18 15 18 20 17
 1.060000E+02 7 0 0 0 0 0 0 0 0 0 0 0 17 21 23 13 13 14
 1.065000E+02 7 0 0 0 0 0 0 0 0 0 0 0 17 17 17 23 16 13
 1.070000E+02 9 0 0 0 0 0 0 0 0 1 0 0 17 19 16 24 12 15
 1.075000E+02 6 0 0 0 0 0 0 0 0 0 0 0 17 19 18 22 14 20
 1.080000E+02 16 0 0 0 0 0 0 0 0 0 0 0 12 26 27 14 12 15
 1.085000E+02 12 0 0 0 0 0 0 0 0 0 0 0 9 24 23 18 13 15
 1.090000E+02 8 0 0 0 0 0 0 0 0 0 0 0 10 27 23 18 18 17
 1.095000E+02 8 0 0 0 0 0 0 0 0 0 0 0 24 19 14 23 18 16
 1.100000E+02 17 0 0 0 0 0 0 0 0 0 0 0 16 25 12 16 19 21
 1.105000E+02 12 0 0 0 0 0 0 0 0 0 0 0 24 24 19 15 19 17
 1.110000E+02 7 0 0 0 0 0 0 0 0 0 0 0 30 15 20 20 16 17
 1.115000E+02 11 0 0 0 0 0 0 0 0 0 0 0 23 15 24 20 12 22
 1.120000E+02 5 0 0 0 0 0 0 0 0 0 0 0 12 17 23 22 21 22
 1.125000E+02 8 0 0 0 0 0 0 0 0 0 0 0 16 22 25 21 18 18
 1.130000E+02 8 0 0 0 0 0 0 0 0 0 0 0 21 17 18 19 12 24
 1.135000E+02 9 0 0 0 0 0 0 1 0 0 0 0 10 19 27 20 9 25
 1.140000E+02 7 0 0 0 0 0 0 0 0 1 0 0 17 21 15 18 8 27
 1.145000E+02 10 0 0 0 0 0 0 0 0 0 0 0 18 19 20 15 10 25
 1.150000E+02 13 0 0 0 0 0 0 0 0 0 0 0 17 14 12 11 16 22
 1.155000E+02 8 0 0 0 0 0 0 0 0 1 0 0 18 18 14 12 19 18
 1.160000E+02 11 0 0 0 0 0 0 0 0 1 0 0 15 25 14 18 16 14
 1.165000E+02 11 0 0 0 0 0 0 0 0 1 0 0 16 20 20 17 20 7
 1.170000E+02 12 0 0 0 0 0 0 0 0 0 0 0 19 17 21 27 20 13
 1.175000E+02 5 0 0 0 0 0 0 0 0 0 0 0 20 13 16 21 19 10
 1.180000E+02 11 0 0 0 0 0 0 0 0 0 0 0 19 17 20 15 23 12
 1.185000E+02 7 0 0 0 0 0 0 0 0 0 0 0 25 13 18 19 19 18
 1.190000E+02 10 0 0 0 0 0 0 0 0 0 0 0 24 9 15 9 19 18
 1.195000E+02 6 0 0 0 0 0 0 0 0 0 0 0 28 7 22 12 17 17
 1.200000E+02 6 0 0 0 0 0 0 0 0 0 0 0 16 10 20 11 20 21
 1.205000E+02 11 0 0 0 0 0 0 0 0 0 0 0 12 9 22 12 15 17
 1.210000E+02 10 0 0 0 0 0 0 0 0 0 0 0 9 16 21 13 13 25
 1.215000E+02 11 0 0 0 0 0 0 0 0 0 0 0 18 19 20 24 16 15
 1.220000E+02 6 0 0 0 0 0 0 0 0 0 0 0 19 15 19 22 18 19
 1.225000E+02 10 0 0 0 0 0 0 0 0 0 0 0 20 17 13 16 17 21
 1.230000E+02 9 0 0 0 0 0 0 0 0 0 0 0 19 16 16 18 15 24
 1.235000E+02 7 0 0 0 0 0 0 0 0 0 0 0 16 23 15 17 10 17
 1.240000E+02 10 0 0 0 0 0 0 0 0 0 0 0 19 17 13 31 16 20
 1.245000E+02 11 0 0 0 0 0 0 0 0 0 0 0 23 17 9 22 15 22
 1.250000E+02 4 0 0 0 0 0 0 0 0 0 0 0 21 21 15 22 17 22
 1.255000E+02 16 0 0 0 0 0 0 0 0 0 0 0 20 19 15 17 12 22
 1.260000E+02 6 0 0 0 0 0 0 0 0 0 0 0 18 14 13 25 12 20
 1.265000E+02 11 0 0 0 0 0 0 0 0 0 0 0 16 22 16 22 20 14
 1.270000E+02 7 0 0 0 0 0 0 0 0 0 0 0 19 19 22 24 11 16
 1.275000E+02 6 0 0 0 0 0 0 0 0 0 0 0 14 21 20 17 15 14
 1.280000E+02 9 0 0 0 0 0 0 0 0 0 0 0 12 16 17 25 17 14
 1.285000E+02 10 0 0 0 0 0 0 0 0 0 0 0 15 21 20 24 14 15
 1.290000E+02 5 0 0 0 0 0 0 0 0 0 0 0 18 21 20 25 11 18
 1.295000E+02 14 0 0 0 0 0 0 0 0 0 0 0 10 19 19 20 22 17
 1.300000E+02 7 0 0 0 0 0 0 0 0 0 0 0 14 17 21 17 24 16
 1.305000E+02 7 0 0 0 0 0 0 0 0 0 0 0 13 11 20 15 24 20
 1.310000E+02 7 0 0 0 0 0 0 0 0 0 0 0 17 11 16 16 22 19
 1.315000E+02 5 0 0 0 0 0 0 0 0 0 0 0 9 13 15 14 15 19
 1.320000E+02 14 0 0 0 0 0 0 0 0 0 0 0 19 17 20 19 18 19
 1.325000E+02 9 0 0 0 0 0 0 0 0 0 0 0 11 20 19 16 19 17
 1.330000E+02 6 0 0 0 0 0 0 0 0 0 0 0 16 17 24 17 23 10
 1.335000E+02 7 0 0 0 0 0 0 0 0 0 0 0 16 13 21 17 22 21
 1.340000E+02 6 0 0 0 0 0 0 0 0 0 0 0 17 20 20 17 20 14
 1.345000E+02 6 0 0 0 0 0 0 0 0 0 0 0 17 13 20 19 21 7
 1.350000E+02 7 0 0 0 0 0 0 0 0 0 0 0 12 12 22 22 19 13
 1.355000E+02 3 0 0 0 0 0 0 0 0 0 0 0 17 22 13 23 21 13
 1.360000E+02 8 0 0 0 0 0 0 0 0 0 0 0 19 24 13 23 21 9
 1.365000E+02 11 0 0 0 0 0 0 0 0 1 0 0 17 17 15 19 22 17
 1.370000E+02 11 0 0 0 0 0 0 1 0 0 0 0 17 19 23 20 18 20
 1.375000E+02 12 0 0 0 0 0 0 0 0 1 0 0 21 17 19 23 9 13
 1.380000E+02 9 0 0 0 0 0 0 0 0 1 0 0 20 18 21 19 8 19
 1.385000E+02 6 0 0 0 0 0 0 0 0 2 0 0 16 22 12 12 16 15
 1.390000E+02 10 0 0 0 0 0 0 0 0 0 0 0 23 15 17 17 12 22
 1.395000E+02 9 0 0 0 0 0 0 0 0 0 0 0 23 16 16 17 14 20
 1.400000E+02 10 0 0 0 0 0 0 0 0 1 0 0 28 12 22 17 11 19
 1.405000E+02 10 0 0 0 0 0 0 1 0 1 0 0 22 14 19 15 13 23
 1.410000E+02 15 0 0 0 0 0 0 0 0 1 0 0 22 13 26 16 19 25
 1.415000E+02 12 0 0 0 0 0 0 1 0 0 0 0 26 10 28 12 21 17
 1.420000E+02 8 0 0 0 0 0 0 0 0 0 0 0 16 13 24 16 18 20
 1.425000E+02 3 0 0 0 0 0 0 0 0 0 0 0 18 14 23 10 23 19
 1.430000E+02 7 0 0 0 0 0 0 0 0 1 0 0 18 20 24 14 20 19
 1.435000E+02 7 0 0 0 0 0 0 0 0 1 0 0 31 20 17 14 22 18
 1.440000E+02 14 0 0 0 0 0 0 0 0 0 0 0 19 15 16 13 21 22
 1.445000E+02 12 0 0 0 0 0 0 0 0 0 0 0 21 17 19 17 16 22
 1.450000E+02 11 0 0 0 0 0 0 0 0 0 0 0 23 19 12 20 18 14
 1.455000E+02 10 0 0 0 0 0 0 0 0 0 0 0 20 19 14 19 23 12
 1.460000E+02 10 0 0 0 0 0 0 0 0 0 0 0 14 25 13 19 20 18
 1.465000E+02 5 0 0 0 0 0 0 0 0 0 0 0 10 27 20 15 21 21
 1.470000E+02 11 0 0 0 0 0 0 0 0 0 0 0 21 20 21 11 23 16
 1.475000E+02 7 0 0 0 0 0 0 0 0 0 0 0 19 19 25 15 20 14
 1.480000E+02 10 0 0 0 0 0 0 0 0 0 0 0 12 16 26 12 25 19
 1.485000E+02 10 0 0 0 0 0 0 0 0 0 0 0 8 18 27 20 23 18
 1.490000E+02 12 0 0 0 0 0 0 0 0 0 0 0 17 18 18 13 18 12
 1.495000E+02 10 0 0 0 0 0 0 0 0 0 0 0 18 24 15 17 19 18
 1.500000E+02 11 0 0 0 0 0 0 0 0 0 0 0 18 17 11 14 19 20
 1.505000E+02 10 0 0 0 0 0 0 0 0 0 0 0 17 15 13 23 15 20
 1.510000E+02 11 0 0 0 0 0 0 0 0 0 0 0 23 21 15 26 11 19
 1.515000E+02 9 0 0 0 0 0 0 0 0 0 0 0 14 24 19 26 15 14
 1.520000E+02 7 0 0 0 0 0 0 0 0 0 0 0 11 22 17 26 17 14
 1.525000E+02 8 0 0 0 0 0 0 0 0 0 0 0 17 14 13 22 22 10
 1.530000E+02 17 0 0 0 0 0 0 0 0 0 0 0 19 11 14 19 18 19
 1.535000E+02 9 0 0 0 0 0 0 0 0 0 0 0 13 10 25 18 19 19
 1.540000E+02 12 0 0 0 0 0 0 0 0 0 0 0 15 16 18 16 16 20
 1.545000E+02 3 0 0 0 0 0 0 0 0 0 0 0 22 20 13 15 11 22
 1.550000E+02 8 0 0 0 0 0 0 0 0 1 0 0 10 17 18 16 20 17
 1.555000E+02 11 0 0 0 0 0 0 0 0 0 0 0 20 20 15 15 21 16
 1.560000E+02 6 0 0 0 0 0 0 0 0 0 0 0 20 17 24 16 17 14
 1.565000E+02 9 0 0 0 0 0 0 0 0 0 0 0 22 20 20 14 20 17
 1.570000E+02 9 0 0 0 0 0 0 0 0 0 0 0 18 17 17 19 15 15
 1.575000E+02 15 0 0 0 0 0 0 0 0 0 0 0 13 18 21 23 18 13
 1.580000E+02 9 0 0 0 0 0 0 0 0 0 0 0 16 25 17 14 19 8
 1.585000E+02 13 0 0 0 0 0 0 0 0 0 0 0 17 15 24 15 27 12
 1.590000E+02 9 0 0 0 0 0 0 0 0 1 0 0 20 21 16 14 19 16
 1.595000E+02 8 0 0 0 0 0 0 1 0 0 0 0 19 17 18 15 19 15
 1.600000E+02 9 0 0 0 0 0 0 0 0 1 0 0 16 20 20 17 17 16
 1.605000E+02 10 0 0 0 0 0 0 0 0 1 0 0 16 14 19 15 14 18
 1.610000E+02 8 0 0 0 0 0 0 0 0 0 0 0 14 19 18 19 16 19
 1.615000E+02 12 0 0 0 0 0 0 0 0 0 0 0 19 18 17 15 20 15
 1.620000E+02 8 0 0 0 0 0 0 0 0 0 0 0 14 15 20 9 18 15
 1.625000E+02 5 0 0 0 0 0 0 0 0 0 0 0 18 21 24 11 24 9
 1.630000E+02 5 0 0 0 0 0 0 0 0 0 0 0 21 18 17 19 19 8
 1.635000E+02 7 0 0 0 0 0 0 0 0 0 0 0 15 15 17 22 19 15
 1.640000E+02 16 0 0 0 0 0 0 0 0 1 0 0 21 11 21 19 17 23
 1.645000E+02 13 0 0 0 0 0 0 0 0 1 0 0 19 14 17 16 20 27
 1.650000E+02 11 0 0 0 0 0 0 0 0 1 0 0 19 14 18 17 21 22
 1.655000E+02 12 0 0 0 0 0 0 0 0 0 0 0 18 10 23 14 22 24
 1.660000E+02 8 0 0 0 0 0 0 0 0 0 0 0 15 17 15 13 24 20
 1.665000E+02 11 0 0 0 0 0 0 1 0 0 0 0 19 14 10 19 22 21
 1.670000E+02 11 0 0 0 0 0 0 0 0 1 0 0 15 22 11 24 19 14
 1.675000E+02 7 0 0 0 0 0 0 0 0 0 0 0 23 20 14 19 19 20
 1.680000E+02 7 0 0 0 0 0 0 0 0 0 0 0 18 21 15 13 13 19
 1.685000E+02 5 0 0 0 0 0 0 1 0 0 0 0 21 16 22 17 19 16
 1.690000E+02 8 0 0 0 0 0 0 0 0 0 0 0 19 14 22 18 23 12
 1.695000E+02 8 0 0 0 0 0 0 0 0 0 0 0 19 23 14 19 25 11
 1.700000E+02 13 0 0 0 0 0 0 0 0 0 0 0 19 17 22 14 19 18
 1.705000E+02 9 0 0 0 0 0 0 0 0 1 0 0 25 24 23 12 18 13
 1.710000E+02 11 0 0 0 0 0 0 0 0 2 0 0 21 22 19 14 16 20
 1.715000E+02 8 0 0 0 0 0 0 0 0 2 0 0 17 24 17 16 19 19
 1.720000E+02 10 0 0 0 0 0 0 0 0 1 0 0 21 20 14 20 19 18
 1.725000E+02 10 0 0 0 0 0 0 0 0 0 0 0 13 12 18 13 22 15
 1.730000E+02 15 0 0 0 0 0 0 0 0 0 0 0 20 19 19 13 19 19
 1.735000E+02 8 0 0 0 0 0 0 0 0 0 0 0 17 18 18 13 20 17
 1.740000E+02 13 0 0 0 0 0 0 0 0 0 0 0 19 21 9 18 15 20
 1.745000E+02 9 0 0 0 0 0 0 0 0 0 0 0 20 21 16 26 15 12
 1.750000E+02 4 0 0 0 0 0 0 0 0 0 0 0 17 28 17 16 15 22
 1.755000E+02 9 0 0 0 0 0 0 0 0 0 0 0 17 30 5 14 19 22
 1.760000E+02 8 0 0 0 0 0 0 0 0 0 0 0 19 24 15 18 14 21
 1.765000E+02 9 0 0 0 0 0 0 0 0 0 0 0 23 34 12 19 11 12
 1.770000E+02 11 0 0 0 0 0 0 0 0 0 0 0 26 27 15 18 13 20
 1.775000E+02 11 0 0 0 0 0 0 0 0 0 0 0 16 18 13 25 18 16
 1.780000E+02 5 0 0 0 0 0 0 0 0 0 0 0 25 22 21 23 21 14
 1.785000E+02 7 0 0 0 0 0 0 0 0 0 0 0 17 21 17 17 14 12
 1.790000E+02 11 0 0 0 0 0 0 0 0 0 0 0 13 20 19 17 22 11
 1.795000E+02 8 0 0 0 0 0 0 0 0 0 0 0 16 16 24 23 19 8
 1.800000E+02 14 0 0 0 0 0 0 0 0 0 0 0 21 14 12 25 22 15
 1.805000E+02 5 0 0 0 0 0 0 0 0 0 0 0 23 14 17 25 16 17
 1.810000E+02 9 0 0 0 0 0 0 0 0 1 0 0 14 20 15 18 13 16
 1.815000E+02 5 0 0 0 0 0 0 0 0 0 0 0 23 19 14 20 11 22
 1.820000E+02 7 0 0 0 0 0 0 0 0 0 0 0 16 20 20 13 15 23
 1.825000E+02 7 0 0 0 0 0 0 0 0 0 0 0 21 18 18 20 19 15
 1.830000E+02 7 0 0 0 0 0 0 0 0 0 0 0 14 10 19 18 19 17
 1.835000E+02 5 0 0 0 0 0 0 0 0 1 0 0 20 10 16 15 30 20
 1.840000E+02 8 0 0 0 0 0 0 0 0 1 0 0 15 13 14 23 22 21
 1.845000E+02 8 0 0 0 0 0 0 0 0 0 0 0 22 17 14 17 17 17
 1.850000E+02 8 0 0 0 0 0 0 0 0 0 0 0 21 17 13 10 14 21
 1.855000E+02 8 0 0 0 0 0 0 0 0 0 0 0 18 19 17 13 25 18
 1.860000E+02 5 0 0 0 0 0 0 0 0 0 0 0 15 18 16 17 23 16
 1.865000E+02 9 0 0 0 0 0 0 0 0 0 0 0 19 17 15 19 15 13
 1.870000E+02 8 0 0 0 0 0 0 0 0 0 0 0 16 20 14 25 19 12
 1.875000E+02 9 0 0 0 0 0 0 0 0 0 0 0 16 21 20 23 15 14
 1.880000E+02 12 0 0 0 0 0 0 0 0 0 0 0 17 23 19 19 13 14
 1.885000E+02 9 0 0 0 0 0 0 0 0 0 0 0 13 22 18 18 14 22
 1.890000E+02 11 0 0 0 0 0 0 0 0 0 0 0 14 25 18 13 16 18
 1.895000E+02 6 0 0 0 0 0 0 0 0 0 0 0 10 20 30 16 22 20
 1.900000E+02 9 0 0 0 0 0 0 0 0 0 0 0 11 21 28 17 19 19
 1.905000E+02 6 0 0 0 0 0 0 0 0 1 0 0 11 15 21 15 22 18
 1.910000E+02 12 0 0 0 0 0 0 0 0 1 0 0 11 22 14 20 21 15
 1.915000E+02 13 0 0 0 0 0 0 0 0 1 0 0 12 19 17 24 21 15
 1.920000E+02 10 0 0 0 0 0 0 0 0 1 0 0 17 14 23 17 21 18
 1.925000E+02 5 0 0 0 0 0 0 1 0 0 0 0 20 16 21 19 17 16
 1.930000E+02 9 0 0 0 0 0 0 0 0 0 0 0 20 20 19 17 17 17
 1.935000E+02 11 0 0 0 0 0 0 0 0 0 0 0 18 21 18 11 20 15
 1.940000E+02 14 0 0 0 0 0 0 0 0 0 0 0 17 20 15 13 22 15
 1.945000E+02 12 0 0 0 0 0 0 0 0 1 0 0 15 20 13 18 23 16
 1.950000E+02 11 0 0 0 0 0 0 1 0 1 0 0 16 21 18 17 22 19
 1.955000E+02 6 0 0 0 0 0 0 0 0 3 0 0 15 18 14 16 24 21
 1.960000E+02 5 0 0 0 0 0 0 1 0 2 0 0 20 19 12 13 17 20
 1.965000E+02 6 0 0 0 0 0 0 1 0 2 0 0 22 17 10 16 19 22
 1.970000E+02 12 0 0 0 0 0 0 0 0 2 0 0 24 20 16 12 14 20
 1.975000E+02 8 0 0 0 0 0 0 0 0 1 0 0 16 16 21 19 15 15
 1.980000E+02 10 0 0 0 0 0 0 0 0 1 0 0 19 12 22 20 22 14
 1.985000E+02 10 0 0 0 0 0 0 0 0 1 0 0 18 8 30 14 17 11
 1.990000E+02 7 0 0 0 0 0 0 0 0 1 0 0 18 17 21 9 17 14
 1.995000E+02 9 0 0 0 0 0 0 1 0 0 0 0 16 13 19 16 15 18
 2.000000E+02 14 0 0 0 0 0 0 1 0 0 0 0 17 14 17 13 20 22
 2.005000E+02 6 0 0 0 0 0 0 0 0 0 0 1 14 17 13 13 26 28
 2.010000E+02 5 0 0 0 0 0 0 0 0 0 0 0 18 14 11 15 27 20
 2.015000E+02 10 0 0 0 0 0 0 0 0 0 1 0 14 18 10 19 15 18
 2.020000E+02 7 0 0 0 0 0 0 0 0 0 0 0 15 15 12 23 14 15
 2.025000E+02 8 0 0 0 0 0 0 0 0 0 0 0 17 17 13 21 10 15
 2.030000E+02 7 0 0 0 0 0 0 0 0 0 0 0 12 23 13 19 10 16
 2.035000E+02 6 0 0 0 0 0 0 0 0 0 0 0 13 20 18 15 15 9
 2.040000E+02 8 0 0 0 0 0 0 0 0 0 0 0 11 19 18 18 15 13
 2.045000E+02 3 0 0 0 0 0 0 0 0 0 0 0 13 12 22 16 18 14
 2.050000E+02 8 0 0 0 0 0 0 0 0 0 0 0 17 20 17 15 8 9
 2.055000E+02 8 0 0 0 0 0 0 0 0 0 0 0 11 19 19 21 11 9
 2.060000E+02 11 0 0 0 0 0 0 0 0 0 0 0 14 18 14 17 10 8
 2.065000E+02 8 0 0 0 0 0 0 0 0 0 0 0 21 17 14 13 13 19
 2.070000E+02 4 0 0 0 0 0 0 0 0 0 0 0 18 14 12 13 17 18
 2.075000E+02 6 0 0 0 0 0 0 0 0 0 0 0 15 20 19 13 14 12
 2.080000E+02 9 0 0 0 0 0 0 0 0 0 0 0 15 17 17 10 20 17
 2.085000E+02 9 0 0 0 0 0 0 0 0 0 0 0 12 14 20 14 16 14
 2.090000E+02 7 0 0 0 0 0 0 0 0 0 0 0 13 12 19 15 10 11
 2.095000E+02 8 0 0 0 0 0 0 0 0 0 0 0 11 10 21 15 10 12
 2.100000E+02 7 0 0 0 0 0 0 0 0 0 0 0 10 9 18 16 11 11
 2.105000E+02 10 0 0 0 0 0 0 0 0 1 0 0 12 11 16 16 15 15
 2.110000E+02 5 0 0 0 0 0 0 0 0 1 0 0 15 8 10 12 15 22
 2.115000E+02 4 0 0 0 0 0 0 0 0 0 0 1 17 10 14 16 11 19
 2.120000E+02 4 0 0 0 0 0 0 0 0 0 0 0 16 13 16 15 12 19
 2.125000E+02 8 0 0 0 0 0 0 0 0 0 0 0 19 11 11 10 17 19
 2.130000E+02 5 0 0 0 0 0 0 0 0 0 0 0 14 16 13 9 18 20
 2.135000E+02 13 0 0 0 0 0 0 0 0 0 0 0 13 17 13 10 16 18
 2.140000E+02 5 0 0 0 0 0 0 0 0 0 0 0 12 14 11 16 15 17
 2.145000E+02 7 0 0 0 0 0 0 0 0 0 0 0 14 16 12 17 16 13
 2.150000E+02 5 0 0 0 0 0 0 0 0 0 0 0 14 13 18 13 16 13
 2.155000E+02 12 0 0 0 0 0 0 0 0 0 0 0 14 14 24 9 16 10
 2.160000E+02 7 0 0 0 0 0 0 0 0 0 0 0 14 15 19 15 13 11
 2.165000E+02 8 0 0 0 0 0 0 0 0 0 0 0 13 14 15 14 9 14
 2.170000E+02 12 0 0 0 0 0 0 0 0 0 0 0 17 12 16 21 8 10
 2.175000E+02 10 0 0 0 0 0 0 0 0 0 0 0 14 16 15 20 11 15
 2.180000E+02 6 0 0 0 0 0 0 0 0 0 0 0 12 11 16 21 14 17
 2.185000E+02 8 0 0 0 0 0 0 0 0 0 0 0 11 15 17 14 16 20
 2.190000E+02 12 0 0 0 0 0 0 0 0 1 0 0 19 14 12 18 8 11
 2.195000E+02 7 0 0 0 0 0 0 0 0 1 0 0 13 18 6 20 17 14
 2.200000E+02 13 0 0 0 0 0 0 0 0 0 0 1 15 9 15 23 15 13
 2.205000E+02 8 0 0 0 1 0 0 0 0 0 0 0 13 16 21 23 18 13
 2.210000E+02 7 0 0 1 0 0 0 0 0 1 0 0 10 17 13 18 11 13
 2.215000E+02 9 0 0 0 0 0 0 0 0 0 0 0 12 15 11 20 11 7
 2.220000E+02 3 0 0 0 0 0 0 0 0 0 0 0 15 16 11 18 17 7
 2.225000E+02 5 0 0 0 0 0 0 0 0 0 0 0 13 16 14 21 18 4
 2.230000E+02 10 0 0 0 0 0 0 0 0 0 0 0 14 14 15 24 19 9
 2.235000E+02 7 0 0 0 0 0 0 0 0 0 0 0 16 12 15 15 17 8
 2.240000E+02 5 0 0 0 0 0 0 0 0 1 0 0 17 8 14 14 16 10
 2.245000E+02 9 0 0 0 0 0 0 0 0 1 0 0 12 18 18 15 10 18
 2.250000E+02 12 0 0 1 0 0 0 0 0 0 0 0 14 17 19 15 12 17
 2.255000E+02 6 0 0 0 0 0 0 0 0 1 0 0 15 22 19 15 10 10
 2.260000E+02 7 0 0 0 0 0 0 0 0 1 0 0 8 20 13 15 17 9
 2.265000E+02 6 0 0 0 0 0 0 0 0 0 1 0 11 19 10 13 17 11
 2.270000E+02 14 0 0 0 0 0 0 0 0 1 0 0 13 21 14 17 13 13
 2.275000E+02 3 0 0 0 0 0 0 0 0 0 1 0 21 15 13 16 18 16
 2.280000E+02 7 0 0 0 0 0 0 0 0 0 0 0 18 18 13 8 16 18
 2.285000E+02 6 0 0 0 0 0 0 0 0 0 0 0 15 15 12 15 14 16
 2.290000E+02 11 0 0 0 0 0 0 0 0 0 0 0 11 15 13 17 16 21
 2.295000E+02 6 0 0 0 0 0 0 0 0 0 0 0 17 10 15 18 18 12
 2.300000E+02 7 0 0 0 0 0 0 0 0 0 0 0 16 11 12 16 15 16
 2.305000E+02 5 0 0 0 0 0 0 0 0 0 0 0 14 13 11 14 20 18
 2.310000E+02 5 0 0 0 0 0 0 0 0 0 0 0 16 18 14 8 19 17
 2.315000E+02 9 0 0 0 0 0 0 0 0 0 0 0 15 15 14 16 19 16
 2.320000E+02 10 0 0 0 0 0 0 0 0 0 0 0 20 19 12 15 16 12
 2.325000E+02 8 0 0 0 0 0 0 0 0 0 0 0 13 15 10 14 23 14
 2.330000E+02 8 0 0 0 0 0 0 0 0 1 0 0 13 17 11 16 18 12
 2.335000E+02 5 0 0 1 0 0 0 0 0 0 0 0 19 11 10 17 18 16
 2.340000E+02 8 0 0 0 0 0 0 1 0 0 0 0 17 13 15 18 15 13
 2.345000E+02 11 0 0 0 0 0 0 0 0 1 0 0 15 9 13 11 19 13
 2.350000E+02 8 0 0 0 0 0 0 0 0 1 0 0 17 10 15 14 13 13
 2.355000E+02 5 0 0 0 0 0 0 0 0 0 0 0 18 9 11 17 17 14
 2.360000E+02 9 0 0 0 0 0 0 0 0 0 0 0 22 12 11 19 12 18
 2.365000E+02 8 0 0 0 0 0 0 0 0 0 0 0 20 12 11 12 11 18
 2.370000E+02 14 0 0 0 0 0 0 0 0 1 0 0 15 15 15 12 10 16
 2.375000E+02 8 0 0 0 0 0 0 0 0 0 0 0 20 13 20 8 22 16
 2.380000E+02 8 0 0 0 0 0 0 0 0 0 0 0 15 19 13 12 20 14
 2.385000E+02 5 0 0 0 0 0 0 0 0 0 0 0 10 20 17 18 21 6
 2.390000E+02 6 0 0 0 0 0 0 0 0 0 0 0 14 15 15 15 21 14
 2.395000E+02 5 0 0 0 0 0 0 0 0 0 0 0 13 18 20 17 22 7
 2.400000E+02 7 0 0 0 0 0 0 0 0 0 0 0 13 20 18 14 25 13
 2.405000E+02 14 0 0 0 0 0 0 0 0 0 0 0 14 18 20 12 15 15
 2.410000E+02 6 0 0 0 0 0 0 0 0 0 0 0 19 13 19 20 16 16
 2.415000E+02 3 0 0 0 0 0 0 0 0 1 0 0 21 10 11 12 15 13
 2.420000E+02 4 0 0 0 0 0 0 0 0 1 0 0 20 13 9 13 8 13
 2.425000E+02 11 0 0 0 0 0 0 0 0 1 0 0 15 13 13 20 13 10
 2.430000E+02 5 0 0 0 0 0 0 0 0 2 0 0 16 17 10 18 11 15
 2.435000E+02 7 0 0 1 0 0 0 0 0 1 0 0 16 20 22 19 11 7
 2.440000E+02 9 0 0 1 0 0 0 0 0 1 0 0 17 20 12 17 12 9
 2.445000E+02 5 0 0 0 0 0 0 0 0 0 1 0 17 19 13 15 14 11
 2.450000E+02 11 0 0 0 0 0 0 0 0 0 0 0 15 13 14 16 15 15
 2.455000E+02 8 0 0 0 0 0 0 0 0 0 0 0 14 19 17 12 19 14
 2.460000E+02 7 0 0 0 0 0 0 0 0 0 0 0 9 14 12 9 21 18
 2.465000E+02 6 0 0 0 0 0 0 0 0 0 0 0 11 17 12 16 18 17
 2.470000E+02 6 0 0 0 0 0 0 0 0 0 0 1 13 20 13 19 19 13
 2.475000E+02 11 0 0 0 0 0 0 1 0 0 0 0 11 19 11 14 18 12
 2.480000E+02 14 0 0 0 0 0 0 0 0 1 0 0 9 20 12 18 17 13
 2.485000E+02 4 0 0 0 0 0 0 0 0 0 0 0 11 23 13 21 16 13
 2.490000E+02 13 0 0 0 0 0 0 0 0 0 0 0 11 20 13 20 19 13
 2.495000E+02 10 1 0 0 0 0 0 0 0 0 0 0 19 22 19 21 19 11
 2.500000E+02 10 0 0 0 0 0 0 0 0 1 0 0 21 18 17 20 14 16
 2.505000E+02 1139 2 0 2 0 0 0 0 0 10 0 0 0 0 0 0 0 0
 2.510000E+02 1853 0 0 3 0 0 0 2 0 23 1 0 0 0 0 0 0 0
 2.515000E+02 2158 1 0 6 0 0 0 1 0 26 0 1 0 0 0 0 0 0
 2.520000E+02 2258 1 0 7 0 0 0 2 0 35 0 1 0 0 0 0 0 0
 2.525000E+02 982 1 0 13 0 0 0 3 0 24 1 1 0 0 0 0 0 0
 2.530000E+02 434 1 0 7 0 0 0 3 1 19 0 3 0 0 0 0 0 1
 2.535000E+02 187 1 0 3 1 0 0 2 0 14 1 1 0 0 1 0 0 1
 2.540000E+02 105 1 1 3 0 0 0 0 0 11 0 1 2 1 0 3 1 4
 2.545000E+02 1350 0 0 1 0 0 0 1 0 14 0 2 0 0 0 0 0 0
 2.550000E+02 1918 1 0 3 0 0 0 0 1 22 1 2 0 0 0 0 0 0
 2.555000E+02 2190 1 0 4 1 0 0 2 1 26 0 2 0 0 0 0 0 0
 2.560000E+02 2314 2 0 5 1 3 0 2 0 37 1 0 0 0 0 0 0 0
 2.565000E+02 1029 1 0 4 0 0 0 3 0 39 1 0 0 1 0 0 0 0
 2.570000E+02 421 1 0 1 1 0 0 4 0 31 2 0 0 0 0 0 0 0
 2.575000E+02 196 0 0 0 0 1 0 4 0 25 0 0 0 0 1 0 0 0
 2.580000E+02 99 1 0 2 0 0 0 3 0 15 0 0 2 3 2 2 0 1
 2.585000E+02 1347 0 0 1 0 1 0 0 0 21 0 1 0 0 0 0 0 0
 2.590000E+02 1889 0 0 4 0 0 0 5 0 33 0 0 0 0 0 0 0 0
 2.595000E+02 2170 3 1 1 0 1 0 4 0 24 1 0 0 0 0 0 0 0
 2.600000E+02 2298 2 0 9 0 1 0 5 0 27 1 0 0 0 0 0 0 0
 2.605000E+02 957 0 0 2 0 4 0 8 0 25 0 0 0 0 0 0 0 0
 2.610000E+02 436 1 0 0 0 2 0 1 0 20 2 0 0 0 0 0 0 1
 2.615000E+02 210 2 0 0 0 0 0 4 0 14 1 0 1 0 1 0 1 1
 2.620000E+02 103 0 0 2 0 0 0 4 0 7 0 0 0 0 1 2 2 1
 2.625000E+02 1384 0 0 0 0 0 0 3 0 11 1 0 0 0 0 0 0 0
 2.630000E+02 1925 2 0 2 0 1 0 1 0 27 1 1 0 0 0 0 0 0
 2.635000E+02 2194 1 0 1 0 2 0 6 0 31 0 0 0 0 0 0 0 0
 2.640000E+02 2397 0 0 1 0 2 0 3 0 37 1 0 0 0 0 0 0 0
 2.645000E+02 1017 1 0 2 0 2 0 5 1 27 3 1 0 0 0 0 0 0
 2.650000E+02 468 1 0 0 0 2 0 4 1 25 2 0 0 0 0 0 0 0
 2.655000E+02 205 0 0 0 0 0 0 6 0 21 0 0 0 1 0 0 1 0
 2.660000E+02 110 2 0 0 0 0 0 4 0 16 0 0 0 2 0 2 2 0
 2.665000E+02 1361 0 0 0 0 1 0 6 0 15 0 0 0 0 0 0 0 0
 2.670000E+02 1934 0 0 0 0 2 0 5 1 29 1 0 0 0 0 0 0 0
 2.675000E+02 2214 1 0 0 0 0 0 10 2 29 1 0 0 0 0 0 0 0
 2.680000E+02 2298 0 0 2 1 2 0 4 0 35 1 0 0 0 0 0 0 0
 2.685000E+02 974 1 0 1 0 4 0 4 1 28 2 0 0 0 0 0 0 0
 2.690000E+02 438 0 0 2 0 0 0 2 1 20 0 1 0 0 0 0 0 0
 2.695000E+02 195 1 0 0 0 4 0 1 1 10 0 0 0 1 0 0 0 0
 2.700000E+02 87 1 0 1 0 0 0 1 0 14 1 0 1 0 1 1 0 0
 2.705000E+02 1354 0 0 1 0 3 0 2 0 17 0 1 0 0 0 0 0 0
 2.710000E+02 1923 0 0 1 0 2 0 6 1 24 0 0 0 0 0 0 0 0
 2.715000E+02 2179 1 0 2 0 0 0 6 1 32 1 1 0 0 0 0 0 0
 2.720000E+02 2269 0 0 1 0 2 0 5 0 32 0 1 0 0 0 0 0 0
 2.725000E+02 996 0 0 2 0 2 0 5 0 32 1 1 0 0 1 0 0 0
 2.730000E+02 424 1 0 0 0 2 0 4 0 22 0 0 0 0 0 0 0 0
 2.735000E+02 211 0 0 0 0 0 0 1 0 18 2 1 0 1 1 0 1 1
 2.740000E+02 116 0 0 1 0 0 0 1 0 11 0 0 0 2 3 1 2 7
 2.745000E+02 1408 0 0 1 0 3 0 1 0 13 0 0 0 0 0 0 0 0
 2.750000E+02 2000 0 0 0 0 1 0 3 0 22 0 0 0 0 0 0 0 0
 2.755000E+02 2187 0 0 0 0 4 0 1 0 27 1 0 0 0 0 0 0 0
 2.760000E+02 2214 1 0 2 0 2 0 4 0 36 1 2 0 0 0 0 0 0
 2.765000E+02 985 1 0 0 0 1 0 4 0 32 0 1 0 0 0 0 0 0
 2.770000E+02 425 1 0 0 0 0 0 3 0 27 2 0 1 0 0 0 0 0
 2.775000E+02 195 0 0 0 0 2 0 0 0 20 0 1 0 1 0 0 0 0
 2.780000E+02 106 0 0 0 0 0 0 4 0 14 0 0 2 1 2 0 2 3
 2.785000E+02 1393 0 0 0 0 0 0 3 1 12 0 0 0 0 0 0 0 0
 2.790000E+02 1947 0 0 0 0 4 0 6 0 20 1 1 0 0 0 0 0 0
 2.795000E+02 2145 1 0 2 0 0 0 5 0 23 0 2 0 0 0 0 0 0
 2.800000E+02 2316 2 0 2 0 2 0 9 0 33 0 0 0 0 0 0 0 0
 2.805000E+02 995 0 0 0 0 2 0 3 0 30 2 2 0 0 0 0 0 0
 2.810000E+02 461 1 0 0 0 3 0 4 0 21 0 0 0 0 1 0 0 0
 2.815000E+02 211 0 0 0 0 1 0 1 0 11 1 0 0 2 1 0 1 0
 2.820000E+02 111 0 0 0 0 0 0 1 0 11 0 0 3 1 2 1 0 2
 2.825000E+02 1257 1 0 0 0 0 0 5 0 14 0 0 0 1 0 0 0 0
 2.830000E+02 1856 1 0 0 0 3 0 3 0 24 1 0 0 0 0 0 0 0
 2.835000E+02 2128 1 0 1 0 1 0 3 0 34 0 0 0 0 0 0 0 0
 2.840000E+02 2258 0 0 0 0 3 0 5 0 37 0 1 0 0 0 0 0 0
 2.845000E+02 981 2 0 0 0 3 0 8 0 31 0 0 0 0 0 0 0 0
 2.850000E+02 445 0 0 1 0 3 0 4 0 28 0 0 0 0 0 0 0 0
 2.855000E+02 206 1 0 0 0 2 0 4 0 17 0 0 0 1 0 0 0 2
 2.860000E+02 132 1 0 1 0 0 0 1 0 10 0 0 3 3 1 4 3 2
 2.865000E+02 1358 0 0 0 0 3 0 5 0 13 1 0 0 0 0 0 0 1
 2.870000E+02 1872 0 0 0 0 3 0 3 0 26 0 1 0 0 0 0 0 0
 2.875000E+02 2159 0 0 0 0 2 0 2 0 30 2 0 0 0 0 0 0 0
 2.880000E+02 2327 0 0 0 0 6 0 7 0 39 0 2 0 0 0 0 0 0
 2.885000E+02 1025 2 0 1 0 2 0 8 0 39 1 0 0 0 0 0 0 1
 2.890000E+02 464 2 0 0 0 4 0 5 0 30 0 0 0 0 0 0 0 0
 2.895000E+02 198 1 0 1 0 1 0 7 0 18 0 0 1 1 0 0 2 0
 2.900000E+02 112 0 0 0 0 1 0 3 0 12 1 0 2 1 1 1 1 1
 2.905000E+02 77 0 0 0 0 1 0 1 0 6 0 0 2 0 5 4 4 4
 2.910000E+02 48 0 0 0 0 0 0 1 0 2 0 0 1 3 7 4 5 5
 2.915000E+02 49 0 0 0 0 0 0 1 0 1 0 0 8 9 12 6 6 4
 2.920000E+02 34 0 0 0 0 0 0 0 0 1 0 0 12 12 6 8 6 6
 2.925000E+02 40 0 0 0 0 0 0 0 0 1 0 0 18 13 6 9 6 12
 2.930000E+02 31 1 0 0 0 0 0 0 0 2 0 0 10 13 4 12 11 18
 2.935000E+02 34 0 0 0 0 0 0 0 0 3 0 0 13 13 9 13 11 17
 2.940000E+02 35 0 0 0 0 0 0 0 0 2 0 0 14 10 11 19 10 14
 2.945000E+02 15 0 0 0 0 0 0 0 0 1 0 0 15 13 10 18 13 10
 2.950000E+02 31 0 0 0 0 0 0 0 0 1 0 0 14 17 18 7 15 13
 2.955000E+02 25 0 0 0 0 0 0 1 0 1 0 0 15 13 14 13 15 18
 2.960000E+02 20 0 0 0 0 0 0 0 1 1 0 0 19 15 18 18 17 10
 2.965000E+02 16 0 0 0 0 0 0 0 0 1 0 0 18 17 10 18 17 20
 2.970000E+02 22 0 0 0 0 0 0 0 0 0 0 0 25 17 11 14 18 12
 2.975000E+02 30 0 0 0 0 0 0 0 0 1 0 0 26 20 19 14 16 17
 2.980000E+02 23 0 0 0 0 0 0 1 0 0 0 0 26 18 23 17 18 10
 2.985000E+02 23 0 0 0 0 0 0 1 0 1 0 0 15 11 13 24 16 23
 2.990000E+02 20 0 0 1 0 0 0 0 0 0 0 0 20 17 17 20 16 24
 2.995000E+02 27 0 0 0 0 0 0 1 0 0 0 0 18 20 26 15 8 31
 3.000000E+02 12 0 0 0 0 0 0 0 0 2 0 0 21 19 19 16 14 24
 3.005000E+02 17 0 0 0 0 0 0 0 0 2 0 0 16 27 13 24 28 15
 3.010000E+02 14 0 0 0 0 0 0 1 0 2 0 0 18 19 17 16 22 21
 3.015000E+02 18 0 0 0 0 0 0 0 0 2 0 0 25 24 18 16 19 13
 3.020000E+02 13 0 0 0 0 0 0 2 0 3 0 0 27 24 14 19 20 19
 3.025000E+02 10 0 0 0 0 0 0 1 0 1 0 0 32 18 14 21 20 17
 3.030000E+02 15 0 0 0 0 0 0 0 0 1 0 0 25 16 21 19 20 16
 3.035000E+02 14 0 0 0 0 0 0 0 0 0 0 0 19 26 29 17 13 15
 3.040000E+02 16 0 0 0 0 0 0 0 0 1 0 0 22 23 23 14 13 19
 3.045000E+02 14 0 0 0 0 0 0 1 0 1 0 0 16 29 24 14 16 16
 3.050000E+02 7 0 0 0 0 0 0 0 0 3 0 0 20 18 26 24 23 16
 3.055000E+02 11 0 0 0 0 0 0 1 0 1 0 0 19 20 23 22 25 16
 3.060000E+02 16 0 0 0 0 0 0 0 0 2 0 0 25 17 19 13 17 17
 3.065000E+02 11 0 0 0 0 0 0 0 0 1 0 0 32 17 23 12 22 16
 3.070000E+02 13 0 0 0 0 0 0 0 0 0 0 0 26 25 22 19 19 13
 3.075000E+02 9 0 0 0 0 0 0 0 0 1 0 0 21 18 17 24 25 23
 3.080000E+02 13 0 0 0 0 0 0 0 0 0 0 0 16 16 21 20 22 18
 3.085000E+02 8 0 0 0 0 0 0 0 0 0 0 0 24 15 17 24 13 19
 3.090000E+02 14 0 0 0 0 0 0 0 0 0 0 0 17 19 15 20 25 17
 3.095000E+02 14 0 0 0 0 0 0 0 0 0 0 0 16 21 21 14 32 17
 3.100000E+02 10 0 0 0 0 0 0 0 0 0 0 0 13 20 19 15 16 21
 3.105000E+02 5 0 0 0 0 0 0 0 0 0 0 0 17 16 27 23 21 20
 3.110000E+02 9 0 0 0 0 0 0 0 0 1 0 0 16 18 25 27 18 14
 3.115000E+02 8 0 0 0 0 0 0 0 0 1 0 0 16 13 25 15 24 16
 3.120000E+02 15 0 0 0 0 0 0 0 0 0 0 0 17 18 26 15 21 14
 3.125000E+02 12 0 0 0 0 0 0 0 0 0 0 0 13 22 24 28 15 21
 3.130000E+02 9 0 0 0 0 0 0 0 0 1 0 0 14 21 25 25 16 16
 3.135000E+02 17 0 0 0 0 0 0 0 0 1 0 0 20 22 24 24 16 15
 3.140000E+02 15 0 0 0 0 0 0 0 0 2 0 0 26 13 21 20 18 18
 3.145000E+02 11 0 0 0 0 0 0 0 0 2 0 0 28 15 20 16 21 15
 3.150000E+02 8 0 0 0 0 0 0 0 0 0 0 0 25 18 16 18 26 12
 3.155000E+02 12 0 0 0 0 0 0 0 0 0 0 0 17 22 19 17 15 19
 3.160000E+02 9 0 0 0 0 0 0 0 0 0 0 0 20 18 18 23 16 13
 3.165000E+02 15 0 0 0 0 0 0 0 0 0 0 0 17 22 22 19 16 17
 3.170000E+02 10 0 0 0 0 0 0 0 0 0 0 0 17 13 18 20 21 21
 3.175000E+02 12 0 0 0 0 0 0 0 0 0 0 0 12 14 22 29 21 13
 3.180000E+02 7 0 0 0 0 0 0 0 0 0 0 0 13 10 25 19 22 17
 3.185000E+02 10 0 0 0 0 0 0 0 0 0 0 0 15 9 29 20 23 22
 3.190000E+02 10 0 0 0 0 0 0 0 0 0 0 0 22 18 19 24 20 16
 3.195000E+02 17 0 0 0 0 0 0 0 0 0 0 0 21 12 20 21 13 21
 3.200000E+02 8 0 0 0 0 0 0 0 0 0 0 0 16 15 16 19 26 22
 3.205000E+02 12 0 0 0 0 0 0 0 0 1 0 0 18 23 16 16 23 20
 3.210000E+02 7 0 0 0 0 0 0 0 0 0 0 0 14 16 25 13 29 14
 3.215000E+02 7 0 0 0 0 0 0 0 0 0 0 0 10 15 18 18 22 22
 3.220000E+02 17 0 0 0 0 0 0 0 0 0 0 0 20 14 19 12 22 15
 3.225000E+02 10 0 0 0 0 0 0 0 0 1 0 0 22 21 20 14 14 12
 3.230000E+02 6 0 0 0 0 0 0 0 0 1 0 0 18 19 18 22 14 14
 3.235000E+02 13 0 0 0 0 1 0 0 0 0 0 0 23 22 12 22 17 10
 3.240000E+02 12 0 0 0 0 0 0 0 0 0 0 0 23 23 12 16 22 13
 3.245000E+02 9 0 0 0 0 0 0 0 0 0 0 0 22 18 17 14 14 17
 3.250000E+02 11 0 0 0 0 0 0 0 0 0 0 0 20 13 21 14 10 26
 3.255000E+02 9 0 0 0 0 0 0 0 0 0 0 0 17 19 22 19 9 19
 3.260000E+02 11 0 0 0 0 0 0 0 0 0 0 0 27 18 16 13 16 18
 3.265000E+02 13 0 0 1 0 0 0 0 0 0 0 0 24 18 17 14 19 20
 3.270000E+02 13 0 0 0 0 0 0 0 0 1 0 0 17 18 19 12 16 19
 3.275000E+02 7 0 0 0 0 0 0 1 0 0 0 0 21 20 16 10 18 21
 3.280000E+02 10 0 0 0 0 0 0 0 0 1 0 0 20 21 10 16 15 27
 3.285000E+02 10 0 0 0 0 0 0 0 0 1 0 0 16 20 20 18 13 21
 3.290000E+02 15 0 0 0 0 0 0 0 0 1 0 0 20 26 16 13 14 17
 3.295000E+02 15 0 0 0 0 0 0 0 0 0 0 0 13 26 14 19 22 18
 3.300000E+02 16 0 0 0 0 0 0 0 0 0 0 0 15 21 13 25 16 22
 3.305000E+02 6 0 0 0 0 0 0 0 0 0 0 0 14 16 22 24 14 18
 3.310000E+02 12 0 0 0 0 0 0 0 0 0 0 0 16 18 19 24 10 18
 3.315000E+02 12 0 0 0 0 0 0 0 0 0 0 0 23 20 21 21 12 17
 3.320000E+02 5 0 0 0 0 0 0 0 0 0 0 0 17 16 16 19 20 21
 3.325000E+02 6 0 0 0 0 0 0 0 0 0 0 0 24 15 20 15 19 22
 3.330000E+02 9 0 0 0 0 0 0 0 0 0 0 0 13 18 23 20 16 26
 3.335000E+02 11 0 0 0 0 0 0 0 0 0 0 0 10 12 21 18 18 19
 3.340000E+02 4 0 0 0 0 0 0 0 0 0 0 0 13 18 24 9 18 15
 3.345000E+02 8 0 0 0 0 0 0 0 0 1 0 0 15 22 21 12 21 17
 3.350000E+02 22 0 0 0 0 0 0 0 0 0 0 0 17 22 16 11 24 15
 3.355000E+02 8 0 0 0 0 0 0 0 0 0 0 0 13 18 16 15 22 21
 3.360000E+02 10 0 0 0 0 0 0 0 0 0 0 0 13 19 22 17 22 21
 3.365000E+02 9 0 0 0 0 0 0 0 0 0 0 0 17 18 20 23 14 12
 3.370000E+02 10 0 0 0 0 0 0 0 0 0 0 0 23 29 15 19 16 10
 3.375000E+02 14 0 0 0 0 0 0 0 0 0 0 0 20 17 21 7 20 15
 3.380000E+02 14 0 0 0 0 0 0 0 0 1 0 0 20 15 19 10 19 14
 3.385000E+02 14 0 0 0 0 0 0 0 0 1 0 0 16 18 18 14 16 26
 3.390000E+02 8 0 0 0 0 0 0 1 0 0 0 0 20 27 15 16 18 26
 3.395000E+02 8 0 0 0 0 0 0 0 0 0 0 0 25 21 12 14 14 18
 3.400000E+02 13 0 0 0 0 0 0 0 0 0 0 0 18 16 16 15 16 17
 3.405000E+02 7 0 0 0 0 0 0 0 0 0 0 0 18 18 10 15 21 24
 3.410000E+02 6 0 0 0 0 0 0 0 0 0 0 0 16 21 17 13 25 13
 3.415000E+02 2 0 0 0 0 0 0 0 0 0 0 0 19 27 18 16 17 14
 3.420000E+02 7 0 0 0 0 0 0 0 0 0 0 0 21 20 15 19 17 10
 3.425000E+02 8 0 0 0 0 0 0 0 0 1 0 0 24 22 13 19 15 17
 3.430000E+02 6 0 0 0 0 0 0 0 0 1 0 0 23 14 16 13 14 20
 3.435000E+02 8 0 0 0 0 0 0 0 0 1 0 0 20 18 12 16 17 15
 3.440000E+02 4 0 0 0 0 0 0 0 0 0 0 0 20 13 12 20 12 14
 3.445000E+02 9 0 0 0 0 0 0 0 0 0 0 0 22 22 11 11 15 19
 3.450000E+02 6 0 0 0 0 0 0 0 0 0 0 0 21 23 19 13 14 14
 3.455000E+02 7 0 0 0 0 0 0 0 0 0 0 0 18 20 16 15 14 13
 3.460000E+02 13 0 0 0 0 0 0 0 0 0 0 0 13 15 20 14 14 21
 3.465000E+02 5 0 0 0 0 0 0 0 0 0 0 0 18 15 21 23 11 14
 3.470000E+02 8 0 0 0 0 0 0 0 0 0 0 0 17 15 19 24 14 11
 3.475000E+02 10 0 0 0 0 0 0 0 0 0 0 0 19 14 18 18 21 13
 3.480000E+02 13 0 0 0 0 0 0 0 0 0 0 0 13 17 22 13 25 13
 3.485000E+02 4 0 0 0 0 0 0 0 0 0 0 0 23 13 16 9 19 20
 3.490000E+02 13 0 0 0 0 0 0 0 0 0 0 0 16 13 15 17 15 22
 3.495000E+02 9 0 0 0 0 0 0 0 0 0 0 0 17 17 11 24 19 17
 3.500000E+02 8 0 0 0 0 0 0 0 0 0 0 0 17 11 12 29 26 17
 3.505000E+02 11 0 0 0 0 0 0 0 0 1 0 0 14 12 12 24 22 25
 3.510000E+02 4 0 0 0 0 0 0 1 0 0 0 0 16 17 17 29 16 23
 3.515000E+02 15 0 0 0 0 0 0 0 0 2 0 0 17 18 15 25 14 22
 3.520000E+02 5 0 0 0 0 0 0 0 0 1 0 0 17 21 19 18 16 16
 3.525000E+02 12 0 0 0 0 0 0 1 0 1 0 0 18 20 22 19 14 20
 3.530000E+02 5 0 0 0 0 0 0 0 0 2 0 0 14 7 24 17 17 14
 3.535000E+02 11 0 0 0 0 0 0 0 0 2 0 0 15 8 22 16 15 15
 3.540000E+02 10 0 0 1 0 0 0 1 0 0 0 0 11 14 22 13 19 15
 3.545000E+02 7 0 0 0 0 0 0 0 0 1 0 0 20 16 19 15 18 17
 3.550000E+02 10 0 0 0 0 0 0 0 0 1 0 0 20 24 18 13 21 18
 3.555000E+02 12 0 0 0 0 0 0 1 0 0 0 0 16 24 19 11 25 15
 3.560000E+02 10 0 0 0 0 0 0 0 0 0 0 0 18 17 20 15 17 13
 3.565000E+02 11 1 0 0 0 0 0 0 0 0 0 0 18 20 18 21 16 10
 3.570000E+02 11 0 0 0 0 0 0 0 0 1 0 0 21 15 20 16 18 16
 3.575000E+02 12 0 0 0 0 0 0 0 0 1 0 0 19 10 15 13 16 16
 3.580000E+02 3 0 0 0 0 0 0 0 0 0 0 0 19 15 11 17 28 13
 3.585000E+02 7 0 0 0 0 0 0 0 0 0 0 0 16 17 15 16 25 17
 3.590000E+02 14 0 0 0 0 0 0 0 0 0 0 0 16 24 13 16 11 23
 3.595000E+02 8 0 0 0 0 0 0 0 0 0 0 0 12 19 22 18 14 18
 3.600000E+02 8 0 0 0 0 0 0 0 0 0 0 0 10 17 31 17 8 13
 3.605000E+02 6 0 0 0 0 0 0 0 0 0 0 0 15 16 19 15 12 15
 3.610000E+02 5 0 0 0 0 0 0 0 0 0 0 0 17 19 20 14 20 15
 3.615000E+02 6 0 0 0 0 0 0 0 0 0 0 0 18 12 16 14 19 18
 3.620000E+02 8 0 0 1 0 0 0 0 0 0 0 0 20 12 9 21 20 18
 3.625000E+02 8 0 0 0 0 0 0 0 0 0 0 0 21 16 11 24 21 10
 3.630000E+02 8 0 0 0 0 0 0 0 0 0 0 0 18 21 11 25 23 7
 3.635000E+02 8 0 0 0 0 0 0 0 0 0 0 0 19 21 13 28 17 13
 3.640000E+02 13 0 0 0 0 0 0 0 0 0 0 0 20 20 13 17 10 15
 3.645000E+02 6 0 0 0 0 0 0 0 0 0 0 0 18 12 9 24 21 14
 3.650000E+02 10 0 0 0 0 0 0 0 0 0 0 0 25 11 13 19 15 15
 3.655000E+02 4 0 0 0 0 0 0 0 0 0 0 0 20 16 13 16 21 14
 3.660000E+02 6 0 0 0 0 0 0 0 0 0 0 0 18 15 10 17 14 20
 3.665000E+02 8 0 0 0 0 0 0 0 0 0 0 0 19 13 12 14 15 25
 3.670000E+02 7 0 0 0 0 0 0 0 0 0 0 0 13 19 17 15 14 26
 3.675000E+02 7 0 0 0 0 0 0 0 0 0 0 0 14 18 14 14 14 23
 3.680000E+02 11 0 0 0 0 0 0 0 0 0 0 0 9 12 13 18 18 19
 3.685000E+02 5 0 0 0 0 0 0 0 0 0 0 0 15 13 18 17 13 27
 3.690000E+02 5 0 0 0 0 0 0 0 0 0 0 0 17 14 13 15 18 27
 3.695000E+02 4 0 0 0 0 0 0 0 0 0 0 0 18 10 10 20 20 29
 3.700000E+02 8 0 0 0 0 0 0 0 0 0 0 0 15 11 16 18 19 23
 3.705000E+02 7 0 0 0 0 0 0 0 0 0 0 0 8 11 18 21 15 18
 3.710000E+02 8 0 0 0 0 0 0 0 0 0 0 0 9 13 16 21 15 22
 3.715000E+02 9 0 0 0 0 0 0 0 0 0 0 0 19 10 9 19 14 19
 3.720000E+02 7 0 0 0 0 0 0 0 0 0 0 0 14 14 18 19 17 14
 3.725000E+02 9 0 0 0 0 0 0 0 0 0 0 0 7 12 16 20 18 20
 3.730000E+02 9 0 0 0 0 0 0 0 0 0 0 0 11 11 13 26 25 13
 3.735000E+02 7 0 0 0 0 0 0 0 0 0 0 0 13 9 17 25 16 13
 3.740000E+02 9 0 0 0 0 0 0 0 0 1 0 0 12 20 11 18 13 12
 3.745000E+02 10 0 0 0 0 0 0 0 0 0 0 0 9 17 14 23 19 19
 3.750000E+02 10 0 0 0 0 0 0 0 0 0 0 0 9 14 17 20 17 19
 3.755000E+02 9 0 0 0 0 0 0 0 0 0 0 0 10 19 18 22 17 18
 3.760000E+02 10 0 0 0 0 0 0 0 0 1 0 0 19 23 11 19 13 21
 3.765000E+02 13 0 0 0 0 0 0 0 0 1 0 0 17 33 11 24 12 12
 3.770000E+02 10 0 0 0 0 0 0 0 0 0 0 0 18 23 17 22 13 15
 3.775000E+02 8 0 0 0 0 0 0 0 0 1 0 0 22 16 16 24 9 17
 3.780000E+02 9 0 0 0 0 0 0 0 0 1 0 0 17 18 9 23 16 10
 3.785000E+02 6 0 0 0 0 0 0 0 0 1 0 0 15 16 15 25 21 9
 3.790000E+02 10 0 0 0 0 0 0 0 0 2 0 0 13 18 16 22 19 13
 3.795000E+02 7 0 0 0 0 0 0 0 0 1 1 0 10 16 22 16 17 10
 3.800000E+02 7 0 0 0 0 0 0 0 0 1 0 0 14 17 25 13 17 10
 3.805000E+02 12 0 0 0 0 0 0 0 0 1 0 0 11 22 23 17 9 15
 3.810000E+02 8 0 0 0 0 0 0 0 0 0 0 0 13 22 21 16 15 9
 3.815000E+02 6 0 0 0 0 0 0 0 0 0 0 0 13 23 19 18 16 7
 3.820000E+02 9 0 0 0 0 0 0 0 0 0 0 0 17 21 21 11 16 8
 3.825000E+02 9 0 0 0 0 0 0 0 0 0 0 0 16 13 18 16 15 14
 3.830000E+02 8 0 0 0 0 0 0 0 0 0 0 0 20 11 14 11 18 13
 3.835000E+02 11 0 0 0 0 0 0 0 0 0 0 0 26 11 14 11 15 10
 3.840000E+02 10 0 0 0 0 0 0 0 0 0 0 0 19 15 15 11 15 6
 3.845000E+02 11 0 0 0 0 0 0 0 0 0 0 0 17 13 22 14 17 14
 3.850000E+02 12 0 0 0 0 0 0 0 0 0 0 0 13 28 17 15 18 15
 3.855000E+02 9 0 0 0 0 0 0 0 0 0 0 0 17 22 20 17 17 12
 3.860000E+02 8 0 0 0 0 0 0 0 0 0 0 0 14 20 17 18 19 16
 3.865000E+02 4 0 0 0 0 0 0 0 0 0 0 0 19 16 13 12 18 14
 3.870000E+02 5 0 0 0 0 0 0 0 0 0 0 0 17 14 13 15 14 18
 3.875000E+02 6 0 0 0 0 0 0 0 0 1 0 0 20 9 15 16 14 22
 3.880000E+02 5 0 0 0 0 0 0 0 0 1 0 0 22 10 19 12 13 16
 3.885000E+02 10 0 0 0 0 0 0 0 0 1 0 0 19 10 19 12 15 20
 3.890000E+02 4 0 0 0 0 0 0 0 0 1 0 0 24 17 16 12 15 15
 3.895000E+02 2 0 0 1 0 0 0 0 0 0 0 0 15 15 13 15 15 16
 3.900000E+02 6 0 0 0 0 0 0 0 0 1 0 0 20 14 15 13 21 18
 3.905000E+02 11 0 0 1 0 0 0 0 0 0 0 0 20 11 13 17 19 20
 3.910000E+02 8 0 0 1 0 0 0 0 0 0 0 0 15 19 14 11 17 18
 3.915000E+02 13 0 0 0 0 0 0 0 0 1 0 0 13 20 16 16 16 17
 3.920000E+02 10 0 0 0 0 0 0 0 0 0 1 0 14 17 19 13 20 15
 3.925000E+02 12 0 0 0 0 0 0 1 0 0 0 0 14 19 22 16 22 18
 3.930000E+02 5 0 0 0 0 0 0 0 0 0 0 0 17 12 20 15 28 13
 3.935000E+02 10 0 0 0 0 0 0 0 0 0 0 0 13 17 16 13 25 20
 3.940000E+02 4 0 0 0 0 0 0 0 0 1 0 0 13 17 10 13 23 17
 3.945000E+02 6 0 0 0 0 0 0 0 0 0 0 0 10 27 18 11 23 13
 3.950000E+02 8 0 0 0 0 0 0 0 0 0 0 0 19 23 19 10 26 12
 3.955000E+02 10 0 0 0 0 0 0 0 0 0 0 0 13 27 17 9 20 12
 3.960000E+02 8 0 0 0 0 0 0 0 0 0 0 0 15 23 19 15 16 14
 3.965000E+02 13 0 0 0 0 0 0 0 0 0 0 0 11 22 21 15 13 17
 3.970000E+02 8 0 0 0 0 0 0 0 0 0 0 0 14 14 15 15 18 17
 3.975000E+02 14 0 0 0 0 0 0 0 0 0 0 0 12 17 12 12 13 16
 3.980000E+02 7 0 0 0 0 0 0 0 0 0 0 0 14 20 10 20 16 12
 3.985000E+02 7 0 0 0 0 0 0 0 0 0 0 0 8 18 12 17 16 15
 3.990000E+02 4 0 0 0 0 0 0 0 0 0 0 0 14 13 9 15 15 25
 3.995000E+02 13 0 0 0 0 0 0 0 0 1 0 0 15 19 9 17 14 24
 4.000000E+02 11 0 0 0 0 0 0 0 0 0 0 0 15 20 12 16 16 23
 4.005000E+02 8 0 0 0 0 0 0 0 0 0 0 0 24 13 13 18 13 23
 4.010000E+02 6 0 0 0 0 0 0 0 0 0 0 0 21 17 20 16 22 13
 4.015000E+02 4 0 0 0 0 0 0 0 0 0 0 0 14 16 20 17 20 10
 4.020000E+02 7 0 0 0 0 0 0 0 0 0 0 0 18 15 17 13 18 11
 4.025000E+02 8 0 0 0 0 0 0 0 0 0 0 0 17 19 14 13 15 19
 4.030000E+02 6 0 0 0 0 0 0 0 0 0 0 0 18 15 14 12 15 19
 4.035000E+02 9 0 0 0 0 0 0 0 0 0 0 0 18 10 16 18 14 11
 4.040000E+02 10 0 0 0 0 0 0 0 0 1 0 0 17 16 14 19 10 16
 4.045000E+02 9 0 0 0 0 0 0 1 0 0 0 0 14 16 14 18 12 20
 4.050000E+02 5 0 0 1 0 0 0 0 0 0 0 0 18 13 17 15 12 14
 4.055000E+02 5 0 0 0 0 0 0 0 0 0 0 0 17 16 12 13 12 16
 4.060000E+02 5 0 0 0 0 0 0 0 0 0 0 0 17 14 14 18 14 13
 4.065000E+02 9 0 0 0 0 0 0 0 0 0 0 0 18 22 13 15 12 11
 4.070000E+02 12 0 0 0 0 0 0 0 0 0 0 0 12 16 12 22 11 18
 4.075000E+02 6 0 0 0 0 0 0 0 0 0 0 0 16 16 11 16 19 23
 4.080000E+02 10 0 0 0 0 0 0 0 0 0 0 0 11 19 10 18 18 17
 4.085000E+02 3 0 0 0 0 0 0 0 0 0 0 0 10 21 17 17 15 15
 4.090000E+02 9 0 0 0 0 0 0 0 0 0 0 0 12 18 22 19 14 21
 4.095000E+02 3 0 0 0 0 0 0 0 0 0 0 0 12 14 24 19 21 19
 4.100000E+02 9 0 0 0 0 0 0 0 0 0 0 0 15 23 13 13 18 18
 4.105000E+02 10 0 0 0 0 0 0 0 0 0 0 0 12 18 14 15 18 17
 4.110000E+02 5 0 0 0 0 0 0 0 0 0 0 0 15 15 16 21 19 21
 4.115000E+02 11 0 0 0 0 0 0 0 0 0 0 0 17 17 17 19 14 22
 4.120000E+02 8 0 0 0 0 0 0 0 0 0 0 0 14 19 23 16 17 11
 4.125000E+02 6 0 0 0 0 0 0 0 0 0 0 0 16 18 18 15 12 11
 4.130000E+02 9 0 0 0 0 0 0 0 0 0 0 0 14 17 17 16 20 17
 4.135000E+02 5 0 0 0 0 0 0 0 0 0 0 0 14 14 21 19 17 11
 4.140000E+02 10 0 0 0 0 0 0 0 0 0 0 0 22 11 23 19 20 13
 4.145000E+02 11 0 0 0 0 0 0 0 0 0 0 0 19 14 19 17 17 15
 4.150000E+02 7 0 0 0 0 0 0 0 0 0 0 0 19 12 20 14 21 9
 4.155000E+02 4 0 0 0 0 0 0 0 0 0 0 0 21 17 19 14 13 12
 4.160000E+02 4 0 0 0 0 0 0 0 0 0 0 0 20 15 16 17 11 17
 4.165000E+02 5 0 0 0 0 0 0 0 0 0 0 0 15 13 15 15 18 22
 4.170000E+02 9 0 0 0 0 0 0 0 0 0 0 0 16 10 16 18 15 14
 4.175000E+02 11 0 0 0 0 0 0 0 0 0 0 0 15 13 20 23 13 14
 4.180000E+02 6 0 0 0 0 0 0 0 0 0 0 0 17 19 20 20 17 14
 4.185000E+02 10 0 0 0 0 0 0 0 0 0 0 0 14 14 16 15 18 20
 4.190000E+02 11 0 0 0 0 0 0 0 0 0 0 0 24 11 16 11 11 26
 4.195000E+02 13 0 0 0 0 0 0 0 0 0 0 0 26 12 19 13 15 19
 4.200000E+02 10 0 0 0 0 0 0 0 0 0 0 0 24 16 26 16 12 13
 4.205000E+02 8 0 0 0 0 0 0 0 0 0 0 0 19 11 18 22 12 13
 4.210000E+02 12 0 0 0 0 0 0 0 0 0 0 0 19 13 20 18 15 15
 4.215000E+02 12 0 0 0 0 0 0 0 0 0 0 0 11 20 15 19 12 17
 4.220000E+02 11 0 0 0 0 0 0 0 0 0 0 0 20 12 19 15 13 15
 4.225000E+02 3 0 0 0 0 0 0 0 0 0 0 0 11 14 14 17 15 23
 4.230000E+02 6 0 0 0 0 0 0 0 0 0 0 0 13 15 18 13 13 19
 4.235000E+02 8 0 0 0 0 0 0 0 0 0 0 0 20 18 19 12 14 16
 4.240000E+02 10 0 0 0 0 0 0 0 0 0 0 0 18 16 25 20 12 20
 4.245000E+02 7 0 0 0 0 0 0 0 0 0 0 0 19 22 15 18 12 21
 4.250000E+02 9 0 0 0 0 0 0 0 0 0 0 0 16 20 18 18 14 15
 4.255000E+02 9 0 0 0 0 0 0 0 0 1 0 0 12 17 13 19 14 19
 4.260000E+02 7 0 0 0 0 0 0 0 0 0 0 0 14 20 18 16 15 20
 4.265000E+02 8 0 0 0 0 0 0 0 0 1 0 0 17 22 16 19 16 17
 4.270000E+02 5 0 0 0 0 0 0 0 0 0 0 0 17 17 19 15 19 20
 4.275000E+02 9 0 0 0 0 0 0 0 0 0 0 0 20 20 19 12 19 19
 4.280000E+02 4 0 0 0 0 0 0 0 0 1 0 0 20 22 21 7 16 19
 4.285000E+02 7 0 0 0 0 0 0 0 0 1 0 0 13 22 17 7 21 18
 4.290000E+02 7 0 0 0 0 0 0 1 0 1 0 0 20 21 16 13 21 14
 4.295000E+02 9 0 0 0 0 0 0 0 0 0 0 0 17 16 16 18 16 14
 4.300000E+02 7 0 0 0 0 0 0 0 0 0 0 0 15 13 18 18 19 17
 4.305000E+02 10 0 0 0 0 0 0 0 0 0 0 0 11 18 15 21 21 20
 4.310000E+02 6 0 0 0 0 0 0 0 0 0 0 0 18 13 17 17 21 21
 4.315000E+02 7 0 0 0 0 0 0 0 0 0 0 0 16 18 15 17 29 17
 4.320000E+02 14 0 0 0 0 0 0 0 0 0 0 0 11 17 14 21 21 19
 4.325000E+02 13 0 0 1 0 0 0 0 0 0 0 0 15 17 17 11 24 16
 4.330000E+02 9 0 0 0 0 0 0 0 0 1 0 0 21 19 12 15 18 24
 4.335000E+02 9 0 0 1 0 0 0 0 0 0 0 0 15 19 22 22 18 23
 4.340000E+02 7 0 0 0 0 0 0 0 0 1 0 0 18 19 21 21 15 14
 4.345000E+02 7 0 0 0 0 0 0 0 0 1 0 0 17 19 20 18 18 16
 4.350000E+02 8 0 0 0 0 0 0 0 0 0 0 0 18 19 16 9 16 12
 4.355000E+02 11 0 0 0 0 0 0 0 0 0 0 0 22 16 15 16 18 16
 4.360000E+02 10 0 0 0 0 0 0 0 0 0 0 0 17 14 14 14 17 18
 4.365000E+02 6 0 0 0 0 0 0 0 0 0 0 0 12 19 15 13 23 17
 4.370000E+02 11 0 0 0 0 0 0 0 0 1 0 0 17 13 12 15 23 12
 4.375000E+02 11 0 0 0 0 0 0 1 0 0 0 0 20 11 14 18 19 15
 4.380000E+02 7 0 0 0 0 0 0 0 0 2 0 0 20 16 18 17 20 13
 4.385000E+02 10 0 0 0 0 0 0 1 0 2 0 0 22 12 17 21 17 15
 4.390000E+02 7 0 0 0 0 0 0 0 0 1 0 0 17 17 20 20 8 15
 4.395000E+02 5 0 0 0 0 0 0 0 0 0 0 0 11 17 24 27 9 18
 4.400000E+02 10 0 0 0 0 0 0 0 0 0 0 0 17 19 19 21 11 17
 4.405000E+02 11 0 0 0 0 0 0 1 0 0 0 0 13 20 23 22 13 14
 4.410000E+02 12 0 0 0 0 0 0 0 0 1 0 0 13 9 22 19 18 22
 4.415000E+02 12 0 0 0 0 0 0 0 0 0 0 0 20 19 25 11 11 19
 4.420000E+02 7 0 0 0 0 0 0 0 0 0 0 0 20 16 15 16 13 17
 4.425000E+02 11 0 0 0 0 0 0 0 0 0 0 0 17 20 14 19 20 18
 4.430000E+02 9 0 0 0 0 0 0 0 0 0 0 0 16 14 19 16 22 16
 4.435000E+02 11 0 0 0 0 0 0 0 0 0 0 0 15 14 18 15 17 13
 4.440000E+02 8 0 0 0 0 0 0 0 0 0 0 0 20 11 17 23 18 15
 4.445000E+02 8 0 0 0 0 0 0 0 0 0 0 0 22 15 17 22 16 14
 4.450000E+02 8 0 0 0 0 0 0 0 0 0 0 0 18 18 17 21 13 15
 4.455000E+02 9 0 0 1 0 0 0 0 0 0 0 0 17 22 13 19 20 16
 4.460000E+02 10 0 0 0 0 0 0 0 0 0 0 0 12 15 16 17 17 14
 4.465000E+02 10 0 0 0 0 0 0 0 0 0 0 0 9 21 15 19 19 15
 4.470000E+02 12 0 0 0 0 0 0 0 0 0 0 0 15 14 16 22 18 21
 4.475000E+02 10 0 0 0 0 0 0 0 0 0 0 0 16 16 13 24 19 18
 4.480000E+02 11 0 0 0 0 0 0 0 0 0 0 0 17 17 17 23 15 14
 4.485000E+02 9 0 0 0 0 0 0 0 0 0 0 0 16 15 13 20 15 16
 4.490000E+02 7 0 0 0 0 0 0 0 0 0 0 0 12 11 21 17 15 17
 4.495000E+02 9 0 0 0 0 0 0 0 0 0 0 0 14 20 15 11 14 24
 4.500000E+02 11 0 0 0 0 0 0 0 0 0 0 0 19 23 18 22 21 17
 4.505000E+02 12 0 0 0 0 0 0 0 0 0 0 0 25 13 10 23 16 20
 4.510000E+02 7 0 0 0 0 0 0 0 0 0 0 0 20 16 12 20 24 18
 4.515000E+02 3 0 0 0 0 0 0 0 0 0 0 0 14 17 13 17 24 23
 4.520000E+02 12 0 0 0 0 0 0 0 0 0 0 0 15 19 22 9 25 16
 4.525000E+02 16 0 0 0 0 0 0 0 0 1 0 0 25 16 17 12 24 17
 4.530000E+02 15 0 0 0 0 0 0 0 0 2 0 0 32 13 14 13 16 20
 4.535000E+02 7 0 0 0 0 0 0 0 0 2 0 0 32 10 13 23 18 18
 4.540000E+02 8 0 0 0 0 0 0 0 0 1 0 0 22 17 16 16 16 16
 4.545000E+02 13 0 0 0 0 0 0 0 0 0 0 0 18 20 28 20 12 14
 4.550000E+02 7 0 0 0 0 0 0 0 0 0 0 0 11 23 24 15 10 19
 4.555000E+02 5 0 0 0 0 0 0 0 0 0 0 0 18 19 22 12 13 17
 4.560000E+02 7 0 0 0 0 0 0 0 0 0 0 0 12 19 30 18 15 19
 4.565000E+02 7 0 0 0 0 0 0 0 0 0 0 0 16 16 20 12 18 22
 4.570000E+02 7 0 0 0 0 0 0 0 0 0 0 0 17 17 17 10 19 26
 4.575000E+02 9 0 0 0 0 0 0 0 0 0 0 0 15 15 17 18 18 26
 4.580000E+02 11 0 0 0 0 0 0 0 0 0 0 0 17 16 22 15 19 20
 4.585000E+02 12 0 0 0 0 0 0 0 0 0 0 0 14 20 15 15 17 15
 4.590000E+02 12 0 0 0 0 0 0 0 0 0 0 0 19 16 12 18 17 17
 4.595000E+02 9 0 0 0 0 0 0 0 0 0 0 0 15 15 13 16 15 21
 4.600000E+02 9 0 0 0 0 0 0 1 0 0 0 0 17 13 21 14 19 12
 4.605000E+02 8 0 0 0 0 0 0 0 0 1 0 0 18 14 27 20 15 16
 4.610000E+02 8 0 0 1 0 0 0 0 0 0 0 0 18 23 19 16 21 24
 4.615000E+02 11 0 0 0 0 0 0 0 0 1 0 0 14 23 20 11 21 24
 4.620000E+02 12 0 0 0 0 0 0 0 0 1 0 0 20 19 25 14 18 11
 4.625000E+02 7 0 0 0 0 0 0 0 0 1 0 0 22 10 15 16 15 23
 4.630000E+02 15 0 0 0 0 0 0 0 0 1 0 0 19 13 17 23 14 19
 4.635000E+02 13 0 0 0 0 0 0 0 0 0 0 0 19 12 16 26 13 17
 4.640000E+02 8 0 0 0 0 0 0 0 0 0 0 0 22 15 18 19 15 21
 4.645000E+02 10 0 0 0 0 0 0 0 0 0 0 0 20 13 12 20 24 18
 4.650000E+02 11 0 0 0 0 0 0 0 0 0 0 0 21 17 20 16 12 18
 4.655000E+02 5 0 0 0 0 0 0 0 0 0 0 0 24 23 17 14 16 16
 4.660000E+02 13 0 0 0 0 0 0 0 0 0 0 0 19 15 20 12 12 13
 4.665000E+02 7 0 0 0 0 0 0 0 0 0 0 0 17 16 24 16 11 18
 4.670000E+02 11 0 0 0 0 0 0 0 0 0 0 0 12 26 21 13 9 22
 4.675000E+02 10 0 0 0 0 0 0 0 0 0 0 0 21 20 17 17 10 17
 4.680000E+02 7 0 0 0 0 0 0 0 0 0 0 0 17 18 17 18 16 19
 4.685000E+02 10 0 0 0 0 0 0 0 0 0 0 0 13 17 16 17 18 24
 4.690000E+02 9 0 0 0 0 0 0 0 0 1 0 0 11 17 17 15 14 21
 4.695000E+02 6 0 0 0 0 0 0 0 0 1 0 0 16 22 11 15 15 13
 4.700000E+02 8 0 0 1 0 0 0 0 0 0 0 0 13 25 17 16 12 20
 4.705000E+02 8 0 0 0 0 0 0 0 0 1 0 0 13 23 19 10 16 19
 4.710000E+02 5 0 0 0 0 0 0 0 0 1 0 0 14 19 25 15 18 9
 4.715000E+02 9 0 0 0 0 0 0 0 0 2 0 0 17 18 26 10 20 12
 4.720000E+02 13 0 0 0 0 0 0 0 0 1 0 0 27 22 19 12 16 12
 4.725000E+02 16 0 0 0 0 0 0 0 0 0 0 0 21 19 14 8 18 13
 4.730000E+02 4 0 0 0 0 0 0 0 0 0 0 0 15 22 19 15 15 15
 4.735000E+02 8 0 0 0 0 0 0 0 0 0 0 0 13 20 18 12 20 21
 4.740000E+02 6 0 0 0 0 0 0 0 0 0 0 0 13 18 20 13 21 17
 4.745000E+02 5 0 0 0 0 0 0 0 0 0 0 0 21 21 19 22 15 17
 4.750000E+02 5 0 0 0 0 0 0 0 0 0 0 0 22 22 15 18 17 13
 4.755000E+02 6 0 0 0 0 0 0 0 0 1 0 0 22 18 23 15 13 17
 4.760000E+02 10 0 0 0 0 0 0 1 0 0 0 0 18 17 13 21 18 13
 4.765000E+02 7 0 0 0 0 0 0 0 0 1 0 0 12 21 12 18 25 16
 4.770000E+02 6 0 0 0 0 0 0 0 0 0 0 0 20 20 15 13 25 17
 4.775000E+02 11 0 0 0 0 0 0 0 0 0 0 0 16 26 12 14 23 11
 4.780000E+02 11 0 0 0 0 0 0 0 0 0 0 0 18 20 12 25 18 18
 4.785000E+02 9 0 0 0 0 0 0 0 0 0 0 0 16 18 20 18 18 17
 4.790000E+02 14 0 0 0 0 0 0 0 0 0 0 0 17 21 14 23 14 16
 4.795000E+02 10 0 0 0 0 0 0 0 0 0 0 0 16 20 16 21 16 15
 4.800000E+02 9 0 0 0 0 0 0 0 0 1 0 0 16 23 16 18 22 17
 4.805000E+02 18 0 0 0 0 0 0 0 0 0 0 0 16 19 18 13 20 11
 4.810000E+02 9 0 0 0 0 0 0 0 0 0 0 0 13 15 21 21 23 10
 4.815000E+02 7 0 0 0 0 0 0 0 0 0 0 0 15 14 11 25 19 21
 4.820000E+02 8 0 0 0 0 0 0 0 0 0 0 0 12 11 16 25 19 16
 4.825000E+02 11 0 0 0 0 0 0 0 0 0 0 0 20 15 13 21 17 11
 4.830000E+02 13 0 0 0 0 0 0 0 0 0 0 0 19 17 18 20 14 8
 4.835000E+02 3 0 0 0 0 0 0 0 0 1 0 0 21 13 19 26 17 8
 4.840000E+02 8 0 0 0 0 0 0 0 0 1 0 0 22 13 16 18 10 15
 4.845000E+02 6 0 0 0 0 0 0 0 0 0 0 0 24 22 20 14 21 13
 4.850000E+02 15 0 0 0 0 0 0 0 0 0 0 0 23 21 14 18 19 15
 4.855000E+02 7 0 0 2 0 0 0 0 0 0 0 0 17 16 20 22 22 14
 4.860000E+02 8 0 0 0 0 0 0 1 0 2 0 0 19 18 18 19 24 15
 4.865000E+02 18 0 0 0 0 0 0 0 0 0 0 0 22 17 13 26 20 24
 4.870000E+02 11 0 0 0 0 0 0 0 0 0 0 0 24 17 23 21 20 15
 4.875000E+02 12 0 0 0 0 0 0 0 0 0 0 0 24 14 17 22 20 16
 4.880000E+02 13 0 0 0 0 0 0 0 0 0 0 0 16 23 23 19 16 13
 4.885000E+02 9 0 0 0 0 0 0 0 0 0 0 0 20 28 15 19 21 15
 4.890000E+02 11 0 0 0 0 0 0 0 0 0 0 0 24 16 13 19 21 19
 4.895000E+02 12 0 0 0 0 0 0 0 0 0 0 0 18 15 17 18 20 16
 4.900000E+02 8 0 0 0 0 0 0 0 0 0 0 0 16 16 14 17 16 24
 4.905000E+02 8 0 0 0 0 0 0 0 0 0 0 0 18 20 18 14 27 16
 4.910000E+02 11 0 0 0 0 0 0 0 0 0 0 0 18 16 18 16 23 16
 4.915000E+02 3 0 0 0 0 0 0 0 0 0 0 0 12 23 14 15 19 12
 4.920000E+02 10 0 0 0 0 0 0 0 0 0 0 0 14 21 16 17 23 16
 4.925000E+02 6 0 0 0 0 0 0 0 0 0 0 0 12 16 22 21 21 14
 4.930000E+02 11 0 0 0 0 0 0 0 0 0 0 0 12 19 23 20 16 22
 4.935000E+02 5 0 0 0 0 0 0 0 0 0 0 0 13 9 18 24 15 22
 4.940000E+02 4 0 0 0 0 0 0 0 0 0 0 0 15 18 17 25 14 21
 4.945000E+02 6 0 0 0 0 0 0 0 0 0 0 0 15 17 12 18 16 28
 4.950000E+02 9 0 0 0 0 0 0 0 0 0 0 0 14 14 19 19 15 20
 4.955000E+02 12 0 0 0 0 0 0 0 0 0 0 0 18 21 17 14 13 25
 4.960000E+02 6 0 0 0 0 0 0 0 0 1 0 0 20 25 15 17 17 18
 4.965000E+02 9 0 0 0 0 0 0 0 0 0 1 0 24 18 22 15 12 18
 4.970000E+02 8 0 0 0 0 0 0 1 0 0 0 0 17 15 18 17 17 13
 4.975000E+02 11 0 0 0 0 0 0 0 0 1 0 0 22 12 23 16 14 18
 4.980000E+02 8 0 0 0 0 0 0 0 0 0 0 0 17 16 19 18 20 17
 4.985000E+02 6 0 0 0 0 0 0 0 0 0 0 0 15 17 18 19 15 20
 4.990000E+02 12 0 0 0 0 0 0 0 0 0 0 0 21 19 14 17 19 14
 4.995000E+02 8 0 0 0 0 0 0 0 0 0 0 0 17 24 15 17 21 16
 5.000000E+02 13 0 0 0 0 0 0 0 0 0 0 0 18 18 13 18 18 16
 5.005000E+02 9 0 0 0 0 0 0 0 0 0 0 0 19 12 15 20 16 17
 5.010000E+02 8 0 0 0 0 0 0 0 0 0 0 0 15 13 22 16 21 16
 5.015000E+02 13 0 0 0 0 0 0 0 0 0 0 0 16 19 16 11 20 25
 5.020000E+02 9 0 0 0 0 0 0 0 0 0 0 0 15 14 20 11 14 26
 5.025000E+02 4 0 0 0 0 0 0 0 0 0 0 0 19 17 12 15 13 24
 5.030000E+02 8 0 0 0 0 0 0 0 0 0 0 0 19 15 19 16 20 16
 5.035000E+02 6 0 0 0 0 0 0 0 0 0 0 0 11 17 17 18 23 20
 5.040000E+02 10 0 0 0 0 0 0 0 0 0 0 0 16 17 18 17 13 16
 5.045000E+02 14 0 0 0 0 0 0 0 0 0 0 0 19 20 15 18 18 15
 5.050000E+02 5 0 0 0 0 0 0 0 0 0 0 0 16 22 15 16 17 16
 5.055000E+02 8 0 0 0 0 0 0 0 0 0 0 0 15 27 18 12 19 16
 5.060000E+02 5 0 0 0 0 0 0 0 0 0 0 0 15 25 19 15 20 13
 5.065000E+02 5 0 0 0 0 0 0 0 0 0 0 0 21 19 18 18 13 16
 5.070000E+02 10 0 0 0 0 0 0 0 0 0 0 0 22 13 15 19 21 23
 5.075000E+02 7 0 0 0 0 0 0 0 0 0 0 0 24 17 9 12 24 18
 5.080000E+02 10 0 0 0 0 0 0 0 0 0 0 0 24 21 16 16 25 19
 5.085000E+02 14 0 0 0 0 0 0 0 0 0 0 0 23 19 25 14 13 16
 5.090000E+02 8 0 0 0 0 0 0 0 0 0 0 0 19 17 24 19 16 14
 5.095000E+02 9 0 0 0 0 0 0 0 0 0 0 0 16 20 23 28 14 14
 5.100000E+02 12 0 0 0 0 0 0 0 0 0 0 0 16 24 18 23 13 19
 5.105000E+02 7 0 0 0 0 0 0 0 0 0 0 0 12 15 19 25 13 16
 5.110000E+02 4 0 0 0 0 0 0 0 0 0 0 0 12 19 16 29 19 18
 5.115000E+02 7 0 0 0 0 0 0 0 0 0 0 0 18 16 16 18 16 14
 5.120000E+02 6 0 0 0 0 0 0 0 0 0 0 0 24 17 22 18 16 14
 5.125000E+02 9 0 0 0 0 0 0 0 0 1 0 0 20 14 21 14 15 22
 5.130000E+02 12 0 0 0 0 0 0 0 0 0 0 0 21 14 24 19 12 14
 5.135000E+02 13 0 0 0 0 0 0 0 0 0 0 0 21 13 17 21 20 18
 5.140000E+02 12 0 0 0 0 0 0 0 0 0 0 0 20 9 12 17 22 19
 5.145000E+02 6 0 0 0 0 0 0 0 0 0 0 0 16 14 17 8 24 19
 5.150000E+02 6 0 0 0 0 0 0 0 0 0 0 0 16 14 17 15 16 24
 5.155000E+02 10 0 0 0 0 0 0 0 0 1 0 0 16 13 17 13 20 26
 5.160000E+02 12 0 0 0 0 0 0 0 0 1 0 0 21 13 14 12 14 27
 5.165000E+02 6 0 0 0 0 0 0 1 0 1 0 0 18 24 13 14 19 23
 5.170000E+02 17 0 0 2 0 0 0 0 0 0 0 0 16 19 19 19 18 18
 5.175000E+02 16 0 0 0 0 0 0 1 0 1 0 0 14 12 29 13 18 13
 5.180000E+02 10 0 0 0 0 0 0 0 0 1 0 0 14 16 22 21 22 23
 5.185000E+02 12 0 0 0 0 0 0 1 0 0 0 0 14 15 17 7 20 18
 5.190000E+02 11 0 0 0 0 0 0 0 0 0 0 0 15 26 22 11 14 15
 5.195000E+02 14 0 0 0 0 0 0 0 0 0 0 0 20 20 25 10 14 13
 5.200000E+02 11 0 0 0 0 0 0 0 0 1 0 0 19 17 24 11 14 14
 5.205000E+02 6 0 0 0 0 0 0 1 0 0 0 0 12 13 13 12 14 24
 5.210000E+02 14 0 0 0 0 0 0 1 0 0 0 0 18 15 17 18 16 19
 5.215000E+02 10 0 0 0 0 0 0 0 0 1 0 0 17 23 14 16 21 16
 5.220000E+02 13 0 0 0 0 0 0 0 0 1 0 0 19 17 14 20 20 14
 5.225000E+02 7 0 0 0 0 0 0 1 0 0 0 0 20 12 21 18 20 13
 5.230000E+02 9 0 0 0 0 0 0 0 0 1 0 0 19 14 17 22 14 17
 5.235000E+02 9 0 0 0 0 0 0 1 0 0 0 0 22 16 13 22 16 11
 5.240000E+02 10 0 0 0 0 0 0 0 0 1 0 0 20 12 25 20 18 15
 5.245000E+02 3 0 0 0 0 0 0 0 0 0 0 0 20 10 29 19 20 15
 5.250000E+02 7 0 0 0 0 0 0 0 0 0 0 0 17 15 17 12 13 19
 5.255000E+02 6 0 0 0 0 0 0 0 0 0 0 0 17 17 20 13 18 21
 5.260000E+02 8 0 0 0 0 0 0 0 0 0 0 0 16 23 20 10 17 20
 5.265000E+02 16 0 0 0 0 0 0 1 0 0 0 0 19 16 29 13 9 17
 5.270000E+02 12 0 0 0 0 0 0 1 0 0 0 0 17 19 21 15 14 13
 5.275000E+02 10 0 0 0 0 0 0 0 0 1 0 0 21 19 24 13 19 12
 5.280000E+02 12 0 0 0 0 0 0 0 0 0 0 0 15 17 22 12 23 7
 5.285000E+02 6 0 0 0 0 0 0 0 0 0 0 0 14 21 18 26 19 10
 5.290000E+02 11 0 0 0 0 0 0 0 0 0 0 0 14 27 15 25 20 11
 5.295000E+02 7 0 0 0 0 0 0 0 0 0 0 0 15 16 9 23 22 11
 5.300000E+02 11 0 0 0 0 0 0 0 0 0 0 0 20 22 14 24 14 9
 5.305000E+02 7 0 0 0 0 0 0 0 0 0 0 0 18 16 20 16 16 18
 5.310000E+02 6 0 0 0 0 0 0 0 0 0 0 0 17 24 18 15 13 16
 5.315000E+02 5 0 0 0 0 0 0 0 0 0 0 0 21 20 19 14 20 19
 5.320000E+02 8 0 0 0 0 0 0 0 0 0 0 0 16 19 18 22 19 12
 5.325000E+02 11 0 0 0 0 0 0 0 0 1 0 0 20 18 15 19 18 11
 5.330000E+02 9 0 0 1 0 0 0 0 0 0 0 0 14 19 14 23 15 12
 5.335000E+02 5 0 0 0 0 0 0 0 0 0 0 0 12 17 16 22 17 18
 5.340000E+02 10 0 0 0 0 0 0 0 0 0 0 0 16 15 10 19 22 17
 5.345000E+02 9 0 0 0 0 0 0 0 0 0 0 0 18 12 14 18 13 21
 5.350000E+02 16 0 0 0 0 0 0 0 0 1 0 0 15 14 15 21 16 14
 5.355000E+02 12 0 0 0 0 0 0 0 0 0 0 0 23 20 18 20 16 10
 5.360000E+02 12 0 0 0 0 0 0 0 0 0 0 0 16 16 13 22 20 9
 5.365000E+02 12 0 0 0 0 0 0 0 0 0 0 0 21 18 20 16 15 9
 5.370000E+02 6 0 0 0 0 0 0 0 0 0 0 0 15 14 20 14 12 12
 5.375000E+02 9 0 0 0 0 0 0 0 0 0 0 0 17 17 20 18 14 12
 5.380000E+02 12 0 0 0 0 0 0 0 0 0 0 0 17 23 21 15 10 15
 5.385000E+02 8 0 0 0 0 0 0 0 0 0 0 0 18 18 16 13 14 17
 5.390000E+02 13 0 0 0 0 0 0 0 0 0 0 0 21 15 16 10 19 16
 5.395000E+02 10 0 0 0 0 0 0 0 0 0 0 0 21 19 19 15 11 17
 5.400000E+02 7 0 0 0 0 0 0 0 0 0 0 0 26 16 19 18 18 13
 5.405000E+02 6 0 0 0 0 0 0 0 0 0 0 0 22 15 18 19 23 11
 5.410000E+02 14 0 0 0 0 0 0 1 0 0 0 0 14 11 18 19 20 20
 5.415000E+02 7 0 0 0 0 0 0 0 0 0 0 0 17 19 17 14 16 19
 5.420000E+02 8 0 0 0 0 0 0 0 0 0 0 0 14 19 16 20 17 17
 5.425000E+02 11 0 0 0 0 0 0 0 0 0 0 0 12 20 14 30 13 17
 5.430000E+02 11 0 0 0 0 0 0 0 0 0 0 0 18 24 11 19 12 18
 5.435000E+02 10 0 0 0 0 0 0 0 0 0 0 0 18 16 11 21 13 18
 5.440000E+02 8 0 0 0 0 0 0 0 0 0 0 0 13 13 19 19 20 21
 5.445000E+02 17 0 0 0 0 0 0 0 0 0 0 0 15 17 14 21 14 11
 5.450000E+02 10 0 0 0 0 0 0 0 0 0 0 0 18 19 16 16 15 12
 5.455000E+02 13 0 0 0 0 0 0 0 0 0 0 0 19 13 20 15 21 15
 5.460000E+02 9 0 0 0 0 0 0 0 0 1 0 0 20 14 20 16 13 20
 5.465000E+02 9 0 0 0 0 0 0 0 0 0 0 0 17 12 23 18 17 20
 5.470000E+02 11 0 0 0 0 0 0 0 0 0 0 0 18 18 18 10 26 20
 5.475000E+02 8 0 0 0 0 0 0 0 0 0 0 0 21 19 13 18 22 16
 5.480000E+02 8 0 0 0 0 0 0 0 0 0 0 0 19 17 14 15 23 16
 5.485000E+02 13 0 0 0 0 0 0 0 0 0 0 0 20 17 15 17 18 16
 5.490000E+02 14 0 0 0 0 0 0 0 0 0 0 0 20 22 21 12 14 14
 5.495000E+02 7 0 0 0 0 0 0 0 0 0 0 0 15 25 19 11 14 16
 5.500000E+02 8 0 0 0 0 0 0 0 0 0 0 0 15 22 16 16 18 22
 5.505000E+02 6 0 0 0 0 0 0 0 0 0 0 0 18 18 18 26 16 17
 5.510000E+02 8 0 0 0 0 0 0 0 0 0 0 0 18 14 14 15 17 17
 5.515000E+02 8 0 0 0 0 0 0 0 0 0 0 0 15 12 14 16 14 17
 5.520000E+02 9 0 0 0 0 0 0 0 0 0 0 0 8 17 24 17 19 26
 5.525000E+02 11 0 0 0 0 0 0 0 0 0 0 0 12 13 18 15 20 16
 5.530000E+02 13 0 0 0 0 0 0 0 0 0 0 0 17 18 20 18 19 22
 5.535000E+02 6 0 0 0 0 0 0 0 0 1 0 0 22 18 14 16 16 10
 5.540000E+02 11 0 0 0 0 0 0 0 0 1 0 0 25 19 17 20 15 19
 5.545000E+02 18 0 0 0 0 0 0 0 0 1 0 0 22 16 19 16 14 18
 5.550000E+02 5 0 0 0 0 0 0 0 0 1 0 0 17 16 18 16 11 15
 5.555000E+02 8 0 0 0 0 0 0 0 0 0 0 0 16 14 19 16 15 14
 5.560000E+02 10 0 0 0 0 0 0 0 0 0 0 0 18 16 17 16 22 14
 5.565000E+02 11 0 0 0 0 0 0 0 0 0 0 0 11 18 20 24 19 17
 5.570000E+02 5 0 0 0 0 0 0 0 0 0 0 0 14 18 15 29 15 20
 5.575000E+02 12 0 0 0 0 0 0 0 0 0 0 0 23 13 14 24 18 16
 5.580000E+02 8 0 0 0 0 0 0 0 0 0 0 0 14 13 14 23 14 17
 5.585000E+02 7 0 0 0 0 0 0 0 0 0 0 0 10 24 18 33 12 21
 5.590000E+02 10 0 0 0 0 0 0 0 0 0 0 0 18 21 17 27 13 24
 5.595000E+02 6 0 0 0 0 0 0 0 0 0 0 0 17 17 18 21 15 17
 5.600000E+02 5 0 0 0 0 0 0 0 0 1 0 0 19 18 18 23 17 19
 5.605000E+02 17 0 0 0 0 0 0 0 0 0 0 0 19 16 16 16 18 16
 5.610000E+02 9 0 0 0 0 0 0 0 0 0 0 0 18 19 21 14 15 19
 5.615000E+02 10 0 0 0 0 0 0 1 0 0 0 0 14 22 12 13 17 35
 5.620000E+02 10 0 0 0 0 0 0 0 0 1 0 0 13 20 19 12 14 22
 5.625000E+02 12 0 0 0 0 0 0 1 0 0 0 0 12 19 18 21 14 19
 5.630000E+02 4 0 0 0 0 0 0 0 0 0 0 0 9 10 19 20 19 20
 5.635000E+02 13 0 0 0 0 0 0 0 0 0 0 0 14 17 12 19 17 21
 5.640000E+02 6 0 0 0 0 0 0 0 0 0 0 0 10 18 15 22 19 17
 5.645000E+02 7 0 0 0 0 0 0 0 0 0 0 0 14 17 14 22 18 15
 5.650000E+02 6 0 0 0 0 0 0 0 0 0 0 0 22 14 13 18 19 18
 5.655000E+02 7 0 0 0 0 0 0 0 0 0 0 0 23 19 10 16 17 18
 5.660000E+02 8 0 0 0 0 0 0 0 0 0 0 0 21 20 16 18 13 17
 5.665000E+02 9 0 0 0 0 0 0 0 0 0 0 0 12 20 11 22 19 23
 5.670000E+02 13 0 0 0 0 0 0 0 0 0 0 0 18 17 9 21 20 21
 5.675000E+02 12 0 0 0 0 0 0 0 0 0 0 0 17 17 14 15 21 19
 5.680000E+02 11 0 0 0 0 0 0 0 0 0 0 0 12 17 20 16 26 15
 5.685000E+02 11 0 0 0 0 0 0 0 0 1 0 0 13 14 21 23 20 13
 5.690000E+02 11 0 0 0 0 0 0 0 0 1 0 0 16 14 16 21 23 11
 5.695000E+02 4 0 0 0 0 0 0 0 0 0 0 0 25 21 19 13 21 10
 5.700000E+02 12 0 0 0 0 0 0 0 0 0 0 0 20 19 20 14 19 10
 5.705000E+02 8 0 0 0 0 0 0 0 0 0 0 0 17 22 20 19 21 8
 5.710000E+02 9 0 0 0 0 0 0 0 0 0 0 0 11 19 21 25 21 12
 5.715000E+02 17 0 0 0 0 0 0 0 0 0 0 0 13 20 20 25 14 22
 5.720000E+02 9 0 0 0 0 0 0 0 0 0 0 0 16 15 17 23 13 19
 5.725000E+02 6 0 0 0 0 0 0 0 0 0 0 0 12 14 27 20 14 15
 5.730000E+02 9 0 0 0 0 0 0 0 0 0 0 0 15 18 26 17 16 14
 5.735000E+02 9 0 0 0 0 0 0 0 0 0 0 0 16 11 19 24 18 16
 5.740000E+02 1 0 0 0 0 0 0 0 0 0 0 0 11 13 20 32 15 20
 5.745000E+02 18 0 0 0 0 0 0 0 0 0 0 0 14 17 22 22 20 13
 5.750000E+02 8 0 0 0 0 0 0 0 0 0 0 0 18 18 21 23 11 14
 5.755000E+02 10 0 0 0 0 0 0 0 0 0 0 0 22 19 19 13 17 13
 5.760000E+02 12 0 0 0 0 0 0 0 0 0 0 0 15 20 24 17 18 17
 5.765000E+02 6 0 0 0 0 0 0 0 0 0 0 0 22 19 17 21 13 18
 5.770000E+02 10 0 0 0 0 0 0 0 0 0 0 0 26 13 17 16 17 26
 5.775000E+02 12 0 0 0 0 0 0 0 0 0 0 0 18 16 15 19 21 22
 5.780000E+02 15 0 0 0 0 0 0 0 0 0 0 0 21 14 16 18 19 23
 5.785000E+02 10 0 0 0 0 0 0 0 0 0 0 0 12 18 19 24 17 18
 5.790000E+02 14 0 0 0 0 0 0 0 0 0 0 0 20 16 12 21 17 21
 5.795000E+02 5 0 0 0 0 0 0 0 0 0 0 0 14 17 17 17 14 29
 5.800000E+02 6 0 0 0 0 0 0 0 0 0 0 0 21 15 15 23 8 25
 5.805000E+02 19 0 0 0 0 0 0 0 0 1 0 0 18 12 16 21 13 16
 5.810000E+02 6 0 0 0 0 0 0 0 0 0 0 0 18 16 17 22 20 14
 5.815000E+02 11 0 0 0 0 0 0 0 0 0 0 0 19 14 21 18 15 15
 5.820000E+02 10 0 0 0 0 0 0 0 0 0 0 0 16 13 24 26 20 23
 5.825000E+02 11 0 0 0 0 0 0 0 0 0 0 0 15 17 25 25 13 16
 5.830000E+02 8 0 0 0 0 0 0 0 0 0 0 0 13 20 17 19 16 18
 5.835000E+02 13 0 0 0 0 0 0 0 0 0 0 0 20 23 13 22 24 16
 5.840000E+02 11 0 0 0 0 0 0 0 0 0 0 0 15 29 19 24 16 19
 5.845000E+02 10 0 0 0 0 0 0 0 0 0 0 0 12 17 16 29 19 22
 5.850000E+02 7 0 0 0 0 0 0 0 0 0 0 0 12 15 20 18 22 23
 5.855000E+02 9 0 0 0 0 0 0 0 0 0 0 0 10 13 19 21 22 31
 5.860000E+02 10 0 0 0 0 0 0 0 0 0 0 0 14 12 13 17 26 27
 5.865000E+02 8 0 0 0 0 0 0 0 0 0 0 0 17 14 12 21 22 26
 5.870000E+02 11 0 0 0 0 0 0 0 0 0 0 0 14 21 9 21 14 25
 5.875000E+02 8 0 0 0 0 0 0 0 0 0 0 0 19 19 17 14 18 22
 5.880000E+02 10 0 0 0 0 0 0 0 0 0 0 0 22 19 23 19 16 19
 5.885000E+02 8 0 0 0 0 0 0 0 0 0 0 0 22 25 20 20 16 23
 5.890000E+02 13 0 0 0 0 0 0 0 0 0 0 0 20 17 21 25 16 15
 5.895000E+02 14 0 0 0 0 0 0 0 0 0 0 0 16 14 21 26 14 20
 5.900000E+02 6 0 0 0 0 0 0 0 0 1 0 0 25 13 14 28 11 17
 5.905000E+02 5 0 0 0 0 0 0 0 0 1 0 0 18 15 18 22 16 19
 5.910000E+02 12 0 0 0 0 0 0 0 0 1 0 0 17 17 17 22 19 20
 5.915000E+02 11 0 0 0 0 0 0 0 0 1 0 0 13 17 14 21 22 17
 5.920000E+02 8 0 0 0 0 0 0 0 0 0 0 0 16 16 15 23 26 20
 5.925000E+02 13 0 0 0 0 0 0 0 0 0 0 0 13 23 22 17 22 18
 5.930000E+02 5 0 0 0 0 0 0 0 0 0 0 0 19 20 20 7 14 25
 5.935000E+02 8 0 0 0 0 0 0 0 0 0 0 0 22 21 17 11 17 20
 5.940000E+02 6 0 0 0 0 0 0 0 0 0 0 0 27 20 23 7 21 14
 5.945000E+02 7 0 0 0 0 0 0 0 0 0 0 0 19 14 18 16 20 15
 5.950000E+02 7 0 0 1 0 0 0 0 0 0 0 0 23 15 15 11 22 18
 5.955000E+02 7 0 0 0 0 1 0 0 0 1 0 0 16 17 16 15 28 21
 5.960000E+02 12 0 0 0 0 0 0 0 0 1 0 0 15 16 28 18 14 19
 5.965000E+02 8 0 0 0 0 0 0 0 0 1 0 0 20 14 20 16 18 23
 5.970000E+02 9 0 0 1 0 0 0 0 0 0 0 0 23 10 25 16 16 17
 5.975000E+02 11 0 0 0 0 0 0 0 0 0 0 0 19 14 22 13 17 14
 5.980000E+02 5 0 0 0 0 0 0 0 0 0 0 0 18 17 19 19 16 17
 5.985000E+02 10 0 0 0 0 0 0 0 0 0 0 0 12 18 22 14 22 18
 5.990000E+02 8 0 0 0 0 0 0 0 0 0 0 0 14 22 18 12 21 15
 5.995000E+02 9 0 0 0 0 0 0 0 0 1 0 0 11 23 30 19 24 20
 6.000000E+02 13 0 0 0 0 0 0 0 0 1 0 0 9 20 21 14 26 19
 6.005000E+02 6 0 0 0 0 0 0 0 0 1 0 0 16 20 17 21 20 22
 6.010000E+02 9 0 0 0 0 0 0 0 0 0 1 0 11 22 14 18 16 15
 6.015000E+02 9 0 0 0 0 0 0 0 0 1 0 0 18 22 12 19 12 19
 6.020000E+02 13 0 0 0 0 0 0 0 0 0 0 0 18 24 12 15 15 19
 6.025000E+02 9 0 0 0 0 0 0 0 0 0 0 0 13 16 14 16 22 21
 6.030000E+02 10 0 0 0 0 0 0 0 0 0 0 0 9 16 14 13 17 21
 6.035000E+02 7 0 0 0 0 0 0 0 0 1 0 0 9 17 19 18 17 20
 6.040000E+02 12 0 0 0 0 0 0 0 0 1 0 0 9 17 16 16 18 18
 6.045000E+02 13 0 0 0 0 0 0 0 0 0 0 0 9 26 13 17 19 12
 6.050000E+02 10 0 0 0 0 0 0 0 0 0 0 0 16 26 13 12 19 13
 6.055000E+02 9 0 0 0 0 0 0 0 0 0 0 0 18 26 12 15 12 14
 6.060000E+02 9 0 0 0 0 0 0 0 0 0 0 0 18 13 9 15 16 21
 6.065000E+02 10 0 0 0 0 0 0 0 0 0 0 0 9 18 16 19 8 24
 6.070000E+02 8 0 0 0 0 0 0 0 0 0 0 0 13 14 17 20 9 15
 6.075000E+02 11 0 0 0 0 0 0 0 0 2 0 0 10 17 20 24 17 9
 6.080000E+02 6 0 0 0 0 0 0 1 0 0 0 0 15 15 15 24 14 10
 6.085000E+02 10 0 0 0 0 0 0 1 0 1 0 0 11 11 16 25 12 17
 6.090000E+02 4 0 0 0 0 0 0 0 0 1 0 0 15 13 16 20 13 17
 6.095000E+02 11 0 0 1 0 0 0 0 0 0 0 0 17 15 17 16 16 12
 6.100000E+02 9 0 0 0 0 0 0 0 0 1 0 0 19 15 22 12 17 12
 6.105000E+02 12 0 0 0 0 0 0 0 0 1 0 0 19 18 19 15 15 17
 6.110000E+02 11 0 0 0 0 0 0 0 0 0 0 0 23 10 24 13 11 19
 6.115000E+02 4 0 0 0 0 0 0 0 0 0 0 0 19 9 18 10 24 13
 6.120000E+02 10 0 0 0 0 0 0 0 0 0 0 0 16 6 20 14 19 17
 6.125000E+02 9 0 0 0 0 0 0 0 0 0 0 0 20 14 16 11 21 22
 6.130000E+02 10 0 0 0 0 0 0 0 0 0 0 0 15 13 12 15 16 18
 6.135000E+02 8 0 0 0 0 0 0 0 0 0 0 0 19 12 11 18 19 16
 6.140000E+02 8 0 0 0 0 0 0 0 0 0 0 0 23 14 14 16 14 19
 6.145000E+02 6 0 0 0 0 0 0 0 0 0 0 0 21 11 18 17 13 21
 6.150000E+02 7 0 0 0 0 0 0 1 0 0 0 0 23 10 23 18 16 15
 6.155000E+02 15 0 0 0 0 0 0 0 0 0 0 0 15 17 18 15 18 12
 6.160000E+02 8 0 0 0 0 0 0 0 0 0 0 0 14 14 17 19 15 11
 6.165000E+02 11 0 0 0 0 0 0 0 0 0 0 0 12 14 16 23 14 20
 6.170000E+02 14 0 0 0 0 0 0 0 0 0 0 0 14 16 19 14 14 19
 6.175000E+02 7 0 0 0 0 0 0 0 0 0 0 0 21 15 16 14 14 21
 6.180000E+02 13 0 0 0 0 0 0 0 0 0 0 0 23 13 13 16 15 17
 6.185000E+02 9 0 0 0 0 0 0 0 0 0 0 0 22 17 20 20 14 14
 6.190000E+02 10 0 0 0 0 0 0 0 0 0 0 0 20 18 22 15 16 10
 6.195000E+02 6 0 0 0 0 0 0 0 0 0 0 0 25 16 17 11 20 12
 6.200000E+02 5 0 0 0 0 0 0 0 0 0 0 0 27 17 15 13 17 11
 6.205000E+02 9 0 0 0 0 0 0 0 0 0 0 0 18 18 22 12 12 17
 6.210000E+02 9 0 0 0 0 0 0 0 0 0 0 0 18 15 18 14 15 19
 6.215000E+02 4 0 0 0 0 0 0 0 0 1 0 0 17 19 20 14 16 14
 6.220000E+02 12 0 0 0 0 0 0 1 0 1 0 0 22 19 17 11 13 13
 6.225000E+02 11 0 0 1 0 0 0 0 0 1 0 0 14 16 18 16 13 17
 6.230000E+02 17 0 0 0 0 0 0 0 0 1 0 0 15 21 14 19 12 13
 6.235000E+02 8 0 0 0 0 0 0 0 0 0 0 0 14 18 19 17 14 16
 6.240000E+02 12 0 0 0 0 0 0 0 0 0 0 0 14 19 14 12 16 15
 6.245000E+02 6 0 0 0 0 0 0 0 0 0 0 0 21 20 11 17 18 11
 6.250000E+02 12 0 0 0 0 0 0 0 0 0 0 0 17 20 11 17 15 9
 6.255000E+02 8 0 0 0 0 0 0 0 0 0 0 0 17 19 16 14 17 13
 6.260000E+02 10 0 0 0 0 0 0 0 0 0 0 0 20 18 14 17 22 5
 6.265000E+02 6 0 0 0 0 0 0 0 0 0 0 0 22 16 14 11 17 12
 6.270000E+02 9 0 0 0 0 0 0 0 0 0 0 0 16 18 11 13 18 14
 6.275000E+02 5 0 0 0 0 0 0 0 0 0 0 0 18 31 12 13 14 11
 6.280000E+02 8 0 0 0 0 0 0 0 0 0 0 0 13 26 12 15 15 12
 6.285000E+02 3 0 0 1 0 0 0 0 0 0 0 0 16 21 14 10 24 13
 6.290000E+02 12 0 0 0 0 0 0 0 0 0 0 0 14 24 13 18 23 15
 6.295000E+02 18 0 0 0 0 0 0 0 0 0 0 0 12 20 10 15 17 13
 6.300000E+02 8 0 0 0 0 0 0 0 0 0 0 0 12 16 18 13 17 15
 6.305000E+02 3 0 0 0 0 0 0 0 0 0 0 0 15 13 24 10 20 15
 6.310000E+02 5 0 0 0 0 0 0 1 0 0 0 0 10 11 23 10 20 18
 6.315000E+02 6 0 0 0 0 0 0 0 0 0 0 0 13 16 18 12 17 17
 6.320000E+02 10 0 0 0 0 0 0 0 0 0 0 0 19 15 22 17 12 14
 6.325000E+02 6 0 0 0 0 0 0 0 0 0 0 0 10 21 16 17 15 17
 6.330000E+02 8 0 0 0 0 0 0 0 0 0 0 0 12 21 20 12 16 13
 6.335000E+02 3 0 0 0 0 0 0 0 0 0 0 0 20 28 19 13 16 15
 6.340000E+02 11 0 0 0 0 0 0 0 0 0 0 0 20 17 19 15 12 17
 6.345000E+02 14 0 0 0 0 0 0 0 0 0 0 0 13 15 27 18 11 17
 6.350000E+02 6 0 0 0 0 0 0 0 0 0 0 0 13 11 16 16 11 15
 6.355000E+02 15 0 0 0 0 0 0 0 0 0 0 0 18 11 22 14 15 14
 6.360000E+02 6 0 0 0 0 0 0 0 0 0 0 0 15 14 23 17 13 19
 6.365000E+02 8 0 0 0 0 0 0 0 0 0 0 0 18 13 23 16 9 16
 6.370000E+02 8 0 0 0 0 0 0 1 0 0 0 0 18 10 23 14 18 18
 6.375000E+02 9 0 0 0 0 0 0 0 0 0 0 0 12 13 18 19 17 16
 6.380000E+02 8 0 0 0 0 0 0 0 0 0 0 0 15 17 19 13 20 16
 6.385000E+02 16 0 0 0 0 0 0 0 0 0 0 0 15 17 15 12 13 16
 6.390000E+02 11 0 0 0 0 0 0 0 0 0 0 0 24 19 14 11 18 21
 6.395000E+02 8 0 0 0 0 0 0 0 0 0 0 0 16 20 9 19 17 21
 6.400000E+02 4 0 0 0 0 0 0 0 0 0 0 0 13 15 10 21 11 15
 6.405000E+02 9 0 0 0 0 0 0 0 0 0 0 0 16 17 17 24 15 12
 6.410000E+02 8 0 0 0 0 0 0 0 0 0 0 0 15 17 10 19 19 12
 6.415000E+02 11 0 0 0 0 0 0 0 0 0 0 0 15 20 11 19 13 23
 6.420000E+02 4 0 0 0 0 0 0 0 0 0 0 0 12 20 15 15 12 22
 6.425000E+02 3 0 0 0 0 0 0 0 0 0 0 0 10 20 18 20 15 21
 6.430000E+02 7 0 0 1 0 0 0 0 0 0 0 0 10 18 18 12 14 22
 6.435000E+02 6 0 0 0 0 0 0 0 0 0 0 0 14 19 19 10 13 18
 6.440000E+02 8 0 0 0 0 0 0 0 0 0 0 0 12 19 23 13 13 20
 6.445000E+02 9 0 0 0 0 0 0 0 0 0 0 0 15 14 15 15 18 21
 6.450000E+02 9 0 0 0 0 0 0 0 0 0 0 0 12 14 14 15 20 19
 6.455000E+02 8 0 0 0 0 0 0 0 0 0 0 0 14 15 20 13 19 19
 6.460000E+02 2 0 0 0 0 0 0 0 0 0 0 0 16 17 16 15 17 24
 6.465000E+02 6 0 0 0 0 0 0 0 0 0 0 0 14 9 14 20 12 20
 6.470000E+02 9 0 0 0 0 0 0 0 0 0 0 0 15 13 14 15 16 15
 6.475000E+02 10 0 0 1 0 0 0 0 0 0 0 0 11 16 15 17 18 13
 6.480000E+02 7 0 0 0 0 0 0 0 0 0 0 0 15 15 20 18 19 16
 6.485000E+02 7 0 0 0 0 0 0 0 0 0 0 0 16 17 16 18 20 12
 6.490000E+02 8 0 0 0 0 0 0 0 0 0 0 0 15 19 16 19 19 15
 6.495000E+02 13 0 0 0 0 0 0 0 0 0 0 0 19 17 18 15 10 13
 6.500000E+02 5 0 0 1 0 0 0 0 0 1 0 0 22 20 14 12 11 14
 6.505000E+02 9 0 0 0 0 0 0 0 0 2 0 0 17 21 9 19 11 9
 6.510000E+02 9 0 0 1 0 0 0 0 0 1 0 0 14 20 14 21 16 8
 6.515000E+02 7 0 0 0 0 1 0 0 0 1 0 0 17 17 15 16 19 15
 6.520000E+02 13 0 0 0 0 0 0 1 0 0 0 0 16 16 18 16 18 16
 6.525000E+02 4 0 0 0 0 0 0 0 0 0 1 0 16 15 14 11 21 21
 6.530000E+02 6 0 0 0 0 0 0 0 0 0 0 0 15 12 9 14 25 18
 6.535000E+02 6 0 0 0 0 0 0 0 0 0 0 0 18 11 15 10 26 14
 6.540000E+02 12 0 0 0 0 0 0 0 0 0 0 0 16 14 12 14 24 17
 6.545000E+02 14 0 0 0 0 0 0 0 0 0 0 0 15 13 21 20 20 12
 6.550000E+02 8 0 0 0 0 0 0 0 0 0 0 0 15 10 15 20 16 11
 6.555000E+02 10 0 0 0 0 0 0 0 0 0 0 0 14 10 10 19 18 9
 6.560000E+02 12 0 0 0 0 0 0 1 0 0 0 0 15 11 17 21 20 14
 6.565000E+02 7 0 0 0 0 0 0 0 0 1 0 0 20 12 11 16 15 19
 6.570000E+02 5 0 0 0 0 0 0 0 0 1 0 0 18 15 14 19 10 17
 6.575000E+02 6 0 0 1 0 0 0 0 0 0 0 0 24 15 14 21 10 13
 6.580000E+02 11 0 0 0 0 0 0 0 0 1 0 0 16 16 19 22 10 12
 6.585000E+02 7 0 0 0 0 0 0 0 0 1 0 0 20 15 14 14 15 16
 6.590000E+02 10 0 0 0 0 0 0 0 0 1 0 0 16 17 21 16 8 19
 6.595000E+02 6 0 0 0 0 0 0 0 0 1 0 0 15 13 21 20 14 20
 6.600000E+02 11 0 0 0 0 0 0 0 0 1 0 0 18 13 12 20 12 14
 6.605000E+02 6 0 0 0 0 0 0 0 0 0 0 0 15 16 20 24 13 15
 6.610000E+02 8 0 0 0 0 0 0 0 0 0 0 0 11 19 12 17 13 18
 6.615000E+02 5 0 0 0 0 0 0 0 0 1 0 0 17 17 6 15 13 21
 6.620000E+02 9 0 0 0 0 0 0 0 0 0 0 0 21 17 8 18 17 22
 6.625000E+02 10 0 0 0 0 0 0 0 0 0 0 0 20 13 12 19 22 17
 6.630000E+02 10 0 0 0 0 0 0 0 0 0 0 0 19 21 16 12 18 12
 6.635000E+02 6 0 0 0 0 0 0 0 0 0 0 0 19 19 18 19 17 14
 6.640000E+02 2 0 0 0 0 0 0 0 0 0 0 0 21 12 15 17 16 14
 6.645000E+02 12 0 0 0 0 0 0 0 0 0 0 0 11 14 16 21 19 19
 6.650000E+02 6 0 0 0 0 0 0 0 0 0 0 0 13 14 20 19 17 21
 6.655000E+02 11 0 0 0 0 0 0 0 0 0 0 0 14 13 15 21 18 18
 6.660000E+02 10 0 0 0 0 0 0 0 0 0 0 0 14 20 16 14 19 22
 6.665000E+02 12 0 0 0 0 0 0 0 0 0 0 0 18 13 12 16 17 18
 6.670000E+02 11 0 0 0 0 0 0 0 0 0 0 0 16 23 17 16 22 14
 6.675000E+02 8 0 0 0 0 0 0 0 0 0 0 0 23 21 15 17 16 18
 6.680000E+02 4 0 0 0 0 0 0 0 0 1 0 0 22 21 13 23 15 12
 6.685000E+02 9 0 0 0 0 0 0 0 0 1 0 0 20 15 24 24 13 12
 6.690000E+02 5 0 0 0 0 0 0 0 0 0 0 0 24 12 20 31 20 12
 6.695000E+02 9 0 0 0 0 0 0 0 0 0 0 0 16 15 18 23 14 19
 6.700000E+02 12 0 0 0 0 0 0 0 0 0 0 0 22 20 18 16 12 23
 6.705000E+02 9 0 0 0 0 0 0 0 0 0 0 0 15 11 13 20 18 19
 6.710000E+02 7 0 0 0 0 0 0 0 0 0 0 0 17 15 13 25 16 19
 6.715000E+02 8 0 0 0 0 0 0 0 0 0 0 0 11 17 17 21 18 15
 6.720000E+02 7 0 0 0 0 0 0 0 0 0 0 0 13 18 12 29 23 20
 6.725000E+02 11 0 0 0 0 0 0 0 0 0 0 0 18 19 13 29 20 18
 6.730000E+02 8 0 0 0 0 0 0 0 0 0 0 0 18 19 12 24 16 13
 6.735000E+02 11 0 0 0 0 0 0 0 0 0 0 0 13 22 19 16 22 17
 6.740000E+02 6 0 0 0 0 0 0 0 0 0 0 0 19 16 16 20 14 15
 6.745000E+02 12 0 0 0 0 0 0 0 0 1 0 0 17 17 16 17 21 18
 6.750000E+02 9 0 0 0 0 0 0 0 0 2 0 0 13 17 16 23 16 22
 6.755000E+02 11 0 0 0 0 0 0 0 0 1 0 0 11 20 14 15 18 26
 6.760000E+02 6 0 0 0 0 0 0 0 0 1 0 0 17 16 10 10 21 22
 6.765000E+02 9 0 0 0 0 0 0 1 0 0 0 0 22 13 13 13 19 20
 6.770000E+02 6 0 0 0 0 0 0 0 0 1 0 0 16 10 19 14 24 20
 6.775000E+02 7 0 0 0 0 0 0 0 0 1 0 0 18 19 14 24 18 16
 6.780000E+02 7 0 0 1 0 0 0 0 0 1 0 0 11 25 21 14 18 11
 6.785000E+02 11 0 0 0 0 0 0 0 0 1 0 0 14 23 13 13 16 8
 6.790000E+02 8 0 0 0 0 0 0 0 0 0 0 0 16 21 19 19 16 16
 6.795000E+02 14 0 0 0 0 0 0 0 0 0 0 0 11 12 15 20 14 17
 6.800000E+02 6 0 0 0 0 0 0 0 0 0 0 0 9 16 15 23 16 23
 6.805000E+02 10 0 0 0 0 0 0 0 0 0 0 0 8 23 21 15 17 17
 6.810000E+02 5 0 0 0 0 0 0 0 0 0 0 0 11 24 14 15 17 16
 6.815000E+02 16 0 0 0 0 0 0 0 0 0 0 0 12 15 17 18 16 18
 6.820000E+02 11 0 0 0 0 0 0 0 0 0 0 0 12 14 19 21 18 15
 6.825000E+02 9 0 0 0 0 0 0 0 0 0 0 0 9 18 23 21 19 18
 6.830000E+02 8 0 0 0 0 0 0 0 0 0 0 0 10 12 25 16 25 19
 6.835000E+02 7 0 0 0 0 0 0 1 0 0 0 0 17 11 19 17 22 14
 6.840000E+02 11 0 0 0 0 1 0 0 0 0 0 0 21 11 19 12 17 20
 6.845000E+02 7 0 0 0 0 1 0 0 0 0 0 0 27 14 17 15 16 18
 6.850000E+02 7 0 0 0 0 0 0 0 0 0 0 0 20 18 17 17 21 21
 6.855000E+02 12 0 0 0 0 0 0 0 0 0 0 0 22 15 10 19 16 26
 6.860000E+02 9 0 0 0 0 0 0 0 0 0 0 0 23 14 13 19 20 20
 6.865000E+02 5 0 0 0 0 0 0 0 0 0 0 0 14 15 16 17 15 22
 6.870000E+02 9 0 0 0 0 0 0 0 0 0 0 0 14 18 17 22 19 17
 6.875000E+02 8 0 0 0 0 0 0 0 0 0 0 0 13 15 18 18 16 17
 6.880000E+02 8 0 0 0 0 0 0 0 0 0 0 0 20 18 19 18 15 19
 6.885000E+02 14 0 0 0 0 0 0 0 0 0 0 0 22 16 18 13 10 14
 6.890000E+02 11 0 0 0 0 0 0 0 0 0 0 0 12 19 12 21 17 17
 6.895000E+02 11 0 0 0 0 0 0 0 0 0 0 0 16 28 20 17 16 15
 6.900000E+02 12 0 0 0 0 0 0 0 0 1 0 0 20 17 16 12 18 20
 6.905000E+02 5 0 0 0 0 0 0 0 0 1 0 0 26 19 16 11 14 22
 6.910000E+02 6 0 0 0 0 0 0 0 0 1 0 0 30 14 19 20 10 16
 6.915000E+02 9 0 0 0 0 0 0 1 0 0 0 0 24 19 13 16 10 22
 6.920000E+02 12 0 0 0 0 0 0 0 0 1 0 0 17 20 18 19 13 15
 6.925000E+02 7 0 0 0 0 0 0 0 0 1 0 0 14 16 18 18 21 16
 6.930000E+02 7 0 0 0 0 0 0 1 0 1 0 0 17 19 16 20 16 12
 6.935000E+02 9 0 0 0 0 0 0 0 0 2 0 0 17 16 19 9 13 18
 6.940000E+02 7 0 0 0 0 0 0 0 0 1 0 0 20 14 15 10 14 19
 6.945000E+02 7 0 0 0 0 0 0 0 0 1 0 0 13 18 13 12 21 21
 6.950000E+02 6 0 0 0 0 0 0 1 0 0 0 0 13 11 18 13 24 20
 6.955000E+02 7 0 0 0 0 0 0 1 0 0 0 0 10 16 14 14 19 23
 6.960000E+02 12 0 0 0 0 0 0 0 0 1 0 0 16 18 13 19 15 17
 6.965000E+02 10 0 0 1 0 0 0 1 0 0 0 0 20 20 10 19 15 19
 6.970000E+02 12 0 0 0 0 0 0 1 0 1 0 0 18 13 23 18 14 19
 6.975000E+02 13 0 0 0 0 0 0 1 0 0 0 0 15 10 26 14 13 17
 6.980000E+02 9 0 0 0 0 0 0 2 0 1 0 0 14 18 23 11 21 17
 6.985000E+02 3 0 0 0 0 0 0 0 0 2 0 0 17 18 19 13 26 15
 6.990000E+02 12 0 0 0 0 0 0 0 0 1 0 0 16 17 15 20 20 16
 6.995000E+02 10 0 0 0 0 0 0 0 0 1 0 0 17 23 14 21 10 11
 7.000000E+02 9 0 0 0 0 0 0 0 0 0 0 0 26 17 17 21 10 13
