# time 'Ca' 'D34:75:137_PP2ACa' 'D34:75:137_PP2APCa' 'D34:75_PP2ACa' 'D34:75_PP2APCa' 'D75:137_PP2ACa' 'D75:137_PP2APCa' 'D75_PP2ACa' 'D75_PP2APCa' 'PP2ACa' 'PP2ACa_PKA' 'PP2APCa' 'PP2BinactiveCa2_1' 'PP2BinactiveCa2_2' 'PP2BinactiveCa2_3' 'PP2BinactiveCa2_4' 'PP2BinactiveCa2_5' 'PP2BinactiveCa2_6'
 0.000000E+00 0 0 0 0 0 0 0 0 0 0 0 0 0 0 0 0 0 0
 5.000000E-01 2 0 0 0 0 0 0 0 0 0 0 0 0 0 0 1 0 2
 1.000000E+00 3 0 0 0 0 0 0 0 0 0 0 0 1 0 2 1 3 2
 1.500000E+00 3 0 0 0 0 0 0 0 0 0 0 0 1 2 1 1 4 2
 2.000000E+00 0 0 0 0 0 0 0 0 0 0 0 0 1 1 3 1 1 4
 2.500000E+00 4 0 0 0 0 0 0 0 0 0 0 0 1 1 7 2 1 1
 3.000000E+00 3 0 0 0 0 0 0 0 0 0 0 0 3 2 4 3 2 4
 3.500000E+00 2 0 0 0 0 0 0 0 0 0 0 0 3 3 7 2 3 1
 4.000000E+00 2 0 0 0 0 0 0 0 0 0 0 0 3 2 7 1 4 2
 4.500000E+00 3 0 0 0 0 0 0 0 0 0 0 0 3 4 5 3 4 3
 5.000000E+00 3 0 0 0 0 0 0 0 0 0 0 0 4 4 5 4 6 2
 5.500000E+00 3 0 0 0 0 0 0 0 0 0 0 0 7 2 6 3 3 3
 6.000000E+00 3 0 0 0 0 0 0 0 0 0 0 0 6 4 4 7 3 3
 6.500000E+00 4 0 0 0 0 0 0 0 0 0 0 0 4 7 3 10 3 6
 7.000000E+00 4 0 0 0 0 0 0 0 0 0 0 0 6 8 5 7 4 7
 7.500000E+00 3 0 0 0 0 0 0 0 0 0 0 0 6 4 5 8 6 5
 8.000000E+00 3 0 0 0 0 0 0 0 0 0 0 0 6 3 10 9 8 3
 8.500000E+00 3 0 0 0 0 0 0 0 0 0 0 0 6 6 9 7 7 6
 9.000000E+00 6 0 0 0 0 0 0 0 0 0 0 0 11 8 6 7 7 4
 9.500000E+00 2 0 0 0 0 0 0 0 0 0 0 0 12 6 8 3 7 6
 1.000000E+01 1 0 0 0 0 0 0 0 0 0 0 0 10 3 9 4 12 9
 1.050000E+01 7 0 0 0 0 0 0 0 0 0 0 0 10 5 8 4 10 8
 1.100000E+01 2 0 0 0 0 0 0 0 0 0 0 0 9 4 5 9 9 8
 1.150000E+01 3 0 0 0 0 0 0 0 0 0 0 0 9 6 7 9 12 8
 1.200000E+01 7 0 0 0 0 0 0 0 0 0 0 0 7 5 4 13 10 10
 1.250000E+01 3 0 0 0 0 0 0 0 0 0 0 0 13 4 3 8 7 12
 1.300000E+01 5 0 0 0 0 0 0 0 0 0 0 0 13 4 2 10 11 7
 1.350000E+01 2 0 0 0 0 0 0 0 0 0 0 0 12 9 1 9 11 9
 1.400000E+01 4 0 0 0 0 0 0 0 0 0 0 0 11 7 2 11 9 9
 1.450000E+01 3 0 0 0 0 0 0 0 0 0 0 0 13 10 4 7 8 9
 1.500000E+01 5 0 0 0 0 0 0 0 0 0 0 0 12 10 9 10 12 5
 1.550000E+01 6 0 0 0 0 0 0 0 0 0 0 0 11 10 10 7 11 2
 1.600000E+01 9 0 0 0 0 0 0 0 0 0 0 0 13 7 8 10 9 5
 1.650000E+01 1 0 0 0 0 0 0 0 0 0 0 0 9 10 11 14 9 11
 1.700000E+01 2 0 0 0 0 0 0 0 0 1 0 0 13 11 9 9 8 12
 1.750000E+01 4 0 0 0 0 0 0 0 0 0 0 0 13 14 9 4 10 9
 1.800000E+01 5 0 0 0 0 0 0 0 0 0 0 0 15 10 8 4 13 9
 1.850000E+01 7 0 0 0 0 0 0 0 0 1 0 0 11 12 11 5 10 9
 1.900000E+01 6 0 0 0 0 0 0 0 0 1 0 0 11 11 8 6 8 11
 1.950000E+01 3 0 0 0 0 0 0 0 0 0 0 0 11 11 12 11 8 15
 2.000000E+01 7 0 0 0 0 0 0 0 0 0 0 0 11 12 9 11 6 15
 2.050000E+01 2 0 0 0 0 0 0 0 0 0 0 0 13 13 8 16 5 15
 2.100000E+01 6 0 0 0 0 0 0 0 0 0 0 0 15 11 9 17 5 15
 2.150000E+01 5 0 0 0 0 0 0 0 0 0 0 0 15 12 9 16 7 15
 2.200000E+01 11 0 0 0 0 0 0 0 0 0 0 0 14 11 10 11 10 16
 2.250000E+01 16 0 0 0 0 0 0 0 0 0 0 0 18 7 14 10 8 20
 2.300000E+01 7 0 0 0 0 0 0 0 0 0 0 0 15 6 11 14 10 21
 2.350000E+01 7 0 0 0 0 0 0 0 0 0 0 0 11 9 14 19 7 15
 2.400000E+01 7 0 0 0 0 0 0 0 0 0 0 0 12 12 12 18 7 14
 2.450000E+01 6 0 0 0 0 0 0 0 0 0 0 0 13 11 15 23 7 12
 2.500000E+01 4 0 0 0 0 0 0 0 0 0 0 0 14 7 15 14 10 15
 2.550000E+01 6 0 0 0 0 0 0 0 0 1 0 0 9 14 9 12 14 13
 2.600000E+01 16 0 0 0 0 0 0 0 0 1 0 0 18 14 14 11 15 14
 2.650000E+01 6 0 0 0 0 0 0 0 0 0 0 0 17 15 12 13 15 18
 2.700000E+01 9 0 0 0 0 0 0 0 0 0 0 0 11 12 15 13 15 15
 2.750000E+01 12 0 0 0 0 0 0 0 0 0 0 0 12 13 17 11 16 13
 2.800000E+01 7 0 0 0 0 0 0 0 0 0 0 0 16 16 13 9 19 12
 2.850000E+01 2 0 0 0 0 0 0 0 0 0 0 0 11 11 14 9 21 18
 2.900000E+01 12 0 0 0 0 0 0 0 0 0 0 0 13 7 15 6 17 21
 2.950000E+01 5 0 0 0 0 0 0 0 0 0 0 0 19 10 7 8 14 22
 3.000000E+01 14 0 0 0 0 0 0 0 0 0 0 0 15 11 11 14 13 15
 3.050000E+01 8 0 0 0 0 0 0 0 0 0 0 0 17 8 14 9 17 11
 3.100000E+01 11 0 0 0 0 0 0 0 0 0 0 0 17 15 14 9 15 12
 3.150000E+01 8 0 0 0 0 0 0 0 0 0 0 0 21 13 21 6 10 12
 3.200000E+01 9 0 0 0 0 0 0 0 0 0 0 0 18 12 19 10 13 13
 3.250000E+01 16 0 0 0 0 0 0 0 0 0 0 0 15 12 17 10 12 16
 3.300000E+01 5 0 0 0 0 0 0 0 0 0 0 0 11 16 16 13 20 15
 3.350000E+01 8 0 0 0 0 0 0 0 0 0 0 0 11 17 11 14 14 15
 3.400000E+01 6 0 0 0 0 0 0 0 0 0 0 0 14 14 12 18 17 12
 3.450000E+01 7 0 0 0 0 0 0 0 0 0 0 0 14 18 12 17 17 9
 3.500000E+01 13 0 0 0 0 0 0 0 0 0 0 0 13 14 9 17 14 10
 3.550000E+01 5 0 0 0 0 0 0 0 0 0 0 0 17 14 14 14 16 17
 3.600000E+01 3 0 0 0 0 0 0 0 0 0 0 0 15 14 12 9 13 16
 3.650000E+01 8 0 0 0 0 0 0 0 0 0 0 0 14 15 13 11 11 13
 3.700000E+01 6 0 0 0 0 0 0 0 0 0 0 0 19 18 15 15 11 11
 3.750000E+01 5 0 0 0 0 0 0 1 0 0 0 0 21 15 14 11 8 11
 3.800000E+01 10 0 0 0 0 0 0 0 0 1 0 0 17 14 11 10 12 15
 3.850000E+01 7 0 0 0 0 0 0 0 0 1 0 0 16 16 13 12 14 16
 3.900000E+01 7 0 0 0 0 0 0 0 0 1 0 0 24 21 12 10 14 8
 3.950000E+01 4 0 0 0 0 0 0 0 0 1 0 0 22 15 17 11 12 11
 4.000000E+01 9 0 0 0 0 0 0 0 0 0 0 0 12 17 21 13 10 15
 4.050000E+01 6 0 0 0 0 0 0 0 0 0 0 0 12 14 15 11 11 16
 4.100000E+01 3 0 0 0 0 0 0 0 0 1 0 0 15 19 14 12 14 15
 4.150000E+01 8 0 0 0 0 0 0 0 0 1 0 0 19 18 10 10 12 13
 4.200000E+01 9 0 0 0 0 0 0 0 0 0 0 0 20 17 10 12 9 16
 4.250000E+01 5 0 0 0 0 0 0 0 0 0 0 0 15 15 14 13 14 16
 4.300000E+01 6 0 0 0 0 0 0 0 0 0 0 0 22 15 17 14 18 8
 4.350000E+01 13 0 0 0 0 0 0 0 0 0 0 0 18 15 15 16 22 16
 4.400000E+01 7 0 0 0 0 0 0 0 0 0 0 0 14 11 21 18 17 16
 4.450000E+01 6 0 0 0 0 0 0 0 0 0 0 0 15 11 20 18 14 17
 4.500000E+01 4 0 0 0 0 0 0 0 0 0 0 0 14 10 19 17 21 12
 4.550000E+01 10 0 0 0 0 0 0 0 0 0 0 0 19 14 20 16 13 9
 4.600000E+01 4 0 0 0 0 0 0 0 0 0 0 0 18 19 20 13 8 10
 4.650000E+01 5 0 0 0 0 0 0 0 0 0 0 0 17 11 21 18 14 10
 4.700000E+01 4 0 0 0 0 0 0 0 0 0 0 0 17 14 16 17 13 11
 4.750000E+01 4 0 0 0 0 0 0 0 0 0 0 0 11 22 19 13 11 15
 4.800000E+01 8 0 0 0 0 0 0 0 0 0 0 0 10 29 16 14 13 16
 4.850000E+01 6 0 0 0 0 0 0 0 0 0 0 0 17 20 21 11 13 16
 4.900000E+01 6 0 0 0 0 0 0 0 0 0 0 0 11 13 15 18 14 15
 4.950000E+01 9 0 0 0 0 0 0 0 0 1 0 0 16 15 12 16 15 16
 5.000000E+01 5 0 0 0 0 0 0 0 0 1 0 0 20 16 16 15 11 14
 5.050000E+01 6 0 0 0 0 0 0 1 0 0 0 0 17 10 14 18 12 17
 5.100000E+01 12 0 0 0 0 0 0 0 0 0 0 0 21 8 21 15 11 13
 5.150000E+01 8 0 0 0 0 0 0 0 0 0 0 0 21 9 17 20 9 14
 5.200000E+01 11 0 0 0 0 0 0 0 0 0 0 0 15 14 17 15 13 15
 5.250000E+01 7 0 0 0 0 0 0 0 0 0 0 0 13 15 21 17 15 11
 5.300000E+01 7 0 0 0 0 0 0 0 0 0 0 0 18 19 14 22 16 11
 5.350000E+01 7 0 0 0 0 0 0 0 0 0 0 0 21 13 18 17 15 8
 5.400000E+01 12 0 0 0 0 0 0 0 0 0 0 0 16 13 21 16 18 17
 5.450000E+01 12 0 0 0 0 0 0 0 0 0 0 0 14 14 13 12 17 19
 5.500000E+01 2 0 0 0 0 0 0 0 0 0 0 0 11 21 15 16 14 15
 5.550000E+01 11 0 0 0 0 0 0 0 0 0 0 0 13 23 19 19 9 11
 5.600000E+01 6 0 0 0 0 0 0 0 0 0 0 0 17 15 20 16 15 12
 5.650000E+01 8 0 0 0 0 0 0 0 0 0 0 0 24 15 17 12 14 18
 5.700000E+01 7 0 0 0 0 0 0 0 0 0 0 0 17 19 19 16 12 14
 5.750000E+01 9 0 0 0 0 0 0 0 0 0 0 0 16 16 14 16 17 13
 5.800000E+01 8 0 0 0 0 0 0 0 0 0 0 0 15 14 12 11 17 19
 5.850000E+01 8 0 0 0 0 0 0 0 0 0 0 0 17 18 12 11 10 20
 5.900000E+01 13 0 0 0 0 0 0 0 0 0 0 0 15 8 16 14 7 20
 5.950000E+01 6 0 0 0 0 0 0 0 0 0 0 0 18 14 15 20 11 21
 6.000000E+01 9 0 0 0 0 0 0 0 0 0 0 0 20 14 17 24 14 14
 6.050000E+01 8 0 0 0 0 0 0 0 0 0 0 0 19 12 21 20 17 14
 6.100000E+01 10 0 0 0 0 0 0 0 0 0 0 0 17 15 21 14 17 20
 6.150000E+01 8 0 0 0 0 0 0 0 0 0 0 0 13 17 12 16 20 18
 6.200000E+01 14 0 0 0 0 0 0 0 0 0 0 0 18 18 15 11 21 18
 6.250000E+01 10 0 0 0 0 0 0 0 0 0 0 0 24 16 14 19 14 12
 6.300000E+01 11 0 0 0 0 0 0 0 0 0 0 0 21 14 12 19 15 18
 6.350000E+01 9 0 0 0 0 0 0 0 0 0 0 0 21 13 13 20 12 19
 6.400000E+01 7 0 0 0 0 0 0 0 0 0 0 0 21 12 19 22 9 19
 6.450000E+01 9 0 0 0 0 0 0 0 0 0 0 0 18 12 18 24 10 19
 6.500000E+01 6 0 0 0 0 0 0 0 0 0 0 0 19 12 16 24 11 10
 6.550000E+01 4 0 0 0 0 0 0 0 0 0 0 0 12 13 14 22 18 20
 6.600000E+01 7 0 0 0 0 0 0 0 0 0 0 0 18 13 10 20 22 15
 6.650000E+01 2 0 0 0 0 0 0 0 0 0 0 0 14 18 14 15 13 20
 6.700000E+01 1 0 0 0 0 0 0 0 0 0 0 0 10 23 14 14 15 18
 6.750000E+01 8 0 0 0 0 0 0 0 0 0 0 0 15 18 17 12 14 15
 6.800000E+01 3 0 0 0 0 0 0 0 0 1 0 0 16 17 16 10 11 22
 6.850000E+01 6 0 0 0 0 0 0 0 0 1 0 0 15 11 13 15 18 23
 6.900000E+01 10 0 0 0 0 0 0 0 0 1 0 0 13 19 10 12 18 23
 6.950000E+01 7 0 0 0 0 0 0 0 0 1 0 0 16 16 10 17 20 16
 7.000000E+01 8 0 0 0 0 0 0 0 0 0 0 0 19 13 12 21 17 11
 7.050000E+01 5 0 0 0 0 0 0 0 0 0 0 0 17 14 13 17 12 17
 7.100000E+01 12 0 0 0 0 0 0 0 0 0 0 0 19 17 12 14 13 19
 7.150000E+01 10 0 0 0 0 0 0 0 0 0 0 0 20 14 17 16 14 14
 7.200000E+01 10 0 0 0 0 0 0 0 0 0 0 0 19 15 21 9 17 17
 7.250000E+01 0 0 0 0 0 0 0 0 0 0 0 0 18 18 21 9 14 13
 7.300000E+01 6 0 0 0 0 0 0 0 0 0 0 0 19 19 16 16 16 15
 7.350000E+01 7 0 0 0 0 0 0 0 0 1 0 0 15 15 18 20 14 17
 7.400000E+01 8 0 0 0 0 0 0 0 0 2 0 0 12 19 15 14 15 18
 7.450000E+01 9 0 0 0 0 0 0 1 0 1 0 0 16 16 15 12 18 24
 7.500000E+01 4 0 0 0 0 0 0 1 0 1 0 0 13 17 12 16 17 17
 7.550000E+01 6 0 0 0 0 0 0 0 0 2 0 0 16 21 13 15 16 16
 7.600000E+01 12 0 0 0 0 0 0 0 0 1 0 0 13 24 12 20 17 22
 7.650000E+01 3 0 0 0 0 0 0 1 0 1 0 0 20 15 13 18 11 20
 7.700000E+01 5 0 0 0 0 0 0 3 0 0 0 0 20 16 14 29 10 18
 7.750000E+01 11 0 0 0 0 0 0 0 0 2 0 0 18 14 18 19 13 18
 7.800000E+01 2 0 0 0 0 0 0 0 0 0 0 0 19 17 19 16 18 17
 7.850000E+01 8 0 0 0 0 0 0 0 0 0 0 0 21 14 23 16 16 15
 7.900000E+01 8 0 0 0 0 0 0 0 0 0 0 0 18 10 16 13 25 15
 7.950000E+01 8 0 0 0 0 0 0 0 0 0 0 0 20 10 22 16 23 16
 8.000000E+01 11 0 0 0 0 0 0 0 0 0 0 0 16 13 19 15 22 14
 8.050000E+01 10 0 0 0 0 0 0 0 0 0 0 0 13 22 16 11 16 18
 8.100000E+01 9 0 0 0 0 0 0 0 0 0 0 0 15 18 16 18 18 16
 8.150000E+01 11 0 0 0 0 0 0 0 0 0 0 0 14 19 17 17 21 20
 8.200000E+01 7 0 0 0 0 0 0 0 0 0 0 0 20 11 19 14 19 25
 8.250000E+01 8 0 0 0 0 0 0 1 0 0 0 0 13 9 25 13 17 22
 8.300000E+01 3 0 0 0 0 0 0 0 0 1 0 0 21 11 21 15 15 21
 8.350000E+01 6 0 0 0 0 0 0 0 0 1 0 0 19 14 16 19 19 17
 8.400000E+01 7 0 0 0 0 0 0 0 0 0 0 0 23 18 15 27 16 9
 8.450000E+01 9 0 0 0 0 0 0 0 0 0 0 0 22 21 10 27 17 17
 8.500000E+01 7 0 0 0 0 0 0 0 0 0 0 0 21 12 16 24 18 14
 8.550000E+01 6 0 0 0 0 0 0 0 0 0 0 0 19 10 20 19 20 15
 8.600000E+01 6 0 0 0 0 0 0 0 0 0 0 0 19 15 16 16 19 24
 8.650000E+01 10 0 0 0 0 0 0 0 0 0 0 0 20 16 18 16 19 32
 8.700000E+01 15 0 0 0 0 0 0 0 0 0 0 0 13 18 16 19 16 27
 8.750000E+01 7 0 0 0 0 0 0 0 0 0 0 0 11 26 19 19 15 27
 8.800000E+01 5 0 0 0 0 0 0 0 0 0 0 0 16 21 19 18 13 19
 8.850000E+01 8 0 0 0 0 0 0 0 0 1 0 0 18 26 16 17 13 16
 8.900000E+01 5 0 0 0 0 0 0 0 0 1 0 0 13 24 25 19 14 16
 8.950000E+01 8 0 0 0 0 0 0 0 0 1 0 0 18 16 21 12 14 20
 9.000000E+01 5 0 0 0 0 0 0 1 0 0 0 0 19 17 25 13 17 22
 9.050000E+01 15 0 0 0 0 0 0 0 0 1 0 0 23 13 17 19 19 18
 9.100000E+01 12 0 0 0 0 0 0 1 0 0 0 0 22 11 17 20 19 23
 9.150000E+01 15 0 0 0 0 0 0 0 0 1 0 0 24 11 14 16 18 29
 9.200000E+01 9 0 0 0 0 0 0 0 0 1 0 0 23 11 16 20 11 25
 9.250000E+01 6 0 0 0 0 0 0 0 0 1 0 0 19 15 11 23 23 23
 9.300000E+01 10 0 0 0 0 0 0 0 0 1 0 0 16 14 13 17 22 18
 9.350000E+01 9 0 0 0 0 0 0 0 0 0 0 0 21 20 20 18 20 17
 9.400000E+01 14 0 0 0 0 0 0 0 0 0 0 0 21 18 16 16 14 20
 9.450000E+01 8 0 0 0 0 0 0 0 0 0 0 0 21 15 16 17 17 18
 9.500000E+01 11 0 0 0 0 0 0 0 0 0 0 0 17 16 19 20 13 16
 9.550000E+01 5 0 0 0 0 0 0 0 0 0 0 0 21 17 17 18 22 15
 9.600000E+01 9 0 0 0 0 0 0 0 0 0 0 0 23 20 17 14 24 10
 9.650000E+01 9 0 0 0 0 0 0 0 0 0 0 0 16 18 13 18 27 19
 9.700000E+01 12 0 0 0 0 0 0 0 0 0 0 0 14 21 11 16 19 14
 9.750000E+01 8 0 0 0 0 0 0 0 0 0 0 0 15 24 13 21 22 18
 9.800000E+01 10 0 0 0 0 0 0 0 0 0 0 0 20 22 14 14 23 18
 9.850000E+01 11 0 0 0 0 0 0 0 0 0 0 0 22 19 18 14 17 23
 9.900000E+01 13 0 0 0 0 0 0 0 0 0 0 0 15 18 18 12 22 20
 9.950000E+01 8 0 0 0 0 0 0 0 0 0 0 0 19 19 17 14 26 12
 1.000000E+02 10 0 0 0 0 0 0 0 0 0 0 0 20 15 16 22 19 15
 1.005000E+02 6 0 0 0 0 0 0 0 0 0 0 0 17 20 16 22 22 16
 1.010000E+02 7 0 0 0 0 0 0 0 0 0 0 0 19 20 19 23 19 20
 1.015000E+02 4 0 0 0 0 0 0 0 0 0 0 0 22 23 16 23 14 22
 1.020000E+02 10 0 0 0 0 0 0 0 0 1 0 0 21 19 14 21 15 20
 1.025000E+02 13 0 0 0 0 0 0 1 0 0 0 0 15 21 17 15 18 17
 1.030000E+02 11 0 0 0 0 0 0 0 0 1 0 0 18 18 18 14 23 22
 1.035000E+02 12 0 0 0 0 0 0 0 0 1 0 0 19 18 20 11 17 21
 1.040000E+02 8 0 0 0 0 0 0 0 0 0 0 0 15 18 23 15 15 24
 1.045000E+02 8 0 0 0 0 0 0 0 0 0 0 0 18 20 26 12 20 16
 1.050000E+02 9 0 0 0 0 0 0 0 0 0 0 0 21 12 18 23 20 19
 1.055000E+02 13 0 0 0 0 0 0 0 0 1 0 0 19 11 15 20 20 20
 1.060000E+02 10 0 0 0 0 0 0 0 0 0 0 0 14 11 21 16 24 13
 1.065000E+02 11 0 0 0 0 0 0 0 0 0 0 0 18 14 20 19 25 14
 1.070000E+02 10 0 0 0 0 0 0 0 0 0 0 0 20 21 24 12 16 19
 1.075000E+02 12 0 0 0 0 0 0 0 0 0 0 0 22 20 19 15 18 18
 1.080000E+02 13 0 0 0 0 0 0 0 0 0 0 0 24 17 15 18 22 18
 1.085000E+02 8 0 0 0 0 0 0 0 0 2 0 0 20 18 13 13 21 16
 1.090000E+02 3 0 0 0 0 0 0 0 0 1 0 0 20 22 19 15 18 19
 1.095000E+02 9 0 0 0 0 0 0 0 0 0 0 0 25 17 20 16 12 16
 1.100000E+02 12 0 0 0 0 0 0 0 0 0 0 0 18 22 21 17 21 23
 1.105000E+02 7 0 0 0 0 0 0 0 0 0 0 0 14 20 19 22 18 21
 1.110000E+02 8 0 0 0 0 0 0 0 0 0 0 0 14 16 23 11 21 16
 1.115000E+02 12 0 0 0 0 0 0 0 0 0 0 0 21 14 20 15 13 18
 1.120000E+02 6 0 0 0 0 0 0 0 0 0 0 0 17 26 25 17 18 14
 1.125000E+02 14 0 0 0 0 0 0 0 0 0 0 0 19 21 18 14 16 20
 1.130000E+02 7 0 0 0 0 0 0 0 0 0 0 0 16 25 15 18 21 22
 1.135000E+02 10 0 0 0 0 0 0 0 0 0 0 0 17 15 17 23 21 22
 1.140000E+02 13 0 0 0 0 0 0 0 0 0 0 0 18 16 17 18 20 19
 1.145000E+02 12 0 0 0 0 1 0 0 0 0 0 0 19 22 13 18 18 23
 1.150000E+02 7 0 0 0 0 0 0 0 0 0 0 0 13 27 19 17 19 20
 1.155000E+02 8 0 0 0 0 0 0 0 0 0 0 0 20 26 10 17 17 27
 1.160000E+02 6 0 0 0 0 0 0 0 0 0 0 0 18 23 18 26 12 22
 1.165000E+02 9 0 0 0 0 0 0 0 0 1 0 0 19 23 18 25 13 15
 1.170000E+02 8 0 0 0 0 0 0 2 0 0 0 0 17 18 20 23 20 14
 1.175000E+02 5 0 0 0 0 0 0 1 0 1 0 0 16 20 14 20 20 18
 1.180000E+02 10 0 0 0 0 0 0 0 0 1 0 0 23 16 14 16 17 18
 1.185000E+02 12 0 0 0 0 0 0 0 0 1 0 0 22 24 16 16 17 29
 1.190000E+02 10 0 0 0 0 0 0 0 0 1 0 0 22 18 15 13 20 21
 1.195000E+02 7 0 0 0 0 0 0 0 0 1 0 0 29 17 19 16 19 15
 1.200000E+02 12 0 0 0 0 0 0 2 0 0 0 0 19 21 19 17 16 20
 1.205000E+02 8 0 0 0 0 0 0 1 0 1 0 0 17 17 13 21 18 22
 1.210000E+02 12 0 0 0 0 0 0 0 0 0 0 0 11 16 18 24 22 18
 1.215000E+02 12 0 0 0 0 0 0 0 0 0 0 0 16 23 17 22 17 19
 1.220000E+02 5 0 0 0 0 0 0 0 0 0 0 0 17 14 24 19 24 16
 1.225000E+02 9 0 0 0 0 0 0 0 0 0 0 0 17 15 22 18 19 18
 1.230000E+02 13 0 0 0 0 0 0 0 0 0 0 0 19 16 22 14 14 18
 1.235000E+02 7 0 0 0 0 0 0 0 0 0 0 0 26 17 17 21 15 13
 1.240000E+02 7 0 0 0 0 0 0 0 0 0 0 0 26 14 15 21 16 13
 1.245000E+02 10 0 0 0 0 0 0 0 0 0 0 0 22 18 12 13 21 15
 1.250000E+02 9 0 0 0 0 0 0 0 0 0 0 0 19 16 21 20 22 11
 1.255000E+02 8 0 0 0 0 0 0 0 0 0 0 0 19 16 26 17 20 14
 1.260000E+02 11 0 0 0 0 0 0 0 0 1 0 0 11 16 32 18 22 15
 1.265000E+02 10 0 0 0 0 0 0 0 0 0 0 0 15 16 19 16 19 15
 1.270000E+02 7 0 0 0 0 0 0 0 0 0 0 0 19 21 19 14 18 16
 1.275000E+02 12 0 0 0 0 0 0 0 0 0 0 0 17 16 13 15 15 21
 1.280000E+02 13 0 0 0 0 0 0 0 0 0 0 0 14 16 10 18 19 28
 1.285000E+02 10 0 0 0 0 0 0 0 0 0 0 0 16 18 13 19 24 17
 1.290000E+02 9 0 0 0 0 0 0 0 0 0 0 0 9 18 20 19 21 23
 1.295000E+02 9 0 0 0 0 0 0 0 0 0 0 0 19 14 20 24 16 24
 1.300000E+02 7 0 0 0 0 0 0 0 0 0 0 0 15 16 22 29 19 18
 1.305000E+02 13 0 0 0 0 0 0 0 0 0 0 0 16 19 17 18 19 20
 1.310000E+02 12 0 0 0 0 0 0 0 0 0 0 0 11 16 16 13 22 21
 1.315000E+02 6 0 0 0 0 0 0 0 0 0 0 0 12 13 15 19 21 20
 1.320000E+02 4 0 0 0 0 0 0 0 0 2 0 0 22 23 16 18 20 15
 1.325000E+02 9 0 0 0 0 0 0 0 0 3 0 0 22 22 17 20 15 12
 1.330000E+02 12 0 0 0 0 0 0 0 0 3 0 0 15 16 18 25 13 12
 1.335000E+02 7 0 0 0 0 0 0 1 0 2 0 0 14 19 21 21 16 19
 1.340000E+02 16 0 0 0 0 0 0 1 0 0 0 0 18 22 19 18 15 22
 1.345000E+02 14 0 0 0 0 0 0 0 0 1 0 0 14 15 15 27 13 25
 1.350000E+02 5 0 0 0 0 0 0 0 0 1 0 0 20 19 17 18 11 17
 1.355000E+02 12 0 0 0 0 0 0 0 0 1 0 0 20 16 15 19 20 18
 1.360000E+02 7 0 0 0 0 0 0 1 0 1 0 0 20 12 20 18 16 20
 1.365000E+02 11 0 0 0 0 0 0 0 0 1 0 0 20 18 22 27 14 13
 1.370000E+02 6 0 0 0 0 0 0 0 0 0 0 0 19 12 23 21 17 15
 1.375000E+02 10 0 0 0 0 0 0 0 0 0 0 0 22 11 21 27 19 11
 1.380000E+02 8 0 0 0 0 0 0 0 0 0 0 0 26 10 19 18 20 14
 1.385000E+02 4 0 0 0 0 0 0 0 0 1 0 0 25 11 16 16 19 21
 1.390000E+02 11 0 0 0 0 0 0 0 0 2 0 0 18 18 16 20 27 16
 1.395000E+02 5 0 0 0 0 0 0 1 0 0 0 0 16 21 21 20 21 18
 1.400000E+02 13 0 0 0 0 0 0 0 0 3 0 0 16 16 17 19 26 15
 1.405000E+02 7 0 0 0 0 0 0 1 0 2 0 0 18 20 20 17 21 15
 1.410000E+02 1 0 0 0 0 0 0 1 0 1 0 0 16 21 17 22 21 15
 1.415000E+02 5 0 0 0 0 0 0 0 0 0 0 0 21 21 14 19 19 17
 1.420000E+02 8 0 0 0 0 0 0 0 0 0 0 0 16 16 14 14 24 15
 1.425000E+02 8 0 0 0 0 0 0 0 0 0 0 0 22 19 16 14 25 14
 1.430000E+02 8 0 0 0 0 0 0 0 0 0 0 0 22 19 23 14 14 13
 1.435000E+02 6 0 0 0 0 0 0 0 0 0 0 0 31 20 21 12 10 15
 1.440000E+02 7 0 0 0 0 0 0 0 0 0 0 0 26 20 18 17 11 23
 1.445000E+02 7 0 0 0 0 0 0 0 0 0 0 0 22 19 14 17 16 20
 1.450000E+02 7 0 0 0 0 0 0 0 0 0 0 0 24 18 17 26 8 19
 1.455000E+02 8 0 0 0 0 0 0 0 0 0 0 0 15 20 20 26 11 14
 1.460000E+02 8 0 0 0 0 0 0 1 0 0 0 0 21 14 21 24 12 15
 1.465000E+02 7 0 0 0 0 0 0 1 0 0 0 0 17 22 22 18 15 16
 1.470000E+02 12 0 0 0 0 0 0 0 0 0 0 0 17 23 18 21 17 19
 1.475000E+02 8 0 0 0 0 0 0 0 0 0 0 0 18 24 16 26 16 17
 1.480000E+02 14 0 0 0 0 0 0 0 0 0 0 0 19 24 19 17 16 19
 1.485000E+02 5 0 0 0 0 0 0 0 0 0 0 0 21 18 27 14 19 20
 1.490000E+02 5 0 0 0 0 0 0 0 0 0 0 0 16 21 24 21 17 14
 1.495000E+02 8 0 0 0 0 0 0 0 0 0 0 0 12 18 22 17 20 13
 1.500000E+02 8 0 0 0 0 0 0 0 0 0 0 0 13 20 17 16 14 18
 1.505000E+02 8 0 0 0 0 0 0 0 0 0 0 0 16 27 23 17 22 16
 1.510000E+02 9 0 0 0 0 0 0 0 0 0 0 0 18 15 17 15 19 24
 1.515000E+02 9 0 0 0 0 0 0 0 0 0 0 0 15 12 14 23 21 23
 1.520000E+02 11 0 0 0 0 0 0 0 0 0 0 0 19 14 18 17 18 22
 1.525000E+02 7 0 0 0 0 0 0 0 0 0 0 0 19 11 19 21 19 16
 1.530000E+02 6 0 0 0 0 0 0 0 0 0 0 0 17 11 17 20 22 12
 1.535000E+02 4 0 0 0 0 0 0 0 0 0 0 0 20 12 20 17 25 18
 1.540000E+02 8 0 0 0 0 0 0 0 0 0 0 0 20 17 18 13 22 13
 1.545000E+02 12 0 0 0 0 0 0 0 0 0 0 0 22 15 18 13 19 19
 1.550000E+02 9 0 0 0 0 0 0 0 0 0 0 0 20 20 20 12 24 15
 1.555000E+02 8 0 0 0 0 0 0 0 0 0 0 0 25 21 16 14 20 17
 1.560000E+02 10 0 0 0 0 0 0 0 0 0 0 0 25 14 12 18 19 12
 1.565000E+02 3 0 0 0 0 0 0 0 0 0 0 0 18 17 16 22 20 14
 1.570000E+02 7 0 0 0 0 0 0 0 0 0 0 0 22 15 16 16 20 14
 1.575000E+02 9 0 0 0 0 0 0 0 0 0 0 0 20 11 18 13 22 11
 1.580000E+02 3 0 0 0 0 0 0 0 0 0 0 0 16 21 13 12 16 22
 1.585000E+02 12 0 0 0 0 0 0 0 0 0 0 0 17 21 14 19 15 14
 1.590000E+02 6 0 0 0 0 0 0 0 0 0 0 0 28 12 18 16 13 8
 1.595000E+02 8 0 0 0 0 0 0 0 0 0 0 0 21 18 24 17 20 10
 1.600000E+02 7 0 0 0 0 0 0 0 0 0 0 0 20 17 20 14 16 13
 1.605000E+02 3 0 0 0 0 0 0 0 0 1 0 0 15 23 24 17 18 18
 1.610000E+02 7 0 0 0 0 0 0 1 0 0 0 0 17 19 26 14 17 11
 1.615000E+02 8 0 0 0 0 0 0 0 0 2 0 0 11 15 16 22 16 14
 1.620000E+02 3 0 0 0 0 0 0 0 0 1 0 0 10 14 20 27 16 17
 1.625000E+02 8 0 0 0 0 0 0 0 0 1 0 0 13 14 19 19 15 16
 1.630000E+02 9 0 0 0 0 0 0 0 0 1 0 0 19 15 16 28 18 11
 1.635000E+02 10 0 0 0 0 0 0 0 0 1 0 0 12 15 21 20 21 17
 1.640000E+02 5 0 0 0 0 0 0 0 0 0 0 0 10 18 22 19 16 26
 1.645000E+02 3 0 0 0 0 0 0 0 0 0 0 0 20 18 14 20 26 18
 1.650000E+02 16 0 0 0 0 0 0 0 0 0 0 0 18 14 14 20 25 13
 1.655000E+02 15 0 0 0 0 0 0 0 0 0 0 0 21 15 18 18 20 14
 1.660000E+02 9 0 0 0 0 0 0 0 0 0 0 0 24 22 19 12 21 14
 1.665000E+02 6 0 0 0 0 0 0 0 0 0 0 0 27 15 18 10 15 15
 1.670000E+02 6 0 0 0 0 0 0 0 0 0 0 0 19 16 22 9 17 23
 1.675000E+02 4 0 0 0 0 0 0 0 0 0 0 0 20 21 13 14 24 20
 1.680000E+02 10 0 0 0 0 0 0 0 0 0 0 0 17 24 15 18 21 17
 1.685000E+02 5 0 0 0 0 0 0 0 0 0 0 0 18 16 14 13 18 19
 1.690000E+02 9 0 0 0 0 0 0 0 0 0 0 0 17 18 20 16 18 18
 1.695000E+02 9 0 0 0 0 0 0 0 0 0 0 0 18 23 21 9 16 20
 1.700000E+02 3 0 0 0 0 0 0 0 0 0 0 0 18 23 19 13 14 17
 1.705000E+02 10 0 0 0 0 0 0 0 0 0 0 0 14 19 15 12 19 18
 1.710000E+02 9 0 0 0 0 0 0 0 0 0 0 0 12 20 17 13 20 25
 1.715000E+02 6 0 0 0 0 0 0 0 0 0 0 0 9 24 19 6 21 20
 1.720000E+02 10 0 0 0 0 0 0 0 0 0 0 0 14 14 11 19 23 23
 1.725000E+02 6 0 0 0 0 0 0 0 0 0 0 0 21 10 17 18 27 20
 1.730000E+02 12 0 0 0 0 0 0 0 0 0 0 0 13 12 18 17 24 14
 1.735000E+02 11 0 0 0 0 0 0 0 0 0 0 0 16 11 19 19 15 19
 1.740000E+02 8 0 0 0 0 0 0 0 0 0 0 0 17 7 23 23 20 14
 1.745000E+02 9 0 0 0 0 0 0 0 0 0 0 0 11 15 26 25 19 8
 1.750000E+02 7 0 0 0 0 0 0 1 0 0 0 0 13 12 24 23 19 9
 1.755000E+02 5 0 0 0 0 0 0 0 0 0 0 0 6 12 22 21 18 18
 1.760000E+02 7 0 0 0 0 0 0 0 0 0 0 0 18 10 22 20 16 18
 1.765000E+02 5 0 0 0 0 0 0 0 0 0 0 0 13 13 21 22 16 15
 1.770000E+02 11 0 0 0 0 0 0 0 0 0 0 0 17 21 20 14 13 19
 1.775000E+02 11 0 0 0 0 0 0 0 0 0 0 0 20 19 11 23 16 14
 1.780000E+02 13 0 0 0 0 0 0 0 0 0 0 0 24 22 15 16 12 19
 1.785000E+02 9 0 0 0 0 0 0 0 0 0 0 0 19 21 12 17 17 21
 1.790000E+02 10 0 0 0 0 0 0 0 0 0 0 0 12 17 20 16 11 21
 1.795000E+02 5 0 0 0 0 0 0 0 0 0 0 0 14 16 21 23 11 19
 1.800000E+02 9 0 0 0 0 0 0 0 0 0 0 0 17 13 18 18 17 24
 1.805000E+02 8 0 0 0 0 0 0 0 0 0 0 0 18 12 20 17 15 17
 1.810000E+02 11 0 0 0 0 0 0 0 0 0 0 0 17 15 25 17 14 25
 1.815000E+02 12 0 0 0 0 0 0 0 0 0 0 0 14 18 22 12 16 21
 1.820000E+02 6 0 0 0 0 0 0 0 0 0 0 0 14 26 20 11 20 21
 1.825000E+02 5 0 0 0 0 0 0 0 0 0 0 0 14 19 18 13 20 21
 1.830000E+02 9 0 0 0 0 0 0 0 0 0 0 0 14 18 14 17 27 23
 1.835000E+02 12 0 0 0 0 0 0 0 0 0 0 0 12 15 14 21 23 23
 1.840000E+02 6 0 0 0 0 0 0 0 0 0 0 0 12 17 23 16 19 18
 1.845000E+02 9 0 0 0 0 0 0 0 0 0 0 0 14 13 14 19 14 25
 1.850000E+02 6 0 0 0 0 0 0 0 0 0 0 0 20 18 16 20 16 21
 1.855000E+02 10 0 0 0 0 0 0 0 0 0 0 0 15 16 19 16 18 20
 1.860000E+02 8 0 0 0 0 0 0 0 0 0 0 0 19 16 25 21 17 24
 1.865000E+02 11 0 0 0 0 0 0 0 0 0 0 0 11 9 28 18 14 20
 1.870000E+02 10 0 0 0 0 0 0 0 0 0 0 0 17 12 23 15 17 18
 1.875000E+02 9 0 0 0 0 0 0 1 0 0 0 0 23 19 18 16 12 22
 1.880000E+02 11 0 0 0 0 0 0 1 0 0 0 0 20 19 14 16 21 17
 1.885000E+02 9 0 0 0 0 0 0 0 0 0 0 0 23 25 17 24 14 9
 1.890000E+02 14 0 0 0 0 0 0 0 0 0 0 0 27 22 16 20 17 13
 1.895000E+02 6 0 0 0 0 0 0 0 0 0 0 0 14 22 21 19 16 16
 1.900000E+02 7 0 0 0 0 0 0 0 0 0 0 0 13 17 17 20 15 16
 1.905000E+02 9 0 0 0 0 0 0 0 0 0 0 0 24 28 17 12 24 16
 1.910000E+02 12 0 0 0 0 0 0 0 0 0 0 0 21 24 16 15 19 22
 1.915000E+02 13 0 0 0 0 0 0 0 0 0 0 0 19 27 12 17 13 19
 1.920000E+02 9 0 0 0 0 0 0 0 0 0 0 0 14 24 15 19 18 20
 1.925000E+02 14 0 0 0 0 0 0 0 0 1 0 0 11 20 21 17 14 23
 1.930000E+02 14 0 0 0 0 0 0 1 0 0 0 0 20 13 21 18 20 24
 1.935000E+02 9 0 0 0 0 0 0 0 0 1 0 0 18 15 15 16 17 25
 1.940000E+02 8 0 0 0 0 0 0 0 0 0 0 0 22 14 15 18 21 24
 1.945000E+02 8 0 0 0 0 0 0 0 0 0 0 0 18 9 22 16 29 20
 1.950000E+02 9 0 0 0 0 0 0 0 0 0 0 0 14 20 18 15 32 18
 1.955000E+02 11 0 0 0 0 0 0 0 0 1 0 0 8 18 16 16 22 20
 1.960000E+02 10 0 0 0 0 0 0 1 0 0 0 0 16 18 10 21 21 25
 1.965000E+02 14 0 0 0 0 0 0 0 0 0 0 0 14 21 11 15 17 15
 1.970000E+02 9 0 0 0 0 0 0 0 0 0 0 0 14 12 20 21 21 16
 1.975000E+02 15 0 0 0 0 0 0 0 0 0 0 0 18 19 17 19 12 13
 1.980000E+02 8 0 0 0 0 0 0 0 0 0 0 0 18 17 18 16 18 11
 1.985000E+02 11 0 0 0 0 0 0 0 0 0 0 0 22 13 17 17 15 15
 1.990000E+02 5 0 0 0 0 0 0 0 0 0 0 0 18 18 12 12 23 20
 1.995000E+02 5 0 0 0 0 0 0 1 0 0 0 0 18 18 17 9 22 19
 2.000000E+02 18 0 0 0 0 0 0 0 0 1 0 0 25 16 15 10 25 20
 2.005000E+02 9 0 0 0 0 0 0 0 0 1 0 0 18 19 22 10 17 22
 2.010000E+02 10 0 0 0 0 0 0 0 0 0 0 0 14 19 11 19 22 19
 2.015000E+02 9 0 0 0 0 0 0 0 0 0 0 0 20 13 11 17 22 23
 2.020000E+02 11 0 0 0 0 0 0 0 0 0 0 0 19 19 10 16 16 21
 2.025000E+02 6 0 0 0 0 0 0 0 0 0 0 0 12 15 17 20 13 16
 2.030000E+02 6 0 0 0 0 0 0 0 0 0 0 0 14 15 18 17 18 20
 2.035000E+02 8 0 0 0 0 0 0 0 0 0 0 0 9 21 13 13 21 17
 2.040000E+02 7 0 0 0 0 0 0 0 0 0 0 0 19 15 12 15 20 14
 2.045000E+02 7 0 0 0 0 0 0 0 0 0 0 0 16 21 17 16 21 15
 2.050000E+02 12 0 0 0 0 0 0 0 0 0 0 1 14 18 14 16 21 14
 2.055000E+02 7 0 0 0 0 0 0 0 0 1 0 0 14 19 13 15 16 15
 2.060000E+02 8 0 0 0 0 0 0 0 0 1 0 0 16 15 16 20 7 16
 2.065000E+02 7 0 0 0 0 0 0 0 0 0 0 0 18 16 15 14 9 16
 2.070000E+02 9 0 0 0 0 0 0 0 0 0 0 0 12 18 13 20 13 17
 2.075000E+02 8 0 0 0 0 0 0 0 0 0 0 0 16 12 10 13 16 15
 2.080000E+02 7 0 0 0 0 0 0 0 0 0 0 0 14 13 10 14 18 13
 2.085000E+02 8 0 0 0 0 0 0 0 0 0 0 0 12 20 14 15 17 13
 2.090000E+02 5 0 0 0 0 0 0 0 0 0 0 0 19 20 12 12 15 14
 2.095000E+02 8 0 0 0 0 0 0 0 0 0 0 0 18 17 15 8 15 17
 2.100000E+02 7 0 0 0 0 0 0 0 0 0 0 0 19 10 13 11 24 13
 2.105000E+02 13 0 0 0 0 0 0 0 0 0 0 0 20 15 11 10 22 12
 2.110000E+02 9 0 0 0 0 0 0 0 0 0 0 0 15 17 13 12 18 17
 2.115000E+02 7 0 0 0 0 0 0 0 0 0 0 0 15 19 7 18 19 10
 2.120000E+02 10 0 0 0 0 0 0 0 0 0 0 0 18 14 9 15 24 10
 2.125000E+02 6 0 0 0 0 0 0 0 0 0 0 0 23 14 13 21 24 8
 2.130000E+02 10 0 0 0 0 0 0 0 0 0 0 0 12 15 21 19 19 8
 2.135000E+02 10 0 0 0 0 0 0 0 0 1 0 0 19 10 16 21 20 7
 2.140000E+02 5 0 0 1 0 0 0 0 0 0 0 0 21 11 17 28 16 13
 2.145000E+02 9 0 0 0 0 0 0 0 0 2 0 0 20 10 21 18 16 11
 2.150000E+02 4 0 0 0 0 0 0 0 0 1 0 0 14 16 9 16 16 11
 2.155000E+02 10 0 0 0 0 0 0 0 0 0 0 0 19 15 10 11 12 15
 2.160000E+02 4 0 0 0 1 0 0 0 0 0 0 0 14 18 15 16 19 17
 2.165000E+02 8 0 0 0 1 0 0 0 0 0 0 0 19 28 15 20 12 14
 2.170000E+02 7 0 0 1 0 0 0 0 0 0 0 0 19 26 18 15 10 9
 2.175000E+02 7 0 0 0 0 0 0 0 0 0 0 0 16 20 23 9 11 14
 2.180000E+02 5 0 0 0 0 0 0 0 0 0 0 0 13 24 16 16 6 13
 2.185000E+02 16 0 0 0 0 0 0 0 0 0 0 0 14 18 20 9 10 24
 2.190000E+02 3 0 0 0 0 0 0 0 0 0 0 0 18 22 14 12 6 17
 2.195000E+02 9 0 0 0 0 0 0 0 0 0 0 0 17 19 14 18 7 30
 2.200000E+02 9 0 0 0 0 0 0 0 0 0 0 0 16 12 16 16 7 16
 2.205000E+02 11 0 0 1 0 0 0 0 0 0 0 0 18 13 13 16 16 10
 2.210000E+02 9 0 0 1 0 0 0 0 0 1 0 0 18 15 22 12 15 12
 2.215000E+02 12 0 0 0 0 0 0 0 0 1 1 0 18 16 23 11 15 11
 2.220000E+02 10 0 0 0 0 0 0 0 0 1 0 0 14 14 21 14 10 13
 2.225000E+02 9 0 0 0 0 0 0 0 0 1 0 0 19 18 15 15 8 15
 2.230000E+02 8 0 0 1 0 0 0 0 0 1 0 0 16 17 15 24 11 10
 2.235000E+02 10 0 0 0 0 0 0 0 0 0 0 0 14 19 13 22 16 17
 2.240000E+02 7 0 0 0 0 0 0 0 0 0 0 0 19 16 19 16 14 26
 2.245000E+02 12 0 0 0 0 0 0 0 0 0 1 0 18 19 15 12 11 18
 2.250000E+02 9 0 0 0 0 0 0 0 0 1 0 0 19 16 16 16 17 17
 2.255000E+02 6 0 0 0 0 0 0 0 0 1 0 0 13 19 22 14 21 18
 2.260000E+02 7 0 0 1 0 0 0 0 0 0 0 0 19 17 19 13 18 17
 2.265000E+02 5 0 0 0 0 0 0 0 0 0 0 0 16 18 12 13 16 14
 2.270000E+02 8 0 0 0 0 0 0 0 0 0 0 0 12 17 18 8 17 14
 2.275000E+02 6 0 0 0 0 0 0 0 0 0 0 0 19 21 16 12 13 11
 2.280000E+02 3 0 0 0 0 0 0 0 0 0 0 0 15 12 17 10 20 14
 2.285000E+02 12 0 0 0 0 0 0 0 0 0 0 0 20 6 14 12 20 15
 2.290000E+02 11 0 0 0 0 0 0 0 0 0 0 0 15 12 17 15 18 16
 2.295000E+02 10 0 0 0 0 0 0 0 0 0 0 0 16 14 16 17 13 17
 2.300000E+02 16 0 0 0 0 0 0 0 0 1 0 0 9 18 13 14 15 15
 2.305000E+02 8 0 0 0 0 0 0 0 0 1 0 0 7 15 12 17 14 13
 2.310000E+02 11 0 0 1 0 0 0 0 0 0 0 0 15 12 18 19 16 19
 2.315000E+02 9 0 0 0 0 0 0 0 0 1 0 0 14 13 19 11 15 19
 2.320000E+02 7 0 0 0 0 0 0 0 0 0 0 0 15 9 15 13 19 19
 2.325000E+02 6 0 0 1 0 0 0 0 0 0 0 0 15 15 15 15 18 15
 2.330000E+02 11 0 0 1 0 0 0 0 0 0 0 0 12 19 10 9 28 12
 2.335000E+02 7 0 0 0 0 0 0 0 0 0 0 0 11 12 12 7 26 17
 2.340000E+02 11 0 0 0 0 0 0 0 0 0 0 0 18 13 12 9 26 15
 2.345000E+02 8 0 0 0 0 0 0 0 0 0 0 0 20 18 15 12 23 10
 2.350000E+02 7 0 0 0 0 0 0 0 0 0 0 0 10 14 12 8 18 16
 2.355000E+02 7 0 0 0 0 0 0 0 0 0 0 0 10 17 13 14 19 16
 2.360000E+02 6 0 0 0 0 0 0 0 0 0 0 0 12 16 18 6 14 13
 2.365000E+02 16 0 0 1 0 0 0 0 0 0 0 0 12 22 18 6 11 17
 2.370000E+02 12 0 0 0 0 0 0 0 0 1 0 0 10 15 26 8 12 17
 2.375000E+02 5 0 0 0 0 0 0 0 0 0 0 0 14 13 24 18 19 14
 2.380000E+02 11 0 0 0 0 0 0 0 0 0 0 0 8 12 19 17 15 18
 2.385000E+02 8 0 0 0 0 0 0 0 0 0 0 0 10 14 22 13 17 15
 2.390000E+02 4 0 0 0 0 0 0 0 0 0 0 0 18 11 20 11 14 17
 2.395000E+02 11 0 0 2 0 0 0 0 0 1 0 0 12 20 22 14 14 10
 2.400000E+02 4 0 0 1 0 0 0 0 0 1 0 0 19 20 20 9 13 11
 2.405000E+02 8 1 0 0 0 0 0 0 0 1 0 0 23 21 19 10 12 11
 2.410000E+02 9 0 0 0 0 0 0 0 0 1 0 0 15 18 21 10 15 19
 2.415000E+02 6 0 0 0 0 0 0 0 0 1 0 0 22 14 20 10 13 19
 2.420000E+02 13 0 0 1 0 0 0 0 0 0 0 0 21 12 16 15 14 15
 2.425000E+02 8 0 0 0 0 0 0 0 0 1 0 0 20 10 16 16 15 12
 2.430000E+02 6 0 0 0 0 0 0 0 0 0 0 0 17 14 18 16 22 20
 2.435000E+02 8 0 0 0 0 0 0 0 0 0 0 0 14 18 23 17 15 14
 2.440000E+02 12 0 0 0 0 0 0 0 0 0 0 0 13 20 22 17 12 15
 2.445000E+02 7 0 0 0 0 0 0 0 0 0 0 0 10 24 11 19 14 19
 2.450000E+02 4 0 0 0 0 0 0 0 0 0 0 0 13 16 14 18 17 19
 2.455000E+02 12 0 0 0 0 0 0 0 0 0 0 0 13 18 13 18 17 21
 2.460000E+02 14 0 0 0 0 0 0 0 0 0 0 0 9 15 17 17 15 20
 2.465000E+02 7 0 0 0 0 0 0 0 0 0 0 0 10 13 18 15 8 20
 2.470000E+02 9 0 0 0 0 0 0 0 0 0 0 0 17 17 19 20 15 18
 2.475000E+02 12 0 0 0 0 0 0 0 0 1 0 0 17 18 17 15 16 15
 2.480000E+02 7 0 0 0 0 0 0 0 0 1 0 0 20 19 18 15 12 13
 2.485000E+02 13 0 0 0 0 0 0 0 0 0 0 0 11 19 17 13 10 11
 2.490000E+02 10 0 0 0 0 0 0 0 0 0 0 0 10 11 16 20 11 16
 2.495000E+02 10 0 0 1 0 0 0 0 0 0 0 0 14 9 18 23 13 22
 2.500000E+02 6 0 0 0 0 0 0 0 0 0 0 0 11 8 16 11 20 17
 2.505000E+02 1102 0 0 0 0 0 0 0 0 2 0 1 0 0 0 0 0 0
 2.510000E+02 1774 0 0 4 0 0 0 0 0 14 0 1 0 0 0 0 0 0
 2.515000E+02 2025 1 0 9 0 0 0 0 0 19 0 0 0 0 0 0 0 0
 2.520000E+02 2176 0 1 8 0 0 0 5 0 29 3 0 0 0 0 0 0 0
 2.525000E+02 904 0 0 4 1 1 0 0 0 37 2 2 0 0 0 0 0 0
 2.530000E+02 391 0 0 3 2 0 0 3 0 26 0 0 0 0 0 0 0 0
 2.535000E+02 183 1 0 4 0 0 0 1 0 14 0 1 1 1 0 0 0 1
 2.540000E+02 98 1 0 3 0 0 0 1 0 12 0 0 1 1 1 1 1 1
 2.545000E+02 1403 0 0 4 0 1 0 1 0 15 0 0 0 0 0 0 0 0
 2.550000E+02 1983 1 0 7 2 0 0 4 0 27 0 0 0 0 0 0 0 0
 2.555000E+02 2199 0 0 5 0 1 0 10 0 26 2 1 0 0 0 0 0 0
 2.560000E+02 2304 0 1 7 0 1 0 4 0 35 1 0 0 0 0 0 0 0
 2.565000E+02 972 1 0 4 0 0 0 5 1 29 1 0 0 0 0 0 0 0
 2.570000E+02 434 2 0 1 0 1 0 2 0 22 1 0 0 1 0 1 1 1
 2.575000E+02 195 1 0 4 0 0 0 1 0 13 0 0 0 2 0 0 1 1
 2.580000E+02 98 1 0 3 0 0 0 2 0 6 0 0 2 0 1 3 3 2
 2.585000E+02 1323 0 0 1 0 0 0 0 0 13 1 0 0 0 0 0 0 0
 2.590000E+02 1882 0 0 0 0 0 0 8 0 19 0 0 0 0 0 0 0 0
 2.595000E+02 2102 1 0 2 0 0 0 2 0 29 0 0 0 0 0 0 0 0
 2.600000E+02 2192 2 0 0 0 1 0 6 1 28 2 0 0 0 0 0 0 0
 2.605000E+02 1000 3 0 2 0 0 0 9 1 22 0 1 0 0 0 0 0 0
 2.610000E+02 457 3 0 0 0 0 0 4 2 21 1 1 0 0 0 0 0 0
 2.615000E+02 200 1 0 0 0 1 0 3 0 13 1 0 0 0 1 0 1 0
 2.620000E+02 106 0 0 0 0 0 0 2 1 9 0 0 2 1 4 0 1 0
 2.625000E+02 1348 0 0 0 0 1 0 2 0 16 1 0 0 0 0 0 0 0
 2.630000E+02 1982 1 0 1 0 1 0 3 0 30 0 0 0 0 0 0 0 0
 2.635000E+02 2142 1 0 3 0 2 0 7 0 35 2 1 0 0 0 0 0 0
 2.640000E+02 2244 1 0 3 1 0 0 2 1 37 1 2 0 0 0 0 0 0
 2.645000E+02 954 0 0 1 0 2 0 2 0 27 0 0 0 0 0 0 0 0
 2.650000E+02 389 0 0 2 0 2 0 5 0 21 1 0 0 0 0 1 0 0
 2.655000E+02 189 0 0 2 0 2 0 3 0 17 0 1 0 0 1 0 1 0
 2.660000E+02 101 0 0 0 0 1 1 2 1 13 1 0 5 4 0 0 2 2
 2.665000E+02 1339 0 0 0 0 2 0 3 0 15 0 0 0 0 0 0 0 0
 2.670000E+02 1844 0 0 3 0 2 0 6 0 27 0 1 0 0 0 0 0 0
 2.675000E+02 2119 0 0 1 0 1 0 9 0 28 0 0 0 0 0 1 0 0
 2.680000E+02 2234 2 0 2 0 1 0 8 0 29 1 0 0 0 0 0 0 0
 2.685000E+02 995 0 0 3 0 3 0 7 1 21 0 1 0 0 0 0 0 0
 2.690000E+02 430 0 0 1 0 4 0 2 0 32 0 0 0 0 0 1 0 0
 2.695000E+02 190 0 0 1 0 1 0 4 0 21 0 0 0 0 0 0 0 0
 2.700000E+02 111 0 0 0 0 0 1 3 0 12 1 0 1 1 3 1 1 0
 2.705000E+02 1342 0 0 1 0 1 0 5 0 15 0 0 0 0 0 0 0 0
 2.710000E+02 1915 0 0 0 0 1 0 5 0 21 0 0 0 0 0 0 0 0
 2.715000E+02 2082 0 0 2 0 4 0 10 1 31 0 2 0 0 0 0 0 0
 2.720000E+02 2260 0 0 2 0 5 0 3 0 35 1 2 0 0 0 0 0 0
 2.725000E+02 985 1 0 1 0 1 0 4 0 33 0 1 0 0 0 0 0 0
 2.730000E+02 434 1 0 0 0 5 0 3 0 20 2 1 0 0 0 0 0 1
 2.735000E+02 220 1 0 0 0 3 0 2 0 13 1 0 0 0 0 0 1 0
 2.740000E+02 110 1 0 0 0 0 0 1 0 10 0 0 2 1 3 2 0 0
 2.745000E+02 1382 0 0 1 0 0 0 2 1 14 0 0 0 0 0 0 0 0
 2.750000E+02 1888 0 0 0 0 1 0 4 0 21 0 1 0 0 0 0 0 0
 2.755000E+02 2183 1 0 0 0 1 0 9 1 28 0 0 0 0 0 0 0 0
 2.760000E+02 2254 0 0 0 0 2 0 6 1 36 1 1 0 0 0 0 0 0
 2.765000E+02 990 1 0 2 0 3 0 5 0 34 1 0 0 0 0 0 0 0
 2.770000E+02 399 0 0 1 0 6 0 7 0 23 0 1 0 0 1 0 0 0
 2.775000E+02 183 2 0 3 0 1 0 1 0 16 1 0 2 2 1 0 0 0
 2.780000E+02 98 0 0 0 0 0 0 3 0 16 0 0 2 2 1 3 0 1
 2.785000E+02 1340 1 0 0 0 0 0 2 0 22 1 0 0 0 0 0 0 0
 2.790000E+02 1891 0 0 1 0 0 0 7 1 24 1 0 0 0 0 0 0 0
 2.795000E+02 2122 1 0 0 0 1 0 2 2 39 0 1 0 0 0 0 0 0
 2.800000E+02 2227 2 0 1 0 0 0 6 0 38 0 2 0 0 0 0 0 0
 2.805000E+02 935 0 0 1 0 1 1 5 1 35 0 0 0 0 0 0 0 0
 2.810000E+02 403 0 0 0 0 0 0 2 1 21 0 1 0 0 0 0 1 0
 2.815000E+02 180 0 0 0 0 5 0 1 0 15 2 0 0 2 0 1 0 0
 2.820000E+02 92 0 0 0 0 2 0 4 0 8 1 0 5 2 1 1 2 0
 2.825000E+02 1402 0 0 1 0 2 0 4 0 13 0 1 0 0 0 0 0 0
 2.830000E+02 1943 0 0 1 0 2 0 0 0 31 1 0 0 0 0 0 0 0
 2.835000E+02 2231 0 0 2 0 5 0 5 0 21 1 0 0 0 0 0 0 0
 2.840000E+02 2262 2 0 1 0 1 0 6 1 30 0 0 0 0 0 0 0 0
 2.845000E+02 977 1 0 0 0 2 0 2 1 28 0 0 0 0 0 0 0 0
 2.850000E+02 413 1 0 1 0 2 1 3 0 15 0 0 0 0 0 0 0 0
 2.855000E+02 182 0 0 0 0 1 0 5 0 15 0 0 2 0 1 1 2 2
 2.860000E+02 101 0 0 0 0 1 0 1 0 11 0 1 1 5 2 1 3 2
 2.865000E+02 1356 0 0 0 0 0 0 2 0 10 1 1 0 0 0 0 0 0
 2.870000E+02 1869 0 0 2 0 3 0 5 0 19 1 2 0 0 0 0 0 0
 2.875000E+02 2082 1 0 2 0 2 1 9 0 32 0 0 0 0 0 0 0 0
 2.880000E+02 2229 2 0 0 0 6 0 8 0 32 1 2 0 0 0 0 0 0
 2.885000E+02 977 0 0 2 0 0 0 5 1 42 1 0 0 0 0 0 0 0
 2.890000E+02 423 3 0 0 0 2 0 6 0 31 1 0 0 0 0 0 0 0
 2.895000E+02 192 2 0 1 0 2 0 4 0 25 0 0 0 0 2 0 0 0
 2.900000E+02 87 0 0 1 0 1 0 1 1 21 1 0 2 3 0 2 1 2
 2.905000E+02 71 0 0 0 0 2 0 3 0 12 1 0 6 5 5 6 0 4
 2.910000E+02 47 0 0 0 0 0 0 2 0 11 1 0 8 2 6 4 6 5
 2.915000E+02 47 0 0 0 0 0 0 4 0 5 0 0 14 8 5 5 5 7
 2.920000E+02 44 0 0 0 0 0 0 1 0 4 0 0 7 6 16 12 11 8
 2.925000E+02 38 0 0 0 0 0 0 0 0 3 0 0 17 12 10 9 7 6
 2.930000E+02 28 0 0 0 0 1 0 0 0 2 0 0 16 8 10 16 10 12
 2.935000E+02 29 0 0 0 0 0 0 0 0 0 0 0 7 16 8 7 16 16
 2.940000E+02 23 0 0 0 0 0 0 0 0 0 0 0 11 13 16 12 15 9
 2.945000E+02 32 0 0 0 0 0 0 0 0 1 0 0 22 16 18 15 14 9
 2.950000E+02 17 0 0 0 0 0 0 0 0 1 0 0 12 10 20 13 16 15
 2.955000E+02 12 0 0 0 0 0 0 0 0 1 0 0 13 13 19 14 16 11
 2.960000E+02 19 0 0 0 0 0 0 0 0 0 0 0 17 16 17 16 21 7
 2.965000E+02 23 0 0 0 0 1 0 0 0 1 0 0 20 17 19 20 21 6
 2.970000E+02 21 0 0 0 0 0 0 0 0 1 0 0 19 13 12 12 26 16
 2.975000E+02 19 0 0 0 0 0 0 0 0 0 0 0 17 17 11 18 13 22
 2.980000E+02 22 0 0 0 0 0 0 0 0 0 0 0 14 24 19 9 22 20
 2.985000E+02 23 0 0 0 0 0 0 0 0 0 0 0 20 19 24 17 19 18
 2.990000E+02 18 0 0 0 0 0 0 0 0 0 0 0 16 21 15 11 19 16
 2.995000E+02 22 0 0 0 0 0 0 0 0 1 0 0 17 19 20 22 20 15
 3.000000E+02 24 0 0 0 0 0 0 0 0 0 0 0 18 21 15 13 15 20
 3.005000E+02 18 0 0 0 0 0 0 0 0 0 0 0 20 16 25 23 20 17
 3.010000E+02 21 0 0 0 0 0 0 0 0 0 0 0 19 24 20 21 20 12
 3.015000E+02 14 0 0 0 0 0 0 0 1 0 0 0 18 14 18 23 16 18
 3.020000E+02 22 0 0 0 0 1 0 0 0 0 0 0 20 19 20 21 26 22
 3.025000E+02 16 0 0 0 0 0 0 0 0 2 0 0 18 20 17 24 16 23
 3.030000E+02 10 0 0 0 0 0 0 0 0 1 0 0 19 15 18 17 16 25
 3.035000E+02 12 0 0 0 0 0 0 0 0 0 0 0 25 20 15 15 26 23
 3.040000E+02 12 0 0 0 0 0 0 0 0 1 0 0 27 19 12 15 27 16
 3.045000E+02 15 0 0 0 0 0 0 0 0 1 0 0 25 22 13 19 15 25
 3.050000E+02 16 0 0 0 0 0 0 0 0 0 0 0 24 25 20 18 24 25
 3.055000E+02 14 0 0 0 0 0 0 0 0 0 0 0 20 23 16 17 24 22
 3.060000E+02 11 0 0 0 0 0 0 0 0 0 0 0 17 24 21 26 18 19
 3.065000E+02 13 0 0 0 0 0 0 1 0 0 0 0 15 25 16 23 21 23
 3.070000E+02 12 0 0 0 0 0 0 0 0 1 0 0 14 21 22 22 20 22
 3.075000E+02 15 0 0 0 0 0 0 0 0 1 0 0 19 20 13 19 28 19
 3.080000E+02 7 0 0 0 0 0 0 0 0 1 0 0 25 23 19 26 16 21
 3.085000E+02 16 0 0 0 0 0 0 0 0 2 0 0 20 18 24 13 14 28
 3.090000E+02 15 0 0 0 0 0 0 0 0 1 0 0 25 15 34 17 21 16
 3.095000E+02 18 0 0 0 0 0 0 0 0 0 0 0 22 22 23 17 14 18
 3.100000E+02 11 0 0 0 0 0 0 0 0 1 0 0 19 20 26 21 12 19
 3.105000E+02 10 0 0 0 0 0 0 0 0 0 0 0 15 16 19 18 18 21
 3.110000E+02 12 0 0 0 0 0 0 0 0 0 0 0 15 27 13 21 14 23
 3.115000E+02 14 0 0 0 0 0 0 0 0 0 0 0 22 23 20 23 14 22
 3.120000E+02 13 0 0 0 0 0 0 0 0 0 0 0 18 23 17 26 15 19
 3.125000E+02 10 0 0 0 0 0 0 0 0 0 0 0 14 16 20 23 17 19
 3.130000E+02 16 0 0 0 0 0 0 0 0 0 0 0 18 15 20 19 15 26
 3.135000E+02 15 0 0 0 0 0 0 0 0 0 0 0 20 20 20 18 18 20
 3.140000E+02 10 0 0 0 0 0 0 0 0 0 0 0 23 20 14 18 21 19
 3.145000E+02 11 0 0 0 0 0 0 0 0 0 0 0 23 11 21 15 24 21
 3.150000E+02 12 0 0 0 0 0 0 0 0 0 0 0 25 23 20 12 17 16
 3.155000E+02 13 0 0 0 0 0 0 1 0 0 0 0 18 20 22 15 23 19
 3.160000E+02 12 0 0 0 0 0 0 0 0 1 0 0 28 25 19 8 25 16
 3.165000E+02 11 0 0 0 0 0 0 0 0 0 0 0 18 19 18 15 18 20
 3.170000E+02 18 0 0 0 0 0 0 0 0 0 0 0 17 16 14 15 23 20
 3.175000E+02 17 0 0 0 0 0 0 0 0 0 0 0 14 22 16 22 22 22
 3.180000E+02 10 0 0 0 0 0 0 0 0 0 0 0 15 21 15 18 15 23
 3.185000E+02 13 0 0 0 0 0 0 0 0 0 0 0 21 19 20 20 14 17
 3.190000E+02 10 0 0 0 0 0 0 0 0 0 0 0 15 17 20 16 23 20
 3.195000E+02 17 0 0 0 0 0 0 0 0 0 0 0 21 13 18 27 14 14
 3.200000E+02 20 0 0 0 0 0 0 0 0 0 0 0 25 23 18 19 14 16
 3.205000E+02 8 0 0 0 0 0 0 0 0 0 0 0 22 23 18 25 12 19
 3.210000E+02 13 0 0 0 0 0 0 0 0 0 0 0 16 25 17 20 21 22
 3.215000E+02 11 0 0 0 0 0 0 0 0 0 0 0 16 25 18 22 19 22
 3.220000E+02 15 0 0 0 0 0 0 0 0 0 0 0 15 16 19 18 20 28
 3.225000E+02 14 0 0 0 0 0 0 0 0 0 0 0 18 22 14 25 21 17
 3.230000E+02 8 0 0 0 0 0 0 0 0 0 0 0 17 22 16 18 25 18
 3.235000E+02 8 0 0 0 0 0 0 0 0 0 0 0 27 22 21 13 16 16
 3.240000E+02 10 0 0 0 0 0 0 0 0 0 0 0 23 18 23 11 27 12
 3.245000E+02 13 0 0 0 0 0 0 0 0 0 0 0 22 11 19 18 22 14
 3.250000E+02 10 0 0 0 0 0 0 0 0 0 0 0 17 12 12 18 22 20
 3.255000E+02 9 0 0 0 0 0 0 0 0 0 0 0 15 13 20 12 22 12
 3.260000E+02 11 0 0 0 0 0 0 0 0 0 0 0 16 10 24 16 13 26
 3.265000E+02 14 0 0 0 0 0 0 0 0 0 0 0 14 18 18 24 25 22
 3.270000E+02 10 0 0 0 0 0 0 0 0 1 0 0 20 14 21 17 15 27
 3.275000E+02 17 0 0 0 0 0 0 0 0 0 0 0 22 13 17 24 12 29
 3.280000E+02 10 0 0 0 0 0 0 0 0 0 0 0 19 17 17 17 13 20
 3.285000E+02 12 0 0 0 0 0 0 0 0 0 0 0 15 22 21 19 14 21
 3.290000E+02 11 0 0 0 0 0 0 0 0 0 0 0 12 15 20 20 17 22
 3.295000E+02 10 0 0 0 0 0 0 0 0 0 0 0 10 15 18 22 19 19
 3.300000E+02 7 0 0 0 0 0 0 0 0 0 0 0 14 17 15 19 22 21
 3.305000E+02 9 0 0 0 0 0 0 0 0 0 0 0 13 13 18 18 15 20
 3.310000E+02 5 0 0 0 0 0 0 0 0 0 0 0 20 15 17 13 13 16
 3.315000E+02 6 0 0 0 0 0 0 0 0 0 0 0 15 18 15 17 13 17
 3.320000E+02 15 0 0 0 0 0 0 0 0 0 0 0 18 12 17 20 17 10
 3.325000E+02 7 0 0 0 0 0 0 0 0 0 0 0 15 17 19 19 14 21
 3.330000E+02 12 0 0 0 0 0 0 0 0 0 0 0 13 11 17 13 17 23
 3.335000E+02 11 0 0 0 0 0 0 0 0 0 0 0 18 19 13 18 24 21
 3.340000E+02 6 0 0 0 0 0 0 0 0 1 0 0 15 17 17 16 19 16
 3.345000E+02 12 0 0 1 0 0 0 0 0 0 0 0 16 13 21 19 28 12
 3.350000E+02 10 0 0 0 0 0 0 0 0 0 0 0 19 13 21 15 15 22
 3.355000E+02 5 0 0 0 0 0 0 0 0 1 0 0 17 10 23 20 19 22
 3.360000E+02 10 0 0 0 0 0 0 0 0 1 0 0 19 15 14 14 12 18
 3.365000E+02 9 0 0 0 0 0 0 1 0 0 0 0 14 22 13 22 17 22
 3.370000E+02 6 0 0 0 0 0 0 0 0 1 0 0 11 16 15 19 24 18
 3.375000E+02 9 0 0 1 0 0 0 0 0 0 0 0 17 15 18 19 23 15
 3.380000E+02 13 0 0 0 0 0 0 0 0 1 0 0 20 17 20 20 16 17
 3.385000E+02 8 0 0 0 0 0 0 0 0 1 0 0 18 21 19 16 10 21
 3.390000E+02 16 0 0 0 0 0 0 0 0 1 0 0 18 18 18 20 15 20
 3.395000E+02 11 0 0 0 0 0 0 0 0 0 0 0 15 16 22 19 15 18
 3.400000E+02 14 0 0 0 0 0 0 0 0 0 0 0 17 18 22 16 17 24
 3.405000E+02 16 0 0 0 0 0 0 0 0 1 0 0 17 15 26 17 22 14
 3.410000E+02 7 0 0 0 0 0 0 1 0 0 0 0 17 16 23 17 16 17
 3.415000E+02 12 0 0 0 0 0 0 0 0 0 0 0 15 15 24 14 17 13
 3.420000E+02 10 0 0 0 0 0 0 0 0 0 0 0 22 17 23 16 23 13
 3.425000E+02 10 0 0 0 0 0 0 0 0 0 0 0 20 20 18 24 12 16
 3.430000E+02 13 0 0 0 0 0 0 0 0 0 0 0 14 17 14 20 20 14
 3.435000E+02 8 0 0 0 0 0 0 0 0 0 0 0 12 15 13 23 20 15
 3.440000E+02 8 0 0 0 0 0 0 0 0 0 0 0 17 12 14 12 20 17
 3.445000E+02 11 0 0 0 0 0 0 0 0 0 0 0 15 25 16 16 18 19
 3.450000E+02 6 0 0 0 0 0 0 0 0 0 0 0 15 23 12 23 16 21
 3.455000E+02 10 0 0 0 0 0 0 0 0 0 0 0 13 20 15 18 20 15
 3.460000E+02 9 0 0 0 0 0 0 0 0 0 0 0 13 22 18 23 18 17
 3.465000E+02 12 0 0 0 0 0 0 0 0 0 0 0 15 17 18 20 20 15
 3.470000E+02 9 0 0 0 0 0 0 0 0 0 0 0 14 17 14 17 19 30
 3.475000E+02 7 0 0 0 0 0 0 0 0 0 0 0 21 21 18 15 14 19
 3.480000E+02 3 0 0 0 0 0 0 0 0 0 0 0 19 16 27 17 24 15
 3.485000E+02 11 0 0 0 0 0 0 0 0 1 0 0 23 17 23 19 20 20
 3.490000E+02 6 0 0 0 0 0 0 0 0 0 0 0 19 14 18 17 23 16
 3.495000E+02 10 0 0 0 0 0 0 0 0 0 0 0 21 14 15 17 23 19
 3.500000E+02 5 0 0 0 0 0 0 0 0 0 0 0 18 13 12 14 23 21
 3.505000E+02 8 0 0 0 0 0 0 0 0 0 0 0 12 14 13 16 21 16
 3.510000E+02 5 0 0 0 0 0 0 0 0 1 0 0 18 12 13 22 16 20
 3.515000E+02 9 0 0 0 0 0 0 0 0 1 0 0 22 16 13 23 17 22
 3.520000E+02 7 0 0 0 0 0 0 0 0 1 0 0 9 18 15 17 18 21
 3.525000E+02 9 0 0 0 0 0 0 0 0 1 0 0 17 17 13 11 18 23
 3.530000E+02 5 0 0 0 0 0 0 0 0 1 0 0 28 16 18 16 18 19
 3.535000E+02 5 0 0 0 0 0 0 0 0 1 0 0 31 14 16 16 13 17
 3.540000E+02 12 0 0 0 0 0 0 0 0 1 0 0 26 16 18 21 14 17
 3.545000E+02 12 0 0 0 0 0 0 0 0 0 0 0 16 16 15 16 15 17
 3.550000E+02 9 0 0 0 0 0 0 0 0 0 0 0 18 17 16 17 16 18
 3.555000E+02 7 0 0 0 0 0 0 0 0 0 0 0 16 22 18 17 17 15
 3.560000E+02 8 0 0 1 0 0 0 0 0 0 0 0 17 19 13 18 19 20
 3.565000E+02 12 0 0 0 0 0 0 0 0 1 0 0 13 21 19 20 18 22
 3.570000E+02 17 0 0 1 0 0 0 0 0 0 0 0 17 21 16 19 15 17
 3.575000E+02 8 0 0 0 0 0 0 0 0 1 0 0 19 21 8 18 19 20
 3.580000E+02 9 0 0 0 0 0 0 0 0 1 0 0 15 23 16 16 24 25
 3.585000E+02 13 0 0 0 0 0 0 1 0 0 0 0 23 18 17 19 21 12
 3.590000E+02 6 0 0 0 0 0 0 1 0 0 0 0 12 19 18 21 20 11
 3.595000E+02 10 0 0 0 0 0 0 0 0 0 0 0 14 21 19 19 14 13
 3.600000E+02 4 0 0 0 0 0 0 0 0 0 0 0 23 22 18 15 20 16
 3.605000E+02 5 0 0 0 0 0 0 0 0 0 0 0 15 23 11 17 14 18
 3.610000E+02 10 0 0 0 0 0 0 0 0 1 0 0 23 16 11 20 21 21
 3.615000E+02 17 0 0 0 0 0 0 0 0 1 0 0 17 15 13 19 20 14
 3.620000E+02 9 0 0 0 0 0 0 0 0 1 0 0 18 21 14 20 19 20
 3.625000E+02 12 0 0 0 0 0 0 0 0 1 0 0 15 15 16 17 18 21
 3.630000E+02 7 0 0 0 0 0 0 0 0 1 0 0 17 18 19 23 18 18
 3.635000E+02 6 0 0 0 0 0 0 0 0 1 0 0 9 12 20 22 20 12
 3.640000E+02 9 0 0 0 0 0 0 0 0 0 0 0 21 16 12 21 10 14
 3.645000E+02 13 0 0 0 0 0 0 0 0 0 0 0 22 15 19 19 13 17
 3.650000E+02 9 0 0 0 0 0 0 0 0 0 0 0 23 13 20 18 11 15
 3.655000E+02 9 0 0 0 0 0 0 0 0 0 0 0 14 16 21 15 14 25
 3.660000E+02 8 0 0 0 0 0 0 0 0 0 0 0 19 15 15 15 26 15
 3.665000E+02 11 0 0 0 0 0 0 0 0 0 0 0 17 11 15 13 23 23
 3.670000E+02 17 0 0 0 0 0 0 0 0 0 0 0 19 17 11 20 17 25
 3.675000E+02 7 0 0 0 0 0 0 0 0 0 0 0 20 18 17 20 26 19
 3.680000E+02 7 0 0 0 0 0 0 0 0 1 0 0 15 19 14 26 21 16
 3.685000E+02 11 0 0 0 0 0 0 0 0 0 0 0 15 15 10 21 18 19
 3.690000E+02 12 0 0 0 0 0 0 0 0 0 0 0 19 25 15 16 14 11
 3.695000E+02 11 0 0 0 0 0 0 0 0 0 0 0 16 20 20 13 15 11
 3.700000E+02 13 0 0 0 0 0 0 0 0 0 0 0 11 19 22 18 15 19
 3.705000E+02 6 0 0 0 0 0 0 0 0 0 0 0 13 22 11 19 18 22
 3.710000E+02 14 0 0 0 0 0 0 0 0 0 0 0 21 27 12 18 17 14
 3.715000E+02 10 0 0 0 0 0 0 0 0 0 0 0 15 22 22 18 14 7
 3.720000E+02 9 0 0 0 0 0 0 0 0 0 0 0 15 18 23 15 19 8
 3.725000E+02 15 0 0 0 0 0 0 0 0 0 0 0 12 17 21 17 20 12
 3.730000E+02 19 0 0 0 0 0 0 0 0 0 0 0 17 15 19 18 23 11
 3.735000E+02 7 0 0 0 0 0 0 0 0 0 0 0 18 22 23 12 19 18
 3.740000E+02 7 0 0 0 0 0 0 0 0 0 0 0 14 13 16 17 22 17
 3.745000E+02 8 0 0 0 0 0 0 0 0 0 0 0 17 14 16 17 20 19
 3.750000E+02 5 0 0 0 0 0 0 0 0 0 0 0 12 12 25 10 25 19
 3.755000E+02 12 0 0 0 0 0 0 0 0 0 0 0 15 16 17 13 19 16
 3.760000E+02 2 0 0 0 0 0 0 0 0 0 0 0 17 17 16 10 21 17
 3.765000E+02 7 0 0 0 0 0 0 0 0 0 0 0 18 13 19 10 18 22
 3.770000E+02 6 0 0 0 0 0 0 0 0 0 0 0 13 12 21 23 15 12
 3.775000E+02 16 0 0 0 0 0 0 0 0 0 0 0 15 13 15 22 9 24
 3.780000E+02 9 0 0 0 0 0 0 0 0 0 0 0 18 10 16 21 12 21
 3.785000E+02 10 0 0 0 0 0 0 0 0 0 0 0 17 16 15 19 13 19
 3.790000E+02 9 0 0 0 0 0 0 0 0 0 0 0 17 17 14 18 19 18
 3.795000E+02 8 0 0 0 0 0 0 0 0 0 0 0 15 14 17 18 14 18
 3.800000E+02 10 0 0 0 0 0 0 0 0 0 0 0 17 17 16 12 21 18
 3.805000E+02 8 0 0 0 0 0 0 0 0 0 0 0 14 16 13 17 23 17
 3.810000E+02 11 0 0 0 0 0 0 0 0 0 0 0 12 14 11 21 30 18
 3.815000E+02 3 0 0 0 0 0 0 0 0 0 0 0 12 19 16 16 27 20
 3.820000E+02 7 0 0 0 0 0 0 0 0 0 0 0 13 14 17 17 22 17
 3.825000E+02 5 0 0 0 0 0 0 0 0 0 0 0 20 15 13 14 19 13
 3.830000E+02 11 0 0 0 0 0 0 0 0 1 0 0 19 19 12 14 19 12
 3.835000E+02 6 0 0 0 0 1 0 0 0 1 0 0 21 16 14 17 20 17
 3.840000E+02 10 0 0 1 0 0 0 0 0 0 0 0 15 26 15 11 19 16
 3.845000E+02 6 0 0 0 0 0 0 0 0 0 0 0 15 18 23 15 15 16
 3.850000E+02 11 0 0 0 0 0 0 0 0 0 0 0 18 16 23 19 12 19
 3.855000E+02 13 0 0 0 0 0 0 0 0 0 0 0 16 12 14 22 18 17
 3.860000E+02 10 0 0 0 0 0 0 0 0 0 0 0 15 16 9 17 13 26
 3.865000E+02 8 0 0 0 0 0 0 0 0 0 0 0 14 16 10 10 21 22
 3.870000E+02 9 0 0 0 0 0 0 0 0 0 0 0 22 8 15 16 19 23
 3.875000E+02 14 0 0 0 0 0 0 0 0 0 0 0 19 14 12 12 22 25
 3.880000E+02 8 0 0 0 0 0 0 0 0 0 0 0 16 15 16 15 30 15
 3.885000E+02 6 0 0 0 0 0 0 0 0 1 0 0 14 12 13 15 26 17
 3.890000E+02 7 0 0 0 0 0 0 0 0 1 0 0 18 11 19 15 19 13
 3.895000E+02 11 0 0 0 0 0 0 0 0 1 0 0 18 13 20 8 13 18
 3.900000E+02 8 0 0 0 0 0 0 0 0 1 0 0 21 14 17 13 12 20
 3.905000E+02 10 0 0 0 0 0 0 1 0 0 0 0 17 9 17 17 15 22
 3.910000E+02 6 0 0 0 0 0 0 0 0 2 0 0 18 6 21 20 14 18
 3.915000E+02 4 0 0 0 0 0 0 0 0 1 0 0 19 12 18 25 13 18
 3.920000E+02 12 0 0 0 0 0 0 0 0 0 0 0 22 12 18 17 20 15
 3.925000E+02 9 0 0 0 0 0 0 0 0 0 0 0 20 14 21 20 18 16
 3.930000E+02 6 0 0 0 0 0 0 0 0 0 0 0 18 15 19 13 12 14
 3.935000E+02 6 0 0 0 0 0 0 0 0 0 0 0 21 14 23 12 23 14
 3.940000E+02 5 0 0 0 0 0 0 0 0 0 0 0 18 15 22 12 23 15
 3.945000E+02 13 0 0 0 0 0 0 0 0 0 0 0 17 18 17 10 18 11
 3.950000E+02 13 0 0 0 0 0 0 0 0 0 0 0 20 20 19 15 18 12
 3.955000E+02 11 0 0 0 0 0 0 0 0 0 0 0 14 21 20 7 16 9
 3.960000E+02 10 0 0 0 0 0 0 0 0 0 0 0 17 13 21 11 15 15
 3.965000E+02 6 0 0 0 0 0 0 0 0 0 0 0 13 15 26 21 15 15
 3.970000E+02 7 0 0 0 0 0 0 0 0 0 0 0 15 19 28 18 13 15
 3.975000E+02 8 0 0 0 0 0 0 0 0 0 0 0 15 17 18 18 13 16
 3.980000E+02 15 0 0 0 0 0 0 0 0 0 0 0 19 15 16 10 17 13
 3.985000E+02 8 0 0 0 0 0 0 0 0 0 0 0 23 22 13 11 17 15
 3.990000E+02 9 0 0 0 0 0 0 0 0 0 0 0 30 21 14 9 13 13
 3.995000E+02 9 0 0 0 0 0 0 0 0 0 0 0 27 18 16 12 15 25
 4.000000E+02 6 0 0 0 0 0 0 0 0 0 0 0 24 18 11 15 16 17
 4.005000E+02 11 0 0 0 0 0 0 0 0 0 0 0 25 20 10 20 14 17
 4.010000E+02 8 0 0 0 0 0 0 0 0 0 0 0 22 13 12 23 15 15
 4.015000E+02 6 0 0 0 0 0 0 0 0 0 0 0 15 12 15 20 17 18
 4.020000E+02 8 0 0 0 0 0 0 0 0 0 0 0 15 9 13 20 9 15
 4.025000E+02 9 0 0 0 0 0 0 0 0 0 0 0 14 17 19 14 15 16
 4.030000E+02 9 0 0 0 0 0 0 0 0 0 0 0 10 19 12 17 15 17
 4.035000E+02 9 0 0 0 0 0 0 0 0 0 0 0 22 15 11 19 19 18
 4.040000E+02 12 0 0 0 0 0 0 0 0 0 0 0 18 19 14 14 19 15
 4.045000E+02 10 0 0 0 0 0 0 0 0 0 0 0 14 22 13 11 26 17
 4.050000E+02 8 0 0 0 0 0 0 0 0 0 0 0 11 22 20 18 18 16
 4.055000E+02 5 0 0 0 0 0 0 0 0 0 0 0 10 14 17 22 15 18
 4.060000E+02 6 0 0 0 0 0 0 0 0 0 0 0 11 22 17 19 11 19
 4.065000E+02 6 0 0 0 0 0 0 0 0 0 0 0 22 24 16 10 12 15
 4.070000E+02 7 0 0 0 0 0 0 0 0 1 0 0 22 23 18 11 9 17
 4.075000E+02 9 0 0 0 0 0 0 0 0 1 0 0 18 19 15 14 14 22
 4.080000E+02 15 0 0 0 0 0 0 0 0 0 0 0 17 13 10 13 14 17
 4.085000E+02 7 0 0 0 0 0 0 0 0 0 0 0 17 14 11 21 19 16
 4.090000E+02 5 0 0 0 0 0 0 0 0 0 0 0 13 16 17 17 20 15
 4.095000E+02 15 0 0 0 0 0 0 0 0 0 0 0 10 15 21 19 17 9
 4.100000E+02 10 0 0 0 0 0 0 0 0 0 0 0 11 26 18 15 14 10
 4.105000E+02 10 0 0 0 0 0 0 0 0 0 0 0 13 22 20 13 20 13
 4.110000E+02 5 0 0 0 0 0 0 0 0 0 0 0 16 24 15 14 22 11
 4.115000E+02 4 0 0 0 0 0 0 0 0 0 0 0 19 15 16 15 22 15
 4.120000E+02 12 0 0 0 0 0 0 0 0 0 0 0 18 15 15 14 26 15
 4.125000E+02 8 0 0 0 0 0 0 0 0 0 0 0 16 13 22 17 20 15
 4.130000E+02 8 0 0 0 0 0 0 0 0 0 0 0 14 15 19 18 16 19
 4.135000E+02 8 0 0 0 0 0 0 0 0 0 0 0 14 19 13 15 22 25
 4.140000E+02 5 0 0 0 0 0 0 0 0 1 0 0 13 14 18 12 22 16
 4.145000E+02 6 0 0 0 0 0 0 0 0 0 0 0 15 10 17 17 22 10
 4.150000E+02 13 0 0 0 0 0 0 0 0 0 0 0 17 9 15 22 27 15
 4.155000E+02 9 0 0 0 0 0 0 0 0 0 0 0 15 13 16 20 24 15
 4.160000E+02 10 0 0 0 0 0 0 0 0 0 0 0 19 15 17 23 20 12
 4.165000E+02 11 0 0 0 0 0 0 0 0 0 0 0 21 8 17 16 17 22
 4.170000E+02 8 0 0 0 0 0 0 0 0 1 0 0 20 15 11 22 14 17
 4.175000E+02 10 0 0 1 0 0 0 0 0 0 0 0 22 16 17 19 7 20
 4.180000E+02 10 0 0 0 0 0 0 1 0 0 0 0 21 19 18 13 11 20
 4.185000E+02 7 0 0 0 0 0 0 0 0 0 0 0 23 14 17 13 6 17
 4.190000E+02 6 0 0 0 0 0 0 0 0 0 0 0 22 16 19 15 15 20
 4.195000E+02 6 0 0 0 0 0 0 0 0 0 0 0 17 22 19 15 18 15
 4.200000E+02 12 0 0 0 0 0 0 0 0 0 0 0 18 20 19 23 22 8
 4.205000E+02 10 0 0 0 0 0 0 0 0 0 0 0 19 17 21 21 18 10
 4.210000E+02 12 0 0 0 0 0 0 0 0 0 0 0 18 13 16 17 16 15
 4.215000E+02 13 0 0 0 0 0 0 0 0 0 0 0 25 15 20 17 12 16
 4.220000E+02 8 0 0 0 0 0 0 0 0 0 0 0 17 18 21 18 16 19
 4.225000E+02 7 0 0 0 0 0 0 0 0 0 0 0 19 16 18 17 18 17
 4.230000E+02 7 0 0 0 0 0 0 0 0 0 0 0 16 19 15 22 13 15
 4.235000E+02 8 0 0 0 0 0 0 0 0 0 0 0 10 20 20 17 13 17
 4.240000E+02 9 0 0 0 0 0 0 0 0 0 0 0 22 18 21 20 11 18
 4.245000E+02 10 0 0 0 0 0 0 0 0 0 0 0 25 15 19 15 13 17
 4.250000E+02 4 0 0 0 0 0 0 0 0 0 0 0 18 18 21 13 11 14
 4.255000E+02 7 0 0 0 0 0 0 0 0 0 0 0 18 18 24 24 9 14
 4.260000E+02 9 0 0 0 0 0 0 0 0 0 0 0 15 14 22 18 16 12
 4.265000E+02 13 0 0 0 0 0 0 0 0 0 0 0 19 12 19 18 16 13
 4.270000E+02 10 0 0 0 0 0 0 0 0 0 0 0 20 10 17 15 21 16
 4.275000E+02 11 0 0 0 0 0 0 0 0 1 0 0 23 14 17 9 23 16
 4.280000E+02 12 0 0 0 0 0 0 0 0 1 0 0 15 17 11 13 16 20
 4.285000E+02 6 0 0 0 0 0 0 0 0 0 0 0 13 20 16 17 19 23
 4.290000E+02 11 0 0 0 0 0 0 0 0 0 0 0 18 19 18 15 22 21
 4.295000E+02 8 0 0 0 0 0 0 0 0 1 0 0 17 22 24 8 20 21
 4.300000E+02 8 0 0 0 0 0 0 0 0 0 0 0 13 22 21 9 19 17
 4.305000E+02 11 0 0 0 0 0 0 0 0 0 0 0 20 17 17 11 14 20
 4.310000E+02 10 0 0 0 0 0 0 0 0 0 0 0 17 24 19 10 16 19
 4.315000E+02 7 0 0 0 0 0 0 0 0 0 0 0 18 21 17 18 14 15
 4.320000E+02 9 0 0 0 0 0 0 0 0 0 0 0 23 18 13 20 13 14
 4.325000E+02 3 0 0 0 0 0 0 0 0 0 0 0 14 14 15 22 10 23
 4.330000E+02 11 0 0 0 0 0 0 0 0 0 0 0 16 14 16 16 11 18
 4.335000E+02 9 0 0 0 0 0 0 0 0 1 0 0 16 24 13 17 19 17
 4.340000E+02 6 0 0 0 0 0 0 0 0 0 0 0 18 24 8 17 21 22
 4.345000E+02 13 0 0 0 0 0 0 0 0 0 0 0 14 14 11 19 16 17
 4.350000E+02 10 0 0 0 0 0 0 0 0 0 0 0 16 18 18 17 21 13
 4.355000E+02 11 0 0 0 0 0 0 0 0 0 0 0 14 23 16 21 13 19
 4.360000E+02 12 0 0 0 0 0 0 0 0 0 0 0 13 23 17 22 11 16
 4.365000E+02 6 0 0 0 0 0 0 0 0 0 0 0 16 23 19 17 10 18
 4.370000E+02 15 0 0 0 0 0 0 0 0 0 0 0 18 14 14 22 13 17
 4.375000E+02 12 0 0 0 0 0 0 0 0 0 0 0 16 13 20 26 15 15
 4.380000E+02 5 0 0 0 0 0 0 0 0 0 0 0 20 16 14 13 15 14
 4.385000E+02 6 0 0 0 0 0 0 0 0 0 0 0 22 19 13 14 18 14
 4.390000E+02 6 0 0 0 0 0 0 0 0 0 0 0 13 20 15 17 13 12
 4.395000E+02 15 0 0 0 0 0 0 0 0 0 0 0 17 18 17 15 12 20
 4.400000E+02 11 0 0 0 0 0 0 0 0 0 0 0 13 11 15 26 18 17
 4.405000E+02 4 0 0 0 0 0 0 0 0 0 0 0 16 16 10 23 22 14
 4.410000E+02 13 0 0 0 0 0 0 0 0 0 0 0 15 17 9 18 18 21
 4.415000E+02 13 0 0 0 0 0 0 0 0 0 0 0 13 16 9 14 16 17
 4.420000E+02 10 0 0 0 0 0 0 0 0 0 0 0 15 21 19 13 21 15
 4.425000E+02 6 0 0 0 0 0 0 0 0 0 0 0 14 12 17 24 14 19
 4.430000E+02 11 0 0 0 0 0 0 0 0 0 0 0 12 19 24 22 16 12
 4.435000E+02 11 0 0 0 0 0 0 0 0 0 0 0 20 17 19 22 19 11
 4.440000E+02 14 0 0 0 0 0 0 0 0 0 0 0 16 13 22 19 20 18
 4.445000E+02 2 0 0 0 0 0 0 0 0 0 0 0 10 13 23 22 18 18
 4.450000E+02 6 0 0 0 0 0 0 0 0 0 0 0 23 21 22 13 16 18
 4.455000E+02 10 0 0 0 0 0 0 0 0 0 0 0 16 17 22 21 15 21
 4.460000E+02 11 0 0 0 0 0 0 0 0 0 0 0 14 21 12 16 21 21
 4.465000E+02 14 0 0 0 0 0 0 0 0 0 0 0 20 17 14 12 16 19
 4.470000E+02 10 0 0 0 0 0 0 0 0 0 0 0 15 13 20 17 12 17
 4.475000E+02 11 0 0 0 0 1 0 0 0 0 0 0 14 19 18 15 14 19
 4.480000E+02 8 0 0 0 0 0 0 0 0 1 0 0 16 15 17 18 16 19
 4.485000E+02 12 0 0 0 0 0 0 0 0 0 0 0 17 20 16 19 12 26
 4.490000E+02 9 0 0 0 0 0 0 1 0 0 0 0 18 19 16 19 15 19
 4.495000E+02 14 0 0 0 0 0 0 0 0 0 0 0 17 21 17 23 18 17
 4.500000E+02 9 0 0 0 0 0 0 0 0 0 0 0 15 16 22 18 20 9
 4.505000E+02 10 0 0 0 0 0 0 0 0 0 0 0 15 16 19 15 12 13
 4.510000E+02 7 0 0 0 0 0 0 0 0 0 0 0 21 12 20 13 25 17
 4.515000E+02 8 0 0 0 0 0 0 0 0 0 0 0 15 11 22 14 20 18
 4.520000E+02 5 0 0 0 0 0 0 0 0 0 0 0 12 10 15 12 29 11
 4.525000E+02 5 0 0 0 0 0 0 0 0 0 0 0 8 12 24 11 29 12
 4.530000E+02 6 0 0 0 0 0 0 0 0 0 0 0 16 19 19 17 16 18
 4.535000E+02 9 0 0 0 0 0 0 0 0 0 0 0 19 14 17 20 15 16
 4.540000E+02 9 0 0 0 0 0 0 0 0 0 0 0 18 17 13 22 16 18
 4.545000E+02 6 0 0 0 0 0 0 0 0 0 0 0 13 21 14 22 15 13
 4.550000E+02 6 0 0 0 0 0 0 0 0 0 0 0 14 19 18 18 18 14
 4.555000E+02 10 0 0 0 0 0 0 0 0 0 0 0 20 12 19 18 16 13
 4.560000E+02 13 0 0 0 0 0 0 0 0 0 0 0 22 11 22 17 17 15
 4.565000E+02 10 0 0 0 0 0 0 0 0 0 0 0 14 16 16 18 18 12
 4.570000E+02 9 0 0 0 0 0 0 0 0 0 0 0 20 22 17 18 15 13
 4.575000E+02 8 0 0 0 0 0 0 0 0 0 0 0 17 25 17 14 12 17
 4.580000E+02 10 0 0 0 0 0 0 0 0 0 0 0 12 21 21 25 7 15
 4.585000E+02 7 0 0 0 0 0 0 0 0 0 0 0 15 16 18 19 19 9
 4.590000E+02 8 0 0 0 0 0 0 0 0 0 0 0 17 16 14 19 23 8
 4.595000E+02 12 0 0 0 0 0 0 0 0 0 0 0 13 19 14 15 16 17
 4.600000E+02 10 0 0 0 0 0 0 0 0 0 0 0 20 15 11 18 12 22
 4.605000E+02 7 0 0 1 0 0 0 0 0 0 0 0 20 16 12 15 14 21
 4.610000E+02 9 0 0 0 0 0 0 0 0 1 0 0 14 20 15 9 16 17
 4.615000E+02 9 0 0 0 0 0 0 0 0 0 0 0 9 18 19 12 16 20
 4.620000E+02 8 0 0 0 0 0 0 0 0 0 0 0 19 17 17 16 7 18
 4.625000E+02 6 0 0 0 0 0 0 0 0 0 0 0 19 17 14 16 11 17
 4.630000E+02 9 0 0 0 0 0 0 0 0 0 0 0 19 16 15 15 11 17
 4.635000E+02 5 0 0 0 0 0 0 0 0 0 0 0 22 17 16 12 17 18
 4.640000E+02 7 0 0 0 0 0 0 0 0 0 0 0 20 15 14 12 21 17
 4.645000E+02 12 0 0 0 0 0 0 0 0 0 0 0 12 12 9 14 23 15
 4.650000E+02 8 0 0 0 0 0 0 0 0 0 0 0 23 16 9 11 16 18
 4.655000E+02 7 0 0 0 0 0 0 0 0 0 0 0 27 14 15 10 13 16
 4.660000E+02 11 0 0 0 0 0 0 0 0 0 0 0 22 11 16 16 7 20
 4.665000E+02 8 0 0 0 0 0 0 0 0 1 0 0 20 13 15 20 9 13
 4.670000E+02 7 0 0 1 0 0 0 0 0 1 0 0 12 13 17 15 15 13
 4.675000E+02 8 0 0 0 0 0 0 0 0 1 0 0 19 16 16 9 15 13
 4.680000E+02 9 0 0 1 0 0 0 0 0 0 0 0 16 17 16 16 15 12
 4.685000E+02 6 0 0 0 0 0 0 0 0 1 0 0 11 16 12 20 12 14
 4.690000E+02 8 0 0 0 0 0 0 0 0 1 0 0 16 12 9 20 20 16
 4.695000E+02 11 0 0 0 0 0 0 0 0 1 0 0 10 11 14 17 17 16
 4.700000E+02 5 0 0 0 0 0 0 0 0 0 0 0 14 17 15 17 10 17
 4.705000E+02 8 0 0 0 0 0 0 0 0 0 0 0 14 19 15 15 10 16
 4.710000E+02 12 0 0 0 0 0 0 0 0 0 0 0 18 16 19 19 17 9
 4.715000E+02 8 0 0 0 0 0 0 0 0 0 0 0 20 16 18 16 15 13
 4.720000E+02 8 0 0 0 0 0 0 0 0 0 0 0 15 16 17 16 14 14
 4.725000E+02 4 0 0 0 0 0 0 0 0 0 0 0 14 14 18 22 19 14
 4.730000E+02 9 0 0 0 0 0 0 0 0 0 0 0 12 7 19 16 19 16
 4.735000E+02 6 0 0 0 0 0 0 0 0 0 0 0 12 12 18 21 19 14
 4.740000E+02 13 0 0 0 0 0 0 0 0 0 0 0 14 13 17 20 14 19
 4.745000E+02 2 0 0 0 0 0 0 0 0 1 0 0 17 14 17 22 14 22
 4.750000E+02 10 0 0 0 0 0 0 0 0 2 0 0 13 16 20 20 10 18
 4.755000E+02 10 0 0 0 0 0 0 0 0 2 0 0 17 12 24 21 12 15
 4.760000E+02 4 0 0 0 0 0 0 0 0 1 0 0 19 11 22 13 9 17
 4.765000E+02 12 0 0 0 0 0 0 0 0 0 0 0 16 22 16 18 10 12
 4.770000E+02 11 0 0 0 0 0 0 0 0 0 0 0 16 19 13 15 12 12
 4.775000E+02 5 0 0 0 0 0 0 0 0 0 0 0 15 14 19 21 11 18
 4.780000E+02 6 0 0 0 0 0 0 0 0 0 0 0 18 20 15 14 12 12
 4.785000E+02 5 0 0 0 0 0 0 0 0 0 0 0 11 17 17 14 15 21
 4.790000E+02 10 0 0 0 0 0 0 0 0 0 0 0 16 17 19 17 13 18
 4.795000E+02 3 0 0 0 0 0 0 0 0 0 0 0 13 8 24 14 19 13
 4.800000E+02 9 0 0 0 0 0 0 0 0 0 0 0 15 10 21 15 12 19
 4.805000E+02 7 0 0 0 0 0 0 0 0 0 0 0 12 9 19 12 11 24
 4.810000E+02 8 0 0 0 0 0 0 0 0 0 0 0 18 6 18 12 14 16
 4.815000E+02 6 0 0 0 0 0 0 0 0 0 0 0 19 11 26 15 16 16
 4.820000E+02 3 0 0 0 0 0 0 0 0 0 0 0 18 18 23 18 20 19
 4.825000E+02 10 0 0 0 0 0 0 0 0 0 0 0 17 16 19 20 17 14
 4.830000E+02 6 0 0 0 0 0 0 0 0 0 0 0 17 13 17 19 21 11
 4.835000E+02 11 0 0 0 0 0 0 0 0 0 0 0 19 15 15 17 18 17
 4.840000E+02 6 0 0 0 0 0 0 0 0 0 0 0 18 13 17 17 20 15
 4.845000E+02 8 0 0 0 0 0 0 0 0 0 0 0 14 17 16 17 22 12
 4.850000E+02 7 0 0 0 0 0 0 0 0 0 0 0 14 17 18 16 22 17
 4.855000E+02 10 0 0 0 0 0 0 0 0 0 0 0 7 16 20 17 21 25
 4.860000E+02 5 0 0 0 0 0 0 0 0 0 0 0 16 11 19 11 16 19
 4.865000E+02 11 0 0 0 0 0 0 0 0 0 0 0 22 13 24 13 16 14
 4.870000E+02 11 0 0 0 0 0 0 0 0 0 0 0 14 18 21 12 26 13
 4.875000E+02 9 0 0 0 0 0 0 0 0 0 0 0 15 15 17 15 21 11
 4.880000E+02 12 0 0 0 0 0 0 0 0 0 0 0 12 12 18 20 19 10
 4.885000E+02 7 0 0 0 0 0 0 0 0 0 0 0 12 11 25 17 17 11
 4.890000E+02 8 0 0 0 0 0 0 0 0 0 0 0 13 11 22 22 19 18
 4.895000E+02 9 0 0 0 0 0 0 0 0 0 0 0 13 12 19 21 22 15
 4.900000E+02 8 0 0 0 0 0 0 0 0 1 0 0 14 12 19 22 15 23
 4.905000E+02 8 0 0 0 0 0 0 0 0 1 0 0 12 16 19 19 18 27
 4.910000E+02 7 0 0 0 0 0 0 0 0 1 0 0 12 15 18 11 23 18
 4.915000E+02 10 0 0 0 0 0 0 0 0 1 0 0 22 13 15 14 17 16
 4.920000E+02 9 0 0 0 0 0 0 0 0 1 0 0 20 13 19 18 20 16
 4.925000E+02 11 0 0 0 0 0 0 0 0 1 0 0 21 13 13 16 19 15
 4.930000E+02 11 0 0 0 0 0 0 0 0 1 0 0 26 7 12 16 23 10
 4.935000E+02 10 0 0 0 0 0 0 0 0 1 0 0 19 14 13 19 16 13
 4.940000E+02 5 0 0 0 0 0 0 0 0 1 0 0 17 13 21 20 19 16
 4.945000E+02 14 0 0 0 0 0 0 0 0 0 0 0 11 14 18 23 19 21
 4.950000E+02 6 0 0 0 0 0 0 0 0 0 0 0 16 17 20 17 16 15
 4.955000E+02 7 0 0 0 0 0 0 0 0 0 0 0 14 19 15 16 23 9
 4.960000E+02 13 0 0 0 0 0 0 0 0 0 0 0 18 21 15 11 22 21
 4.965000E+02 13 0 0 0 0 0 0 0 0 1 0 0 19 18 16 14 24 13
 4.970000E+02 10 0 0 0 0 0 0 0 0 1 0 0 19 11 18 24 22 17
 4.975000E+02 13 0 0 0 0 0 0 0 0 0 0 0 15 13 14 21 16 16
 4.980000E+02 11 0 0 0 0 0 0 0 0 0 0 0 17 10 17 24 16 25
 4.985000E+02 7 0 0 0 0 0 0 0 0 0 0 0 17 15 12 25 11 20
 4.990000E+02 10 0 0 0 0 0 0 0 0 0 0 0 12 16 18 17 12 23
 4.995000E+02 7 0 0 0 0 0 0 0 0 0 0 0 15 17 10 18 13 25
 5.000000E+02 5 0 0 0 0 0 0 0 0 0 0 0 18 18 14 21 12 19
 5.005000E+02 9 0 0 0 0 0 0 0 0 0 0 0 18 15 13 24 10 19
 5.010000E+02 6 0 0 0 0 0 0 0 0 0 0 0 14 15 13 21 15 24
 5.015000E+02 4 0 0 0 0 0 0 0 0 0 0 0 18 12 14 17 14 22
 5.020000E+02 8 0 0 0 0 0 0 0 0 0 0 0 22 14 12 18 20 19
 5.025000E+02 9 0 0 0 0 0 0 0 0 0 0 0 13 11 17 19 18 19
 5.030000E+02 2 0 0 0 0 0 0 0 0 0 0 0 9 12 20 18 15 20
 5.035000E+02 9 0 0 0 0 0 0 0 0 0 0 0 16 14 14 19 21 18
 5.040000E+02 8 0 0 0 0 0 0 0 0 0 0 0 21 16 20 15 19 20
 5.045000E+02 15 0 0 0 0 0 0 0 0 0 0 0 14 14 16 17 18 20
 5.050000E+02 12 0 0 0 0 0 0 0 0 0 0 0 16 17 17 19 15 18
 5.055000E+02 10 0 0 0 0 0 0 0 0 0 0 0 18 17 20 16 17 18
 5.060000E+02 6 0 0 0 0 0 0 0 0 0 0 0 19 21 16 18 18 12
 5.065000E+02 8 0 0 0 0 0 0 0 0 0 0 0 19 20 17 17 16 17
 5.070000E+02 10 0 0 0 0 0 0 0 0 0 0 0 16 15 13 17 9 16
 5.075000E+02 10 0 0 0 0 0 0 0 0 0 0 0 17 12 10 17 15 15
 5.080000E+02 9 0 0 0 0 0 0 0 0 0 0 0 18 16 17 10 18 16
 5.085000E+02 8 0 0 0 0 0 0 0 0 0 0 0 15 16 18 10 19 19
 5.090000E+02 8 0 0 0 0 0 0 0 0 0 0 0 15 20 18 15 14 20
 5.095000E+02 15 0 0 0 0 0 0 0 0 0 0 0 10 17 14 23 18 21
 5.100000E+02 6 0 0 0 0 0 0 0 0 0 0 0 12 24 13 19 23 16
 5.105000E+02 12 0 0 0 0 0 0 0 0 0 0 0 16 22 10 14 15 12
 5.110000E+02 6 0 0 0 0 0 0 0 0 1 0 0 17 18 14 16 17 9
 5.115000E+02 11 0 0 0 0 0 0 0 0 1 0 0 12 20 18 18 21 12
 5.120000E+02 8 0 0 0 0 0 0 0 0 1 0 0 11 18 18 11 15 27
 5.125000E+02 10 0 0 1 0 0 0 0 0 0 0 0 11 14 22 13 18 22
 5.130000E+02 14 0 0 0 0 0 0 0 0 0 0 0 16 15 32 18 9 15
 5.135000E+02 7 0 0 0 0 0 0 0 0 0 0 0 24 13 25 12 11 19
 5.140000E+02 6 0 0 0 0 0 0 0 0 0 0 0 19 11 20 16 13 18
 5.145000E+02 10 0 0 0 0 0 0 0 0 0 0 0 27 14 21 13 15 12
 5.150000E+02 8 0 0 0 0 0 0 0 0 0 0 0 28 12 13 15 19 19
 5.155000E+02 7 0 0 0 0 0 0 0 0 0 0 0 19 16 17 13 15 15
 5.160000E+02 7 0 0 0 0 0 0 0 0 0 0 0 12 24 20 7 19 21
 5.165000E+02 12 0 0 0 0 0 0 0 0 0 0 0 17 15 16 14 13 20
 5.170000E+02 7 0 0 0 0 0 0 0 0 0 0 0 23 23 18 12 17 15
 5.175000E+02 6 0 0 0 0 0 0 0 0 0 0 0 24 14 17 11 18 24
 5.180000E+02 11 0 0 0 0 0 0 0 0 0 0 0 22 15 21 20 18 20
 5.185000E+02 12 0 0 0 0 0 0 0 0 0 0 0 21 15 21 17 20 19
 5.190000E+02 11 0 0 0 0 0 0 0 0 0 0 0 10 15 20 19 16 17
 5.195000E+02 14 0 0 0 0 1 0 0 0 0 0 0 19 16 15 16 17 20
 5.200000E+02 9 0 0 0 0 0 0 0 0 0 0 0 21 13 14 22 11 15
 5.205000E+02 11 0 0 0 0 0 0 0 0 0 0 0 17 17 14 17 16 17
 5.210000E+02 10 0 0 0 0 0 0 0 0 0 0 0 17 14 10 22 21 18
 5.215000E+02 2 0 0 0 0 0 0 0 0 0 0 0 12 17 12 19 16 19
 5.220000E+02 7 0 0 0 0 0 0 0 0 0 0 0 13 13 17 17 15 16
 5.225000E+02 6 0 0 0 0 0 0 0 0 0 0 0 13 12 22 17 18 10
 5.230000E+02 8 0 0 0 0 0 0 0 0 0 0 0 18 8 18 12 18 18
 5.235000E+02 7 0 0 0 0 0 0 0 0 0 0 0 15 9 17 15 24 15
 5.240000E+02 5 0 0 1 0 0 0 0 0 0 0 0 13 14 12 15 22 15
 5.245000E+02 6 0 0 0 0 0 0 0 0 0 0 0 17 16 15 22 16 12
 5.250000E+02 11 0 0 0 0 0 0 0 0 0 0 0 16 14 16 24 11 12
 5.255000E+02 10 0 0 0 0 0 0 0 0 0 0 0 17 10 15 19 15 17
 5.260000E+02 7 0 0 0 0 0 0 0 0 0 0 0 18 10 18 17 14 21
 5.265000E+02 9 0 0 0 0 1 0 0 0 1 0 0 18 10 16 19 11 18
 5.270000E+02 8 0 0 0 0 0 0 0 0 0 0 0 19 15 20 13 14 21
 5.275000E+02 6 0 0 0 0 0 0 0 0 0 0 0 19 11 22 20 17 22
 5.280000E+02 11 0 0 0 0 0 0 0 0 0 0 0 22 10 12 19 17 18
 5.285000E+02 11 0 0 0 0 0 0 0 0 0 0 0 20 15 12 17 15 17
 5.290000E+02 7 0 0 0 0 0 0 0 0 1 0 0 13 18 18 12 13 18
 5.295000E+02 7 0 0 0 0 0 0 1 0 1 0 0 12 17 18 11 20 20
 5.300000E+02 10 0 0 1 0 0 0 0 0 0 0 0 12 18 15 12 22 15
 5.305000E+02 9 0 0 0 0 0 0 0 0 1 0 0 16 22 12 18 17 15
 5.310000E+02 5 0 0 0 0 0 0 1 0 0 0 0 15 15 16 15 20 20
 5.315000E+02 11 0 0 0 0 0 0 0 0 1 0 0 7 18 14 13 18 19
 5.320000E+02 11 0 0 0 0 0 0 0 0 1 0 0 14 16 14 20 19 20
 5.325000E+02 8 0 0 0 0 0 0 0 0 0 0 0 17 17 21 18 15 21
 5.330000E+02 12 0 0 0 0 0 0 0 0 1 0 0 16 18 13 20 16 20
 5.335000E+02 9 0 0 1 0 0 0 0 0 1 0 0 19 19 15 14 16 19
 5.340000E+02 13 0 0 0 0 0 0 1 0 0 0 0 15 16 22 21 13 21
 5.345000E+02 11 0 0 0 0 0 0 0 0 1 0 0 11 17 21 19 13 9
 5.350000E+02 5 0 0 0 0 0 0 1 0 0 0 0 15 23 20 17 7 15
 5.355000E+02 7 0 0 0 0 0 0 0 0 1 0 0 18 20 11 21 13 16
 5.360000E+02 3 0 0 0 0 0 0 1 0 0 0 0 17 16 19 20 12 14
 5.365000E+02 7 0 0 0 0 0 0 0 0 2 0 0 18 16 17 11 15 16
 5.370000E+02 8 0 0 0 0 0 0 0 0 0 0 0 18 14 17 20 18 20
 5.375000E+02 8 0 0 0 0 0 0 0 0 0 0 0 17 18 11 24 19 19
 5.380000E+02 8 0 0 0 0 0 0 0 0 0 0 0 14 16 21 20 17 22
 5.385000E+02 7 0 0 0 0 0 0 0 0 0 0 0 15 20 19 17 16 24
 5.390000E+02 11 0 0 0 0 0 0 0 0 0 0 0 22 16 9 18 22 17
 5.395000E+02 14 0 0 0 0 0 0 0 0 0 0 0 15 16 14 15 23 19
 5.400000E+02 12 0 0 0 0 0 0 0 0 1 0 0 15 13 21 14 23 17
 5.405000E+02 8 0 0 0 0 0 0 0 0 1 0 0 21 16 18 13 16 17
 5.410000E+02 10 0 0 0 0 0 0 0 0 1 0 0 14 18 10 21 13 15
 5.415000E+02 10 0 0 0 0 0 0 0 0 2 0 0 16 22 16 24 11 15
 5.420000E+02 11 0 0 1 0 0 0 0 0 1 0 0 16 29 16 27 16 14
 5.425000E+02 7 0 0 0 0 0 0 0 0 3 0 0 23 28 12 24 21 12
 5.430000E+02 12 0 0 0 0 0 0 0 0 1 0 0 12 21 24 17 13 18
 5.435000E+02 10 0 0 0 0 0 0 0 0 1 0 0 12 26 20 19 17 18
 5.440000E+02 8 0 0 0 0 0 0 0 0 0 0 0 13 20 18 29 15 18
 5.445000E+02 12 0 0 0 0 0 0 0 0 0 0 0 15 14 14 24 19 17
 5.450000E+02 12 0 0 0 0 0 0 0 0 0 0 0 16 14 9 21 21 17
 5.455000E+02 8 0 0 0 0 0 0 0 0 0 0 0 15 17 14 14 16 19
 5.460000E+02 14 0 0 0 0 0 0 0 0 1 0 0 16 20 11 20 13 13
 5.465000E+02 10 0 0 0 0 0 0 0 0 1 0 0 23 23 16 25 12 11
 5.470000E+02 11 0 0 0 0 0 0 0 0 0 0 0 21 23 17 22 14 14
 5.475000E+02 10 0 0 0 0 0 0 0 0 0 0 0 20 16 15 22 11 14
 5.480000E+02 17 0 0 0 0 0 0 0 0 0 0 0 26 23 11 24 12 10
 5.485000E+02 11 0 0 0 0 0 0 0 0 0 0 0 16 21 15 18 10 13
 5.490000E+02 16 0 0 0 0 0 0 0 0 0 0 0 21 19 15 20 16 19
 5.495000E+02 9 0 0 0 0 0 0 0 0 0 0 0 21 14 18 24 20 26
 5.500000E+02 3 0 0 0 0 0 0 0 0 0 0 0 16 15 20 17 20 19
 5.505000E+02 10 0 0 0 0 0 0 0 0 0 0 0 16 22 18 19 15 15
 5.510000E+02 9 0 0 0 0 0 0 0 0 0 0 0 22 18 16 25 14 12
 5.515000E+02 11 0 0 0 0 0 0 1 0 0 0 0 23 20 14 23 11 17
 5.520000E+02 9 0 0 0 0 0 0 0 0 0 0 0 20 22 13 14 23 12
 5.525000E+02 6 0 0 0 0 0 0 0 0 0 0 0 17 19 13 19 22 17
 5.530000E+02 9 0 0 0 0 0 0 0 0 1 0 0 15 22 15 20 20 18
 5.535000E+02 6 0 0 0 0 0 0 0 0 0 0 0 19 27 16 22 19 15
 5.540000E+02 2 0 0 0 0 0 0 0 0 0 0 0 15 21 15 15 16 13
 5.545000E+02 8 0 0 0 0 0 0 0 0 1 0 0 21 25 21 14 19 15
 5.550000E+02 10 0 0 0 0 0 0 0 0 1 0 0 11 26 20 17 17 12
 5.555000E+02 7 0 0 0 0 0 0 1 0 1 0 0 8 23 23 16 16 16
 5.560000E+02 7 0 0 0 0 0 0 0 0 0 0 0 13 16 22 11 19 19
 5.565000E+02 5 0 0 0 0 0 0 0 0 0 0 0 15 14 22 11 23 19
 5.570000E+02 8 0 0 0 0 0 0 0 0 0 0 0 16 21 18 17 17 23
 5.575000E+02 14 0 0 0 0 0 0 0 0 0 0 0 14 10 13 27 19 18
 5.580000E+02 8 0 0 0 0 0 0 1 0 0 0 0 21 18 13 28 20 12
 5.585000E+02 9 0 0 0 0 0 0 1 0 1 0 0 14 23 18 20 17 11
 5.590000E+02 7 0 0 1 0 0 0 0 0 1 0 0 15 26 14 16 19 10
 5.595000E+02 11 0 0 1 0 0 0 0 0 1 0 0 19 23 17 14 22 10
 5.600000E+02 11 0 0 0 0 0 0 1 0 0 0 0 14 24 16 14 21 15
 5.605000E+02 9 0 0 0 0 0 0 1 0 0 0 0 14 19 21 14 19 17
 5.610000E+02 14 0 0 0 0 0 0 1 0 1 0 0 18 23 22 16 23 15
 5.615000E+02 14 0 0 0 0 0 0 1 0 0 0 0 17 23 20 14 20 13
 5.620000E+02 6 0 0 0 0 0 0 0 0 2 0 0 21 19 14 15 19 15
 5.625000E+02 7 0 0 0 0 0 0 0 0 1 0 0 22 21 16 19 15 16
 5.630000E+02 14 0 0 0 0 0 0 0 0 1 0 0 25 20 16 23 15 12
 5.635000E+02 9 0 0 0 0 0 0 0 0 0 0 0 14 17 21 18 17 16
 5.640000E+02 10 0 0 0 0 0 0 0 0 0 0 0 14 27 23 19 12 18
 5.645000E+02 7 0 0 0 0 0 0 0 0 0 0 0 14 23 26 17 12 15
 5.650000E+02 8 0 0 0 0 0 0 0 0 0 0 0 15 29 14 22 12 21
 5.655000E+02 6 0 0 0 0 0 0 0 0 1 0 0 10 26 21 18 13 17
 5.660000E+02 13 0 0 0 0 0 0 0 0 0 0 0 17 25 19 19 16 18
 5.665000E+02 12 0 0 0 0 0 0 0 0 0 0 0 24 21 10 21 18 17
 5.670000E+02 6 0 0 0 0 0 0 0 0 0 0 0 19 22 9 21 16 15
 5.675000E+02 8 0 0 0 0 0 0 0 0 0 0 0 15 32 12 20 18 19
 5.680000E+02 8 0 0 0 0 0 0 0 0 0 0 0 16 22 12 20 10 19
 5.685000E+02 14 0 0 1 0 0 0 0 0 1 0 0 16 18 14 13 16 30
 5.690000E+02 10 0 0 0 0 0 0 0 0 1 0 0 17 18 19 18 15 23
 5.695000E+02 12 0 0 0 0 0 0 0 0 0 0 0 15 20 23 10 16 14
 5.700000E+02 8 0 0 0 0 0 0 0 0 0 0 0 21 21 18 20 19 15
 5.705000E+02 11 0 0 0 0 0 0 0 0 0 0 0 21 16 18 22 16 14
 5.710000E+02 10 0 0 0 0 0 0 0 0 0 0 0 19 16 16 19 19 17
 5.715000E+02 14 0 0 0 0 0 0 1 0 0 0 0 9 15 15 20 17 19
 5.720000E+02 6 0 0 0 0 0 0 0 0 1 0 0 15 13 17 19 21 17
 5.725000E+02 3 0 0 0 0 0 0 0 0 0 0 0 14 19 18 9 24 25
 5.730000E+02 11 0 0 0 0 0 0 0 0 0 0 0 16 19 16 9 19 26
 5.735000E+02 8 0 0 0 0 0 0 0 0 0 0 0 17 21 15 15 17 26
 5.740000E+02 9 0 0 0 0 0 0 0 0 0 0 0 20 25 16 16 15 24
 5.745000E+02 9 0 0 0 0 0 0 0 0 0 0 0 19 17 16 17 15 21
 5.750000E+02 10 0 0 0 0 0 0 2 0 1 0 0 22 18 27 13 16 12
 5.755000E+02 7 0 0 0 0 0 0 1 0 1 0 0 16 20 16 18 8 16
 5.760000E+02 8 0 0 0 0 0 0 0 0 0 0 0 10 27 18 23 8 19
 5.765000E+02 6 0 0 0 0 0 0 0 0 0 0 0 11 25 14 13 14 14
 5.770000E+02 7 0 0 0 0 0 0 0 0 0 0 0 12 21 17 18 22 20
 5.775000E+02 13 0 0 0 0 0 0 0 0 0 0 0 7 21 16 16 18 13
 5.780000E+02 11 0 0 0 0 0 0 0 0 0 0 0 12 19 18 16 17 18
 5.785000E+02 6 0 0 0 0 0 0 0 0 0 0 0 15 21 18 15 18 20
 5.790000E+02 13 0 0 0 0 0 0 0 0 0 0 0 16 25 15 13 12 16
 5.795000E+02 13 0 0 0 0 0 0 0 0 0 0 0 19 28 15 15 18 11
 5.800000E+02 10 0 0 0 0 0 0 0 0 0 0 0 17 22 20 17 10 20
 5.805000E+02 15 0 0 0 0 0 0 0 0 0 0 0 16 17 18 16 11 25
 5.810000E+02 8 0 0 0 0 0 0 0 0 0 0 0 21 17 16 14 18 12
 5.815000E+02 14 0 0 0 0 0 0 0 0 0 0 0 17 27 13 14 18 14
 5.820000E+02 4 0 0 0 0 0 0 0 0 0 0 0 21 23 14 14 15 17
 5.825000E+02 6 0 0 0 0 0 0 0 0 0 0 0 14 13 20 14 18 14
 5.830000E+02 6 0 0 0 0 0 0 0 0 0 0 0 23 16 19 18 22 16
 5.835000E+02 7 0 0 0 0 0 0 0 0 0 0 0 19 18 25 16 18 15
 5.840000E+02 12 0 0 0 0 0 0 0 0 1 0 0 12 17 23 18 15 15
 5.845000E+02 9 0 0 0 0 0 0 0 0 0 0 0 21 14 21 12 19 18
 5.850000E+02 7 0 0 0 0 0 0 0 0 0 0 0 16 14 22 19 23 10
 5.855000E+02 12 0 0 0 0 0 0 0 0 0 0 0 15 12 25 20 17 15
 5.860000E+02 5 0 0 0 0 0 0 0 0 0 0 0 22 12 25 17 19 15
 5.865000E+02 13 0 0 0 0 0 0 0 0 0 0 0 20 19 18 17 19 15
 5.870000E+02 10 0 0 0 0 0 0 0 0 0 0 0 22 26 17 23 13 19
 5.875000E+02 10 0 0 0 0 0 0 0 0 0 0 0 15 23 16 23 15 20
 5.880000E+02 9 0 0 0 0 0 0 0 0 0 0 0 14 20 19 21 20 22
 5.885000E+02 4 0 0 0 0 0 0 0 0 0 0 0 12 22 14 18 21 22
 5.890000E+02 10 0 0 0 0 0 0 0 0 1 0 0 13 17 15 17 21 12
 5.895000E+02 16 0 0 0 0 0 0 0 0 1 0 0 16 14 17 16 24 11
 5.900000E+02 9 0 0 0 0 0 0 0 0 1 0 0 22 16 14 22 20 15
 5.905000E+02 13 0 0 0 0 0 0 0 0 0 0 0 17 29 15 18 12 24
 5.910000E+02 10 0 0 0 0 0 0 1 0 0 0 0 14 22 14 24 21 20
 5.915000E+02 6 0 0 0 0 0 0 0 0 0 0 0 16 20 14 15 22 13
 5.920000E+02 10 0 0 0 0 0 0 0 0 1 0 0 15 18 15 24 21 12
 5.925000E+02 8 0 0 0 0 0 0 1 0 0 0 0 20 18 16 22 18 18
 5.930000E+02 5 0 0 0 0 0 0 0 0 1 0 0 20 15 14 24 22 15
 5.935000E+02 16 0 0 1 0 0 0 0 0 0 0 0 13 23 19 19 21 16
 5.940000E+02 14 0 0 0 0 0 0 0 0 0 0 0 13 21 16 23 25 15
 5.945000E+02 10 0 0 0 0 1 0 1 0 0 0 0 13 20 13 17 24 14
 5.950000E+02 14 0 0 0 0 0 0 0 0 0 0 0 16 26 16 15 22 21
 5.955000E+02 5 0 0 0 0 0 0 0 0 0 0 0 11 21 24 18 17 25
 5.960000E+02 11 0 0 0 0 0 0 0 0 0 0 0 14 16 15 21 16 23
 5.965000E+02 9 0 0 0 0 0 0 0 0 1 0 0 20 17 20 12 14 24
 5.970000E+02 7 0 0 0 0 0 0 1 0 0 0 0 18 14 20 13 14 22
 5.975000E+02 15 0 0 0 0 0 0 0 0 1 0 0 17 16 18 13 29 20
 5.980000E+02 6 0 0 0 0 0 0 0 0 1 0 0 21 21 20 11 29 17
 5.985000E+02 11 0 0 0 0 0 0 0 0 2 0 0 19 16 25 13 20 15
 5.990000E+02 8 0 0 0 0 0 0 0 0 1 0 0 21 15 28 21 18 16
 5.995000E+02 11 0 0 0 0 0 0 0 0 0 0 0 15 19 19 18 17 20
 6.000000E+02 15 0 0 0 0 0 0 0 0 0 0 0 13 17 21 20 20 27
 6.005000E+02 18 0 0 0 0 0 0 0 0 0 0 0 20 19 18 18 14 20
 6.010000E+02 8 0 0 0 0 0 0 0 0 0 0 0 19 23 17 20 19 19
 6.015000E+02 14 0 0 0 0 0 0 0 0 0 0 0 13 21 13 13 18 15
 6.020000E+02 12 0 0 0 0 0 0 0 0 0 0 0 13 22 18 17 17 16
 6.025000E+02 10 0 0 0 0 0 0 0 0 0 0 0 13 25 23 19 22 14
 6.030000E+02 8 0 0 0 0 0 0 0 0 0 0 0 10 18 20 19 19 20
 6.035000E+02 12 0 0 0 0 0 0 0 0 1 0 0 20 17 18 21 12 14
 6.040000E+02 6 0 0 0 0 0 0 0 0 0 0 0 19 20 16 18 10 26
 6.045000E+02 15 0 0 0 0 0 0 0 0 0 0 0 15 16 18 20 10 13
 6.050000E+02 8 0 0 0 0 0 0 0 0 0 0 0 22 17 16 25 10 16
 6.055000E+02 8 0 0 0 0 0 0 0 0 0 0 0 25 15 19 18 14 17
 6.060000E+02 7 0 0 0 0 0 0 0 0 0 0 0 19 13 14 22 16 18
 6.065000E+02 7 0 0 0 0 0 0 0 0 0 0 0 17 11 19 21 22 24
 6.070000E+02 10 0 0 0 0 0 0 0 0 0 0 0 19 11 12 19 15 21
 6.075000E+02 11 0 0 0 0 0 0 0 0 0 0 0 21 16 14 26 19 17
 6.080000E+02 9 0 0 0 0 0 0 0 0 0 0 0 21 22 9 15 16 22
 6.085000E+02 13 0 0 0 0 0 0 0 0 0 0 0 16 17 8 16 20 19
 6.090000E+02 13 0 0 0 0 0 0 0 0 0 0 0 18 23 9 14 18 9
 6.095000E+02 9 0 0 0 0 0 0 0 0 0 0 0 20 19 15 15 17 15
 6.100000E+02 16 0 0 0 0 0 0 0 0 0 0 0 18 10 9 18 17 26
 6.105000E+02 10 0 0 0 0 0 0 0 0 0 0 0 17 11 15 16 16 17
 6.110000E+02 5 0 0 0 0 0 0 0 0 0 0 0 14 11 23 22 19 25
 6.115000E+02 5 0 0 0 0 0 0 0 0 0 0 0 22 14 22 18 18 16
 6.120000E+02 9 0 0 0 0 0 0 0 0 0 0 0 14 22 17 18 16 12
 6.125000E+02 13 0 0 0 0 0 0 0 0 1 0 0 20 21 19 16 10 15
 6.130000E+02 11 0 0 0 0 0 0 0 0 1 0 0 10 20 21 17 17 15
 6.135000E+02 10 0 0 0 0 0 0 1 0 0 0 0 11 16 22 16 14 18
 6.140000E+02 7 0 0 1 0 0 0 1 0 0 0 0 16 15 17 13 23 17
 6.145000E+02 12 0 0 0 0 0 0 1 0 0 0 0 23 23 16 15 20 10
 6.150000E+02 8 0 0 0 0 0 0 1 0 0 0 0 15 20 13 13 18 16
 6.155000E+02 11 0 0 0 0 0 0 0 0 0 0 0 15 20 17 13 19 22
 6.160000E+02 14 0 0 0 0 0 0 0 0 0 0 0 18 20 14 13 18 18
 6.165000E+02 10 0 0 0 0 0 0 0 0 0 0 0 17 22 22 11 24 12
 6.170000E+02 9 0 0 0 0 0 0 0 0 0 0 0 12 17 16 11 21 18
 6.175000E+02 6 0 0 0 0 0 0 0 0 0 0 0 25 16 11 22 15 16
 6.180000E+02 6 0 0 0 0 0 0 0 0 0 0 0 22 16 16 21 21 18
 6.185000E+02 7 0 0 0 0 0 0 0 0 1 0 0 15 19 21 19 22 12
 6.190000E+02 13 0 0 0 0 0 0 0 0 1 0 0 11 15 26 28 20 14
 6.195000E+02 13 0 0 0 0 0 0 0 0 0 0 0 15 17 19 23 19 22
 6.200000E+02 9 0 0 0 0 0 0 0 0 0 0 0 14 15 26 17 15 20
 6.205000E+02 7 0 0 0 0 0 0 0 0 1 0 0 17 24 21 21 18 18
 6.210000E+02 9 0 0 0 0 0 0 0 0 0 0 0 14 27 13 20 21 14
 6.215000E+02 13 0 0 0 0 0 0 0 0 0 0 0 16 24 23 22 18 11
 6.220000E+02 11 0 0 0 0 0 0 1 0 0 0 0 9 16 15 20 12 12
 6.225000E+02 11 0 0 0 0 0 0 0 0 2 0 0 13 20 20 23 13 18
 6.230000E+02 6 0 0 0 0 0 0 1 0 1 0 0 10 13 26 18 19 22
 6.235000E+02 3 0 0 0 0 0 0 0 0 1 0 0 13 13 23 19 10 22
 6.240000E+02 7 0 0 0 0 0 0 0 0 1 0 0 19 11 18 14 11 20
 6.245000E+02 11 0 0 0 0 0 0 0 0 1 0 0 21 19 20 11 9 23
 6.250000E+02 13 0 0 0 0 0 0 0 0 1 0 0 15 19 12 13 16 23
 6.255000E+02 7 0 0 0 0 0 0 0 0 0 0 0 9 18 16 17 15 22
 6.260000E+02 11 0 0 0 0 0 0 0 0 0 0 0 11 21 16 17 16 19
 6.265000E+02 6 0 0 0 0 0 0 0 0 0 0 0 8 20 21 19 19 21
 6.270000E+02 8 0 0 0 0 0 0 0 0 1 0 0 14 17 21 16 17 16
 6.275000E+02 12 0 0 0 0 0 0 1 0 1 0 0 10 10 20 16 22 18
 6.280000E+02 8 0 0 0 0 0 0 0 0 0 0 0 14 20 20 24 10 20
 6.285000E+02 7 0 0 0 0 0 0 0 0 0 0 0 18 21 17 21 14 19
 6.290000E+02 8 0 0 0 0 0 0 1 0 0 0 0 12 18 12 18 19 16
 6.295000E+02 8 0 0 0 0 0 0 0 0 1 0 0 15 16 13 16 25 22
 6.300000E+02 14 0 0 0 0 0 0 0 0 0 0 0 15 19 13 10 19 22
 6.305000E+02 10 0 0 0 0 0 0 0 0 0 0 0 16 16 11 16 20 20
 6.310000E+02 13 0 0 0 0 0 0 0 0 0 0 0 14 23 12 8 24 21
 6.315000E+02 8 0 0 0 0 0 0 0 0 0 0 0 11 16 13 13 26 16
 6.320000E+02 7 0 0 0 0 0 0 0 0 0 0 0 10 14 19 23 18 17
 6.325000E+02 6 0 0 0 0 0 0 0 0 0 0 0 13 9 22 14 10 22
 6.330000E+02 3 0 0 0 0 0 0 0 0 0 0 0 15 12 19 10 14 20
 6.335000E+02 10 0 0 0 0 0 0 0 0 1 0 0 21 16 16 11 18 17
 6.340000E+02 10 0 0 0 0 0 0 0 0 1 0 0 19 15 19 10 14 22
 6.345000E+02 7 0 0 0 0 0 0 1 0 0 0 0 14 17 19 12 17 17
 6.350000E+02 7 0 0 0 0 0 0 0 0 1 0 0 16 18 18 21 15 15
 6.355000E+02 4 0 0 0 0 0 0 0 0 1 0 0 12 15 21 18 14 11
 6.360000E+02 7 0 0 0 0 0 0 0 0 0 0 0 20 14 18 19 23 15
 6.365000E+02 7 0 0 0 0 0 0 1 0 0 0 0 18 19 17 13 17 17
 6.370000E+02 6 0 0 0 0 0 0 0 0 0 0 0 17 17 17 17 13 23
 6.375000E+02 10 0 0 0 0 0 0 0 0 0 0 0 10 14 10 18 16 18
 6.380000E+02 7 0 0 0 0 0 0 0 0 0 0 0 15 18 11 14 12 19
 6.385000E+02 8 0 0 0 0 0 0 0 0 0 0 0 14 14 14 17 11 15
 6.390000E+02 11 0 0 0 0 0 0 0 0 1 0 0 19 11 13 20 16 16
 6.395000E+02 7 0 0 0 0 0 0 0 0 0 0 0 12 25 15 15 18 17
 6.400000E+02 6 0 0 0 0 0 0 0 0 0 0 0 12 18 12 10 13 27
 6.405000E+02 10 0 0 0 0 0 0 0 0 0 0 0 14 21 17 13 15 24
 6.410000E+02 7 0 0 0 0 0 0 0 0 0 0 0 12 17 18 19 15 16
 6.415000E+02 1 0 0 0 0 0 0 0 0 0 0 0 11 16 16 16 18 18
 6.420000E+02 9 0 0 0 0 0 0 0 0 0 0 0 13 15 19 18 18 12
 6.425000E+02 5 0 0 0 0 0 0 0 0 0 0 0 12 15 19 18 18 16
 6.430000E+02 9 0 0 0 0 0 0 0 0 0 0 0 12 14 19 14 20 17
 6.435000E+02 6 0 0 0 0 0 0 0 0 0 0 0 14 11 24 13 24 15
 6.440000E+02 8 0 0 0 0 0 0 0 0 0 0 0 23 12 20 17 17 15
 6.445000E+02 6 0 0 0 0 0 0 0 0 0 0 0 21 13 14 14 24 13
 6.450000E+02 8 0 0 0 0 0 0 0 0 0 0 0 25 17 25 12 16 15
 6.455000E+02 7 0 0 0 0 0 0 0 0 0 0 0 13 9 24 16 19 17
 6.460000E+02 13 0 0 0 0 0 0 0 0 0 0 0 13 9 21 17 15 15
 6.465000E+02 13 0 0 0 0 0 0 0 0 0 0 0 17 14 18 15 17 20
 6.470000E+02 6 0 0 0 0 0 0 0 0 0 0 0 23 16 13 21 18 14
 6.475000E+02 3 0 0 0 0 0 0 0 0 0 0 0 22 14 11 21 21 18
 6.480000E+02 11 0 0 0 0 0 0 0 0 0 0 0 19 11 12 24 12 17
 6.485000E+02 10 0 0 0 0 0 0 0 0 0 0 0 20 14 15 29 16 16
 6.490000E+02 13 0 0 1 0 0 0 0 0 0 0 0 17 17 16 18 17 24
 6.495000E+02 12 0 0 0 0 0 0 0 0 2 0 0 10 15 18 18 13 24
 6.500000E+02 8 0 0 0 0 0 0 1 0 1 0 0 13 16 13 21 16 27
 6.505000E+02 6 0 0 0 0 0 0 2 0 0 0 0 19 13 16 17 18 20
 6.510000E+02 9 0 0 0 0 0 0 0 0 0 0 0 20 9 17 20 16 12
 6.515000E+02 12 0 0 0 0 0 0 0 0 0 0 0 19 13 19 22 15 8
 6.520000E+02 9 0 0 0 0 0 0 0 0 0 0 0 14 11 24 24 13 19
 6.525000E+02 8 0 0 0 0 0 0 0 0 0 0 0 11 8 24 21 17 15
 6.530000E+02 5 0 0 0 0 0 0 0 0 1 0 0 15 8 25 22 26 12
 6.535000E+02 9 0 0 0 0 0 0 0 0 0 0 0 15 12 24 23 17 12
 6.540000E+02 8 0 0 0 0 0 0 0 0 0 0 0 14 10 21 19 19 14
 6.545000E+02 5 0 0 0 0 0 0 0 0 0 0 0 17 13 20 19 15 19
 6.550000E+02 7 0 0 0 0 0 0 0 0 0 0 0 16 15 17 10 15 21
 6.555000E+02 11 0 0 0 0 0 0 0 0 0 0 0 20 19 17 6 19 24
 6.560000E+02 13 0 0 0 0 0 0 0 0 0 0 0 21 16 12 11 14 23
 6.565000E+02 4 0 0 0 0 0 0 0 0 0 0 0 18 20 13 13 17 16
 6.570000E+02 7 0 0 0 0 0 0 0 0 0 0 0 16 16 16 18 19 13
 6.575000E+02 8 0 0 0 0 0 0 0 0 0 0 0 19 18 20 14 18 7
 6.580000E+02 10 0 0 0 0 0 0 0 0 0 0 0 17 20 19 16 19 13
 6.585000E+02 6 0 0 0 0 0 0 0 0 1 0 0 18 18 17 18 19 12
 6.590000E+02 11 0 0 0 0 0 0 0 0 0 0 0 16 26 16 15 13 13
 6.595000E+02 10 0 0 0 0 0 0 0 0 0 0 0 13 20 24 17 12 12
 6.600000E+02 6 0 0 0 0 0 0 0 0 0 0 0 14 15 16 12 12 14
 6.605000E+02 9 0 0 0 0 0 0 0 0 0 0 0 13 13 16 14 19 19
 6.610000E+02 9 0 0 0 0 0 0 0 0 0 0 0 15 19 17 10 17 16
 6.615000E+02 10 0 0 0 0 0 0 0 0 0 0 0 18 14 20 13 15 19
 6.620000E+02 4 0 0 0 0 0 0 0 0 0 0 0 16 18 14 13 12 20
 6.625000E+02 7 0 0 0 0 0 0 0 0 0 0 0 14 16 18 13 17 19
 6.630000E+02 5 0 0 0 0 0 0 0 0 0 0 0 16 24 13 12 10 21
 6.635000E+02 7 0 0 0 0 0 0 0 0 0 0 0 21 16 10 17 14 27
 6.640000E+02 10 0 0 0 0 0 0 0 0 0 0 0 14 17 11 16 16 20
 6.645000E+02 11 0 0 0 0 0 0 0 0 0 0 0 19 21 11 13 16 18
 6.650000E+02 7 0 0 0 0 0 0 0 0 0 0 0 14 12 14 19 14 13
 6.655000E+02 3 0 0 0 0 0 0 0 0 0 0 0 16 20 17 18 16 16
 6.660000E+02 14 0 0 0 0 0 0 0 0 0 0 0 11 19 19 19 22 14
 6.665000E+02 10 0 0 0 0 0 0 1 0 0 0 0 12 15 17 16 19 15
 6.670000E+02 11 0 0 0 0 0 0 0 0 0 0 0 12 18 14 18 23 15
 6.675000E+02 10 0 0 0 0 0 0 0 0 0 0 0 19 18 16 16 19 15
 6.680000E+02 10 0 0 0 0 0 0 0 0 0 0 0 14 13 20 20 23 17
 6.685000E+02 11 0 0 0 0 0 0 0 0 0 0 0 13 12 18 23 19 15
 6.690000E+02 10 0 0 0 0 0 0 0 0 0 0 0 17 14 17 17 21 16
 6.695000E+02 4 0 0 0 0 0 0 0 0 0 0 0 15 19 17 14 15 19
 6.700000E+02 8 0 0 0 0 0 0 0 0 0 0 0 18 19 16 16 19 16
 6.705000E+02 14 0 0 0 0 0 0 0 0 0 0 0 19 17 13 13 20 11
 6.710000E+02 8 0 0 0 0 0 0 0 0 0 0 0 15 20 13 17 21 17
 6.715000E+02 10 0 0 0 0 0 0 0 0 0 0 0 16 17 17 14 15 16
 6.720000E+02 10 0 0 0 0 0 0 0 0 0 0 0 17 20 21 17 12 10
 6.725000E+02 9 0 0 0 0 0 0 0 0 0 0 0 11 18 14 18 15 17
 6.730000E+02 6 0 0 0 0 0 0 0 0 0 0 0 16 10 20 17 12 17
 6.735000E+02 12 0 0 0 0 0 0 0 0 0 0 0 14 12 26 23 18 10
 6.740000E+02 9 0 0 0 0 0 0 0 0 1 0 0 17 20 19 20 21 14
 6.745000E+02 11 0 0 0 0 0 0 0 0 1 0 0 16 16 18 13 13 22
 6.750000E+02 7 0 0 0 0 0 0 0 0 1 0 0 10 13 17 17 14 21
 6.755000E+02 7 0 0 1 0 0 0 0 0 0 0 0 21 7 13 21 13 19
 6.760000E+02 5 0 0 0 0 0 0 0 0 1 0 0 25 11 15 19 15 21
 6.765000E+02 9 0 0 0 0 0 0 0 0 0 0 0 22 14 12 15 10 26
 6.770000E+02 10 0 0 0 0 0 0 0 0 0 0 0 17 9 20 21 11 17
 6.775000E+02 7 0 0 0 0 0 0 0 0 1 0 0 18 11 21 17 21 13
 6.780000E+02 8 0 0 0 0 0 0 0 0 1 0 0 12 11 25 16 23 18
 6.785000E+02 4 0 0 0 0 0 0 0 0 0 0 0 15 18 24 13 17 12
 6.790000E+02 7 0 0 0 0 0 0 0 0 0 0 0 12 8 23 15 15 16
 6.795000E+02 7 0 0 0 0 0 0 0 0 0 0 0 21 11 22 13 15 16
 6.800000E+02 8 0 0 0 0 0 0 0 0 0 0 0 20 19 21 11 14 18
 6.805000E+02 8 0 0 0 0 0 0 0 0 0 0 0 24 20 21 14 16 15
 6.810000E+02 11 0 0 0 0 0 0 0 0 0 0 0 22 14 14 15 16 15
 6.815000E+02 7 0 0 0 0 0 0 0 0 0 0 0 21 18 15 16 15 18
 6.820000E+02 6 0 0 1 0 0 0 0 0 0 0 0 20 19 14 16 11 18
 6.825000E+02 5 0 0 0 0 0 0 0 0 1 0 0 21 20 9 17 12 19
 6.830000E+02 7 0 0 0 0 0 0 0 0 1 0 0 21 22 10 15 17 20
 6.835000E+02 11 0 0 0 0 0 0 1 0 0 0 0 22 25 10 14 12 22
 6.840000E+02 11 0 0 0 0 0 0 0 0 1 0 0 13 22 16 18 12 24
 6.845000E+02 11 0 0 0 0 0 0 0 0 0 0 0 14 18 15 15 14 20
 6.850000E+02 5 0 0 0 0 0 0 0 0 0 0 0 19 17 21 10 15 22
 6.855000E+02 7 0 0 0 0 0 0 0 0 0 0 0 18 22 20 13 16 24
 6.860000E+02 3 0 0 0 0 0 0 0 0 0 0 0 16 19 14 13 18 25
 6.865000E+02 12 0 0 0 0 0 0 0 0 0 0 0 18 16 17 17 18 14
 6.870000E+02 9 0 0 0 0 0 0 0 0 0 0 0 17 22 14 22 17 13
 6.875000E+02 9 0 0 1 0 0 0 0 0 0 0 0 13 17 18 13 20 18
 6.880000E+02 12 0 0 0 0 0 0 1 0 0 0 0 14 13 24 20 13 11
 6.885000E+02 13 0 0 0 0 0 0 1 0 0 0 0 15 14 26 14 16 12
 6.890000E+02 12 0 0 0 0 0 0 0 0 0 0 0 15 14 21 16 15 18
 6.895000E+02 11 0 0 0 0 0 0 0 0 1 0 0 21 18 18 12 11 18
 6.900000E+02 7 0 0 0 0 0 0 0 0 1 0 0 16 21 21 9 14 21
 6.905000E+02 8 0 0 0 0 0 0 1 0 0 0 0 16 20 18 18 16 23
 6.910000E+02 9 0 0 0 0 0 0 0 0 0 0 0 14 21 18 20 14 22
 6.915000E+02 7 0 0 0 0 0 0 0 0 1 0 0 18 17 8 20 23 16
 6.920000E+02 8 0 0 0 0 0 0 0 0 1 0 0 13 12 14 27 23 17
 6.925000E+02 9 0 0 0 0 0 0 0 0 0 0 0 17 14 13 18 23 16
 6.930000E+02 9 0 0 0 0 0 0 0 0 0 0 0 18 20 16 13 10 20
 6.935000E+02 6 0 0 0 0 0 0 0 0 0 0 0 22 16 15 20 11 21
 6.940000E+02 9 0 0 0 0 0 0 0 0 0 0 0 16 18 18 13 18 16
 6.945000E+02 8 0 0 0 0 0 0 0 0 1 0 0 15 17 18 14 20 16
 6.950000E+02 5 0 0 0 0 0 0 0 0 1 0 0 20 19 16 13 15 21
 6.955000E+02 5 0 0 0 0 0 0 1 0 0 0 0 22 15 19 7 15 17
 6.960000E+02 6 0 0 0 0 0 0 0 0 0 0 0 22 13 20 15 18 12
 6.965000E+02 10 0 0 0 0 0 0 0 0 0 0 0 18 17 20 18 19 15
 6.970000E+02 8 0 0 0 0 0 0 0 0 0 0 0 18 18 15 21 13 21
 6.975000E+02 12 0 0 0 0 0 0 0 0 0 0 0 16 19 13 18 14 22
 6.980000E+02 11 0 0 0 0 0 0 0 0 0 0 0 17 22 11 22 16 20
 6.985000E+02 9 0 0 0 0 0 0 0 0 0 0 0 12 16 12 20 20 17
 6.990000E+02 9 0 0 0 0 0 0 0 0 0 0 0 16 14 11 25 16 18
 6.995000E+02 13 0 0 0 0 0 0 0 0 0 0 0 16 15 12 23 16 19
 7.000000E+02 7 0 0 0 0 0 0 0 0 0 0 0 18 23 10 14 17 26
