'cAMP_on' 'free_Ca2+' 'all_Ca2+' 'PKAa?' 'CDK5!_' 'CK1u~?' 'PP2Ap~?' 'PP2Aca_!' 'PP2C!_' 'PP2Ba~?' 'PDEp~?' 'DARPP_unphosph~?' 'Thr75~?' 'Thr34~?' 'Ser137~?' 'Thr75:Ser137~?' 'Thr34:Thr75~?' 'Thr34:Ser137~?' 'Thr34:Thr75:Ser137~?'
0 0 0 0 0 100 0 0 0 0 0 3000 0 0 0 0 0 0 0
0 1 5 0 75 69 0 0 2 0 0 2851 96 0 51 2 0 0 0
0 2 8 0 72 59 0 0 6 0 0 2714 181 0 98 7 0 0 0
0 2 10 0 70 52 0 0 9 0 0 2578 272 0 136 14 0 0 0
0 2 20 0 76 45 0 0 10 0 0 2470 345 0 164 21 0 0 0
0 1 23 0 71 37 0 0 16 0 0 2366 415 0 189 30 0 0 0
0 1 27 0 77 29 0 0 17 1 0 2295 461 0 211 33 0 0 0
0 2 32 0 78 25 0 0 18 1 0 2211 521 0 226 42 0 0 0
0 0 34 0 69 18 0 0 17 1 0 2157 563 0 228 52 0 0 0
0 3 41 0 62 15 0 0 14 0 0 2098 601 0 240 61 0 0 0
0 2 46 0 66 14 0 0 18 1 0 2062 621 0 253 64 0 0 0
0 2 50 0 64 12 0 0 16 0 0 2027 649 0 257 67 0 0 0
0 3 57 0 68 11 0 0 16 0 0 1981 683 0 262 74 0 0 0
0 4 56 0 63 7 0 0 20 0 0 1953 704 0 258 85 0 0 0
0 2 60 0 61 6 0 0 24 0 0 1931 723 0 259 87 0 0 0
0 4 64 0 63 5 0 0 20 1 0 1885 768 0 266 81 0 0 0
0 4 70 0 67 5 0 0 24 1 0 1861 787 0 267 85 0 0 0
0 4 80 0 65 3 0 0 18 0 0 1854 792 0 262 92 0 0 0
0 1 85 0 67 3 0 0 26 0 0 1840 803 0 256 101 0 0 0
0 3 89 0 72 3 0 0 18 1 0 1811 827 0 256 106 0 0 0
0 6 86 0 71 3 0 0 15 0 0 1796 838 0 259 107 0 0 0
0 5 95 0 71 2 0 0 17 0 0 1783 849 0 262 106 0 0 0
0 3 95 0 59 2 0 0 25 2 0 1760 870 0 257 113 0 0 0
0 4 100 0 64 1 0 0 30 1 0 1741 886 0 251 122 0 0 0
0 3 101 0 61 0 0 0 22 0 0 1733 894 0 247 126 0 0 0
0 5 107 0 67 1 0 0 19 2 0 1728 899 0 247 126 0 0 0
0 3 115 0 65 3 0 0 18 2 0 1729 895 0 245 131 0 0 0
0 1 115 0 69 5 0 0 20 2 0 1715 906 0 244 135 0 0 0
0 4 118 0 73 5 0 0 17 0 0 1710 908 0 245 137 0 0 0
0 5 129 0 68 5 0 0 22 2 0 1703 908 0 249 140 0 0 0
0 5 133 0 59 5 0 0 32 4 0 1721 886 0 248 145 0 0 0
0 6 136 0 69 9 0 0 27 2 0 1723 879 0 255 143 0 0 0
0 10 140 0 65 9 0 0 15 2 0 1700 892 0 260 148 0 0 0
0 4 138 0 64 8 0 0 20 4 0 1693 892 0 266 149 0 0 0
0 5 141 0 70 10 0 0 29 3 0 1683 893 0 277 147 0 0 0
0 6 146 0 59 12 0 0 25 2 0 1680 890 0 285 145 0 0 0
0 9 147 0 63 14 0 0 27 2 0 1697 864 0 296 143 0 0 0
0 2 146 0 75 14 0 0 21 3 0 1692 859 0 298 151 0 0 0
0 3 145 0 62 13 0 0 23 4 0 1676 860 0 307 157 0 0 0
0 7 149 0 70 10 0 0 31 1 0 1659 862 0 320 159 0 0 0
0 4 154 0 64 8 0 0 29 1 0 1662 853 0 329 156 0 0 0
0 3 159 0 69 6 0 0 30 6 0 1669 840 0 336 155 0 0 0
0 10 160 0 71 4 0 0 26 3 0 1660 844 0 340 156 0 0 0
0 3 165 0 67 4 0 0 23 4 0 1655 846 0 344 155 0 0 0
0 10 168 0 64 3 0 0 22 4 0 1678 820 0 352 150 0 0 0
0 6 164 0 64 4 0 0 19 4 0 1677 821 0 335 167 0 0 0
0 5 161 0 63 5 0 0 27 6 0 1659 837 0 340 164 0 0 0
0 4 162 0 65 6 0 0 30 3 0 1641 850 0 346 163 0 0 0
0 8 162 0 69 7 0 0 30 4 0 1651 837 0 344 168 0 0 0
0 11 169 0 63 7 0 0 27 6 0 1633 852 0 345 170 0 0 0
0 6 170 0 61 6 0 0 28 4 0 1628 852 0 348 172 0 0 0
0 5 171 0 62 8 0 0 30 5 0 1630 843 0 339 188 0 0 0
0 5 175 0 65 8 0 0 33 1 0 1626 840 0 340 194 0 0 0
0 9 179 0 70 9 0 0 29 3 0 1618 843 0 342 197 0 0 0
0 11 177 0 77 9 0 0 28 3 0 1632 826 0 347 195 0 0 0
0 9 179 0 63 7 0 0 26 2 0 1623 830 0 347 200 0 0 0
0 3 181 0 67 9 0 0 30 7 0 1640 806 0 362 192 0 0 0
0 5 185 0 59 11 0 0 41 3 0 1626 810 0 358 206 0 0 0
0 6 184 0 71 9 0 0 31 5 0 1631 799 0 364 206 0 0 0
0 3 185 0 69 8 0 0 31 7 0 1624 801 0 360 215 0 0 0
0 6 182 0 67 6 0 0 27 5 0 1592 823 0 365 220 0 0 0
0 5 185 0 70 6 0 0 27 4 0 1612 799 0 377 212 0 0 0
0 4 194 0 64 8 0 0 33 10 0 1596 807 0 392 205 0 0 0
0 6 200 0 61 10 0 0 29 8 0 1608 788 0 400 204 0 0 0
0 9 205 0 65 7 0 0 37 4 0 1576 812 0 403 209 0 0 0
0 8 212 0 66 8 0 0 29 8 0 1574 803 0 402 221 0 0 0
0 11 215 0 63 10 0 0 31 8 0 1573 802 0 402 223 0 0 0
0 4 216 0 69 12 0 0 31 6 0 1570 793 0 413 224 0 0 0
0 8 214 0 69 12 0 0 35 5 0 1548 808 0 418 226 0 0 0
0 3 213 0 65 8 0 0 35 7 0 1554 795 0 420 231 0 0 0
0 8 220 0 59 11 0 0 26 8 0 1548 794 0 429 229 0 0 0
0 11 223 0 66 10 0 0 25 9 0 1531 801 0 440 228 0 0 0
0 9 225 0 70 11 0 0 39 6 0 1528 796 0 445 231 0 0 0
0 10 226 0 63 11 0 0 43 5 0 1519 796 0 445 240 0 0 0
0 10 232 0 65 10 0 0 32 8 0 1521 785 0 456 238 0 0 0
0 9 237 0 66 12 0 0 33 7 0 1523 771 0 456 250 0 0 0
0 9 235 0 58 14 0 0 31 9 0 1503 780 0 464 253 0 0 0
0 9 237 0 62 13 0 0 28 15 0 1486 784 0 473 257 0 0 0
0 5 237 0 55 16 0 0 41 6 0 1455 807 0 478 260 0 0 0
0 7 237 0 58 14 0 0 27 10 0 1458 794 0 483 265 0 0 0
0 7 239 0 59 15 0 0 37 9 0 1450 793 0 494 263 0 0 0
0 8 242 0 64 16 0 0 29 9 0 1447 785 0 509 259 0 0 0
0 9 237 0 69 12 0 0 39 4 0 1443 777 0 509 271 0 0 0
0 5 235 0 68 11 0 0 39 5 0 1457 756 0 519 268 0 0 0
0 6 232 0 64 6 0 0 40 11 0 1447 758 0 516 279 0 0 0
0 4 228 0 55 9 0 0 35 15 0 1451 748 0 521 280 0 0 0
0 6 228 0 67 8 0 0 30 9 0 1446 749 0 528 277 0 0 0
0 9 233 0 64 7 0 0 33 4 0 1423 763 0 538 276 0 0 0
0 6 228 0 73 8 0 0 37 9 0 1431 748 0 547 274 0 0 0
0 9 225 0 74 5 0 0 34 4 0 1424 747 0 559 270 0 0 0
0 8 233 0 65 6 0 1 32 9 0 1415 754 0 542 289 0 0 0
0 10 235 0 66 7 0 1 36 12 0 1421 746 0 546 287 0 0 0
0 3 238 0 67 9 0 1 36 14 0 1424 737 0 549 290 0 0 0
0 4 237 0 60 8 0 1 32 8 0 1395 756 0 569 280 0 0 0
0 7 231 0 68 8 0 0 35 10 0 1416 733 0 557 294 0 0 0
0 10 235 0 64 4 0 1 36 7 0 1400 744 0 561 295 0 0 0
0 9 238 0 62 6 0 1 35 11 0 1401 741 0 556 302 0 0 0
0 4 239 0 68 8 0 1 31 8 0 1388 746 0 564 302 0 0 0
0 7 240 0 52 10 0 1 40 6 0 1378 747 0 564 311 0 0 0
0 5 244 0 61 8 0 1 32 8 0 1370 750 0 570 310 0 0 0
0 8 241 0 65 8 0 1 40 8 0 1369 738 0 586 307 0 0 0
0 3 236 0 64 6 0 1 34 14 0 1356 747 0 583 314 0 0 0
0 4 233 0 52 5 0 1 33 6 0 1365 736 0 573 326 0 0 0
0 7 234 0 68 8 0 1 30 10 0 1354 743 0 587 316 0 0 0
0 6 232 0 65 10 0 0 38 7 0 1345 741 0 596 318 0 0 0
0 7 237 0 64 11 0 0 47 10 0 1333 746 0 589 332 0 0 0
0 8 238 0 59 11 0 0 36 6 0 1333 739 0 589 339 0 0 0
0 7 239 0 71 10 0 0 39 7 0 1336 732 0 589 343 0 0 0
0 13 239 0 61 10 0 0 35 7 0 1341 720 0 606 333 0 0 0
0 6 242 0 62 10 0 0 42 9 0 1333 719 0 609 339 0 0 0
0 11 245 0 64 11 0 0 31 12 0 1338 709 0 619 334 0 0 0
0 5 249 0 69 10 0 0 35 11 0 1303 735 0 632 330 0 0 0
0 7 255 0 64 8 0 0 35 11 0 1311 721 0 634 334 0 0 0
0 10 248 0 57 9 0 0 31 8 0 1298 725 0 638 339 0 0 0
0 8 250 0 56 8 0 0 38 11 0 1306 708 0 641 345 0 0 0
0 12 254 0 61 14 0 0 44 12 0 1308 697 0 647 348 0 0 0
0 8 250 0 62 18 0 0 41 12 0 1292 705 0 640 363 0 0 0
0 5 247 0 74 18 0 0 35 12 0 1305 681 0 661 353 0 0 0
0 6 252 0 62 16 0 0 34 11 0 1271 705 0 663 361 0 0 0
0 9 255 0 61 14 0 0 40 15 0 1274 690 0 675 361 0 0 0
0 8 247 0 74 15 0 1 42 7 0 1277 684 0 667 372 0 0 0
0 7 245 0 64 13 0 0 42 7 0 1257 691 0 679 373 0 0 0
0 7 245 0 69 10 0 0 41 9 0 1236 707 0 690 367 0 0 0
0 5 249 0 62 10 0 0 42 7 0 1233 702 0 691 374 0 0 0
0 13 251 0 80 16 0 0 42 8 0 1226 696 0 690 388 0 0 0
0 8 250 0 62 14 0 0 39 7 0 1198 710 0 699 393 0 0 0
0 13 249 0 63 17 0 0 43 16 0 1200 697 0 719 384 0 0 0
0 6 244 0 61 18 0 0 43 11 0 1194 695 0 720 391 0 0 0
0 8 246 0 57 19 0 0 43 7 0 1177 694 0 735 394 0 0 0
0 11 247 0 62 16 0 0 40 9 0 1174 683 0 751 392 0 0 0
0 12 250 0 61 12 0 0 47 6 0 1184 666 0 744 406 0 0 0
0 5 251 0 65 14 0 0 42 11 0 1186 653 0 742 419 0 0 0
0 12 254 0 70 10 0 0 44 15 0 1180 649 0 760 411 0 0 0
0 8 258 0 53 11 0 0 45 10 0 1152 668 0 761 419 0 0 0
0 8 258 0 53 12 0 0 42 12 0 1155 663 0 767 415 0 0 0
0 10 256 0 77 10 0 0 42 8 0 1163 643 0 771 423 0 0 0
0 10 252 0 64 11 0 0 43 9 0 1149 647 0 774 430 0 0 0
0 12 254 0 59 13 0 0 33 12 0 1154 630 0 784 432 0 0 0
0 6 252 0 71 10 0 0 37 10 0 1154 618 0 804 424 0 0 0
0 9 253 0 59 14 0 0 43 12 0 1137 627 0 819 417 0 0 0
0 7 257 0 71 12 0 0 44 13 0 1127 623 0 832 418 0 0 0
0 6 256 0 60 7 0 0 45 11 0 1116 626 0 838 420 0 0 0
0 11 255 0 59 5 0 0 44 13 0 1127 609 0 836 428 0 0 0
0 9 259 0 53 7 0 0 41 12 0 1118 615 0 846 421 0 0 0
0 6 258 0 66 14 0 0 33 21 0 1106 620 0 836 438 0 0 0
0 7 259 0 69 15 0 0 46 8 0 1104 614 0 844 438 0 0 0
0 7 263 0 60 17 0 0 47 18 0 1109 605 0 829 457 0 0 0
0 8 264 0 65 18 0 0 40 12 0 1081 622 0 841 456 0 0 0
0 4 266 0 64 22 0 0 46 11 0 1050 637 0 849 464 0 0 0
0 15 269 0 68 22 0 0 47 11 0 1030 644 0 869 457 0 0 0
0 10 270 0 63 17 0 0 47 15 0 1021 635 0 890 454 0 0 0
0 9 270 0 56 18 0 1 44 14 0 1041 604 0 889 466 0 0 0
0 11 272 0 73 18 0 1 43 12 0 1036 598 0 908 458 0 0 0
0 7 275 0 68 20 0 0 39 14 0 1033 592 0 912 463 0 0 0
0 7 277 0 63 17 0 0 48 12 0 1025 586 0 920 469 0 0 0
0 13 276 0 55 20 0 1 41 16 0 1030 568 0 922 480 0 0 0
0 12 273 0 60 19 0 1 48 11 0 1021 564 0 940 475 0 0 0
0 10 273 0 63 15 0 1 49 16 0 1026 545 0 950 479 0 0 0
0 6 273 0 61 10 0 1 37 9 0 1038 519 0 955 488 0 0 0
0 8 273 0 69 12 0 1 53 8 0 1022 529 0 969 480 0 0 0
0 11 267 0 62 13 0 0 55 11 0 1017 530 0 962 491 0 0 0
0 8 258 0 70 11 0 0 41 10 0 983 554 0 961 502 0 0 0
0 3 261 0 57 12 0 0 41 16 0 994 539 0 957 510 0 0 0
0 7 256 0 64 14 0 1 47 15 0 995 529 0 957 519 0 0 0
0 9 259 0 71 15 0 2 47 8 0 977 537 0 978 508 0 0 0
0 0 257 0 67 15 0 1 47 14 0 962 542 0 976 520 0 0 0
0 7 255 0 60 16 0 2 50 12 0 967 527 0 986 520 0 0 0
0 10 258 0 72 14 0 2 54 10 0 954 532 0 992 522 0 0 0
0 7 262 0 58 16 0 1 55 13 0 955 528 0 998 519 0 0 0
0 5 262 0 67 11 0 1 51 13 0 954 523 0 999 524 0 0 0
0 13 267 0 70 14 0 0 41 8 0 940 533 0 1014 513 0 0 0
0 12 270 0 63 11 0 0 50 10 0 946 523 0 1017 514 0 0 0
0 8 272 0 67 11 0 0 44 12 0 934 524 0 1021 521 0 0 0
0 9 269 0 60 11 0 0 42 13 0 934 519 0 1038 509 0 0 0
0 12 268 0 67 14 0 0 51 10 0 925 520 0 1034 521 0 0 0
0 3 267 0 65 17 0 0 49 15 0 918 512 0 1036 534 0 0 0
0 8 265 0 67 18 0 1 52 10 0 903 523 0 1037 537 0 0 0
0 5 272 0 64 16 0 1 49 11 0 895 517 0 1045 543 0 0 0
0 8 276 0 64 16 0 0 43 14 0 888 507 0 1057 548 0 0 0
0 10 284 0 54 13 0 0 54 17 0 881 499 0 1071 549 0 0 0
0 6 280 0 63 10 0 0 48 17 0 871 498 0 1079 552 0 0 0
0 8 276 0 68 15 0 0 43 13 0 870 494 0 1065 571 0 0 0
0 7 281 0 62 22 0 0 39 22 0 871 485 0 1051 593 0 0 0
0 8 284 0 58 21 0 0 54 14 0 873 471 0 1076 580 0 0 0
0 12 280 0 66 17 0 0 46 11 0 874 454 0 1074 598 0 0 0
0 9 275 0 52 16 0 0 47 11 0 871 447 0 1076 606 0 0 0
0 8 276 0 66 15 0 0 49 7 0 869 444 0 1082 605 0 0 0
0 10 280 0 55 9 0 0 52 11 0 870 430 0 1091 609 0 0 0
0 8 277 0 65 10 0 1 49 16 0 866 429 0 1106 599 0 0 0
0 13 276 0 69 12 0 1 52 6 0 859 426 0 1130 585 0 0 0
0 7 277 0 57 15 0 0 60 13 0 852 429 0 1129 590 0 0 0
0 11 279 0 60 16 0 0 49 13 0 847 426 0 1117 610 0 0 0
0 7 277 0 72 18 0 0 50 20 0 852 410 0 1132 606 0 0 0
0 8 280 0 66 20 0 0 49 19 0 843 412 0 1148 597 0 0 0
0 9 275 0 65 16 0 0 50 7 0 839 404 0 1149 608 0 0 0
0 11 277 0 68 17 0 0 51 14 0 844 387 0 1164 605 0 0 0
0 9 277 0 49 16 0 0 55 12 0 833 388 0 1171 608 0 0 0
0 6 274 0 65 15 0 0 47 16 0 824 388 0 1174 614 0 0 0
0 15 277 0 61 13 0 0 56 13 0 814 386 0 1161 639 0 0 0
0 17 273 0 71 14 0 0 50 12 0 814 383 0 1187 616 0 0 0
0 10 270 0 67 13 0 0 52 15 0 792 400 0 1185 623 0 0 0
0 6 266 0 73 10 0 0 49 11 0 785 403 0 1189 623 0 0 0
0 12 268 0 62 10 0 0 53 13 0 779 406 0 1192 623 0 0 0
0 10 264 0 70 19 0 0 49 16 0 777 403 0 1189 631 0 0 0
0 12 256 0 69 16 0 0 54 10 0 764 399 0 1204 633 0 0 0
0 6 250 0 62 14 0 0 53 11 0 757 392 0 1219 632 0 0 0
0 11 255 0 63 15 0 0 52 13 0 757 383 0 1217 643 0 0 0
0 7 257 0 69 18 0 0 51 13 0 752 379 0 1210 659 0 0 0
0 13 255 0 68 13 0 0 42 10 0 750 375 0 1218 657 0 0 0
0 6 256 0 56 12 0 0 52 10 0 743 377 0 1212 668 0 0 0
0 12 258 0 57 13 0 0 53 9 0 731 382 0 1222 665 0 0 0
0 8 258 0 64 12 0 0 51 8 0 726 381 0 1238 655 0 0 0
0 5 261 0 59 13 0 0 56 13 0 715 385 0 1246 654 0 0 0
0 10 258 0 59 16 0 0 45 12 0 716 381 0 1249 654 0 0 0
0 5 258 0 70 19 0 1 48 10 0 713 377 0 1256 654 0 0 0
0 10 256 0 60 16 0 2 54 11 0 718 364 0 1264 654 0 0 0
0 9 257 0 69 17 0 2 55 12 0 727 348 0 1257 668 0 0 0
0 5 257 0 59 15 0 2 60 15 0 712 355 0 1255 678 0 0 0
0 13 255 0 63 15 0 2 49 12 0 704 358 0 1268 670 0 0 0
0 8 259 0 63 13 0 1 55 17 0 699 360 0 1273 668 0 0 0
0 6 262 0 68 16 0 2 57 8 0 703 346 0 1267 684 0 0 0
0 12 261 0 54 17 0 1 53 9 0 686 354 0 1279 681 0 0 0
0 13 260 0 68 17 0 1 47 7 0 678 355 0 1265 702 0 0 0
0 5 257 0 58 11 0 0 52 13 0 662 368 0 1253 717 0 0 0
0 13 255 0 61 12 0 0 55 12 0 667 356 0 1261 716 0 0 0
0 9 255 0 67 13 0 0 50 14 0 662 356 0 1269 713 0 0 0
0 5 253 0 47 14 0 0 55 14 0 652 359 0 1272 717 0 0 0
0 15 253 0 72 14 0 0 52 7 0 638 363 0 1279 720 0 0 0
0 4 256 0 69 11 0 0 50 18 0 630 366 0 1279 725 0 0 0
0 12 252 0 65 13 0 0 50 11 0 646 348 0 1291 715 0 0 0
0 5 255 0 73 12 0 0 55 11 0 636 355 0 1296 713 0 0 0
0 6 250 0 75 11 0 0 49 10 0 634 355 0 1298 713 0 0 0
0 7 246 0 60 13 0 1 51 6 0 625 361 0 1283 731 0 0 0
0 4 245 0 66 8 0 1 49 7 0 627 357 0 1283 733 0 0 0
0 8 244 0 60 12 0 0 50 13 0 617 365 0 1289 729 0 0 0
0 12 244 0 61 11 0 0 52 7 0 626 351 0 1297 726 0 0 0
0 10 246 0 72 10 0 0 48 9 0 624 349 0 1296 731 0 0 0
0 7 241 0 54 11 0 0 51 12 0 621 346 0 1289 744 0 0 0
0 9 241 0 60 13 0 0 58 9 0 620 344 0 1292 744 0 0 0
0 8 240 0 61 19 0 0 49 16 0 600 357 0 1303 740 0 0 0
0 7 245 0 64 20 0 0 53 14 0 597 351 0 1313 739 0 0 0
0 9 247 0 67 15 0 0 41 10 0 593 346 0 1339 722 0 0 0
0 5 248 0 61 15 0 1 48 9 0 603 331 0 1328 738 0 0 0
0 5 243 0 65 19 0 0 59 11 0 579 343 0 1336 742 0 0 0
0 8 244 0 56 16 0 0 57 9 0 584 329 0 1331 756 0 0 0
0 9 241 0 52 13 0 2 48 10 0 575 330 0 1335 760 0 0 0
0 8 244 0 61 13 0 2 46 7 0 583 314 0 1337 766 0 0 0
0 8 245 0 68 11 0 1 51 10 0 595 297 0 1346 762 0 0 0
0 11 246 0 60 14 0 1 57 9 0 582 306 0 1362 750 0 0 0
0 9 245 0 65 12 0 0 51 9 0 577 303 0 1372 748 0 0 0
0 6 242 0 69 10 0 0 51 9 0 577 299 0 1390 734 0 0 0
0 8 248 0 62 9 0 0 55 12 0 569 302 0 1380 749 0 0 0
0 4 248 0 56 9 0 0 47 9 0 565 302 0 1395 738 0 0 0
0 5 251 0 61 9 0 0 59 15 0 558 302 0 1384 756 0 0 0
0 8 254 0 61 6 0 0 58 16 0 547 311 0 1397 745 0 0 0
0 5 251 0 56 8 0 0 56 11 0 543 313 0 1383 761 0 0 0
0 9 247 0 57 5 0 0 53 13 0 543 308 0 1393 756 0 0 0
0 7 249 0 62 9 0 0 50 13 0 544 305 0 1409 742 0 0 0
0 9 251 0 63 13 0 0 53 12 0 552 294 0 1401 753 0 0 0
0 6 249 0 66 12 0 1 50 10 0 551 287 0 1427 735 0 0 0
0 15 250 0 63 12 0 1 64 11 0 538 295 0 1424 743 0 0 0
0 7 254 0 62 11 0 1 55 10 0 529 301 0 1435 735 0 0 0
0 8 249 0 70 7 0 3 60 12 0 525 300 0 1452 723 0 0 0
0 5 251 0 57 10 0 4 58 13 0 521 299 0 1431 749 0 0 0
0 7 244 0 67 11 0 1 57 7 0 521 297 0 1442 740 0 0 0
0 5 240 0 61 15 0 1 53 8 0 515 292 0 1452 741 0 0 0
0 9 238 0 61 14 0 1 56 10 0 535 265 0 1454 746 0 0 0
0 5 240 0 62 20 0 1 49 10 0 524 266 0 1467 743 0 0 0
0 10 242 0 67 8 0 0 52 5 0 515 268 0 1457 760 0 0 0
0 6 242 0 58 8 0 0 60 15 0 514 266 0 1461 759 0 0 0
0 9 245 0 76 10 0 0 56 11 0 519 258 0 1475 748 0 0 0
0 5 247 0 65 7 0 0 61 13 0 521 254 0 1470 755 0 0 0
0 6 254 0 63 8 0 0 57 14 0 521 252 0 1471 756 0 0 0
0 6 256 0 61 7 0 0 52 12 0 512 261 0 1476 751 0 0 0
0 8 250 0 68 8 0 0 51 15 0 506 262 0 1471 761 0 0 0
0 7 247 0 59 11 0 0 56 14 0 517 247 0 1469 767 0 0 0
0 5 245 0 63 10 0 0 53 11 0 511 247 0 1483 759 0 0 0
0 9 245 0 61 11 0 0 53 7 0 511 243 0 1486 760 0 0 0
0 7 246 0 69 10 0 1 57 11 0 500 248 0 1466 786 0 0 0
0 6 246 0 55 12 0 2 58 12 0 485 261 0 1457 797 0 0 0
0 7 241 0 61 11 0 0 52 11 0 483 258 0 1458 801 0 0 0
0 9 241 0 59 14 0 0 61 12 0 481 256 0 1461 802 0 0 0
0 9 247 0 68 9 0 0 52 4 0 478 253 0 1464 805 0 0 0
0 3 243 0 68 8 0 0 56 9 0 468 262 0 1447 823 0 0 0
0 5 245 0 61 7 0 0 58 12 0 481 247 0 1434 838 0 0 0
0 11 241 0 62 10 0 0 59 9 0 482 245 0 1432 841 0 0 0
0 15 239 0 59 12 0 0 54 6 0 476 247 0 1435 842 0 0 0
0 6 243 0 54 9 0 1 57 11 0 485 232 0 1433 850 0 0 0
0 6 246 0 71 7 0 0 57 9 0 488 227 0 1433 852 0 0 0
0 3 247 0 62 9 0 0 55 12 0 474 239 0 1437 850 0 0 0
0 11 250 0 73 9 0 1 62 10 0 472 240 0 1443 845 0 0 0
0 8 250 0 59 8 0 0 59 8 0 465 240 0 1455 840 0 0 0
0 5 251 0 57 7 0 2 55 13 0 460 241 0 1449 850 0 0 0
0 7 248 0 60 9 0 1 52 10 0 464 233 0 1437 866 0 0 0
0 4 249 0 74 11 0 1 58 13 0 460 230 0 1445 865 0 0 0
0 12 252 0 57 8 0 0 58 9 0 465 223 0 1449 863 0 0 0
0 9 253 0 68 9 0 0 59 13 0 472 211 0 1466 851 0 0 0
0 3 253 0 68 13 0 0 50 10 0 452 225 0 1476 847 0 0 0
0 7 251 0 65 11 0 0 52 12 0 442 229 0 1499 830 0 0 0
0 8 255 0 71 12 0 1 49 11 0 436 231 0 1514 819 0 0 0
0 9 252 0 63 12 0 1 61 7 0 437 224 0 1509 830 0 0 0
0 8 249 0 63 11 0 1 54 7 0 441 217 0 1505 837 0 0 0
0 11 248 0 67 10 0 1 54 9 0 437 214 0 1491 858 0 0 0
0 14 242 0 63 11 0 0 60 7 0 431 215 0 1466 888 0 0 0
0 11 247 0 72 18 0 0 61 8 0 441 202 0 1463 894 0 0 0
0 4 243 0 64 16 0 1 54 9 0 430 208 0 1482 880 0 0 0
0 10 239 0 67 11 0 1 57 7 0 427 202 0 1497 874 0 0 0
0 9 241 0 59 9 0 0 56 9 0 418 208 0 1505 869 0 0 0
0 5 239 0 67 12 0 0 59 14 0 413 211 0 1499 877 0 0 0
0 6 235 0 64 10 0 1 53 10 0 406 214 0 1504 876 0 0 0
0 5 233 0 61 9 0 0 54 8 0 401 216 0 1533 850 0 0 0
0 4 232 0 63 11 0 0 59 11 0 399 214 0 1533 854 0 0 0
0 5 235 0 59 9 0 0 60 9 0 402 209 0 1524 865 0 0 0
0 8 234 0 67 6 0 0 54 9 0 397 210 0 1519 874 0 0 0
0 5 231 0 63 5 0 0 57 5 0 397 209 0 1535 859 0 0 0
0 5 233 0 61 5 0 0 51 13 0 395 210 0 1539 856 0 0 0
0 12 230 0 49 8 0 0 51 6 0 393 210 0 1551 846 0 0 0
0 10 232 0 73 6 0 0 56 6 0 384 219 0 1537 860 0 0 0
0 14 236 0 68 9 0 0 57 10 0 385 218 0 1530 867 0 0 0
0 8 244 0 65 11 0 0 45 6 0 381 221 0 1532 866 0 0 0
0 11 243 0 70 10 0 0 56 17 0 383 216 0 1525 876 0 0 0
0 6 241 0 66 12 0 1 58 9 0 380 216 0 1527 877 0 0 0
0 5 247 0 64 11 0 0 57 10 0 383 207 0 1516 894 0 0 0
0 6 246 0 66 8 0 0 58 11 0 378 209 0 1508 905 0 0 0
0 9 247 0 65 9 0 0 57 13 0 386 201 0 1498 915 0 0 0
0 7 251 0 65 10 0 0 60 9 0 381 200 0 1520 899 0 0 0
0 9 247 0 65 13 0 0 56 12 0 376 199 0 1529 896 0 0 0
0 12 248 0 63 14 0 0 57 10 0 374 198 0 1528 900 0 0 0
0 6 244 0 61 11 0 0 55 12 0 367 202 0 1524 907 0 0 0
0 10 235 0 61 9 0 1 56 11 0 373 196 0 1532 899 0 0 0
0 12 229 0 68 10 0 1 58 9 0 374 192 0 1531 903 0 0 0
0 13 227 0 65 7 0 0 62 5 0 360 203 0 1532 905 0 0 0
0 7 225 0 64 5 0 0 49 17 0 356 204 0 1544 896 0 0 0
0 2 225 0 73 5 0 1 55 8 0 352 205 0 1560 883 0 0 0
0 3 228 0 59 6 0 1 58 9 0 348 205 0 1561 886 0 0 0
0 6 230 0 63 6 0 2 57 12 0 354 199 0 1568 879 0 0 0
0 6 233 0 66 5 0 1 51 4 0 361 192 0 1560 887 0 0 0
0 6 231 0 62 7 0 1 59 6 0 363 187 0 1565 885 0 0 0
0 9 232 0 61 7 0 1 60 8 0 358 189 0 1549 904 0 0 0
0 11 230 0 60 6 0 1 64 7 0 359 186 0 1541 914 0 0 0
0 8 230 0 66 4 0 0 60 14 0 371 173 0 1546 910 0 0 0
0 11 227 0 68 5 0 0 47 11 0 378 165 0 1559 898 0 0 0
0 5 225 0 62 8 0 0 58 15 0 366 175 0 1576 883 0 0 0
0 12 230 0 66 8 0 0 57 9 0 362 175 0 1580 883 0 0 0
0 7 231 0 62 9 0 0 50 12 0 359 177 0 1582 882 0 0 0
0 8 228 0 69 7 0 0 55 8 0 362 174 0 1567 897 0 0 0
0 7 227 0 61 8 0 0 63 8 0 353 179 0 1574 894 0 0 0
0 4 226 0 60 10 0 0 54 7 0 354 177 0 1577 892 0 0 0
0 9 233 0 67 10 0 0 58 6 0 350 177 0 1592 881 0 0 0
0 8 234 0 66 11 0 0 58 11 0 336 189 0 1588 887 0 0 0
0 8 230 0 60 8 0 0 59 8 0 337 185 0 1591 887 0 0 0
0 5 235 0 60 12 0 0 59 11 0 333 183 0 1573 911 0 0 0
0 5 237 0 56 8 0 0 60 8 0 341 174 0 1555 930 0 0 0
0 6 238 0 63 3 0 0 54 8 0 333 182 0 1536 949 0 0 0
0 11 237 0 64 4 0 0 63 13 0 331 184 0 1534 951 0 0 0
0 6 238 0 68 5 0 0 54 10 0 330 185 0 1534 951 0 0 0
0 5 241 0 60 7 0 0 60 13 0 333 180 0 1521 966 0 0 0
0 9 241 0 70 8 0 0 58 7 0 327 183 0 1528 962 0 0 0
0 10 242 0 73 8 0 0 60 9 0 334 174 0 1555 937 0 0 0
0 7 243 0 63 7 0 0 58 6 0 329 175 0 1556 940 0 0 0
0 12 242 0 62 10 0 0 60 13 0 318 184 0 1559 939 0 0 0
0 13 241 0 59 16 0 0 59 11 0 313 185 0 1570 932 0 0 0
0 7 241 0 66 13 0 0 63 5 0 308 185 0 1559 948 0 0 0
0 2 236 0 59 10 0 0 51 10 0 309 179 0 1562 950 0 0 0
0 13 233 0 57 10 0 0 52 6 0 303 182 0 1567 948 0 0 0
0 6 242 0 66 9 0 0 49 10 0 301 181 0 1578 940 0 0 0
0 7 239 0 65 10 0 0 63 12 0 302 177 0 1590 931 0 0 0
0 12 240 0 65 11 0 0 49 10 0 301 177 0 1583 939 0 0 0
0 5 240 0 66 10 0 1 57 12 0 296 177 0 1600 927 0 0 0
0 12 241 0 51 9 0 1 55 7 0 291 181 0 1601 927 0 0 0
0 6 249 0 66 5 0 1 61 13 0 293 175 0 1631 901 0 0 0
0 8 248 0 58 3 0 0 63 10 0 295 171 0 1627 907 0 0 0
0 8 252 0 63 6 0 0 55 8 0 294 171 0 1617 918 0 0 0
0 8 250 0 58 4 0 0 59 7 0 289 173 0 1614 924 0 0 0
0 9 249 0 61 7 0 0 53 12 0 284 177 0 1636 903 0 0 0
0 9 251 0 65 10 0 0 52 7 0 282 177 0 1624 917 0 0 0
0 16 252 0 52 9 0 0 57 13 0 283 168 0 1610 939 0 0 0
0 10 253 0 68 7 0 1 62 9 0 275 171 0 1629 925 0 0 0
0 7 256 0 63 9 0 1 63 10 0 286 155 0 1620 939 0 0 0
0 11 252 0 58 9 0 1 59 4 0 291 149 0 1626 934 0 0 0
0 11 254 0 52 12 0 1 58 8 0 287 148 0 1630 935 0 0 0
0 5 252 0 67 8 0 1 53 7 0 284 150 0 1612 954 0 0 0
0 6 252 0 62 9 0 0 56 6 0 282 149 0 1614 955 0 0 0
0 4 250 0 60 9 0 0 61 10 0 278 150 0 1626 946 0 0 0
0 6 246 0 78 9 0 0 53 9 0 275 148 0 1621 956 0 0 0
0 6 244 0 66 9 0 0 63 5 0 277 146 0 1629 948 0 0 0
0 6 244 0 67 9 0 0 52 13 0 273 146 0 1657 924 0 0 0
0 7 245 0 74 9 0 0 56 11 0 268 147 0 1679 906 0 0 0
0 8 240 0 57 12 0 0 61 8 0 258 152 0 1666 924 0 0 0
0 12 230 0 54 12 0 0 61 8 0 258 150 0 1667 925 0 0 0
0 12 232 0 62 13 0 0 64 8 0 262 142 0 1665 931 0 0 0
0 10 234 0 70 12 0 0 60 1 0 254 146 0 1643 957 0 0 0
0 3 231 0 52 5 0 0 66 5 0 251 148 0 1657 944 0 0 0
0 8 236 0 58 6 0 0 56 7 0 254 145 0 1650 951 0 0 0
0 6 234 0 73 9 0 0 60 10 0 257 142 0 1664 937 0 0 0
0 8 224 0 64 10 0 0 55 10 0 252 147 0 1653 948 0 0 0
0 7 226 0 55 10 0 1 58 12 0 248 148 0 1689 915 0 0 0
0 7 227 0 69 5 0 0 63 7 0 240 155 0 1692 913 0 0 0
0 6 233 0 64 10 0 1 63 10 0 239 155 0 1696 910 0 0 0
0 8 227 0 63 12 0 1 58 5 0 236 157 0 1694 913 0 0 0
0 4 232 0 58 9 0 2 62 11 0 240 148 0 1701 911 0 0 0
3937 9 234 602 76 8 8 1 54 12 146 214 150 23 1590 887 0 135 1
3899 8 230 639 58 9 17 2 56 8 357 169 146 67 1375 879 2 352 10
3849 9 233 667 65 11 14 2 52 11 518 144 134 99 1202 834 6 560 21
3810 7 227 635 66 9 19 2 59 6 632 116 130 121 1031 771 13 770 48
3756 4 230 609 64 7 22 2 57 12 715 102 115 144 870 723 17 960 69
3692 10 237 594 57 7 13 1 56 9 797 89 109 157 754 679 22 1076 114
3633 10 232 568 64 4 16 0 53 9 853 64 102 179 604 663 30 1206 152
3590 7 235 542 55 4 18 0 55 15 890 67 90 183 536 605 35 1293 191
3533 6 246 507 64 5 13 0 61 10 922 63 83 193 475 566 35 1369 216
3483 17 251 499 64 5 12 0 56 12 945 63 76 194 411 538 38 1439 241
3419 5 253 492 79 8 15 0 51 13 977 57 72 199 373 495 41 1477 286
3359 7 257 462 70 7 13 2 54 13 989 51 65 205 332 461 47 1526 313
3302 8 254 440 57 10 13 2 54 17 982 51 58 198 302 433 59 1550 349
3246 10 254 457 74 10 24 2 63 13 997 48 53 214 268 396 49 1590 382
3179 8 254 400 54 7 21 0 53 13 997 44 49 219 258 367 50 1607 406
3115 6 260 404 67 7 25 0 54 18 1002 35 51 223 246 334 52 1630 429
3056 9 257 373 63 9 21 0 62 15 1017 42 46 211 230 309 59 1652 451
2997 9 259 375 70 9 19 0 62 16 1015 39 39 215 200 291 61 1679 476
2938 10 264 368 67 9 17 0 55 19 1021 38 33 219 177 264 62 1718 489
2893 7 265 367 68 10 16 0 55 16 1023 42 30 213 167 243 65 1743 497
2838 10 260 357 69 8 18 0 64 17 1021 35 28 211 158 223 74 1791 480
2783 7 265 348 66 7 19 0 59 17 1012 29 24 216 148 210 77 1782 514
2725 7 269 337 61 8 19 0 51 20 998 32 20 216 141 189 78 1799 525
2671 4 268 334 58 5 11 0 55 15 988 27 20 217 130 170 80 1811 545
2629 9 270 312 54 8 22 1 58 21 994 24 19 222 119 152 79 1833 552
2595 7 268 295 60 10 12 1 59 23 985 30 13 223 110 144 78 1836 566
2544 8 268 279 71 11 16 0 56 21 985 27 13 230 112 125 70 1867 556
2498 5 271 276 68 13 12 0 64 21 983 26 14 232 104 119 62 1856 587
2439 10 278 273 78 9 14 0 58 21 978 25 15 227 95 116 66 1863 593
2388 6 284 276 68 7 14 0 59 17 961 24 15 221 97 103 72 1862 606
2346 8 280 261 61 9 21 0 57 22 966 26 14 227 98 81 65 1885 604
2307 10 282 268 68 11 18 0 57 19 971 31 10 224 95 75 65 1892 608
2261 13 283 243 77 11 11 0 51 21 973 30 10 224 89 75 64 1883 625
2220 9 289 247 64 11 16 0 59 19 964 23 13 226 81 65 63 1910 619
2169 11 293 238 64 11 7 0 52 24 961 19 14 218 69 66 69 1911 634
2130 12 290 235 69 11 17 0 50 23 977 20 13 214 63 61 68 1918 643
2110 5 285 224 73 9 9 0 60 18 967 18 14 214 64 60 64 1906 660
2063 5 287 218 69 4 9 0 56 20 960 21 14 206 59 60 68 1894 678
2025 11 283 204 60 3 18 0 50 20 955 19 14 202 56 54 74 1935 646
1990 6 284 195 66 6 16 0 59 22 943 19 14 201 51 51 72 1950 642
1956 10 280 193 66 6 18 0 54 20 936 17 13 200 47 48 74 1948 653
1923 6 284 198 63 11 17 0 55 23 937 19 10 203 44 44 72 1933 675
1886 2 286 193 69 10 12 0 65 23 935 16 9 208 44 41 69 1934 679
1861 7 285 180 71 8 12 0 55 23 934 19 9 202 41 38 70 1948 673
1824 9 289 192 61 6 9 0 56 19 941 22 9 196 38 37 72 1945 681
1788 7 291 188 74 7 11 0 56 25 932 24 6 196 32 33 73 1954 682
1762 9 287 174 67 10 10 0 60 29 928 22 7 199 29 34 68 1962 679
1731 5 287 165 62 9 14 0 55 27 912 24 6 199 29 32 67 1955 688
1698 6 290 163 78 8 6 0 57 29 896 23 6 191 29 29 72 1963 687
1670 7 296 154 67 13 4 1 56 22 872 24 5 182 30 29 78 1959 693
1633 8 291 141 67 10 13 1 53 22 867 19 8 183 29 29 79 1936 717
1610 11 290 151 69 10 6 1 61 23 857 23 6 188 29 29 72 1954 699
1587 5 297 152 68 7 9 2 53 25 858 22 6 190 28 29 71 1943 711
1563 5 296 158 66 7 11 1 53 22 861 23 7 181 29 25 77 1957 701
1544 7 293 149 62 6 4 2 63 22 853 18 11 178 31 21 78 1942 721
1516 11 301 153 75 12 12 0 59 24 851 20 11 173 29 20 80 1939 728
1494 5 301 145 55 6 13 0 47 27 842 23 10 178 23 21 73 1929 743
1460 9 306 148 73 6 8 1 64 24 846 21 9 181 20 21 71 1924 753
1436 11 310 150 56 6 10 1 55 25 849 23 10 174 20 19 75 1912 767
1413 6 310 153 64 9 11 0 52 25 850 21 11 181 16 20 69 1912 770
1398 10 310 148 77 8 8 0 63 29 850 20 11 174 15 20 77 1910 773
1375 6 310 149 74 8 12 0 60 21 868 22 11 171 14 19 77 1939 747
1353 9 305 148 68 9 9 0 58 18 871 20 12 177 17 17 71 1936 750
1331 9 303 136 63 12 11 0 63 20 868 25 10 171 16 17 72 1941 748
1310 9 305 132 74 6 12 0 60 20 845 23 9 171 16 16 71 1944 750
1287 9 311 126 65 4 10 0 57 25 826 26 9 171 18 13 68 1949 746
1271 14 308 132 70 7 9 0 64 23 831 25 10 174 18 13 65 1934 761
1252 10 309 124 75 9 12 1 60 25 810 27 9 176 20 8 60 1935 765
1230 14 314 126 63 9 8 2 61 28 785 29 8 177 18 8 57 1939 764
1208 10 312 119 84 11 9 0 64 26 782 27 7 183 14 8 54 1939 768
1190 13 307 109 63 16 4 0 59 29 784 31 7 174 14 8 58 1924 784
1176 6 304 101 66 10 3 0 54 26 789 30 11 163 14 9 65 1934 774
1155 11 303 101 61 10 4 0 60 28 787 29 12 165 14 10 62 1927 781
1129 10 308 103 66 7 2 0 58 26 779 29 11 162 13 9 64 1910 802
1111 10 306 102 70 8 10 0 58 25 771 27 13 158 14 7 66 1895 820
1093 10 302 105 65 9 10 2 62 23 763 24 14 162 12 8 63 1920 797
1078 11 300 102 67 12 6 1 61 28 760 26 11 162 10 10 62 1918 801
1057 7 302 103 64 11 6 1 63 34 757 28 11 157 9 10 61 1907 817
1038 12 309 98 79 12 10 1 58 24 755 29 10 156 9 11 59 1916 810
1022 10 313 103 74 10 7 1 59 25 753 29 10 159 10 10 55 1924 803
1008 9 314 100 60 12 7 1 55 24 761 28 11 152 11 8 61 1923 806
999 8 312 98 67 8 4 0 61 22 745 30 11 150 10 7 59 1902 831
986 8 314 99 72 11 8 0 60 26 730 32 12 143 10 7 62 1896 838
974 10 310 89 62 12 6 0 60 30 732 31 11 143 10 7 61 1890 847
964 12 316 98 62 11 5 0 61 32 729 34 11 140 11 6 61 1881 856
944 13 317 96 66 9 8 0 48 30 720 30 13 143 12 6 57 1882 857
935 6 318 93 64 7 7 0 53 34 743 32 13 137 10 8 58 1884 858
926 13 323 91 65 7 7 0 56 36 745 29 15 142 11 7 52 1883 861
913 13 323 93 65 12 9 0 58 27 748 34 14 134 8 7 54 1887 862
897 9 319 88 68 12 12 0 65 31 727 37 13 130 9 6 54 1909 842
885 14 322 86 81 16 10 0 56 29 731 38 13 129 9 5 52 1919 835
873 14 322 87 62 11 6 0 62 31 733 39 11 135 11 4 46 1893 861
859 7 319 89 63 7 7 0 53 22 718 36 11 139 10 4 45 1879 876
844 12 318 90 69 9 8 0 66 26 702 36 15 129 9 5 49 1873 884
829 12 314 80 68 12 7 0 66 24 716 37 13 125 10 5 54 1846 910
824 7 315 82 79 10 4 0 57 26 710 39 12 126 9 6 51 1865 892
815 4 312 78 73 13 5 0 61 25 720 39 11 121 9 6 52 1861 901
800 7 315 80 60 10 5 0 57 20 712 36 12 122 9 6 52 1871 892
791 3 317 75 62 11 3 0 57 28 712 35 14 121 10 4 52 1876 888
779 12 316 71 62 13 6 0 55 26 706 33 14 125 11 3 49 1880 885
771 1090 1895 72 68 42 5 5 69 200 688 49 13 104 12 3 51 1861 907
758 1831 2660 73 61 52 8 29 55 200 687 54 16 97 15 3 44 1856 915
746 2073 2913 69 72 57 3 40 56 200 671 56 18 94 16 5 36 1886 889
739 2149 2994 68 65 52 5 45 56 200 664 68 18 77 17 7 36 1915 862
728 895 1738 69 63 54 5 43 59 200 641 76 16 68 20 8 31 1941 840
722 449 1287 66 68 48 10 38 56 200 653 79 19 62 22 10 25 1978 805
714 204 1028 66 59 48 10 24 60 200 648 82 15 59 23 10 23 2007 781
707 108 911 66 62 52 7 15 60 194 641 87 18 47 23 10 25 2011 779
694 1399 2220 68 72 36 4 21 66 200 639 79 19 47 29 9 26 2024 767
680 1899 2733 72 68 39 1 34 55 200 643 83 18 37 28 11 28 2043 752
667 2240 3088 68 71 41 5 48 56 200 640 80 19 36 30 13 26 2032 764
659 2241 3080 66 67 46 3 39 60 200 635 75 22 40 33 14 23 2009 784
653 926 1765 70 66 46 2 39 59 200 620 73 23 39 38 14 19 2027 767
642 417 1247 71 67 44 4 30 53 200 621 71 23 31 42 17 20 2006 790
631 190 1007 69 54 44 6 21 56 198 612 73 21 27 45 16 21 1996 801
618 85 894 67 68 41 3 17 58 196 612 70 19 29 46 17 18 2002 799
611 1407 2227 70 66 46 3 20 55 200 605 67 18 30 47 18 17 2006 797
602 2028 2862 69 58 44 8 34 61 200 608 70 18 22 49 18 18 1994 811
595 2231 3080 69 65 42 4 49 62 200 609 68 16 23 51 21 14 1989 818
592 2286 3132 67 56 38 5 46 59 200 612 63 18 20 47 25 14 2040 773
579 1006 1844 67 58 39 6 38 52 200 618 58 20 20 49 22 13 2046 772
572 470 1302 66 66 46 9 32 64 200 610 56 22 21 46 22 12 2063 758
567 221 1041 63 65 35 6 22 58 199 603 56 21 24 45 22 9 2070 753
562 122 931 61 64 35 2 17 54 196 611 53 20 22 52 21 10 2056 766
549 1404 2230 58 67 37 1 26 55 200 606 53 20 21 48 24 9 2050 775
544 1954 2793 57 58 39 7 39 57 200 587 54 18 21 50 25 8 2059 765
536 2174 3022 58 69 42 1 48 58 200 594 49 20 18 55 27 10 2085 736
528 2217 3063 58 64 51 3 46 55 200 604 45 19 20 57 28 8 2091 732
516 969 1809 61 66 42 4 40 49 200 604 47 19 20 61 25 6 2090 732
512 395 1225 57 58 37 6 30 64 200 604 47 19 16 67 23 6 2098 724
508 180 995 60 63 37 2 17 57 199 605 42 22 15 67 24 6 2081 743
505 85 887 60 67 43 2 14 51 194 600 41 20 16 68 25 5 2076 749
495 1343 2169 57 57 42 4 26 66 200 606 40 20 17 68 25 4 2070 756
490 1945 2784 56 53 54 9 39 55 200 607 38 21 15 64 28 5 2083 746
486 2172 3021 56 62 43 5 49 61 200 593 35 22 13 65 29 6 2096 734
482 2341 3192 52 72 39 4 51 58 200 588 31 23 16 67 27 4 2107 725
477 1026 1872 54 62 34 3 46 59 200 577 30 22 15 64 30 5 2115 719
468 475 1309 53 72 32 2 34 57 200 577 32 20 12 70 30 5 2103 728
464 205 1026 53 66 30 5 25 60 198 585 32 19 12 70 29 4 2066 768
458 105 916 52 66 32 1 17 62 197 588 31 20 12 68 32 4 2063 770
454 1392 2219 50 66 33 2 27 63 200 589 29 21 10 64 34 5 2051 786
447 1975 2807 51 68 46 4 32 57 200 579 28 21 14 64 35 2 2057 779
444 2145 2980 51 56 50 6 35 65 200 571 25 23 15 63 33 1 2059 781
439 2276 3119 50 62 53 2 43 58 200 572 27 19 15 63 33 1 2076 766
435 997 1835 49 62 46 4 38 52 200 562 30 15 10 70 35 3 2065 772
427 436 1269 48 63 44 1 35 58 199 559 26 16 13 76 30 2 2040 797
421 197 1026 45 64 37 4 29 64 200 547 27 13 12 72 33 3 2056 784
417 106 920 46 66 35 2 20 58 197 538 27 12 11 70 36 3 2044 797
412 1397 2223 47 68 42 3 26 62 200 526 22 13 14 70 37 2 2028 814
405 1820 2654 48 68 41 3 34 52 200 525 22 15 11 71 37 2 2048 794
400 2068 2911 48 63 46 6 43 58 200 518 21 16 9 74 34 3 2074 769
396 2277 3124 45 75 42 1 47 56 200 520 21 15 9 78 32 3 2105 737
390 1013 1855 44 72 45 4 42 51 200 517 22 14 8 80 31 4 2087 754
387 443 1272 46 58 45 3 29 58 200 519 24 12 7 82 32 4 2065 774
383 191 1016 46 69 41 5 27 57 199 510 23 13 8 88 27 1 2064 776
380 88 900 46 63 45 2 24 56 194 514 21 15 8 85 27 1 2060 783
374 1348 2176 43 64 39 1 28 60 200 516 23 13 8 85 27 1 2069 774
368 1950 2791 45 67 43 1 41 57 200 517 19 14 10 89 24 1 2060 783
365 2187 3040 43 56 39 1 53 69 200 509 19 13 9 90 23 1 2057 788
362 2301 3150 39 63 40 2 49 56 200 491 21 10 9 93 21 1 2077 768
360 982 1831 40 69 35 0 49 64 200 492 26 9 6 91 22 0 2076 770
353 435 1271 39 70 35 2 38 59 199 480 23 10 6 94 22 0 2085 760
351 200 1027 38 69 42 0 31 54 198 467 25 9 5 92 25 0 2093 751
349 100 911 40 69 40 3 23 59 194 475 22 8 7 91 27 0 2064 781
344 1391 2219 40 70 39 2 28 61 200 464 23 7 6 86 31 0 2063 784
340 1919 2753 40 68 37 1 34 58 200 466 23 8 5 81 37 0 2058 788
337 2170 3015 40 75 33 1 45 59 200 449 22 9 5 83 37 0 2047 797
336 2383 3225 39 71 29 4 42 61 200 448 21 7 4 85 40 1 2049 793
334 985 1829 40 66 34 3 44 55 200 444 19 7 4 87 38 3 2069 773
328 442 1279 40 71 31 4 37 55 200 441 20 6 4 82 41 3 2089 755
325 202 1031 39 54 36 2 33 61 198 434 19 6 5 80 40 2 2109 739
318 105 920 38 71 34 3 25 57 195 437 17 8 5 77 42 2 2107 742
312 1425 2249 39 66 34 1 24 58 200 436 13 9 5 78 42 2 2092 759
306 1961 2802 39 62 31 1 41 60 200 436 14 9 4 73 45 2 2089 764
304 2130 2973 40 63 36 1 43 62 200 444 15 8 5 76 44 1 2075 776
298 2302 3147 40 71 46 3 45 63 200 445 15 7 4 86 36 2 2054 796
294 1021 1869 39 70 41 2 48 59 200 453 15 7 4 86 34 2 2060 792
291 440 1279 40 70 34 4 39 61 200 455 14 7 3 84 37 2 2062 791
286 199 1017 38 74 42 8 22 55 198 455 15 5 3 86 36 2 2072 781
284 85 892 37 63 46 5 15 62 196 444 16 5 2 84 39 2 2088 764
279 60 830 36 63 40 2 10 62 180 447 15 5 3 88 37 1 2069 782
276 45 797 34 72 42 2 6 64 173 448 16 4 2 88 36 0 2057 797
272 35 779 34 67 40 2 4 59 171 435 14 5 2 83 37 0 2060 799
271 29 764 34 64 32 0 3 59 169 433 13 4 2 83 41 0 2035 822
271 29 747 34 71 28 0 2 57 160 430 14 4 1 93 34 0 2019 835
267 20 721 34 66 18 5 1 51 157 437 12 5 2 93 34 0 2006 848
264 22 711 33 68 29 0 3 62 146 430 11 5 3 93 34 0 1982 872
262 27 696 34 64 25 4 3 61 142 419 11 4 4 92 35 0 1962 892
259 16 688 33 66 29 2 2 62 143 423 11 4 4 89 36 0 1958 898
258 22 678 33 68 30 2 2 58 138 411 12 2 3 83 42 1 1963 894
253 13 669 34 56 22 3 2 54 138 410 11 3 3 83 40 1 1965 894
251 13 657 34 59 20 3 2 62 129 413 10 4 3 81 40 1 1991 870
247 23 652 34 57 24 1 1 59 126 415 10 4 2 79 41 2 1988 874
240 16 639 34 67 28 3 3 66 118 411 11 3 1 80 40 3 1968 894
237 20 628 34 63 22 3 2 63 116 411 10 4 2 77 41 2 1975 889
232 18 618 34 68 29 1 0 58 115 394 7 4 3 78 43 2 1986 877
227 19 611 34 58 22 2 0 54 107 390 7 4 2 76 44 3 1979 885
227 22 601 34 69 24 3 1 64 107 400 6 5 3 75 43 2 1971 895
223 19 595 34 67 27 2 0 60 108 395 7 4 3 74 45 2 1971 894
222 14 592 34 65 30 2 0 63 107 386 8 3 3 70 47 2 1963 904
220 11 581 34 59 19 0 0 55 101 380 6 4 4 72 44 2 1978 890
218 18 570 34 61 16 0 0 58 96 380 7 3 4 74 42 2 1979 889
217 17 565 34 54 18 1 0 58 93 391 10 0 4 70 44 2 1962 908
214 15 565 34 59 22 5 0 59 98 392 10 0 4 68 44 2 1957 915
213 18 554 34 59 21 3 0 60 93 384 11 1 4 67 44 0 1957 916
211 11 553 31 64 19 2 0 62 96 383 10 0 6 68 44 0 1967 905
207 11 539 32 67 18 2 0 56 83 387 11 0 5 70 42 0 1952 920
206 7 533 32 69 19 4 0 59 88 389 10 0 5 66 43 1 1958 917
205 12 530 32 66 18 1 0 64 85 386 9 0 5 69 41 1 1941 934
204 14 516 31 60 18 1 0 57 80 383 9 0 5 71 41 1 1956 917
201 16 510 32 62 22 1 0 61 79 388 7 1 4 67 44 2 1934 941
201 13 501 30 65 19 2 0 61 75 393 7 1 4 69 44 2 1946 927
200 14 498 32 67 17 4 0 59 78 395 6 1 4 70 45 2 1961 911
200 16 494 31 66 21 2 0 63 76 393 6 1 4 74 39 2 1974 900
198 15 494 32 48 18 1 1 61 76 397 5 3 3 71 40 2 1960 916
197 12 484 32 61 21 6 0 64 72 389 5 3 2 70 40 3 1955 922
196 18 478 32 63 19 4 0 59 70 397 6 2 2 71 39 3 1965 912
194 8 470 31 66 18 3 0 57 72 396 5 2 3 69 38 2 1960 921
194 17 460 32 66 14 2 1 59 63 398 5 2 3 74 35 2 1976 903
191 9 455 32 66 14 0 0 55 61 390 5 2 5 72 35 0 1977 904
191 13 449 29 64 15 2 0 59 60 387 4 2 5 66 41 0 1969 913
190 12 444 30 66 15 3 0 56 56 376 4 2 5 69 39 0 1968 913
187 12 438 29 76 16 1 0 60 54 377 6 1 4 71 37 0 1945 936
186 10 435 30 69 14 1 1 63 56 371 5 2 3 69 38 1 1948 934
186 9 432 29 59 17 0 1 64 58 364 5 2 3 67 38 1 1944 940
183 14 432 30 63 17 4 0 64 57 366 5 3 2 62 41 1 1936 950
177 11 431 30 63 15 3 0 64 54 381 5 3 2 62 42 1 1946 939
175 10 428 30 66 20 5 0 65 55 388 5 3 2 58 43 1 1938 950
174 7 427 30 56 19 2 0 59 57 383 4 4 2 62 41 1 1923 963
172 4 422 30 65 18 5 0 57 60 383 5 3 1 64 40 2 1913 972
172 13 416 30 69 21 6 1 61 51 393 6 2 2 61 42 1 1925 961
171 8 407 30 57 20 2 1 58 50 388 6 1 2 61 42 1 1929 958
170 8 398 30 58 17 3 0 61 43 381 5 1 2 63 41 1 1929 958
169 13 399 30 68 13 3 0 60 44 390 5 1 2 61 43 1 1939 948
167 5 399 30 61 13 1 0 58 49 386 4 2 2 62 43 1 1944 942
162 15 397 30 65 15 2 0 54 45 376 4 2 2 58 46 1 1932 955
161 13 401 30 68 17 2 0 64 45 382 4 2 2 60 44 0 1924 964
159 10 402 29 59 16 2 0 63 46 403 4 2 2 56 47 0 1933 956
156 10 402 30 67 19 2 0 52 41 392 4 2 2 56 49 0 1932 955
155 17 401 30 66 20 1 0 58 42 388 4 2 2 60 44 0 1942 946
154 10 398 30 61 21 4 0 57 42 387 4 1 3 61 43 0 1946 942
153 13 390 30 62 20 4 1 59 40 385 4 1 3 57 43 0 1969 923
149 19 376 28 68 19 4 1 57 36 387 4 1 2 55 44 1 1993 900
148 9 366 30 56 18 1 1 58 39 384 5 0 2 59 40 1 1985 908
148 11 371 30 64 18 3 0 62 39 381 5 0 3 59 40 0 1961 932
147 7 363 30 62 19 3 0 58 42 382 3 2 3 61 40 0 1988 903
145 15 363 30 67 11 3 0 63 38 390 4 1 3 64 36 0 1976 916
145 9 365 30 69 13 1 0 60 40 387 5 0 3 64 36 0 1980 912
143 10 368 30 67 12 0 0 60 36 379 5 0 3 60 40 0 1991 901
141 12 366 30 57 6 2 0 57 37 376 5 0 3 58 40 0 1980 914
141 9 369 30 65 7 4 0 50 39 387 5 0 3 61 35 0 1971 925
140 9 367 30 63 7 3 0 55 43 386 5 0 3 57 36 0 1972 927
136 8 370 27 67 10 3 0 63 40 380 5 0 3 55 37 0 1956 944
133 6 366 28 57 4 1 0 58 36 376 5 0 2 56 36 1 1947 953
133 7 355 28 65 6 0 0 56 36 374 5 0 3 53 38 0 1939 962
132 6 354 28 64 5 0 0 55 39 376 5 0 3 51 40 0 1945 956
130 6 358 28 67 9 0 0 61 42 374 5 0 3 54 38 0 1936 964
130 7 357 26 68 12 1 0 55 42 363 5 0 3 55 36 0 1947 954
128 13 361 25 62 10 2 0 51 40 361 5 0 3 58 36 0 1939 959
126 7 367 26 68 10 1 0 60 41 362 4 0 4 63 31 0 1934 964
125 5 367 25 67 13 2 0 58 41 357 4 0 4 65 26 0 1909 992
124 13 367 26 60 14 2 0 62 43 361 2 2 4 63 27 0 1890 1012
123 10 372 26 73 15 3 0 58 39 355 2 2 4 66 24 0 1891 1011
122 10 376 26 69 9 6 0 62 43 349 2 1 4 66 24 0 1908 995
119 11 375 26 69 9 2 0 53 38 350 2 1 4 65 25 0 1930 973
119 12 374 26 66 7 2 0 57 45 348 2 1 4 61 28 0 1926 978
118 14 378 26 61 9 1 0 63 45 353 1 2 4 58 30 0 1928 977
118 8 378 26 65 8 2 0 54 43 345 1 2 4 58 30 0 1941 964
117 12 379 26 60 7 1 1 50 43 343 1 2 4 54 33 0 1939 967
116 17 378 26 55 8 3 1 62 38 343 1 2 3 52 35 1 1913 993
116 10 383 26 69 7 3 1 60 41 341 1 2 3 52 36 1 1924 981
113 13 382 26 60 9 2 1 66 37 337 1 2 3 49 39 1 1911 994
112 11 382 25 61 11 2 1 57 42 332 0 2 4 51 37 1 1903 1002
111 5 384 26 72 14 3 1 58 43 339 0 2 4 54 34 1 1897 1008
111 7 384 26 72 9 0 1 54 43 338 0 2 3 58 31 2 1897 1007
110 13 383 26 59 12 1 0 61 40 333 1 2 3 57 31 1 1895 1010
109 9 381 26 57 8 4 0 61 42 331 1 2 3 57 29 1 1889 1018
109 13 383 26 67 10 2 0 56 43 333 1 2 3 57 28 1 1895 1013
108 5 385 26 60 7 1 0 59 42 337 0 2 4 54 31 1 1898 1010
106 10 383 26 65 10 3 1 60 40 342 1 1 4 51 33 1 1918 991
106 6 377 26 73 9 2 1 61 49 345 1 1 3 54 30 2 1917 992
106 6 372 26 62 11 3 0 60 38 345 1 1 3 57 27 2 1908 1001
106 9 370 26 60 9 4 1 59 45 350 1 1 3 54 29 2 1897 1013
106 10 372 25 61 12 1 0 64 38 353 1 1 3 53 31 2 1888 1021
106 11 370 26 57 12 2 1 58 36 353 1 0 3 54 32 2 1908 1000
106 8 373 25 60 10 3 1 66 39 360 1 0 3 53 33 2 1898 1010
105 7 370 26 74 13 2 1 48 38 363 1 0 4 51 34 1 1916 993
105 10 369 25 60 11 1 1 56 39 363 2 0 3 51 33 1 1899 1011
105 17 369 26 58 10 0 0 60 38 363 2 0 3 51 33 1 1876 1034
104 12 360 26 69 7 0 0 59 35 366 2 0 3 52 31 1 1895 1016
103 13 355 26 66 9 2 0 60 33 365 2 0 3 54 31 1 1899 1010
103 8 352 25 57 7 3 0 52 36 362 2 0 3 57 27 1 1883 1027
102 8 350 26 60 11 1 0 61 35 364 2 0 3 56 28 1 1890 1020
102 12 349 26 62 12 0 1 59 32 367 2 0 4 52 31 0 1886 1025
101 8 345 26 70 12 2 1 60 28 374 2 0 4 51 32 0 1889 1022
101 5 346 26 71 14 2 1 62 34 368 2 0 4 53 30 0 1878 1033
98 13 346 26 68 14 1 1 56 30 372 2 0 4 52 31 0 1878 1033
97 11 346 26 60 11 2 1 56 30 370 3 0 3 48 34 0 1882 1030
97 5 342 24 61 7 3 1 58 34 365 3 0 3 52 30 0 1886 1026
97 10 339 23 71 7 1 1 58 32 377 2 0 3 56 27 1 1900 1011
97 11 338 24 57 12 0 1 61 26 371 2 0 3 55 29 1 1893 1017
94 11 346 24 61 13 1 1 62 31 368 2 0 3 58 27 1 1893 1016
93 10 346 24 68 9 1 2 60 34 366 1 1 3 54 30 1 1907 1003
93 13 348 24 66 11 4 1 63 28 368 2 1 2 56 28 1 1893 1017
93 12 348 24 68 10 5 0 68 34 362 2 1 3 55 28 0 1898 1013
93 7 349 24 61 10 4 0 59 30 364 2 1 3 56 25 0 1898 1015
92 11 346 24 64 12 4 1 61 28 359 2 1 3 52 29 0 1905 1008
92 9 347 24 66 15 2 0 68 28 356 2 1 3 50 30 0 1926 988
92 13 345 24 64 19 2 0 51 32 358 2 1 3 48 32 0 1947 967
91 12 342 24 71 18 3 0 63 32 349 2 1 3 53 26 0 1946 969
90 10 342 24 64 13 1 0 65 31 352 1 1 4 53 26 0 1945 970
88 6 340 23 70 16 2 0 62 30 347 1 1 4 55 24 0 1929 986
87 7 339 24 71 13 1 0 61 31 336 1 1 4 54 25 0 1946 969
87 9 335 24 62 13 3 0 64 30 338 1 1 3 55 23 1 1927 989
86 9 331 23 60 14 1 0 65 29 336 1 1 3 53 23 1 1921 997
84 7 332 23 64 13 5 1 61 26 330 1 1 3 54 23 1 1913 1004
84 6 327 24 67 14 1 1 61 28 328 1 1 3 55 23 1 1914 1002
83 6 319 23 67 10 1 1 63 27 327 1 1 3 50 25 1 1924 995
82 8 316 24 56 7 1 0 64 22 322 1 1 3 52 23 1 1933 986
81 11 317 24 65 6 2 0 56 24 312 1 1 3 55 20 1 1934 985
81 14 320 24 55 8 1 0 62 25 316 1 1 3 53 21 1 1930 990
80 7 319 24 70 10 1 0 67 32 309 1 1 3 51 22 1 1931 990
80 16 322 24 67 11 1 0 61 28 311 1 1 3 50 22 1 1936 986
80 7 319 24 70 10 1 0 58 30 304 1 1 4 47 24 0 1950 973
80 9 317 23 73 15 0 0 62 24 307 1 1 4 50 20 0 1954 970
80 12 314 24 74 9 1 0 63 26 310 1 1 4 48 22 0 1962 962
79 9 315 24 64 6 1 0 50 26 312 1 1 4 43 26 0 1971 954
79 10 310 24 66 11 1 0 57 26 317 1 1 3 42 26 0 1961 966
78 8 312 24 67 10 2 0 58 26 317 1 1 3 42 25 0 1966 962
78 5 309 24 62 10 0 0 58 31 316 1 1 2 44 24 1 1949 978
78 13 311 23 66 10 1 0 61 28 320 1 1 2 46 22 1 1920 1007
77 10 308 24 51 8 2 0 57 30 325 1 1 2 46 21 1 1945 983
77 5 311 24 59 11 2 0 63 31 322 1 1 2 44 23 1 1939 989
77 5 315 24 75 9 2 0 59 29 329 1 1 2 47 20 1 1940 988
77 7 317 24 60 8 0 0 63 31 331 1 1 2 48 18 1 1933 996
77 9 321 24 56 13 1 0 53 32 327 1 1 1 50 17 2 1909 1019
76 10 318 24 67 15 3 0 60 29 323 1 1 1 47 20 1 1892 1037
76 4 312 24 66 11 1 0 63 31 334 1 1 1 44 23 1 1865 1064
76 6 306 24 63 8 1 0 68 32 332 1 1 1 41 25 1 1901 1029
76 3 311 24 61 9 1 0 65 32 323 2 0 1 44 22 1 1898 1032
76 14 310 23 63 6 2 0 63 26 319 2 0 1 45 22 1 1919 1010
76 10 308 24 69 8 3 0 49 28 319 2 0 2 45 22 0 1914 1015
76 5 309 23 64 8 2 0 59 27 307 2 0 2 41 25 0 1936 994
76 5 309 22 52 6 1 0 59 19 305 2 0 2 39 26 0 1923 1008
76 9 311 22 69 9 0 2 60 28 307 2 0 2 40 25 0 1924 1007
76 11 308 22 73 12 3 1 55 23 308 2 0 2 40 23 0 1908 1025
76 14 301 22 62 13 2 1 66 24 311 2 0 2 40 24 0 1908 1024
76 15 300 22 73 18 2 1 60 23 311 2 0 2 38 26 0 1927 1005
76 5 298 22 71 19 1 3 54 23 308 2 0 2 37 26 0 1930 1003
76 10 297 22 61 12 1 3 59 23 315 2 0 2 38 25 0 1939 994
75 10 297 22 67 13 1 1 62 22 316 2 0 2 36 26 0 1939 995
74 13 295 22 61 12 1 2 59 24 318 2 0 2 38 24 0 1911 1023
74 6 295 22 71 10 4 1 53 24 305 2 0 2 34 28 0 1912 1022
74 7 296 22 68 12 2 1 65 28 306 1 0 2 35 28 0 1889 1045
73 9 305 21 68 10 1 0 59 28 308 1 0 2 32 31 0 1917 1017
73 9 301 22 78 9 1 0 60 27 307 1 0 2 30 33 0 1905 1029
71 7 289 21 66 9 1 0 59 22 301 1 0 2 30 33 0 1905 1029
71 5 295 22 61 9 0 0 64 24 297 1 0 2 33 30 0 1898 1036
71 5 297 22 71 11 0 0 60 25 292 1 0 2 35 28 0 1893 1041
71 8 296 22 63 6 2 0 63 25 295 1 0 2 33 29 0 1868 1067
70 7 295 21 73 5 2 0 65 30 289 1 0 2 33 29 0 1887 1048
70 9 297 22 60 6 1 0 58 23 291 1 0 2 35 27 0 1888 1047
70 10 298 22 59 6 1 0 62 27 298 0 1 1 36 27 1 1869 1065
70 4 308 22 56 6 1 0 51 28 298 0 1 1 35 28 1 1856 1078
69 4 306 22 69 6 3 0 57 26 286 0 1 1 33 30 1 1880 1054
69 6 300 22 69 7 1 0 63 28 290 0 1 1 32 32 1 1878 1055
69 8 297 21 62 9 1 1 62 26 287 0 1 1 33 31 1 1879 1054
69 4 295 22 66 9 0 1 63 26 282 1 1 1 34 31 0 1875 1057
69 7 297 22 74 9 0 0 62 27 292 1 1 1 34 31 0 1893 1039
68 4 296 22 59 4 1 0 55 29 286 1 1 1 33 32 0 1878 1054
67 7 289 22 59 7 1 0 66 28 282 1 1 1 31 34 0 1862 1070
67 4 288 22 67 8 2 0 61 26 278 1 1 0 29 37 1 1892 1039
67 13 287 22 56 13 1 0 65 24 276 1 1 0 35 31 1 1910 1021
66 13 285 22 68 6 0 0 61 23 279 1 1 0 34 32 1 1910 1021
66 7 289 20 61 6 0 0 63 26 287 1 1 0 34 31 1 1893 1039
65 6 292 20 61 6 1 0 59 21 282 1 1 0 32 33 1 1885 1047
64 13 290 20 68 8 2 1 58 23 278 1 1 0 37 28 1 1887 1045
64 7 284 20 63 8 2 1 64 20 281 1 1 0 34 30 1 1905 1028
64 8 277 20 66 8 0 1 61 24 283 1 1 0 39 25 1 1912 1021
62 12 277 20 62 9 2 1 57 22 279 1 1 0 42 21 1 1903 1031
62 7 276 20 70 11 5 1 58 20 276 1 1 0 43 21 1 1908 1025
62 2 275 20 61 8 3 1 55 22 277 1 1 0 44 20 1 1906 1027
62 10 275 20 63 8 0 1 57 20 280 1 1 0 45 19 1 1897 1036
62 4 274 20 56 8 2 0 64 24 280 1 1 0 46 18 1 1890 1043
62 5 276 20 70 8 1 1 61 26 271 1 1 0 43 21 1 1909 1024
62 8 271 20 73 10 0 1 54 17 264 1 1 0 40 21 1 1893 1043
62 7 274 20 58 6 0 1 60 21 269 1 1 0 40 21 1 1898 1038
61 6 279 20 56 8 0 1 56 20 273 2 0 0 43 17 1 1888 1049
61 8 280 20 64 9 4 2 55 22 281 2 0 0 40 17 1 1894 1046
61 9 281 20 75 7 0 0 56 23 277 2 0 1 41 15 0 1914 1027
61 10 282 20 57 6 0 0 60 19 271 2 0 0 39 17 1 1886 1055
61 10 284 20 69 9 2 0 62 22 272 2 0 1 36 17 0 1907 1037
61 10 290 20 59 8 2 0 61 20 275 2 0 1 36 16 0 1891 1054
60 7 287 20 56 9 1 0 55 22 271 2 0 1 35 17 0 1889 1056
60 11 285 20 65 6 1 0 52 20 268 2 0 1 38 14 0 1875 1070
60 7 285 20 63 11 1 0 61 21 271 2 0 1 33 19 0 1877 1068
59 5 281 20 53 10 4 0 59 22 275 2 0 1 34 18 0 1888 1057
58 11 287 20 64 8 1 0 61 23 279 1 0 1 35 17 0 1909 1037
58 11 289 19 62 11 2 0 60 21 276 1 0 1 33 19 0 1906 1040
58 5 289 20 68 6 0 0 66 25 276 1 0 1 34 17 0 1909 1038
58 7 287 20 64 3 0 0 60 22 277 1 0 1 35 16 0 1913 1034
58 14 288 20 68 5 2 0 62 19 276 1 0 1 37 14 0 1909 1038
57 6 282 20 65 6 3 0 58 28 266 1 0 1 36 15 0 1931 1016
57 6 280 19 66 8 2 0 60 29 274 0 1 1 36 15 0 1934 1013
57 9 281 20 60 7 1 0 56 20 274 0 1 1 33 19 0 1963 983
57 6 288 20 77 9 0 0 59 19 276 0 1 1 33 19 0 1968 978
55 6 292 20 69 7 0 0 55 23 270 0 1 1 33 18 0 1968 979
54 6 294 20 70 10 3 0 52 21 267 0 1 1 34 16 0 1959 989
54 8 290 20 71 7 0 0 58 24 268 0 1 1 33 15 0 1984 966
54 4 292 20 70 7 0 0 57 23 271 0 1 1 32 15 0 1977 974
54 5 289 20 60 7 1 0 60 23 284 0 1 1 32 15 0 1977 974
54 7 285 20 63 9 2 0 60 25 276 0 1 1 31 17 0 1975 975
54 9 291 20 64 12 3 0 53 23 271 0 1 1 31 17 0 1960 990
54 12 294 20 56 7 1 0 62 22 269 0 1 1 30 18 0 1949 1001
54 9 291 20 71 8 1 0 58 22 270 0 1 0 34 14 1 1949 1001
54 8 298 20 68 7 1 0 63 18 271 0 1 0 35 13 1 1969 981
54 10 302 19 60 7 0 0 58 24 268 0 1 0 34 14 1 1947 1003
54 9 299 20 72 9 0 0 60 15 265 0 1 0 35 13 1 1945 1005
54 9 303 20 63 9 0 0 64 25 268 0 1 0 35 14 1 1943 1006
54 10 294 20 69 10 2 0 51 21 265 0 1 0 35 15 1 1957 991
54 6 287 20 58 10 0 1 50 27 256 0 1 0 34 15 1 1951 998
54 15 288 20 65 12 1 1 64 24 248 0 1 0 36 13 1 1943 1006
54 6 294 20 69 10 2 2 65 25 251 0 1 0 36 12 1 1954 996
54 12 296 20 67 11 3 2 62 28 256 0 1 0 35 13 1 1936 1014
54 9 296 20 54 7 0 1 58 27 256 0 1 0 33 15 1 1912 1038
54 5 297 20 57 8 4 0 55 26 260 0 1 0 32 16 1 1905 1045
54 5 289 20 57 7 2 0 55 30 252 0 1 0 31 17 1 1913 1037
53 8 288 20 68 10 1 0 57 25 254 0 1 0 31 17 1 1910 1040
53 5 287 20 65 17 3 0 60 24 251 0 1 0 32 16 1 1910 1040
53 9 289 20 65 11 2 0 59 24 255 0 1 1 33 15 0 1960 990
53 8 286 19 70 10 2 0 58 26 257 0 1 1 34 14 0 1957 993
53 5 283 20 59 8 1 0 62 25 255 0 1 1 35 13 0 1957 993
53 11 279 20 62 7 2 0 58 20 259 0 1 1 38 10 0 1955 995
53 5 277 20 60 5 1 0 62 23 261 0 1 1 38 10 0 1941 1009
52 6 273 20 69 5 3 1 60 25 266 0 1 1 35 13 0 1941 1009
52 11 274 19 72 7 1 1 63 28 266 0 1 1 33 14 0 1943 1008
51 9 269 20 64 14 0 0 67 27 265 0 1 1 31 15 0 1945 1007
51 6 266 20 63 13 0 0 62 26 273 0 1 1 31 17 0 1932 1018
51 10 268 20 64 10 0 0 61 22 263 0 1 1 31 15 0 1927 1025
50 3 270 20 77 10 0 1 61 26 273 0 1 1 31 16 0 1914 1037
50 11 268 20 58 5 0 1 51 23 266 0 1 1 32 15 0 1907 1044
50 10 267 20 62 7 0 1 64 26 261 0 1 0 31 17 1 1913 1037
49 14 270 20 64 5 1 2 57 23 261 1 0 0 31 17 1 1902 1048
49 7 269 20 60 6 2 2 57 21 260 1 0 0 31 16 1 1900 1051
49 10 270 20 69 8 1 2 58 19 259 1 0 0 29 17 1 1895 1057
49 5 273 20 55 6 2 0 56 21 259 1 0 0 29 18 1 1902 1049
49 7 275 19 65 7 1 0 55 19 255 1 0 0 30 17 1 1888 1063
49 5 279 20 71 6 1 0 64 22 251 1 0 0 31 16 1 1886 1065
49 9 279 20 61 6 1 0 65 21 257 1 0 0 32 15 1 1882 1069
49 12 278 20 56 8 2 0 59 16 269 1 0 0 32 15 1 1879 1072
49 11 275 20 65 10 1 0 52 21 267 1 0 0 29 17 1 1889 1063
49 7 273 19 55 5 2 0 54 20 265 1 0 0 29 18 1 1887 1064
49 5 269 20 73 7 1 0 57 22 269 1 0 0 32 16 1 1894 1056
49 7 267 20 58 10 4 0 62 22 274 1 0 0 34 14 1 1919 1031
49 4 269 20 63 7 3 1 60 16 272 1 0 0 33 15 1 1892 1058
49 8 272 20 63 8 2 0 63 18 261 1 0 0 32 16 1 1896 1054
49 5 271 20 79 8 2 0 58 18 262 1 0 0 32 16 1 1896 1054
49 8 272 20 56 5 2 0 56 18 256 1 0 0 34 15 1 1902 1047
49 10 272 19 59 7 1 0 61 12 263 1 0 0 32 16 1 1910 1040
49 6 270 19 53 7 1 0 58 10 269 1 0 0 32 16 1 1913 1037
49 5 269 20 61 8 1 0 59 13 274 1 0 0 30 18 1 1897 1053
49 8 266 19 63 7 0 0 63 16 269 1 0 0 28 19 1 1901 1050
49 5 269 20 72 6 2 0 59 22 264 1 0 0 30 17 1 1927 1024
49 13 267 20 50 7 2 0 55 17 263 1 0 0 27 20 1 1915 1036
49 5 261 20 65 9 0 0 61 18 266 1 0 0 28 19 1 1915 1036
49 5 264 20 72 8 3 1 60 20 269 1 0 0 28 20 1 1937 1013
49 4 268 20 61 5 3 0 66 19 254 1 0 0 28 21 1 1932 1017
48 9 257 20 58 6 2 0 63 16 257 1 0 0 29 20 1 1923 1026
48 10 258 19 58 8 3 0 63 16 267 1 0 0 27 22 1 1926 1023
48 7 257 20 67 8 1 0 62 18 270 1 0 0 28 21 1 1920 1029
48 5 257 20 73 8 0 0 57 16 269 1 0 0 30 21 1 1897 1050
48 11 265 20 69 7 3 0 54 20 260 1 0 0 29 22 1 1881 1066
48 8 270 19 59 4 3 0 49 19 275 1 0 0 31 19 1 1908 1040
48 9 275 20 67 6 2 0 67 22 265 1 0 0 31 19 1 1919 1029
48 7 275 20 57 5 3 0 62 17 262 1 0 0 29 19 1 1924 1026
48 7 280 20 73 3 0 1 64 20 266 1 0 0 27 21 1 1923 1027
48 5 279 19 71 10 2 0 55 20 268 1 0 0 28 20 1 1916 1034
48 6 282 19 63 9 2 0 62 22 274 1 0 0 28 19 1 1927 1024
48 8 284 18 68 11 2 0 64 21 274 1 0 0 26 20 1 1932 1020
48 7 279 18 62 8 2 0 59 18 272 1 0 0 23 21 1 1952 1002
48 14 278 17 68 7 0 0 58 20 268 1 0 0 22 22 1 1951 1003
47 10 285 18 66 8 3 1 55 22 260 1 0 0 22 22 1 1950 1004
47 8 283 18 75 10 3 1 57 20 257 1 0 0 22 22 1 1971 983
47 5 283 18 63 8 2 0 61 22 260 1 0 0 22 23 1 1962 991
46 15 279 18 61 11 1 0 61 21 260 1 0 0 21 24 1 1988 965
46 10 282 18 67 13 0 0 55 23 258 1 0 0 22 23 1 1985 968
46 5 279 18 66 13 0 0 67 21 254 1 0 0 21 24 1 1978 975
46 10 282 18 65 11 0 0 58 20 259 1 0 0 19 25 1 1983 971
46 7 283 18 73 9 0 0 66 21 257 1 0 0 19 25 1 2005 949
46 7 277 18 64 10 0 0 66 24 255 1 0 0 20 24 1 2007 947
46 8 276 18 72 8 1 0 63 24 255 1 0 1 23 21 0 2019 935
46 6 280 18 68 8 3 0 54 25 255 1 0 1 26 18 0 2020 934
46 5 278 18 63 6 2 1 57 23 250 1 0 1 29 15 0 2014 940
46 12 273 18 72 8 1 1 62 19 243 1 0 1 29 16 0 2009 944
46 11 274 18 65 9 2 1 56 29 249 1 0 1 30 15 0 2012 941
46 6 281 18 63 4 2 1 61 26 248 1 0 1 30 14 0 1997 957
46 3 284 18 82 4 1 1 66 29 246 1 0 1 30 14 0 2003 951
46 13 282 18 62 7 1 3 55 25 249 1 0 1 29 14 0 1991 964
46 8 284 18 58 9 1 2 58 23 246 1 0 1 28 14 0 2005 951
46 7 285 18 69 8 1 2 67 25 240 1 0 1 29 14 0 2004 951
46 5 286 18 67 8 0 1 57 23 233 1 0 1 30 12 0 1998 958
46 4 285 18 68 10 0 1 59 21 231 1 0 1 28 13 0 1986 971
45 9 285 18 72 7 0 0 61 24 234 1 0 1 27 14 0 2001 956
45 15 290 18 68 4 4 1 60 23 238 1 0 1 26 15 0 2024 933
45 8 292 17 60 4 4 0 63 27 232 1 0 1 25 17 0 2022 934
45 7 297 17 64 5 3 0 57 22 238 1 0 1 25 17 0 2036 920
45 6 300 18 65 6 1 0 59 22 245 1 0 1 25 16 0 2038 919
44 7 299 18 61 5 2 0 63 21 250 1 0 1 27 15 0 2006 950
44 11 297 18 73 4 3 0 62 25 251 1 0 1 26 16 0 2007 949
43 13 303 18 57 4 4 0 59 23 248 1 0 1 25 16 0 2002 955
43 7 301 18 58 2 0 0 60 23 245 1 0 1 24 17 0 1974 983
43 6 300 18 66 4 3 0 61 27 245 1 0 1 23 17 0 1954 1004
43 12 304 18 67 5 0 0 60 24 251 1 0 1 23 16 0 1965 994
43 10 311 18 65 5 0 1 61 29 246 1 0 1 24 15 0 1965 994
43 10 310 18 55 7 1 0 61 27 243 1 0 1 25 14 0 1979 980
43 9 311 18 57 9 0 0 60 26 241 1 0 1 24 14 0 1979 981
43 8 308 17 66 8 0 0 58 28 242 1 0 1 23 14 0 1967 994
43 6 310 18 58 12 1 0 60 28 248 1 0 1 23 14 0 1948 1013
43 10 310 18 67 9 0 0 55 28 238 1 0 1 24 14 0 1956 1004
43 10 308 18 62 8 0 0 58 28 235 1 0 1 24 13 0 1940 1021
42 8 313 18 67 7 2 1 54 29 233 1 0 1 24 13 0 1922 1039
42 0 312 18 64 6 1 2 63 30 227 1 0 1 22 15 0 1935 1026
41 11 321 18 61 9 0 0 55 38 224 1 0 1 26 11 0 1941 1020
41 8 320 17 57 11 0 0 58 33 230 1 0 1 25 12 0 1928 1033
41 8 318 18 63 11 0 0 59 31 229 1 0 1 23 14 0 1943 1018
40 12 324 17 59 12 0 0 65 28 226 0 1 1 23 14 0 1940 1021
40 6 322 18 61 8 1 0 57 28 227 0 1 1 24 14 0 1935 1025
40 7 317 18 59 6 1 0 66 30 229 0 1 1 24 15 0 1938 1021
40 8 316 18 68 4 1 0 59 30 240 0 1 1 25 14 0 1926 1033
40 7 321 18 65 6 3 0 63 31 247 0 1 1 28 12 0 1914 1044
40 9 319 17 58 7 2 0 63 31 246 0 1 1 25 15 0 1907 1051
40 10 320 18 75 4 1 0 54 34 250 0 1 1 27 14 0 1923 1034
40 14 322 17 66 6 0 0 59 32 248 0 1 0 29 13 1 1920 1036
40 7 319 18 65 7 2 0 64 31 250 0 1 0 30 12 1 1933 1023
40 8 320 17 68 5 0 0 59 36 251 0 1 0 28 15 1 1925 1030
40 16 316 18 58 7 0 0 60 29 251 0 1 0 27 16 1 1927 1028
40 8 316 18 69 9 0 0 58 34 252 0 1 0 29 15 1 1935 1019
39 7 311 18 67 5 1 0 59 34 257 0 1 0 29 15 1 1934 1020
39 10 312 18 61 5 3 0 56 33 261 0 1 0 28 16 1 1948 1006
39 9 313 18 71 9 1 0 60 30 255 0 1 0 31 14 1 1944 1009
38 6 310 18 60 6 3 0 61 28 259 0 1 0 33 12 1 1932 1021
38 5 313 18 66 9 0 0 64 32 257 0 1 0 32 13 1 1943 1010
38 8 312 17 62 14 0 0 51 27 252 0 1 0 29 16 1 1927 1026
38 6 310 18 57 15 1 0 59 28 258 0 0 0 29 17 1 1938 1015
38 9 307 18 63 10 2 0 61 24 257 0 0 0 32 15 1 1940 1012
38 10 309 18 55 7 0 1 66 25 247 0 0 0 34 13 1 1928 1024
38 6 312 18 62 4 0 0 64 34 247 0 0 0 35 12 1 1931 1021
38 9 311 18 61 3 1 0 51 32 248 0 0 1 34 13 0 1924 1028
38 3 314 18 69 4 2 1 62 39 243 0 0 1 36 11 0 1940 1012
38 12 319 18 65 9 0 1 59 31 243 0 0 1 37 9 0 1926 1027
38 8 323 18 60 10 0 1 59 38 246 0 0 1 37 10 0 1937 1015
38 7 327 18 64 9 0 0 51 32 249 0 0 1 35 12 0 1919 1033
38 7 323 18 70 7 1 0 57 27 248 0 0 1 34 12 0 1918 1035
38 9 321 18 67 11 0 0 56 30 254 0 0 1 33 13 0 1934 1019
38 8 316 18 71 9 1 0 61 33 250 0 0 1 32 14 0 1944 1009
38 8 320 18 67 10 1 0 53 35 263 0 0 1 33 13 0 1938 1015
38 10 318 18 61 10 1 0 58 29 262 0 0 1 30 15 0 1947 1007
38 9 323 18 62 10 3 0 61 35 260 0 0 1 27 18 0 1976 978
38 9 330 18 65 9 2 1 63 37 255 0 0 0 25 20 1 1982 972
38 14 334 18 75 7 2 0 64 31 255 0 0 0 26 19 1 1966 988
38 9 333 18 69 8 1 0 61 37 256 0 0 0 28 18 1 1979 974
38 5 335 18 62 11 3 0 64 30 262 0 0 0 28 20 1 1980 971
38 8 334 17 57 8 3 0 63 34 265 0 0 0 30 18 1 1969 982
38 12 333 18 57 7 3 1 61 29 265 0 0 0 29 19 1 1932 1019
38 9 341 17 66 7 2 0 54 31 266 0 0 0 30 19 1 1929 1021
38 4 336 17 64 4 1 0 67 37 270 0 0 0 32 18 1 1910 1039
38 10 334 18 60 5 2 0 61 31 269 0 0 0 33 17 1 1912 1037
38 10 332 18 69 6 1 0 66 30 270 0 0 0 31 18 1 1927 1023
38 7 329 18 58 9 2 0 61 25 270 0 0 0 32 17 1 1913 1037
38 7 331 17 63 9 1 0 60 27 274 0 0 0 32 17 1 1932 1018
38 9 329 18 72 7 1 0 59 27 275 0 0 1 33 17 0 1925 1024
38 9 326 18 60 4 0 1 55 29 270 0 0 1 33 17 0 1914 1035
38 7 321 17 56 8 0 0 62 23 277 0 0 1 30 19 0 1907 1043
38 10 320 18 64 9 1 0 57 28 270 0 0 1 29 20 0 1907 1043
38 18 312 18 69 8 2 0 61 23 272 0 0 1 30 20 0 1894 1055
38 7 313 18 61 9 1 0 62 23 270 0 0 1 33 17 0 1890 1059
38 16 312 18 50 7 3 0 57 27 266 0 0 0 32 18 1 1885 1064
38 8 314 18 65 15 1 0 59 27 264 0 0 0 34 16 1 1882 1067
38 19 319 18 57 13 1 0 62 27 269 0 0 0 34 15 1 1867 1083
38 7 323 18 67 13 1 0 61 25 269 0 0 0 32 16 1 1870 1081
38 8 325 18 57 11 1 1 60 30 260 0 0 0 33 15 1 1868 1083
38 12 324 18 62 14 2 0 62 29 257 0 0 0 33 16 1 1864 1086
38 13 323 18 65 12 0 0 53 25 258 0 0 0 33 16 1 1899 1051
38 8 318 18 69 6 2 0 60 27 253 0 0 0 34 18 1 1922 1025
38 5 321 18 56 6 1 0 67 27 250 0 0 0 33 19 1 1916 1031
38 5 323 18 77 11 3 0 55 26 248 0 0 0 31 21 1 1924 1023
37 14 318 18 53 10 1 0 58 31 250 0 0 0 31 20 1 1932 1016
37 16 318 18 63 9 0 0 62 32 253 0 0 0 31 20 1 1934 1014
37 17 313 17 65 9 0 0 57 27 255 0 0 0 31 20 1 1955 993
37 5 313 18 64 9 1 0 56 27 253 0 0 0 30 20 0 1953 997
37 8 313 18 59 8 3 1 61 23 258 0 0 0 33 18 0 1956 993
37 12 318 18 60 7 0 2 61 31 261 0 0 0 34 18 0 1946 1002
37 14 309 18 70 4 3 1 63 22 261 0 0 0 36 16 0 1919 1029
37 7 307 18 56 5 2 0 56 25 259 0 0 0 35 17 0 1909 1039
37 9 307 18 55 3 0 0 54 25 261 0 0 0 36 16 0 1923 1025
37 5 307 18 75 4 3 0 65 25 268 0 0 0 34 17 0 1903 1046
37 4 301 18 65 5 0 1 59 32 269 0 0 0 31 19 0 1901 1049
37 11 295 18 66 4 0 0 61 24 271 0 0 0 32 20 0 1908 1040
37 14 304 18 59 7 2 0 62 23 270 0 0 0 34 18 0 1901 1047
37 8 306 18 57 4 1 0 54 25 274 0 0 0 32 20 0 1920 1028
37 9 307 18 50 5 2 0 59 26 275 0 0 0 29 22 0 1915 1034
37 12 312 18 56 6 2 0 57 29 268 0 0 0 30 21 0 1905 1044
37 5 311 18 67 7 1 0 59 30 267 0 0 0 32 20 0 1936 1012
37 8 310 18 68 5 1 0 55 31 260 0 0 0 31 21 0 1923 1025
37 6 306 16 62 9 0 0 55 32 261 0 0 0 34 18 0 1929 1019
37 7 303 16 66 10 1 0 60 26 254 0 0 0 36 17 0 1920 1027
37 6 298 16 62 9 0 0 57 22 255 0 0 0 31 21 0 1934 1014
36 4 304 16 58 5 1 0 61 26 252 0 0 0 34 19 0 1925 1022
36 9 309 16 67 9 1 0 66 25 252 0 0 0 34 18 0 1936 1012
36 8 312 16 65 20 0 0 62 28 253 0 0 0 32 20 0 1922 1026
36 11 311 16 66 17 2 0 54 32 252 0 0 0 33 19 0 1917 1031
36 10 314 16 65 12 3 0 59 28 245 0 0 0 31 21 0 1935 1013
36 9 322 16 53 8 3 1 59 33 245 0 0 0 35 17 0 1962 986
36 8 317 16 66 9 1 1 69 33 235 0 0 0 37 16 0 1941 1006
36 6 318 15 62 9 0 0 64 32 233 0 0 0 38 16 0 1908 1038
35 6 320 16 56 11 2 0 59 30 231 0 0 0 35 19 0 1918 1028
35 5 325 16 70 11 1 0 64 25 236 0 0 0 35 19 0 1927 1019
35 10 324 16 66 7 0 0 60 28 236 0 0 0 36 19 0 1921 1024
35 5 323 16 67 9 2 0 61 27 237 0 0 0 36 18 0 1937 1009
35 9 317 16 73 12 0 0 61 27 241 0 0 0 36 17 0 1942 1005
35 13 318 16 69 10 3 1 59 29 240 0 0 0 35 18 0 1926 1021
35 7 322 16 64 9 2 1 59 34 243 0 0 0 37 16 0 1941 1006
35 9 318 16 60 11 0 1 62 27 252 0 0 0 37 17 0 1934 1012
35 7 314 16 64 12 0 1 66 23 249 0 0 0 37 17 0 1933 1013
35 7 316 16 72 12 0 1 61 29 254 0 0 0 35 18 0 1926 1021
35 8 315 16 61 16 2 1 63 27 255 0 0 0 35 17 0 1924 1024
35 9 315 15 66 9 2 0 58 23 252 0 0 0 34 18 0 1906 1042
35 8 316 15 57 6 1 0 51 27 254 0 0 0 34 18 0 1910 1038
35 11 323 16 53 9 0 0 62 31 254 0 0 0 34 18 0 1900 1048
35 3 313 16 58 6 0 0 67 29 250 0 0 0 34 18 0 1893 1055
35 4 312 16 62 8 0 0 67 27 248 0 0 0 38 14 0 1898 1050
35 8 312 16 59 8 0 0 54 26 245 0 0 0 34 17 0 1897 1052
35 10 310 16 48 6 0 0 54 23 250 0 0 0 37 15 0 1905 1043
35 9 305 16 59 5 2 2 56 24 251 0 0 0 37 15 0 1920 1028
35 7 302 16 72 4 0 1 60 28 247 0 0 0 38 14 0 1916 1032
35 7 300 16 64 6 0 1 59 28 239 0 0 0 36 16 0 1912 1036
35 11 297 14 69 7 2 0 53 23 230 0 0 0 36 16 0 1916 1032
35 6 304 14 64 5 1 0 57 28 229 0 0 0 35 17 0 1931 1017
35 7 299 14 68 8 1 0 51 25 240 0 0 0 37 15 0 1918 1030
35 9 297 14 69 5 0 0 58 25 235 0 0 0 39 13 0 1927 1021
35 3 291 14 60 5 1 0 56 22 236 0 0 0 38 13 0 1923 1026
35 6 292 14 72 5 1 0 56 26 233 0 0 0 35 15 0 1914 1036
35 7 297 14 72 4 0 0 64 26 240 0 0 0 33 16 0 1918 1033
34 6 306 14 65 4 1 0 61 30 239 0 0 0 37 14 0 1907 1042
34 9 309 14 64 4 2 0 59 29 236 0 0 0 36 15 0 1887 1062
32 13 317 14 62 4 2 0 64 28 238 0 0 0 38 15 0 1888 1059
32 12 324 14 64 10 1 0 52 29 242 0 0 0 42 11 0 1883 1064
32 7 321 14 62 6 2 0 61 34 235 0 0 0 39 12 0 1876 1073
32 10 320 14 63 7 1 0 55 23 236 0 0 0 40 12 0 1875 1073
32 12 324 14 69 10 2 0 54 31 233 0 0 0 38 14 0 1845 1103
32 7 335 14 66 12 0 0 65 35 230 0 0 0 38 14 0 1853 1095
32 7 333 14 73 12 2 0 64 23 238 0 0 0 38 14 0 1859 1089
32 9 331 14 59 7 1 0 60 33 240 0 0 0 36 16 0 1853 1095
32 5 333 14 60 8 2 0 60 31 236 0 0 0 36 16 0 1862 1086
32 9 339 14 78 11 0 0 58 28 235 0 0 0 33 19 0 1873 1075
32 13 343 14 62 16 1 0 60 30 235 0 0 0 30 22 0 1884 1064
31 14 348 14 60 17 0 0 59 30 224 0 0 0 30 22 0 1913 1035
31 7 346 14 69 21 3 1 61 34 215 0 0 0 29 23 0 1931 1017
31 5 342 14 72 18 0 1 52 32 208 0 0 0 31 20 0 1910 1039
31 9 339 14 70 16 0 0 57 32 212 0 0 0 34 17 0 1920 1029
31 10 342 14 71 14 2 0 61 34 209 0 0 0 36 15 0 1918 1031
31 9 343 14 64 12 2 0 65 31 205 0 0 0 38 13 0 1920 1029
31 7 339 14 62 12 3 0 62 33 202 0 0 0 39 13 0 1901 1047
31 18 336 14 58 11 0 0 64 29 196 0 0 0 39 13 0 1907 1041
31 4 338 14 68 11 0 0 62 32 195 0 0 0 39 13 0 1911 1037
31 15 339 14 74 9 0 0 64 29 198 0 0 0 39 13 0 1914 1034
31 8 332 14 58 7 0 0 59 33 199 0 0 0 39 12 0 1917 1032
31 5 332 14 69 4 1 1 68 33 209 0 0 0 38 13 0 1895 1054
31 16 325 14 68 12 0 1 58 24 207 0 0 0 37 13 0 1920 1030
31 5 325 14 55 9 1 0 61 30 207 0 0 0 35 15 0 1906 1044
31 7 328 14 70 11 1 1 61 27 211 0 0 0 36 15 0 1937 1012
31 5 332 14 59 6 3 1 57 26 206 0 0 0 37 15 0 1928 1020
30 10 331 14 71 6 0 1 56 29 211 0 0 0 38 14 0 1931 1017
30 18 327 14 53 4 0 1 58 34 212 0 0 0 36 16 0 1938 1010
30 11 326 14 66 7 0 1 59 29 215 0 0 0 36 16 0 1924 1024
30 14 325 14 62 6 0 1 61 31 209 0 0 0 38 14 0 1915 1033
30 4 329 14 63 11 0 1 60 35 217 0 0 0 35 16 0 1930 1019
30 5 328 14 66 12 0 1 65 31 219 0 0 0 35 15 0 1922 1028
30 16 334 14 66 8 0 0 57 31 220 0 0 0 34 16 0 1919 1031
30 10 332 14 56 9 1 0 58 35 220 0 0 0 31 19 0 1922 1028
30 4 332 14 69 15 0 0 66 36 217 0 0 0 32 18 0 1901 1049
30 8 328 14 67 9 3 0 66 35 218 0 0 0 33 16 0 1899 1052
30 7 329 14 65 8 1 0 65 32 214 0 0 0 36 15 0 1892 1057
30 6 326 14 66 7 1 0 65 34 215 0 0 0 36 15 0 1904 1045
30 10 325 14 65 3 0 1 55 30 208 0 0 0 34 18 0 1910 1038
30 9 321 14 61 6 0 0 61 32 206 0 0 0 31 22 0 1920 1027
30 8 324 14 70 11 1 0 50 33 208 0 0 0 31 22 0 1920 1027
30 6 328 14 52 15 0 0 58 30 206 0 0 0 32 21 0 1911 1036
30 8 332 14 64 17 0 0 64 31 199 0 0 0 31 22 0 1945 1002
30 7 337 14 56 16 0 0 64 29 194 0 0 0 34 20 0 1955 991
30 5 331 14 61 11 1 0 61 30 198 0 0 0 32 21 0 1961 986
30 7 325 14 67 8 0 0 56 31 202 0 0 0 31 22 0 1967 980
30 4 326 14 57 9 0 0 62 33 204 0 0 0 33 20 0 1982 965
30 12 322 14 63 9 1 0 58 32 197 0 0 0 29 23 0 1985 963
30 14 328 14 62 7 0 0 56 29 202 0 0 0 31 22 0 1963 984
30 3 328 14 62 5 0 1 62 26 200 0 0 0 32 21 0 1937 1010
30 7 326 14 60 11 3 1 61 36 203 0 0 0 35 19 0 1938 1008
30 10 328 14 62 12 4 0 57 28 208 0 0 0 33 20 0 1961 986
30 11 329 14 67 13 2 0 61 30 211 0 0 0 36 17 0 1955 992
30 11 325 14 63 13 2 0 57 31 216 0 0 0 38 15 0 1961 986
30 6 328 14 57 11 0 0 56 31 214 0 0 0 38 15 0 1947 1000
30 9 329 14 54 11 0 0 68 30 214 0 0 0 35 18 0 1939 1008
30 8 330 14 64 9 0 0 62 23 214 0 0 0 33 20 0 1941 1006
30 3 328 14 70 12 0 1 56 28 208 0 0 0 34 19 0 1939 1008
30 9 325 14 70 13 1 2 68 23 210 0 0 0 35 18 0 1925 1022
30 11 324 13 67 15 1 1 58 28 212 0 0 0 37 16 0 1923 1024
29 8 328 14 65 14 1 0 61 28 216 0 0 0 35 17 0 1931 1017
29 9 327 14 61 16 1 0 59 29 219 0 0 0 35 17 0 1943 1005
29 6 326 13 63 14 0 0 59 26 218 0 0 0 34 16 0 1940 1010
29 15 331 14 63 16 2 0 63 29 224 0 0 0 32 16 0 1944 1008
29 5 333 14 68 14 0 0 56 29 225 0 0 0 33 15 0 1936 1016
29 6 330 14 68 13 1 0 67 28 224 0 0 0 35 13 0 1951 1001
29 5 327 14 61 10 2 0 59 28 233 0 0 0 34 13 0 1948 1005
29 6 324 14 66 13 0 0 61 30 232 0 0 0 33 14 0 1948 1005
29 10 330 13 69 11 2 0 59 30 232 0 0 0 31 16 0 1941 1012
29 10 328 14 64 10 1 0 57 31 231 0 0 0 32 15 0 1946 1007
29 15 329 14 57 12 2 0 63 32 229 0 0 0 34 14 0 1937 1015
28 16 326 14 57 12 0 0 62 30 230 0 0 0 37 11 0 1949 1003
28 9 326 14 63 10 0 1 69 33 228 0 0 0 36 12 0 1969 983
28 7 328 14 77 5 1 1 57 29 223 0 0 0 31 17 0 1959 993
28 8 330 14 58 8 0 0 66 30 224 0 0 0 31 17 0 1961 991
28 8 338 14 69 7 0 0 58 33 218 0 0 0 32 16 0 1958 994
28 7 342 14 76 5 2 1 64 35 217 0 0 0 31 17 0 1951 1001
28 7 347 14 65 7 0 2 62 34 216 0 0 0 33 14 0 1967 986
28 9 358 14 64 5 0 1 59 33 220 0 0 0 33 15 0 1957 995
28 11 363 14 69 9 1 0 63 36 220 0 0 0 31 17 0 1954 998
28 7 361 14 68 13 2 0 59 39 217 0 0 0 32 16 0 1950 1002
28 9 359 12 56 16 0 0 61 37 214 0 0 0 30 18 0 1947 1005
28 8 350 12 67 13 1 0 67 34 209 0 0 0 31 17 0 1951 1001
28 14 350 12 64 11 3 0 61 34 203 0 0 0 32 15 0 1966 987
28 10 342 12 68 13 1 0 64 32 206 0 0 0 30 17 0 1981 972
28 11 351 12 59 12 0 0 65 28 208 0 0 0 28 19 0 1973 980
28 9 349 12 58 9 1 0 57 29 213 0 0 0 27 20 0 1960 993
28 13 350 12 63 8 1 1 57 36 210 0 0 0 31 17 0 1975 977
28 11 350 12 61 8 1 1 59 27 210 0 0 0 32 16 0 1965 987
28 11 350 12 60 13 2 1 59 38 202 0 0 0 34 14 0 1937 1015
28 9 350 12 66 17 1 1 57 38 206 0 0 0 33 14 0 1916 1037
28 4 349 12 67 12 1 1 63 33 208 0 0 0 33 14 0 1926 1027
28 9 353 12 64 13 2 2 59 35 205 0 0 0 32 14 0 1920 1034
28 7 352 12 58 8 2 1 67 37 205 0 0 0 30 14 0 1934 1022
28 12 351 12 54 9 1 1 65 37 208 0 0 0 31 13 0 1931 1025
28 10 345 12 62 9 2 1 68 30 213 0 0 0 31 14 0 1945 1010
28 11 343 12 70 10 0 0 59 29 212 0 0 0 29 16 0 1960 995
28 14 338 12 68 11 0 0 63 35 202 0 0 0 29 16 0 1978 977
27 12 328 12 60 11 0 0 63 32 198 0 0 0 28 17 0 1982 973
27 7 329 12 63 11 1 0 60 38 198 0 0 0 28 17 0 1964 991
27 6 332 12 58 13 1 0 52 32 192 0 0 0 30 16 0 1976 978
27 13 331 12 61 11 0 0 54 33 198 0 0 0 30 16 0 1963 991
27 9 323 12 74 4 0 0 62 23 200 0 0 0 29 17 0 1955 999
27 8 322 12 63 5 0 0 60 33 196 0 0 0 30 16 0 1948 1006
27 9 315 12 63 3 1 0 59 32 193 0 0 0 29 16 0 1966 989
27 11 315 12 71 6 2 0 63 28 195 0 0 0 28 17 0 1977 978
27 10 310 12 83 9 1 0 60 32 193 0 0 0 28 17 0 1982 973
27 7 311 12 59 8 0 0 66 32 195 0 0 0 25 19 0 1970 986
27 7 313 12 66 9 0 0 54 31 190 0 0 0 27 17 0 1991 965
27 10 316 12 61 11 0 0 61 27 193 0 0 0 26 19 0 1962 993
27 6 316 12 58 13 0 0 60 28 193 0 0 0 30 16 0 1962 992
27 7 315 12 55 13 0 0 60 25 198 0 0 0 30 16 0 1937 1017
27 9 317 12 75 14 1 0 61 29 196 0 0 0 29 18 0 1940 1013
27 8 312 12 59 7 1 0 55 24 190 0 0 0 31 16 0 1936 1017
27 5 315 12 54 10 1 0 65 24 191 0 0 0 32 15 0 1950 1003
27 9 316 12 65 9 1 1 55 30 183 0 0 0 31 16 0 1936 1017
27 7 313 12 71 10 1 0 65 20 186 0 0 0 31 16 0 1939 1014
27 10 310 12 62 7 1 2 58 30 189 0 0 0 33 14 0 1930 1023
27 11 316 12 65 4 1 1 61 25 196 0 0 0 34 13 0 1940 1013
27 11 315 12 58 6 0 0 60 22 203 0 0 0 35 12 0 1950 1003
27 6 310 12 63 7 1 0 63 25 203 0 0 0 35 12 0 1953 1000
27 13 319 12 64 6 1 0 60 24 199 0 0 0 36 11 0 1979 974
27 6 322 12 65 10 0 0 52 30 197 0 0 0 36 11 0 1976 977
27 11 319 12 63 11 2 0 55 23 191 0 0 0 37 11 0 1965 987
27 5 317 12 60 9 1 0 66 23 189 0 0 0 38 11 0 1965 986
27 7 321 12 64 5 0 0 67 29 192 0 0 0 39 10 0 1947 1004
27 10 324 12 63 11 0 0 56 32 194 0 0 0 38 11 0 1959 992
27 13 323 12 58 14 0 0 56 24 194 0 0 0 36 13 0 1957 994
27 8 320 12 67 10 1 0 57 24 187 0 0 0 32 17 0 1961 990
27 7 314 12 62 15 0 1 56 30 188 0 0 0 31 18 0 1937 1014
27 4 313 12 62 10 1 1 56 22 189 0 0 0 31 18 0 1933 1018
27 6 316 12 57 7 1 2 62 24 188 0 0 0 30 20 0 1934 1016
27 9 316 12 60 6 1 1 53 30 189 0 0 0 29 20 0 1938 1013
27 5 313 12 61 8 0 2 63 28 191 0 0 0 29 20 0 1919 1032
27 13 319 12 63 12 1 0 56 31 192 0 0 0 28 20 0 1915 1037
27 9 315 12 66 13 1 0 67 33 192 0 0 0 30 18 0 1926 1026
27 9 311 12 57 12 1 0 61 29 197 0 0 0 30 18 0 1931 1021
27 9 311 12 63 11 1 0 56 24 202 0 0 0 31 17 0 1947 1005
27 12 310 11 58 9 0 0 56 26 198 0 0 0 28 19 0 1937 1016
27 9 305 12 61 12 0 0 61 30 199 0 0 0 27 19 0 1917 1037
27 5 301 12 63 15 1 0 57 28 198 0 0 0 28 18 0 1907 1047
27 13 309 12 61 12 2 0 64 28 196 0 0 0 28 18 0 1907 1047
27 7 307 12 73 9 0 0 47 26 192 0 0 0 26 20 0 1895 1059
27 8 305 12 55 10 1 1 53 29 190 0 0 0 27 19 0 1894 1060
27 10 304 12 62 9 1 0 59 29 194 0 0 0 25 20 0 1903 1052
27 8 304 11 66 8 1 0 59 29 196 0 0 0 23 22 0 1912 1043
27 8 300 12 61 6 1 0 60 23 195 0 0 0 21 24 0 1920 1035
27 7 298 12 70 5 0 1 61 32 198 0 0 0 24 21 0 1913 1042
27 10 303 12 59 5 1 1 61 30 203 0 0 0 23 22 0 1921 1034
27 9 307 12 60 7 1 0 56 29 207 0 0 0 26 20 0 1906 1048
27 7 307 12 67 9 1 0 62 28 201 0 0 0 28 19 0 1929 1024
27 9 311 12 60 11 0 0 64 30 205 0 0 0 28 19 0 1926 1027
27 17 311 12 62 8 0 0 58 24 204 0 0 0 30 18 0 1929 1023
27 9 311 12 59 9 1 0 54 31 201 0 0 0 31 17 0 1914 1038
27 5 313 12 60 7 1 0 58 28 200 0 0 0 33 15 0 1895 1057
27 10 314 12 52 5 2 0 61 30 187 0 0 0 35 13 0 1887 1065
27 5 315 12 70 6 0 0 61 31 193 0 0 0 33 14 0 1907 1046
27 9 321 12 64 10 0 0 66 28 192 0 0 0 34 14 0 1915 1037
27 6 320 12 57 9 1 0 64 34 191 0 0 0 32 16 0 1908 1044
27 8 324 12 64 6 1 0 62 32 196 0 0 0 30 18 0 1928 1024
27 10 330 12 56 8 1 0 52 35 190 0 0 0 29 19 0 1920 1032
27 8 324 12 65 5 0 0 62 31 195 0 0 0 28 19 0 1915 1038
27 9 321 12 55 6 0 0 64 26 195 0 0 0 28 20 0 1915 1037
27 9 311 12 62 11 4 0 65 30 195 0 0 0 29 19 0 1911 1041
27 8 310 12 69 9 0 0 65 24 191 0 0 0 30 17 0 1927 1026
27 14 312 12 59 6 0 0 58 24 195 0 0 0 32 16 0 1940 1012
27 8 316 12 73 4 1 0 64 20 190 0 0 0 34 14 0 1934 1018
27 13 321 12 58 3 1 0 65 26 186 0 0 0 32 16 0 1927 1025
27 12 320 12 60 5 3 0 63 27 183 0 0 0 33 16 0 1932 1019
27 8 322 12 77 6 0 0 58 29 184 0 0 0 30 19 0 1955 996
27 1 320 12 60 6 1 1 60 31 181 0 0 0 30 19 0 1940 1011
27 10 320 12 67 9 0 0 61 28 184 0 0 0 32 18 0 1935 1015
27 4 318 12 57 9 1 0 57 31 190 0 0 0 33 17 0 1947 1003
27 13 317 12 70 12 0 0 58 28 195 0 0 0 34 16 0 1949 1001
27 11 311 12 71 14 1 0 62 24 190 0 0 0 32 18 0 1944 1006
27 12 306 12 71 11 1 0 56 20 182 0 0 0 34 17 0 1951 998
27 6 308 12 56 7 0 0 57 24 182 0 0 0 34 17 0 1924 1025
27 11 309 12 68 6 2 0 52 24 185 0 0 0 32 19 0 1913 1036
27 8 302 12 71 6 0 0 59 21 185 0 0 0 30 21 0 1906 1043
27 9 303 12 66 7 0 0 64 27 187 0 0 0 32 19 0 1890 1059
27 11 310 12 58 8 0 1 61 25 190 0 0 0 31 20 0 1893 1056
27 9 312 12 64 6 0 1 62 21 185 0 0 0 31 20 0 1912 1037
27 19 305 11 67 2 0 0 62 26 185 0 0 0 32 19 0 1913 1036
27 14 306 12 69 6 2 0 57 32 181 0 0 0 35 17 0 1900 1048
27 5 305 12 67 7 1 0 66 31 177 0 0 0 29 22 0 1894 1055
27 8 304 12 71 7 1 0 58 23 184 0 0 0 32 19 0 1895 1054
27 4 304 12 70 6 1 0 56 29 184 0 0 0 34 17 0 1904 1045
27 4 306 11 54 5 1 0 65 26 188 0 0 0 37 14 0 1905 1044
27 6 316 12 56 9 0 0 55 28 185 0 0 0 37 14 0 1903 1046
27 8 312 12 57 12 0 0 59 28 189 0 0 0 40 11 0 1899 1050
27 14 309 12 64 12 1 1 57 17 194 0 0 0 39 13 0 1876 1072
27 3 306 12 61 11 1 1 64 25 187 0 0 0 40 12 0 1877 1071
27 3 309 12 63 12 0 0 63 25 186 0 0 0 40 13 0 1890 1057
27 9 309 12 69 10 1 0 56 24 178 0 0 0 40 13 0 1890 1057
27 14 314 11 58 12 2 0 66 27 175 0 0 0 39 14 0 1897 1050
27 11 318 12 63 12 2 1 57 22 176 0 0 0 37 16 0 1923 1024
27 3 324 11 65 10 1 1 55 26 182 0 0 0 34 19 0 1939 1008
27 5 323 12 59 11 0 0 65 24 183 0 0 0 37 16 0 1936 1011
27 9 331 12 48 10 2 0 61 32 185 0 0 0 36 16 0 1924 1024
27 13 335 12 68 12 2 0 57 31 183 0 0 0 34 16 0 1925 1025
27 9 332 12 66 15 3 1 54 33 184 0 0 0 34 16 0 1904 1046
27 6 328 12 61 15 2 0 60 30 179 0 0 0 31 17 0 1931 1021
27 5 335 12 66 16 1 0 61 36 174 0 0 0 31 17 0 1939 1013
27 3 331 12 63 14 3 0 51 25 180 0 0 0 30 18 0 1934 1018
27 10 329 12 64 13 0 1 65 26 182 0 0 0 29 19 0 1937 1015
27 5 331 12 59 12 2 0 55 36 183 0 0 0 32 16 0 1925 1027
27 3 329 12 57 7 0 0 58 32 184 0 0 0 31 17 0 1911 1041
27 9 341 12 67 9 0 0 58 36 182 0 0 0 32 17 0 1902 1049
27 15 341 12 59 9 1 0 60 33 177 0 0 0 34 15 0 1892 1059
27 8 340 12 55 7 1 0 57 30 181 0 0 0 33 16 0 1903 1048
27 9 337 12 46 10 1 0 58 35 182 0 0 0 31 18 0 1895 1056
27 7 335 12 71 6 0 0 53 31 190 0 0 0 31 17 0 1905 1047
27 6 338 12 63 11 2 0 60 35 188 0 0 0 34 14 0 1929 1023
27 7 337 12 64 13 1 0 57 31 190 0 0 0 31 16 0 1935 1018
27 8 338 12 67 9 1 0 61 35 189 0 0 0 29 18 0 1932 1021
27 9 336 12 56 9 2 1 59 27 191 0 0 0 28 19 0 1916 1037
27 10 333 12 56 6 1 1 54 31 193 0 0 0 28 18 0 1913 1041
26 6 328 12 66 4 2 0 61 32 190 0 0 0 29 17 0 1926 1028
26 8 330 12 73 7 0 0 59 32 193 0 0 0 29 17 0 1945 1009
26 10 328 12 72 8 0 0 64 31 202 0 0 0 29 17 0 1957 997
26 9 335 12 69 8 0 0 61 32 200 0 0 0 27 19 0 1953 1001
26 10 344 12 50 7 1 0 58 33 195 0 0 0 28 18 0 1968 986
26 12 342 12 64 9 3 0 56 34 194 0 0 0 29 18 0 1966 987
26 13 339 11 61 8 1 0 57 32 195 0 0 0 32 15 0 1961 992
26 13 343 12 80 5 1 0 62 33 204 0 0 0 32 14 0 1940 1014
26 9 339 12 66 5 1 0 59 27 197 0 0 0 31 15 0 1944 1010
26 7 339 12 64 9 1 0 54 32 189 0 0 0 31 15 0 1948 1006
26 7 339 12 69 12 1 0 63 36 194 0 0 0 32 15 0 1936 1017
26 14 342 12 57 13 3 0 58 36 190 0 0 0 32 15 0 1913 1040
25 6 344 12 68 12 3 2 63 29 190 0 0 0 33 14 0 1906 1047
25 9 347 12 62 19 1 2 69 34 186 0 0 0 35 12 0 1892 1061
25 5 347 12 55 12 2 0 64 35 174 0 0 0 33 13 0 1901 1053
25 10 346 12 57 10 1 0 64 34 171 0 0 0 34 12 0 1905 1049
25 8 352 12 67 13 2 0 62 33 170 0 0 0 32 15 0 1896 1057
25 17 351 12 62 14 0 0 58 32 173 0 0 0 32 17 0 1918 1033
25 17 347 12 65 12 1 0 63 31 177 0 0 0 33 16 0 1894 1057
25 8 344 12 61 8 1 0 55 30 180 0 0 0 32 17 0 1894 1057
25 10 345 12 65 10 0 1 65 32 188 0 0 0 32 17 0 1905 1046
25 5 347 12 57 10 0 0 60 38 190 0 0 0 33 16 0 1907 1044
25 17 350 12 61 7 1 1 62 26 194 0 0 0 33 17 0 1913 1037
25 6 346 12 61 8 0 0 65 30 192 0 0 0 32 18 0 1907 1043
25 10 346 12 51 9 1 0 54 36 194 0 0 0 31 19 0 1900 1050
25 12 346 12 68 14 0 0 65 37 194 0 0 0 34 17 0 1926 1023
25 9 347 12 56 13 3 0 66 36 198 0 0 0 37 15 0 1912 1036
25 10 344 12 64 11 2 0 61 30 196 0 0 0 37 15 0 1910 1038
25 11 351 12 70 13 0 0 59 35 189 0 0 0 41 11 0 1917 1031
25 5 345 12 70 14 1 0 63 32 195 0 0 0 43 10 0 1923 1024
25 10 342 12 64 10 0 0 65 33 200 0 0 0 41 12 0 1926 1021
25 14 346 12 61 18 0 0 62 33 198 0 0 0 39 14 0 1940 1007
25 12 352 12 59 20 0 0 57 27 199 0 0 0 38 15 0 1922 1025
25 14 348 12 63 17 1 0 58 32 200 0 0 0 39 14 0 1896 1051
25 10 344 12 54 18 2 0 57 32 195 0 0 0 41 12 0 1896 1051
25 5 349 12 75 10 1 0 63 30 201 0 0 0 42 11 0 1905 1042
25 14 342 12 65 10 2 0 56 25 203 0 0 0 42 11 0 1934 1013
25 15 345 11 70 9 1 0 59 34 205 0 0 0 40 11 0 1936 1013
25 11 337 12 71 10 0 0 61 35 204 0 0 0 39 12 0 1931 1018
25 3 335 12 70 15 1 0 60 38 201 0 0 0 35 16 0 1924 1025
25 7 339 11 69 13 4 0 57 34 198 0 0 0 32 18 0 1930 1020
25 8 346 12 71 8 2 0 59 39 196 0 0 0 32 18 0 1956 994
25 6 348 12 58 9 0 0 62 35 197 0 0 0 34 18 0 1957 991
25 8 346 12 63 7 0 0 56 35 193 0 0 0 35 17 0 1945 1003
25 7 349 11 62 6 1 0 59 37 191 0 0 0 30 21 0 1956 993
25 9 349 12 58 5 1 0 56 36 188 0 0 0 26 25 0 1968 981
25 8 350 12 71 3 0 0 56 36 195 0 0 0 25 26 0 1974 975
25 5 343 12 63 9 2 0 63 33 197 0 0 0 24 27 0 1981 968
25 6 343 11 69 12 1 1 46 31 195 0 0 0 26 25 0 1987 962
25 9 349 12 64 11 0 0 65 31 200 0 0 0 31 20 0 1994 955
25 14 346 11 62 11 0 0 59 35 203 0 0 0 30 21 0 1971 978
25 10 344 12 66 8 1 0 57 35 198 0 0 0 33 18 0 1983 966
25 10 346 12 61 12 2 0 56 34 190 0 0 0 31 19 0 1972 978
25 11 349 12 69 9 1 0 61 33 184 0 0 0 36 14 0 1959 991
25 13 348 12 61 17 4 1 63 33 180 0 0 0 37 13 0 1965 985
25 14 347 12 60 16 3 1 57 28 178 0 0 0 37 14 0 1973 976
25 11 353 12 68 12 0 0 57 30 181 0 0 0 39 14 0 1960 987
25 9 353 12 73 12 1 0 66 27 184 0 0 0 41 13 0 1960 986
25 11 355 12 66 17 0 2 59 33 179 0 0 0 40 13 0 1950 997
25 14 351 12 67 19 2 1 62 32 178 0 0 0 42 12 0 1936 1010
25 13 346 12 65 16 3 1 58 29 178 0 0 0 46 11 0 1938 1005
25 11 347 12 47 13 3 0 63 33 175 0 0 0 45 11 0 1925 1019
25 16 346 12 73 12 1 0 53 28 172 0 0 0 44 10 0 1941 1005
25 8 349 12 67 14 1 1 54 31 168 0 0 0 43 10 0 1958 989
25 4 349 12 62 12 1 1 57 33 171 0 0 0 42 11 0 1969 978
25 9 339 12 65 20 1 0 63 31 170 0 0 0 42 11 0 1988 959
25 11 337 12 66 16 2 0 61 26 169 0 0 0 40 12 0 1982 966
25 11 337 12 67 14 0 0 65 35 167 0 0 0 42 12 0 1993 953
25 5 339 12 65 12 0 0 64 34 167 0 0 0 39 15 0 1987 959
25 5 337 12 64 10 1 0 60 27 170 0 0 0 39 14 0 1974 973
24 11 335 12 65 12 1 0 56 26 171 0 0 0 38 16 0 1985 961
24 8 330 12 60 15 5 0 57 29 172 0 0 0 38 16 0 1970 976
24 9 327 12 62 12 1 0 61 23 171 0 0 0 37 17 0 1957 989
24 9 328 12 60 9 2 1 63 28 177 0 0 0 38 15 0 1957 990
24 14 328 12 71 6 0 0 56 23 169 0 0 0 39 14 0 1967 980
24 10 329 12 55 3 1 1 59 21 167 0 0 0 37 16 0 1956 991
24 6 328 12 65 8 0 0 60 27 165 0 0 0 35 18 0 1963 984
24 5 329 12 68 10 1 0 61 29 169 0 0 0 33 20 0 1956 991
24 5 325 12 63 9 2 0 69 27 170 0 0 0 36 18 0 1950 996
24 5 325 12 60 7 0 0 57 24 161 0 0 0 34 19 0 1959 988
24 9 325 12 63 10 2 0 61 21 157 0 0 0 36 18 0 1964 982
24 10 328 12 62 8 1 0 58 20 157 0 0 0 40 14 0 1958 988
24 8 330 12 68 7 2 0 61 23 160 0 0 0 41 13 0 1980 966
24 13 327 12 54 12 0 0 52 21 165 0 0 0 40 14 0 1970 976
24 7 321 12 60 10 1 0 61 25 167 0 0 0 40 15 0 1954 991
24 12 324 11 68 10 0 0 61 22 165 0 0 0 37 18 0 1950 995
24 8 324 12 60 12 1 0 57 23 171 0 0 0 36 19 0 1939 1006
24 9 330 12 65 11 0 1 51 26 172 0 0 0 38 19 0 1925 1018
24 8 327 12 67 13 1 1 62 25 172 0 0 0 41 17 0 1930 1012
24 14 328 10 73 12 1 2 61 23 172 0 0 0 40 18 0 1909 1033
24 10 325 10 69 16 0 1 66 27 168 0 0 0 39 19 0 1897 1045
24 8 326 10 69 15 2 0 63 21 169 0 0 0 35 22 0 1893 1050
24 12 331 10 77 13 1 1 66 18 168 0 0 0 34 23 0 1893 1050
24 11 330 10 59 11 0 1 58 26 169 0 0 0 33 24 0 1901 1042
24 12 327 10 63 14 0 1 61 23 175 0 0 0 32 25 0 1899 1044
24 8 321 10 66 12 1 1 59 22 174 0 0 0 33 24 0 1912 1031
24 4 321 10 55 8 0 1 63 27 171 0 0 0 40 18 0 1906 1036
24 9 320 10 74 10 2 1 60 24 169 0 0 0 37 21 0 1926 1016
24 6 318 10 65 8 1 2 56 28 160 0 0 0 36 21 0 1924 1019
24 12 323 10 61 14 1 1 60 23 159 0 0 0 37 20 0 1915 1028
24 13 323 10 73 11 1 0 55 27 160 0 0 0 36 21 0 1913 1030
24 9 324 10 73 6 1 1 61 30 157 0 0 0 35 23 0 1914 1028
24 4 325 10 56 9 2 1 57 31 160 0 0 0 38 20 0 1919 1023
23 11 330 10 60 14 1 1 62 28 158 0 0 0 36 22 0 1933 1009
23 11 331 10 73 14 1 0 58 33 161 0 0 0 34 23 0 1970 973
23 4 324 10 68 11 0 0 62 35 162 0 0 0 37 19 0 1956 988
23 8 324 10 66 13 0 0 67 36 166 0 0 0 36 20 0 1953 991
23 7 328 10 60 9 0 1 62 28 168 0 0 0 36 20 0 1954 990
23 6 326 10 65 7 0 0 64 31 163 0 0 0 40 16 0 1954 990
23 12 326 10 59 5 0 0 58 33 159 0 0 0 39 17 0 1940 1004
23 8 322 10 66 6 0 0 68 33 161 0 0 0 36 20 0 1957 987
23 15 323 10 60 5 0 0 68 36 164 0 0 0 34 22 0 1966 978
23 10 324 9 60 6 1 0 51 35 161 0 0 0 33 22 0 1943 1002
23 8 318 10 64 0 1 0 54 31 160 0 0 0 35 20 0 1963 982
23 11 317 10 53 5 0 0 65 33 169 0 0 0 39 16 0 1955 990
23 9 315 10 71 2 0 0 63 32 171 0 0 0 39 16 0 1953 992
23 9 322 10 63 6 0 1 57 32 181 0 0 0 40 15 0 1951 994
23 4 315 10 63 6 0 1 60 30 176 0 0 0 39 16 0 1938 1007
23 11 313 10 71 6 0 0 64 31 171 0 0 0 41 14 0 1961 984
23 11 315 10 69 8 2 0 59 31 171 0 0 0 40 15 0 1955 990
23 4 318 10 60 7 0 0 53 34 169 0 0 0 43 13 0 1977 967
23 7 316 10 59 4 0 1 63 34 177 0 0 0 41 15 0 1956 988
22 6 314 10 68 3 0 0 60 37 177 0 0 0 40 16 0 1952 992
22 6 312 10 63 6 2 0 58 31 171 0 0 0 41 16 0 1923 1020
22 11 321 10 83 6 3 0 56 31 168 0 0 0 40 16 0 1914 1030
22 5 325 10 71 10 2 0 57 33 161 0 0 0 35 21 0 1935 1009
22 10 324 10 54 15 0 0 64 31 167 0 0 0 34 23 0 1929 1014
21 10 318 10 68 14 1 0 59 24 176 0 0 0 36 22 0 1922 1020
21 2 312 10 61 10 3 0 49 34 173 0 0 0 38 21 0 1926 1015
21 7 309 10 61 8 0 0 61 31 168 0 0 0 38 21 0 1927 1014
21 12 304 10 63 11 1 0 64 29 168 0 0 0 38 22 0 1915 1025
21 6 300 10 63 12 1 0 58 26 166 0 0 0 41 18 0 1932 1009
21 7 299 10 59 10 1 0 65 24 165 0 0 0 38 21 0 1917 1024
21 7 297 10 66 10 0 0 59 27 167 0 0 0 40 19 0 1931 1010
21 16 300 10 59 14 0 0 63 26 170 0 0 0 38 21 0 1948 993
21 1 301 10 70 9 0 0 59 27 166 0 0 0 34 23 0 1932 1011
21 4 300 10 68 6 0 0 60 22 171 0 0 0 35 22 0 1934 1009
