# time 'cAMP_on' 'free_Ca2+' 'all_Ca2+' 'PKAa!_' 'PKAa?' 'CDK5!_' 'CK1u~?' 'PP2Ap~?' 'PP2Aca_!' 'PP2C!_' 'PP2Ba~?' 'PDEp~?' 'DARPP_unphosph~?' 'Thr75~?' 'Thr34~?' 'Ser137~?' 'Thr75:Ser137~?' 'Thr34:Thr75~?' 'Thr34:Ser137~?' 'Thr34:Thr75:Ser137~?' 'D34*~?' 'D75*~?' 'D137*~?'
 0.000000E+00 0 0 0 0 0 0 0 0 0 0 0 0 3000 0 0 0 0 0 0 0 0 0 0
 5.000000E-01 0 0 0 0 0 84 0 0 0 0 0 0 2912 88 0 0 0 0 0 0 0 88 0
 1.000000E+00 0 0 0 0 0 82 0 0 0 0 0 0 2817 183 0 0 0 0 0 0 0 183 0
 1.500000E+00 0 0 0 0 0 76 0 0 0 0 0 0 2720 280 0 0 0 0 0 0 0 280 0
 2.000000E+00 0 0 0 0 0 80 0 0 0 0 0 0 2643 357 0 0 0 0 0 0 0 357 0
 2.500000E+00 0 0 0 0 0 64 0 0 0 0 0 0 2559 441 0 0 0 0 0 0 0 441 0
 3.000000E+00 0 0 0 0 0 73 0 0 0 0 0 0 2506 494 0 0 0 0 0 0 0 494 0
 3.500000E+00 0 0 0 0 0 72 0 0 0 0 0 0 2438 562 0 0 0 0 0 0 0 562 0
 4.000000E+00 0 0 0 0 0 73 0 0 0 0 0 0 2389 611 0 0 0 0 0 0 0 611 0
 4.500000E+00 0 0 0 0 0 76 0 0 0 0 0 0 2337 663 0 0 0 0 0 0 0 663 0
 5.000000E+00 0 0 0 0 0 67 0 0 0 0 0 0 2298 702 0 0 0 0 0 0 0 702 0
 5.500000E+00 0 0 0 0 0 75 0 0 0 0 0 0 2271 729 0 0 0 0 0 0 0 729 0
 6.000000E+00 0 0 0 0 0 64 0 0 0 0 0 0 2253 747 0 0 0 0 0 0 0 747 0
 6.500000E+00 0 0 0 0 0 66 0 0 0 0 0 0 2230 770 0 0 0 0 0 0 0 770 0
 7.000000E+00 0 0 0 0 0 69 0 0 0 0 0 0 2213 787 0 0 0 0 0 0 0 787 0
 7.500000E+00 0 0 0 0 0 62 0 0 0 0 0 0 2195 805 0 0 0 0 0 0 0 805 0
 8.000000E+00 0 0 0 0 0 63 0 0 0 0 0 0 2176 824 0 0 0 0 0 0 0 824 0
 8.500000E+00 0 0 0 0 0 64 0 0 0 0 0 0 2167 833 0 0 0 0 0 0 0 833 0
 9.000000E+00 0 0 0 0 0 62 0 0 0 0 0 0 2142 858 0 0 0 0 0 0 0 858 0
 9.500000E+00 0 0 0 0 0 60 0 0 0 0 0 0 2106 894 0 0 0 0 0 0 0 894 0
 1.000000E+01 0 0 0 0 0 65 0 0 0 0 0 0 2086 914 0 0 0 0 0 0 0 914 0
 1.050000E+01 0 0 0 0 0 69 0 0 0 0 0 0 2085 915 0 0 0 0 0 0 0 915 0
 1.100000E+01 0 0 0 0 0 77 0 0 0 0 0 0 2061 939 0 0 0 0 0 0 0 939 0
 1.150000E+01 0 0 0 0 0 63 0 0 0 0 0 0 2056 944 0 0 0 0 0 0 0 944 0
 1.200000E+01 0 0 0 0 0 63 0 0 0 0 0 0 2044 956 0 0 0 0 0 0 0 956 0
 1.250000E+01 0 0 0 0 0 69 0 0 0 0 0 0 2033 967 0 0 0 0 0 0 0 967 0
 1.300000E+01 0 0 0 0 0 66 0 0 0 0 0 0 2042 958 0 0 0 0 0 0 0 958 0
 1.350000E+01 0 0 0 0 0 74 0 0 0 0 0 0 2030 970 0 0 0 0 0 0 0 970 0
 1.400000E+01 0 0 0 0 0 67 0 0 0 0 0 0 2027 973 0 0 0 0 0 0 0 973 0
 1.450000E+01 0 0 0 0 0 78 0 0 0 0 0 0 2019 981 0 0 0 0 0 0 0 981 0
 1.500000E+01 0 0 0 0 0 59 0 0 0 0 0 0 2032 968 0 0 0 0 0 0 0 968 0
 1.550000E+01 0 0 0 0 0 74 0 0 0 0 0 0 2001 999 0 0 0 0 0 0 0 999 0
 1.600000E+01 0 0 0 0 0 71 0 0 0 0 0 0 1995 1005 0 0 0 0 0 0 0 1005 0
 1.650000E+01 0 0 0 0 0 71 0 0 0 0 0 0 1989 1011 0 0 0 0 0 0 0 1011 0
 1.700000E+01 0 0 0 0 0 59 0 0 0 0 0 0 1972 1028 0 0 0 0 0 0 0 1028 0
 1.750000E+01 0 0 0 0 0 52 0 0 0 0 0 0 1974 1026 0 0 0 0 0 0 0 1026 0
 1.800000E+01 0 0 0 0 0 65 0 0 0 0 0 0 1968 1032 0 0 0 0 0 0 0 1032 0
 1.850000E+01 0 0 0 0 0 62 0 0 0 0 0 0 1961 1039 0 0 0 0 0 0 0 1039 0
 1.900000E+01 0 0 0 0 0 65 0 0 0 0 0 0 1977 1023 0 0 0 0 0 0 0 1023 0
 1.950000E+01 0 0 0 0 0 66 0 0 0 0 0 0 1992 1008 0 0 0 0 0 0 0 1008 0
 2.000000E+01 0 0 0 0 0 67 0 0 0 0 0 0 2004 996 0 0 0 0 0 0 0 996 0
 2.050000E+01 0 0 0 0 0 74 0 0 0 0 0 0 2027 973 0 0 0 0 0 0 0 973 0
 2.100000E+01 0 0 0 0 0 60 0 0 0 0 0 0 2020 980 0 0 0 0 0 0 0 980 0
 2.150000E+01 0 0 0 0 0 66 0 0 0 0 0 0 2006 994 0 0 0 0 0 0 0 994 0
 2.200000E+01 0 0 0 0 0 62 0 0 0 0 0 0 2002 998 0 0 0 0 0 0 0 998 0
 2.250000E+01 0 0 0 0 0 70 0 0 0 0 0 0 2001 999 0 0 0 0 0 0 0 999 0
 2.300000E+01 0 0 0 0 0 59 0 0 0 0 0 0 2002 998 0 0 0 0 0 0 0 998 0
 2.350000E+01 0 0 0 0 0 66 0 0 0 0 0 0 2001 999 0 0 0 0 0 0 0 999 0
 2.400000E+01 0 0 0 0 0 58 0 0 0 0 0 0 2025 975 0 0 0 0 0 0 0 975 0
 2.450000E+01 0 0 0 0 0 74 0 0 0 0 0 0 2021 979 0 0 0 0 0 0 0 979 0
 2.500000E+01 0 0 0 0 0 67 0 0 0 0 0 0 2005 995 0 0 0 0 0 0 0 995 0
 2.550000E+01 0 0 0 0 0 64 0 0 0 0 0 0 2016 984 0 0 0 0 0 0 0 984 0
 2.600000E+01 0 0 0 0 0 69 0 0 0 0 0 0 1992 1008 0 0 0 0 0 0 0 1008 0
 2.650000E+01 0 0 0 0 0 65 0 0 0 0 0 0 1990 1010 0 0 0 0 0 0 0 1010 0
 2.700000E+01 0 0 0 0 0 71 0 0 0 0 0 0 1991 1009 0 0 0 0 0 0 0 1009 0
 2.750000E+01 0 0 0 0 0 64 0 0 0 0 0 0 1974 1026 0 0 0 0 0 0 0 1026 0
 2.800000E+01 0 0 0 0 0 61 0 0 0 0 0 0 1959 1041 0 0 0 0 0 0 0 1041 0
 2.850000E+01 0 0 0 0 0 61 0 0 0 0 0 0 1950 1050 0 0 0 0 0 0 0 1050 0
 2.900000E+01 0 0 0 0 0 72 0 0 0 0 0 0 1955 1045 0 0 0 0 0 0 0 1045 0
 2.950000E+01 0 0 0 0 0 74 0 0 0 0 0 0 1953 1047 0 0 0 0 0 0 0 1047 0
 3.000000E+01 0 0 0 0 0 70 0 0 0 0 0 0 1958 1042 0 0 0 0 0 0 0 1042 0
 3.050000E+01 0 0 0 0 0 69 0 0 0 0 0 0 1957 1043 0 0 0 0 0 0 0 1043 0
 3.100000E+01 0 0 0 0 0 67 0 0 0 0 0 0 1960 1040 0 0 0 0 0 0 0 1040 0
 3.150000E+01 0 0 0 0 0 57 0 0 0 0 0 0 1946 1054 0 0 0 0 0 0 0 1054 0
 3.200000E+01 0 0 0 0 0 64 0 0 0 0 0 0 1950 1050 0 0 0 0 0 0 0 1050 0
 3.250000E+01 0 0 0 0 0 77 0 0 0 0 0 0 1984 1016 0 0 0 0 0 0 0 1016 0
 3.300000E+01 0 0 0 0 0 70 0 0 0 0 0 0 1998 1002 0 0 0 0 0 0 0 1002 0
 3.350000E+01 0 0 0 0 0 67 0 0 0 0 0 0 1982 1018 0 0 0 0 0 0 0 1018 0
 3.400000E+01 0 0 0 0 0 69 0 0 0 0 0 0 1959 1041 0 0 0 0 0 0 0 1041 0
 3.450000E+01 0 0 0 0 0 71 0 0 0 0 0 0 1963 1037 0 0 0 0 0 0 0 1037 0
 3.500000E+01 0 0 0 0 0 63 0 0 0 0 0 0 1947 1053 0 0 0 0 0 0 0 1053 0
 3.550000E+01 0 0 0 0 0 69 0 0 0 0 0 0 1966 1034 0 0 0 0 0 0 0 1034 0
 3.600000E+01 0 0 0 0 0 57 0 0 0 0 0 0 1967 1033 0 0 0 0 0 0 0 1033 0
 3.650000E+01 0 0 0 0 0 61 0 0 0 0 0 0 1960 1040 0 0 0 0 0 0 0 1040 0
 3.700000E+01 0 0 0 0 0 70 0 0 0 0 0 0 1943 1057 0 0 0 0 0 0 0 1057 0
 3.750000E+01 0 0 0 0 0 63 0 0 0 0 0 0 1933 1067 0 0 0 0 0 0 0 1067 0
 3.800000E+01 0 0 0 0 0 71 0 0 0 0 0 0 1952 1048 0 0 0 0 0 0 0 1048 0
 3.850000E+01 0 0 0 0 0 63 0 0 0 0 0 0 1966 1034 0 0 0 0 0 0 0 1034 0
 3.900000E+01 0 0 0 0 0 71 0 0 0 0 0 0 1969 1031 0 0 0 0 0 0 0 1031 0
 3.950000E+01 0 0 0 0 0 69 0 0 0 0 0 0 1968 1032 0 0 0 0 0 0 0 1032 0
 4.000000E+01 0 0 0 0 0 69 0 0 0 0 0 0 1953 1047 0 0 0 0 0 0 0 1047 0
 4.050000E+01 0 0 0 0 0 62 0 0 0 0 0 0 1960 1040 0 0 0 0 0 0 0 1040 0
 4.100000E+01 0 0 0 0 0 65 0 0 0 0 0 0 1957 1043 0 0 0 0 0 0 0 1043 0
 4.150000E+01 0 0 0 0 0 65 0 0 0 0 0 0 1956 1044 0 0 0 0 0 0 0 1044 0
 4.200000E+01 0 0 0 0 0 67 0 0 0 0 0 0 1956 1044 0 0 0 0 0 0 0 1044 0
 4.250000E+01 0 0 0 0 0 63 0 0 0 0 0 0 1961 1039 0 0 0 0 0 0 0 1039 0
 4.300000E+01 0 0 0 0 0 63 0 0 0 0 0 0 1958 1042 0 0 0 0 0 0 0 1042 0
 4.350000E+01 0 0 0 0 0 67 0 0 0 0 0 0 1962 1038 0 0 0 0 0 0 0 1038 0
 4.400000E+01 0 0 0 0 0 69 0 0 0 0 0 0 1966 1034 0 0 0 0 0 0 0 1034 0
 4.450000E+01 0 0 0 0 0 61 0 0 0 0 0 0 1969 1031 0 0 0 0 0 0 0 1031 0
 4.500000E+01 0 0 0 0 0 64 0 0 0 0 0 0 1939 1061 0 0 0 0 0 0 0 1061 0
 4.550000E+01 0 0 0 0 0 63 0 0 0 0 0 0 1931 1069 0 0 0 0 0 0 0 1069 0
 4.600000E+01 0 0 0 0 0 63 0 0 0 0 0 0 1921 1079 0 0 0 0 0 0 0 1079 0
 4.650000E+01 0 0 0 0 0 61 0 0 0 0 0 0 1928 1072 0 0 0 0 0 0 0 1072 0
 4.700000E+01 0 0 0 0 0 59 0 0 0 0 0 0 1930 1070 0 0 0 0 0 0 0 1070 0
 4.750000E+01 0 0 0 0 0 55 0 0 0 0 0 0 1936 1064 0 0 0 0 0 0 0 1064 0
 4.800000E+01 0 0 0 0 0 66 0 0 0 0 0 0 1932 1068 0 0 0 0 0 0 0 1068 0
 4.850000E+01 0 0 0 0 0 58 0 0 0 0 0 0 1912 1088 0 0 0 0 0 0 0 1088 0
 4.900000E+01 0 0 0 0 0 71 0 0 0 0 0 0 1938 1062 0 0 0 0 0 0 0 1062 0
 4.950000E+01 0 0 0 0 0 63 0 0 0 0 0 0 1939 1061 0 0 0 0 0 0 0 1061 0
 5.000000E+01 0 0 0 0 0 63 0 0 0 0 0 0 1919 1081 0 0 0 0 0 0 0 1081 0
 5.050000E+01 0 0 0 0 0 56 0 0 0 0 0 0 1910 1090 0 0 0 0 0 0 0 1090 0
 5.100000E+01 0 0 0 0 0 70 0 0 0 0 0 0 1909 1091 0 0 0 0 0 0 0 1091 0
 5.150000E+01 0 0 0 0 0 69 0 0 0 0 0 0 1920 1080 0 0 0 0 0 0 0 1080 0
 5.200000E+01 0 0 0 0 0 62 0 0 0 0 0 0 1900 1100 0 0 0 0 0 0 0 1100 0
 5.250000E+01 0 0 0 0 0 73 0 0 0 0 0 0 1888 1112 0 0 0 0 0 0 0 1112 0
 5.300000E+01 0 0 0 0 0 63 0 0 0 0 0 0 1884 1116 0 0 0 0 0 0 0 1116 0
 5.350000E+01 0 0 0 0 0 65 0 0 0 0 0 0 1909 1091 0 0 0 0 0 0 0 1091 0
 5.400000E+01 0 0 0 0 0 51 0 0 0 0 0 0 1905 1095 0 0 0 0 0 0 0 1095 0
 5.450000E+01 0 0 0 0 0 63 0 0 0 0 0 0 1894 1106 0 0 0 0 0 0 0 1106 0
 5.500000E+01 0 0 0 0 0 60 0 0 0 0 0 0 1869 1131 0 0 0 0 0 0 0 1131 0
 5.550000E+01 0 0 0 0 0 61 0 0 0 0 0 0 1897 1103 0 0 0 0 0 0 0 1103 0
 5.600000E+01 0 0 0 0 0 52 0 0 0 0 0 0 1912 1088 0 0 0 0 0 0 0 1088 0
 5.650000E+01 0 0 0 0 0 64 0 0 0 0 0 0 1939 1061 0 0 0 0 0 0 0 1061 0
 5.700000E+01 0 0 0 0 0 63 0 0 0 0 0 0 1945 1055 0 0 0 0 0 0 0 1055 0
 5.750000E+01 0 0 0 0 0 64 0 0 0 0 0 0 1906 1094 0 0 0 0 0 0 0 1094 0
 5.800000E+01 0 0 0 0 0 62 0 0 0 0 0 0 1915 1085 0 0 0 0 0 0 0 1085 0
 5.850000E+01 0 0 0 0 0 63 0 0 0 0 0 0 1925 1075 0 0 0 0 0 0 0 1075 0
 5.900000E+01 0 0 0 0 0 65 0 0 0 0 0 0 1943 1057 0 0 0 0 0 0 0 1057 0
 5.950000E+01 0 0 0 0 0 73 0 0 0 0 0 0 1952 1048 0 0 0 0 0 0 0 1048 0
 6.000000E+01 0 0 0 0 0 67 0 0 0 0 0 0 1940 1060 0 0 0 0 0 0 0 1060 0
 6.050000E+01 0 0 0 0 0 71 0 0 0 0 0 0 1943 1057 0 0 0 0 0 0 0 1057 0
 6.100000E+01 0 0 0 0 0 80 0 0 0 0 0 0 1950 1050 0 0 0 0 0 0 0 1050 0
 6.150000E+01 0 0 0 0 0 64 0 0 0 0 0 0 1959 1041 0 0 0 0 0 0 0 1041 0
 6.200000E+01 0 0 0 0 0 59 0 0 0 0 0 0 1969 1031 0 0 0 0 0 0 0 1031 0
 6.250000E+01 0 0 0 0 0 65 0 0 0 0 0 0 1957 1043 0 0 0 0 0 0 0 1043 0
 6.300000E+01 0 0 0 0 0 62 0 0 0 0 0 0 1951 1049 0 0 0 0 0 0 0 1049 0
 6.350000E+01 0 0 0 0 0 76 0 0 0 0 0 0 1945 1055 0 0 0 0 0 0 0 1055 0
 6.400000E+01 0 0 0 0 0 64 0 0 0 0 0 0 1915 1085 0 0 0 0 0 0 0 1085 0
 6.450000E+01 0 0 0 0 0 67 0 0 0 0 0 0 1912 1088 0 0 0 0 0 0 0 1088 0
 6.500000E+01 0 0 0 0 0 63 0 0 0 0 0 0 1885 1115 0 0 0 0 0 0 0 1115 0
 6.550000E+01 0 0 0 0 0 62 0 0 0 0 0 0 1889 1111 0 0 0 0 0 0 0 1111 0
 6.600000E+01 0 0 0 0 0 64 0 0 0 0 0 0 1886 1114 0 0 0 0 0 0 0 1114 0
 6.650000E+01 0 0 0 0 0 70 0 0 0 0 0 0 1911 1089 0 0 0 0 0 0 0 1089 0
 6.700000E+01 0 0 0 0 0 63 0 0 0 0 0 0 1911 1089 0 0 0 0 0 0 0 1089 0
 6.750000E+01 0 0 0 0 0 56 0 0 0 0 0 0 1908 1092 0 0 0 0 0 0 0 1092 0
 6.800000E+01 0 0 0 0 0 53 0 0 0 0 0 0 1910 1090 0 0 0 0 0 0 0 1090 0
 6.850000E+01 0 0 0 0 0 60 0 0 0 0 0 0 1891 1109 0 0 0 0 0 0 0 1109 0
 6.900000E+01 0 0 0 0 0 57 0 0 0 0 0 0 1916 1084 0 0 0 0 0 0 0 1084 0
 6.950000E+01 0 0 0 0 0 68 0 0 0 0 0 0 1918 1082 0 0 0 0 0 0 0 1082 0
 7.000000E+01 0 0 0 0 0 66 0 0 0 0 0 0 1926 1074 0 0 0 0 0 0 0 1074 0
 7.050000E+01 0 0 0 0 0 72 0 0 0 0 0 0 1922 1078 0 0 0 0 0 0 0 1078 0
 7.100000E+01 0 0 0 0 0 66 0 0 0 0 0 0 1899 1101 0 0 0 0 0 0 0 1101 0
 7.150000E+01 0 0 0 0 0 68 0 0 0 0 0 0 1894 1106 0 0 0 0 0 0 0 1106 0
 7.200000E+01 0 0 0 0 0 59 0 0 0 0 0 0 1889 1111 0 0 0 0 0 0 0 1111 0
 7.250000E+01 0 0 0 0 0 59 0 0 0 0 0 0 1896 1104 0 0 0 0 0 0 0 1104 0
 7.300000E+01 0 0 0 0 0 64 0 0 0 0 0 0 1925 1075 0 0 0 0 0 0 0 1075 0
 7.350000E+01 0 0 0 0 0 70 0 0 0 0 0 0 1931 1069 0 0 0 0 0 0 0 1069 0
 7.400000E+01 0 0 0 0 0 66 0 0 0 0 0 0 1922 1078 0 0 0 0 0 0 0 1078 0
 7.450000E+01 0 0 0 0 0 67 0 0 0 0 0 0 1911 1089 0 0 0 0 0 0 0 1089 0
 7.500000E+01 0 0 0 0 0 62 0 0 0 0 0 0 1910 1090 0 0 0 0 0 0 0 1090 0
 7.550000E+01 0 0 0 0 0 63 0 0 0 0 0 0 1905 1095 0 0 0 0 0 0 0 1095 0
 7.600000E+01 0 0 0 0 0 61 0 0 0 0 0 0 1920 1080 0 0 0 0 0 0 0 1080 0
 7.650000E+01 0 0 0 0 0 66 0 0 0 0 0 0 1899 1101 0 0 0 0 0 0 0 1101 0
 7.700000E+01 0 0 0 0 0 62 0 0 0 0 0 0 1877 1123 0 0 0 0 0 0 0 1123 0
 7.750000E+01 0 0 0 0 0 65 0 0 0 0 0 0 1899 1101 0 0 0 0 0 0 0 1101 0
 7.800000E+01 0 0 0 0 0 56 0 0 0 0 0 0 1916 1084 0 0 0 0 0 0 0 1084 0
 7.850000E+01 0 0 0 0 0 66 0 0 0 0 0 0 1939 1061 0 0 0 0 0 0 0 1061 0
 7.900000E+01 0 0 0 0 0 75 0 0 0 0 0 0 1952 1048 0 0 0 0 0 0 0 1048 0
 7.950000E+01 0 0 0 0 0 67 0 0 0 0 0 0 1939 1061 0 0 0 0 0 0 0 1061 0
 8.000000E+01 0 0 0 0 0 63 0 0 0 0 0 0 1918 1082 0 0 0 0 0 0 0 1082 0
 8.050000E+01 0 0 0 0 0 67 0 0 0 0 0 0 1923 1077 0 0 0 0 0 0 0 1077 0
 8.100000E+01 0 0 0 0 0 69 0 0 0 0 0 0 1907 1093 0 0 0 0 0 0 0 1093 0
 8.150000E+01 0 0 0 0 0 61 0 0 0 0 0 0 1893 1107 0 0 0 0 0 0 0 1107 0
 8.200000E+01 0 0 0 0 0 70 0 0 0 0 0 0 1891 1109 0 0 0 0 0 0 0 1109 0
 8.250000E+01 0 0 0 0 0 69 0 0 0 0 0 0 1908 1092 0 0 0 0 0 0 0 1092 0
 8.300000E+01 0 0 0 0 0 61 0 0 0 0 0 0 1903 1097 0 0 0 0 0 0 0 1097 0
 8.350000E+01 0 0 0 0 0 62 0 0 0 0 0 0 1899 1101 0 0 0 0 0 0 0 1101 0
 8.400000E+01 0 0 0 0 0 69 0 0 0 0 0 0 1920 1080 0 0 0 0 0 0 0 1080 0
 8.450000E+01 0 0 0 0 0 64 0 0 0 0 0 0 1901 1099 0 0 0 0 0 0 0 1099 0
 8.500000E+01 0 0 0 0 0 63 0 0 0 0 0 0 1892 1108 0 0 0 0 0 0 0 1108 0
 8.550000E+01 0 0 0 0 0 64 0 0 0 0 0 0 1901 1099 0 0 0 0 0 0 0 1099 0
 8.600000E+01 0 0 0 0 0 61 0 0 0 0 0 0 1898 1102 0 0 0 0 0 0 0 1102 0
 8.650000E+01 0 0 0 0 0 57 0 0 0 0 0 0 1917 1083 0 0 0 0 0 0 0 1083 0
 8.700000E+01 0 0 0 0 0 64 0 0 0 0 0 0 1916 1084 0 0 0 0 0 0 0 1084 0
 8.750000E+01 0 0 0 0 0 70 0 0 0 0 0 0 1918 1082 0 0 0 0 0 0 0 1082 0
 8.800000E+01 0 0 0 0 0 67 0 0 0 0 0 0 1877 1123 0 0 0 0 0 0 0 1123 0
 8.850000E+01 0 0 0 0 0 65 0 0 0 0 0 0 1892 1108 0 0 0 0 0 0 0 1108 0
 8.900000E+01 0 0 0 0 0 57 0 0 0 0 0 0 1895 1105 0 0 0 0 0 0 0 1105 0
 8.950000E+01 0 0 0 0 0 73 0 0 0 0 0 0 1897 1103 0 0 0 0 0 0 0 1103 0
 9.000000E+01 0 0 0 0 0 59 0 0 0 0 0 0 1893 1107 0 0 0 0 0 0 0 1107 0
 9.050000E+01 0 0 0 0 0 68 0 0 0 0 0 0 1867 1133 0 0 0 0 0 0 0 1133 0
 9.100000E+01 0 0 0 0 0 67 0 0 0 0 0 0 1879 1121 0 0 0 0 0 0 0 1121 0
 9.150000E+01 0 0 0 0 0 66 0 0 0 0 0 0 1866 1134 0 0 0 0 0 0 0 1134 0
 9.200000E+01 0 0 0 0 0 78 0 0 0 0 0 0 1886 1114 0 0 0 0 0 0 0 1114 0
 9.250000E+01 0 0 0 0 0 65 0 0 0 0 0 0 1886 1114 0 0 0 0 0 0 0 1114 0
 9.300000E+01 0 0 0 0 0 61 0 0 0 0 0 0 1889 1111 0 0 0 0 0 0 0 1111 0
 9.350000E+01 0 0 0 0 0 60 0 0 0 0 0 0 1902 1098 0 0 0 0 0 0 0 1098 0
 9.400000E+01 0 0 0 0 0 62 0 0 0 0 0 0 1891 1109 0 0 0 0 0 0 0 1109 0
 9.450000E+01 0 0 0 0 0 73 0 0 0 0 0 0 1902 1098 0 0 0 0 0 0 0 1098 0
 9.500000E+01 0 0 0 0 0 63 0 0 0 0 0 0 1901 1099 0 0 0 0 0 0 0 1099 0
 9.550000E+01 0 0 0 0 0 55 0 0 0 0 0 0 1881 1119 0 0 0 0 0 0 0 1119 0
 9.600000E+01 0 0 0 0 0 68 0 0 0 0 0 0 1870 1130 0 0 0 0 0 0 0 1130 0
 9.650000E+01 0 0 0 0 0 63 0 0 0 0 0 0 1877 1123 0 0 0 0 0 0 0 1123 0
 9.700000E+01 0 0 0 0 0 63 0 0 0 0 0 0 1918 1082 0 0 0 0 0 0 0 1082 0
 9.750000E+01 0 0 0 0 0 65 0 0 0 0 0 0 1932 1068 0 0 0 0 0 0 0 1068 0
 9.800000E+01 0 0 0 0 0 68 0 0 0 0 0 0 1939 1061 0 0 0 0 0 0 0 1061 0
 9.850000E+01 0 0 0 0 0 67 0 0 0 0 0 0 1931 1069 0 0 0 0 0 0 0 1069 0
 9.900000E+01 0 0 0 0 0 58 0 0 0 0 0 0 1933 1067 0 0 0 0 0 0 0 1067 0
 9.950000E+01 0 0 0 0 0 57 0 0 0 0 0 0 1935 1065 0 0 0 0 0 0 0 1065 0
 1.000000E+02 0 0 0 0 0 66 0 0 0 0 0 0 1923 1077 0 0 0 0 0 0 0 1077 0
 1.005000E+02 0 0 0 0 0 68 0 0 0 0 0 0 1935 1065 0 0 0 0 0 0 0 1065 0
 1.010000E+02 0 0 0 0 0 68 0 0 0 0 0 0 1932 1068 0 0 0 0 0 0 0 1068 0
 1.015000E+02 0 0 0 0 0 58 0 0 0 0 0 0 1932 1068 0 0 0 0 0 0 0 1068 0
 1.020000E+02 0 0 0 0 0 61 0 0 0 0 0 0 1917 1083 0 0 0 0 0 0 0 1083 0
 1.025000E+02 0 0 0 0 0 61 0 0 0 0 0 0 1920 1080 0 0 0 0 0 0 0 1080 0
 1.030000E+02 0 0 0 0 0 70 0 0 0 0 0 0 1918 1082 0 0 0 0 0 0 0 1082 0
 1.035000E+02 0 0 0 0 0 57 0 0 0 0 0 0 1931 1069 0 0 0 0 0 0 0 1069 0
 1.040000E+02 0 0 0 0 0 72 0 0 0 0 0 0 1894 1106 0 0 0 0 0 0 0 1106 0
 1.045000E+02 0 0 0 0 0 61 0 0 0 0 0 0 1868 1132 0 0 0 0 0 0 0 1132 0
 1.050000E+02 0 0 0 0 0 59 0 0 0 0 0 0 1850 1150 0 0 0 0 0 0 0 1150 0
 1.055000E+02 0 0 0 0 0 68 0 0 0 0 0 0 1858 1142 0 0 0 0 0 0 0 1142 0
 1.060000E+02 0 0 0 0 0 62 0 0 0 0 0 0 1857 1143 0 0 0 0 0 0 0 1143 0
 1.065000E+02 0 0 0 0 0 55 0 0 0 0 0 0 1862 1138 0 0 0 0 0 0 0 1138 0
 1.070000E+02 0 0 0 0 0 56 0 0 0 0 0 0 1882 1118 0 0 0 0 0 0 0 1118 0
 1.075000E+02 0 0 0 0 0 61 0 0 0 0 0 0 1886 1114 0 0 0 0 0 0 0 1114 0
 1.080000E+02 0 0 0 0 0 53 0 0 0 0 0 0 1910 1090 0 0 0 0 0 0 0 1090 0
 1.085000E+02 0 0 0 0 0 69 0 0 0 0 0 0 1917 1083 0 0 0 0 0 0 0 1083 0
 1.090000E+02 0 0 0 0 0 63 0 0 0 0 0 0 1928 1072 0 0 0 0 0 0 0 1072 0
 1.095000E+02 0 0 0 0 0 58 0 0 0 0 0 0 1928 1072 0 0 0 0 0 0 0 1072 0
 1.100000E+02 0 0 0 0 0 61 0 0 0 0 0 0 1925 1075 0 0 0 0 0 0 0 1075 0
 1.105000E+02 0 0 0 0 0 64 0 0 0 0 0 0 1948 1052 0 0 0 0 0 0 0 1052 0
 1.110000E+02 0 0 0 0 0 70 0 0 0 0 0 0 1952 1048 0 0 0 0 0 0 0 1048 0
 1.115000E+02 0 0 0 0 0 64 0 0 0 0 0 0 1957 1043 0 0 0 0 0 0 0 1043 0
 1.120000E+02 0 0 0 0 0 54 0 0 0 0 0 0 1932 1068 0 0 0 0 0 0 0 1068 0
 1.125000E+02 0 0 0 0 0 67 0 0 0 0 0 0 1933 1067 0 0 0 0 0 0 0 1067 0
 1.130000E+02 0 0 0 0 0 67 0 0 0 0 0 0 1928 1072 0 0 0 0 0 0 0 1072 0
 1.135000E+02 0 0 0 0 0 64 0 0 0 0 0 0 1951 1049 0 0 0 0 0 0 0 1049 0
 1.140000E+02 0 0 0 0 0 58 0 0 0 0 0 0 1940 1060 0 0 0 0 0 0 0 1060 0
 1.145000E+02 0 0 0 0 0 62 0 0 0 0 0 0 1948 1052 0 0 0 0 0 0 0 1052 0
 1.150000E+02 0 0 0 0 0 57 0 0 0 0 0 0 1940 1060 0 0 0 0 0 0 0 1060 0
 1.155000E+02 0 0 0 0 0 62 0 0 0 0 0 0 1944 1056 0 0 0 0 0 0 0 1056 0
 1.160000E+02 0 0 0 0 0 65 0 0 0 0 0 0 1948 1052 0 0 0 0 0 0 0 1052 0
 1.165000E+02 0 0 0 0 0 67 0 0 0 0 0 0 1947 1053 0 0 0 0 0 0 0 1053 0
 1.170000E+02 0 0 0 0 0 65 0 0 0 0 0 0 1957 1043 0 0 0 0 0 0 0 1043 0
 1.175000E+02 0 0 0 0 0 51 0 0 0 0 0 0 1937 1063 0 0 0 0 0 0 0 1063 0
 1.180000E+02 0 0 0 0 0 57 0 0 0 0 0 0 1926 1074 0 0 0 0 0 0 0 1074 0
 1.185000E+02 0 0 0 0 0 67 0 0 0 0 0 0 1943 1057 0 0 0 0 0 0 0 1057 0
 1.190000E+02 0 0 0 0 0 60 0 0 0 0 0 0 1949 1051 0 0 0 0 0 0 0 1051 0
 1.195000E+02 0 0 0 0 0 65 0 0 0 0 0 0 1957 1043 0 0 0 0 0 0 0 1043 0
 1.200000E+02 0 0 0 0 0 67 0 0 0 0 0 0 1957 1043 0 0 0 0 0 0 0 1043 0
 1.205000E+02 0 0 0 0 0 74 0 0 0 0 0 0 1950 1050 0 0 0 0 0 0 0 1050 0
 1.210000E+02 0 0 0 0 0 66 0 0 0 0 0 0 1936 1064 0 0 0 0 0 0 0 1064 0
 1.215000E+02 0 0 0 0 0 63 0 0 0 0 0 0 1936 1064 0 0 0 0 0 0 0 1064 0
 1.220000E+02 0 0 0 0 0 74 0 0 0 0 0 0 1938 1062 0 0 0 0 0 0 0 1062 0
 1.225000E+02 0 0 0 0 0 64 0 0 0 0 0 0 1939 1061 0 0 0 0 0 0 0 1061 0
 1.230000E+02 0 0 0 0 0 78 0 0 0 0 0 0 1935 1065 0 0 0 0 0 0 0 1065 0
 1.235000E+02 0 0 0 0 0 71 0 0 0 0 0 0 1925 1075 0 0 0 0 0 0 0 1075 0
 1.240000E+02 0 0 0 0 0 68 0 0 0 0 0 0 1938 1062 0 0 0 0 0 0 0 1062 0
 1.245000E+02 0 0 0 0 0 65 0 0 0 0 0 0 1951 1049 0 0 0 0 0 0 0 1049 0
 1.250000E+02 0 0 0 0 0 60 0 0 0 0 0 0 1912 1088 0 0 0 0 0 0 0 1088 0
 1.255000E+02 0 0 0 0 0 63 0 0 0 0 0 0 1904 1096 0 0 0 0 0 0 0 1096 0
 1.260000E+02 0 0 0 0 0 66 0 0 0 0 0 0 1938 1062 0 0 0 0 0 0 0 1062 0
 1.265000E+02 0 0 0 0 0 68 0 0 0 0 0 0 1915 1085 0 0 0 0 0 0 0 1085 0
 1.270000E+02 0 0 0 0 0 66 0 0 0 0 0 0 1899 1101 0 0 0 0 0 0 0 1101 0
 1.275000E+02 0 0 0 0 0 59 0 0 0 0 0 0 1891 1109 0 0 0 0 0 0 0 1109 0
 1.280000E+02 0 0 0 0 0 54 0 0 0 0 0 0 1878 1122 0 0 0 0 0 0 0 1122 0
 1.285000E+02 0 0 0 0 0 56 0 0 0 0 0 0 1896 1104 0 0 0 0 0 0 0 1104 0
 1.290000E+02 0 0 0 0 0 67 0 0 0 0 0 0 1879 1121 0 0 0 0 0 0 0 1121 0
 1.295000E+02 0 0 0 0 0 71 0 0 0 0 0 0 1878 1122 0 0 0 0 0 0 0 1122 0
 1.300000E+02 0 0 0 0 0 69 0 0 0 0 0 0 1880 1120 0 0 0 0 0 0 0 1120 0
 1.305000E+02 0 0 0 0 0 55 0 0 0 0 0 0 1877 1123 0 0 0 0 0 0 0 1123 0
 1.310000E+02 0 0 0 0 0 63 0 0 0 0 0 0 1890 1110 0 0 0 0 0 0 0 1110 0
 1.315000E+02 0 0 0 0 0 67 0 0 0 0 0 0 1909 1091 0 0 0 0 0 0 0 1091 0
 1.320000E+02 0 0 0 0 0 65 0 0 0 0 0 0 1909 1091 0 0 0 0 0 0 0 1091 0
 1.325000E+02 0 0 0 0 0 67 0 0 0 0 0 0 1915 1085 0 0 0 0 0 0 0 1085 0
 1.330000E+02 0 0 0 0 0 67 0 0 0 0 0 0 1903 1097 0 0 0 0 0 0 0 1097 0
 1.335000E+02 0 0 0 0 0 55 0 0 0 0 0 0 1914 1086 0 0 0 0 0 0 0 1086 0
 1.340000E+02 0 0 0 0 0 63 0 0 0 0 0 0 1925 1075 0 0 0 0 0 0 0 1075 0
 1.345000E+02 0 0 0 0 0 59 0 0 0 0 0 0 1912 1088 0 0 0 0 0 0 0 1088 0
 1.350000E+02 0 0 0 0 0 68 0 0 0 0 0 0 1894 1106 0 0 0 0 0 0 0 1106 0
 1.355000E+02 0 0 0 0 0 62 0 0 0 0 0 0 1903 1097 0 0 0 0 0 0 0 1097 0
 1.360000E+02 0 0 0 0 0 60 0 0 0 0 0 0 1888 1112 0 0 0 0 0 0 0 1112 0
 1.365000E+02 0 0 0 0 0 66 0 0 0 0 0 0 1878 1122 0 0 0 0 0 0 0 1122 0
 1.370000E+02 0 0 0 0 0 73 0 0 0 0 0 0 1859 1141 0 0 0 0 0 0 0 1141 0
 1.375000E+02 0 0 0 0 0 60 0 0 0 0 0 0 1860 1140 0 0 0 0 0 0 0 1140 0
 1.380000E+02 0 0 0 0 0 65 0 0 0 0 0 0 1873 1127 0 0 0 0 0 0 0 1127 0
 1.385000E+02 0 0 0 0 0 65 0 0 0 0 0 0 1879 1121 0 0 0 0 0 0 0 1121 0
 1.390000E+02 0 0 0 0 0 51 0 0 0 0 0 0 1841 1159 0 0 0 0 0 0 0 1159 0
 1.395000E+02 0 0 0 0 0 62 0 0 0 0 0 0 1869 1131 0 0 0 0 0 0 0 1131 0
 1.400000E+02 0 0 0 0 0 48 0 0 0 0 0 0 1863 1137 0 0 0 0 0 0 0 1137 0
 1.405000E+02 0 0 0 0 0 60 0 0 0 0 0 0 1875 1125 0 0 0 0 0 0 0 1125 0
 1.410000E+02 0 0 0 0 0 59 0 0 0 0 0 0 1893 1107 0 0 0 0 0 0 0 1107 0
 1.415000E+02 0 0 0 0 0 64 0 0 0 0 0 0 1903 1097 0 0 0 0 0 0 0 1097 0
 1.420000E+02 0 0 0 0 0 53 0 0 0 0 0 0 1880 1120 0 0 0 0 0 0 0 1120 0
 1.425000E+02 0 0 0 0 0 62 0 0 0 0 0 0 1881 1119 0 0 0 0 0 0 0 1119 0
 1.430000E+02 0 0 0 0 0 70 0 0 0 0 0 0 1886 1114 0 0 0 0 0 0 0 1114 0
 1.435000E+02 0 0 0 0 0 63 0 0 0 0 0 0 1887 1113 0 0 0 0 0 0 0 1113 0
 1.440000E+02 0 0 0 0 0 69 0 0 0 0 0 0 1901 1099 0 0 0 0 0 0 0 1099 0
 1.445000E+02 0 0 0 0 0 71 0 0 0 0 0 0 1895 1105 0 0 0 0 0 0 0 1105 0
 1.450000E+02 0 0 0 0 0 60 0 0 0 0 0 0 1890 1110 0 0 0 0 0 0 0 1110 0
 1.455000E+02 0 0 0 0 0 69 0 0 0 0 0 0 1916 1084 0 0 0 0 0 0 0 1084 0
 1.460000E+02 0 0 0 0 0 63 0 0 0 0 0 0 1928 1072 0 0 0 0 0 0 0 1072 0
 1.465000E+02 0 0 0 0 0 60 0 0 0 0 0 0 1954 1046 0 0 0 0 0 0 0 1046 0
 1.470000E+02 0 0 0 0 0 69 0 0 0 0 0 0 1961 1039 0 0 0 0 0 0 0 1039 0
 1.475000E+02 0 0 0 0 0 70 0 0 0 0 0 0 1969 1031 0 0 0 0 0 0 0 1031 0
 1.480000E+02 0 0 0 0 0 72 0 0 0 0 0 0 1970 1030 0 0 0 0 0 0 0 1030 0
 1.485000E+02 0 0 0 0 0 72 0 0 0 0 0 0 1966 1034 0 0 0 0 0 0 0 1034 0
 1.490000E+02 0 0 0 0 0 58 0 0 0 0 0 0 1962 1038 0 0 0 0 0 0 0 1038 0
 1.495000E+02 0 0 0 0 0 70 0 0 0 0 0 0 1974 1026 0 0 0 0 0 0 0 1026 0
 1.500000E+02 0 0 0 0 0 62 0 0 0 0 0 0 1955 1045 0 0 0 0 0 0 0 1045 0
 1.505000E+02 0 0 0 0 0 73 0 0 0 0 0 0 1943 1057 0 0 0 0 0 0 0 1057 0
 1.510000E+02 0 0 0 0 0 59 0 0 0 0 0 0 1958 1042 0 0 0 0 0 0 0 1042 0
 1.515000E+02 0 0 0 0 0 71 0 0 0 0 0 0 1978 1022 0 0 0 0 0 0 0 1022 0
 1.520000E+02 0 0 0 0 0 53 0 0 0 0 0 0 1944 1056 0 0 0 0 0 0 0 1056 0
 1.525000E+02 0 0 0 0 0 67 0 0 0 0 0 0 1947 1053 0 0 0 0 0 0 0 1053 0
 1.530000E+02 0 0 0 0 0 68 0 0 0 0 0 0 1939 1061 0 0 0 0 0 0 0 1061 0
 1.535000E+02 0 0 0 0 0 70 0 0 0 0 0 0 1930 1070 0 0 0 0 0 0 0 1070 0
 1.540000E+02 0 0 0 0 0 65 0 0 0 0 0 0 1924 1076 0 0 0 0 0 0 0 1076 0
 1.545000E+02 0 0 0 0 0 59 0 0 0 0 0 0 1921 1079 0 0 0 0 0 0 0 1079 0
 1.550000E+02 0 0 0 0 0 60 0 0 0 0 0 0 1910 1090 0 0 0 0 0 0 0 1090 0
 1.555000E+02 0 0 0 0 0 67 0 0 0 0 0 0 1905 1095 0 0 0 0 0 0 0 1095 0
 1.560000E+02 0 0 0 0 0 72 0 0 0 0 0 0 1914 1086 0 0 0 0 0 0 0 1086 0
 1.565000E+02 0 0 0 0 0 65 0 0 0 0 0 0 1924 1076 0 0 0 0 0 0 0 1076 0
 1.570000E+02 0 0 0 0 0 68 0 0 0 0 0 0 1902 1098 0 0 0 0 0 0 0 1098 0
 1.575000E+02 0 0 0 0 0 73 0 0 0 0 0 0 1897 1103 0 0 0 0 0 0 0 1103 0
 1.580000E+02 0 0 0 0 0 66 0 0 0 0 0 0 1896 1104 0 0 0 0 0 0 0 1104 0
 1.585000E+02 0 0 0 0 0 59 0 0 0 0 0 0 1914 1086 0 0 0 0 0 0 0 1086 0
 1.590000E+02 0 0 0 0 0 68 0 0 0 0 0 0 1904 1096 0 0 0 0 0 0 0 1096 0
 1.595000E+02 0 0 0 0 0 62 0 0 0 0 0 0 1923 1077 0 0 0 0 0 0 0 1077 0
 1.600000E+02 0 0 0 0 0 67 0 0 0 0 0 0 1925 1075 0 0 0 0 0 0 0 1075 0
 1.605000E+02 0 0 0 0 0 65 0 0 0 0 0 0 1911 1089 0 0 0 0 0 0 0 1089 0
 1.610000E+02 0 0 0 0 0 65 0 0 0 0 0 0 1900 1100 0 0 0 0 0 0 0 1100 0
 1.615000E+02 0 0 0 0 0 57 0 0 0 0 0 0 1897 1103 0 0 0 0 0 0 0 1103 0
 1.620000E+02 0 0 0 0 0 72 0 0 0 0 0 0 1923 1077 0 0 0 0 0 0 0 1077 0
 1.625000E+02 0 0 0 0 0 70 0 0 0 0 0 0 1941 1059 0 0 0 0 0 0 0 1059 0
 1.630000E+02 0 0 0 0 0 71 0 0 0 0 0 0 1942 1058 0 0 0 0 0 0 0 1058 0
 1.635000E+02 0 0 0 0 0 68 0 0 0 0 0 0 1950 1050 0 0 0 0 0 0 0 1050 0
 1.640000E+02 0 0 0 0 0 62 0 0 0 0 0 0 1969 1031 0 0 0 0 0 0 0 1031 0
 1.645000E+02 0 0 0 0 0 78 0 0 0 0 0 0 1968 1032 0 0 0 0 0 0 0 1032 0
 1.650000E+02 0 0 0 0 0 62 0 0 0 0 0 0 1983 1017 0 0 0 0 0 0 0 1017 0
 1.655000E+02 0 0 0 0 0 62 0 0 0 0 0 0 1978 1022 0 0 0 0 0 0 0 1022 0
 1.660000E+02 0 0 0 0 0 61 0 0 0 0 0 0 1956 1044 0 0 0 0 0 0 0 1044 0
 1.665000E+02 0 0 0 0 0 65 0 0 0 0 0 0 1982 1018 0 0 0 0 0 0 0 1018 0
 1.670000E+02 0 0 0 0 0 65 0 0 0 0 0 0 1978 1022 0 0 0 0 0 0 0 1022 0
 1.675000E+02 0 0 0 0 0 65 0 0 0 0 0 0 1964 1036 0 0 0 0 0 0 0 1036 0
 1.680000E+02 0 0 0 0 0 66 0 0 0 0 0 0 1963 1037 0 0 0 0 0 0 0 1037 0
 1.685000E+02 0 0 0 0 0 63 0 0 0 0 0 0 1972 1028 0 0 0 0 0 0 0 1028 0
 1.690000E+02 0 0 0 0 0 66 0 0 0 0 0 0 1985 1015 0 0 0 0 0 0 0 1015 0
 1.695000E+02 0 0 0 0 0 66 0 0 0 0 0 0 1984 1016 0 0 0 0 0 0 0 1016 0
 1.700000E+02 0 0 0 0 0 69 0 0 0 0 0 0 1977 1023 0 0 0 0 0 0 0 1023 0
 1.705000E+02 0 0 0 0 0 67 0 0 0 0 0 0 1960 1040 0 0 0 0 0 0 0 1040 0
 1.710000E+02 0 0 0 0 0 64 0 0 0 0 0 0 1937 1063 0 0 0 0 0 0 0 1063 0
 1.715000E+02 0 0 0 0 0 64 0 0 0 0 0 0 1936 1064 0 0 0 0 0 0 0 1064 0
 1.720000E+02 0 0 0 0 0 58 0 0 0 0 0 0 1944 1056 0 0 0 0 0 0 0 1056 0
 1.725000E+02 0 0 0 0 0 72 0 0 0 0 0 0 1931 1069 0 0 0 0 0 0 0 1069 0
 1.730000E+02 0 0 0 0 0 59 0 0 0 0 0 0 1933 1067 0 0 0 0 0 0 0 1067 0
 1.735000E+02 0 0 0 0 0 51 0 0 0 0 0 0 1927 1073 0 0 0 0 0 0 0 1073 0
 1.740000E+02 0 0 0 0 0 57 0 0 0 0 0 0 1941 1059 0 0 0 0 0 0 0 1059 0
 1.745000E+02 0 0 0 0 0 60 0 0 0 0 0 0 1943 1057 0 0 0 0 0 0 0 1057 0
 1.750000E+02 0 0 0 0 0 62 0 0 0 0 0 0 1938 1062 0 0 0 0 0 0 0 1062 0
 1.755000E+02 0 0 0 0 0 68 0 0 0 0 0 0 1950 1050 0 0 0 0 0 0 0 1050 0
 1.760000E+02 0 0 0 0 0 68 0 0 0 0 0 0 1964 1036 0 0 0 0 0 0 0 1036 0
 1.765000E+02 0 0 0 0 0 61 0 0 0 0 0 0 1972 1028 0 0 0 0 0 0 0 1028 0
 1.770000E+02 0 0 0 0 0 72 0 0 0 0 0 0 1964 1036 0 0 0 0 0 0 0 1036 0
 1.775000E+02 0 0 0 0 0 67 0 0 0 0 0 0 1968 1032 0 0 0 0 0 0 0 1032 0
 1.780000E+02 0 0 0 0 0 66 0 0 0 0 0 0 1977 1023 0 0 0 0 0 0 0 1023 0
 1.785000E+02 0 0 0 0 0 65 0 0 0 0 0 0 1984 1016 0 0 0 0 0 0 0 1016 0
 1.790000E+02 0 0 0 0 0 68 0 0 0 0 0 0 1971 1029 0 0 0 0 0 0 0 1029 0
 1.795000E+02 0 0 0 0 0 56 0 0 0 0 0 0 1969 1031 0 0 0 0 0 0 0 1031 0
 1.800000E+02 0 0 0 0 0 73 0 0 0 0 0 0 1975 1025 0 0 0 0 0 0 0 1025 0
 1.805000E+02 0 0 0 0 0 72 0 0 0 0 0 0 1955 1045 0 0 0 0 0 0 0 1045 0
 1.810000E+02 0 0 0 0 0 55 0 0 0 0 0 0 1946 1054 0 0 0 0 0 0 0 1054 0
 1.815000E+02 0 0 0 0 0 69 0 0 0 0 0 0 1946 1054 0 0 0 0 0 0 0 1054 0
 1.820000E+02 0 0 0 0 0 72 0 0 0 0 0 0 1946 1054 0 0 0 0 0 0 0 1054 0
 1.825000E+02 0 0 0 0 0 69 0 0 0 0 0 0 1932 1068 0 0 0 0 0 0 0 1068 0
 1.830000E+02 0 0 0 0 0 62 0 0 0 0 0 0 1949 1051 0 0 0 0 0 0 0 1051 0
 1.835000E+02 0 0 0 0 0 59 0 0 0 0 0 0 1928 1072 0 0 0 0 0 0 0 1072 0
 1.840000E+02 0 0 0 0 0 64 0 0 0 0 0 0 1903 1097 0 0 0 0 0 0 0 1097 0
 1.845000E+02 0 0 0 0 0 67 0 0 0 0 0 0 1918 1082 0 0 0 0 0 0 0 1082 0
 1.850000E+02 0 0 0 0 0 67 0 0 0 0 0 0 1901 1099 0 0 0 0 0 0 0 1099 0
 1.855000E+02 0 0 0 0 0 65 0 0 0 0 0 0 1910 1090 0 0 0 0 0 0 0 1090 0
 1.860000E+02 0 0 0 0 0 54 0 0 0 0 0 0 1913 1087 0 0 0 0 0 0 0 1087 0
 1.865000E+02 0 0 0 0 0 59 0 0 0 0 0 0 1937 1063 0 0 0 0 0 0 0 1063 0
 1.870000E+02 0 0 0 0 0 67 0 0 0 0 0 0 1920 1080 0 0 0 0 0 0 0 1080 0
 1.875000E+02 0 0 0 0 0 57 0 0 0 0 0 0 1922 1078 0 0 0 0 0 0 0 1078 0
 1.880000E+02 0 0 0 0 0 82 0 0 0 0 0 0 1924 1076 0 0 0 0 0 0 0 1076 0
 1.885000E+02 0 0 0 0 0 59 0 0 0 0 0 0 1947 1053 0 0 0 0 0 0 0 1053 0
 1.890000E+02 0 0 0 0 0 64 0 0 0 0 0 0 1942 1058 0 0 0 0 0 0 0 1058 0
 1.895000E+02 0 0 0 0 0 69 0 0 0 0 0 0 1940 1060 0 0 0 0 0 0 0 1060 0
 1.900000E+02 0 0 0 0 0 63 0 0 0 0 0 0 1926 1074 0 0 0 0 0 0 0 1074 0
 1.905000E+02 0 0 0 0 0 58 0 0 0 0 0 0 1922 1078 0 0 0 0 0 0 0 1078 0
 1.910000E+02 0 0 0 0 0 61 0 0 0 0 0 0 1920 1080 0 0 0 0 0 0 0 1080 0
 1.915000E+02 0 0 0 0 0 65 0 0 0 0 0 0 1921 1079 0 0 0 0 0 0 0 1079 0
 1.920000E+02 0 0 0 0 0 69 0 0 0 0 0 0 1929 1071 0 0 0 0 0 0 0 1071 0
 1.925000E+02 0 0 0 0 0 58 0 0 0 0 0 0 1916 1084 0 0 0 0 0 0 0 1084 0
 1.930000E+02 0 0 0 0 0 62 0 0 0 0 0 0 1896 1104 0 0 0 0 0 0 0 1104 0
 1.935000E+02 0 0 0 0 0 62 0 0 0 0 0 0 1902 1098 0 0 0 0 0 0 0 1098 0
 1.940000E+02 0 0 0 0 0 65 0 0 0 0 0 0 1908 1092 0 0 0 0 0 0 0 1092 0
 1.945000E+02 0 0 0 0 0 60 0 0 0 0 0 0 1905 1095 0 0 0 0 0 0 0 1095 0
 1.950000E+02 0 0 0 0 0 59 0 0 0 0 0 0 1895 1105 0 0 0 0 0 0 0 1105 0
 1.955000E+02 0 0 0 0 0 57 0 0 0 0 0 0 1898 1102 0 0 0 0 0 0 0 1102 0
 1.960000E+02 0 0 0 0 0 70 0 0 0 0 0 0 1912 1088 0 0 0 0 0 0 0 1088 0
 1.965000E+02 0 0 0 0 0 66 0 0 0 0 0 0 1917 1083 0 0 0 0 0 0 0 1083 0
 1.970000E+02 0 0 0 0 0 50 0 0 0 0 0 0 1925 1075 0 0 0 0 0 0 0 1075 0
 1.975000E+02 0 0 0 0 0 68 0 0 0 0 0 0 1916 1084 0 0 0 0 0 0 0 1084 0
 1.980000E+02 0 0 0 0 0 68 0 0 0 0 0 0 1919 1081 0 0 0 0 0 0 0 1081 0
 1.985000E+02 0 0 0 0 0 60 0 0 0 0 0 0 1920 1080 0 0 0 0 0 0 0 1080 0
 1.990000E+02 0 0 0 0 0 57 0 0 0 0 0 0 1930 1070 0 0 0 0 0 0 0 1070 0
 1.995000E+02 0 0 0 0 0 70 0 0 0 0 0 0 1927 1073 0 0 0 0 0 0 0 1073 0
 2.000000E+02 0 0 0 0 0 61 0 0 0 0 0 0 1920 1080 0 0 0 0 0 0 0 1080 0
 2.005000E+02 3960 0 0 425 636 59 0 7 0 0 0 155 1741 934 190 0 0 135 0 0 325 1069 0
 2.010000E+02 3915 0 0 414 684 60 0 17 0 0 0 372 1451 737 522 0 0 290 0 0 812 1027 0
 2.015000E+02 3877 0 0 352 641 59 0 16 0 0 0 563 1167 568 842 0 0 423 0 0 1265 991 0
 2.020000E+02 3821 0 0 288 615 62 0 14 0 0 0 683 911 456 1122 0 0 511 0 0 1633 967 0
 2.025000E+02 3762 0 0 246 585 69 0 17 0 0 0 779 720 363 1348 0 0 569 0 0 1917 932 0
 2.030000E+02 3709 0 0 166 529 56 0 22 0 0 0 881 575 269 1538 0 0 618 0 0 2156 887 0
 2.035000E+02 3648 0 0 149 491 60 0 28 0 0 0 931 433 202 1701 0 0 664 0 0 2365 866 0
 2.040000E+02 3581 0 0 143 496 67 0 27 0 0 0 957 348 152 1808 0 0 692 0 0 2500 844 0
 2.045000E+02 3505 0 0 98 429 63 0 16 0 0 0 975 266 104 1925 0 0 705 0 0 2630 809 0
 2.050000E+02 3435 0 0 81 441 57 0 23 0 0 0 987 201 79 2026 0 0 694 0 0 2720 773 0
 2.055000E+02 3373 0 0 86 418 62 0 13 0 0 0 987 165 59 2083 0 0 693 0 0 2776 752 0
 2.060000E+02 3320 0 0 72 406 68 0 22 0 0 0 993 122 47 2161 0 0 670 0 0 2831 717 0
 2.065000E+02 3275 0 0 66 387 75 0 22 0 0 0 1019 96 33 2159 0 0 712 0 0 2871 745 0
 2.070000E+02 3211 0 0 42 369 60 0 26 0 0 0 1019 70 25 2174 0 0 731 0 0 2905 756 0
 2.075000E+02 3162 0 0 43 340 59 0 27 0 0 0 1026 55 16 2191 0 0 738 0 0 2929 754 0
 2.080000E+02 3099 0 0 33 363 67 0 15 0 0 0 1032 39 14 2211 0 0 736 0 0 2947 750 0
 2.085000E+02 3038 0 0 42 332 77 0 23 0 0 0 1028 38 9 2202 0 0 751 0 0 2953 760 0
 2.090000E+02 2989 0 0 36 332 71 0 28 0 0 0 1026 27 8 2226 0 0 739 0 0 2965 747 0
 2.095000E+02 2935 0 0 31 326 62 0 18 0 0 0 1024 23 6 2220 0 0 751 0 0 2971 757 0
 2.100000E+02 2882 0 0 30 321 64 0 22 0 0 0 1015 18 5 2218 0 0 759 0 0 2977 764 0
 2.105000E+02 2812 0 0 33 315 72 0 25 0 0 0 1019 15 4 2240 0 0 741 0 0 2981 745 0
 2.110000E+02 2760 0 0 27 296 76 0 25 0 0 0 1016 15 3 2264 0 0 718 0 0 2982 721 0
 2.115000E+02 2713 0 0 30 277 76 0 15 0 0 0 1015 9 4 2286 0 0 701 0 0 2987 705 0
 2.120000E+02 2662 0 0 27 287 75 0 11 0 0 0 1014 5 3 2305 0 0 687 0 0 2992 690 0
 2.125000E+02 2613 0 0 20 285 79 0 17 0 0 0 1001 4 3 2300 0 0 693 0 0 2993 696 0
 2.130000E+02 2564 0 0 26 276 69 0 14 0 0 0 1000 3 1 2283 0 0 713 0 0 2996 714 0
 2.135000E+02 2496 0 0 21 256 71 0 22 0 0 0 987 3 1 2281 0 0 715 0 0 2996 716 0
 2.140000E+02 2458 0 0 32 244 64 0 14 0 0 0 994 3 0 2285 0 0 712 0 0 2997 712 0
 2.145000E+02 2402 0 0 24 249 69 0 11 0 0 0 989 3 0 2256 0 0 741 0 0 2997 741 0
 2.150000E+02 2352 0 0 25 233 71 0 21 0 0 0 989 3 0 2267 0 0 730 0 0 2997 730 0
 2.155000E+02 2313 0 0 25 252 67 0 17 0 0 0 986 3 0 2257 0 0 740 0 0 2997 740 0
 2.160000E+02 2272 0 0 22 251 76 0 11 0 0 0 962 3 0 2244 0 0 753 0 0 2997 753 0
 2.165000E+02 2229 0 0 32 240 86 0 10 0 0 0 952 1 0 2238 0 0 761 0 0 2999 761 0
 2.170000E+02 2186 0 0 20 241 66 0 19 0 0 0 961 1 0 2262 0 0 737 0 0 2999 737 0
 2.175000E+02 2150 0 0 23 219 68 0 11 0 0 0 962 1 0 2279 0 0 720 0 0 2999 720 0
 2.180000E+02 2103 0 0 29 204 79 0 7 0 0 0 942 1 0 2275 0 0 724 0 0 2999 724 0
 2.185000E+02 2071 0 0 20 207 74 0 16 0 0 0 947 1 0 2246 0 0 753 0 0 2999 753 0
 2.190000E+02 2031 0 0 20 207 72 0 10 0 0 0 965 1 0 2235 0 0 764 0 0 2999 764 0
 2.195000E+02 2006 0 0 19 211 61 0 11 0 0 0 956 1 0 2200 0 0 799 0 0 2999 799 0
 2.200000E+02 1969 0 0 20 200 70 0 14 0 0 0 936 1 0 2205 0 0 794 0 0 2999 794 0
 2.205000E+02 1940 0 0 25 199 67 0 16 0 0 0 942 1 0 2199 0 0 800 0 0 2999 800 0
 2.210000E+02 1918 0 0 26 190 71 0 14 0 0 0 946 1 0 2189 0 0 810 0 0 2999 810 0
 2.215000E+02 1891 0 0 17 186 66 0 12 0 0 0 945 0 0 2205 0 0 795 0 0 3000 795 0
 2.220000E+02 1846 0 0 14 182 73 0 15 0 0 0 937 0 0 2212 0 0 788 0 0 3000 788 0
 2.225000E+02 1813 0 0 14 197 76 0 6 0 0 0 929 0 0 2188 0 0 812 0 0 3000 812 0
 2.230000E+02 1785 0 0 27 192 61 0 12 0 0 0 921 0 0 2165 0 0 835 0 0 3000 835 0
 2.235000E+02 1749 0 0 27 178 71 0 11 0 0 0 926 0 0 2189 0 0 811 0 0 3000 811 0
 2.240000E+02 1727 0 0 17 164 66 0 11 0 0 0 920 0 0 2182 0 0 818 0 0 3000 818 0
 2.245000E+02 1695 0 0 17 147 68 0 12 0 0 0 897 0 0 2178 0 0 822 0 0 3000 822 0
 2.250000E+02 1675 0 0 18 150 58 0 11 0 0 0 881 0 0 2162 0 0 838 0 0 3000 838 0
 2.255000E+02 1646 0 0 13 160 56 0 13 0 0 0 867 0 0 2165 0 0 835 0 0 3000 835 0
 2.260000E+02 1616 0 0 18 149 63 0 9 0 0 0 869 0 0 2155 0 0 845 0 0 3000 845 0
 2.265000E+02 1591 0 0 15 139 71 0 4 0 0 0 861 0 0 2158 0 0 842 0 0 3000 842 0
 2.270000E+02 1562 0 0 14 141 71 0 12 0 0 0 854 0 0 2145 0 0 855 0 0 3000 855 0
 2.275000E+02 1535 0 0 20 134 63 0 11 0 0 0 854 0 0 2150 0 0 850 0 0 3000 850 0
 2.280000E+02 1519 0 0 15 133 66 0 15 0 0 0 844 0 0 2157 0 0 843 0 0 3000 843 0
 2.285000E+02 1486 0 0 15 133 76 0 9 0 0 0 824 0 0 2153 0 0 847 0 0 3000 847 0
 2.290000E+02 1461 0 0 19 130 77 0 15 0 0 0 822 0 0 2151 0 0 849 0 0 3000 849 0
 2.295000E+02 1430 0 0 18 136 63 0 8 0 0 0 834 0 0 2154 0 0 846 0 0 3000 846 0
 2.300000E+02 1410 0 0 15 125 76 0 9 0 0 0 830 0 0 2169 0 0 831 0 0 3000 831 0
 2.305000E+02 1381 0 0 19 136 66 0 4 0 0 0 825 0 0 2166 0 0 834 0 0 3000 834 0
 2.310000E+02 1359 0 0 15 140 67 0 12 0 0 0 826 0 0 2157 0 0 843 0 0 3000 843 0
 2.315000E+02 1334 0 0 26 131 79 0 10 0 0 0 834 0 0 2148 0 0 852 0 0 3000 852 0
 2.320000E+02 1313 0 0 9 116 66 0 9 0 0 0 831 0 0 2151 0 0 849 0 0 3000 849 0
 2.325000E+02 1294 0 0 15 124 53 0 12 0 0 0 811 0 0 2154 0 0 846 0 0 3000 846 0
 2.330000E+02 1276 0 0 19 122 61 0 7 0 0 0 809 0 0 2133 0 0 867 0 0 3000 867 0
 2.335000E+02 1256 0 0 17 123 68 0 12 0 0 0 804 0 0 2120 0 0 880 0 0 3000 880 0
 2.340000E+02 1234 0 0 19 123 73 0 8 0 0 0 791 0 0 2122 0 0 878 0 0 3000 878 0
 2.345000E+02 1216 0 0 18 125 70 0 5 0 0 0 792 0 0 2096 0 0 904 0 0 3000 904 0
 2.350000E+02 1198 0 0 16 118 69 0 9 0 0 0 799 0 0 2087 0 0 913 0 0 3000 913 0
 2.355000E+02 1174 0 0 18 119 67 0 4 0 0 0 801 0 0 2074 0 0 926 0 0 3000 926 0
 2.360000E+02 1149 0 0 10 113 67 0 10 0 0 0 802 0 0 2089 0 0 911 0 0 3000 911 0
 2.365000E+02 1130 0 0 13 118 67 0 9 0 0 0 814 0 0 2092 0 0 908 0 0 3000 908 0
 2.370000E+02 1111 0 0 20 118 63 0 12 0 0 0 811 0 0 2102 0 0 898 0 0 3000 898 0
 2.375000E+02 1094 0 0 16 105 65 0 7 0 0 0 807 0 0 2098 0 0 902 0 0 3000 902 0
 2.380000E+02 1082 0 0 15 109 67 0 5 0 0 0 804 0 0 2085 0 0 915 0 0 3000 915 0
 2.385000E+02 1068 0 0 12 105 64 0 10 0 0 0 794 0 0 2061 0 0 939 0 0 3000 939 0
 2.390000E+02 1053 0 0 13 97 69 0 10 0 0 0 787 0 0 2059 0 0 941 0 0 3000 941 0
 2.395000E+02 1042 0 0 14 99 67 0 6 0 0 0 771 0 0 2069 0 0 931 0 0 3000 931 0
 2.400000E+02 1024 0 0 10 100 61 0 6 0 0 0 784 0 0 2077 0 0 923 0 0 3000 923 0
 2.405000E+02 1009 0 0 11 98 67 0 4 0 0 0 776 0 0 2054 0 0 946 0 0 3000 946 0
 2.410000E+02 995 0 0 11 99 68 0 14 0 0 0 767 0 0 2073 0 0 927 0 0 3000 927 0
 2.415000E+02 969 0 0 11 94 66 0 11 0 0 0 773 0 0 2058 0 0 942 0 0 3000 942 0
 2.420000E+02 958 0 0 10 90 64 0 6 0 0 0 760 0 0 2056 0 0 944 0 0 3000 944 0
 2.425000E+02 947 0 0 13 92 69 0 5 0 0 0 752 0 0 2060 0 0 940 0 0 3000 940 0
 2.430000E+02 935 0 0 13 96 60 0 7 0 0 0 761 0 0 2068 0 0 932 0 0 3000 932 0
 2.435000E+02 918 0 0 15 93 61 0 10 0 0 0 762 0 0 2075 0 0 925 0 0 3000 925 0
 2.440000E+02 904 0 0 15 88 68 0 9 0 0 0 779 0 0 2094 0 0 906 0 0 3000 906 0
 2.445000E+02 894 0 0 13 85 64 0 10 0 0 0 768 0 0 2101 0 0 899 0 0 3000 899 0
 2.450000E+02 881 0 0 11 88 64 0 5 0 0 0 764 0 0 2080 0 0 920 0 0 3000 920 0
 2.455000E+02 876 0 0 13 85 75 0 0 0 0 0 772 0 0 2055 0 0 945 0 0 3000 945 0
 2.460000E+02 862 0 0 9 80 62 0 8 0 0 0 760 0 0 2046 0 0 954 0 0 3000 954 0
 2.465000E+02 854 0 0 11 78 56 0 5 0 0 0 745 0 0 2034 0 0 966 0 0 3000 966 0
 2.470000E+02 840 0 0 9 75 70 0 5 0 0 0 741 0 0 2034 0 0 966 0 0 3000 966 0
 2.475000E+02 825 0 0 13 72 74 0 6 0 0 0 734 0 0 2031 0 0 969 0 0 3000 969 0
 2.480000E+02 804 0 0 13 75 75 0 5 0 0 0 747 0 0 2027 0 0 973 0 0 3000 973 0
 2.485000E+02 798 0 0 15 78 68 0 4 0 0 0 732 0 0 2054 0 0 946 0 0 3000 946 0
 2.490000E+02 785 0 0 9 73 63 0 4 0 0 0 724 0 0 2039 0 0 961 0 0 3000 961 0
 2.495000E+02 771 0 0 11 71 60 0 4 0 0 0 716 0 0 2033 0 0 967 0 0 3000 967 0
 2.500000E+02 759 0 0 17 69 68 0 5 0 0 0 702 0 0 2018 0 0 982 0 0 3000 982 0
 2.505000E+02 751 0 0 6 72 61 0 3 0 0 0 696 0 0 1984 0 0 1016 0 0 3000 1016 0
 2.510000E+02 739 0 0 21 69 60 0 7 0 0 0 683 0 0 1987 0 0 1013 0 0 3000 1013 0
 2.515000E+02 726 0 0 10 74 66 0 5 0 0 0 686 0 0 2014 0 0 986 0 0 3000 986 0
 2.520000E+02 721 0 0 10 71 66 0 9 0 0 0 692 0 0 2015 0 0 985 0 0 3000 985 0
 2.525000E+02 702 0 0 13 70 64 0 5 0 0 0 692 0 0 2011 0 0 989 0 0 3000 989 0
 2.530000E+02 689 0 0 7 70 63 0 4 0 0 0 687 0 0 1992 0 0 1008 0 0 3000 1008 0
 2.535000E+02 685 0 0 10 67 67 0 5 0 0 0 687 0 0 1988 0 0 1012 0 0 3000 1012 0
 2.540000E+02 678 0 0 9 65 55 0 6 0 0 0 688 0 0 1987 0 0 1013 0 0 3000 1013 0
 2.545000E+02 667 0 0 8 67 58 0 6 0 0 0 680 0 0 2000 0 0 1000 0 0 3000 1000 0
 2.550000E+02 657 0 0 9 67 59 0 6 0 0 0 674 0 0 2010 0 0 990 0 0 3000 990 0
 2.555000E+02 651 0 0 13 63 67 0 4 0 0 0 662 0 0 2005 0 0 995 0 0 3000 995 0
 2.560000E+02 640 0 0 11 59 59 0 2 0 0 0 658 0 0 1990 0 0 1010 0 0 3000 1010 0
 2.565000E+02 626 0 0 8 58 58 0 1 0 0 0 653 0 0 1988 0 0 1012 0 0 3000 1012 0
 2.570000E+02 619 0 0 13 55 81 0 4 0 0 0 655 0 0 1994 0 0 1006 0 0 3000 1006 0
 2.575000E+02 611 0 0 18 56 73 0 6 0 0 0 655 0 0 2015 0 0 985 0 0 3000 985 0
 2.580000E+02 605 0 0 10 56 66 0 3 0 0 0 645 0 0 2016 0 0 984 0 0 3000 984 0
 2.585000E+02 597 0 0 7 49 64 0 6 0 0 0 642 0 0 2008 0 0 992 0 0 3000 992 0
 2.590000E+02 592 0 0 11 53 75 0 5 0 0 0 632 0 0 2009 0 0 991 0 0 3000 991 0
 2.595000E+02 586 0 0 8 53 57 0 3 0 0 0 620 0 0 1997 0 0 1003 0 0 3000 1003 0
 2.600000E+02 576 0 0 6 50 63 0 8 0 0 0 618 0 0 2010 0 0 990 0 0 3000 990 0
 2.605000E+02 569 0 0 8 50 67 0 3 0 0 0 610 0 0 2014 0 0 986 0 0 3000 986 0
 2.610000E+02 555 0 0 13 49 65 0 3 0 0 0 621 0 0 1999 0 0 1001 0 0 3000 1001 0
 2.615000E+02 549 0 0 7 50 65 0 4 0 0 0 615 0 0 2005 0 0 995 0 0 3000 995 0
 2.620000E+02 546 0 0 7 50 56 0 5 0 0 0 594 0 0 1997 0 0 1003 0 0 3000 1003 0
 2.625000E+02 541 0 0 7 46 66 0 3 0 0 0 587 0 0 1997 0 0 1003 0 0 3000 1003 0
 2.630000E+02 528 0 0 6 46 70 0 3 0 0 0 584 0 0 1978 0 0 1022 0 0 3000 1022 0
 2.635000E+02 522 0 0 6 43 75 0 3 0 0 0 577 0 0 1997 0 0 1003 0 0 3000 1003 0
 2.640000E+02 515 0 0 12 44 67 0 1 0 0 0 576 0 0 1997 0 0 1003 0 0 3000 1003 0
 2.645000E+02 509 0 0 9 44 60 0 1 0 0 0 568 0 0 1990 0 0 1010 0 0 3000 1010 0
 2.650000E+02 508 0 0 6 42 66 0 3 0 0 0 567 0 0 1986 0 0 1014 0 0 3000 1014 0
 2.655000E+02 501 0 0 8 41 71 0 8 0 0 0 549 0 0 1992 0 0 1008 0 0 3000 1008 0
 2.660000E+02 493 0 0 6 40 70 0 4 0 0 0 546 0 0 2017 0 0 983 0 0 3000 983 0
 2.665000E+02 486 0 0 8 42 66 0 6 0 0 0 553 0 0 2013 0 0 987 0 0 3000 987 0
 2.670000E+02 477 0 0 8 42 68 0 9 0 0 0 546 0 0 2038 0 0 962 0 0 3000 962 0
 2.675000E+02 472 0 0 7 40 62 0 4 0 0 0 538 0 0 2029 0 0 971 0 0 3000 971 0
 2.680000E+02 468 0 0 4 40 61 0 6 0 0 0 539 0 0 2025 0 0 975 0 0 3000 975 0
 2.685000E+02 458 0 0 4 40 61 0 6 0 0 0 539 0 0 2036 0 0 964 0 0 3000 964 0
 2.690000E+02 444 0 0 13 40 63 0 3 0 0 0 536 0 0 2048 0 0 952 0 0 3000 952 0
 2.695000E+02 438 0 0 11 40 66 0 2 0 0 0 531 0 0 2050 0 0 950 0 0 3000 950 0
 2.700000E+02 434 0 0 8 40 65 0 3 0 0 0 538 0 0 2033 0 0 967 0 0 3000 967 0
 2.705000E+02 425 0 0 8 38 72 0 2 0 0 0 522 0 0 2046 0 0 954 0 0 3000 954 0
 2.710000E+02 420 0 0 9 40 70 0 3 0 0 0 513 0 0 2034 0 0 966 0 0 3000 966 0
 2.715000E+02 412 0 0 3 40 72 0 4 0 0 0 515 0 0 2021 0 0 979 0 0 3000 979 0
 2.720000E+02 407 0 0 8 39 61 0 3 0 0 0 520 0 0 2019 0 0 981 0 0 3000 981 0
 2.725000E+02 405 0 0 3 40 60 0 5 0 0 0 516 0 0 2013 0 0 987 0 0 3000 987 0
 2.730000E+02 404 0 0 10 40 60 0 4 0 0 0 501 0 0 2017 0 0 983 0 0 3000 983 0
 2.735000E+02 401 0 0 7 41 72 0 1 0 0 0 504 0 0 2026 0 0 974 0 0 3000 974 0
 2.740000E+02 398 0 0 4 42 66 0 8 0 0 0 490 0 0 2056 0 0 944 0 0 3000 944 0
 2.745000E+02 391 0 0 9 41 65 0 2 0 0 0 495 0 0 2088 0 0 912 0 0 3000 912 0
 2.750000E+02 388 0 0 10 42 75 0 5 0 0 0 494 0 0 2075 0 0 925 0 0 3000 925 0
 2.755000E+02 382 0 0 8 42 79 0 3 0 0 0 495 0 0 2078 0 0 922 0 0 3000 922 0
 2.760000E+02 382 0 0 13 39 63 0 3 0 0 0 510 0 0 2037 0 0 963 0 0 3000 963 0
 2.765000E+02 377 0 0 11 40 70 0 5 0 0 0 508 0 0 2035 0 0 965 0 0 3000 965 0
 2.770000E+02 372 0 0 14 40 65 0 3 0 0 0 515 0 0 2021 0 0 979 0 0 3000 979 0
 2.775000E+02 366 0 0 7 38 80 0 2 0 0 0 497 0 0 2029 0 0 971 0 0 3000 971 0
 2.780000E+02 360 0 0 6 40 73 0 1 0 0 0 492 0 0 2015 0 0 985 0 0 3000 985 0
 2.785000E+02 357 0 0 7 38 68 0 3 0 0 0 482 0 0 2024 0 0 976 0 0 3000 976 0
 2.790000E+02 350 0 0 8 35 64 0 1 0 0 0 480 0 0 2020 0 0 980 0 0 3000 980 0
 2.795000E+02 349 0 0 6 35 72 0 3 0 0 0 467 0 0 2009 0 0 991 0 0 3000 991 0
 2.800000E+02 346 0 0 5 34 57 0 1 0 0 0 470 0 0 2019 0 0 981 0 0 3000 981 0
 2.805000E+02 343 0 0 5 34 54 0 3 0 0 0 472 0 0 2024 0 0 976 0 0 3000 976 0
 2.810000E+02 339 0 0 7 34 66 0 0 0 0 0 466 0 0 2018 0 0 982 0 0 3000 982 0
 2.815000E+02 334 0 0 3 34 60 0 2 0 0 0 457 0 0 2006 0 0 994 0 0 3000 994 0
 2.820000E+02 329 0 0 5 34 55 0 3 0 0 0 455 0 0 1996 0 0 1004 0 0 3000 1004 0
 2.825000E+02 328 0 0 8 34 54 0 1 0 0 0 452 0 0 1999 0 0 1001 0 0 3000 1001 0
 2.830000E+02 322 0 0 7 36 49 0 5 0 0 0 455 0 0 2013 0 0 987 0 0 3000 987 0
 2.835000E+02 317 0 0 2 33 69 0 4 0 0 0 461 0 0 2021 0 0 979 0 0 3000 979 0
 2.840000E+02 311 0 0 6 34 66 0 3 0 0 0 446 0 0 2021 0 0 979 0 0 3000 979 0
 2.845000E+02 307 0 0 7 33 71 0 2 0 0 0 440 0 0 2022 0 0 978 0 0 3000 978 0
 2.850000E+02 304 0 0 7 33 68 0 3 0 0 0 427 0 0 2036 0 0 964 0 0 3000 964 0
 2.855000E+02 302 0 0 4 34 75 0 5 0 0 0 438 0 0 2004 0 0 996 0 0 3000 996 0
 2.860000E+02 299 0 0 5 33 63 0 4 0 0 0 432 0 0 1992 0 0 1008 0 0 3000 1008 0
 2.865000E+02 297 0 0 13 34 61 0 0 0 0 0 419 0 0 1982 0 0 1018 0 0 3000 1018 0
 2.870000E+02 296 0 0 9 34 74 0 0 0 0 0 419 0 0 1980 0 0 1020 0 0 3000 1020 0
 2.875000E+02 292 0 0 6 34 59 0 3 0 0 0 423 0 0 1978 0 0 1022 0 0 3000 1022 0
 2.880000E+02 289 0 0 4 33 53 0 3 0 0 0 428 0 0 1965 0 0 1035 0 0 3000 1035 0
 2.885000E+02 284 0 0 6 34 60 0 2 0 0 0 425 0 0 1992 0 0 1008 0 0 3000 1008 0
 2.890000E+02 282 0 0 9 34 54 0 6 0 0 0 413 0 0 1989 0 0 1011 0 0 3000 1011 0
 2.895000E+02 280 0 0 4 31 62 0 3 0 0 0 406 0 0 1994 0 0 1006 0 0 3000 1006 0
 2.900000E+02 279 0 0 5 33 74 0 2 0 0 0 402 0 0 1960 0 0 1040 0 0 3000 1040 0
 2.905000E+02 277 0 0 6 34 59 0 5 0 0 0 401 0 0 1983 0 0 1017 0 0 3000 1017 0
 2.910000E+02 273 0 0 6 34 60 0 4 0 0 0 406 0 0 2002 0 0 998 0 0 3000 998 0
 2.915000E+02 272 0 0 4 31 74 0 2 0 0 0 405 0 0 2015 0 0 985 0 0 3000 985 0
 2.920000E+02 270 0 0 11 33 59 0 2 0 0 0 398 0 0 2015 0 0 985 0 0 3000 985 0
 2.925000E+02 267 0 0 7 34 56 0 2 0 0 0 399 0 0 2004 0 0 996 0 0 3000 996 0
 2.930000E+02 263 0 0 8 34 60 0 2 0 0 0 402 0 0 1997 0 0 1003 0 0 3000 1003 0
 2.935000E+02 259 0 0 9 34 68 0 5 0 0 0 401 0 0 2010 0 0 990 0 0 3000 990 0
 2.940000E+02 256 0 0 10 33 64 0 3 0 0 0 401 0 0 2003 0 0 997 0 0 3000 997 0
 2.945000E+02 255 0 0 2 33 62 0 1 0 0 0 399 0 0 2000 0 0 1000 0 0 3000 1000 0
 2.950000E+02 251 0 0 5 34 59 0 3 0 0 0 395 0 0 1992 0 0 1008 0 0 3000 1008 0
 2.955000E+02 250 0 0 5 33 75 0 4 0 0 0 397 0 0 1985 0 0 1015 0 0 3000 1015 0
 2.960000E+02 247 0 0 8 34 66 0 1 0 0 0 404 0 0 1988 0 0 1012 0 0 3000 1012 0
 2.965000E+02 245 0 0 7 33 64 0 1 0 0 0 392 0 0 1971 0 0 1029 0 0 3000 1029 0
 2.970000E+02 245 0 0 8 32 64 0 4 0 0 0 382 0 0 1954 0 0 1046 0 0 3000 1046 0
 2.975000E+02 241 0 0 7 33 59 0 4 0 0 0 398 0 0 1939 0 0 1061 0 0 3000 1061 0
 2.980000E+02 239 0 0 6 34 66 0 1 0 0 0 387 0 0 1941 0 0 1059 0 0 3000 1059 0
 2.985000E+02 238 0 0 9 33 76 0 3 0 0 0 398 0 0 1945 0 0 1055 0 0 3000 1055 0
 2.990000E+02 238 0 0 7 34 57 0 4 0 0 0 398 0 0 1921 0 0 1079 0 0 3000 1079 0
 2.995000E+02 235 0 0 7 34 65 0 3 0 0 0 404 0 0 1940 0 0 1060 0 0 3000 1060 0
 3.000000E+02 233 0 0 10 32 53 0 1 0 0 0 400 0 0 1946 0 0 1054 0 0 3000 1054 0
 3.005000E+02 226 0 0 7 31 78 0 0 0 0 0 405 0 0 1962 0 0 1038 0 0 3000 1038 0
 3.010000E+02 222 0 0 8 32 57 0 3 0 0 0 401 0 0 1949 0 0 1051 0 0 3000 1051 0
 3.015000E+02 221 0 0 10 31 62 0 1 0 0 0 401 0 0 1944 0 0 1056 0 0 3000 1056 0
 3.020000E+02 219 0 0 2 31 55 0 2 0 0 0 400 0 0 1959 0 0 1041 0 0 3000 1041 0
 3.025000E+02 217 0 0 8 32 70 0 0 0 0 0 398 0 0 1967 0 0 1033 0 0 3000 1033 0
 3.030000E+02 216 0 0 5 32 58 0 2 0 0 0 391 0 0 1985 0 0 1015 0 0 3000 1015 0
 3.035000E+02 215 0 0 8 31 69 0 4 0 0 0 391 0 0 1999 0 0 1001 0 0 3000 1001 0
 3.040000E+02 211 0 0 3 32 57 0 0 0 0 0 405 0 0 2017 0 0 983 0 0 3000 983 0
 3.045000E+02 210 0 0 9 32 64 0 1 0 0 0 402 0 0 1979 0 0 1021 0 0 3000 1021 0
 3.050000E+02 208 0 0 3 32 63 0 4 0 0 0 400 0 0 1983 0 0 1017 0 0 3000 1017 0
 3.055000E+02 208 0 0 4 31 57 0 5 0 0 0 415 0 0 1990 0 0 1010 0 0 3000 1010 0
 3.060000E+02 203 0 0 8 32 70 0 0 0 0 0 405 0 0 1991 0 0 1009 0 0 3000 1009 0
 3.065000E+02 200 0 0 5 30 67 0 6 0 0 0 410 0 0 1979 0 0 1021 0 0 3000 1021 0
 3.070000E+02 200 0 0 5 30 51 0 3 0 0 0 403 0 0 1974 0 0 1026 0 0 3000 1026 0
 3.075000E+02 200 0 0 6 29 68 0 1 0 0 0 410 0 0 1946 0 0 1054 0 0 3000 1054 0
 3.080000E+02 196 0 0 6 29 57 0 0 0 0 0 414 0 0 1955 0 0 1045 0 0 3000 1045 0
 3.085000E+02 190 0 0 2 30 60 0 3 0 0 0 405 0 0 1957 0 0 1043 0 0 3000 1043 0
 3.090000E+02 189 0 0 6 29 68 0 1 0 0 0 402 0 0 1980 0 0 1020 0 0 3000 1020 0
 3.095000E+02 187 0 0 9 30 68 0 4 0 0 0 397 0 0 1985 0 0 1015 0 0 3000 1015 0
 3.100000E+02 186 0 0 8 30 71 0 1 0 0 0 391 0 0 1969 0 0 1031 0 0 3000 1031 0
 3.105000E+02 185 0 0 7 30 63 0 3 0 0 0 394 0 0 1967 0 0 1033 0 0 3000 1033 0
 3.110000E+02 182 0 0 7 30 60 0 1 0 0 0 392 0 0 1967 0 0 1033 0 0 3000 1033 0
 3.115000E+02 178 0 0 5 30 62 0 1 0 0 0 398 0 0 1977 0 0 1023 0 0 3000 1023 0
 3.120000E+02 177 0 0 3 29 68 0 2 0 0 0 400 0 0 1963 0 0 1037 0 0 3000 1037 0
 3.125000E+02 175 0 0 8 30 66 0 1 0 0 0 405 0 0 1965 0 0 1035 0 0 3000 1035 0
 3.130000E+02 174 0 0 3 29 67 0 1 0 0 0 412 0 0 1967 0 0 1033 0 0 3000 1033 0
 3.135000E+02 173 0 0 5 30 62 0 3 0 0 0 408 0 0 1984 0 0 1016 0 0 3000 1016 0
 3.140000E+02 169 0 0 7 30 58 0 2 0 0 0 417 0 0 1971 0 0 1029 0 0 3000 1029 0
 3.145000E+02 168 0 0 7 30 62 0 3 0 0 0 420 0 0 1992 0 0 1008 0 0 3000 1008 0
 3.150000E+02 167 0 0 6 29 72 0 1 0 0 0 421 0 0 1982 0 0 1018 0 0 3000 1018 0
 3.155000E+02 164 0 0 5 28 72 0 2 0 0 0 411 0 0 1997 0 0 1003 0 0 3000 1003 0
 3.160000E+02 161 0 0 4 28 70 0 2 0 0 0 407 0 0 2000 0 0 1000 0 0 3000 1000 0
 3.165000E+02 160 0 0 5 27 61 0 1 0 0 0 403 0 0 1990 0 0 1010 0 0 3000 1010 0
 3.170000E+02 159 0 0 8 28 68 0 1 0 0 0 399 0 0 1971 0 0 1029 0 0 3000 1029 0
 3.175000E+02 157 0 0 8 28 71 0 2 0 0 0 392 0 0 1989 0 0 1011 0 0 3000 1011 0
 3.180000E+02 153 0 0 5 28 70 0 1 0 0 0 385 0 0 1986 0 0 1014 0 0 3000 1014 0
 3.185000E+02 150 0 0 9 27 57 0 2 0 0 0 383 0 0 2007 0 0 993 0 0 3000 993 0
 3.190000E+02 147 0 0 7 27 59 0 4 0 0 0 372 0 0 2008 0 0 992 0 0 3000 992 0
 3.195000E+02 147 0 0 2 28 69 0 1 0 0 0 370 0 0 2012 0 0 988 0 0 3000 988 0
 3.200000E+02 145 0 0 8 28 62 0 3 0 0 0 376 0 0 1998 0 0 1002 0 0 3000 1002 0
 3.205000E+02 144 0 0 2 28 66 0 3 0 0 0 387 0 0 2002 0 0 998 0 0 3000 998 0
 3.210000E+02 142 0 0 6 27 66 0 2 0 0 0 392 0 0 1993 0 0 1007 0 0 3000 1007 0
 3.215000E+02 141 0 0 4 28 60 0 4 0 0 0 379 0 0 1990 0 0 1010 0 0 3000 1010 0
 3.220000E+02 141 0 0 3 28 70 0 3 0 0 0 374 0 0 1999 0 0 1001 0 0 3000 1001 0
 3.225000E+02 140 0 0 6 28 64 0 3 0 0 0 375 0 0 1991 0 0 1009 0 0 3000 1009 0
 3.230000E+02 138 0 0 7 28 67 0 2 0 0 0 377 0 0 1952 0 0 1048 0 0 3000 1048 0
 3.235000E+02 137 0 0 4 27 77 0 2 0 0 0 368 0 0 1960 0 0 1040 0 0 3000 1040 0
 3.240000E+02 136 0 0 4 28 68 0 2 0 0 0 366 0 0 1959 0 0 1041 0 0 3000 1041 0
 3.245000E+02 135 0 0 3 27 68 0 1 0 0 0 374 0 0 1970 0 0 1030 0 0 3000 1030 0
 3.250000E+02 135 0 0 11 27 64 0 2 0 0 0 377 0 0 1979 0 0 1021 0 0 3000 1021 0
 3.255000E+02 133 0 0 3 28 61 0 1 0 0 0 376 0 0 1982 0 0 1018 0 0 3000 1018 0
 3.260000E+02 132 0 0 6 27 65 0 3 0 0 0 367 0 0 1998 0 0 1002 0 0 3000 1002 0
 3.265000E+02 130 0 0 3 28 70 0 2 0 0 0 365 0 0 1970 0 0 1030 0 0 3000 1030 0
 3.270000E+02 130 0 0 4 28 66 0 0 0 0 0 367 0 0 1972 0 0 1028 0 0 3000 1028 0
 3.275000E+02 128 0 0 2 27 73 0 0 0 0 0 369 0 0 1980 0 0 1020 0 0 3000 1020 0
 3.280000E+02 128 0 0 7 28 69 0 2 0 0 0 376 0 0 1967 0 0 1033 0 0 3000 1033 0
 3.285000E+02 126 0 0 7 28 58 0 1 0 0 0 377 0 0 1975 0 0 1025 0 0 3000 1025 0
 3.290000E+02 125 0 0 3 26 66 0 2 0 0 0 372 0 0 1967 0 0 1033 0 0 3000 1033 0
 3.295000E+02 125 0 0 3 26 57 0 2 0 0 0 371 0 0 1949 0 0 1051 0 0 3000 1051 0
 3.300000E+02 123 0 0 6 26 66 0 2 0 0 0 376 0 0 1953 0 0 1047 0 0 3000 1047 0
 3.305000E+02 121 0 0 5 25 65 0 1 0 0 0 375 0 0 1961 0 0 1039 0 0 3000 1039 0
 3.310000E+02 119 0 0 8 24 62 0 1 0 0 0 374 0 0 1952 0 0 1048 0 0 3000 1048 0
 3.315000E+02 116 0 0 5 24 62 0 4 0 0 0 377 0 0 1964 0 0 1036 0 0 3000 1036 0
 3.320000E+02 114 0 0 6 24 61 0 4 0 0 0 372 0 0 1974 0 0 1026 0 0 3000 1026 0
 3.325000E+02 114 0 0 6 24 59 0 0 0 0 0 370 0 0 1973 0 0 1027 0 0 3000 1027 0
 3.330000E+02 113 0 0 3 24 65 0 2 0 0 0 374 0 0 1962 0 0 1038 0 0 3000 1038 0
 3.335000E+02 111 0 0 12 24 63 0 1 0 0 0 374 0 0 1957 0 0 1043 0 0 3000 1043 0
 3.340000E+02 110 0 0 5 24 64 0 0 0 0 0 377 0 0 1978 0 0 1022 0 0 3000 1022 0
 3.345000E+02 107 0 0 4 24 62 0 1 0 0 0 376 0 0 1980 0 0 1020 0 0 3000 1020 0
 3.350000E+02 106 0 0 8 24 63 0 1 0 0 0 378 0 0 1991 0 0 1009 0 0 3000 1009 0
 3.355000E+02 106 0 0 5 24 80 0 2 0 0 0 369 0 0 1979 0 0 1021 0 0 3000 1021 0
 3.360000E+02 106 0 0 2 24 55 0 0 0 0 0 368 0 0 1993 0 0 1007 0 0 3000 1007 0
 3.365000E+02 106 0 0 6 24 65 0 1 0 0 0 367 0 0 1988 0 0 1012 0 0 3000 1012 0
 3.370000E+02 103 0 0 5 24 67 0 2 0 0 0 371 0 0 1991 0 0 1009 0 0 3000 1009 0
 3.375000E+02 103 0 0 6 24 70 0 1 0 0 0 368 0 0 1970 0 0 1030 0 0 3000 1030 0
 3.380000E+02 103 0 0 8 24 62 0 2 0 0 0 359 0 0 1956 0 0 1044 0 0 3000 1044 0
 3.385000E+02 103 0 0 4 24 72 0 1 0 0 0 354 0 0 1973 0 0 1027 0 0 3000 1027 0
 3.390000E+02 102 0 0 4 22 70 0 2 0 0 0 341 0 0 1987 0 0 1013 0 0 3000 1013 0
 3.395000E+02 102 0 0 5 22 60 0 0 0 0 0 342 0 0 1966 0 0 1034 0 0 3000 1034 0
 3.400000E+02 101 0 0 5 22 65 0 1 0 0 0 338 0 0 1971 0 0 1029 0 0 3000 1029 0
 3.405000E+02 101 0 0 7 21 60 0 1 0 0 0 340 0 0 1980 0 0 1020 0 0 3000 1020 0
 3.410000E+02 100 0 0 1 21 65 0 1 0 0 0 339 0 0 1976 0 0 1024 0 0 3000 1024 0
 3.415000E+02 100 0 0 6 22 57 0 1 0 0 0 338 0 0 1951 0 0 1049 0 0 3000 1049 0
 3.420000E+02 98 0 0 1 22 59 0 2 0 0 0 333 0 0 1950 0 0 1050 0 0 3000 1050 0
 3.425000E+02 97 0 0 5 22 59 0 3 0 0 0 329 0 0 1932 0 0 1068 0 0 3000 1068 0
 3.430000E+02 97 0 0 6 21 54 0 0 0 0 0 328 0 0 1947 0 0 1053 0 0 3000 1053 0
 3.435000E+02 95 0 0 2 22 62 0 1 0 0 0 330 0 0 1972 0 0 1028 0 0 3000 1028 0
 3.440000E+02 94 0 0 5 22 65 0 1 0 0 0 328 0 0 1979 0 0 1021 0 0 3000 1021 0
 3.445000E+02 94 0 0 2 22 72 0 1 0 0 0 327 0 0 1985 0 0 1015 0 0 3000 1015 0
 3.450000E+02 93 0 0 6 22 57 0 1 0 0 0 322 0 0 1985 0 0 1015 0 0 3000 1015 0
 3.455000E+02 92 0 0 9 22 75 0 1 0 0 0 317 0 0 1979 0 0 1021 0 0 3000 1021 0
 3.460000E+02 92 0 0 3 22 63 0 3 0 0 0 316 0 0 1972 0 0 1028 0 0 3000 1028 0
 3.465000E+02 91 0 0 4 22 64 0 1 0 0 0 317 0 0 1964 0 0 1036 0 0 3000 1036 0
 3.470000E+02 90 0 0 2 21 67 0 2 0 0 0 314 0 0 1973 0 0 1027 0 0 3000 1027 0
 3.475000E+02 90 0 0 8 22 71 0 3 0 0 0 303 0 0 1964 0 0 1036 0 0 3000 1036 0
 3.480000E+02 89 0 0 5 21 63 0 2 0 0 0 310 0 0 1951 0 0 1049 0 0 3000 1049 0
 3.485000E+02 89 0 0 3 21 73 0 0 0 0 0 302 0 0 1936 0 0 1064 0 0 3000 1064 0
 3.490000E+02 89 0 0 4 22 72 0 2 0 0 0 300 0 0 1933 0 0 1067 0 0 3000 1067 0
 3.495000E+02 89 0 0 7 22 63 0 2 0 0 0 295 0 0 1951 0 0 1049 0 0 3000 1049 0
 3.500000E+02 89 0 0 3 22 64 0 2 0 0 0 292 0 0 1947 0 0 1053 0 0 3000 1053 0
 3.505000E+02 89 0 0 5 22 67 0 1 0 0 0 290 0 0 1946 0 0 1054 0 0 3000 1054 0
 3.510000E+02 88 0 0 3 21 61 0 1 0 0 0 293 0 0 1929 0 0 1071 0 0 3000 1071 0
 3.515000E+02 88 0 0 6 20 71 0 0 0 0 0 308 0 0 1922 0 0 1078 0 0 3000 1078 0
 3.520000E+02 88 0 0 5 22 73 0 2 0 0 0 314 0 0 1909 0 0 1091 0 0 3000 1091 0
 3.525000E+02 88 0 0 8 21 62 0 4 0 0 0 316 0 0 1924 0 0 1076 0 0 3000 1076 0
 3.530000E+02 88 0 0 4 22 58 0 5 0 0 0 319 0 0 1932 0 0 1068 0 0 3000 1068 0
 3.535000E+02 88 0 0 4 22 71 0 1 0 0 0 320 0 0 1930 0 0 1070 0 0 3000 1070 0
 3.540000E+02 85 0 0 8 22 72 0 0 0 0 0 311 0 0 1942 0 0 1058 0 0 3000 1058 0
 3.545000E+02 84 0 0 1 22 62 0 0 0 0 0 313 0 0 1950 0 0 1050 0 0 3000 1050 0
 3.550000E+02 83 0 0 3 22 65 0 2 0 0 0 308 0 0 1929 0 0 1071 0 0 3000 1071 0
 3.555000E+02 83 0 0 5 22 55 0 5 0 0 0 300 0 0 1924 0 0 1076 0 0 3000 1076 0
 3.560000E+02 83 0 0 5 22 68 0 3 0 0 0 296 0 0 1932 0 0 1068 0 0 3000 1068 0
 3.565000E+02 81 0 0 7 22 64 0 1 0 0 0 299 0 0 1950 0 0 1050 0 0 3000 1050 0
 3.570000E+02 81 0 0 9 22 67 0 1 0 0 0 299 0 0 1942 0 0 1058 0 0 3000 1058 0
 3.575000E+02 81 0 0 4 22 63 0 3 0 0 0 293 0 0 1959 0 0 1041 0 0 3000 1041 0
 3.580000E+02 81 0 0 6 20 70 0 4 0 0 0 295 0 0 1965 0 0 1035 0 0 3000 1035 0
 3.585000E+02 81 0 0 5 20 52 0 2 0 0 0 294 0 0 1969 0 0 1031 0 0 3000 1031 0
 3.590000E+02 81 0 0 3 19 64 0 5 0 0 0 302 0 0 1966 0 0 1034 0 0 3000 1034 0
 3.595000E+02 81 0 0 7 20 67 0 3 0 0 0 297 0 0 1984 0 0 1016 0 0 3000 1016 0
 3.600000E+02 81 0 0 5 20 65 0 1 0 0 0 290 0 0 1987 0 0 1013 0 0 3000 1013 0
 3.605000E+02 78 0 0 6 20 64 0 4 0 0 0 288 0 0 2005 0 0 995 0 0 3000 995 0
 3.610000E+02 77 0 0 5 20 78 0 1 0 0 0 289 0 0 2019 0 0 981 0 0 3000 981 0
 3.615000E+02 76 0 0 7 20 69 0 1 0 0 0 286 0 0 2020 0 0 980 0 0 3000 980 0
 3.620000E+02 76 0 0 2 20 63 0 2 0 0 0 289 0 0 2029 0 0 971 0 0 3000 971 0
 3.625000E+02 76 0 0 4 19 72 0 1 0 0 0 293 0 0 2048 0 0 952 0 0 3000 952 0
 3.630000E+02 76 0 0 6 20 64 0 1 0 0 0 292 0 0 2058 0 0 942 0 0 3000 942 0
 3.635000E+02 76 0 0 4 20 67 0 0 0 0 0 292 0 0 2062 0 0 938 0 0 3000 938 0
 3.640000E+02 75 0 0 5 19 68 0 0 0 0 0 296 0 0 2064 0 0 936 0 0 3000 936 0
 3.645000E+02 74 0 0 5 20 70 0 0 0 0 0 295 0 0 2046 0 0 954 0 0 3000 954 0
 3.650000E+02 74 0 0 2 20 66 0 0 0 0 0 302 0 0 2039 0 0 961 0 0 3000 961 0
 3.655000E+02 74 0 0 3 20 59 0 0 0 0 0 302 0 0 2008 0 0 992 0 0 3000 992 0
 3.660000E+02 74 0 0 2 20 72 0 0 0 0 0 303 0 0 2012 0 0 988 0 0 3000 988 0
 3.665000E+02 73 0 0 5 20 57 0 0 0 0 0 298 0 0 1997 0 0 1003 0 0 3000 1003 0
 3.670000E+02 73 0 0 4 20 60 0 0 0 0 0 300 0 0 1987 0 0 1013 0 0 3000 1013 0
 3.675000E+02 73 0 0 10 20 60 0 0 0 0 0 306 0 0 1981 0 0 1019 0 0 3000 1019 0
 3.680000E+02 72 0 0 4 20 58 0 0 0 0 0 303 0 0 1981 0 0 1019 0 0 3000 1019 0
 3.685000E+02 72 0 0 5 20 79 0 2 0 0 0 302 0 0 1963 0 0 1037 0 0 3000 1037 0
 3.690000E+02 72 0 0 4 20 59 0 1 0 0 0 299 0 0 1966 0 0 1034 0 0 3000 1034 0
 3.695000E+02 72 0 0 4 20 61 0 0 0 0 0 290 0 0 1959 0 0 1041 0 0 3000 1041 0
 3.700000E+02 71 0 0 6 20 63 0 1 0 0 0 285 0 0 1935 0 0 1065 0 0 3000 1065 0
 3.705000E+02 71 0 0 5 20 68 0 5 0 0 0 289 0 0 1927 0 0 1073 0 0 3000 1073 0
 3.710000E+02 70 0 0 7 20 62 0 0 0 0 0 282 0 0 1938 0 0 1062 0 0 3000 1062 0
 3.715000E+02 69 0 0 5 20 70 0 0 0 0 0 278 0 0 1939 0 0 1061 0 0 3000 1061 0
 3.720000E+02 69 0 0 7 20 65 0 0 0 0 0 280 0 0 1936 0 0 1064 0 0 3000 1064 0
 3.725000E+02 69 0 0 6 20 59 0 2 0 0 0 285 0 0 1935 0 0 1065 0 0 3000 1065 0
 3.730000E+02 69 0 0 6 20 65 0 2 0 0 0 286 0 0 1956 0 0 1044 0 0 3000 1044 0
 3.735000E+02 69 0 0 3 20 61 0 1 0 0 0 285 0 0 1971 0 0 1029 0 0 3000 1029 0
 3.740000E+02 68 0 0 7 20 73 0 2 0 0 0 288 0 0 1967 0 0 1033 0 0 3000 1033 0
 3.745000E+02 67 0 0 4 20 69 0 0 0 0 0 295 0 0 1975 0 0 1025 0 0 3000 1025 0
 3.750000E+02 67 0 0 4 19 70 0 2 0 0 0 295 0 0 1975 0 0 1025 0 0 3000 1025 0
 3.755000E+02 67 0 0 2 20 69 0 2 0 0 0 295 0 0 1985 0 0 1015 0 0 3000 1015 0
 3.760000E+02 66 0 0 3 20 66 0 0 0 0 0 290 0 0 1970 0 0 1030 0 0 3000 1030 0
 3.765000E+02 66 0 0 6 20 64 0 0 0 0 0 287 0 0 1956 0 0 1044 0 0 3000 1044 0
 3.770000E+02 66 0 0 4 20 56 0 1 0 0 0 285 0 0 1944 0 0 1056 0 0 3000 1056 0
 3.775000E+02 66 0 0 7 20 69 0 1 0 0 0 272 0 0 1973 0 0 1027 0 0 3000 1027 0
 3.780000E+02 65 0 0 6 20 67 0 1 0 0 0 278 0 0 1986 0 0 1014 0 0 3000 1014 0
 3.785000E+02 65 0 0 3 20 60 0 2 0 0 0 274 0 0 1998 0 0 1002 0 0 3000 1002 0
 3.790000E+02 64 0 0 5 20 57 0 0 0 0 0 267 0 0 1997 0 0 1003 0 0 3000 1003 0
 3.795000E+02 62 0 0 4 20 66 0 0 0 0 0 267 0 0 1962 0 0 1038 0 0 3000 1038 0
 3.800000E+02 62 0 0 3 20 58 0 1 0 0 0 271 0 0 1959 0 0 1041 0 0 3000 1041 0
 3.805000E+02 59 0 0 10 20 63 0 4 0 0 0 269 0 0 1982 0 0 1018 0 0 3000 1018 0
 3.810000E+02 59 0 0 5 20 53 0 3 0 0 0 266 0 0 1999 0 0 1001 0 0 3000 1001 0
 3.815000E+02 59 0 0 3 20 68 0 1 0 0 0 265 0 0 2003 0 0 997 0 0 3000 997 0
 3.820000E+02 59 0 0 5 20 63 0 0 0 0 0 275 0 0 1986 0 0 1014 0 0 3000 1014 0
 3.825000E+02 59 0 0 4 20 62 0 2 0 0 0 276 0 0 1995 0 0 1005 0 0 3000 1005 0
 3.830000E+02 58 0 0 2 20 64 0 1 0 0 0 284 0 0 2008 0 0 992 0 0 3000 992 0
 3.835000E+02 58 0 0 5 20 67 0 1 0 0 0 274 0 0 2015 0 0 985 0 0 3000 985 0
 3.840000E+02 58 0 0 4 20 64 0 2 0 0 0 283 0 0 2014 0 0 986 0 0 3000 986 0
 3.845000E+02 58 0 0 4 20 64 0 0 0 0 0 275 0 0 1984 0 0 1016 0 0 3000 1016 0
 3.850000E+02 57 0 0 7 20 66 0 3 0 0 0 275 0 0 1982 0 0 1018 0 0 3000 1018 0
 3.855000E+02 55 0 0 1 20 66 0 2 0 0 0 279 0 0 1985 0 0 1015 0 0 3000 1015 0
 3.860000E+02 55 0 0 4 20 61 0 2 0 0 0 281 0 0 1986 0 0 1014 0 0 3000 1014 0
 3.865000E+02 55 0 0 4 19 76 0 1 0 0 0 278 0 0 1991 0 0 1009 0 0 3000 1009 0
 3.870000E+02 54 0 0 2 20 63 0 3 0 0 0 277 0 0 1974 0 0 1026 0 0 3000 1026 0
 3.875000E+02 54 0 0 3 20 68 0 1 0 0 0 272 0 0 1971 0 0 1029 0 0 3000 1029 0
 3.880000E+02 54 0 0 7 20 64 0 0 0 0 0 266 0 0 1955 0 0 1045 0 0 3000 1045 0
 3.885000E+02 54 0 0 7 20 72 0 1 0 0 0 261 0 0 1975 0 0 1025 0 0 3000 1025 0
 3.890000E+02 54 0 0 8 18 65 0 1 0 0 0 256 0 0 1951 0 0 1049 0 0 3000 1049 0
 3.895000E+02 54 0 0 4 20 53 0 0 0 0 0 254 0 0 1946 0 0 1054 0 0 3000 1054 0
 3.900000E+02 54 0 0 5 20 70 0 0 0 0 0 262 0 0 1919 0 0 1081 0 0 3000 1081 0
 3.905000E+02 54 0 0 5 20 61 0 1 0 0 0 266 0 0 1901 0 0 1099 0 0 3000 1099 0
 3.910000E+02 54 0 0 4 20 63 0 3 0 0 0 267 0 0 1905 0 0 1095 0 0 3000 1095 0
 3.915000E+02 54 0 0 6 20 62 0 1 0 0 0 263 0 0 1917 0 0 1083 0 0 3000 1083 0
 3.920000E+02 53 0 0 1 19 62 0 1 0 0 0 264 0 0 1915 0 0 1085 0 0 3000 1085 0
 3.925000E+02 53 0 0 5 19 70 0 2 0 0 0 262 0 0 1918 0 0 1082 0 0 3000 1082 0
 3.930000E+02 53 0 0 4 20 54 0 0 0 0 0 267 0 0 1933 0 0 1067 0 0 3000 1067 0
 3.935000E+02 53 0 0 6 20 63 0 0 0 0 0 279 0 0 1930 0 0 1070 0 0 3000 1070 0
 3.940000E+02 53 0 0 5 20 68 0 0 0 0 0 278 0 0 1926 0 0 1074 0 0 3000 1074 0
 3.945000E+02 53 0 0 5 19 62 0 1 0 0 0 281 0 0 1928 0 0 1072 0 0 3000 1072 0
 3.950000E+02 53 0 0 3 19 72 0 4 0 0 0 276 0 0 1938 0 0 1062 0 0 3000 1062 0
 3.955000E+02 53 0 0 5 20 69 0 1 0 0 0 281 0 0 1930 0 0 1070 0 0 3000 1070 0
 3.960000E+02 52 0 0 4 20 63 0 0 0 0 0 286 0 0 1940 0 0 1060 0 0 3000 1060 0
 3.965000E+02 51 0 0 1 20 54 0 3 0 0 0 282 0 0 1926 0 0 1074 0 0 3000 1074 0
 3.970000E+02 51 0 0 4 20 68 0 3 0 0 0 281 0 0 1936 0 0 1064 0 0 3000 1064 0
 3.975000E+02 50 0 0 2 20 76 0 1 0 0 0 277 0 0 1950 0 0 1050 0 0 3000 1050 0
 3.980000E+02 50 0 0 4 20 76 0 1 0 0 0 279 0 0 1933 0 0 1067 0 0 3000 1067 0
 3.985000E+02 50 0 0 5 20 53 0 2 0 0 0 278 0 0 1940 0 0 1060 0 0 3000 1060 0
 3.990000E+02 49 0 0 4 20 56 0 0 0 0 0 287 0 0 1954 0 0 1046 0 0 3000 1046 0
 3.995000E+02 49 0 0 5 20 67 0 1 0 0 0 285 0 0 1958 0 0 1042 0 0 3000 1042 0
 4.000000E+02 49 0 0 4 20 60 0 3 0 0 0 287 0 0 1955 0 0 1045 0 0 3000 1045 0
 4.005000E+02 49 0 0 2 20 64 0 0 0 0 0 285 0 0 1952 0 0 1048 0 0 3000 1048 0
 4.010000E+02 49 0 0 2 20 60 0 0 0 0 0 273 0 0 1981 0 0 1019 0 0 3000 1019 0
 4.015000E+02 49 0 0 1 20 68 0 0 0 0 0 275 0 0 1952 0 0 1048 0 0 3000 1048 0
 4.020000E+02 49 0 0 6 20 68 0 3 0 0 0 274 0 0 1942 0 0 1058 0 0 3000 1058 0
 4.025000E+02 48 0 0 9 20 69 0 1 0 0 0 281 0 0 1960 0 0 1040 0 0 3000 1040 0
 4.030000E+02 48 0 0 4 20 67 0 2 0 0 0 283 0 0 1942 0 0 1058 0 0 3000 1058 0
 4.035000E+02 48 0 0 5 20 67 0 0 0 0 0 286 0 0 1942 0 0 1058 0 0 3000 1058 0
 4.040000E+02 48 0 0 4 20 62 0 2 0 0 0 278 0 0 1915 0 0 1085 0 0 3000 1085 0
 4.045000E+02 48 0 0 4 20 62 0 4 0 0 0 280 0 0 1923 0 0 1077 0 0 3000 1077 0
 4.050000E+02 48 0 0 2 20 60 0 3 0 0 0 291 0 0 1945 0 0 1055 0 0 3000 1055 0
 4.055000E+02 48 0 0 2 20 62 0 1 0 0 0 289 0 0 1968 0 0 1032 0 0 3000 1032 0
 4.060000E+02 48 0 0 3 20 60 0 1 0 0 0 292 0 0 1961 0 0 1039 0 0 3000 1039 0
 4.065000E+02 48 0 0 5 19 60 0 0 0 0 0 286 0 0 1947 0 0 1053 0 0 3000 1053 0
 4.070000E+02 47 0 0 4 19 65 0 2 0 0 0 285 0 0 1959 0 0 1041 0 0 3000 1041 0
 4.075000E+02 46 0 0 6 19 68 0 2 0 0 0 283 0 0 1968 0 0 1032 0 0 3000 1032 0
 4.080000E+02 46 0 0 3 20 64 0 0 0 0 0 284 0 0 1953 0 0 1047 0 0 3000 1047 0
 4.085000E+02 46 0 0 4 20 57 0 2 0 0 0 284 0 0 1949 0 0 1051 0 0 3000 1051 0
 4.090000E+02 45 0 0 3 20 55 0 2 0 0 0 281 0 0 1960 0 0 1040 0 0 3000 1040 0
 4.095000E+02 45 0 0 7 20 67 0 1 0 0 0 285 0 0 1975 0 0 1025 0 0 3000 1025 0
 4.100000E+02 45 0 0 8 19 56 0 1 0 0 0 290 0 0 1975 0 0 1025 0 0 3000 1025 0
 4.105000E+02 45 0 0 3 20 65 0 0 0 0 0 293 0 0 1989 0 0 1011 0 0 3000 1011 0
 4.110000E+02 45 0 0 4 20 62 0 2 0 0 0 294 0 0 1999 0 0 1001 0 0 3000 1001 0
 4.115000E+02 45 0 0 5 20 58 0 0 0 0 0 287 0 0 2011 0 0 989 0 0 3000 989 0
 4.120000E+02 45 0 0 4 20 68 0 0 0 0 0 283 0 0 2016 0 0 984 0 0 3000 984 0
 4.125000E+02 45 0 0 5 20 71 0 1 0 0 0 283 0 0 2017 0 0 983 0 0 3000 983 0
 4.130000E+02 45 0 0 5 19 61 0 1 0 0 0 285 0 0 2017 0 0 983 0 0 3000 983 0
 4.135000E+02 45 0 0 8 20 68 0 0 0 0 0 293 0 0 2016 0 0 984 0 0 3000 984 0
 4.140000E+02 45 0 0 1 19 66 0 0 0 0 0 291 0 0 2030 0 0 970 0 0 3000 970 0
 4.145000E+02 45 0 0 6 20 66 0 2 0 0 0 297 0 0 2018 0 0 982 0 0 3000 982 0
 4.150000E+02 45 0 0 7 20 75 0 2 0 0 0 298 0 0 2015 0 0 985 0 0 3000 985 0
 4.155000E+02 44 0 0 2 20 63 0 3 0 0 0 299 0 0 2016 0 0 984 0 0 3000 984 0
 4.160000E+02 44 0 0 2 20 57 0 0 0 0 0 294 0 0 2011 0 0 989 0 0 3000 989 0
 4.165000E+02 44 0 0 2 19 64 0 3 0 0 0 298 0 0 2004 0 0 996 0 0 3000 996 0
 4.170000E+02 44 0 0 5 20 63 0 1 0 0 0 296 0 0 2001 0 0 999 0 0 3000 999 0
 4.175000E+02 44 0 0 7 20 75 0 4 0 0 0 305 0 0 1995 0 0 1005 0 0 3000 1005 0
 4.180000E+02 44 0 0 5 20 63 0 2 0 0 0 295 0 0 1978 0 0 1022 0 0 3000 1022 0
 4.185000E+02 44 0 0 6 20 71 0 2 0 0 0 294 0 0 2003 0 0 997 0 0 3000 997 0
 4.190000E+02 44 0 0 8 20 54 0 1 0 0 0 286 0 0 2007 0 0 993 0 0 3000 993 0
 4.195000E+02 44 0 0 6 20 65 0 1 0 0 0 289 0 0 2026 0 0 974 0 0 3000 974 0
 4.200000E+02 44 0 0 3 20 56 0 2 0 0 0 293 0 0 2013 0 0 987 0 0 3000 987 0
 4.205000E+02 44 0 0 5 20 64 0 1 0 0 0 294 0 0 2037 0 0 963 0 0 3000 963 0
 4.210000E+02 44 0 0 2 20 66 0 0 0 0 0 289 0 0 2034 0 0 966 0 0 3000 966 0
 4.215000E+02 44 0 0 7 20 73 0 1 0 0 0 286 0 0 2030 0 0 970 0 0 3000 970 0
 4.220000E+02 43 0 0 7 20 63 0 2 0 0 0 280 0 0 2036 0 0 964 0 0 3000 964 0
 4.225000E+02 43 0 0 3 20 65 0 1 0 0 0 283 0 0 2026 0 0 974 0 0 3000 974 0
 4.230000E+02 43 0 0 6 20 71 0 1 0 0 0 284 0 0 2022 0 0 978 0 0 3000 978 0
 4.235000E+02 43 0 0 3 20 64 0 1 0 0 0 284 0 0 2019 0 0 981 0 0 3000 981 0
 4.240000E+02 43 0 0 4 20 58 0 2 0 0 0 281 0 0 2004 0 0 996 0 0 3000 996 0
 4.245000E+02 43 0 0 4 20 67 0 2 0 0 0 285 0 0 1987 0 0 1013 0 0 3000 1013 0
 4.250000E+02 42 0 0 5 19 63 0 3 0 0 0 294 0 0 1968 0 0 1032 0 0 3000 1032 0
 4.255000E+02 42 0 0 3 20 59 0 4 0 0 0 296 0 0 1975 0 0 1025 0 0 3000 1025 0
 4.260000E+02 42 0 0 5 19 62 0 2 0 0 0 299 0 0 1983 0 0 1017 0 0 3000 1017 0
 4.265000E+02 42 0 0 6 20 57 0 2 0 0 0 299 0 0 1984 0 0 1016 0 0 3000 1016 0
 4.270000E+02 42 0 0 5 20 69 0 0 0 0 0 291 0 0 1990 0 0 1010 0 0 3000 1010 0
 4.275000E+02 42 0 0 3 19 59 0 0 0 0 0 299 0 0 1976 0 0 1024 0 0 3000 1024 0
 4.280000E+02 42 0 0 3 20 60 0 1 0 0 0 291 0 0 1990 0 0 1010 0 0 3000 1010 0
 4.285000E+02 41 0 0 5 20 66 0 2 0 0 0 291 0 0 1992 0 0 1008 0 0 3000 1008 0
 4.290000E+02 41 0 0 6 20 65 0 1 0 0 0 291 0 0 1990 0 0 1010 0 0 3000 1010 0
 4.295000E+02 41 0 0 3 20 55 0 2 0 0 0 292 0 0 1990 0 0 1010 0 0 3000 1010 0
 4.300000E+02 41 0 0 5 20 72 0 2 0 0 0 289 0 0 2009 0 0 991 0 0 3000 991 0
 4.305000E+02 41 0 0 6 20 72 0 1 0 0 0 287 0 0 2010 0 0 990 0 0 3000 990 0
 4.310000E+02 41 0 0 5 20 68 0 3 0 0 0 281 0 0 2003 0 0 997 0 0 3000 997 0
 4.315000E+02 41 0 0 8 19 65 0 0 0 0 0 275 0 0 2010 0 0 990 0 0 3000 990 0
 4.320000E+02 41 0 0 4 20 65 0 0 0 0 0 287 0 0 2011 0 0 989 0 0 3000 989 0
 4.325000E+02 41 0 0 3 20 63 0 4 0 0 0 286 0 0 2013 0 0 987 0 0 3000 987 0
 4.330000E+02 41 0 0 2 20 65 0 0 0 0 0 281 0 0 2004 0 0 996 0 0 3000 996 0
 4.335000E+02 41 0 0 4 18 67 0 1 0 0 0 284 0 0 1986 0 0 1014 0 0 3000 1014 0
 4.340000E+02 41 0 0 3 20 57 0 2 0 0 0 287 0 0 1987 0 0 1013 0 0 3000 1013 0
 4.345000E+02 41 0 0 5 20 63 0 0 0 0 0 277 0 0 1986 0 0 1014 0 0 3000 1014 0
 4.350000E+02 41 0 0 1 20 62 0 2 0 0 0 278 0 0 1986 0 0 1014 0 0 3000 1014 0
 4.355000E+02 41 0 0 7 20 69 0 3 0 0 0 281 0 0 1997 0 0 1003 0 0 3000 1003 0
 4.360000E+02 41 0 0 4 20 69 0 0 0 0 0 271 0 0 1984 0 0 1016 0 0 3000 1016 0
 4.365000E+02 41 0 0 4 20 68 0 0 0 0 0 260 0 0 1977 0 0 1023 0 0 3000 1023 0
 4.370000E+02 41 0 0 6 20 63 0 1 0 0 0 262 0 0 1975 0 0 1025 0 0 3000 1025 0
 4.375000E+02 41 0 0 4 20 64 0 2 0 0 0 258 0 0 1957 0 0 1043 0 0 3000 1043 0
 4.380000E+02 41 0 0 3 20 74 0 0 0 0 0 259 0 0 1956 0 0 1044 0 0 3000 1044 0
 4.385000E+02 41 0 0 2 20 72 0 3 0 0 0 258 0 0 1974 0 0 1026 0 0 3000 1026 0
 4.390000E+02 41 0 0 5 20 70 0 1 0 0 0 256 0 0 1981 0 0 1019 0 0 3000 1019 0
 4.395000E+02 41 0 0 8 20 70 0 0 0 0 0 262 0 0 1990 0 0 1010 0 0 3000 1010 0
 4.400000E+02 41 0 0 2 20 68 0 1 0 0 0 260 0 0 1992 0 0 1008 0 0 3000 1008 0
 4.405000E+02 41 0 0 2 20 72 0 0 0 0 0 259 0 0 1969 0 0 1031 0 0 3000 1031 0
 4.410000E+02 41 0 0 2 20 73 0 2 0 0 0 261 0 0 1963 0 0 1037 0 0 3000 1037 0
 4.415000E+02 41 0 0 5 20 73 0 4 0 0 0 253 0 0 1971 0 0 1029 0 0 3000 1029 0
 4.420000E+02 41 0 0 3 19 53 0 2 0 0 0 258 0 0 1988 0 0 1012 0 0 3000 1012 0
 4.425000E+02 41 0 0 6 19 62 0 1 0 0 0 265 0 0 1953 0 0 1047 0 0 3000 1047 0
 4.430000E+02 41 0 0 5 19 67 0 0 0 0 0 268 0 0 1947 0 0 1053 0 0 3000 1053 0
 4.435000E+02 41 0 0 5 20 54 0 2 0 0 0 274 0 0 1941 0 0 1059 0 0 3000 1059 0
 4.440000E+02 41 0 0 5 20 58 0 2 0 0 0 269 0 0 1952 0 0 1048 0 0 3000 1048 0
 4.445000E+02 41 0 0 3 20 59 0 1 0 0 0 264 0 0 1962 0 0 1038 0 0 3000 1038 0
 4.450000E+02 41 0 0 2 20 60 0 1 0 0 0 268 0 0 1957 0 0 1043 0 0 3000 1043 0
 4.455000E+02 41 0 0 6 20 67 0 0 0 0 0 273 0 0 1957 0 0 1043 0 0 3000 1043 0
 4.460000E+02 41 0 0 5 20 54 0 0 0 0 0 274 0 0 1935 0 0 1065 0 0 3000 1065 0
 4.465000E+02 41 0 0 6 20 67 0 0 0 0 0 280 0 0 1924 0 0 1076 0 0 3000 1076 0
 4.470000E+02 41 0 0 5 20 63 0 1 0 0 0 272 0 0 1921 0 0 1079 0 0 3000 1079 0
 4.475000E+02 41 0 0 2 19 67 0 2 0 0 0 270 0 0 1938 0 0 1062 0 0 3000 1062 0
 4.480000E+02 41 0 0 5 20 67 0 1 0 0 0 272 0 0 1960 0 0 1040 0 0 3000 1040 0
 4.485000E+02 41 0 0 0 19 65 0 2 0 0 0 282 0 0 1939 0 0 1061 0 0 3000 1061 0
 4.490000E+02 41 0 0 4 20 74 0 1 0 0 0 281 0 0 1937 0 0 1063 0 0 3000 1063 0
 4.495000E+02 41 0 0 5 20 64 0 2 0 0 0 279 0 0 1937 0 0 1063 0 0 3000 1063 0
 4.500000E+02 41 0 0 3 20 68 0 0 0 0 0 276 0 0 1939 0 0 1061 0 0 3000 1061 0
 4.505000E+02 41 0 0 4 20 69 0 0 0 0 0 274 0 0 1929 0 0 1071 0 0 3000 1071 0
 4.510000E+02 41 0 0 7 20 63 0 1 0 0 0 269 0 0 1934 0 0 1066 0 0 3000 1066 0
 4.515000E+02 41 0 0 5 20 68 0 1 0 0 0 274 0 0 1931 0 0 1069 0 0 3000 1069 0
 4.520000E+02 41 0 0 3 20 62 0 0 0 0 0 271 0 0 1920 0 0 1080 0 0 3000 1080 0
 4.525000E+02 40 0 0 3 19 64 0 2 0 0 0 280 0 0 1922 0 0 1078 0 0 3000 1078 0
 4.530000E+02 40 0 0 5 19 59 0 4 0 0 0 271 0 0 1920 0 0 1080 0 0 3000 1080 0
 4.535000E+02 40 0 0 4 20 54 0 2 0 0 0 267 0 0 1928 0 0 1072 0 0 3000 1072 0
 4.540000E+02 40 0 0 3 20 63 0 2 0 0 0 265 0 0 1955 0 0 1045 0 0 3000 1045 0
 4.545000E+02 40 0 0 3 19 72 0 2 0 0 0 264 0 0 1974 0 0 1026 0 0 3000 1026 0
 4.550000E+02 40 0 0 1 20 54 0 1 0 0 0 262 0 0 1976 0 0 1024 0 0 3000 1024 0
 4.555000E+02 40 0 0 2 20 60 0 4 0 0 0 265 0 0 1972 0 0 1028 0 0 3000 1028 0
 4.560000E+02 40 0 0 6 20 68 0 0 0 0 0 264 0 0 1964 0 0 1036 0 0 3000 1036 0
 4.565000E+02 40 0 0 4 20 73 0 1 0 0 0 256 0 0 1957 0 0 1043 0 0 3000 1043 0
 4.570000E+02 40 0 0 6 18 62 0 1 0 0 0 257 0 0 1961 0 0 1039 0 0 3000 1039 0
 4.575000E+02 40 0 0 2 20 71 0 0 0 0 0 262 0 0 1960 0 0 1040 0 0 3000 1040 0
 4.580000E+02 40 0 0 7 20 65 0 1 0 0 0 257 0 0 1940 0 0 1060 0 0 3000 1060 0
 4.585000E+02 40 0 0 9 20 70 0 3 0 0 0 253 0 0 1953 0 0 1047 0 0 3000 1047 0
 4.590000E+02 40 0 0 3 20 62 0 0 0 0 0 266 0 0 1933 0 0 1067 0 0 3000 1067 0
 4.595000E+02 40 0 0 5 20 62 0 0 0 0 0 261 0 0 1951 0 0 1049 0 0 3000 1049 0
 4.600000E+02 40 0 0 4 19 58 0 2 0 0 0 257 0 0 1914 0 0 1086 0 0 3000 1086 0
 4.605000E+02 40 0 0 3 18 65 0 2 0 0 0 265 0 0 1922 0 0 1078 0 0 3000 1078 0
 4.610000E+02 40 0 0 3 19 65 0 1 0 0 0 275 0 0 1932 0 0 1068 0 0 3000 1068 0
 4.615000E+02 40 0 0 5 20 67 0 1 0 0 0 276 0 0 1923 0 0 1077 0 0 3000 1077 0
 4.620000E+02 40 0 0 3 20 60 0 1 0 0 0 286 0 0 1904 0 0 1096 0 0 3000 1096 0
 4.625000E+02 40 0 0 4 20 60 0 1 0 0 0 280 0 0 1924 0 0 1076 0 0 3000 1076 0
 4.630000E+02 40 0 0 3 20 69 0 0 0 0 0 282 0 0 1924 0 0 1076 0 0 3000 1076 0
 4.635000E+02 40 0 0 5 20 58 0 2 0 0 0 279 0 0 1923 0 0 1077 0 0 3000 1077 0
 4.640000E+02 40 0 0 4 20 73 0 1 0 0 0 275 0 0 1955 0 0 1045 0 0 3000 1045 0
 4.645000E+02 40 0 0 5 20 63 0 0 0 0 0 282 0 0 1921 0 0 1079 0 0 3000 1079 0
 4.650000E+02 40 0 0 4 20 71 0 0 0 0 0 280 0 0 1929 0 0 1071 0 0 3000 1071 0
 4.655000E+02 40 0 0 5 20 64 0 2 0 0 0 279 0 0 1947 0 0 1053 0 0 3000 1053 0
 4.660000E+02 40 0 0 4 20 66 0 1 0 0 0 285 0 0 1948 0 0 1052 0 0 3000 1052 0
 4.665000E+02 40 0 0 2 20 77 0 1 0 0 0 275 0 0 1958 0 0 1042 0 0 3000 1042 0
 4.670000E+02 40 0 0 7 20 72 0 2 0 0 0 276 0 0 1985 0 0 1015 0 0 3000 1015 0
 4.675000E+02 40 0 0 7 20 64 0 1 0 0 0 277 0 0 2002 0 0 998 0 0 3000 998 0
 4.680000E+02 40 0 0 2 20 66 0 1 0 0 0 281 0 0 1979 0 0 1021 0 0 3000 1021 0
 4.685000E+02 40 0 0 5 20 59 0 0 0 0 0 280 0 0 1986 0 0 1014 0 0 3000 1014 0
 4.690000E+02 40 0 0 6 20 59 0 1 0 0 0 283 0 0 1947 0 0 1053 0 0 3000 1053 0
 4.695000E+02 40 0 0 2 19 54 0 1 0 0 0 282 0 0 1934 0 0 1066 0 0 3000 1066 0
 4.700000E+02 40 0 0 2 20 65 0 1 0 0 0 285 0 0 1963 0 0 1037 0 0 3000 1037 0
 4.705000E+02 40 0 0 1 20 58 0 2 0 0 0 286 0 0 1953 0 0 1047 0 0 3000 1047 0
 4.710000E+02 40 0 0 5 20 59 0 0 0 0 0 290 0 0 1927 0 0 1073 0 0 3000 1073 0
 4.715000E+02 40 0 0 8 20 66 0 0 0 0 0 292 0 0 1940 0 0 1060 0 0 3000 1060 0
 4.720000E+02 40 0 0 4 18 60 0 2 0 0 0 290 0 0 1935 0 0 1065 0 0 3000 1065 0
 4.725000E+02 40 0 0 5 18 70 0 0 0 0 0 295 0 0 1956 0 0 1044 0 0 3000 1044 0
 4.730000E+02 40 0 0 7 18 59 0 0 0 0 0 288 0 0 1953 0 0 1047 0 0 3000 1047 0
 4.735000E+02 40 0 0 4 18 64 0 0 0 0 0 294 0 0 1931 0 0 1069 0 0 3000 1069 0
 4.740000E+02 40 0 0 2 18 66 0 0 0 0 0 281 0 0 1919 0 0 1081 0 0 3000 1081 0
 4.745000E+02 40 0 0 6 18 63 0 0 0 0 0 274 0 0 1945 0 0 1055 0 0 3000 1055 0
 4.750000E+02 40 0 0 1 17 61 0 0 0 0 0 275 0 0 1919 0 0 1081 0 0 3000 1081 0
 4.755000E+02 40 0 0 3 18 69 0 1 0 0 0 283 0 0 1910 0 0 1090 0 0 3000 1090 0
 4.760000E+02 40 0 0 1 18 66 0 2 0 0 0 287 0 0 1929 0 0 1071 0 0 3000 1071 0
 4.765000E+02 40 0 0 3 18 72 0 2 0 0 0 282 0 0 1917 0 0 1083 0 0 3000 1083 0
 4.770000E+02 40 0 0 4 17 67 0 3 0 0 0 278 0 0 1926 0 0 1074 0 0 3000 1074 0
 4.775000E+02 40 0 0 7 18 49 0 4 0 0 0 276 0 0 1935 0 0 1065 0 0 3000 1065 0
 4.780000E+02 39 0 0 6 16 67 0 3 0 0 0 276 0 0 1930 0 0 1070 0 0 3000 1070 0
 4.785000E+02 39 0 0 7 16 61 0 2 0 0 0 271 0 0 1930 0 0 1070 0 0 3000 1070 0
 4.790000E+02 39 0 0 5 16 71 0 1 0 0 0 271 0 0 1922 0 0 1078 0 0 3000 1078 0
 4.795000E+02 39 0 0 3 16 70 0 1 0 0 0 267 0 0 1928 0 0 1072 0 0 3000 1072 0
 4.800000E+02 39 0 0 4 16 61 0 2 0 0 0 263 0 0 1927 0 0 1073 0 0 3000 1073 0
 4.805000E+02 38 0 0 4 16 58 0 1 0 0 0 263 0 0 1931 0 0 1069 0 0 3000 1069 0
 4.810000E+02 38 0 0 1 16 70 0 0 0 0 0 260 0 0 1935 0 0 1065 0 0 3000 1065 0
 4.815000E+02 38 0 0 1 16 73 0 0 0 0 0 263 0 0 1951 0 0 1049 0 0 3000 1049 0
 4.820000E+02 38 0 0 3 16 69 0 0 0 0 0 252 0 0 1963 0 0 1037 0 0 3000 1037 0
 4.825000E+02 38 0 0 7 16 60 0 0 0 0 0 253 0 0 1952 0 0 1048 0 0 3000 1048 0
 4.830000E+02 38 0 0 1 16 66 0 3 0 0 0 250 0 0 1940 0 0 1060 0 0 3000 1060 0
 4.835000E+02 38 0 0 7 16 62 0 2 0 0 0 253 0 0 1953 0 0 1047 0 0 3000 1047 0
 4.840000E+02 38 0 0 4 16 60 0 1 0 0 0 256 0 0 1993 0 0 1007 0 0 3000 1007 0
 4.845000E+02 38 0 0 2 15 64 0 0 0 0 0 262 0 0 1999 0 0 1001 0 0 3000 1001 0
 4.850000E+02 38 0 0 4 16 65 0 0 0 0 0 257 0 0 1995 0 0 1005 0 0 3000 1005 0
 4.855000E+02 38 0 0 3 15 58 0 0 0 0 0 254 0 0 2005 0 0 995 0 0 3000 995 0
 4.860000E+02 38 0 0 3 16 67 0 0 0 0 0 248 0 0 1999 0 0 1001 0 0 3000 1001 0
 4.865000E+02 38 0 0 7 16 67 0 1 0 0 0 248 0 0 2004 0 0 996 0 0 3000 996 0
 4.870000E+02 38 0 0 6 16 59 0 1 0 0 0 247 0 0 1980 0 0 1020 0 0 3000 1020 0
 4.875000E+02 38 0 0 5 16 75 0 1 0 0 0 245 0 0 1982 0 0 1018 0 0 3000 1018 0
 4.880000E+02 38 0 0 3 16 66 0 2 0 0 0 245 0 0 1986 0 0 1014 0 0 3000 1014 0
 4.885000E+02 37 0 0 1 15 74 0 1 0 0 0 242 0 0 1962 0 0 1038 0 0 3000 1038 0
 4.890000E+02 37 0 0 5 16 60 0 1 0 0 0 248 0 0 1977 0 0 1023 0 0 3000 1023 0
 4.895000E+02 37 0 0 6 16 74 0 0 0 0 0 254 0 0 1984 0 0 1016 0 0 3000 1016 0
 4.900000E+02 37 0 0 5 16 68 0 3 0 0 0 258 0 0 1985 0 0 1015 0 0 3000 1015 0
 4.905000E+02 37 0 0 2 15 56 0 1 0 0 0 255 0 0 1978 0 0 1022 0 0 3000 1022 0
 4.910000E+02 37 0 0 1 16 69 0 1 0 0 0 252 0 0 1965 0 0 1035 0 0 3000 1035 0
 4.915000E+02 37 0 0 4 16 60 0 2 0 0 0 251 0 0 1973 0 0 1027 0 0 3000 1027 0
 4.920000E+02 37 0 0 3 16 69 0 0 0 0 0 253 0 0 1965 0 0 1035 0 0 3000 1035 0
 4.925000E+02 37 0 0 2 16 64 0 1 0 0 0 258 0 0 1981 0 0 1019 0 0 3000 1019 0
 4.930000E+02 37 0 0 3 16 65 0 2 0 0 0 257 0 0 1976 0 0 1024 0 0 3000 1024 0
 4.935000E+02 36 0 0 4 16 59 0 1 0 0 0 264 0 0 1966 0 0 1034 0 0 3000 1034 0
 4.940000E+02 36 0 0 3 16 69 0 1 0 0 0 257 0 0 1988 0 0 1012 0 0 3000 1012 0
 4.945000E+02 36 0 0 7 16 60 0 1 0 0 0 245 0 0 1984 0 0 1016 0 0 3000 1016 0
 4.950000E+02 36 0 0 2 16 61 0 2 0 0 0 245 0 0 1991 0 0 1009 0 0 3000 1009 0
 4.955000E+02 36 0 0 2 16 63 0 1 0 0 0 248 0 0 1995 0 0 1005 0 0 3000 1005 0
 4.960000E+02 36 0 0 5 16 68 0 3 0 0 0 249 0 0 2007 0 0 993 0 0 3000 993 0
 4.965000E+02 36 0 0 2 16 58 0 2 0 0 0 239 0 0 2005 0 0 995 0 0 3000 995 0
 4.970000E+02 36 0 0 5 16 65 0 1 0 0 0 234 0 0 2008 0 0 992 0 0 3000 992 0
 4.975000E+02 36 0 0 4 15 67 0 2 0 0 0 235 0 0 2012 0 0 988 0 0 3000 988 0
 4.980000E+02 36 0 0 6 16 68 0 3 0 0 0 229 0 0 1991 0 0 1009 0 0 3000 1009 0
 4.985000E+02 36 0 0 4 16 64 0 3 0 0 0 236 0 0 2005 0 0 995 0 0 3000 995 0
 4.990000E+02 36 0 0 3 16 73 0 0 0 0 0 234 0 0 2009 0 0 991 0 0 3000 991 0
 4.995000E+02 36 0 0 4 16 62 0 1 0 0 0 239 0 0 2009 0 0 991 0 0 3000 991 0
 5.000000E+02 36 0 0 3 16 67 0 0 0 0 0 242 0 0 2001 0 0 999 0 0 3000 999 0
 5.005000E+02 35 0 0 1 16 63 0 1 0 0 0 243 0 0 2008 0 0 992 0 0 3000 992 0
 5.010000E+02 35 0 0 5 16 70 0 0 0 0 0 245 0 0 1990 0 0 1010 0 0 3000 1010 0
 5.015000E+02 34 0 0 3 16 69 0 1 0 0 0 240 0 0 1985 0 0 1015 0 0 3000 1015 0
 5.020000E+02 34 0 0 4 16 65 0 1 0 0 0 246 0 0 1992 0 0 1008 0 0 3000 1008 0
 5.025000E+02 34 0 0 2 16 75 0 1 0 0 0 246 0 0 1995 0 0 1005 0 0 3000 1005 0
 5.030000E+02 34 0 0 3 16 51 0 1 0 0 0 247 0 0 1980 0 0 1020 0 0 3000 1020 0
 5.035000E+02 34 0 0 6 16 61 0 0 0 0 0 254 0 0 1974 0 0 1026 0 0 3000 1026 0
 5.040000E+02 34 0 0 8 16 60 0 0 0 0 0 254 0 0 1964 0 0 1036 0 0 3000 1036 0
 5.045000E+02 34 0 0 6 16 60 0 1 0 0 0 258 0 0 1949 0 0 1051 0 0 3000 1051 0
 5.050000E+02 34 0 0 4 15 66 0 1 0 0 0 256 0 0 1943 0 0 1057 0 0 3000 1057 0
 5.055000E+02 34 0 0 3 16 67 0 2 0 0 0 255 0 0 1949 0 0 1051 0 0 3000 1051 0
 5.060000E+02 34 0 0 5 16 64 0 4 0 0 0 251 0 0 1967 0 0 1033 0 0 3000 1033 0
 5.065000E+02 34 0 0 4 16 63 0 1 0 0 0 248 0 0 1976 0 0 1024 0 0 3000 1024 0
 5.070000E+02 34 0 0 3 16 69 0 0 0 0 0 252 0 0 1987 0 0 1013 0 0 3000 1013 0
 5.075000E+02 34 0 0 4 16 68 0 1 0 0 0 249 0 0 1957 0 0 1043 0 0 3000 1043 0
 5.080000E+02 34 0 0 4 16 65 0 1 0 0 0 259 0 0 1971 0 0 1029 0 0 3000 1029 0
 5.085000E+02 34 0 0 4 16 58 0 1 0 0 0 252 0 0 1974 0 0 1026 0 0 3000 1026 0
 5.090000E+02 34 0 0 2 16 73 0 0 0 0 0 253 0 0 1977 0 0 1023 0 0 3000 1023 0
 5.095000E+02 34 0 0 2 16 78 0 0 0 0 0 259 0 0 1974 0 0 1026 0 0 3000 1026 0
 5.100000E+02 34 0 0 8 16 67 0 2 0 0 0 264 0 0 1967 0 0 1033 0 0 3000 1033 0
 5.105000E+02 34 0 0 3 16 59 0 3 0 0 0 256 0 0 1973 0 0 1027 0 0 3000 1027 0
 5.110000E+02 34 0 0 5 16 55 0 1 0 0 0 262 0 0 2000 0 0 1000 0 0 3000 1000 0
 5.115000E+02 34 0 0 2 16 60 0 2 0 0 0 250 0 0 1992 0 0 1008 0 0 3000 1008 0
 5.120000E+02 34 0 0 6 15 57 0 1 0 0 0 253 0 0 2006 0 0 994 0 0 3000 994 0
 5.125000E+02 34 0 0 5 16 58 0 0 0 0 0 254 0 0 2011 0 0 989 0 0 3000 989 0
 5.130000E+02 34 0 0 2 16 71 0 4 0 0 0 252 0 0 2032 0 0 968 0 0 3000 968 0
 5.135000E+02 34 0 0 5 16 63 0 0 0 0 0 255 0 0 2032 0 0 968 0 0 3000 968 0
 5.140000E+02 34 0 0 5 16 61 0 0 0 0 0 261 0 0 2018 0 0 982 0 0 3000 982 0
 5.145000E+02 34 0 0 3 16 64 0 0 0 0 0 262 0 0 2034 0 0 966 0 0 3000 966 0
 5.150000E+02 34 0 0 5 16 74 0 1 0 0 0 256 0 0 2024 0 0 976 0 0 3000 976 0
 5.155000E+02 34 0 0 7 16 63 0 2 0 0 0 257 0 0 2018 0 0 982 0 0 3000 982 0
 5.160000E+02 34 0 0 4 16 62 0 2 0 0 0 264 0 0 2010 0 0 990 0 0 3000 990 0
 5.165000E+02 34 0 0 2 16 66 0 1 0 0 0 257 0 0 2011 0 0 989 0 0 3000 989 0
 5.170000E+02 34 0 0 3 16 65 0 3 0 0 0 248 0 0 1991 0 0 1009 0 0 3000 1009 0
 5.175000E+02 34 0 0 3 16 68 0 0 0 0 0 240 0 0 2003 0 0 997 0 0 3000 997 0
 5.180000E+02 34 0 0 2 16 59 0 0 0 0 0 234 0 0 2029 0 0 971 0 0 3000 971 0
 5.185000E+02 34 0 0 4 15 64 0 0 0 0 0 225 0 0 2039 0 0 961 0 0 3000 961 0
 5.190000E+02 34 0 0 4 16 68 0 3 0 0 0 224 0 0 2026 0 0 974 0 0 3000 974 0
 5.195000E+02 34 0 0 5 16 64 0 1 0 0 0 227 0 0 2008 0 0 992 0 0 3000 992 0
 5.200000E+02 34 0 0 2 16 70 0 0 0 0 0 229 0 0 2005 0 0 995 0 0 3000 995 0
 5.205000E+02 34 0 0 2 16 68 0 1 0 0 0 225 0 0 2017 0 0 983 0 0 3000 983 0
 5.210000E+02 34 0 0 2 16 73 0 0 0 0 0 232 0 0 2028 0 0 972 0 0 3000 972 0
 5.215000E+02 34 0 0 1 16 61 0 1 0 0 0 229 0 0 1992 0 0 1008 0 0 3000 1008 0
 5.220000E+02 34 0 0 1 16 72 0 0 0 0 0 231 0 0 1963 0 0 1037 0 0 3000 1037 0
 5.225000E+02 34 0 0 8 15 63 0 2 0 0 0 234 0 0 1960 0 0 1040 0 0 3000 1040 0
 5.230000E+02 34 0 0 4 16 59 0 2 0 0 0 230 0 0 1969 0 0 1031 0 0 3000 1031 0
 5.235000E+02 34 0 0 4 16 69 0 2 0 0 0 232 0 0 1988 0 0 1012 0 0 3000 1012 0
 5.240000E+02 34 0 0 2 16 69 0 0 0 0 0 228 0 0 1988 0 0 1012 0 0 3000 1012 0
 5.245000E+02 34 0 0 6 16 72 0 1 0 0 0 235 0 0 2006 0 0 994 0 0 3000 994 0
 5.250000E+02 34 0 0 7 16 64 0 1 0 0 0 236 0 0 1984 0 0 1016 0 0 3000 1016 0
 5.255000E+02 34 0 0 6 16 68 0 0 0 0 0 238 0 0 1974 0 0 1026 0 0 3000 1026 0
 5.260000E+02 34 0 0 2 16 70 0 2 0 0 0 242 0 0 1980 0 0 1020 0 0 3000 1020 0
 5.265000E+02 34 0 0 6 16 69 0 0 0 0 0 242 0 0 1983 0 0 1017 0 0 3000 1017 0
 5.270000E+02 34 0 0 3 16 62 0 1 0 0 0 243 0 0 1949 0 0 1051 0 0 3000 1051 0
 5.275000E+02 34 0 0 4 16 63 0 0 0 0 0 245 0 0 1961 0 0 1039 0 0 3000 1039 0
 5.280000E+02 34 0 0 2 15 63 0 0 0 0 0 241 0 0 1969 0 0 1031 0 0 3000 1031 0
 5.285000E+02 34 0 0 2 15 61 0 0 0 0 0 243 0 0 1980 0 0 1020 0 0 3000 1020 0
 5.290000E+02 34 0 0 2 16 59 0 0 0 0 0 235 0 0 1997 0 0 1003 0 0 3000 1003 0
 5.295000E+02 34 0 0 3 16 67 0 0 0 0 0 235 0 0 2002 0 0 998 0 0 3000 998 0
 5.300000E+02 34 0 0 4 15 59 0 1 0 0 0 234 0 0 2001 0 0 999 0 0 3000 999 0
 5.305000E+02 34 0 0 5 16 64 0 0 0 0 0 233 0 0 1985 0 0 1015 0 0 3000 1015 0
 5.310000E+02 34 0 0 3 15 63 0 0 0 0 0 233 0 0 1990 0 0 1010 0 0 3000 1010 0
 5.315000E+02 34 0 0 3 16 66 0 3 0 0 0 231 0 0 1994 0 0 1006 0 0 3000 1006 0
 5.320000E+02 34 0 0 3 16 58 0 1 0 0 0 228 0 0 1991 0 0 1009 0 0 3000 1009 0
 5.325000E+02 34 0 0 2 16 58 0 2 0 0 0 221 0 0 1997 0 0 1003 0 0 3000 1003 0
 5.330000E+02 34 0 0 7 16 63 0 1 0 0 0 216 0 0 2006 0 0 994 0 0 3000 994 0
 5.335000E+02 34 0 0 6 16 70 0 1 0 0 0 210 0 0 2022 0 0 978 0 0 3000 978 0
 5.340000E+02 34 0 0 1 16 55 0 2 0 0 0 213 0 0 2013 0 0 987 0 0 3000 987 0
 5.345000E+02 34 0 0 5 16 66 0 0 0 0 0 220 0 0 2009 0 0 991 0 0 3000 991 0
 5.350000E+02 34 0 0 4 16 63 0 1 0 0 0 225 0 0 2001 0 0 999 0 0 3000 999 0
 5.355000E+02 34 0 0 2 16 61 0 0 0 0 0 232 0 0 1992 0 0 1008 0 0 3000 1008 0
 5.360000E+02 34 0 0 4 16 56 0 0 0 0 0 239 0 0 1970 0 0 1030 0 0 3000 1030 0
 5.365000E+02 34 0 0 1 16 63 0 0 0 0 0 235 0 0 1959 0 0 1041 0 0 3000 1041 0
 5.370000E+02 34 0 0 4 16 70 0 0 0 0 0 235 0 0 1961 0 0 1039 0 0 3000 1039 0
 5.375000E+02 34 0 0 7 15 72 0 0 0 0 0 232 0 0 1949 0 0 1051 0 0 3000 1051 0
 5.380000E+02 34 0 0 2 16 65 0 0 0 0 0 235 0 0 1944 0 0 1056 0 0 3000 1056 0
 5.385000E+02 34 0 0 4 16 64 0 0 0 0 0 237 0 0 1935 0 0 1065 0 0 3000 1065 0
 5.390000E+02 34 0 0 4 16 65 0 0 0 0 0 240 0 0 1930 0 0 1070 0 0 3000 1070 0
 5.395000E+02 34 0 0 3 16 69 0 1 0 0 0 240 0 0 1954 0 0 1046 0 0 3000 1046 0
 5.400000E+02 34 0 0 3 16 67 0 0 0 0 0 236 0 0 1953 0 0 1047 0 0 3000 1047 0
 5.405000E+02 34 0 0 2 16 62 0 0 0 0 0 239 0 0 1947 0 0 1053 0 0 3000 1053 0
 5.410000E+02 34 0 0 7 16 74 0 1 0 0 0 239 0 0 1942 0 0 1058 0 0 3000 1058 0
 5.415000E+02 34 0 0 6 16 62 0 1 0 0 0 250 0 0 1937 0 0 1063 0 0 3000 1063 0
 5.420000E+02 34 0 0 5 16 63 0 0 0 0 0 251 0 0 1936 0 0 1064 0 0 3000 1064 0
 5.425000E+02 34 0 0 4 16 66 0 2 0 0 0 245 0 0 1912 0 0 1088 0 0 3000 1088 0
 5.430000E+02 34 0 0 4 16 66 0 0 0 0 0 249 0 0 1921 0 0 1079 0 0 3000 1079 0
 5.435000E+02 34 0 0 5 16 67 0 1 0 0 0 250 0 0 1934 0 0 1066 0 0 3000 1066 0
 5.440000E+02 34 0 0 2 16 54 0 0 0 0 0 253 0 0 1928 0 0 1072 0 0 3000 1072 0
 5.445000E+02 34 0 0 7 16 70 0 0 0 0 0 253 0 0 1936 0 0 1064 0 0 3000 1064 0
 5.450000E+02 34 0 0 4 16 61 0 1 0 0 0 252 0 0 1937 0 0 1063 0 0 3000 1063 0
 5.455000E+02 34 0 0 2 16 60 0 2 0 0 0 260 0 0 1937 0 0 1063 0 0 3000 1063 0
 5.460000E+02 34 0 0 3 16 66 0 0 0 0 0 260 0 0 1917 0 0 1083 0 0 3000 1083 0
 5.465000E+02 34 0 0 3 16 67 0 1 0 0 0 251 0 0 1911 0 0 1089 0 0 3000 1089 0
 5.470000E+02 34 0 0 4 16 63 0 1 0 0 0 249 0 0 1902 0 0 1098 0 0 3000 1098 0
 5.475000E+02 34 0 0 3 16 73 0 1 0 0 0 248 0 0 1918 0 0 1082 0 0 3000 1082 0
 5.480000E+02 34 0 0 4 15 65 0 1 0 0 0 248 0 0 1906 0 0 1094 0 0 3000 1094 0
 5.485000E+02 34 0 0 1 14 61 0 1 0 0 0 240 0 0 1929 0 0 1071 0 0 3000 1071 0
 5.490000E+02 34 0 0 5 14 64 0 2 0 0 0 242 0 0 1929 0 0 1071 0 0 3000 1071 0
 5.495000E+02 34 0 0 6 14 64 0 2 0 0 0 244 0 0 1905 0 0 1095 0 0 3000 1095 0
 5.500000E+02 34 0 0 3 14 62 0 1 0 0 0 248 0 0 1914 0 0 1086 0 0 3000 1086 0
 5.505000E+02 33 0 0 4 14 63 0 0 0 0 0 246 0 0 1917 0 0 1083 0 0 3000 1083 0
 5.510000E+02 33 0 0 3 14 71 0 2 0 0 0 242 0 0 1924 0 0 1076 0 0 3000 1076 0
 5.515000E+02 33 0 0 5 13 52 0 2 0 0 0 238 0 0 1932 0 0 1068 0 0 3000 1068 0
 5.520000E+02 33 0 0 2 14 64 0 2 0 0 0 238 0 0 1942 0 0 1058 0 0 3000 1058 0
 5.525000E+02 33 0 0 3 14 58 0 1 0 0 0 226 0 0 1949 0 0 1051 0 0 3000 1051 0
 5.530000E+02 33 0 0 4 14 62 0 1 0 0 0 223 0 0 1943 0 0 1057 0 0 3000 1057 0
 5.535000E+02 33 0 0 5 14 65 0 0 0 0 0 218 0 0 1950 0 0 1050 0 0 3000 1050 0
 5.540000E+02 33 0 0 2 14 68 0 3 0 0 0 220 0 0 1955 0 0 1045 0 0 3000 1045 0
 5.545000E+02 33 0 0 4 14 64 0 2 0 0 0 221 0 0 1949 0 0 1051 0 0 3000 1051 0
 5.550000E+02 33 0 0 5 14 66 0 2 0 0 0 228 0 0 1942 0 0 1058 0 0 3000 1058 0
 5.555000E+02 33 0 0 2 14 66 0 2 0 0 0 219 0 0 1956 0 0 1044 0 0 3000 1044 0
 5.560000E+02 33 0 0 5 14 76 0 1 0 0 0 220 0 0 1960 0 0 1040 0 0 3000 1040 0
 5.565000E+02 33 0 0 3 14 75 0 2 0 0 0 227 0 0 1971 0 0 1029 0 0 3000 1029 0
 5.570000E+02 33 0 0 2 14 66 0 1 0 0 0 227 0 0 1974 0 0 1026 0 0 3000 1026 0
 5.575000E+02 33 0 0 3 14 73 0 1 0 0 0 239 0 0 1968 0 0 1032 0 0 3000 1032 0
 5.580000E+02 33 0 0 2 14 66 0 2 0 0 0 241 0 0 1969 0 0 1031 0 0 3000 1031 0
 5.585000E+02 33 0 0 4 14 59 0 3 0 0 0 240 0 0 1976 0 0 1024 0 0 3000 1024 0
 5.590000E+02 33 0 0 5 14 60 0 1 0 0 0 239 0 0 1965 0 0 1035 0 0 3000 1035 0
 5.595000E+02 33 0 0 5 14 66 0 0 0 0 0 245 0 0 1963 0 0 1037 0 0 3000 1037 0
 5.600000E+02 33 0 0 3 14 64 0 1 0 0 0 246 0 0 1968 0 0 1032 0 0 3000 1032 0
 5.605000E+02 33 0 0 2 14 69 0 2 0 0 0 240 0 0 1978 0 0 1022 0 0 3000 1022 0
 5.610000E+02 33 0 0 6 14 76 0 2 0 0 0 234 0 0 1955 0 0 1045 0 0 3000 1045 0
 5.615000E+02 33 0 0 6 14 60 0 1 0 0 0 229 0 0 1963 0 0 1037 0 0 3000 1037 0
 5.620000E+02 33 0 0 3 14 67 0 2 0 0 0 232 0 0 1970 0 0 1030 0 0 3000 1030 0
 5.625000E+02 33 0 0 6 14 61 0 3 0 0 0 236 0 0 1958 0 0 1042 0 0 3000 1042 0
 5.630000E+02 33 0 0 2 14 64 0 1 0 0 0 237 0 0 1986 0 0 1014 0 0 3000 1014 0
 5.635000E+02 33 0 0 2 14 60 0 1 0 0 0 238 0 0 1973 0 0 1027 0 0 3000 1027 0
 5.640000E+02 33 0 0 4 14 62 0 3 0 0 0 246 0 0 1961 0 0 1039 0 0 3000 1039 0
 5.645000E+02 33 0 0 0 14 65 0 1 0 0 0 238 0 0 1939 0 0 1061 0 0 3000 1061 0
 5.650000E+02 33 0 0 7 14 61 0 0 0 0 0 229 0 0 1939 0 0 1061 0 0 3000 1061 0
 5.655000E+02 33 0 0 2 14 57 0 2 0 0 0 228 0 0 1938 0 0 1062 0 0 3000 1062 0
 5.660000E+02 33 0 0 4 14 59 0 3 0 0 0 227 0 0 1964 0 0 1036 0 0 3000 1036 0
 5.665000E+02 33 0 0 2 14 66 0 2 0 0 0 219 0 0 1959 0 0 1041 0 0 3000 1041 0
 5.670000E+02 33 0 0 2 14 59 0 2 0 0 0 218 0 0 1975 0 0 1025 0 0 3000 1025 0
 5.675000E+02 33 0 0 5 14 64 0 0 0 0 0 226 0 0 1986 0 0 1014 0 0 3000 1014 0
 5.680000E+02 33 0 0 4 14 65 0 2 0 0 0 226 0 0 1984 0 0 1016 0 0 3000 1016 0
 5.685000E+02 33 0 0 6 14 62 0 1 0 0 0 226 0 0 1982 0 0 1018 0 0 3000 1018 0
 5.690000E+02 33 0 0 2 14 60 0 2 0 0 0 220 0 0 1980 0 0 1020 0 0 3000 1020 0
 5.695000E+02 33 0 0 3 14 71 0 0 0 0 0 223 0 0 1987 0 0 1013 0 0 3000 1013 0
 5.700000E+02 32 0 0 4 14 58 0 0 0 0 0 215 0 0 1990 0 0 1010 0 0 3000 1010 0
 5.705000E+02 32 0 0 3 14 70 0 0 0 0 0 217 0 0 2010 0 0 990 0 0 3000 990 0
 5.710000E+02 32 0 0 1 14 62 0 0 0 0 0 220 0 0 2015 0 0 985 0 0 3000 985 0
 5.715000E+02 32 0 0 1 14 61 0 2 0 0 0 216 0 0 1998 0 0 1002 0 0 3000 1002 0
 5.720000E+02 32 0 0 2 14 74 0 1 0 0 0 217 0 0 1995 0 0 1005 0 0 3000 1005 0
 5.725000E+02 32 0 0 1 14 62 0 0 0 0 0 212 0 0 1973 0 0 1027 0 0 3000 1027 0
 5.730000E+02 32 0 0 6 14 62 0 0 0 0 0 214 0 0 1961 0 0 1039 0 0 3000 1039 0
 5.735000E+02 32 0 0 1 14 62 0 0 0 0 0 218 0 0 1959 0 0 1041 0 0 3000 1041 0
 5.740000E+02 32 0 0 2 14 61 0 2 0 0 0 220 0 0 1962 0 0 1038 0 0 3000 1038 0
 5.745000E+02 32 0 0 4 14 66 0 1 0 0 0 225 0 0 1956 0 0 1044 0 0 3000 1044 0
 5.750000E+02 32 0 0 4 14 57 0 1 0 0 0 219 0 0 1971 0 0 1029 0 0 3000 1029 0
 5.755000E+02 32 0 0 4 14 68 0 1 0 0 0 217 0 0 1967 0 0 1033 0 0 3000 1033 0
 5.760000E+02 31 0 0 2 14 55 0 2 0 0 0 220 0 0 1975 0 0 1025 0 0 3000 1025 0
 5.765000E+02 31 0 0 2 14 70 0 0 0 0 0 220 0 0 1987 0 0 1013 0 0 3000 1013 0
 5.770000E+02 30 0 0 3 14 69 0 0 0 0 0 226 0 0 1972 0 0 1028 0 0 3000 1028 0
 5.775000E+02 30 0 0 2 14 63 0 0 0 0 0 227 0 0 1959 0 0 1041 0 0 3000 1041 0
 5.780000E+02 30 0 0 3 14 69 0 0 0 0 0 230 0 0 1942 0 0 1058 0 0 3000 1058 0
 5.785000E+02 30 0 0 7 14 69 0 0 0 0 0 227 0 0 1950 0 0 1050 0 0 3000 1050 0
 5.790000E+02 30 0 0 2 14 58 0 2 0 0 0 222 0 0 1961 0 0 1039 0 0 3000 1039 0
 5.795000E+02 30 0 0 2 14 64 0 0 0 0 0 223 0 0 1965 0 0 1035 0 0 3000 1035 0
 5.800000E+02 30 0 0 4 14 70 0 1 0 0 0 231 0 0 1968 0 0 1032 0 0 3000 1032 0
 5.805000E+02 30 0 0 4 14 65 0 1 0 0 0 230 0 0 1969 0 0 1031 0 0 3000 1031 0
 5.810000E+02 30 0 0 1 14 68 0 0 0 0 0 233 0 0 1956 0 0 1044 0 0 3000 1044 0
 5.815000E+02 30 0 0 5 14 64 0 1 0 0 0 233 0 0 1970 0 0 1030 0 0 3000 1030 0
 5.820000E+02 30 0 0 5 14 64 0 2 0 0 0 235 0 0 1992 0 0 1008 0 0 3000 1008 0
 5.825000E+02 30 0 0 5 14 70 0 2 0 0 0 235 0 0 1991 0 0 1009 0 0 3000 1009 0
 5.830000E+02 30 0 0 2 14 70 0 0 0 0 0 231 0 0 1998 0 0 1002 0 0 3000 1002 0
 5.835000E+02 30 0 0 2 14 59 0 1 0 0 0 233 0 0 1995 0 0 1005 0 0 3000 1005 0
 5.840000E+02 29 0 0 4 14 64 0 2 0 0 0 234 0 0 1994 0 0 1006 0 0 3000 1006 0
 5.845000E+02 29 0 0 3 14 59 0 0 0 0 0 234 0 0 1988 0 0 1012 0 0 3000 1012 0
 5.850000E+02 29 0 0 3 14 72 0 0 0 0 0 238 0 0 1983 0 0 1017 0 0 3000 1017 0
 5.855000E+02 29 0 0 8 14 69 0 1 0 0 0 226 0 0 2005 0 0 995 0 0 3000 995 0
 5.860000E+02 29 0 0 2 14 65 0 1 0 0 0 239 0 0 2012 0 0 988 0 0 3000 988 0
 5.865000E+02 29 0 0 1 14 68 0 0 0 0 0 239 0 0 2000 0 0 1000 0 0 3000 1000 0
 5.870000E+02 29 0 0 2 14 77 0 2 0 0 0 232 0 0 1976 0 0 1024 0 0 3000 1024 0
 5.875000E+02 29 0 0 5 14 58 0 2 0 0 0 226 0 0 1955 0 0 1045 0 0 3000 1045 0
 5.880000E+02 29 0 0 3 14 68 0 1 0 0 0 221 0 0 1939 0 0 1061 0 0 3000 1061 0
 5.885000E+02 29 0 0 1 14 65 0 2 0 0 0 217 0 0 1936 0 0 1064 0 0 3000 1064 0
 5.890000E+02 29 0 0 3 14 67 0 1 0 0 0 219 0 0 1923 0 0 1077 0 0 3000 1077 0
 5.895000E+02 29 0 0 3 14 60 0 1 0 0 0 219 0 0 1909 0 0 1091 0 0 3000 1091 0
 5.900000E+02 29 0 0 1 14 57 0 1 0 0 0 210 0 0 1936 0 0 1064 0 0 3000 1064 0
 5.905000E+02 29 0 0 2 14 64 0 2 0 0 0 216 0 0 1933 0 0 1067 0 0 3000 1067 0
 5.910000E+02 29 0 0 5 14 62 0 1 0 0 0 215 0 0 1954 0 0 1046 0 0 3000 1046 0
 5.915000E+02 29 0 0 4 14 65 0 2 0 0 0 217 0 0 1966 0 0 1034 0 0 3000 1034 0
 5.920000E+02 29 0 0 0 13 64 0 0 0 0 0 213 0 0 1972 0 0 1028 0 0 3000 1028 0
 5.925000E+02 29 0 0 4 14 53 0 0 0 0 0 213 0 0 1944 0 0 1056 0 0 3000 1056 0
 5.930000E+02 29 0 0 3 13 60 0 1 0 0 0 210 0 0 1919 0 0 1081 0 0 3000 1081 0
 5.935000E+02 29 0 0 4 14 68 0 0 0 0 0 204 0 0 1900 0 0 1100 0 0 3000 1100 0
 5.940000E+02 29 0 0 3 14 68 0 4 0 0 0 202 0 0 1923 0 0 1077 0 0 3000 1077 0
 5.945000E+02 29 0 0 2 14 67 0 2 0 0 0 206 0 0 1911 0 0 1089 0 0 3000 1089 0
 5.950000E+02 29 0 0 4 14 72 0 2 0 0 0 206 0 0 1946 0 0 1054 0 0 3000 1054 0
 5.955000E+02 29 0 0 4 14 61 0 1 0 0 0 211 0 0 1963 0 0 1037 0 0 3000 1037 0
 5.960000E+02 29 0 0 3 14 66 0 2 0 0 0 211 0 0 1968 0 0 1032 0 0 3000 1032 0
 5.965000E+02 29 0 0 4 14 67 0 0 0 0 0 213 0 0 1962 0 0 1038 0 0 3000 1038 0
 5.970000E+02 29 0 0 4 14 68 0 0 0 0 0 210 0 0 1974 0 0 1026 0 0 3000 1026 0
 5.975000E+02 29 0 0 2 14 76 0 3 0 0 0 215 0 0 1986 0 0 1014 0 0 3000 1014 0
 5.980000E+02 29 0 0 2 14 67 0 1 0 0 0 220 0 0 2005 0 0 995 0 0 3000 995 0
 5.985000E+02 29 0 0 3 14 61 0 2 0 0 0 218 0 0 1979 0 0 1021 0 0 3000 1021 0
 5.990000E+02 29 0 0 4 14 62 0 1 0 0 0 217 0 0 1969 0 0 1031 0 0 3000 1031 0
 5.995000E+02 29 0 0 1 14 62 0 3 0 0 0 212 0 0 1981 0 0 1019 0 0 3000 1019 0
 6.000000E+02 29 0 0 4 14 66 0 2 0 0 0 214 0 0 2004 0 0 996 0 0 3000 996 0
