# time 'cAMP_on' 'free_Ca2+' 'all_Ca2+' 'PKAa!_' 'PKAa?' 'CDK5!_' 'CK1u~?' 'PP2Ap~?' 'PP2Aca_!' 'PP2C!_' 'PP2Ba~?' 'PDEp~?' 'DARPP_unphosph~?' 'Thr75~?' 'Thr34~?' 'Ser137~?' 'Thr75:Ser137~?' 'Thr34:Thr75~?' 'Thr34:Ser137~?' 'Thr34:Thr75:Ser137~?' 'D34*~?' 'D75*~?' 'D137*~?'
 0.000000E+00 0 0 0 0 0 0 0 0 0 0 0 0 3000 0 0 0 0 0 0 0 0 0 0
 5.000000E-01 0 0 0 0 0 75 0 0 0 0 0 0 2906 94 0 0 0 0 0 0 0 94 0
 1.000000E+00 0 0 0 0 0 75 0 0 0 0 0 0 2808 192 0 0 0 0 0 0 0 192 0
 1.500000E+00 0 0 0 0 0 69 0 0 0 0 0 0 2713 287 0 0 0 0 0 0 0 287 0
 2.000000E+00 0 0 0 0 0 68 0 0 0 0 0 0 2625 375 0 0 0 0 0 0 0 375 0
 2.500000E+00 0 0 0 0 0 66 0 0 0 0 0 0 2563 437 0 0 0 0 0 0 0 437 0
 3.000000E+00 0 0 0 0 0 67 0 0 0 0 0 0 2484 516 0 0 0 0 0 0 0 516 0
 3.500000E+00 0 0 0 0 0 84 0 0 0 0 0 0 2443 557 0 0 0 0 0 0 0 557 0
 4.000000E+00 0 0 0 0 0 73 0 0 0 0 0 0 2391 609 0 0 0 0 0 0 0 609 0
 4.500000E+00 0 0 0 0 0 65 0 0 0 0 0 0 2331 669 0 0 0 0 0 0 0 669 0
 5.000000E+00 0 0 0 0 0 65 0 0 0 0 0 0 2311 689 0 0 0 0 0 0 0 689 0
 5.500000E+00 0 0 0 0 0 71 0 0 0 0 0 0 2292 708 0 0 0 0 0 0 0 708 0
 6.000000E+00 0 0 0 0 0 70 0 0 0 0 0 0 2261 739 0 0 0 0 0 0 0 739 0
 6.500000E+00 0 0 0 0 0 66 0 0 0 0 0 0 2237 763 0 0 0 0 0 0 0 763 0
 7.000000E+00 0 0 0 0 0 69 0 0 0 0 0 0 2223 777 0 0 0 0 0 0 0 777 0
 7.500000E+00 0 0 0 0 0 70 0 0 0 0 0 0 2193 807 0 0 0 0 0 0 0 807 0
 8.000000E+00 0 0 0 0 0 71 0 0 0 0 0 0 2158 842 0 0 0 0 0 0 0 842 0
 8.500000E+00 0 0 0 0 0 67 0 0 0 0 0 0 2126 874 0 0 0 0 0 0 0 874 0
 9.000000E+00 0 0 0 0 0 55 0 0 0 0 0 0 2109 891 0 0 0 0 0 0 0 891 0
 9.500000E+00 0 0 0 0 0 56 0 0 0 0 0 0 2090 910 0 0 0 0 0 0 0 910 0
 1.000000E+01 0 0 0 0 0 63 0 0 0 0 0 0 2094 906 0 0 0 0 0 0 0 906 0
 1.050000E+01 0 0 0 0 0 61 0 0 0 0 0 0 2074 926 0 0 0 0 0 0 0 926 0
 1.100000E+01 0 0 0 0 0 73 0 0 0 0 0 0 2071 929 0 0 0 0 0 0 0 929 0
 1.150000E+01 0 0 0 0 0 71 0 0 0 0 0 0 2050 950 0 0 0 0 0 0 0 950 0
 1.200000E+01 0 0 0 0 0 74 0 0 0 0 0 0 2040 960 0 0 0 0 0 0 0 960 0
 1.250000E+01 0 0 0 0 0 72 0 0 0 0 0 0 2027 973 0 0 0 0 0 0 0 973 0
 1.300000E+01 0 0 0 0 0 71 0 0 0 0 0 0 2006 994 0 0 0 0 0 0 0 994 0
 1.350000E+01 0 0 0 0 0 57 0 0 0 0 0 0 2018 982 0 0 0 0 0 0 0 982 0
 1.400000E+01 0 0 0 0 0 55 0 0 0 0 0 0 2003 997 0 0 0 0 0 0 0 997 0
 1.450000E+01 0 0 0 0 0 55 0 0 0 0 0 0 1995 1005 0 0 0 0 0 0 0 1005 0
 1.500000E+01 0 0 0 0 0 53 0 0 0 0 0 0 1999 1001 0 0 0 0 0 0 0 1001 0
 1.550000E+01 0 0 0 0 0 76 0 0 0 0 0 0 1975 1025 0 0 0 0 0 0 0 1025 0
 1.600000E+01 0 0 0 0 0 66 0 0 0 0 0 0 1973 1027 0 0 0 0 0 0 0 1027 0
 1.650000E+01 0 0 0 0 0 60 0 0 0 0 0 0 1946 1054 0 0 0 0 0 0 0 1054 0
 1.700000E+01 0 0 0 0 0 68 0 0 0 0 0 0 1937 1063 0 0 0 0 0 0 0 1063 0
 1.750000E+01 0 0 0 0 0 70 0 0 0 0 0 0 1946 1054 0 0 0 0 0 0 0 1054 0
 1.800000E+01 0 0 0 0 0 63 0 0 0 0 0 0 1944 1056 0 0 0 0 0 0 0 1056 0
 1.850000E+01 0 0 0 0 0 63 0 0 0 0 0 0 1936 1064 0 0 0 0 0 0 0 1064 0
 1.900000E+01 0 0 0 0 0 66 0 0 0 0 0 0 1926 1074 0 0 0 0 0 0 0 1074 0
 1.950000E+01 0 0 0 0 0 54 0 0 0 0 0 0 1902 1098 0 0 0 0 0 0 0 1098 0
 2.000000E+01 0 0 0 0 0 69 0 0 0 0 0 0 1929 1071 0 0 0 0 0 0 0 1071 0
 2.050000E+01 0 0 0 0 0 70 0 0 0 0 0 0 1923 1077 0 0 0 0 0 0 0 1077 0
 2.100000E+01 0 0 0 0 0 62 0 0 0 0 0 0 1940 1060 0 0 0 0 0 0 0 1060 0
 2.150000E+01 0 0 0 0 0 67 0 0 0 0 0 0 1932 1068 0 0 0 0 0 0 0 1068 0
 2.200000E+01 0 0 0 0 0 66 0 0 0 0 0 0 1915 1085 0 0 0 0 0 0 0 1085 0
 2.250000E+01 0 0 0 0 0 68 0 0 0 0 0 0 1915 1085 0 0 0 0 0 0 0 1085 0
 2.300000E+01 0 0 0 0 0 68 0 0 0 0 0 0 1914 1086 0 0 0 0 0 0 0 1086 0
 2.350000E+01 0 0 0 0 0 67 0 0 0 0 0 0 1924 1076 0 0 0 0 0 0 0 1076 0
 2.400000E+01 0 0 0 0 0 61 0 0 0 0 0 0 1926 1074 0 0 0 0 0 0 0 1074 0
 2.450000E+01 0 0 0 0 0 63 0 0 0 0 0 0 1921 1079 0 0 0 0 0 0 0 1079 0
 2.500000E+01 0 0 0 0 0 59 0 0 0 0 0 0 1920 1080 0 0 0 0 0 0 0 1080 0
 2.550000E+01 0 0 0 0 0 66 0 0 0 0 0 0 1923 1077 0 0 0 0 0 0 0 1077 0
 2.600000E+01 0 0 0 0 0 69 0 0 0 0 0 0 1927 1073 0 0 0 0 0 0 0 1073 0
 2.650000E+01 0 0 0 0 0 63 0 0 0 0 0 0 1937 1063 0 0 0 0 0 0 0 1063 0
 2.700000E+01 0 0 0 0 0 65 0 0 0 0 0 0 1948 1052 0 0 0 0 0 0 0 1052 0
 2.750000E+01 0 0 0 0 0 66 0 0 0 0 0 0 1935 1065 0 0 0 0 0 0 0 1065 0
 2.800000E+01 0 0 0 0 0 69 0 0 0 0 0 0 1939 1061 0 0 0 0 0 0 0 1061 0
 2.850000E+01 0 0 0 0 0 68 0 0 0 0 0 0 1936 1064 0 0 0 0 0 0 0 1064 0
 2.900000E+01 0 0 0 0 0 59 0 0 0 0 0 0 1934 1066 0 0 0 0 0 0 0 1066 0
 2.950000E+01 0 0 0 0 0 68 0 0 0 0 0 0 1941 1059 0 0 0 0 0 0 0 1059 0
 3.000000E+01 0 0 0 0 0 72 0 0 0 0 0 0 1934 1066 0 0 0 0 0 0 0 1066 0
 3.050000E+01 0 0 0 0 0 63 0 0 0 0 0 0 1913 1087 0 0 0 0 0 0 0 1087 0
 3.100000E+01 0 0 0 0 0 76 0 0 0 0 0 0 1920 1080 0 0 0 0 0 0 0 1080 0
 3.150000E+01 0 0 0 0 0 62 0 0 0 0 0 0 1918 1082 0 0 0 0 0 0 0 1082 0
 3.200000E+01 0 0 0 0 0 64 0 0 0 0 0 0 1911 1089 0 0 0 0 0 0 0 1089 0
 3.250000E+01 0 0 0 0 0 60 0 0 0 0 0 0 1920 1080 0 0 0 0 0 0 0 1080 0
 3.300000E+01 0 0 0 0 0 67 0 0 0 0 0 0 1922 1078 0 0 0 0 0 0 0 1078 0
 3.350000E+01 0 0 0 0 0 63 0 0 0 0 0 0 1926 1074 0 0 0 0 0 0 0 1074 0
 3.400000E+01 0 0 0 0 0 66 0 0 0 0 0 0 1918 1082 0 0 0 0 0 0 0 1082 0
 3.450000E+01 0 0 0 0 0 62 0 0 0 0 0 0 1911 1089 0 0 0 0 0 0 0 1089 0
 3.500000E+01 0 0 0 0 0 60 0 0 0 0 0 0 1887 1113 0 0 0 0 0 0 0 1113 0
 3.550000E+01 0 0 0 0 0 64 0 0 0 0 0 0 1869 1131 0 0 0 0 0 0 0 1131 0
 3.600000E+01 0 0 0 0 0 71 0 0 0 0 0 0 1880 1120 0 0 0 0 0 0 0 1120 0
 3.650000E+01 0 0 0 0 0 69 0 0 0 0 0 0 1898 1102 0 0 0 0 0 0 0 1102 0
 3.700000E+01 0 0 0 0 0 75 0 0 0 0 0 0 1901 1099 0 0 0 0 0 0 0 1099 0
 3.750000E+01 0 0 0 0 0 71 0 0 0 0 0 0 1901 1099 0 0 0 0 0 0 0 1099 0
 3.800000E+01 0 0 0 0 0 79 0 0 0 0 0 0 1888 1112 0 0 0 0 0 0 0 1112 0
 3.850000E+01 0 0 0 0 0 62 0 0 0 0 0 0 1886 1114 0 0 0 0 0 0 0 1114 0
 3.900000E+01 0 0 0 0 0 72 0 0 0 0 0 0 1898 1102 0 0 0 0 0 0 0 1102 0
 3.950000E+01 0 0 0 0 0 64 0 0 0 0 0 0 1887 1113 0 0 0 0 0 0 0 1113 0
 4.000000E+01 0 0 0 0 0 63 0 0 0 0 0 0 1887 1113 0 0 0 0 0 0 0 1113 0
 4.050000E+01 0 0 0 0 0 65 0 0 0 0 0 0 1881 1119 0 0 0 0 0 0 0 1119 0
 4.100000E+01 0 0 0 0 0 58 0 0 0 0 0 0 1883 1117 0 0 0 0 0 0 0 1117 0
 4.150000E+01 0 0 0 0 0 52 0 0 0 0 0 0 1877 1123 0 0 0 0 0 0 0 1123 0
 4.200000E+01 0 0 0 0 0 61 0 0 0 0 0 0 1872 1128 0 0 0 0 0 0 0 1128 0
 4.250000E+01 0 0 0 0 0 56 0 0 0 0 0 0 1879 1121 0 0 0 0 0 0 0 1121 0
 4.300000E+01 0 0 0 0 0 73 0 0 0 0 0 0 1900 1100 0 0 0 0 0 0 0 1100 0
 4.350000E+01 0 0 0 0 0 71 0 0 0 0 0 0 1922 1078 0 0 0 0 0 0 0 1078 0
 4.400000E+01 0 0 0 0 0 65 0 0 0 0 0 0 1926 1074 0 0 0 0 0 0 0 1074 0
 4.450000E+01 0 0 0 0 0 72 0 0 0 0 0 0 1941 1059 0 0 0 0 0 0 0 1059 0
 4.500000E+01 0 0 0 0 0 67 0 0 0 0 0 0 1931 1069 0 0 0 0 0 0 0 1069 0
 4.550000E+01 0 0 0 0 0 62 0 0 0 0 0 0 1956 1044 0 0 0 0 0 0 0 1044 0
 4.600000E+01 0 0 0 0 0 63 0 0 0 0 0 0 1968 1032 0 0 0 0 0 0 0 1032 0
 4.650000E+01 0 0 0 0 0 61 0 0 0 0 0 0 1975 1025 0 0 0 0 0 0 0 1025 0
 4.700000E+01 0 0 0 0 0 61 0 0 0 0 0 0 1973 1027 0 0 0 0 0 0 0 1027 0
 4.750000E+01 0 0 0 0 0 64 0 0 0 0 0 0 1990 1010 0 0 0 0 0 0 0 1010 0
 4.800000E+01 0 0 0 0 0 64 0 0 0 0 0 0 1986 1014 0 0 0 0 0 0 0 1014 0
 4.850000E+01 0 0 0 0 0 64 0 0 0 0 0 0 1973 1027 0 0 0 0 0 0 0 1027 0
 4.900000E+01 0 0 0 0 0 58 0 0 0 0 0 0 1977 1023 0 0 0 0 0 0 0 1023 0
 4.950000E+01 0 0 0 0 0 64 0 0 0 0 0 0 1991 1009 0 0 0 0 0 0 0 1009 0
 5.000000E+01 0 0 0 0 0 71 0 0 0 0 0 0 1961 1039 0 0 0 0 0 0 0 1039 0
 5.050000E+01 0 0 0 0 0 64 0 0 0 0 0 0 1941 1059 0 0 0 0 0 0 0 1059 0
 5.100000E+01 0 0 0 0 0 75 0 0 0 0 0 0 1940 1060 0 0 0 0 0 0 0 1060 0
 5.150000E+01 0 0 0 0 0 59 0 0 0 0 0 0 1939 1061 0 0 0 0 0 0 0 1061 0
 5.200000E+01 0 0 0 0 0 63 0 0 0 0 0 0 1959 1041 0 0 0 0 0 0 0 1041 0
 5.250000E+01 0 0 0 0 0 63 0 0 0 0 0 0 1947 1053 0 0 0 0 0 0 0 1053 0
 5.300000E+01 0 0 0 0 0 53 0 0 0 0 0 0 1939 1061 0 0 0 0 0 0 0 1061 0
 5.350000E+01 0 0 0 0 0 66 0 0 0 0 0 0 1939 1061 0 0 0 0 0 0 0 1061 0
 5.400000E+01 0 0 0 0 0 66 0 0 0 0 0 0 1943 1057 0 0 0 0 0 0 0 1057 0
 5.450000E+01 0 0 0 0 0 67 0 0 0 0 0 0 1956 1044 0 0 0 0 0 0 0 1044 0
 5.500000E+01 0 0 0 0 0 71 0 0 0 0 0 0 1934 1066 0 0 0 0 0 0 0 1066 0
 5.550000E+01 0 0 0 0 0 65 0 0 0 0 0 0 1937 1063 0 0 0 0 0 0 0 1063 0
 5.600000E+01 0 0 0 0 0 56 0 0 0 0 0 0 1939 1061 0 0 0 0 0 0 0 1061 0
 5.650000E+01 0 0 0 0 0 63 0 0 0 0 0 0 1938 1062 0 0 0 0 0 0 0 1062 0
 5.700000E+01 0 0 0 0 0 67 0 0 0 0 0 0 1922 1078 0 0 0 0 0 0 0 1078 0
 5.750000E+01 0 0 0 0 0 62 0 0 0 0 0 0 1917 1083 0 0 0 0 0 0 0 1083 0
 5.800000E+01 0 0 0 0 0 68 0 0 0 0 0 0 1919 1081 0 0 0 0 0 0 0 1081 0
 5.850000E+01 0 0 0 0 0 64 0 0 0 0 0 0 1917 1083 0 0 0 0 0 0 0 1083 0
 5.900000E+01 0 0 0 0 0 74 0 0 0 0 0 0 1926 1074 0 0 0 0 0 0 0 1074 0
 5.950000E+01 0 0 0 0 0 65 0 0 0 0 0 0 1929 1071 0 0 0 0 0 0 0 1071 0
 6.000000E+01 0 0 0 0 0 68 0 0 0 0 0 0 1921 1079 0 0 0 0 0 0 0 1079 0
 6.050000E+01 0 0 0 0 0 64 0 0 0 0 0 0 1907 1093 0 0 0 0 0 0 0 1093 0
 6.100000E+01 0 0 0 0 0 62 0 0 0 0 0 0 1887 1113 0 0 0 0 0 0 0 1113 0
 6.150000E+01 0 0 0 0 0 72 0 0 0 0 0 0 1882 1118 0 0 0 0 0 0 0 1118 0
 6.200000E+01 0 0 0 0 0 61 0 0 0 0 0 0 1892 1108 0 0 0 0 0 0 0 1108 0
 6.250000E+01 0 0 0 0 0 67 0 0 0 0 0 0 1888 1112 0 0 0 0 0 0 0 1112 0
 6.300000E+01 0 0 0 0 0 63 0 0 0 0 0 0 1883 1117 0 0 0 0 0 0 0 1117 0
 6.350000E+01 0 0 0 0 0 65 0 0 0 0 0 0 1890 1110 0 0 0 0 0 0 0 1110 0
 6.400000E+01 0 0 0 0 0 63 0 0 0 0 0 0 1879 1121 0 0 0 0 0 0 0 1121 0
 6.450000E+01 0 0 0 0 0 63 0 0 0 0 0 0 1886 1114 0 0 0 0 0 0 0 1114 0
 6.500000E+01 0 0 0 0 0 61 0 0 0 0 0 0 1894 1106 0 0 0 0 0 0 0 1106 0
 6.550000E+01 0 0 0 0 0 63 0 0 0 0 0 0 1890 1110 0 0 0 0 0 0 0 1110 0
 6.600000E+01 0 0 0 0 0 68 0 0 0 0 0 0 1886 1114 0 0 0 0 0 0 0 1114 0
 6.650000E+01 0 0 0 0 0 57 0 0 0 0 0 0 1897 1103 0 0 0 0 0 0 0 1103 0
 6.700000E+01 0 0 0 0 0 56 0 0 0 0 0 0 1903 1097 0 0 0 0 0 0 0 1097 0
 6.750000E+01 0 0 0 0 0 67 0 0 0 0 0 0 1890 1110 0 0 0 0 0 0 0 1110 0
 6.800000E+01 0 0 0 0 0 60 0 0 0 0 0 0 1888 1112 0 0 0 0 0 0 0 1112 0
 6.850000E+01 0 0 0 0 0 65 0 0 0 0 0 0 1887 1113 0 0 0 0 0 0 0 1113 0
 6.900000E+01 0 0 0 0 0 73 0 0 0 0 0 0 1879 1121 0 0 0 0 0 0 0 1121 0
 6.950000E+01 0 0 0 0 0 69 0 0 0 0 0 0 1894 1106 0 0 0 0 0 0 0 1106 0
 7.000000E+01 0 0 0 0 0 68 0 0 0 0 0 0 1910 1090 0 0 0 0 0 0 0 1090 0
 7.050000E+01 0 0 0 0 0 62 0 0 0 0 0 0 1889 1111 0 0 0 0 0 0 0 1111 0
 7.100000E+01 0 0 0 0 0 62 0 0 0 0 0 0 1884 1116 0 0 0 0 0 0 0 1116 0
 7.150000E+01 0 0 0 0 0 66 0 0 0 0 0 0 1892 1108 0 0 0 0 0 0 0 1108 0
 7.200000E+01 0 0 0 0 0 52 0 0 0 0 0 0 1879 1121 0 0 0 0 0 0 0 1121 0
 7.250000E+01 0 0 0 0 0 65 0 0 0 0 0 0 1881 1119 0 0 0 0 0 0 0 1119 0
 7.300000E+01 0 0 0 0 0 69 0 0 0 0 0 0 1875 1125 0 0 0 0 0 0 0 1125 0
 7.350000E+01 0 0 0 0 0 56 0 0 0 0 0 0 1880 1120 0 0 0 0 0 0 0 1120 0
 7.400000E+01 0 0 0 0 0 59 0 0 0 0 0 0 1855 1145 0 0 0 0 0 0 0 1145 0
 7.450000E+01 0 0 0 0 0 65 0 0 0 0 0 0 1878 1122 0 0 0 0 0 0 0 1122 0
 7.500000E+01 0 0 0 0 0 66 0 0 0 0 0 0 1883 1117 0 0 0 0 0 0 0 1117 0
 7.550000E+01 0 0 0 0 0 64 0 0 0 0 0 0 1880 1120 0 0 0 0 0 0 0 1120 0
 7.600000E+01 0 0 0 0 0 55 0 0 0 0 0 0 1886 1114 0 0 0 0 0 0 0 1114 0
 7.650000E+01 0 0 0 0 0 60 0 0 0 0 0 0 1894 1106 0 0 0 0 0 0 0 1106 0
 7.700000E+01 0 0 0 0 0 60 0 0 0 0 0 0 1901 1099 0 0 0 0 0 0 0 1099 0
 7.750000E+01 0 0 0 0 0 83 0 0 0 0 0 0 1923 1077 0 0 0 0 0 0 0 1077 0
 7.800000E+01 0 0 0 0 0 58 0 0 0 0 0 0 1922 1078 0 0 0 0 0 0 0 1078 0
 7.850000E+01 0 0 0 0 0 65 0 0 0 0 0 0 1933 1067 0 0 0 0 0 0 0 1067 0
 7.900000E+01 0 0 0 0 0 58 0 0 0 0 0 0 1939 1061 0 0 0 0 0 0 0 1061 0
 7.950000E+01 0 0 0 0 0 68 0 0 0 0 0 0 1940 1060 0 0 0 0 0 0 0 1060 0
 8.000000E+01 0 0 0 0 0 65 0 0 0 0 0 0 1930 1070 0 0 0 0 0 0 0 1070 0
 8.050000E+01 0 0 0 0 0 62 0 0 0 0 0 0 1924 1076 0 0 0 0 0 0 0 1076 0
 8.100000E+01 0 0 0 0 0 68 0 0 0 0 0 0 1939 1061 0 0 0 0 0 0 0 1061 0
 8.150000E+01 0 0 0 0 0 55 0 0 0 0 0 0 1941 1059 0 0 0 0 0 0 0 1059 0
 8.200000E+01 0 0 0 0 0 72 0 0 0 0 0 0 1943 1057 0 0 0 0 0 0 0 1057 0
 8.250000E+01 0 0 0 0 0 68 0 0 0 0 0 0 1949 1051 0 0 0 0 0 0 0 1051 0
 8.300000E+01 0 0 0 0 0 73 0 0 0 0 0 0 1954 1046 0 0 0 0 0 0 0 1046 0
 8.350000E+01 0 0 0 0 0 63 0 0 0 0 0 0 1944 1056 0 0 0 0 0 0 0 1056 0
 8.400000E+01 0 0 0 0 0 66 0 0 0 0 0 0 1948 1052 0 0 0 0 0 0 0 1052 0
 8.450000E+01 0 0 0 0 0 67 0 0 0 0 0 0 1946 1054 0 0 0 0 0 0 0 1054 0
 8.500000E+01 0 0 0 0 0 66 0 0 0 0 0 0 1947 1053 0 0 0 0 0 0 0 1053 0
 8.550000E+01 0 0 0 0 0 62 0 0 0 0 0 0 1954 1046 0 0 0 0 0 0 0 1046 0
 8.600000E+01 0 0 0 0 0 71 0 0 0 0 0 0 1930 1070 0 0 0 0 0 0 0 1070 0
 8.650000E+01 0 0 0 0 0 69 0 0 0 0 0 0 1913 1087 0 0 0 0 0 0 0 1087 0
 8.700000E+01 0 0 0 0 0 66 0 0 0 0 0 0 1925 1075 0 0 0 0 0 0 0 1075 0
 8.750000E+01 0 0 0 0 0 63 0 0 0 0 0 0 1932 1068 0 0 0 0 0 0 0 1068 0
 8.800000E+01 0 0 0 0 0 71 0 0 0 0 0 0 1930 1070 0 0 0 0 0 0 0 1070 0
 8.850000E+01 0 0 0 0 0 57 0 0 0 0 0 0 1924 1076 0 0 0 0 0 0 0 1076 0
 8.900000E+01 0 0 0 0 0 68 0 0 0 0 0 0 1927 1073 0 0 0 0 0 0 0 1073 0
 8.950000E+01 0 0 0 0 0 70 0 0 0 0 0 0 1943 1057 0 0 0 0 0 0 0 1057 0
 9.000000E+01 0 0 0 0 0 69 0 0 0 0 0 0 1944 1056 0 0 0 0 0 0 0 1056 0
 9.050000E+01 0 0 0 0 0 74 0 0 0 0 0 0 1962 1038 0 0 0 0 0 0 0 1038 0
 9.100000E+01 0 0 0 0 0 64 0 0 0 0 0 0 1952 1048 0 0 0 0 0 0 0 1048 0
 9.150000E+01 0 0 0 0 0 81 0 0 0 0 0 0 1984 1016 0 0 0 0 0 0 0 1016 0
 9.200000E+01 0 0 0 0 0 65 0 0 0 0 0 0 1963 1037 0 0 0 0 0 0 0 1037 0
 9.250000E+01 0 0 0 0 0 63 0 0 0 0 0 0 1955 1045 0 0 0 0 0 0 0 1045 0
 9.300000E+01 0 0 0 0 0 54 0 0 0 0 0 0 1935 1065 0 0 0 0 0 0 0 1065 0
 9.350000E+01 0 0 0 0 0 59 0 0 0 0 0 0 1934 1066 0 0 0 0 0 0 0 1066 0
 9.400000E+01 0 0 0 0 0 62 0 0 0 0 0 0 1932 1068 0 0 0 0 0 0 0 1068 0
 9.450000E+01 0 0 0 0 0 67 0 0 0 0 0 0 1922 1078 0 0 0 0 0 0 0 1078 0
 9.500000E+01 0 0 0 0 0 56 0 0 0 0 0 0 1922 1078 0 0 0 0 0 0 0 1078 0
 9.550000E+01 0 0 0 0 0 54 0 0 0 0 0 0 1943 1057 0 0 0 0 0 0 0 1057 0
 9.600000E+01 0 0 0 0 0 68 0 0 0 0 0 0 1940 1060 0 0 0 0 0 0 0 1060 0
 9.650000E+01 0 0 0 0 0 73 0 0 0 0 0 0 1930 1070 0 0 0 0 0 0 0 1070 0
 9.700000E+01 0 0 0 0 0 65 0 0 0 0 0 0 1944 1056 0 0 0 0 0 0 0 1056 0
 9.750000E+01 0 0 0 0 0 66 0 0 0 0 0 0 1940 1060 0 0 0 0 0 0 0 1060 0
 9.800000E+01 0 0 0 0 0 67 0 0 0 0 0 0 1913 1087 0 0 0 0 0 0 0 1087 0
 9.850000E+01 0 0 0 0 0 70 0 0 0 0 0 0 1914 1086 0 0 0 0 0 0 0 1086 0
 9.900000E+01 0 0 0 0 0 66 0 0 0 0 0 0 1931 1069 0 0 0 0 0 0 0 1069 0
 9.950000E+01 0 0 0 0 0 65 0 0 0 0 0 0 1930 1070 0 0 0 0 0 0 0 1070 0
 1.000000E+02 0 0 0 0 0 61 0 0 0 0 0 0 1914 1086 0 0 0 0 0 0 0 1086 0
 1.005000E+02 0 0 0 0 0 63 0 0 0 0 0 0 1908 1092 0 0 0 0 0 0 0 1092 0
 1.010000E+02 0 0 0 0 0 53 0 0 0 0 0 0 1910 1090 0 0 0 0 0 0 0 1090 0
 1.015000E+02 0 0 0 0 0 69 0 0 0 0 0 0 1886 1114 0 0 0 0 0 0 0 1114 0
 1.020000E+02 0 0 0 0 0 69 0 0 0 0 0 0 1901 1099 0 0 0 0 0 0 0 1099 0
 1.025000E+02 0 0 0 0 0 66 0 0 0 0 0 0 1900 1100 0 0 0 0 0 0 0 1100 0
 1.030000E+02 0 0 0 0 0 66 0 0 0 0 0 0 1928 1072 0 0 0 0 0 0 0 1072 0
 1.035000E+02 0 0 0 0 0 55 0 0 0 0 0 0 1932 1068 0 0 0 0 0 0 0 1068 0
 1.040000E+02 0 0 0 0 0 57 0 0 0 0 0 0 1931 1069 0 0 0 0 0 0 0 1069 0
 1.045000E+02 0 0 0 0 0 60 0 0 0 0 0 0 1941 1059 0 0 0 0 0 0 0 1059 0
 1.050000E+02 0 0 0 0 0 68 0 0 0 0 0 0 1927 1073 0 0 0 0 0 0 0 1073 0
 1.055000E+02 0 0 0 0 0 57 0 0 0 0 0 0 1904 1096 0 0 0 0 0 0 0 1096 0
 1.060000E+02 0 0 0 0 0 55 0 0 0 0 0 0 1903 1097 0 0 0 0 0 0 0 1097 0
 1.065000E+02 0 0 0 0 0 75 0 0 0 0 0 0 1909 1091 0 0 0 0 0 0 0 1091 0
 1.070000E+02 0 0 0 0 0 50 0 0 0 0 0 0 1902 1098 0 0 0 0 0 0 0 1098 0
 1.075000E+02 0 0 0 0 0 62 0 0 0 0 0 0 1914 1086 0 0 0 0 0 0 0 1086 0
 1.080000E+02 0 0 0 0 0 62 0 0 0 0 0 0 1917 1083 0 0 0 0 0 0 0 1083 0
 1.085000E+02 0 0 0 0 0 65 0 0 0 0 0 0 1949 1051 0 0 0 0 0 0 0 1051 0
 1.090000E+02 0 0 0 0 0 75 0 0 0 0 0 0 1940 1060 0 0 0 0 0 0 0 1060 0
 1.095000E+02 0 0 0 0 0 71 0 0 0 0 0 0 1939 1061 0 0 0 0 0 0 0 1061 0
 1.100000E+02 0 0 0 0 0 72 0 0 0 0 0 0 1948 1052 0 0 0 0 0 0 0 1052 0
 1.105000E+02 0 0 0 0 0 66 0 0 0 0 0 0 1945 1055 0 0 0 0 0 0 0 1055 0
 1.110000E+02 0 0 0 0 0 77 0 0 0 0 0 0 1979 1021 0 0 0 0 0 0 0 1021 0
 1.115000E+02 0 0 0 0 0 67 0 0 0 0 0 0 1998 1002 0 0 0 0 0 0 0 1002 0
 1.120000E+02 0 0 0 0 0 71 0 0 0 0 0 0 1994 1006 0 0 0 0 0 0 0 1006 0
 1.125000E+02 0 0 0 0 0 54 0 0 0 0 0 0 1982 1018 0 0 0 0 0 0 0 1018 0
 1.130000E+02 0 0 0 0 0 67 0 0 0 0 0 0 1963 1037 0 0 0 0 0 0 0 1037 0
 1.135000E+02 0 0 0 0 0 73 0 0 0 0 0 0 1966 1034 0 0 0 0 0 0 0 1034 0
 1.140000E+02 0 0 0 0 0 77 0 0 0 0 0 0 1968 1032 0 0 0 0 0 0 0 1032 0
 1.145000E+02 0 0 0 0 0 75 0 0 0 0 0 0 1974 1026 0 0 0 0 0 0 0 1026 0
 1.150000E+02 0 0 0 0 0 74 0 0 0 0 0 0 1986 1014 0 0 0 0 0 0 0 1014 0
 1.155000E+02 0 0 0 0 0 77 0 0 0 0 0 0 1988 1012 0 0 0 0 0 0 0 1012 0
 1.160000E+02 0 0 0 0 0 69 0 0 0 0 0 0 1974 1026 0 0 0 0 0 0 0 1026 0
 1.165000E+02 0 0 0 0 0 66 0 0 0 0 0 0 1978 1022 0 0 0 0 0 0 0 1022 0
 1.170000E+02 0 0 0 0 0 59 0 0 0 0 0 0 1970 1030 0 0 0 0 0 0 0 1030 0
 1.175000E+02 0 0 0 0 0 68 0 0 0 0 0 0 1947 1053 0 0 0 0 0 0 0 1053 0
 1.180000E+02 0 0 0 0 0 63 0 0 0 0 0 0 1936 1064 0 0 0 0 0 0 0 1064 0
 1.185000E+02 0 0 0 0 0 72 0 0 0 0 0 0 1945 1055 0 0 0 0 0 0 0 1055 0
 1.190000E+02 0 0 0 0 0 66 0 0 0 0 0 0 1940 1060 0 0 0 0 0 0 0 1060 0
 1.195000E+02 0 0 0 0 0 59 0 0 0 0 0 0 1945 1055 0 0 0 0 0 0 0 1055 0
 1.200000E+02 0 0 0 0 0 67 0 0 0 0 0 0 1938 1062 0 0 0 0 0 0 0 1062 0
 1.205000E+02 0 0 0 0 0 59 0 0 0 0 0 0 1932 1068 0 0 0 0 0 0 0 1068 0
 1.210000E+02 0 0 0 0 0 71 0 0 0 0 0 0 1939 1061 0 0 0 0 0 0 0 1061 0
 1.215000E+02 0 0 0 0 0 64 0 0 0 0 0 0 1945 1055 0 0 0 0 0 0 0 1055 0
 1.220000E+02 0 0 0 0 0 67 0 0 0 0 0 0 1931 1069 0 0 0 0 0 0 0 1069 0
 1.225000E+02 0 0 0 0 0 68 0 0 0 0 0 0 1956 1044 0 0 0 0 0 0 0 1044 0
 1.230000E+02 0 0 0 0 0 74 0 0 0 0 0 0 1949 1051 0 0 0 0 0 0 0 1051 0
 1.235000E+02 0 0 0 0 0 73 0 0 0 0 0 0 1941 1059 0 0 0 0 0 0 0 1059 0
 1.240000E+02 0 0 0 0 0 60 0 0 0 0 0 0 1917 1083 0 0 0 0 0 0 0 1083 0
 1.245000E+02 0 0 0 0 0 66 0 0 0 0 0 0 1925 1075 0 0 0 0 0 0 0 1075 0
 1.250000E+02 0 0 0 0 0 65 0 0 0 0 0 0 1931 1069 0 0 0 0 0 0 0 1069 0
 1.255000E+02 0 0 0 0 0 70 0 0 0 0 0 0 1918 1082 0 0 0 0 0 0 0 1082 0
 1.260000E+02 0 0 0 0 0 64 0 0 0 0 0 0 1911 1089 0 0 0 0 0 0 0 1089 0
 1.265000E+02 0 0 0 0 0 70 0 0 0 0 0 0 1940 1060 0 0 0 0 0 0 0 1060 0
 1.270000E+02 0 0 0 0 0 78 0 0 0 0 0 0 1925 1075 0 0 0 0 0 0 0 1075 0
 1.275000E+02 0 0 0 0 0 56 0 0 0 0 0 0 1912 1088 0 0 0 0 0 0 0 1088 0
 1.280000E+02 0 0 0 0 0 58 0 0 0 0 0 0 1888 1112 0 0 0 0 0 0 0 1112 0
 1.285000E+02 0 0 0 0 0 71 0 0 0 0 0 0 1881 1119 0 0 0 0 0 0 0 1119 0
 1.290000E+02 0 0 0 0 0 63 0 0 0 0 0 0 1900 1100 0 0 0 0 0 0 0 1100 0
 1.295000E+02 0 0 0 0 0 58 0 0 0 0 0 0 1904 1096 0 0 0 0 0 0 0 1096 0
 1.300000E+02 0 0 0 0 0 58 0 0 0 0 0 0 1918 1082 0 0 0 0 0 0 0 1082 0
 1.305000E+02 0 0 0 0 0 64 0 0 0 0 0 0 1927 1073 0 0 0 0 0 0 0 1073 0
 1.310000E+02 0 0 0 0 0 66 0 0 0 0 0 0 1931 1069 0 0 0 0 0 0 0 1069 0
 1.315000E+02 0 0 0 0 0 61 0 0 0 0 0 0 1910 1090 0 0 0 0 0 0 0 1090 0
 1.320000E+02 0 0 0 0 0 67 0 0 0 0 0 0 1912 1088 0 0 0 0 0 0 0 1088 0
 1.325000E+02 0 0 0 0 0 69 0 0 0 0 0 0 1911 1089 0 0 0 0 0 0 0 1089 0
 1.330000E+02 0 0 0 0 0 67 0 0 0 0 0 0 1921 1079 0 0 0 0 0 0 0 1079 0
 1.335000E+02 0 0 0 0 0 59 0 0 0 0 0 0 1952 1048 0 0 0 0 0 0 0 1048 0
 1.340000E+02 0 0 0 0 0 66 0 0 0 0 0 0 1963 1037 0 0 0 0 0 0 0 1037 0
 1.345000E+02 0 0 0 0 0 60 0 0 0 0 0 0 1986 1014 0 0 0 0 0 0 0 1014 0
 1.350000E+02 0 0 0 0 0 60 0 0 0 0 0 0 1982 1018 0 0 0 0 0 0 0 1018 0
 1.355000E+02 0 0 0 0 0 63 0 0 0 0 0 0 1962 1038 0 0 0 0 0 0 0 1038 0
 1.360000E+02 0 0 0 0 0 62 0 0 0 0 0 0 1953 1047 0 0 0 0 0 0 0 1047 0
 1.365000E+02 0 0 0 0 0 75 0 0 0 0 0 0 1948 1052 0 0 0 0 0 0 0 1052 0
 1.370000E+02 0 0 0 0 0 58 0 0 0 0 0 0 1951 1049 0 0 0 0 0 0 0 1049 0
 1.375000E+02 0 0 0 0 0 64 0 0 0 0 0 0 1938 1062 0 0 0 0 0 0 0 1062 0
 1.380000E+02 0 0 0 0 0 60 0 0 0 0 0 0 1943 1057 0 0 0 0 0 0 0 1057 0
 1.385000E+02 0 0 0 0 0 71 0 0 0 0 0 0 1928 1072 0 0 0 0 0 0 0 1072 0
 1.390000E+02 0 0 0 0 0 60 0 0 0 0 0 0 1914 1086 0 0 0 0 0 0 0 1086 0
 1.395000E+02 0 0 0 0 0 72 0 0 0 0 0 0 1928 1072 0 0 0 0 0 0 0 1072 0
 1.400000E+02 0 0 0 0 0 53 0 0 0 0 0 0 1933 1067 0 0 0 0 0 0 0 1067 0
 1.405000E+02 0 0 0 0 0 59 0 0 0 0 0 0 1954 1046 0 0 0 0 0 0 0 1046 0
 1.410000E+02 0 0 0 0 0 59 0 0 0 0 0 0 1947 1053 0 0 0 0 0 0 0 1053 0
 1.415000E+02 0 0 0 0 0 67 0 0 0 0 0 0 1943 1057 0 0 0 0 0 0 0 1057 0
 1.420000E+02 0 0 0 0 0 77 0 0 0 0 0 0 1930 1070 0 0 0 0 0 0 0 1070 0
 1.425000E+02 0 0 0 0 0 74 0 0 0 0 0 0 1925 1075 0 0 0 0 0 0 0 1075 0
 1.430000E+02 0 0 0 0 0 71 0 0 0 0 0 0 1928 1072 0 0 0 0 0 0 0 1072 0
 1.435000E+02 0 0 0 0 0 73 0 0 0 0 0 0 1914 1086 0 0 0 0 0 0 0 1086 0
 1.440000E+02 0 0 0 0 0 71 0 0 0 0 0 0 1930 1070 0 0 0 0 0 0 0 1070 0
 1.445000E+02 0 0 0 0 0 67 0 0 0 0 0 0 1922 1078 0 0 0 0 0 0 0 1078 0
 1.450000E+02 0 0 0 0 0 61 0 0 0 0 0 0 1927 1073 0 0 0 0 0 0 0 1073 0
 1.455000E+02 0 0 0 0 0 57 0 0 0 0 0 0 1933 1067 0 0 0 0 0 0 0 1067 0
 1.460000E+02 0 0 0 0 0 60 0 0 0 0 0 0 1943 1057 0 0 0 0 0 0 0 1057 0
 1.465000E+02 0 0 0 0 0 59 0 0 0 0 0 0 1957 1043 0 0 0 0 0 0 0 1043 0
 1.470000E+02 0 0 0 0 0 75 0 0 0 0 0 0 1955 1045 0 0 0 0 0 0 0 1045 0
 1.475000E+02 0 0 0 0 0 71 0 0 0 0 0 0 1942 1058 0 0 0 0 0 0 0 1058 0
 1.480000E+02 0 0 0 0 0 62 0 0 0 0 0 0 1940 1060 0 0 0 0 0 0 0 1060 0
 1.485000E+02 0 0 0 0 0 66 0 0 0 0 0 0 1943 1057 0 0 0 0 0 0 0 1057 0
 1.490000E+02 0 0 0 0 0 70 0 0 0 0 0 0 1954 1046 0 0 0 0 0 0 0 1046 0
 1.495000E+02 0 0 0 0 0 59 0 0 0 0 0 0 1953 1047 0 0 0 0 0 0 0 1047 0
 1.500000E+02 0 0 0 0 0 62 0 0 0 0 0 0 1961 1039 0 0 0 0 0 0 0 1039 0
 1.505000E+02 0 0 0 0 0 65 0 0 0 0 0 0 1959 1041 0 0 0 0 0 0 0 1041 0
 1.510000E+02 0 0 0 0 0 64 0 0 0 0 0 0 1949 1051 0 0 0 0 0 0 0 1051 0
 1.515000E+02 0 0 0 0 0 74 0 0 0 0 0 0 1953 1047 0 0 0 0 0 0 0 1047 0
 1.520000E+02 0 0 0 0 0 60 0 0 0 0 0 0 1953 1047 0 0 0 0 0 0 0 1047 0
 1.525000E+02 0 0 0 0 0 61 0 0 0 0 0 0 1968 1032 0 0 0 0 0 0 0 1032 0
 1.530000E+02 0 0 0 0 0 62 0 0 0 0 0 0 1975 1025 0 0 0 0 0 0 0 1025 0
 1.535000E+02 0 0 0 0 0 68 0 0 0 0 0 0 1969 1031 0 0 0 0 0 0 0 1031 0
 1.540000E+02 0 0 0 0 0 65 0 0 0 0 0 0 1962 1038 0 0 0 0 0 0 0 1038 0
 1.545000E+02 0 0 0 0 0 65 0 0 0 0 0 0 1972 1028 0 0 0 0 0 0 0 1028 0
 1.550000E+02 0 0 0 0 0 69 0 0 0 0 0 0 1967 1033 0 0 0 0 0 0 0 1033 0
 1.555000E+02 0 0 0 0 0 59 0 0 0 0 0 0 1951 1049 0 0 0 0 0 0 0 1049 0
 1.560000E+02 0 0 0 0 0 67 0 0 0 0 0 0 1951 1049 0 0 0 0 0 0 0 1049 0
 1.565000E+02 0 0 0 0 0 71 0 0 0 0 0 0 1962 1038 0 0 0 0 0 0 0 1038 0
 1.570000E+02 0 0 0 0 0 76 0 0 0 0 0 0 1971 1029 0 0 0 0 0 0 0 1029 0
 1.575000E+02 0 0 0 0 0 72 0 0 0 0 0 0 1977 1023 0 0 0 0 0 0 0 1023 0
 1.580000E+02 0 0 0 0 0 69 0 0 0 0 0 0 1988 1012 0 0 0 0 0 0 0 1012 0
 1.585000E+02 0 0 0 0 0 63 0 0 0 0 0 0 1975 1025 0 0 0 0 0 0 0 1025 0
 1.590000E+02 0 0 0 0 0 68 0 0 0 0 0 0 1950 1050 0 0 0 0 0 0 0 1050 0
 1.595000E+02 0 0 0 0 0 72 0 0 0 0 0 0 1962 1038 0 0 0 0 0 0 0 1038 0
 1.600000E+02 0 0 0 0 0 73 0 0 0 0 0 0 1970 1030 0 0 0 0 0 0 0 1030 0
 1.605000E+02 0 0 0 0 0 72 0 0 0 0 0 0 1981 1019 0 0 0 0 0 0 0 1019 0
 1.610000E+02 0 0 0 0 0 62 0 0 0 0 0 0 1966 1034 0 0 0 0 0 0 0 1034 0
 1.615000E+02 0 0 0 0 0 72 0 0 0 0 0 0 1959 1041 0 0 0 0 0 0 0 1041 0
 1.620000E+02 0 0 0 0 0 62 0 0 0 0 0 0 1950 1050 0 0 0 0 0 0 0 1050 0
 1.625000E+02 0 0 0 0 0 55 0 0 0 0 0 0 1960 1040 0 0 0 0 0 0 0 1040 0
 1.630000E+02 0 0 0 0 0 68 0 0 0 0 0 0 1957 1043 0 0 0 0 0 0 0 1043 0
 1.635000E+02 0 0 0 0 0 58 0 0 0 0 0 0 1951 1049 0 0 0 0 0 0 0 1049 0
 1.640000E+02 0 0 0 0 0 54 0 0 0 0 0 0 1941 1059 0 0 0 0 0 0 0 1059 0
 1.645000E+02 0 0 0 0 0 68 0 0 0 0 0 0 1945 1055 0 0 0 0 0 0 0 1055 0
 1.650000E+02 0 0 0 0 0 69 0 0 0 0 0 0 1962 1038 0 0 0 0 0 0 0 1038 0
 1.655000E+02 0 0 0 0 0 68 0 0 0 0 0 0 1973 1027 0 0 0 0 0 0 0 1027 0
 1.660000E+02 0 0 0 0 0 54 0 0 0 0 0 0 1963 1037 0 0 0 0 0 0 0 1037 0
 1.665000E+02 0 0 0 0 0 65 0 0 0 0 0 0 1983 1017 0 0 0 0 0 0 0 1017 0
 1.670000E+02 0 0 0 0 0 64 0 0 0 0 0 0 1979 1021 0 0 0 0 0 0 0 1021 0
 1.675000E+02 0 0 0 0 0 69 0 0 0 0 0 0 1992 1008 0 0 0 0 0 0 0 1008 0
 1.680000E+02 0 0 0 0 0 68 0 0 0 0 0 0 2014 986 0 0 0 0 0 0 0 986 0
 1.685000E+02 0 0 0 0 0 70 0 0 0 0 0 0 2003 997 0 0 0 0 0 0 0 997 0
 1.690000E+02 0 0 0 0 0 62 0 0 0 0 0 0 2011 989 0 0 0 0 0 0 0 989 0
 1.695000E+02 0 0 0 0 0 67 0 0 0 0 0 0 1978 1022 0 0 0 0 0 0 0 1022 0
 1.700000E+02 0 0 0 0 0 67 0 0 0 0 0 0 1971 1029 0 0 0 0 0 0 0 1029 0
 1.705000E+02 0 0 0 0 0 64 0 0 0 0 0 0 1979 1021 0 0 0 0 0 0 0 1021 0
 1.710000E+02 0 0 0 0 0 67 0 0 0 0 0 0 1986 1014 0 0 0 0 0 0 0 1014 0
 1.715000E+02 0 0 0 0 0 66 0 0 0 0 0 0 1988 1012 0 0 0 0 0 0 0 1012 0
 1.720000E+02 0 0 0 0 0 60 0 0 0 0 0 0 1961 1039 0 0 0 0 0 0 0 1039 0
 1.725000E+02 0 0 0 0 0 65 0 0 0 0 0 0 1962 1038 0 0 0 0 0 0 0 1038 0
 1.730000E+02 0 0 0 0 0 61 0 0 0 0 0 0 1959 1041 0 0 0 0 0 0 0 1041 0
 1.735000E+02 0 0 0 0 0 69 0 0 0 0 0 0 1955 1045 0 0 0 0 0 0 0 1045 0
 1.740000E+02 0 0 0 0 0 68 0 0 0 0 0 0 1940 1060 0 0 0 0 0 0 0 1060 0
 1.745000E+02 0 0 0 0 0 59 0 0 0 0 0 0 1924 1076 0 0 0 0 0 0 0 1076 0
 1.750000E+02 0 0 0 0 0 61 0 0 0 0 0 0 1930 1070 0 0 0 0 0 0 0 1070 0
 1.755000E+02 0 0 0 0 0 57 0 0 0 0 0 0 1927 1073 0 0 0 0 0 0 0 1073 0
 1.760000E+02 0 0 0 0 0 68 0 0 0 0 0 0 1920 1080 0 0 0 0 0 0 0 1080 0
 1.765000E+02 0 0 0 0 0 58 0 0 0 0 0 0 1906 1094 0 0 0 0 0 0 0 1094 0
 1.770000E+02 0 0 0 0 0 67 0 0 0 0 0 0 1922 1078 0 0 0 0 0 0 0 1078 0
 1.775000E+02 0 0 0 0 0 67 0 0 0 0 0 0 1923 1077 0 0 0 0 0 0 0 1077 0
 1.780000E+02 0 0 0 0 0 64 0 0 0 0 0 0 1924 1076 0 0 0 0 0 0 0 1076 0
 1.785000E+02 0 0 0 0 0 69 0 0 0 0 0 0 1925 1075 0 0 0 0 0 0 0 1075 0
 1.790000E+02 0 0 0 0 0 70 0 0 0 0 0 0 1926 1074 0 0 0 0 0 0 0 1074 0
 1.795000E+02 0 0 0 0 0 63 0 0 0 0 0 0 1910 1090 0 0 0 0 0 0 0 1090 0
 1.800000E+02 0 0 0 0 0 61 0 0 0 0 0 0 1915 1085 0 0 0 0 0 0 0 1085 0
 1.805000E+02 0 0 0 0 0 63 0 0 0 0 0 0 1926 1074 0 0 0 0 0 0 0 1074 0
 1.810000E+02 0 0 0 0 0 65 0 0 0 0 0 0 1918 1082 0 0 0 0 0 0 0 1082 0
 1.815000E+02 0 0 0 0 0 62 0 0 0 0 0 0 1914 1086 0 0 0 0 0 0 0 1086 0
 1.820000E+02 0 0 0 0 0 60 0 0 0 0 0 0 1914 1086 0 0 0 0 0 0 0 1086 0
 1.825000E+02 0 0 0 0 0 55 0 0 0 0 0 0 1910 1090 0 0 0 0 0 0 0 1090 0
 1.830000E+02 0 0 0 0 0 67 0 0 0 0 0 0 1924 1076 0 0 0 0 0 0 0 1076 0
 1.835000E+02 0 0 0 0 0 57 0 0 0 0 0 0 1929 1071 0 0 0 0 0 0 0 1071 0
 1.840000E+02 0 0 0 0 0 64 0 0 0 0 0 0 1919 1081 0 0 0 0 0 0 0 1081 0
 1.845000E+02 0 0 0 0 0 62 0 0 0 0 0 0 1920 1080 0 0 0 0 0 0 0 1080 0
 1.850000E+02 0 0 0 0 0 63 0 0 0 0 0 0 1891 1109 0 0 0 0 0 0 0 1109 0
 1.855000E+02 0 0 0 0 0 63 0 0 0 0 0 0 1890 1110 0 0 0 0 0 0 0 1110 0
 1.860000E+02 0 0 0 0 0 67 0 0 0 0 0 0 1882 1118 0 0 0 0 0 0 0 1118 0
 1.865000E+02 0 0 0 0 0 62 0 0 0 0 0 0 1888 1112 0 0 0 0 0 0 0 1112 0
 1.870000E+02 0 0 0 0 0 55 0 0 0 0 0 0 1889 1111 0 0 0 0 0 0 0 1111 0
 1.875000E+02 0 0 0 0 0 71 0 0 0 0 0 0 1869 1131 0 0 0 0 0 0 0 1131 0
 1.880000E+02 0 0 0 0 0 70 0 0 0 0 0 0 1875 1125 0 0 0 0 0 0 0 1125 0
 1.885000E+02 0 0 0 0 0 67 0 0 0 0 0 0 1869 1131 0 0 0 0 0 0 0 1131 0
 1.890000E+02 0 0 0 0 0 64 0 0 0 0 0 0 1848 1152 0 0 0 0 0 0 0 1152 0
 1.895000E+02 0 0 0 0 0 63 0 0 0 0 0 0 1855 1145 0 0 0 0 0 0 0 1145 0
 1.900000E+02 0 0 0 0 0 59 0 0 0 0 0 0 1830 1170 0 0 0 0 0 0 0 1170 0
 1.905000E+02 0 0 0 0 0 69 0 0 0 0 0 0 1861 1139 0 0 0 0 0 0 0 1139 0
 1.910000E+02 0 0 0 0 0 64 0 0 0 0 0 0 1867 1133 0 0 0 0 0 0 0 1133 0
 1.915000E+02 0 0 0 0 0 61 0 0 0 0 0 0 1880 1120 0 0 0 0 0 0 0 1120 0
 1.920000E+02 0 0 0 0 0 69 0 0 0 0 0 0 1882 1118 0 0 0 0 0 0 0 1118 0
 1.925000E+02 0 0 0 0 0 66 0 0 0 0 0 0 1879 1121 0 0 0 0 0 0 0 1121 0
 1.930000E+02 0 0 0 0 0 61 0 0 0 0 0 0 1875 1125 0 0 0 0 0 0 0 1125 0
 1.935000E+02 0 0 0 0 0 58 0 0 0 0 0 0 1871 1129 0 0 0 0 0 0 0 1129 0
 1.940000E+02 0 0 0 0 0 58 0 0 0 0 0 0 1884 1116 0 0 0 0 0 0 0 1116 0
 1.945000E+02 0 0 0 0 0 59 0 0 0 0 0 0 1890 1110 0 0 0 0 0 0 0 1110 0
 1.950000E+02 0 0 0 0 0 68 0 0 0 0 0 0 1885 1115 0 0 0 0 0 0 0 1115 0
 1.955000E+02 0 0 0 0 0 67 0 0 0 0 0 0 1873 1127 0 0 0 0 0 0 0 1127 0
 1.960000E+02 0 0 0 0 0 65 0 0 0 0 0 0 1878 1122 0 0 0 0 0 0 0 1122 0
 1.965000E+02 0 0 0 0 0 57 0 0 0 0 0 0 1894 1106 0 0 0 0 0 0 0 1106 0
 1.970000E+02 0 0 0 0 0 72 0 0 0 0 0 0 1905 1095 0 0 0 0 0 0 0 1095 0
 1.975000E+02 0 0 0 0 0 66 0 0 0 0 0 0 1921 1079 0 0 0 0 0 0 0 1079 0
 1.980000E+02 0 0 0 0 0 66 0 0 0 0 0 0 1936 1064 0 0 0 0 0 0 0 1064 0
 1.985000E+02 0 0 0 0 0 64 0 0 0 0 0 0 1944 1056 0 0 0 0 0 0 0 1056 0
 1.990000E+02 0 0 0 0 0 67 0 0 0 0 0 0 1924 1076 0 0 0 0 0 0 0 1076 0
 1.995000E+02 0 0 0 0 0 61 0 0 0 0 0 0 1944 1056 0 0 0 0 0 0 0 1056 0
 2.000000E+02 0 0 0 0 0 63 0 0 0 0 0 0 1940 1060 0 0 0 0 0 0 0 1060 0
 2.005000E+02 3948 0 0 386 588 54 0 13 0 0 0 150 1727 963 208 0 0 102 0 0 310 1065 0
 2.010000E+02 3892 0 0 371 640 62 0 20 0 0 0 382 1401 795 545 0 0 259 0 0 804 1054 0
 2.015000E+02 3855 0 0 321 603 61 0 20 0 0 0 527 1134 617 838 0 0 411 0 0 1249 1028 0
 2.020000E+02 3805 0 0 275 566 69 0 17 0 0 0 649 921 477 1114 0 0 488 0 0 1602 965 0
 2.025000E+02 3741 0 0 234 537 65 0 24 0 0 0 755 739 366 1334 0 0 561 0 0 1895 927 0
 2.030000E+02 3683 0 0 214 537 70 0 23 0 0 0 834 585 276 1512 0 0 627 0 0 2139 903 0
 2.035000E+02 3627 0 0 164 496 61 0 26 0 0 0 890 451 209 1676 0 0 664 0 0 2340 873 0
 2.040000E+02 3560 0 0 126 477 59 0 22 0 0 0 932 347 157 1805 0 0 691 0 0 2496 848 0
 2.045000E+02 3501 0 0 117 435 66 0 21 0 0 0 961 277 108 1910 0 0 705 0 0 2615 813 0
 2.050000E+02 3439 0 0 85 428 65 0 20 0 0 0 980 225 73 1978 0 0 724 0 0 2702 797 0
 2.055000E+02 3376 0 0 76 426 69 0 17 0 0 0 1000 179 51 2050 0 0 720 0 0 2770 771 0
 2.060000E+02 3315 0 0 65 393 73 0 15 0 0 0 1011 142 36 2098 0 0 724 0 0 2822 760 0
 2.065000E+02 3244 0 0 60 383 73 0 14 0 0 0 1010 110 28 2135 0 0 727 0 0 2862 755 0
 2.070000E+02 3182 0 0 38 355 72 0 24 0 0 0 1008 81 28 2160 0 0 731 0 0 2891 759 0
 2.075000E+02 3119 0 0 52 363 68 0 17 0 0 0 1018 64 22 2191 0 0 723 0 0 2914 745 0
 2.080000E+02 3054 0 0 28 358 74 0 20 0 0 0 1016 52 16 2200 0 0 732 0 0 2932 748 0
 2.085000E+02 2999 0 0 40 341 63 0 24 0 0 0 1025 39 13 2218 0 0 730 0 0 2948 743 0
 2.090000E+02 2943 0 0 33 324 72 0 22 0 0 0 1028 33 9 2234 0 0 724 0 0 2958 733 0
 2.095000E+02 2884 0 0 38 311 75 0 18 0 0 0 1025 23 9 2242 0 0 726 0 0 2968 735 0
 2.100000E+02 2827 0 0 26 328 61 0 17 0 0 0 1024 16 5 2250 0 0 729 0 0 2979 734 0
 2.105000E+02 2767 0 0 37 307 63 0 16 0 0 0 1015 14 5 2238 0 0 743 0 0 2981 748 0
 2.110000E+02 2709 0 0 33 291 72 0 18 0 0 0 1009 12 4 2245 0 0 739 0 0 2984 743 0
 2.115000E+02 2662 0 0 28 287 73 0 13 0 0 0 1009 11 4 2225 0 0 760 0 0 2985 764 0
 2.120000E+02 2611 0 0 31 278 71 0 15 0 0 0 1006 4 2 2255 0 0 739 0 0 2994 741 0
 2.125000E+02 2568 0 0 28 262 65 0 18 0 0 0 1005 2 1 2239 0 0 758 0 0 2997 759 0
 2.130000E+02 2521 0 0 26 259 60 0 15 0 0 0 998 0 1 2268 0 0 731 0 0 2999 732 0
 2.135000E+02 2472 0 0 30 275 67 0 20 0 0 0 1006 0 0 2289 0 0 711 0 0 3000 711 0
 2.140000E+02 2421 0 0 25 246 73 0 19 0 0 0 998 0 0 2300 0 0 700 0 0 3000 700 0
 2.145000E+02 2383 0 0 25 245 70 0 16 0 0 0 976 0 0 2301 0 0 699 0 0 3000 699 0
 2.150000E+02 2335 0 0 28 254 75 0 19 0 0 0 978 0 0 2291 0 0 709 0 0 3000 709 0
 2.155000E+02 2290 0 0 21 238 73 0 18 0 0 0 1000 0 0 2280 0 0 720 0 0 3000 720 0
 2.160000E+02 2251 0 0 29 229 66 0 18 0 0 0 985 0 0 2263 0 0 737 0 0 3000 737 0
 2.165000E+02 2218 0 0 26 234 70 0 26 0 0 0 981 0 0 2263 0 0 737 0 0 3000 737 0
 2.170000E+02 2178 0 0 23 220 63 0 11 0 0 0 984 0 0 2257 0 0 743 0 0 3000 743 0
 2.175000E+02 2133 0 0 25 221 80 0 16 0 0 0 972 0 0 2250 0 0 750 0 0 3000 750 0
 2.180000E+02 2089 0 0 26 218 71 0 12 0 0 0 964 0 0 2253 0 0 747 0 0 3000 747 0
 2.185000E+02 2049 0 0 19 208 73 0 12 0 0 0 966 0 0 2262 0 0 738 0 0 3000 738 0
 2.190000E+02 2023 0 0 26 208 70 0 11 0 0 0 959 0 0 2249 0 0 751 0 0 3000 751 0
 2.195000E+02 1985 0 0 25 204 71 0 20 0 0 0 952 0 0 2233 0 0 767 0 0 3000 767 0
 2.200000E+02 1949 0 0 17 184 71 0 11 0 0 0 963 0 0 2209 0 0 791 0 0 3000 791 0
 2.205000E+02 1907 0 0 25 178 67 0 12 0 0 0 933 0 0 2186 0 0 814 0 0 3000 814 0
 2.210000E+02 1870 0 0 18 209 73 0 13 0 0 0 936 0 0 2200 0 0 800 0 0 3000 800 0
 2.215000E+02 1834 0 0 29 197 65 0 15 0 0 0 942 0 0 2184 0 0 816 0 0 3000 816 0
 2.220000E+02 1800 0 0 13 188 75 0 12 0 0 0 934 0 0 2180 0 0 820 0 0 3000 820 0
 2.225000E+02 1781 0 0 17 195 69 0 8 0 0 0 934 0 0 2165 0 0 835 0 0 3000 835 0
 2.230000E+02 1749 0 0 21 171 72 0 12 0 0 0 942 0 0 2159 0 0 841 0 0 3000 841 0
 2.235000E+02 1724 0 0 24 166 60 0 12 0 0 0 936 0 0 2165 0 0 835 0 0 3000 835 0
 2.240000E+02 1687 0 0 18 174 68 0 14 0 0 0 918 0 0 2162 0 0 838 0 0 3000 838 0
 2.245000E+02 1661 0 0 23 159 70 0 14 0 0 0 912 0 0 2186 0 0 814 0 0 3000 814 0
 2.250000E+02 1637 0 0 23 176 74 0 12 0 0 0 900 0 0 2161 0 0 839 0 0 3000 839 0
 2.255000E+02 1620 0 0 23 152 80 0 17 0 0 0 903 0 0 2160 0 0 840 0 0 3000 840 0
 2.260000E+02 1593 0 0 13 150 67 0 20 0 0 0 899 0 0 2176 0 0 824 0 0 3000 824 0
 2.265000E+02 1571 0 0 12 141 69 0 10 0 0 0 878 0 0 2160 0 0 840 0 0 3000 840 0
 2.270000E+02 1536 0 0 16 149 73 0 14 0 0 0 872 0 0 2169 0 0 831 0 0 3000 831 0
 2.275000E+02 1506 0 0 32 145 74 0 8 0 0 0 878 0 0 2180 0 0 820 0 0 3000 820 0
 2.280000E+02 1479 0 0 22 138 77 0 8 0 0 0 863 0 0 2153 0 0 847 0 0 3000 847 0
 2.285000E+02 1453 0 0 16 141 70 0 12 0 0 0 851 0 0 2149 0 0 851 0 0 3000 851 0
 2.290000E+02 1429 0 0 18 144 70 0 14 0 0 0 853 0 0 2150 0 0 850 0 0 3000 850 0
 2.295000E+02 1398 0 0 22 155 71 0 14 0 0 0 841 0 0 2181 0 0 819 0 0 3000 819 0
 2.300000E+02 1374 0 0 16 140 73 0 9 0 0 0 833 0 0 2159 0 0 841 0 0 3000 841 0
 2.305000E+02 1347 0 0 13 134 67 0 13 0 0 0 833 0 0 2162 0 0 838 0 0 3000 838 0
 2.310000E+02 1322 0 0 20 128 74 0 11 0 0 0 825 0 0 2154 0 0 846 0 0 3000 846 0
 2.315000E+02 1305 0 0 14 126 68 0 10 0 0 0 817 0 0 2137 0 0 863 0 0 3000 863 0
 2.320000E+02 1280 0 0 15 119 65 0 12 0 0 0 832 0 0 2132 0 0 868 0 0 3000 868 0
 2.325000E+02 1263 0 0 13 116 69 0 6 0 0 0 830 0 0 2109 0 0 891 0 0 3000 891 0
 2.330000E+02 1236 0 0 20 114 75 0 9 0 0 0 823 0 0 2079 0 0 921 0 0 3000 921 0
 2.335000E+02 1218 0 0 12 116 64 0 7 0 0 0 828 0 0 2083 0 0 917 0 0 3000 917 0
 2.340000E+02 1198 0 0 16 104 63 0 11 0 0 0 818 0 0 2075 0 0 925 0 0 3000 925 0
 2.345000E+02 1181 0 0 14 104 64 0 6 0 0 0 823 0 0 2072 0 0 928 0 0 3000 928 0
 2.350000E+02 1164 0 0 22 117 63 0 10 0 0 0 805 0 0 2068 0 0 932 0 0 3000 932 0
 2.355000E+02 1142 0 0 14 112 74 0 5 0 0 0 829 0 0 2049 0 0 951 0 0 3000 951 0
 2.360000E+02 1126 0 0 13 109 65 0 9 0 0 0 832 0 0 2042 0 0 958 0 0 3000 958 0
 2.365000E+02 1113 0 0 17 113 63 0 4 0 0 0 824 0 0 2036 0 0 964 0 0 3000 964 0
 2.370000E+02 1091 0 0 18 110 70 0 15 0 0 0 833 0 0 2041 0 0 959 0 0 3000 959 0
 2.375000E+02 1068 0 0 21 112 69 0 9 0 0 0 820 0 0 2045 0 0 955 0 0 3000 955 0
 2.380000E+02 1054 0 0 12 111 60 0 10 0 0 0 817 0 0 2023 0 0 977 0 0 3000 977 0
 2.385000E+02 1038 0 0 11 106 67 0 5 0 0 0 813 0 0 2023 0 0 977 0 0 3000 977 0
 2.390000E+02 1026 0 0 16 112 68 0 4 0 0 0 810 0 0 2028 0 0 972 0 0 3000 972 0
 2.395000E+02 1009 0 0 20 110 66 0 11 0 0 0 803 0 0 2013 0 0 987 0 0 3000 987 0
 2.400000E+02 993 0 0 12 103 72 0 9 0 0 0 794 0 0 2042 0 0 958 0 0 3000 958 0
 2.405000E+02 978 0 0 17 99 65 0 8 0 0 0 788 0 0 2047 0 0 953 0 0 3000 953 0
 2.410000E+02 960 0 0 14 103 66 0 4 0 0 0 777 0 0 2053 0 0 947 0 0 3000 947 0
 2.415000E+02 947 0 0 17 99 72 0 5 0 0 0 770 0 0 2039 0 0 961 0 0 3000 961 0
 2.420000E+02 926 0 0 13 90 63 0 5 0 0 0 755 0 0 2055 0 0 945 0 0 3000 945 0
 2.425000E+02 908 0 0 7 85 61 0 7 0 0 0 739 0 0 2042 0 0 958 0 0 3000 958 0
 2.430000E+02 891 0 0 12 81 73 0 2 0 0 0 729 0 0 2060 0 0 940 0 0 3000 940 0
 2.435000E+02 876 0 0 7 79 71 0 3 0 0 0 717 0 0 2055 0 0 945 0 0 3000 945 0
 2.440000E+02 857 0 0 11 80 77 0 6 0 0 0 721 0 0 2056 0 0 944 0 0 3000 944 0
 2.445000E+02 840 0 0 11 74 69 0 8 0 0 0 717 0 0 2064 0 0 936 0 0 3000 936 0
 2.450000E+02 826 0 0 18 74 64 0 8 0 0 0 715 0 0 2060 0 0 940 0 0 3000 940 0
 2.455000E+02 810 0 0 8 71 59 0 9 0 0 0 719 0 0 2057 0 0 943 0 0 3000 943 0
 2.460000E+02 795 0 0 13 71 71 0 6 0 0 0 713 0 0 2059 0 0 941 0 0 3000 941 0
 2.465000E+02 787 0 0 10 73 58 0 9 0 0 0 720 0 0 2040 0 0 960 0 0 3000 960 0
 2.470000E+02 781 0 0 8 72 67 0 3 0 0 0 708 0 0 2026 0 0 974 0 0 3000 974 0
 2.475000E+02 769 0 0 6 74 64 0 5 0 0 0 701 0 0 2024 0 0 976 0 0 3000 976 0
 2.480000E+02 759 0 0 7 73 67 0 4 0 0 0 690 0 0 2027 0 0 973 0 0 3000 973 0
 2.485000E+02 751 0 0 10 69 65 0 6 0 0 0 679 0 0 2035 0 0 965 0 0 3000 965 0
 2.490000E+02 741 0 0 15 67 61 0 4 0 0 0 679 0 0 2034 0 0 966 0 0 3000 966 0
 2.495000E+02 728 0 0 12 65 62 0 2 0 0 0 684 0 0 2038 0 0 962 0 0 3000 962 0
 2.500000E+02 719 0 0 11 66 62 0 9 0 0 0 664 0 0 2031 0 0 969 0 0 3000 969 0
 2.505000E+02 707 813 1637 9 63 69 25 9 24 1 200 663 228 7 1796 0 0 958 7 4 2765 969 11
 2.510000E+02 701 612 1434 22 64 75 36 13 22 3 200 655 418 20 1621 1 0 910 21 9 2561 939 31
 2.515000E+02 687 469 1284 28 63 72 48 13 15 4 200 658 608 31 1448 12 0 840 43 18 2349 889 73
 2.520000E+02 677 341 1153 33 65 64 69 15 14 8 199 637 745 45 1299 21 1 790 71 28 2188 864 121
 2.525000E+02 667 256 1060 37 66 64 64 8 8 7 198 624 874 60 1167 34 2 726 90 47 2030 835 173
 2.530000E+02 659 198 1001 27 65 80 63 7 5 8 199 610 977 92 1035 38 4 683 108 63 1889 842 213
 2.535000E+02 651 155 952 28 62 76 70 4 5 10 196 607 1025 126 939 54 10 653 126 67 1785 856 257
 2.540000E+02 644 118 909 37 62 71 74 4 3 13 194 596 1079 156 842 72 16 619 144 72 1677 863 304
 2.545000E+02 632 1483 2315 32 64 75 71 13 32 15 200 589 1116 177 803 98 20 564 146 76 1589 837 340
 2.550000E+02 622 1103 1940 35 63 73 74 14 37 15 200 577 1182 179 752 107 20 519 164 77 1512 795 368
 2.555000E+02 615 841 1666 37 64 62 68 10 25 13 200 569 1232 205 701 120 22 462 178 80 1421 769 400
 2.560000E+02 605 620 1440 38 63 70 69 9 20 19 200 565 1284 226 641 135 29 431 184 70 1326 756 418
 2.565000E+02 598 441 1258 38 64 76 69 5 19 22 199 548 1317 234 603 150 29 413 182 72 1270 748 433
 2.570000E+02 592 323 1140 40 61 59 74 15 17 21 200 535 1334 269 539 169 29 395 192 73 1199 766 463
 2.575000E+02 585 248 1056 41 64 71 69 8 12 19 198 531 1335 282 503 196 36 371 206 71 1151 760 509
 2.580000E+02 577 195 988 31 62 72 76 6 5 29 194 530 1365 302 468 211 34 346 200 74 1088 756 519
 2.585000E+02 569 1550 2391 36 62 69 80 14 41 29 200 523 1379 304 441 228 46 326 205 71 1043 747 550
 2.590000E+02 560 1155 1994 35 64 69 84 13 39 20 200 506 1405 320 416 234 52 289 211 73 989 734 570
 2.595000E+02 557 861 1691 36 60 64 83 18 30 25 200 494 1435 323 382 230 62 266 225 77 950 728 594
 2.600000E+02 550 634 1451 38 61 69 77 10 17 29 200 479 1437 327 380 255 63 234 222 82 918 706 622
 2.605000E+02 542 459 1272 41 62 65 79 10 17 29 198 459 1447 334 357 267 67 215 232 81 885 697 647
 2.610000E+02 539 340 1153 37 61 67 76 6 13 28 200 453 1483 322 327 277 69 201 236 85 849 677 667
 2.615000E+02 534 263 1066 41 62 68 80 11 11 25 196 444 1495 325 308 300 68 183 224 97 812 673 689
 2.620000E+02 529 199 1004 40 62 63 72 6 13 32 196 435 1487 345 294 295 87 172 221 99 786 703 702
 2.625000E+02 521 1561 2393 33 61 64 73 15 32 34 200 425 1524 330 270 301 90 153 230 102 755 675 723
 2.630000E+02 519 1173 2009 39 61 65 72 13 36 28 200 424 1528 322 261 328 89 144 244 84 733 639 745
 2.635000E+02 515 858 1690 37 62 68 79 11 32 31 200 421 1523 325 235 354 84 149 248 82 714 640 768
 2.640000E+02 507 644 1471 40 62 65 76 9 27 31 200 406 1481 328 250 365 92 146 256 82 734 648 795
 2.645000E+02 506 500 1319 45 62 61 69 9 19 27 200 396 1463 337 263 380 90 139 254 74 730 640 798
 2.650000E+02 499 372 1185 44 59 69 69 6 13 25 200 400 1496 342 228 378 90 143 253 70 694 645 791
 2.655000E+02 491 276 1085 33 60 76 70 3 15 41 197 401 1464 366 216 384 98 151 253 68 688 683 803
 2.660000E+02 486 212 1023 35 60 70 76 6 13 27 199 403 1450 374 204 377 112 163 249 71 687 720 809
 2.665000E+02 482 1549 2392 42 60 70 73 19 43 24 200 404 1454 375 213 373 120 156 239 70 678 721 802
 2.670000E+02 476 1150 1986 43 60 66 73 18 36 27 200 403 1459 361 224 369 122 147 240 78 689 708 809
 2.675000E+02 471 870 1699 36 58 66 74 13 29 30 200 401 1473 333 239 391 113 130 236 85 690 661 825
 2.680000E+02 464 661 1482 39 58 73 70 7 21 39 200 387 1482 332 231 381 110 131 253 80 695 653 824
 2.685000E+02 454 503 1327 37 56 76 64 9 26 36 199 379 1447 367 242 394 102 121 243 84 690 674 823
 2.690000E+02 453 370 1187 44 57 72 63 9 17 30 200 379 1439 373 238 397 105 129 239 80 686 687 821
 2.695000E+02 448 261 1069 33 57 70 67 8 8 34 200 383 1453 372 233 387 114 123 238 80 674 689 819
 2.700000E+02 440 203 1002 35 58 68 72 4 9 28 195 380 1458 378 218 381 120 131 232 82 663 711 815
 2.705000E+02 434 1560 2393 41 58 77 70 11 33 41 200 375 1423 391 236 394 125 111 239 81 667 708 839
 2.710000E+02 425 1125 1963 39 58 60 74 9 38 36 200 364 1448 372 223 399 129 113 243 73 652 687 844
 2.715000E+02 419 835 1667 39 58 64 69 9 32 33 200 356 1487 349 216 396 122 111 246 73 646 655 837
 2.720000E+02 411 627 1446 37 57 59 71 12 21 35 199 358 1489 350 207 405 119 106 249 75 637 650 848
 2.725000E+02 406 469 1289 31 58 76 74 10 20 39 200 356 1484 344 207 405 123 101 264 72 644 640 864
 2.730000E+02 404 342 1157 37 58 68 75 7 17 26 199 349 1480 344 198 413 127 115 257 66 636 652 863
 2.735000E+02 400 242 1056 36 58 71 73 7 14 22 200 343 1448 378 192 418 124 116 248 76 632 694 866
 2.740000E+02 394 193 992 38 57 70 76 5 11 41 194 344 1432 385 191 433 120 124 237 78 630 707 868
 2.745000E+02 388 1507 2345 40 58 74 76 11 38 29 200 350 1450 373 187 421 131 121 240 77 625 702 869
 2.750000E+02 383 1119 1956 38 58 68 68 22 37 35 200 352 1467 340 192 433 129 118 253 68 631 655 883
 2.755000E+02 379 811 1644 36 58 72 68 13 33 36 200 347 1464 335 188 451 114 117 270 61 636 627 896
 2.760000E+02 378 611 1429 41 58 76 71 13 20 27 199 351 1468 343 187 447 108 114 278 55 634 620 888
 2.765000E+02 375 446 1264 38 58 71 72 9 18 37 200 349 1473 322 198 455 110 111 278 53 640 596 896
 2.770000E+02 372 324 1139 36 55 77 73 6 15 32 200 350 1455 334 203 446 126 107 265 64 639 631 901
 2.775000E+02 367 259 1059 41 56 69 68 10 14 40 193 350 1432 363 200 450 120 109 260 66 635 658 896
 2.780000E+02 358 179 984 45 56 69 71 5 7 33 199 348 1451 351 178 455 119 123 256 67 624 660 897
 2.785000E+02 356 1507 2355 33 55 69 73 11 48 27 200 350 1436 354 184 460 119 128 249 70 631 671 898
 2.790000E+02 356 1096 1938 38 56 69 65 15 42 33 200 350 1444 348 199 447 122 118 255 67 639 655 891
 2.795000E+02 351 836 1658 37 56 67 55 10 22 32 200 346 1455 345 209 429 122 116 263 61 649 644 875
 2.800000E+02 345 607 1437 42 56 69 66 9 30 28 200 342 1471 329 207 423 133 109 274 54 644 625 884
 2.805000E+02 340 472 1294 37 55 60 70 15 24 26 199 328 1498 318 202 418 130 113 268 53 636 614 869
 2.810000E+02 337 349 1164 32 55 70 77 11 17 27 199 343 1468 333 207 419 137 118 260 58 643 646 874
 2.815000E+02 336 248 1062 39 56 64 75 8 16 35 199 346 1467 340 209 413 134 115 263 59 646 648 869
 2.820000E+02 331 205 1005 46 56 76 73 4 10 38 195 339 1476 357 195 412 124 118 257 61 631 660 854
 2.825000E+02 328 1529 2360 35 55 74 64 11 31 27 200 340 1482 353 188 416 124 123 250 64 625 664 854
 2.830000E+02 322 1107 1950 38 56 72 60 16 43 31 200 349 1515 335 189 406 125 120 250 60 619 640 841
 2.835000E+02 314 799 1639 36 56 74 67 16 40 33 200 345 1526 312 207 412 129 99 250 65 621 605 856
 2.840000E+02 313 597 1422 38 56 82 75 12 25 38 200 337 1531 317 204 417 122 96 239 74 613 609 852
 2.845000E+02 308 450 1270 40 56 72 66 7 20 35 200 334 1523 330 190 408 141 106 233 69 598 646 851
 2.850000E+02 307 337 1150 40 56 76 65 8 17 34 198 337 1506 333 194 425 135 104 227 76 601 648 863
 2.855000E+02 300 247 1052 34 56 81 72 7 9 33 198 344 1508 333 176 431 135 101 238 78 593 647 882
 2.860000E+02 297 189 983 34 54 71 68 1 4 43 195 330 1473 343 180 437 142 111 230 84 605 680 893
 2.865000E+02 297 1528 2370 33 53 72 68 11 42 30 200 332 1427 374 189 436 146 112 238 78 617 710 898
 2.870000E+02 290 1127 1960 28 54 69 73 12 33 32 200 342 1445 376 181 429 141 108 241 79 609 704 890
 2.875000E+02 288 839 1665 37 53 63 65 11 28 39 199 336 1454 364 167 447 142 116 229 81 593 703 899
 2.880000E+02 286 622 1446 37 54 68 73 7 24 35 200 327 1453 352 176 448 144 113 235 79 603 688 906
 2.885000E+02 284 458 1274 38 53 65 74 9 18 38 199 322 1436 365 167 453 144 122 239 74 602 705 910
 2.890000E+02 283 348 1160 35 54 60 71 8 12 32 200 316 1429 372 177 460 133 117 228 84 606 706 905
 2.895000E+02 283 254 1065 36 53 66 70 4 15 32 198 319 1429 371 173 450 143 117 230 87 607 718 910
 2.900000E+02 281 205 1005 34 54 78 72 7 6 30 197 319 1428 368 168 447 152 112 235 90 605 722 924
 2.905000E+02 281 1530 2368 34 54 72 69 14 38 33 200 319 1409 370 163 465 153 113 243 84 603 720 945
 2.910000E+02 278 1123 1962 34 54 73 72 14 39 41 200 320 1414 367 165 457 154 109 258 76 608 706 945
 2.915000E+02 276 832 1659 27 54 75 70 19 27 28 200 321 1422 354 170 476 144 109 251 74 604 681 945
 2.920000E+02 273 621 1446 32 54 72 73 12 25 31 200 320 1433 344 178 481 133 101 248 82 609 660 944
 2.925000E+02 268 455 1275 33 53 66 74 7 20 35 200 326 1421 355 187 478 143 93 248 75 603 666 944
 2.930000E+02 262 352 1166 32 53 67 63 7 16 34 199 329 1399 374 184 481 139 96 248 79 607 688 947
 2.935000E+02 260 274 1086 40 54 73 63 4 14 32 199 322 1413 372 179 467 136 103 248 82 612 693 933
 2.940000E+02 259 203 1007 36 54 74 67 5 12 36 196 328 1385 398 186 456 145 102 250 78 616 723 929
 2.945000E+02 258 152 952 34 53 72 70 8 6 35 197 328 1411 396 168 440 151 107 246 81 602 735 918
 2.950000E+02 258 132 907 34 52 72 78 4 5 38 185 332 1397 398 157 441 162 114 248 83 602 757 934
 2.955000E+02 257 93 873 35 52 70 76 5 4 34 188 340 1388 397 159 458 147 112 244 95 610 751 944
 2.960000E+02 256 80 852 36 51 71 77 2 4 32 185 346 1345 421 167 475 151 109 238 94 608 775 958
 2.965000E+02 252 62 824 34 52 73 75 3 2 32 181 342 1329 416 172 477 160 121 222 103 618 800 962
 2.970000E+02 250 52 804 34 51 72 68 3 2 30 175 345 1315 420 158 490 162 127 216 112 613 821 980
 2.975000E+02 247 52 784 32 51 65 69 5 2 38 165 341 1306 425 155 480 168 135 221 110 621 838 979
 2.980000E+02 245 53 769 35 52 68 69 1 4 33 156 345 1274 446 161 473 171 147 226 102 636 866 972
 2.985000E+02 241 41 754 37 52 66 71 3 3 34 156 333 1272 447 176 459 181 139 226 100 641 867 966
 2.990000E+02 240 40 745 28 50 62 71 2 3 45 152 333 1244 473 176 460 174 146 221 106 649 899 961
 2.995000E+02 239 39 732 35 52 63 57 4 3 29 147 342 1244 474 178 462 168 144 225 105 652 891 960
 3.000000E+02 238 42 722 31 52 71 64 5 0 36 141 331 1247 478 174 452 168 150 229 102 655 898 951
 3.005000E+02 237 47 713 32 51 72 67 5 0 35 140 328 1231 491 175 460 165 143 232 103 653 902 960
 3.010000E+02 236 40 703 37 52 62 70 4 1 37 135 325 1213 496 192 449 180 145 224 101 662 922 954
 3.015000E+02 236 42 698 32 52 58 63 2 0 34 134 326 1213 482 183 449 183 160 215 115 673 940 962
 3.020000E+02 234 31 686 35 52 55 61 3 1 32 130 331 1214 482 192 431 179 166 223 113 694 940 946
 3.025000E+02 230 30 676 36 52 66 61 4 2 43 124 328 1212 472 198 436 181 158 228 115 699 926 960
 3.030000E+02 229 31 673 38 52 64 58 1 0 36 124 326 1203 468 204 431 172 161 248 113 726 914 964
 3.035000E+02 227 22 662 32 52 67 61 3 2 35 122 325 1221 451 209 410 185 168 243 113 733 917 951
 3.040000E+02 226 18 656 33 52 78 59 2 0 34 124 330 1223 438 214 409 183 173 255 105 747 899 952
 3.045000E+02 221 29 645 30 51 70 63 0 0 37 114 328 1197 444 234 420 176 179 245 105 763 904 946
 3.050000E+02 219 21 637 35 52 70 59 1 0 35 113 323 1177 450 248 413 180 179 238 115 780 924 946
 3.055000E+02 219 30 628 31 51 63 66 0 0 37 103 323 1179 446 243 411 180 186 242 113 784 925 946
 3.060000E+02 218 28 621 34 52 77 61 2 1 39 104 319 1173 453 244 405 181 190 240 114 788 938 940
 3.065000E+02 217 25 613 33 52 65 55 2 0 34 106 321 1156 458 261 408 183 186 227 121 795 948 939
 3.070000E+02 216 19 603 37 51 68 51 1 0 40 104 324 1171 459 257 395 182 192 222 122 793 955 921
 3.075000E+02 216 25 599 33 51 64 55 2 0 41 98 326 1170 460 264 385 183 191 223 124 802 958 915
 3.080000E+02 211 25 591 35 52 63 54 4 0 37 93 322 1167 460 264 377 182 211 218 121 814 974 898
 3.085000E+02 211 18 586 34 52 62 53 4 0 26 89 331 1145 487 271 370 177 207 230 113 821 984 890
 3.090000E+02 210 20 581 39 52 67 44 2 1 32 88 322 1151 487 287 359 169 214 226 107 834 977 861
 3.095000E+02 208 24 576 33 50 71 45 0 0 34 92 316 1136 489 298 363 162 230 217 105 850 986 847
 3.100000E+02 204 14 568 33 51 58 52 0 0 28 86 308 1130 489 310 359 165 229 219 99 857 982 842
 3.105000E+02 199 12 563 32 52 62 50 1 1 31 92 308 1114 496 311 368 152 237 229 93 870 978 842
 3.110000E+02 197 18 557 37 51 69 54 0 1 34 79 311 1113 488 310 353 160 254 234 88 886 990 835
 3.115000E+02 196 23 551 36 50 62 59 3 2 34 80 314 1122 487 305 349 157 250 227 103 885 997 836
 3.120000E+02 195 24 544 39 52 65 52 3 2 34 77 323 1125 493 307 347 154 250 214 110 881 1007 825
 3.125000E+02 194 21 538 37 52 65 52 0 1 32 76 319 1127 485 321 341 158 250 206 112 889 1005 817
 3.130000E+02 194 23 535 32 52 70 52 1 0 39 71 316 1135 462 341 334 160 252 202 114 909 988 810
 3.135000E+02 193 21 530 35 51 65 51 2 1 33 75 317 1125 475 358 323 151 253 199 116 926 995 789
 3.140000E+02 191 15 522 35 52 68 47 3 1 23 69 318 1110 472 381 321 152 262 191 111 945 997 775
 3.145000E+02 191 12 515 25 51 65 48 2 1 32 72 321 1108 460 390 328 140 268 193 113 964 981 774
 3.150000E+02 188 20 510 36 52 70 46 1 0 34 64 321 1101 473 394 308 145 265 196 118 973 1001 767
 3.155000E+02 188 18 506 32 52 60 52 0 0 32 62 324 1080 494 388 302 143 275 189 129 981 1041 763
 3.160000E+02 188 16 498 29 51 64 51 1 0 27 66 327 1091 506 381 296 134 270 197 125 973 1035 752
 3.165000E+02 185 15 489 30 51 55 46 0 0 27 58 325 1088 509 383 292 139 262 195 132 972 1042 758
 3.170000E+02 183 17 485 39 50 64 43 1 0 33 58 328 1074 525 408 282 136 248 195 132 983 1041 745
 3.175000E+02 182 13 481 39 50 72 42 0 0 30 60 329 1078 507 412 280 128 276 201 118 1007 1029 727
 3.180000E+02 181 15 479 30 49 56 33 0 0 25 61 330 1083 498 421 273 120 283 200 122 1026 1023 715
 3.185000E+02 179 15 475 36 50 61 39 0 0 21 67 333 1079 495 424 269 123 291 195 124 1034 1033 711
 3.190000E+02 177 15 471 24 49 56 37 0 0 27 54 343 1072 502 420 272 116 302 198 118 1038 1038 704
 3.195000E+02 176 13 469 30 49 72 38 1 0 27 55 339 1071 502 441 263 110 296 201 116 1054 1024 690
 3.200000E+02 176 11 463 30 50 64 38 6 0 26 54 336 1091 486 440 254 105 314 192 118 1064 1023 669
 3.205000E+02 175 15 459 30 50 74 38 6 0 23 56 346 1085 482 464 244 105 313 200 107 1084 1007 656
 3.210000E+02 175 18 452 31 50 65 39 4 0 31 52 346 1096 471 467 236 107 308 210 105 1090 991 658
 3.215000E+02 175 15 449 26 50 64 43 1 0 23 48 338 1102 469 470 225 109 317 209 99 1095 994 642
 3.220000E+02 175 12 443 31 50 66 45 2 1 22 51 327 1100 444 490 227 115 326 201 97 1114 982 640
 3.225000E+02 173 14 438 28 49 64 40 4 2 25 46 333 1083 453 493 233 110 335 208 85 1121 983 636
 3.230000E+02 172 13 436 30 48 64 35 1 1 25 44 327 1083 449 496 226 110 339 211 86 1132 984 633
 3.235000E+02 170 15 430 34 50 70 33 1 1 24 42 325 1084 452 519 217 109 325 209 85 1138 971 620
 3.240000E+02 170 15 427 32 49 66 34 1 0 24 43 322 1083 449 511 215 104 347 197 94 1149 994 610
 3.245000E+02 169 10 424 30 50 67 34 0 0 28 51 315 1071 456 538 213 97 337 191 97 1163 987 598
 3.250000E+02 168 18 424 27 48 53 28 1 0 25 43 310 1068 477 534 197 95 346 188 95 1163 1013 575
 3.255000E+02 168 13 421 27 48 68 31 3 0 21 46 313 1072 476 538 200 84 351 185 94 1168 1005 563
 3.260000E+02 167 20 416 31 48 71 30 3 0 23 41 313 1077 465 532 192 86 370 184 94 1180 1015 556
 3.265000E+02 166 11 414 29 48 66 28 1 1 15 45 315 1082 451 535 186 90 382 189 85 1191 1008 550
 3.270000E+02 165 19 408 25 46 69 31 1 1 25 46 306 1085 449 548 178 90 382 186 82 1198 1003 536
 3.275000E+02 164 9 405 26 48 61 32 1 0 21 39 309 1079 447 582 176 85 367 172 92 1213 991 525
 3.280000E+02 164 16 404 31 46 60 40 3 0 21 47 299 1060 452 592 179 87 370 169 91 1222 1000 526
 3.285000E+02 162 15 394 28 48 64 43 4 1 29 43 301 1063 453 618 172 85 354 165 90 1227 982 512
 3.290000E+02 162 17 392 28 47 74 40 0 1 28 38 311 1062 462 618 162 82 348 166 100 1232 992 510
 3.295000E+02 161 13 388 32 46 72 39 5 1 17 37 311 1052 459 633 161 80 347 177 91 1248 977 509
 3.300000E+02 161 7 388 23 46 69 33 2 1 23 34 307 1085 439 624 151 77 360 172 92 1248 968 492
 3.305000E+02 161 19 384 23 46 72 35 3 1 26 38 318 1099 425 633 152 74 355 174 88 1250 942 488
 3.310000E+02 160 12 382 26 45 64 36 4 0 25 36 318 1077 431 647 142 86 368 163 86 1264 971 477
 3.315000E+02 160 7 377 28 45 55 39 2 0 21 32 311 1068 431 644 145 85 380 164 83 1271 979 477
 3.320000E+02 159 10 374 26 44 60 42 0 0 22 37 314 1047 443 643 152 79 389 167 80 1279 991 478
 3.325000E+02 157 12 370 30 46 61 38 1 0 26 37 319 1023 449 652 154 79 395 167 81 1295 1004 481
 3.330000E+02 157 12 368 27 45 60 36 2 0 24 33 321 1034 444 672 148 78 386 157 81 1296 989 464
 3.335000E+02 156 12 368 32 46 66 33 1 0 18 33 323 1031 452 668 145 72 384 159 89 1300 997 465
 3.340000E+02 154 10 364 27 45 73 31 2 0 26 27 325 1021 448 685 143 73 383 152 95 1315 999 463
 3.345000E+02 154 15 360 23 45 69 27 0 1 28 32 326 1008 462 708 138 75 381 140 88 1317 1006 441
 3.350000E+02 153 13 358 21 46 65 24 2 1 27 31 321 1006 466 694 131 78 399 138 88 1319 1031 435
 3.355000E+02 152 20 356 28 46 61 19 1 0 19 31 320 1008 467 692 127 77 410 137 82 1321 1036 423
 3.360000E+02 152 11 353 27 45 64 23 0 0 17 30 329 1012 464 689 114 76 433 138 74 1334 1047 402
 3.365000E+02 152 4 351 28 46 54 23 0 1 13 32 320 1006 469 696 111 73 438 137 70 1341 1050 391
 3.370000E+02 152 13 348 28 45 66 27 2 1 21 30 320 997 467 711 112 67 434 138 74 1357 1042 391
 3.375000E+02 152 7 346 26 46 73 24 3 1 19 30 326 1013 445 720 109 65 440 142 66 1368 1016 382
 3.380000E+02 152 10 341 28 46 65 27 6 1 16 28 328 1005 447 740 104 63 428 146 67 1381 1005 380
 3.385000E+02 152 9 341 23 46 62 27 3 0 22 30 325 1011 433 743 101 57 445 143 67 1398 1002 368
 3.390000E+02 150 14 340 21 45 67 27 0 0 16 25 319 1001 438 754 102 55 442 139 69 1404 1004 365
 3.395000E+02 149 10 337 26 46 57 27 2 1 17 28 321 987 446 776 100 56 430 132 73 1411 1005 361
 3.400000E+02 149 13 334 24 46 68 26 6 1 16 30 318 991 438 788 95 56 432 131 69 1420 995 351
 3.405000E+02 149 8 333 27 45 55 30 4 1 12 31 322 1010 421 782 100 50 436 128 73 1419 980 351
 3.410000E+02 147 8 328 14 43 66 26 4 0 18 24 334 1018 411 786 98 46 444 126 71 1427 972 341
 3.415000E+02 145 7 326 25 44 64 25 0 1 16 23 334 998 412 803 101 48 439 125 74 1441 973 348
 3.420000E+02 144 12 324 24 44 69 24 2 0 16 23 346 987 411 828 97 48 439 126 64 1457 962 335
 3.425000E+02 144 13 322 28 43 71 23 1 1 19 24 348 992 398 833 99 49 437 133 59 1462 943 340
 3.430000E+02 143 5 319 20 44 62 20 2 0 14 23 338 969 411 837 100 44 448 131 60 1476 963 335
 3.435000E+02 143 10 319 23 44 70 18 1 1 15 28 339 983 395 848 99 40 437 133 65 1483 937 337
 3.440000E+02 142 8 316 24 44 73 19 1 2 16 23 332 956 416 855 92 38 443 141 59 1498 956 330
 3.445000E+02 142 7 316 26 44 68 19 2 1 16 28 325 968 416 839 83 44 459 136 55 1489 974 318
 3.450000E+02 140 10 313 31 40 66 19 1 1 13 19 329 959 417 854 78 44 464 126 58 1502 983 306
 3.455000E+02 140 9 308 28 42 66 18 0 1 20 20 324 946 419 857 73 52 472 123 58 1510 1001 306
 3.460000E+02 140 8 305 20 42 65 16 1 1 17 27 317 954 398 862 70 44 497 121 54 1534 993 289
 3.465000E+02 140 6 302 22 41 66 21 1 0 16 27 319 959 385 856 74 43 515 117 51 1539 994 285
 3.470000E+02 139 10 300 17 42 73 22 3 0 7 22 303 938 398 881 69 48 503 107 56 1547 1005 280
 3.475000E+02 138 8 296 16 39 59 22 3 0 23 22 305 906 406 904 73 45 505 110 51 1570 1007 279
 3.480000E+02 137 7 291 22 42 60 22 2 0 18 17 307 895 413 907 72 46 514 106 47 1574 1020 271
 3.485000E+02 137 12 288 18 40 62 19 2 0 9 20 295 879 414 932 70 49 503 103 50 1588 1016 272
 3.490000E+02 137 8 286 20 40 62 20 1 2 15 22 299 864 419 929 78 41 516 105 48 1598 1024 272
 3.495000E+02 136 9 284 23 40 73 18 3 1 16 22 296 856 424 941 73 42 511 103 50 1605 1027 268
 3.500000E+02 136 4 280 18 40 72 16 0 0 16 16 295 842 431 955 71 39 515 97 50 1617 1035 257
 3.505000E+02 136 9 277 18 39 57 15 0 0 11 18 299 846 425 964 66 31 530 89 49 1632 1035 235
 3.510000E+02 136 3 275 23 39 71 14 2 0 8 21 297 852 415 988 61 31 524 81 48 1641 1018 221
 3.515000E+02 134 7 273 26 40 67 16 4 0 7 19 301 836 421 985 63 26 542 83 44 1654 1033 216
 3.520000E+02 133 9 271 26 40 68 17 1 0 12 17 306 842 410 978 56 33 555 81 45 1659 1043 215
 3.525000E+02 131 6 269 18 39 65 20 2 1 13 12 307 846 396 961 58 31 574 88 46 1669 1047 223
 3.530000E+02 130 7 269 20 39 61 14 3 0 19 13 313 834 407 983 54 29 559 86 48 1676 1043 217
 3.535000E+02 130 4 264 21 40 59 14 4 0 18 16 306 827 404 1009 54 27 549 80 50 1688 1030 211
 3.540000E+02 130 5 261 24 40 59 15 1 0 6 19 308 822 405 1023 53 23 547 81 46 1697 1021 203
 3.545000E+02 127 8 259 17 39 65 18 1 1 9 12 306 826 398 1021 46 30 548 80 51 1700 1027 207
 3.550000E+02 127 8 256 27 40 64 17 2 0 10 13 306 817 395 1029 38 31 558 82 50 1719 1034 201
 3.555000E+02 126 8 252 15 40 65 13 1 0 15 17 312 802 408 1030 41 29 566 76 48 1720 1051 194
 3.560000E+02 126 8 250 16 40 61 15 1 0 9 18 311 793 406 1038 41 27 570 78 47 1733 1050 193
 3.565000E+02 126 14 248 19 39 74 17 4 0 10 11 314 785 397 1043 43 25 579 87 41 1750 1042 196
 3.570000E+02 126 7 245 21 40 56 18 4 0 14 11 320 779 381 1048 50 26 587 87 42 1764 1036 205
 3.575000E+02 125 7 243 22 40 59 17 4 0 11 19 315 772 387 1056 44 26 588 82 45 1771 1046 197
 3.580000E+02 125 5 243 21 39 73 17 4 0 6 15 328 767 385 1084 43 23 580 77 41 1782 1029 184
 3.585000E+02 125 7 243 20 40 59 17 5 0 10 18 327 751 388 1108 46 23 560 84 40 1792 1011 193
 3.590000E+02 123 7 241 17 39 60 17 1 0 8 13 321 735 381 1115 47 27 562 94 39 1810 1009 207
 3.595000E+02 123 6 240 18 40 59 12 2 0 14 12 325 736 367 1135 51 25 561 84 41 1821 994 201
 3.600000E+02 121 10 237 23 40 64 14 2 1 7 9 327 727 371 1131 53 24 566 79 49 1825 1010 205
 3.605000E+02 121 8 235 22 39 63 14 2 1 14 15 321 720 368 1141 51 25 571 79 45 1836 1009 200
 3.610000E+02 121 7 232 20 40 65 16 1 1 10 16 316 726 361 1167 48 23 559 70 46 1842 989 187
 3.615000E+02 121 7 231 17 40 65 14 1 0 10 10 317 725 357 1169 45 24 563 71 46 1849 990 186
 3.620000E+02 121 10 229 24 40 69 16 0 1 10 9 318 710 357 1157 48 23 581 76 48 1862 1009 195
 3.625000E+02 121 4 227 26 39 65 17 1 1 11 17 318 715 337 1154 51 20 598 85 40 1877 995 196
 3.630000E+02 121 4 224 22 40 57 21 2 0 8 14 308 709 335 1150 47 27 605 82 45 1882 1012 201
 3.635000E+02 121 9 221 24 40 68 18 2 0 7 10 316 685 347 1156 45 26 609 83 49 1897 1031 203
 3.640000E+02 121 6 219 16 40 66 12 4 1 8 14 326 689 334 1154 42 21 622 84 54 1914 1031 201
 3.645000E+02 120 10 218 21 39 70 13 2 0 8 8 327 676 338 1156 47 17 630 83 53 1922 1038 200
 3.650000E+02 119 6 214 16 40 66 11 1 0 10 13 325 658 341 1174 46 20 630 85 46 1935 1037 197
 3.655000E+02 119 4 212 20 37 60 9 2 0 14 11 325 651 339 1183 48 18 637 80 44 1944 1038 190
 3.660000E+02 119 7 209 16 37 62 9 0 0 3 12 324 648 336 1184 46 18 642 86 40 1952 1036 190
 3.665000E+02 118 6 208 14 38 62 12 1 0 11 11 331 657 322 1192 42 19 643 84 41 1960 1025 186
 3.670000E+02 118 5 205 19 38 68 12 2 0 9 8 331 674 306 1183 41 17 652 84 43 1962 1018 185
 3.675000E+02 118 7 203 14 37 67 11 2 0 8 10 329 672 296 1197 41 16 652 83 43 1975 1007 183
 3.680000E+02 117 4 202 20 37 65 9 0 0 11 7 346 672 291 1213 39 14 648 80 43 1984 996 176
 3.685000E+02 117 7 201 21 36 70 9 3 0 6 9 342 672 296 1216 34 13 646 81 42 1985 997 170
 3.690000E+02 116 6 200 16 37 64 8 1 0 8 11 345 658 307 1228 31 15 645 71 45 1989 1012 162
 3.695000E+02 116 10 198 23 38 55 8 2 0 14 8 346 650 303 1206 35 12 683 70 41 2000 1039 158
 3.700000E+02 115 12 196 16 38 62 8 2 0 9 6 354 647 293 1210 34 15 700 64 37 2011 1045 150
 3.705000E+02 115 3 194 18 38 59 7 1 1 5 8 363 656 276 1207 31 14 717 63 36 2023 1043 144
 3.710000E+02 113 8 191 20 38 67 5 1 1 6 7 360 647 283 1219 28 12 716 59 36 2030 1047 135
 3.715000E+02 113 6 189 18 38 55 5 3 1 11 10 357 624 293 1228 29 11 729 58 28 2043 1061 126
 3.720000E+02 112 5 188 17 35 68 5 0 1 3 12 359 622 291 1247 24 12 724 56 24 2051 1051 116
 3.725000E+02 112 3 187 21 36 63 5 1 0 6 11 352 605 293 1276 23 14 718 49 22 2065 1047 108
 3.730000E+02 111 3 187 17 36 66 3 0 0 6 4 347 599 289 1310 23 13 701 46 19 2076 1022 101
 3.735000E+02 111 4 186 20 36 59 3 1 0 5 6 347 598 285 1306 22 11 715 48 15 2084 1026 96
 3.740000E+02 111 8 184 17 36 58 3 1 0 1 9 348 577 286 1329 20 11 718 41 18 2106 1033 90
 3.745000E+02 110 5 182 20 36 68 3 3 1 2 11 349 567 288 1340 16 13 720 37 19 2116 1040 85
 3.750000E+02 110 12 180 14 35 57 5 4 0 4 10 342 571 278 1363 16 10 707 35 20 2125 1015 81
 3.755000E+02 108 4 178 14 35 57 5 4 0 6 11 341 590 261 1350 16 9 717 37 20 2124 1007 82
 3.760000E+02 108 2 177 16 35 66 6 3 1 4 15 335 590 256 1368 16 7 712 34 17 2131 992 74
 3.765000E+02 108 10 176 21 36 68 9 2 0 4 11 332 591 253 1393 15 7 690 36 15 2134 965 73
 3.770000E+02 108 3 176 20 35 74 9 1 1 3 6 323 583 252 1412 13 7 682 37 14 2145 955 71
 3.775000E+02 107 5 173 15 33 57 8 2 0 3 6 325 563 257 1419 12 7 686 39 17 2161 967 75
 3.780000E+02 107 7 173 15 34 62 5 2 0 6 6 322 546 265 1424 11 6 691 39 18 2172 980 74
 3.785000E+02 107 6 172 19 33 67 6 0 0 5 8 319 556 256 1416 8 7 701 35 21 2173 985 71
 3.790000E+02 106 3 169 16 32 70 7 3 0 5 6 313 549 257 1422 10 6 701 35 20 2178 984 71
 3.795000E+02 104 2 166 14 32 64 6 1 0 5 8 314 541 259 1432 10 5 702 34 17 2185 983 66
 3.800000E+02 103 3 165 15 32 70 7 1 0 5 6 320 525 269 1430 9 5 714 33 15 2192 1003 62
 3.805000E+02 103 6 163 15 32 62 8 4 1 5 7 322 525 268 1412 9 4 732 34 16 2194 1020 63
 3.810000E+02 103 3 161 9 32 68 9 4 0 4 4 326 516 267 1426 9 4 730 31 17 2204 1018 61
 3.815000E+02 102 3 161 15 32 67 9 4 0 5 4 323 519 262 1425 9 2 729 36 18 2208 1011 65
 3.820000E+02 102 2 160 8 32 67 6 1 0 4 4 319 514 252 1450 9 3 718 38 16 2222 989 66
 3.825000E+02 102 5 159 13 31 69 7 1 0 6 8 322 522 240 1446 11 2 724 37 18 2225 984 68
 3.830000E+02 101 7 157 12 32 70 7 2 0 4 8 319 510 241 1435 9 3 744 42 16 2237 1004 70
 3.835000E+02 100 8 152 17 32 68 9 2 0 5 8 319 492 248 1444 10 3 745 43 15 2247 1011 71
 3.840000E+02 100 6 150 10 32 60 4 3 0 2 6 314 489 244 1464 10 3 733 41 16 2254 996 70
 3.845000E+02 100 6 148 14 32 65 4 0 0 3 3 312 505 224 1483 8 2 726 39 13 2261 965 62
 3.850000E+02 100 5 145 18 31 65 5 2 0 5 8 306 501 227 1481 7 3 735 36 10 2262 975 56
 3.855000E+02 100 2 144 12 32 67 5 2 0 2 7 307 497 222 1481 7 4 739 38 12 2270 977 61
 3.860000E+02 100 7 141 15 31 65 6 4 0 0 3 302 489 226 1499 7 4 729 35 11 2274 970 57
 3.865000E+02 99 3 139 18 32 67 6 1 0 2 2 310 485 222 1519 5 4 719 35 11 2284 956 55
 3.870000E+02 98 3 137 14 32 60 5 1 0 3 5 306 488 209 1523 5 3 728 35 9 2295 949 52
 3.875000E+02 98 7 137 13 32 76 5 3 0 3 4 304 476 211 1533 5 3 729 33 10 2305 953 51
 3.880000E+02 98 6 137 16 32 69 6 2 1 1 4 306 465 214 1511 4 3 759 32 12 2314 988 51
 3.885000E+02 98 2 136 12 31 61 7 1 0 5 3 305 465 208 1502 6 4 769 35 11 2317 992 56
 3.890000E+02 96 9 135 10 31 62 6 2 0 4 1 310 456 202 1511 5 4 777 34 11 2333 994 54
 3.895000E+02 96 8 133 10 31 64 6 2 1 1 2 317 456 202 1501 4 3 783 39 12 2335 1000 58
 3.900000E+02 96 8 133 15 32 59 5 3 1 5 7 321 442 213 1490 4 3 793 39 16 2338 1025 62
 3.905000E+02 95 4 127 17 32 63 4 1 1 1 6 323 446 204 1492 4 3 799 33 19 2343 1025 59
 3.910000E+02 94 4 127 10 32 57 4 2 1 5 2 320 442 198 1479 3 4 823 28 23 2353 1048 58
 3.915000E+02 94 4 124 17 32 70 4 1 0 5 5 313 450 185 1495 3 3 814 31 19 2359 1021 56
 3.920000E+02 94 6 124 12 32 66 4 0 0 3 3 312 440 184 1495 4 2 825 36 14 2370 1025 56
 3.925000E+02 94 3 123 12 32 55 3 0 0 2 6 317 445 176 1494 5 2 827 38 13 2372 1018 58
 3.930000E+02 94 3 122 12 32 69 2 0 1 1 1 309 443 169 1510 3 2 826 31 16 2383 1013 52
 3.935000E+02 93 6 122 15 32 59 1 2 0 0 0 324 431 174 1531 3 2 811 31 17 2390 1004 53
 3.940000E+02 93 5 119 12 32 63 0 0 0 3 2 332 438 161 1538 2 2 816 32 11 2397 990 47
 3.945000E+02 93 2 118 10 32 57 0 2 0 3 2 329 427 162 1566 1 2 803 29 10 2408 977 42
 3.950000E+02 91 5 117 12 32 65 0 1 0 2 5 320 423 158 1582 1 1 798 29 8 2417 965 39
 3.955000E+02 91 6 116 16 32 64 0 2 0 5 5 326 410 165 1590 1 1 799 27 7 2423 972 36
 3.960000E+02 90 4 114 15 31 70 0 1 0 3 2 326 416 157 1588 1 1 806 23 8 2425 972 33
 3.965000E+02 90 7 109 6 30 58 0 3 0 2 3 331 407 157 1586 1 1 821 20 7 2434 986 29
 3.970000E+02 89 2 108 10 32 57 0 4 0 2 4 328 406 149 1573 1 1 845 19 6 2443 1001 27
 3.975000E+02 89 3 107 17 32 66 0 1 0 0 3 326 394 158 1588 2 0 836 17 5 2446 999 24
 3.980000E+02 89 4 104 14 32 57 0 2 0 0 2 328 384 165 1599 1 0 828 19 4 2450 997 24
 3.985000E+02 89 1 101 5 32 68 0 2 0 0 2 330 371 172 1603 0 0 832 19 3 2457 1007 22
 3.990000E+02 87 1 101 8 32 64 0 4 0 3 4 330 380 160 1615 0 0 825 16 4 2460 989 20
 3.995000E+02 87 3 99 7 30 60 1 1 0 0 1 329 367 162 1611 0 0 840 16 4 2471 1006 20
 4.000000E+02 87 9 99 12 30 60 1 2 0 0 1 326 361 163 1606 0 0 849 16 5 2476 1017 21
 4.005000E+02 86 5 98 14 30 57 1 2 1 1 2 326 354 162 1605 0 0 859 16 4 2484 1025 20
 4.010000E+02 86 4 95 16 30 65 2 1 1 0 1 327 338 169 1634 0 0 840 16 3 2493 1012 19
 4.015000E+02 85 3 95 15 30 68 2 0 0 1 4 324 335 173 1618 0 0 853 18 3 2492 1029 21
 4.020000E+02 84 4 94 12 30 68 2 1 0 2 4 330 331 175 1613 0 1 862 14 4 2493 1042 19
 4.025000E+02 84 3 94 12 30 60 3 3 1 5 3 321 328 175 1594 0 1 885 12 5 2496 1066 18
 4.030000E+02 83 3 93 10 30 72 2 2 2 2 2 322 327 173 1627 0 1 854 12 6 2499 1034 19
 4.035000E+02 83 1 93 14 29 56 1 2 0 1 1 317 318 181 1624 0 1 860 11 5 2500 1047 17
 4.040000E+02 83 2 90 14 30 62 2 2 0 3 3 318 322 171 1623 0 1 866 10 7 2506 1045 18
 4.045000E+02 83 5 89 10 30 74 1 3 0 2 4 323 321 165 1636 0 1 861 10 6 2513 1033 17
 4.050000E+02 83 5 89 13 29 58 1 1 0 0 2 321 310 170 1629 0 1 873 12 5 2519 1049 18
 4.055000E+02 82 4 88 6 29 60 1 2 0 1 2 330 303 179 1598 0 1 902 11 6 2517 1088 18
 4.060000E+02 82 4 88 15 30 62 1 2 0 0 3 340 309 165 1600 0 1 908 13 4 2525 1078 18
 4.065000E+02 82 2 86 7 30 63 3 3 0 2 1 328 305 163 1606 0 2 906 15 3 2530 1074 20
 4.070000E+02 81 3 85 15 30 62 3 4 0 1 1 324 295 162 1600 1 3 921 14 4 2539 1090 22
 4.075000E+02 81 5 83 14 29 69 3 1 0 1 3 326 288 157 1620 0 3 914 15 3 2552 1077 21
 4.080000E+02 80 3 83 16 29 60 2 0 0 2 4 321 288 153 1629 0 2 909 18 1 2557 1065 21
 4.085000E+02 80 3 79 10 30 60 3 0 0 1 1 317 288 151 1668 0 2 872 17 2 2559 1027 21
 4.090000E+02 80 5 77 11 30 63 1 2 0 1 1 317 286 151 1664 1 2 877 16 3 2560 1033 22
 4.095000E+02 80 5 77 19 30 65 1 1 0 0 1 320 282 151 1684 1 2 861 16 3 2564 1017 22
 4.100000E+02 80 5 75 6 30 65 1 3 0 4 2 318 286 142 1683 1 2 867 14 5 2569 1016 22
 4.105000E+02 80 4 74 9 30 72 1 0 0 2 2 331 291 131 1683 0 3 875 12 5 2575 1014 20
 4.110000E+02 79 0 72 12 30 63 1 2 0 0 3 333 294 125 1672 1 2 890 11 5 2578 1022 19
 4.115000E+02 79 2 72 13 30 66 2 3 0 0 3 331 297 120 1687 0 2 879 10 5 2581 1006 17
 4.120000E+02 78 4 72 5 30 67 2 2 0 0 1 336 296 114 1698 0 2 877 8 5 2588 998 15
 4.125000E+02 78 4 70 11 30 67 2 5 0 0 3 333 299 108 1709 1 2 869 7 5 2590 984 15
 4.130000E+02 78 1 69 11 30 69 2 3 0 0 2 326 293 109 1718 1 2 865 6 6 2595 982 15
 4.135000E+02 78 2 68 9 30 64 1 0 0 0 1 316 290 107 1715 1 2 871 7 7 2600 987 17
 4.140000E+02 78 3 67 11 30 74 1 4 0 0 1 318 280 114 1720 1 1 871 6 7 2604 993 15
 4.145000E+02 78 5 67 13 30 61 0 1 0 0 2 325 273 111 1729 1 1 873 6 6 2614 991 14
 4.150000E+02 78 2 66 15 30 63 0 3 0 0 1 325 272 107 1726 1 1 882 7 4 2619 994 13
 4.155000E+02 78 2 66 11 29 65 0 1 0 0 0 327 263 111 1752 1 0 862 8 3 2625 976 12
 4.160000E+02 78 4 66 11 30 65 0 1 0 1 0 333 258 111 1751 1 0 870 7 2 2630 983 10
 4.165000E+02 78 5 65 11 30 66 0 1 0 0 0 339 253 108 1764 1 0 867 5 2 2638 977 8
 4.170000E+02 78 3 63 8 29 73 0 2 0 0 1 331 241 116 1768 1 0 867 4 3 2642 986 8
 4.175000E+02 78 1 63 8 30 66 0 2 0 0 0 323 237 115 1765 1 0 876 4 2 2647 993 7
 4.180000E+02 77 3 63 12 30 55 0 3 0 0 0 318 231 119 1749 1 0 895 3 2 2649 1016 6
 4.185000E+02 77 6 62 11 29 65 0 1 0 0 0 315 225 119 1754 1 0 897 2 2 2655 1018 5
 4.190000E+02 77 5 61 12 30 64 0 4 0 0 1 316 230 111 1751 1 0 903 1 3 2658 1017 5
 4.195000E+02 77 1 61 11 30 64 0 1 0 0 2 326 223 115 1747 1 0 910 1 3 2661 1028 5
 4.200000E+02 77 3 61 8 29 64 0 2 0 0 1 333 227 110 1725 1 0 934 0 3 2662 1047 4
 4.205000E+02 75 2 60 7 28 66 1 1 0 0 1 324 224 109 1725 1 0 938 0 3 2666 1050 4
 4.210000E+02 75 6 60 12 30 71 0 3 0 0 1 320 217 113 1711 1 0 955 0 3 2669 1071 4
 4.215000E+02 75 1 59 15 30 69 0 1 0 0 0 315 211 113 1714 1 0 958 0 3 2675 1074 4
 4.220000E+02 75 3 58 4 30 60 0 0 1 1 0 321 206 111 1720 1 0 959 0 3 2682 1073 4
 4.225000E+02 75 0 56 16 30 72 0 3 0 0 0 319 203 110 1740 0 0 944 0 3 2687 1057 3
 4.230000E+02 75 2 56 9 30 75 0 4 0 0 0 315 200 106 1766 0 0 927 0 1 2694 1034 1
 4.235000E+02 75 4 54 8 30 65 0 4 0 0 0 314 198 102 1774 0 0 925 0 1 2700 1028 1
 4.240000E+02 75 3 54 12 29 51 0 3 1 0 0 319 192 99 1806 0 0 902 0 1 2709 1002 1
 4.245000E+02 75 2 54 11 29 58 0 1 0 0 0 328 182 105 1798 0 0 914 0 1 2713 1020 1
 4.250000E+02 75 2 54 13 30 59 0 2 0 0 1 339 173 106 1813 0 0 907 0 1 2721 1014 1
 4.255000E+02 75 3 54 20 30 61 0 1 1 0 0 334 165 106 1824 0 0 904 0 1 2729 1011 1
 4.260000E+02 75 3 51 12 30 58 0 3 0 0 0 344 162 107 1813 0 0 917 0 1 2731 1025 1
 4.265000E+02 75 1 51 12 29 59 0 5 0 0 0 346 168 97 1799 0 0 935 0 1 2735 1033 1
 4.270000E+02 75 1 49 10 30 64 0 2 0 0 0 342 169 94 1787 0 0 949 0 1 2737 1044 1
 4.275000E+02 75 4 48 12 30 60 0 1 0 0 0 351 172 90 1779 0 0 957 1 1 2738 1048 2
 4.280000E+02 75 4 48 12 29 61 0 1 0 0 0 350 171 83 1780 0 0 964 1 1 2746 1048 2
 4.285000E+02 73 3 47 7 30 67 0 3 0 0 1 351 169 81 1784 0 0 964 1 1 2750 1046 2
 4.290000E+02 73 3 47 8 30 67 0 2 0 0 1 356 166 81 1798 0 0 953 1 1 2753 1035 2
 4.295000E+02 73 3 47 11 29 60 0 1 0 0 1 356 159 82 1805 0 0 952 1 1 2759 1035 2
 4.300000E+02 73 3 47 10 30 64 0 0 0 0 2 356 158 75 1815 0 0 950 1 1 2767 1026 2
 4.305000E+02 73 5 47 9 30 63 0 2 0 0 1 363 165 73 1808 0 0 952 1 1 2762 1026 2
 4.310000E+02 73 2 44 6 30 75 2 1 0 0 2 365 168 68 1840 0 0 922 1 1 2764 991 2
 4.315000E+02 73 2 44 9 30 74 1 3 0 0 0 364 163 72 1844 0 0 918 1 2 2765 992 3
 4.320000E+02 73 3 41 11 30 60 1 3 0 1 0 361 165 67 1834 0 0 929 3 2 2768 998 5
 4.325000E+02 73 3 41 5 28 66 1 4 0 1 1 366 161 67 1840 0 0 926 4 2 2772 995 6
 4.330000E+02 73 1 41 11 29 68 1 0 0 0 2 355 163 65 1827 0 0 939 4 2 2772 1006 6
 4.335000E+02 73 3 39 6 30 64 1 3 0 0 2 352 159 66 1805 0 0 965 4 1 2775 1032 5
 4.340000E+02 72 1 39 12 30 55 1 1 0 1 2 358 152 67 1807 0 0 967 4 3 2781 1037 7
 4.345000E+02 72 1 39 8 30 64 1 2 0 0 1 362 149 67 1794 0 0 983 3 4 2784 1054 7
 4.350000E+02 72 1 39 8 29 61 0 0 0 0 1 360 148 66 1789 0 0 991 3 3 2786 1060 6
 4.355000E+02 72 2 38 8 29 67 0 3 0 0 1 365 150 64 1800 0 0 980 3 3 2786 1047 6
 4.360000E+02 72 2 38 11 30 61 0 1 0 0 0 364 148 63 1824 0 0 961 2 2 2789 1026 4
 4.365000E+02 72 4 38 10 29 67 0 1 0 0 0 376 146 61 1853 0 0 937 1 2 2793 1000 3
 4.370000E+02 72 8 38 7 30 56 0 1 0 0 0 370 142 62 1836 0 0 957 1 2 2796 1021 3
 4.375000E+02 72 5 37 9 30 62 0 0 0 0 0 355 141 58 1841 0 0 957 1 2 2801 1017 3
 4.380000E+02 72 0 36 9 30 65 0 1 0 0 0 353 136 59 1831 0 0 971 0 3 2805 1033 3
 4.385000E+02 72 2 36 9 30 66 0 3 0 1 0 354 129 63 1849 0 0 956 0 3 2808 1022 3
 4.390000E+02 72 3 36 12 30 64 0 0 1 0 0 364 125 67 1855 0 0 950 0 3 2808 1020 3
 4.395000E+02 72 5 36 8 30 72 0 2 1 0 0 360 124 62 1861 0 0 950 0 3 2814 1015 3
 4.400000E+02 72 0 35 9 30 69 0 1 1 1 0 360 122 62 1859 0 0 954 1 2 2816 1018 3
 4.405000E+02 72 4 32 8 30 78 0 0 0 0 0 352 123 60 1849 0 0 967 1 0 2817 1027 1
 4.410000E+02 72 4 32 8 29 59 0 3 0 0 1 350 124 51 1867 0 0 957 1 0 2825 1008 1
 4.415000E+02 72 2 32 12 29 70 0 3 0 0 0 340 118 51 1870 0 0 960 1 0 2831 1011 1
 4.420000E+02 72 4 32 7 29 70 0 2 0 0 0 346 117 50 1857 0 0 975 1 0 2833 1025 1
 4.425000E+02 72 0 32 11 30 66 0 0 0 0 1 349 112 50 1869 0 0 968 0 1 2838 1019 1
 4.430000E+02 72 3 31 8 30 69 0 3 0 0 0 357 110 51 1872 0 0 966 0 1 2839 1018 1
 4.435000E+02 72 3 29 9 30 57 0 4 0 0 0 355 106 52 1885 0 0 956 0 1 2842 1009 1
 4.440000E+02 72 0 28 8 30 59 0 1 0 0 0 353 105 49 1895 0 0 950 0 1 2846 1000 1
 4.445000E+02 72 4 28 11 30 60 0 3 0 0 0 349 100 50 1897 0 0 952 1 0 2850 1002 1
 4.450000E+02 72 2 26 4 28 68 0 3 0 0 0 353 96 50 1916 0 0 937 1 0 2854 987 1
 4.455000E+02 72 1 25 6 27 73 0 0 0 0 0 352 100 43 1898 0 0 959 0 0 2857 1002 0
 4.460000E+02 72 2 24 8 28 63 0 2 0 0 0 356 95 45 1884 0 0 976 0 0 2860 1021 0
 4.465000E+02 72 2 24 10 28 58 0 5 0 0 0 367 92 45 1887 0 0 976 0 0 2863 1021 0
 4.470000E+02 72 0 24 10 27 72 0 4 0 0 0 365 90 44 1886 0 0 980 0 0 2866 1024 0
 4.475000E+02 71 1 21 7 28 62 0 3 0 0 0 353 88 40 1887 0 0 985 0 0 2872 1025 0
 4.480000E+02 71 0 21 8 28 67 0 2 1 0 0 348 86 36 1893 0 0 985 0 0 2878 1021 0
 4.485000E+02 70 2 20 5 28 62 0 2 0 0 0 354 81 40 1887 0 0 992 0 0 2879 1032 0
 4.490000E+02 69 2 20 8 27 67 0 1 0 0 0 360 79 41 1900 0 0 980 0 0 2880 1021 0
 4.495000E+02 68 3 19 9 28 70 0 2 0 0 0 359 79 41 1892 0 0 988 0 0 2880 1029 0
 4.500000E+02 68 1 19 6 27 65 0 1 0 0 0 359 83 35 1897 0 0 985 0 0 2882 1020 0
 4.505000E+02 68 2 18 7 28 69 0 1 0 0 0 356 84 30 1895 0 0 991 0 0 2886 1021 0
 4.510000E+02 68 0 18 3 28 61 0 5 0 0 0 355 80 33 1893 0 0 994 0 0 2887 1027 0
 4.515000E+02 68 0 18 11 28 60 0 3 0 0 0 357 78 33 1891 0 0 998 0 0 2889 1031 0
 4.520000E+02 68 3 18 7 28 63 0 0 1 0 0 353 77 30 1873 0 0 1020 0 0 2893 1050 0
 4.525000E+02 68 0 17 8 28 58 0 1 1 0 0 350 75 30 1882 0 0 1013 0 0 2895 1043 0
 4.530000E+02 68 0 16 5 28 61 0 2 0 0 0 347 75 30 1869 0 0 1026 0 0 2895 1056 0
 4.535000E+02 68 4 16 9 28 48 0 1 0 0 0 348 74 29 1864 0 0 1033 0 0 2897 1062 0
 4.540000E+02 68 4 14 6 28 63 0 3 0 0 0 350 71 30 1870 0 0 1029 0 0 2899 1059 0
 4.545000E+02 68 1 13 7 26 55 0 0 0 0 0 358 70 31 1876 0 0 1023 0 0 2899 1054 0
 4.550000E+02 68 2 12 6 26 55 0 5 0 0 0 349 65 34 1873 0 0 1028 0 0 2901 1062 0
 4.555000E+02 68 2 12 12 26 56 0 3 0 0 0 344 64 31 1887 0 0 1018 0 0 2905 1049 0
 4.560000E+02 68 2 12 3 26 59 0 5 0 0 0 343 63 31 1881 0 0 1025 0 0 2906 1056 0
 4.565000E+02 67 0 12 4 26 72 0 3 0 0 0 330 66 28 1899 0 0 1007 0 0 2906 1035 0
 4.570000E+02 67 1 11 6 25 54 0 2 0 0 0 328 66 25 1919 0 0 990 0 0 2909 1015 0
 4.575000E+02 67 1 11 4 26 62 0 2 0 0 0 335 67 22 1933 0 0 978 0 0 2911 1000 0
 4.580000E+02 67 0 10 3 26 67 0 2 0 0 0 343 67 20 1929 0 0 984 0 0 2913 1004 0
 4.585000E+02 66 0 10 9 26 71 0 2 0 0 0 340 68 19 1927 0 0 986 0 0 2913 1005 0
 4.590000E+02 66 1 9 7 26 76 0 1 0 0 0 344 66 20 1918 0 0 996 0 0 2914 1016 0
 4.595000E+02 66 2 8 5 24 67 0 2 0 0 0 342 66 18 1918 0 0 998 0 0 2916 1016 0
 4.600000E+02 66 0 8 6 25 74 0 1 0 0 0 347 64 19 1918 0 0 999 0 0 2917 1018 0
 4.605000E+02 66 0 8 5 25 54 0 1 0 0 0 351 63 19 1902 0 0 1016 0 0 2918 1035 0
 4.610000E+02 66 2 8 7 26 65 0 0 0 0 0 347 61 20 1915 0 0 1004 0 0 2919 1024 0
 4.615000E+02 66 0 8 5 25 63 0 3 0 0 0 342 60 20 1904 0 0 1016 0 0 2920 1036 0
 4.620000E+02 66 3 7 4 26 62 0 2 0 0 0 334 56 22 1914 0 0 1008 0 0 2922 1030 0
 4.625000E+02 65 0 6 9 25 64 0 4 0 0 0 337 59 19 1916 0 0 1006 0 0 2922 1025 0
 4.630000E+02 65 2 6 8 26 63 0 2 0 0 0 335 60 17 1940 0 0 983 0 0 2923 1000 0
 4.635000E+02 65 1 5 7 26 64 0 0 0 0 0 332 59 18 1934 0 0 989 0 0 2923 1007 0
 4.640000E+02 65 1 5 8 25 54 0 1 0 0 0 333 56 19 1951 0 0 974 0 0 2925 993 0
 4.645000E+02 65 0 4 5 26 69 0 2 0 0 0 327 51 23 1939 0 0 987 0 0 2926 1010 0
 4.650000E+02 65 0 4 7 26 66 0 0 0 0 0 336 56 17 1939 0 0 988 0 0 2927 1005 0
 4.655000E+02 65 0 4 4 26 61 0 0 0 0 0 334 51 19 1925 0 0 1005 0 0 2930 1024 0
 4.660000E+02 65 0 4 7 25 66 0 1 0 0 0 333 50 20 1919 0 0 1011 0 0 2930 1031 0
 4.665000E+02 65 0 4 10 25 64 0 0 0 0 0 333 49 19 1920 0 0 1012 0 0 2932 1031 0
 4.670000E+02 65 2 4 5 26 69 0 6 0 0 0 350 46 21 1928 0 0 1005 0 0 2933 1026 0
 4.675000E+02 65 1 3 4 26 65 0 1 0 0 0 351 44 22 1912 0 0 1022 0 0 2934 1044 0
 4.680000E+02 64 1 3 3 26 68 0 4 0 0 0 349 43 22 1925 0 0 1010 0 0 2935 1032 0
 4.685000E+02 64 1 3 3 25 67 0 3 0 0 0 350 42 22 1924 0 0 1012 0 0 2936 1034 0
 4.690000E+02 63 0 2 10 25 65 0 0 0 0 0 350 42 22 1937 0 0 999 0 0 2936 1021 0
 4.695000E+02 63 0 2 9 25 63 0 0 0 0 0 354 43 20 1925 0 0 1012 0 0 2937 1032 0
 4.700000E+02 63 0 2 5 25 55 0 0 0 0 0 349 39 20 1936 0 0 1005 0 0 2941 1025 0
 4.705000E+02 62 2 2 4 26 66 0 2 0 0 0 345 34 23 1934 0 0 1009 0 0 2943 1032 0
 4.710000E+02 62 0 2 3 24 74 0 2 0 0 0 350 33 23 1931 0 0 1013 0 0 2944 1036 0
 4.715000E+02 62 0 2 8 26 63 0 2 0 0 0 354 32 23 1938 0 0 1007 0 0 2945 1030 0
 4.720000E+02 62 0 2 5 26 67 0 0 0 0 0 343 31 23 1928 0 0 1018 0 0 2946 1041 0
 4.725000E+02 61 0 2 6 26 69 0 3 0 0 0 332 31 23 1932 0 0 1014 0 0 2946 1037 0
 4.730000E+02 60 0 2 2 26 60 0 4 0 0 0 324 30 21 1931 0 0 1018 0 0 2949 1039 0
 4.735000E+02 60 0 2 4 24 63 0 3 0 0 0 325 31 19 1935 0 0 1015 0 0 2950 1034 0
 4.740000E+02 60 0 2 5 24 71 0 1 0 0 0 320 32 18 1949 0 0 1001 0 0 2950 1019 0
 4.745000E+02 59 0 2 3 24 65 0 2 0 0 0 313 31 17 1927 0 0 1025 0 0 2952 1042 0
 4.750000E+02 58 0 2 7 24 70 0 2 0 0 0 314 30 16 1912 0 0 1042 0 0 2954 1058 0
 4.755000E+02 58 1 1 8 24 72 0 0 0 0 0 325 23 23 1920 0 0 1034 0 0 2954 1057 0
 4.760000E+02 58 1 1 5 24 74 0 0 0 0 0 322 21 24 1929 0 0 1026 0 0 2955 1050 0
 4.765000E+02 58 1 1 9 24 73 0 0 0 0 0 325 21 23 1946 0 0 1010 0 0 2956 1033 0
 4.770000E+02 58 1 1 7 24 61 0 2 0 0 0 334 23 21 1953 0 0 1003 0 0 2956 1024 0
 4.775000E+02 58 0 0 10 24 63 0 3 0 0 0 335 25 19 1942 0 0 1014 0 0 2956 1033 0
 4.780000E+02 58 0 0 8 24 70 0 1 0 0 0 340 26 17 1971 0 0 986 0 0 2957 1003 0
 4.785000E+02 57 0 0 3 24 61 0 1 0 0 0 344 26 17 1983 0 0 974 0 0 2957 991 0
 4.790000E+02 57 0 0 6 24 63 0 1 0 0 0 334 26 16 1988 0 0 970 0 0 2958 986 0
 4.795000E+02 57 0 0 8 24 64 0 1 0 0 0 343 27 15 1994 0 0 964 0 0 2958 979 0
 4.800000E+02 57 0 0 8 23 64 0 3 0 0 0 345 27 15 1969 0 0 989 0 0 2958 1004 0
 4.805000E+02 57 0 0 5 24 70 0 0 0 0 0 344 30 12 1970 0 0 988 0 0 2958 1000 0
 4.810000E+02 56 0 0 6 24 68 0 0 0 0 0 346 30 12 1968 0 0 990 0 0 2958 1002 0
 4.815000E+02 56 0 0 5 23 68 0 1 0 0 0 347 28 13 1943 0 0 1016 0 0 2959 1029 0
 4.820000E+02 56 0 0 3 24 59 0 0 0 0 0 350 27 14 1931 0 0 1028 0 0 2959 1042 0
 4.825000E+02 56 0 0 10 24 62 0 1 0 0 0 351 25 14 1930 0 0 1031 0 0 2961 1045 0
 4.830000E+02 56 0 0 10 24 67 0 0 0 0 0 345 26 12 1931 0 0 1031 0 0 2962 1043 0
 4.835000E+02 56 0 0 3 24 70 0 0 0 0 0 343 23 14 1916 0 0 1047 0 0 2963 1061 0
 4.840000E+02 56 0 0 6 24 60 0 1 0 0 0 333 23 12 1903 0 0 1062 0 0 2965 1074 0
 4.845000E+02 56 0 0 6 22 64 0 3 0 0 0 333 23 12 1911 0 0 1054 0 0 2965 1066 0
 4.850000E+02 55 0 0 4 22 59 0 0 0 0 0 336 23 12 1912 0 0 1053 0 0 2965 1065 0
 4.855000E+02 55 0 0 5 20 61 0 0 0 0 0 329 23 10 1907 0 0 1060 0 0 2967 1070 0
 4.860000E+02 53 0 0 3 18 67 0 0 0 0 0 315 25 8 1899 0 0 1068 0 0 2967 1076 0
 4.865000E+02 53 0 0 7 20 72 0 4 0 0 0 318 25 8 1918 0 0 1049 0 0 2967 1057 0
 4.870000E+02 53 0 0 3 19 70 0 2 0 0 0 314 26 7 1946 0 0 1021 0 0 2967 1028 0
 4.875000E+02 53 0 0 4 20 63 0 0 0 0 0 316 27 6 1947 0 0 1020 0 0 2967 1026 0
 4.880000E+02 52 0 0 4 20 56 0 1 0 0 0 320 26 5 1957 0 0 1012 0 0 2969 1017 0
 4.885000E+02 52 0 0 5 20 61 0 3 0 0 0 317 26 5 1944 0 0 1025 0 0 2969 1030 0
 4.890000E+02 52 0 0 3 20 68 0 1 0 0 0 315 27 4 1926 0 0 1043 0 0 2969 1047 0
 4.895000E+02 51 0 0 4 20 69 0 0 0 0 0 314 24 7 1926 0 0 1043 0 0 2969 1050 0
 4.900000E+02 51 0 0 8 20 63 0 1 0 0 0 311 23 8 1940 0 0 1029 0 0 2969 1037 0
 4.905000E+02 51 0 0 8 20 66 0 0 0 0 0 304 21 8 1950 0 0 1021 0 0 2971 1029 0
 4.910000E+02 51 0 0 3 20 64 0 0 0 0 0 298 20 9 1953 0 0 1018 0 0 2971 1027 0
 4.915000E+02 51 0 0 5 20 65 0 1 0 0 0 296 18 9 1934 0 0 1039 0 0 2973 1048 0
 4.920000E+02 51 0 0 3 19 56 0 2 0 0 0 290 18 7 1937 0 0 1038 0 0 2975 1045 0
 4.925000E+02 51 0 0 2 20 69 0 0 0 0 0 282 16 8 1947 0 0 1029 0 0 2976 1037 0
 4.930000E+02 51 0 0 4 20 67 0 1 0 0 0 283 16 8 1934 0 0 1042 0 0 2976 1050 0
 4.935000E+02 51 0 0 4 19 66 0 0 0 0 0 289 16 8 1947 0 0 1029 0 0 2976 1037 0
 4.940000E+02 51 0 0 3 20 74 0 1 0 0 0 290 16 8 1959 0 0 1017 0 0 2976 1025 0
 4.945000E+02 51 0 0 2 20 66 0 2 0 0 0 286 15 9 1962 0 0 1014 0 0 2976 1023 0
 4.950000E+02 51 0 0 5 20 60 0 2 0 0 0 288 14 10 1967 0 0 1009 0 0 2976 1019 0
 4.955000E+02 51 0 0 5 20 71 0 0 0 0 0 289 16 8 1964 0 0 1012 0 0 2976 1020 0
 4.960000E+02 51 0 0 5 19 70 0 2 0 0 0 295 16 6 1968 0 0 1010 0 0 2978 1016 0
 4.965000E+02 51 0 0 7 19 61 0 4 0 0 0 293 14 7 1977 0 0 1002 0 0 2979 1009 0
 4.970000E+02 51 0 0 2 19 65 0 1 0 0 0 286 14 5 1974 0 0 1007 0 0 2981 1012 0
 4.975000E+02 51 0 0 6 20 68 0 1 0 0 0 293 14 4 1976 0 0 1006 0 0 2982 1010 0
 4.980000E+02 51 0 0 4 19 67 0 2 0 0 0 289 13 4 1986 0 0 997 0 0 2983 1001 0
 4.985000E+02 51 0 0 7 20 65 0 3 0 0 0 286 13 4 1983 0 0 1000 0 0 2983 1004 0
 4.990000E+02 51 0 0 4 19 65 0 3 0 0 0 286 13 4 1975 0 0 1008 0 0 2983 1012 0
 4.995000E+02 51 0 0 3 20 65 0 4 0 0 0 289 14 3 1994 0 0 989 0 0 2983 992 0
 5.000000E+02 51 0 0 3 20 59 0 3 0 0 0 295 14 3 2021 0 0 962 0 0 2983 965 0
 5.005000E+02 51 0 0 5 19 67 0 2 0 0 0 301 16 1 2007 0 0 976 0 0 2983 977 0
 5.010000E+02 51 0 0 3 19 61 0 0 0 0 0 305 16 1 1999 0 0 984 0 0 2983 985 0
 5.015000E+02 50 0 0 1 20 65 0 5 0 0 0 289 17 0 2020 0 0 963 0 0 2983 963 0
 5.020000E+02 50 0 0 2 20 73 0 2 0 0 0 294 15 1 2027 0 0 957 0 0 2984 958 0
 5.025000E+02 50 0 0 4 18 77 0 2 0 0 0 294 15 1 2041 0 0 943 0 0 2984 944 0
 5.030000E+02 50 0 0 3 18 63 0 0 0 0 0 302 16 0 2004 0 0 980 0 0 2984 980 0
 5.035000E+02 48 0 0 6 18 76 0 0 0 0 0 299 13 0 1995 0 0 992 0 0 2987 992 0
 5.040000E+02 48 0 0 6 17 72 0 1 0 0 0 301 13 0 1992 0 0 995 0 0 2987 995 0
 5.045000E+02 48 0 0 3 18 74 0 1 0 0 0 295 12 1 1998 0 0 989 0 0 2987 990 0
 5.050000E+02 48 0 0 4 17 62 0 1 0 0 0 293 12 1 1970 0 0 1017 0 0 2987 1018 0
 5.055000E+02 48 0 0 3 18 58 0 0 0 0 0 287 12 1 1973 0 0 1014 0 0 2987 1015 0
 5.060000E+02 48 0 0 4 17 67 0 1 0 0 0 294 11 2 1971 0 0 1016 0 0 2987 1018 0
 5.065000E+02 48 0 0 2 18 62 0 5 0 0 0 287 10 2 1975 0 0 1013 0 0 2988 1015 0
 5.070000E+02 48 0 0 3 18 70 0 2 0 0 0 292 10 2 1980 0 0 1008 0 0 2988 1010 0
 5.075000E+02 48 0 0 4 18 68 0 0 0 0 0 290 9 3 1970 0 0 1018 0 0 2988 1021 0
 5.080000E+02 47 0 0 6 18 69 0 1 0 0 0 289 9 3 1976 0 0 1012 0 0 2988 1015 0
 5.085000E+02 47 0 0 2 18 58 0 1 0 0 0 283 9 3 1959 0 0 1029 0 0 2988 1032 0
 5.090000E+02 47 0 0 5 18 61 0 1 0 0 0 290 8 4 1966 0 0 1022 0 0 2988 1026 0
 5.095000E+02 46 0 0 4 18 67 0 3 0 0 0 294 8 3 1962 0 0 1027 0 0 2989 1030 0
 5.100000E+02 46 0 0 1 17 65 0 2 0 0 0 288 8 3 1964 0 0 1025 0 0 2989 1028 0
 5.105000E+02 46 0 0 4 18 66 0 1 0 0 0 283 8 3 1979 0 0 1010 0 0 2989 1013 0
 5.110000E+02 46 0 0 6 18 64 0 1 0 0 0 287 7 3 1981 0 0 1009 0 0 2990 1012 0
 5.115000E+02 46 0 0 3 18 56 0 1 0 0 0 289 7 3 1977 0 0 1013 0 0 2990 1016 0
 5.120000E+02 46 0 0 5 18 65 0 0 0 0 0 290 7 3 1978 0 0 1012 0 0 2990 1015 0
 5.125000E+02 46 0 0 5 18 69 0 3 0 0 0 284 7 3 1969 0 0 1021 0 0 2990 1024 0
 5.130000E+02 45 0 0 4 18 67 0 2 0 0 0 288 6 3 1960 0 0 1031 0 0 2991 1034 0
 5.135000E+02 45 0 0 4 18 56 0 3 0 0 0 285 7 2 1949 0 0 1042 0 0 2991 1044 0
 5.140000E+02 45 0 0 3 18 55 0 2 0 0 0 289 7 2 1976 0 0 1015 0 0 2991 1017 0
 5.145000E+02 45 0 0 2 18 65 0 1 0 0 0 288 7 2 1988 0 0 1003 0 0 2991 1005 0
 5.150000E+02 45 0 0 4 18 64 0 0 0 0 0 277 7 2 1975 0 0 1016 0 0 2991 1018 0
 5.155000E+02 44 0 0 5 18 71 0 2 0 0 0 278 7 2 1997 0 0 994 0 0 2991 996 0
 5.160000E+02 44 0 0 4 18 60 0 1 0 0 0 279 7 2 2003 0 0 988 0 0 2991 990 0
 5.165000E+02 44 0 0 2 18 70 0 1 0 0 0 282 7 2 2007 0 0 984 0 0 2991 986 0
 5.170000E+02 44 0 0 5 18 69 0 1 0 0 0 281 7 2 1983 0 0 1008 0 0 2991 1010 0
 5.175000E+02 44 0 0 2 17 65 0 2 0 0 0 276 7 2 1963 0 0 1028 0 0 2991 1030 0
 5.180000E+02 44 0 0 5 17 67 0 1 0 0 0 264 6 3 1952 0 0 1039 0 0 2991 1042 0
 5.185000E+02 44 0 0 4 18 62 0 0 0 0 0 261 5 4 1972 0 0 1019 0 0 2991 1023 0
 5.190000E+02 44 0 0 6 18 61 0 0 0 0 0 270 5 4 1976 0 0 1015 0 0 2991 1019 0
 5.195000E+02 44 0 0 5 18 68 0 1 0 0 0 255 4 4 1989 0 0 1003 0 0 2992 1007 0
 5.200000E+02 44 0 0 3 18 69 0 1 0 0 0 255 4 3 1971 0 0 1022 0 0 2993 1025 0
 5.205000E+02 44 0 0 6 18 72 0 0 0 0 0 264 4 3 1950 0 0 1043 0 0 2993 1046 0
 5.210000E+02 44 0 0 4 18 73 0 2 0 0 0 267 4 3 1932 0 0 1061 0 0 2993 1064 0
 5.215000E+02 44 0 0 3 18 66 0 0 0 0 0 258 5 2 1942 0 0 1051 0 0 2993 1053 0
 5.220000E+02 44 0 0 3 18 62 0 1 0 0 0 262 5 2 1942 0 0 1051 0 0 2993 1053 0
 5.225000E+02 44 0 0 5 18 68 0 0 0 0 0 263 5 2 1942 0 0 1051 0 0 2993 1053 0
 5.230000E+02 44 0 0 3 18 55 0 2 0 0 0 255 5 2 1924 0 0 1069 0 0 2993 1071 0
 5.235000E+02 44 0 0 4 18 58 0 1 0 0 0 248 5 2 1946 0 0 1047 0 0 2993 1049 0
 5.240000E+02 44 0 0 3 18 69 0 1 0 0 0 254 5 2 1963 0 0 1030 0 0 2993 1032 0
 5.245000E+02 43 0 0 2 18 66 0 4 0 0 0 255 5 2 1971 0 0 1022 0 0 2993 1024 0
 5.250000E+02 43 0 0 3 18 66 0 1 0 0 0 258 5 2 1998 0 0 995 0 0 2993 997 0
 5.255000E+02 43 0 0 3 18 65 0 1 0 0 0 250 5 2 2007 0 0 986 0 0 2993 988 0
 5.260000E+02 42 0 0 6 18 66 0 1 0 0 0 242 3 3 2009 0 0 985 0 0 2994 988 0
 5.265000E+02 42 0 0 8 18 58 0 1 0 0 0 237 3 3 2024 0 0 970 0 0 2994 973 0
 5.270000E+02 42 0 0 4 18 66 0 2 0 0 0 244 3 3 2013 0 0 981 0 0 2994 984 0
 5.275000E+02 42 0 0 4 18 73 0 1 0 0 0 237 3 3 2021 0 0 973 0 0 2994 976 0
 5.280000E+02 42 0 0 7 18 66 0 1 0 0 0 238 3 3 1997 0 0 997 0 0 2994 1000 0
 5.285000E+02 42 0 0 1 16 73 0 3 0 0 0 239 3 3 1996 0 0 998 0 0 2994 1001 0
 5.290000E+02 41 0 0 4 16 61 0 2 0 0 0 242 3 3 1988 0 0 1006 0 0 2994 1009 0
 5.295000E+02 41 0 0 4 16 77 0 3 0 0 0 235 3 3 2003 0 0 991 0 0 2994 994 0
 5.300000E+02 41 0 0 4 16 67 0 3 0 0 0 244 3 3 1996 0 0 998 0 0 2994 1001 0
 5.305000E+02 41 0 0 3 16 69 0 3 0 0 0 248 3 3 2004 0 0 990 0 0 2994 993 0
 5.310000E+02 41 0 0 3 16 65 0 3 0 0 0 245 3 3 2020 0 0 974 0 0 2994 977 0
 5.315000E+02 41 0 0 4 16 69 0 1 0 0 0 232 3 3 2032 0 0 962 0 0 2994 965 0
 5.320000E+02 41 0 0 5 16 67 0 2 0 0 0 230 3 3 2039 0 0 955 0 0 2994 958 0
 5.325000E+02 41 0 0 4 16 65 0 0 0 0 0 224 3 3 2034 0 0 960 0 0 2994 963 0
 5.330000E+02 41 0 0 3 16 53 0 1 0 0 0 222 3 3 2045 0 0 949 0 0 2994 952 0
 5.335000E+02 41 0 0 3 16 59 0 0 0 0 0 222 2 4 2042 0 0 952 0 0 2994 956 0
 5.340000E+02 41 0 0 3 16 57 0 3 0 0 0 229 2 4 2052 0 0 942 0 0 2994 946 0
 5.345000E+02 41 0 0 3 16 69 0 2 0 0 0 230 2 4 2035 0 0 959 0 0 2994 963 0
 5.350000E+02 39 0 0 6 16 68 0 0 0 0 0 238 1 4 2036 0 0 959 0 0 2995 963 0
 5.355000E+02 39 0 0 2 16 67 0 0 0 0 0 237 1 3 2036 0 0 960 0 0 2996 963 0
 5.360000E+02 39 0 0 4 16 73 0 3 0 0 0 244 1 3 2027 0 0 969 0 0 2996 972 0
 5.365000E+02 39 0 0 6 16 71 0 1 0 0 0 241 1 2 1995 0 0 1002 0 0 2997 1004 0
 5.370000E+02 39 0 0 4 16 65 0 0 0 0 0 247 1 2 1989 0 0 1008 0 0 2997 1010 0
 5.375000E+02 39 0 0 8 16 64 0 0 0 0 0 247 1 2 1987 0 0 1010 0 0 2997 1012 0
 5.380000E+02 39 0 0 6 16 63 0 0 0 0 0 250 2 1 2003 0 0 994 0 0 2997 995 0
 5.385000E+02 39 0 0 3 16 72 0 1 0 0 0 256 2 1 1989 0 0 1008 0 0 2997 1009 0
 5.390000E+02 39 0 0 3 16 70 0 1 0 0 0 247 2 1 1988 0 0 1009 0 0 2997 1010 0
 5.395000E+02 39 0 0 6 16 61 0 0 0 0 0 239 2 1 1982 0 0 1015 0 0 2997 1016 0
 5.400000E+02 39 0 0 4 16 70 0 1 0 0 0 233 2 1 1961 0 0 1036 0 0 2997 1037 0
 5.405000E+02 39 0 0 3 16 66 0 0 0 0 0 237 2 1 1959 0 0 1038 0 0 2997 1039 0
 5.410000E+02 39 0 0 3 15 71 0 1 0 0 0 234 2 1 1989 0 0 1008 0 0 2997 1009 0
 5.415000E+02 39 0 0 3 16 64 0 1 0 0 0 236 2 1 1976 0 0 1021 0 0 2997 1022 0
 5.420000E+02 39 0 0 3 16 79 0 1 0 0 0 242 1 2 1992 0 0 1005 0 0 2997 1007 0
 5.425000E+02 39 0 0 4 16 74 0 0 0 0 0 250 1 2 1972 0 0 1025 0 0 2997 1027 0
 5.430000E+02 39 0 0 3 16 55 0 1 0 0 0 246 2 1 1961 0 0 1036 0 0 2997 1037 0
 5.435000E+02 39 0 0 2 16 72 0 0 0 0 0 250 2 1 1971 0 0 1026 0 0 2997 1027 0
 5.440000E+02 39 0 0 6 16 59 0 1 0 0 0 256 2 1 1960 0 0 1037 0 0 2997 1038 0
 5.445000E+02 38 0 0 5 16 64 0 0 0 0 0 260 1 2 1950 0 0 1047 0 0 2997 1049 0
 5.450000E+02 38 0 0 3 16 67 0 1 0 0 0 259 1 2 1946 0 0 1051 0 0 2997 1053 0
 5.455000E+02 38 0 0 2 15 66 0 0 0 0 0 261 1 2 1948 0 0 1049 0 0 2997 1051 0
 5.460000E+02 38 0 0 4 16 73 0 1 0 0 0 264 1 1 1940 0 0 1058 0 0 2998 1059 0
 5.465000E+02 38 0 0 1 16 67 0 0 0 0 0 259 1 1 1936 0 0 1062 0 0 2998 1063 0
 5.470000E+02 38 0 0 4 16 63 0 1 0 0 0 252 1 1 1934 0 0 1064 0 0 2998 1065 0
 5.475000E+02 37 0 0 2 15 54 0 2 0 0 0 252 1 1 1947 0 0 1051 0 0 2998 1052 0
 5.480000E+02 37 0 0 2 16 65 0 1 0 0 0 252 1 1 1934 0 0 1064 0 0 2998 1065 0
 5.485000E+02 36 0 0 4 16 61 0 0 0 0 0 247 1 1 1944 0 0 1054 0 0 2998 1055 0
 5.490000E+02 36 0 0 5 16 66 0 1 0 0 0 245 2 0 1921 0 0 1077 0 0 2998 1077 0
 5.495000E+02 36 0 0 2 15 61 0 1 0 0 0 246 2 0 1923 0 0 1075 0 0 2998 1075 0
 5.500000E+02 36 0 0 5 16 66 0 2 0 0 0 241 2 0 1921 0 0 1077 0 0 2998 1077 0
 5.505000E+02 36 0 0 3 16 62 0 0 0 0 0 238 2 0 1928 0 0 1070 0 0 2998 1070 0
 5.510000E+02 36 0 0 3 16 60 0 0 0 0 0 240 2 0 1924 0 0 1074 0 0 2998 1074 0
 5.515000E+02 36 0 0 4 16 55 0 0 0 0 0 246 2 0 1919 0 0 1079 0 0 2998 1079 0
 5.520000E+02 36 0 0 4 16 72 0 3 0 0 0 243 2 0 1927 0 0 1071 0 0 2998 1071 0
 5.525000E+02 36 0 0 2 16 64 0 1 0 0 0 248 2 0 1916 0 0 1082 0 0 2998 1082 0
 5.530000E+02 36 0 0 4 16 70 0 1 0 0 0 251 2 0 1934 0 0 1064 0 0 2998 1064 0
 5.535000E+02 36 0 0 5 16 58 0 1 0 0 0 248 1 0 1933 0 0 1066 0 0 2999 1066 0
 5.540000E+02 36 0 0 6 16 60 0 1 0 0 0 237 1 0 1948 0 0 1051 0 0 2999 1051 0
 5.545000E+02 36 0 0 3 16 48 0 1 0 0 0 235 1 0 1963 0 0 1036 0 0 2999 1036 0
 5.550000E+02 36 0 0 3 16 62 0 1 0 0 0 239 1 0 1964 0 0 1035 0 0 2999 1035 0
 5.555000E+02 35 0 0 2 16 63 0 0 0 0 0 242 1 0 1951 0 0 1048 0 0 2999 1048 0
 5.560000E+02 35 0 0 2 16 61 0 1 0 0 0 247 1 0 1943 0 0 1056 0 0 2999 1056 0
 5.565000E+02 35 0 0 3 16 78 0 1 0 0 0 249 1 0 1946 0 0 1053 0 0 2999 1053 0
 5.570000E+02 35 0 0 6 16 57 0 2 0 0 0 257 1 0 1934 0 0 1065 0 0 2999 1065 0
 5.575000E+02 35 0 0 5 16 60 0 2 0 0 0 254 1 0 1949 0 0 1050 0 0 2999 1050 0
 5.580000E+02 35 0 0 3 16 60 0 3 0 0 0 256 1 0 1945 0 0 1054 0 0 2999 1054 0
 5.585000E+02 35 0 0 3 16 60 0 2 0 0 0 253 1 0 1933 0 0 1066 0 0 2999 1066 0
 5.590000E+02 35 0 0 5 16 61 0 4 0 0 0 255 1 0 1928 0 0 1071 0 0 2999 1071 0
 5.595000E+02 35 0 0 3 16 55 0 3 0 0 0 256 1 0 1922 0 0 1077 0 0 2999 1077 0
 5.600000E+02 35 0 0 2 16 68 0 0 0 0 0 251 1 0 1955 0 0 1044 0 0 2999 1044 0
 5.605000E+02 35 0 0 4 16 63 0 1 0 0 0 246 1 0 1964 0 0 1035 0 0 2999 1035 0
 5.610000E+02 35 0 0 2 16 64 0 2 0 0 0 239 1 0 1966 0 0 1033 0 0 2999 1033 0
 5.615000E+02 35 0 0 5 16 69 0 0 0 0 0 242 1 0 1981 0 0 1018 0 0 2999 1018 0
 5.620000E+02 35 0 0 5 16 62 0 2 0 0 0 242 1 0 1985 0 0 1014 0 0 2999 1014 0
 5.625000E+02 35 0 0 4 16 78 0 1 0 0 0 241 1 0 1971 0 0 1028 0 0 2999 1028 0
 5.630000E+02 35 0 0 2 16 63 0 1 0 0 0 247 1 0 1949 0 0 1050 0 0 2999 1050 0
 5.635000E+02 35 0 0 2 16 67 0 0 0 0 0 241 1 0 1969 0 0 1030 0 0 2999 1030 0
 5.640000E+02 35 0 0 1 16 73 0 1 0 0 0 231 1 0 1968 0 0 1031 0 0 2999 1031 0
 5.645000E+02 35 0 0 4 16 61 0 2 0 0 0 226 1 0 1945 0 0 1054 0 0 2999 1054 0
 5.650000E+02 35 0 0 4 15 65 0 1 0 0 0 230 1 0 1933 0 0 1066 0 0 2999 1066 0
 5.655000E+02 35 0 0 3 16 62 0 1 0 0 0 236 1 0 1934 0 0 1065 0 0 2999 1065 0
 5.660000E+02 35 0 0 5 16 70 0 1 0 0 0 238 1 0 1953 0 0 1046 0 0 2999 1046 0
 5.665000E+02 35 0 0 4 16 69 0 0 0 0 0 246 1 0 1942 0 0 1057 0 0 2999 1057 0
 5.670000E+02 35 0 0 4 16 60 0 0 0 0 0 249 1 0 1933 0 0 1066 0 0 2999 1066 0
 5.675000E+02 35 0 0 3 16 67 0 1 0 0 0 240 1 0 1946 0 0 1053 0 0 2999 1053 0
 5.680000E+02 35 0 0 3 16 57 0 1 0 0 0 232 1 0 1954 0 0 1045 0 0 2999 1045 0
 5.685000E+02 35 0 0 4 16 63 0 0 0 0 0 239 1 0 1962 0 0 1037 0 0 2999 1037 0
 5.690000E+02 35 0 0 3 16 71 0 1 0 0 0 231 1 0 1959 0 0 1040 0 0 2999 1040 0
 5.695000E+02 35 0 0 3 15 63 0 1 0 0 0 229 1 0 1966 0 0 1033 0 0 2999 1033 0
 5.700000E+02 35 0 0 5 16 57 0 0 0 0 0 229 1 0 1956 0 0 1043 0 0 2999 1043 0
 5.705000E+02 35 0 0 2 16 66 0 0 0 0 0 231 1 0 1946 0 0 1053 0 0 2999 1053 0
 5.710000E+02 35 0 0 5 16 70 0 0 0 0 0 234 1 0 1941 0 0 1058 0 0 2999 1058 0
 5.715000E+02 35 0 0 5 16 55 0 1 0 0 0 232 1 0 1939 0 0 1060 0 0 2999 1060 0
 5.720000E+02 35 0 0 3 16 78 0 0 0 0 0 232 1 0 1931 0 0 1068 0 0 2999 1068 0
 5.725000E+02 35 0 0 5 16 65 0 0 0 0 0 232 1 0 1934 0 0 1065 0 0 2999 1065 0
 5.730000E+02 35 0 0 4 15 57 0 0 0 0 0 233 1 0 1934 0 0 1065 0 0 2999 1065 0
 5.735000E+02 35 0 0 4 16 62 0 1 0 0 0 228 1 0 1929 0 0 1070 0 0 2999 1070 0
 5.740000E+02 35 0 0 6 16 64 0 2 0 0 0 222 1 0 1920 0 0 1079 0 0 2999 1079 0
 5.745000E+02 35 0 0 5 16 58 0 3 0 0 0 222 1 0 1931 0 0 1068 0 0 2999 1068 0
 5.750000E+02 35 0 0 1 16 66 0 1 0 0 0 219 1 0 1935 0 0 1064 0 0 2999 1064 0
 5.755000E+02 35 0 0 3 16 60 0 0 0 0 0 217 0 0 1932 0 0 1068 0 0 3000 1068 0
 5.760000E+02 35 0 0 2 16 63 0 0 0 0 0 214 0 0 1923 0 0 1077 0 0 3000 1077 0
 5.765000E+02 35 0 0 3 16 66 0 3 0 0 0 215 0 0 1907 0 0 1093 0 0 3000 1093 0
 5.770000E+02 35 0 0 3 16 62 0 1 0 0 0 220 0 0 1900 0 0 1100 0 0 3000 1100 0
 5.775000E+02 35 0 0 3 15 61 0 2 0 0 0 219 0 0 1913 0 0 1087 0 0 3000 1087 0
 5.780000E+02 35 0 0 6 16 60 0 0 0 0 0 219 0 0 1907 0 0 1093 0 0 3000 1093 0
 5.785000E+02 35 0 0 5 16 72 0 1 0 0 0 221 0 0 1926 0 0 1074 0 0 3000 1074 0
 5.790000E+02 35 0 0 6 16 61 0 2 0 0 0 229 0 0 1939 0 0 1061 0 0 3000 1061 0
 5.795000E+02 35 0 0 4 16 61 0 1 0 0 0 236 0 0 1948 0 0 1052 0 0 3000 1052 0
 5.800000E+02 35 0 0 4 16 66 0 0 0 0 0 239 0 0 1955 0 0 1045 0 0 3000 1045 0
 5.805000E+02 35 0 0 4 16 72 0 0 0 0 0 246 0 0 1970 0 0 1030 0 0 3000 1030 0
 5.810000E+02 35 0 0 4 16 68 0 0 0 0 0 242 0 0 1977 0 0 1023 0 0 3000 1023 0
 5.815000E+02 35 0 0 2 16 57 0 3 0 0 0 238 0 0 1987 0 0 1013 0 0 3000 1013 0
 5.820000E+02 35 0 0 4 16 66 0 2 0 0 0 235 0 0 1983 0 0 1017 0 0 3000 1017 0
 5.825000E+02 35 0 0 2 16 68 0 0 0 0 0 226 0 0 1992 0 0 1008 0 0 3000 1008 0
 5.830000E+02 35 0 0 5 16 58 0 2 0 0 0 227 0 0 1992 0 0 1008 0 0 3000 1008 0
 5.835000E+02 35 0 0 3 16 64 0 1 0 0 0 221 0 0 1978 0 0 1022 0 0 3000 1022 0
 5.840000E+02 35 0 0 2 16 68 0 2 0 0 0 229 0 0 1998 0 0 1002 0 0 3000 1002 0
 5.845000E+02 35 0 0 4 15 67 0 1 0 0 0 224 0 0 2002 0 0 998 0 0 3000 998 0
 5.850000E+02 35 0 0 3 16 62 0 2 0 0 0 231 0 0 1998 0 0 1002 0 0 3000 1002 0
 5.855000E+02 35 0 0 0 16 62 0 3 0 0 0 224 0 0 1987 0 0 1013 0 0 3000 1013 0
 5.860000E+02 35 0 0 2 16 61 0 1 0 0 0 230 0 0 1989 0 0 1011 0 0 3000 1011 0
 5.865000E+02 35 0 0 6 16 71 0 1 0 0 0 237 0 0 1992 0 0 1008 0 0 3000 1008 0
 5.870000E+02 35 0 0 3 16 60 0 2 0 0 0 230 0 0 1998 0 0 1002 0 0 3000 1002 0
 5.875000E+02 35 0 0 3 16 63 0 2 0 0 0 228 0 0 2013 0 0 987 0 0 3000 987 0
 5.880000E+02 35 0 0 3 16 70 0 1 0 0 0 228 0 0 1988 0 0 1012 0 0 3000 1012 0
 5.885000E+02 35 0 0 2 16 58 0 0 0 0 0 226 0 0 1985 0 0 1015 0 0 3000 1015 0
 5.890000E+02 35 0 0 3 15 53 0 4 0 0 0 221 0 0 1959 0 0 1041 0 0 3000 1041 0
 5.895000E+02 35 0 0 5 16 59 0 1 0 0 0 229 0 0 1974 0 0 1026 0 0 3000 1026 0
 5.900000E+02 35 0 0 6 16 64 0 0 0 0 0 223 0 0 1984 0 0 1016 0 0 3000 1016 0
 5.905000E+02 35 0 0 4 16 64 0 0 0 0 0 230 0 0 1979 0 0 1021 0 0 3000 1021 0
 5.910000E+02 35 0 0 7 16 71 0 0 0 0 0 229 0 0 1966 0 0 1034 0 0 3000 1034 0
 5.915000E+02 35 0 0 4 16 53 0 2 0 0 0 230 0 0 1986 0 0 1014 0 0 3000 1014 0
 5.920000E+02 35 0 0 4 16 65 0 2 0 0 0 224 0 0 1987 0 0 1013 0 0 3000 1013 0
 5.925000E+02 35 0 0 6 16 50 0 1 0 0 0 216 0 0 1983 0 0 1017 0 0 3000 1017 0
 5.930000E+02 35 0 0 5 16 72 0 0 0 0 0 219 0 0 1954 0 0 1046 0 0 3000 1046 0
 5.935000E+02 35 0 0 3 16 66 0 0 0 0 0 220 0 0 1943 0 0 1057 0 0 3000 1057 0
 5.940000E+02 35 0 0 3 16 57 0 0 0 0 0 224 0 0 1928 0 0 1072 0 0 3000 1072 0
 5.945000E+02 35 0 0 6 16 69 0 0 0 0 0 221 0 0 1907 0 0 1093 0 0 3000 1093 0
 5.950000E+02 35 0 0 5 16 66 0 2 0 0 0 221 0 0 1910 0 0 1090 0 0 3000 1090 0
 5.955000E+02 35 0 0 3 16 71 0 3 0 0 0 222 0 0 1929 0 0 1071 0 0 3000 1071 0
 5.960000E+02 35 0 0 5 16 67 0 4 0 0 0 224 0 0 1948 0 0 1052 0 0 3000 1052 0
 5.965000E+02 35 0 0 3 16 67 0 2 0 0 0 226 0 0 1942 0 0 1058 0 0 3000 1058 0
 5.970000E+02 35 0 0 3 16 70 0 2 0 0 0 221 0 0 1943 0 0 1057 0 0 3000 1057 0
 5.975000E+02 35 0 0 6 15 68 0 3 0 0 0 227 0 0 1958 0 0 1042 0 0 3000 1042 0
 5.980000E+02 35 0 0 1 16 69 0 3 0 0 0 229 0 0 1967 0 0 1033 0 0 3000 1033 0
 5.985000E+02 35 0 0 6 15 69 0 1 0 0 0 232 0 0 1985 0 0 1015 0 0 3000 1015 0
 5.990000E+02 35 0 0 5 16 59 0 3 0 0 0 236 0 0 1976 0 0 1024 0 0 3000 1024 0
 5.995000E+02 35 0 0 3 15 67 0 2 0 0 0 237 0 0 1988 0 0 1012 0 0 3000 1012 0
 6.000000E+02 35 0 0 2 16 61 0 0 0 0 0 238 0 0 1975 0 0 1025 0 0 3000 1025 0
