# time 'Ca' 'D34:75:137_PP2ACa' 'D34:75:137_PP2APCa' 'D34:75_PP2ACa' 'D34:75_PP2APCa' 'D75:137_PP2ACa' 'D75:137_PP2APCa' 'D75_PP2ACa' 'D75_PP2APCa' 'PP2ACa' 'PP2ACa_PKA' 'PP2APCa' 'PP2BinactiveCa2_1' 'PP2BinactiveCa2_2' 'PP2BinactiveCa2_3' 'PP2BinactiveCa2_4' 'PP2BinactiveCa2_5' 'PP2BinactiveCa2_6'
 0.000000E+00 0 0 0 0 0 0 0 0 0 0 0 0 0 0 0 0 0 0
 5.000000E-01 3 0 0 0 0 0 0 0 0 0 0 0 0 0 2 0 1 0
 1.000000E+00 3 0 0 0 0 0 0 0 0 0 0 0 2 1 2 2 0 0
 1.500000E+00 2 0 0 0 0 0 0 0 0 0 0 0 2 1 3 2 0 1
 2.000000E+00 3 0 0 0 0 0 0 0 0 0 0 0 2 0 6 1 3 1
 2.500000E+00 1 0 0 0 0 0 0 0 0 0 0 0 2 0 5 3 3 2
 3.000000E+00 4 0 0 0 0 0 0 0 0 0 0 0 1 1 3 4 3 5
 3.500000E+00 3 0 0 0 0 0 0 0 0 0 0 0 1 1 5 5 2 6
 4.000000E+00 1 0 0 0 0 0 0 0 0 0 0 0 3 1 5 6 6 3
 4.500000E+00 4 0 0 0 0 0 0 0 0 0 0 0 4 1 4 6 8 1
 5.000000E+00 3 0 0 0 0 0 0 0 0 1 0 0 6 2 2 7 8 2
 5.500000E+00 1 0 0 0 0 0 0 0 0 0 0 0 4 3 3 5 9 5
 6.000000E+00 5 0 0 0 0 0 0 0 0 0 0 0 5 5 5 4 5 4
 6.500000E+00 0 0 0 0 0 0 0 0 0 0 0 0 7 7 5 2 5 8
 7.000000E+00 6 0 0 0 0 0 0 0 0 0 0 0 5 5 6 2 2 10
 7.500000E+00 3 0 0 0 0 0 0 0 0 0 0 0 7 5 6 4 6 11
 8.000000E+00 5 0 0 0 0 0 0 0 0 0 0 0 7 7 6 3 6 12
 8.500000E+00 4 0 0 0 0 0 0 0 0 0 0 0 9 9 6 4 8 6
 9.000000E+00 3 0 0 0 0 0 0 0 0 0 0 0 8 5 7 5 11 7
 9.500000E+00 2 0 0 0 0 0 0 0 0 0 0 0 7 8 6 4 13 5
 1.000000E+01 11 0 0 0 0 0 0 0 0 0 0 0 5 8 4 3 14 7
 1.050000E+01 5 0 0 0 0 0 0 0 0 0 0 0 6 6 4 7 14 10
 1.100000E+01 12 0 0 0 0 0 0 0 0 0 0 0 7 6 7 5 14 9
 1.150000E+01 4 0 0 0 0 0 0 0 0 0 0 0 7 7 10 4 15 10
 1.200000E+01 2 0 0 0 0 0 0 0 0 0 0 0 8 10 12 2 13 9
 1.250000E+01 3 0 0 0 0 0 0 0 0 0 0 0 9 10 8 4 11 13
 1.300000E+01 5 0 0 0 0 0 0 0 0 0 0 0 11 9 8 3 14 9
 1.350000E+01 2 0 0 0 0 0 0 0 0 0 0 0 10 14 6 7 10 9
 1.400000E+01 4 0 0 0 0 0 0 0 0 0 0 0 8 13 9 6 9 12
 1.450000E+01 12 0 0 0 0 0 0 0 0 1 0 0 8 10 9 11 5 13
 1.500000E+01 6 0 0 0 0 0 0 0 0 0 0 0 6 8 12 7 11 13
 1.550000E+01 3 0 0 0 0 0 0 0 0 0 0 0 11 10 9 8 14 11
 1.600000E+01 6 0 0 0 0 0 0 0 0 0 0 0 13 5 9 7 15 5
 1.650000E+01 3 0 0 0 0 0 0 0 0 0 0 0 13 16 11 7 10 6
 1.700000E+01 7 0 0 0 0 0 0 0 0 0 0 0 11 16 13 9 9 4
 1.750000E+01 6 0 0 0 0 0 0 0 0 0 0 0 12 9 14 11 10 7
 1.800000E+01 7 0 0 0 0 0 0 0 0 0 0 0 13 8 16 12 8 8
 1.850000E+01 5 0 0 0 0 0 0 0 0 0 0 0 12 10 20 10 8 9
 1.900000E+01 4 0 0 0 0 0 0 0 0 0 0 0 11 10 14 14 9 10
 1.950000E+01 5 0 0 0 0 0 0 0 0 0 0 0 9 11 6 15 10 11
 2.000000E+01 4 0 0 0 0 0 0 0 0 0 0 0 10 14 10 10 18 13
 2.050000E+01 6 0 0 0 0 0 0 0 0 0 0 0 8 10 8 7 17 8
 2.100000E+01 5 0 0 0 0 0 0 0 0 0 0 0 7 13 10 12 18 6
 2.150000E+01 7 0 0 0 0 0 0 0 0 0 0 0 6 16 9 14 21 11
 2.200000E+01 11 0 0 0 0 0 0 0 0 0 0 0 6 15 8 11 15 14
 2.250000E+01 9 0 0 0 0 0 0 0 0 0 0 0 5 15 7 12 15 13
 2.300000E+01 4 0 0 0 0 0 0 0 0 0 0 0 6 14 9 10 15 16
 2.350000E+01 9 0 0 0 0 0 0 0 0 0 0 0 7 13 11 12 14 14
 2.400000E+01 6 0 0 0 0 0 0 0 0 0 0 0 10 15 13 17 15 12
 2.450000E+01 5 0 0 0 0 0 0 0 0 0 0 0 12 15 13 18 13 7
 2.500000E+01 6 0 0 0 0 0 0 0 0 1 0 0 15 11 11 21 13 6
 2.550000E+01 8 0 0 0 0 0 0 0 0 1 0 0 10 10 11 16 17 13
 2.600000E+01 5 0 0 0 0 0 0 0 0 1 0 0 13 11 15 13 12 13
 2.650000E+01 6 0 0 0 0 0 0 0 0 1 0 0 14 13 16 19 13 6
 2.700000E+01 8 0 0 0 0 0 0 0 0 1 0 0 17 18 11 20 10 9
 2.750000E+01 5 0 0 0 0 0 0 1 0 0 0 0 22 15 14 12 8 12
 2.800000E+01 7 0 0 0 0 0 0 2 0 1 0 0 19 13 15 14 15 8
 2.850000E+01 8 0 0 0 0 0 0 0 0 2 0 0 14 14 17 13 13 6
 2.900000E+01 4 0 0 0 0 0 0 0 0 0 0 0 11 18 16 19 9 12
 2.950000E+01 5 0 0 0 0 0 0 0 0 0 0 0 12 15 12 18 7 12
 3.000000E+01 10 0 0 0 0 0 0 0 0 0 0 0 15 17 16 14 8 9
 3.050000E+01 7 0 0 0 0 0 0 0 0 0 0 0 12 11 19 14 15 9
 3.100000E+01 5 0 0 0 0 0 0 0 0 0 0 0 20 17 14 13 13 11
 3.150000E+01 7 0 0 0 0 0 0 0 0 0 0 0 20 17 11 13 8 17
 3.200000E+01 9 0 0 0 0 0 0 0 0 0 0 0 15 18 9 12 12 14
 3.250000E+01 7 0 0 0 0 0 0 0 0 0 0 0 11 16 14 11 13 11
 3.300000E+01 3 0 0 0 0 0 0 0 0 0 0 0 9 13 14 15 12 16
 3.350000E+01 4 0 0 0 0 0 0 0 0 0 0 0 12 16 16 18 12 15
 3.400000E+01 5 0 0 0 0 0 0 0 0 0 0 0 14 18 14 16 16 15
 3.450000E+01 12 0 0 0 0 0 0 0 0 0 0 0 16 12 13 15 13 17
 3.500000E+01 4 0 0 0 0 0 0 0 0 0 0 0 12 14 13 13 15 18
 3.550000E+01 3 0 0 0 0 0 0 0 0 0 0 0 12 13 9 16 16 13
 3.600000E+01 8 0 0 0 0 0 0 0 0 0 0 0 18 18 10 16 14 8
 3.650000E+01 6 0 0 0 0 0 0 0 0 0 0 0 16 20 10 17 14 15
 3.700000E+01 4 0 0 0 0 0 0 0 0 0 0 0 15 15 11 17 14 15
 3.750000E+01 7 0 0 0 0 0 0 0 0 0 0 0 18 18 15 15 12 11
 3.800000E+01 7 0 0 0 0 0 0 0 0 0 0 0 24 23 7 9 12 17
 3.850000E+01 3 0 0 0 0 0 0 0 0 0 0 0 19 13 17 9 13 10
 3.900000E+01 7 0 0 0 0 0 0 0 0 0 0 0 14 12 16 18 10 15
 3.950000E+01 8 0 0 0 0 0 0 0 0 0 0 0 15 16 17 19 12 16
 4.000000E+01 5 0 0 0 0 0 0 0 0 0 0 0 22 10 20 16 5 17
 4.050000E+01 6 0 0 0 0 0 0 0 0 0 0 0 16 14 20 11 12 11
 4.100000E+01 2 0 0 0 0 0 0 0 0 0 0 0 15 19 18 16 16 13
 4.150000E+01 5 0 0 0 0 0 0 0 0 0 0 0 13 17 16 10 18 10
 4.200000E+01 12 0 0 0 0 0 0 0 0 0 0 0 16 26 9 11 11 11
 4.250000E+01 11 0 0 0 0 0 0 0 0 0 0 0 16 21 18 12 9 11
 4.300000E+01 7 0 0 0 0 0 0 0 0 0 0 0 10 22 19 12 11 11
 4.350000E+01 11 0 0 0 0 0 0 0 0 0 0 0 13 17 15 13 14 17
 4.400000E+01 8 0 0 0 0 0 0 0 0 0 0 0 22 17 15 9 15 16
 4.450000E+01 9 0 0 0 0 0 0 0 0 0 0 0 13 15 13 10 15 18
 4.500000E+01 10 0 0 0 0 0 0 0 0 0 0 0 14 19 11 22 16 15
 4.550000E+01 4 0 0 0 0 0 0 0 0 0 0 0 16 17 9 17 17 20
 4.600000E+01 9 0 0 0 0 0 0 0 0 0 0 0 18 12 17 15 15 13
 4.650000E+01 11 0 0 0 0 0 0 0 0 0 0 0 12 12 21 12 11 18
 4.700000E+01 7 0 0 0 0 0 0 0 0 0 0 0 11 14 20 22 14 20
 4.750000E+01 11 0 0 0 0 0 0 0 0 0 0 0 14 14 16 22 14 17
 4.800000E+01 6 0 0 0 0 0 0 0 0 0 0 0 17 15 16 23 16 15
 4.850000E+01 8 0 0 0 0 0 0 0 0 0 0 0 16 13 16 17 13 16
 4.900000E+01 6 0 0 0 0 0 0 0 0 0 0 0 16 15 23 18 13 15
 4.950000E+01 8 0 0 0 0 0 0 0 0 0 0 0 15 13 22 16 12 12
 5.000000E+01 7 0 0 0 0 0 0 0 0 0 0 0 16 15 20 20 13 14
 5.050000E+01 6 0 0 0 0 0 0 0 0 0 0 0 14 13 19 18 15 17
 5.100000E+01 8 0 0 0 0 0 0 0 0 0 0 0 12 16 18 18 13 19
 5.150000E+01 6 0 0 0 0 0 0 0 0 0 0 0 16 13 14 15 14 22
 5.200000E+01 3 0 0 0 0 0 0 0 0 0 0 0 18 10 12 10 14 23
 5.250000E+01 5 0 0 0 0 0 0 0 0 1 0 0 18 15 15 14 13 28
 5.300000E+01 7 0 0 0 0 0 0 0 0 1 0 0 17 13 10 14 13 23
 5.350000E+01 10 0 0 0 0 0 0 0 0 0 0 0 17 13 7 22 20 15
 5.400000E+01 8 0 0 0 0 0 0 0 0 0 0 0 14 13 10 23 18 18
 5.450000E+01 12 0 0 0 0 0 0 0 0 0 0 0 16 18 11 17 11 17
 5.500000E+01 8 0 0 0 0 0 0 0 0 0 0 0 20 17 16 16 11 14
 5.550000E+01 7 0 0 0 0 0 0 0 0 0 0 0 21 21 20 10 13 14
 5.600000E+01 11 0 0 0 0 0 0 0 0 0 0 0 11 18 22 9 13 19
 5.650000E+01 5 0 0 0 0 0 0 0 0 0 0 0 14 13 26 13 18 19
 5.700000E+01 2 0 0 0 0 0 0 0 0 0 0 0 14 15 16 14 16 26
 5.750000E+01 12 0 0 0 0 0 0 0 0 0 0 0 17 14 13 18 12 20
 5.800000E+01 7 0 0 0 0 0 0 0 0 0 0 0 9 20 18 14 14 15
 5.850000E+01 8 0 0 0 0 0 0 0 0 0 0 0 15 19 21 16 19 16
 5.900000E+01 10 0 0 0 0 0 0 0 0 0 0 0 18 13 20 13 17 21
 5.950000E+01 4 0 0 0 0 0 0 0 0 1 0 0 15 18 17 15 17 19
 6.000000E+01 5 0 0 0 0 0 0 0 0 1 0 0 10 23 20 19 19 11
 6.050000E+01 5 0 0 0 0 0 0 1 0 0 0 0 15 21 15 16 23 14
 6.100000E+01 9 0 0 0 0 0 0 1 0 0 0 0 16 10 19 15 20 16
 6.150000E+01 10 0 0 0 0 0 0 0 0 1 0 0 21 12 17 21 17 17
 6.200000E+01 12 0 0 0 0 0 0 0 0 0 0 0 15 12 18 18 17 13
 6.250000E+01 11 0 0 0 0 0 0 0 0 0 0 0 14 18 17 16 18 13
 6.300000E+01 5 0 0 0 0 0 0 0 0 0 0 0 19 13 17 16 13 21
 6.350000E+01 6 0 0 0 0 0 0 0 0 0 0 0 25 16 19 14 9 20
 6.400000E+01 6 0 0 0 0 0 0 0 0 1 0 0 18 13 21 17 16 19
 6.450000E+01 16 0 0 0 0 0 0 0 0 0 0 0 20 11 12 12 26 21
 6.500000E+01 4 0 0 0 0 0 0 0 0 0 0 0 23 16 14 11 20 15
 6.550000E+01 9 0 0 0 0 0 0 1 0 0 0 0 24 21 15 14 20 14
 6.600000E+01 13 0 0 0 0 0 0 1 0 0 0 0 21 20 13 10 18 16
 6.650000E+01 12 0 0 0 0 0 0 0 0 0 0 0 22 13 16 16 16 19
 6.700000E+01 8 0 0 0 0 0 0 0 0 0 0 0 22 14 13 14 16 14
 6.750000E+01 7 0 0 0 0 0 0 0 0 0 0 0 20 16 17 11 20 23
 6.800000E+01 5 0 0 0 0 0 0 0 0 0 0 0 21 21 12 8 19 21
 6.850000E+01 11 0 0 0 0 0 0 0 0 0 0 0 24 20 18 10 14 23
 6.900000E+01 13 0 0 0 0 0 0 0 0 0 0 0 18 24 20 12 11 18
 6.950000E+01 8 0 0 0 0 0 0 0 0 0 0 0 22 22 18 15 18 12
 7.000000E+01 3 0 0 0 0 0 0 0 0 0 0 0 13 13 17 6 16 21
 7.050000E+01 7 0 0 0 0 0 0 0 0 0 0 0 19 16 17 16 17 21
 7.100000E+01 8 0 0 0 0 0 0 0 0 0 0 0 25 18 17 17 15 21
 7.150000E+01 9 0 0 0 0 0 0 0 0 0 0 0 19 16 15 17 12 20
 7.200000E+01 7 0 0 0 0 0 0 1 0 0 0 0 22 15 19 17 17 11
 7.250000E+01 10 0 0 0 0 0 0 0 0 0 0 0 21 14 17 11 19 18
 7.300000E+01 7 0 0 0 0 0 0 0 0 0 0 0 15 12 18 19 18 14
 7.350000E+01 10 0 0 0 0 0 0 0 0 0 0 0 15 17 15 22 14 22
 7.400000E+01 8 0 0 0 0 0 0 0 0 0 0 0 19 17 17 25 14 22
 7.450000E+01 7 0 0 0 0 0 0 0 0 0 0 0 16 20 13 25 17 21
 7.500000E+01 10 0 0 0 0 0 0 0 0 0 0 0 19 19 14 22 14 24
 7.550000E+01 10 0 0 0 0 0 0 1 0 0 0 0 16 17 19 24 9 18
 7.600000E+01 10 0 0 0 0 0 0 0 0 0 0 0 16 15 21 16 12 23
 7.650000E+01 14 0 0 0 0 0 0 0 0 0 0 0 14 12 23 15 17 20
 7.700000E+01 7 0 0 0 0 0 0 0 0 0 0 0 12 13 18 17 11 18
 7.750000E+01 8 0 0 0 0 0 0 0 0 0 0 0 16 11 16 16 16 16
 7.800000E+01 7 0 0 0 0 0 0 0 0 0 0 0 18 16 16 17 12 14
 7.850000E+01 11 0 0 0 0 0 0 0 0 0 0 0 22 14 17 12 11 18
 7.900000E+01 6 0 0 0 0 0 0 0 0 0 0 0 16 19 20 14 18 16
 7.950000E+01 7 0 0 0 0 0 0 0 0 0 0 0 18 21 20 15 11 16
 8.000000E+01 6 0 0 0 0 0 0 0 0 0 0 0 21 16 12 18 16 19
 8.050000E+01 6 0 0 0 0 0 0 0 0 0 0 0 14 12 16 23 20 17
 8.100000E+01 10 0 0 0 0 0 0 0 0 0 0 0 16 13 16 15 22 13
 8.150000E+01 7 0 0 0 0 0 0 0 0 0 0 0 17 13 11 20 18 19
 8.200000E+01 12 0 0 0 0 0 0 0 0 0 0 0 10 14 11 17 16 23
 8.250000E+01 11 0 0 0 0 0 0 0 0 0 0 0 14 16 14 18 18 26
 8.300000E+01 7 0 0 0 0 0 0 0 0 0 0 0 13 13 17 17 17 24
 8.350000E+01 6 0 0 0 0 0 0 0 0 0 0 0 14 13 21 21 20 18
 8.400000E+01 7 0 0 0 0 0 0 0 0 0 0 0 15 21 25 21 14 16
 8.450000E+01 2 0 0 0 0 0 0 0 0 1 0 0 18 23 21 24 10 14
 8.500000E+01 8 0 0 0 0 0 0 0 0 0 0 0 10 24 22 14 16 11
 8.550000E+01 15 0 0 0 0 0 0 0 0 0 0 0 15 21 15 13 19 10
 8.600000E+01 5 0 0 0 0 0 0 0 0 0 0 0 21 23 20 15 21 13
 8.650000E+01 9 0 0 0 0 0 0 0 0 0 0 0 12 16 23 19 24 16
 8.700000E+01 9 0 0 0 0 0 0 0 0 0 0 0 11 12 28 15 22 18
 8.750000E+01 12 0 0 0 0 0 0 0 0 0 0 0 14 19 28 16 19 15
 8.800000E+01 11 0 0 0 0 0 0 0 0 0 0 0 24 23 23 15 16 17
 8.850000E+01 9 0 0 0 0 0 0 0 0 0 0 0 18 13 23 17 20 18
 8.900000E+01 9 0 0 0 0 0 0 1 0 0 0 0 13 15 15 27 22 23
 8.950000E+01 9 0 0 0 0 0 0 1 0 0 0 0 12 14 15 22 21 25
 9.000000E+01 9 0 0 0 0 0 0 0 0 0 0 0 16 16 11 18 17 26
 9.050000E+01 6 0 0 0 0 0 0 0 0 0 0 0 16 17 11 26 18 24
 9.100000E+01 10 0 0 0 0 0 0 0 0 0 0 0 15 17 14 22 14 17
 9.150000E+01 8 0 0 0 0 0 0 0 0 0 0 0 18 24 21 17 11 15
 9.200000E+01 8 0 0 0 0 0 0 0 0 0 0 0 17 20 22 15 12 17
 9.250000E+01 11 0 0 0 0 0 0 0 0 0 0 0 21 19 19 16 14 20
 9.300000E+01 11 0 0 0 0 0 0 0 0 0 0 0 20 18 20 20 20 13
 9.350000E+01 6 0 0 0 0 0 0 0 0 0 0 0 22 14 20 20 18 17
 9.400000E+01 5 0 0 0 0 0 0 0 0 0 0 0 18 22 16 15 18 22
 9.450000E+01 11 0 0 0 0 0 0 0 0 0 0 0 19 20 15 14 15 24
 9.500000E+01 9 0 0 0 0 0 0 0 0 1 0 0 17 18 20 22 14 15
 9.550000E+01 5 0 0 0 0 0 0 0 0 1 0 0 15 18 17 17 23 20
 9.600000E+01 5 0 0 0 0 0 0 0 0 0 0 0 17 16 22 12 20 17
 9.650000E+01 8 0 0 0 0 0 0 0 0 0 0 0 17 16 19 15 22 14
 9.700000E+01 6 0 0 0 0 0 0 0 0 0 0 0 14 17 19 18 18 20
 9.750000E+01 5 0 0 0 0 0 0 0 0 1 0 0 13 14 22 28 13 20
 9.800000E+01 8 0 0 0 0 0 0 1 0 1 0 0 13 15 24 23 8 16
 9.850000E+01 5 0 0 0 0 0 0 2 0 0 0 0 16 18 14 19 19 19
 9.900000E+01 7 0 0 0 0 0 0 2 0 0 0 0 17 20 17 13 12 23
 9.950000E+01 9 0 0 0 0 0 0 0 0 0 0 0 13 26 16 21 17 25
 1.000000E+02 13 0 0 0 0 0 0 0 0 0 0 0 13 22 13 20 11 23
 1.005000E+02 7 0 0 0 0 0 0 0 0 1 0 0 18 16 11 18 18 18
 1.010000E+02 7 0 0 0 0 0 0 0 0 1 0 0 16 21 12 21 15 20
 1.015000E+02 6 0 0 0 0 0 0 0 0 1 0 0 21 15 22 14 18 20
 1.020000E+02 8 0 0 0 0 0 0 0 0 2 0 0 21 10 18 15 14 20
 1.025000E+02 10 0 0 0 0 0 0 1 0 1 0 0 16 20 13 17 17 16
 1.030000E+02 8 0 0 0 0 0 0 0 0 2 0 0 9 19 20 25 18 13
 1.035000E+02 6 0 0 0 0 0 0 0 0 2 0 0 13 20 16 25 21 14
 1.040000E+02 8 0 0 0 0 0 0 0 0 3 0 0 17 14 18 22 18 16
 1.045000E+02 6 0 0 0 0 0 0 0 0 1 0 0 15 16 15 23 19 14
 1.050000E+02 11 0 0 0 0 0 0 0 0 0 0 0 11 19 12 19 22 17
 1.055000E+02 10 0 0 0 0 0 0 0 0 0 0 0 18 11 14 15 13 20
 1.060000E+02 8 0 0 0 0 0 0 0 0 0 0 0 21 13 15 14 22 20
 1.065000E+02 10 0 0 0 0 0 0 0 0 0 0 0 12 18 20 11 20 22
 1.070000E+02 8 0 0 0 0 0 0 0 0 0 0 0 15 20 19 15 18 20
 1.075000E+02 11 0 0 0 0 0 0 0 0 0 0 0 16 14 22 18 21 22
 1.080000E+02 7 0 0 0 0 0 0 0 0 0 0 0 14 13 17 18 20 24
 1.085000E+02 8 0 0 0 0 0 0 0 0 0 0 0 15 21 18 16 15 26
 1.090000E+02 5 0 0 0 0 0 0 0 0 0 0 0 19 20 18 16 16 16
 1.095000E+02 4 0 0 0 0 0 0 0 0 0 0 0 17 20 18 11 15 18
 1.100000E+02 12 0 0 0 0 0 0 0 0 0 0 0 17 27 17 9 16 14
 1.105000E+02 8 0 0 0 0 0 0 0 0 0 0 0 18 23 14 11 18 16
 1.110000E+02 7 0 0 0 0 0 0 0 0 0 0 0 16 25 13 8 20 18
 1.115000E+02 11 0 0 0 0 0 0 0 0 0 0 0 11 26 12 11 17 20
 1.120000E+02 12 0 0 0 0 0 0 0 0 0 0 0 9 24 14 13 15 21
 1.125000E+02 7 0 0 0 0 0 0 0 0 0 0 0 7 15 16 18 12 23
 1.130000E+02 7 0 0 0 0 0 0 0 0 0 0 0 12 17 17 19 11 20
 1.135000E+02 11 0 0 0 0 0 0 0 0 0 0 0 16 19 16 23 14 19
 1.140000E+02 6 0 0 0 0 0 0 0 0 0 0 0 14 19 23 21 14 19
 1.145000E+02 10 0 0 0 0 0 0 0 0 0 0 0 17 18 17 19 11 22
 1.150000E+02 9 0 0 0 0 0 0 0 0 0 0 0 17 12 18 16 14 15
 1.155000E+02 7 0 0 0 0 0 0 0 0 0 0 0 16 16 22 14 11 14
 1.160000E+02 5 0 0 0 0 0 0 0 0 0 0 0 13 11 24 16 14 13
 1.165000E+02 6 0 0 0 0 0 0 0 0 1 0 0 15 15 26 20 12 15
 1.170000E+02 12 0 0 0 0 0 0 1 0 0 0 0 15 13 23 19 13 11
 1.175000E+02 9 0 0 0 0 0 0 0 0 1 0 0 14 11 16 16 17 13
 1.180000E+02 6 0 0 0 0 0 0 0 0 0 0 0 13 10 16 16 20 15
 1.185000E+02 12 0 0 0 0 0 0 0 0 0 0 0 21 12 16 14 14 18
 1.190000E+02 6 0 0 0 0 0 0 0 0 0 0 0 20 18 17 13 15 14
 1.195000E+02 4 0 0 0 0 0 0 0 0 0 0 0 12 15 16 9 20 18
 1.200000E+02 6 0 0 0 0 0 0 0 0 0 0 0 14 10 16 20 15 18
 1.205000E+02 15 0 0 0 0 0 0 0 0 0 0 0 22 13 17 22 12 17
 1.210000E+02 8 0 0 0 0 0 0 0 0 0 0 0 22 9 17 19 12 14
 1.215000E+02 10 0 0 0 0 0 0 0 0 0 0 0 25 8 13 11 16 16
 1.220000E+02 4 0 0 0 0 0 0 0 0 0 0 0 19 13 17 8 23 21
 1.225000E+02 13 0 0 0 0 0 0 0 0 0 0 0 25 11 16 6 20 20
 1.230000E+02 11 0 0 0 0 0 0 0 0 0 0 0 17 14 18 16 20 16
 1.235000E+02 8 0 0 0 0 0 0 0 0 0 0 0 20 19 12 20 17 12
 1.240000E+02 8 0 0 0 0 0 0 0 0 0 0 0 12 23 10 26 19 13
 1.245000E+02 8 0 0 0 0 0 0 0 0 0 0 0 15 20 11 17 22 20
 1.250000E+02 9 0 0 0 0 0 0 0 0 0 0 0 13 19 17 22 18 18
 1.255000E+02 12 0 0 0 0 0 0 0 0 0 0 0 19 15 15 16 16 18
 1.260000E+02 4 0 0 0 0 0 0 0 0 0 0 0 20 16 15 16 16 19
 1.265000E+02 12 0 0 0 0 0 0 0 0 0 0 0 17 15 18 17 12 22
 1.270000E+02 12 0 0 0 0 0 0 0 0 1 0 0 21 9 22 16 19 16
 1.275000E+02 6 0 0 0 0 0 0 0 0 0 0 0 20 14 19 14 17 17
 1.280000E+02 8 0 0 0 0 0 0 0 0 0 0 0 15 14 23 11 20 16
 1.285000E+02 3 0 0 0 0 0 0 0 0 0 0 0 14 15 19 19 19 15
 1.290000E+02 11 0 0 0 0 0 0 0 0 1 0 0 14 18 19 11 14 11
 1.295000E+02 8 0 0 0 0 0 0 0 0 1 0 0 18 16 16 16 15 15
 1.300000E+02 11 0 0 0 0 0 0 0 0 0 0 0 16 14 18 18 21 12
 1.305000E+02 11 0 0 0 0 0 0 0 0 0 0 0 16 14 12 13 13 16
 1.310000E+02 14 0 0 0 0 0 0 0 0 0 0 0 17 16 19 7 17 18
 1.315000E+02 6 0 0 0 0 0 0 0 0 0 0 0 19 11 16 12 15 19
 1.320000E+02 13 0 0 0 0 0 0 0 0 0 0 0 21 14 15 15 12 19
 1.325000E+02 7 0 0 0 0 0 0 0 0 0 0 0 21 9 21 16 11 17
 1.330000E+02 11 0 0 0 0 0 0 0 0 0 0 0 21 17 29 14 12 16
 1.335000E+02 5 0 0 0 0 0 0 0 0 0 0 0 20 16 26 13 14 19
 1.340000E+02 9 0 0 0 0 0 0 0 0 0 0 0 18 15 22 8 16 17
 1.345000E+02 3 0 0 0 0 0 0 0 0 0 0 0 13 12 24 12 15 16
 1.350000E+02 8 0 0 0 0 0 0 0 0 1 0 0 14 14 20 15 17 14
 1.355000E+02 4 0 0 0 0 0 0 0 0 1 0 0 9 10 16 25 23 15
 1.360000E+02 4 0 0 0 0 0 0 0 0 1 0 0 13 11 16 22 19 17
 1.365000E+02 7 0 0 0 0 0 0 0 0 2 0 0 14 17 17 15 21 16
 1.370000E+02 5 0 0 0 0 0 0 0 0 2 0 0 17 15 17 14 13 20
 1.375000E+02 6 0 0 0 0 0 0 1 0 1 0 0 17 16 20 12 13 24
 1.380000E+02 4 0 0 0 0 0 0 0 0 2 0 0 14 14 15 16 13 16
 1.385000E+02 9 0 0 0 0 0 0 0 0 1 0 0 26 17 18 16 14 19
 1.390000E+02 10 0 0 0 0 0 0 0 0 1 0 0 16 18 18 21 15 14
 1.395000E+02 12 0 0 0 0 0 0 1 0 0 0 0 21 16 14 16 13 17
 1.400000E+02 10 0 0 0 0 0 0 0 0 1 0 0 17 17 13 13 12 18
 1.405000E+02 4 0 0 0 0 0 0 1 0 0 0 0 12 18 16 11 18 17
 1.410000E+02 6 0 0 0 0 0 0 1 0 1 0 0 19 18 17 20 18 13
 1.415000E+02 12 0 0 0 0 0 0 1 0 1 0 0 15 17 21 22 15 13
 1.420000E+02 6 0 0 0 0 0 0 1 0 1 0 0 22 11 19 18 18 18
 1.425000E+02 7 0 0 0 0 0 0 0 0 2 0 0 14 21 17 14 19 13
 1.430000E+02 6 0 0 0 0 0 0 1 0 1 0 0 19 19 18 15 18 16
 1.435000E+02 15 0 0 0 0 0 0 1 0 1 0 0 17 13 14 15 18 17
 1.440000E+02 9 0 0 0 0 0 0 1 0 0 0 0 14 18 19 14 14 12
 1.445000E+02 10 0 0 0 0 0 0 0 0 1 0 0 17 20 15 15 22 12
 1.450000E+02 4 0 0 0 0 0 0 0 0 0 0 0 19 15 18 15 16 14
 1.455000E+02 8 0 0 0 0 0 0 0 0 0 0 0 24 15 16 12 10 19
 1.460000E+02 10 0 0 0 0 0 0 0 0 0 0 0 19 16 18 13 12 12
 1.465000E+02 6 0 0 0 0 0 0 0 0 1 0 0 16 23 16 17 22 18
 1.470000E+02 8 0 0 0 0 0 0 0 0 1 0 0 12 17 15 17 18 17
 1.475000E+02 12 0 0 0 0 0 0 0 0 1 0 0 13 24 11 15 18 10
 1.480000E+02 5 0 0 0 0 0 0 0 0 0 0 0 20 24 12 18 16 15
 1.485000E+02 8 0 0 0 0 0 0 0 0 0 0 0 21 21 18 11 13 16
 1.490000E+02 6 0 0 0 0 0 0 0 0 0 0 0 19 17 13 12 21 22
 1.495000E+02 5 0 0 0 0 0 0 0 0 0 0 0 14 17 10 8 18 23
 1.500000E+02 9 0 0 0 0 0 0 0 0 0 0 0 9 13 17 16 18 22
 1.505000E+02 6 0 0 0 0 0 0 1 0 0 0 0 11 18 15 18 17 16
 1.510000E+02 6 0 0 0 0 0 0 0 0 0 0 0 10 17 14 18 12 14
 1.515000E+02 4 0 0 0 0 0 0 0 0 0 0 0 8 16 20 16 17 16
 1.520000E+02 10 0 0 0 0 0 0 0 0 0 0 0 10 24 16 16 14 15
 1.525000E+02 11 0 0 0 0 0 0 0 0 0 0 0 14 18 16 19 10 16
 1.530000E+02 7 0 0 0 0 0 0 2 0 0 0 0 9 19 16 22 10 22
 1.535000E+02 8 0 0 0 0 0 0 0 0 1 0 0 16 16 13 23 16 13
 1.540000E+02 6 0 0 0 0 0 0 1 0 0 0 0 13 14 21 15 15 15
 1.545000E+02 9 0 0 0 0 0 0 0 0 1 0 0 18 16 14 18 17 11
 1.550000E+02 2 0 0 0 0 0 0 1 0 0 0 0 19 18 19 20 15 14
 1.555000E+02 12 0 0 0 0 0 0 1 0 0 0 0 25 18 22 17 16 14
 1.560000E+02 9 0 0 0 0 0 0 1 0 0 0 0 17 16 18 17 13 18
 1.565000E+02 7 0 0 0 0 0 0 0 0 1 0 0 22 13 14 16 19 15
 1.570000E+02 7 0 0 0 0 0 0 0 0 1 0 0 13 20 20 15 18 21
 1.575000E+02 5 0 0 0 0 0 0 0 0 0 0 0 13 20 19 12 24 16
 1.580000E+02 7 0 0 0 0 0 0 0 0 0 0 0 15 17 15 15 24 14
 1.585000E+02 2 0 0 0 0 0 0 0 0 0 0 0 18 19 16 17 23 9
 1.590000E+02 4 0 0 0 0 0 0 0 0 0 0 0 16 14 15 18 26 15
 1.595000E+02 8 0 0 0 0 0 0 0 0 0 0 0 13 13 15 18 21 16
 1.600000E+02 7 0 0 0 0 0 0 0 0 1 0 0 15 17 16 19 13 14
 1.605000E+02 13 0 0 0 0 0 0 0 0 0 0 0 13 17 15 16 16 16
 1.610000E+02 5 0 0 0 0 0 0 0 0 0 0 0 16 20 14 19 19 16
 1.615000E+02 8 0 0 0 0 0 0 0 0 0 0 0 22 19 11 16 16 23
 1.620000E+02 5 0 0 0 0 0 0 0 0 0 0 0 20 17 9 14 20 23
 1.625000E+02 11 0 0 0 0 0 0 0 0 0 0 0 20 16 13 17 14 17
 1.630000E+02 10 0 0 0 0 0 0 0 0 0 0 0 16 23 14 13 10 18
 1.635000E+02 7 0 0 0 0 0 0 0 0 0 0 0 20 21 15 9 19 23
 1.640000E+02 13 0 0 0 0 0 0 0 0 0 0 0 21 16 18 12 14 21
 1.645000E+02 4 0 0 0 0 0 0 1 0 0 0 0 21 16 21 11 17 13
 1.650000E+02 8 0 0 0 0 0 0 0 0 1 0 0 19 11 23 14 14 9
 1.655000E+02 12 0 0 0 0 0 0 0 0 1 0 0 22 15 19 15 11 19
 1.660000E+02 8 0 0 0 0 0 0 0 0 0 0 0 18 17 11 20 16 16
 1.665000E+02 8 0 0 0 0 0 0 0 0 1 0 0 25 25 14 23 12 14
 1.670000E+02 7 0 0 0 0 0 0 0 0 0 0 0 15 21 20 19 20 15
 1.675000E+02 4 0 0 0 0 0 0 0 0 0 0 0 16 22 17 16 24 17
 1.680000E+02 12 0 0 0 0 0 0 0 0 0 0 0 18 12 17 15 20 18
 1.685000E+02 8 0 0 0 0 0 0 0 0 0 0 0 16 15 17 12 16 17
 1.690000E+02 3 0 0 0 0 0 0 0 0 0 0 0 20 12 22 20 12 18
 1.695000E+02 6 0 0 0 0 0 0 1 0 0 0 0 18 16 17 15 15 18
 1.700000E+02 9 0 0 0 0 0 0 1 0 0 0 0 17 17 16 11 20 17
 1.705000E+02 10 0 0 0 0 0 0 0 0 0 0 0 17 16 21 15 13 14
 1.710000E+02 5 0 0 0 0 0 0 1 0 0 0 0 22 15 19 17 15 13
 1.715000E+02 10 0 0 0 0 0 0 0 0 1 0 0 24 15 22 11 14 23
 1.720000E+02 9 0 0 0 0 0 0 0 0 2 0 0 23 23 21 15 10 20
 1.725000E+02 4 0 0 0 0 0 0 0 0 1 0 0 18 16 15 19 16 20
 1.730000E+02 8 0 0 0 0 0 0 0 0 0 0 0 11 22 13 16 22 14
 1.735000E+02 10 0 0 0 0 0 0 0 0 1 0 0 18 21 19 21 20 18
 1.740000E+02 11 0 0 0 0 0 0 0 0 0 0 0 17 15 11 20 21 18
 1.745000E+02 10 0 0 0 0 0 0 0 0 0 0 0 22 13 16 21 15 15
 1.750000E+02 7 0 0 0 0 0 0 0 0 0 0 0 21 18 11 17 19 14
 1.755000E+02 17 0 0 0 0 0 0 0 0 0 0 0 14 14 14 15 19 17
 1.760000E+02 11 0 0 0 0 0 0 0 0 0 0 0 15 11 18 14 17 20
 1.765000E+02 5 0 0 0 0 0 0 0 0 0 0 0 18 13 23 18 16 20
 1.770000E+02 3 0 0 0 0 0 0 0 0 0 0 0 18 17 13 21 17 19
 1.775000E+02 10 0 0 0 0 0 0 0 0 0 0 0 18 15 18 22 14 17
 1.780000E+02 12 0 0 0 0 0 0 0 0 0 0 0 16 17 18 19 20 20
 1.785000E+02 6 0 0 0 0 0 0 0 0 1 0 0 20 17 21 17 11 13
 1.790000E+02 4 0 0 0 0 0 0 0 0 2 0 0 18 17 22 25 14 21
 1.795000E+02 7 0 0 0 0 0 0 1 0 0 0 0 16 18 20 18 12 22
 1.800000E+02 9 0 0 0 0 0 0 0 0 0 0 0 21 17 21 13 13 19
 1.805000E+02 8 0 0 0 0 0 0 0 0 0 0 0 21 20 17 21 15 20
 1.810000E+02 7 0 0 0 0 0 0 0 0 0 0 0 15 24 17 16 15 18
 1.815000E+02 8 0 0 0 0 0 0 1 0 0 0 0 19 16 18 20 18 17
 1.820000E+02 10 0 0 0 0 0 0 0 0 0 0 0 24 17 17 18 16 18
 1.825000E+02 10 0 0 0 0 0 0 0 0 0 0 0 18 19 24 21 19 11
 1.830000E+02 11 0 0 0 0 0 0 0 0 0 0 0 14 23 23 14 20 14
 1.835000E+02 8 0 0 0 0 0 0 0 0 0 0 0 16 24 23 13 15 16
 1.840000E+02 7 0 0 0 0 0 0 0 0 0 0 0 22 15 17 19 19 16
 1.845000E+02 9 0 0 0 0 0 0 0 0 0 0 0 16 14 16 17 21 17
 1.850000E+02 7 0 0 0 0 0 0 0 0 0 0 0 15 17 14 20 17 19
 1.855000E+02 7 0 0 0 0 0 0 0 0 0 0 0 18 14 17 19 20 21
 1.860000E+02 10 0 0 0 0 0 0 0 0 0 0 0 19 15 18 13 18 21
 1.865000E+02 8 0 0 0 0 0 0 0 0 0 0 0 27 20 20 13 16 16
 1.870000E+02 10 0 0 0 0 0 0 0 0 1 0 0 26 16 17 22 19 10
 1.875000E+02 11 0 0 0 0 0 0 1 0 0 0 0 18 14 20 23 19 13
 1.880000E+02 8 0 0 0 0 0 0 0 0 1 0 0 17 18 15 23 16 18
 1.885000E+02 15 0 0 0 0 0 0 0 0 0 0 0 12 16 15 17 26 14
 1.890000E+02 7 0 0 0 0 0 0 0 0 0 0 0 10 10 22 15 20 15
 1.895000E+02 10 0 0 0 0 0 0 0 0 0 0 0 20 12 15 18 19 23
 1.900000E+02 11 0 0 0 0 0 0 0 0 0 0 0 16 16 16 19 15 18
 1.905000E+02 12 0 0 0 0 0 0 1 0 1 0 0 13 17 19 19 17 20
 1.910000E+02 11 0 0 0 0 0 0 0 0 2 0 0 15 17 27 14 15 17
 1.915000E+02 11 0 0 0 0 0 0 1 0 1 0 0 20 14 23 12 15 15
 1.920000E+02 12 0 0 0 0 0 0 1 0 1 0 0 18 14 22 21 17 19
 1.925000E+02 7 0 0 0 0 0 0 0 0 2 0 0 12 12 11 24 14 21
 1.930000E+02 7 0 0 0 0 0 0 1 0 1 0 0 11 18 19 15 22 21
 1.935000E+02 4 0 0 0 0 0 0 0 0 2 0 0 15 15 17 20 17 25
 1.940000E+02 7 0 0 0 0 0 0 0 0 1 0 0 17 9 22 19 18 18
 1.945000E+02 5 0 0 0 0 0 0 0 0 1 0 0 15 20 19 12 20 21
 1.950000E+02 6 0 0 0 0 0 0 0 0 1 0 0 21 16 17 9 20 26
 1.955000E+02 6 0 0 0 0 0 0 0 0 0 0 0 20 13 19 7 16 22
 1.960000E+02 7 0 0 0 0 0 0 0 0 0 0 0 17 20 18 16 22 23
 1.965000E+02 5 0 0 0 0 0 0 0 0 0 0 0 19 16 15 18 21 25
 1.970000E+02 7 0 0 0 0 0 0 0 0 0 0 0 12 22 19 14 21 16
 1.975000E+02 10 0 0 0 0 0 0 0 0 0 0 0 11 29 15 16 17 16
 1.980000E+02 6 0 0 0 0 0 0 0 0 0 0 0 15 27 12 15 15 24
 1.985000E+02 7 0 0 0 0 0 0 0 0 1 0 0 14 18 16 15 18 24
 1.990000E+02 9 0 0 0 0 0 0 0 0 1 0 0 18 15 16 19 12 28
 1.995000E+02 8 0 0 0 0 0 0 1 0 0 0 0 17 17 12 18 18 24
 2.000000E+02 4 0 0 0 0 0 0 0 0 1 0 0 19 15 14 16 18 21
 2.005000E+02 6 0 0 0 0 0 0 0 0 1 0 0 15 13 12 14 21 22
 2.010000E+02 8 0 0 0 0 0 0 0 0 0 0 0 17 14 16 13 21 20
 2.015000E+02 7 0 0 0 0 0 0 0 0 0 0 0 16 14 16 16 18 15
 2.020000E+02 8 0 0 0 0 0 0 0 0 0 0 0 18 16 17 16 13 18
 2.025000E+02 13 0 0 0 0 0 0 0 0 0 0 0 13 16 17 22 12 16
 2.030000E+02 12 0 0 0 0 0 0 0 0 0 0 0 13 15 16 15 11 16
 2.035000E+02 7 0 0 0 0 0 0 0 0 0 0 0 11 19 22 13 13 18
 2.040000E+02 8 0 0 0 0 0 0 0 0 0 0 0 16 21 15 10 17 20
 2.045000E+02 7 0 0 0 0 0 0 0 0 0 0 0 14 17 5 7 16 17
 2.050000E+02 7 0 0 0 0 0 0 0 0 0 0 0 15 14 16 15 20 14
 2.055000E+02 8 0 0 0 0 0 0 0 0 0 0 0 18 14 18 16 11 16
 2.060000E+02 6 0 0 0 0 0 0 0 0 0 0 0 13 15 13 18 14 16
 2.065000E+02 13 0 0 0 0 0 0 0 0 0 0 0 9 21 13 16 19 14
 2.070000E+02 9 0 0 0 0 0 0 0 0 1 0 0 19 17 19 14 21 13
 2.075000E+02 5 0 0 0 0 0 0 0 0 1 0 0 17 15 10 17 15 13
 2.080000E+02 4 0 0 0 0 0 0 0 0 1 0 0 17 17 19 17 9 14
 2.085000E+02 7 0 0 0 0 0 0 0 0 2 0 0 19 10 23 18 14 15
 2.090000E+02 6 0 0 1 0 0 0 0 0 1 0 0 19 7 21 20 21 15
 2.095000E+02 10 0 0 0 0 0 0 0 0 1 0 0 18 11 20 18 18 14
 2.100000E+02 6 0 0 0 0 0 0 0 0 0 0 0 16 11 11 15 18 17
 2.105000E+02 12 0 0 0 0 0 0 0 0 0 0 0 19 9 14 10 14 16
 2.110000E+02 10 0 0 0 0 0 0 0 0 0 0 0 17 13 13 13 19 13
 2.115000E+02 8 0 0 0 0 0 0 0 0 0 0 0 20 16 11 16 14 12
 2.120000E+02 11 0 0 0 0 0 0 0 0 0 0 0 23 18 8 12 15 13
 2.125000E+02 10 0 0 0 0 0 0 0 0 0 0 0 20 18 15 10 16 17
 2.130000E+02 15 0 0 0 0 0 0 0 0 1 0 0 14 13 21 12 22 19
 2.135000E+02 8 0 0 1 0 0 0 0 0 0 0 0 15 20 18 12 18 16
 2.140000E+02 11 0 0 0 0 0 0 0 0 0 0 1 14 17 23 19 13 21
 2.145000E+02 6 0 0 0 0 0 0 0 0 0 0 0 19 15 22 14 11 16
 2.150000E+02 7 0 0 0 0 0 0 0 0 0 0 0 23 14 16 18 19 13
 2.155000E+02 6 0 0 0 0 0 0 0 0 0 0 0 23 15 11 22 15 13
 2.160000E+02 4 0 0 0 0 0 0 0 0 0 0 0 14 20 12 18 9 9
 2.165000E+02 9 0 0 0 0 0 0 0 0 0 0 0 16 15 14 16 13 15
 2.170000E+02 11 0 0 0 0 0 0 0 0 0 0 0 19 16 16 19 11 14
 2.175000E+02 8 0 0 0 0 0 0 0 0 0 0 0 13 10 18 18 15 18
 2.180000E+02 5 0 0 0 0 0 0 0 0 0 0 0 8 8 13 15 31 16
 2.185000E+02 10 0 0 0 0 0 0 0 0 0 0 0 7 10 17 14 12 18
 2.190000E+02 8 0 0 0 0 0 0 0 0 0 0 0 8 15 12 16 16 17
 2.195000E+02 5 0 0 0 0 0 0 0 0 0 0 0 17 13 14 10 17 19
 2.200000E+02 6 0 0 0 0 0 0 0 0 0 0 0 11 22 16 15 16 19
 2.205000E+02 7 0 0 0 0 0 0 0 0 0 0 0 14 12 18 15 16 14
 2.210000E+02 5 0 0 0 0 0 0 0 0 0 0 0 20 10 17 10 22 24
 2.215000E+02 7 0 0 0 0 0 0 0 0 0 0 0 17 13 16 17 18 14
 2.220000E+02 4 0 0 0 0 0 0 0 0 0 0 0 22 14 16 16 14 15
 2.225000E+02 8 0 0 0 0 0 0 0 0 0 0 0 16 11 15 16 19 15
 2.230000E+02 9 0 0 0 0 0 0 0 0 1 0 0 14 13 16 20 24 18
 2.235000E+02 11 0 0 0 0 0 0 0 0 1 0 0 13 10 13 16 18 14
 2.240000E+02 11 0 0 0 0 0 0 0 0 0 0 0 18 14 17 21 14 14
 2.245000E+02 6 0 0 1 0 0 0 0 0 0 0 0 17 17 14 17 17 15
 2.250000E+02 6 0 0 0 0 0 0 0 0 1 0 0 11 21 15 12 19 10
 2.255000E+02 7 0 0 1 0 0 0 0 0 1 0 0 13 23 18 18 16 13
 2.260000E+02 3 0 0 0 0 0 0 0 0 1 0 0 13 26 18 22 18 12
 2.265000E+02 4 0 0 0 0 0 0 0 0 1 0 0 19 17 18 13 22 16
 2.270000E+02 5 0 0 0 0 0 0 0 0 0 1 0 15 13 16 9 16 15
 2.275000E+02 2 0 0 1 0 0 0 0 0 0 0 0 15 11 17 12 17 19
 2.280000E+02 13 0 0 0 0 0 0 0 0 1 0 0 18 15 13 17 18 16
 2.285000E+02 8 0 0 0 0 0 0 0 0 1 0 0 15 10 14 15 18 19
 2.290000E+02 4 0 0 0 0 0 0 0 0 0 0 0 12 9 19 18 23 21
 2.295000E+02 7 0 0 0 0 0 0 0 0 0 0 0 16 16 18 20 16 16
 2.300000E+02 4 0 0 0 0 0 0 0 0 0 0 0 15 16 17 20 19 9
 2.305000E+02 5 0 0 0 0 0 0 0 0 0 0 0 16 22 18 19 16 10
 2.310000E+02 8 0 0 0 0 0 0 0 0 0 0 0 13 20 18 22 17 13
 2.315000E+02 11 0 0 0 0 0 0 0 0 0 0 0 13 16 16 25 20 12
 2.320000E+02 7 0 0 0 0 0 0 0 0 0 0 0 16 15 19 16 19 12
 2.325000E+02 8 0 0 0 0 0 0 0 0 0 0 0 20 24 17 13 9 11
 2.330000E+02 9 0 0 0 0 0 0 0 0 0 0 0 22 19 12 19 11 10
 2.335000E+02 2 0 0 0 0 0 0 0 0 1 0 0 24 20 13 14 12 9
 2.340000E+02 8 0 0 0 0 0 0 0 0 1 0 0 20 17 17 20 14 11
 2.345000E+02 7 0 0 0 0 0 0 0 0 1 0 0 15 14 13 22 16 24
 2.350000E+02 6 0 0 0 0 0 0 0 0 1 0 0 17 15 20 20 13 15
 2.355000E+02 6 0 0 0 0 0 0 0 0 0 0 0 14 20 19 22 9 16
 2.360000E+02 11 0 0 0 0 0 0 0 0 0 0 0 17 15 15 20 12 14
 2.365000E+02 10 0 0 0 0 0 0 0 0 0 0 0 9 16 15 23 17 13
 2.370000E+02 6 0 0 0 0 0 0 0 0 0 0 0 15 24 15 19 13 16
 2.375000E+02 3 0 0 0 0 0 0 0 0 0 0 0 18 16 17 18 18 15
 2.380000E+02 10 0 0 0 0 0 0 0 0 0 0 0 19 10 22 22 18 15
 2.385000E+02 4 0 0 0 0 0 0 0 0 0 0 0 18 10 23 24 17 12
 2.390000E+02 14 0 0 0 0 0 0 0 0 0 0 0 21 10 19 16 18 14
 2.395000E+02 7 0 0 0 0 0 0 0 0 0 0 0 16 15 15 18 12 15
 2.400000E+02 6 0 0 0 0 0 0 0 0 0 0 0 17 10 16 17 16 16
 2.405000E+02 7 0 0 0 0 0 0 0 0 0 0 0 8 17 13 24 14 13
 2.410000E+02 10 0 0 0 0 0 0 0 0 0 0 0 10 21 13 24 10 21
 2.415000E+02 4 0 0 0 0 0 0 0 0 0 0 0 12 18 15 16 14 16
 2.420000E+02 11 0 0 0 0 0 0 0 0 0 0 0 11 26 10 16 18 11
 2.425000E+02 11 0 0 0 0 0 0 0 0 0 0 0 12 18 11 23 15 14
 2.430000E+02 3 0 0 0 0 0 0 0 0 0 0 0 10 12 15 21 20 21
 2.435000E+02 8 0 0 0 0 0 0 0 0 0 0 0 16 13 14 20 15 22
 2.440000E+02 6 0 0 0 0 0 0 0 0 0 0 0 16 18 17 20 15 19
 2.445000E+02 8 0 0 0 0 0 0 0 0 0 0 0 18 15 17 18 11 26
 2.450000E+02 8 0 0 0 0 0 0 0 0 0 0 0 15 14 19 20 12 28
 2.455000E+02 11 0 0 0 0 0 0 0 0 0 0 0 12 13 19 14 16 18
 2.460000E+02 5 0 0 0 0 0 0 0 0 0 0 0 12 11 24 16 14 13
 2.465000E+02 10 0 0 0 0 0 0 0 0 0 0 0 14 14 15 14 15 16
 2.470000E+02 9 0 0 0 0 0 0 0 0 0 0 0 16 14 11 17 16 12
 2.475000E+02 12 0 0 0 0 0 0 0 0 0 0 0 14 22 17 13 17 12
 2.480000E+02 11 0 0 0 0 0 0 0 0 0 0 0 17 21 18 17 17 17
 2.485000E+02 15 0 0 0 0 0 0 0 0 0 0 0 12 14 16 22 25 17
 2.490000E+02 5 0 0 0 0 0 0 0 0 0 0 0 12 20 12 17 19 16
 2.495000E+02 9 0 0 0 0 0 0 0 0 0 0 0 7 24 15 14 22 17
 2.500000E+02 10 0 0 0 0 0 0 0 0 0 0 0 19 21 19 13 20 15
 2.505000E+02 1104 0 0 2 0 0 0 0 0 5 0 0 0 0 0 0 0 0
 2.510000E+02 1862 0 0 3 0 0 0 0 0 17 1 0 0 0 0 0 0 0
 2.515000E+02 2031 1 0 5 0 0 0 0 0 20 3 1 0 0 0 0 0 0
 2.520000E+02 2263 2 0 5 1 0 0 1 0 39 2 3 0 0 0 0 0 0
 2.525000E+02 965 1 0 6 1 0 0 4 0 28 3 2 0 0 0 0 0 0
 2.530000E+02 411 1 0 6 0 1 0 2 0 20 0 2 0 0 0 0 0 1
 2.535000E+02 202 0 0 1 0 1 0 2 0 13 1 0 1 0 0 0 0 0
 2.540000E+02 106 0 0 1 0 1 0 2 0 12 0 1 2 1 3 1 1 0
 2.545000E+02 1360 0 0 1 0 0 0 0 0 21 0 1 0 0 0 0 0 0
 2.550000E+02 1965 1 0 2 0 1 0 2 0 28 1 0 0 0 0 0 0 0
 2.555000E+02 2092 1 0 4 1 0 0 4 1 29 1 1 0 0 0 0 0 0
 2.560000E+02 2207 5 0 3 0 2 0 2 0 30 1 1 0 0 0 0 0 0
 2.565000E+02 903 3 0 1 0 1 0 3 0 26 1 1 0 0 0 0 0 0
 2.570000E+02 386 1 0 2 0 1 0 1 0 15 0 0 0 0 1 1 0 0
 2.575000E+02 162 0 0 3 0 0 0 2 0 9 1 0 1 0 1 0 1 0
 2.580000E+02 85 0 0 2 0 0 0 2 0 6 0 0 2 0 4 0 4 1
 2.585000E+02 1338 0 0 1 0 0 0 2 0 19 2 0 0 0 0 0 0 0
 2.590000E+02 1969 1 0 1 0 1 0 4 0 30 1 1 0 0 0 0 0 0
 2.595000E+02 2142 0 0 3 0 0 0 5 0 34 1 1 0 0 0 0 0 0
 2.600000E+02 2254 0 0 2 0 4 0 2 0 51 1 0 0 0 0 0 0 1
 2.605000E+02 994 2 0 2 0 0 0 9 1 36 1 1 0 0 0 0 0 0
 2.610000E+02 433 1 0 0 0 2 0 3 0 28 1 0 0 0 0 0 0 0
 2.615000E+02 207 1 0 1 0 2 0 4 0 13 0 0 1 0 0 0 0 0
 2.620000E+02 110 0 0 0 0 2 0 1 0 10 0 0 3 2 0 0 3 1
 2.625000E+02 1344 1 0 0 0 0 0 1 0 17 1 0 0 0 0 0 0 0
 2.630000E+02 1907 1 0 0 0 0 0 3 0 27 2 0 0 0 0 0 0 0
 2.635000E+02 2164 1 0 2 0 0 0 10 1 30 3 0 0 0 0 0 0 0
 2.640000E+02 2244 1 0 1 0 0 0 8 0 40 1 1 0 0 0 0 0 0
 2.645000E+02 966 2 0 1 0 4 0 3 0 30 0 2 0 0 0 0 0 0
 2.650000E+02 420 1 0 0 0 1 0 5 0 24 0 1 1 0 0 0 0 0
 2.655000E+02 205 0 0 1 0 0 0 3 0 13 0 0 0 0 0 2 0 1
 2.660000E+02 104 0 0 0 0 0 0 2 0 6 0 0 0 3 2 1 2 2
 2.665000E+02 1411 0 0 0 0 1 0 3 0 11 0 0 0 0 0 0 0 0
 2.670000E+02 1921 0 0 0 0 1 0 0 1 25 1 0 0 0 0 0 0 0
 2.675000E+02 2183 0 0 3 0 2 0 8 0 27 1 0 0 0 0 0 0 0
 2.680000E+02 2250 0 0 1 0 2 0 5 0 26 0 0 0 0 0 0 0 0
 2.685000E+02 991 1 0 1 0 2 0 5 0 30 0 1 0 0 0 0 0 0
 2.690000E+02 405 0 0 2 0 1 0 6 0 22 1 2 0 0 0 0 0 0
 2.695000E+02 181 0 0 0 0 0 0 1 0 19 1 0 0 1 0 0 0 0
 2.700000E+02 113 1 0 0 0 0 0 5 0 8 0 0 3 2 2 5 2 2
 2.705000E+02 1338 1 0 0 0 2 0 2 0 18 0 0 0 0 0 0 0 0
 2.710000E+02 1898 2 0 0 0 0 0 5 0 24 0 0 0 0 0 0 0 0
 2.715000E+02 2100 1 0 3 0 4 0 6 0 31 1 0 0 0 0 0 0 0
 2.720000E+02 2247 0 0 1 0 3 0 6 1 25 0 0 0 0 0 0 0 0
 2.725000E+02 965 1 0 1 0 2 0 7 0 23 0 0 0 0 0 0 0 0
 2.730000E+02 378 0 0 1 0 1 0 6 0 22 1 0 0 0 0 0 0 0
 2.735000E+02 187 0 0 1 0 0 0 4 0 13 0 0 0 0 0 0 0 1
 2.740000E+02 104 1 0 0 0 1 0 7 0 4 1 0 1 3 3 2 0 2
 2.745000E+02 1348 1 0 0 0 1 0 2 0 12 0 0 0 0 0 0 0 0
 2.750000E+02 1882 0 0 0 0 1 0 7 0 25 2 0 0 0 0 0 0 0
 2.755000E+02 2187 1 0 0 0 6 0 5 0 27 0 0 0 0 0 0 0 0
 2.760000E+02 2297 1 0 2 0 3 0 4 0 29 0 1 0 0 0 0 0 0
 2.765000E+02 968 0 0 1 0 3 0 3 0 30 0 0 0 0 0 0 0 0
 2.770000E+02 417 0 0 2 0 0 0 3 0 25 0 1 0 0 0 0 1 0
 2.775000E+02 186 2 0 1 0 2 0 2 0 13 0 0 0 0 0 0 1 0
 2.780000E+02 99 1 0 0 0 1 0 3 0 6 1 0 2 2 2 0 2 1
 2.785000E+02 1445 1 0 0 0 2 0 0 0 15 0 0 0 0 0 0 0 0
 2.790000E+02 1965 2 0 0 0 0 0 4 0 38 0 1 0 0 0 0 0 0
 2.795000E+02 2154 1 0 1 0 1 0 10 0 35 1 1 0 0 0 0 0 0
 2.800000E+02 2306 3 0 0 0 1 0 10 0 44 0 1 0 0 0 0 0 0
 2.805000E+02 1012 1 0 1 0 4 1 7 0 34 2 1 0 0 0 0 0 0
 2.810000E+02 445 0 0 5 0 2 0 4 1 29 0 1 1 0 0 0 0 0
 2.815000E+02 207 0 0 0 0 1 0 2 0 18 2 0 0 1 1 0 0 0
 2.820000E+02 107 0 0 1 0 2 0 4 0 10 1 0 3 0 2 0 2 3
 2.825000E+02 1328 1 0 0 0 2 0 2 0 17 2 0 0 0 0 0 0 0
 2.830000E+02 1891 1 0 0 0 0 0 9 0 25 0 1 0 0 0 0 0 0
 2.835000E+02 2161 1 0 1 0 1 0 8 0 21 1 0 0 0 0 0 0 0
 2.840000E+02 2240 1 0 0 0 3 1 3 0 31 2 1 0 0 0 0 0 0
 2.845000E+02 998 1 0 1 0 5 0 4 0 34 0 2 0 0 0 0 0 0
 2.850000E+02 446 0 0 2 0 2 0 3 0 30 0 0 0 0 0 0 0 0
 2.855000E+02 215 0 0 1 0 2 0 6 0 16 0 2 0 0 0 0 0 0
 2.860000E+02 127 0 0 0 0 1 0 2 0 12 0 0 1 2 0 1 3 2
 2.865000E+02 1352 0 0 1 0 0 0 3 0 14 0 0 0 0 0 0 0 0
 2.870000E+02 1901 2 0 0 0 1 0 8 0 24 1 0 0 0 0 0 0 0
 2.875000E+02 2214 0 0 1 0 1 0 7 1 29 0 0 0 0 0 0 0 0
 2.880000E+02 2216 0 0 0 0 1 0 7 0 31 0 0 0 0 0 0 0 0
 2.885000E+02 911 1 0 1 0 2 0 6 0 34 2 0 0 0 0 0 0 0
 2.890000E+02 401 2 0 0 0 2 0 2 0 22 0 0 0 0 1 0 0 0
 2.895000E+02 194 0 0 2 0 1 0 4 1 10 0 1 2 1 0 0 1 0
 2.900000E+02 92 0 0 0 0 0 1 1 0 8 1 0 1 1 2 2 0 0
 2.905000E+02 71 0 0 0 0 0 0 2 0 4 1 0 0 2 4 4 5 2
 2.910000E+02 52 1 0 0 0 0 0 0 0 2 0 0 7 1 3 5 7 7
 2.915000E+02 47 0 0 0 0 0 0 0 0 1 0 0 9 9 10 3 5 9
 2.920000E+02 40 0 0 0 0 0 0 0 0 0 0 0 9 6 11 7 14 3
 2.925000E+02 36 0 0 0 0 0 0 0 0 0 0 0 4 12 16 8 9 10
 2.930000E+02 33 0 0 0 0 0 0 0 0 0 0 0 15 12 13 8 12 9
 2.935000E+02 29 0 0 0 0 0 0 0 0 0 0 0 13 11 14 11 10 13
 2.940000E+02 24 0 0 0 0 0 0 0 0 1 0 0 13 15 12 12 14 12
 2.945000E+02 40 0 0 0 0 0 0 0 0 0 0 0 14 13 14 22 13 13
 2.950000E+02 23 0 0 0 0 0 0 0 0 1 0 0 11 13 16 12 16 13
 2.955000E+02 22 0 0 0 0 0 0 0 0 0 0 0 20 18 19 15 10 16
 2.960000E+02 27 0 0 0 0 0 0 0 0 1 0 0 13 14 21 16 16 16
 2.965000E+02 9 0 0 0 0 0 0 0 0 0 0 0 12 21 16 10 16 20
 2.970000E+02 11 0 0 0 0 0 0 0 0 0 0 0 15 10 15 15 21 28
 2.975000E+02 20 0 0 0 0 0 0 0 0 0 0 0 18 11 21 13 28 25
 2.980000E+02 18 0 0 0 0 0 0 0 0 1 0 0 18 16 17 20 21 16
 2.985000E+02 16 0 0 0 0 0 0 0 0 0 0 0 21 14 21 13 14 24
 2.990000E+02 21 0 0 0 0 0 0 0 0 1 0 0 18 16 12 19 12 27
 2.995000E+02 21 0 0 0 0 0 0 0 0 1 0 0 14 12 18 24 22 23
 3.000000E+02 20 0 0 0 0 0 0 1 0 1 0 0 25 17 13 19 25 15
 3.005000E+02 13 0 0 0 0 0 0 0 0 1 0 0 21 16 18 18 23 14
 3.010000E+02 19 0 0 0 0 0 0 0 0 1 0 0 21 11 14 19 23 23
 3.015000E+02 14 0 0 0 0 0 0 0 0 0 0 0 29 16 19 14 16 23
 3.020000E+02 18 0 0 0 0 0 0 0 0 0 0 0 20 12 25 12 22 19
 3.025000E+02 7 0 0 0 0 0 0 0 0 0 0 0 13 27 22 22 19 18
 3.030000E+02 20 0 0 0 0 0 0 0 0 1 0 0 19 21 16 22 20 14
 3.035000E+02 16 0 0 0 0 0 0 1 0 0 0 0 15 26 14 28 28 18
 3.040000E+02 18 0 0 0 0 0 0 1 0 0 0 0 12 25 16 16 22 22
 3.045000E+02 20 0 0 0 0 0 0 0 0 0 0 0 18 26 16 24 24 15
 3.050000E+02 15 0 0 0 0 0 0 0 0 0 0 0 24 22 14 26 27 12
 3.055000E+02 11 0 0 0 0 0 0 0 0 0 0 0 20 17 16 19 25 16
 3.060000E+02 10 0 0 0 0 0 0 0 0 0 0 0 18 21 16 26 26 17
 3.065000E+02 12 0 0 0 0 0 0 0 0 0 0 0 25 19 21 21 10 24
 3.070000E+02 15 0 0 0 0 0 0 0 0 1 0 0 22 17 20 15 16 24
 3.075000E+02 20 0 0 0 0 0 0 0 0 0 0 0 20 21 21 21 19 15
 3.080000E+02 17 0 0 0 0 0 0 0 0 1 0 0 27 23 14 25 15 19
 3.085000E+02 8 0 0 0 0 0 0 0 0 0 0 0 21 24 18 14 24 21
 3.090000E+02 7 0 0 0 0 0 0 0 0 0 0 0 16 18 21 15 23 25
 3.095000E+02 9 0 0 0 0 0 0 0 0 0 0 0 14 19 23 17 24 19
 3.100000E+02 15 0 0 0 0 0 0 0 0 0 0 0 17 19 24 16 18 24
 3.105000E+02 14 0 0 0 0 0 0 0 0 0 0 0 19 18 15 22 19 28
 3.110000E+02 12 0 0 0 0 0 0 0 0 1 0 0 20 22 20 28 14 21
 3.115000E+02 13 0 0 0 0 0 0 1 0 1 0 0 28 24 23 20 14 20
 3.120000E+02 7 0 0 0 0 1 0 0 0 1 0 0 22 21 17 16 22 18
 3.125000E+02 9 0 0 0 0 0 0 1 0 0 0 0 24 23 18 15 28 17
 3.130000E+02 9 0 0 0 0 0 0 0 0 1 0 0 15 24 15 20 24 22
 3.135000E+02 11 0 0 0 0 0 0 0 0 1 0 0 19 21 18 21 25 12
 3.140000E+02 11 0 0 1 0 0 0 0 0 1 0 0 16 22 13 16 33 17
 3.145000E+02 10 0 0 0 0 0 0 0 0 2 0 0 11 22 21 20 26 18
 3.150000E+02 13 0 0 0 0 0 0 0 0 1 0 0 22 23 24 21 17 20
 3.155000E+02 10 0 0 0 0 0 0 0 0 0 0 0 18 23 23 16 25 16
 3.160000E+02 7 0 0 0 0 0 0 0 0 0 0 0 20 12 25 20 18 24
 3.165000E+02 12 0 0 0 0 0 0 0 0 1 0 0 20 16 22 13 20 23
 3.170000E+02 13 0 0 0 0 0 0 0 0 0 0 0 30 16 24 20 16 16
 3.175000E+02 10 0 0 0 0 0 0 0 0 0 0 0 28 18 28 17 19 13
 3.180000E+02 10 0 0 0 0 0 0 0 0 0 0 0 14 17 18 20 20 16
 3.185000E+02 10 0 0 0 0 0 0 0 0 0 0 0 21 20 25 15 24 16
 3.190000E+02 9 0 0 0 0 0 0 0 0 0 0 0 20 16 29 16 19 19
 3.195000E+02 13 0 0 0 0 0 0 0 0 0 0 0 26 16 19 19 17 10
 3.200000E+02 12 0 0 0 0 0 0 0 0 0 0 0 28 14 16 20 24 12
 3.205000E+02 9 0 0 0 0 0 0 0 0 0 0 0 24 13 21 22 15 15
 3.210000E+02 6 0 0 0 0 0 0 0 0 0 0 0 21 17 21 20 17 23
 3.215000E+02 7 0 0 0 0 0 0 0 0 0 0 0 23 15 15 17 17 23
 3.220000E+02 9 0 0 0 0 0 0 0 0 0 0 0 17 19 10 18 20 22
 3.225000E+02 12 0 0 0 0 0 0 0 0 1 0 0 16 19 13 17 20 21
 3.230000E+02 15 0 0 0 0 0 0 0 0 1 0 0 19 26 15 19 15 24
 3.235000E+02 10 0 0 1 0 0 0 0 0 0 0 0 20 17 17 16 17 18
 3.240000E+02 19 0 0 0 0 0 0 1 0 0 0 0 21 23 19 19 11 14
 3.245000E+02 8 0 0 0 0 0 0 0 0 1 0 0 19 20 17 16 27 12
 3.250000E+02 8 0 0 0 0 0 0 0 0 0 0 0 14 18 18 24 22 19
 3.255000E+02 11 0 0 0 0 0 0 0 0 1 0 0 14 26 23 18 20 17
 3.260000E+02 7 0 0 0 0 0 0 0 0 0 0 0 16 23 17 23 24 11
 3.265000E+02 12 0 0 0 0 0 0 0 0 1 0 0 20 17 16 23 18 18
 3.270000E+02 4 0 0 0 0 0 0 0 0 0 0 0 22 12 13 15 15 20
 3.275000E+02 8 0 0 0 0 0 0 0 0 0 0 0 22 14 18 13 21 23
 3.280000E+02 10 0 0 0 0 0 0 0 0 0 0 0 25 15 20 14 15 23
 3.285000E+02 10 0 0 0 0 0 0 0 0 0 0 0 23 16 18 14 14 24
 3.290000E+02 8 0 0 0 0 0 0 0 0 1 0 0 19 22 18 19 13 20
 3.295000E+02 9 0 0 0 0 0 0 0 0 2 0 0 18 20 13 20 19 13
 3.300000E+02 5 0 0 0 0 0 0 0 0 1 0 0 18 20 16 22 23 13
 3.305000E+02 12 0 0 0 0 0 0 0 0 1 0 0 11 28 16 22 17 14
 3.310000E+02 9 0 0 0 0 0 0 0 0 1 0 0 17 23 29 14 18 23
 3.315000E+02 9 0 0 0 0 0 0 0 0 1 0 0 25 18 27 17 16 14
 3.320000E+02 6 0 0 0 0 0 0 0 0 1 0 0 19 17 21 16 18 17
 3.325000E+02 11 0 0 0 0 0 0 0 0 0 0 0 19 20 22 26 19 20
 3.330000E+02 13 0 0 1 0 0 0 0 0 0 0 0 21 16 21 23 16 17
 3.335000E+02 6 0 0 0 0 0 0 0 0 1 0 0 12 18 20 21 16 17
 3.340000E+02 9 0 0 0 0 0 0 0 0 2 0 0 13 16 17 22 21 19
 3.345000E+02 15 0 0 0 0 0 0 0 0 2 0 0 14 11 21 18 21 18
 3.350000E+02 9 0 0 0 0 0 0 1 0 1 0 0 21 19 22 20 18 17
 3.355000E+02 10 0 0 0 0 0 0 0 0 2 0 0 25 21 20 21 14 21
 3.360000E+02 10 0 0 0 0 0 0 0 0 1 0 0 28 16 19 21 12 18
 3.365000E+02 5 0 0 0 0 0 0 0 0 0 0 0 19 20 18 20 14 15
 3.370000E+02 18 0 0 0 0 0 0 0 0 0 0 0 20 25 25 15 10 16
 3.375000E+02 13 0 0 0 0 0 0 0 0 0 0 0 18 24 20 13 14 21
 3.380000E+02 7 0 0 0 0 0 0 0 0 0 0 0 20 20 26 9 22 19
 3.385000E+02 6 0 0 0 0 0 0 0 0 0 0 0 22 23 23 15 18 15
 3.390000E+02 11 0 0 0 0 0 0 0 0 0 0 0 23 18 17 14 15 22
 3.395000E+02 11 0 0 0 0 0 0 0 0 0 0 0 16 21 18 12 19 13
 3.400000E+02 13 0 0 0 0 0 0 0 0 0 0 0 22 25 23 14 11 16
 3.405000E+02 11 0 0 0 0 0 0 0 0 0 0 0 20 22 17 22 24 18
 3.410000E+02 6 0 0 0 0 0 0 0 0 0 0 0 20 19 17 23 30 15
 3.415000E+02 8 0 0 0 0 0 0 0 0 0 0 0 14 17 22 16 26 13
 3.420000E+02 9 0 0 0 0 0 0 0 0 0 0 0 18 16 25 24 31 14
 3.425000E+02 8 0 0 0 0 0 0 0 0 1 0 0 18 18 21 20 21 18
 3.430000E+02 12 0 0 0 0 0 0 0 0 1 0 0 22 22 20 19 21 11
 3.435000E+02 13 0 0 0 0 0 0 0 0 0 0 0 19 17 19 19 21 16
 3.440000E+02 23 0 0 0 0 0 0 0 0 0 0 0 17 18 16 24 21 19
 3.445000E+02 9 0 0 0 0 0 0 0 0 0 0 0 15 17 16 26 12 12
 3.450000E+02 15 0 0 0 0 0 0 0 0 0 0 0 16 16 14 18 14 16
 3.455000E+02 13 0 0 0 0 0 0 0 0 0 0 0 15 25 14 17 16 19
 3.460000E+02 14 0 0 0 0 0 0 0 0 0 0 0 19 18 20 17 17 18
 3.465000E+02 11 0 0 0 0 0 0 0 0 1 0 0 20 19 20 14 21 18
 3.470000E+02 18 0 0 0 0 0 0 1 0 0 0 0 18 27 20 10 17 16
 3.475000E+02 9 0 0 0 0 0 0 0 0 1 0 0 16 16 23 12 16 18
 3.480000E+02 17 0 0 0 0 0 0 1 0 1 0 0 22 19 25 26 15 16
 3.485000E+02 17 0 0 0 0 0 0 0 0 1 0 0 15 17 14 21 15 11
 3.490000E+02 7 0 0 0 0 0 0 0 0 1 0 0 18 17 14 21 22 19
 3.495000E+02 10 0 0 0 0 0 0 0 0 0 0 0 12 20 22 19 20 16
 3.500000E+02 7 0 0 0 0 0 0 0 0 0 0 0 13 15 20 17 17 27
 3.505000E+02 13 0 0 0 0 0 0 0 0 0 0 0 23 12 22 13 15 12
 3.510000E+02 6 0 0 0 0 0 0 0 0 0 0 0 25 14 16 16 16 21
 3.515000E+02 5 0 0 0 0 0 0 0 0 0 0 0 19 14 19 17 22 19
 3.520000E+02 8 0 0 0 0 0 0 0 0 0 0 0 16 12 25 15 17 18
 3.525000E+02 10 0 0 0 0 0 0 0 0 0 0 0 21 17 21 13 18 20
 3.530000E+02 14 0 0 0 0 0 0 0 0 0 0 0 15 15 19 13 17 25
 3.535000E+02 7 0 0 0 0 0 0 0 0 0 0 0 16 19 16 14 16 23
 3.540000E+02 16 0 0 0 0 0 0 0 0 0 0 0 12 19 20 16 14 15
 3.545000E+02 10 0 0 0 0 0 0 0 0 0 0 0 12 16 14 15 16 21
 3.550000E+02 11 0 0 0 0 0 0 0 0 0 0 0 17 19 15 22 22 24
 3.555000E+02 10 0 0 0 0 0 0 0 0 0 0 0 15 20 20 22 22 16
 3.560000E+02 11 0 0 0 0 0 0 0 0 0 0 0 17 16 22 17 16 18
 3.565000E+02 7 0 0 0 0 0 0 0 0 0 0 0 21 17 22 15 15 20
 3.570000E+02 6 0 0 0 0 0 0 0 0 0 0 0 14 19 17 19 18 16
 3.575000E+02 11 0 0 0 0 0 0 0 0 0 0 0 18 19 21 20 12 20
 3.580000E+02 13 0 0 0 0 0 0 0 0 0 0 0 17 14 13 20 12 14
 3.585000E+02 6 0 0 0 0 0 0 0 0 0 0 0 16 21 18 14 18 11
 3.590000E+02 14 0 0 0 0 0 0 0 0 0 0 0 15 19 17 21 19 18
 3.595000E+02 10 0 0 0 0 0 0 0 0 0 0 0 14 15 22 18 17 19
 3.600000E+02 6 0 0 0 0 0 0 0 0 0 0 0 16 15 20 20 18 15
 3.605000E+02 14 0 0 0 0 0 0 0 0 0 0 0 16 11 20 20 18 13
 3.610000E+02 7 0 0 0 0 0 0 0 0 0 0 0 23 16 21 21 18 9
 3.615000E+02 7 0 0 0 0 0 0 0 0 0 0 0 21 17 21 20 17 16
 3.620000E+02 11 0 0 0 0 0 0 0 0 0 0 0 23 15 20 13 14 21
 3.625000E+02 10 0 0 0 0 0 0 0 0 0 0 0 23 20 16 14 18 17
 3.630000E+02 14 0 0 0 0 0 0 0 0 0 0 0 16 24 18 11 19 16
 3.635000E+02 7 0 0 0 0 0 0 0 0 0 0 0 16 17 18 13 24 15
 3.640000E+02 9 0 0 0 0 0 0 0 0 0 0 0 15 14 21 18 21 18
 3.645000E+02 9 0 0 0 0 0 0 0 0 0 0 0 20 20 22 14 21 18
 3.650000E+02 9 0 0 0 0 0 0 0 0 0 0 0 17 18 17 10 17 23
 3.655000E+02 11 0 0 0 0 0 0 0 0 2 0 0 21 26 17 11 16 21
 3.660000E+02 14 0 0 0 0 0 0 0 0 1 0 0 16 21 21 14 16 25
 3.665000E+02 13 0 0 0 0 0 0 1 0 0 0 0 21 17 32 12 15 17
 3.670000E+02 7 0 0 0 0 0 0 0 0 0 0 0 27 18 24 10 16 15
 3.675000E+02 5 0 0 0 0 0 0 0 0 0 0 0 25 21 24 16 21 10
 3.680000E+02 8 0 0 0 0 0 0 0 0 0 0 0 16 17 22 17 22 13
 3.685000E+02 10 0 0 0 0 0 0 0 0 0 0 0 19 12 24 16 17 23
 3.690000E+02 11 0 0 0 0 0 0 0 0 0 0 0 16 11 14 15 16 20
 3.695000E+02 9 0 0 0 0 0 0 0 0 0 0 0 16 18 15 14 12 23
 3.700000E+02 15 0 0 0 0 0 0 0 0 0 0 0 15 20 21 16 20 19
 3.705000E+02 16 0 0 0 0 0 0 0 0 0 0 0 18 26 13 20 25 14
 3.710000E+02 4 0 0 0 0 0 0 0 0 0 0 0 17 29 16 19 21 16
 3.715000E+02 9 0 0 0 0 0 0 0 0 0 0 0 18 22 17 17 21 10
 3.720000E+02 9 0 0 0 0 0 0 0 0 0 0 0 8 15 14 19 18 16
 3.725000E+02 8 0 0 0 0 0 0 0 0 0 0 0 14 20 21 25 18 13
 3.730000E+02 10 0 0 0 0 0 0 0 0 0 0 0 14 12 7 27 21 11
 3.735000E+02 10 0 0 0 0 0 0 0 0 0 0 0 16 15 11 24 17 21
 3.740000E+02 4 0 0 0 0 0 0 0 0 0 0 0 13 11 16 21 16 22
 3.745000E+02 6 0 0 0 0 0 0 0 0 1 0 0 15 12 24 20 20 22
 3.750000E+02 7 0 0 0 0 0 0 0 0 0 0 0 25 15 20 17 13 21
 3.755000E+02 8 0 0 0 0 0 0 0 0 0 0 0 25 16 12 16 15 21
 3.760000E+02 6 0 0 0 0 0 0 0 0 1 0 0 20 13 16 17 17 14
 3.765000E+02 11 0 0 0 0 0 0 0 0 1 0 0 20 15 13 15 18 19
 3.770000E+02 13 0 0 0 0 0 0 0 0 1 0 0 27 17 16 12 18 18
 3.775000E+02 8 0 0 0 0 0 0 0 0 0 0 0 26 19 16 12 20 20
 3.780000E+02 6 0 0 0 0 0 0 0 0 0 0 0 29 17 19 13 11 16
 3.785000E+02 7 0 0 0 0 0 0 0 0 0 0 0 29 16 15 21 15 20
 3.790000E+02 9 0 0 0 0 0 0 0 0 0 0 0 23 18 18 17 17 19
 3.795000E+02 8 0 0 0 0 0 0 0 0 0 0 0 22 20 25 11 24 14
 3.800000E+02 9 0 0 0 0 0 0 0 0 0 0 0 15 23 23 8 21 17
 3.805000E+02 7 0 0 0 0 0 0 0 0 0 0 0 11 14 18 13 21 18
 3.810000E+02 18 0 0 0 0 0 0 0 0 0 0 0 21 16 12 18 21 15
 3.815000E+02 9 0 0 0 0 0 0 0 0 0 0 0 18 17 10 14 26 20
 3.820000E+02 7 0 0 0 0 0 0 0 0 0 0 0 19 10 19 23 15 13
 3.825000E+02 5 0 0 0 0 0 0 0 0 0 0 0 18 20 22 17 19 19
 3.830000E+02 7 0 0 0 0 0 0 0 0 0 0 0 20 13 23 16 16 17
 3.835000E+02 9 0 0 0 0 0 0 0 0 0 0 0 17 20 18 20 17 12
 3.840000E+02 12 0 0 0 0 0 0 0 0 0 0 0 13 22 16 17 13 14
 3.845000E+02 12 0 0 0 0 0 0 0 0 0 0 0 16 15 17 21 13 18
 3.850000E+02 9 0 0 0 0 0 0 0 0 0 0 0 20 23 15 18 17 6
 3.855000E+02 5 0 0 0 0 0 0 0 0 0 0 0 16 17 14 24 24 15
 3.860000E+02 12 0 0 0 0 0 0 0 0 0 0 0 21 16 17 21 15 11
 3.865000E+02 7 0 0 0 0 0 0 0 0 0 0 0 12 17 17 19 16 18
 3.870000E+02 9 0 0 0 0 0 0 0 0 0 0 0 18 19 9 26 14 14
 3.875000E+02 12 0 0 0 0 0 0 0 0 0 0 0 16 24 8 20 18 11
 3.880000E+02 6 0 0 0 0 0 0 0 0 0 0 0 19 20 11 20 15 18
 3.885000E+02 15 0 0 0 0 0 0 0 0 1 0 0 19 15 13 14 11 21
 3.890000E+02 8 0 0 0 0 0 0 0 0 1 0 0 17 15 19 17 13 20
 3.895000E+02 6 0 0 0 0 0 0 0 0 1 0 0 17 16 20 17 11 16
 3.900000E+02 8 0 0 0 0 0 0 0 0 0 0 0 11 16 13 18 22 15
 3.905000E+02 7 0 0 0 0 0 0 0 0 0 0 0 16 17 17 17 19 15
 3.910000E+02 14 0 0 0 0 0 0 0 0 0 0 0 22 20 21 11 15 14
 3.915000E+02 10 0 0 0 0 0 0 0 0 0 0 0 18 14 24 10 14 12
 3.920000E+02 7 0 0 0 0 0 0 0 0 0 0 0 22 9 22 16 13 14
 3.925000E+02 7 0 0 0 0 0 0 0 0 0 0 0 19 18 17 8 13 16
 3.930000E+02 11 0 0 0 0 0 0 0 0 0 0 0 15 15 17 18 22 16
 3.935000E+02 8 0 0 0 0 0 0 0 0 0 0 0 16 17 18 12 18 15
 3.940000E+02 11 0 0 0 0 0 0 0 0 0 0 0 16 18 16 16 16 16
 3.945000E+02 11 0 0 0 0 0 0 0 0 0 0 0 20 14 12 14 18 13
 3.950000E+02 5 0 0 1 0 0 0 0 0 0 0 0 16 12 13 13 24 13
 3.955000E+02 7 0 0 1 0 0 0 0 0 0 0 0 12 16 11 18 20 20
 3.960000E+02 12 0 0 0 0 0 0 0 0 0 0 0 10 14 12 15 13 23
 3.965000E+02 9 0 0 0 0 0 0 0 0 0 0 0 10 21 17 14 15 12
 3.970000E+02 10 0 0 0 0 0 0 0 0 0 0 0 10 21 13 11 16 18
 3.975000E+02 3 0 0 0 0 0 0 0 0 0 0 0 16 15 12 14 19 16
 3.980000E+02 5 0 0 0 0 0 0 0 0 0 0 0 18 18 15 12 18 16
 3.985000E+02 5 0 0 0 0 0 0 0 0 0 0 0 18 17 12 14 14 16
 3.990000E+02 3 0 0 0 0 0 0 0 0 0 0 0 13 13 15 12 17 18
 3.995000E+02 8 0 0 0 0 0 0 0 0 0 0 0 11 10 21 12 14 20
 4.000000E+02 9 0 0 0 0 0 0 0 0 0 0 0 16 7 22 15 18 19
 4.005000E+02 9 0 0 0 0 0 0 0 0 0 0 0 13 11 22 17 15 17
 4.010000E+02 17 0 0 0 0 0 0 0 0 0 0 0 18 16 22 12 15 16
 4.015000E+02 6 0 0 0 0 0 0 0 0 0 0 0 16 12 21 13 15 20
 4.020000E+02 8 0 0 0 0 0 0 0 0 0 0 0 11 18 22 9 14 18
 4.025000E+02 4 0 0 0 0 0 0 1 0 0 0 0 16 22 14 17 12 29
 4.030000E+02 6 0 0 0 0 0 0 1 0 0 0 0 9 19 23 13 17 23
 4.035000E+02 6 0 0 1 0 0 0 0 0 0 0 0 12 15 23 14 17 20
 4.040000E+02 9 0 0 0 0 0 0 0 0 0 0 0 10 13 19 17 15 23
 4.045000E+02 11 0 0 0 0 0 0 0 0 0 0 0 13 14 18 17 12 12
 4.050000E+02 14 0 0 0 0 0 0 0 0 0 0 0 13 20 14 26 12 6
 4.055000E+02 5 0 0 0 0 0 0 0 0 0 0 0 15 21 16 16 11 12
 4.060000E+02 12 0 0 0 0 0 0 0 0 0 0 0 16 21 16 18 8 14
 4.065000E+02 7 0 0 0 0 0 0 0 0 1 0 0 24 21 16 18 11 18
 4.070000E+02 9 0 0 0 0 0 0 0 0 1 0 0 17 18 15 15 16 11
 4.075000E+02 9 0 0 0 0 0 0 0 0 1 0 0 17 18 14 16 15 16
 4.080000E+02 10 0 0 0 0 0 0 0 0 0 0 0 12 15 17 10 15 22
 4.085000E+02 4 0 0 0 0 0 0 0 0 0 0 0 13 14 20 15 17 17
 4.090000E+02 6 0 0 0 0 0 0 0 0 0 0 0 11 13 24 19 11 12
 4.095000E+02 6 0 0 0 0 0 0 0 0 0 0 0 10 12 18 16 14 25
 4.100000E+02 7 0 0 0 0 0 0 0 0 0 0 0 13 10 18 19 13 22
 4.105000E+02 5 0 0 0 0 0 0 0 0 0 0 0 21 10 19 18 12 20
 4.110000E+02 6 0 0 0 0 0 0 0 0 0 0 0 16 15 21 15 13 16
 4.115000E+02 6 0 0 0 0 0 0 0 0 0 0 0 14 14 14 14 17 13
 4.120000E+02 6 0 0 0 0 0 0 0 0 0 0 0 20 11 13 15 19 11
 4.125000E+02 12 0 0 0 0 0 0 0 0 0 0 0 19 11 16 14 16 15
 4.130000E+02 12 0 0 0 0 0 0 0 0 0 0 0 13 14 17 13 20 15
 4.135000E+02 4 0 0 0 0 0 0 0 0 0 0 0 14 22 10 13 20 13
 4.140000E+02 4 0 0 0 0 0 0 0 0 0 0 0 17 18 8 13 21 19
 4.145000E+02 8 0 0 0 0 0 0 0 0 0 0 0 12 18 7 17 14 15
 4.150000E+02 6 0 0 0 0 0 0 0 0 0 0 0 13 15 13 16 18 15
 4.155000E+02 8 0 0 0 0 0 0 0 0 0 0 0 23 13 16 15 17 16
 4.160000E+02 10 0 0 0 0 0 0 0 0 0 0 0 15 19 14 12 15 16
 4.165000E+02 10 0 0 0 0 0 0 0 0 1 0 0 17 13 11 14 15 19
 4.170000E+02 4 0 0 0 0 0 0 0 0 0 0 0 20 16 13 16 15 25
 4.175000E+02 8 0 0 0 0 0 0 0 0 0 0 0 14 19 19 15 21 14
 4.180000E+02 5 0 0 0 0 0 0 0 0 0 0 0 19 13 21 14 16 8
 4.185000E+02 9 0 0 0 0 0 0 0 0 0 0 0 17 12 13 16 15 19
 4.190000E+02 7 0 0 0 0 0 0 0 0 0 0 0 17 12 7 14 16 28
 4.195000E+02 8 0 0 0 0 0 0 0 0 0 0 0 18 16 13 16 20 17
 4.200000E+02 6 0 0 0 0 0 0 0 0 0 0 0 14 13 13 19 14 15
 4.205000E+02 3 0 0 0 0 0 0 0 0 0 0 0 15 12 8 14 16 13
 4.210000E+02 8 0 0 0 0 0 0 0 0 0 0 0 16 9 12 14 14 15
 4.215000E+02 7 0 0 0 0 0 0 0 0 0 0 0 16 14 13 11 18 22
 4.220000E+02 10 0 0 0 0 0 0 0 0 0 0 0 10 16 18 12 17 20
 4.225000E+02 6 0 0 0 1 0 0 0 0 0 0 0 21 18 17 10 18 16
 4.230000E+02 5 0 0 0 0 0 0 0 0 1 0 0 26 13 15 17 15 22
 4.235000E+02 8 0 0 0 0 0 0 0 0 0 0 0 17 21 14 18 12 20
 4.240000E+02 7 0 0 0 0 0 0 0 0 0 0 0 14 16 13 23 12 26
 4.245000E+02 8 0 0 0 0 0 0 0 0 0 0 0 19 15 17 15 13 24
 4.250000E+02 8 0 0 0 0 0 0 0 0 0 0 0 19 14 19 14 21 17
 4.255000E+02 9 0 0 0 0 0 0 0 0 1 0 0 14 14 20 20 17 21
 4.260000E+02 9 0 0 0 0 0 0 0 0 1 0 0 19 28 18 14 12 19
 4.265000E+02 9 0 0 0 0 0 0 1 0 0 0 0 16 21 14 14 13 14
 4.270000E+02 8 0 0 0 0 0 0 0 0 0 0 0 19 17 12 18 20 13
 4.275000E+02 8 0 0 0 0 0 0 0 0 0 0 0 16 17 16 12 15 17
 4.280000E+02 7 0 0 0 0 0 0 0 0 0 0 0 21 21 10 26 11 12
 4.285000E+02 11 0 0 0 0 0 0 0 0 0 0 0 19 19 16 25 12 16
 4.290000E+02 14 0 0 0 0 0 0 0 0 0 0 0 20 17 21 23 15 12
 4.295000E+02 5 0 0 0 0 0 0 1 0 0 0 0 15 19 19 23 14 17
 4.300000E+02 5 0 0 0 0 0 0 0 0 0 0 0 17 25 16 16 11 15
 4.305000E+02 8 0 0 0 0 0 0 0 0 0 0 0 17 26 17 14 10 14
 4.310000E+02 9 0 0 0 0 0 0 0 0 0 0 0 20 25 16 13 17 13
 4.315000E+02 9 0 0 0 0 0 0 0 0 0 0 0 19 18 16 6 18 18
 4.320000E+02 10 0 0 0 0 0 0 0 0 0 0 0 18 16 17 6 17 14
 4.325000E+02 8 0 0 0 0 0 0 0 0 0 0 0 21 14 14 14 18 16
 4.330000E+02 6 0 0 0 0 0 0 0 0 0 0 0 18 22 15 10 15 22
 4.335000E+02 7 0 0 0 0 0 0 0 0 0 0 0 17 14 24 12 16 11
 4.340000E+02 8 0 0 0 0 0 0 0 0 0 0 0 19 14 23 10 17 13
 4.345000E+02 9 0 0 0 0 0 0 0 0 0 0 0 19 20 17 19 19 13
 4.350000E+02 7 0 0 0 0 0 0 0 0 0 0 0 17 21 15 21 21 12
 4.355000E+02 7 0 0 0 0 0 0 0 0 0 0 0 12 18 11 14 19 15
 4.360000E+02 3 0 0 0 0 0 0 0 0 0 0 0 13 19 9 25 23 16
 4.365000E+02 8 0 0 0 0 0 0 0 0 0 0 0 25 10 15 16 18 14
 4.370000E+02 11 0 0 0 0 0 0 0 0 0 0 0 22 15 18 19 24 11
 4.375000E+02 10 0 0 0 0 0 0 0 0 1 0 0 26 13 17 16 21 13
 4.380000E+02 12 0 0 0 0 0 0 0 0 2 0 0 18 11 13 13 22 17
 4.385000E+02 7 0 0 0 0 0 0 0 0 0 0 0 16 11 16 17 18 19
 4.390000E+02 11 0 0 0 0 0 0 0 0 0 0 0 14 15 11 18 14 21
 4.395000E+02 8 0 0 0 0 0 0 0 0 0 0 0 18 16 13 16 12 16
 4.400000E+02 9 0 0 0 0 0 0 1 0 0 0 0 21 17 17 18 10 13
 4.405000E+02 7 0 0 0 0 0 0 0 0 0 0 0 17 21 18 21 14 15
 4.410000E+02 5 0 0 0 0 0 0 0 0 0 0 0 22 18 17 16 12 18
 4.415000E+02 5 0 0 0 0 0 0 0 0 1 0 0 20 21 16 15 14 17
 4.420000E+02 9 0 0 0 0 0 0 0 0 0 0 0 15 11 13 15 12 15
 4.425000E+02 11 0 0 0 0 0 0 0 0 0 0 0 13 12 17 15 11 17
 4.430000E+02 9 0 0 0 0 0 0 0 0 0 0 0 18 11 16 17 12 13
 4.435000E+02 6 0 0 0 0 0 0 0 0 0 0 0 17 14 15 17 19 16
 4.440000E+02 6 0 0 0 0 0 0 0 0 0 0 0 19 13 15 20 17 22
 4.445000E+02 6 0 0 0 0 0 0 0 0 1 0 0 9 13 10 18 20 24
 4.450000E+02 8 0 0 0 0 0 0 0 0 1 0 0 11 14 13 16 19 21
 4.455000E+02 9 0 0 1 0 0 0 0 0 0 0 0 10 17 16 11 16 22
 4.460000E+02 8 0 0 0 0 0 0 0 0 1 0 0 14 20 12 12 22 17
 4.465000E+02 15 0 0 0 0 0 0 1 0 0 0 0 18 21 9 14 14 18
 4.470000E+02 5 0 0 0 0 0 0 0 0 1 0 0 15 21 14 16 21 13
 4.475000E+02 2 0 0 0 0 0 0 0 0 1 0 0 10 25 12 21 17 13
 4.480000E+02 8 0 0 0 0 0 0 0 0 0 0 0 16 23 12 24 20 14
 4.485000E+02 8 0 0 0 0 0 0 0 0 0 0 0 17 13 12 25 14 13
 4.490000E+02 9 0 0 0 0 0 0 0 0 0 0 0 12 14 16 12 22 19
 4.495000E+02 8 0 0 0 0 0 0 0 0 0 0 0 18 14 19 14 22 17
 4.500000E+02 12 0 0 0 0 0 0 0 0 1 0 0 17 18 17 8 20 16
 4.505000E+02 12 0 0 1 0 0 0 0 0 0 0 0 13 22 17 12 12 14
 4.510000E+02 12 0 0 1 0 0 0 0 0 0 0 0 15 17 17 16 22 8
 4.515000E+02 8 0 0 0 0 0 0 0 0 0 0 0 18 11 13 17 24 10
 4.520000E+02 6 0 0 0 0 0 0 0 0 0 0 0 19 13 14 22 16 11
 4.525000E+02 9 0 0 0 0 0 0 0 0 0 0 0 13 25 15 13 23 14
 4.530000E+02 9 0 0 0 0 0 0 0 0 0 0 0 16 23 12 19 18 18
 4.535000E+02 10 0 0 0 0 0 0 0 0 0 0 0 18 13 20 19 15 16
 4.540000E+02 8 0 0 0 0 0 0 0 0 0 0 0 18 13 15 19 16 14
 4.545000E+02 7 0 0 0 0 0 0 1 0 0 0 0 15 9 19 20 20 13
 4.550000E+02 9 0 0 0 0 0 0 0 0 1 0 0 17 16 12 17 15 13
 4.555000E+02 9 0 0 0 0 0 0 0 0 0 0 0 12 16 14 23 14 18
 4.560000E+02 16 0 0 0 0 0 0 0 0 0 0 0 15 17 13 20 19 15
 4.565000E+02 7 0 0 0 0 0 0 0 0 0 0 0 15 22 14 21 18 17
 4.570000E+02 7 0 0 0 0 0 0 0 0 0 0 0 23 22 13 16 16 14
 4.575000E+02 8 0 0 0 0 0 0 0 0 0 0 0 15 19 11 21 18 12
 4.580000E+02 9 0 0 0 0 0 0 0 0 0 0 0 21 12 13 15 18 21
 4.585000E+02 8 0 0 0 0 0 0 0 0 0 0 0 19 19 13 18 12 19
 4.590000E+02 11 0 0 0 0 0 0 0 0 0 0 0 19 18 17 18 14 11
 4.595000E+02 4 0 0 0 0 0 0 0 0 0 0 0 16 14 20 16 16 13
 4.600000E+02 13 0 0 0 0 0 0 0 0 1 0 0 20 19 16 17 19 12
 4.605000E+02 7 0 0 0 0 0 0 0 0 1 0 0 16 22 14 17 19 12
 4.610000E+02 7 0 0 0 0 0 0 0 0 1 0 0 11 25 12 16 20 17
 4.615000E+02 6 0 0 0 0 0 0 0 0 1 0 0 18 15 14 22 13 15
 4.620000E+02 4 0 0 0 0 0 0 1 0 0 0 0 11 14 17 18 17 18
 4.625000E+02 8 0 0 0 0 0 0 0 0 0 0 0 13 14 18 15 19 19
 4.630000E+02 4 0 0 0 0 0 0 0 0 0 0 0 15 16 12 22 14 17
 4.635000E+02 6 0 0 0 0 0 0 0 0 0 0 0 13 16 8 19 20 17
 4.640000E+02 15 0 0 0 0 0 0 0 0 0 0 0 11 15 14 15 15 17
 4.645000E+02 8 0 0 0 0 0 0 0 0 0 0 0 18 17 13 18 13 20
 4.650000E+02 6 0 0 0 0 0 0 0 0 0 0 0 20 14 14 17 12 12
 4.655000E+02 7 0 0 0 0 0 0 0 0 0 0 0 20 21 14 14 11 14
 4.660000E+02 4 0 0 0 0 0 0 0 0 0 0 0 15 19 16 19 13 15
 4.665000E+02 9 0 0 0 0 0 0 0 0 0 0 0 19 22 18 14 8 17
 4.670000E+02 11 0 0 0 0 0 0 0 0 0 0 0 21 21 13 8 7 16
 4.675000E+02 4 0 0 0 0 0 0 0 0 0 0 0 11 19 17 13 17 16
 4.680000E+02 8 0 0 0 0 0 0 0 0 0 0 0 9 15 19 12 25 13
 4.685000E+02 6 0 0 0 0 0 0 0 0 0 0 0 11 17 19 11 19 16
 4.690000E+02 10 0 0 0 0 0 0 0 0 0 0 0 11 19 13 19 17 17
 4.695000E+02 7 0 0 0 0 0 0 0 0 0 0 0 10 14 13 22 12 22
 4.700000E+02 11 0 0 0 0 0 0 0 0 1 0 0 13 18 20 18 12 17
 4.705000E+02 7 0 0 0 0 0 0 0 0 1 0 0 19 17 20 18 20 14
 4.710000E+02 7 0 0 0 0 0 0 1 0 1 0 0 12 18 18 21 22 17
 4.715000E+02 7 0 0 0 0 0 0 0 0 0 0 0 15 12 19 19 13 17
 4.720000E+02 8 0 0 0 0 0 0 0 0 0 0 0 8 9 21 14 15 16
 4.725000E+02 8 0 0 0 0 0 0 0 0 0 0 0 16 11 17 17 17 11
 4.730000E+02 7 0 0 0 0 0 0 0 0 0 0 0 13 14 14 15 18 17
 4.735000E+02 4 0 0 0 0 0 0 1 0 0 0 0 16 21 13 15 17 14
 4.740000E+02 9 0 0 0 0 0 0 0 0 0 0 0 21 17 15 19 16 12
 4.745000E+02 11 0 0 0 0 0 0 0 0 1 0 0 17 13 18 16 10 14
 4.750000E+02 4 0 0 0 0 0 0 0 0 0 0 0 15 21 22 16 13 14
 4.755000E+02 12 0 0 0 0 0 0 0 0 0 0 0 16 21 13 15 14 18
 4.760000E+02 10 0 0 0 0 0 0 0 0 0 0 0 12 20 16 18 11 17
 4.765000E+02 9 0 0 0 0 0 0 0 0 0 0 0 12 18 17 23 10 18
 4.770000E+02 12 0 0 0 0 0 0 0 0 0 0 0 10 21 19 17 10 18
 4.775000E+02 5 0 0 0 0 0 0 0 0 1 0 0 18 20 16 16 11 14
 4.780000E+02 5 0 0 1 0 0 0 0 0 0 0 0 20 20 22 19 13 12
 4.785000E+02 8 0 0 0 0 0 0 0 0 2 0 0 17 15 14 19 9 19
 4.790000E+02 3 0 0 0 0 0 0 1 0 1 0 0 19 17 16 18 8 21
 4.795000E+02 10 0 0 0 0 0 0 1 0 0 0 0 18 13 8 20 17 25
 4.800000E+02 8 0 0 0 0 0 0 0 0 1 0 0 17 15 11 17 15 20
 4.805000E+02 5 0 0 1 0 0 0 0 0 0 0 0 20 14 13 22 16 19
 4.810000E+02 13 0 0 1 0 0 0 0 0 0 0 0 26 13 14 15 9 17
 4.815000E+02 11 0 0 0 0 0 0 0 0 1 0 0 18 19 18 18 14 17
 4.820000E+02 9 0 0 0 0 0 0 0 0 1 0 0 18 16 17 23 6 17
 4.825000E+02 12 0 0 0 0 0 0 0 0 1 0 0 23 15 10 19 10 14
 4.830000E+02 9 0 0 0 0 0 0 0 0 0 0 0 16 15 18 15 15 12
 4.835000E+02 5 0 0 0 0 0 0 0 0 0 0 0 20 15 14 10 21 17
 4.840000E+02 7 0 0 0 0 0 0 0 0 1 0 0 17 11 16 14 25 16
 4.845000E+02 7 0 0 0 0 0 0 0 0 1 0 0 14 17 17 9 21 14
 4.850000E+02 8 0 0 0 0 0 0 0 0 1 0 0 16 18 16 8 14 14
 4.855000E+02 7 0 0 0 0 0 0 0 0 1 0 0 15 15 17 10 15 16
 4.860000E+02 6 0 0 0 0 0 0 1 0 0 0 0 19 17 15 15 13 14
 4.865000E+02 13 0 0 0 0 0 0 0 0 2 0 0 14 18 18 16 13 11
 4.870000E+02 11 0 0 0 0 0 0 1 0 1 0 0 12 21 18 20 18 9
 4.875000E+02 11 0 0 0 0 0 0 0 0 1 0 0 18 13 21 13 22 10
 4.880000E+02 6 0 0 0 0 0 0 0 0 0 0 0 23 16 18 16 16 9
 4.885000E+02 8 0 0 0 0 0 0 0 0 2 0 0 15 16 18 17 20 10
 4.890000E+02 9 0 0 0 0 0 0 0 0 1 0 0 14 19 17 15 15 16
 4.895000E+02 7 0 0 0 0 0 0 1 0 0 0 0 16 21 12 17 13 19
 4.900000E+02 12 0 0 0 0 0 0 1 0 0 0 0 18 18 17 18 9 14
 4.905000E+02 11 0 0 0 0 0 0 0 0 0 0 0 18 23 16 20 11 14
 4.910000E+02 10 0 0 0 0 0 0 0 0 0 0 0 16 14 11 20 16 14
 4.915000E+02 13 0 0 0 0 0 0 0 0 0 0 0 17 16 17 19 21 11
 4.920000E+02 9 0 0 0 0 0 0 0 0 0 0 0 14 11 16 20 21 13
 4.925000E+02 11 0 0 0 0 0 0 0 0 0 0 0 10 10 14 11 18 28
 4.930000E+02 9 0 0 0 0 0 0 0 0 0 0 0 11 9 18 14 10 23
 4.935000E+02 2 0 0 0 0 0 0 0 0 0 0 0 14 12 24 16 14 13
 4.940000E+02 8 0 0 0 0 0 0 0 0 0 0 0 13 14 20 13 14 9
 4.945000E+02 7 0 0 0 0 0 0 0 0 0 0 0 12 21 21 16 9 13
 4.950000E+02 8 0 0 0 0 0 0 0 0 0 0 0 16 24 19 12 9 15
 4.955000E+02 9 0 0 1 0 0 0 0 0 0 0 0 18 17 18 12 9 18
 4.960000E+02 7 0 0 0 0 0 0 0 0 1 0 0 23 13 19 14 10 23
 4.965000E+02 7 0 0 0 0 0 0 1 0 0 0 0 11 9 17 23 17 16
 4.970000E+02 13 0 0 0 0 0 0 0 0 1 0 0 15 11 13 18 11 12
 4.975000E+02 5 0 0 0 0 0 0 0 0 0 0 0 16 9 13 24 12 22
 4.980000E+02 14 0 0 0 0 0 0 0 0 0 0 0 11 9 17 20 17 13
 4.985000E+02 10 0 0 0 0 0 0 0 0 0 0 0 13 12 18 17 25 9
 4.990000E+02 10 0 0 0 0 0 0 0 0 0 0 0 11 11 11 19 22 12
 4.995000E+02 9 0 0 0 0 0 0 0 0 0 0 0 13 15 13 18 18 16
 5.000000E+02 8 0 0 0 0 0 0 0 0 1 0 0 15 20 13 22 14 13
 5.005000E+02 9 0 0 0 0 0 0 0 0 1 0 0 9 19 14 25 20 15
 5.010000E+02 8 0 0 0 0 0 0 0 0 1 0 0 13 21 15 20 17 12
 5.015000E+02 7 0 0 0 0 0 0 0 0 1 0 0 12 16 16 15 17 17
 5.020000E+02 11 0 0 0 0 0 0 0 0 1 0 0 13 12 25 16 16 17
 5.025000E+02 11 0 0 0 0 0 0 0 0 3 0 0 16 14 23 19 14 16
 5.030000E+02 10 0 0 0 0 0 0 0 0 1 0 0 14 11 14 23 20 12
 5.035000E+02 3 0 0 0 0 0 0 0 0 0 0 0 19 11 17 23 14 15
 5.040000E+02 11 0 0 0 0 0 0 0 0 0 0 0 11 18 13 21 20 22
 5.045000E+02 6 0 0 0 0 0 0 0 0 0 0 0 16 20 10 17 22 25
 5.050000E+02 5 0 0 0 0 0 0 0 0 0 0 0 9 24 16 17 21 19
 5.055000E+02 8 0 0 0 0 0 0 0 0 0 0 0 11 12 15 14 18 22
 5.060000E+02 6 0 0 0 0 0 0 0 0 0 0 0 18 19 19 16 15 28
 5.065000E+02 13 0 0 0 0 0 0 0 0 0 0 0 14 20 10 17 12 26
 5.070000E+02 12 0 0 0 0 0 0 0 0 1 0 0 13 18 11 15 11 20
 5.075000E+02 12 0 0 0 0 0 0 0 0 0 1 0 21 17 11 16 13 12
 5.080000E+02 12 0 0 0 0 0 0 0 0 0 0 0 17 16 12 18 15 11
 5.085000E+02 8 0 0 0 0 0 0 0 0 0 0 0 16 20 16 17 13 14
 5.090000E+02 6 0 0 0 0 0 0 0 0 0 0 0 16 17 17 13 19 6
 5.095000E+02 16 0 0 0 0 0 0 0 0 0 0 0 20 14 28 15 17 7
 5.100000E+02 6 0 0 0 0 0 0 0 0 0 0 0 12 17 21 8 20 13
 5.105000E+02 12 0 0 0 0 0 0 0 0 0 0 0 17 15 16 14 25 10
 5.110000E+02 13 0 0 0 0 0 0 0 0 0 0 0 14 11 17 17 25 14
 5.115000E+02 11 0 0 0 0 0 0 0 0 0 0 0 9 12 16 21 21 17
 5.120000E+02 7 0 0 0 0 0 0 0 0 0 0 0 14 15 23 17 14 20
 5.125000E+02 7 0 0 0 0 0 0 0 0 0 0 0 14 19 16 15 16 20
 5.130000E+02 9 0 0 0 0 0 0 0 0 0 0 0 19 18 12 16 13 21
 5.135000E+02 8 0 0 0 0 0 0 0 0 0 0 0 20 16 16 12 10 16
 5.140000E+02 9 0 0 0 0 0 0 0 0 0 0 0 20 21 13 9 13 14
 5.145000E+02 3 0 0 0 0 0 0 0 0 0 0 0 20 20 14 12 14 15
 5.150000E+02 8 0 0 0 0 0 0 0 0 0 0 0 17 22 22 14 19 13
 5.155000E+02 8 0 0 0 0 0 0 0 0 0 0 0 18 26 15 16 18 16
 5.160000E+02 11 0 0 0 0 0 0 0 0 0 0 0 20 23 15 9 16 15
 5.165000E+02 8 0 0 0 0 0 0 0 0 0 0 0 22 20 23 8 19 22
 5.170000E+02 9 0 0 0 0 0 0 0 0 0 0 0 20 17 11 14 15 18
 5.175000E+02 6 0 0 0 0 0 0 0 0 0 0 0 19 13 17 16 11 26
 5.180000E+02 6 0 0 0 0 0 0 0 0 0 0 0 14 15 17 14 15 20
 5.185000E+02 6 0 0 0 0 0 0 0 0 0 0 0 17 13 17 15 15 17
 5.190000E+02 10 0 0 0 0 0 0 0 0 0 0 0 17 15 12 15 18 19
 5.195000E+02 8 0 0 0 0 0 0 0 0 1 0 0 17 17 13 19 17 17
 5.200000E+02 7 0 0 0 0 0 0 0 0 1 0 0 15 11 18 16 18 22
 5.205000E+02 8 0 0 1 0 0 0 0 0 0 0 0 13 16 14 12 19 16
 5.210000E+02 5 0 0 0 0 0 0 0 0 0 0 0 27 20 16 14 17 12
 5.215000E+02 12 0 0 0 0 0 0 0 0 0 0 0 24 19 17 17 12 17
 5.220000E+02 7 0 0 0 0 0 0 0 0 0 0 0 20 21 17 15 16 14
 5.225000E+02 13 0 0 0 0 0 0 0 0 1 0 0 14 15 19 16 22 11
 5.230000E+02 10 0 0 0 0 0 0 1 0 1 0 0 18 14 16 18 16 17
 5.235000E+02 12 0 0 0 0 0 0 0 0 1 0 0 23 20 19 16 16 12
 5.240000E+02 5 0 0 0 0 0 0 0 0 1 0 0 19 16 15 22 17 12
 5.245000E+02 15 0 0 0 0 0 0 0 0 0 0 0 22 12 16 26 18 15
 5.250000E+02 12 0 0 0 0 0 0 0 0 0 0 0 21 13 15 15 16 16
 5.255000E+02 3 0 0 0 0 0 0 0 0 0 0 0 23 14 21 6 19 14
 5.260000E+02 13 0 0 0 0 0 0 0 0 1 0 0 27 14 22 13 21 9
 5.265000E+02 4 0 0 0 0 0 0 0 0 1 0 0 25 19 24 16 11 17
 5.270000E+02 6 0 0 0 0 0 0 0 0 1 0 0 22 22 23 13 17 21
 5.275000E+02 10 0 0 0 0 0 0 0 0 1 0 0 21 21 15 16 17 20
 5.280000E+02 5 0 0 0 0 0 0 0 0 1 0 0 16 16 16 19 18 20
 5.285000E+02 9 0 0 0 0 0 0 0 0 0 0 0 15 18 17 16 15 20
 5.290000E+02 8 0 0 0 0 0 0 0 0 0 0 0 16 25 9 15 12 19
 5.295000E+02 12 0 0 0 0 0 0 0 0 0 0 0 18 16 16 14 15 24
 5.300000E+02 8 0 0 0 0 0 0 0 0 1 0 0 20 16 13 14 20 23
 5.305000E+02 9 0 0 0 0 0 0 1 0 0 0 0 16 18 16 12 12 22
 5.310000E+02 11 0 0 0 0 0 0 0 0 1 0 0 18 14 18 17 16 24
 5.315000E+02 12 0 0 0 0 0 0 1 0 0 0 0 14 14 16 18 19 13
 5.320000E+02 17 0 0 0 0 0 0 0 0 1 0 0 20 20 15 15 16 16
 5.325000E+02 12 0 0 0 0 0 0 0 0 1 0 0 17 18 21 12 18 19
 5.330000E+02 12 0 0 0 0 0 0 0 0 0 0 0 15 18 13 14 18 16
 5.335000E+02 5 0 0 0 0 0 0 0 0 0 0 0 20 21 10 15 19 17
 5.340000E+02 11 0 0 0 0 0 0 0 0 0 0 0 14 19 16 14 18 20
 5.345000E+02 13 0 0 0 0 0 0 0 0 0 0 0 13 15 20 12 17 22
 5.350000E+02 6 0 0 0 0 0 0 0 0 0 0 0 19 20 23 18 15 21
 5.355000E+02 8 0 0 0 0 0 0 0 0 0 0 0 13 24 13 17 11 12
 5.360000E+02 8 0 0 0 0 0 0 0 0 0 0 0 14 20 12 22 13 13
 5.365000E+02 11 0 0 0 0 0 0 0 0 0 0 0 14 24 14 19 17 15
 5.370000E+02 10 0 0 0 0 0 0 0 0 1 0 0 16 25 21 16 16 12
 5.375000E+02 10 0 0 0 0 0 0 0 0 1 0 0 18 23 25 14 15 12
 5.380000E+02 9 0 0 0 0 0 0 1 0 0 0 0 22 19 21 19 13 15
 5.385000E+02 5 0 0 0 0 0 0 0 0 1 0 0 15 19 19 19 16 15
 5.390000E+02 4 0 0 0 0 0 0 0 0 0 0 0 14 21 16 24 18 13
 5.395000E+02 11 0 0 0 0 0 0 0 0 0 0 0 9 24 18 28 11 13
 5.400000E+02 6 0 0 0 0 0 0 0 0 1 0 0 16 23 14 26 9 13
 5.405000E+02 7 0 0 0 0 0 0 0 0 2 0 0 12 17 12 24 9 16
 5.410000E+02 9 0 0 1 0 0 0 0 0 1 0 0 11 19 20 25 15 9
 5.415000E+02 11 0 0 0 0 0 0 0 0 2 0 0 16 19 22 24 12 8
 5.420000E+02 5 0 0 0 0 0 0 0 0 0 0 0 16 18 24 13 11 11
 5.425000E+02 8 0 0 0 0 0 0 0 0 0 0 0 16 16 20 13 16 18
 5.430000E+02 10 0 0 0 0 0 0 0 0 0 0 0 15 20 21 16 13 16
 5.435000E+02 5 0 0 0 0 0 0 0 0 0 0 0 12 19 25 16 21 11
 5.440000E+02 9 0 0 0 0 0 0 0 0 0 0 0 13 19 21 16 13 11
 5.445000E+02 11 0 0 0 0 0 0 0 0 0 0 0 11 19 18 17 10 14
 5.450000E+02 12 0 0 0 0 0 0 0 0 0 0 0 14 15 24 18 19 13
 5.455000E+02 9 0 0 0 0 0 0 0 0 0 0 0 14 19 24 11 16 9
 5.460000E+02 12 0 0 0 0 0 0 0 0 0 0 0 15 19 26 20 10 15
 5.465000E+02 10 0 0 0 0 0 0 0 0 0 0 0 11 19 19 29 9 17
 5.470000E+02 7 0 0 0 0 0 0 0 0 0 0 0 19 21 15 19 12 18
 5.475000E+02 11 0 0 0 0 0 0 0 0 1 0 0 19 20 21 16 13 15
 5.480000E+02 5 0 0 0 0 0 0 0 0 2 0 0 15 14 22 18 16 13
 5.485000E+02 9 0 0 0 0 0 0 1 0 1 0 0 15 21 18 25 11 14
 5.490000E+02 7 0 0 0 0 0 0 0 0 2 0 0 15 18 22 20 13 15
 5.495000E+02 5 0 0 0 0 1 0 1 0 0 0 0 10 15 17 27 12 25
 5.500000E+02 11 0 0 0 0 0 0 2 0 0 0 0 12 20 15 21 11 17
 5.505000E+02 9 0 0 0 0 0 0 0 0 1 1 0 15 14 20 18 19 10
 5.510000E+02 3 0 0 0 0 0 0 0 0 2 0 0 19 17 21 16 17 15
 5.515000E+02 12 0 0 0 0 0 0 0 0 1 0 0 22 12 17 19 22 14
 5.520000E+02 10 0 0 0 0 0 0 0 0 1 0 0 22 13 18 21 12 16
 5.525000E+02 10 0 0 0 0 0 0 0 0 0 0 0 15 17 20 12 18 22
 5.530000E+02 10 0 0 0 0 0 0 0 0 0 0 0 20 10 13 23 19 16
 5.535000E+02 8 0 0 0 0 0 0 0 0 1 1 0 23 13 19 17 14 12
 5.540000E+02 7 0 0 0 0 0 0 0 0 2 0 0 16 15 19 21 17 20
 5.545000E+02 7 0 0 0 0 0 0 0 0 1 0 0 14 15 18 16 20 23
 5.550000E+02 8 0 0 0 0 0 0 0 0 1 0 0 20 16 16 13 14 22
 5.555000E+02 9 0 0 0 0 0 0 0 0 1 0 0 15 10 9 25 11 23
 5.560000E+02 7 0 0 0 0 0 0 0 0 1 0 0 15 10 18 15 18 17
 5.565000E+02 12 0 0 0 0 0 0 0 0 0 0 0 18 18 12 17 12 22
 5.570000E+02 9 0 0 0 0 0 0 0 0 0 0 0 19 15 17 21 15 23
 5.575000E+02 7 0 0 0 0 0 0 0 0 0 0 0 21 10 20 16 15 16
 5.580000E+02 9 0 0 0 0 0 0 0 0 0 0 0 22 15 16 13 19 14
 5.585000E+02 19 0 0 0 0 0 0 0 0 0 0 0 21 16 16 14 19 12
 5.590000E+02 12 0 0 0 0 0 0 0 0 0 0 0 22 20 19 19 20 18
 5.595000E+02 15 0 0 0 0 0 0 0 0 0 0 0 23 20 14 19 19 15
 5.600000E+02 6 0 0 0 0 0 0 0 0 0 0 0 22 17 19 17 18 11
 5.605000E+02 7 0 0 0 0 0 0 0 0 0 0 0 23 24 22 12 12 13
 5.610000E+02 8 0 0 0 0 0 0 0 0 0 0 0 27 16 21 11 14 12
 5.615000E+02 7 0 0 0 0 0 0 0 0 0 0 0 22 14 18 14 17 16
 5.620000E+02 11 0 0 0 0 0 0 0 0 1 0 0 21 11 23 19 13 13
 5.625000E+02 3 0 0 0 0 0 0 0 0 1 0 0 20 14 18 18 17 16
 5.630000E+02 14 0 0 0 0 0 0 0 0 1 0 0 15 18 24 17 13 16
 5.635000E+02 11 0 0 0 0 0 0 0 0 2 0 0 12 19 18 27 16 12
 5.640000E+02 6 0 0 0 0 0 0 0 0 1 0 0 13 18 19 21 18 21
 5.645000E+02 9 0 0 1 0 0 0 0 0 0 0 0 19 13 16 18 12 16
 5.650000E+02 8 0 0 0 0 0 0 0 0 0 0 0 14 18 17 18 16 19
 5.655000E+02 5 0 0 0 0 0 0 0 0 0 0 0 15 20 18 17 19 16
 5.660000E+02 6 0 0 0 0 0 0 0 0 0 0 0 17 20 17 14 20 16
 5.665000E+02 8 0 0 0 0 0 0 0 0 0 0 0 12 14 18 12 20 15
 5.670000E+02 8 0 0 0 0 0 0 0 0 1 0 0 9 14 15 18 12 20
 5.675000E+02 14 0 0 0 0 0 0 0 0 0 0 0 11 12 22 17 8 21
 5.680000E+02 8 0 0 0 0 0 0 0 0 0 0 0 18 14 13 19 8 18
 5.685000E+02 8 0 0 0 0 0 0 0 0 0 0 0 19 11 15 17 16 19
 5.690000E+02 7 0 0 0 0 0 0 0 0 0 0 0 10 11 14 19 16 20
 5.695000E+02 8 0 0 0 0 0 0 0 0 1 0 0 15 15 20 18 7 17
 5.700000E+02 7 0 0 0 0 0 0 0 0 0 0 0 14 15 18 18 15 19
 5.705000E+02 9 0 0 0 0 0 0 0 0 1 0 0 18 12 17 14 16 18
 5.710000E+02 9 0 0 0 0 0 0 1 0 1 0 0 18 16 12 20 17 19
 5.715000E+02 13 0 0 0 0 0 0 0 0 1 0 0 24 17 9 19 22 17
 5.720000E+02 9 0 0 0 0 0 0 0 0 0 0 0 17 16 12 19 14 25
 5.725000E+02 7 0 0 0 0 0 0 0 0 0 0 0 13 28 17 13 15 23
 5.730000E+02 8 0 0 0 0 0 0 0 0 0 0 0 16 19 17 14 15 19
 5.735000E+02 4 0 0 0 0 0 0 0 0 0 0 0 16 19 15 16 16 18
 5.740000E+02 8 0 0 0 0 0 0 0 0 0 0 0 11 17 21 15 20 15
 5.745000E+02 3 0 0 0 0 0 0 0 0 0 0 0 16 14 18 27 13 14
 5.750000E+02 4 0 0 0 0 0 0 0 0 0 0 0 19 11 13 25 14 17
 5.755000E+02 10 0 0 0 0 0 0 0 0 0 0 0 22 12 16 21 11 8
 5.760000E+02 8 0 0 0 0 0 0 0 0 0 0 0 24 12 15 15 14 16
 5.765000E+02 7 0 0 0 0 0 0 0 0 0 0 0 25 7 18 17 16 15
 5.770000E+02 9 0 0 0 0 0 0 0 0 0 0 0 23 7 19 22 13 18
 5.775000E+02 13 0 0 0 0 0 0 0 0 0 0 0 24 7 18 17 18 17
 5.780000E+02 8 0 0 0 0 0 0 0 0 0 0 0 27 13 17 21 12 16
 5.785000E+02 7 0 0 0 0 0 0 0 0 0 0 0 25 12 15 14 12 20
 5.790000E+02 9 0 0 0 0 0 0 0 0 0 0 0 17 15 17 12 16 19
 5.795000E+02 10 0 0 0 0 0 0 0 0 0 0 0 13 15 15 18 15 24
 5.800000E+02 10 0 0 0 0 0 0 0 0 1 0 0 15 11 24 17 15 19
 5.805000E+02 8 0 0 0 0 0 0 0 0 1 0 0 14 12 19 13 28 21
 5.810000E+02 8 0 0 0 0 0 0 0 0 0 0 0 15 15 19 13 22 18
 5.815000E+02 8 0 0 0 0 0 0 0 0 0 0 0 14 15 21 18 21 20
 5.820000E+02 6 0 0 0 0 0 0 0 0 0 0 0 13 21 18 18 19 12
 5.825000E+02 11 0 0 0 0 0 0 0 0 0 0 0 11 24 18 13 19 12
 5.830000E+02 8 0 0 0 0 0 0 0 0 0 0 0 14 17 18 12 23 15
 5.835000E+02 5 0 0 0 0 0 0 0 0 0 0 0 10 17 16 15 22 16
 5.840000E+02 3 0 0 0 0 0 0 1 0 0 0 0 15 14 23 12 18 22
 5.845000E+02 7 0 0 0 0 0 0 1 0 0 0 0 9 18 21 19 15 23
 5.850000E+02 16 0 0 1 0 0 0 0 0 1 0 0 10 16 19 16 15 19
 5.855000E+02 10 0 0 0 0 0 0 1 0 0 0 0 16 16 16 8 22 14
 5.860000E+02 13 0 0 0 0 0 0 0 0 1 0 0 14 15 18 9 15 20
 5.865000E+02 3 0 0 0 0 0 0 0 0 0 0 0 14 16 19 12 25 14
 5.870000E+02 10 0 0 0 0 0 0 0 0 1 0 0 16 20 16 14 23 12
 5.875000E+02 9 0 0 1 0 0 0 0 0 1 0 0 12 19 18 14 17 14
 5.880000E+02 16 0 0 0 0 0 0 0 0 0 0 0 13 20 14 15 15 16
 5.885000E+02 3 0 0 0 0 0 0 0 0 0 0 0 18 13 17 16 17 17
 5.890000E+02 10 0 0 0 0 0 0 1 0 0 0 0 19 22 20 21 11 19
 5.895000E+02 7 0 0 0 0 0 0 0 0 1 0 0 11 14 15 17 16 21
 5.900000E+02 9 0 0 0 0 0 0 0 0 1 0 0 10 15 11 24 14 25
 5.905000E+02 13 0 0 0 0 0 0 0 0 1 0 0 11 16 8 20 15 18
 5.910000E+02 9 0 0 0 0 0 0 0 0 0 0 0 17 19 14 18 13 15
 5.915000E+02 7 0 0 0 0 0 0 0 0 0 0 0 18 17 14 22 11 14
 5.920000E+02 9 0 0 0 0 0 0 0 0 0 0 0 22 21 15 16 21 14
 5.925000E+02 8 0 0 0 0 0 0 0 0 0 0 0 15 23 20 18 16 16
 5.930000E+02 10 0 0 0 0 0 0 0 0 0 0 0 12 18 14 20 17 22
 5.935000E+02 2 0 0 0 0 0 0 0 0 1 0 0 15 23 19 17 15 15
 5.940000E+02 6 0 0 0 0 0 0 0 0 1 0 0 14 18 19 15 13 12
 5.945000E+02 8 0 0 0 0 0 0 0 0 1 0 0 11 13 18 18 19 15
 5.950000E+02 9 0 0 0 0 0 0 0 0 1 0 0 11 23 21 18 18 11
 5.955000E+02 7 0 0 0 0 0 0 0 0 1 0 0 12 21 22 17 20 13
 5.960000E+02 8 0 0 0 0 0 0 0 0 0 0 0 8 16 23 20 17 12
 5.965000E+02 7 0 0 0 0 0 0 0 0 0 0 0 18 18 20 12 20 16
 5.970000E+02 7 0 0 0 0 0 0 0 0 0 0 0 15 13 22 12 17 24
 5.975000E+02 8 0 0 0 0 0 0 0 0 1 0 0 18 16 22 14 12 23
 5.980000E+02 9 0 0 0 0 0 0 0 0 0 0 0 19 17 19 19 19 18
 5.985000E+02 5 0 0 0 0 0 0 0 0 1 0 0 21 15 21 18 17 17
 5.990000E+02 9 0 0 1 0 0 0 0 0 1 0 0 18 19 13 16 19 11
 5.995000E+02 9 0 0 0 0 0 0 0 0 1 0 0 9 16 18 20 22 14
 6.000000E+02 6 0 0 0 0 0 0 1 0 0 0 0 12 17 13 14 22 11
 6.005000E+02 9 0 0 0 0 0 0 0 0 1 0 0 14 19 14 15 22 13
 6.010000E+02 7 0 0 0 0 0 0 0 0 0 0 0 15 18 13 14 26 14
 6.015000E+02 12 0 0 0 0 0 0 0 0 0 0 0 14 19 17 15 21 12
 6.020000E+02 9 0 0 0 0 0 0 0 0 0 0 0 14 18 19 16 20 23
 6.025000E+02 9 0 0 0 0 0 0 0 0 0 0 0 12 17 15 21 19 14
 6.030000E+02 2 0 0 1 0 0 0 0 0 0 0 0 13 20 12 8 25 14
 6.035000E+02 10 0 0 0 0 0 0 1 0 0 0 0 18 19 13 12 23 19
 6.040000E+02 7 0 0 0 0 0 0 0 0 0 0 0 19 15 16 12 21 22
 6.045000E+02 5 0 0 0 0 0 0 0 0 0 0 0 15 11 14 12 19 21
 6.050000E+02 13 0 0 0 0 0 0 0 0 0 0 0 17 10 9 22 16 21
 6.055000E+02 10 0 0 0 0 0 0 0 0 0 0 0 17 15 18 19 15 18
 6.060000E+02 3 0 0 0 0 0 0 1 0 0 0 0 22 18 20 21 12 12
 6.065000E+02 16 0 0 0 0 0 0 0 0 0 0 0 18 20 15 12 16 15
 6.070000E+02 16 0 0 0 0 0 0 0 0 0 0 0 10 16 13 20 15 21
 6.075000E+02 7 0 0 0 0 0 0 0 0 0 0 0 19 13 18 13 15 18
 6.080000E+02 9 0 0 0 0 0 0 0 0 0 0 0 15 12 20 14 22 15
 6.085000E+02 15 0 0 0 0 0 0 0 0 0 0 0 17 11 17 17 17 13
 6.090000E+02 7 0 0 0 0 0 0 0 0 0 0 0 21 11 17 22 14 18
 6.095000E+02 7 0 0 0 0 0 0 0 0 0 0 0 18 13 19 21 16 16
 6.100000E+02 10 0 0 0 0 0 0 0 0 0 0 0 14 15 12 17 20 16
 6.105000E+02 4 0 0 0 0 0 0 0 0 0 0 0 15 13 17 14 17 17
 6.110000E+02 11 0 0 0 0 0 0 0 0 0 0 0 14 11 24 20 16 13
 6.115000E+02 13 0 0 0 0 0 0 0 0 0 0 0 10 10 21 20 16 12
 6.120000E+02 10 0 0 0 0 0 0 0 0 0 0 0 17 10 18 20 17 17
 6.125000E+02 5 0 0 0 0 0 0 0 0 1 0 0 15 18 17 14 17 11
 6.130000E+02 9 0 0 0 0 0 0 0 0 1 0 0 16 14 20 12 19 13
 6.135000E+02 13 0 0 0 0 0 0 1 0 0 0 0 14 16 22 17 22 12
 6.140000E+02 5 0 0 0 0 0 0 0 0 1 0 0 15 14 21 21 18 16
 6.145000E+02 14 0 0 1 0 0 0 0 0 0 0 0 15 13 14 17 19 10
 6.150000E+02 5 0 0 0 0 0 0 0 0 1 0 0 17 17 15 22 20 10
 6.155000E+02 10 0 0 0 0 0 0 0 0 0 0 0 13 15 13 15 14 19
 6.160000E+02 7 0 0 0 0 0 0 0 0 1 0 0 18 15 10 11 15 27
 6.165000E+02 7 0 0 1 0 0 0 1 0 0 0 0 13 14 17 14 16 19
 6.170000E+02 4 0 0 0 0 0 0 1 0 1 0 0 17 19 24 18 15 20
 6.175000E+02 11 0 0 0 0 0 0 0 0 1 0 0 13 17 23 22 9 19
 6.180000E+02 13 0 0 0 0 0 0 0 0 1 0 0 19 20 22 21 7 19
 6.185000E+02 15 0 0 0 0 0 0 0 0 0 0 0 14 15 18 16 13 19
 6.190000E+02 9 0 0 0 0 0 0 0 0 0 0 0 20 15 17 15 18 19
 6.195000E+02 8 0 0 0 0 0 0 0 0 0 0 0 18 20 19 17 18 15
 6.200000E+02 12 0 0 0 0 0 0 0 0 0 0 0 17 22 11 17 16 15
 6.205000E+02 10 0 0 0 0 0 0 0 0 0 0 0 23 24 11 25 15 19
 6.210000E+02 6 0 0 0 0 0 0 0 0 0 0 0 14 23 10 20 17 14
 6.215000E+02 7 0 0 0 0 0 0 0 0 0 0 0 20 18 13 14 15 19
 6.220000E+02 6 0 0 0 0 0 0 0 0 0 0 0 16 17 12 18 18 16
 6.225000E+02 10 0 0 0 0 0 0 0 0 0 0 0 16 14 12 18 19 19
 6.230000E+02 13 0 0 0 0 0 0 1 0 0 0 0 12 19 8 19 22 19
 6.235000E+02 13 0 0 0 0 0 0 0 0 1 0 0 13 18 13 18 21 15
 6.240000E+02 10 0 0 0 0 0 0 0 0 1 0 0 18 8 20 17 18 20
 6.245000E+02 14 0 0 0 0 0 0 0 0 0 0 0 19 11 11 15 17 18
 6.250000E+02 16 0 0 0 0 0 0 0 0 0 0 0 21 20 12 17 15 12
 6.255000E+02 4 0 0 0 0 0 0 0 0 0 0 0 19 21 18 16 12 14
 6.260000E+02 6 0 0 0 0 0 0 0 0 0 0 0 21 17 19 17 13 16
 6.265000E+02 3 0 0 0 0 0 0 0 0 0 0 0 23 22 13 16 18 19
 6.270000E+02 8 0 0 0 0 0 0 0 0 0 0 0 18 16 16 20 19 22
 6.275000E+02 8 0 0 0 0 0 0 0 0 0 0 0 8 17 18 17 18 18
 6.280000E+02 9 0 0 0 0 0 0 0 0 0 0 0 9 19 19 22 22 13
 6.285000E+02 7 0 0 0 0 0 0 0 0 0 0 0 14 22 18 16 24 14
 6.290000E+02 8 0 0 0 0 0 0 0 0 0 0 0 19 21 12 11 25 20
 6.295000E+02 6 0 0 0 0 0 0 0 0 0 0 0 20 23 12 7 18 15
 6.300000E+02 10 0 0 0 0 0 0 0 0 0 0 0 19 27 16 15 19 14
 6.305000E+02 9 0 0 0 0 0 0 0 0 0 0 0 15 18 16 19 23 17
 6.310000E+02 5 0 0 0 0 0 0 0 0 0 0 0 11 14 18 23 19 18
 6.315000E+02 6 0 0 0 0 0 0 0 0 0 0 0 11 19 25 16 21 26
 6.320000E+02 9 0 0 0 0 0 0 0 0 0 0 0 7 16 16 18 19 16
 6.325000E+02 11 0 0 0 0 0 0 0 0 0 0 0 13 9 21 16 23 13
 6.330000E+02 3 0 0 0 0 0 0 0 0 0 0 0 14 18 14 20 31 10
 6.335000E+02 7 0 0 0 0 0 0 0 0 0 0 0 13 22 15 28 22 12
 6.340000E+02 8 0 0 0 0 0 0 0 0 1 0 0 15 18 14 25 18 15
 6.345000E+02 10 0 0 0 0 0 0 0 0 1 0 0 14 18 16 17 20 18
 6.350000E+02 9 0 0 0 0 0 0 0 0 0 0 0 11 19 17 10 24 22
 6.355000E+02 13 0 0 0 0 0 0 1 0 0 0 0 14 16 19 18 25 19
 6.360000E+02 8 0 0 0 0 0 0 0 0 0 0 0 10 19 23 20 14 18
 6.365000E+02 14 0 0 0 0 0 0 0 0 1 0 0 16 20 15 17 9 16
 6.370000E+02 13 0 0 0 0 0 0 0 0 0 0 0 16 12 19 14 13 22
 6.375000E+02 11 0 0 0 0 0 0 0 0 0 0 0 15 18 19 18 15 22
 6.380000E+02 7 0 0 0 0 0 0 0 0 0 0 0 18 18 21 17 16 11
 6.385000E+02 9 0 0 0 0 0 0 0 0 0 0 0 17 18 14 17 15 20
 6.390000E+02 6 0 0 0 0 0 0 0 0 0 0 0 18 22 10 15 16 18
 6.395000E+02 7 0 0 0 0 0 0 0 0 0 0 0 26 14 16 18 10 25
 6.400000E+02 4 0 0 0 0 0 0 0 0 0 0 0 23 12 22 13 16 27
 6.405000E+02 6 0 0 0 0 0 0 0 0 0 0 0 17 17 24 15 12 20
 6.410000E+02 1 0 0 0 0 0 0 0 0 0 0 0 15 21 18 14 13 16
 6.415000E+02 8 0 0 0 0 0 0 0 0 0 0 0 16 21 12 15 21 16
 6.420000E+02 4 0 0 0 0 0 0 0 0 0 0 0 15 22 17 15 19 17
 6.425000E+02 10 0 0 0 0 0 0 0 0 0 0 0 14 25 22 13 21 17
 6.430000E+02 8 0 0 0 0 0 0 0 0 0 0 0 21 24 13 14 14 23
 6.435000E+02 2 0 0 0 0 0 0 0 0 0 0 0 22 19 14 12 15 19
 6.440000E+02 11 0 0 0 0 0 0 0 0 0 0 0 22 18 15 11 15 15
 6.445000E+02 10 0 0 0 0 0 0 0 0 0 0 0 20 16 18 14 17 18
 6.450000E+02 3 0 0 0 0 0 0 0 0 0 0 0 14 14 17 19 16 18
 6.455000E+02 7 0 0 0 0 0 0 0 0 0 0 0 19 17 19 23 18 15
 6.460000E+02 8 0 0 0 0 0 0 0 0 1 0 0 17 7 22 21 16 12
 6.465000E+02 9 0 0 0 0 0 0 0 0 0 0 0 15 12 16 19 21 23
 6.470000E+02 5 0 0 0 0 0 0 0 0 0 0 0 16 17 13 24 16 25
 6.475000E+02 11 0 0 0 0 0 0 0 0 0 0 0 16 14 13 18 22 23
 6.480000E+02 10 0 0 0 0 0 0 0 0 0 0 0 22 16 12 11 17 26
 6.485000E+02 11 0 0 0 0 0 0 0 0 0 0 0 14 20 15 23 22 18
 6.490000E+02 13 0 0 0 0 0 0 0 0 0 0 0 14 15 15 23 14 16
 6.495000E+02 11 0 0 0 0 0 0 0 0 0 0 0 17 14 9 17 20 17
 6.500000E+02 10 0 0 0 0 0 0 0 0 0 0 0 10 11 14 24 20 18
 6.505000E+02 5 0 0 0 0 0 0 0 0 0 0 0 12 11 19 18 16 23
 6.510000E+02 4 0 0 0 0 0 0 0 0 0 0 0 13 13 23 19 17 23
 6.515000E+02 7 0 0 0 0 0 0 0 0 0 0 0 19 12 22 20 17 24
 6.520000E+02 11 0 0 0 0 0 0 0 0 0 0 0 16 18 22 21 14 18
 6.525000E+02 9 0 0 0 0 0 0 0 0 0 0 0 19 16 21 18 11 12
 6.530000E+02 3 0 0 0 0 0 0 0 0 0 0 0 21 21 23 16 12 15
 6.535000E+02 4 0 0 0 0 0 0 0 0 0 0 0 21 12 15 17 18 14
 6.540000E+02 10 0 0 0 0 0 0 0 0 0 0 0 18 10 15 22 23 11
 6.545000E+02 8 0 0 0 0 0 0 0 0 0 0 0 16 11 23 24 20 16
 6.550000E+02 9 0 0 0 0 0 0 0 0 0 0 0 15 14 25 23 24 12
 6.555000E+02 2 0 0 0 0 0 0 0 0 0 0 0 14 19 23 24 23 14
 6.560000E+02 6 0 0 0 0 0 0 0 0 0 0 0 17 24 14 19 14 11
 6.565000E+02 15 0 0 0 0 0 0 0 0 0 0 0 14 24 17 17 17 19
 6.570000E+02 6 0 0 0 0 0 0 0 0 0 0 0 16 19 18 19 16 12
 6.575000E+02 4 0 0 0 0 0 0 0 0 0 0 0 17 25 20 18 20 11
 6.580000E+02 9 0 0 0 0 0 0 0 0 0 0 0 18 20 17 24 15 14
 6.585000E+02 12 0 0 0 0 0 0 0 0 1 0 0 24 18 12 23 16 9
 6.590000E+02 12 0 0 0 0 0 0 0 0 1 0 0 22 13 15 22 22 8
 6.595000E+02 5 0 0 0 0 0 0 0 0 1 0 0 20 16 15 20 22 11
 6.600000E+02 13 0 0 0 0 0 0 0 0 1 0 0 20 12 22 21 19 18
 6.605000E+02 11 0 0 0 0 0 0 0 0 0 0 0 14 14 25 14 22 18
 6.610000E+02 8 0 0 0 0 0 0 0 0 0 0 0 15 19 26 11 23 15
 6.615000E+02 10 0 0 0 0 0 0 0 0 0 0 0 19 11 18 14 14 18
 6.620000E+02 9 0 0 0 0 0 0 0 0 0 0 0 17 14 21 17 18 15
 6.625000E+02 10 0 0 0 0 0 0 0 0 0 0 0 31 20 18 15 16 15
 6.630000E+02 6 0 0 0 0 0 0 0 0 0 0 0 20 15 15 22 16 14
 6.635000E+02 6 0 0 0 0 0 0 0 0 0 0 0 14 19 17 27 14 17
 6.640000E+02 14 0 0 0 0 0 0 0 0 0 0 0 15 22 15 16 19 17
 6.645000E+02 8 0 0 0 0 0 0 0 0 0 0 0 22 20 17 16 12 22
 6.650000E+02 8 0 0 0 0 0 0 0 0 0 0 0 19 17 19 17 11 23
 6.655000E+02 8 0 0 0 0 0 0 0 0 0 0 0 13 8 15 24 18 18
 6.660000E+02 5 0 0 0 0 0 0 0 0 0 0 0 24 15 16 20 17 24
 6.665000E+02 8 0 0 0 0 0 0 0 0 0 0 0 15 14 17 15 18 25
 6.670000E+02 9 0 0 0 0 0 0 0 0 0 0 0 15 10 16 21 20 17
 6.675000E+02 5 0 0 0 0 0 0 0 0 1 0 0 14 14 25 15 17 17
 6.680000E+02 4 0 0 0 0 0 0 0 0 0 0 0 9 13 19 19 21 22
 6.685000E+02 6 0 0 0 0 0 0 0 0 1 0 0 10 13 18 23 17 12
 6.690000E+02 9 0 0 1 0 0 0 0 0 1 0 0 18 18 19 17 17 10
 6.695000E+02 13 0 0 0 0 0 0 1 0 0 0 1 17 16 20 16 20 13
 6.700000E+02 9 0 0 0 0 0 0 0 0 0 0 0 18 17 21 14 17 12
 6.705000E+02 14 0 0 0 0 0 0 0 0 0 0 0 10 21 24 15 18 11
 6.710000E+02 9 0 0 0 0 0 0 0 0 0 0 0 19 23 19 14 18 7
 6.715000E+02 9 0 0 0 0 0 0 0 0 0 0 0 19 18 16 14 16 12
 6.720000E+02 8 0 0 0 0 0 0 0 0 0 0 0 22 24 13 16 17 18
 6.725000E+02 9 0 0 0 0 0 0 0 0 0 0 0 20 23 17 23 19 14
 6.730000E+02 11 0 0 0 0 0 0 0 0 0 0 0 24 16 15 11 17 22
 6.735000E+02 8 0 0 0 0 0 0 0 0 0 0 0 20 16 15 15 21 17
 6.740000E+02 8 0 0 0 0 0 0 0 0 1 0 0 12 18 14 16 23 21
 6.745000E+02 9 0 0 0 0 0 0 0 0 1 0 0 16 16 13 15 18 20
 6.750000E+02 6 0 0 0 0 0 0 1 0 0 0 0 14 20 9 16 18 23
 6.755000E+02 7 0 0 0 0 0 0 0 0 0 0 0 20 18 13 17 17 10
 6.760000E+02 7 0 0 0 0 0 0 0 0 0 0 0 19 16 16 17 16 12
 6.765000E+02 5 0 0 0 0 0 0 0 0 0 0 0 19 16 24 20 14 20
 6.770000E+02 3 0 0 0 0 0 0 0 0 1 0 0 14 17 24 15 12 25
 6.775000E+02 7 0 0 0 0 0 0 0 0 1 0 0 17 15 19 17 15 13
 6.780000E+02 6 0 0 0 0 0 0 0 0 2 0 0 18 12 14 21 14 19
 6.785000E+02 5 0 0 0 0 0 0 0 0 2 0 0 18 18 12 20 12 19
 6.790000E+02 4 0 0 0 0 0 0 1 0 1 0 0 14 13 13 21 15 17
 6.795000E+02 11 0 0 1 0 0 0 0 0 1 0 0 12 19 15 28 14 17
 6.800000E+02 7 0 0 0 0 0 0 0 0 3 0 0 14 19 15 15 21 20
 6.805000E+02 9 0 0 0 0 0 0 1 0 2 0 0 17 19 14 24 18 18
 6.810000E+02 8 0 0 0 0 0 0 1 0 1 0 0 19 18 9 21 21 13
 6.815000E+02 12 0 0 0 0 0 0 0 0 1 0 0 10 18 10 23 25 13
 6.820000E+02 6 0 0 0 0 0 0 1 0 1 0 0 14 29 10 20 22 13
 6.825000E+02 10 0 0 0 0 0 0 1 0 0 0 0 15 22 12 14 22 11
 6.830000E+02 8 0 0 0 0 0 0 0 0 1 0 0 17 22 10 11 26 16
 6.835000E+02 10 0 0 0 0 0 0 0 0 0 0 0 17 16 13 12 19 26
 6.840000E+02 9 0 0 0 0 0 0 0 0 0 0 0 18 19 13 18 17 16
 6.845000E+02 13 0 0 0 0 0 0 0 0 0 0 0 19 19 16 20 16 19
 6.850000E+02 7 0 0 0 0 0 0 0 0 0 0 0 12 17 16 14 18 20
 6.855000E+02 12 0 0 0 0 0 0 0 0 0 0 0 14 15 19 14 21 13
 6.860000E+02 7 0 0 0 0 0 0 0 0 0 0 0 16 11 24 9 21 17
 6.865000E+02 8 0 0 0 0 0 0 0 0 0 0 0 20 13 19 10 19 14
 6.870000E+02 10 0 0 0 0 0 0 0 0 0 0 0 24 13 22 18 15 14
 6.875000E+02 14 0 0 0 0 0 0 0 0 0 0 0 28 15 15 12 17 15
 6.880000E+02 8 0 0 0 0 0 0 0 0 0 0 0 27 9 14 14 19 18
 6.885000E+02 10 0 0 0 0 0 0 0 0 0 0 0 25 13 17 15 18 22
 6.890000E+02 10 0 0 0 0 0 0 0 0 0 0 0 23 19 14 14 11 12
 6.895000E+02 11 0 0 0 0 0 0 0 0 0 0 0 23 15 19 17 6 16
 6.900000E+02 13 0 0 0 0 0 0 0 0 0 0 0 24 17 14 18 13 21
 6.905000E+02 8 0 0 0 0 0 0 0 0 0 0 0 16 17 13 18 20 12
 6.910000E+02 7 0 0 0 0 0 0 0 0 0 0 0 18 17 11 19 22 14
 6.915000E+02 6 0 0 0 0 0 0 1 0 0 0 0 14 11 18 16 20 16
 6.920000E+02 5 0 0 0 0 0 0 0 0 0 0 0 14 11 19 15 21 15
 6.925000E+02 11 0 0 0 0 0 0 0 0 0 0 0 17 13 16 18 17 15
 6.930000E+02 9 0 0 0 0 0 0 0 0 0 0 0 21 15 20 21 17 9
 6.935000E+02 10 0 0 0 0 0 0 0 0 0 0 0 17 13 20 20 17 9
 6.940000E+02 9 0 0 0 0 0 0 0 0 0 0 0 23 12 17 15 19 12
 6.945000E+02 6 0 0 0 0 0 0 0 0 0 0 0 20 14 20 20 16 15
 6.950000E+02 5 0 0 0 0 0 0 0 0 0 0 0 16 20 17 20 15 18
 6.955000E+02 13 0 0 0 0 0 0 0 0 0 0 0 19 20 20 21 11 17
 6.960000E+02 12 0 0 0 0 0 0 0 0 0 0 0 18 24 28 17 10 18
 6.965000E+02 12 0 0 0 0 0 0 0 0 0 0 0 19 16 25 19 9 12
 6.970000E+02 8 0 0 0 0 0 0 0 0 0 0 0 23 16 18 20 11 17
 6.975000E+02 10 0 0 0 0 0 0 0 0 0 0 0 16 19 16 17 8 15
 6.980000E+02 11 0 0 0 0 0 0 0 0 0 0 0 15 16 20 20 12 15
 6.985000E+02 5 0 0 0 0 0 0 0 0 0 0 0 22 18 12 18 11 17
 6.990000E+02 4 0 0 0 0 0 0 0 0 0 0 0 21 18 18 19 11 18
 6.995000E+02 12 0 0 0 0 0 0 0 0 0 0 0 15 16 18 21 16 18
 7.000000E+02 10 0 0 0 0 0 0 0 0 0 0 0 16 15 21 15 14 23
