# time 'Ca' 'D34:75:137_PP2ACa' 'D34:75:137_PP2APCa' 'D34:75_PP2ACa' 'D34:75_PP2APCa' 'D75:137_PP2ACa' 'D75:137_PP2APCa' 'D75_PP2ACa' 'D75_PP2APCa' 'PP2ACa' 'PP2ACa_PKA' 'PP2APCa' 'PP2BinactiveCa2_1' 'PP2BinactiveCa2_2' 'PP2BinactiveCa2_3' 'PP2BinactiveCa2_4' 'PP2BinactiveCa2_5' 'PP2BinactiveCa2_6'
 0.000000E+00 0 0 0 0 0 0 0 0 0 0 0 0 0 0 0 0 0 0
 5.000000E-01 4 0 0 0 0 0 0 0 0 0 0 0 0 0 2 0 1 0
 1.000000E+00 4 0 0 0 0 0 0 0 0 0 0 0 0 1 0 1 4 0
 1.500000E+00 2 0 0 0 0 0 0 0 0 1 0 0 3 1 0 1 3 1
 2.000000E+00 6 0 0 0 0 0 0 0 0 0 0 0 4 1 3 1 2 0
 2.500000E+00 0 0 0 0 0 0 0 0 0 0 0 0 4 3 1 3 3 1
 3.000000E+00 3 0 0 0 0 0 0 0 0 0 0 0 3 3 1 3 7 0
 3.500000E+00 1 0 0 0 0 0 0 0 0 0 0 0 2 4 5 2 5 3
 4.000000E+00 2 0 0 0 0 0 0 0 0 0 0 0 2 6 5 4 3 2
 4.500000E+00 4 0 0 0 0 0 0 0 0 0 0 0 3 6 5 3 3 2
 5.000000E+00 1 0 0 0 0 0 0 0 0 0 0 0 4 6 5 2 4 4
 5.500000E+00 5 0 0 0 0 0 0 0 0 0 0 0 8 4 5 3 4 3
 6.000000E+00 0 0 0 0 0 0 0 0 0 0 0 0 10 2 2 5 6 8
 6.500000E+00 1 0 0 0 0 0 0 0 0 0 0 0 12 3 2 3 5 10
 7.000000E+00 2 0 0 0 0 0 0 0 0 1 0 0 10 2 6 4 5 6
 7.500000E+00 3 0 0 0 0 0 0 0 0 1 0 0 9 6 5 8 7 5
 8.000000E+00 6 0 0 0 0 0 0 0 0 0 0 0 9 8 3 2 7 11
 8.500000E+00 3 0 0 0 0 0 0 0 0 0 0 0 10 7 4 6 5 11
 9.000000E+00 5 0 0 0 0 0 0 0 0 0 0 0 9 8 7 6 7 7
 9.500000E+00 5 0 0 0 0 0 0 0 0 0 0 0 10 8 5 7 5 6
 1.000000E+01 10 0 0 0 0 0 0 0 0 0 0 0 10 8 6 4 7 4
 1.050000E+01 1 0 0 0 0 0 0 0 0 0 0 0 13 7 7 4 8 7
 1.100000E+01 5 0 0 0 0 0 0 0 0 0 0 0 9 9 12 4 8 5
 1.150000E+01 1 0 0 0 0 0 0 0 0 0 0 0 5 8 11 5 10 9
 1.200000E+01 5 0 0 0 0 0 0 0 0 0 0 0 5 7 11 7 8 8
 1.250000E+01 4 0 0 0 0 0 0 0 0 0 0 0 6 6 12 8 11 8
 1.300000E+01 4 0 0 0 0 0 0 0 0 0 0 0 7 8 12 8 10 7
 1.350000E+01 5 0 0 0 0 0 0 0 0 0 0 0 6 8 13 10 9 4
 1.400000E+01 2 0 0 0 0 0 0 0 0 0 0 0 11 8 9 9 13 8
 1.450000E+01 4 0 0 0 0 0 0 0 0 0 0 0 11 7 4 13 11 8
 1.500000E+01 8 0 0 0 0 0 0 0 0 0 0 0 5 8 7 12 13 10
 1.550000E+01 2 0 0 0 0 0 0 1 0 0 0 0 6 14 12 13 12 9
 1.600000E+01 3 0 0 0 0 0 0 0 0 1 0 0 5 13 7 13 14 9
 1.650000E+01 1 0 0 0 0 0 0 0 0 1 0 0 5 7 11 10 11 11
 1.700000E+01 10 0 0 0 0 0 0 0 0 1 0 0 5 12 13 8 14 10
 1.750000E+01 2 0 0 0 0 0 0 0 0 1 0 0 9 9 11 12 19 8
 1.800000E+01 6 0 0 0 0 0 0 0 0 1 0 0 14 9 10 11 18 8
 1.850000E+01 6 0 0 0 0 0 0 0 0 0 0 0 17 8 10 14 10 8
 1.900000E+01 3 0 0 0 0 0 0 1 0 0 0 0 14 7 18 10 16 11
 1.950000E+01 5 0 0 0 0 0 0 0 0 1 0 0 13 5 13 14 15 8
 2.000000E+01 5 0 0 0 0 0 0 0 0 1 0 0 13 5 12 15 19 13
 2.050000E+01 4 0 0 0 0 0 0 0 0 2 0 0 16 8 13 14 15 10
 2.100000E+01 7 0 0 0 0 0 0 0 0 2 0 0 15 13 10 16 17 11
 2.150000E+01 2 0 0 0 0 0 0 2 0 1 0 0 11 11 9 13 18 11
 2.200000E+01 7 0 0 0 0 0 0 2 0 1 0 0 7 15 12 17 17 9
 2.250000E+01 7 0 0 0 0 0 0 0 0 2 0 0 6 12 14 12 19 8
 2.300000E+01 6 0 0 0 0 0 0 1 0 0 0 0 10 15 16 11 17 9
 2.350000E+01 6 0 0 0 0 0 0 0 0 1 0 0 16 10 11 18 15 8
 2.400000E+01 9 0 0 0 0 0 0 0 0 0 0 0 12 9 13 18 14 9
 2.450000E+01 5 0 0 0 0 0 0 0 0 1 0 0 19 8 9 15 13 9
 2.500000E+01 4 0 0 0 0 0 0 0 0 1 0 0 16 9 6 14 14 11
 2.550000E+01 6 0 0 0 0 0 0 0 0 0 0 0 19 11 10 18 14 10
 2.600000E+01 6 0 0 0 0 0 0 0 0 0 0 0 15 13 12 10 21 10
 2.650000E+01 5 0 0 0 0 0 0 1 0 0 0 0 16 12 14 11 15 14
 2.700000E+01 7 0 0 0 0 0 0 0 0 1 0 0 14 12 12 13 21 12
 2.750000E+01 4 0 0 0 0 0 0 1 0 0 0 0 15 10 14 17 25 9
 2.800000E+01 4 0 0 0 0 0 0 0 0 1 0 0 16 16 14 16 14 14
 2.850000E+01 7 0 0 0 0 0 0 1 0 0 0 0 12 12 15 14 16 11
 2.900000E+01 10 0 0 0 0 0 0 0 0 1 0 0 10 15 22 9 16 12
 2.950000E+01 8 0 0 0 0 0 0 0 0 1 0 0 11 16 20 11 15 9
 3.000000E+01 10 0 0 0 0 0 0 0 0 0 0 0 13 16 17 12 10 12
 3.050000E+01 9 0 0 0 0 0 0 0 0 0 0 0 13 12 11 12 20 16
 3.100000E+01 6 0 0 0 0 0 0 0 0 0 0 0 14 9 18 14 22 12
 3.150000E+01 4 0 0 0 0 0 0 0 0 0 0 0 12 13 20 14 17 11
 3.200000E+01 9 0 0 0 0 0 0 0 0 0 0 0 13 15 13 14 18 9
 3.250000E+01 3 0 0 0 0 0 0 0 0 0 0 0 13 16 17 10 23 8
 3.300000E+01 10 0 0 0 0 0 0 0 0 0 0 0 10 13 17 14 17 11
 3.350000E+01 5 0 0 0 0 0 0 0 0 0 0 0 13 21 16 15 10 18
 3.400000E+01 8 0 0 0 0 0 0 0 0 0 0 0 11 8 13 18 15 27
 3.450000E+01 8 0 0 0 0 0 0 0 0 0 0 0 11 16 13 19 14 21
 3.500000E+01 3 0 0 0 0 0 0 0 0 0 0 0 15 13 13 22 15 18
 3.550000E+01 6 0 0 0 0 0 0 0 0 0 0 0 14 13 17 15 12 17
 3.600000E+01 4 0 0 0 0 0 0 0 0 0 0 0 17 15 13 16 16 16
 3.650000E+01 10 0 0 0 0 0 0 0 0 0 0 0 13 16 9 16 23 14
 3.700000E+01 6 0 0 0 0 0 0 0 0 0 0 0 11 11 10 16 21 19
 3.750000E+01 2 0 0 0 0 0 0 0 0 0 0 0 16 8 13 13 22 20
 3.800000E+01 7 0 0 0 0 0 0 0 0 0 0 0 12 14 8 16 12 20
 3.850000E+01 8 0 0 0 0 0 0 0 0 0 0 0 16 14 15 13 17 16
 3.900000E+01 10 0 0 0 0 0 0 0 0 0 0 0 18 7 13 13 14 18
 3.950000E+01 4 0 0 0 0 0 0 0 0 0 0 0 15 14 17 9 19 14
 4.000000E+01 9 0 0 0 0 0 0 0 0 0 0 0 17 15 18 23 12 14
 4.050000E+01 7 0 0 0 0 0 0 0 0 0 0 0 18 19 8 21 12 17
 4.100000E+01 6 0 0 0 0 0 0 0 0 0 0 0 16 16 7 19 11 24
 4.150000E+01 6 0 0 0 0 0 0 0 0 0 0 0 12 15 14 17 14 21
 4.200000E+01 11 0 0 0 0 0 0 0 0 0 0 0 9 13 15 22 18 25
 4.250000E+01 7 0 0 0 0 0 0 0 0 0 0 0 13 16 15 18 15 19
 4.300000E+01 7 0 0 0 0 0 0 0 0 0 0 0 14 13 15 22 21 12
 4.350000E+01 4 0 0 0 0 0 0 0 0 0 0 0 18 15 17 13 17 12
 4.400000E+01 8 0 0 0 0 0 0 0 0 0 0 0 14 16 14 19 13 10
 4.450000E+01 10 0 0 0 0 0 0 0 0 0 0 0 19 14 20 14 17 9
 4.500000E+01 7 0 0 0 0 0 0 0 0 0 0 0 16 20 14 14 21 9
 4.550000E+01 8 0 0 0 0 0 0 0 0 0 0 0 19 16 12 16 18 13
 4.600000E+01 5 0 0 0 0 0 0 0 0 0 0 0 17 13 14 15 14 16
 4.650000E+01 2 0 0 0 0 0 0 0 0 0 0 0 23 14 16 14 15 15
 4.700000E+01 11 0 0 0 0 0 0 0 0 0 0 0 19 13 10 11 18 18
 4.750000E+01 11 0 0 0 0 0 0 0 0 1 0 0 19 16 13 7 16 19
 4.800000E+01 9 0 0 0 0 0 0 1 0 0 0 0 17 18 15 14 16 19
 4.850000E+01 11 0 0 0 0 0 0 2 0 0 0 0 13 14 23 8 14 16
 4.900000E+01 9 0 0 0 0 0 0 1 0 0 0 0 18 12 20 11 19 18
 4.950000E+01 5 0 0 0 0 0 0 0 0 0 0 0 19 11 19 14 21 17
 5.000000E+01 4 0 0 0 0 0 0 0 0 0 0 0 15 14 23 17 18 13
 5.050000E+01 8 0 0 0 0 0 0 0 0 0 0 0 16 18 19 17 16 10
 5.100000E+01 6 0 0 0 0 0 0 0 0 1 0 0 22 20 13 21 10 12
 5.150000E+01 11 0 0 0 0 0 0 1 0 0 0 0 20 19 13 16 14 14
 5.200000E+01 8 0 0 0 0 0 0 0 0 1 0 0 15 16 16 19 16 18
 5.250000E+01 6 0 0 0 0 0 0 0 0 0 0 0 15 14 18 15 12 19
 5.300000E+01 12 0 0 0 0 0 0 0 0 0 0 0 17 14 14 16 10 18
 5.350000E+01 12 0 0 0 0 0 0 0 0 0 0 0 14 14 12 23 7 19
 5.400000E+01 6 0 0 0 0 0 0 0 0 0 0 0 19 16 16 23 10 16
 5.450000E+01 3 0 0 0 0 0 0 0 0 0 0 0 21 15 15 17 10 16
 5.500000E+01 8 0 0 0 0 0 0 0 0 0 0 0 20 16 16 14 15 20
 5.550000E+01 10 0 0 0 0 0 0 0 0 0 0 0 16 17 13 19 16 15
 5.600000E+01 5 0 0 0 0 0 0 0 0 0 0 0 16 17 14 10 26 12
 5.650000E+01 8 0 0 0 0 0 0 0 0 0 0 0 11 22 17 12 13 16
 5.700000E+01 8 0 0 0 0 0 0 0 0 0 0 0 14 19 18 11 13 16
 5.750000E+01 5 0 0 0 0 0 0 1 0 0 0 0 19 18 17 12 15 12
 5.800000E+01 10 0 0 0 0 0 0 0 0 2 0 0 24 16 15 12 18 13
 5.850000E+01 6 0 0 0 0 0 0 1 0 1 0 0 22 9 15 13 19 12
 5.900000E+01 5 0 0 0 0 0 0 0 0 2 0 0 14 11 21 14 16 16
 5.950000E+01 4 0 0 0 0 0 0 0 0 2 0 0 23 15 17 14 19 13
 6.000000E+01 8 0 0 0 0 0 0 0 0 2 0 0 11 18 10 23 20 18
 6.050000E+01 2 0 0 0 0 0 0 1 0 0 0 0 8 18 17 23 22 14
 6.100000E+01 7 0 0 0 0 0 0 0 0 1 0 0 13 18 18 17 16 11
 6.150000E+01 3 0 0 0 0 0 0 1 0 0 0 0 15 18 16 20 21 12
 6.200000E+01 3 0 0 0 0 0 0 0 0 1 0 0 15 16 21 13 16 12
 6.250000E+01 9 0 0 0 0 0 0 0 0 0 0 0 18 16 23 14 14 20
 6.300000E+01 6 0 0 0 0 0 0 0 0 0 0 0 18 11 16 14 17 23
 6.350000E+01 5 0 0 0 0 0 0 0 0 0 0 0 14 19 18 13 23 22
 6.400000E+01 7 0 0 0 0 0 0 0 0 0 0 0 16 21 18 12 18 23
 6.450000E+01 10 0 0 0 0 0 0 0 0 0 0 0 22 12 18 14 15 20
 6.500000E+01 9 0 0 0 0 0 0 0 0 0 0 0 21 14 18 10 21 16
 6.550000E+01 6 0 0 0 0 0 0 0 0 0 0 0 14 13 16 14 18 16
 6.600000E+01 3 0 0 0 0 0 0 0 0 0 0 0 16 24 17 16 15 15
 6.650000E+01 12 0 0 0 0 0 0 0 0 0 0 0 14 17 19 16 24 12
 6.700000E+01 4 0 0 0 0 0 0 0 0 1 0 0 12 14 27 17 17 22
 6.750000E+01 11 0 0 0 0 0 0 1 0 0 0 0 13 20 21 19 9 15
 6.800000E+01 9 0 0 0 0 0 0 1 0 0 0 0 18 23 24 20 8 12
 6.850000E+01 5 0 0 0 0 0 0 1 0 0 0 0 22 24 16 19 12 15
 6.900000E+01 7 0 0 0 0 0 0 0 0 1 0 0 17 23 13 17 13 16
 6.950000E+01 10 0 0 0 0 0 0 1 0 1 0 0 11 31 18 14 15 14
 7.000000E+01 9 0 0 0 0 0 0 0 0 0 0 0 16 28 17 22 16 6
 7.050000E+01 9 0 0 0 0 0 0 0 0 0 0 0 22 18 20 18 14 17
 7.100000E+01 4 0 0 0 0 0 0 0 0 0 0 0 20 24 20 14 21 15
 7.150000E+01 13 0 0 0 0 0 0 0 0 0 0 0 19 25 18 15 13 18
 7.200000E+01 8 0 0 0 0 0 0 0 0 0 0 0 18 18 25 13 11 22
 7.250000E+01 6 0 0 0 0 0 0 0 0 1 0 0 20 19 25 12 10 19
 7.300000E+01 11 0 0 0 0 0 0 0 0 0 0 0 24 18 22 13 10 22
 7.350000E+01 10 0 0 0 0 0 0 0 0 0 0 0 19 18 19 18 19 12
 7.400000E+01 7 0 0 0 0 0 0 0 0 0 0 0 16 15 22 16 18 16
 7.450000E+01 11 0 0 0 0 0 0 0 0 0 0 0 19 17 26 20 11 18
 7.500000E+01 12 0 0 0 0 0 0 0 0 0 0 0 19 17 21 19 11 18
 7.550000E+01 6 0 0 0 0 0 0 0 0 0 0 0 17 21 25 18 14 20
 7.600000E+01 10 0 0 0 0 0 0 0 0 0 0 0 19 22 22 13 19 14
 7.650000E+01 9 0 0 0 0 0 0 0 0 0 0 0 12 27 18 20 18 11
 7.700000E+01 4 0 0 0 0 0 0 0 0 0 0 0 16 27 11 9 29 15
 7.750000E+01 6 0 0 0 0 0 0 0 0 0 0 0 18 16 17 17 20 15
 7.800000E+01 13 0 0 0 0 0 0 0 0 0 0 0 14 11 20 20 29 13
 7.850000E+01 9 0 0 0 0 0 0 0 0 0 0 0 12 14 24 22 28 14
 7.900000E+01 10 0 0 0 0 0 0 0 0 0 0 0 19 16 17 24 30 9
 7.950000E+01 5 0 0 0 0 0 0 0 0 0 0 0 17 13 21 27 19 13
 8.000000E+01 10 0 0 0 0 0 0 0 0 0 0 0 20 15 16 21 19 13
 8.050000E+01 9 0 0 0 0 0 0 0 0 0 0 0 19 12 19 17 30 12
 8.100000E+01 11 0 0 0 0 0 0 0 0 0 0 0 18 13 16 19 28 16
 8.150000E+01 8 0 0 0 0 0 0 0 0 0 0 0 29 18 16 11 21 21
 8.200000E+01 6 0 0 0 0 0 0 0 0 0 0 0 25 18 14 11 10 26
 8.250000E+01 10 0 0 0 0 0 0 0 0 0 0 0 19 13 18 12 16 20
 8.300000E+01 12 0 0 0 0 0 0 0 0 2 0 0 18 17 16 17 21 19
 8.350000E+01 10 0 0 0 0 0 0 1 0 0 0 0 18 17 15 17 24 22
 8.400000E+01 13 0 0 0 0 0 0 0 0 0 0 0 17 17 14 20 21 20
 8.450000E+01 6 0 0 0 0 0 0 0 0 0 0 0 20 20 16 14 18 26
 8.500000E+01 11 0 0 0 0 0 0 0 0 0 0 0 17 18 14 12 19 23
 8.550000E+01 6 0 0 0 0 0 0 0 0 1 0 0 17 22 13 15 18 24
 8.600000E+01 8 0 0 0 0 0 0 1 0 0 0 0 16 17 14 19 20 17
 8.650000E+01 6 0 0 0 0 0 0 0 0 0 0 0 19 17 15 19 20 21
 8.700000E+01 8 0 0 0 0 0 0 0 0 0 0 0 21 15 21 18 14 22
 8.750000E+01 8 0 0 0 0 0 0 0 0 0 0 0 17 19 19 12 21 24
 8.800000E+01 7 0 0 0 0 0 0 0 0 0 0 0 21 17 21 16 13 29
 8.850000E+01 8 0 0 0 0 0 0 0 0 0 0 0 21 15 20 18 23 21
 8.900000E+01 8 0 0 0 0 0 0 0 0 0 0 0 17 16 20 17 22 14
 8.950000E+01 8 0 0 0 0 0 0 0 0 1 0 0 16 13 14 21 21 18
 9.000000E+01 12 0 0 0 0 0 0 0 0 2 0 0 12 15 16 15 16 27
 9.050000E+01 12 0 0 0 0 0 0 0 0 0 0 0 15 15 18 19 18 21
 9.100000E+01 9 0 0 0 0 0 0 0 0 0 0 0 16 25 16 20 17 20
 9.150000E+01 11 0 0 0 0 0 0 0 0 0 0 0 22 29 16 21 11 10
 9.200000E+01 9 0 0 0 0 0 0 0 0 0 0 0 19 27 23 17 13 13
 9.250000E+01 5 0 0 0 0 0 0 0 0 0 0 0 15 21 22 14 21 17
 9.300000E+01 10 0 0 0 0 0 0 0 0 0 0 0 16 27 17 20 17 21
 9.350000E+01 5 0 0 0 0 0 0 0 0 0 0 0 13 27 18 11 22 21
 9.400000E+01 8 0 0 0 0 0 0 0 0 0 0 0 18 24 21 18 23 19
 9.450000E+01 11 0 0 0 0 0 0 0 0 0 0 0 14 16 29 16 21 19
 9.500000E+01 6 0 0 0 0 0 0 0 0 0 0 0 15 16 25 10 15 19
 9.550000E+01 6 0 0 0 0 0 0 0 0 0 0 0 18 19 19 13 21 24
 9.600000E+01 9 0 0 0 0 0 0 0 0 0 0 0 12 22 23 14 18 18
 9.650000E+01 6 0 0 0 0 0 0 0 0 0 0 0 15 26 11 20 20 19
 9.700000E+01 9 0 0 0 0 0 0 0 0 0 0 0 23 21 14 20 14 22
 9.750000E+01 10 0 0 0 0 0 0 0 0 0 0 0 13 23 18 15 18 24
 9.800000E+01 9 0 0 0 0 0 0 1 0 0 0 0 13 13 23 25 15 20
 9.850000E+01 7 0 0 0 0 0 0 0 0 1 0 0 21 23 22 21 18 19
 9.900000E+01 8 0 0 0 0 0 0 1 0 0 0 0 13 21 16 17 19 29
 9.950000E+01 19 0 0 0 0 0 0 0 0 1 0 0 13 19 15 13 24 25
 1.000000E+02 8 0 0 0 0 0 0 2 0 0 0 0 15 26 13 16 12 26
 1.005000E+02 8 0 0 0 0 0 0 0 0 1 0 0 22 19 20 19 11 29
 1.010000E+02 12 0 0 0 0 0 0 0 0 1 0 0 22 29 14 18 17 19
 1.015000E+02 6 0 0 0 0 0 0 1 0 0 0 0 20 17 13 26 9 26
 1.020000E+02 9 0 0 0 0 0 0 0 0 1 0 0 14 22 20 16 18 17
 1.025000E+02 7 0 0 0 0 0 0 0 0 0 0 0 14 27 19 18 21 13
 1.030000E+02 5 0 0 0 0 0 0 0 0 0 0 0 17 31 13 17 18 19
 1.035000E+02 8 0 0 0 0 0 0 0 0 0 0 0 20 20 19 17 26 16
 1.040000E+02 8 0 0 0 0 0 0 0 0 1 0 0 24 23 19 14 21 14
 1.045000E+02 9 0 0 0 0 0 0 0 0 1 0 0 15 18 23 21 13 16
 1.050000E+02 7 0 0 0 0 0 0 0 0 0 0 0 14 24 21 21 19 17
 1.055000E+02 12 0 0 0 0 0 0 0 0 0 0 0 14 25 16 16 21 15
 1.060000E+02 8 0 0 0 0 0 0 0 0 0 0 0 15 30 14 19 19 17
 1.065000E+02 5 0 0 0 0 0 0 0 0 0 0 0 12 24 17 21 21 16
 1.070000E+02 14 0 0 0 0 0 0 0 0 0 0 0 17 17 19 24 22 17
 1.075000E+02 14 0 0 0 0 0 0 0 0 0 0 0 17 12 16 25 17 16
 1.080000E+02 13 0 0 0 0 0 0 0 0 0 0 0 22 16 18 20 14 21
 1.085000E+02 2 0 0 0 0 0 0 0 0 0 0 0 19 15 19 16 12 17
 1.090000E+02 9 0 0 0 0 0 0 0 0 2 0 0 17 18 20 21 14 18
 1.095000E+02 7 0 0 0 0 0 0 0 0 2 0 0 22 14 20 19 15 14
 1.100000E+02 13 0 0 0 0 0 0 1 0 1 0 0 15 16 21 19 16 17
 1.105000E+02 8 0 0 0 0 0 0 0 0 0 0 0 23 25 18 17 13 18
 1.110000E+02 12 0 0 0 0 0 0 0 0 0 0 0 14 15 24 15 14 21
 1.115000E+02 9 0 0 0 0 0 0 0 0 0 0 0 25 24 25 17 18 17
 1.120000E+02 7 0 0 0 0 0 0 0 0 0 0 0 22 17 22 16 20 13
 1.125000E+02 8 0 0 0 0 0 0 0 0 0 0 0 21 20 17 18 24 15
 1.130000E+02 13 0 0 0 0 0 0 1 0 0 0 0 17 15 26 13 19 18
 1.135000E+02 8 0 0 0 0 0 0 0 0 0 0 0 15 20 22 14 18 25
 1.140000E+02 11 0 0 0 0 0 0 0 0 0 0 0 14 25 13 11 22 25
 1.145000E+02 10 0 0 0 0 0 0 0 0 0 0 0 15 23 20 21 15 21
 1.150000E+02 5 0 0 0 0 0 0 1 0 0 0 0 20 19 16 12 13 22
 1.155000E+02 8 0 0 0 0 0 0 0 0 1 0 0 18 18 21 21 16 20
 1.160000E+02 10 0 0 0 0 0 0 0 0 1 0 0 21 18 12 13 16 16
 1.165000E+02 14 0 0 0 0 0 0 0 0 1 0 0 16 13 14 15 20 24
 1.170000E+02 11 0 0 0 0 0 0 1 0 0 0 0 18 14 10 17 20 22
 1.175000E+02 12 0 0 0 0 0 0 0 0 1 0 0 22 11 19 15 22 18
 1.180000E+02 7 0 0 0 0 0 0 0 0 0 0 0 18 14 14 15 29 16
 1.185000E+02 10 0 0 0 0 0 0 0 0 0 0 0 24 11 10 20 25 19
 1.190000E+02 16 0 0 0 0 0 0 0 0 1 0 0 21 19 13 17 24 13
 1.195000E+02 11 0 0 0 0 0 0 0 0 0 0 0 16 18 13 14 24 17
 1.200000E+02 15 0 0 0 0 0 0 0 0 0 0 0 23 16 16 9 21 15
 1.205000E+02 12 0 0 0 0 0 0 0 0 0 0 0 29 14 23 6 20 13
 1.210000E+02 5 0 0 0 0 0 0 0 0 0 0 0 23 18 24 13 23 15
 1.215000E+02 7 0 0 0 0 0 0 0 0 0 0 0 16 15 16 16 25 15
 1.220000E+02 8 0 0 0 0 0 0 0 0 0 0 0 19 14 12 18 20 22
 1.225000E+02 6 0 0 0 0 0 0 0 0 0 0 0 17 20 15 13 16 16
 1.230000E+02 7 0 0 0 0 0 0 0 0 0 0 0 21 22 23 15 13 15
 1.235000E+02 7 0 0 0 0 0 0 0 0 0 0 0 19 21 28 24 13 11
 1.240000E+02 6 0 0 0 0 0 0 0 0 0 0 0 16 19 23 25 14 13
 1.245000E+02 9 0 0 0 0 0 0 0 0 0 0 0 17 17 22 19 9 17
 1.250000E+02 11 0 0 0 0 0 0 0 0 1 0 0 12 18 18 19 15 15
 1.255000E+02 9 0 0 0 0 0 0 1 0 0 0 0 16 18 22 22 14 15
 1.260000E+02 7 0 0 0 0 0 0 0 0 0 0 0 15 21 21 17 20 15
 1.265000E+02 5 0 0 0 0 0 0 0 0 0 0 0 21 23 15 15 16 19
 1.270000E+02 11 0 0 0 0 0 0 0 0 0 0 0 20 24 17 13 16 14
 1.275000E+02 12 0 0 0 0 0 0 0 0 0 0 0 18 20 17 11 22 11
 1.280000E+02 8 0 0 0 0 0 0 0 0 0 0 0 17 19 19 11 19 20
 1.285000E+02 8 0 0 0 0 0 0 0 0 0 0 0 13 15 21 20 17 24
 1.290000E+02 5 0 0 0 0 0 0 0 0 0 0 0 9 19 18 20 17 20
 1.295000E+02 12 0 0 0 0 0 0 0 0 0 0 0 13 19 20 16 21 15
 1.300000E+02 4 0 0 0 0 0 0 0 0 0 0 0 12 17 18 14 19 14
 1.305000E+02 9 0 0 0 0 0 0 0 0 0 0 0 10 20 19 15 26 17
 1.310000E+02 5 0 0 0 0 0 0 0 0 1 0 0 14 22 12 13 19 13
 1.315000E+02 12 0 0 0 0 0 0 0 0 0 0 0 18 23 13 15 20 12
 1.320000E+02 10 0 0 0 0 0 0 0 0 0 0 0 15 23 15 14 17 17
 1.325000E+02 6 0 0 0 0 0 0 0 0 0 0 0 22 22 9 15 21 16
 1.330000E+02 8 0 0 0 0 0 0 0 0 0 0 0 27 18 19 8 24 19
 1.335000E+02 6 0 0 0 0 0 0 0 0 1 0 0 19 17 11 13 21 19
 1.340000E+02 8 0 0 0 0 0 0 0 0 1 0 0 20 22 15 14 21 13
 1.345000E+02 9 0 0 0 0 0 0 0 0 0 0 0 16 16 18 15 19 12
 1.350000E+02 9 0 0 0 0 0 0 0 0 0 0 0 17 16 17 17 20 12
 1.355000E+02 12 0 0 0 0 0 0 0 0 0 0 0 20 12 18 10 20 12
 1.360000E+02 8 0 0 0 0 0 0 0 0 0 0 0 21 13 16 21 24 13
 1.365000E+02 9 0 0 0 0 0 0 0 0 0 0 0 21 16 22 14 14 11
 1.370000E+02 10 0 0 0 0 0 0 0 0 0 0 0 19 17 25 15 13 19
 1.375000E+02 7 0 0 0 0 0 0 0 0 0 0 0 19 9 17 19 15 16
 1.380000E+02 9 0 0 0 0 0 0 0 0 0 0 0 15 11 19 18 19 14
 1.385000E+02 12 0 0 0 0 0 0 0 0 0 0 0 15 16 18 21 20 15
 1.390000E+02 12 0 0 0 0 0 0 0 0 0 0 0 17 11 8 24 19 18
 1.395000E+02 13 0 0 0 0 0 0 0 0 0 0 0 12 11 18 20 20 18
 1.400000E+02 9 0 0 0 0 0 0 0 0 0 0 0 18 13 17 27 11 23
 1.405000E+02 7 0 0 0 0 0 0 0 0 0 0 0 19 14 17 26 15 18
 1.410000E+02 5 0 0 0 0 0 0 0 0 0 0 0 17 12 16 22 20 14
 1.415000E+02 4 0 0 0 0 0 0 0 0 0 0 0 21 6 18 18 21 21
 1.420000E+02 12 0 0 0 0 0 0 0 0 0 0 0 15 16 22 17 18 20
 1.425000E+02 8 0 0 0 0 0 0 0 0 0 0 0 11 19 19 11 19 21
 1.430000E+02 9 0 0 0 0 0 0 0 0 0 0 0 11 18 12 11 22 15
 1.435000E+02 8 0 0 0 0 0 0 0 0 0 0 0 15 20 13 15 14 19
 1.440000E+02 4 0 0 0 0 0 0 0 0 0 0 0 15 20 6 23 15 22
 1.445000E+02 8 0 0 0 0 0 0 1 0 0 0 0 17 19 10 25 20 20
 1.450000E+02 10 0 0 0 0 0 0 0 0 0 0 0 22 16 13 17 17 18
 1.455000E+02 6 0 0 0 0 0 0 0 0 0 0 0 20 15 15 17 14 11
 1.460000E+02 9 0 0 0 0 0 0 0 0 0 0 0 14 15 14 19 17 19
 1.465000E+02 8 0 0 0 0 0 0 0 0 0 0 0 13 13 19 18 12 20
 1.470000E+02 6 0 0 0 0 0 0 0 0 0 0 0 12 19 13 21 18 17
 1.475000E+02 12 0 0 0 0 0 0 0 0 0 0 0 17 14 22 19 19 19
 1.480000E+02 10 0 0 0 0 0 0 0 0 0 0 0 16 12 18 15 11 21
 1.485000E+02 9 0 0 0 0 0 0 0 0 0 0 0 17 19 23 19 14 22
 1.490000E+02 5 0 0 0 0 0 0 0 0 0 0 0 12 22 20 20 13 23
 1.495000E+02 8 0 0 0 0 0 0 0 0 0 0 0 20 21 11 17 26 17
 1.500000E+02 11 0 0 0 0 0 0 0 0 1 0 0 16 12 15 21 17 16
 1.505000E+02 8 0 0 0 0 0 0 0 0 1 0 0 12 10 22 20 20 14
 1.510000E+02 13 0 0 0 0 0 0 0 0 0 0 0 14 8 23 19 22 21
 1.515000E+02 6 0 0 0 0 0 0 0 0 0 0 0 21 18 17 14 16 16
 1.520000E+02 3 0 0 0 0 0 0 0 0 0 0 0 13 19 20 20 16 15
 1.525000E+02 9 0 0 0 0 0 0 0 0 0 0 0 12 16 16 23 18 7
 1.530000E+02 9 0 0 0 0 0 0 0 0 1 0 0 17 14 10 26 12 14
 1.535000E+02 7 0 0 0 0 0 0 0 0 1 0 0 19 11 13 24 14 11
 1.540000E+02 9 0 0 0 0 0 0 0 0 0 0 0 20 18 15 21 11 11
 1.545000E+02 12 0 0 0 0 0 0 0 0 0 0 0 17 19 16 17 16 14
 1.550000E+02 4 0 0 0 0 0 0 0 0 0 0 0 16 23 13 18 17 15
 1.555000E+02 13 0 0 0 0 0 0 0 0 0 0 0 12 13 20 19 11 21
 1.560000E+02 12 0 0 0 0 0 0 0 0 0 0 0 18 15 10 23 14 17
 1.565000E+02 7 0 0 0 0 0 0 0 0 3 0 0 19 14 19 20 12 14
 1.570000E+02 6 0 0 0 0 0 0 1 0 1 0 0 13 15 18 18 18 12
 1.575000E+02 8 0 0 0 0 0 0 0 0 2 0 0 16 15 15 22 15 13
 1.580000E+02 11 0 0 0 0 0 0 0 0 3 0 0 14 16 17 18 22 17
 1.585000E+02 6 0 0 0 0 0 0 0 0 2 0 0 15 16 11 13 21 22
 1.590000E+02 10 0 0 0 0 0 0 0 0 3 0 0 15 17 19 16 19 12
 1.595000E+02 9 0 0 0 0 0 0 0 0 3 0 0 17 15 20 15 13 11
 1.600000E+02 11 0 0 0 0 0 0 0 0 1 0 0 20 22 15 17 15 14
 1.605000E+02 8 0 0 0 0 0 0 0 0 1 0 0 13 24 18 14 19 15
 1.610000E+02 9 0 0 0 0 0 0 0 0 1 0 0 13 18 18 18 13 21
 1.615000E+02 7 0 0 0 0 0 0 0 0 1 0 0 20 17 23 16 15 19
 1.620000E+02 11 0 0 0 0 0 0 0 0 0 0 0 11 22 22 19 16 17
 1.625000E+02 12 0 0 0 0 0 0 0 0 0 0 0 12 22 22 16 17 23
 1.630000E+02 11 0 0 0 0 0 0 0 0 0 0 0 13 26 24 17 15 19
 1.635000E+02 5 0 0 0 0 0 0 0 0 1 0 0 14 26 24 20 11 19
 1.640000E+02 7 0 0 0 0 0 0 1 0 0 0 0 9 17 26 14 17 18
 1.645000E+02 19 0 0 0 0 0 0 0 0 0 0 0 16 18 28 15 17 21
 1.650000E+02 12 0 0 0 0 0 0 0 0 0 0 0 12 24 23 24 23 14
 1.655000E+02 9 0 0 0 0 0 0 0 0 1 0 0 13 21 17 18 19 15
 1.660000E+02 7 0 0 0 0 0 0 0 0 1 0 0 13 18 18 15 15 22
 1.665000E+02 7 0 0 0 0 0 0 0 0 0 0 0 14 24 14 13 19 17
 1.670000E+02 15 0 0 0 0 0 0 0 0 0 0 0 11 21 10 16 21 20
 1.675000E+02 7 0 0 0 0 0 0 0 0 0 0 0 13 26 17 21 16 14
 1.680000E+02 8 0 0 0 0 0 0 0 0 0 0 0 10 26 20 14 17 14
 1.685000E+02 7 0 0 0 0 0 0 0 0 0 0 0 14 19 15 18 17 20
 1.690000E+02 14 0 0 0 0 0 0 0 0 0 0 0 18 14 18 20 16 20
 1.695000E+02 15 0 0 0 0 0 0 0 0 0 0 0 18 19 20 17 18 20
 1.700000E+02 8 0 0 0 0 0 0 0 0 0 0 0 23 17 18 19 17 18
 1.705000E+02 14 0 0 0 0 0 0 0 0 0 0 0 22 18 13 17 21 11
 1.710000E+02 7 0 0 0 0 0 0 0 0 0 0 0 17 16 26 19 19 12
 1.715000E+02 6 0 0 0 0 0 0 1 0 0 0 0 22 13 19 19 14 9
 1.720000E+02 13 0 0 0 0 0 0 0 0 0 0 0 20 15 21 16 17 14
 1.725000E+02 9 0 0 0 0 0 0 0 0 0 0 0 15 13 22 19 15 16
 1.730000E+02 7 0 0 0 0 0 0 0 0 0 0 0 13 20 19 18 18 19
 1.735000E+02 13 0 0 0 0 0 0 0 0 0 0 0 12 23 20 14 17 19
 1.740000E+02 8 0 0 0 0 0 0 0 0 0 0 0 16 24 16 16 12 24
 1.745000E+02 6 0 0 0 0 0 0 0 0 0 0 0 14 21 17 9 16 22
 1.750000E+02 13 0 0 0 0 0 0 0 0 0 0 0 16 25 21 11 24 21
 1.755000E+02 11 0 0 0 0 0 0 0 0 0 0 0 14 24 20 17 18 22
 1.760000E+02 15 0 0 0 0 0 0 0 0 0 0 0 20 22 19 17 19 20
 1.765000E+02 12 0 0 0 0 0 0 0 0 0 0 0 18 15 17 17 15 17
 1.770000E+02 9 0 0 0 0 0 0 0 0 0 0 0 21 25 13 18 13 16
 1.775000E+02 7 0 0 0 0 0 0 1 0 0 0 0 22 23 20 19 16 18
 1.780000E+02 16 0 0 0 0 0 0 1 0 0 0 0 18 14 25 16 14 23
 1.785000E+02 12 0 0 0 0 0 0 0 0 1 0 0 18 19 18 20 16 25
 1.790000E+02 8 0 0 0 0 0 0 0 0 0 0 0 16 22 17 17 15 18
 1.795000E+02 10 0 0 0 0 0 0 0 0 0 0 0 19 19 14 17 19 13
 1.800000E+02 11 0 0 0 0 0 0 0 0 0 0 0 20 21 16 10 20 15
 1.805000E+02 12 0 0 0 0 0 0 0 0 0 0 0 16 23 17 10 29 21
 1.810000E+02 6 0 0 0 0 0 0 0 0 0 0 0 21 20 12 17 27 26
 1.815000E+02 5 0 0 0 0 0 0 0 0 1 0 0 21 19 16 21 25 17
 1.820000E+02 13 0 0 0 0 0 0 0 0 1 0 0 15 18 19 17 23 22
 1.825000E+02 12 0 0 0 0 0 0 0 0 1 0 0 18 18 21 17 14 20
 1.830000E+02 13 0 0 0 0 0 0 0 0 0 0 0 18 22 19 14 15 18
 1.835000E+02 4 0 0 0 0 0 0 0 0 0 0 0 14 22 15 22 18 19
 1.840000E+02 9 0 0 0 0 0 0 0 0 0 0 0 18 22 22 13 13 19
 1.845000E+02 9 0 0 0 0 0 0 0 0 0 0 0 17 22 25 22 16 14
 1.850000E+02 9 0 0 0 0 0 0 0 0 0 0 0 16 17 23 19 15 23
 1.855000E+02 9 0 0 0 0 0 0 0 0 1 0 0 19 13 23 15 15 19
 1.860000E+02 8 0 0 0 0 0 0 1 0 0 0 0 28 14 22 10 23 13
 1.865000E+02 9 0 0 0 0 0 0 0 0 1 0 0 22 19 13 18 21 21
 1.870000E+02 7 0 0 0 0 0 0 0 0 1 0 0 18 21 8 24 19 21
 1.875000E+02 4 0 0 0 0 0 0 0 0 1 0 0 20 21 21 21 18 18
 1.880000E+02 12 0 0 0 0 0 0 0 0 0 0 0 16 18 21 17 24 17
 1.885000E+02 9 0 0 0 0 0 0 0 0 1 0 0 17 12 25 17 20 19
 1.890000E+02 17 0 0 0 0 0 0 0 0 2 0 0 14 17 22 22 20 17
 1.895000E+02 9 0 0 0 0 0 0 0 0 0 0 0 21 22 18 19 11 20
 1.900000E+02 12 0 0 0 0 0 0 0 0 0 0 0 20 20 16 19 11 24
 1.905000E+02 10 0 0 0 0 0 0 0 0 0 0 0 27 12 13 14 21 19
 1.910000E+02 11 0 0 0 0 0 0 0 0 0 0 0 25 14 24 16 19 21
 1.915000E+02 6 0 0 0 0 0 0 0 0 0 0 0 17 10 19 18 17 23
 1.920000E+02 11 0 0 0 0 0 0 0 0 0 0 0 17 16 13 17 20 16
 1.925000E+02 8 0 0 0 0 1 0 0 0 0 0 0 19 13 19 23 22 18
 1.930000E+02 11 0 0 0 0 0 0 1 0 0 0 0 15 17 19 21 22 18
 1.935000E+02 10 0 0 0 0 0 0 0 0 0 0 0 16 13 21 18 15 18
 1.940000E+02 2 0 0 0 0 0 0 0 0 0 0 0 17 11 20 16 27 19
 1.945000E+02 14 0 0 0 0 0 0 0 0 0 0 0 14 20 16 16 23 18
 1.950000E+02 9 0 0 0 0 0 0 0 0 0 0 0 15 26 20 21 15 15
 1.955000E+02 9 0 0 0 0 0 0 0 0 0 0 0 19 24 21 10 19 19
 1.960000E+02 10 0 0 0 0 0 0 0 0 0 0 0 14 26 17 12 15 23
 1.965000E+02 6 0 0 0 0 0 0 0 0 0 0 0 18 16 18 17 18 25
 1.970000E+02 11 0 0 0 0 0 0 0 0 0 0 0 15 18 17 12 20 26
 1.975000E+02 13 0 0 0 0 0 0 0 0 0 0 0 12 22 17 14 18 30
 1.980000E+02 6 0 0 0 0 0 0 0 0 0 0 0 16 20 15 16 14 27
 1.985000E+02 11 0 0 0 0 0 0 0 0 0 0 0 17 19 18 13 23 27
 1.990000E+02 7 0 0 0 0 0 0 0 0 1 0 0 15 20 18 15 16 27
 1.995000E+02 11 0 0 0 0 0 0 0 0 0 0 0 21 24 16 11 17 22
 2.000000E+02 5 0 0 0 0 0 0 0 0 1 0 0 21 18 22 12 18 14
 2.005000E+02 10 0 0 0 0 1 0 0 0 0 0 0 18 19 23 21 16 10
 2.010000E+02 11 0 0 0 0 0 0 0 0 0 0 0 14 17 17 22 20 11
 2.015000E+02 8 0 0 0 0 0 0 0 0 0 0 0 11 12 18 15 28 21
 2.020000E+02 6 0 0 0 0 0 0 0 0 0 0 0 14 14 13 16 25 19
 2.025000E+02 12 0 0 0 0 0 0 0 0 0 0 0 17 14 10 17 18 20
 2.030000E+02 11 0 0 0 0 0 0 1 0 1 0 0 16 17 14 20 17 22
 2.035000E+02 10 0 0 0 0 0 0 0 0 0 1 0 10 19 17 22 12 16
 2.040000E+02 7 0 0 0 0 0 0 0 0 0 0 0 8 19 26 17 12 17
 2.045000E+02 6 0 0 0 0 0 0 0 0 0 0 0 20 15 24 15 18 16
 2.050000E+02 9 0 0 0 0 0 0 0 0 0 0 0 17 19 22 17 15 14
 2.055000E+02 12 0 0 0 0 0 0 0 0 0 1 0 11 13 14 14 18 22
 2.060000E+02 8 0 0 1 0 0 0 0 0 2 0 0 12 13 11 11 16 17
 2.065000E+02 7 0 0 1 0 0 0 0 0 3 0 0 14 18 11 15 21 19
 2.070000E+02 7 0 0 0 0 0 0 0 0 2 0 0 13 17 19 19 20 19
 2.075000E+02 8 0 0 0 0 0 0 0 0 2 0 0 21 19 12 14 17 12
 2.080000E+02 11 0 0 0 0 0 0 0 0 1 1 0 22 17 19 16 15 11
 2.085000E+02 9 0 0 0 0 0 0 0 0 2 0 0 20 16 24 12 17 10
 2.090000E+02 5 0 0 0 0 0 0 0 0 0 0 0 22 18 19 16 17 16
 2.095000E+02 12 0 0 0 0 0 0 0 0 0 0 0 16 19 17 13 17 16
 2.100000E+02 6 0 0 0 0 0 0 0 0 1 0 0 17 18 16 12 19 14
 2.105000E+02 14 0 0 0 0 0 0 0 0 1 1 0 19 13 14 16 20 14
 2.110000E+02 7 0 0 0 0 0 0 0 0 0 0 0 15 16 13 28 15 14
 2.115000E+02 8 0 0 0 0 0 0 0 0 0 0 0 11 15 12 22 16 17
 2.120000E+02 5 0 0 0 0 0 0 0 0 0 0 0 11 9 23 22 14 16
 2.125000E+02 5 0 0 0 0 0 0 0 0 0 0 0 11 11 13 21 13 13
 2.130000E+02 10 0 0 0 0 0 0 0 0 0 0 0 15 10 19 20 13 17
 2.135000E+02 4 0 0 0 0 0 0 0 0 0 0 0 17 12 19 21 11 11
 2.140000E+02 6 0 0 0 1 0 0 0 0 0 0 0 19 14 16 20 8 14
 2.145000E+02 7 0 0 0 0 0 0 0 0 0 1 0 14 7 16 20 10 17
 2.150000E+02 12 0 0 0 0 0 0 0 0 0 1 0 18 14 13 19 14 12
 2.155000E+02 6 0 0 0 0 0 0 0 0 1 0 0 16 16 11 16 13 16
 2.160000E+02 12 0 0 0 0 0 0 0 0 0 0 1 16 16 10 15 14 14
 2.165000E+02 9 0 0 0 0 0 0 0 0 0 0 1 22 15 12 20 20 15
 2.170000E+02 7 0 0 0 0 0 0 0 0 0 0 1 15 16 14 19 16 15
 2.175000E+02 5 0 0 0 0 0 0 0 0 0 0 0 22 16 15 16 16 19
 2.180000E+02 8 0 0 0 0 0 0 0 0 1 0 0 22 16 11 15 10 20
 2.185000E+02 10 0 0 0 0 0 0 0 0 1 0 0 16 17 14 18 11 24
 2.190000E+02 8 0 0 0 0 0 0 0 0 0 0 0 14 15 15 17 12 22
 2.195000E+02 8 0 0 0 0 0 0 0 0 0 0 0 14 13 15 17 15 17
 2.200000E+02 7 0 0 0 0 0 0 0 1 0 0 0 14 11 16 15 16 16
 2.205000E+02 8 0 0 0 0 0 0 0 0 0 0 0 17 16 18 11 14 17
 2.210000E+02 6 0 0 0 0 0 0 0 0 0 0 0 18 14 14 11 13 15
 2.215000E+02 6 0 0 0 0 0 0 0 0 0 0 0 12 15 17 8 16 15
 2.220000E+02 8 0 0 0 0 0 0 0 0 0 0 0 13 18 22 13 20 17
 2.225000E+02 6 0 0 0 0 0 0 0 0 0 0 0 14 17 18 14 17 11
 2.230000E+02 6 0 0 0 0 0 0 0 0 0 0 0 11 23 18 11 16 12
 2.235000E+02 11 0 0 0 0 0 0 0 0 0 0 0 13 17 16 12 13 12
 2.240000E+02 8 0 0 0 0 0 0 0 0 0 0 0 16 17 19 10 10 12
 2.245000E+02 4 0 0 0 0 0 0 0 0 0 0 0 13 15 15 10 21 14
 2.250000E+02 8 0 0 0 0 0 0 0 0 0 0 0 19 15 11 11 19 19
 2.255000E+02 10 0 0 0 0 0 0 0 0 1 0 0 14 18 14 9 22 17
 2.260000E+02 8 0 0 0 0 0 0 0 0 1 0 0 9 13 14 8 19 12
 2.265000E+02 7 0 0 0 0 0 0 0 0 1 0 0 16 12 15 14 19 16
 2.270000E+02 8 0 0 1 0 0 0 0 0 0 0 0 17 11 17 16 19 17
 2.275000E+02 12 0 0 0 0 0 0 0 0 1 1 0 19 10 16 14 15 16
 2.280000E+02 12 0 0 0 0 0 0 0 0 1 0 0 20 11 10 14 16 19
 2.285000E+02 12 0 0 0 0 0 0 0 0 2 0 0 18 17 15 19 15 15
 2.290000E+02 7 0 0 0 0 0 0 0 0 0 0 0 18 20 13 18 16 13
 2.295000E+02 8 0 0 0 0 0 0 0 0 0 0 0 13 19 14 16 14 14
 2.300000E+02 8 0 0 0 0 0 0 0 0 0 0 0 12 21 17 12 17 17
 2.305000E+02 7 0 0 0 0 0 0 0 0 0 0 0 13 14 15 14 16 17
 2.310000E+02 5 0 0 0 0 0 0 0 0 0 0 0 13 19 18 16 24 11
 2.315000E+02 2 0 0 0 0 0 0 0 0 0 0 0 17 15 22 15 24 15
 2.320000E+02 5 0 0 1 0 0 0 0 0 0 0 0 15 16 18 14 22 12
 2.325000E+02 8 0 0 0 0 0 0 0 0 1 0 0 18 17 21 9 16 17
 2.330000E+02 5 0 0 0 0 0 0 0 0 1 0 0 15 15 15 11 16 16
 2.335000E+02 10 0 0 0 0 0 0 0 0 1 0 0 16 20 11 12 16 20
 2.340000E+02 8 0 0 0 0 0 0 0 0 1 0 0 14 25 20 18 14 11
 2.345000E+02 14 0 0 0 0 0 0 0 0 1 0 0 19 22 15 21 13 17
 2.350000E+02 6 0 0 0 0 0 0 0 0 1 0 0 20 20 14 15 11 14
 2.355000E+02 11 0 0 0 0 0 0 0 0 0 1 0 20 22 16 13 13 17
 2.360000E+02 5 0 0 0 0 0 0 0 0 0 0 0 13 17 13 18 15 17
 2.365000E+02 7 0 0 0 0 0 0 0 0 0 0 0 18 20 12 14 13 15
 2.370000E+02 9 0 0 0 0 0 0 0 0 0 1 0 20 15 14 20 18 13
 2.375000E+02 8 0 0 0 0 0 0 0 0 1 0 0 22 19 13 16 17 16
 2.380000E+02 14 0 0 0 0 0 0 0 0 1 0 0 15 21 14 19 15 16
 2.385000E+02 7 0 0 0 0 0 0 0 0 1 0 0 13 24 17 17 16 17
 2.390000E+02 7 0 0 0 0 0 0 0 0 1 0 0 15 25 19 14 15 15
 2.395000E+02 7 0 0 1 0 0 0 0 0 0 0 0 23 15 15 15 15 16
 2.400000E+02 8 0 0 0 0 0 0 0 0 1 0 0 21 16 10 14 10 25
 2.405000E+02 8 0 0 0 0 0 0 0 0 0 1 0 22 15 15 17 15 17
 2.410000E+02 7 0 0 0 0 0 0 0 0 0 0 0 20 19 14 19 19 13
 2.415000E+02 11 0 0 0 0 0 0 0 0 0 0 0 17 24 15 20 15 16
 2.420000E+02 12 0 0 0 0 0 0 0 0 0 0 0 16 24 20 21 15 19
 2.425000E+02 10 0 0 0 0 0 0 0 0 0 0 0 16 16 18 17 16 17
 2.430000E+02 10 0 0 0 0 0 0 0 0 0 0 0 13 18 15 18 24 12
 2.435000E+02 16 0 0 0 0 0 0 0 0 0 0 0 10 13 18 18 15 19
 2.440000E+02 7 0 0 1 0 0 0 0 0 0 0 0 12 14 15 19 22 18
 2.445000E+02 4 0 0 0 0 0 0 0 0 1 0 0 15 12 11 17 18 18
 2.450000E+02 9 0 0 0 0 0 0 0 0 1 0 0 19 10 15 17 11 24
 2.455000E+02 6 0 0 1 0 0 0 0 0 0 0 0 20 14 15 11 17 19
 2.460000E+02 9 0 0 0 0 0 0 0 0 0 0 0 22 18 17 13 19 16
 2.465000E+02 13 0 0 0 0 0 0 0 0 0 0 0 27 15 19 14 16 19
 2.470000E+02 5 0 0 0 0 0 0 0 0 0 0 0 18 12 23 14 19 19
 2.475000E+02 4 0 0 0 0 0 0 0 0 0 0 0 16 9 24 7 19 19
 2.480000E+02 4 0 0 0 0 0 0 0 0 0 0 0 9 16 20 15 23 14
 2.485000E+02 9 0 0 0 0 0 0 0 0 0 0 0 11 15 22 18 20 9
 2.490000E+02 8 0 0 0 0 0 0 0 0 0 0 0 9 18 19 13 21 13
 2.495000E+02 15 0 0 0 0 0 0 0 0 0 0 0 11 20 22 16 17 8
 2.500000E+02 12 0 0 0 0 0 0 0 0 0 0 0 9 16 21 23 19 12
 2.505000E+02 1069 0 0 2 0 0 0 0 0 5 1 0 0 0 0 0 0 0
 2.510000E+02 1774 0 1 10 0 0 0 0 0 20 2 0 0 0 0 0 0 0
 2.515000E+02 2093 1 0 4 1 0 0 2 0 24 2 0 0 0 0 0 0 0
 2.520000E+02 2144 0 0 7 0 0 0 2 0 33 0 2 0 0 0 0 0 0
 2.525000E+02 982 1 0 5 1 0 0 2 0 29 2 2 0 0 0 0 0 0
 2.530000E+02 432 0 1 7 0 1 0 4 0 24 1 0 0 0 0 0 0 1
 2.535000E+02 207 1 0 3 1 0 0 0 0 23 1 1 0 0 2 0 1 1
 2.540000E+02 107 1 0 5 0 0 0 1 0 12 1 1 1 1 0 2 1 4
 2.545000E+02 1370 1 0 1 0 0 0 3 1 20 0 0 0 0 0 0 0 0
 2.550000E+02 1925 0 0 8 0 2 0 2 0 27 0 1 0 1 0 0 0 0
 2.555000E+02 2169 1 0 5 0 0 0 3 0 35 0 0 0 0 0 0 0 0
 2.560000E+02 2239 1 0 4 0 0 0 3 0 36 1 0 0 0 0 0 0 0
 2.565000E+02 950 1 0 4 1 1 0 4 0 31 2 0 0 0 0 0 0 0
 2.570000E+02 416 0 0 2 0 0 0 1 0 28 0 1 0 0 0 0 0 1
 2.575000E+02 190 0 0 0 0 0 0 2 0 20 1 0 1 0 1 0 0 0
 2.580000E+02 109 0 0 1 0 0 0 1 0 14 1 0 1 2 3 3 3 2
 2.585000E+02 1429 0 0 1 0 1 0 1 0 20 0 0 0 0 0 0 0 0
 2.590000E+02 1970 1 0 4 1 0 0 4 0 19 0 1 0 0 0 0 0 0
 2.595000E+02 2185 1 0 1 0 1 1 6 0 27 0 1 0 0 0 0 0 0
 2.600000E+02 2320 1 0 1 0 0 0 8 0 38 2 0 0 0 0 0 0 0
 2.605000E+02 998 0 0 1 0 2 0 3 0 41 1 0 0 0 0 0 0 0
 2.610000E+02 433 1 0 1 0 1 0 8 1 24 0 0 0 0 0 0 0 0
 2.615000E+02 207 1 0 2 0 1 0 4 0 21 0 2 0 0 0 2 2 0
 2.620000E+02 108 1 0 1 0 0 0 2 0 16 1 1 1 2 1 2 3 0
 2.625000E+02 1391 1 0 3 0 2 0 2 0 17 0 2 0 0 0 0 0 0
 2.630000E+02 1915 0 0 2 0 0 0 4 0 23 0 2 0 0 0 0 0 0
 2.635000E+02 2121 1 0 2 0 0 0 5 0 27 1 1 0 0 0 0 0 0
 2.640000E+02 2218 0 0 0 0 2 0 8 1 40 2 0 0 0 0 0 0 0
 2.645000E+02 956 2 0 0 0 0 0 5 0 42 1 0 0 0 0 0 0 0
 2.650000E+02 413 1 0 0 0 1 0 2 1 27 0 0 0 1 0 0 0 0
 2.655000E+02 185 0 0 0 0 0 0 2 0 17 2 0 0 1 0 0 0 1
 2.660000E+02 110 1 0 0 0 0 0 2 0 9 0 0 1 3 0 3 1 5
 2.665000E+02 1412 0 0 0 0 0 0 3 0 19 3 0 0 0 0 0 0 0
 2.670000E+02 1947 0 0 2 0 5 0 5 0 19 0 0 0 0 0 0 0 0
 2.675000E+02 2170 1 1 1 0 1 0 7 0 26 0 0 0 0 0 0 0 0
 2.680000E+02 2156 1 0 1 0 3 0 10 0 36 0 1 0 0 0 0 0 0
 2.685000E+02 945 0 0 1 0 3 0 8 0 30 1 2 0 0 0 0 0 0
 2.690000E+02 423 0 0 1 0 2 0 4 0 22 1 1 0 0 0 0 0 0
 2.695000E+02 194 1 0 1 0 1 0 3 0 10 0 0 2 0 0 1 2 2
 2.700000E+02 92 0 0 1 0 1 0 0 0 12 0 0 4 2 2 2 1 1
 2.705000E+02 1359 0 0 0 0 1 0 2 0 12 0 1 0 0 0 0 0 0
 2.710000E+02 1940 0 0 2 0 5 1 1 1 30 1 0 0 0 0 0 0 0
 2.715000E+02 2162 0 0 3 0 2 0 1 0 33 0 0 0 0 0 0 0 0
 2.720000E+02 2255 1 0 0 0 3 0 7 0 39 0 1 0 0 0 0 0 0
 2.725000E+02 983 1 0 1 0 2 0 7 0 35 1 0 0 0 0 0 0 0
 2.730000E+02 442 2 0 3 0 1 0 4 0 29 0 1 0 0 0 0 0 0
 2.735000E+02 187 0 0 0 0 2 0 6 0 24 0 0 0 0 0 1 1 0
 2.740000E+02 104 0 0 1 0 1 0 4 0 14 1 0 1 3 3 2 2 1
 2.745000E+02 1396 1 0 2 0 0 0 3 0 19 0 0 0 0 0 0 0 0
 2.750000E+02 1920 0 0 1 0 3 0 8 1 17 2 0 0 0 0 0 0 0
 2.755000E+02 2166 1 0 1 0 3 0 7 0 28 1 0 0 0 0 0 0 0
 2.760000E+02 2252 0 0 1 0 2 1 5 0 36 0 1 0 0 0 0 0 0
 2.765000E+02 958 0 0 1 0 1 0 4 0 23 0 1 0 0 0 0 0 0
 2.770000E+02 377 1 0 0 0 1 0 5 0 21 0 0 0 0 0 0 0 1
 2.775000E+02 176 1 0 0 0 2 0 2 0 14 1 0 0 0 0 0 1 0
 2.780000E+02 118 1 0 0 0 1 0 4 0 10 0 0 4 1 3 3 0 5
 2.785000E+02 1325 0 0 0 0 0 0 1 0 15 0 0 0 0 0 0 0 0
 2.790000E+02 1903 0 0 0 0 0 0 5 0 26 1 2 0 0 0 0 0 0
 2.795000E+02 2233 2 0 2 0 3 0 7 2 20 0 1 0 0 0 0 0 0
 2.800000E+02 2218 1 0 1 0 3 0 4 0 36 2 1 0 0 0 0 0 0
 2.805000E+02 973 1 0 1 0 3 0 6 0 33 0 1 0 0 0 0 0 0
 2.810000E+02 434 1 0 1 0 3 0 1 1 23 0 1 0 0 0 0 0 0
 2.815000E+02 202 1 0 0 0 2 0 3 0 22 0 0 0 1 0 0 1 1
 2.820000E+02 105 1 1 2 0 1 0 4 0 13 0 0 2 1 0 1 2 1
 2.825000E+02 1361 0 0 0 0 1 0 2 0 25 1 0 0 0 0 0 0 0
 2.830000E+02 1889 1 0 3 0 5 0 4 0 24 2 0 0 0 0 0 0 0
 2.835000E+02 2088 0 0 1 0 0 0 4 0 34 0 2 0 0 0 0 0 0
 2.840000E+02 2232 0 0 0 0 2 0 2 0 27 0 0 0 0 0 0 0 0
 2.845000E+02 953 0 0 0 0 0 0 6 0 29 1 0 0 0 0 0 0 0
 2.850000E+02 430 0 0 1 0 0 0 3 0 27 0 0 0 0 0 0 1 0
 2.855000E+02 195 1 0 2 0 0 0 4 0 15 0 1 0 0 0 0 0 0
 2.860000E+02 98 0 0 1 0 1 0 0 0 15 0 0 2 2 3 0 4 1
 2.865000E+02 1369 1 0 0 0 1 0 1 0 11 1 1 0 0 0 0 0 0
 2.870000E+02 1984 0 0 1 0 1 0 9 0 16 3 0 0 0 0 0 0 0
 2.875000E+02 2093 0 0 0 0 3 1 2 0 33 1 1 0 0 0 0 0 0
 2.880000E+02 2246 1 0 1 0 2 0 2 0 32 1 1 0 0 0 0 0 0
 2.885000E+02 964 1 0 0 0 1 0 5 0 34 2 0 0 0 0 0 0 0
 2.890000E+02 392 1 0 0 0 2 0 2 0 20 0 0 1 0 0 0 0 0
 2.895000E+02 192 0 0 0 0 1 0 0 0 16 1 0 1 0 0 1 0 0
 2.900000E+02 95 0 0 0 0 0 0 5 0 10 0 0 1 2 4 0 2 1
 2.905000E+02 75 2 0 0 0 0 0 1 0 6 0 0 4 5 2 3 5 2
 2.910000E+02 52 0 0 0 0 2 0 1 0 5 0 0 6 6 6 4 1 7
 2.915000E+02 38 0 0 0 0 0 0 1 0 6 0 0 12 9 3 9 3 5
 2.920000E+02 25 0 0 0 0 1 0 2 0 2 0 0 7 6 7 6 13 7
 2.925000E+02 36 0 0 0 0 0 0 2 0 2 0 0 11 11 8 8 12 3
 2.930000E+02 33 0 0 1 0 0 0 0 0 2 0 0 13 13 13 6 10 14
 2.935000E+02 35 1 0 0 0 0 0 0 0 1 0 0 12 18 13 15 6 9
 2.940000E+02 32 0 0 0 0 0 0 0 0 2 0 0 12 19 16 13 11 10
 2.945000E+02 27 0 0 0 0 0 0 0 0 1 0 0 14 22 11 15 14 7
 2.950000E+02 25 0 0 0 0 0 0 0 0 1 0 0 12 15 13 15 17 13
 2.955000E+02 18 0 0 0 0 0 0 0 0 0 0 0 9 15 15 16 16 13
 2.960000E+02 22 0 0 0 0 0 0 0 0 0 0 0 10 15 22 16 13 17
 2.965000E+02 21 0 0 0 0 0 0 0 0 0 0 0 13 13 13 21 11 21
 2.970000E+02 22 0 0 0 0 0 0 0 0 2 0 0 20 15 12 21 17 16
 2.975000E+02 17 0 0 0 0 0 0 1 0 0 0 0 14 19 16 14 20 15
 2.980000E+02 18 0 0 0 0 0 0 1 0 0 0 0 20 22 20 12 20 14
 2.985000E+02 20 0 0 0 0 0 0 0 0 0 0 0 20 10 21 16 19 16
 2.990000E+02 17 0 0 0 0 0 0 0 0 0 0 0 20 15 17 20 13 23
 2.995000E+02 25 0 0 0 0 0 0 0 0 1 0 0 24 22 14 26 12 12
 3.000000E+02 12 0 0 0 0 0 0 0 0 1 0 0 23 15 20 22 15 18
 3.005000E+02 23 0 0 0 0 0 0 0 0 0 0 0 20 24 16 18 14 19
 3.010000E+02 15 0 0 0 0 0 0 0 0 0 0 0 16 17 20 19 26 21
 3.015000E+02 19 0 0 0 0 0 0 0 0 0 0 0 28 16 14 21 12 33
 3.020000E+02 12 0 0 0 0 0 0 0 0 1 0 0 20 16 14 26 15 22
 3.025000E+02 26 0 0 0 0 0 0 0 0 0 0 0 24 19 25 25 14 15
 3.030000E+02 21 0 0 0 0 0 0 0 0 0 0 0 17 19 11 19 20 23
 3.035000E+02 12 0 0 0 0 0 0 0 0 1 0 0 19 16 19 15 20 13
 3.040000E+02 11 0 0 0 0 0 0 0 0 1 0 0 25 20 21 9 22 17
 3.045000E+02 18 0 0 0 0 0 0 0 0 1 0 0 20 19 16 22 18 21
 3.050000E+02 13 0 0 0 0 0 0 0 0 1 0 0 25 22 18 18 20 20
 3.055000E+02 9 0 0 0 0 0 0 0 0 1 0 0 23 19 14 14 17 23
 3.060000E+02 12 0 0 0 0 0 0 1 0 3 0 0 20 21 16 17 20 25
 3.065000E+02 14 0 0 1 0 0 0 1 0 1 0 0 20 24 22 21 18 27
 3.070000E+02 15 0 0 0 0 0 0 0 0 3 0 0 18 13 19 17 19 22
 3.075000E+02 13 0 0 1 0 0 0 0 0 2 0 0 15 18 25 17 21 24
 3.080000E+02 10 0 0 0 0 0 0 0 0 1 0 0 17 17 25 17 19 17
 3.085000E+02 13 0 0 0 0 0 0 0 0 0 0 0 16 22 21 10 19 20
 3.090000E+02 12 0 0 0 0 0 0 0 0 1 0 0 22 26 16 13 26 15
 3.095000E+02 7 0 0 0 0 0 0 0 0 2 0 0 13 19 16 24 30 15
 3.100000E+02 17 0 0 0 0 0 0 0 0 2 0 0 12 24 26 19 28 19
 3.105000E+02 11 0 0 0 0 0 0 0 0 1 0 0 16 20 23 20 19 17
 3.110000E+02 10 0 0 0 0 0 0 0 0 1 0 0 21 20 24 19 13 23
 3.115000E+02 10 0 0 0 0 0 0 1 0 0 0 0 27 18 14 17 11 16
 3.120000E+02 12 0 0 0 0 0 0 1 0 0 0 0 27 21 19 20 22 16
 3.125000E+02 7 0 0 0 0 0 0 0 0 1 0 0 18 15 22 23 20 16
 3.130000E+02 7 0 0 0 0 0 0 1 0 1 0 0 22 25 22 17 18 15
 3.135000E+02 12 0 0 0 0 0 0 0 0 1 0 0 15 27 18 19 18 20
 3.140000E+02 13 0 0 0 0 0 0 0 0 0 0 0 21 27 18 19 24 19
 3.145000E+02 10 0 0 0 0 0 0 0 0 0 0 0 21 16 18 26 28 20
 3.150000E+02 14 0 0 0 0 0 0 0 0 0 0 0 22 16 12 13 25 18
 3.155000E+02 11 0 0 0 0 0 0 0 0 0 0 0 15 20 18 26 21 13
 3.160000E+02 14 0 0 0 0 0 0 0 0 0 0 0 14 24 18 24 17 14
 3.165000E+02 9 0 0 0 0 0 0 0 0 0 0 0 15 15 17 25 22 16
 3.170000E+02 14 0 0 0 0 0 0 0 0 1 0 0 20 9 21 20 25 18
 3.175000E+02 13 0 0 0 0 0 0 0 0 0 0 0 24 15 22 18 22 15
 3.180000E+02 7 0 0 0 0 0 0 0 0 0 0 0 18 15 17 17 21 15
 3.185000E+02 19 0 0 0 0 0 0 0 0 0 0 0 18 18 22 18 27 19
 3.190000E+02 14 0 0 0 0 0 0 0 0 0 0 0 20 23 11 20 23 19
 3.195000E+02 6 0 0 0 0 0 0 0 0 0 0 0 22 21 12 22 17 23
 3.200000E+02 5 0 0 0 0 0 0 0 0 0 0 0 19 19 18 30 14 23
 3.205000E+02 11 0 0 0 0 0 0 0 0 0 0 0 18 13 16 19 17 21
 3.210000E+02 13 0 0 0 0 0 0 1 0 1 0 0 16 10 16 25 18 18
 3.215000E+02 16 0 0 0 0 0 0 0 0 2 0 0 21 16 11 23 20 10
 3.220000E+02 7 0 0 0 0 0 0 1 0 0 0 0 20 19 19 30 22 10
 3.225000E+02 6 0 0 0 0 0 0 0 0 0 0 0 11 20 21 22 11 17
 3.230000E+02 12 0 0 0 0 0 0 0 0 0 0 0 15 20 24 15 20 13
 3.235000E+02 5 0 0 0 0 0 0 0 0 1 0 0 17 23 24 24 22 16
 3.240000E+02 11 0 0 0 0 0 0 0 0 1 0 0 14 15 19 21 13 17
 3.245000E+02 13 0 0 0 0 0 0 0 0 1 0 0 17 12 22 15 18 20
 3.250000E+02 8 0 0 0 0 0 0 0 0 1 0 0 17 9 28 19 22 22
 3.255000E+02 11 0 0 0 0 0 0 0 0 0 0 0 14 18 22 17 20 16
 3.260000E+02 13 0 0 0 0 0 0 0 0 0 0 0 15 17 21 15 20 21
 3.265000E+02 12 0 0 0 0 0 0 0 0 0 0 0 21 20 19 20 14 13
 3.270000E+02 12 0 0 0 0 0 0 0 0 0 0 0 24 17 17 28 21 15
 3.275000E+02 10 0 0 0 0 0 0 0 0 0 0 0 23 12 21 24 13 15
 3.280000E+02 11 0 0 0 0 0 0 0 0 0 0 0 16 18 19 22 20 18
 3.285000E+02 9 0 0 0 0 0 0 0 0 0 0 0 17 16 16 22 15 23
 3.290000E+02 11 0 0 0 0 0 0 0 0 0 0 0 18 13 12 20 14 25
 3.295000E+02 9 0 0 0 0 0 0 0 0 0 0 0 19 16 17 20 19 20
 3.300000E+02 9 0 0 0 0 0 0 0 0 0 0 0 16 24 21 20 19 17
 3.305000E+02 9 0 0 1 0 0 0 0 0 0 0 0 17 22 17 16 22 23
 3.310000E+02 6 0 0 1 0 0 0 0 0 1 0 0 21 23 10 22 20 23
 3.315000E+02 13 0 0 0 0 0 0 2 0 0 0 0 21 19 17 18 16 18
 3.320000E+02 15 0 0 0 0 0 0 0 0 2 0 0 26 14 21 19 20 13
 3.325000E+02 9 0 0 0 0 0 0 0 0 0 0 0 27 16 24 20 16 13
 3.330000E+02 8 0 0 0 0 0 0 0 0 0 0 0 26 18 22 18 18 17
 3.335000E+02 7 0 0 1 0 0 0 0 0 1 0 0 21 20 23 22 22 17
 3.340000E+02 11 0 0 0 0 0 0 0 0 3 0 0 18 23 20 17 19 24
 3.345000E+02 6 0 0 0 0 0 0 0 0 2 0 0 9 20 18 20 19 23
 3.350000E+02 10 0 0 0 0 1 0 0 0 0 0 0 9 15 16 24 17 23
 3.355000E+02 10 0 0 1 0 0 0 0 0 0 0 0 23 16 15 16 26 21
 3.360000E+02 12 0 0 0 0 0 0 0 0 1 0 0 16 22 14 15 28 18
 3.365000E+02 11 0 0 0 0 0 0 1 0 0 0 0 23 11 20 8 21 17
 3.370000E+02 9 0 0 0 0 0 0 0 0 0 0 0 21 20 20 11 20 14
 3.375000E+02 11 0 0 0 0 0 0 0 0 0 0 0 22 18 16 16 19 15
 3.380000E+02 8 0 0 0 0 0 0 0 0 0 0 0 22 16 13 17 22 16
 3.385000E+02 16 0 0 0 0 0 0 0 0 0 0 0 30 14 16 15 10 18
 3.390000E+02 9 0 0 0 0 0 0 0 0 0 0 0 22 14 20 13 11 8
 3.395000E+02 16 0 0 0 0 0 0 0 0 0 0 0 20 17 21 19 16 15
 3.400000E+02 14 0 0 0 0 0 0 0 0 0 0 0 16 11 19 21 22 20
 3.405000E+02 12 0 0 0 0 0 0 0 0 0 0 0 18 18 19 13 19 21
 3.410000E+02 8 0 0 0 0 0 0 0 0 0 0 0 17 25 17 11 19 21
 3.415000E+02 10 0 0 0 0 0 0 0 0 1 0 0 12 23 21 14 15 24
 3.420000E+02 11 0 0 0 0 0 0 0 0 0 0 0 23 19 19 13 20 16
 3.425000E+02 14 0 0 0 0 0 0 0 0 0 0 0 16 17 23 18 19 13
 3.430000E+02 9 0 0 0 0 0 0 0 0 0 0 0 23 14 26 18 14 12
 3.435000E+02 9 0 0 0 0 0 0 0 0 0 0 0 24 17 20 14 19 11
 3.440000E+02 6 0 0 0 0 0 0 0 0 0 0 0 22 19 20 15 23 24
 3.445000E+02 13 0 0 0 0 0 0 0 0 0 0 0 22 17 19 18 21 26
 3.450000E+02 8 0 0 0 0 0 0 0 0 0 0 0 13 20 22 17 18 23
 3.455000E+02 12 0 0 0 0 0 0 0 0 0 0 0 9 16 19 19 15 24
 3.460000E+02 17 0 0 0 0 0 0 0 0 0 0 0 20 19 20 21 14 21
 3.465000E+02 6 0 0 0 0 0 0 0 0 0 0 0 17 14 16 26 16 20
 3.470000E+02 8 0 0 0 0 0 0 0 0 0 0 0 19 12 19 26 21 16
 3.475000E+02 6 0 0 0 0 0 0 0 0 0 0 0 27 15 25 20 21 14
 3.480000E+02 7 0 0 0 0 0 0 0 0 1 0 0 20 14 16 25 13 19
 3.485000E+02 11 0 0 0 0 0 0 0 0 1 0 0 20 18 18 26 14 13
 3.490000E+02 8 0 0 0 0 0 0 0 0 0 0 0 15 29 23 16 15 20
 3.495000E+02 8 0 0 0 0 0 0 0 0 0 0 0 13 19 19 14 24 11
 3.500000E+02 8 0 0 0 0 0 0 0 0 0 0 0 15 18 22 19 22 14
 3.505000E+02 13 0 0 1 0 0 0 0 0 0 0 0 17 15 32 11 25 13
 3.510000E+02 8 0 0 0 0 0 0 0 0 2 0 0 13 15 25 9 29 12
 3.515000E+02 7 0 0 0 0 0 0 0 0 2 0 0 12 18 18 12 22 14
 3.520000E+02 9 0 0 0 0 1 0 0 0 2 0 0 15 24 11 15 15 20
 3.525000E+02 12 0 0 0 0 0 0 0 0 2 0 0 19 15 18 18 18 15
 3.530000E+02 5 0 0 0 0 0 0 2 0 0 0 0 20 13 22 18 18 17
 3.535000E+02 14 0 0 0 0 0 0 0 0 2 0 0 21 16 17 19 19 16
 3.540000E+02 10 0 0 0 0 0 0 1 0 0 0 0 20 22 15 14 20 17
 3.545000E+02 8 0 0 0 0 0 0 1 0 0 0 0 20 20 15 14 15 18
 3.550000E+02 6 0 0 0 0 0 0 0 0 1 0 0 16 14 19 17 11 18
 3.555000E+02 16 0 0 0 0 0 0 0 0 1 0 0 14 13 20 18 16 24
 3.560000E+02 11 0 0 0 0 0 0 0 0 0 0 0 15 16 21 20 16 12
 3.565000E+02 10 0 0 0 0 0 0 0 0 0 0 0 15 18 18 23 15 15
 3.570000E+02 12 0 0 0 0 0 0 0 0 0 0 0 14 19 16 21 18 18
 3.575000E+02 6 0 0 0 0 0 0 0 0 0 0 0 17 20 17 24 17 14
 3.580000E+02 8 0 0 0 0 0 0 0 0 0 0 0 17 21 19 25 11 13
 3.585000E+02 8 0 0 0 0 0 0 0 0 0 0 0 17 14 18 22 13 18
 3.590000E+02 18 0 0 0 0 0 0 0 0 0 0 0 11 19 23 22 17 19
 3.595000E+02 15 0 0 0 0 0 0 0 0 0 0 0 11 19 14 17 20 28
 3.600000E+02 8 0 0 0 0 0 0 0 0 0 0 0 13 25 11 20 20 19
 3.605000E+02 7 0 0 0 0 0 0 0 0 0 0 0 17 21 14 21 17 18
 3.610000E+02 4 0 0 0 0 0 0 0 0 0 0 0 22 20 10 23 17 17
 3.615000E+02 13 0 0 0 0 0 0 0 0 0 0 0 24 18 14 18 15 23
 3.620000E+02 11 0 0 0 0 0 0 0 0 0 0 0 19 14 18 23 13 20
 3.625000E+02 7 0 0 0 0 0 0 0 0 0 0 0 19 13 20 17 20 13
 3.630000E+02 12 0 0 0 0 0 0 1 0 0 0 0 16 14 17 16 22 12
 3.635000E+02 10 0 0 0 0 0 0 0 0 1 0 0 15 18 18 18 19 16
 3.640000E+02 7 0 0 0 0 0 0 0 0 1 0 0 16 18 16 20 20 23
 3.645000E+02 10 0 0 0 0 0 0 0 0 1 0 0 22 22 16 11 16 29
 3.650000E+02 8 0 0 0 0 0 0 0 0 0 0 0 18 22 17 18 22 19
 3.655000E+02 11 0 0 0 0 0 0 0 0 0 0 0 15 23 13 17 20 13
 3.660000E+02 11 0 0 0 0 0 0 0 0 0 0 0 14 20 22 20 20 13
 3.665000E+02 17 0 0 0 0 0 0 0 0 0 0 0 10 16 21 14 20 17
 3.670000E+02 6 0 0 0 0 0 0 0 0 0 0 0 20 15 21 11 21 23
 3.675000E+02 11 0 0 0 0 0 0 0 0 0 0 0 20 9 19 19 11 26
 3.680000E+02 14 0 0 0 0 0 0 0 0 0 0 0 23 15 20 22 12 20
 3.685000E+02 9 0 0 0 0 0 0 0 0 0 0 0 22 25 9 20 13 20
 3.690000E+02 6 0 0 0 0 0 0 0 0 0 0 0 21 18 19 17 23 17
 3.695000E+02 11 0 0 0 0 0 0 0 0 0 0 0 21 21 21 18 17 16
 3.700000E+02 8 0 0 0 0 0 0 1 0 0 0 0 21 28 17 8 15 17
 3.705000E+02 7 0 0 0 0 0 0 1 0 0 0 0 18 25 17 12 17 13
 3.710000E+02 11 0 0 0 0 0 0 0 0 1 0 0 15 24 15 14 16 11
 3.715000E+02 11 0 0 0 0 0 0 0 0 1 0 0 24 22 13 22 17 14
 3.720000E+02 8 0 0 0 0 0 0 1 0 0 0 0 21 20 13 16 19 19
 3.725000E+02 14 0 0 0 0 1 0 0 0 0 0 0 20 27 16 11 17 20
 3.730000E+02 10 0 0 0 0 0 0 0 0 1 0 0 17 27 16 22 26 16
 3.735000E+02 11 0 0 0 0 0 0 0 0 1 0 0 13 19 16 14 25 11
 3.740000E+02 11 0 0 0 0 0 0 0 0 2 0 0 14 22 18 15 24 17
 3.745000E+02 13 0 0 0 0 0 0 0 0 2 0 0 16 14 17 12 19 19
 3.750000E+02 8 0 0 0 0 0 0 1 0 0 0 0 13 15 19 17 15 18
 3.755000E+02 8 0 0 0 0 0 0 0 0 0 0 0 18 16 18 17 14 16
 3.760000E+02 8 0 0 0 0 0 0 0 0 0 0 0 20 20 12 25 13 16
 3.765000E+02 4 0 0 0 0 0 0 0 0 0 0 0 17 18 11 15 15 22
 3.770000E+02 10 0 0 0 0 0 0 0 0 0 0 0 20 11 16 21 17 15
 3.775000E+02 12 0 0 0 0 0 0 0 0 0 0 0 17 14 20 22 13 17
 3.780000E+02 14 0 0 0 0 0 0 0 0 0 0 0 16 13 17 24 16 18
 3.785000E+02 13 0 0 0 0 0 0 0 0 0 0 0 11 23 20 17 14 20
 3.790000E+02 7 0 0 0 0 0 0 0 0 0 0 0 16 24 16 14 17 14
 3.795000E+02 12 0 0 0 0 0 0 0 0 0 0 0 24 24 19 20 16 9
 3.800000E+02 8 0 0 0 0 0 0 0 0 0 0 0 24 20 14 15 20 19
 3.805000E+02 7 0 0 0 0 0 0 0 0 0 0 0 17 13 17 25 18 18
 3.810000E+02 11 0 0 0 0 0 0 0 0 1 0 0 25 10 19 18 12 19
 3.815000E+02 12 0 0 0 0 0 0 0 0 0 0 0 23 15 22 15 14 26
 3.820000E+02 14 0 0 0 0 0 0 0 0 0 0 0 21 13 17 14 26 26
 3.825000E+02 8 0 0 0 0 0 0 0 0 0 0 0 21 11 22 14 23 23
 3.830000E+02 7 0 0 0 0 0 0 0 0 0 0 0 24 13 14 18 21 18
 3.835000E+02 8 0 0 0 0 0 0 0 0 0 0 0 22 18 11 24 18 24
 3.840000E+02 11 0 0 0 0 0 0 0 0 0 0 0 21 14 18 13 18 23
 3.845000E+02 9 0 0 0 0 0 0 0 0 0 0 0 11 19 14 20 25 22
 3.850000E+02 8 0 0 0 0 0 0 0 0 0 0 0 10 28 18 16 21 22
 3.855000E+02 6 0 0 0 0 0 0 0 0 0 0 0 10 23 13 19 20 15
 3.860000E+02 11 0 0 0 0 0 0 0 0 0 0 0 14 17 17 18 19 18
 3.865000E+02 11 0 0 0 0 0 0 0 0 0 0 0 19 18 22 18 17 17
 3.870000E+02 11 0 0 0 0 0 0 0 0 0 0 0 20 15 21 24 17 17
 3.875000E+02 8 0 0 0 0 0 0 0 0 0 0 0 18 25 19 17 21 17
 3.880000E+02 7 0 0 0 0 0 0 0 0 0 0 0 9 22 15 19 15 13
 3.885000E+02 12 0 0 0 0 0 0 0 0 0 0 0 18 15 16 20 19 17
 3.890000E+02 7 0 0 0 0 0 0 0 0 0 0 0 15 17 22 21 21 16
 3.895000E+02 6 0 0 0 0 0 0 0 0 0 0 0 14 15 20 17 19 20
 3.900000E+02 8 0 0 0 0 0 0 0 0 0 0 0 16 20 22 18 19 21
 3.905000E+02 9 0 0 0 0 0 0 0 0 0 0 0 12 22 20 15 23 22
 3.910000E+02 10 0 0 0 0 0 0 0 0 0 0 0 16 23 22 21 18 18
 3.915000E+02 10 0 0 0 0 0 0 0 0 0 0 0 16 18 15 27 17 15
 3.920000E+02 15 0 0 0 0 0 0 0 0 1 0 0 23 17 17 22 15 23
 3.925000E+02 10 0 0 0 0 0 0 0 0 0 0 0 13 19 24 23 19 21
 3.930000E+02 9 0 0 0 0 0 0 0 0 0 0 0 19 16 21 18 16 19
 3.935000E+02 11 0 0 1 0 0 0 0 0 0 0 0 19 19 18 19 15 18
 3.940000E+02 10 0 0 0 0 0 0 0 0 0 0 0 13 17 22 21 16 16
 3.945000E+02 13 0 0 0 0 0 0 0 0 0 0 0 15 21 14 19 14 14
 3.950000E+02 9 0 0 0 0 0 0 0 0 0 0 0 17 20 20 14 18 9
 3.955000E+02 16 0 0 0 0 0 0 0 0 0 0 0 17 25 17 14 28 8
 3.960000E+02 7 0 0 0 0 0 0 0 0 0 0 0 18 18 18 16 28 15
 3.965000E+02 10 0 0 0 0 0 0 0 0 1 0 0 21 17 15 21 22 16
 3.970000E+02 10 0 0 0 0 0 0 0 0 0 0 0 18 10 22 18 17 24
 3.975000E+02 11 0 0 0 0 0 0 0 0 0 0 0 15 15 18 18 18 22
 3.980000E+02 10 0 0 0 0 0 0 0 0 0 0 0 18 19 14 13 13 21
 3.985000E+02 8 0 0 0 0 0 0 0 0 0 0 0 8 23 11 13 17 29
 3.990000E+02 9 0 0 0 0 0 0 0 0 0 0 0 16 21 15 17 20 24
 3.995000E+02 7 0 0 0 0 0 0 0 0 0 0 0 17 16 9 18 18 18
 4.000000E+02 5 0 0 0 0 0 0 0 0 0 0 0 21 20 20 17 17 16
 4.005000E+02 8 0 0 0 0 0 0 0 0 0 0 0 17 15 9 15 20 19
 4.010000E+02 8 0 0 0 0 0 0 0 0 0 0 0 15 12 11 16 21 30
 4.015000E+02 8 0 0 0 0 0 0 0 0 0 0 0 14 12 17 20 18 28
 4.020000E+02 7 0 0 0 0 0 0 0 0 0 0 0 15 15 10 16 19 23
 4.025000E+02 6 0 0 0 0 0 0 0 0 0 0 0 19 20 15 13 18 22
 4.030000E+02 8 0 0 0 0 0 0 0 0 0 0 0 15 19 19 17 21 13
 4.035000E+02 7 0 0 0 0 0 0 0 0 0 0 0 24 17 16 17 23 17
 4.040000E+02 13 0 0 0 0 0 0 0 0 0 0 0 20 18 21 15 26 14
 4.045000E+02 7 0 0 0 0 0 0 0 0 0 0 0 19 22 18 15 19 11
 4.050000E+02 11 0 0 0 0 0 0 0 0 0 0 0 15 16 16 19 18 14
 4.055000E+02 15 0 0 0 0 0 0 0 0 1 0 0 19 21 12 18 25 14
 4.060000E+02 11 0 0 0 0 0 0 0 0 0 0 0 22 16 20 15 22 18
 4.065000E+02 11 0 0 0 0 0 0 0 0 0 0 0 20 21 20 12 20 18
 4.070000E+02 14 0 0 0 0 0 0 0 0 1 0 0 21 19 21 14 15 21
 4.075000E+02 7 0 0 0 0 0 0 0 0 1 0 0 16 14 18 23 17 17
 4.080000E+02 7 0 0 0 0 0 0 0 0 2 0 0 19 16 18 17 21 12
 4.085000E+02 6 0 0 0 0 0 0 0 0 2 0 0 17 16 14 12 19 9
 4.090000E+02 10 0 0 0 0 0 0 0 0 2 0 0 21 17 19 15 22 6
 4.095000E+02 15 0 0 0 0 0 0 1 0 1 0 0 19 16 15 17 12 15
 4.100000E+02 9 0 0 0 0 0 0 0 0 2 0 0 20 19 24 18 13 13
 4.105000E+02 5 0 0 0 0 0 0 1 0 1 0 0 16 16 21 15 21 17
 4.110000E+02 8 0 0 0 0 0 0 0 0 0 0 0 19 13 15 20 19 17
 4.115000E+02 5 0 0 0 0 0 0 0 0 0 0 0 12 16 17 16 21 14
 4.120000E+02 9 0 0 0 0 0 0 0 0 0 0 0 8 13 20 19 19 11
 4.125000E+02 10 0 0 0 0 0 0 0 0 0 0 0 14 13 15 10 24 16
 4.130000E+02 1 0 0 0 0 0 0 0 0 1 0 0 13 15 14 17 17 16
 4.135000E+02 9 0 0 0 0 0 0 0 0 1 0 0 18 17 11 20 21 17
 4.140000E+02 11 0 0 0 0 0 0 0 0 1 0 0 24 16 14 18 13 15
 4.145000E+02 10 0 0 0 0 0 0 0 0 1 0 0 22 25 13 18 18 12
 4.150000E+02 9 0 0 0 0 0 0 0 0 0 0 0 25 22 17 14 23 8
 4.155000E+02 13 0 0 0 0 0 0 0 0 0 0 0 23 20 12 12 15 12
 4.160000E+02 6 0 0 0 0 0 0 0 0 1 0 0 20 19 15 22 16 15
 4.165000E+02 10 0 0 0 0 0 0 1 0 0 0 0 14 15 21 13 13 19
 4.170000E+02 9 0 0 1 0 0 0 0 0 2 0 0 15 15 23 13 19 17
 4.175000E+02 8 0 0 1 0 0 0 0 0 2 0 0 18 12 13 24 17 25
 4.180000E+02 4 0 0 0 0 0 0 1 0 1 0 0 19 13 17 17 16 17
 4.185000E+02 12 0 0 0 0 0 0 0 0 1 0 0 31 17 11 14 15 13
 4.190000E+02 6 0 0 0 0 0 0 0 0 0 0 0 20 19 10 18 13 15
 4.195000E+02 11 0 0 0 0 0 0 0 0 0 0 0 25 13 13 17 11 16
 4.200000E+02 11 0 0 0 0 0 0 0 0 0 0 0 20 16 17 20 18 12
 4.205000E+02 6 0 0 1 0 0 0 0 0 0 0 0 21 24 18 16 19 13
 4.210000E+02 9 0 0 0 0 0 0 1 0 0 0 0 21 15 16 11 14 17
 4.215000E+02 8 0 0 0 0 0 0 0 0 0 0 0 17 19 18 12 15 13
 4.220000E+02 19 0 0 0 0 0 0 0 0 0 0 0 10 17 25 21 20 18
 4.225000E+02 9 0 0 0 0 0 0 0 0 0 0 0 16 12 13 17 18 20
 4.230000E+02 8 0 0 0 0 0 0 0 0 0 0 0 14 17 17 16 20 19
 4.235000E+02 11 0 0 0 0 0 0 0 0 0 0 0 12 19 16 20 19 20
 4.240000E+02 9 0 0 0 0 0 0 0 0 0 0 0 13 17 18 28 9 17
 4.245000E+02 14 0 0 0 0 0 0 0 0 0 0 0 19 21 15 18 10 16
 4.250000E+02 10 0 0 0 0 0 0 0 0 0 0 0 14 19 17 16 17 18
 4.255000E+02 8 0 0 0 0 0 0 0 0 0 0 0 24 9 18 19 28 12
 4.260000E+02 11 0 0 0 0 0 0 0 0 0 0 0 20 9 10 23 23 15
 4.265000E+02 8 0 0 0 0 0 0 0 0 0 0 0 23 9 14 21 22 16
 4.270000E+02 14 0 0 0 0 0 0 0 0 0 0 0 24 12 18 22 14 15
 4.275000E+02 7 0 0 0 0 0 0 0 0 0 0 0 24 15 18 23 15 19
 4.280000E+02 11 0 0 0 0 0 0 0 0 0 0 0 16 18 18 18 12 19
 4.285000E+02 9 0 0 0 0 0 0 0 0 0 0 0 15 20 18 15 19 18
 4.290000E+02 9 0 0 0 0 0 0 0 0 0 0 0 11 15 21 14 21 22
 4.295000E+02 13 0 0 0 0 0 0 0 0 0 0 0 18 15 21 15 22 19
 4.300000E+02 9 0 0 0 0 0 0 0 0 0 0 0 17 14 18 10 18 18
 4.305000E+02 10 0 0 0 0 0 0 0 0 0 0 0 18 19 14 13 18 19
 4.310000E+02 8 0 0 0 0 0 0 0 0 0 0 0 23 24 13 21 12 12
 4.315000E+02 11 0 0 0 0 0 0 0 0 0 0 0 16 20 19 14 18 16
 4.320000E+02 6 0 0 0 0 0 0 0 0 1 0 0 13 18 17 19 21 12
 4.325000E+02 6 0 0 0 0 0 0 0 0 1 0 0 22 18 12 19 26 12
 4.330000E+02 6 0 0 0 0 0 0 0 0 1 0 0 21 14 17 11 18 15
 4.335000E+02 4 0 0 0 0 0 0 0 0 0 0 0 12 19 18 15 21 11
 4.340000E+02 12 0 0 0 0 0 0 0 0 0 0 0 13 19 14 11 17 11
 4.345000E+02 12 0 0 0 0 0 0 0 0 0 0 0 17 17 18 18 13 15
 4.350000E+02 4 0 0 0 0 0 0 0 0 0 0 0 20 21 14 26 15 9
 4.355000E+02 15 0 0 0 0 0 0 0 0 0 0 0 19 18 17 19 17 19
 4.360000E+02 14 0 0 0 0 0 0 0 0 0 0 0 18 19 15 10 17 16
 4.365000E+02 2 0 0 0 0 0 0 0 0 0 0 0 23 19 20 10 19 18
 4.370000E+02 12 0 0 0 0 0 0 0 0 0 0 0 22 14 20 13 21 20
 4.375000E+02 11 0 0 0 0 0 0 0 0 0 0 0 16 15 21 9 18 16
 4.380000E+02 8 0 0 0 0 0 0 0 0 0 0 0 13 18 18 17 20 11
 4.385000E+02 11 0 0 0 0 0 0 0 0 0 0 0 18 17 21 13 14 18
 4.390000E+02 5 0 0 0 0 0 0 0 0 0 0 0 18 20 14 11 15 15
 4.395000E+02 13 0 0 0 0 0 0 0 0 0 0 0 20 18 26 16 18 12
 4.400000E+02 8 0 0 0 0 0 0 0 0 0 0 0 18 23 24 9 22 9
 4.405000E+02 5 0 0 0 0 0 0 0 0 1 0 0 16 17 21 9 19 13
 4.410000E+02 10 0 0 0 0 0 0 0 0 0 0 0 14 13 19 19 18 16
 4.415000E+02 6 0 0 0 0 0 0 0 0 0 0 0 14 9 21 17 20 19
 4.420000E+02 2 0 0 0 0 0 0 0 0 0 0 0 9 12 15 18 18 17
 4.425000E+02 10 0 0 0 0 0 0 0 0 0 0 0 13 12 21 12 20 19
 4.430000E+02 8 0 0 0 0 0 0 0 0 0 0 0 11 21 21 19 21 14
 4.435000E+02 15 0 0 0 0 0 0 0 0 0 0 0 16 14 18 16 17 13
 4.440000E+02 6 0 0 0 0 0 0 0 0 0 0 0 19 19 20 13 16 10
 4.445000E+02 10 0 0 0 0 0 0 0 0 0 0 0 23 14 13 16 11 16
 4.450000E+02 8 0 0 0 0 0 0 0 0 0 0 0 26 17 16 20 15 15
 4.455000E+02 8 0 0 0 0 0 0 0 0 0 0 0 26 13 11 21 13 16
 4.460000E+02 13 0 0 0 0 0 0 0 0 0 0 0 22 15 17 15 17 17
 4.465000E+02 13 0 0 0 0 0 0 0 0 0 0 0 18 15 23 17 11 19
 4.470000E+02 9 0 0 0 0 0 0 0 0 0 0 0 16 15 24 20 13 19
 4.475000E+02 9 0 0 0 0 0 0 0 0 0 0 0 16 17 20 16 13 15
 4.480000E+02 6 0 0 0 0 0 0 0 0 0 0 0 19 24 18 13 15 21
 4.485000E+02 9 0 0 0 0 0 0 1 0 0 0 0 15 21 21 16 17 20
 4.490000E+02 9 0 0 0 0 0 0 1 0 0 0 0 18 22 24 16 16 16
 4.495000E+02 7 0 0 0 0 0 0 0 0 0 0 0 11 21 20 15 18 13
 4.500000E+02 6 0 0 0 0 0 0 0 0 0 0 0 18 16 11 17 14 17
 4.505000E+02 9 0 0 0 0 0 0 0 0 0 0 0 24 12 18 21 19 13
 4.510000E+02 11 0 0 0 0 0 0 0 0 0 0 0 27 13 19 18 15 17
 4.515000E+02 5 0 0 0 0 0 0 0 0 1 0 0 21 12 18 15 19 12
 4.520000E+02 6 0 0 0 0 0 0 0 0 1 0 0 24 20 17 20 18 15
 4.525000E+02 12 1 0 0 0 0 0 0 0 0 0 0 15 18 20 12 21 14
 4.530000E+02 5 0 0 0 0 0 0 0 0 0 0 0 20 17 14 14 17 21
 4.535000E+02 12 0 0 0 0 0 0 0 0 0 0 0 8 17 20 10 20 24
 4.540000E+02 5 0 0 0 0 0 0 0 0 0 0 0 12 20 19 18 15 11
 4.545000E+02 9 0 0 0 0 0 0 0 0 0 0 0 14 22 11 14 16 19
 4.550000E+02 8 0 0 0 0 0 0 0 0 0 0 0 17 19 17 11 14 26
 4.555000E+02 10 0 0 0 0 0 0 0 0 0 0 0 19 16 18 15 14 24
 4.560000E+02 9 0 0 0 0 0 0 0 0 0 0 0 17 20 12 7 15 20
 4.565000E+02 7 0 0 0 0 0 0 0 0 0 0 0 16 16 16 7 18 14
 4.570000E+02 9 0 0 0 0 0 0 0 0 0 0 0 15 17 19 11 17 19
 4.575000E+02 9 0 0 0 0 0 0 0 0 0 0 0 10 18 19 13 21 16
 4.580000E+02 9 0 0 0 0 0 0 0 0 0 0 0 12 22 16 9 20 26
 4.585000E+02 11 0 0 0 0 0 0 0 0 0 0 0 16 14 19 10 16 20
 4.590000E+02 15 0 0 0 0 0 0 0 0 0 0 0 13 19 15 15 16 17
 4.595000E+02 11 0 0 0 0 0 0 0 0 0 0 0 21 14 14 14 20 16
 4.600000E+02 2 0 0 0 0 0 0 0 0 0 0 0 19 17 10 15 24 15
 4.605000E+02 10 0 0 0 0 0 0 0 0 0 0 0 21 12 20 13 14 14
 4.610000E+02 11 0 0 0 0 0 0 0 0 0 0 0 27 14 16 20 9 17
 4.615000E+02 11 0 0 0 0 0 0 0 0 0 0 0 27 20 15 19 11 21
 4.620000E+02 9 0 0 0 0 0 0 0 0 0 0 0 24 16 20 11 12 17
 4.625000E+02 11 0 0 0 0 0 0 0 0 2 0 0 16 15 22 10 12 17
 4.630000E+02 12 0 0 1 0 0 0 0 0 0 0 0 16 10 19 14 16 24
 4.635000E+02 7 0 0 0 0 0 0 0 0 1 0 0 14 23 17 13 17 18
 4.640000E+02 10 0 0 0 0 0 0 0 0 1 0 0 15 21 7 18 20 23
 4.645000E+02 10 0 0 0 0 0 0 0 0 1 0 0 15 21 20 21 14 18
 4.650000E+02 9 0 0 0 0 0 0 0 0 0 0 0 14 21 19 17 16 14
 4.655000E+02 9 0 0 0 0 0 0 0 0 0 0 0 21 18 18 17 14 13
 4.660000E+02 12 0 0 0 0 0 0 0 0 0 0 0 13 25 17 16 20 14
 4.665000E+02 14 0 0 0 0 0 0 0 0 0 0 0 18 28 19 16 15 12
 4.670000E+02 11 0 0 0 0 0 0 0 0 2 0 0 19 20 10 18 12 22
 4.675000E+02 8 0 0 0 0 0 0 0 0 1 0 0 19 16 13 17 16 13
 4.680000E+02 11 0 0 0 0 0 0 1 0 0 0 0 17 15 13 27 18 12
 4.685000E+02 8 0 0 0 0 0 0 0 0 0 0 0 13 18 14 21 16 14
 4.690000E+02 10 0 0 0 0 0 0 0 0 0 0 0 15 14 20 21 14 12
 4.695000E+02 7 0 0 0 0 0 0 0 0 0 0 0 18 12 20 18 16 11
 4.700000E+02 6 0 0 0 0 0 0 0 0 0 0 0 13 17 17 24 11 19
 4.705000E+02 6 0 0 0 0 0 0 0 0 0 0 0 6 16 16 24 13 22
 4.710000E+02 8 0 0 0 0 0 0 0 0 0 0 0 10 17 16 20 16 19
 4.715000E+02 9 0 0 0 0 0 0 0 0 0 0 0 10 16 16 16 11 16
 4.720000E+02 10 0 0 0 0 0 0 0 0 0 0 0 12 20 13 11 16 18
 4.725000E+02 8 0 0 0 0 0 0 0 0 0 0 0 16 17 14 12 19 16
 4.730000E+02 4 0 0 0 0 0 0 0 0 0 0 0 19 19 13 15 13 16
 4.735000E+02 5 0 0 0 0 0 0 0 0 0 0 0 20 16 16 17 18 10
 4.740000E+02 9 0 0 0 0 0 0 0 0 0 0 0 19 18 14 11 15 11
 4.745000E+02 5 0 0 0 0 0 0 0 0 1 0 0 26 22 15 15 12 8
 4.750000E+02 8 0 0 0 0 0 0 0 0 2 0 0 22 16 15 10 15 12
 4.755000E+02 6 0 0 0 0 0 0 0 0 2 0 0 18 14 12 6 17 18
 4.760000E+02 3 0 0 1 0 0 0 0 0 1 0 0 16 11 16 6 22 24
 4.765000E+02 6 0 0 0 0 0 0 1 0 1 0 0 11 16 20 5 21 25
 4.770000E+02 12 0 0 0 0 0 0 0 0 1 0 0 17 21 16 10 17 19
 4.775000E+02 5 0 0 1 0 0 0 0 0 0 0 0 18 26 16 14 15 21
 4.780000E+02 10 0 0 0 0 0 0 0 0 1 0 0 21 21 12 13 13 21
 4.785000E+02 10 0 0 0 0 0 0 0 0 0 0 0 16 19 18 16 18 15
 4.790000E+02 9 0 0 0 0 0 0 0 0 1 0 0 17 15 21 21 18 14
 4.795000E+02 8 0 0 0 0 0 0 0 0 0 0 0 17 12 21 20 18 12
 4.800000E+02 6 0 0 0 0 0 0 0 0 0 0 0 23 16 16 16 15 14
 4.805000E+02 7 0 0 0 0 0 0 0 0 0 0 0 20 16 15 20 17 13
 4.810000E+02 8 0 0 0 0 0 0 0 0 0 0 0 19 15 15 16 15 16
 4.815000E+02 11 0 0 0 0 0 0 0 0 0 0 0 16 10 11 16 15 19
 4.820000E+02 7 0 0 0 0 0 0 0 0 1 0 0 21 17 14 17 13 18
 4.825000E+02 6 0 0 0 0 0 0 0 0 0 0 0 13 15 18 16 21 15
 4.830000E+02 6 0 0 0 0 0 0 0 0 0 0 0 15 23 18 16 16 16
 4.835000E+02 12 0 0 0 0 0 0 0 0 0 0 0 11 25 15 17 14 15
 4.840000E+02 7 0 0 0 0 0 0 0 0 0 0 0 15 21 15 17 14 16
 4.845000E+02 9 0 0 0 0 0 0 0 0 0 0 0 12 20 15 22 17 14
 4.850000E+02 12 0 0 0 0 0 0 0 0 0 0 0 15 14 18 21 21 16
 4.855000E+02 11 0 0 0 0 0 0 0 0 0 0 0 20 12 18 12 22 21
 4.860000E+02 7 0 0 0 0 0 0 0 0 0 0 0 23 13 15 8 21 22
 4.865000E+02 5 0 0 0 0 0 0 0 0 0 0 0 18 15 20 12 24 19
 4.870000E+02 7 0 0 0 0 0 0 0 0 0 0 0 16 18 17 18 18 17
 4.875000E+02 13 0 0 0 0 0 0 0 0 0 0 0 18 11 16 25 13 17
 4.880000E+02 10 0 0 0 0 0 0 0 0 0 0 0 15 20 15 16 15 17
 4.885000E+02 7 0 0 0 0 0 0 0 0 0 0 0 14 21 19 16 22 13
 4.890000E+02 10 0 0 0 0 0 0 0 0 0 0 0 18 14 21 18 14 12
 4.895000E+02 4 0 0 0 0 0 0 0 0 0 0 0 13 17 21 15 11 22
 4.900000E+02 6 0 0 0 0 0 0 0 0 0 0 0 17 14 22 16 10 19
 4.905000E+02 8 0 0 0 0 0 0 0 0 0 0 0 15 12 14 21 11 15
 4.910000E+02 18 0 0 0 0 0 0 0 0 0 0 0 15 20 10 22 17 22
 4.915000E+02 8 0 0 0 0 0 0 0 0 0 0 0 10 19 17 16 19 22
 4.920000E+02 8 0 0 0 0 0 0 0 0 0 0 0 10 20 19 11 25 14
 4.925000E+02 6 0 0 0 0 0 0 0 0 0 0 0 14 20 20 24 19 15
 4.930000E+02 12 0 0 0 0 0 0 0 0 0 0 0 11 18 23 18 16 18
 4.935000E+02 8 0 0 0 0 0 0 0 0 0 0 0 15 12 22 17 20 19
 4.940000E+02 10 0 0 0 0 0 0 0 0 0 0 0 14 12 17 17 23 15
 4.945000E+02 16 0 0 0 0 0 0 0 0 0 0 0 16 15 16 13 20 15
 4.950000E+02 15 0 0 0 0 0 0 0 0 0 0 0 17 10 17 20 17 18
 4.955000E+02 13 0 0 0 0 0 0 0 0 0 0 0 15 9 15 18 21 16
 4.960000E+02 7 0 0 0 0 0 0 0 0 0 0 0 14 8 22 17 20 19
 4.965000E+02 12 0 0 0 0 0 0 0 0 0 0 0 14 12 16 22 15 21
 4.970000E+02 10 0 0 0 0 0 0 0 0 0 0 0 13 14 19 19 20 18
 4.975000E+02 8 0 0 0 0 0 0 0 0 1 0 0 18 13 18 17 16 21
 4.980000E+02 9 0 0 0 0 0 0 0 0 1 0 0 22 15 11 14 13 20
 4.985000E+02 7 0 0 0 0 0 0 0 0 0 0 0 24 11 15 11 16 19
 4.990000E+02 9 0 0 0 0 0 0 0 0 0 0 0 21 16 11 14 15 18
 4.995000E+02 8 0 0 0 0 0 0 0 0 0 0 0 24 12 18 13 20 16
 5.000000E+02 10 0 0 0 0 0 0 0 0 0 0 0 18 16 16 17 15 19
 5.005000E+02 7 0 0 0 0 0 0 0 0 0 0 0 21 12 18 14 19 13
 5.010000E+02 8 0 0 0 0 0 0 0 0 0 0 0 16 10 15 12 16 21
 5.015000E+02 6 0 0 0 0 0 0 0 0 0 0 0 13 14 19 12 17 21
 5.020000E+02 9 0 0 0 0 0 0 0 0 0 0 0 20 18 18 20 17 22
 5.025000E+02 14 0 0 0 0 0 0 0 0 0 0 0 21 22 16 18 14 16
 5.030000E+02 5 0 0 0 0 0 0 0 0 0 0 0 19 17 21 12 12 16
 5.035000E+02 7 0 0 0 0 0 0 0 0 0 0 0 16 17 23 8 12 14
 5.040000E+02 9 0 0 0 0 0 0 0 0 1 0 0 18 21 18 12 12 13
 5.045000E+02 8 0 0 0 0 0 0 0 0 0 0 0 19 23 12 17 12 9
 5.050000E+02 4 0 0 0 0 0 0 0 0 0 0 0 15 20 13 16 21 17
 5.055000E+02 7 0 0 0 0 0 0 0 0 0 0 0 23 14 19 16 22 21
 5.060000E+02 9 0 0 0 0 0 0 0 0 0 0 0 19 16 17 17 15 19
 5.065000E+02 7 0 0 0 0 0 0 0 0 0 0 0 21 23 13 19 12 17
 5.070000E+02 5 0 0 0 0 0 0 0 0 0 0 0 18 17 17 19 18 14
 5.075000E+02 11 0 0 0 0 0 0 0 0 0 0 0 16 16 14 14 19 13
 5.080000E+02 10 0 0 0 0 0 0 0 0 0 0 0 12 16 20 20 24 14
 5.085000E+02 12 0 0 0 0 0 0 0 0 0 0 0 15 19 20 15 17 14
 5.090000E+02 13 0 0 0 0 0 0 0 0 1 0 0 14 23 15 20 18 18
 5.095000E+02 5 0 0 0 0 0 0 0 0 1 0 0 23 20 20 21 11 16
 5.100000E+02 6 0 0 0 0 0 0 0 0 1 0 0 13 16 13 20 17 18
 5.105000E+02 11 0 0 0 0 0 0 0 0 1 0 0 19 21 15 20 16 17
 5.110000E+02 6 0 0 0 0 0 0 0 0 1 0 0 14 16 14 19 20 17
 5.115000E+02 11 0 0 0 0 0 0 0 0 1 0 0 13 23 10 21 20 18
 5.120000E+02 11 0 0 0 0 0 0 0 0 1 0 0 15 18 13 25 17 25
 5.125000E+02 7 0 0 0 0 0 0 0 0 1 0 0 17 15 12 20 23 24
 5.130000E+02 10 0 0 0 0 0 0 0 0 0 0 0 16 15 11 20 25 22
 5.135000E+02 7 0 0 0 0 0 0 0 0 0 0 0 19 16 14 22 21 19
 5.140000E+02 7 0 0 0 0 0 0 0 0 0 0 0 16 21 9 25 15 14
 5.145000E+02 8 0 0 0 0 0 0 0 0 0 0 0 15 15 12 22 19 18
 5.150000E+02 8 0 0 0 0 0 0 0 0 0 0 0 15 15 13 15 19 15
 5.155000E+02 14 0 0 0 0 0 0 0 0 0 0 0 22 20 14 19 16 22
 5.160000E+02 6 0 0 0 0 0 0 0 0 0 0 0 18 27 14 15 13 23
 5.165000E+02 10 0 0 0 0 0 0 0 0 0 0 0 13 28 19 14 18 17
 5.170000E+02 9 0 0 0 0 0 0 0 0 0 0 0 10 19 15 15 27 17
 5.175000E+02 9 0 0 0 0 0 0 0 0 0 0 0 15 19 15 21 25 13
 5.180000E+02 6 0 0 0 0 0 0 0 0 0 0 0 18 14 10 20 20 13
 5.185000E+02 12 0 0 0 0 0 0 0 0 0 0 0 16 16 11 21 14 16
 5.190000E+02 11 0 0 0 0 0 0 0 0 0 0 0 15 17 12 19 17 25
 5.195000E+02 12 0 0 0 0 0 0 0 0 0 0 0 19 15 15 24 22 23
 5.200000E+02 8 0 0 0 0 0 0 0 0 0 0 0 14 23 12 12 16 26
 5.205000E+02 8 0 0 0 0 0 0 0 0 0 0 0 20 26 17 17 16 17
 5.210000E+02 13 0 0 0 0 0 0 0 0 0 0 0 17 25 19 17 19 20
 5.215000E+02 17 0 0 0 0 0 0 0 0 0 0 0 22 26 21 11 14 13
 5.220000E+02 5 0 0 0 0 0 0 0 0 0 0 0 16 24 26 19 16 14
 5.225000E+02 11 0 0 0 0 0 0 0 0 0 0 0 15 24 23 19 17 15
 5.230000E+02 8 0 0 0 0 0 0 1 0 0 0 0 12 17 19 15 12 16
 5.235000E+02 14 0 0 0 0 0 0 0 0 1 0 0 16 20 21 8 17 18
 5.240000E+02 16 0 0 0 0 0 0 1 0 0 0 0 17 23 23 10 15 18
 5.245000E+02 11 0 0 0 0 0 0 0 0 1 0 0 18 24 22 11 16 18
 5.250000E+02 7 0 0 0 0 0 0 0 0 1 0 0 9 24 27 21 13 17
 5.255000E+02 12 0 0 0 0 0 0 0 0 1 0 0 13 26 25 16 17 15
 5.260000E+02 9 0 0 0 0 0 0 0 0 0 0 0 16 18 22 23 23 17
 5.265000E+02 12 0 0 0 0 0 0 0 0 0 0 0 10 16 22 21 25 15
 5.270000E+02 9 0 0 0 0 0 0 0 0 0 0 0 22 18 19 22 23 13
 5.275000E+02 7 0 0 0 0 0 0 0 0 0 0 0 13 19 12 24 23 23
 5.280000E+02 8 0 0 0 0 0 0 0 0 0 0 0 18 18 11 16 19 16
 5.285000E+02 10 0 0 0 0 0 0 0 0 1 0 0 12 19 16 15 22 16
 5.290000E+02 8 0 0 0 0 0 0 0 0 1 0 0 19 16 13 17 21 25
 5.295000E+02 10 0 0 0 0 0 0 0 0 0 0 0 15 16 13 16 17 13
 5.300000E+02 5 0 0 0 0 0 0 0 0 0 0 0 12 24 17 19 15 19
 5.305000E+02 13 0 0 0 0 0 0 0 0 1 0 0 14 15 23 15 22 21
 5.310000E+02 7 0 0 0 0 0 0 0 0 1 0 0 18 19 23 17 13 24
 5.315000E+02 10 1 0 0 0 0 0 0 0 1 0 0 21 12 20 20 18 19
 5.320000E+02 11 0 0 0 0 0 0 0 0 3 0 0 17 14 19 15 19 15
 5.325000E+02 10 0 0 0 0 0 0 0 0 2 0 0 18 13 23 21 16 18
 5.330000E+02 10 0 0 0 0 0 0 0 0 2 0 0 17 12 18 17 18 16
 5.335000E+02 11 0 0 0 0 0 0 0 0 1 0 0 16 6 14 26 19 26
 5.340000E+02 8 0 0 0 0 0 0 0 0 1 0 0 23 13 13 24 15 26
 5.345000E+02 16 0 0 0 0 0 0 0 0 0 0 0 22 22 14 23 12 23
 5.350000E+02 9 0 0 0 0 0 0 0 0 0 0 0 22 20 20 20 12 19
 5.355000E+02 10 0 0 0 0 0 0 0 0 0 0 0 18 14 18 21 25 18
 5.360000E+02 12 0 0 0 0 0 0 0 0 0 0 0 10 17 16 19 15 25
 5.365000E+02 6 0 0 0 0 0 0 0 0 0 0 0 19 16 13 19 16 27
 5.370000E+02 10 0 0 0 0 0 0 0 0 0 0 0 17 17 15 15 16 16
 5.375000E+02 7 0 0 0 0 0 0 0 0 0 0 0 15 16 19 14 17 15
 5.380000E+02 10 0 0 0 0 0 0 0 0 0 0 0 15 22 19 16 26 18
 5.385000E+02 14 0 0 0 0 0 0 0 0 1 0 0 11 19 16 11 27 15
 5.390000E+02 11 0 0 0 0 0 0 0 0 0 0 0 6 23 14 17 25 15
 5.395000E+02 8 0 0 0 0 0 0 0 0 1 0 0 12 24 17 17 21 16
 5.400000E+02 6 0 0 0 0 0 0 0 0 0 0 0 10 27 15 14 19 13
 5.405000E+02 8 0 0 0 0 0 0 0 0 0 0 0 13 27 18 19 22 12
 5.410000E+02 11 0 0 0 0 0 0 0 0 0 0 0 14 19 20 16 19 13
 5.415000E+02 16 0 0 0 0 0 0 0 0 0 0 0 18 15 21 18 22 12
 5.420000E+02 8 0 0 0 0 0 0 1 0 0 0 0 17 16 20 13 14 10
 5.425000E+02 8 0 0 0 0 0 0 0 0 0 0 0 20 16 24 12 17 14
 5.430000E+02 10 0 0 0 0 0 0 0 0 0 0 0 20 18 21 13 10 21
 5.435000E+02 8 0 0 0 0 0 0 0 0 0 0 0 19 18 16 17 14 25
 5.440000E+02 9 0 0 0 0 0 0 0 0 1 0 0 13 25 13 11 21 25
 5.445000E+02 9 0 0 0 0 0 0 0 0 0 0 0 15 20 16 15 16 23
 5.450000E+02 7 0 0 0 0 0 0 0 0 0 0 0 16 22 18 14 10 19
 5.455000E+02 7 0 0 0 0 0 0 0 0 0 0 0 23 18 22 10 16 17
 5.460000E+02 9 0 0 0 0 0 0 0 0 1 0 0 21 13 17 15 17 21
 5.465000E+02 12 0 0 0 0 0 0 0 0 0 0 0 18 21 15 10 21 22
 5.470000E+02 13 0 0 0 0 0 0 0 0 0 0 0 13 11 17 16 25 18
 5.475000E+02 12 0 0 0 0 0 0 0 0 0 0 0 15 15 22 14 21 17
 5.480000E+02 8 0 0 0 0 0 0 0 0 0 0 0 15 21 21 15 16 16
 5.485000E+02 4 0 0 0 0 0 0 0 0 0 0 0 17 21 25 14 17 12
 5.490000E+02 10 0 0 0 0 0 0 0 0 0 0 0 19 25 20 15 12 13
 5.495000E+02 9 0 0 0 0 0 0 0 0 0 0 0 22 20 18 16 14 14
 5.500000E+02 14 0 0 0 0 0 0 0 0 0 0 0 16 21 14 13 24 14
 5.505000E+02 9 0 0 0 0 0 0 0 0 0 0 0 15 23 16 17 18 15
 5.510000E+02 7 0 0 0 0 0 0 0 0 0 0 0 18 18 21 14 18 13
 5.515000E+02 8 0 0 0 0 0 0 0 0 0 0 0 16 24 19 14 13 19
 5.520000E+02 9 0 0 0 0 0 0 0 0 0 0 0 21 21 14 16 13 17
 5.525000E+02 5 0 0 0 0 0 0 0 0 0 0 0 18 22 17 14 18 20
 5.530000E+02 10 0 0 0 0 0 0 0 0 0 0 0 19 13 18 15 14 14
 5.535000E+02 13 0 0 0 0 0 0 0 0 0 0 0 18 18 24 20 14 15
 5.540000E+02 8 0 0 0 0 0 0 0 0 0 0 0 19 22 14 24 18 18
 5.545000E+02 9 0 0 0 0 0 0 0 0 0 0 0 18 21 17 18 20 17
 5.550000E+02 9 0 0 0 0 0 0 0 0 0 0 0 13 21 21 15 15 18
 5.555000E+02 8 0 0 0 0 0 0 0 0 0 0 0 11 15 16 14 20 19
 5.560000E+02 9 0 0 0 0 0 0 0 0 0 0 0 19 19 17 10 18 18
 5.565000E+02 14 0 0 0 0 0 0 0 0 0 0 0 16 16 19 14 21 20
 5.570000E+02 5 0 0 0 0 0 0 0 0 0 0 0 11 12 20 11 25 18
 5.575000E+02 11 0 0 0 0 0 0 0 0 0 0 0 19 14 18 10 29 15
 5.580000E+02 5 0 0 0 0 0 0 0 0 0 0 0 14 16 15 14 21 14
 5.585000E+02 15 0 0 0 0 0 0 0 0 1 0 0 13 17 19 11 18 20
 5.590000E+02 4 0 0 0 0 0 0 0 0 1 0 0 18 16 26 11 17 21
 5.595000E+02 8 0 0 0 0 0 0 0 0 1 0 0 20 16 18 7 13 15
 5.600000E+02 8 0 0 0 0 0 0 0 0 1 0 0 20 16 14 14 16 17
 5.605000E+02 9 0 0 0 0 0 0 0 0 0 0 0 17 19 11 16 16 15
 5.610000E+02 6 0 0 0 0 0 0 0 0 0 0 0 19 26 13 19 16 15
 5.615000E+02 6 0 0 0 0 0 0 0 0 0 0 0 24 22 16 13 14 16
 5.620000E+02 7 0 0 0 0 0 0 0 0 0 0 0 17 20 20 14 18 14
 5.625000E+02 4 0 0 0 0 0 0 0 0 0 0 0 14 16 21 15 16 12
 5.630000E+02 12 0 0 0 0 0 0 0 0 0 0 0 16 20 15 12 20 17
 5.635000E+02 15 0 0 0 0 0 0 0 0 0 0 0 11 12 15 21 20 14
 5.640000E+02 10 0 0 0 0 0 0 0 0 0 0 0 11 13 16 22 18 21
 5.645000E+02 12 0 0 0 0 0 0 0 0 0 0 0 13 21 16 17 22 19
 5.650000E+02 8 0 0 0 0 0 0 0 0 0 0 0 18 15 24 11 13 23
 5.655000E+02 12 0 0 0 0 0 0 0 0 0 0 0 20 16 13 20 16 24
 5.660000E+02 11 0 0 0 0 0 0 0 0 0 0 0 18 17 17 17 23 25
 5.665000E+02 7 0 0 0 0 0 0 0 0 0 0 0 17 17 26 17 16 19
 5.670000E+02 10 0 0 0 0 0 0 0 0 0 0 0 14 20 25 19 12 12
 5.675000E+02 11 0 0 0 0 0 0 0 0 0 0 0 17 16 17 20 20 14
 5.680000E+02 9 0 0 0 0 0 0 0 0 0 0 0 15 21 14 22 17 18
 5.685000E+02 10 0 0 0 0 0 0 0 0 0 0 0 14 17 10 15 16 12
 5.690000E+02 4 0 0 0 0 0 0 0 0 0 0 0 24 24 13 11 16 13
 5.695000E+02 3 0 0 0 0 0 0 0 0 0 0 0 22 19 14 17 14 20
 5.700000E+02 11 0 0 0 0 0 0 0 0 0 0 0 18 9 19 22 18 19
 5.705000E+02 15 0 0 0 0 0 0 0 0 0 0 0 12 17 15 22 21 20
 5.710000E+02 12 0 0 0 0 0 0 0 0 0 0 0 13 17 17 23 19 19
 5.715000E+02 13 0 0 0 0 0 0 0 0 0 0 0 12 17 22 21 14 14
 5.720000E+02 6 0 0 0 0 0 0 0 0 0 0 0 17 19 14 17 15 18
 5.725000E+02 4 0 0 0 0 0 0 0 0 0 0 0 24 15 9 18 23 19
 5.730000E+02 8 0 0 0 0 0 0 0 0 1 0 0 26 14 9 18 20 15
 5.735000E+02 7 0 0 0 0 0 0 0 0 0 0 0 19 17 10 22 12 15
 5.740000E+02 9 0 0 0 0 0 0 0 0 0 0 0 17 20 16 17 20 12
 5.745000E+02 4 0 0 0 0 0 0 0 0 0 0 0 16 14 17 18 21 10
 5.750000E+02 8 0 0 0 0 0 0 0 0 0 0 0 17 17 24 21 20 9
 5.755000E+02 13 0 0 0 0 0 0 0 0 0 0 0 27 20 15 19 14 15
 5.760000E+02 12 0 0 0 0 0 0 0 0 0 0 0 20 23 16 14 18 12
 5.765000E+02 7 0 0 0 0 0 0 0 0 0 0 0 16 18 18 19 17 16
 5.770000E+02 7 0 0 0 0 0 0 0 0 0 0 0 16 19 18 27 13 9
 5.775000E+02 6 0 0 0 0 0 0 0 0 0 0 0 15 15 18 19 15 15
 5.780000E+02 5 0 0 0 0 0 0 0 0 0 0 0 21 9 21 20 14 22
 5.785000E+02 11 0 0 0 0 0 0 0 0 0 0 0 18 9 21 18 15 15
 5.790000E+02 8 0 0 0 0 0 0 0 0 0 0 0 14 15 22 19 8 19
 5.795000E+02 5 0 0 0 0 0 0 0 0 0 0 0 15 15 19 20 8 20
 5.800000E+02 4 0 0 0 0 1 0 0 0 0 0 0 16 14 19 16 13 20
 5.805000E+02 7 0 0 0 0 0 0 0 0 0 0 0 16 11 17 16 19 18
 5.810000E+02 12 0 0 0 0 0 0 0 0 0 0 0 19 12 12 13 18 17
 5.815000E+02 6 0 0 0 0 0 0 0 0 0 0 0 15 17 14 27 16 18
 5.820000E+02 4 0 0 0 0 0 0 0 0 2 0 0 18 17 14 20 18 12
 5.825000E+02 12 0 0 0 0 0 0 0 0 2 0 0 17 17 21 16 14 15
 5.830000E+02 9 0 0 0 0 0 0 1 0 0 0 0 23 18 19 22 15 9
 5.835000E+02 8 0 0 0 0 0 0 1 0 0 0 0 19 21 17 17 12 9
 5.840000E+02 8 0 0 0 0 0 0 1 0 0 0 0 17 18 16 22 13 13
 5.845000E+02 9 0 0 0 0 0 0 0 0 0 0 0 15 13 16 21 13 20
 5.850000E+02 7 0 0 0 0 0 0 0 0 0 0 0 18 18 17 21 7 23
 5.855000E+02 16 0 0 0 0 0 0 0 0 0 0 0 19 18 16 16 10 20
 5.860000E+02 4 0 0 0 0 0 0 0 0 0 0 0 18 15 18 17 12 16
 5.865000E+02 11 0 0 0 0 0 0 0 0 0 0 0 16 15 16 15 19 15
 5.870000E+02 11 0 0 0 0 0 0 0 0 0 0 0 14 17 13 19 11 17
 5.875000E+02 11 0 0 0 0 0 0 0 0 0 0 0 12 18 11 17 12 23
 5.880000E+02 9 0 0 0 0 0 0 0 0 0 0 0 19 21 13 16 12 19
 5.885000E+02 8 0 0 0 0 0 0 0 0 0 0 0 14 14 16 16 15 19
 5.890000E+02 6 0 0 0 0 0 0 0 0 0 0 0 18 13 8 19 13 19
 5.895000E+02 7 0 0 0 0 0 0 0 0 1 0 0 15 17 15 19 15 20
 5.900000E+02 12 0 0 0 0 0 0 0 0 1 0 0 12 14 12 23 14 18
 5.905000E+02 7 0 0 0 0 0 0 0 0 1 0 0 17 16 10 20 15 13
 5.910000E+02 9 0 0 0 0 0 0 0 0 1 0 0 16 15 19 17 12 15
 5.915000E+02 4 0 0 0 0 0 0 0 0 1 0 0 18 18 23 12 8 23
 5.920000E+02 9 0 0 0 0 0 0 0 0 1 0 0 16 14 23 15 6 20
 5.925000E+02 7 0 0 0 0 0 0 0 0 0 0 0 16 17 21 14 12 19
 5.930000E+02 8 0 0 1 0 0 0 0 0 0 0 0 14 15 18 18 16 17
 5.935000E+02 10 0 0 0 0 0 0 0 0 1 0 0 13 14 14 13 19 20
 5.940000E+02 8 0 0 0 0 0 0 0 0 0 0 0 13 16 14 17 11 18
 5.945000E+02 10 0 0 0 0 0 0 0 0 0 0 0 18 16 16 15 17 15
 5.950000E+02 19 0 0 0 0 0 0 0 0 0 0 0 19 24 11 14 19 15
 5.955000E+02 6 0 0 0 0 0 0 0 0 0 0 0 21 18 13 19 20 14
 5.960000E+02 12 0 0 0 0 0 0 0 0 0 0 0 16 22 10 16 17 16
 5.965000E+02 7 0 0 0 0 0 0 0 0 0 0 0 17 23 14 16 19 12
 5.970000E+02 10 0 0 0 0 0 0 0 0 0 0 0 17 15 19 11 15 17
 5.975000E+02 13 0 0 0 0 0 0 0 0 0 0 0 16 18 14 11 9 19
 5.980000E+02 13 0 0 0 0 0 0 0 0 0 0 0 18 19 9 15 12 18
 5.985000E+02 9 0 0 0 0 0 0 0 0 0 0 0 22 19 12 17 21 12
 5.990000E+02 8 0 0 0 0 0 0 0 0 0 0 0 16 13 12 18 16 15
 5.995000E+02 7 0 0 0 0 0 0 0 0 0 0 0 15 16 7 13 16 9
 6.000000E+02 7 0 0 0 0 0 0 0 0 0 0 0 21 21 10 15 21 6
 6.005000E+02 6 0 0 0 0 0 0 0 0 0 0 0 14 21 11 11 19 9
 6.010000E+02 5 0 0 0 0 0 0 0 0 0 0 0 20 25 11 12 17 12
 6.015000E+02 4 0 0 0 0 0 0 0 0 0 0 0 16 13 17 16 17 17
 6.020000E+02 6 0 0 0 0 0 0 0 0 0 0 0 14 13 14 14 23 15
 6.025000E+02 10 0 0 0 0 0 0 0 0 1 0 0 14 16 13 11 22 18
 6.030000E+02 10 0 0 0 0 0 0 0 0 1 0 0 22 19 10 12 19 17
 6.035000E+02 5 0 0 0 0 0 0 0 0 2 0 0 22 21 10 13 15 10
 6.040000E+02 5 0 0 0 0 0 0 0 0 2 0 0 20 20 14 23 12 13
 6.045000E+02 4 0 0 0 0 0 0 0 0 2 0 0 17 16 13 16 16 17
 6.050000E+02 2 0 0 0 0 0 0 0 0 2 0 0 21 16 12 13 21 11
 6.055000E+02 6 0 0 0 0 0 0 0 0 0 0 0 34 19 15 12 15 12
 6.060000E+02 6 0 0 0 0 0 0 0 0 0 0 0 29 11 14 18 13 10
 6.065000E+02 6 0 0 0 0 0 0 0 0 0 0 0 31 17 14 16 13 13
 6.070000E+02 6 0 0 0 0 0 0 0 0 0 0 0 22 15 12 19 25 19
 6.075000E+02 10 0 0 0 0 0 0 0 0 0 0 0 17 14 13 12 18 21
 6.080000E+02 6 0 0 0 0 0 0 0 0 1 0 0 17 13 12 15 20 22
 6.085000E+02 8 0 0 0 0 0 0 0 0 0 0 0 12 17 13 15 21 18
 6.090000E+02 8 0 0 0 0 0 0 0 0 1 0 0 18 23 17 17 19 7
 6.095000E+02 11 0 0 0 0 0 0 0 0 1 0 0 14 16 21 21 16 14
 6.100000E+02 10 0 0 0 0 0 0 0 0 1 0 0 16 16 29 12 8 13
 6.105000E+02 8 0 0 0 0 0 0 0 0 1 0 0 21 21 24 10 6 14
 6.110000E+02 10 0 0 0 0 0 0 0 0 0 0 0 18 18 20 13 10 23
 6.115000E+02 6 0 0 0 0 0 0 0 0 1 0 0 17 17 23 14 12 18
 6.120000E+02 7 0 0 1 0 0 0 0 0 0 0 0 16 12 23 17 15 10
 6.125000E+02 10 0 0 0 0 0 0 0 0 1 0 0 18 20 15 20 11 16
 6.130000E+02 7 0 0 1 0 0 0 0 0 1 0 0 14 16 15 21 13 16
 6.135000E+02 5 0 0 0 0 0 0 0 0 2 0 0 17 19 14 19 19 15
 6.140000E+02 5 0 0 0 0 0 0 1 0 1 0 0 18 15 19 16 16 13
 6.145000E+02 9 0 0 0 0 0 0 0 0 2 0 0 22 9 18 16 21 19
 6.150000E+02 14 0 0 0 0 0 0 0 0 2 0 0 15 10 16 16 21 21
 6.155000E+02 5 0 0 0 0 0 0 1 0 1 0 0 13 16 22 18 21 18
 6.160000E+02 6 0 0 0 0 0 0 0 0 3 0 0 18 17 21 13 19 17
 6.165000E+02 8 0 0 1 0 0 0 1 0 0 0 0 14 19 20 10 17 18
 6.170000E+02 8 0 0 0 0 0 0 0 0 2 0 0 15 16 13 19 16 19
 6.175000E+02 11 0 0 0 0 0 0 0 0 1 0 0 18 13 14 22 14 15
 6.180000E+02 7 0 0 0 0 0 0 0 0 0 0 0 14 14 13 18 19 17
 6.185000E+02 9 0 0 0 0 0 0 0 0 0 0 0 11 17 16 15 21 18
 6.190000E+02 8 0 0 0 0 0 0 0 0 0 0 0 16 19 13 15 21 17
 6.195000E+02 15 0 0 0 0 0 0 0 0 0 0 0 15 21 18 20 9 14
 6.200000E+02 9 0 0 0 0 0 0 0 0 0 0 0 16 20 17 19 12 14
 6.205000E+02 5 0 0 0 0 0 0 0 0 0 0 0 16 18 15 18 13 17
 6.210000E+02 8 0 0 0 0 0 0 0 0 0 0 0 30 20 15 19 5 13
 6.215000E+02 4 0 0 0 0 0 0 0 0 0 0 0 25 18 17 27 8 14
 6.220000E+02 10 0 0 0 0 0 0 0 0 0 0 0 26 23 16 14 12 16
 6.225000E+02 5 0 0 0 0 0 0 0 0 0 0 0 24 16 21 11 13 18
 6.230000E+02 7 0 0 1 0 0 0 0 0 0 0 0 16 15 11 15 18 18
 6.235000E+02 11 0 0 0 0 0 0 0 0 0 0 0 18 19 18 21 16 17
 6.240000E+02 12 0 0 0 0 0 0 0 0 0 0 0 14 18 27 17 19 12
 6.245000E+02 10 0 0 0 0 0 0 0 0 0 0 0 11 16 14 21 15 12
 6.250000E+02 9 0 0 0 0 0 0 0 0 0 0 0 20 13 11 11 14 16
 6.255000E+02 10 0 0 0 0 0 0 0 0 0 0 0 22 12 14 14 16 15
 6.260000E+02 8 0 0 0 0 0 0 0 0 0 0 0 14 13 16 20 17 19
 6.265000E+02 8 0 0 0 0 0 0 0 0 0 0 0 11 20 18 17 14 16
 6.270000E+02 7 0 0 0 0 0 0 0 0 0 0 0 15 21 13 19 21 17
 6.275000E+02 4 0 0 0 0 0 0 0 0 1 0 0 14 23 11 19 13 19
 6.280000E+02 8 0 0 0 0 0 0 0 0 0 0 0 11 21 14 21 13 11
 6.285000E+02 7 0 0 0 0 0 0 0 0 0 0 0 14 21 15 19 20 16
 6.290000E+02 12 0 0 1 0 0 0 0 0 0 0 0 16 20 18 16 18 13
 6.295000E+02 8 0 0 0 0 0 0 0 0 0 0 0 19 17 20 15 18 20
 6.300000E+02 7 0 0 0 0 0 0 0 0 0 0 0 13 19 18 12 13 25
 6.305000E+02 14 0 0 0 0 0 0 0 0 0 0 0 14 16 14 16 12 22
 6.310000E+02 12 0 0 0 0 0 0 0 0 0 0 0 13 15 12 17 16 16
 6.315000E+02 10 0 0 0 0 0 0 0 0 0 0 0 15 12 16 21 14 14
 6.320000E+02 8 0 0 0 0 0 0 0 0 0 0 0 13 20 18 10 15 17
 6.325000E+02 11 0 0 0 0 0 0 0 0 0 0 0 11 16 25 14 14 16
 6.330000E+02 7 0 0 0 0 0 0 0 0 0 0 0 12 13 25 18 21 11
 6.335000E+02 10 0 0 0 0 0 0 0 0 0 0 0 13 15 22 20 19 14
 6.340000E+02 12 0 0 0 0 0 0 0 0 0 0 0 13 11 23 18 17 18
 6.345000E+02 7 0 0 0 0 0 0 0 0 0 0 0 20 22 14 16 15 13
 6.350000E+02 11 0 0 0 0 0 0 0 0 0 0 0 15 18 12 19 15 17
 6.355000E+02 12 0 0 0 0 0 0 0 0 0 0 0 14 25 11 17 12 19
 6.360000E+02 4 0 0 0 0 0 0 0 0 0 0 0 10 15 16 18 18 20
 6.365000E+02 6 0 0 0 0 0 0 0 0 0 0 0 10 13 13 17 20 20
 6.370000E+02 6 0 0 0 0 0 0 0 0 0 0 0 16 15 13 16 17 23
 6.375000E+02 11 0 0 0 0 0 0 0 0 0 0 0 12 10 14 14 16 18
 6.380000E+02 8 0 0 0 0 0 0 0 0 0 0 0 14 10 15 12 15 19
 6.385000E+02 14 0 0 0 0 0 0 0 0 0 0 0 15 14 23 13 9 15
 6.390000E+02 10 0 0 0 0 0 0 0 0 0 0 0 17 19 18 11 13 19
 6.395000E+02 7 0 0 0 0 0 0 0 0 0 0 0 18 16 20 13 16 16
 6.400000E+02 10 0 0 0 0 0 0 0 0 0 0 0 16 15 16 16 19 20
 6.405000E+02 7 0 0 0 0 0 0 0 0 0 0 0 14 12 11 21 18 18
 6.410000E+02 5 0 0 0 0 0 0 0 0 0 0 0 12 17 15 21 22 14
 6.415000E+02 10 0 0 0 0 0 0 0 0 0 0 0 16 19 16 18 16 10
 6.420000E+02 7 0 0 0 0 0 0 0 0 0 0 0 11 15 22 21 10 21
 6.425000E+02 12 0 0 0 0 0 0 0 0 0 0 0 12 17 20 13 8 24
 6.430000E+02 16 0 0 0 0 0 0 0 0 0 0 0 8 14 21 13 18 25
 6.435000E+02 10 0 0 0 0 0 0 0 0 0 0 0 14 16 15 12 23 25
 6.440000E+02 11 0 0 0 0 0 0 0 0 0 0 0 21 22 15 11 19 19
 6.445000E+02 11 0 0 0 0 0 0 0 0 0 0 0 17 20 20 13 16 17
 6.450000E+02 12 0 0 0 0 0 0 0 0 0 0 0 21 20 21 18 11 15
 6.455000E+02 5 0 0 0 0 0 0 0 0 0 0 0 17 19 14 26 18 17
 6.460000E+02 11 0 0 0 0 0 0 0 0 0 0 0 14 18 14 23 14 14
 6.465000E+02 9 0 0 0 0 0 0 0 0 0 0 0 9 15 19 16 18 18
 6.470000E+02 9 0 0 0 0 0 0 0 0 0 0 0 16 12 18 15 16 16
 6.475000E+02 9 0 0 0 0 0 0 0 0 0 0 0 17 15 23 19 11 22
 6.480000E+02 6 0 0 0 0 0 0 0 0 1 0 0 20 21 21 16 18 14
 6.485000E+02 17 0 0 0 0 0 0 1 0 0 0 0 15 16 23 21 10 19
 6.490000E+02 6 0 0 0 0 0 0 0 0 1 0 0 16 14 18 19 15 17
 6.495000E+02 7 0 0 0 0 0 0 0 0 1 0 0 19 18 13 14 14 13
 6.500000E+02 12 0 0 0 0 1 0 1 0 0 0 0 16 17 16 16 17 15
 6.505000E+02 8 0 0 0 0 0 0 0 0 1 0 0 20 16 15 20 13 16
 6.510000E+02 5 0 0 0 0 0 0 0 0 1 0 0 21 22 19 19 14 12
 6.515000E+02 4 0 0 0 0 0 0 0 0 1 0 0 11 21 16 24 22 12
 6.520000E+02 11 0 0 0 0 0 0 0 0 0 0 0 15 19 14 21 15 19
 6.525000E+02 13 0 0 0 0 0 0 0 0 0 0 0 18 16 18 17 19 17
 6.530000E+02 8 0 0 0 0 0 0 0 0 0 0 0 20 17 18 21 15 18
 6.535000E+02 18 0 0 0 0 0 0 0 0 0 0 0 14 15 25 15 15 15
 6.540000E+02 11 0 0 0 0 0 0 0 0 0 0 0 13 24 18 16 23 13
 6.545000E+02 6 0 0 0 0 0 0 0 0 0 0 0 19 23 19 19 20 14
 6.550000E+02 6 0 0 0 0 0 0 0 0 0 0 0 23 23 17 20 12 19
 6.555000E+02 6 0 0 0 0 0 0 0 0 0 0 0 16 18 20 24 16 16
 6.560000E+02 8 0 0 0 0 0 0 0 0 0 0 0 21 18 17 20 14 14
 6.565000E+02 8 0 0 0 0 0 0 0 0 0 0 0 20 21 16 12 16 16
 6.570000E+02 11 0 0 0 0 0 0 0 0 1 0 0 18 14 14 19 17 20
 6.575000E+02 6 0 0 0 0 0 0 0 0 1 0 0 20 15 20 19 17 16
 6.580000E+02 14 0 0 0 0 0 0 0 0 1 0 0 21 17 23 18 18 18
 6.585000E+02 13 0 0 0 0 0 0 0 0 0 0 0 16 13 23 17 18 16
 6.590000E+02 15 0 0 0 0 0 0 0 0 0 0 0 18 13 23 20 18 15
 6.595000E+02 6 0 0 0 0 0 0 0 0 0 0 0 26 15 23 16 16 14
 6.600000E+02 12 0 0 0 0 0 0 0 0 1 0 0 24 20 19 17 12 15
 6.605000E+02 9 0 0 0 0 0 0 0 0 0 0 0 20 22 17 11 16 15
 6.610000E+02 11 0 0 0 0 0 0 0 0 0 0 0 20 25 16 9 17 20
 6.615000E+02 12 0 0 0 0 0 0 0 0 0 0 0 22 17 13 29 15 23
 6.620000E+02 8 0 0 0 0 0 0 0 0 0 0 0 22 17 14 22 14 21
 6.625000E+02 10 0 0 0 0 0 0 0 0 0 0 0 13 18 19 25 14 21
 6.630000E+02 11 0 0 0 0 0 0 0 0 0 0 0 15 18 15 15 19 22
 6.635000E+02 5 0 0 0 0 0 0 0 0 0 0 0 19 19 19 12 21 20
 6.640000E+02 8 0 0 0 0 0 0 0 0 0 0 0 16 18 18 13 24 14
 6.645000E+02 5 0 0 0 0 0 0 0 0 0 0 0 14 15 24 15 22 11
 6.650000E+02 8 0 0 0 0 0 0 0 0 0 0 0 12 27 21 14 14 12
 6.655000E+02 8 0 0 0 0 0 0 0 0 0 0 0 14 19 18 16 14 12
 6.660000E+02 6 0 0 0 0 0 0 0 0 0 0 0 29 18 22 12 13 11
 6.665000E+02 6 0 0 1 0 0 0 0 0 0 0 0 18 20 12 19 11 20
 6.670000E+02 10 0 0 0 0 0 0 0 0 0 0 0 24 23 17 20 10 13
 6.675000E+02 6 0 0 0 0 0 0 0 0 1 0 0 19 22 12 23 15 10
 6.680000E+02 6 0 0 0 0 0 0 0 0 0 0 0 17 17 12 21 17 14
 6.685000E+02 11 0 0 0 0 0 0 0 0 1 0 0 15 14 19 22 17 13
 6.690000E+02 9 0 0 0 0 0 0 0 0 1 0 0 15 14 14 26 14 18
 6.695000E+02 9 0 0 0 0 0 0 0 0 1 0 0 15 15 23 25 15 23
 6.700000E+02 6 0 0 0 0 0 0 0 0 1 0 0 16 20 20 18 12 24
 6.705000E+02 8 0 0 0 0 0 0 0 0 1 0 0 17 15 14 21 20 19
 6.710000E+02 8 0 0 0 0 0 0 0 0 0 0 0 22 17 18 18 17 12
 6.715000E+02 10 0 0 0 0 0 0 0 0 0 0 0 25 15 20 20 21 14
 6.720000E+02 13 0 0 0 0 0 0 0 0 0 0 0 25 10 17 22 19 17
 6.725000E+02 6 0 0 0 0 0 0 0 0 0 0 0 23 16 17 22 17 19
 6.730000E+02 9 0 0 0 0 0 0 0 0 0 0 0 24 20 14 23 16 11
 6.735000E+02 17 0 0 0 0 0 0 0 0 0 0 0 20 15 20 24 15 17
 6.740000E+02 14 0 0 0 0 0 0 0 0 0 0 0 19 20 15 21 12 13
 6.745000E+02 12 0 0 0 0 0 0 0 0 0 0 0 16 17 16 22 19 19
 6.750000E+02 7 0 0 0 0 0 0 0 0 1 0 0 14 16 22 22 19 14
 6.755000E+02 6 0 0 0 0 0 0 0 0 1 0 0 14 16 20 24 16 19
 6.760000E+02 4 0 0 0 0 0 0 0 0 0 0 0 14 20 21 23 18 16
 6.765000E+02 7 0 0 0 0 0 0 0 0 1 0 0 11 16 20 11 25 15
 6.770000E+02 8 0 0 0 0 0 0 1 0 1 0 0 15 14 17 14 16 12
 6.775000E+02 7 0 0 0 0 0 0 1 0 0 0 0 20 14 19 20 14 19
 6.780000E+02 7 0 0 0 0 0 0 0 0 1 0 0 20 18 14 20 13 19
 6.785000E+02 7 0 0 0 0 0 0 0 0 0 0 0 21 15 16 16 18 17
 6.790000E+02 10 0 0 0 0 0 0 0 0 1 0 0 20 14 17 16 14 22
 6.795000E+02 10 0 0 0 0 0 0 0 0 2 0 0 23 19 19 17 18 14
 6.800000E+02 15 0 0 0 0 0 0 1 0 0 0 0 19 17 17 21 14 21
 6.805000E+02 10 0 0 0 0 0 0 0 0 1 0 0 16 13 19 18 13 15
 6.810000E+02 7 0 0 0 0 0 0 0 0 0 0 0 18 14 28 9 21 21
 6.815000E+02 6 0 0 0 0 0 0 0 0 0 0 0 19 16 20 15 17 17
 6.820000E+02 9 0 0 0 0 0 0 0 0 0 0 0 18 13 19 15 12 23
 6.825000E+02 9 0 0 0 0 0 0 0 0 0 0 0 16 14 17 17 12 15
 6.830000E+02 9 0 0 0 0 0 0 0 0 0 0 0 15 14 12 25 18 16
 6.835000E+02 7 0 0 0 0 0 0 0 0 0 0 0 20 20 13 22 15 16
 6.840000E+02 9 0 0 0 0 0 0 0 0 0 0 0 21 12 12 21 14 20
 6.845000E+02 7 0 0 0 0 0 0 0 0 0 0 0 24 14 12 22 15 16
 6.850000E+02 6 0 0 0 0 0 0 0 0 0 0 0 26 14 17 21 18 10
 6.855000E+02 15 0 0 0 0 0 0 0 0 0 0 0 15 21 18 21 19 10
 6.860000E+02 14 0 0 0 0 0 0 0 0 0 0 0 18 22 21 13 23 7
 6.865000E+02 10 0 0 0 0 0 0 0 0 0 0 0 18 16 21 12 21 11
 6.870000E+02 13 0 0 0 0 0 0 0 0 0 0 0 21 18 21 12 18 20
 6.875000E+02 8 0 0 0 0 0 0 0 0 0 0 0 13 15 17 8 16 22
 6.880000E+02 10 0 0 0 0 0 0 0 0 0 0 0 15 10 19 10 21 21
 6.885000E+02 11 0 0 0 0 0 0 0 0 0 0 0 7 15 20 10 20 20
 6.890000E+02 10 0 0 0 0 0 0 0 0 0 0 0 18 16 10 18 19 16
 6.895000E+02 8 0 0 0 0 0 0 0 0 0 0 0 13 19 11 20 17 15
 6.900000E+02 7 0 0 0 0 0 0 0 0 0 0 0 16 16 14 22 17 12
 6.905000E+02 10 0 0 0 0 0 0 0 0 0 0 0 16 12 15 21 12 17
 6.910000E+02 10 0 0 0 0 0 0 0 0 0 0 0 22 16 20 16 8 18
 6.915000E+02 7 0 0 0 0 0 0 0 0 0 0 0 20 16 22 18 16 18
 6.920000E+02 9 0 0 0 0 0 0 0 0 0 0 0 15 17 30 16 17 16
 6.925000E+02 9 0 0 0 0 0 0 0 0 0 0 0 10 20 28 10 13 17
 6.930000E+02 6 0 0 0 0 0 0 0 0 0 0 0 13 22 23 15 14 13
 6.935000E+02 9 0 0 0 0 0 0 0 0 0 0 0 10 19 20 16 14 18
 6.940000E+02 7 0 0 0 0 0 0 0 0 0 0 0 9 12 18 18 16 26
 6.945000E+02 11 0 0 0 0 0 0 0 0 0 0 0 12 14 12 21 18 28
 6.950000E+02 10 0 0 1 0 0 0 0 0 0 0 0 10 20 12 20 17 26
 6.955000E+02 5 0 0 0 0 0 0 0 0 0 0 0 15 21 18 15 14 20
 6.960000E+02 12 0 0 0 0 0 0 0 0 0 0 0 22 19 18 13 8 14
 6.965000E+02 11 0 0 0 0 0 0 0 0 0 0 0 18 14 17 19 12 18
 6.970000E+02 11 0 0 0 0 0 0 0 0 0 0 0 11 18 23 15 22 23
 6.975000E+02 5 0 0 0 0 0 0 0 0 0 0 0 14 19 17 15 15 18
 6.980000E+02 13 0 0 0 0 0 0 0 0 0 0 0 12 14 22 18 17 17
 6.985000E+02 7 0 0 0 0 0 0 0 0 0 0 0 10 9 20 20 16 16
 6.990000E+02 6 0 0 0 0 0 0 0 0 0 0 0 14 18 13 16 15 20
 6.995000E+02 9 0 0 0 0 0 0 0 0 0 0 0 15 20 21 11 13 19
 7.000000E+02 12 0 0 0 0 0 0 0 0 0 0 0 16 19 17 11 15 20
