# time 'Ca' 'D34:75:137_PP2ACa' 'D34:75:137_PP2APCa' 'D34:75_PP2ACa' 'D34:75_PP2APCa' 'D75:137_PP2ACa' 'D75:137_PP2APCa' 'D75_PP2ACa' 'D75_PP2APCa' 'PP2ACa' 'PP2ACa_PKA' 'PP2APCa' 'PP2BinactiveCa2_1' 'PP2BinactiveCa2_2' 'PP2BinactiveCa2_3' 'PP2BinactiveCa2_4' 'PP2BinactiveCa2_5' 'PP2BinactiveCa2_6'
 0.000000E+00 0 0 0 0 0 0 0 0 0 0 0 0 0 0 0 0 0 0
 5.000000E-01 0 0 0 0 0 0 0 0 0 0 0 0 0 2 1 0 1 0
 1.000000E+00 4 0 0 0 0 0 0 0 0 0 0 0 0 2 2 1 3 1
 1.500000E+00 3 0 0 0 0 0 0 0 0 0 0 0 1 1 2 2 2 4
 2.000000E+00 3 0 0 0 0 0 0 0 0 0 0 0 1 2 3 1 5 3
 2.500000E+00 4 0 0 0 0 0 0 0 0 1 0 0 4 3 2 1 5 2
 3.000000E+00 4 0 0 0 0 0 0 0 0 1 0 0 1 5 1 2 7 5
 3.500000E+00 5 0 0 0 0 0 0 0 0 0 0 0 4 6 2 3 3 4
 4.000000E+00 3 0 0 0 0 0 0 0 0 0 0 0 3 7 6 3 4 3
 4.500000E+00 3 0 0 0 0 0 0 0 0 0 0 0 7 5 4 4 2 2
 5.000000E+00 1 0 0 0 0 0 0 0 0 0 0 0 4 3 8 5 4 2
 5.500000E+00 5 0 0 0 0 0 0 0 0 0 0 0 5 4 8 6 4 3
 6.000000E+00 3 0 0 0 0 0 0 0 0 0 0 0 7 6 6 3 5 6
 6.500000E+00 4 0 0 0 0 0 0 0 0 0 0 0 8 3 6 4 4 7
 7.000000E+00 3 0 0 0 0 0 0 0 0 0 0 0 8 5 8 2 6 7
 7.500000E+00 8 0 0 0 0 0 0 0 0 0 0 0 3 6 12 4 7 5
 8.000000E+00 5 0 0 0 0 0 0 0 0 1 0 0 5 6 8 6 5 6
 8.500000E+00 4 0 0 0 0 0 0 0 0 2 0 0 8 10 6 7 7 7
 9.000000E+00 6 0 0 0 0 0 0 0 0 1 0 0 2 6 9 10 7 8
 9.500000E+00 6 0 0 0 0 0 0 0 0 1 0 0 3 5 10 10 5 15
 1.000000E+01 5 0 0 0 0 0 0 1 0 0 0 0 8 4 8 7 4 14
 1.050000E+01 6 0 0 0 0 0 0 0 0 1 0 0 9 7 11 5 6 11
 1.100000E+01 8 0 0 0 0 0 0 0 0 1 0 0 9 8 10 4 6 10
 1.150000E+01 6 0 0 0 0 0 0 0 0 1 0 0 11 8 11 7 9 8
 1.200000E+01 4 0 0 0 0 0 0 0 0 1 0 0 11 5 10 10 10 7
 1.250000E+01 8 0 0 0 0 0 0 0 0 1 0 0 11 4 7 9 12 11
 1.300000E+01 4 0 0 0 0 0 0 1 0 1 0 0 7 11 14 7 8 6
 1.350000E+01 6 0 0 0 0 0 0 0 0 1 0 0 11 13 12 9 3 11
 1.400000E+01 5 0 0 0 0 0 0 0 0 0 0 0 10 8 14 10 8 14
 1.450000E+01 5 0 0 0 0 0 0 0 0 0 0 0 9 16 11 12 8 6
 1.500000E+01 5 0 0 0 0 0 0 0 0 0 0 0 11 10 14 10 15 5
 1.550000E+01 9 0 0 0 0 0 0 0 0 0 0 0 9 9 12 9 16 11
 1.600000E+01 8 0 0 0 0 0 0 0 0 0 0 0 8 7 14 13 10 17
 1.650000E+01 5 0 0 0 0 0 0 0 0 0 0 0 8 9 10 18 11 11
 1.700000E+01 3 0 0 0 0 0 0 0 0 0 0 0 9 13 10 14 13 14
 1.750000E+01 8 0 0 0 0 0 0 0 0 0 0 0 11 10 13 15 15 12
 1.800000E+01 0 0 0 0 0 0 0 0 0 0 0 0 10 11 13 15 11 17
 1.850000E+01 5 0 0 0 0 0 0 0 0 0 0 0 7 14 15 14 12 12
 1.900000E+01 6 0 0 0 0 0 0 0 0 0 0 0 5 14 12 12 13 18
 1.950000E+01 14 0 0 0 0 0 0 0 0 0 0 0 8 17 15 7 10 20
 2.000000E+01 9 0 0 0 0 0 0 0 0 0 0 0 11 16 15 6 10 13
 2.050000E+01 4 0 0 0 0 0 0 0 0 0 0 0 16 11 12 12 10 16
 2.100000E+01 8 0 0 0 0 0 0 0 0 0 0 0 14 12 16 12 14 10
 2.150000E+01 8 0 0 0 0 0 0 0 0 0 0 0 16 16 12 13 10 10
 2.200000E+01 5 0 0 0 0 0 0 0 0 0 0 0 16 14 17 11 14 12
 2.250000E+01 5 0 0 0 0 0 0 0 0 0 0 0 11 14 19 12 15 8
 2.300000E+01 8 0 0 0 0 0 0 0 0 0 0 0 13 16 19 13 15 8
 2.350000E+01 3 0 0 0 0 0 0 0 0 0 0 0 10 12 17 9 13 12
 2.400000E+01 7 0 0 0 0 0 0 0 0 0 0 0 12 12 18 8 14 12
 2.450000E+01 4 0 0 0 0 0 0 0 0 0 0 0 14 16 13 7 22 9
 2.500000E+01 7 0 0 0 0 0 0 0 0 0 0 0 16 11 11 8 12 9
 2.550000E+01 9 0 0 0 0 0 0 0 0 0 0 0 21 10 13 6 17 12
 2.600000E+01 10 0 0 0 0 0 0 0 0 0 0 0 15 16 10 8 15 9
 2.650000E+01 8 0 0 0 0 0 0 0 0 0 0 0 19 15 8 9 13 14
 2.700000E+01 6 0 0 0 0 0 0 0 0 0 0 0 10 15 9 11 15 14
 2.750000E+01 5 0 0 0 0 0 0 0 0 0 0 0 13 14 13 12 16 11
 2.800000E+01 6 0 0 0 0 0 0 0 0 0 0 0 14 13 7 15 16 12
 2.850000E+01 5 0 0 0 0 0 0 0 0 0 0 0 11 13 9 12 15 16
 2.900000E+01 7 0 0 0 0 0 0 0 0 0 0 0 14 12 8 14 20 18
 2.950000E+01 6 0 0 0 0 0 0 0 0 0 0 0 21 10 9 9 18 13
 3.000000E+01 5 0 0 0 0 0 0 0 0 0 0 0 16 12 17 12 13 14
 3.050000E+01 5 0 0 0 0 0 0 0 0 0 0 0 15 12 19 13 11 11
 3.100000E+01 6 0 0 0 0 0 0 0 0 0 0 0 16 11 21 13 13 12
 3.150000E+01 9 0 0 0 0 0 0 0 0 0 0 0 21 9 23 13 9 17
 3.200000E+01 7 0 0 0 0 0 0 0 0 0 0 0 22 11 21 13 11 13
 3.250000E+01 4 0 0 0 0 0 0 0 0 0 0 0 17 13 21 11 8 12
 3.300000E+01 6 0 0 0 0 0 0 0 0 0 0 0 20 19 18 10 7 16
 3.350000E+01 8 0 0 0 0 0 0 0 0 0 0 0 21 16 19 8 4 12
 3.400000E+01 8 0 0 0 0 0 0 0 0 0 0 0 18 10 17 12 11 14
 3.450000E+01 4 0 0 0 0 0 0 0 0 0 0 0 16 9 15 18 10 18
 3.500000E+01 10 0 0 0 0 0 0 0 0 0 0 0 16 14 17 12 11 17
 3.550000E+01 7 0 0 0 0 0 0 0 0 0 0 0 13 14 14 12 18 20
 3.600000E+01 8 0 0 0 0 0 0 0 0 0 0 0 12 14 17 18 18 20
 3.650000E+01 9 0 0 0 0 0 0 0 0 0 0 0 10 10 17 14 14 20
 3.700000E+01 7 0 0 0 0 0 0 0 0 0 0 0 12 12 20 12 17 15
 3.750000E+01 12 0 0 0 0 0 0 0 0 0 0 0 21 17 9 10 11 17
 3.800000E+01 9 0 0 0 0 0 0 0 0 0 0 0 19 15 14 18 11 15
 3.850000E+01 4 0 0 0 0 0 0 0 0 0 0 0 23 16 16 8 16 18
 3.900000E+01 10 0 0 0 0 0 0 0 0 0 0 0 18 16 9 13 8 22
 3.950000E+01 6 0 0 0 0 0 0 0 0 0 0 0 18 18 12 15 10 15
 4.000000E+01 6 0 0 0 0 0 0 0 0 0 0 0 15 15 11 16 19 10
 4.050000E+01 5 0 0 0 0 0 0 0 0 0 0 0 15 13 14 13 13 22
 4.100000E+01 4 0 0 0 0 0 0 0 0 0 0 0 19 14 10 14 10 20
 4.150000E+01 8 0 0 0 0 0 0 0 0 0 0 0 19 20 11 13 14 18
 4.200000E+01 9 0 0 0 0 0 0 0 0 0 0 0 19 14 12 10 13 13
 4.250000E+01 10 0 0 0 0 0 0 0 0 0 0 0 18 15 19 14 17 13
 4.300000E+01 8 0 0 0 0 0 0 0 0 0 0 0 21 16 19 11 18 11
 4.350000E+01 8 0 0 0 0 0 0 0 0 0 0 0 16 14 15 14 16 15
 4.400000E+01 7 0 0 0 0 0 0 0 0 0 0 0 15 6 20 19 15 16
 4.450000E+01 7 0 0 0 0 0 0 0 0 0 0 0 14 11 15 11 20 18
 4.500000E+01 4 0 0 0 0 0 0 0 0 0 0 0 12 18 15 10 23 12
 4.550000E+01 10 0 0 0 0 0 0 0 0 0 0 0 19 11 19 15 13 11
 4.600000E+01 7 0 0 0 0 0 0 1 0 0 0 0 16 11 14 19 13 13
 4.650000E+01 7 0 0 0 0 0 0 0 0 1 0 0 17 22 13 10 10 15
 4.700000E+01 8 0 0 0 0 0 0 0 0 1 0 0 16 17 18 12 16 13
 4.750000E+01 7 0 0 0 0 0 0 0 0 1 0 0 17 18 12 15 16 16
 4.800000E+01 9 0 0 0 0 0 0 0 0 1 0 0 20 13 14 20 8 8
 4.850000E+01 11 0 0 0 0 0 0 0 0 0 0 0 11 18 14 17 13 16
 4.900000E+01 7 0 0 0 0 0 0 0 0 1 0 0 19 20 9 15 17 12
 4.950000E+01 10 0 0 0 0 0 0 0 0 0 0 0 18 15 13 20 15 20
 5.000000E+01 4 0 0 0 0 0 0 0 0 0 0 0 16 23 15 19 13 13
 5.050000E+01 6 0 0 0 0 0 0 0 0 1 0 0 19 14 20 19 13 19
 5.100000E+01 3 0 0 0 0 0 0 1 0 0 0 0 18 14 18 20 14 13
 5.150000E+01 9 0 0 0 0 0 0 0 0 0 0 0 18 15 19 17 14 16
 5.200000E+01 7 0 0 0 0 0 0 0 0 0 0 0 18 15 13 18 15 18
 5.250000E+01 9 0 0 0 0 0 0 0 0 0 0 0 14 19 15 19 13 26
 5.300000E+01 6 0 0 0 0 0 0 0 0 0 0 0 16 16 19 16 11 19
 5.350000E+01 9 0 0 0 0 0 0 0 0 0 0 0 13 19 16 12 12 17
 5.400000E+01 7 0 0 0 0 0 0 0 0 0 0 0 25 17 12 19 18 13
 5.450000E+01 7 0 0 0 0 0 0 0 0 0 0 0 15 14 14 21 23 15
 5.500000E+01 4 0 0 0 0 0 0 0 0 0 0 0 16 14 16 20 23 13
 5.550000E+01 9 0 0 0 0 0 0 0 0 0 0 0 18 15 11 14 15 17
 5.600000E+01 9 0 0 0 0 0 0 0 0 0 0 0 21 15 10 20 15 11
 5.650000E+01 9 0 0 0 0 0 0 0 0 0 0 0 25 15 15 10 13 17
 5.700000E+01 10 0 0 0 0 0 0 0 0 0 0 0 24 12 11 11 15 18
 5.750000E+01 5 0 0 0 0 0 0 0 0 0 0 0 18 19 9 12 23 17
 5.800000E+01 7 0 0 0 0 0 0 0 0 0 0 0 13 18 14 19 19 16
 5.850000E+01 10 0 0 0 0 0 0 0 0 0 0 0 13 22 10 19 12 21
 5.900000E+01 8 0 0 0 0 0 0 0 0 0 0 0 13 20 6 11 21 17
 5.950000E+01 8 0 0 0 0 0 0 0 0 1 0 0 22 18 13 11 16 20
 6.000000E+01 7 0 0 0 0 0 0 0 0 1 0 0 21 19 8 13 17 16
 6.050000E+01 11 0 0 0 0 0 0 0 0 0 0 0 22 20 8 18 18 20
 6.100000E+01 12 0 0 0 0 0 0 0 0 0 0 0 22 14 16 16 15 15
 6.150000E+01 5 0 0 0 0 0 0 0 0 0 0 0 16 6 17 19 16 22
 6.200000E+01 6 0 0 0 0 0 0 0 0 0 0 0 11 7 18 16 22 21
 6.250000E+01 12 0 0 0 0 0 0 0 0 0 0 0 15 9 18 18 15 23
 6.300000E+01 3 0 0 0 0 0 0 0 0 0 0 0 17 12 14 17 20 17
 6.350000E+01 9 0 0 0 0 0 0 0 0 0 0 0 22 17 11 19 17 16
 6.400000E+01 3 0 0 0 0 0 0 0 0 0 0 0 15 16 15 15 20 18
 6.450000E+01 10 0 0 0 0 0 0 0 0 1 0 0 15 12 6 30 27 17
 6.500000E+01 6 0 0 0 0 0 0 0 0 0 0 0 19 18 13 17 13 16
 6.550000E+01 5 0 0 0 0 0 0 0 0 0 0 0 10 20 15 21 16 14
 6.600000E+01 16 0 0 0 0 0 0 0 0 1 0 0 19 17 13 19 14 14
 6.650000E+01 8 0 0 0 0 0 0 0 0 1 0 0 22 10 16 17 12 16
 6.700000E+01 8 0 0 0 0 0 0 0 0 1 0 0 17 18 15 16 19 17
 6.750000E+01 6 0 0 0 0 0 0 0 0 0 0 0 16 21 15 17 11 17
 6.800000E+01 6 0 0 0 0 0 0 0 0 0 0 0 16 21 18 14 15 21
 6.850000E+01 10 0 0 0 0 0 0 0 0 0 0 0 13 14 23 16 16 22
 6.900000E+01 4 0 0 0 0 0 0 0 0 0 0 0 13 10 15 12 20 20
 6.950000E+01 4 0 0 0 0 0 0 1 0 0 0 0 15 11 19 18 15 19
 7.000000E+01 4 0 0 0 0 0 0 0 0 1 0 0 12 13 17 11 13 19
 7.050000E+01 10 0 0 0 0 0 0 0 0 1 0 0 22 14 11 11 18 22
 7.100000E+01 8 0 0 0 0 0 0 1 0 0 0 0 17 20 6 16 17 18
 7.150000E+01 4 0 0 0 0 0 0 0 0 1 0 0 14 19 10 19 15 24
 7.200000E+01 8 0 0 0 0 0 0 0 0 0 0 0 10 18 11 16 16 25
 7.250000E+01 7 0 0 0 0 0 0 0 0 1 0 0 13 16 9 20 18 26
 7.300000E+01 10 0 0 0 0 0 0 0 0 1 0 0 17 24 10 21 11 18
 7.350000E+01 12 0 0 0 0 0 0 1 0 0 0 0 14 15 17 19 13 15
 7.400000E+01 11 0 0 0 0 0 0 0 0 1 0 0 16 15 17 13 19 12
 7.450000E+01 4 0 0 0 0 0 0 0 0 1 0 0 13 17 21 22 20 9
 7.500000E+01 7 0 0 0 0 0 0 0 0 0 0 0 14 16 16 17 19 15
 7.550000E+01 8 0 0 0 0 0 0 0 0 0 0 0 20 18 19 15 13 15
 7.600000E+01 16 0 0 0 0 0 0 0 0 0 0 0 18 16 18 11 13 20
 7.650000E+01 11 0 0 0 0 0 0 0 0 0 0 0 18 14 15 18 16 13
 7.700000E+01 10 0 0 0 0 0 0 0 0 0 0 0 15 18 17 20 14 19
 7.750000E+01 6 0 0 0 0 1 0 0 0 0 0 0 12 21 18 17 14 20
 7.800000E+01 10 0 0 0 0 0 0 0 0 1 0 0 18 17 12 15 15 23
 7.850000E+01 11 0 0 0 0 0 0 1 0 0 0 0 14 20 14 17 20 16
 7.900000E+01 5 0 0 0 0 0 0 1 0 0 0 0 20 13 21 13 21 14
 7.950000E+01 10 0 0 0 0 0 0 0 0 1 0 0 17 20 19 12 20 13
 8.000000E+01 10 0 0 0 0 0 0 0 0 0 0 0 15 22 21 10 14 15
 8.050000E+01 11 0 0 0 0 0 0 0 0 0 0 0 19 20 14 12 22 13
 8.100000E+01 6 0 0 0 0 0 0 0 0 0 0 0 18 21 17 16 17 14
 8.150000E+01 1 0 0 0 0 0 0 0 0 0 0 0 17 22 19 18 16 14
 8.200000E+01 6 0 0 0 0 0 0 0 0 0 0 0 21 18 14 19 14 9
 8.250000E+01 11 0 0 0 0 0 0 0 0 0 0 0 20 16 14 13 13 17
 8.300000E+01 5 0 0 0 0 0 0 0 0 0 0 0 25 15 18 13 11 16
 8.350000E+01 10 0 0 0 0 0 0 0 0 1 0 0 20 15 19 16 10 24
 8.400000E+01 8 0 0 0 0 0 0 0 0 0 0 0 19 16 15 13 12 25
 8.450000E+01 8 0 0 0 0 0 0 0 0 1 0 0 20 17 21 11 10 21
 8.500000E+01 7 0 0 0 0 0 0 1 0 0 0 0 18 12 16 13 14 23
 8.550000E+01 7 0 0 0 0 0 0 0 0 1 0 0 15 16 16 20 11 21
 8.600000E+01 7 0 0 0 0 0 0 0 0 0 0 0 16 17 16 15 15 20
 8.650000E+01 6 0 0 0 0 0 0 0 0 0 0 0 11 15 10 19 15 16
 8.700000E+01 14 0 0 0 0 0 0 0 0 0 0 0 13 19 8 27 14 16
 8.750000E+01 8 0 0 0 0 0 0 0 0 0 0 0 14 17 11 24 12 20
 8.800000E+01 14 0 0 0 0 0 0 0 0 0 0 0 17 20 10 16 13 17
 8.850000E+01 10 0 0 0 0 0 0 0 0 0 0 0 16 18 9 18 22 18
 8.900000E+01 11 0 0 0 0 0 0 0 0 0 0 0 19 18 7 16 17 17
 8.950000E+01 11 0 0 0 0 0 0 0 0 0 0 0 19 18 10 15 16 21
 9.000000E+01 9 0 0 0 0 0 0 0 0 0 0 0 17 24 12 12 20 13
 9.050000E+01 5 0 0 0 0 0 0 0 0 0 0 0 21 17 17 13 22 13
 9.100000E+01 10 0 0 0 0 0 0 0 0 0 0 0 13 17 16 20 22 12
 9.150000E+01 12 0 0 0 0 0 0 0 0 0 0 0 9 12 18 20 26 17
 9.200000E+01 4 0 0 0 0 0 0 0 0 0 0 0 18 8 17 21 25 14
 9.250000E+01 8 0 0 0 0 0 0 0 0 0 0 0 13 14 12 20 23 15
 9.300000E+01 9 0 0 0 0 0 0 0 0 1 0 0 16 16 10 17 23 18
 9.350000E+01 8 0 0 0 0 0 0 0 0 0 0 0 15 14 14 15 23 16
 9.400000E+01 9 0 0 0 0 0 0 0 0 0 0 0 20 10 19 16 16 22
 9.450000E+01 6 0 0 0 0 0 0 0 0 0 0 0 17 9 17 17 10 17
 9.500000E+01 7 0 0 0 0 0 0 0 0 0 0 0 13 18 21 14 10 17
 9.550000E+01 8 0 0 0 0 0 0 0 0 0 0 0 17 22 18 13 12 17
 9.600000E+01 6 0 0 0 0 0 0 0 0 0 0 0 18 22 11 15 12 19
 9.650000E+01 6 0 0 0 0 0 0 0 0 0 0 0 15 19 16 15 10 27
 9.700000E+01 12 0 0 0 0 0 0 0 0 0 0 0 20 14 17 13 17 18
 9.750000E+01 11 0 0 0 0 0 0 0 0 0 0 0 19 11 18 14 14 18
 9.800000E+01 12 0 0 0 0 0 0 0 0 0 0 0 18 16 16 12 14 15
 9.850000E+01 4 0 0 0 0 0 0 0 0 0 0 0 15 20 14 10 17 17
 9.900000E+01 12 0 0 0 0 0 0 0 0 0 0 0 23 16 13 11 16 19
 9.950000E+01 9 0 0 0 0 0 0 0 0 0 0 0 17 13 16 12 17 22
 1.000000E+02 10 0 0 0 0 0 0 0 0 0 0 0 15 17 15 14 15 20
 1.005000E+02 5 0 0 0 0 0 0 0 0 1 0 0 16 8 17 18 17 16
 1.010000E+02 10 0 0 0 0 1 0 0 0 2 0 0 15 17 12 13 8 22
 1.015000E+02 6 0 0 0 0 1 0 0 0 0 0 0 18 25 12 15 11 21
 1.020000E+02 5 0 0 0 0 0 0 0 0 0 0 0 23 18 13 18 13 17
 1.025000E+02 13 0 0 0 0 0 0 0 0 0 0 0 24 17 17 13 16 11
 1.030000E+02 8 0 0 0 0 0 0 0 0 1 0 0 24 16 16 14 21 13
 1.035000E+02 8 0 0 0 0 0 0 0 0 1 0 0 16 17 16 14 15 21
 1.040000E+02 7 0 0 0 0 0 0 0 0 0 0 0 20 21 13 10 16 19
 1.045000E+02 7 0 0 0 0 0 0 0 0 0 0 0 25 21 9 11 18 19
 1.050000E+02 1 0 0 0 0 0 0 0 0 0 0 0 25 13 14 17 21 20
 1.055000E+02 9 0 0 0 0 0 0 0 0 0 0 0 19 19 9 18 22 20
 1.060000E+02 6 0 0 0 0 0 0 0 0 0 0 0 26 19 16 20 18 16
 1.065000E+02 7 0 0 0 0 0 0 0 0 2 0 0 17 13 17 12 17 16
 1.070000E+02 4 0 0 0 0 0 0 0 0 1 0 0 19 17 22 13 14 18
 1.075000E+02 13 0 0 0 0 0 0 0 0 1 0 0 12 9 23 13 15 15
 1.080000E+02 13 0 0 0 0 0 0 1 0 0 0 0 14 18 17 24 16 13
 1.085000E+02 9 0 0 0 0 0 0 0 0 1 0 0 7 21 18 15 19 14
 1.090000E+02 8 0 0 0 0 0 0 0 0 1 0 0 13 17 21 14 21 18
 1.095000E+02 11 0 0 0 0 0 0 0 0 1 0 0 19 11 25 17 16 18
 1.100000E+02 8 0 0 0 0 0 0 0 0 1 0 0 13 15 22 14 17 19
 1.105000E+02 9 0 0 0 0 0 0 0 0 1 0 0 11 19 17 20 14 17
 1.110000E+02 11 0 0 0 0 0 0 0 0 0 0 0 12 25 15 14 13 15
 1.115000E+02 4 0 0 0 0 0 0 0 0 0 0 0 18 17 16 16 11 17
 1.120000E+02 11 0 0 0 0 0 0 0 0 0 0 0 20 18 15 15 14 24
 1.125000E+02 8 0 0 0 0 0 0 0 0 0 0 0 11 21 20 14 20 18
 1.130000E+02 8 0 0 0 0 0 0 0 0 0 0 0 21 16 21 15 21 19
 1.135000E+02 6 0 0 0 0 0 0 0 0 0 0 0 16 9 21 18 20 18
 1.140000E+02 4 0 0 0 0 0 0 0 0 0 0 0 12 16 24 13 16 18
 1.145000E+02 10 0 0 0 0 0 0 0 0 0 0 0 14 21 28 15 17 16
 1.150000E+02 9 0 0 0 0 0 0 0 0 0 0 0 18 19 18 17 18 20
 1.155000E+02 14 0 0 0 0 0 0 0 0 0 0 0 18 14 19 17 13 16
 1.160000E+02 4 0 0 0 0 0 0 0 0 0 0 0 24 17 22 11 15 12
 1.165000E+02 7 0 0 0 0 0 0 0 0 1 0 0 17 18 21 12 16 18
 1.170000E+02 7 0 0 0 0 0 0 1 0 0 0 0 16 19 12 15 19 16
 1.175000E+02 8 0 0 0 0 0 0 0 0 0 0 0 7 21 15 18 18 11
 1.180000E+02 11 0 0 0 0 0 0 0 0 0 0 0 18 13 13 21 19 18
 1.185000E+02 14 0 0 0 0 0 0 0 0 0 0 0 21 17 13 16 17 22
 1.190000E+02 7 0 0 0 0 0 0 0 0 0 0 0 17 13 17 19 18 21
 1.195000E+02 4 0 0 0 0 0 0 0 0 0 0 0 19 11 18 18 18 22
 1.200000E+02 6 0 0 0 0 0 0 0 0 0 0 0 25 15 13 21 20 21
 1.205000E+02 16 0 0 0 0 0 0 0 0 0 0 0 20 24 17 14 13 22
 1.210000E+02 16 0 0 0 0 0 0 0 0 0 0 0 16 21 14 19 18 14
 1.215000E+02 6 0 0 0 0 0 0 0 0 0 0 0 17 20 17 24 22 17
 1.220000E+02 6 0 0 0 0 0 0 0 0 0 0 0 14 18 13 23 26 19
 1.225000E+02 8 0 0 0 0 0 0 0 0 0 0 0 21 18 23 16 19 16
 1.230000E+02 7 0 0 0 0 0 0 0 0 0 0 0 16 19 21 25 15 14
 1.235000E+02 6 0 0 0 0 0 0 0 0 0 0 0 19 11 16 17 20 17
 1.240000E+02 10 0 0 0 0 0 0 0 0 1 0 0 23 17 13 16 16 23
 1.245000E+02 12 0 0 0 0 0 0 1 0 0 0 0 21 14 19 18 17 16
 1.250000E+02 13 0 0 0 0 0 0 0 0 1 0 0 18 18 14 19 23 14
 1.255000E+02 9 0 0 0 0 0 0 0 0 1 0 0 16 19 16 25 25 17
 1.260000E+02 11 0 0 0 0 0 0 0 0 1 0 0 16 16 16 19 19 20
 1.265000E+02 7 0 0 0 0 0 0 0 0 0 0 0 18 19 13 20 22 16
 1.270000E+02 11 0 0 0 0 0 0 0 0 0 0 0 20 18 11 23 20 14
 1.275000E+02 5 0 0 0 0 0 0 0 0 0 0 0 22 21 16 14 19 21
 1.280000E+02 7 0 0 0 0 0 0 0 0 0 0 0 24 19 19 20 12 21
 1.285000E+02 9 0 0 0 0 0 0 0 0 0 0 0 22 18 19 15 20 16
 1.290000E+02 6 0 0 0 0 0 0 0 0 0 0 0 18 16 23 24 11 14
 1.295000E+02 7 0 0 0 0 0 0 0 0 0 0 0 12 19 18 20 19 13
 1.300000E+02 6 0 0 0 0 0 0 0 0 0 0 0 17 23 16 20 15 14
 1.305000E+02 7 0 0 0 0 0 0 0 0 0 0 0 21 21 13 17 13 16
 1.310000E+02 17 0 0 0 0 0 0 0 0 0 0 0 10 19 23 20 20 15
 1.315000E+02 8 0 0 0 0 0 0 0 0 1 0 0 22 16 21 23 16 13
 1.320000E+02 7 0 0 0 0 0 0 0 0 0 0 0 19 18 19 19 16 15
 1.325000E+02 11 0 0 0 0 0 0 0 0 0 0 0 21 23 17 20 15 14
 1.330000E+02 8 0 0 0 0 0 0 0 0 0 0 0 29 18 19 12 22 16
 1.335000E+02 6 0 0 0 0 0 0 0 0 0 0 0 27 18 23 8 19 13
 1.340000E+02 10 0 0 0 0 0 0 0 0 1 0 0 22 18 22 15 15 22
 1.345000E+02 10 0 0 0 0 0 0 0 0 2 0 0 17 14 23 17 14 23
 1.350000E+02 7 0 0 0 0 0 0 0 0 2 0 0 22 14 24 19 17 24
 1.355000E+02 15 0 0 0 0 0 0 0 0 1 0 0 17 17 15 17 19 15
 1.360000E+02 10 0 0 0 0 0 0 0 0 1 0 0 23 18 17 19 17 16
 1.365000E+02 9 0 0 0 0 0 0 0 0 0 0 0 18 23 17 15 11 19
 1.370000E+02 10 0 0 0 0 0 0 0 0 0 0 0 16 19 23 15 19 15
 1.375000E+02 6 0 0 0 0 0 0 0 0 0 0 0 20 18 15 15 20 16
 1.380000E+02 13 0 0 0 0 0 0 0 0 0 0 0 25 12 24 16 20 12
 1.385000E+02 8 0 0 0 0 0 0 0 0 1 0 0 30 15 23 14 14 15
 1.390000E+02 7 0 0 0 0 0 0 0 0 1 0 0 16 16 19 11 24 14
 1.395000E+02 10 0 0 0 0 0 0 0 0 1 0 0 20 18 17 13 19 14
 1.400000E+02 8 0 0 0 0 0 0 0 0 1 0 0 21 16 16 17 16 16
 1.405000E+02 6 0 0 0 0 0 0 0 0 1 0 0 22 17 18 15 18 17
 1.410000E+02 6 0 0 0 0 0 0 0 0 1 0 0 21 18 17 19 24 14
 1.415000E+02 12 0 0 0 0 0 0 0 0 0 0 0 17 20 10 14 29 15
 1.420000E+02 6 0 0 0 0 0 0 0 0 0 0 0 24 18 16 15 23 16
 1.425000E+02 13 0 0 0 0 0 0 0 0 0 0 0 29 13 17 24 16 16
 1.430000E+02 7 0 0 0 0 0 0 0 0 0 0 0 20 18 18 21 17 22
 1.435000E+02 8 0 0 0 0 0 0 0 0 0 0 0 24 20 19 15 21 19
 1.440000E+02 8 0 0 0 0 0 0 0 0 0 0 0 24 17 20 20 28 18
 1.445000E+02 11 0 0 0 0 0 0 0 0 0 0 0 18 16 19 21 19 20
 1.450000E+02 15 0 0 0 0 0 0 0 0 0 0 0 24 15 20 19 24 14
 1.455000E+02 10 0 0 0 0 0 0 0 0 1 0 0 20 20 23 16 21 15
 1.460000E+02 7 0 0 0 0 0 0 0 0 0 0 0 24 20 15 16 21 15
 1.465000E+02 12 0 0 0 0 0 0 0 0 0 0 0 25 22 15 9 17 23
 1.470000E+02 11 0 0 0 0 0 0 0 0 0 0 0 23 28 12 15 18 21
 1.475000E+02 6 0 0 0 0 0 0 0 0 0 0 0 20 26 13 14 16 21
 1.480000E+02 11 0 0 0 0 0 0 0 0 0 0 0 18 25 16 12 25 20
 1.485000E+02 12 0 0 0 0 0 0 0 0 0 0 0 20 25 18 12 26 14
 1.490000E+02 10 0 0 0 0 0 0 0 0 0 0 0 20 21 17 14 16 14
 1.495000E+02 12 0 0 0 0 0 0 1 0 0 0 0 18 20 17 21 25 19
 1.500000E+02 9 0 0 0 0 0 0 0 0 1 0 0 21 21 18 23 17 18
 1.505000E+02 13 0 0 0 0 0 0 0 0 0 0 0 20 18 16 16 19 22
 1.510000E+02 5 0 0 0 0 0 0 0 0 1 0 0 15 21 23 18 21 19
 1.515000E+02 7 0 0 0 0 0 0 0 0 0 0 0 19 25 19 23 20 11
 1.520000E+02 9 0 0 0 0 0 0 0 0 0 0 0 12 18 18 14 23 14
 1.525000E+02 6 0 0 0 0 0 0 1 0 0 0 0 10 22 15 17 29 18
 1.530000E+02 9 0 0 0 0 0 0 0 0 0 0 0 18 18 19 15 20 21
 1.535000E+02 6 0 0 0 0 0 0 0 0 0 0 0 19 17 17 13 24 24
 1.540000E+02 14 0 0 0 0 0 0 0 0 0 0 0 23 12 27 11 20 15
 1.545000E+02 10 0 0 0 0 0 0 0 0 0 0 0 17 27 24 17 16 15
 1.550000E+02 8 0 0 0 0 0 0 0 0 0 0 0 12 25 27 15 14 20
 1.555000E+02 6 0 0 0 0 0 0 0 0 0 0 0 17 20 28 16 16 12
 1.560000E+02 10 0 0 0 0 0 0 0 0 0 0 0 17 20 22 18 15 12
 1.565000E+02 9 0 0 0 0 0 0 0 0 1 0 0 14 18 23 19 13 18
 1.570000E+02 7 0 0 0 0 0 0 0 0 0 0 0 12 17 20 15 19 23
 1.575000E+02 11 0 0 0 0 0 0 0 0 0 0 0 15 20 20 23 18 21
 1.580000E+02 9 0 0 0 0 0 0 0 0 0 0 0 18 15 20 24 16 21
 1.585000E+02 8 0 0 0 0 0 0 0 0 0 0 0 15 20 22 23 17 16
 1.590000E+02 10 0 0 0 0 0 0 0 0 0 0 0 19 16 16 18 21 24
 1.595000E+02 8 0 0 0 0 0 0 0 0 0 0 0 16 16 18 17 21 29
 1.600000E+02 7 0 0 0 0 0 0 0 0 0 0 0 14 9 14 18 23 27
 1.605000E+02 6 0 0 0 0 0 0 0 0 0 0 0 20 16 15 20 17 24
 1.610000E+02 8 0 0 0 0 0 0 0 0 0 0 0 22 21 15 21 17 20
 1.615000E+02 11 0 0 0 0 0 0 0 0 1 0 0 22 15 19 15 14 21
 1.620000E+02 9 0 0 0 0 0 0 0 0 1 0 0 25 18 14 18 17 25
 1.625000E+02 11 0 0 0 0 0 0 0 0 1 0 0 24 17 16 18 16 21
 1.630000E+02 5 0 0 0 0 0 0 0 0 0 0 0 25 11 14 18 18 21
 1.635000E+02 9 0 0 0 0 0 0 0 0 0 0 0 18 20 16 16 17 20
 1.640000E+02 7 0 0 0 0 0 0 0 0 0 0 0 16 16 17 20 17 22
 1.645000E+02 13 0 0 0 0 0 0 0 0 0 0 0 18 16 13 15 19 20
 1.650000E+02 9 0 0 0 0 0 0 0 0 0 0 0 24 18 17 16 17 14
 1.655000E+02 5 0 0 0 0 0 0 0 0 0 0 0 16 18 19 20 14 17
 1.660000E+02 9 0 0 0 0 0 0 0 0 0 0 0 22 18 21 18 16 19
 1.665000E+02 8 0 0 0 0 0 0 0 0 0 0 0 25 13 19 13 17 19
 1.670000E+02 12 0 0 0 0 0 0 0 0 0 0 0 26 16 21 10 18 18
 1.675000E+02 8 0 0 0 0 0 0 0 0 0 0 0 20 16 20 12 18 24
 1.680000E+02 5 0 0 0 0 0 0 0 0 0 0 0 22 19 23 12 13 26
 1.685000E+02 11 0 0 0 0 0 0 0 0 0 0 0 23 22 22 12 6 17
 1.690000E+02 4 0 0 0 0 0 0 0 0 0 0 0 20 21 21 18 20 15
 1.695000E+02 9 0 0 0 0 0 0 0 0 0 0 0 19 21 18 11 19 15
 1.700000E+02 12 0 0 0 0 0 0 0 0 1 0 0 23 16 18 21 11 16
 1.705000E+02 5 0 0 0 0 0 0 0 0 0 0 0 23 10 16 24 12 20
 1.710000E+02 8 0 0 0 0 0 0 0 0 0 0 0 22 17 21 22 15 21
 1.715000E+02 9 0 0 0 0 0 0 0 0 0 0 0 22 18 15 24 12 20
 1.720000E+02 12 0 0 0 0 0 0 0 0 1 0 0 23 12 16 27 20 16
 1.725000E+02 7 0 0 0 0 0 0 1 0 1 0 0 24 13 17 17 21 28
 1.730000E+02 14 0 0 0 0 0 0 0 0 2 0 0 26 16 23 22 18 22
 1.735000E+02 6 0 0 0 0 0 0 0 0 2 0 0 14 15 25 20 17 20
 1.740000E+02 11 0 0 0 0 0 0 1 0 2 0 0 14 14 23 18 21 20
 1.745000E+02 7 0 0 0 0 1 0 2 0 0 0 0 13 13 24 23 19 21
 1.750000E+02 14 0 0 0 0 0 0 0 0 1 0 0 16 15 23 22 18 21
 1.755000E+02 15 0 0 0 0 0 0 0 0 0 0 0 19 21 15 20 18 20
 1.760000E+02 5 0 0 0 0 0 0 0 0 0 0 0 23 24 22 10 17 17
 1.765000E+02 10 0 0 0 0 0 0 0 0 0 0 0 25 15 18 19 20 17
 1.770000E+02 18 0 0 0 0 0 0 0 0 0 0 0 30 19 14 20 17 20
 1.775000E+02 14 0 0 0 0 0 0 0 0 0 0 0 26 11 17 12 30 23
 1.780000E+02 8 0 0 0 0 0 0 0 0 0 0 0 18 21 19 19 21 30
 1.785000E+02 11 0 0 0 0 0 0 0 0 0 0 0 20 22 21 14 17 21
 1.790000E+02 13 0 0 0 0 0 0 0 0 0 0 0 16 16 20 19 13 21
 1.795000E+02 8 0 0 0 0 0 0 0 0 1 0 0 18 25 21 17 22 15
 1.800000E+02 12 0 0 0 0 0 0 0 0 0 0 0 16 24 18 23 23 17
 1.805000E+02 11 0 0 0 0 0 0 0 0 0 0 0 13 24 18 28 23 15
 1.810000E+02 12 0 0 0 0 0 0 0 0 0 0 0 22 13 17 25 17 17
 1.815000E+02 8 0 0 0 0 0 0 0 0 0 0 0 22 8 18 20 17 22
 1.820000E+02 14 0 0 0 0 0 0 0 0 0 0 0 30 22 13 16 19 22
 1.825000E+02 9 0 0 0 0 0 0 0 0 0 0 0 23 21 21 22 16 21
 1.830000E+02 10 0 0 0 0 0 0 0 0 0 0 0 21 21 26 12 9 19
 1.835000E+02 9 0 0 0 0 0 0 0 0 0 0 0 23 18 22 15 13 19
 1.840000E+02 10 0 0 0 0 0 0 1 0 1 0 0 14 15 23 23 19 14
 1.845000E+02 11 0 0 0 0 0 0 1 0 0 0 0 24 16 24 18 19 15
 1.850000E+02 6 0 0 0 0 0 0 0 0 0 0 0 22 17 21 20 18 17
 1.855000E+02 5 0 0 0 0 0 0 0 0 0 0 0 22 16 20 23 16 21
 1.860000E+02 12 0 0 0 0 0 0 0 0 0 0 0 18 22 20 24 12 24
 1.865000E+02 17 0 0 0 0 0 0 0 0 0 0 0 19 18 22 22 15 24
 1.870000E+02 18 0 0 0 0 0 0 0 0 0 0 0 21 18 14 19 21 23
 1.875000E+02 5 0 0 0 0 0 0 0 0 0 0 0 17 19 14 21 23 22
 1.880000E+02 10 0 0 0 0 0 0 0 0 0 0 0 18 19 14 21 19 23
 1.885000E+02 12 0 0 0 0 0 0 0 0 0 0 0 22 24 19 18 22 17
 1.890000E+02 9 0 0 0 0 0 0 0 0 0 0 0 15 19 11 21 23 21
 1.895000E+02 5 0 0 0 0 0 0 0 0 0 0 0 17 23 19 20 23 16
 1.900000E+02 12 0 0 0 0 0 0 0 0 0 0 0 21 13 15 20 23 18
 1.905000E+02 7 0 0 0 0 0 0 0 0 0 0 0 24 11 14 27 25 21
 1.910000E+02 6 0 0 0 0 0 0 0 0 0 0 0 20 21 12 29 18 22
 1.915000E+02 12 0 0 0 0 0 0 0 0 0 0 0 21 16 21 25 14 18
 1.920000E+02 12 0 0 0 0 0 0 0 0 0 0 0 19 16 23 29 14 12
 1.925000E+02 13 0 0 0 0 0 0 0 0 0 0 0 19 19 22 23 18 14
 1.930000E+02 8 0 0 0 0 0 0 0 0 0 0 0 13 15 22 21 21 13
 1.935000E+02 9 0 0 0 0 0 0 0 0 0 0 0 22 16 18 15 18 17
 1.940000E+02 7 0 0 0 0 0 0 0 0 1 0 0 19 20 22 22 24 15
 1.945000E+02 13 0 0 0 0 0 0 0 0 0 0 0 17 18 23 17 26 19
 1.950000E+02 6 0 0 0 0 0 0 0 0 0 0 0 12 17 29 24 17 21
 1.955000E+02 9 0 0 0 0 0 0 0 0 1 0 0 13 19 19 17 18 19
 1.960000E+02 5 0 0 0 0 0 0 0 0 1 0 0 16 21 19 21 16 16
 1.965000E+02 5 0 0 0 0 0 0 0 0 1 0 0 12 27 11 17 23 16
 1.970000E+02 10 0 0 0 0 0 0 0 0 0 0 0 14 26 16 19 22 15
 1.975000E+02 11 0 0 0 0 0 0 0 0 0 0 0 15 15 22 21 21 13
 1.980000E+02 11 0 0 0 0 0 0 0 0 0 0 0 19 19 16 27 7 12
 1.985000E+02 4 0 0 0 0 0 0 1 0 0 0 0 27 11 20 24 16 20
 1.990000E+02 12 0 0 0 0 0 0 0 0 1 0 0 27 19 16 18 17 16
 1.995000E+02 6 0 0 0 0 0 0 0 0 1 0 0 26 21 15 16 19 12
 2.000000E+02 8 0 0 0 0 0 0 1 0 0 0 0 19 16 23 16 15 15
 2.005000E+02 7 0 0 0 0 0 0 0 0 0 0 0 15 19 20 10 22 17
 2.010000E+02 6 0 0 0 0 0 0 0 0 0 0 0 15 14 23 17 16 20
 2.015000E+02 4 0 0 0 0 0 0 0 0 0 0 0 22 16 20 18 17 16
 2.020000E+02 8 0 0 0 0 0 0 0 0 0 0 0 17 15 18 23 17 14
 2.025000E+02 3 0 0 0 0 0 0 0 0 0 0 0 15 21 19 14 16 8
 2.030000E+02 7 0 0 0 0 0 0 0 0 0 0 0 16 14 19 18 11 17
 2.035000E+02 8 0 0 0 0 0 0 0 0 0 0 0 11 14 19 9 11 22
 2.040000E+02 14 0 0 0 0 0 0 0 0 1 0 0 10 13 16 19 18 19
 2.045000E+02 10 0 0 0 0 0 0 0 0 0 0 0 15 18 13 18 16 16
 2.050000E+02 2 0 0 0 0 0 0 0 0 0 0 0 16 22 14 19 15 16
 2.055000E+02 9 0 0 0 0 0 0 0 0 0 0 0 12 15 15 18 11 13
 2.060000E+02 5 0 0 0 0 0 0 0 0 0 0 0 14 21 17 23 12 10
 2.065000E+02 8 0 0 0 0 0 0 0 0 0 1 0 21 17 10 19 14 11
 2.070000E+02 9 0 0 0 1 0 0 0 0 0 0 0 19 17 11 22 8 12
 2.075000E+02 8 0 0 0 0 0 0 0 1 0 0 0 20 12 16 26 9 9
 2.080000E+02 8 0 0 0 0 0 0 0 0 0 0 0 14 23 11 24 14 9
 2.085000E+02 10 0 0 0 0 0 0 0 0 1 0 0 12 19 11 20 18 11
 2.090000E+02 5 0 0 0 0 0 0 0 0 1 0 0 13 21 14 17 18 13
 2.095000E+02 10 0 0 0 0 0 0 0 0 1 0 1 19 13 14 9 14 14
 2.100000E+02 7 0 0 0 0 0 0 0 0 0 0 0 14 16 17 13 15 16
 2.105000E+02 5 0 0 0 0 0 0 0 0 0 1 0 14 22 16 20 8 18
 2.110000E+02 3 0 0 0 0 0 0 0 0 1 0 0 14 17 24 16 8 12
 2.115000E+02 5 0 0 1 0 0 0 0 0 1 0 0 17 21 28 13 8 12
 2.120000E+02 6 0 0 1 0 0 0 0 0 1 1 0 11 27 14 15 17 13
 2.125000E+02 2 0 0 1 0 0 0 1 0 1 0 0 14 14 15 9 20 15
 2.130000E+02 7 0 0 0 0 0 0 0 0 0 1 1 13 20 21 13 21 12
 2.135000E+02 8 0 0 0 0 0 0 0 0 1 0 0 15 16 15 14 21 16
 2.140000E+02 13 0 0 0 0 0 0 0 0 1 0 0 13 13 17 12 15 16
 2.145000E+02 10 0 0 0 0 0 0 0 0 0 0 0 17 15 21 10 15 8
 2.150000E+02 10 0 0 0 0 0 0 0 0 0 0 0 19 16 18 9 20 11
 2.155000E+02 11 0 0 0 0 0 0 0 0 0 0 0 21 13 12 17 20 11
 2.160000E+02 8 0 0 0 0 0 0 0 0 0 0 0 16 13 13 13 18 9
 2.165000E+02 7 0 0 0 0 0 0 0 0 0 0 0 11 12 8 9 25 17
 2.170000E+02 8 0 0 0 0 0 0 0 0 0 0 0 20 15 14 16 23 15
 2.175000E+02 9 0 0 0 0 0 0 0 0 0 0 0 19 13 13 18 17 14
 2.180000E+02 7 0 0 0 0 0 0 0 0 0 0 0 17 13 19 11 15 14
 2.185000E+02 10 0 0 0 0 0 0 0 0 0 0 0 21 15 13 9 18 11
 2.190000E+02 11 0 0 1 0 0 0 0 0 0 0 0 17 14 19 15 22 17
 2.195000E+02 11 0 0 0 0 0 0 0 0 0 0 0 18 15 15 13 20 14
 2.200000E+02 6 0 0 0 0 0 0 0 0 0 0 0 13 14 9 13 19 17
 2.205000E+02 8 0 0 0 0 0 0 0 0 0 0 0 16 15 16 17 11 14
 2.210000E+02 13 0 0 0 0 0 0 0 0 0 0 0 16 16 17 17 10 12
 2.215000E+02 5 0 0 0 0 0 0 0 0 0 0 1 10 9 23 14 16 20
 2.220000E+02 8 0 0 0 0 0 0 0 0 1 0 0 12 11 14 18 16 16
 2.225000E+02 6 0 0 0 0 0 0 0 0 1 0 0 9 13 20 15 11 20
 2.230000E+02 9 0 0 0 0 0 0 0 0 0 0 0 13 18 19 21 9 18
 2.235000E+02 8 0 0 0 0 0 0 0 0 0 0 0 13 10 21 21 10 9
 2.240000E+02 8 0 0 0 0 0 0 0 0 0 0 0 23 16 21 18 9 10
 2.245000E+02 6 0 0 1 0 0 0 0 0 0 0 0 13 17 23 12 9 12
 2.250000E+02 11 0 0 1 0 0 0 0 0 0 0 0 8 19 15 15 15 10
 2.255000E+02 12 0 0 0 0 0 0 0 0 0 0 0 13 12 14 14 13 16
 2.260000E+02 12 0 0 0 0 0 0 0 0 0 0 0 22 11 23 17 11 13
 2.265000E+02 9 0 0 0 0 0 0 0 0 0 0 0 16 16 14 18 13 17
 2.270000E+02 12 0 0 0 0 0 0 0 0 0 0 0 15 10 18 13 14 22
 2.275000E+02 7 0 0 0 0 0 0 0 0 0 0 0 11 15 16 19 12 27
 2.280000E+02 5 0 0 0 0 0 0 0 0 0 0 0 16 13 21 16 21 17
 2.285000E+02 7 0 0 0 0 0 0 0 0 1 0 0 19 15 16 15 12 20
 2.290000E+02 9 0 0 0 0 0 0 0 0 1 0 0 20 16 19 15 12 13
 2.295000E+02 13 0 0 0 0 0 0 0 0 1 0 0 11 15 23 14 12 19
 2.300000E+02 9 0 0 0 0 0 0 0 0 1 0 0 14 11 16 14 11 24
 2.305000E+02 4 0 0 1 0 0 0 0 0 0 0 0 20 14 15 12 18 22
 2.310000E+02 9 0 0 1 0 0 0 0 0 0 0 0 19 15 9 10 15 21
 2.315000E+02 6 0 0 1 0 0 0 0 0 0 0 0 19 15 16 14 13 18
 2.320000E+02 2 0 0 1 0 0 0 0 0 0 0 0 21 12 12 11 13 20
 2.325000E+02 12 0 0 0 0 0 0 0 0 1 0 0 19 11 20 19 11 14
 2.330000E+02 5 0 0 0 0 0 0 0 0 0 0 0 17 13 20 19 10 11
 2.335000E+02 9 0 0 0 0 0 0 0 0 1 0 0 24 9 14 17 15 14
 2.340000E+02 8 0 0 0 0 0 0 0 0 0 0 0 22 12 16 13 17 18
 2.345000E+02 6 0 0 0 0 0 0 0 0 0 0 0 18 14 27 13 14 13
 2.350000E+02 10 0 0 0 0 0 0 0 0 0 0 0 17 19 21 18 19 10
 2.355000E+02 6 0 0 0 0 0 0 0 0 1 0 0 19 15 12 17 17 14
 2.360000E+02 9 0 0 0 0 0 0 0 0 1 0 0 21 16 15 19 15 16
 2.365000E+02 7 0 0 0 0 0 0 0 0 0 0 0 17 17 17 15 16 11
 2.370000E+02 7 0 0 0 0 0 0 0 0 0 0 0 15 19 17 13 18 14
 2.375000E+02 9 0 0 0 0 0 0 0 0 0 0 0 9 13 15 13 21 18
 2.380000E+02 9 0 0 0 0 0 0 0 0 0 0 0 14 11 10 14 14 17
 2.385000E+02 5 0 0 1 0 0 0 0 0 0 0 0 17 14 10 17 14 21
 2.390000E+02 10 0 0 0 0 0 0 0 0 0 0 0 17 11 14 13 16 17
 2.395000E+02 7 0 0 0 0 0 0 0 0 0 0 0 12 15 11 16 22 14
 2.400000E+02 7 0 0 0 0 0 0 0 0 0 0 0 8 12 15 18 19 17
 2.405000E+02 5 0 0 0 0 0 0 0 0 0 0 0 9 8 18 12 15 17
 2.410000E+02 11 0 0 0 0 0 0 0 0 0 0 0 12 15 20 13 14 15
 2.415000E+02 8 0 0 0 0 0 0 0 0 0 0 0 15 15 17 13 14 15
 2.420000E+02 5 0 0 0 0 0 0 0 0 1 0 0 13 17 14 14 14 20
 2.425000E+02 8 1 0 0 0 0 0 0 0 0 0 0 16 22 14 13 13 16
 2.430000E+02 4 0 0 0 1 0 0 0 0 0 0 0 13 25 16 17 11 20
 2.435000E+02 8 0 0 0 0 0 0 0 0 0 0 0 13 21 9 18 12 21
 2.440000E+02 10 0 0 0 0 0 0 0 0 1 0 0 13 16 17 18 17 17
 2.445000E+02 7 0 0 0 0 0 0 0 0 1 0 0 10 14 14 20 15 16
 2.450000E+02 7 0 0 0 0 0 0 0 0 2 0 0 9 14 17 20 19 14
 2.455000E+02 8 0 0 0 0 0 0 0 0 2 0 0 11 12 16 18 15 15
 2.460000E+02 5 0 0 0 0 0 0 0 0 1 0 0 12 12 19 16 19 21
 2.465000E+02 11 0 0 0 0 0 0 0 0 1 0 0 15 9 15 15 15 25
 2.470000E+02 7 0 0 0 0 0 0 0 0 1 0 0 10 12 19 15 18 27
 2.475000E+02 5 0 0 0 0 0 0 0 0 0 0 0 12 10 13 13 21 19
 2.480000E+02 11 0 0 0 0 0 0 0 0 0 0 0 16 10 12 11 24 19
 2.485000E+02 8 0 0 0 0 0 0 0 0 0 0 0 18 20 12 13 8 22
 2.490000E+02 7 0 0 0 0 0 0 0 0 0 0 0 21 23 15 22 12 14
 2.495000E+02 7 0 0 0 0 0 0 0 0 0 0 0 18 17 18 19 14 17
 2.500000E+02 7 0 0 0 0 0 0 0 0 0 0 0 21 20 17 19 10 14
 2.505000E+02 1047 0 0 0 0 0 0 1 0 9 0 0 0 0 0 0 0 0
 2.510000E+02 1761 0 0 4 0 0 0 0 0 14 1 2 0 0 0 0 0 0
 2.515000E+02 2058 0 0 9 0 1 0 1 0 23 1 0 0 0 0 0 0 0
 2.520000E+02 2157 1 0 6 1 0 0 1 0 32 2 0 0 0 0 0 0 0
 2.525000E+02 918 3 0 9 0 0 0 3 1 26 0 0 0 0 0 0 0 0
 2.530000E+02 407 2 0 0 1 0 0 2 0 25 1 1 0 0 0 0 0 0
 2.535000E+02 181 0 0 2 0 0 0 1 0 18 0 0 0 1 0 0 1 0
 2.540000E+02 88 1 0 0 0 0 0 1 0 9 0 0 1 1 1 2 1 2
 2.545000E+02 1397 0 0 3 0 0 0 2 0 12 0 1 0 0 0 0 0 0
 2.550000E+02 1985 1 0 4 0 0 0 3 0 19 0 2 0 0 0 0 0 0
 2.555000E+02 2193 3 0 4 0 1 0 2 0 24 1 0 0 0 0 0 0 0
 2.560000E+02 2248 3 0 8 0 1 0 7 0 27 0 0 0 0 0 0 0 0
 2.565000E+02 972 2 0 6 0 1 0 2 0 27 1 0 0 0 0 0 0 0
 2.570000E+02 433 2 0 1 0 1 0 3 0 33 0 0 0 0 0 0 0 0
 2.575000E+02 193 1 0 3 0 1 0 3 0 20 1 1 0 0 1 0 0 0
 2.580000E+02 104 0 0 3 0 0 0 2 0 18 1 1 3 1 2 1 1 1
 2.585000E+02 1354 1 0 3 0 0 0 2 0 17 0 1 0 0 0 0 0 0
 2.590000E+02 1961 1 0 3 1 1 0 4 1 18 1 0 0 0 0 0 0 0
 2.595000E+02 2166 2 0 2 0 0 0 4 0 29 1 2 0 0 0 0 0 0
 2.600000E+02 2268 2 0 5 0 0 1 4 0 40 3 0 0 0 0 0 0 0
 2.605000E+02 1015 1 0 3 0 2 0 4 0 34 1 2 0 0 0 0 0 0
 2.610000E+02 455 0 0 5 0 0 0 5 0 21 0 0 0 0 0 1 0 0
 2.615000E+02 200 0 0 2 1 1 0 2 0 20 0 0 0 1 1 0 1 1
 2.620000E+02 100 0 0 1 0 0 0 2 0 15 0 0 1 1 2 1 1 1
 2.625000E+02 1373 0 0 2 0 2 0 5 0 16 1 2 0 0 0 0 0 0
 2.630000E+02 1905 0 0 1 0 1 0 4 0 26 0 0 0 0 0 0 1 0
 2.635000E+02 2156 0 0 2 0 2 0 3 0 33 0 0 0 1 0 0 0 0
 2.640000E+02 2240 0 0 1 0 0 0 7 0 30 1 1 0 0 0 0 0 0
 2.645000E+02 958 2 0 1 0 2 0 8 1 27 1 0 0 0 0 0 0 0
 2.650000E+02 433 0 0 2 0 1 0 1 1 27 0 2 0 0 1 0 0 0
 2.655000E+02 194 0 0 1 0 0 0 4 0 17 0 0 0 0 0 0 0 2
 2.660000E+02 112 0 0 1 0 1 0 3 0 10 0 0 2 2 3 2 1 1
 2.665000E+02 1333 2 0 0 0 1 1 1 0 12 0 0 0 0 0 0 0 0
 2.670000E+02 1808 0 0 2 0 4 0 5 1 31 0 0 0 0 0 0 0 0
 2.675000E+02 2109 2 0 4 0 0 0 4 0 35 0 0 0 0 0 0 0 0
 2.680000E+02 2270 1 0 0 0 2 0 6 0 26 2 1 0 0 0 0 0 0
 2.685000E+02 993 0 0 1 0 1 0 10 0 28 0 1 0 0 0 0 0 0
 2.690000E+02 418 1 0 0 0 1 0 5 0 20 0 0 0 0 0 0 0 0
 2.695000E+02 184 0 0 0 0 0 1 1 0 11 0 0 1 0 2 0 0 2
 2.700000E+02 102 0 1 0 0 2 0 1 0 6 0 0 4 1 1 1 1 4
 2.705000E+02 1394 1 0 0 0 1 0 2 1 11 1 0 0 0 0 0 0 0
 2.710000E+02 1929 1 0 0 0 0 0 4 1 23 0 2 0 0 0 0 0 0
 2.715000E+02 2106 0 0 2 0 1 0 8 0 22 2 0 0 0 0 0 0 0
 2.720000E+02 2177 0 0 1 0 2 0 8 0 39 1 0 0 0 0 0 0 0
 2.725000E+02 887 0 0 0 0 3 0 7 0 41 0 1 0 0 0 0 0 1
 2.730000E+02 388 1 0 1 0 2 0 3 0 27 0 1 0 0 0 0 0 0
 2.735000E+02 183 0 0 1 0 1 0 3 0 19 0 0 1 0 2 0 0 0
 2.740000E+02 105 0 0 0 0 0 0 4 0 14 0 0 0 2 4 1 1 5
 2.745000E+02 1356 1 0 0 0 0 0 3 0 15 1 0 0 0 0 0 0 0
 2.750000E+02 1882 2 0 0 0 0 1 4 0 30 2 0 0 0 0 0 0 0
 2.755000E+02 2140 1 0 2 0 3 0 7 0 26 6 1 0 0 0 0 0 0
 2.760000E+02 2231 0 0 2 0 3 1 4 0 43 1 2 0 0 0 0 0 0
 2.765000E+02 977 0 0 0 1 3 0 2 0 37 0 0 0 0 0 0 0 0
 2.770000E+02 444 1 0 1 0 5 0 7 0 19 1 0 0 0 1 0 0 0
 2.775000E+02 194 0 0 1 0 3 0 5 0 16 0 0 0 0 0 0 0 4
 2.780000E+02 116 0 0 0 0 0 0 1 0 11 0 0 4 3 2 3 1 1
 2.785000E+02 1394 1 0 1 0 1 0 1 0 15 0 1 0 0 0 0 0 0
 2.790000E+02 1868 0 0 1 0 1 0 6 0 21 0 1 0 0 0 0 0 0
 2.795000E+02 2053 0 0 2 0 5 0 3 0 38 0 0 0 0 0 0 0 0
 2.800000E+02 2179 0 0 0 0 1 0 6 0 37 0 0 0 0 0 0 0 0
 2.805000E+02 948 0 0 0 0 3 0 3 0 31 0 0 0 0 0 0 0 0
 2.810000E+02 424 1 0 0 0 1 0 2 0 18 2 1 0 0 0 0 0 0
 2.815000E+02 201 1 0 0 1 0 0 1 0 16 0 0 0 0 0 0 1 1
 2.820000E+02 90 0 0 0 0 0 0 1 0 13 0 1 2 1 2 1 4 0
 2.825000E+02 1426 0 0 1 0 0 0 5 0 16 0 0 0 0 0 0 0 0
 2.830000E+02 1951 1 0 0 1 3 0 6 1 20 0 0 0 0 0 0 0 0
 2.835000E+02 2240 1 0 1 0 4 0 9 0 26 0 1 0 0 0 0 0 0
 2.840000E+02 2186 2 0 1 0 6 0 6 1 32 1 3 0 0 0 0 0 0
 2.845000E+02 944 4 0 0 0 1 0 3 1 34 0 0 0 0 0 0 0 0
 2.850000E+02 402 0 0 0 0 1 0 4 0 22 0 1 0 0 0 1 0 0
 2.855000E+02 190 0 0 0 0 0 0 5 1 12 0 0 0 0 1 0 1 1
 2.860000E+02 90 0 0 0 0 0 1 2 0 13 1 0 1 4 3 0 3 3
 2.865000E+02 1428 0 0 1 0 3 0 1 1 16 1 1 0 0 0 0 0 0
 2.870000E+02 1932 1 0 0 0 2 0 2 0 28 0 0 0 0 0 0 0 0
 2.875000E+02 2135 2 0 1 0 3 0 10 0 29 0 0 0 0 0 0 0 0
 2.880000E+02 2224 0 0 2 0 5 0 6 0 34 2 0 0 0 0 0 0 0
 2.885000E+02 984 0 0 1 0 4 0 5 0 31 0 0 0 0 0 0 0 0
 2.890000E+02 440 1 0 0 0 2 0 4 0 23 0 0 0 0 0 0 0 0
 2.895000E+02 180 0 0 0 0 1 0 3 0 14 0 0 3 0 1 0 0 1
 2.900000E+02 97 1 0 0 0 2 0 1 0 9 0 0 3 3 2 0 0 4
 2.905000E+02 71 0 0 0 0 1 0 0 0 9 1 0 2 4 5 5 2 3
 2.910000E+02 51 0 0 0 0 0 0 2 0 8 0 0 7 4 2 5 9 9
 2.915000E+02 52 0 0 0 0 0 0 2 0 4 0 0 4 7 4 11 6 10
 2.920000E+02 39 0 0 0 0 0 0 0 0 6 0 1 6 5 10 8 12 4
 2.925000E+02 25 0 0 0 0 0 0 0 0 3 1 0 8 6 8 10 8 10
 2.930000E+02 30 0 0 0 0 2 0 0 0 1 0 0 6 6 14 12 8 12
 2.935000E+02 33 0 0 0 0 0 0 0 0 1 0 0 9 11 12 14 10 17
 2.940000E+02 24 0 0 0 0 0 0 0 0 1 0 0 10 10 13 14 14 13
 2.945000E+02 25 0 0 0 0 0 0 0 0 2 0 0 15 17 11 16 12 12
 2.950000E+02 34 0 0 0 0 0 0 1 0 1 1 0 13 18 17 14 8 17
 2.955000E+02 24 0 0 0 0 0 0 0 0 0 0 0 12 13 12 19 16 18
 2.960000E+02 25 0 0 0 0 0 0 0 0 1 0 0 20 15 20 23 10 11
 2.965000E+02 28 0 0 0 0 0 0 1 0 0 0 0 15 20 19 20 12 19
 2.970000E+02 21 0 0 0 0 0 0 0 0 0 0 0 13 14 20 14 18 23
 2.975000E+02 20 0 0 0 0 0 0 0 0 0 0 0 18 19 23 14 13 14
 2.980000E+02 25 0 0 0 0 0 0 0 0 0 0 0 16 17 16 18 12 18
 2.985000E+02 16 0 0 0 0 0 0 0 0 0 0 0 14 27 19 11 25 11
 2.990000E+02 19 0 0 0 0 0 0 0 0 0 0 0 19 12 14 10 19 18
 2.995000E+02 18 0 0 0 0 0 0 0 0 1 0 0 21 16 12 12 23 19
 3.000000E+02 9 0 0 0 0 0 0 1 0 1 0 0 13 17 20 19 17 20
 3.005000E+02 13 0 0 0 0 0 0 0 0 2 0 0 21 14 14 20 20 21
 3.010000E+02 21 0 0 0 0 0 0 0 0 2 0 0 16 25 16 19 16 17
 3.015000E+02 21 0 1 0 0 0 0 1 0 0 0 0 19 14 20 20 25 14
 3.020000E+02 15 0 0 0 0 0 0 0 0 1 0 0 22 23 19 20 15 28
 3.025000E+02 16 0 0 0 0 0 0 0 0 0 0 0 20 20 18 22 17 21
 3.030000E+02 12 0 0 0 0 0 0 0 0 0 0 0 19 14 25 24 17 20
 3.035000E+02 19 0 0 0 0 0 0 1 0 0 0 0 21 15 19 16 14 21
 3.040000E+02 17 0 0 0 0 0 0 0 0 0 1 0 15 11 14 20 24 23
 3.045000E+02 17 0 0 1 0 0 0 0 0 0 0 0 20 10 16 12 25 18
 3.050000E+02 16 0 0 0 0 0 0 0 0 0 0 0 22 27 23 15 15 23
 3.055000E+02 12 0 0 0 0 0 0 0 0 0 0 0 16 21 23 16 19 22
 3.060000E+02 19 0 0 0 0 0 0 0 0 0 0 0 19 17 25 22 17 25
 3.065000E+02 15 0 0 0 0 0 0 0 0 0 0 0 14 16 16 16 15 25
 3.070000E+02 8 0 0 0 0 0 0 0 0 0 0 0 16 21 18 14 22 18
 3.075000E+02 11 0 0 0 0 0 0 0 0 2 0 0 15 21 25 15 23 12
 3.080000E+02 10 0 0 0 0 0 0 0 0 1 0 0 13 19 23 19 19 22
 3.085000E+02 19 0 0 0 0 0 0 0 0 0 0 1 15 15 27 24 19 16
 3.090000E+02 10 0 0 0 0 0 0 0 0 1 0 0 14 14 20 29 20 21
 3.095000E+02 11 0 0 0 0 0 0 1 0 1 0 0 13 18 18 32 19 19
 3.100000E+02 13 0 0 0 0 0 0 0 0 0 0 0 16 24 15 19 21 23
 3.105000E+02 16 0 0 0 0 0 0 0 0 0 0 0 23 20 19 17 16 27
 3.110000E+02 16 0 0 0 0 0 0 0 0 0 0 0 13 18 15 18 15 26
 3.115000E+02 13 0 0 0 0 0 0 0 0 0 0 0 16 23 17 22 21 18
 3.120000E+02 18 0 0 0 0 0 0 0 0 0 0 0 14 19 20 24 22 22
 3.125000E+02 17 0 0 0 0 0 0 0 0 0 0 0 14 20 31 22 16 24
 3.130000E+02 19 0 0 0 0 0 0 0 0 0 0 0 16 26 25 20 19 25
 3.135000E+02 16 0 0 0 0 0 0 0 0 0 0 0 11 25 21 14 24 17
 3.140000E+02 7 0 0 0 0 0 0 0 0 0 0 0 12 17 18 17 20 17
 3.145000E+02 13 0 0 0 0 0 0 0 0 0 0 0 23 27 17 24 17 18
 3.150000E+02 9 0 0 0 0 0 0 1 0 0 0 0 15 24 15 23 16 21
 3.155000E+02 11 0 0 0 0 0 0 0 0 1 0 0 11 24 14 22 19 24
 3.160000E+02 16 0 0 0 0 0 0 0 0 1 0 0 16 18 17 18 15 21
 3.165000E+02 11 0 0 0 0 0 0 0 0 1 0 0 26 14 24 23 18 18
 3.170000E+02 13 0 0 0 0 0 0 0 0 1 0 0 16 12 17 24 20 21
 3.175000E+02 13 0 0 0 0 0 0 1 0 0 0 0 13 17 18 21 23 19
 3.180000E+02 12 0 0 0 0 0 0 0 0 1 0 0 14 16 18 22 17 22
 3.185000E+02 12 0 0 0 0 0 0 1 0 1 0 0 23 20 17 18 17 22
 3.190000E+02 8 0 0 0 0 0 0 0 0 2 0 0 17 17 14 18 16 20
 3.195000E+02 13 0 0 0 0 0 0 0 0 0 0 0 20 20 20 17 18 27
 3.200000E+02 12 0 0 0 0 0 0 0 0 0 0 0 21 19 17 14 19 29
 3.205000E+02 11 0 0 0 0 0 0 0 0 0 0 0 23 13 16 19 19 20
 3.210000E+02 6 0 0 0 0 0 0 0 0 0 0 0 19 20 21 21 15 21
 3.215000E+02 8 0 0 0 0 0 0 0 0 0 0 0 20 18 18 16 27 25
 3.220000E+02 14 0 0 0 0 0 0 0 0 0 0 0 21 19 13 14 18 23
 3.225000E+02 11 0 0 0 0 0 0 0 0 0 0 0 20 18 23 18 26 20
 3.230000E+02 8 0 0 0 0 0 0 0 0 0 0 0 19 19 24 18 23 18
 3.235000E+02 10 0 0 0 0 0 0 0 0 1 0 0 12 19 21 22 16 21
 3.240000E+02 9 0 0 0 0 0 0 1 0 0 0 0 20 19 16 22 19 22
 3.245000E+02 12 0 0 0 0 0 0 0 0 1 0 0 20 22 17 14 10 22
 3.250000E+02 8 0 0 0 0 0 0 0 0 1 0 0 21 15 21 14 14 19
 3.255000E+02 14 0 0 0 0 0 0 0 0 1 0 0 16 21 24 19 20 20
 3.260000E+02 11 0 0 0 0 0 0 0 0 0 0 0 16 25 13 20 21 15
 3.265000E+02 12 0 0 1 0 0 0 0 0 0 0 0 15 22 16 19 19 20
 3.270000E+02 12 0 0 0 0 0 0 0 0 1 0 0 20 19 20 19 20 18
 3.275000E+02 13 0 0 0 0 0 0 0 0 0 0 0 23 15 20 19 17 15
 3.280000E+02 6 0 0 0 0 0 0 0 0 0 0 0 21 11 19 16 24 18
 3.285000E+02 7 0 0 0 0 0 0 0 0 0 0 0 24 14 16 18 13 18
 3.290000E+02 12 0 0 0 0 0 0 0 0 0 0 0 16 20 18 22 17 19
 3.295000E+02 7 0 0 0 0 0 0 0 0 0 0 0 18 11 14 20 17 21
 3.300000E+02 7 0 0 0 0 0 0 0 0 0 0 0 18 14 24 21 15 16
 3.305000E+02 8 0 0 0 0 0 0 0 0 0 0 0 27 23 18 13 17 13
 3.310000E+02 6 0 0 0 0 0 0 0 0 0 0 0 19 20 17 9 23 14
 3.315000E+02 6 0 0 0 0 0 0 0 0 0 0 0 27 13 20 14 16 13
 3.320000E+02 8 0 0 0 0 0 0 0 0 0 0 0 25 13 17 15 22 17
 3.325000E+02 9 0 0 0 0 0 0 0 0 0 0 0 27 16 17 13 21 19
 3.330000E+02 9 0 0 0 0 0 0 0 0 0 0 0 16 13 21 19 20 20
 3.335000E+02 4 0 0 0 0 0 0 0 0 0 0 0 20 18 20 14 15 23
 3.340000E+02 13 0 0 0 0 0 0 0 0 0 0 0 15 15 22 18 18 20
 3.345000E+02 5 0 0 0 0 0 0 0 0 0 0 0 14 14 21 17 18 28
 3.350000E+02 12 0 0 0 0 0 0 0 0 0 0 0 15 17 24 20 13 19
 3.355000E+02 8 0 0 0 0 0 0 0 0 0 0 0 14 17 22 26 17 19
 3.360000E+02 9 0 0 0 0 0 0 0 0 0 0 0 18 12 17 17 17 20
 3.365000E+02 10 0 0 0 0 0 0 0 0 0 0 0 21 18 15 18 16 18
 3.370000E+02 15 0 0 0 0 0 0 0 0 0 0 0 18 11 16 19 12 20
 3.375000E+02 6 0 0 0 0 0 0 0 0 0 0 0 17 13 25 18 13 17
 3.380000E+02 11 0 0 0 0 0 0 0 0 0 0 0 13 18 24 20 14 16
 3.385000E+02 4 0 0 0 0 0 0 0 0 1 0 0 12 19 20 22 18 11
 3.390000E+02 5 0 0 0 0 0 0 0 0 1 0 0 18 17 18 22 13 16
 3.395000E+02 15 0 0 0 0 0 0 0 0 0 0 0 14 16 19 23 14 18
 3.400000E+02 12 0 0 0 0 0 0 1 0 0 0 0 15 10 18 14 18 20
 3.405000E+02 10 0 0 0 0 0 0 0 0 1 0 0 19 18 16 13 18 16
 3.410000E+02 7 0 0 0 0 0 0 0 0 0 0 0 18 15 18 17 13 16
 3.415000E+02 8 0 0 0 0 0 0 0 0 0 0 0 18 19 18 25 21 22
 3.420000E+02 16 0 0 0 0 0 0 0 0 0 0 0 20 15 12 21 19 16
 3.425000E+02 13 0 0 0 0 0 0 0 0 0 0 0 20 13 10 19 23 24
 3.430000E+02 7 0 0 0 0 0 0 0 0 0 0 0 14 14 21 21 21 19
 3.435000E+02 11 0 0 0 0 0 0 1 0 0 0 0 19 14 17 20 21 18
 3.440000E+02 7 0 0 0 0 1 0 0 0 0 1 0 20 12 15 20 17 13
 3.445000E+02 10 0 0 0 0 0 0 0 0 0 0 0 23 23 15 25 14 10
 3.450000E+02 8 0 0 0 0 0 0 0 0 0 0 0 23 24 23 21 17 15
 3.455000E+02 14 0 0 0 0 0 0 0 0 0 0 0 26 16 17 22 14 14
 3.460000E+02 13 0 0 0 0 0 0 0 0 0 0 0 21 21 23 22 14 18
 3.465000E+02 10 0 0 0 0 0 0 0 0 0 0 0 15 22 15 23 15 18
 3.470000E+02 13 0 0 0 0 0 0 0 0 0 0 0 13 21 16 19 17 16
 3.475000E+02 9 0 0 0 0 0 0 0 0 0 0 0 18 25 17 20 15 20
 3.480000E+02 12 0 0 0 0 0 0 0 0 0 0 0 16 17 23 18 13 14
 3.485000E+02 16 0 0 0 0 0 0 0 0 0 0 0 22 19 13 16 13 15
 3.490000E+02 12 0 0 0 0 0 0 0 0 0 0 0 22 13 15 17 19 16
 3.495000E+02 11 0 0 0 0 0 0 0 0 0 0 0 14 20 23 13 22 13
 3.500000E+02 12 0 0 0 0 0 0 0 0 0 0 0 16 20 18 20 23 13
 3.505000E+02 14 0 0 0 0 0 0 0 0 0 0 0 23 20 17 10 17 21
 3.510000E+02 16 0 0 0 0 0 0 0 0 0 0 0 19 22 18 13 12 21
 3.515000E+02 13 0 0 0 0 0 0 0 0 0 0 0 16 26 18 12 18 24
 3.520000E+02 8 0 0 0 0 0 0 0 0 0 0 0 17 23 21 8 25 16
 3.525000E+02 11 0 0 0 0 0 0 0 0 0 0 0 18 17 25 13 17 19
 3.530000E+02 8 0 0 0 0 0 0 0 0 1 0 0 26 11 20 15 20 20
 3.535000E+02 13 0 0 0 0 0 0 0 0 0 0 0 22 9 21 19 14 20
 3.540000E+02 8 0 0 0 0 0 0 0 0 0 0 0 24 17 14 17 12 14
 3.545000E+02 3 0 0 0 0 0 0 0 0 0 0 0 24 16 18 17 12 19
 3.550000E+02 7 0 0 0 0 0 0 0 0 0 0 0 19 18 27 11 17 16
 3.555000E+02 9 0 0 0 0 0 0 0 0 0 0 0 21 21 19 14 17 20
 3.560000E+02 12 0 0 0 0 0 0 0 0 0 0 0 20 20 20 15 17 25
 3.565000E+02 8 0 0 0 0 0 0 0 0 0 0 0 16 19 13 22 16 15
 3.570000E+02 9 0 0 0 0 0 0 0 0 0 0 0 14 27 11 15 14 19
 3.575000E+02 7 0 0 0 0 0 0 0 0 0 0 0 11 18 7 17 20 24
 3.580000E+02 13 0 0 0 0 0 0 0 0 0 0 0 10 21 13 17 19 26
 3.585000E+02 9 0 0 0 0 0 0 0 0 1 0 0 9 18 11 14 25 19
 3.590000E+02 7 0 0 0 0 0 0 0 0 0 0 0 16 16 13 18 22 14
 3.595000E+02 7 0 0 0 0 0 0 0 0 0 0 0 12 16 13 18 18 15
 3.600000E+02 9 0 0 0 0 0 0 0 0 0 0 0 13 13 15 8 25 17
 3.605000E+02 6 0 0 0 0 0 0 0 0 1 0 0 12 16 18 16 21 17
 3.610000E+02 9 0 0 0 0 0 0 0 0 0 0 0 20 18 11 17 16 20
 3.615000E+02 9 0 0 0 0 0 0 0 0 0 0 0 20 20 11 16 13 21
 3.620000E+02 6 0 0 0 0 0 0 0 0 0 0 0 24 20 16 13 13 20
 3.625000E+02 12 0 0 0 0 0 0 0 0 0 0 0 20 15 14 12 17 24
 3.630000E+02 9 0 0 0 0 0 0 0 0 0 0 0 21 11 17 18 12 20
 3.635000E+02 13 0 0 0 0 0 0 0 0 0 0 0 12 12 18 21 18 16
 3.640000E+02 10 0 0 0 0 0 0 0 0 0 0 0 20 20 15 17 17 14
 3.645000E+02 15 0 0 0 0 0 0 0 0 0 0 0 17 15 12 17 15 20
 3.650000E+02 7 0 0 0 0 0 0 0 0 0 0 0 21 14 13 18 18 16
 3.655000E+02 9 0 0 0 0 0 0 0 0 0 0 0 20 12 13 14 20 18
 3.660000E+02 10 0 0 0 0 0 0 0 0 0 0 0 16 17 16 15 15 20
 3.665000E+02 11 0 0 0 0 0 0 0 0 0 0 0 24 14 15 25 13 17
 3.670000E+02 12 0 0 0 0 0 0 0 0 0 0 0 25 20 17 19 10 13
 3.675000E+02 6 0 0 0 0 0 0 0 0 0 0 0 22 14 20 18 14 12
 3.680000E+02 8 0 0 0 0 0 0 0 0 0 0 0 19 14 20 19 13 17
 3.685000E+02 12 0 0 0 0 0 0 0 0 0 0 0 19 9 24 18 17 12
 3.690000E+02 6 0 0 0 0 0 0 0 0 0 0 0 12 21 19 21 15 14
 3.695000E+02 8 0 0 0 0 0 0 0 0 0 0 0 13 15 17 15 11 19
 3.700000E+02 6 1 0 0 0 0 0 0 0 0 0 0 14 20 17 15 13 16
 3.705000E+02 11 0 0 0 0 0 0 0 0 1 0 0 15 15 11 25 19 15
 3.710000E+02 6 0 0 0 0 0 0 0 0 1 0 0 23 17 12 13 14 15
 3.715000E+02 7 0 0 0 0 0 0 0 0 1 0 0 17 14 11 13 15 18
 3.720000E+02 5 0 0 0 0 0 0 0 0 1 0 0 19 18 14 13 17 18
 3.725000E+02 7 0 0 0 0 0 0 0 0 1 0 0 14 12 15 17 17 13
 3.730000E+02 8 0 0 0 0 0 0 0 0 1 0 0 16 16 13 15 22 14
 3.735000E+02 3 0 0 0 0 0 0 0 0 0 0 0 23 16 9 17 16 12
 3.740000E+02 9 0 0 0 0 0 0 0 0 0 0 0 20 11 13 20 17 8
 3.745000E+02 12 0 0 0 0 0 0 0 0 0 0 0 22 13 13 14 13 15
 3.750000E+02 6 0 0 0 0 0 0 0 0 0 0 0 16 15 21 12 15 10
 3.755000E+02 5 0 0 0 0 0 0 0 0 0 0 0 17 22 13 13 15 14
 3.760000E+02 6 0 0 0 0 0 0 0 0 0 0 0 19 17 17 16 13 14
 3.765000E+02 9 0 0 0 0 0 0 0 0 1 0 0 15 13 16 18 17 18
 3.770000E+02 13 0 0 0 0 0 0 0 0 1 0 0 15 14 25 16 9 22
 3.775000E+02 7 0 0 0 0 0 0 0 0 0 0 0 17 11 20 16 13 19
 3.780000E+02 5 0 0 0 0 0 0 0 0 0 0 0 20 13 20 12 13 17
 3.785000E+02 11 0 0 0 0 0 0 0 0 0 0 0 17 13 13 15 16 23
 3.790000E+02 7 0 0 0 0 0 0 0 0 0 0 0 17 18 15 12 20 22
 3.795000E+02 12 0 0 0 0 0 0 0 0 0 0 0 19 20 12 10 17 15
 3.800000E+02 11 0 0 0 0 0 0 0 0 0 0 0 18 26 14 9 18 17
 3.805000E+02 8 0 0 0 0 0 0 0 0 1 0 0 18 22 20 13 11 19
 3.810000E+02 5 0 0 0 0 0 0 0 0 0 0 0 18 15 21 6 27 18
 3.815000E+02 11 0 0 0 0 0 0 0 0 0 0 0 22 13 20 15 16 17
 3.820000E+02 11 0 0 0 0 0 0 0 0 0 0 0 19 14 20 14 18 21
 3.825000E+02 9 0 0 0 0 0 0 0 0 0 0 0 11 16 12 21 21 18
 3.830000E+02 8 0 0 0 0 0 0 0 0 0 0 0 19 15 14 25 16 19
 3.835000E+02 14 0 0 0 0 0 0 0 0 0 0 0 16 17 17 19 13 15
 3.840000E+02 6 0 0 0 0 0 0 0 0 0 0 0 5 15 15 19 18 17
 3.845000E+02 10 0 0 0 0 0 0 0 0 0 0 0 18 19 20 20 16 11
 3.850000E+02 7 0 0 0 0 0 0 0 0 0 0 0 17 18 18 21 18 12
 3.855000E+02 7 0 0 0 0 0 0 0 0 0 0 0 21 12 12 19 16 13
 3.860000E+02 13 0 0 0 0 0 0 0 0 0 0 0 21 13 11 18 21 14
 3.865000E+02 8 0 0 0 0 0 0 0 0 0 0 0 18 15 11 12 22 14
 3.870000E+02 9 0 0 0 0 0 0 0 0 0 0 0 19 15 15 16 19 9
 3.875000E+02 6 0 0 0 0 0 0 0 0 0 0 0 20 13 12 18 16 19
 3.880000E+02 10 0 0 0 0 0 0 0 0 0 0 0 15 17 17 21 7 14
 3.885000E+02 12 0 0 0 0 0 0 0 0 0 0 0 12 21 15 18 16 11
 3.890000E+02 9 0 0 0 0 0 0 0 0 0 0 0 17 16 9 14 16 17
 3.895000E+02 6 0 0 0 0 0 0 0 0 0 0 0 16 15 15 19 18 12
 3.900000E+02 8 0 0 0 0 0 0 0 0 0 0 0 21 14 17 18 16 14
 3.905000E+02 7 0 0 0 0 0 0 0 0 0 0 0 19 15 12 18 17 9
 3.910000E+02 12 0 0 0 0 0 0 0 0 0 0 0 13 19 13 11 14 18
 3.915000E+02 9 0 0 0 0 0 0 0 0 1 0 0 14 20 14 8 26 18
 3.920000E+02 7 0 0 0 0 0 0 0 0 1 0 0 15 18 19 14 12 16
 3.925000E+02 5 0 0 0 0 0 0 0 0 1 0 0 17 18 20 14 12 15
 3.930000E+02 5 0 0 0 0 0 0 0 0 0 0 0 11 19 20 18 14 15
 3.935000E+02 3 0 0 0 0 0 0 0 0 2 0 0 12 20 19 19 9 17
 3.940000E+02 9 0 0 0 0 0 0 0 0 1 0 0 11 14 18 23 7 17
 3.945000E+02 12 0 0 0 0 0 0 0 0 2 0 0 10 16 15 20 8 21
 3.950000E+02 7 0 0 0 0 0 0 0 0 0 0 0 17 13 15 26 5 18
 3.955000E+02 10 0 0 0 0 0 0 0 0 0 0 0 18 12 24 25 12 17
 3.960000E+02 5 0 0 0 0 0 0 0 0 0 0 0 14 13 11 19 10 28
 3.965000E+02 10 0 0 0 0 0 0 0 0 0 0 0 11 14 8 15 20 19
 3.970000E+02 15 0 0 0 0 0 0 0 0 0 0 0 15 15 13 12 10 15
 3.975000E+02 9 0 0 0 0 0 0 0 0 0 0 0 17 22 20 14 16 14
 3.980000E+02 8 0 0 0 0 0 0 0 0 0 0 0 10 25 16 18 16 21
 3.985000E+02 5 0 0 0 0 0 0 0 0 0 0 0 20 22 14 18 19 15
 3.990000E+02 10 0 0 0 0 0 0 0 0 0 0 0 16 18 18 19 11 13
 3.995000E+02 10 0 0 0 0 0 0 0 0 0 0 0 17 17 22 15 11 12
 4.000000E+02 6 0 0 0 0 0 0 0 0 0 0 0 15 21 17 15 16 13
 4.005000E+02 5 0 0 0 0 0 0 0 0 0 0 0 25 22 14 8 19 12
 4.010000E+02 9 0 0 0 0 0 0 0 0 0 0 0 22 19 15 16 18 9
 4.015000E+02 3 0 0 0 0 0 0 0 0 0 0 0 17 31 11 14 25 16
 4.020000E+02 6 0 0 0 0 0 0 0 0 0 0 0 14 23 16 11 20 19
 4.025000E+02 13 0 0 0 0 0 0 0 0 0 0 0 14 17 23 14 21 23
 4.030000E+02 8 0 0 0 0 0 0 0 0 0 0 0 14 13 15 14 19 26
 4.035000E+02 17 0 0 0 0 0 0 0 0 0 0 0 12 14 18 13 19 23
 4.040000E+02 5 0 0 0 0 0 0 0 0 0 0 0 14 19 22 13 17 20
 4.045000E+02 3 0 0 0 0 0 0 0 0 0 0 0 17 19 18 16 13 26
 4.050000E+02 13 0 0 0 0 0 0 0 0 0 0 0 15 17 20 15 11 22
 4.055000E+02 3 0 0 0 0 0 0 0 0 0 0 0 15 20 11 17 18 10
 4.060000E+02 8 0 0 0 0 0 0 0 0 0 0 0 12 16 12 17 16 18
 4.065000E+02 10 0 0 0 0 0 0 0 0 1 0 0 15 17 20 12 12 18
 4.070000E+02 6 0 0 0 0 0 0 0 0 1 0 0 17 17 13 10 19 20
 4.075000E+02 4 0 0 0 0 0 0 0 0 0 0 0 15 9 17 18 11 21
 4.080000E+02 5 0 0 0 0 0 0 0 0 0 0 0 19 9 23 18 20 18
 4.085000E+02 8 0 0 0 0 0 0 0 0 0 0 0 19 14 21 13 17 17
 4.090000E+02 6 0 0 0 0 0 0 0 0 0 0 0 14 12 17 12 17 22
 4.095000E+02 8 0 0 0 0 0 0 0 0 0 0 0 13 16 24 20 17 17
 4.100000E+02 8 0 0 0 0 0 0 0 0 0 0 0 11 14 18 18 25 14
 4.105000E+02 7 0 0 0 0 0 0 0 0 0 0 0 13 17 16 18 15 16
 4.110000E+02 6 0 0 0 0 0 0 0 0 0 0 0 12 13 12 26 18 14
 4.115000E+02 9 0 0 0 0 0 0 0 0 0 0 0 13 23 11 14 21 17
 4.120000E+02 7 0 0 0 0 0 0 0 0 0 0 0 11 18 11 13 23 20
 4.125000E+02 7 0 0 0 0 0 0 0 0 0 0 0 11 14 14 11 21 18
 4.130000E+02 12 0 0 0 0 0 0 0 0 0 0 0 14 13 19 13 26 14
 4.135000E+02 13 0 0 0 0 0 0 0 0 0 0 0 15 17 13 11 22 11
 4.140000E+02 9 0 0 0 0 0 0 0 0 0 0 0 18 20 19 19 22 16
 4.145000E+02 6 0 0 0 0 0 0 0 0 0 0 0 18 20 22 13 25 13
 4.150000E+02 10 0 0 0 0 0 0 1 0 0 0 0 19 16 15 11 22 15
 4.155000E+02 8 0 0 0 0 0 0 0 0 1 0 0 16 19 12 9 22 13
 4.160000E+02 9 0 0 0 0 0 0 0 0 0 0 0 20 15 9 15 20 16
 4.165000E+02 5 0 0 0 0 0 0 0 0 0 0 0 22 12 12 17 25 20
 4.170000E+02 6 0 0 0 0 0 0 0 0 0 0 0 18 16 13 19 22 17
 4.175000E+02 9 0 0 0 0 0 0 0 0 1 0 0 22 17 10 26 17 18
 4.180000E+02 8 0 0 0 0 0 0 0 0 0 0 0 20 17 14 23 20 19
 4.185000E+02 8 0 0 0 0 0 0 0 0 0 0 0 18 13 18 24 21 19
 4.190000E+02 11 0 0 0 0 0 0 1 0 0 0 0 14 17 20 19 21 20
 4.195000E+02 12 0 0 0 0 0 0 0 0 1 0 0 13 23 19 17 24 23
 4.200000E+02 9 0 0 0 0 0 0 0 0 1 0 0 9 16 23 20 16 19
 4.205000E+02 11 0 0 0 0 0 0 0 0 1 0 0 14 15 20 18 18 27
 4.210000E+02 7 0 0 0 0 0 0 0 0 1 0 0 14 16 19 11 16 23
 4.215000E+02 6 0 0 0 0 0 0 1 0 0 0 0 18 18 15 13 15 27
 4.220000E+02 8 0 0 0 0 0 0 0 0 0 0 0 18 17 16 12 16 21
 4.225000E+02 8 0 0 0 0 0 0 0 0 0 0 0 19 21 12 18 14 17
 4.230000E+02 5 0 0 0 0 0 0 0 0 0 0 0 19 20 19 23 15 13
 4.235000E+02 11 0 0 0 0 0 0 0 0 0 0 0 16 21 23 22 14 8
 4.240000E+02 6 0 0 0 0 0 0 0 0 0 0 0 11 21 25 19 23 10
 4.245000E+02 9 0 0 0 0 0 0 0 0 0 0 0 17 22 18 13 17 14
 4.250000E+02 10 0 0 0 0 0 0 0 0 0 0 0 20 27 11 16 16 17
 4.255000E+02 3 0 0 0 0 0 0 0 0 0 0 0 12 18 20 16 20 16
 4.260000E+02 4 0 0 0 0 0 0 0 0 0 0 0 14 16 12 19 17 12
 4.265000E+02 7 0 0 0 0 0 0 0 0 0 0 0 15 16 15 18 21 15
 4.270000E+02 8 0 0 0 0 0 0 0 0 1 0 0 19 20 11 21 20 14
 4.275000E+02 12 0 0 0 0 0 0 0 0 0 0 0 14 21 19 19 25 16
 4.280000E+02 9 0 0 0 0 0 0 0 0 0 0 0 19 23 20 14 19 18
 4.285000E+02 11 0 0 0 0 0 0 0 0 0 0 0 16 15 22 13 15 24
 4.290000E+02 8 0 0 0 0 0 0 0 0 0 0 0 15 13 24 9 20 17
 4.295000E+02 8 0 0 0 0 0 0 0 0 0 0 0 11 18 15 17 17 25
 4.300000E+02 14 0 0 0 0 0 0 0 0 0 0 0 16 12 22 21 14 23
 4.305000E+02 9 0 0 0 0 0 0 0 0 0 0 0 13 18 27 12 18 16
 4.310000E+02 7 0 0 0 0 0 0 0 0 0 0 0 16 18 18 20 18 20
 4.315000E+02 11 0 0 0 0 0 0 0 0 0 0 0 13 22 18 18 15 18
 4.320000E+02 12 0 0 0 0 0 0 0 0 0 0 0 9 18 17 15 19 23
 4.325000E+02 6 0 0 0 0 0 0 0 0 0 0 0 14 17 23 15 16 23
 4.330000E+02 9 0 0 0 0 0 0 0 0 1 0 0 21 21 17 15 20 16
 4.335000E+02 8 0 0 0 0 0 0 0 0 0 0 0 17 24 16 16 18 20
 4.340000E+02 10 0 0 0 0 0 0 0 0 0 0 0 16 17 16 21 13 17
 4.345000E+02 12 0 0 0 0 0 0 0 0 0 0 0 15 20 22 20 20 16
 4.350000E+02 5 0 0 0 0 0 0 0 0 0 0 0 14 16 21 29 20 14
 4.355000E+02 8 0 0 0 0 0 0 1 0 1 0 0 18 21 19 27 19 11
 4.360000E+02 9 0 0 0 0 0 0 0 0 2 0 0 14 15 19 20 22 12
 4.365000E+02 10 0 0 0 0 0 0 0 0 1 0 0 13 19 22 21 16 17
 4.370000E+02 12 0 0 0 0 0 0 0 0 1 0 0 12 17 21 20 16 16
 4.375000E+02 16 0 0 0 0 0 0 0 0 0 0 0 16 20 21 19 16 16
 4.380000E+02 8 0 0 0 0 0 0 0 0 0 0 0 20 18 12 18 12 22
 4.385000E+02 7 0 0 0 0 0 0 0 0 0 0 0 18 28 13 11 14 22
 4.390000E+02 9 0 0 0 0 0 0 0 0 0 0 0 19 24 17 13 7 21
 4.395000E+02 14 0 0 0 0 0 0 0 0 0 0 0 17 17 21 22 10 20
 4.400000E+02 5 0 0 0 0 0 0 0 0 0 0 0 18 19 19 18 6 23
 4.405000E+02 7 0 0 0 0 0 0 0 0 0 0 0 18 20 14 20 14 19
 4.410000E+02 9 0 0 0 0 0 0 0 0 0 0 0 22 20 13 22 16 18
 4.415000E+02 14 0 0 0 0 0 0 0 0 0 0 0 21 22 12 19 18 14
 4.420000E+02 8 0 0 0 0 0 0 0 0 0 0 0 18 16 20 21 22 17
 4.425000E+02 8 0 0 0 0 0 0 1 0 0 0 0 22 22 25 9 17 22
 4.430000E+02 9 0 0 0 0 0 0 0 0 1 0 0 10 22 15 12 16 20
 4.435000E+02 13 0 0 0 0 0 0 1 0 0 0 0 9 21 20 19 20 16
 4.440000E+02 6 0 0 0 0 0 0 1 0 0 0 0 14 18 15 18 12 18
 4.445000E+02 12 0 0 0 0 0 0 0 0 1 0 0 24 12 19 14 14 18
 4.450000E+02 8 0 0 0 0 0 0 0 0 1 0 0 21 20 13 10 18 19
 4.455000E+02 11 0 0 0 0 0 0 0 0 0 0 0 20 15 18 16 24 16
 4.460000E+02 11 0 0 0 0 0 0 0 0 0 0 0 19 24 17 16 27 18
 4.465000E+02 7 0 0 0 0 0 0 0 0 0 0 0 17 16 15 14 25 14
 4.470000E+02 8 0 0 0 0 0 0 0 0 0 0 0 19 13 18 18 24 16
 4.475000E+02 11 0 0 0 0 0 0 0 0 0 0 0 19 17 14 15 27 16
 4.480000E+02 13 0 0 0 0 0 0 0 0 0 0 0 13 15 15 17 25 18
 4.485000E+02 14 0 0 0 0 0 0 0 0 0 0 0 16 11 11 21 23 18
 4.490000E+02 11 0 0 0 0 0 0 0 0 1 0 0 20 16 13 21 22 15
 4.495000E+02 9 0 0 0 0 0 0 0 0 0 0 0 19 13 20 15 21 19
 4.500000E+02 9 0 0 0 0 0 0 0 0 0 0 0 13 12 27 15 21 12
 4.505000E+02 7 0 0 0 0 0 0 0 0 0 0 0 12 18 20 13 21 18
 4.510000E+02 7 0 0 0 0 0 0 0 0 0 0 0 13 24 14 15 20 17
 4.515000E+02 6 0 0 0 0 0 0 0 0 0 0 0 18 18 18 19 19 18
 4.520000E+02 12 0 0 0 0 0 0 0 0 0 0 0 20 14 21 16 17 15
 4.525000E+02 14 0 0 0 0 0 0 0 0 1 0 0 17 19 18 27 18 12
 4.530000E+02 8 0 0 0 0 0 0 0 0 1 0 0 18 16 13 17 20 25
 4.535000E+02 7 0 0 0 0 0 0 0 0 0 0 0 17 15 12 26 27 25
 4.540000E+02 11 0 0 0 0 0 0 0 0 0 0 0 13 13 11 17 23 23
 4.545000E+02 13 0 0 0 0 0 0 0 0 0 0 0 21 19 14 20 22 20
 4.550000E+02 17 0 0 0 0 0 0 0 0 1 0 0 19 11 14 16 26 22
 4.555000E+02 9 0 0 0 0 0 0 0 0 1 0 0 14 19 15 20 21 19
 4.560000E+02 10 0 0 0 0 0 0 1 0 1 0 0 14 19 15 16 13 20
 4.565000E+02 12 0 0 0 0 0 0 1 0 0 0 0 11 23 16 15 14 23
 4.570000E+02 13 0 0 0 0 0 0 0 0 0 0 0 18 19 12 16 10 25
 4.575000E+02 11 0 0 0 0 0 0 0 0 0 0 0 19 21 15 12 18 25
 4.580000E+02 9 0 0 0 0 0 0 0 0 1 0 0 17 18 21 14 19 21
 4.585000E+02 8 0 0 0 0 0 0 1 0 0 0 0 13 10 26 14 20 19
 4.590000E+02 6 0 0 0 0 0 0 0 0 1 0 0 13 16 16 13 15 21
 4.595000E+02 7 0 0 0 0 0 0 1 0 0 0 0 21 11 15 18 18 12
 4.600000E+02 17 0 0 0 0 0 0 1 0 0 0 0 19 8 23 15 14 12
 4.605000E+02 8 0 0 0 0 0 0 0 0 2 0 0 25 9 19 20 17 18
 4.610000E+02 8 0 0 0 0 0 0 0 0 0 0 0 14 13 19 19 22 23
 4.615000E+02 7 0 0 0 0 0 0 0 0 0 0 0 17 20 15 17 16 22
 4.620000E+02 13 0 0 0 0 0 0 0 0 0 0 0 13 20 14 21 17 18
 4.625000E+02 9 0 0 0 0 0 0 0 0 1 0 0 12 24 19 15 16 16
 4.630000E+02 11 0 0 0 0 0 0 0 0 1 0 0 22 22 9 17 15 14
 4.635000E+02 12 0 0 0 0 0 0 0 0 0 0 0 19 22 13 17 20 14
 4.640000E+02 6 0 0 0 0 0 0 0 0 0 0 0 16 20 16 22 13 15
 4.645000E+02 13 0 0 0 0 0 0 0 0 0 0 0 16 21 16 21 15 15
 4.650000E+02 9 0 0 0 0 0 0 0 0 0 0 0 11 24 20 13 13 17
 4.655000E+02 7 0 0 0 0 0 0 0 0 0 0 0 15 21 12 15 14 16
 4.660000E+02 5 0 0 0 0 0 0 0 0 0 0 0 24 20 14 13 19 15
 4.665000E+02 8 0 0 0 0 0 0 0 0 0 0 0 21 16 19 12 20 14
 4.670000E+02 9 0 0 0 0 0 0 0 0 1 0 0 17 16 21 13 17 18
 4.675000E+02 4 0 0 0 0 0 0 0 0 1 0 0 18 19 18 19 12 21
 4.680000E+02 12 0 0 0 0 0 0 0 0 1 0 0 21 22 15 12 14 21
 4.685000E+02 13 0 0 0 0 0 0 0 0 0 0 0 20 23 15 12 15 20
 4.690000E+02 11 0 0 0 0 0 0 0 0 0 0 0 19 14 16 15 14 27
 4.695000E+02 4 0 0 0 0 0 0 0 0 0 0 0 24 15 20 10 15 22
 4.700000E+02 10 0 0 0 0 0 0 0 0 0 0 0 28 28 13 16 14 17
 4.705000E+02 11 0 0 0 0 0 0 0 0 0 0 0 21 11 19 13 10 21
 4.710000E+02 7 0 0 0 0 0 0 0 0 0 0 0 13 15 27 18 18 20
 4.715000E+02 9 0 0 0 0 0 0 0 0 0 0 0 15 14 24 17 18 16
 4.720000E+02 2 0 0 0 0 0 0 0 0 0 0 0 18 16 23 13 12 17
 4.725000E+02 8 0 0 0 0 0 0 0 0 0 0 0 16 17 19 13 17 20
 4.730000E+02 10 0 0 0 0 0 0 0 0 0 0 0 17 12 15 18 19 18
 4.735000E+02 8 0 0 0 0 0 0 0 0 0 0 0 17 11 21 16 21 22
 4.740000E+02 7 0 0 0 0 0 0 0 0 0 0 0 21 13 18 17 17 19
 4.745000E+02 8 0 0 0 0 0 0 0 0 0 0 0 22 12 21 18 19 18
 4.750000E+02 8 0 0 0 0 0 0 0 0 0 0 0 20 11 15 23 22 16
 4.755000E+02 10 0 0 0 0 0 0 0 0 0 0 0 30 13 17 17 15 15
 4.760000E+02 7 0 0 0 0 0 0 0 0 0 0 0 24 17 15 20 14 15
 4.765000E+02 7 0 0 0 0 0 0 0 0 0 0 0 26 20 19 21 13 15
 4.770000E+02 10 0 0 0 0 0 0 0 0 1 0 0 19 27 15 17 14 14
 4.775000E+02 13 0 0 0 0 0 0 0 0 0 0 0 16 24 12 21 16 19
 4.780000E+02 12 0 0 0 0 0 0 0 0 0 0 0 26 20 15 15 21 15
 4.785000E+02 8 0 0 0 0 0 0 0 0 0 0 0 16 22 22 15 22 18
 4.790000E+02 10 0 0 0 0 0 0 0 0 0 0 0 17 19 22 19 27 14
 4.795000E+02 18 0 0 0 0 0 0 0 0 0 0 0 20 22 24 12 26 13
 4.800000E+02 8 0 0 0 0 0 0 0 0 0 0 0 16 21 20 19 18 12
 4.805000E+02 9 0 0 0 0 0 0 0 0 0 0 0 16 20 23 14 19 14
 4.810000E+02 8 0 0 0 0 0 0 0 0 0 0 0 27 15 12 19 17 20
 4.815000E+02 6 0 0 0 0 0 0 0 0 0 0 0 25 17 12 23 13 23
 4.820000E+02 7 0 0 0 0 0 0 0 0 0 0 0 15 17 17 16 14 27
 4.825000E+02 17 0 0 0 0 0 0 0 0 0 0 0 17 21 15 14 12 23
 4.830000E+02 12 0 0 0 0 0 0 0 0 0 0 0 16 24 20 23 14 15
 4.835000E+02 9 0 0 0 0 0 0 0 0 1 0 0 11 13 23 20 14 21
 4.840000E+02 9 0 0 0 0 0 0 0 0 1 0 0 13 18 24 17 20 23
 4.845000E+02 10 0 0 0 0 0 0 0 0 1 0 0 17 17 21 23 14 16
 4.850000E+02 15 0 0 0 0 0 0 0 0 0 0 0 17 16 20 19 16 20
 4.855000E+02 7 0 0 0 0 0 0 0 0 0 0 0 17 23 21 14 19 22
 4.860000E+02 11 0 0 1 0 0 0 0 0 0 0 0 19 18 26 20 16 17
 4.865000E+02 11 0 0 0 0 0 0 0 0 0 0 0 21 14 14 22 16 20
 4.870000E+02 11 0 0 0 0 0 0 0 0 0 0 0 23 12 10 24 15 19
 4.875000E+02 10 0 0 0 0 0 0 0 0 1 0 0 19 20 14 21 12 23
 4.880000E+02 10 0 0 0 0 0 0 0 0 0 0 0 16 16 17 16 18 27
 4.885000E+02 11 0 0 0 0 0 0 0 0 1 0 0 18 16 21 11 18 25
 4.890000E+02 7 0 0 0 0 0 0 0 0 1 0 0 24 13 27 14 19 23
 4.895000E+02 12 0 0 0 0 0 0 0 0 1 0 0 15 16 28 13 19 22
 4.900000E+02 12 0 0 0 0 0 0 0 0 0 0 0 13 17 17 16 13 27
 4.905000E+02 11 0 0 0 0 0 0 0 0 0 0 0 16 15 14 18 19 23
 4.910000E+02 9 0 0 0 0 0 0 0 0 0 0 0 14 14 16 15 18 25
 4.915000E+02 5 0 0 0 0 0 0 0 0 0 0 0 14 22 16 12 16 23
 4.920000E+02 9 0 0 0 0 0 0 0 0 0 0 0 18 17 23 14 22 21
 4.925000E+02 12 0 0 0 0 0 0 0 0 0 0 0 14 18 24 13 22 14
 4.930000E+02 8 0 0 0 0 0 0 0 0 0 0 0 9 18 27 17 24 16
 4.935000E+02 8 0 0 0 0 0 0 0 0 0 0 0 15 20 23 17 19 16
 4.940000E+02 15 0 0 0 0 0 0 0 0 0 0 0 25 21 15 18 14 15
 4.945000E+02 11 0 0 0 0 0 0 0 0 0 0 0 17 18 15 24 12 22
 4.950000E+02 8 0 0 0 0 0 0 0 0 0 0 0 20 16 21 14 19 12
 4.955000E+02 14 0 0 0 0 0 0 0 0 0 0 0 16 16 22 19 19 16
 4.960000E+02 9 0 0 0 0 0 0 0 0 0 0 0 13 16 17 22 19 18
 4.965000E+02 9 0 0 0 0 0 0 0 0 0 0 0 14 16 22 19 18 19
 4.970000E+02 9 0 0 0 0 0 0 0 0 1 0 0 17 17 18 15 12 16
 4.975000E+02 10 0 0 0 0 0 0 0 0 1 0 0 17 14 22 14 19 22
 4.980000E+02 13 0 0 0 0 0 0 1 0 0 0 0 17 15 23 18 12 18
 4.985000E+02 10 0 0 0 0 0 0 0 0 2 0 0 20 13 19 20 23 20
 4.990000E+02 13 0 0 0 0 0 0 1 0 1 0 0 17 14 15 19 19 16
 4.995000E+02 4 0 0 1 0 0 0 0 0 1 0 0 20 17 17 17 19 20
 5.000000E+02 9 0 0 0 0 0 0 0 0 2 0 0 22 15 19 13 20 20
 5.005000E+02 12 0 0 0 0 0 0 0 0 0 0 0 22 9 17 17 26 18
 5.010000E+02 9 0 0 0 0 0 0 0 0 0 0 0 19 15 17 17 26 21
 5.015000E+02 10 0 0 0 0 0 0 0 0 0 0 0 19 12 19 14 19 10
 5.020000E+02 12 0 0 0 0 0 0 0 0 0 0 0 18 18 16 19 18 17
 5.025000E+02 7 0 0 0 0 0 0 0 0 0 0 0 13 26 19 14 16 19
 5.030000E+02 9 0 0 0 0 0 0 0 0 0 0 0 13 22 20 17 21 15
 5.035000E+02 12 0 0 0 0 0 0 0 0 0 0 0 14 21 21 19 20 13
 5.040000E+02 13 0 0 0 0 0 0 0 0 1 0 0 20 19 20 15 10 21
 5.045000E+02 16 0 0 0 0 0 0 0 0 0 0 0 15 15 21 15 18 24
 5.050000E+02 12 0 0 1 0 0 0 0 0 0 0 0 19 19 20 16 26 18
 5.055000E+02 9 0 0 0 0 0 0 0 0 1 0 0 20 19 12 21 25 18
 5.060000E+02 10 0 0 0 0 0 0 0 0 0 0 0 20 16 17 21 19 19
 5.065000E+02 10 0 0 0 0 0 0 0 0 0 0 0 29 14 17 18 18 18
 5.070000E+02 9 0 0 0 0 0 0 0 0 0 0 0 22 15 17 11 19 20
 5.075000E+02 11 0 0 0 0 0 0 0 0 0 0 0 23 14 22 15 9 17
 5.080000E+02 12 0 0 0 0 0 0 0 0 0 0 0 21 11 24 16 17 19
 5.085000E+02 8 0 0 0 0 0 0 0 0 0 0 0 20 17 21 19 12 11
 5.090000E+02 14 0 0 0 0 0 0 0 0 0 0 0 18 18 20 13 16 14
 5.095000E+02 11 0 0 0 0 0 0 0 0 1 0 0 21 15 20 19 8 20
 5.100000E+02 5 0 0 1 0 0 0 0 0 0 0 0 10 23 23 17 12 21
 5.105000E+02 15 0 0 0 0 0 0 1 0 0 0 0 16 13 20 19 19 19
 5.110000E+02 6 0 0 1 0 0 0 0 0 0 0 0 21 18 22 13 22 13
 5.115000E+02 7 0 0 0 0 0 0 0 0 1 0 0 19 20 23 13 19 16
 5.120000E+02 7 0 0 0 0 0 0 0 0 1 0 0 13 25 14 14 15 23
 5.125000E+02 4 0 0 0 0 0 0 0 0 0 0 0 13 20 22 11 14 19
 5.130000E+02 7 0 0 0 0 0 0 0 0 1 0 0 20 21 11 17 17 17
 5.135000E+02 8 0 0 1 0 0 0 0 0 0 0 0 22 18 16 22 10 15
 5.140000E+02 11 0 0 0 0 0 0 0 0 0 0 0 18 12 18 17 12 12
 5.145000E+02 10 0 0 0 0 0 0 0 0 0 0 0 19 16 27 12 18 14
 5.150000E+02 8 0 0 0 0 0 0 0 0 0 0 0 15 17 28 18 15 14
 5.155000E+02 10 0 0 0 0 0 0 0 0 0 0 0 18 17 23 22 10 12
 5.160000E+02 12 0 0 0 0 0 0 0 0 0 0 0 12 22 26 22 16 9
 5.165000E+02 14 0 0 0 0 0 0 0 0 0 0 0 17 18 23 17 15 12
 5.170000E+02 10 0 0 0 0 0 0 0 0 0 0 0 17 23 16 16 16 19
 5.175000E+02 9 0 0 0 0 0 0 0 0 0 0 0 12 22 20 12 19 16
 5.180000E+02 8 0 0 0 0 0 0 0 0 0 0 0 18 21 13 13 23 14
 5.185000E+02 16 0 0 0 0 0 0 0 0 1 0 0 15 17 13 18 19 16
 5.190000E+02 3 0 0 0 0 0 0 0 0 1 0 0 16 19 18 23 15 19
 5.195000E+02 5 0 0 0 0 0 0 0 0 0 0 0 18 20 21 22 15 9
 5.200000E+02 8 0 0 0 0 0 0 0 0 0 0 0 19 20 18 27 16 11
 5.205000E+02 13 0 0 0 0 0 0 0 0 0 0 0 17 13 25 26 14 13
 5.210000E+02 15 0 0 0 0 0 0 0 0 0 0 0 22 19 15 20 16 17
 5.215000E+02 4 0 0 0 0 0 0 0 0 0 0 0 19 15 10 22 14 20
 5.220000E+02 11 0 0 0 0 0 0 0 0 0 0 0 17 15 15 22 12 19
 5.225000E+02 9 0 0 0 0 0 0 0 0 0 0 0 19 19 18 21 14 17
 5.230000E+02 11 0 0 0 0 0 0 0 0 0 0 0 22 20 17 23 11 21
 5.235000E+02 8 0 0 0 0 0 0 0 0 0 0 0 17 19 22 14 13 13
 5.240000E+02 3 0 0 0 0 0 0 0 0 0 0 0 17 18 20 18 16 19
 5.245000E+02 8 0 0 0 0 0 0 0 0 0 0 0 19 17 21 17 18 21
 5.250000E+02 11 0 0 0 0 0 0 0 0 0 0 0 13 13 22 18 20 18
 5.255000E+02 6 0 0 0 0 0 0 0 0 0 0 0 16 16 22 22 12 15
 5.260000E+02 6 0 0 1 0 0 0 0 0 0 0 0 23 21 22 15 11 12
 5.265000E+02 7 0 0 1 0 0 0 0 0 0 0 0 23 16 23 18 9 16
 5.270000E+02 11 0 0 0 0 0 0 0 0 1 0 0 17 18 25 9 16 19
 5.275000E+02 9 0 0 0 0 0 0 1 0 0 0 0 16 19 16 9 14 18
 5.280000E+02 11 0 0 0 0 0 0 0 0 1 0 0 15 25 13 14 21 17
 5.285000E+02 4 0 0 0 0 0 0 0 0 1 0 0 14 23 17 16 20 11
 5.290000E+02 13 0 0 0 0 0 0 0 0 0 0 0 16 19 20 13 16 14
 5.295000E+02 8 0 0 0 0 0 0 0 0 1 0 0 18 20 15 11 24 13
 5.300000E+02 10 0 0 0 0 0 0 0 0 2 0 0 22 20 17 12 27 14
 5.305000E+02 9 0 0 0 0 0 0 0 0 1 0 0 13 17 20 14 16 16
 5.310000E+02 3 0 0 0 0 0 0 0 0 1 0 0 19 18 20 21 16 21
 5.315000E+02 9 0 0 0 0 0 0 0 0 0 0 0 23 13 18 18 18 19
 5.320000E+02 8 0 0 0 0 0 0 0 0 0 0 0 19 15 10 17 11 20
 5.325000E+02 8 0 0 0 0 0 0 0 0 0 0 0 24 17 18 18 18 14
 5.330000E+02 7 0 0 0 0 0 0 0 0 0 0 0 18 17 14 15 20 8
 5.335000E+02 19 0 0 0 0 0 0 0 0 0 0 0 14 17 18 8 18 19
 5.340000E+02 9 0 0 0 0 0 0 0 0 0 0 0 12 22 18 11 18 15
 5.345000E+02 6 0 0 0 0 0 0 0 0 0 0 0 12 14 22 17 18 24
 5.350000E+02 13 0 0 0 0 0 0 0 0 0 0 0 13 16 19 12 26 21
 5.355000E+02 7 0 0 0 0 0 0 0 0 0 0 0 9 15 23 21 18 16
 5.360000E+02 5 0 0 0 0 0 0 0 0 0 0 0 14 14 13 21 21 12
 5.365000E+02 5 0 0 0 0 0 0 0 0 0 0 0 21 20 17 12 22 13
 5.370000E+02 7 0 0 0 0 0 0 0 0 0 0 0 17 10 22 11 21 19
 5.375000E+02 5 0 0 0 0 0 0 0 0 0 0 0 19 14 16 11 24 17
 5.380000E+02 6 0 0 0 0 0 0 0 0 0 0 0 14 13 17 14 19 13
 5.385000E+02 5 0 0 0 0 0 0 0 0 0 0 0 19 11 16 21 17 16
 5.390000E+02 10 0 0 0 0 0 0 0 0 0 0 0 16 15 22 16 13 14
 5.395000E+02 7 0 0 0 0 0 0 0 0 0 0 0 15 17 19 18 15 13
 5.400000E+02 14 0 0 0 0 0 0 0 0 0 0 0 10 11 25 13 22 18
 5.405000E+02 5 0 0 0 0 0 0 0 0 0 0 0 10 9 20 23 16 15
 5.410000E+02 12 0 0 0 0 0 0 0 0 1 0 0 12 8 19 15 16 20
 5.415000E+02 7 0 0 0 0 0 0 0 0 2 0 0 13 10 17 16 18 23
 5.420000E+02 8 0 0 0 0 0 0 0 0 0 0 0 17 15 9 15 13 23
 5.425000E+02 11 0 0 0 0 0 0 0 0 0 0 0 20 17 9 17 25 20
 5.430000E+02 8 0 0 0 0 0 0 0 0 0 0 0 21 16 12 14 20 22
 5.435000E+02 8 0 0 0 0 0 0 0 0 0 0 0 15 14 15 17 19 14
 5.440000E+02 8 0 0 0 0 0 0 0 0 1 0 0 20 13 18 19 15 17
 5.445000E+02 11 0 0 0 0 0 0 0 0 2 0 0 16 13 18 13 19 13
 5.450000E+02 8 0 0 1 0 0 0 0 0 0 0 0 11 16 19 16 19 13
 5.455000E+02 10 0 0 0 0 0 0 0 0 1 0 0 9 16 18 15 22 17
 5.460000E+02 10 0 0 0 0 0 0 0 0 1 0 0 14 15 16 20 18 17
 5.465000E+02 8 0 0 0 0 0 0 0 0 1 0 0 17 15 15 21 13 19
 5.470000E+02 9 0 0 0 0 0 0 0 0 1 0 0 18 17 20 17 10 21
 5.475000E+02 13 0 0 0 0 0 0 0 0 1 0 0 18 15 19 15 12 19
 5.480000E+02 8 0 0 0 0 0 0 0 0 1 0 0 18 14 21 23 16 12
 5.485000E+02 11 0 0 0 0 0 0 0 0 0 0 0 14 13 19 17 18 13
 5.490000E+02 10 0 0 0 0 0 0 0 0 1 0 0 22 14 24 18 22 7
 5.495000E+02 8 0 0 0 0 0 0 0 0 1 0 0 21 16 24 16 16 10
 5.500000E+02 6 0 0 0 0 0 0 0 0 0 0 0 16 16 27 20 16 7
 5.505000E+02 7 0 0 0 0 0 0 0 0 0 0 0 15 10 27 18 25 16
 5.510000E+02 12 0 0 0 0 0 0 0 0 0 0 0 15 13 22 15 20 14
 5.515000E+02 9 0 0 0 0 0 0 0 0 0 0 0 20 18 18 14 18 18
 5.520000E+02 9 0 0 0 0 0 0 0 0 0 0 0 13 18 22 15 20 13
 5.525000E+02 9 0 0 0 0 0 0 0 0 0 0 0 20 20 23 22 15 15
 5.530000E+02 4 0 0 0 0 0 0 0 0 0 0 0 9 26 18 21 18 13
 5.535000E+02 9 0 0 0 0 0 0 0 0 1 0 0 13 22 16 16 18 17
 5.540000E+02 11 0 0 0 0 0 0 0 0 0 0 0 18 19 15 13 20 16
 5.545000E+02 4 0 0 0 0 0 0 0 0 0 0 0 22 11 11 18 22 16
 5.550000E+02 12 0 0 0 0 0 0 0 0 0 0 0 21 10 14 15 23 16
 5.555000E+02 16 0 0 0 0 0 0 1 0 0 0 0 22 17 18 14 30 20
 5.560000E+02 10 0 0 0 0 0 0 0 0 1 0 0 21 14 11 12 15 14
 5.565000E+02 8 0 0 0 0 0 0 0 0 1 0 0 22 15 15 15 18 16
 5.570000E+02 14 0 0 0 0 0 0 1 0 0 0 0 21 19 15 22 22 15
 5.575000E+02 9 0 0 0 0 0 0 0 0 0 0 0 17 14 12 18 25 25
 5.580000E+02 5 0 0 0 0 0 0 0 0 1 0 0 18 18 11 20 24 16
 5.585000E+02 11 0 0 0 0 0 0 1 0 0 0 0 19 10 21 17 26 12
 5.590000E+02 8 0 0 0 0 0 0 0 0 0 0 0 18 17 18 20 21 17
 5.595000E+02 11 0 0 0 0 0 0 0 0 0 0 0 15 18 13 17 19 18
 5.600000E+02 14 0 0 0 0 0 0 0 0 0 0 0 14 13 13 18 23 23
 5.605000E+02 9 0 0 0 0 0 0 0 0 1 0 0 17 12 23 12 21 20
 5.610000E+02 5 0 0 0 0 0 0 0 0 1 0 0 17 21 16 10 17 15
 5.615000E+02 11 0 0 0 0 0 0 0 0 0 0 0 11 17 17 16 18 12
 5.620000E+02 11 0 0 0 0 0 0 0 0 0 0 0 16 19 20 13 14 14
 5.625000E+02 3 0 0 0 0 0 0 0 0 0 0 0 17 22 24 13 20 11
 5.630000E+02 5 0 0 0 0 0 0 0 0 0 0 0 18 19 20 14 15 16
 5.635000E+02 12 0 0 0 0 0 0 1 0 0 0 0 29 16 21 20 18 11
 5.640000E+02 12 0 0 0 0 0 0 0 0 1 0 0 21 16 12 12 19 18
 5.645000E+02 9 0 0 0 0 0 0 0 0 1 0 0 18 17 12 11 21 16
 5.650000E+02 9 0 0 0 0 0 0 0 0 1 0 0 15 20 14 11 26 13
 5.655000E+02 8 0 0 0 0 0 0 0 0 0 0 0 20 15 13 18 26 14
 5.660000E+02 6 0 0 0 0 0 0 0 0 0 0 0 22 13 13 23 14 23
 5.665000E+02 12 0 0 0 0 0 0 0 0 0 0 0 19 19 16 26 18 19
 5.670000E+02 9 0 0 0 0 0 0 0 0 0 0 0 12 22 15 17 19 18
 5.675000E+02 3 0 0 0 0 0 0 1 0 1 0 0 14 17 24 19 11 15
 5.680000E+02 10 0 0 0 0 0 0 0 0 1 0 0 13 17 20 27 15 18
 5.685000E+02 8 0 0 0 0 0 0 0 0 0 0 0 6 18 20 23 18 15
 5.690000E+02 6 0 0 0 0 0 0 1 0 0 0 0 6 19 16 25 20 21
 5.695000E+02 10 0 0 0 0 0 0 1 0 0 0 0 9 18 13 15 24 17
 5.700000E+02 2 0 0 1 0 0 0 0 0 1 0 0 18 17 20 13 20 14
 5.705000E+02 12 0 0 0 0 0 0 1 0 0 0 0 15 14 15 19 14 13
 5.710000E+02 15 0 0 0 0 0 0 0 0 0 0 0 18 25 11 23 17 10
 5.715000E+02 8 0 0 0 0 0 0 0 0 0 0 0 20 19 14 23 19 14
 5.720000E+02 9 0 0 0 0 0 0 0 0 0 0 0 19 13 16 23 16 16
 5.725000E+02 5 0 0 0 0 0 0 0 0 0 0 0 20 15 15 21 9 15
 5.730000E+02 8 0 0 0 0 0 0 0 0 0 0 0 12 18 12 24 18 13
 5.735000E+02 7 0 0 0 0 0 0 0 0 1 0 0 17 22 11 21 19 14
 5.740000E+02 8 0 0 0 0 0 0 0 0 0 0 0 17 20 12 14 19 11
 5.745000E+02 7 0 0 0 0 0 0 0 0 0 0 0 15 12 17 15 21 19
 5.750000E+02 5 0 0 0 0 0 0 0 0 0 0 0 18 8 15 11 14 26
 5.755000E+02 8 0 0 0 0 0 0 0 0 0 0 0 11 15 18 22 8 23
 5.760000E+02 10 0 0 0 0 0 0 0 0 0 0 0 21 20 18 20 14 15
 5.765000E+02 10 0 0 0 0 0 0 0 0 0 0 0 20 19 19 20 11 13
 5.770000E+02 5 0 0 0 0 0 0 0 0 0 0 0 23 21 19 18 11 14
 5.775000E+02 7 0 0 0 0 0 0 0 0 0 0 0 18 15 19 21 15 13
 5.780000E+02 15 0 0 0 0 0 0 0 0 0 0 0 17 21 17 19 10 12
 5.785000E+02 6 0 0 0 0 0 0 0 0 0 0 0 20 12 18 23 13 21
 5.790000E+02 9 0 0 0 0 0 0 0 0 0 0 0 25 15 15 15 13 12
 5.795000E+02 11 0 0 0 0 0 0 0 0 0 0 0 19 15 10 17 15 12
 5.800000E+02 8 0 0 0 0 0 0 0 0 0 0 0 18 19 17 17 13 14
 5.805000E+02 9 0 0 0 0 0 0 0 0 0 0 0 14 21 22 17 10 14
 5.810000E+02 8 0 0 0 0 0 0 0 0 1 0 0 17 19 15 18 13 18
 5.815000E+02 6 0 0 0 0 0 0 0 0 1 0 0 16 20 19 19 12 19
 5.820000E+02 11 0 0 0 0 0 0 0 0 1 0 0 16 14 20 14 13 17
 5.825000E+02 10 0 0 0 0 0 0 0 0 0 0 0 13 24 13 14 18 17
 5.830000E+02 10 0 0 0 0 0 0 0 0 0 0 0 11 14 12 16 22 20
 5.835000E+02 8 0 0 0 0 0 0 0 0 0 0 0 16 17 17 13 15 19
 5.840000E+02 10 0 0 0 0 0 0 0 0 1 0 0 18 14 24 10 17 18
 5.845000E+02 8 0 0 0 0 0 0 0 0 0 0 0 12 25 18 10 16 14
 5.850000E+02 8 0 0 0 0 0 0 0 0 0 0 0 17 24 21 8 16 19
 5.855000E+02 9 0 0 0 0 0 0 1 0 0 0 0 14 26 18 12 14 16
 5.860000E+02 9 0 0 0 0 0 0 0 0 0 0 0 19 20 21 15 23 11
 5.865000E+02 6 0 0 0 0 0 0 0 0 0 0 0 21 16 18 13 19 19
 5.870000E+02 10 0 0 0 0 0 0 1 0 0 0 0 21 17 15 12 17 21
 5.875000E+02 8 0 0 0 0 0 0 0 0 1 0 0 17 15 19 10 14 22
 5.880000E+02 11 0 0 1 0 0 0 0 0 1 0 0 27 19 15 12 13 22
 5.885000E+02 15 0 0 0 0 0 0 2 0 0 0 0 15 20 18 19 13 19
 5.890000E+02 5 0 0 0 0 0 0 0 0 0 0 0 18 24 18 14 15 19
 5.895000E+02 9 0 0 0 0 0 0 0 0 0 0 0 15 28 14 15 18 17
 5.900000E+02 8 0 0 0 0 0 0 0 0 0 0 0 18 15 19 22 15 17
 5.905000E+02 13 0 0 0 0 0 0 0 0 0 0 0 23 10 20 18 12 20
 5.910000E+02 10 0 0 0 0 0 0 0 0 0 0 0 21 17 22 19 13 16
 5.915000E+02 8 0 0 0 0 0 0 0 0 0 0 0 25 16 22 12 16 12
 5.920000E+02 8 0 0 0 0 0 0 0 0 0 0 0 15 13 23 25 16 16
 5.925000E+02 9 0 0 1 0 0 0 0 0 0 0 0 16 17 23 19 18 14
 5.930000E+02 2 0 0 0 0 0 0 0 0 0 0 0 16 14 20 21 22 21
 5.935000E+02 12 0 0 0 0 0 0 0 0 0 0 0 11 20 17 14 17 24
 5.940000E+02 11 0 0 0 0 0 0 0 0 0 0 0 10 22 9 18 20 18
 5.945000E+02 4 0 0 0 0 0 0 0 0 0 0 0 16 23 8 17 24 17
 5.950000E+02 6 0 0 0 0 0 0 0 0 0 0 0 18 22 13 14 28 19
 5.955000E+02 8 0 0 0 0 0 0 0 0 0 0 0 19 15 12 12 25 17
 5.960000E+02 3 0 0 0 0 0 0 0 0 1 0 0 21 17 19 18 18 14
 5.965000E+02 10 0 0 0 0 0 0 0 0 0 0 0 27 20 16 24 11 13
 5.970000E+02 7 0 0 0 0 0 0 0 0 1 0 0 20 25 13 19 15 14
 5.975000E+02 9 0 0 0 0 0 0 0 0 1 0 0 22 21 17 18 13 15
 5.980000E+02 7 0 0 0 0 0 0 0 0 2 0 0 18 17 17 14 18 17
 5.985000E+02 14 0 0 1 0 0 0 0 0 2 0 0 23 18 20 14 18 13
 5.990000E+02 6 0 0 0 0 0 0 0 0 2 0 0 20 13 14 13 26 12
 5.995000E+02 10 0 0 0 0 0 0 0 0 2 0 0 18 18 13 19 21 9
 6.000000E+02 13 0 0 0 0 0 0 0 0 1 0 0 13 18 19 19 26 8
 6.005000E+02 6 0 0 0 0 1 0 0 0 1 0 0 18 12 22 13 22 16
 6.010000E+02 7 0 0 0 0 0 0 0 0 2 0 0 18 15 24 16 18 21
 6.015000E+02 10 0 0 0 0 0 0 1 0 2 0 0 18 16 23 15 12 15
 6.020000E+02 11 0 0 0 0 0 0 0 0 1 0 0 17 18 32 12 11 15
 6.025000E+02 9 0 0 0 0 0 0 0 0 0 0 0 17 20 24 16 13 20
 6.030000E+02 9 0 0 0 0 0 0 0 0 0 0 0 20 15 23 17 16 13
 6.035000E+02 10 0 0 0 0 0 0 0 0 0 0 0 17 15 24 21 16 15
 6.040000E+02 5 0 0 0 0 0 0 0 0 1 0 0 16 14 11 24 21 20
 6.045000E+02 11 0 0 0 0 0 0 0 0 0 0 0 14 14 13 17 22 23
 6.050000E+02 5 0 0 0 0 0 0 0 0 0 0 0 24 22 16 11 17 10
 6.055000E+02 9 0 0 0 0 0 0 0 0 0 0 0 16 23 18 16 22 17
 6.060000E+02 10 0 0 0 0 0 0 0 0 0 0 0 23 26 14 17 16 14
 6.065000E+02 6 0 0 0 0 0 0 0 0 0 0 0 17 22 17 26 18 14
 6.070000E+02 9 0 0 0 0 0 0 0 0 1 0 0 19 18 18 20 20 12
 6.075000E+02 10 0 0 0 0 0 0 1 0 0 0 0 19 15 21 19 23 15
 6.080000E+02 4 0 0 0 0 0 0 0 0 1 1 0 24 12 19 18 19 19
 6.085000E+02 12 0 0 0 0 0 0 0 0 2 0 0 19 12 20 20 14 22
 6.090000E+02 10 0 0 0 0 0 0 0 0 0 0 0 25 16 14 20 12 19
 6.095000E+02 6 0 0 0 0 0 0 0 0 0 0 0 22 16 20 22 12 22
 6.100000E+02 4 0 0 0 0 0 0 0 0 0 0 0 21 22 25 20 18 16
 6.105000E+02 12 0 0 0 0 0 0 0 0 0 0 0 14 17 19 14 16 18
 6.110000E+02 6 0 0 0 0 0 0 0 0 0 0 0 19 15 24 22 17 15
 6.115000E+02 9 0 0 0 0 0 0 0 0 0 0 0 15 23 22 19 19 13
 6.120000E+02 11 0 0 0 0 0 0 0 0 0 0 0 21 15 17 19 16 16
 6.125000E+02 4 0 0 0 0 0 0 0 0 0 0 0 16 18 19 15 17 14
 6.130000E+02 8 0 0 0 0 0 0 0 0 0 0 0 15 22 18 18 15 12
 6.135000E+02 8 0 0 0 0 0 0 0 0 0 0 0 21 16 23 20 19 9
 6.140000E+02 8 0 0 0 0 0 0 0 0 0 0 0 17 12 27 24 20 8
 6.145000E+02 6 0 0 0 0 0 0 0 0 0 0 0 18 16 23 21 17 14
 6.150000E+02 4 0 0 0 0 0 0 0 0 0 0 0 25 17 20 20 15 17
 6.155000E+02 10 0 0 0 0 0 0 0 0 1 0 0 13 15 15 12 23 20
 6.160000E+02 8 0 0 0 0 0 0 0 0 0 0 0 16 15 19 17 16 19
 6.165000E+02 14 0 0 0 0 0 0 0 0 0 0 0 14 14 17 17 18 15
 6.170000E+02 7 0 0 0 0 0 0 0 0 1 0 0 11 16 21 21 17 15
 6.175000E+02 15 0 0 0 0 0 0 0 0 0 0 0 17 17 24 16 20 17
 6.180000E+02 8 0 0 0 0 0 0 0 0 0 0 0 18 17 20 10 18 16
 6.185000E+02 12 0 0 0 0 0 0 0 0 0 0 0 11 19 16 16 20 17
 6.190000E+02 11 0 0 0 0 0 0 0 0 0 0 0 15 20 13 16 23 15
 6.195000E+02 8 0 0 0 0 0 0 0 0 0 0 0 11 18 17 15 24 16
 6.200000E+02 6 0 0 0 0 0 0 0 0 0 0 0 18 18 15 12 25 14
 6.205000E+02 10 0 0 0 0 0 0 0 0 0 0 0 16 16 24 10 21 14
 6.210000E+02 6 0 0 0 0 0 0 0 0 0 0 0 26 9 19 15 21 18
 6.215000E+02 9 0 0 0 0 0 0 0 0 0 0 0 26 12 16 17 21 17
 6.220000E+02 12 0 0 0 0 0 0 0 0 0 0 0 14 12 12 21 19 13
 6.225000E+02 6 0 0 0 0 0 0 0 0 0 0 0 15 19 15 15 16 16
 6.230000E+02 12 0 0 0 0 0 0 0 0 0 0 0 13 21 17 16 11 16
 6.235000E+02 8 0 0 0 0 0 0 0 0 0 0 0 17 21 19 21 9 17
 6.240000E+02 8 0 0 0 0 0 0 0 0 0 0 0 19 19 16 16 13 15
 6.245000E+02 8 0 0 0 0 0 0 0 0 0 0 0 17 23 16 14 18 18
 6.250000E+02 2 0 0 0 0 0 0 0 0 0 0 0 16 18 17 18 18 18
 6.255000E+02 10 0 0 0 0 0 0 0 0 0 0 0 20 12 18 18 11 17
 6.260000E+02 3 0 0 0 0 0 0 0 0 0 0 0 15 16 21 17 22 13
 6.265000E+02 11 0 0 0 0 0 0 0 0 0 0 0 14 14 18 20 16 21
 6.270000E+02 7 0 0 0 0 0 0 0 0 0 0 0 14 15 19 17 18 20
 6.275000E+02 10 0 0 0 0 0 0 0 0 0 0 0 10 13 15 18 11 25
 6.280000E+02 11 0 0 0 0 0 0 0 0 1 0 0 14 17 15 16 12 20
 6.285000E+02 5 0 0 0 0 0 0 1 0 0 0 0 13 16 20 19 18 25
 6.290000E+02 10 0 0 1 0 0 0 0 0 0 0 0 16 17 17 18 17 21
 6.295000E+02 8 0 0 0 0 0 0 0 0 0 0 0 16 15 13 20 13 19
 6.300000E+02 12 0 0 0 0 0 0 0 0 0 0 0 18 14 17 18 10 25
 6.305000E+02 5 0 0 0 0 0 0 0 0 0 0 0 14 15 19 20 13 21
 6.310000E+02 9 0 0 0 0 0 0 0 0 0 0 0 16 26 18 13 13 18
 6.315000E+02 9 0 0 0 0 0 0 0 0 0 0 0 18 27 20 12 8 13
 6.320000E+02 8 0 0 0 0 0 0 0 0 0 0 0 16 14 19 20 15 12
 6.325000E+02 9 0 0 0 0 0 0 0 0 0 0 0 22 15 15 19 17 8
 6.330000E+02 10 0 0 0 0 0 0 0 0 0 0 0 21 14 16 22 17 17
 6.335000E+02 6 0 0 0 0 0 0 0 0 0 0 0 18 13 16 22 12 17
 6.340000E+02 9 0 0 0 0 0 0 0 0 0 0 0 22 10 13 22 19 19
 6.345000E+02 9 0 0 0 0 0 0 1 0 0 0 0 20 11 10 21 14 15
 6.350000E+02 6 0 0 0 0 0 0 0 0 1 0 0 17 13 10 25 19 14
 6.355000E+02 8 0 0 0 0 0 0 0 0 1 0 0 20 13 19 21 22 15
 6.360000E+02 11 0 0 0 0 0 0 0 0 1 0 0 16 14 18 21 16 18
 6.365000E+02 8 0 0 0 0 0 0 0 0 1 0 0 18 13 15 14 19 14
 6.370000E+02 8 1 0 1 0 0 0 0 0 0 0 0 21 10 12 15 24 25
 6.375000E+02 8 0 0 0 0 0 0 0 0 1 0 0 20 19 15 14 24 26
 6.380000E+02 7 0 0 0 0 0 0 0 0 1 0 0 18 17 16 12 22 24
 6.385000E+02 7 0 0 0 0 0 0 0 0 0 0 0 13 14 18 13 23 22
 6.390000E+02 7 0 0 0 0 0 0 0 0 0 0 0 13 17 19 11 24 21
 6.395000E+02 9 0 0 0 0 0 0 0 0 1 0 0 22 12 17 19 25 21
 6.400000E+02 11 0 0 0 0 0 0 0 0 1 0 0 16 19 17 22 17 21
 6.405000E+02 17 0 0 0 0 0 0 0 0 0 0 0 12 18 21 27 17 13
 6.410000E+02 14 0 0 0 0 0 0 0 0 0 0 0 17 18 23 16 20 18
 6.415000E+02 9 0 0 0 0 0 0 0 0 0 0 0 13 18 26 16 21 14
 6.420000E+02 4 0 0 0 0 0 0 0 0 1 0 0 19 14 24 15 13 21
 6.425000E+02 7 0 0 0 0 0 0 0 0 1 0 0 21 10 16 14 23 22
 6.430000E+02 8 0 0 0 0 0 0 0 0 0 0 0 23 19 13 10 21 23
 6.435000E+02 11 0 0 0 0 0 0 0 0 0 0 0 27 23 14 7 16 21
 6.440000E+02 10 0 0 0 0 0 0 0 0 0 0 0 12 17 20 11 16 14
 6.445000E+02 7 0 0 0 0 0 0 0 0 0 0 0 12 22 20 17 14 18
 6.450000E+02 13 0 0 0 0 0 0 0 0 0 0 0 16 18 20 24 15 17
 6.455000E+02 6 0 0 0 0 0 0 0 0 0 0 0 17 20 16 22 16 21
 6.460000E+02 8 0 0 0 0 0 0 0 0 0 0 0 19 22 18 16 20 22
 6.465000E+02 7 0 0 1 0 0 0 0 0 0 0 0 12 25 24 19 13 18
 6.470000E+02 8 0 0 0 0 0 0 0 0 0 0 0 11 29 23 21 14 9
 6.475000E+02 7 0 0 0 0 0 0 0 0 0 0 0 12 32 23 20 17 10
 6.480000E+02 11 0 0 0 0 0 0 0 0 0 0 0 17 24 23 14 17 13
 6.485000E+02 8 0 0 0 0 0 0 0 0 0 0 0 15 19 23 13 15 16
 6.490000E+02 8 0 0 0 0 0 0 0 0 0 0 0 17 21 23 9 16 18
 6.495000E+02 7 0 0 0 0 0 0 0 0 0 0 0 20 12 15 22 18 15
 6.500000E+02 9 0 0 0 0 0 0 0 0 0 0 0 13 15 17 23 20 18
 6.505000E+02 6 0 0 0 0 0 0 0 0 0 0 0 15 12 15 26 17 15
 6.510000E+02 8 0 0 0 0 0 0 0 0 1 0 0 10 11 14 30 20 18
 6.515000E+02 13 0 0 0 0 0 0 0 0 0 0 0 17 15 15 26 12 13
 6.520000E+02 10 0 0 0 0 0 0 0 0 0 0 0 16 22 16 21 12 20
 6.525000E+02 10 0 0 0 0 0 0 0 0 0 0 0 18 14 14 17 20 16
 6.530000E+02 2 0 0 0 0 0 0 0 0 0 0 0 21 17 14 21 20 19
 6.535000E+02 5 0 0 0 0 0 0 0 0 0 0 0 22 12 20 21 22 16
 6.540000E+02 6 0 0 0 0 0 0 0 0 0 0 0 22 15 16 19 24 16
 6.545000E+02 2 0 0 0 0 0 0 0 0 0 0 0 15 14 17 17 20 15
 6.550000E+02 11 0 0 0 0 0 0 1 0 0 0 0 17 19 21 13 21 13
 6.555000E+02 9 0 0 0 0 0 0 0 0 1 0 0 19 14 23 12 24 16
 6.560000E+02 12 0 0 1 0 0 0 0 0 0 0 0 17 16 16 20 15 20
 6.565000E+02 8 0 0 0 0 0 0 0 0 2 0 0 12 14 16 21 14 17
 6.570000E+02 11 0 0 0 0 0 0 0 0 1 0 0 15 14 25 21 14 19
 6.575000E+02 6 0 0 0 0 0 0 0 0 0 0 0 18 15 19 27 12 22
 6.580000E+02 11 0 0 0 0 0 0 0 0 1 0 0 17 11 28 18 16 21
 6.585000E+02 10 0 0 0 0 0 0 0 0 1 0 0 14 19 19 15 13 19
 6.590000E+02 8 0 0 0 0 0 0 0 0 1 0 0 20 22 8 22 18 15
 6.595000E+02 10 0 0 0 0 0 0 0 0 1 0 0 18 20 14 15 16 18
 6.600000E+02 10 0 0 0 0 0 0 0 0 0 0 0 13 22 17 17 14 25
 6.605000E+02 14 0 0 0 0 0 0 0 0 0 0 0 16 32 15 21 13 18
 6.610000E+02 9 0 0 0 0 0 0 0 0 0 0 0 19 24 12 22 19 19
 6.615000E+02 6 0 0 0 0 0 0 0 0 0 0 0 19 23 15 16 17 18
 6.620000E+02 8 0 0 0 0 0 0 0 0 0 0 0 14 22 18 18 15 15
 6.625000E+02 11 0 0 0 0 0 0 0 0 0 0 0 17 18 19 14 23 15
 6.630000E+02 14 0 0 0 0 0 0 0 0 0 0 0 16 18 18 17 22 11
 6.635000E+02 11 0 0 0 0 0 0 0 0 0 0 0 12 19 18 17 20 16
 6.640000E+02 10 0 0 0 0 0 0 0 0 0 0 0 14 15 20 13 22 26
 6.645000E+02 11 0 0 0 0 0 0 0 0 0 0 0 8 23 21 16 18 18
 6.650000E+02 10 0 0 0 0 0 0 0 0 0 0 0 10 19 17 17 14 19
 6.655000E+02 9 0 0 0 0 0 0 0 0 0 0 0 15 15 19 16 14 20
 6.660000E+02 13 0 0 0 0 0 0 0 0 0 0 0 18 18 16 16 17 22
 6.665000E+02 10 0 0 0 0 0 0 0 0 1 0 0 24 14 19 16 17 21
 6.670000E+02 4 0 0 0 0 0 0 0 0 1 0 0 17 20 21 20 15 18
 6.675000E+02 8 0 0 0 0 0 0 0 0 2 0 0 14 13 18 17 11 18
 6.680000E+02 10 0 0 0 0 0 0 0 0 1 0 0 15 11 19 15 15 21
 6.685000E+02 11 0 0 0 0 0 0 1 0 0 0 0 14 19 15 13 17 12
 6.690000E+02 13 0 0 1 0 0 0 0 0 0 0 0 17 19 18 15 18 17
 6.695000E+02 11 0 0 0 0 0 0 0 0 0 0 0 18 21 18 19 14 16
 6.700000E+02 5 0 0 0 0 0 0 0 0 0 0 0 20 19 15 16 16 13
 6.705000E+02 3 0 0 0 0 0 0 0 0 0 0 0 19 22 19 15 8 14
 6.710000E+02 11 0 0 0 0 0 0 0 0 0 0 0 12 20 19 18 20 17
 6.715000E+02 9 0 0 0 0 0 0 0 0 0 0 0 17 19 8 17 27 18
 6.720000E+02 3 0 0 0 0 0 0 0 0 0 0 0 18 20 16 12 20 17
 6.725000E+02 12 0 0 0 0 0 0 0 0 0 0 0 14 16 20 18 17 12
 6.730000E+02 8 0 0 0 0 0 0 0 0 0 0 0 17 20 23 21 16 19
 6.735000E+02 13 0 0 0 0 0 0 0 0 0 0 0 11 18 20 12 17 24
 6.740000E+02 7 0 0 0 0 0 0 0 0 0 0 0 16 14 21 16 17 18
 6.745000E+02 9 0 0 0 0 0 0 0 0 0 0 0 13 18 18 18 14 17
 6.750000E+02 12 0 0 0 0 0 0 0 0 0 0 0 15 14 23 17 15 22
 6.755000E+02 11 0 0 0 0 0 0 0 0 0 0 0 9 14 21 14 14 29
 6.760000E+02 11 0 0 0 0 0 0 0 0 0 0 0 17 11 20 20 15 16
 6.765000E+02 11 0 0 0 0 0 0 0 0 0 0 0 15 17 16 22 13 22
 6.770000E+02 10 0 0 0 0 0 0 0 0 0 0 0 17 13 16 19 11 21
 6.775000E+02 12 0 0 0 0 0 0 0 0 0 0 0 11 11 14 24 16 26
 6.780000E+02 7 0 0 0 0 0 0 0 0 0 0 0 7 17 18 20 11 31
 6.785000E+02 9 0 0 0 0 0 0 0 0 0 0 0 11 22 10 29 12 25
 6.790000E+02 11 0 0 0 0 0 0 0 0 0 0 0 12 22 15 16 13 21
 6.795000E+02 6 0 0 0 0 0 0 0 0 0 0 0 12 19 11 19 18 14
 6.800000E+02 11 0 0 0 0 0 0 0 0 1 0 0 18 17 16 26 14 15
 6.805000E+02 6 0 0 0 0 0 0 0 0 0 0 0 18 20 17 17 17 24
 6.810000E+02 13 0 0 0 0 0 0 0 0 0 0 0 16 26 17 19 12 22
 6.815000E+02 5 0 0 0 0 0 0 0 0 0 0 0 20 21 16 23 16 15
 6.820000E+02 10 0 0 0 0 0 0 0 0 1 0 0 13 24 14 23 17 14
 6.825000E+02 10 0 0 0 0 0 0 0 0 1 0 0 18 17 10 24 17 23
 6.830000E+02 9 0 0 0 0 0 0 0 0 1 0 0 19 17 17 18 16 22
 6.835000E+02 12 0 0 0 0 0 0 0 0 1 0 0 17 21 22 15 21 14
 6.840000E+02 8 0 0 0 0 0 0 0 0 0 0 0 19 23 19 15 22 13
 6.845000E+02 7 0 0 0 0 0 0 0 0 0 0 0 16 22 23 13 16 16
 6.850000E+02 5 0 0 0 0 0 0 0 0 0 0 0 15 15 18 15 25 20
 6.855000E+02 10 0 0 0 0 0 0 0 0 0 0 0 21 18 23 12 22 14
 6.860000E+02 8 0 0 0 0 0 0 0 0 0 0 0 18 18 18 13 19 16
 6.865000E+02 5 0 0 0 0 0 0 0 0 0 0 0 21 18 20 15 17 15
 6.870000E+02 9 0 0 0 0 0 0 0 0 0 0 0 20 25 17 18 16 19
 6.875000E+02 8 0 0 0 0 0 0 0 0 0 0 0 13 21 11 21 13 22
 6.880000E+02 5 0 0 0 0 0 0 0 0 0 0 0 18 16 11 23 15 18
 6.885000E+02 6 0 0 0 0 0 0 0 0 0 0 0 17 16 12 18 22 16
 6.890000E+02 9 0 0 0 0 0 0 0 0 0 0 0 17 16 13 13 28 21
 6.895000E+02 12 0 0 0 0 0 0 0 0 0 0 0 17 17 13 12 25 26
 6.900000E+02 8 0 0 0 0 0 0 0 0 0 0 0 19 15 9 19 20 27
 6.905000E+02 8 0 0 0 0 0 0 0 0 0 0 0 14 8 13 18 22 23
 6.910000E+02 10 0 0 0 0 0 0 0 0 0 0 0 20 7 17 17 15 23
 6.915000E+02 9 0 0 0 0 0 0 0 0 0 0 0 21 14 18 19 10 21
 6.920000E+02 9 0 0 0 0 0 0 0 0 0 0 0 15 15 14 14 15 22
 6.925000E+02 10 0 0 0 0 0 0 0 0 0 0 0 17 16 15 18 19 18
 6.930000E+02 11 0 0 0 0 0 0 1 0 0 0 0 14 17 23 18 16 18
 6.935000E+02 7 0 0 0 0 0 0 0 0 1 0 0 9 19 23 16 22 19
 6.940000E+02 3 0 0 0 0 0 0 0 0 0 0 0 16 13 23 21 16 24
 6.945000E+02 8 0 0 0 0 0 0 0 0 0 0 0 18 13 15 24 25 15
 6.950000E+02 8 0 0 0 0 0 0 0 0 0 0 0 20 14 14 20 26 16
 6.955000E+02 11 0 0 0 0 0 0 1 0 0 0 0 24 15 17 27 18 16
 6.960000E+02 6 0 0 0 0 0 0 0 0 0 0 0 21 10 10 28 15 16
 6.965000E+02 4 0 0 0 0 0 0 0 0 0 0 0 16 15 15 30 15 17
 6.970000E+02 9 0 0 0 0 0 0 0 0 0 0 0 12 14 16 26 21 20
 6.975000E+02 10 0 0 0 0 0 0 0 0 0 0 0 11 14 20 18 18 20
 6.980000E+02 10 0 0 0 0 0 0 0 0 0 0 0 16 23 14 10 13 17
 6.985000E+02 10 0 0 0 0 0 0 0 0 1 0 0 18 22 16 13 20 14
 6.990000E+02 8 0 0 0 0 0 0 0 0 1 0 0 24 14 15 11 14 19
 6.995000E+02 6 0 0 0 0 0 0 1 0 0 0 0 19 17 23 14 13 16
 7.000000E+02 12 0 0 0 0 0 0 0 0 0 0 0 18 14 23 16 17 17
