# time 'Ca' 'D34:75:137_PP2ACa' 'D34:75:137_PP2APCa' 'D34:75_PP2ACa' 'D34:75_PP2APCa' 'D75:137_PP2ACa' 'D75:137_PP2APCa' 'D75_PP2ACa' 'D75_PP2APCa' 'PP2ACa' 'PP2ACa_PKA' 'PP2APCa' 'PP2BinactiveCa2_1' 'PP2BinactiveCa2_2' 'PP2BinactiveCa2_3' 'PP2BinactiveCa2_4' 'PP2BinactiveCa2_5' 'PP2BinactiveCa2_6'
 0.000000E+00 0 0 0 0 0 0 0 0 0 0 0 0 0 0 0 0 0 0
 5.000000E-01 0 0 0 0 0 0 0 0 0 0 0 0 1 0 0 2 0 0
 1.000000E+00 4 0 0 0 0 0 0 0 0 1 0 0 1 0 0 2 1 0
 1.500000E+00 3 0 0 0 0 0 0 0 0 1 0 0 1 1 0 0 5 0
 2.000000E+00 5 0 0 0 0 0 0 0 0 0 0 0 1 3 1 0 3 3
 2.500000E+00 2 0 0 0 0 0 0 0 0 0 0 0 2 1 4 0 2 5
 3.000000E+00 2 0 0 0 0 0 0 0 0 0 0 0 4 2 5 2 1 4
 3.500000E+00 5 0 0 0 0 0 0 0 0 0 0 0 1 3 6 4 4 3
 4.000000E+00 4 0 0 0 0 0 0 0 0 0 0 0 2 3 4 6 4 4
 4.500000E+00 1 0 0 0 0 0 0 0 0 0 0 0 6 2 6 4 4 4
 5.000000E+00 1 0 0 0 0 0 0 0 0 0 0 0 7 3 3 6 5 10
 5.500000E+00 4 0 0 0 0 0 0 0 0 0 0 0 4 6 2 7 4 9
 6.000000E+00 3 0 0 0 0 0 0 0 0 1 0 0 4 6 3 10 5 7
 6.500000E+00 7 0 0 0 0 0 0 1 0 0 0 0 5 6 5 7 7 5
 7.000000E+00 4 0 0 0 0 0 0 0 0 0 0 0 6 5 6 6 9 9
 7.500000E+00 9 0 0 0 0 0 0 0 0 0 0 0 5 7 5 5 9 10
 8.000000E+00 3 0 0 0 0 0 0 0 0 0 0 0 4 9 8 6 9 7
 8.500000E+00 3 0 0 0 0 0 0 0 0 0 0 0 8 9 9 5 4 7
 9.000000E+00 3 0 0 0 0 0 0 0 0 0 0 0 4 5 15 9 2 6
 9.500000E+00 1 0 0 0 0 0 0 0 0 0 0 0 5 7 11 10 9 8
 1.000000E+01 3 0 0 0 0 0 0 0 0 1 0 0 7 4 9 16 6 8
 1.050000E+01 5 0 0 0 0 0 0 1 0 0 0 0 9 5 9 11 9 8
 1.100000E+01 4 0 0 0 0 0 0 1 0 0 0 0 11 7 12 11 5 6
 1.150000E+01 3 0 0 0 0 0 0 1 0 0 0 0 5 11 18 8 5 7
 1.200000E+01 8 0 0 0 0 0 0 0 0 0 0 0 7 8 13 9 10 7
 1.250000E+01 4 0 0 0 0 0 0 0 0 0 0 0 11 11 14 10 10 5
 1.300000E+01 3 0 0 0 0 0 0 0 0 1 0 0 9 8 15 11 11 8
 1.350000E+01 4 0 0 0 0 0 0 0 0 1 0 0 13 7 15 11 8 8
 1.400000E+01 5 0 0 0 0 0 0 0 0 1 0 0 10 9 15 8 9 8
 1.450000E+01 6 0 0 0 0 0 0 0 0 0 0 0 10 14 15 6 8 9
 1.500000E+01 7 0 0 0 0 0 0 0 0 0 0 0 8 12 12 6 10 11
 1.550000E+01 6 0 0 0 0 0 0 1 0 0 0 0 7 12 13 9 11 10
 1.600000E+01 5 0 0 0 0 0 0 1 0 0 0 0 5 11 11 12 11 11
 1.650000E+01 10 0 0 0 0 0 0 0 0 1 0 0 11 12 12 14 10 12
 1.700000E+01 4 0 0 0 0 0 0 0 0 1 0 0 11 7 13 13 13 7
 1.750000E+01 10 0 0 0 0 0 0 0 0 1 0 0 11 13 19 12 17 6
 1.800000E+01 6 0 0 0 0 0 0 0 0 1 0 0 7 15 17 8 18 10
 1.850000E+01 7 0 0 0 0 0 0 0 0 1 0 0 6 12 18 11 17 13
 1.900000E+01 4 0 0 0 0 0 0 0 0 0 0 0 6 15 16 12 20 16
 1.950000E+01 6 0 0 0 0 0 0 0 0 0 0 0 9 20 9 11 15 20
 2.000000E+01 9 0 0 0 0 0 0 0 0 0 0 0 12 15 15 11 12 18
 2.050000E+01 7 0 0 0 0 0 0 0 0 0 0 0 9 16 16 13 14 14
 2.100000E+01 12 0 0 0 0 0 0 0 0 0 0 0 8 10 18 19 13 16
 2.150000E+01 8 0 0 0 0 0 0 0 0 0 0 0 9 12 18 14 10 15
 2.200000E+01 7 0 0 0 0 0 0 0 0 0 0 0 10 11 17 11 18 17
 2.250000E+01 7 0 0 0 0 0 0 0 0 0 0 0 7 15 11 9 17 24
 2.300000E+01 5 0 0 0 0 0 0 0 0 0 0 0 8 22 16 6 12 18
 2.350000E+01 5 0 0 0 0 0 0 0 0 0 0 0 12 21 14 7 10 24
 2.400000E+01 5 0 0 0 0 0 0 0 0 0 0 0 9 18 17 12 14 24
 2.450000E+01 6 0 0 0 0 0 0 0 0 0 0 0 13 15 15 9 7 25
 2.500000E+01 5 0 0 0 0 0 0 0 0 0 0 0 15 19 18 9 9 24
 2.550000E+01 7 0 0 0 0 0 0 0 0 0 0 0 14 16 13 9 15 23
 2.600000E+01 6 0 0 0 0 0 0 0 0 0 0 0 15 16 16 10 21 18
 2.650000E+01 14 0 0 0 0 0 0 0 0 1 0 0 18 16 10 9 24 16
 2.700000E+01 8 0 0 0 0 0 0 0 0 1 0 0 17 19 11 8 21 19
 2.750000E+01 6 0 0 0 0 0 0 0 0 1 0 0 18 13 16 8 17 20
 2.800000E+01 7 0 0 0 0 0 0 0 0 1 0 0 11 14 23 9 12 19
 2.850000E+01 8 0 0 0 0 0 0 0 0 0 0 0 13 20 17 11 15 19
 2.900000E+01 11 0 0 0 0 0 0 0 0 0 0 0 10 23 13 13 16 14
 2.950000E+01 5 0 0 0 0 0 0 0 0 0 0 0 15 20 15 17 17 18
 3.000000E+01 5 0 0 0 0 0 0 0 0 0 0 0 14 14 15 21 17 18
 3.050000E+01 5 0 0 0 0 0 0 0 0 0 0 0 12 18 17 14 19 10
 3.100000E+01 8 0 0 0 0 0 0 0 0 0 0 0 11 14 21 16 19 10
 3.150000E+01 7 0 0 0 0 0 0 0 0 0 0 0 19 12 23 12 15 13
 3.200000E+01 7 0 0 0 0 0 0 0 0 0 0 0 14 12 21 13 12 16
 3.250000E+01 6 0 0 0 0 0 0 0 0 0 0 0 15 14 16 10 15 12
 3.300000E+01 10 0 0 0 0 0 0 0 0 0 0 0 12 12 19 15 13 20
 3.350000E+01 9 0 0 0 0 0 0 0 0 1 0 0 13 9 17 18 11 21
 3.400000E+01 6 0 0 0 0 0 0 0 0 1 0 0 17 11 24 20 9 14
 3.450000E+01 7 0 0 0 0 0 0 1 0 0 0 0 23 11 13 17 18 17
 3.500000E+01 12 0 0 0 0 0 0 0 0 0 0 0 21 10 17 19 16 15
 3.550000E+01 6 0 0 0 0 0 0 0 0 0 0 0 18 15 14 20 23 11
 3.600000E+01 9 0 0 0 0 0 0 0 0 0 0 0 16 17 17 21 17 10
 3.650000E+01 8 0 0 0 0 0 0 0 0 0 0 0 15 17 18 13 26 14
 3.700000E+01 8 0 0 0 0 0 0 0 0 0 0 0 15 13 19 17 21 15
 3.750000E+01 6 0 0 0 0 0 0 1 0 0 0 0 16 16 17 21 18 11
 3.800000E+01 9 0 0 0 0 0 0 0 0 0 0 0 15 17 18 20 17 20
 3.850000E+01 9 0 0 0 0 0 0 0 0 0 0 0 18 19 12 15 17 15
 3.900000E+01 9 0 0 0 0 0 0 0 0 0 0 0 14 11 13 15 17 15
 3.950000E+01 10 0 0 0 0 0 0 0 0 0 0 0 19 16 14 12 16 11
 4.000000E+01 7 0 0 0 0 0 0 0 0 0 0 0 18 20 13 13 16 16
 4.050000E+01 7 0 0 0 0 0 0 0 0 0 0 0 15 20 13 11 12 19
 4.100000E+01 9 0 0 0 0 0 0 0 0 0 0 0 17 19 14 15 9 12
 4.150000E+01 9 0 0 0 0 0 0 0 0 0 0 0 17 9 15 27 10 12
 4.200000E+01 4 0 0 0 0 0 0 0 0 1 0 0 17 12 13 19 12 19
 4.250000E+01 9 0 0 0 0 0 0 0 0 0 0 0 15 17 17 16 20 15
 4.300000E+01 6 0 0 0 0 0 0 0 0 0 0 0 15 15 21 21 17 17
 4.350000E+01 10 0 0 0 0 0 0 0 0 0 0 0 11 13 23 18 14 17
 4.400000E+01 13 0 0 0 0 0 0 0 0 0 0 0 12 16 17 15 23 19
 4.450000E+01 8 0 0 0 0 0 0 0 0 0 0 0 14 17 19 20 12 19
 4.500000E+01 12 0 0 0 0 0 0 0 0 0 0 0 19 22 17 15 6 17
 4.550000E+01 8 0 0 0 0 0 0 0 0 0 0 0 14 13 20 12 12 23
 4.600000E+01 11 0 0 0 0 0 0 0 0 0 0 0 11 19 20 15 16 19
 4.650000E+01 6 0 0 0 0 0 0 0 0 0 0 0 12 19 24 9 13 18
 4.700000E+01 6 0 0 0 0 0 0 0 0 1 0 0 19 15 18 11 18 19
 4.750000E+01 6 0 0 0 0 0 0 0 0 0 0 0 17 13 21 15 18 17
 4.800000E+01 8 0 0 0 0 0 0 1 0 0 0 0 15 12 15 20 18 12
 4.850000E+01 7 0 0 0 0 0 0 0 0 0 0 0 20 13 15 21 16 15
 4.900000E+01 9 0 0 0 0 0 0 0 0 0 0 0 28 12 15 14 17 16
 4.950000E+01 6 0 0 0 0 0 0 0 0 0 0 0 21 18 14 8 17 13
 5.000000E+01 14 0 0 0 0 0 0 0 0 0 0 0 21 16 17 19 13 16
 5.050000E+01 6 0 0 0 0 0 0 1 0 0 0 0 23 18 20 18 13 14
 5.100000E+01 7 0 0 0 0 0 0 0 0 1 0 0 27 16 16 17 17 11
 5.150000E+01 8 0 0 0 0 0 0 1 0 0 0 0 22 20 16 17 16 11
 5.200000E+01 7 0 0 0 0 0 0 0 0 0 0 0 24 16 13 10 20 15
 5.250000E+01 14 0 0 0 0 0 0 0 0 0 0 0 17 16 20 14 24 17
 5.300000E+01 9 0 0 0 0 0 0 0 0 0 0 0 13 16 21 16 21 16
 5.350000E+01 10 0 0 0 0 0 0 0 0 0 0 0 13 20 18 17 19 16
 5.400000E+01 12 0 0 0 0 0 0 0 0 0 0 0 13 14 16 19 17 21
 5.450000E+01 9 0 0 0 0 0 0 0 0 1 0 0 16 13 19 18 15 17
 5.500000E+01 2 0 0 0 0 0 0 0 0 1 0 0 15 14 23 22 10 14
 5.550000E+01 9 0 0 0 0 0 0 0 0 1 0 0 14 17 18 19 15 13
 5.600000E+01 11 0 0 0 0 0 0 1 0 0 0 0 10 12 15 18 23 15
 5.650000E+01 5 0 0 0 0 0 0 0 0 0 0 0 14 13 21 17 21 10
 5.700000E+01 11 0 0 0 0 0 0 0 0 0 0 0 17 14 21 16 21 17
 5.750000E+01 8 0 0 0 0 0 0 0 0 0 0 0 17 10 17 16 20 21
 5.800000E+01 4 0 0 0 0 0 0 0 0 1 0 0 21 10 16 16 24 17
 5.850000E+01 4 0 0 0 0 0 0 0 0 0 0 0 22 11 22 15 14 15
 5.900000E+01 14 0 0 0 0 0 0 0 0 0 0 0 15 15 19 18 17 12
 5.950000E+01 3 0 0 0 0 0 0 0 0 0 0 0 23 18 23 18 19 17
 6.000000E+01 12 0 0 0 0 0 0 0 0 0 0 0 19 17 16 19 18 25
 6.050000E+01 6 0 0 0 0 0 0 0 0 0 0 0 11 10 15 22 13 26
 6.100000E+01 7 0 0 0 0 0 0 0 0 0 0 0 15 8 22 20 17 28
 6.150000E+01 7 0 0 0 0 0 0 1 0 1 0 0 12 13 24 19 20 16
 6.200000E+01 14 0 0 0 0 0 0 0 0 2 0 0 17 10 25 16 18 16
 6.250000E+01 6 0 0 0 0 0 0 0 0 2 0 0 15 16 20 14 19 19
 6.300000E+01 9 0 0 0 0 0 0 0 0 1 0 0 17 11 13 19 20 20
 6.350000E+01 10 0 0 0 0 0 0 0 0 1 0 0 23 16 15 14 13 20
 6.400000E+01 15 0 0 0 0 0 0 0 0 0 0 0 17 16 23 20 15 21
 6.450000E+01 5 0 0 0 0 0 0 1 0 0 0 0 23 13 23 18 14 16
 6.500000E+01 7 0 0 0 0 0 0 1 0 0 0 0 23 13 23 16 9 23
 6.550000E+01 7 0 0 0 0 0 0 0 0 1 0 0 20 18 26 13 13 24
 6.600000E+01 10 0 0 0 0 0 0 1 0 0 0 0 22 16 22 10 14 18
 6.650000E+01 14 0 0 0 0 0 0 1 0 0 0 0 27 14 16 15 11 24
 6.700000E+01 10 0 0 0 0 0 0 2 0 0 0 0 21 15 8 16 17 18
 6.750000E+01 8 0 0 0 0 0 0 1 0 1 0 0 16 22 17 14 15 23
 6.800000E+01 15 0 0 0 0 0 0 0 0 1 0 0 17 20 14 22 15 15
 6.850000E+01 9 0 0 0 0 0 0 0 0 0 0 0 12 21 9 20 11 20
 6.900000E+01 14 0 0 0 0 0 0 0 0 0 0 0 18 23 13 19 20 22
 6.950000E+01 4 0 0 0 0 0 0 0 0 0 0 0 18 19 19 19 20 15
 7.000000E+01 15 0 0 0 0 0 0 0 0 0 0 0 18 16 15 14 22 21
 7.050000E+01 7 0 0 0 0 0 0 0 0 0 0 0 14 17 17 14 23 23
 7.100000E+01 6 0 0 0 0 0 0 0 0 1 0 0 20 17 20 15 17 23
 7.150000E+01 5 0 0 0 0 0 0 0 0 0 0 0 25 17 16 10 16 20
 7.200000E+01 8 0 0 0 0 0 0 0 0 1 0 0 22 17 19 12 24 17
 7.250000E+01 7 0 0 0 0 0 0 0 0 1 0 0 21 21 20 12 17 20
 7.300000E+01 9 0 0 0 0 0 0 0 0 0 0 0 18 18 17 18 15 13
 7.350000E+01 4 0 0 0 0 0 0 0 0 0 0 0 21 19 10 23 14 18
 7.400000E+01 8 0 0 0 0 0 0 0 0 0 0 0 21 14 13 23 18 16
 7.450000E+01 15 0 0 0 0 0 0 0 0 0 0 0 23 14 20 16 11 19
 7.500000E+01 8 0 0 0 0 0 0 0 0 1 0 0 17 11 17 23 9 20
 7.550000E+01 12 0 0 0 0 0 0 0 0 0 0 0 21 15 18 13 18 16
 7.600000E+01 10 0 0 0 0 0 0 0 0 0 0 0 21 13 11 20 22 17
 7.650000E+01 6 0 0 0 0 0 0 0 0 1 0 0 23 20 13 10 22 17
 7.700000E+01 7 0 0 0 0 0 0 0 0 0 0 0 13 19 18 13 22 16
 7.750000E+01 8 0 0 0 0 0 0 1 0 0 0 0 18 14 20 15 27 18
 7.800000E+01 8 0 0 0 0 0 0 0 0 1 0 0 14 16 20 18 18 16
 7.850000E+01 16 0 0 0 0 0 0 1 0 0 0 0 14 11 23 20 25 14
 7.900000E+01 11 0 0 0 0 0 0 1 0 1 0 0 17 14 15 17 18 17
 7.950000E+01 7 0 0 0 0 0 0 0 0 1 0 0 18 14 26 19 16 12
 8.000000E+01 9 0 0 0 0 0 0 0 0 0 0 0 13 20 21 17 15 17
 8.050000E+01 8 0 0 0 0 0 0 0 0 0 0 0 13 25 22 17 18 14
 8.100000E+01 10 0 0 0 0 0 0 0 0 0 0 0 14 16 17 19 17 12
 8.150000E+01 8 0 0 0 0 0 0 0 0 0 0 0 19 14 21 16 20 19
 8.200000E+01 10 0 0 0 0 0 0 0 0 0 0 0 17 15 23 12 19 21
 8.250000E+01 13 0 0 0 0 0 0 0 0 0 0 0 18 16 20 13 19 23
 8.300000E+01 7 0 0 0 0 0 0 0 0 0 0 0 20 17 16 9 13 25
 8.350000E+01 8 0 0 0 0 0 0 0 0 0 0 0 13 16 15 11 19 27
 8.400000E+01 7 0 0 0 0 0 0 1 0 1 0 0 19 14 18 22 13 19
 8.450000E+01 6 0 0 0 0 0 0 0 0 1 0 0 29 13 18 16 13 12
 8.500000E+01 6 0 0 0 0 0 0 0 0 2 0 0 21 15 13 13 13 17
 8.550000E+01 6 0 0 0 0 0 0 0 0 1 0 0 21 18 11 19 13 18
 8.600000E+01 1 0 0 0 0 0 0 0 0 1 0 0 18 12 15 18 17 22
 8.650000E+01 11 0 0 0 0 0 0 0 0 0 0 0 19 13 14 14 12 27
 8.700000E+01 6 0 0 0 0 0 0 1 0 0 0 0 21 18 15 14 11 24
 8.750000E+01 6 0 0 0 0 0 0 0 0 0 0 0 25 18 15 12 17 19
 8.800000E+01 6 0 0 0 0 0 0 0 0 0 0 0 17 16 16 18 16 23
 8.850000E+01 5 0 0 0 0 0 0 0 0 0 0 0 20 16 20 22 14 17
 8.900000E+01 16 0 0 0 0 0 0 0 0 0 0 0 16 17 22 19 16 13
 8.950000E+01 11 0 0 0 0 0 0 0 0 0 0 0 16 11 25 20 23 17
 9.000000E+01 11 0 0 0 0 0 0 0 0 0 0 0 10 18 23 16 13 16
 9.050000E+01 10 0 0 0 0 0 0 0 0 0 0 0 16 17 15 25 11 14
 9.100000E+01 6 0 0 0 0 0 0 0 0 0 0 0 21 16 17 22 14 12
 9.150000E+01 9 0 0 0 0 0 0 0 0 0 0 0 10 17 14 21 23 13
 9.200000E+01 12 0 0 0 0 0 0 0 0 0 0 0 12 14 18 18 23 18
 9.250000E+01 11 0 0 0 0 0 0 0 0 0 0 0 18 20 18 13 17 22
 9.300000E+01 10 0 0 0 0 0 0 0 0 0 0 0 13 19 15 12 19 24
 9.350000E+01 7 0 0 0 0 0 0 0 0 0 0 0 12 24 22 8 22 21
 9.400000E+01 6 0 0 0 0 0 0 0 0 0 0 0 15 20 22 13 14 25
 9.450000E+01 6 0 0 0 0 0 0 0 0 0 0 0 17 28 17 21 19 11
 9.500000E+01 6 0 0 0 0 0 0 0 0 0 0 0 17 21 14 18 18 18
 9.550000E+01 10 0 0 0 0 0 0 0 0 0 0 0 18 21 18 18 23 11
 9.600000E+01 7 0 0 0 0 0 0 0 0 0 0 0 20 15 16 11 25 16
 9.650000E+01 9 0 0 0 0 0 0 0 0 0 0 0 17 16 17 9 20 18
 9.700000E+01 6 0 0 0 0 0 0 0 0 0 0 0 20 12 18 12 18 23
 9.750000E+01 7 0 0 0 0 0 0 0 0 0 0 0 11 18 16 15 18 18
 9.800000E+01 4 0 0 0 0 0 0 0 0 0 0 0 14 19 27 16 17 19
 9.850000E+01 8 0 0 0 0 0 0 0 0 0 0 0 15 18 22 11 15 15
 9.900000E+01 3 0 0 0 0 0 0 0 0 0 0 0 14 20 21 13 22 20
 9.950000E+01 6 0 0 0 0 0 0 0 0 0 0 0 22 14 21 11 23 13
 1.000000E+02 14 0 0 0 0 0 0 0 0 0 0 0 18 14 21 11 24 15
 1.005000E+02 8 0 0 0 0 0 0 0 0 1 0 0 20 13 17 11 25 16
 1.010000E+02 10 0 0 0 0 0 0 1 0 1 0 0 16 13 18 12 18 22
 1.015000E+02 7 0 0 0 0 0 0 0 0 1 0 0 15 12 15 16 19 28
 1.020000E+02 6 0 0 0 0 0 0 0 0 0 0 0 10 20 14 15 19 22
 1.025000E+02 16 0 0 0 0 0 0 0 0 0 0 0 16 18 14 18 13 18
 1.030000E+02 6 0 0 0 0 0 0 0 0 0 0 0 16 21 10 15 18 15
 1.035000E+02 9 0 0 0 0 0 0 0 0 0 0 0 15 17 12 14 13 14
 1.040000E+02 6 0 0 0 0 0 0 0 0 0 0 0 17 15 7 15 26 20
 1.045000E+02 12 0 0 0 0 0 0 0 0 0 0 0 16 16 14 19 20 14
 1.050000E+02 7 0 0 0 0 0 0 0 0 0 0 0 16 20 12 19 13 19
 1.055000E+02 8 0 0 0 0 0 0 0 0 0 0 0 23 16 20 15 12 21
 1.060000E+02 8 0 0 0 0 0 0 0 0 0 0 0 19 18 17 16 14 15
 1.065000E+02 11 0 0 0 0 0 0 0 0 0 0 0 19 16 8 23 13 22
 1.070000E+02 12 0 0 0 0 0 0 0 0 0 0 0 16 19 13 20 17 18
 1.075000E+02 9 0 0 0 0 0 0 0 0 0 0 0 18 13 19 21 20 18
 1.080000E+02 13 0 0 0 0 0 0 0 0 0 0 0 12 16 19 26 17 17
 1.085000E+02 16 0 0 0 0 0 0 0 0 0 0 0 12 14 21 17 21 23
 1.090000E+02 8 0 0 0 0 0 0 0 0 0 0 0 16 12 19 16 23 24
 1.095000E+02 10 0 0 0 0 0 0 0 0 0 0 0 17 17 15 17 18 23
 1.100000E+02 6 0 0 0 0 0 0 0 0 0 0 0 19 18 12 17 21 24
 1.105000E+02 4 0 0 0 0 0 0 0 0 0 0 0 24 16 13 18 18 15
 1.110000E+02 6 0 0 0 0 0 0 0 0 0 0 0 19 19 11 19 24 16
 1.115000E+02 8 0 0 0 0 0 0 0 0 1 0 0 14 16 16 30 15 16
 1.120000E+02 6 0 0 0 0 0 0 0 0 0 0 0 19 17 14 21 13 16
 1.125000E+02 10 0 0 0 0 0 0 0 0 0 0 0 16 16 10 19 17 21
 1.130000E+02 8 0 0 0 0 0 0 0 0 0 0 0 22 18 17 19 12 21
 1.135000E+02 4 0 0 0 0 0 0 0 0 0 0 0 14 18 17 22 14 17
 1.140000E+02 9 0 0 0 0 0 0 0 0 0 0 0 13 23 15 16 18 19
 1.145000E+02 9 0 0 0 0 0 0 0 0 0 0 0 13 23 9 17 20 17
 1.150000E+02 10 0 0 0 0 0 0 0 0 1 0 0 20 20 14 15 14 20
 1.155000E+02 12 0 0 0 0 0 0 0 0 0 0 0 18 23 14 11 20 17
 1.160000E+02 9 0 0 0 0 0 0 0 0 0 0 0 29 12 18 11 21 16
 1.165000E+02 10 0 0 0 0 0 0 0 0 0 0 0 25 26 15 15 16 13
 1.170000E+02 10 0 0 0 0 0 0 0 0 0 0 0 19 27 13 16 21 11
 1.175000E+02 8 0 0 0 0 0 0 0 0 0 0 0 21 20 15 15 19 16
 1.180000E+02 10 0 0 0 0 0 0 0 0 0 0 0 16 24 14 13 18 14
 1.185000E+02 8 0 0 0 0 0 0 0 0 0 0 0 15 27 15 12 18 17
 1.190000E+02 10 0 0 0 0 0 0 0 0 0 0 0 17 19 14 13 18 24
 1.195000E+02 7 0 0 0 0 0 0 0 0 1 0 0 14 23 19 15 20 18
 1.200000E+02 7 0 0 0 0 0 0 0 0 0 0 0 18 19 16 15 18 18
 1.205000E+02 7 0 0 0 0 0 0 0 0 0 0 0 15 18 12 17 20 14
 1.210000E+02 6 0 0 0 0 0 0 0 0 1 0 0 18 13 27 15 23 11
 1.215000E+02 12 0 0 0 0 0 0 1 0 0 0 0 15 13 18 22 18 15
 1.220000E+02 16 0 0 0 0 0 0 0 0 1 0 0 13 21 18 23 20 15
 1.225000E+02 10 0 0 0 0 0 0 0 0 1 0 0 19 15 27 19 17 14
 1.230000E+02 13 0 0 0 0 0 0 0 0 1 0 0 18 16 20 23 19 13
 1.235000E+02 8 0 0 0 0 0 0 0 0 0 0 0 16 20 17 14 19 15
 1.240000E+02 3 0 0 0 0 0 0 0 0 0 0 0 16 15 15 14 18 16
 1.245000E+02 10 0 0 0 0 0 0 0 0 0 0 0 22 20 13 21 17 11
 1.250000E+02 12 0 0 0 0 0 0 0 0 0 0 0 21 21 17 22 18 10
 1.255000E+02 13 0 0 0 0 0 0 0 0 0 0 0 16 18 16 19 20 18
 1.260000E+02 7 0 0 0 0 0 0 0 0 0 0 0 21 19 19 18 14 18
 1.265000E+02 12 0 0 0 0 0 0 0 0 0 0 0 20 19 19 17 14 20
 1.270000E+02 7 0 0 0 0 0 0 0 0 0 0 0 14 20 23 18 20 22
 1.275000E+02 7 0 0 0 0 0 0 0 0 0 0 0 13 15 22 19 17 19
 1.280000E+02 10 0 0 0 0 0 0 0 0 0 0 0 17 19 24 13 19 15
 1.285000E+02 11 0 0 0 0 0 0 0 0 0 0 0 15 20 19 13 16 14
 1.290000E+02 5 0 0 0 0 0 0 0 0 0 0 0 15 15 14 17 22 21
 1.295000E+02 10 0 0 0 0 0 0 0 0 0 0 0 22 12 14 18 18 25
 1.300000E+02 11 0 0 0 0 0 0 0 0 0 0 0 16 18 16 19 15 19
 1.305000E+02 5 0 0 0 0 0 0 0 0 0 0 0 14 14 14 22 16 20
 1.310000E+02 7 0 0 0 0 0 0 0 0 0 0 0 17 17 22 20 13 22
 1.315000E+02 13 0 0 0 0 0 0 0 0 0 0 0 15 17 23 22 9 22
 1.320000E+02 8 0 0 0 0 0 0 0 0 1 0 0 18 18 25 20 8 17
 1.325000E+02 9 0 0 0 0 0 0 0 0 0 0 0 13 23 21 16 15 19
 1.330000E+02 10 0 0 0 0 0 0 0 0 0 0 0 16 20 20 22 13 15
 1.335000E+02 11 0 0 0 0 0 0 0 0 0 0 0 16 18 9 22 14 19
 1.340000E+02 8 0 0 0 0 0 0 0 0 0 0 0 16 15 12 25 10 24
 1.345000E+02 5 0 0 0 0 0 0 0 0 0 0 0 18 21 13 20 11 24
 1.350000E+02 11 0 0 0 0 0 0 0 0 0 0 0 19 22 14 15 18 24
 1.355000E+02 8 0 0 0 0 0 0 0 0 0 0 0 17 19 21 18 17 19
 1.360000E+02 9 0 0 0 0 0 0 0 0 0 0 0 16 22 12 13 20 18
 1.365000E+02 8 0 0 0 0 0 0 0 0 0 0 0 18 22 16 14 21 19
 1.370000E+02 8 0 0 0 0 0 0 0 0 0 0 0 20 17 18 15 23 17
 1.375000E+02 12 0 0 0 0 0 0 0 0 0 0 0 13 13 18 18 22 15
 1.380000E+02 13 0 0 0 0 0 0 0 0 1 0 0 17 20 12 20 17 18
 1.385000E+02 5 0 0 0 0 0 0 0 0 1 0 0 12 14 16 22 21 18
 1.390000E+02 11 0 0 0 0 0 0 0 0 0 0 0 10 19 18 18 22 18
 1.395000E+02 12 0 0 0 0 0 0 0 0 0 0 0 9 17 21 25 22 10
 1.400000E+02 11 0 0 0 0 0 0 0 0 0 0 0 21 13 22 17 22 8
 1.405000E+02 8 0 0 0 0 0 0 0 0 0 0 0 20 12 27 19 23 15
 1.410000E+02 12 0 0 0 0 0 0 0 0 0 0 0 17 16 25 20 17 19
 1.415000E+02 6 0 0 0 0 0 0 0 0 0 0 0 11 19 21 15 15 18
 1.420000E+02 13 0 0 0 0 0 0 0 0 0 0 0 13 16 25 14 23 19
 1.425000E+02 12 0 0 0 0 0 0 0 0 0 0 0 14 21 26 17 16 16
 1.430000E+02 9 0 0 0 0 0 0 0 0 0 0 0 23 18 22 19 14 19
 1.435000E+02 14 0 0 0 0 0 0 0 0 0 0 0 17 17 22 13 15 16
 1.440000E+02 14 0 0 0 0 0 0 0 0 0 0 0 20 17 23 18 14 19
 1.445000E+02 8 0 0 0 0 0 0 0 0 0 0 0 20 21 29 17 16 8
 1.450000E+02 5 0 0 0 0 0 0 0 0 0 0 0 20 19 22 23 13 13
 1.455000E+02 6 0 0 0 0 0 0 0 0 0 0 0 18 19 21 18 16 19
 1.460000E+02 11 0 0 0 0 0 0 0 0 0 0 0 17 20 20 17 16 17
 1.465000E+02 9 0 0 0 0 0 0 0 0 0 0 0 21 17 18 19 23 19
 1.470000E+02 15 0 0 0 0 0 0 0 0 0 0 0 24 13 18 20 19 14
 1.475000E+02 6 0 0 0 0 0 0 0 0 0 0 0 18 15 18 21 20 20
 1.480000E+02 9 0 0 0 0 0 0 0 0 1 0 0 18 22 21 19 18 17
 1.485000E+02 9 0 0 0 0 0 0 0 0 0 0 0 16 25 19 21 14 16
 1.490000E+02 15 0 0 0 0 0 0 0 0 0 0 0 15 24 19 16 17 16
 1.495000E+02 7 0 0 0 0 0 0 0 0 0 0 0 18 18 26 17 15 18
 1.500000E+02 13 0 0 0 0 0 0 0 0 0 0 0 18 11 18 16 23 19
 1.505000E+02 12 0 0 0 0 0 0 0 0 0 0 0 19 21 20 16 23 13
 1.510000E+02 15 0 0 0 0 0 0 0 0 0 0 0 19 19 23 14 18 18
 1.515000E+02 10 0 0 0 0 0 0 0 0 0 0 0 17 21 19 12 14 23
 1.520000E+02 11 0 0 0 0 0 0 0 0 0 0 0 15 20 18 10 22 23
 1.525000E+02 12 0 0 0 0 0 0 0 0 0 0 0 17 13 22 12 23 25
 1.530000E+02 7 0 0 0 0 0 0 0 0 0 0 0 14 16 21 19 18 20
 1.535000E+02 4 0 0 0 0 0 0 0 0 0 0 0 16 14 13 21 21 23
 1.540000E+02 11 0 0 0 0 0 0 0 0 0 0 0 18 21 10 22 20 16
 1.545000E+02 17 0 0 0 0 0 0 0 0 0 0 0 17 17 22 17 15 13
 1.550000E+02 14 0 0 0 0 0 0 0 0 0 0 0 14 14 14 19 18 16
 1.555000E+02 10 0 0 0 0 0 0 0 0 0 0 0 17 12 17 15 22 17
 1.560000E+02 15 0 0 0 0 0 0 0 0 0 0 0 16 13 26 17 25 14
 1.565000E+02 13 0 0 0 0 0 0 0 0 0 0 0 18 17 23 15 21 17
 1.570000E+02 6 0 0 0 0 0 0 0 0 0 0 0 15 20 26 13 22 9
 1.575000E+02 6 0 0 0 0 0 0 0 0 0 0 0 20 18 25 20 22 13
 1.580000E+02 10 0 0 0 0 0 0 0 0 0 0 0 21 11 21 10 22 10
 1.585000E+02 8 0 0 0 0 0 0 0 0 0 0 0 19 16 28 10 23 10
 1.590000E+02 7 0 0 0 0 0 0 0 0 0 0 0 17 17 18 15 18 18
 1.595000E+02 9 0 0 0 0 0 0 0 0 0 0 0 14 17 16 10 18 17
 1.600000E+02 5 0 0 0 0 0 0 0 0 0 0 0 21 18 15 19 16 14
 1.605000E+02 12 0 0 0 0 0 0 0 0 1 0 0 16 17 15 19 19 18
 1.610000E+02 8 0 0 0 0 0 0 0 0 2 0 0 17 21 10 20 15 17
 1.615000E+02 9 0 0 0 0 0 0 0 0 2 0 0 17 23 9 27 11 15
 1.620000E+02 6 0 0 0 0 0 0 1 0 0 0 0 14 21 15 21 11 16
 1.625000E+02 10 0 0 0 0 0 0 0 0 0 0 0 22 25 15 16 15 18
 1.630000E+02 9 0 0 0 0 0 0 0 0 0 0 0 23 14 20 14 9 19
 1.635000E+02 6 0 0 0 0 0 0 0 0 1 0 0 24 16 19 21 14 20
 1.640000E+02 11 0 0 0 0 0 0 0 0 0 0 0 17 19 18 17 19 17
 1.645000E+02 6 0 0 0 0 0 0 0 0 0 0 0 17 19 18 21 20 17
 1.650000E+02 4 0 0 0 0 0 0 0 0 0 0 0 18 19 24 27 14 14
 1.655000E+02 5 0 0 0 0 0 0 0 0 0 0 0 12 16 24 28 14 18
 1.660000E+02 9 0 0 0 0 0 0 0 0 0 0 0 12 19 19 24 19 14
 1.665000E+02 10 0 0 0 0 0 0 1 0 0 0 0 18 23 15 23 18 6
 1.670000E+02 12 0 0 0 0 0 0 0 0 1 0 0 17 20 17 19 23 11
 1.675000E+02 10 0 0 0 0 0 0 1 0 0 0 0 19 12 13 20 22 16
 1.680000E+02 8 0 0 0 0 0 0 1 0 1 0 0 21 18 12 25 18 14
 1.685000E+02 7 0 0 0 0 0 0 1 0 1 0 0 16 12 18 14 21 17
 1.690000E+02 11 0 0 0 0 0 0 0 0 1 0 0 23 12 17 19 20 14
 1.695000E+02 5 0 0 0 0 0 0 0 0 0 0 0 22 15 17 18 18 19
 1.700000E+02 6 0 0 0 0 0 0 0 0 0 0 0 25 16 20 22 15 13
 1.705000E+02 7 0 0 0 0 0 0 0 0 0 0 0 23 13 18 24 18 18
 1.710000E+02 13 0 0 0 0 0 0 0 0 0 0 0 21 19 14 17 22 17
 1.715000E+02 13 0 0 0 0 0 0 0 0 0 0 0 16 14 17 17 20 20
 1.720000E+02 7 0 0 0 0 0 0 0 0 0 0 0 24 17 20 16 20 17
 1.725000E+02 13 0 0 0 0 0 0 0 0 0 0 0 20 15 23 17 24 16
 1.730000E+02 15 0 0 0 0 0 0 0 0 0 0 0 20 15 15 17 15 20
 1.735000E+02 8 0 0 0 0 0 0 0 0 0 0 0 19 17 14 23 13 18
 1.740000E+02 10 0 0 0 0 0 0 0 0 0 0 0 18 18 23 17 15 19
 1.745000E+02 4 0 0 0 0 0 0 0 0 0 0 0 21 18 20 16 19 23
 1.750000E+02 13 0 0 0 0 0 0 0 0 0 0 0 23 8 21 17 22 19
 1.755000E+02 9 0 0 0 0 0 0 0 0 0 0 0 15 8 19 19 23 22
 1.760000E+02 7 0 0 0 0 0 0 0 0 0 0 0 20 18 21 16 16 23
 1.765000E+02 4 0 0 0 0 0 0 0 0 1 0 0 19 21 25 15 15 25
 1.770000E+02 10 0 0 0 0 0 0 0 0 1 0 0 16 18 17 17 21 20
 1.775000E+02 12 0 0 0 0 0 0 0 0 0 0 0 13 17 20 18 17 19
 1.780000E+02 8 0 0 0 0 1 0 0 0 0 0 0 14 15 21 17 20 24
 1.785000E+02 8 0 0 0 0 0 0 0 0 1 0 0 20 22 11 16 16 18
 1.790000E+02 7 0 0 0 0 0 0 0 0 1 0 0 15 22 10 22 21 19
 1.795000E+02 10 0 0 0 0 0 0 0 0 0 0 0 30 17 17 17 14 18
 1.800000E+02 9 0 0 0 0 0 0 0 0 0 0 0 27 14 13 17 16 24
 1.805000E+02 11 0 0 0 0 0 0 0 0 0 0 0 18 24 9 19 24 23
 1.810000E+02 9 0 0 0 0 0 0 0 0 0 0 0 19 25 14 16 17 20
 1.815000E+02 9 0 0 0 0 0 0 0 0 0 0 0 25 14 22 16 17 20
 1.820000E+02 8 0 0 0 0 0 0 0 0 0 0 0 22 17 20 17 23 17
 1.825000E+02 8 0 0 0 0 0 0 0 0 0 0 0 16 21 22 13 15 19
 1.830000E+02 5 0 0 0 0 0 0 0 0 0 0 0 14 16 22 27 10 16
 1.835000E+02 11 0 0 0 0 0 0 0 0 0 0 0 15 13 14 27 14 22
 1.840000E+02 10 0 0 0 0 0 0 0 0 0 0 0 17 14 13 20 17 29
 1.845000E+02 7 0 0 0 0 0 0 0 0 0 0 0 20 25 19 19 15 16
 1.850000E+02 6 0 0 0 0 0 0 0 0 0 0 0 17 16 15 18 20 18
 1.855000E+02 9 0 0 0 0 0 0 0 0 0 0 0 17 25 13 20 29 18
 1.860000E+02 10 0 0 0 0 0 0 0 0 0 0 0 21 17 17 16 25 19
 1.865000E+02 10 0 0 0 0 0 0 0 0 0 0 0 24 16 17 19 19 16
 1.870000E+02 7 0 0 0 0 0 0 0 0 0 0 0 21 19 15 20 16 7
 1.875000E+02 6 0 0 0 0 0 0 0 0 0 0 0 16 17 26 20 16 15
 1.880000E+02 8 0 0 0 0 0 0 0 0 0 0 0 21 21 18 20 16 16
 1.885000E+02 6 0 0 0 0 0 0 0 0 1 0 0 22 22 18 13 20 25
 1.890000E+02 14 0 0 0 0 0 0 0 0 1 0 0 24 14 16 12 17 24
 1.895000E+02 7 0 0 0 0 0 0 1 0 0 0 0 27 12 18 15 16 22
 1.900000E+02 12 0 0 0 0 0 0 0 0 1 0 0 25 18 20 15 15 16
 1.905000E+02 14 0 0 0 0 0 0 1 0 0 0 0 30 21 23 15 12 12
 1.910000E+02 11 0 0 0 0 0 0 0 0 1 0 0 28 17 20 13 21 19
 1.915000E+02 8 0 0 0 0 0 0 0 0 1 0 0 26 14 22 20 18 10
 1.920000E+02 9 0 0 0 0 0 0 0 0 1 0 0 19 16 19 23 29 11
 1.925000E+02 9 0 0 0 0 0 0 1 0 0 0 0 22 19 14 25 19 15
 1.930000E+02 8 0 0 0 0 0 0 0 0 1 0 0 17 18 19 29 18 21
 1.935000E+02 9 0 0 0 0 0 0 0 0 0 0 0 12 17 23 23 20 13
 1.940000E+02 10 0 0 0 0 0 0 0 0 0 0 0 23 14 27 19 25 20
 1.945000E+02 10 0 0 0 0 0 0 0 0 0 0 0 20 15 22 15 30 13
 1.950000E+02 9 0 0 0 0 0 0 0 0 0 0 0 18 19 24 17 30 17
 1.955000E+02 12 0 0 0 0 0 0 0 0 0 0 0 20 21 20 19 22 21
 1.960000E+02 4 0 0 0 0 0 0 0 0 0 0 0 19 17 21 21 23 18
 1.965000E+02 8 0 0 0 0 0 0 0 0 0 0 0 15 15 19 19 25 21
 1.970000E+02 12 0 0 0 0 0 0 0 0 0 0 0 14 16 23 12 17 24
 1.975000E+02 9 0 0 0 0 0 0 0 0 0 0 0 10 16 20 12 19 26
 1.980000E+02 6 0 0 0 0 0 0 0 0 0 0 0 16 14 18 16 19 23
 1.985000E+02 7 0 0 0 0 0 0 0 0 0 0 0 12 20 23 16 21 19
 1.990000E+02 6 0 0 0 0 0 0 0 0 0 0 0 9 20 21 13 17 19
 1.995000E+02 6 0 0 0 0 0 0 0 0 0 0 0 14 22 16 14 18 19
 2.000000E+02 9 0 0 0 0 0 0 1 0 0 0 0 20 23 18 18 23 17
 2.005000E+02 9 0 0 0 0 0 0 0 0 1 0 0 14 29 19 14 18 20
 2.010000E+02 5 0 0 0 0 0 0 1 0 0 0 0 16 24 14 16 18 23
 2.015000E+02 8 0 0 0 0 0 0 0 0 1 0 0 16 22 28 10 17 22
 2.020000E+02 8 0 0 0 0 0 0 0 0 1 1 0 15 26 19 12 15 21
 2.025000E+02 6 0 0 0 0 0 0 0 0 2 0 1 13 20 10 20 18 19
 2.030000E+02 10 0 0 0 0 0 0 0 0 2 0 1 19 13 12 15 21 20
 2.035000E+02 7 0 0 0 1 0 0 0 1 0 0 0 17 13 12 11 20 15
 2.040000E+02 4 0 0 0 0 0 0 0 0 0 0 1 18 15 11 9 18 17
 2.045000E+02 9 0 0 0 0 0 0 0 0 0 0 0 22 20 11 14 12 17
 2.050000E+02 3 0 0 1 0 0 0 0 0 0 0 0 22 16 9 18 17 17
 2.055000E+02 8 0 0 0 0 0 0 0 0 0 0 0 14 19 17 16 14 18
 2.060000E+02 10 0 0 0 0 0 0 0 0 0 0 0 19 15 20 18 10 19
 2.065000E+02 7 0 0 0 0 0 0 0 0 0 0 0 13 16 20 22 12 14
 2.070000E+02 7 0 0 0 0 0 0 0 0 0 0 0 14 19 18 13 12 17
 2.075000E+02 6 0 0 0 0 0 0 0 0 0 0 0 21 23 13 9 16 16
 2.080000E+02 9 0 0 0 0 0 0 0 0 0 0 0 19 21 15 14 13 16
 2.085000E+02 14 0 0 0 0 0 0 0 0 0 0 0 17 22 13 12 23 13
 2.090000E+02 9 0 0 0 0 0 0 0 0 0 0 0 13 14 19 12 23 12
 2.095000E+02 5 0 0 0 0 0 0 0 0 0 0 0 13 14 21 7 22 15
 2.100000E+02 7 0 0 0 0 0 0 0 0 0 0 0 20 14 18 11 22 16
 2.105000E+02 9 0 0 0 0 0 0 0 0 0 0 0 21 20 15 10 15 14
 2.110000E+02 11 0 0 0 0 0 0 0 0 0 0 0 17 19 14 11 18 18
 2.115000E+02 10 0 0 0 0 0 0 0 0 0 0 0 13 18 15 9 14 14
 2.120000E+02 9 0 0 0 0 0 0 0 0 0 0 0 16 23 14 21 19 13
 2.125000E+02 8 0 0 0 0 0 0 0 0 0 0 0 17 24 13 16 17 13
 2.130000E+02 7 0 0 0 0 0 0 0 0 0 0 0 14 22 13 20 12 19
 2.135000E+02 13 0 0 0 0 0 0 0 0 0 0 0 17 15 14 19 12 17
 2.140000E+02 9 0 0 0 0 0 0 0 0 0 0 0 19 16 11 14 11 14
 2.145000E+02 7 0 0 0 0 0 0 0 0 0 0 0 20 15 9 15 13 21
 2.150000E+02 3 0 0 0 0 0 0 0 0 0 0 0 21 14 11 16 15 16
 2.155000E+02 11 0 0 0 0 0 0 0 0 0 0 0 17 17 11 22 14 17
 2.160000E+02 9 0 0 0 0 0 0 0 0 0 0 0 24 17 10 23 14 15
 2.165000E+02 12 0 0 0 0 0 0 0 0 0 0 0 18 14 8 19 16 11
 2.170000E+02 8 0 0 0 0 0 0 0 0 0 0 0 21 13 14 18 18 11
 2.175000E+02 8 0 0 0 0 0 0 0 0 0 0 0 16 15 19 17 26 9
 2.180000E+02 7 0 0 0 0 0 0 0 0 0 0 0 15 16 9 16 19 12
 2.185000E+02 5 0 0 0 0 0 0 0 0 0 0 0 21 15 12 12 17 19
 2.190000E+02 5 0 0 1 0 0 0 0 0 0 0 0 24 11 17 11 13 23
 2.195000E+02 10 0 0 1 0 0 0 0 0 1 0 0 22 18 14 12 21 21
 2.200000E+02 8 0 0 0 0 0 0 1 0 0 0 0 15 19 11 10 18 20
 2.205000E+02 9 0 0 0 0 0 0 0 0 1 0 0 21 14 15 17 11 13
 2.210000E+02 6 0 0 0 0 0 0 0 0 1 0 0 22 17 19 15 10 16
 2.215000E+02 10 0 0 1 0 0 0 0 0 0 0 0 19 11 13 14 12 20
 2.220000E+02 13 0 0 0 0 0 0 0 0 1 0 0 15 12 16 13 13 23
 2.225000E+02 7 0 0 0 0 0 0 0 0 2 0 0 14 17 23 18 14 17
 2.230000E+02 7 0 0 0 0 0 0 0 0 0 0 0 15 19 19 12 13 9
 2.235000E+02 9 0 0 0 0 0 0 0 0 0 0 0 19 14 20 17 12 17
 2.240000E+02 9 0 0 0 0 0 0 0 0 0 0 0 14 19 26 20 10 16
 2.245000E+02 11 0 0 0 0 0 0 0 0 0 0 0 13 23 23 24 9 16
 2.250000E+02 10 0 0 0 0 0 0 0 0 0 0 0 16 17 26 20 9 12
 2.255000E+02 8 0 0 0 0 0 0 0 0 0 0 0 18 22 20 15 11 17
 2.260000E+02 4 0 0 0 0 0 0 0 0 2 0 0 19 26 13 16 8 19
 2.265000E+02 6 0 0 0 0 0 0 0 0 2 0 0 15 15 14 13 19 15
 2.270000E+02 12 0 0 0 0 0 0 0 0 1 0 0 18 14 17 15 15 16
 2.275000E+02 4 0 0 0 0 0 0 0 0 1 0 0 15 10 14 21 19 18
 2.280000E+02 10 0 0 0 0 0 0 0 0 1 0 0 14 13 14 14 14 19
 2.285000E+02 13 0 0 0 0 0 0 0 0 1 0 0 14 18 11 13 12 20
 2.290000E+02 1 0 0 0 0 0 0 0 0 1 0 0 13 16 15 12 10 25
 2.295000E+02 7 0 0 0 0 0 0 0 0 0 0 1 11 13 17 12 10 25
 2.300000E+02 12 0 0 0 0 0 0 0 0 0 0 1 22 17 15 12 11 23
 2.305000E+02 10 0 0 0 0 0 0 0 0 1 0 0 23 18 13 16 16 20
 2.310000E+02 10 0 0 0 0 0 0 0 0 1 0 0 16 15 14 10 11 13
 2.315000E+02 4 0 0 1 0 0 0 0 0 0 0 0 20 12 16 12 15 11
 2.320000E+02 6 0 0 0 0 0 0 0 0 2 0 0 17 14 22 17 17 15
 2.325000E+02 7 0 0 1 0 0 0 0 0 1 0 0 15 10 15 24 17 14
 2.330000E+02 9 0 0 0 0 0 0 0 0 1 0 0 13 12 17 25 19 15
 2.335000E+02 8 0 0 0 0 0 0 0 0 0 0 0 11 17 18 16 19 17
 2.340000E+02 5 0 0 0 0 0 0 0 0 0 0 0 13 17 14 21 18 14
 2.345000E+02 11 0 0 0 0 0 0 0 0 0 0 0 11 24 14 15 22 11
 2.350000E+02 6 0 0 0 0 0 0 0 0 0 0 0 16 15 25 15 10 15
 2.355000E+02 7 0 0 0 0 0 0 0 0 0 0 0 13 10 22 15 11 18
 2.360000E+02 6 0 0 0 0 0 0 1 0 0 0 0 20 12 21 21 17 15
 2.365000E+02 8 0 0 0 0 0 0 0 0 0 0 0 19 16 16 15 15 18
 2.370000E+02 8 0 0 0 0 0 0 0 0 0 0 0 15 20 11 12 13 22
 2.375000E+02 3 0 0 0 0 0 0 0 0 0 0 0 20 20 14 12 14 25
 2.380000E+02 7 0 0 0 0 0 0 0 0 0 0 0 14 17 20 17 15 19
 2.385000E+02 13 0 0 0 0 0 0 0 0 0 0 0 12 17 18 14 16 18
 2.390000E+02 7 0 0 0 0 0 0 0 0 0 0 0 16 13 23 12 15 13
 2.395000E+02 5 0 0 0 0 0 0 0 0 1 0 0 11 17 21 16 14 17
 2.400000E+02 9 0 0 0 0 0 0 0 0 1 0 0 16 16 18 8 19 16
 2.405000E+02 16 0 0 0 0 0 0 0 0 1 0 0 16 19 12 14 11 16
 2.410000E+02 11 0 0 0 0 0 0 0 0 0 0 0 16 15 13 14 15 17
 2.415000E+02 9 0 0 0 0 0 0 0 0 1 0 0 29 12 11 20 13 21
 2.420000E+02 16 0 0 0 0 0 0 0 0 0 0 0 19 14 14 16 13 20
 2.425000E+02 3 0 0 0 0 0 0 0 0 0 0 0 15 16 12 11 19 21
 2.430000E+02 9 0 0 0 0 0 0 0 0 0 0 0 14 16 9 12 14 15
 2.435000E+02 10 0 0 0 0 0 0 0 0 0 0 0 8 18 11 14 15 11
 2.440000E+02 5 0 0 0 0 0 0 0 0 0 0 0 13 14 13 16 13 13
 2.445000E+02 9 0 0 0 0 0 0 0 0 0 0 0 22 10 14 15 13 21
 2.450000E+02 9 0 0 0 0 0 0 0 0 0 0 0 19 16 22 13 16 14
 2.455000E+02 15 0 0 0 0 0 0 0 0 0 0 0 18 18 24 12 12 15
 2.460000E+02 9 0 0 0 0 0 0 0 0 0 0 0 19 12 23 11 16 11
 2.465000E+02 13 0 0 0 0 0 0 0 0 0 0 0 18 12 18 17 14 15
 2.470000E+02 4 0 0 0 0 0 0 0 0 1 0 0 13 18 15 14 18 6
 2.475000E+02 10 0 0 0 0 0 0 0 0 0 0 0 11 17 15 22 18 14
 2.480000E+02 9 0 0 0 0 0 0 0 0 0 0 0 14 13 18 16 20 19
 2.485000E+02 9 0 0 0 0 0 0 0 0 0 0 0 17 14 19 15 10 21
 2.490000E+02 10 0 0 0 0 0 0 0 0 1 0 0 16 17 14 18 15 19
 2.495000E+02 8 0 0 0 0 0 0 0 0 1 0 0 13 14 14 20 23 15
 2.500000E+02 5 0 0 2 0 0 0 0 0 0 0 0 21 11 16 16 24 19
 2.505000E+02 1092 0 0 2 1 0 0 0 0 9 0 0 0 0 0 0 0 0
 2.510000E+02 1826 0 0 2 1 0 0 3 0 15 1 0 0 0 0 0 0 0
 2.515000E+02 2052 0 0 7 0 1 0 0 0 29 2 1 0 0 0 0 0 0
 2.520000E+02 2219 2 0 7 0 0 0 4 0 34 0 0 0 0 0 0 0 0
 2.525000E+02 956 0 0 8 0 0 0 2 0 27 1 1 0 0 0 0 0 0
 2.530000E+02 430 1 0 5 2 0 0 0 0 18 1 1 0 0 0 0 0 0
 2.535000E+02 190 0 0 2 0 0 0 2 0 22 0 1 0 2 1 0 0 0
 2.540000E+02 108 1 0 4 1 0 0 0 0 9 1 0 1 0 0 1 0 4
 2.545000E+02 1385 0 0 1 0 0 0 5 0 12 0 1 0 0 0 0 0 0
 2.550000E+02 1925 1 0 3 2 0 0 3 0 21 1 0 0 0 0 0 0 0
 2.555000E+02 2171 0 0 6 0 0 0 2 0 22 1 0 0 0 0 0 0 0
 2.560000E+02 2280 1 0 4 0 0 0 4 0 35 1 0 0 0 0 0 0 0
 2.565000E+02 947 5 0 5 0 1 0 7 0 30 0 0 0 1 0 0 0 0
 2.570000E+02 429 0 0 7 0 0 0 2 0 32 0 0 0 0 0 0 0 0
 2.575000E+02 204 4 0 3 0 0 0 1 0 20 0 0 0 1 2 1 1 2
 2.580000E+02 114 0 0 2 0 0 0 2 0 11 0 1 3 3 1 1 1 1
 2.585000E+02 1405 0 0 3 0 1 0 1 0 13 0 1 0 0 0 0 0 0
 2.590000E+02 1930 0 0 1 0 2 0 0 0 29 0 0 0 0 0 0 0 0
 2.595000E+02 2190 3 0 0 1 0 0 5 0 30 1 1 0 0 0 0 0 0
 2.600000E+02 2293 1 0 5 0 0 0 4 0 40 0 1 0 0 0 0 0 1
 2.605000E+02 963 0 0 2 0 0 0 5 0 32 0 1 0 0 0 0 0 0
 2.610000E+02 475 1 0 1 0 0 0 3 0 19 1 0 0 0 1 0 0 0
 2.615000E+02 221 1 0 0 0 1 0 0 0 15 1 1 0 0 0 0 0 1
 2.620000E+02 110 0 0 1 0 0 0 2 0 9 0 1 1 1 1 2 1 1
 2.625000E+02 1360 0 0 2 0 1 0 1 0 12 1 0 0 0 0 0 0 0
 2.630000E+02 1896 1 0 1 0 1 0 8 1 23 0 0 0 0 0 0 0 0
 2.635000E+02 2167 1 0 1 0 2 0 8 0 21 2 1 0 0 0 0 0 0
 2.640000E+02 2230 1 0 1 0 1 0 6 0 38 0 1 0 0 0 0 0 0
 2.645000E+02 989 1 0 1 0 1 0 5 0 29 0 1 0 0 0 0 0 0
 2.650000E+02 423 0 0 3 0 0 0 5 0 26 1 0 0 1 0 0 0 0
 2.655000E+02 221 2 0 1 0 2 0 1 0 12 0 1 1 1 1 2 1 1
 2.660000E+02 103 0 0 2 0 1 0 0 0 8 0 1 1 2 1 0 2 1
 2.665000E+02 1380 0 0 1 0 2 0 4 0 15 1 0 0 0 0 0 0 0
 2.670000E+02 1930 1 0 2 0 0 1 5 0 23 0 0 0 0 0 0 0 0
 2.675000E+02 2127 1 0 0 0 2 1 6 0 29 1 0 0 0 0 0 0 0
 2.680000E+02 2225 1 0 1 0 1 1 6 1 34 0 0 0 0 0 0 0 0
 2.685000E+02 967 0 0 1 0 3 0 6 0 35 0 1 0 0 0 0 0 0
 2.690000E+02 450 1 0 0 0 2 0 3 1 27 1 0 0 0 0 0 0 0
 2.695000E+02 192 1 0 0 0 0 0 2 0 16 0 2 1 1 0 1 2 0
 2.700000E+02 94 0 0 1 0 0 0 3 0 9 0 0 2 2 4 2 1 2
 2.705000E+02 1324 1 0 0 0 2 0 3 0 16 0 0 0 0 0 0 0 0
 2.710000E+02 1956 0 0 2 0 1 0 6 0 28 0 0 0 0 0 0 0 0
 2.715000E+02 2125 1 0 0 0 1 0 6 0 33 0 0 0 0 0 0 0 0
 2.720000E+02 2222 0 0 1 0 2 0 9 0 33 2 1 0 0 0 0 0 0
 2.725000E+02 991 1 0 1 0 0 0 9 0 34 0 0 0 0 0 0 0 0
 2.730000E+02 451 0 0 1 0 1 0 2 0 29 0 0 0 0 0 0 0 0
 2.735000E+02 190 0 0 0 0 0 0 2 0 27 0 0 1 1 0 1 0 2
 2.740000E+02 94 1 0 2 0 0 0 1 0 17 1 0 4 2 3 1 2 1
 2.745000E+02 1465 0 0 0 0 1 0 4 0 16 0 1 0 0 0 0 0 0
 2.750000E+02 1914 1 0 1 0 0 0 5 0 29 0 0 0 0 0 0 0 0
 2.755000E+02 2187 2 0 0 0 3 0 5 0 35 0 0 0 0 0 0 0 0
 2.760000E+02 2249 0 0 0 0 0 0 4 0 37 1 0 0 0 0 0 0 0
 2.765000E+02 972 2 0 0 0 3 0 4 0 32 4 0 0 0 0 0 0 1
 2.770000E+02 396 1 1 0 0 0 0 7 0 23 1 0 0 0 0 0 0 0
 2.775000E+02 196 0 0 1 0 0 0 1 0 15 1 0 0 0 1 0 0 1
 2.780000E+02 102 1 0 0 0 1 0 0 1 7 0 0 0 2 4 1 1 1
 2.785000E+02 1349 0 0 1 0 1 0 0 0 19 0 0 0 0 0 0 0 0
 2.790000E+02 1961 1 0 0 0 0 0 3 0 20 2 0 0 0 0 0 0 0
 2.795000E+02 2166 0 0 0 0 0 0 5 0 25 1 1 0 0 0 0 0 0
 2.800000E+02 2207 1 0 2 0 2 0 9 0 27 0 1 0 0 0 0 0 0
 2.805000E+02 945 4 0 0 0 0 0 6 0 36 0 0 0 0 0 0 0 1
 2.810000E+02 422 1 0 0 0 1 0 3 0 35 0 0 0 0 0 0 0 0
 2.815000E+02 194 1 0 1 0 3 0 3 0 18 0 0 0 0 0 0 1 1
 2.820000E+02 104 1 0 0 0 1 0 1 0 16 1 0 1 1 2 0 2 2
 2.825000E+02 1361 0 0 1 0 1 0 6 0 21 0 0 0 0 0 0 0 0
 2.830000E+02 1896 0 0 0 0 3 0 7 0 28 0 0 0 0 0 0 0 0
 2.835000E+02 2191 0 0 2 0 3 0 6 0 26 0 0 0 0 0 0 0 0
 2.840000E+02 2290 0 0 2 0 4 0 5 0 40 1 0 0 0 0 0 0 0
 2.845000E+02 996 1 0 3 0 3 0 6 0 35 0 1 0 0 0 1 0 0
 2.850000E+02 454 0 0 2 0 3 1 5 0 22 1 0 0 1 0 0 0 0
 2.855000E+02 211 0 0 3 0 2 0 1 0 14 0 0 0 0 0 0 0 0
 2.860000E+02 97 1 0 2 0 0 0 0 0 11 0 0 3 2 1 1 1 1
 2.865000E+02 1369 0 0 0 0 3 0 4 0 7 0 0 0 0 0 0 0 0
 2.870000E+02 1947 0 0 1 0 1 0 2 0 30 1 0 0 0 0 0 0 0
 2.875000E+02 2091 4 0 1 0 1 0 4 0 31 0 0 1 0 0 0 0 0
 2.880000E+02 2183 0 0 0 0 1 0 11 0 35 1 0 0 0 0 0 0 0
 2.885000E+02 951 1 0 0 0 2 0 6 0 35 0 0 0 0 0 0 0 1
 2.890000E+02 412 1 0 0 0 3 0 6 0 22 0 0 0 0 0 0 0 0
 2.895000E+02 187 0 0 1 0 1 0 4 0 19 0 0 1 0 0 0 1 0
 2.900000E+02 107 0 0 0 0 1 0 3 0 15 0 0 2 1 3 6 3 2
 2.905000E+02 73 0 0 0 0 0 0 6 0 6 0 1 3 5 6 1 4 8
 2.910000E+02 52 0 0 0 0 1 0 1 0 8 0 0 7 9 5 3 9 6
 2.915000E+02 42 0 0 0 0 1 0 1 0 6 0 0 10 7 10 7 6 7
 2.920000E+02 42 0 0 0 0 0 0 0 0 2 0 0 7 10 10 7 12 6
 2.925000E+02 33 0 0 0 0 0 0 0 0 2 0 0 9 8 10 12 14 8
 2.930000E+02 45 0 0 0 0 0 0 0 0 2 0 0 15 13 16 6 9 13
 2.935000E+02 21 0 0 0 0 1 0 0 0 0 0 0 21 9 10 12 6 12
 2.940000E+02 37 0 0 0 0 0 0 1 0 0 0 0 11 14 16 11 15 17
 2.945000E+02 23 0 0 0 0 0 0 0 0 0 1 0 9 12 22 13 14 14
 2.950000E+02 24 0 0 0 0 0 0 0 0 1 0 0 13 17 16 11 23 9
 2.955000E+02 22 0 0 0 0 0 0 0 0 0 0 0 21 17 17 9 16 15
 2.960000E+02 18 0 0 0 0 0 0 0 0 0 0 0 19 15 18 16 19 14
 2.965000E+02 29 0 0 0 0 0 0 0 0 0 0 0 18 19 14 17 16 14
 2.970000E+02 28 0 0 0 0 0 0 0 0 0 0 0 27 18 19 20 14 18
 2.975000E+02 20 0 0 0 0 0 0 0 0 1 0 0 17 29 15 20 18 15
 2.980000E+02 19 0 0 0 0 0 0 0 0 0 0 0 10 25 17 24 18 15
 2.985000E+02 17 0 0 0 0 0 0 0 0 1 0 0 17 27 16 18 22 17
 2.990000E+02 26 0 0 0 0 0 0 1 0 0 0 0 23 20 22 9 18 16
 2.995000E+02 15 0 0 0 0 0 0 0 0 1 0 0 18 30 22 19 9 22
 3.000000E+02 20 0 0 0 0 0 0 1 0 1 0 0 15 23 15 24 17 18
 3.005000E+02 19 0 0 0 0 0 0 1 0 0 0 0 19 15 15 26 23 18
 3.010000E+02 14 0 0 0 0 1 0 0 0 1 0 0 18 19 15 26 25 17
 3.015000E+02 16 0 0 0 0 0 0 0 0 1 0 0 13 23 25 19 18 20
 3.020000E+02 12 0 0 0 0 0 0 0 0 1 0 0 14 16 25 12 19 17
 3.025000E+02 7 0 0 0 0 0 0 0 0 0 0 0 14 22 22 19 19 20
 3.030000E+02 7 0 0 0 0 0 0 0 0 0 0 0 14 23 15 17 21 21
 3.035000E+02 20 0 0 0 0 0 0 1 0 1 0 0 14 22 18 21 18 20
 3.040000E+02 7 0 0 0 0 0 0 0 0 2 0 0 15 18 18 20 17 17
 3.045000E+02 11 0 0 0 0 0 0 0 0 2 0 0 18 19 18 18 22 13
 3.050000E+02 11 0 0 0 0 0 0 0 0 2 0 0 19 17 21 20 19 15
 3.055000E+02 19 0 0 0 0 0 0 0 0 2 0 0 23 17 22 21 21 20
 3.060000E+02 18 0 0 0 0 0 0 0 0 0 0 0 27 26 20 18 17 12
 3.065000E+02 11 0 0 0 0 0 0 0 0 0 0 0 23 25 18 20 17 14
 3.070000E+02 10 0 0 0 0 0 0 0 0 0 0 0 20 21 17 22 19 17
 3.075000E+02 13 0 0 0 0 0 0 0 0 0 0 0 24 22 14 29 25 12
 3.080000E+02 11 0 0 0 0 0 0 0 0 0 0 0 22 18 17 15 27 13
 3.085000E+02 8 0 0 0 0 0 0 0 0 0 0 0 16 23 20 18 19 15
 3.090000E+02 10 0 0 0 0 0 0 0 0 0 0 0 25 19 19 13 13 17
 3.095000E+02 17 0 0 0 0 0 0 0 0 0 0 0 20 15 19 22 19 27
 3.100000E+02 12 0 0 0 0 0 0 0 0 0 0 0 22 22 14 13 19 24
 3.105000E+02 11 0 0 0 0 0 0 0 0 0 0 0 17 23 22 22 17 22
 3.110000E+02 17 0 0 0 0 0 0 0 0 0 0 0 19 15 17 20 20 20
 3.115000E+02 11 0 0 0 0 0 0 0 0 1 0 0 19 25 17 23 23 22
 3.120000E+02 12 0 0 0 0 0 0 0 0 1 0 0 20 26 20 20 20 15
 3.125000E+02 13 0 0 0 0 0 0 1 0 1 0 0 19 22 25 15 18 22
 3.130000E+02 11 0 0 0 0 0 0 1 0 1 0 0 19 20 27 16 24 20
 3.135000E+02 5 0 0 0 0 0 0 0 0 2 0 0 22 20 22 9 30 12
 3.140000E+02 6 0 0 0 0 0 0 0 0 1 0 0 20 16 20 14 23 12
 3.145000E+02 11 0 0 0 0 0 0 0 0 1 0 0 20 27 14 17 19 17
 3.150000E+02 8 0 0 0 0 0 0 0 0 0 0 0 19 17 19 19 23 23
 3.155000E+02 13 0 0 0 0 0 0 0 0 0 0 0 23 16 18 14 23 21
 3.160000E+02 10 0 0 0 0 0 0 0 0 0 0 0 16 17 20 24 20 17
 3.165000E+02 15 0 0 0 0 0 0 0 0 0 0 0 15 13 18 20 13 18
 3.170000E+02 10 0 0 0 0 0 0 0 0 0 0 0 18 16 18 24 20 18
 3.175000E+02 13 0 0 0 0 0 0 1 0 1 0 0 19 28 17 23 24 17
 3.180000E+02 14 0 0 0 0 0 0 0 0 0 0 0 28 23 13 21 22 15
 3.185000E+02 11 0 0 0 0 0 0 0 0 0 0 0 20 21 16 25 12 24
 3.190000E+02 10 0 0 0 0 0 0 0 0 0 0 0 18 20 24 16 15 26
 3.195000E+02 12 0 0 0 0 0 0 0 0 0 0 0 18 23 20 19 22 19
 3.200000E+02 11 0 0 0 0 0 0 0 0 1 0 0 16 19 20 17 24 17
 3.205000E+02 13 0 0 0 0 0 0 0 0 1 0 0 15 18 12 11 19 22
 3.210000E+02 11 0 0 0 0 0 0 1 0 0 0 0 16 21 16 21 18 18
 3.215000E+02 9 0 0 0 0 0 0 0 0 1 0 0 14 23 10 23 18 16
 3.220000E+02 11 0 0 0 0 0 0 0 0 1 0 0 13 28 17 23 17 19
 3.225000E+02 9 0 0 0 0 0 0 0 0 0 0 0 16 24 17 15 20 18
 3.230000E+02 5 0 0 0 0 0 0 0 0 1 0 0 17 22 20 16 14 20
 3.235000E+02 11 0 0 0 0 0 0 0 0 0 0 0 18 17 19 15 15 16
 3.240000E+02 9 0 0 0 0 0 0 0 0 0 0 0 20 17 18 19 14 15
 3.245000E+02 17 0 0 0 0 0 0 0 0 0 0 0 21 23 19 10 22 20
 3.250000E+02 9 0 0 0 0 0 0 0 0 0 0 0 14 26 16 17 16 23
 3.255000E+02 13 0 0 0 0 0 0 0 0 0 0 0 12 23 18 23 18 16
 3.260000E+02 4 0 0 0 0 0 0 1 0 0 0 0 12 22 17 20 22 19
 3.265000E+02 8 0 0 0 0 0 0 0 0 1 0 0 18 18 11 20 15 25
 3.270000E+02 12 0 0 0 0 0 0 0 0 0 0 0 20 9 17 25 15 19
 3.275000E+02 9 0 0 0 0 0 0 0 0 0 0 0 19 15 11 21 16 20
 3.280000E+02 5 0 0 0 0 0 0 0 0 0 0 0 15 14 18 19 15 18
 3.285000E+02 3 0 0 0 0 0 0 0 0 0 0 0 10 21 21 19 15 23
 3.290000E+02 9 0 0 0 0 0 0 0 0 0 0 0 10 18 17 15 9 20
 3.295000E+02 11 0 0 0 0 0 0 0 0 0 0 0 14 19 14 11 13 25
 3.300000E+02 2 0 0 0 0 0 0 0 0 0 0 0 16 16 17 20 16 21
 3.305000E+02 6 0 0 0 0 0 0 0 0 0 0 0 18 13 16 16 9 17
 3.310000E+02 8 0 0 0 0 0 0 0 0 1 0 0 16 14 20 17 18 13
 3.315000E+02 8 0 0 0 0 0 0 0 0 0 0 0 16 16 16 18 17 17
 3.320000E+02 10 0 0 0 0 0 0 0 0 0 0 0 20 15 9 18 19 17
 3.325000E+02 11 0 0 0 0 0 0 0 0 0 0 0 20 17 16 17 9 20
 3.330000E+02 8 0 0 0 0 0 0 0 0 0 0 0 18 17 23 16 14 21
 3.335000E+02 10 0 0 0 0 0 0 0 0 0 0 0 19 21 16 15 13 19
 3.340000E+02 5 0 0 0 0 0 0 0 0 0 0 0 26 11 18 20 14 19
 3.345000E+02 9 0 0 0 0 0 0 0 0 0 0 0 23 14 14 18 16 19
 3.350000E+02 13 0 0 0 0 0 0 0 0 0 0 0 18 18 16 13 18 12
 3.355000E+02 10 0 0 0 0 0 0 0 0 0 0 0 22 17 18 10 18 15
 3.360000E+02 13 0 0 0 0 1 0 0 0 0 0 0 15 18 21 13 15 14
 3.365000E+02 6 0 0 0 0 0 0 0 0 1 0 0 12 14 23 16 15 13
 3.370000E+02 8 0 0 0 0 0 0 0 0 0 0 0 15 18 11 18 17 21
 3.375000E+02 9 0 0 0 0 0 0 0 0 0 0 0 16 17 15 20 11 17
 3.380000E+02 16 0 0 0 0 0 0 0 0 0 0 0 26 13 12 21 13 13
 3.385000E+02 9 0 0 0 0 0 0 0 0 0 0 0 22 15 16 13 18 16
 3.390000E+02 15 0 0 0 0 0 0 0 0 0 0 0 21 13 9 17 19 15
 3.395000E+02 10 0 0 0 0 0 0 0 0 0 0 0 15 24 15 19 16 19
 3.400000E+02 8 0 0 0 0 0 0 0 0 0 0 0 15 20 14 18 18 24
 3.405000E+02 8 0 0 0 0 0 0 0 0 0 0 0 20 19 14 14 18 12
 3.410000E+02 5 0 0 0 0 0 0 0 0 0 0 0 23 13 17 15 19 15
 3.415000E+02 8 0 0 0 0 0 0 0 0 0 0 0 18 17 18 19 16 18
 3.420000E+02 9 0 0 0 0 0 0 0 0 0 0 0 10 13 25 19 17 15
 3.425000E+02 5 0 0 0 0 0 0 0 0 0 0 0 16 13 21 24 17 16
 3.430000E+02 14 0 0 0 0 0 0 0 0 0 0 0 16 14 26 12 17 14
 3.435000E+02 3 0 0 0 0 0 0 0 0 0 0 0 14 16 19 19 15 19
 3.440000E+02 8 0 0 0 0 0 0 0 0 0 0 0 23 11 16 15 16 15
 3.445000E+02 4 0 0 0 0 0 0 0 0 0 0 0 20 15 16 15 15 12
 3.450000E+02 8 0 0 0 0 0 0 0 0 1 0 0 18 23 15 14 18 10
 3.455000E+02 7 0 0 0 0 0 0 0 0 1 0 0 18 19 18 17 11 13
 3.460000E+02 10 0 0 0 0 0 0 0 0 0 0 0 19 16 22 22 12 14
 3.465000E+02 11 0 0 0 0 0 0 0 0 0 0 0 17 15 16 19 17 17
 3.470000E+02 5 0 0 0 0 0 0 0 0 0 0 0 14 17 21 24 17 17
 3.475000E+02 9 0 0 0 0 0 0 0 0 0 0 0 16 16 20 8 15 20
 3.480000E+02 2 0 0 0 0 0 0 0 0 1 0 0 20 16 18 20 17 14
 3.485000E+02 11 0 0 0 0 0 0 0 0 1 0 1 15 17 12 15 14 23
 3.490000E+02 6 0 0 0 0 0 0 0 0 2 0 0 12 25 7 18 11 16
 3.495000E+02 6 0 0 1 0 0 0 0 0 1 0 0 20 24 14 16 13 14
 3.500000E+02 9 0 0 0 0 0 0 0 0 1 0 0 13 21 22 19 16 15
 3.505000E+02 3 0 0 0 0 0 0 0 0 1 0 0 13 21 13 27 14 15
 3.510000E+02 9 0 0 0 0 0 0 0 0 1 0 0 16 20 11 18 7 18
 3.515000E+02 11 0 0 0 0 0 0 0 0 1 0 0 15 21 16 17 8 19
 3.520000E+02 9 0 0 0 0 0 0 0 0 1 0 0 24 18 21 22 5 15
 3.525000E+02 12 0 0 1 0 0 0 0 0 0 0 0 20 16 23 18 9 18
 3.530000E+02 9 0 0 0 0 0 0 0 0 0 0 0 24 13 13 11 20 18
 3.535000E+02 8 0 0 0 0 0 0 0 0 0 0 0 16 15 15 12 14 17
 3.540000E+02 11 0 0 0 0 0 0 0 0 0 0 0 15 15 16 16 11 18
 3.545000E+02 9 0 0 0 0 0 0 0 0 0 0 0 19 13 12 17 16 12
 3.550000E+02 10 0 0 0 0 0 0 0 0 0 0 0 13 17 15 15 10 14
 3.555000E+02 8 0 0 0 0 0 0 0 0 1 0 0 15 14 12 19 13 16
 3.560000E+02 14 0 0 0 0 0 0 0 0 0 0 0 11 12 13 20 14 17
 3.565000E+02 9 0 0 0 0 0 0 0 0 0 0 0 21 11 19 17 19 16
 3.570000E+02 9 0 0 0 0 0 0 0 0 0 0 1 15 18 14 17 18 13
 3.575000E+02 4 0 0 0 0 0 0 0 0 0 0 0 15 18 14 17 24 16
 3.580000E+02 4 0 0 0 0 0 0 0 0 0 0 0 18 17 14 15 15 9
 3.585000E+02 7 0 0 0 0 0 0 0 0 0 0 0 10 15 20 17 19 13
 3.590000E+02 7 0 0 0 0 0 0 0 0 1 0 0 9 15 20 21 19 17
 3.595000E+02 10 0 0 0 0 0 0 1 0 0 0 0 12 10 15 14 15 19
 3.600000E+02 9 0 0 0 0 0 0 0 0 0 0 0 18 13 18 17 15 16
 3.605000E+02 11 0 0 0 0 0 0 0 0 0 0 0 20 10 14 14 16 17
 3.610000E+02 8 0 0 0 0 0 0 0 0 0 0 0 18 12 20 24 13 16
 3.615000E+02 13 0 0 0 0 0 0 0 0 0 0 0 18 12 10 19 18 17
 3.620000E+02 11 0 0 0 0 0 0 0 0 1 0 0 23 12 12 23 22 17
 3.625000E+02 10 0 0 0 0 0 0 0 0 1 0 0 24 9 8 18 17 14
 3.630000E+02 11 0 0 0 0 0 0 0 0 1 0 0 22 9 15 19 17 15
 3.635000E+02 5 0 0 0 0 0 0 0 0 1 0 0 21 11 13 25 16 13
 3.640000E+02 18 0 0 0 0 0 0 0 0 0 0 0 16 18 11 21 14 13
 3.645000E+02 8 0 0 0 0 0 0 0 0 1 0 0 14 14 14 16 17 18
 3.650000E+02 6 0 0 0 0 0 0 0 0 1 0 0 9 19 16 17 21 22
 3.655000E+02 11 0 0 0 0 0 0 0 0 0 0 0 8 16 16 21 18 10
 3.660000E+02 8 0 0 0 0 0 0 0 0 1 0 0 13 17 14 23 20 21
 3.665000E+02 7 0 0 0 0 0 0 0 0 1 0 0 18 14 18 15 22 16
 3.670000E+02 13 0 0 0 0 0 0 0 0 1 0 0 19 16 14 15 23 19
 3.675000E+02 6 0 0 0 0 0 0 1 0 0 0 0 20 18 16 14 17 14
 3.680000E+02 9 0 0 0 0 0 0 0 0 1 0 0 18 14 20 21 14 13
 3.685000E+02 4 0 0 0 0 0 0 0 0 1 0 0 20 20 16 17 14 10
 3.690000E+02 13 0 0 0 0 0 0 0 0 0 0 0 15 21 17 17 16 13
 3.695000E+02 14 0 0 0 0 0 0 0 0 0 0 0 21 22 17 18 18 14
 3.700000E+02 8 0 0 0 0 0 0 0 0 0 0 0 23 19 15 17 19 15
 3.705000E+02 7 0 0 0 0 0 0 0 0 0 0 0 18 15 13 15 10 15
 3.710000E+02 7 0 0 0 0 0 0 1 0 0 0 0 19 17 13 10 20 17
 3.715000E+02 7 0 0 0 0 0 0 0 0 1 0 0 19 18 15 14 18 15
 3.720000E+02 13 0 0 0 0 0 0 0 0 0 0 0 22 14 17 17 16 13
 3.725000E+02 7 0 0 0 0 0 0 0 0 0 0 0 18 22 15 14 15 19
 3.730000E+02 6 0 0 0 0 0 0 0 0 0 0 0 19 15 13 13 14 22
 3.735000E+02 15 0 0 0 0 0 0 0 0 0 0 0 19 13 10 15 13 31
 3.740000E+02 15 0 0 0 0 0 0 0 0 0 0 0 19 17 16 16 15 26
 3.745000E+02 10 0 0 0 0 0 0 0 0 0 0 0 21 17 18 19 16 21
 3.750000E+02 6 0 0 0 0 0 0 0 0 0 0 0 23 20 22 17 20 10
 3.755000E+02 8 0 0 0 0 0 0 0 0 0 0 0 19 16 17 19 15 15
 3.760000E+02 10 0 0 0 0 0 0 0 0 0 0 0 20 17 17 19 19 14
 3.765000E+02 11 0 0 0 0 0 0 0 0 0 0 0 18 17 17 17 14 24
 3.770000E+02 7 0 0 0 0 0 0 0 0 0 0 0 18 19 19 14 19 20
 3.775000E+02 8 0 0 0 0 0 0 0 0 0 0 0 17 16 19 15 23 17
 3.780000E+02 11 0 0 0 0 0 0 0 0 0 0 0 27 20 19 12 19 18
 3.785000E+02 9 0 0 0 0 0 0 0 0 0 0 0 16 24 19 15 18 19
 3.790000E+02 10 0 0 0 0 0 0 0 0 0 0 0 18 26 16 9 15 19
 3.795000E+02 10 0 0 0 0 0 0 0 0 0 0 0 16 23 12 18 17 23
 3.800000E+02 6 0 0 0 0 0 0 0 0 0 0 0 16 17 16 15 21 22
 3.805000E+02 8 0 0 0 0 0 0 0 0 0 0 0 16 23 22 21 16 17
 3.810000E+02 9 0 0 0 0 0 0 0 0 0 0 0 17 17 22 16 19 14
 3.815000E+02 7 0 0 0 0 0 0 0 0 0 0 0 13 19 17 13 22 15
 3.820000E+02 4 0 0 0 0 0 0 0 0 1 0 0 20 17 24 17 19 10
 3.825000E+02 12 0 0 0 0 0 0 0 0 0 0 0 19 15 16 16 13 15
 3.830000E+02 9 0 0 0 0 0 0 0 0 0 0 0 19 12 16 24 21 11
 3.835000E+02 3 0 0 0 0 0 0 0 0 0 0 0 22 19 8 25 18 13
 3.840000E+02 6 0 0 0 0 0 0 0 0 0 0 0 25 20 8 21 18 12
 3.845000E+02 10 0 0 0 0 0 0 0 0 0 0 0 20 16 14 24 13 16
 3.850000E+02 12 0 0 0 0 0 0 0 0 0 0 0 24 14 7 22 12 22
 3.855000E+02 5 0 0 0 0 0 0 0 0 0 0 0 24 15 13 25 9 16
 3.860000E+02 7 0 0 0 0 0 0 0 0 0 0 0 14 17 10 21 14 16
 3.865000E+02 8 0 0 0 0 0 0 0 0 2 0 0 17 16 14 16 20 24
 3.870000E+02 8 0 0 0 0 0 0 0 0 1 0 0 17 22 13 21 28 14
 3.875000E+02 11 0 0 0 0 0 0 0 0 1 0 0 15 13 20 15 16 17
 3.880000E+02 6 0 0 0 0 0 0 0 0 1 0 0 15 12 18 21 17 11
 3.885000E+02 9 0 0 0 0 0 0 0 0 0 0 0 20 12 19 15 14 12
 3.890000E+02 10 0 0 0 0 0 0 0 0 0 0 0 23 17 25 10 15 14
 3.895000E+02 8 0 0 0 0 0 0 0 0 1 0 0 22 12 20 11 14 15
 3.900000E+02 5 0 0 0 0 0 0 1 0 0 0 0 16 18 18 17 17 13
 3.905000E+02 12 0 0 0 0 0 0 0 0 0 0 0 14 18 8 16 10 16
 3.910000E+02 3 0 0 0 0 0 0 0 0 0 0 0 18 24 17 20 16 20
 3.915000E+02 6 0 0 0 0 0 0 0 0 0 0 0 18 22 18 21 14 22
 3.920000E+02 5 0 0 0 0 0 0 0 0 0 0 0 17 21 11 12 20 23
 3.925000E+02 9 0 0 0 0 0 0 0 0 0 0 0 17 15 13 12 23 28
 3.930000E+02 9 0 0 0 0 0 0 0 0 0 0 0 16 16 11 16 21 22
 3.935000E+02 9 0 0 0 0 0 0 0 0 0 0 0 16 16 19 20 17 18
 3.940000E+02 5 0 0 0 0 0 0 0 0 0 0 0 19 18 17 11 20 16
 3.945000E+02 17 0 0 0 0 0 0 0 0 0 0 0 16 21 22 8 18 16
 3.950000E+02 10 0 0 0 0 0 0 0 0 1 0 0 12 16 19 14 18 15
 3.955000E+02 15 0 0 0 0 0 0 0 0 1 0 0 13 15 17 10 25 22
 3.960000E+02 8 0 0 0 0 0 0 0 0 1 0 0 12 17 19 8 21 24
 3.965000E+02 11 0 0 0 0 0 0 0 0 0 0 0 16 15 21 13 19 16
 3.970000E+02 10 0 0 0 0 0 0 0 0 0 0 0 19 26 15 23 16 11
 3.975000E+02 9 0 0 0 0 0 0 0 0 0 0 0 18 21 18 18 16 17
 3.980000E+02 9 0 0 0 0 0 0 0 0 0 0 0 12 16 19 23 21 15
 3.985000E+02 11 0 0 0 0 0 0 0 0 0 0 0 23 17 18 19 19 17
 3.990000E+02 15 0 0 0 0 0 0 0 0 0 0 0 24 18 15 11 20 17
 3.995000E+02 6 0 0 0 0 0 0 0 0 0 0 1 17 24 10 18 22 19
 4.000000E+02 10 0 0 0 0 0 0 0 0 1 0 0 20 26 20 9 12 21
 4.005000E+02 8 0 0 0 0 0 0 0 0 1 0 0 21 19 17 17 11 20
 4.010000E+02 8 0 0 0 0 0 0 0 0 1 0 0 25 24 21 15 16 11
 4.015000E+02 7 0 0 0 0 0 0 0 0 1 0 0 22 17 21 18 16 12
 4.020000E+02 10 0 0 0 0 0 0 0 0 0 0 0 11 21 23 14 20 14
 4.025000E+02 10 0 0 0 0 0 0 0 0 0 0 0 8 22 20 24 19 17
 4.030000E+02 8 0 0 0 0 0 0 0 0 1 0 0 15 23 23 25 19 9
 4.035000E+02 13 0 0 0 0 0 0 0 0 0 0 0 16 18 24 18 17 15
 4.040000E+02 5 0 0 0 0 0 0 0 0 0 0 0 17 14 25 18 12 17
 4.045000E+02 8 0 0 0 0 0 0 1 0 0 0 0 11 15 20 23 26 15
 4.050000E+02 8 0 0 0 0 0 0 0 0 0 0 0 25 15 19 14 18 23
 4.055000E+02 6 0 0 0 0 0 0 0 0 0 0 0 20 15 20 9 22 22
 4.060000E+02 12 0 0 0 0 0 0 0 0 0 0 0 13 15 19 15 18 23
 4.065000E+02 16 0 0 0 0 0 0 0 0 0 0 0 14 16 12 17 15 23
 4.070000E+02 9 0 0 0 0 0 0 0 0 0 0 0 12 20 15 22 19 17
 4.075000E+02 10 0 0 0 0 0 0 0 0 0 0 0 11 24 14 16 19 13
 4.080000E+02 6 0 0 0 0 0 0 0 0 1 0 0 14 17 17 21 16 13
 4.085000E+02 11 0 0 0 0 0 0 0 0 0 0 0 19 17 17 20 20 10
 4.090000E+02 9 0 0 0 0 0 0 0 0 1 0 0 19 17 18 16 18 13
 4.095000E+02 11 0 0 0 0 0 0 0 0 0 0 0 18 17 19 17 23 12
 4.100000E+02 9 0 0 0 0 0 0 0 0 0 0 0 21 13 15 15 22 16
 4.105000E+02 7 0 0 0 0 0 0 0 0 0 0 0 15 18 17 18 19 17
 4.110000E+02 5 0 0 0 0 0 0 0 0 0 0 0 20 22 13 14 19 18
 4.115000E+02 4 0 0 0 0 0 0 0 0 0 0 0 17 18 18 10 14 18
 4.120000E+02 9 0 0 0 0 0 0 0 0 0 0 0 19 20 19 11 17 18
 4.125000E+02 10 0 0 0 0 0 0 0 0 0 0 0 20 10 15 7 21 18
 4.130000E+02 12 0 0 0 0 0 0 0 0 0 0 0 19 8 17 14 19 24
 4.135000E+02 7 0 0 0 0 0 0 0 0 0 0 0 15 9 22 12 20 14
 4.140000E+02 7 0 0 0 0 0 0 0 0 0 0 0 22 16 20 10 18 20
 4.145000E+02 6 0 0 0 0 0 0 0 0 0 0 0 16 18 26 10 14 14
 4.150000E+02 8 0 0 0 0 0 0 0 0 0 0 0 20 14 21 13 19 19
 4.155000E+02 9 0 0 0 0 0 0 0 0 0 0 0 18 12 18 11 22 20
 4.160000E+02 8 0 0 0 0 0 0 0 0 0 0 0 15 9 13 16 19 24
 4.165000E+02 9 0 0 0 0 0 0 0 0 0 0 0 11 13 20 14 18 19
 4.170000E+02 11 0 0 0 0 0 0 0 0 0 0 0 16 15 14 15 16 22
 4.175000E+02 5 0 0 0 0 0 0 0 0 0 0 0 22 26 11 14 11 12
 4.180000E+02 6 0 0 0 0 0 0 0 0 0 0 0 18 19 23 15 17 10
 4.185000E+02 7 0 0 0 0 0 0 0 0 0 0 0 13 22 18 14 16 18
 4.190000E+02 11 0 0 0 0 0 0 1 0 1 0 0 17 20 15 17 12 16
 4.195000E+02 6 0 0 0 0 0 0 0 0 0 0 0 19 22 11 15 9 17
 4.200000E+02 4 0 0 0 0 0 0 0 0 0 0 0 26 22 9 15 15 15
 4.205000E+02 13 0 0 0 0 0 0 0 0 0 0 0 20 23 14 19 13 14
 4.210000E+02 8 0 0 0 0 0 0 0 0 0 0 0 14 21 10 17 14 13
 4.215000E+02 5 0 0 0 0 0 0 0 0 0 0 0 13 15 14 20 14 11
 4.220000E+02 7 0 0 0 0 0 0 0 0 0 0 0 12 21 15 17 13 18
 4.225000E+02 9 0 0 1 0 0 0 0 0 0 0 0 18 11 13 19 10 20
 4.230000E+02 6 0 0 0 0 0 0 0 0 1 0 0 20 15 19 16 15 16
 4.235000E+02 8 0 0 0 0 0 0 0 0 0 0 0 16 14 17 16 16 20
 4.240000E+02 8 0 0 0 0 0 0 0 0 0 0 0 15 13 19 12 21 23
 4.245000E+02 10 0 0 0 0 0 0 0 0 0 0 0 10 11 25 13 19 26
 4.250000E+02 5 0 0 1 0 0 0 0 0 0 0 0 18 11 19 15 18 19
 4.255000E+02 11 0 0 0 0 0 0 0 0 0 0 0 19 11 12 20 17 21
 4.260000E+02 13 0 0 0 0 0 0 0 0 0 0 0 18 13 18 21 17 17
 4.265000E+02 13 0 0 0 0 0 0 0 0 0 0 0 16 10 21 25 14 13
 4.270000E+02 10 0 0 0 0 0 0 0 0 0 0 0 16 14 20 18 10 14
 4.275000E+02 14 0 0 0 0 0 0 0 0 0 0 0 18 11 18 16 17 13
 4.280000E+02 9 0 0 0 0 0 0 0 0 0 0 0 15 21 14 10 25 15
 4.285000E+02 9 0 0 0 0 0 0 0 0 0 0 0 13 18 14 14 14 20
 4.290000E+02 8 0 0 0 0 0 0 0 0 0 0 0 16 17 12 23 18 16
 4.295000E+02 8 0 0 0 0 0 0 0 0 0 0 0 14 14 10 25 22 14
 4.300000E+02 5 0 0 0 0 0 0 0 0 0 0 0 16 14 21 16 23 18
 4.305000E+02 10 0 0 0 0 0 0 0 0 0 0 0 16 14 19 12 24 21
 4.310000E+02 11 0 0 0 0 0 0 0 0 1 0 0 10 10 15 13 24 15
 4.315000E+02 6 0 0 0 0 0 0 0 0 1 0 0 15 17 18 20 16 15
 4.320000E+02 9 0 0 0 0 0 0 0 0 1 0 0 17 12 19 18 17 21
 4.325000E+02 12 0 0 0 0 0 0 0 0 1 0 0 23 23 16 23 11 12
 4.330000E+02 7 0 0 0 0 0 0 0 0 1 0 0 17 19 13 19 8 18
 4.335000E+02 7 0 0 0 0 0 0 1 0 0 0 0 14 15 17 19 14 20
 4.340000E+02 9 0 0 0 0 0 0 1 0 0 0 0 11 13 23 17 20 20
 4.345000E+02 5 0 0 0 0 0 0 0 0 0 0 0 11 19 20 17 20 26
 4.350000E+02 8 0 0 0 0 0 0 0 0 0 0 0 18 14 20 17 20 20
 4.355000E+02 11 0 0 0 0 0 0 0 0 0 0 0 22 19 17 13 18 17
 4.360000E+02 11 0 0 0 0 0 0 0 0 0 0 0 14 19 20 13 16 20
 4.365000E+02 8 0 0 0 0 0 0 0 0 0 0 0 14 19 17 15 18 16
 4.370000E+02 10 0 0 0 0 0 0 0 0 0 0 0 8 27 20 12 15 12
 4.375000E+02 6 0 0 0 0 0 0 0 0 1 0 0 10 30 15 13 18 17
 4.380000E+02 10 0 0 0 0 0 0 1 0 0 0 0 12 20 14 7 20 18
 4.385000E+02 10 0 0 0 0 0 0 0 0 1 0 0 20 20 19 14 15 16
 4.390000E+02 8 0 0 0 0 0 0 0 0 1 0 0 22 19 12 12 16 21
 4.395000E+02 9 0 0 0 0 0 0 0 0 0 0 0 12 19 13 17 14 20
 4.400000E+02 12 0 0 0 0 0 0 0 0 1 0 0 15 19 13 21 18 15
 4.405000E+02 7 0 0 0 0 0 0 0 0 0 0 0 15 16 17 17 16 21
 4.410000E+02 8 0 0 0 0 0 0 0 0 0 0 0 11 13 17 15 18 26
 4.415000E+02 8 0 0 0 0 0 0 0 0 1 0 0 12 15 15 15 18 25
 4.420000E+02 11 0 0 0 0 0 0 0 0 0 1 0 16 15 13 19 18 21
 4.425000E+02 9 0 0 0 0 0 0 0 0 0 0 0 22 12 13 17 16 16
 4.430000E+02 7 0 0 0 0 0 0 0 0 0 0 0 19 25 11 21 14 16
 4.435000E+02 7 0 0 0 0 0 0 0 0 0 0 0 18 14 16 18 15 18
 4.440000E+02 8 0 0 0 0 0 0 0 0 0 0 0 21 15 20 14 18 24
 4.445000E+02 10 0 0 0 0 0 0 0 0 0 0 0 13 18 18 11 18 18
 4.450000E+02 12 0 0 0 0 0 0 0 0 0 0 0 14 19 19 13 11 19
 4.455000E+02 13 0 0 0 0 0 0 0 0 0 0 0 22 15 19 19 11 17
 4.460000E+02 13 0 0 0 0 0 0 0 0 0 0 0 17 17 16 15 18 16
 4.465000E+02 10 0 0 0 0 0 0 0 0 0 0 0 22 18 14 17 18 14
 4.470000E+02 7 0 0 0 0 0 0 0 0 0 0 0 13 12 16 20 21 11
 4.475000E+02 11 0 0 0 0 0 0 0 0 1 0 0 15 12 21 19 20 15
 4.480000E+02 10 0 0 0 0 0 0 0 0 0 0 0 11 15 14 16 18 18
 4.485000E+02 10 0 0 0 0 0 0 0 0 0 0 0 13 20 10 17 13 14
 4.490000E+02 7 0 0 0 0 0 0 0 0 0 0 0 19 22 11 13 14 15
 4.495000E+02 6 0 0 0 0 0 0 0 0 0 0 0 15 20 16 18 19 12
 4.500000E+02 10 0 0 0 0 0 0 0 0 0 0 0 23 13 15 17 18 13
 4.505000E+02 9 0 0 0 0 0 0 0 0 0 0 0 19 17 19 12 15 18
 4.510000E+02 5 0 0 0 0 0 0 0 0 0 0 0 21 16 20 13 16 10
 4.515000E+02 11 0 0 0 0 0 0 0 0 0 0 0 15 25 20 18 18 13
 4.520000E+02 11 0 0 0 0 0 0 0 0 0 0 0 11 16 15 17 18 14
 4.525000E+02 5 0 0 0 0 0 0 0 0 0 0 0 17 18 16 21 22 15
 4.530000E+02 12 0 0 0 0 0 0 0 0 0 0 0 18 20 15 11 18 16
 4.535000E+02 7 0 0 0 0 0 0 1 0 0 0 0 17 23 11 13 13 12
 4.540000E+02 8 0 0 0 0 0 0 0 0 0 0 0 18 27 14 11 13 16
 4.545000E+02 8 0 0 0 0 0 0 0 0 0 0 0 22 21 15 16 14 18
 4.550000E+02 9 0 0 0 0 0 0 0 0 0 0 0 28 19 11 19 14 15
 4.555000E+02 8 0 0 0 0 0 0 0 0 0 0 0 23 13 17 24 15 16
 4.560000E+02 9 0 0 0 0 0 0 0 0 0 0 0 21 14 9 17 19 23
 4.565000E+02 10 0 0 0 0 0 0 0 0 0 0 0 21 13 14 11 15 24
 4.570000E+02 9 0 0 0 0 0 0 0 0 1 0 0 14 16 20 23 8 21
 4.575000E+02 6 0 0 0 0 0 0 0 0 1 0 0 18 18 22 19 16 18
 4.580000E+02 10 0 0 0 0 0 0 0 0 1 0 0 17 22 22 17 19 21
 4.585000E+02 9 0 0 0 0 0 0 0 0 0 0 0 18 19 20 15 22 21
 4.590000E+02 13 0 0 0 0 0 0 0 0 0 0 0 17 11 20 17 20 21
 4.595000E+02 10 0 0 0 0 0 0 0 0 0 0 0 16 11 18 19 16 22
 4.600000E+02 10 0 0 0 0 0 0 0 0 0 0 0 16 14 16 19 18 17
 4.605000E+02 7 0 0 0 0 0 0 0 0 1 0 0 21 14 16 17 18 17
 4.610000E+02 12 0 0 0 0 0 0 0 0 0 0 0 16 12 18 25 14 15
 4.615000E+02 7 0 0 0 0 0 0 0 0 0 0 0 20 10 18 22 16 16
 4.620000E+02 7 0 0 0 0 0 0 0 0 0 0 0 13 17 13 20 16 22
 4.625000E+02 9 0 0 0 0 0 0 0 0 0 0 0 10 13 11 24 12 22
 4.630000E+02 10 0 0 0 0 0 0 0 0 0 0 0 12 14 18 25 16 15
 4.635000E+02 8 0 0 0 0 0 0 0 0 0 0 0 16 10 14 20 12 12
 4.640000E+02 8 0 0 0 0 0 0 0 0 0 0 0 15 14 17 23 13 12
 4.645000E+02 10 0 0 0 0 0 0 0 0 1 0 0 13 13 18 22 17 21
 4.650000E+02 10 0 0 0 0 0 0 0 0 1 0 0 20 15 22 13 20 22
 4.655000E+02 10 0 0 0 0 0 0 0 0 0 0 0 18 15 20 17 18 15
 4.660000E+02 8 0 0 0 0 0 0 0 0 0 0 0 20 12 17 13 17 17
 4.665000E+02 5 0 0 0 0 0 0 0 0 0 0 0 15 12 17 17 19 10
 4.670000E+02 9 0 0 0 0 0 0 0 0 0 0 0 15 9 17 18 26 16
 4.675000E+02 9 0 0 0 0 0 0 0 0 0 0 0 15 15 24 12 17 19
 4.680000E+02 8 0 0 1 0 0 0 0 0 0 0 0 13 17 22 13 11 22
 4.685000E+02 9 0 0 1 0 0 0 0 0 1 0 0 13 20 26 14 10 18
 4.690000E+02 6 0 0 0 0 0 0 0 0 1 0 0 16 23 26 17 10 19
 4.695000E+02 9 0 0 0 0 0 0 0 0 1 0 0 12 16 29 14 11 15
 4.700000E+02 7 0 0 0 0 0 0 1 0 0 0 0 15 20 21 12 18 18
 4.705000E+02 9 0 0 0 0 0 0 0 0 0 0 0 17 12 16 14 24 19
 4.710000E+02 12 0 0 0 0 0 0 0 0 0 0 0 15 11 15 15 22 16
 4.715000E+02 4 0 0 0 0 0 0 0 0 0 0 0 13 11 14 14 22 19
 4.720000E+02 8 0 0 0 0 0 0 0 0 0 0 0 15 16 21 18 23 18
 4.725000E+02 5 0 0 1 0 0 0 0 0 0 0 0 18 14 11 23 22 14
 4.730000E+02 9 0 0 0 0 0 0 1 0 0 0 0 24 18 14 18 19 20
 4.735000E+02 9 0 0 0 0 0 0 0 0 0 0 0 14 15 22 18 22 22
 4.740000E+02 9 0 0 0 0 0 0 0 0 0 0 0 20 20 22 17 19 18
 4.745000E+02 19 0 0 0 0 0 0 0 0 0 0 0 20 20 20 17 16 21
 4.750000E+02 10 0 0 0 0 0 0 0 0 0 0 0 31 18 14 20 12 11
 4.755000E+02 6 0 0 0 0 0 0 0 0 0 0 0 28 15 18 21 13 14
 4.760000E+02 10 0 0 0 0 0 0 0 0 1 0 0 18 22 17 15 17 12
 4.765000E+02 10 0 0 0 0 0 0 0 0 1 0 0 23 22 17 15 10 15
 4.770000E+02 12 0 0 0 0 0 0 0 0 1 0 0 28 16 16 14 12 18
 4.775000E+02 9 0 0 0 0 0 0 0 0 0 0 0 22 23 15 13 14 13
 4.780000E+02 11 0 0 0 0 0 0 0 0 0 0 0 23 16 15 15 23 17
 4.785000E+02 6 0 0 0 0 0 0 0 0 0 0 0 17 18 13 13 19 16
 4.790000E+02 10 0 0 0 0 0 0 0 0 0 0 0 23 22 12 13 22 19
 4.795000E+02 10 0 0 0 0 0 0 0 0 0 0 0 16 24 18 19 11 18
 4.800000E+02 13 0 0 0 0 0 0 0 0 0 0 0 13 18 25 20 14 15
 4.805000E+02 14 0 0 1 0 0 0 0 0 0 0 0 13 21 19 17 19 21
 4.810000E+02 10 0 0 0 0 0 0 0 0 1 0 0 18 19 21 14 18 21
 4.815000E+02 7 0 0 0 0 0 0 1 0 1 0 0 13 22 26 16 20 15
 4.820000E+02 12 0 0 0 0 0 0 0 0 1 0 0 12 23 29 22 13 15
 4.825000E+02 11 0 0 0 0 0 0 0 0 1 0 0 11 10 16 23 25 17
 4.830000E+02 9 0 0 0 0 0 0 1 0 0 0 0 20 10 18 15 28 17
 4.835000E+02 6 0 0 0 0 0 0 0 0 1 0 0 16 13 20 19 24 14
 4.840000E+02 11 0 0 0 0 0 0 0 0 1 0 0 21 18 20 18 23 12
 4.845000E+02 4 0 0 1 0 0 0 0 0 0 0 0 22 14 23 14 22 11
 4.850000E+02 8 0 0 0 0 0 0 0 0 0 0 0 20 10 21 11 24 20
 4.855000E+02 6 0 0 0 0 0 0 0 0 0 0 0 23 14 15 20 20 15
 4.860000E+02 10 0 0 0 0 0 0 0 0 0 0 0 24 15 12 21 23 16
 4.865000E+02 3 0 0 0 0 0 0 0 0 0 0 0 24 22 12 24 13 18
 4.870000E+02 2 0 0 0 0 0 0 0 0 0 0 0 21 23 9 25 15 18
 4.875000E+02 12 0 0 0 0 0 0 0 0 0 0 0 21 22 19 18 8 15
 4.880000E+02 10 0 0 0 0 0 0 0 0 0 0 0 18 25 23 17 12 21
 4.885000E+02 7 0 0 0 0 0 0 0 0 0 0 0 18 20 23 17 11 16
 4.890000E+02 6 0 0 0 0 0 0 0 0 0 0 0 24 21 23 16 14 14
 4.895000E+02 4 0 0 0 0 0 0 0 0 0 0 0 22 17 20 23 13 19
 4.900000E+02 11 0 0 0 0 0 0 0 0 0 0 0 19 18 20 18 14 15
 4.905000E+02 4 0 0 0 0 0 0 0 0 0 0 0 9 20 20 19 19 20
 4.910000E+02 13 0 0 0 0 0 0 0 0 0 0 0 19 15 15 25 17 19
 4.915000E+02 9 0 0 0 0 0 0 0 0 0 0 0 14 15 14 24 17 22
 4.920000E+02 5 0 0 0 0 0 0 0 0 0 0 0 18 18 13 20 18 23
 4.925000E+02 4 0 0 1 0 0 0 0 0 0 0 0 17 14 14 18 16 23
 4.930000E+02 4 0 0 0 0 0 0 0 0 1 0 0 11 16 17 22 17 23
 4.935000E+02 7 0 0 1 0 0 0 0 0 0 0 0 17 14 25 20 18 15
 4.940000E+02 9 0 0 0 0 0 0 0 0 1 0 0 12 14 28 20 18 14
 4.945000E+02 13 0 0 0 0 0 0 0 0 0 0 0 18 9 26 14 17 20
 4.950000E+02 11 0 0 0 0 0 0 0 0 0 0 0 24 17 22 18 14 23
 4.955000E+02 6 0 0 0 0 0 0 0 0 0 0 0 20 12 24 16 20 16
 4.960000E+02 10 0 0 1 0 0 0 0 0 0 0 0 15 15 23 14 24 14
 4.965000E+02 8 0 0 0 0 0 0 0 0 1 0 0 18 13 23 19 15 9
 4.970000E+02 7 0 0 0 0 0 0 0 0 1 0 0 18 12 26 17 20 16
 4.975000E+02 3 0 0 0 0 0 0 0 0 1 0 0 24 17 16 18 21 19
 4.980000E+02 12 0 0 0 0 0 0 0 0 1 0 0 21 15 12 20 26 19
 4.985000E+02 12 0 0 0 0 0 0 0 0 1 0 0 16 23 12 21 26 19
 4.990000E+02 8 0 0 0 0 0 0 0 0 1 0 0 16 17 20 20 24 22
 4.995000E+02 10 0 0 0 0 0 0 0 0 1 0 0 19 10 9 21 22 20
 5.000000E+02 10 0 0 0 0 0 0 1 0 0 0 0 20 16 13 23 21 18
 5.005000E+02 14 0 0 1 0 0 0 0 0 0 0 0 15 12 17 20 24 18
 5.010000E+02 12 0 0 0 0 0 0 0 0 1 0 0 14 16 15 19 21 22
 5.015000E+02 10 0 0 0 0 0 0 0 0 1 0 0 17 23 14 15 16 21
 5.020000E+02 9 0 0 0 0 0 0 0 0 1 0 0 20 16 13 18 22 16
 5.025000E+02 12 0 0 0 0 0 0 0 0 1 0 0 21 12 10 19 22 18
 5.030000E+02 8 0 0 0 0 0 0 1 0 1 0 0 20 17 17 22 17 14
 5.035000E+02 6 0 0 0 0 0 0 0 0 2 0 0 22 17 13 20 15 14
 5.040000E+02 8 0 0 0 0 0 0 0 0 1 0 0 14 18 15 19 16 17
 5.045000E+02 12 0 0 0 0 0 0 0 0 1 0 0 12 22 19 23 16 18
 5.050000E+02 13 0 0 0 0 0 0 0 0 2 0 0 19 20 11 19 21 18
 5.055000E+02 11 0 0 0 0 0 0 0 0 1 0 0 16 14 22 18 19 13
 5.060000E+02 8 0 0 0 0 0 0 0 0 1 0 0 20 15 20 15 12 13
 5.065000E+02 9 0 0 0 0 0 0 0 0 1 0 0 20 16 16 16 18 13
 5.070000E+02 15 0 0 0 0 0 0 0 0 1 0 0 22 16 11 12 17 14
 5.075000E+02 8 0 0 0 0 0 0 0 0 1 0 0 21 20 15 17 13 18
 5.080000E+02 9 0 0 0 0 0 0 1 0 2 0 0 17 19 20 17 12 20
 5.085000E+02 5 0 0 0 0 0 0 1 0 1 0 0 16 18 13 14 14 21
 5.090000E+02 11 0 0 0 0 0 0 0 0 2 0 0 19 14 16 25 16 18
 5.095000E+02 10 0 0 1 0 0 0 0 0 1 0 0 14 13 19 21 17 18
 5.100000E+02 15 0 0 0 0 0 0 0 0 1 0 0 17 15 14 10 22 21
 5.105000E+02 6 0 0 0 0 0 0 0 0 0 0 0 19 12 19 15 21 23
 5.110000E+02 10 0 0 0 0 0 0 0 0 1 0 0 12 14 17 16 20 17
 5.115000E+02 12 0 0 0 0 0 0 0 0 0 0 0 15 13 18 18 14 19
 5.120000E+02 7 0 0 0 0 1 0 0 0 1 0 0 15 11 16 22 11 17
 5.125000E+02 11 0 0 0 0 0 0 0 0 1 0 0 14 16 16 14 17 20
 5.130000E+02 8 0 0 0 0 0 0 0 0 0 0 0 22 22 11 10 21 19
 5.135000E+02 7 0 0 0 0 0 0 0 0 0 0 0 15 26 12 13 16 15
 5.140000E+02 5 0 0 0 0 0 0 0 0 1 0 0 18 22 17 18 14 17
 5.145000E+02 13 0 0 0 0 0 0 0 0 1 0 0 23 15 17 17 14 15
 5.150000E+02 7 0 0 0 0 0 0 0 0 1 0 0 25 16 19 15 22 21
 5.155000E+02 11 0 0 0 0 0 0 1 0 1 0 0 19 15 19 17 22 15
 5.160000E+02 7 0 0 1 0 0 0 0 0 0 0 0 12 9 26 15 23 18
 5.165000E+02 9 0 0 0 0 0 0 0 0 1 0 0 16 10 28 17 22 19
 5.170000E+02 3 0 0 0 0 0 0 1 0 0 0 0 17 17 24 18 14 11
 5.175000E+02 4 0 0 0 0 0 0 0 0 1 0 0 17 16 17 21 13 13
 5.180000E+02 13 0 0 0 0 0 0 0 0 0 0 0 19 16 13 19 17 17
 5.185000E+02 6 0 0 1 0 0 0 0 0 0 0 0 16 17 14 13 21 14
 5.190000E+02 10 0 0 0 0 0 0 0 0 0 0 0 12 19 19 9 17 20
 5.195000E+02 6 0 0 1 0 0 0 0 0 0 0 0 10 10 19 22 13 18
 5.200000E+02 12 0 0 0 0 0 0 0 0 2 0 0 11 10 18 28 11 14
 5.205000E+02 10 0 0 0 0 0 0 0 0 0 0 0 14 11 15 18 13 10
 5.210000E+02 9 0 0 0 0 0 0 0 0 0 0 0 15 11 18 18 18 17
 5.215000E+02 5 0 0 0 0 0 0 0 0 0 0 0 11 15 24 18 16 13
 5.220000E+02 13 0 0 0 0 0 0 0 0 0 0 0 12 17 25 10 19 10
 5.225000E+02 10 0 0 0 0 0 0 0 0 0 0 0 12 21 19 17 14 11
 5.230000E+02 11 0 0 0 0 0 0 0 0 0 0 0 16 19 9 22 13 17
 5.235000E+02 10 0 0 0 0 0 0 0 0 0 0 0 13 22 16 11 21 13
 5.240000E+02 13 0 0 0 0 0 0 0 0 0 0 0 17 22 19 8 19 16
 5.245000E+02 11 0 0 0 0 0 0 0 0 0 0 0 9 28 22 9 17 17
 5.250000E+02 8 0 0 0 0 0 0 0 0 0 0 0 8 27 21 9 13 19
 5.255000E+02 4 0 0 0 0 0 0 0 0 0 0 0 12 29 24 15 12 16
 5.260000E+02 8 0 0 0 0 0 0 0 0 0 0 0 16 22 18 16 14 17
 5.265000E+02 12 0 0 0 0 0 0 0 0 0 0 0 13 18 18 17 10 18
 5.270000E+02 9 0 0 0 0 0 0 0 0 0 0 0 9 14 20 16 16 22
 5.275000E+02 7 0 0 0 0 0 0 0 0 0 0 0 13 22 19 14 12 27
 5.280000E+02 5 0 0 0 0 0 0 0 0 0 0 0 21 23 17 13 12 24
 5.285000E+02 5 0 0 0 0 0 0 0 0 0 0 0 19 28 17 11 15 20
 5.290000E+02 11 0 0 0 0 0 0 0 0 0 0 0 19 24 10 10 16 10
 5.295000E+02 8 0 0 0 0 0 0 0 0 0 0 0 18 15 16 19 13 18
 5.300000E+02 9 0 0 0 0 0 0 0 0 0 0 0 10 22 23 20 13 10
 5.305000E+02 8 0 0 0 0 0 0 0 0 0 0 0 16 19 23 14 9 15
 5.310000E+02 9 0 0 0 0 0 0 0 0 0 0 0 21 14 19 16 17 10
 5.315000E+02 10 0 0 0 0 0 0 0 0 0 0 0 14 13 18 15 18 16
 5.320000E+02 9 0 0 0 0 0 0 0 0 0 0 0 16 17 20 12 21 22
 5.325000E+02 8 0 0 0 0 0 0 0 0 0 0 0 17 15 20 11 21 17
 5.330000E+02 14 0 0 0 0 0 0 0 0 0 0 0 19 21 20 8 11 19
 5.335000E+02 8 0 0 0 0 0 0 0 0 0 0 0 17 18 17 15 14 18
 5.340000E+02 12 0 0 0 0 0 0 0 0 0 0 0 13 12 19 19 17 19
 5.345000E+02 12 0 0 0 0 0 0 0 0 0 0 0 16 9 17 15 17 20
 5.350000E+02 13 0 0 0 0 0 0 0 0 0 0 0 16 12 20 18 19 14
 5.355000E+02 7 0 0 0 0 0 0 0 0 0 0 0 23 18 22 14 21 12
 5.360000E+02 9 0 0 0 0 0 0 0 0 0 0 0 18 15 16 11 16 13
 5.365000E+02 3 0 0 0 0 0 0 0 0 0 0 0 22 21 15 18 12 18
 5.370000E+02 10 0 0 0 0 0 0 1 0 0 0 0 20 21 11 20 10 25
 5.375000E+02 6 0 0 0 0 0 0 0 0 1 0 0 19 16 14 14 19 17
 5.380000E+02 5 0 0 0 0 0 0 0 0 0 0 0 22 20 18 10 17 20
 5.385000E+02 4 0 0 0 0 0 0 0 0 0 0 0 18 13 16 14 20 21
 5.390000E+02 10 0 0 0 0 0 0 0 0 0 0 0 23 16 19 15 11 16
 5.395000E+02 10 0 0 0 0 0 0 0 0 0 0 0 20 15 15 17 24 14
 5.400000E+02 4 0 0 0 0 0 0 0 0 0 0 0 20 14 16 17 29 13
 5.405000E+02 9 0 0 0 0 0 0 0 0 0 0 0 13 15 19 21 21 13
 5.410000E+02 12 0 0 0 0 0 0 0 0 1 0 0 12 17 14 11 18 13
 5.415000E+02 11 0 0 1 0 0 0 0 0 0 0 0 12 20 18 16 15 11
 5.420000E+02 5 0 0 0 0 0 0 0 0 1 0 0 11 17 17 18 24 13
 5.425000E+02 7 0 0 0 0 0 0 0 0 2 0 0 8 17 15 18 24 19
 5.430000E+02 5 0 0 0 0 0 0 0 0 2 0 0 12 17 14 20 23 14
 5.435000E+02 3 0 0 0 0 0 0 1 0 1 0 0 17 15 20 21 18 16
 5.440000E+02 10 0 0 2 0 0 0 0 0 0 0 0 18 18 22 12 16 19
 5.445000E+02 13 0 0 0 0 0 0 0 0 2 0 0 18 13 12 10 26 19
 5.450000E+02 6 0 0 0 0 0 0 0 0 2 0 0 20 8 18 12 24 24
 5.455000E+02 7 0 0 0 0 0 0 0 0 2 0 0 18 11 18 15 23 17
 5.460000E+02 6 0 0 1 0 0 0 0 0 1 0 0 12 13 19 19 23 21
 5.465000E+02 7 0 0 0 0 0 0 0 0 1 0 0 15 12 20 24 16 17
 5.470000E+02 6 0 0 0 0 0 0 0 0 1 0 0 15 10 16 22 17 20
 5.475000E+02 8 0 0 0 0 0 0 0 0 0 0 0 21 16 19 22 22 15
 5.480000E+02 7 0 0 0 0 0 0 0 0 1 0 0 23 17 22 22 14 12
 5.485000E+02 11 0 0 0 0 0 0 0 0 0 0 0 20 17 18 13 23 10
 5.490000E+02 6 0 0 0 0 0 0 0 0 0 0 0 25 12 14 24 18 19
 5.495000E+02 8 0 0 0 0 0 0 0 0 0 0 0 24 13 22 15 14 14
 5.500000E+02 8 0 0 0 0 0 0 0 0 0 0 0 27 14 20 17 16 17
 5.505000E+02 8 0 0 0 0 0 0 0 0 0 0 0 26 7 23 13 17 17
 5.510000E+02 6 0 0 0 0 0 0 0 0 0 0 0 22 10 18 20 21 19
 5.515000E+02 13 0 0 0 0 0 0 0 0 1 0 0 20 19 16 15 18 15
 5.520000E+02 8 0 0 0 0 0 0 0 0 1 0 0 17 17 23 19 23 16
 5.525000E+02 4 0 0 0 0 0 0 0 0 0 0 0 15 13 18 20 25 16
 5.530000E+02 7 0 0 0 0 0 0 0 0 0 0 0 20 19 16 17 18 13
 5.535000E+02 6 0 0 0 0 0 0 0 0 0 0 0 30 15 24 18 14 17
 5.540000E+02 13 0 0 0 0 0 0 0 0 0 0 0 23 15 21 13 16 22
 5.545000E+02 13 0 0 0 0 0 0 0 0 0 0 0 13 19 16 21 15 19
 5.550000E+02 5 0 0 0 0 0 0 0 0 0 0 0 16 18 18 17 19 14
 5.555000E+02 9 0 0 0 0 0 0 0 0 1 0 0 14 23 16 13 16 18
 5.560000E+02 11 0 0 0 0 0 0 0 0 0 0 0 17 13 19 14 16 20
 5.565000E+02 4 0 0 0 0 0 0 0 0 0 0 0 14 23 17 15 14 12
 5.570000E+02 10 0 0 0 0 0 0 0 0 0 0 0 18 23 21 22 12 17
 5.575000E+02 9 0 0 0 0 0 0 0 0 0 0 0 12 14 24 15 15 18
 5.580000E+02 10 0 0 0 0 0 0 0 0 0 0 0 11 15 23 17 13 26
 5.585000E+02 6 0 0 0 0 0 0 0 0 0 0 0 15 18 21 19 15 24
 5.590000E+02 12 0 0 0 0 0 0 0 0 0 0 0 22 14 19 18 17 28
 5.595000E+02 8 0 0 0 0 0 0 0 0 0 0 0 27 20 15 16 19 21
 5.600000E+02 11 0 0 0 0 0 0 0 0 1 0 0 27 24 13 11 15 20
 5.605000E+02 10 0 0 1 0 0 0 0 0 1 0 0 19 15 15 18 16 25
 5.610000E+02 3 0 0 0 0 0 0 0 0 2 0 0 19 17 25 20 13 20
 5.615000E+02 7 0 0 0 0 0 0 0 0 1 0 0 11 13 21 11 16 31
 5.620000E+02 10 0 0 0 0 0 0 0 0 0 0 1 18 21 18 10 19 26
 5.625000E+02 13 0 0 0 0 0 0 0 0 1 0 0 19 15 22 15 15 23
 5.630000E+02 12 0 0 0 0 0 0 0 0 1 0 0 25 13 14 17 18 18
 5.635000E+02 8 0 0 0 0 0 0 0 0 1 0 0 16 16 22 14 19 18
 5.640000E+02 13 0 0 0 0 0 0 0 0 1 0 0 10 14 21 13 25 20
 5.645000E+02 10 0 0 0 0 0 0 0 0 0 0 0 14 21 15 15 22 17
 5.650000E+02 9 0 0 0 0 0 0 0 0 0 0 0 24 16 18 14 17 11
 5.655000E+02 10 0 0 0 0 0 0 0 0 0 0 0 16 20 20 21 23 15
 5.660000E+02 9 0 0 0 0 0 0 0 0 0 0 0 15 22 24 14 23 15
 5.665000E+02 8 0 0 0 0 0 0 0 0 0 0 0 9 20 20 12 25 16
 5.670000E+02 4 0 0 0 0 0 0 1 0 0 0 0 11 24 19 15 21 18
 5.675000E+02 6 0 0 0 0 0 0 0 0 0 0 0 17 23 22 18 15 15
 5.680000E+02 13 0 0 0 0 0 0 0 0 0 0 0 20 16 19 21 13 20
 5.685000E+02 13 0 0 0 0 0 0 0 0 0 0 0 20 24 22 18 15 21
 5.690000E+02 15 0 0 0 0 0 0 0 0 0 0 0 28 21 14 14 16 17
 5.695000E+02 10 0 0 0 0 0 0 0 0 0 0 0 21 22 21 18 13 21
 5.700000E+02 6 0 0 0 0 0 0 0 0 0 0 0 12 25 12 14 16 22
 5.705000E+02 8 0 0 0 0 0 0 0 0 0 0 0 16 20 9 17 19 24
 5.710000E+02 10 0 0 0 0 0 0 0 0 0 0 0 19 22 14 19 14 19
 5.715000E+02 13 0 0 0 0 0 0 0 0 0 0 0 19 17 11 19 15 14
 5.720000E+02 10 0 0 0 0 0 0 0 0 0 0 0 19 19 15 14 17 18
 5.725000E+02 7 0 0 0 0 0 0 0 0 0 0 0 15 23 17 21 13 15
 5.730000E+02 7 0 0 0 0 0 0 0 0 1 0 0 17 27 19 19 10 18
 5.735000E+02 9 0 0 1 0 0 0 0 0 0 0 0 20 18 17 16 14 20
 5.740000E+02 9 0 0 0 0 0 0 0 0 0 0 0 14 18 16 14 21 18
 5.745000E+02 10 0 0 0 0 0 0 0 0 0 0 0 16 13 14 18 24 18
 5.750000E+02 12 0 0 1 0 0 0 0 0 0 0 0 20 19 12 11 26 15
 5.755000E+02 12 0 0 0 0 0 0 0 0 1 0 0 22 11 20 16 24 17
 5.760000E+02 10 0 0 0 0 0 0 0 0 1 0 0 23 11 16 16 24 18
 5.765000E+02 11 0 0 0 0 0 0 0 0 0 0 0 21 15 23 19 16 18
 5.770000E+02 11 0 0 0 0 0 0 0 0 0 0 0 15 16 22 21 21 14
 5.775000E+02 8 0 0 0 0 0 0 0 0 0 0 0 19 22 15 9 17 11
 5.780000E+02 7 0 0 0 0 0 0 0 0 0 0 0 24 24 15 16 18 11
 5.785000E+02 9 0 0 0 0 0 0 0 0 0 0 0 24 16 16 16 21 15
 5.790000E+02 17 0 0 0 0 0 0 0 0 0 0 0 26 18 12 17 20 16
 5.795000E+02 8 0 0 0 0 0 0 0 0 0 0 0 19 11 17 15 13 23
 5.800000E+02 10 0 0 0 0 0 0 0 0 0 0 0 16 22 16 14 20 21
 5.805000E+02 8 0 0 0 0 0 0 0 0 0 0 0 22 16 16 24 16 16
 5.810000E+02 8 0 0 0 0 0 0 0 0 0 0 0 20 16 17 19 15 15
 5.815000E+02 8 0 0 0 0 0 0 0 0 0 0 0 20 21 14 16 14 18
 5.820000E+02 11 0 0 0 0 0 0 0 0 2 0 0 18 21 22 13 11 14
 5.825000E+02 12 0 0 0 0 0 0 1 0 0 0 0 15 17 18 21 11 14
 5.830000E+02 8 0 0 0 0 0 0 0 0 1 0 0 13 15 27 18 15 20
 5.835000E+02 8 0 0 0 0 0 0 0 0 0 0 0 10 16 19 24 19 15
 5.840000E+02 9 0 0 0 0 0 0 0 0 0 0 0 16 9 15 14 16 23
 5.845000E+02 9 0 0 0 0 0 0 0 0 0 0 0 11 16 20 16 16 21
 5.850000E+02 8 0 0 0 0 0 0 0 0 0 0 0 16 16 18 14 22 17
 5.855000E+02 7 0 0 0 0 0 0 0 0 0 0 0 26 19 22 15 19 17
 5.860000E+02 10 0 0 0 0 0 0 0 0 0 0 0 18 16 14 10 22 18
 5.865000E+02 13 0 0 0 0 0 0 0 0 0 0 0 12 24 12 21 24 14
 5.870000E+02 10 0 0 0 0 0 0 0 0 0 0 0 14 15 15 25 13 19
 5.875000E+02 10 0 0 0 0 0 0 0 0 0 0 0 14 16 21 21 17 17
 5.880000E+02 11 0 0 0 0 0 0 0 0 0 0 0 23 16 15 13 18 14
 5.885000E+02 13 0 0 0 0 0 0 0 0 0 0 0 15 16 20 15 14 13
 5.890000E+02 9 0 0 0 0 0 0 0 0 0 0 0 21 17 16 13 20 21
 5.895000E+02 9 0 0 0 0 0 0 0 0 0 0 0 17 19 20 16 17 25
 5.900000E+02 5 0 0 0 0 0 0 0 0 0 0 0 17 12 24 14 18 22
 5.905000E+02 4 0 0 0 0 0 0 0 0 0 0 0 23 18 22 5 18 16
 5.910000E+02 5 0 0 0 0 0 0 0 0 0 0 0 16 16 27 13 17 19
 5.915000E+02 9 0 0 0 0 0 0 0 0 0 0 0 13 14 23 23 17 13
 5.920000E+02 6 0 0 0 0 0 0 0 0 0 0 0 16 15 26 13 17 9
 5.925000E+02 12 0 0 0 0 0 0 0 0 1 0 0 20 19 18 18 17 17
 5.930000E+02 7 0 0 0 0 0 0 0 0 1 0 0 13 20 22 20 16 14
 5.935000E+02 4 0 0 0 0 0 0 0 0 1 0 0 20 18 16 24 18 9
 5.940000E+02 9 0 0 0 0 0 0 0 0 0 0 0 12 18 16 20 15 11
 5.945000E+02 10 0 0 0 0 0 0 0 0 0 0 0 18 17 18 26 16 17
 5.950000E+02 8 0 0 0 0 0 0 0 0 0 0 0 15 19 23 15 19 12
 5.955000E+02 6 0 0 0 0 0 0 0 0 1 0 0 16 20 16 17 22 18
 5.960000E+02 13 0 0 0 0 0 0 0 0 2 0 0 12 21 21 12 18 14
 5.965000E+02 7 0 0 1 0 0 0 1 0 0 0 0 14 17 20 15 16 19
 5.970000E+02 5 0 0 0 0 0 0 0 0 1 0 0 17 19 21 17 20 20
 5.975000E+02 8 0 0 0 0 0 0 0 0 0 0 0 20 15 22 14 11 26
 5.980000E+02 7 0 0 0 0 0 0 0 0 0 0 0 18 19 12 11 15 20
 5.985000E+02 13 0 0 0 0 0 0 0 0 0 0 0 28 23 12 12 18 21
 5.990000E+02 9 0 0 0 0 0 0 0 0 0 0 0 16 31 13 13 13 20
 5.995000E+02 10 0 0 0 0 0 0 0 0 0 0 0 24 19 12 10 13 19
 6.000000E+02 11 0 0 0 0 0 0 0 0 0 0 0 19 12 15 15 19 14
 6.005000E+02 9 0 0 0 0 0 0 0 0 0 0 0 18 15 20 20 18 16
 6.010000E+02 7 0 0 0 0 0 0 0 0 0 0 0 15 22 13 18 20 16
 6.015000E+02 4 0 0 0 0 0 0 0 0 0 0 0 15 14 15 23 16 18
 6.020000E+02 7 0 0 0 0 0 0 0 0 0 0 0 18 13 15 23 18 16
 6.025000E+02 8 0 0 0 0 0 0 0 0 0 0 0 22 18 16 17 18 17
 6.030000E+02 5 0 0 0 0 0 0 0 0 0 0 0 16 25 11 21 15 15
 6.035000E+02 9 0 0 0 0 0 0 0 0 0 0 0 19 25 16 19 15 19
 6.040000E+02 11 0 0 0 0 0 0 0 0 0 0 0 15 23 13 12 12 19
 6.045000E+02 7 0 0 0 0 0 0 0 0 0 0 0 17 22 18 19 13 18
 6.050000E+02 13 0 0 0 0 0 0 0 0 0 0 0 12 20 18 20 14 17
 6.055000E+02 14 0 0 0 0 0 0 0 0 0 0 0 17 23 21 15 7 21
 6.060000E+02 8 0 0 0 0 0 0 0 0 0 0 0 23 25 14 20 17 13
 6.065000E+02 9 0 0 0 0 0 0 0 0 0 0 0 18 18 14 15 21 14
 6.070000E+02 11 0 0 0 0 0 0 0 0 0 0 0 14 12 21 21 21 13
 6.075000E+02 10 0 0 0 0 0 0 0 0 0 0 0 13 14 30 18 14 21
 6.080000E+02 9 0 0 0 0 0 0 0 0 0 0 0 17 12 25 17 13 17
 6.085000E+02 6 0 0 0 0 0 0 0 0 0 0 0 15 16 25 17 15 18
 6.090000E+02 10 0 0 0 0 0 0 0 0 0 0 0 17 18 18 17 15 15
 6.095000E+02 4 0 0 0 0 0 0 0 0 0 0 0 20 15 19 18 17 15
 6.100000E+02 9 0 0 0 0 0 0 0 0 0 0 0 21 16 16 15 19 17
 6.105000E+02 6 0 0 0 0 0 0 0 0 0 0 0 22 13 17 21 21 21
 6.110000E+02 7 0 0 0 0 0 0 0 0 0 0 0 16 16 9 18 24 20
 6.115000E+02 8 0 0 0 0 0 0 0 0 0 0 0 19 13 10 25 18 16
 6.120000E+02 9 0 0 0 0 0 0 0 0 0 0 0 22 11 10 17 21 24
 6.125000E+02 10 0 0 0 0 0 0 0 0 0 0 0 21 16 16 12 20 25
 6.130000E+02 11 0 0 0 0 0 0 0 0 0 0 0 31 19 14 12 22 11
 6.135000E+02 8 0 0 0 0 0 0 0 0 1 0 0 22 16 21 13 22 18
 6.140000E+02 5 0 0 0 0 0 0 0 0 0 0 0 15 19 20 12 22 19
 6.145000E+02 14 0 0 0 0 0 0 0 0 0 0 0 21 20 18 12 18 15
 6.150000E+02 9 0 0 0 0 0 0 0 0 0 0 0 16 18 16 17 22 19
 6.155000E+02 7 0 0 0 0 0 0 0 0 0 0 0 17 10 12 17 21 15
 6.160000E+02 6 0 0 0 0 0 0 0 0 0 0 0 18 11 20 22 20 8
 6.165000E+02 12 0 0 0 0 0 0 0 0 0 0 0 13 14 22 12 19 15
 6.170000E+02 9 0 0 0 0 0 0 1 0 0 0 0 21 17 22 16 20 15
 6.175000E+02 3 0 0 1 0 0 0 0 0 1 0 0 21 15 20 20 22 10
 6.180000E+02 7 0 0 0 0 0 0 0 0 1 0 0 23 18 18 23 16 16
 6.185000E+02 14 0 0 0 0 0 0 0 0 1 0 0 21 14 19 18 14 11
 6.190000E+02 11 0 0 1 0 0 0 0 0 0 0 0 17 21 21 19 15 8
 6.195000E+02 7 0 0 0 0 0 0 1 0 0 0 0 23 16 16 16 14 12
 6.200000E+02 7 0 0 0 0 0 0 1 0 0 0 0 17 17 16 13 16 23
 6.205000E+02 16 0 0 0 0 0 0 0 0 1 0 0 7 19 10 17 15 18
 6.210000E+02 6 0 0 0 0 0 0 0 0 1 0 0 12 19 14 17 12 20
 6.215000E+02 4 0 0 0 0 0 0 0 0 1 0 0 12 19 12 17 23 18
 6.220000E+02 9 0 0 1 0 0 0 0 0 0 0 0 16 18 16 21 20 25
 6.225000E+02 12 0 0 0 0 0 0 0 0 0 0 0 21 15 21 13 15 18
 6.230000E+02 11 0 0 0 0 0 0 0 0 0 0 0 26 19 19 15 20 24
 6.235000E+02 10 0 0 0 0 0 0 0 0 0 0 0 24 19 22 17 21 18
 6.240000E+02 9 0 0 0 0 0 0 0 0 0 0 0 17 18 23 9 19 17
 6.245000E+02 12 0 0 0 0 0 0 0 0 0 0 0 16 18 22 13 18 17
 6.250000E+02 5 0 0 0 0 0 0 0 0 1 0 0 14 16 16 12 12 21
 6.255000E+02 6 0 0 0 0 0 0 1 0 0 0 0 19 13 20 15 16 23
 6.260000E+02 7 0 0 0 0 0 0 0 0 1 0 0 19 15 25 20 14 17
 6.265000E+02 12 0 0 0 0 0 0 0 0 2 0 0 20 17 12 19 15 16
 6.270000E+02 9 0 0 0 0 0 0 1 0 0 0 0 20 13 16 17 21 10
 6.275000E+02 12 0 0 0 0 0 0 0 0 1 0 0 18 15 19 19 26 15
 6.280000E+02 7 0 0 0 0 0 0 1 0 0 0 0 13 17 21 21 19 13
 6.285000E+02 8 0 0 0 0 0 0 0 0 0 0 0 22 19 14 12 12 15
 6.290000E+02 7 0 0 0 0 0 0 0 0 0 0 0 17 17 25 16 22 14
 6.295000E+02 8 0 0 0 0 0 0 0 0 0 0 0 20 8 21 15 16 17
 6.300000E+02 14 0 0 0 0 0 0 0 0 1 0 0 18 14 20 17 16 17
 6.305000E+02 7 0 0 0 0 0 0 0 0 0 0 0 18 18 26 15 18 16
 6.310000E+02 9 0 0 0 0 0 0 0 0 0 0 0 16 17 19 10 18 23
 6.315000E+02 6 0 0 0 0 0 0 0 0 0 0 0 17 18 18 13 12 26
 6.320000E+02 13 0 0 0 0 0 0 0 0 0 0 0 19 17 17 11 18 26
 6.325000E+02 7 0 0 1 0 0 0 0 0 0 0 0 22 19 12 16 17 23
 6.330000E+02 12 0 0 0 0 0 0 0 0 0 0 0 14 17 9 23 23 19
 6.335000E+02 5 0 0 0 0 0 0 0 0 0 0 0 15 14 12 27 14 18
 6.340000E+02 10 0 0 0 0 0 0 0 0 0 0 0 14 17 18 22 18 20
 6.345000E+02 9 0 0 0 0 0 0 0 0 0 0 0 14 17 16 20 24 18
 6.350000E+02 9 0 0 0 0 0 0 0 0 0 0 0 20 13 18 17 16 30
 6.355000E+02 8 0 0 0 0 0 0 0 0 0 0 0 19 15 26 15 6 28
 6.360000E+02 8 0 0 0 0 0 0 0 0 0 0 0 11 10 25 13 14 32
 6.365000E+02 6 0 0 0 0 0 0 0 0 0 0 0 10 13 18 17 19 22
 6.370000E+02 11 0 0 0 0 0 0 0 0 0 0 0 12 16 14 16 13 23
 6.375000E+02 9 0 0 0 0 0 0 0 0 0 0 0 14 18 19 15 20 18
 6.380000E+02 12 0 0 0 0 0 0 0 0 0 0 0 15 14 13 18 16 26
 6.385000E+02 5 0 0 0 0 0 0 0 0 0 0 0 12 15 20 16 15 23
 6.390000E+02 11 0 0 0 0 0 0 0 0 0 0 0 11 10 20 11 20 21
 6.395000E+02 13 0 0 0 0 0 0 0 0 0 0 0 20 16 22 13 19 11
 6.400000E+02 8 0 0 0 0 0 0 0 0 0 0 0 15 20 21 16 24 16
 6.405000E+02 7 0 0 0 0 0 0 0 0 1 0 0 13 27 23 9 20 12
 6.410000E+02 12 0 0 0 0 0 0 0 0 1 0 0 15 18 20 11 22 15
 6.415000E+02 13 0 0 0 0 0 0 1 0 0 0 0 20 15 17 14 18 17
 6.420000E+02 12 0 0 0 0 0 0 0 0 1 0 0 15 21 19 24 16 18
 6.425000E+02 10 0 0 0 0 0 0 0 0 0 0 0 20 15 17 20 24 14
 6.430000E+02 13 0 0 0 0 0 0 0 0 1 0 0 14 11 21 10 21 21
 6.435000E+02 5 0 0 0 0 0 0 1 0 1 0 0 18 12 18 15 16 21
 6.440000E+02 11 0 0 0 0 0 0 0 0 0 0 0 22 14 22 17 13 20
 6.445000E+02 5 0 0 0 0 0 0 0 0 0 0 0 16 17 23 10 19 17
 6.450000E+02 7 0 0 0 0 0 0 0 0 0 0 0 15 19 11 16 25 24
 6.455000E+02 6 0 0 0 0 0 0 0 0 1 0 0 17 16 9 19 21 22
 6.460000E+02 8 0 0 0 0 0 0 0 0 0 0 0 19 14 15 19 14 21
 6.465000E+02 10 0 0 0 0 0 0 0 0 0 0 0 21 16 17 23 11 25
 6.470000E+02 8 0 0 0 0 0 0 0 0 0 0 0 12 18 21 21 11 20
 6.475000E+02 8 0 0 0 0 0 0 0 0 0 0 0 15 31 12 19 14 18
 6.480000E+02 2 0 0 0 0 0 0 0 0 1 0 0 12 20 16 17 19 19
 6.485000E+02 8 0 0 0 0 0 0 0 0 1 0 0 18 15 23 16 20 24
 6.490000E+02 11 0 0 0 0 0 0 0 0 0 0 0 18 17 19 19 17 18
 6.495000E+02 13 0 0 0 0 0 0 0 0 0 0 0 16 21 13 23 9 15
 6.500000E+02 11 0 0 0 0 0 0 0 0 0 0 0 11 23 18 25 17 13
 6.505000E+02 11 0 0 0 0 0 0 0 0 0 0 0 21 21 17 16 19 16
 6.510000E+02 9 0 0 0 0 0 0 0 0 0 0 0 24 16 22 14 15 15
 6.515000E+02 10 0 0 0 0 0 0 0 0 0 0 0 16 12 32 15 16 14
 6.520000E+02 8 0 0 0 0 0 0 0 0 0 0 0 16 18 27 17 23 22
 6.525000E+02 10 0 0 0 0 0 0 0 0 0 0 0 16 17 18 16 20 17
 6.530000E+02 13 0 0 0 0 0 0 0 0 0 0 0 17 15 21 15 17 17
 6.535000E+02 11 0 0 0 0 0 0 0 0 0 0 0 17 17 17 19 18 19
 6.540000E+02 10 0 0 0 0 0 0 0 0 0 0 0 23 17 19 16 16 18
 6.545000E+02 9 0 0 0 0 0 0 0 0 0 0 0 17 26 15 17 15 18
 6.550000E+02 9 0 0 0 0 0 0 0 0 0 0 0 15 21 14 17 20 21
 6.555000E+02 10 0 0 0 0 0 0 0 0 0 0 0 20 19 13 24 17 23
 6.560000E+02 4 0 0 0 0 0 0 0 0 0 0 0 18 18 16 21 13 17
 6.565000E+02 7 0 0 0 0 0 0 0 0 0 0 0 14 21 17 17 19 10
 6.570000E+02 12 0 0 0 0 0 0 0 0 0 0 0 20 14 23 17 15 14
 6.575000E+02 7 0 0 0 0 0 0 0 0 0 0 0 18 14 17 19 15 11
 6.580000E+02 10 0 0 0 0 0 0 0 0 0 0 0 25 19 13 20 14 16
 6.585000E+02 11 0 0 0 0 0 0 0 0 0 0 0 22 20 12 13 13 18
 6.590000E+02 10 0 0 0 0 0 0 0 0 1 0 0 22 20 17 15 17 14
 6.595000E+02 7 0 0 0 0 0 0 1 0 0 1 0 16 12 20 15 16 8
 6.600000E+02 6 0 0 0 0 0 0 0 0 1 0 0 9 17 14 19 19 19
 6.605000E+02 12 0 0 0 0 0 0 1 0 0 0 0 13 21 15 15 15 19
 6.610000E+02 8 0 0 0 0 0 0 0 0 1 0 0 14 13 24 10 19 16
 6.615000E+02 9 0 0 0 0 0 0 0 0 0 0 0 15 14 25 16 17 12
 6.620000E+02 12 0 0 0 0 0 0 0 0 0 0 0 14 15 22 13 16 13
 6.625000E+02 10 0 0 0 0 0 0 0 0 0 0 0 15 19 16 8 22 17
 6.630000E+02 9 0 0 0 0 0 0 1 0 0 0 0 15 18 17 13 18 17
 6.635000E+02 13 0 0 0 0 0 0 0 0 1 0 0 16 17 19 17 17 15
 6.640000E+02 10 0 0 0 0 0 0 0 0 0 0 0 22 14 21 23 17 13
 6.645000E+02 11 0 0 0 0 0 0 0 0 0 0 0 17 18 17 19 15 18
 6.650000E+02 7 0 0 0 0 0 0 0 0 0 0 0 16 19 16 17 17 15
 6.655000E+02 8 0 0 0 0 0 0 0 0 0 0 0 19 12 21 21 12 13
 6.660000E+02 7 0 0 0 0 0 0 0 0 0 0 0 20 15 14 23 12 22
 6.665000E+02 14 0 0 0 0 0 0 0 0 1 0 0 25 18 14 21 16 19
 6.670000E+02 15 0 0 0 0 0 0 0 0 0 0 0 21 11 18 23 17 21
 6.675000E+02 11 0 0 0 0 0 0 0 0 0 0 0 16 13 21 24 10 16
 6.680000E+02 17 0 0 0 0 0 0 0 0 0 0 0 19 12 24 19 11 14
 6.685000E+02 12 0 0 0 0 0 0 0 0 0 0 0 18 17 21 18 12 12
 6.690000E+02 14 0 0 0 0 0 0 0 0 1 0 0 27 11 11 19 16 12
 6.695000E+02 7 0 0 0 0 0 0 0 0 1 0 0 22 11 20 21 18 12
 6.700000E+02 10 0 0 0 0 0 0 0 0 0 0 0 22 16 21 17 22 10
 6.705000E+02 9 0 0 0 0 0 0 0 0 1 0 0 17 13 18 21 21 16
 6.710000E+02 10 0 0 0 0 1 0 0 0 1 0 0 21 11 16 17 13 19
 6.715000E+02 4 0 0 1 0 0 0 0 0 1 0 0 16 14 19 22 13 19
 6.720000E+02 11 0 0 0 0 0 0 0 0 3 0 0 18 18 21 20 18 19
 6.725000E+02 7 0 0 0 0 0 0 1 0 2 0 0 15 11 17 17 16 24
 6.730000E+02 16 0 0 0 0 0 0 1 0 1 0 0 14 15 16 11 21 25
 6.735000E+02 5 0 0 0 0 0 0 1 0 1 0 0 15 20 16 15 22 18
 6.740000E+02 10 0 0 0 0 0 0 0 0 1 0 0 14 15 11 13 16 24
 6.745000E+02 6 0 0 0 0 0 0 0 0 0 0 0 20 18 14 14 22 20
 6.750000E+02 8 0 0 0 0 0 0 0 0 0 0 0 16 12 18 14 18 22
 6.755000E+02 7 0 0 0 0 0 0 0 0 1 0 0 11 17 21 25 16 19
 6.760000E+02 10 0 0 0 0 0 0 0 0 1 0 0 16 19 16 23 17 22
 6.765000E+02 10 0 0 0 0 0 0 0 0 1 0 0 17 22 9 26 14 21
 6.770000E+02 6 0 0 0 0 0 0 2 0 0 0 0 20 15 8 15 19 22
 6.775000E+02 8 0 0 0 0 0 0 0 0 1 0 0 24 12 11 17 25 14
 6.780000E+02 8 0 0 0 0 0 0 0 0 0 0 0 22 16 6 16 25 17
 6.785000E+02 10 0 0 0 0 0 0 0 0 0 0 0 29 21 14 14 17 13
 6.790000E+02 3 0 0 0 0 0 0 0 0 0 0 0 16 22 20 14 17 9
 6.795000E+02 11 0 0 0 0 0 0 1 0 0 0 0 16 24 16 13 18 21
 6.800000E+02 8 0 0 0 0 0 0 1 0 0 0 0 9 24 13 18 23 19
 6.805000E+02 11 0 0 0 0 0 0 0 0 0 0 0 16 17 18 22 12 23
 6.810000E+02 8 0 0 0 0 0 0 0 0 0 0 0 19 19 19 23 19 12
 6.815000E+02 4 0 0 0 0 0 0 0 0 1 0 0 26 19 12 20 11 11
 6.820000E+02 11 0 0 0 0 0 0 0 0 0 0 0 22 16 20 14 15 20
 6.825000E+02 7 0 0 0 0 0 0 0 0 0 0 0 16 19 19 17 18 16
 6.830000E+02 8 0 0 0 0 0 0 0 0 0 0 0 20 20 16 14 19 21
 6.835000E+02 11 0 0 0 0 0 0 0 0 1 0 0 17 19 18 14 19 23
 6.840000E+02 10 0 0 0 0 0 0 0 0 1 0 0 12 17 21 15 20 18
 6.845000E+02 4 0 0 0 0 0 0 0 0 0 0 0 15 12 22 16 18 21
 6.850000E+02 6 0 0 0 0 0 0 0 0 0 0 0 11 21 22 14 18 17
 6.855000E+02 5 0 0 0 0 0 0 0 0 0 0 0 11 17 18 16 19 16
 6.860000E+02 9 0 0 0 0 0 0 0 0 0 0 0 16 13 16 19 24 17
 6.865000E+02 3 0 0 0 0 0 0 0 0 0 0 0 14 18 22 18 21 15
 6.870000E+02 9 0 0 0 0 0 0 0 0 0 0 0 13 17 18 22 18 16
 6.875000E+02 7 0 0 0 0 0 0 0 0 0 0 0 16 19 15 21 19 13
 6.880000E+02 7 0 0 0 0 0 0 0 0 0 0 0 13 20 12 17 23 14
 6.885000E+02 6 0 0 0 0 0 0 0 0 0 0 0 24 16 10 15 23 15
 6.890000E+02 13 0 0 0 0 0 0 0 0 0 0 0 19 19 12 20 20 15
 6.895000E+02 5 0 0 0 0 0 0 0 0 0 0 0 20 15 14 21 19 11
 6.900000E+02 11 0 0 0 0 0 0 0 0 1 0 0 19 22 12 17 15 18
 6.905000E+02 8 0 0 0 0 0 0 0 0 2 0 0 20 19 12 14 21 18
 6.910000E+02 9 0 0 0 0 0 0 0 0 1 0 0 14 23 13 16 26 13
 6.915000E+02 10 0 0 0 0 0 0 0 0 1 0 0 12 17 18 22 19 16
 6.920000E+02 7 0 0 0 0 0 0 0 0 0 0 0 23 15 9 19 9 15
 6.925000E+02 7 0 0 0 0 0 0 0 0 0 0 0 18 13 13 21 14 20
 6.930000E+02 9 0 0 0 0 0 0 0 0 0 0 0 20 17 14 21 19 13
 6.935000E+02 11 0 0 0 0 0 0 0 0 1 0 0 22 19 16 23 22 11
 6.940000E+02 6 0 0 0 0 0 0 0 0 0 0 0 19 11 22 25 15 9
 6.945000E+02 9 0 0 0 0 0 0 0 0 0 0 0 11 15 22 25 17 13
 6.950000E+02 5 0 0 0 0 0 0 0 0 0 0 0 17 19 15 22 16 16
 6.955000E+02 6 0 0 0 0 0 0 0 0 0 0 0 17 22 9 19 21 16
 6.960000E+02 9 0 0 0 0 0 0 0 0 0 0 0 16 16 10 19 24 11
 6.965000E+02 10 0 0 0 0 0 0 0 0 0 0 0 17 23 8 17 27 19
 6.970000E+02 9 0 0 0 0 0 0 0 0 0 0 0 19 18 18 15 18 19
 6.975000E+02 11 0 0 0 0 0 0 0 0 0 0 0 17 18 14 14 16 15
 6.980000E+02 9 0 0 0 0 0 0 0 0 0 0 0 21 17 14 20 12 22
 6.985000E+02 8 0 0 0 0 0 0 0 0 0 0 0 11 12 19 23 20 17
 6.990000E+02 6 0 0 0 0 0 0 0 0 1 0 0 20 14 12 18 27 21
 6.995000E+02 13 0 0 0 0 0 0 1 0 0 0 0 17 13 12 17 22 15
 7.000000E+02 10 0 0 0 0 0 0 0 0 0 0 0 13 15 18 14 18 18
