# time 'Ca' 'D34:75:137_PP2ACa' 'D34:75:137_PP2APCa' 'D34:75_PP2ACa' 'D34:75_PP2APCa' 'D75:137_PP2ACa' 'D75:137_PP2APCa' 'D75_PP2ACa' 'D75_PP2APCa' 'PP2ACa' 'PP2ACa_PKA' 'PP2APCa' 'PP2BinactiveCa2_1' 'PP2BinactiveCa2_2' 'PP2BinactiveCa2_3' 'PP2BinactiveCa2_4' 'PP2BinactiveCa2_5' 'PP2BinactiveCa2_6'
 0.000000E+00 0 0 0 0 0 0 0 0 0 0 0 0 0 0 0 0 0 0
 5.000000E-01 2 0 0 0 0 0 0 0 0 0 0 0 0 0 1 0 1 0
 1.000000E+00 0 0 0 0 0 0 0 0 0 0 0 0 1 0 2 0 2 0
 1.500000E+00 2 0 0 0 0 0 0 0 0 0 0 0 1 0 2 0 2 2
 2.000000E+00 3 0 0 0 0 0 0 0 0 0 0 0 2 2 3 1 1 1
 2.500000E+00 4 0 0 0 0 0 0 0 0 0 0 0 2 0 5 1 2 1
 3.000000E+00 2 0 0 0 0 0 0 0 0 0 0 0 1 2 4 4 3 2
 3.500000E+00 4 0 0 0 0 0 0 0 0 0 0 0 2 4 3 3 3 0
 4.000000E+00 1 0 0 0 0 0 0 0 0 0 0 0 2 4 2 3 4 1
 4.500000E+00 4 0 0 0 0 0 0 0 0 0 0 0 4 6 2 3 3 1
 5.000000E+00 3 0 0 0 0 0 0 0 0 0 0 0 7 4 2 2 3 5
 5.500000E+00 2 0 0 0 0 0 0 0 0 0 0 0 5 3 5 3 4 5
 6.000000E+00 3 0 0 0 0 0 0 0 0 0 0 0 4 2 2 5 3 9
 6.500000E+00 2 0 0 0 0 0 0 0 0 0 0 0 4 3 3 4 3 12
 7.000000E+00 2 0 0 0 0 0 0 0 0 0 0 0 4 3 7 4 5 7
 7.500000E+00 2 0 0 0 0 0 0 0 0 1 0 0 4 6 7 6 2 7
 8.000000E+00 4 0 0 0 0 0 0 0 0 1 0 0 7 5 5 4 4 9
 8.500000E+00 5 0 0 0 0 1 0 0 0 0 0 0 7 7 8 3 2 8
 9.000000E+00 2 0 0 0 0 0 0 1 0 0 0 0 7 8 9 7 0 8
 9.500000E+00 2 0 0 0 0 0 0 0 0 0 0 0 6 8 7 7 5 9
 1.000000E+01 3 0 0 0 0 0 0 0 0 0 0 0 6 5 11 7 7 9
 1.050000E+01 5 0 0 0 0 0 0 0 0 0 0 0 4 8 8 8 5 10
 1.100000E+01 3 0 0 0 0 0 0 0 0 0 0 0 7 8 4 7 7 7
 1.150000E+01 4 0 0 0 0 0 0 0 0 0 0 0 6 11 6 6 7 6
 1.200000E+01 1 0 0 0 0 0 0 0 0 0 0 0 7 8 6 5 10 10
 1.250000E+01 4 0 0 0 0 0 0 0 0 0 0 0 8 5 9 6 9 7
 1.300000E+01 4 0 0 0 0 0 0 0 0 0 0 0 5 6 10 7 5 7
 1.350000E+01 2 0 0 0 0 0 0 0 0 0 0 0 7 6 10 11 4 9
 1.400000E+01 7 0 0 0 0 0 0 0 0 0 0 0 5 9 9 10 6 9
 1.450000E+01 5 0 0 0 0 0 0 0 0 0 0 0 8 7 9 11 4 10
 1.500000E+01 6 0 0 0 0 0 0 0 0 0 0 0 10 8 8 7 7 9
 1.550000E+01 4 0 0 0 0 0 0 0 0 0 0 0 10 7 10 6 8 11
 1.600000E+01 3 0 0 0 0 0 0 0 0 0 0 0 11 11 10 4 5 6
 1.650000E+01 3 0 0 0 0 0 0 0 0 0 0 0 12 10 8 5 10 7
 1.700000E+01 5 0 0 0 0 0 0 0 0 0 0 0 12 11 8 7 9 8
 1.750000E+01 4 0 0 0 0 0 0 0 0 0 0 0 12 11 6 4 9 11
 1.800000E+01 2 0 0 0 0 0 0 0 0 0 0 0 8 11 9 4 8 15
 1.850000E+01 8 0 0 0 0 0 0 0 0 0 0 0 10 11 7 6 11 9
 1.900000E+01 11 0 0 0 0 0 0 0 0 0 0 0 11 8 7 11 15 8
 1.950000E+01 3 0 0 0 0 0 0 0 0 0 0 0 13 10 8 11 15 10
 2.000000E+01 6 0 0 0 0 0 0 0 0 0 0 0 15 6 10 11 11 10
 2.050000E+01 7 0 0 0 0 0 0 0 0 0 0 0 13 8 14 7 12 10
 2.100000E+01 5 0 0 0 0 0 0 0 0 0 0 0 11 8 12 9 9 13
 2.150000E+01 6 0 0 0 0 0 0 0 0 0 0 0 12 9 11 11 12 11
 2.200000E+01 7 0 0 0 0 0 0 0 0 0 0 0 11 10 16 10 11 9
 2.250000E+01 12 0 0 0 0 0 0 0 0 0 0 0 13 9 19 9 9 8
 2.300000E+01 6 0 0 0 0 0 0 0 0 0 0 0 8 11 11 11 9 12
 2.350000E+01 5 0 0 0 0 0 0 0 0 0 0 0 5 19 15 13 13 5
 2.400000E+01 8 0 0 0 0 0 0 0 0 1 0 0 7 15 12 11 15 5
 2.450000E+01 5 0 0 0 0 0 0 0 0 1 0 0 17 8 10 14 13 7
 2.500000E+01 5 0 0 0 0 0 0 0 0 0 0 0 15 9 10 19 17 6
 2.550000E+01 6 0 0 0 0 0 0 0 0 0 0 0 14 13 5 12 16 11
 2.600000E+01 3 0 0 0 0 0 0 0 0 0 0 0 13 15 14 12 17 9
 2.650000E+01 7 0 0 0 0 0 0 0 0 0 0 0 13 9 18 14 22 8
 2.700000E+01 3 0 0 0 0 0 0 0 0 0 0 0 12 11 19 15 22 9
 2.750000E+01 1 0 0 0 0 0 0 0 0 0 0 0 14 9 20 17 13 7
 2.800000E+01 5 0 0 0 0 0 0 0 0 0 0 0 14 9 19 18 9 9
 2.850000E+01 8 0 0 0 0 0 0 0 0 1 0 0 17 9 18 13 13 5
 2.900000E+01 8 0 0 0 0 0 0 0 0 1 0 0 13 11 16 13 15 7
 2.950000E+01 5 0 0 0 0 0 0 0 0 0 0 0 19 12 19 8 8 14
 3.000000E+01 4 0 0 0 0 0 0 0 0 0 0 0 21 11 22 7 11 16
 3.050000E+01 4 0 0 0 0 0 0 0 0 0 0 0 10 15 15 5 13 20
 3.100000E+01 7 0 0 0 0 0 0 0 0 1 0 0 18 18 11 12 10 17
 3.150000E+01 7 0 0 0 0 0 0 0 0 0 0 0 14 13 17 11 12 14
 3.200000E+01 11 0 0 0 0 0 0 0 0 0 0 0 20 12 14 13 12 14
 3.250000E+01 6 0 0 0 0 0 0 0 0 0 0 0 17 17 12 13 13 12
 3.300000E+01 5 0 0 0 0 0 0 0 0 0 0 0 20 11 16 16 11 9
 3.350000E+01 7 0 0 0 0 0 0 0 0 0 0 0 17 9 17 14 16 11
 3.400000E+01 5 0 0 0 0 0 0 0 0 0 0 0 18 14 12 13 16 17
 3.450000E+01 10 0 0 0 0 0 0 0 0 1 0 0 16 14 15 13 10 12
 3.500000E+01 9 0 0 0 0 0 0 0 0 1 0 0 16 17 19 13 9 11
 3.550000E+01 4 0 0 0 0 0 0 1 0 0 0 0 15 21 24 18 11 14
 3.600000E+01 7 0 0 0 0 0 0 0 0 1 0 0 14 16 16 8 12 12
 3.650000E+01 6 0 0 0 0 0 0 1 0 0 0 0 21 13 20 9 14 9
 3.700000E+01 6 0 0 0 0 0 0 0 0 0 0 0 18 10 23 13 14 15
 3.750000E+01 9 0 0 0 0 0 0 0 0 0 0 0 17 8 15 20 14 10
 3.800000E+01 7 0 0 0 0 0 0 0 0 0 0 0 19 10 20 13 14 13
 3.850000E+01 8 0 0 0 0 0 0 0 0 0 0 0 22 16 16 11 10 15
 3.900000E+01 7 0 0 0 0 0 0 0 0 0 0 0 16 15 21 10 17 10
 3.950000E+01 11 0 0 0 0 0 0 0 0 0 0 0 16 10 15 15 22 11
 4.000000E+01 8 0 0 0 0 0 0 0 0 0 0 0 10 18 18 14 24 12
 4.050000E+01 6 0 0 0 0 0 0 0 0 0 0 0 11 21 12 16 20 12
 4.100000E+01 13 0 0 0 0 0 0 1 0 0 0 0 13 18 12 11 21 17
 4.150000E+01 7 0 0 0 0 0 0 0 0 1 0 0 14 19 15 16 13 12
 4.200000E+01 4 0 0 0 0 0 0 0 0 1 0 0 15 18 13 23 11 17
 4.250000E+01 11 0 0 0 0 0 0 0 0 1 0 0 12 16 15 20 13 18
 4.300000E+01 11 0 0 0 0 0 0 0 0 1 0 0 13 18 15 21 12 17
 4.350000E+01 8 0 0 0 0 0 0 0 0 0 0 0 11 17 18 20 11 20
 4.400000E+01 14 0 0 0 0 0 0 0 0 0 0 0 13 16 13 19 15 21
 4.450000E+01 5 0 0 0 0 0 0 0 0 0 0 0 19 17 16 18 12 15
 4.500000E+01 7 0 0 0 0 0 0 0 0 0 0 0 19 11 11 21 18 16
 4.550000E+01 8 0 0 0 0 0 0 0 0 0 0 0 18 12 13 19 17 20
 4.600000E+01 6 0 0 0 0 0 0 0 0 0 0 0 14 14 24 18 13 20
 4.650000E+01 7 0 0 0 0 0 0 0 0 0 0 0 22 8 17 16 14 23
 4.700000E+01 8 0 0 0 0 0 0 0 0 0 0 0 16 12 18 14 13 24
 4.750000E+01 7 0 0 0 0 0 0 0 0 0 0 0 17 16 23 13 18 18
 4.800000E+01 13 0 0 0 0 0 0 0 0 0 0 0 21 17 18 12 16 17
 4.850000E+01 11 0 0 0 0 0 0 0 0 0 0 0 15 13 21 19 13 15
 4.900000E+01 6 0 0 0 0 0 0 0 0 0 0 0 19 11 22 20 12 20
 4.950000E+01 4 0 0 0 0 0 0 0 0 0 0 0 15 15 17 25 20 15
 5.000000E+01 15 0 0 0 0 0 0 0 0 0 0 0 12 22 17 16 15 16
 5.050000E+01 8 0 0 0 0 0 0 0 0 0 0 0 8 20 9 24 16 17
 5.100000E+01 8 0 0 0 0 0 0 0 0 0 0 0 13 19 17 20 17 12
 5.150000E+01 12 0 0 0 0 0 0 0 0 0 0 0 10 21 16 23 17 15
 5.200000E+01 5 0 0 0 0 0 0 0 0 0 0 0 14 21 13 18 18 21
 5.250000E+01 6 0 0 0 0 0 0 0 0 0 0 0 15 18 9 16 17 20
 5.300000E+01 8 0 0 0 0 0 0 0 0 0 0 0 17 18 20 15 13 18
 5.350000E+01 5 0 0 0 0 0 0 0 0 0 0 0 20 21 12 21 16 17
 5.400000E+01 11 0 0 0 0 0 0 0 0 0 0 0 20 22 18 22 14 13
 5.450000E+01 9 0 0 0 0 0 0 0 0 0 0 0 21 15 18 16 11 18
 5.500000E+01 11 0 0 0 0 0 0 0 0 0 0 0 20 17 11 20 10 17
 5.550000E+01 7 0 0 0 0 0 0 0 0 1 0 0 22 18 15 20 13 16
 5.600000E+01 9 0 0 0 0 0 0 0 0 1 0 0 19 20 21 17 16 15
 5.650000E+01 7 0 0 0 0 0 0 0 0 1 0 0 19 16 14 18 20 15
 5.700000E+01 8 0 0 0 0 0 0 2 0 0 0 0 15 18 13 16 15 17
 5.750000E+01 13 0 0 0 0 0 0 0 0 2 0 0 12 17 17 17 13 19
 5.800000E+01 8 0 0 0 0 0 0 1 0 1 0 0 10 15 22 18 23 18
 5.850000E+01 9 0 0 0 0 0 0 0 0 1 0 0 17 15 17 17 22 15
 5.900000E+01 9 0 0 0 0 0 0 0 0 0 0 0 15 17 21 14 14 27
 5.950000E+01 9 0 0 0 0 0 0 0 0 0 0 0 20 16 20 16 12 21
 6.000000E+01 14 0 0 0 0 0 0 0 0 0 0 0 18 17 16 16 12 18
 6.050000E+01 8 0 0 0 0 0 0 0 0 0 0 0 22 18 16 19 16 14
 6.100000E+01 8 0 0 0 0 0 0 0 0 0 0 0 20 17 19 12 13 18
 6.150000E+01 9 0 0 0 0 0 0 0 0 0 0 0 19 16 15 15 25 14
 6.200000E+01 2 0 0 0 0 0 0 0 0 0 0 0 18 22 10 16 19 13
 6.250000E+01 10 0 0 0 0 0 0 0 0 0 0 0 21 16 13 15 19 14
 6.300000E+01 5 0 0 0 0 0 0 0 0 0 0 0 16 18 15 24 17 13
 6.350000E+01 3 0 0 0 0 0 0 0 0 0 0 0 15 17 24 21 18 15
 6.400000E+01 7 0 0 0 0 0 0 0 0 1 0 0 18 11 23 21 12 18
 6.450000E+01 10 0 0 0 0 0 0 0 0 1 0 0 21 10 11 22 16 18
 6.500000E+01 3 0 0 0 0 0 0 0 0 1 0 0 24 13 19 19 19 15
 6.550000E+01 11 0 0 0 0 0 0 0 0 1 0 0 15 13 18 16 16 15
 6.600000E+01 4 0 0 0 0 1 0 0 0 1 0 0 11 16 15 19 16 18
 6.650000E+01 5 0 0 0 0 0 0 0 0 2 0 0 12 23 14 15 18 20
 6.700000E+01 11 0 0 0 0 0 0 0 0 1 0 0 10 16 18 18 19 18
 6.750000E+01 6 0 0 0 0 0 0 0 0 0 0 0 17 18 13 14 18 25
 6.800000E+01 11 0 0 0 0 0 0 0 0 1 0 0 15 13 14 20 13 20
 6.850000E+01 9 0 0 0 0 0 0 1 0 1 0 0 8 11 13 18 21 22
 6.900000E+01 3 0 0 0 0 0 0 0 0 0 0 0 11 12 11 16 17 25
 6.950000E+01 5 0 0 0 0 0 0 0 0 0 0 0 8 23 13 16 18 16
 7.000000E+01 11 0 0 0 0 0 0 0 0 0 0 0 15 26 18 13 14 18
 7.050000E+01 5 0 0 0 0 0 0 0 0 0 0 0 22 21 18 13 17 10
 7.100000E+01 9 0 0 0 0 0 0 0 0 1 0 0 22 13 16 18 14 13
 7.150000E+01 9 0 0 0 0 0 0 0 0 0 0 0 25 12 17 15 13 12
 7.200000E+01 4 0 0 0 0 0 0 0 0 0 0 0 19 13 23 16 17 17
 7.250000E+01 10 0 0 0 0 0 0 0 0 0 0 0 19 13 21 17 15 18
 7.300000E+01 9 0 0 0 0 0 0 0 0 0 0 0 18 21 19 13 16 16
 7.350000E+01 6 0 0 0 0 0 0 0 0 0 0 0 16 19 16 7 16 25
 7.400000E+01 7 0 0 0 0 0 0 0 0 0 0 0 20 10 11 21 16 19
 7.450000E+01 12 0 0 0 0 0 0 0 0 0 0 0 24 11 10 19 17 21
 7.500000E+01 8 0 0 0 0 0 0 0 0 0 0 0 20 16 15 19 12 19
 7.550000E+01 8 0 0 0 0 0 0 0 0 0 0 0 13 21 16 19 16 16
 7.600000E+01 6 0 0 0 0 0 0 0 0 0 0 0 21 18 9 17 18 22
 7.650000E+01 7 0 0 0 0 0 0 0 0 0 0 0 16 18 12 18 18 20
 7.700000E+01 6 0 0 0 0 0 0 0 0 0 0 0 16 14 20 17 17 16
 7.750000E+01 11 0 0 0 0 0 0 0 0 0 0 0 19 17 22 19 11 16
 7.800000E+01 13 0 0 0 0 0 0 0 0 0 0 0 16 20 15 13 13 10
 7.850000E+01 8 0 0 0 0 0 0 0 0 0 0 0 21 17 16 14 21 9
 7.900000E+01 9 0 0 0 0 0 0 0 0 1 0 0 16 20 16 13 16 12
 7.950000E+01 10 0 0 0 0 0 0 0 0 0 0 0 17 21 18 15 10 14
 8.000000E+01 9 0 0 0 0 0 0 0 0 0 0 0 18 21 21 17 14 9
 8.050000E+01 6 0 0 0 0 0 0 0 0 0 0 0 12 20 22 16 13 13
 8.100000E+01 9 0 0 0 0 0 0 0 0 1 0 0 14 16 28 15 10 19
 8.150000E+01 5 0 0 0 0 0 0 0 0 1 0 0 16 11 20 16 10 20
 8.200000E+01 8 0 0 0 0 0 0 0 0 0 0 0 19 15 17 14 12 24
 8.250000E+01 4 0 0 0 0 0 0 0 0 0 0 0 24 19 18 17 7 17
 8.300000E+01 14 0 0 0 0 0 0 0 0 0 0 0 17 7 22 13 16 22
 8.350000E+01 7 0 0 0 0 0 0 0 0 0 0 0 15 15 16 13 17 22
 8.400000E+01 7 0 0 0 0 0 0 0 0 0 0 0 13 22 20 13 15 25
 8.450000E+01 7 0 0 0 0 0 0 0 0 0 0 0 12 29 11 16 13 22
 8.500000E+01 11 0 0 0 0 0 0 0 0 0 0 0 17 23 10 17 17 16
 8.550000E+01 7 0 0 0 0 0 0 0 0 0 0 0 21 22 14 25 14 22
 8.600000E+01 12 0 0 0 0 0 0 0 0 0 0 0 14 20 19 19 12 17
 8.650000E+01 9 0 0 0 0 0 0 0 0 0 0 0 18 26 15 12 16 15
 8.700000E+01 8 0 0 0 0 0 0 0 0 0 0 0 15 19 17 15 19 12
 8.750000E+01 15 0 0 0 0 0 0 0 0 0 0 0 15 16 23 16 16 21
 8.800000E+01 7 0 0 0 0 0 0 0 0 0 0 0 21 17 16 15 20 22
 8.850000E+01 9 0 0 0 0 0 0 0 0 0 0 0 17 16 12 16 19 14
 8.900000E+01 11 0 0 0 0 0 0 0 0 1 0 0 18 17 15 18 19 14
 8.950000E+01 11 0 0 0 0 0 0 1 0 0 0 0 16 20 13 20 24 20
 9.000000E+01 7 0 0 0 0 0 0 0 0 1 0 0 22 19 16 21 14 23
 9.050000E+01 9 0 0 0 0 0 0 0 0 1 0 0 11 22 16 19 18 19
 9.100000E+01 12 0 0 0 0 0 0 0 0 0 0 0 16 14 18 17 12 19
 9.150000E+01 7 0 0 0 0 0 0 0 0 0 0 0 14 14 16 22 17 17
 9.200000E+01 7 0 0 0 0 0 0 0 0 0 0 0 13 14 19 17 24 16
 9.250000E+01 5 0 0 0 0 0 0 0 0 1 0 0 16 15 12 24 24 12
 9.300000E+01 7 0 0 0 0 0 0 0 0 1 0 0 14 19 13 19 22 19
 9.350000E+01 11 0 0 0 0 0 0 0 0 2 0 0 18 14 13 18 22 20
 9.400000E+01 9 0 0 0 0 0 0 0 0 1 0 0 19 15 8 16 20 17
 9.450000E+01 12 0 0 0 0 0 0 0 0 1 0 0 11 19 10 18 18 15
 9.500000E+01 11 0 0 0 0 0 0 0 0 0 0 0 12 22 8 22 22 15
 9.550000E+01 12 0 0 0 0 0 0 0 0 0 0 0 14 23 12 21 13 19
 9.600000E+01 8 0 0 0 0 0 0 0 0 0 0 0 15 22 13 11 16 24
 9.650000E+01 11 0 0 0 0 0 0 0 0 0 0 0 14 21 15 17 18 17
 9.700000E+01 8 0 0 0 0 0 0 0 0 0 0 0 14 18 12 15 11 10
 9.750000E+01 9 0 0 0 0 0 0 0 0 1 0 0 18 22 11 19 17 16
 9.800000E+01 5 0 0 0 0 0 0 0 0 1 0 0 25 13 14 21 18 12
 9.850000E+01 9 0 0 0 0 0 0 0 0 1 0 0 24 15 17 13 10 15
 9.900000E+01 8 0 0 0 0 0 0 0 0 1 0 0 22 20 20 18 10 17
 9.950000E+01 7 0 0 0 0 0 0 1 0 0 0 0 19 21 25 18 10 19
 1.000000E+02 5 0 0 0 0 0 0 1 0 0 0 0 21 17 15 14 19 22
 1.005000E+02 11 0 0 0 0 0 0 0 0 1 0 0 16 14 11 16 17 22
 1.010000E+02 6 0 0 0 0 0 0 0 0 1 0 0 16 20 15 20 15 23
 1.015000E+02 10 0 0 0 0 0 0 0 0 0 0 0 18 16 15 23 18 19
 1.020000E+02 5 0 0 0 0 0 0 0 0 0 0 0 15 15 13 20 24 25
 1.025000E+02 8 0 0 0 0 0 0 0 0 0 0 0 16 13 17 20 21 21
 1.030000E+02 9 0 0 0 0 0 0 0 0 1 0 0 25 14 22 10 19 13
 1.035000E+02 12 0 0 0 0 0 0 0 0 1 0 0 20 14 24 15 17 14
 1.040000E+02 10 0 0 0 0 0 0 1 0 0 0 0 21 16 24 17 16 14
 1.045000E+02 5 0 0 0 0 0 0 0 0 0 0 0 20 6 15 19 17 25
 1.050000E+02 7 0 0 0 0 0 0 0 0 0 0 0 14 18 16 17 18 22
 1.055000E+02 13 0 0 0 0 0 0 0 0 0 0 0 19 22 20 16 17 16
 1.060000E+02 6 0 0 0 0 0 0 0 0 1 0 0 17 21 17 15 16 23
 1.065000E+02 2 0 0 0 0 0 0 0 0 1 0 0 11 25 13 13 17 28
 1.070000E+02 7 0 0 0 0 0 0 0 0 1 0 0 19 20 12 18 14 20
 1.075000E+02 8 0 0 0 0 0 0 0 0 0 0 0 18 20 15 18 20 20
 1.080000E+02 9 0 0 0 0 0 0 0 0 0 0 0 17 17 15 18 21 17
 1.085000E+02 10 0 0 0 0 0 0 0 0 0 0 0 18 20 14 16 14 19
 1.090000E+02 8 0 0 0 0 0 0 0 0 0 0 0 19 21 18 17 15 21
 1.095000E+02 10 0 0 0 0 0 0 0 0 0 0 0 12 16 23 21 24 12
 1.100000E+02 8 0 0 0 0 0 0 0 0 1 0 0 14 23 19 17 30 10
 1.105000E+02 6 0 0 0 0 0 0 0 0 2 0 0 16 21 14 16 22 16
 1.110000E+02 8 0 0 0 0 0 0 1 0 1 0 0 17 24 17 18 24 17
 1.115000E+02 12 0 0 0 0 0 0 0 0 2 0 0 19 17 14 21 15 18
 1.120000E+02 11 0 0 0 0 0 0 0 0 1 0 0 26 14 19 14 18 20
 1.125000E+02 4 0 0 0 0 0 0 0 0 0 0 0 23 13 19 12 16 18
 1.130000E+02 7 0 0 0 0 0 0 0 0 0 0 0 18 17 18 15 15 19
 1.135000E+02 10 0 0 0 0 0 0 0 0 2 0 0 18 15 15 25 17 17
 1.140000E+02 2 0 0 0 0 0 0 1 0 0 0 0 24 17 9 29 9 15
 1.145000E+02 12 0 0 0 0 0 0 0 0 0 0 0 22 16 11 30 12 21
 1.150000E+02 11 0 0 0 0 0 0 0 0 0 0 0 23 20 13 17 12 19
 1.155000E+02 7 0 0 0 0 0 0 0 0 0 0 0 19 17 18 15 18 13
 1.160000E+02 11 0 0 0 0 0 0 0 0 0 0 0 26 23 13 10 17 14
 1.165000E+02 7 0 0 0 0 0 0 0 0 0 0 0 16 20 14 17 25 14
 1.170000E+02 4 0 0 0 0 0 0 0 0 0 0 0 15 18 17 20 16 13
 1.175000E+02 10 0 0 0 0 0 0 0 0 0 0 0 20 16 17 17 16 19
 1.180000E+02 11 0 0 0 0 0 0 0 0 0 0 0 22 13 17 19 14 22
 1.185000E+02 5 0 0 0 0 0 0 0 0 0 0 0 24 12 11 18 19 18
 1.190000E+02 8 0 0 0 0 0 0 0 0 0 0 0 20 15 17 22 14 18
 1.195000E+02 7 0 0 0 0 0 0 0 0 0 0 0 15 13 20 17 14 16
 1.200000E+02 10 0 0 0 0 0 0 0 0 0 0 0 16 13 22 20 19 15
 1.205000E+02 7 0 0 0 0 0 0 0 0 0 0 0 15 16 18 20 20 16
 1.210000E+02 7 0 0 0 0 0 0 0 0 0 0 0 10 14 17 21 17 17
 1.215000E+02 4 0 0 0 0 0 0 0 0 0 0 0 11 14 15 23 20 20
 1.220000E+02 9 0 0 0 0 0 0 0 0 0 0 0 18 14 20 16 20 18
 1.225000E+02 2 0 0 0 0 0 0 0 0 0 0 0 16 20 20 21 12 26
 1.230000E+02 12 0 0 0 0 0 0 0 0 0 0 0 15 10 15 20 13 20
 1.235000E+02 10 0 0 0 0 0 0 0 0 0 0 0 14 15 18 22 14 14
 1.240000E+02 10 0 0 0 0 0 0 0 0 0 0 0 19 22 19 20 13 15
 1.245000E+02 8 0 0 0 0 0 0 0 0 0 0 0 18 22 18 19 12 19
 1.250000E+02 6 0 0 0 0 0 0 1 0 0 0 0 19 15 18 11 15 17
 1.255000E+02 9 0 0 0 0 0 0 0 0 1 0 0 20 19 11 17 17 20
 1.260000E+02 12 0 0 0 0 0 0 0 0 2 0 0 19 19 15 15 15 15
 1.265000E+02 9 0 0 0 0 0 0 1 0 2 0 0 14 16 14 12 16 16
 1.270000E+02 11 0 0 0 0 0 0 1 0 2 0 0 19 16 12 15 26 13
 1.275000E+02 4 0 0 0 0 0 0 0 0 3 0 0 12 19 14 17 23 10
 1.280000E+02 8 0 0 0 0 0 0 1 0 3 0 0 12 22 18 17 23 12
 1.285000E+02 6 0 0 0 0 0 0 0 0 2 0 0 15 15 16 18 21 13
 1.290000E+02 8 0 0 0 0 0 0 1 0 1 0 0 20 20 19 15 19 13
 1.295000E+02 8 0 0 0 0 1 0 0 0 0 0 0 12 17 21 14 20 11
 1.300000E+02 7 0 0 0 0 0 0 0 0 1 0 0 20 25 16 16 14 12
 1.305000E+02 10 0 0 0 0 0 0 0 0 0 0 0 18 32 13 15 10 17
 1.310000E+02 11 0 0 0 0 0 0 0 0 0 0 0 17 23 18 14 10 18
 1.315000E+02 3 0 0 0 0 0 0 0 0 0 0 0 20 21 26 16 17 18
 1.320000E+02 9 0 0 0 0 0 0 0 0 0 0 0 22 13 24 18 17 21
 1.325000E+02 8 0 0 0 0 0 0 0 0 2 0 0 22 15 14 21 15 20
 1.330000E+02 5 0 0 0 0 0 0 1 0 1 0 0 17 17 19 22 21 17
 1.335000E+02 12 0 0 0 0 0 0 0 0 0 0 0 16 26 20 21 14 20
 1.340000E+02 13 0 0 0 0 0 0 0 0 0 0 0 12 25 21 19 16 11
 1.345000E+02 10 0 0 0 0 0 0 0 0 0 0 0 18 17 26 20 15 13
 1.350000E+02 7 0 0 0 0 0 0 0 0 0 0 0 20 13 22 22 12 19
 1.355000E+02 7 0 0 0 0 0 0 0 0 0 0 0 20 17 23 20 19 18
 1.360000E+02 6 0 0 0 0 0 0 0 0 0 0 0 15 16 21 20 22 21
 1.365000E+02 11 0 0 0 0 0 0 0 0 0 0 0 17 18 25 11 19 21
 1.370000E+02 9 0 0 0 0 0 0 0 0 0 0 0 23 15 23 18 20 19
 1.375000E+02 9 0 0 0 0 0 0 0 0 0 0 0 17 13 24 21 25 23
 1.380000E+02 13 0 0 0 0 0 0 0 0 0 0 0 21 13 22 14 20 20
 1.385000E+02 13 0 0 0 0 0 0 0 0 0 0 0 12 19 13 16 14 15
 1.390000E+02 6 0 0 0 0 0 0 0 0 1 0 0 20 22 12 13 21 20
 1.395000E+02 5 0 0 0 0 0 0 0 0 1 0 0 22 18 14 23 17 18
 1.400000E+02 4 0 0 0 0 0 0 0 0 0 0 0 15 15 25 18 18 14
 1.405000E+02 10 0 0 0 0 0 0 0 0 0 0 0 17 21 15 18 15 14
 1.410000E+02 9 0 0 0 0 0 0 0 0 0 0 0 12 19 13 20 16 19
 1.415000E+02 6 0 0 0 0 0 0 0 0 1 0 0 16 16 10 24 15 24
 1.420000E+02 10 0 0 0 0 0 0 0 0 1 0 0 17 14 17 21 11 26
 1.425000E+02 3 0 0 0 0 0 0 0 0 1 0 0 12 21 21 19 10 25
 1.430000E+02 13 0 0 0 0 0 0 1 0 1 0 0 12 20 17 14 11 21
 1.435000E+02 10 0 0 0 0 0 0 0 0 0 0 0 16 22 16 13 14 21
 1.440000E+02 8 0 0 0 0 0 0 0 0 0 0 0 19 23 12 16 18 20
 1.445000E+02 14 0 0 0 0 0 0 0 0 0 0 0 23 26 12 17 14 10
 1.450000E+02 9 0 0 0 0 0 0 1 0 0 0 0 18 21 15 17 17 20
 1.455000E+02 7 0 0 0 0 0 0 0 0 0 0 0 16 23 15 14 17 17
 1.460000E+02 5 0 0 0 0 0 0 0 0 1 0 0 15 27 16 13 12 18
 1.465000E+02 10 0 0 0 0 0 0 0 0 1 0 0 16 25 18 14 14 16
 1.470000E+02 11 0 0 0 0 0 0 0 0 2 0 0 12 19 19 20 13 14
 1.475000E+02 7 0 0 0 0 0 0 0 0 1 0 0 16 14 19 19 10 21
 1.480000E+02 6 0 0 0 0 0 0 1 0 0 0 0 21 19 20 14 11 23
 1.485000E+02 9 0 0 0 0 0 0 2 0 0 0 0 22 24 21 13 14 16
 1.490000E+02 7 0 0 0 0 0 0 0 0 1 0 0 20 15 18 13 13 19
 1.495000E+02 8 0 0 0 0 0 0 0 0 0 0 0 12 17 22 21 16 17
 1.500000E+02 9 0 0 0 0 0 0 0 0 0 0 0 17 14 22 12 21 19
 1.505000E+02 6 0 0 0 0 0 0 0 0 0 0 0 13 15 19 9 16 24
 1.510000E+02 8 0 0 0 0 0 0 0 0 0 0 0 25 14 16 15 19 21
 1.515000E+02 7 0 0 0 0 0 0 0 0 0 0 0 24 17 16 17 15 24
 1.520000E+02 12 0 0 0 0 0 0 0 0 0 0 0 16 23 13 16 15 15
 1.525000E+02 13 0 0 0 0 0 0 0 0 0 0 0 14 20 16 19 18 14
 1.530000E+02 7 0 0 0 0 0 0 0 0 0 0 0 16 16 18 16 23 13
 1.535000E+02 4 0 0 0 0 0 0 0 0 0 0 0 15 17 16 19 18 15
 1.540000E+02 9 0 0 0 0 0 0 0 0 0 0 0 19 18 10 14 13 15
 1.545000E+02 8 0 0 0 0 0 0 0 0 1 0 0 16 12 15 12 16 20
 1.550000E+02 14 0 0 0 0 0 0 0 0 2 0 0 18 14 20 13 15 20
 1.555000E+02 9 0 0 0 0 0 0 0 0 1 0 0 16 13 24 19 22 15
 1.560000E+02 10 0 0 0 0 0 0 0 0 0 0 0 16 14 19 20 16 18
 1.565000E+02 13 0 0 0 0 0 0 0 0 0 0 0 16 10 19 19 22 11
 1.570000E+02 10 0 0 0 0 0 0 0 0 0 0 0 14 15 20 19 22 7
 1.575000E+02 9 0 0 0 0 1 0 0 0 0 0 0 10 21 20 12 26 15
 1.580000E+02 4 0 0 0 0 0 0 1 0 1 0 0 12 19 17 16 24 12
 1.585000E+02 9 0 0 0 0 0 0 0 0 0 0 0 16 16 20 14 14 20
 1.590000E+02 7 0 0 0 0 0 0 0 0 0 0 0 18 19 16 16 15 18
 1.595000E+02 10 0 0 0 0 0 0 0 0 0 0 0 16 16 15 12 21 22
 1.600000E+02 7 0 0 0 0 0 0 0 0 0 0 0 14 16 21 15 16 21
 1.605000E+02 13 0 0 0 0 0 0 0 0 0 0 0 19 15 21 12 21 15
 1.610000E+02 5 0 0 0 0 0 0 0 0 0 0 0 22 13 19 15 23 15
 1.615000E+02 4 0 0 0 0 0 0 0 0 0 0 0 18 15 16 17 20 14
 1.620000E+02 5 0 0 0 0 0 0 0 0 0 0 0 13 17 15 18 23 20
 1.625000E+02 8 0 0 0 0 0 0 0 0 0 0 0 17 15 13 20 14 19
 1.630000E+02 5 0 0 0 0 0 0 0 0 0 0 0 17 14 20 15 18 19
 1.635000E+02 9 0 0 0 0 0 0 0 0 0 0 0 20 22 19 10 15 15
 1.640000E+02 12 0 0 0 0 0 0 0 0 0 0 0 11 15 18 13 12 23
 1.645000E+02 7 0 0 0 0 0 0 0 0 0 0 0 17 16 28 8 13 15
 1.650000E+02 7 0 0 0 0 0 0 0 0 0 0 0 21 19 20 15 16 15
 1.655000E+02 7 0 0 0 0 0 0 0 0 0 0 0 11 24 16 23 15 12
 1.660000E+02 6 0 0 0 0 0 0 0 0 1 0 0 16 19 18 24 13 14
 1.665000E+02 12 0 0 0 0 0 0 0 0 0 0 0 14 10 18 18 20 16
 1.670000E+02 5 0 0 0 0 0 0 0 0 0 0 0 15 7 23 17 21 14
 1.675000E+02 5 0 0 0 0 0 0 0 0 0 0 0 20 8 21 19 22 22
 1.680000E+02 9 0 0 0 0 0 0 0 0 0 0 0 12 15 21 19 21 16
 1.685000E+02 4 0 0 0 0 0 0 0 0 0 0 0 12 23 13 21 16 19
 1.690000E+02 9 0 0 0 0 0 0 0 0 0 0 0 16 17 8 14 21 27
 1.695000E+02 7 0 0 0 0 0 0 0 0 0 0 0 14 13 19 16 13 20
 1.700000E+02 8 0 0 0 0 0 0 0 0 0 0 0 15 17 18 20 13 18
 1.705000E+02 11 0 0 0 0 0 0 0 0 0 0 0 18 18 19 23 16 13
 1.710000E+02 10 0 0 0 0 0 0 0 0 0 0 0 16 22 15 19 18 17
 1.715000E+02 7 0 0 0 0 0 0 0 0 0 0 0 18 19 14 20 12 19
 1.720000E+02 5 0 0 0 0 0 0 0 0 0 0 0 24 19 12 16 12 11
 1.725000E+02 8 0 0 0 0 0 0 0 0 0 0 0 25 12 9 17 18 14
 1.730000E+02 4 0 0 0 0 0 0 0 0 1 0 0 22 17 13 18 16 18
 1.735000E+02 8 0 0 0 0 0 0 0 0 1 0 0 17 20 21 13 18 16
 1.740000E+02 8 0 0 0 0 0 0 1 0 0 0 0 13 13 16 15 17 16
 1.745000E+02 11 0 0 0 0 0 0 0 0 1 0 0 14 19 15 12 21 9
 1.750000E+02 7 0 0 0 0 0 0 0 0 0 0 0 15 15 20 15 25 11
 1.755000E+02 14 0 0 0 0 0 0 0 0 0 0 0 23 16 9 13 21 16
 1.760000E+02 13 0 0 0 0 0 0 0 0 1 0 0 18 16 10 8 23 15
 1.765000E+02 6 0 0 0 0 0 0 0 0 1 0 0 16 15 11 15 25 22
 1.770000E+02 11 0 0 0 0 0 0 0 0 0 0 0 21 13 15 12 23 22
 1.775000E+02 5 0 0 0 0 0 0 0 0 0 0 0 16 10 19 17 20 27
 1.780000E+02 9 0 0 0 0 0 0 0 0 0 0 0 10 8 23 13 15 19
 1.785000E+02 6 0 0 0 0 0 0 0 0 0 0 0 15 10 20 20 20 18
 1.790000E+02 8 0 0 0 0 0 0 0 0 0 0 0 17 15 14 21 22 22
 1.795000E+02 6 0 0 0 0 0 0 0 0 0 0 0 19 15 10 18 22 23
 1.800000E+02 6 0 0 0 0 0 0 0 0 0 0 0 31 16 11 12 15 23
 1.805000E+02 6 0 0 0 0 0 0 0 0 0 0 0 13 18 11 12 20 20
 1.810000E+02 5 0 0 0 0 0 0 0 0 0 0 0 16 16 18 16 18 19
 1.815000E+02 3 0 0 0 0 0 0 1 0 0 0 0 17 20 20 14 23 21
 1.820000E+02 6 0 0 0 0 0 0 1 0 0 0 0 15 22 14 12 20 16
 1.825000E+02 4 0 0 0 0 0 0 1 0 0 0 0 16 24 16 14 19 16
 1.830000E+02 9 0 0 0 0 0 0 0 0 1 0 0 13 23 19 19 21 15
 1.835000E+02 4 0 0 0 0 0 0 0 0 0 0 0 7 23 23 22 17 9
 1.840000E+02 7 0 0 0 0 0 0 0 0 0 0 0 13 23 23 19 21 11
 1.845000E+02 8 0 0 0 0 0 0 0 0 0 0 0 15 20 19 18 18 19
 1.850000E+02 8 0 0 0 0 0 0 0 0 0 0 0 9 18 20 23 20 15
 1.855000E+02 6 0 0 0 0 0 0 0 0 0 0 0 12 11 22 14 19 15
 1.860000E+02 6 0 0 0 0 0 0 0 0 0 0 0 16 16 24 16 16 16
 1.865000E+02 13 0 0 0 0 0 0 0 0 0 0 0 17 13 22 22 16 16
 1.870000E+02 5 0 0 0 0 0 0 0 0 0 0 0 14 13 18 18 21 17
 1.875000E+02 8 0 0 0 0 0 0 0 0 0 0 0 21 15 11 15 13 21
 1.880000E+02 6 0 0 0 0 0 0 0 0 0 0 0 19 18 9 15 23 24
 1.885000E+02 12 0 0 0 0 0 0 0 0 0 0 0 18 15 11 14 27 26
 1.890000E+02 14 0 0 0 0 0 0 0 0 0 0 0 25 12 19 20 15 20
 1.895000E+02 10 0 0 0 0 0 0 0 0 0 0 0 21 19 15 17 26 13
 1.900000E+02 7 0 0 0 0 0 0 0 0 1 0 0 21 16 16 14 22 8
 1.905000E+02 11 0 0 0 0 0 0 0 0 2 0 0 21 22 20 15 12 11
 1.910000E+02 3 0 0 0 0 0 0 0 0 3 0 0 14 19 21 18 17 16
 1.915000E+02 10 0 0 0 0 0 0 1 0 1 0 0 12 15 17 20 16 19
 1.920000E+02 8 0 0 0 0 0 0 0 0 2 0 0 15 17 17 16 21 19
 1.925000E+02 14 0 0 0 0 0 0 1 0 0 0 0 14 25 19 17 14 20
 1.930000E+02 11 0 0 0 0 0 0 1 0 0 0 0 21 26 21 14 11 19
 1.935000E+02 10 0 0 0 0 0 0 0 0 0 0 0 17 17 19 15 15 16
 1.940000E+02 11 0 0 0 0 0 0 0 0 0 0 0 13 17 16 15 22 20
 1.945000E+02 7 0 0 0 0 0 0 0 0 0 0 0 14 14 18 16 19 16
 1.950000E+02 11 0 0 0 0 0 0 0 0 0 0 0 17 13 21 21 16 12
 1.955000E+02 5 0 0 0 0 0 0 0 0 0 0 0 22 12 23 15 15 16
 1.960000E+02 9 0 0 0 0 0 0 0 0 0 0 0 18 12 16 14 14 20
 1.965000E+02 9 0 0 0 0 0 0 0 0 0 0 0 17 22 10 21 11 18
 1.970000E+02 11 0 0 0 0 0 0 0 0 0 0 0 14 25 10 25 18 15
 1.975000E+02 8 0 0 0 0 0 0 0 0 0 0 0 10 21 18 20 19 14
 1.980000E+02 10 0 0 0 0 0 0 0 0 1 0 0 18 14 15 23 14 19
 1.985000E+02 7 0 0 0 0 0 0 0 0 1 0 0 21 10 12 18 15 17
 1.990000E+02 11 0 0 0 0 0 0 1 0 0 0 0 19 9 15 22 16 24
 1.995000E+02 8 0 0 0 0 0 0 0 0 0 0 0 27 13 11 18 17 15
 2.000000E+02 7 0 0 0 0 0 0 0 0 1 0 0 20 12 15 15 18 10
 2.005000E+02 13 0 0 0 0 0 0 1 0 0 0 0 19 15 8 15 15 16
 2.010000E+02 8 0 0 0 0 0 0 1 0 0 0 0 14 19 12 16 14 19
 2.015000E+02 7 0 0 0 0 0 0 0 2 1 0 0 13 18 12 21 21 19
 2.020000E+02 5 0 0 0 0 0 0 0 1 1 0 0 12 12 13 24 10 15
 2.025000E+02 6 0 0 0 0 0 0 0 0 2 0 0 19 13 10 22 12 14
 2.030000E+02 9 0 0 1 0 0 0 0 0 0 0 0 19 12 12 22 13 13
 2.035000E+02 8 0 0 0 0 0 0 0 0 1 0 0 19 12 10 19 17 11
 2.040000E+02 8 0 0 0 0 0 0 0 0 0 0 0 14 12 13 12 19 12
 2.045000E+02 5 0 0 0 0 0 0 0 0 0 0 0 10 7 15 18 18 19
 2.050000E+02 5 0 0 0 0 0 0 0 0 0 0 0 15 13 10 15 20 19
 2.055000E+02 4 0 0 0 0 0 0 0 0 1 0 0 20 14 13 11 20 19
 2.060000E+02 8 0 0 0 0 0 0 0 0 1 0 0 22 12 14 11 18 14
 2.065000E+02 7 0 0 1 0 0 0 0 0 0 0 0 19 17 14 9 14 14
 2.070000E+02 5 0 0 0 0 0 0 1 0 0 0 0 10 12 11 11 15 19
 2.075000E+02 5 0 0 0 0 0 0 0 0 0 1 0 12 16 12 13 20 20
 2.080000E+02 10 0 0 0 0 0 0 0 0 0 0 1 12 14 15 22 13 14
 2.085000E+02 6 0 0 0 0 0 0 0 0 1 0 0 11 19 10 19 10 14
 2.090000E+02 6 0 0 0 0 0 0 0 0 0 0 1 15 22 12 17 14 10
 2.095000E+02 6 0 0 0 0 0 0 0 0 0 0 0 21 21 14 14 17 9
 2.100000E+02 8 0 0 0 0 0 0 0 0 0 0 0 19 18 18 13 16 8
 2.105000E+02 11 0 0 0 0 0 0 0 0 1 0 0 13 9 13 16 18 11
 2.110000E+02 8 0 0 0 0 0 0 0 0 1 0 0 19 13 19 17 12 15
 2.115000E+02 12 0 0 0 0 0 0 0 0 0 0 0 14 13 20 12 14 17
 2.120000E+02 9 0 0 0 0 0 0 0 0 0 0 0 14 15 13 17 19 15
 2.125000E+02 11 0 0 0 0 0 0 0 0 0 0 0 13 17 17 17 16 12
 2.130000E+02 4 0 0 0 0 0 0 0 0 0 0 0 13 12 16 14 18 13
 2.135000E+02 14 0 0 0 0 0 0 0 0 0 0 0 11 14 19 15 10 10
 2.140000E+02 8 0 0 0 0 0 0 0 0 0 0 0 11 14 14 15 11 10
 2.145000E+02 10 0 0 0 0 0 0 0 0 0 0 0 14 15 15 11 17 9
 2.150000E+02 9 0 0 0 0 0 0 0 0 0 0 0 19 7 22 7 13 12
 2.155000E+02 5 0 0 0 0 0 0 0 0 1 0 0 24 15 12 11 21 10
 2.160000E+02 5 0 0 0 0 0 0 0 0 0 0 0 23 17 14 11 16 15
 2.165000E+02 13 0 0 0 0 0 0 0 0 0 0 0 23 14 22 10 14 13
 2.170000E+02 5 0 0 0 0 0 0 0 0 0 0 0 18 10 17 12 16 15
 2.175000E+02 7 0 0 0 0 0 0 0 0 0 0 0 14 17 15 15 14 14
 2.180000E+02 10 0 0 0 0 0 0 0 0 0 0 0 15 9 17 14 16 12
 2.185000E+02 6 0 0 0 0 0 0 0 0 0 0 0 21 8 15 16 19 14
 2.190000E+02 6 0 0 0 0 0 0 0 0 0 0 0 21 9 19 16 20 16
 2.195000E+02 8 0 0 0 0 0 0 0 0 1 0 0 20 12 11 15 11 13
 2.200000E+02 4 0 0 0 0 0 0 0 0 1 0 0 17 14 11 19 8 18
 2.205000E+02 9 0 0 0 0 0 0 0 0 1 0 0 14 15 15 24 14 14
 2.210000E+02 10 0 0 0 0 0 0 0 0 1 0 0 19 9 10 21 14 15
 2.215000E+02 5 0 0 0 0 0 0 0 0 2 0 0 18 14 18 20 14 17
 2.220000E+02 10 0 0 0 0 0 0 0 0 1 0 0 23 6 14 17 16 10
 2.225000E+02 3 0 0 0 0 0 0 0 0 1 0 0 15 17 20 22 17 10
 2.230000E+02 10 0 0 0 0 0 0 0 0 1 0 0 15 20 16 13 16 16
 2.235000E+02 2 0 0 1 0 0 0 0 0 0 0 0 16 21 19 9 16 18
 2.240000E+02 8 0 0 0 0 0 0 0 0 1 0 0 9 21 18 8 12 19
 2.245000E+02 11 0 0 0 0 0 0 0 0 0 0 0 15 15 12 9 8 24
 2.250000E+02 9 0 0 0 0 0 0 0 0 0 0 0 14 17 14 14 14 18
 2.255000E+02 11 0 0 0 0 0 0 0 0 0 0 0 19 14 18 19 12 12
 2.260000E+02 6 0 0 0 0 0 0 0 0 0 0 0 18 14 19 17 11 14
 2.265000E+02 7 0 0 0 0 0 0 0 0 0 0 0 14 18 11 18 12 14
 2.270000E+02 3 0 0 0 0 0 0 0 0 0 0 0 12 15 10 19 15 15
 2.275000E+02 7 0 0 0 0 0 0 0 0 0 0 0 18 15 10 11 16 17
 2.280000E+02 8 0 0 0 0 0 0 0 0 0 0 0 10 18 14 14 15 17
 2.285000E+02 12 0 0 0 0 0 0 0 0 0 0 0 11 12 17 20 15 19
 2.290000E+02 3 0 0 0 0 0 0 0 0 0 0 0 13 15 16 15 15 12
 2.295000E+02 9 0 0 0 0 0 0 0 0 0 0 0 19 24 9 19 12 11
 2.300000E+02 12 0 0 0 0 0 0 0 0 0 0 0 21 16 18 20 12 14
 2.305000E+02 6 0 0 0 0 0 0 0 0 0 0 0 15 16 17 18 15 19
 2.310000E+02 7 0 0 0 0 0 0 0 0 0 0 0 12 11 20 19 13 18
 2.315000E+02 13 0 0 0 0 0 0 0 0 1 0 0 16 12 11 13 11 20
 2.320000E+02 8 0 0 0 0 0 0 0 0 1 0 0 18 13 15 15 8 24
 2.325000E+02 7 0 0 0 0 0 0 0 0 0 1 0 13 13 19 16 13 18
 2.330000E+02 15 0 0 0 0 0 0 0 0 1 0 0 10 15 17 17 12 19
 2.335000E+02 13 0 0 0 0 0 0 0 0 2 0 0 8 15 17 14 19 16
 2.340000E+02 6 0 0 0 0 0 0 0 0 0 0 0 12 22 9 12 24 16
 2.345000E+02 8 0 0 0 0 0 0 0 0 0 0 0 6 24 10 16 26 24
 2.350000E+02 9 0 0 0 0 0 0 0 0 0 0 0 10 18 22 13 23 19
 2.355000E+02 9 0 0 0 0 0 0 0 0 0 0 0 16 14 18 22 18 12
 2.360000E+02 9 0 0 0 0 0 0 0 0 0 0 0 18 11 16 20 16 15
 2.365000E+02 10 0 0 0 0 0 0 0 0 0 0 0 23 13 17 19 11 10
 2.370000E+02 6 0 0 0 0 0 0 0 0 0 0 0 15 18 16 16 14 17
 2.375000E+02 4 0 0 0 0 0 0 0 0 0 0 0 17 19 25 11 16 15
 2.380000E+02 13 0 0 0 0 0 0 0 0 0 0 0 14 15 24 13 12 15
 2.385000E+02 19 0 0 0 0 0 0 0 0 0 0 0 16 19 23 18 15 14
 2.390000E+02 12 0 0 0 0 0 0 0 0 0 0 0 9 17 23 11 14 22
 2.395000E+02 10 0 0 0 0 0 0 0 0 0 0 0 17 19 12 18 15 16
 2.400000E+02 10 0 0 0 0 0 0 0 0 0 0 0 13 14 17 17 16 13
 2.405000E+02 6 0 0 0 0 0 0 0 0 0 0 0 23 13 19 16 17 14
 2.410000E+02 6 0 0 0 0 0 0 0 0 0 0 0 16 13 20 14 17 14
 2.415000E+02 10 0 0 0 0 0 0 0 0 0 0 0 15 22 13 22 17 11
 2.420000E+02 8 0 0 0 0 0 0 0 0 1 0 0 15 24 14 23 22 16
 2.425000E+02 9 0 0 0 0 0 0 0 0 1 0 0 16 16 13 18 15 18
 2.430000E+02 7 0 0 0 0 0 0 0 0 0 1 0 15 22 16 11 21 11
 2.435000E+02 7 0 0 0 0 0 0 0 0 0 0 0 19 24 15 15 12 11
 2.440000E+02 7 0 0 0 0 0 0 0 0 0 0 0 20 26 18 17 12 15
 2.445000E+02 6 0 0 0 0 0 0 0 0 0 0 0 16 20 14 17 16 17
 2.450000E+02 9 0 0 0 0 0 0 0 0 1 0 0 17 24 14 19 11 12
 2.455000E+02 5 0 0 0 0 0 0 0 0 1 0 0 13 20 15 13 17 18
 2.460000E+02 9 0 0 0 0 0 0 0 0 1 0 0 21 29 13 15 13 18
 2.465000E+02 8 0 0 0 0 0 0 0 0 0 0 0 20 21 22 11 13 16
 2.470000E+02 3 0 0 0 0 0 0 0 0 0 0 0 20 20 19 10 12 17
 2.475000E+02 12 0 0 0 0 0 0 0 0 0 0 0 12 15 20 17 12 16
 2.480000E+02 6 0 0 0 0 0 0 0 0 0 0 0 20 14 15 17 15 23
 2.485000E+02 11 0 0 0 0 0 0 0 0 1 0 0 17 16 11 14 10 27
 2.490000E+02 7 0 0 0 0 0 0 0 0 0 0 0 15 11 13 16 11 20
 2.495000E+02 10 0 0 0 0 0 0 0 0 0 0 0 11 14 20 18 18 16
 2.500000E+02 12 0 0 0 0 0 0 0 0 0 0 0 17 12 26 18 19 22
 2.505000E+02 1075 0 0 2 0 0 0 1 0 7 0 1 0 0 0 0 0 0
 2.510000E+02 1818 0 0 6 0 0 0 1 1 15 0 1 0 0 0 0 0 0
 2.515000E+02 2136 2 0 7 0 0 0 2 0 23 1 0 0 0 0 0 0 0
 2.520000E+02 2259 0 0 8 0 0 0 2 0 20 1 0 0 0 0 0 0 0
 2.525000E+02 1003 2 0 4 0 0 0 3 0 24 0 0 0 0 0 0 0 0
 2.530000E+02 423 1 0 6 0 0 0 3 0 16 1 0 0 0 0 0 0 0
 2.535000E+02 192 1 0 3 0 0 0 0 0 17 0 0 0 0 0 0 0 1
 2.540000E+02 104 0 0 0 0 0 0 0 0 10 0 0 2 0 1 2 1 2
 2.545000E+02 1396 1 0 4 0 0 0 2 0 15 1 0 0 0 0 0 0 0
 2.550000E+02 1914 1 0 2 0 1 0 3 0 17 1 1 0 0 0 0 0 0
 2.555000E+02 2124 3 0 3 0 0 0 3 0 36 0 2 0 0 0 0 0 0
 2.560000E+02 2231 1 1 5 0 0 0 7 0 45 1 0 0 0 0 0 0 0
 2.565000E+02 966 2 0 9 1 0 0 7 0 30 0 0 0 0 0 0 0 0
 2.570000E+02 466 1 0 8 0 0 0 1 0 26 0 0 0 1 0 1 0 0
 2.575000E+02 223 0 1 2 0 2 0 3 1 15 0 0 0 1 1 0 1 0
 2.580000E+02 100 0 0 1 0 0 0 3 0 9 0 0 3 1 0 2 2 3
 2.585000E+02 1430 0 0 1 0 1 0 2 0 19 2 0 0 0 0 0 0 0
 2.590000E+02 1981 0 0 4 0 1 0 3 0 31 1 1 0 0 0 0 0 0
 2.595000E+02 2170 0 0 4 0 0 0 8 0 34 1 2 0 0 0 0 0 0
 2.600000E+02 2211 0 0 4 0 2 0 9 0 32 2 2 0 0 0 0 0 0
 2.605000E+02 998 1 0 3 0 1 0 3 0 35 1 0 0 0 0 0 0 1
 2.610000E+02 434 1 0 0 0 1 0 8 0 28 1 0 0 0 0 0 0 0
 2.615000E+02 206 0 0 2 0 0 0 1 0 23 0 0 0 0 0 1 0 1
 2.620000E+02 119 0 0 2 0 1 0 4 0 14 0 0 1 3 3 3 1 3
 2.625000E+02 1344 0 0 0 0 2 0 1 0 20 0 0 0 0 0 0 0 0
 2.630000E+02 1997 1 0 0 0 1 0 3 0 28 1 0 0 0 0 0 0 0
 2.635000E+02 2174 1 0 0 0 1 0 5 0 43 2 0 0 0 0 0 0 0
 2.640000E+02 2277 0 0 4 0 0 0 7 0 44 0 0 0 0 0 0 0 0
 2.645000E+02 983 2 0 1 0 2 0 7 0 34 0 0 0 0 0 0 0 0
 2.650000E+02 452 0 0 1 0 0 0 4 0 27 1 0 0 0 0 0 0 0
 2.655000E+02 224 0 0 0 0 1 0 5 0 17 0 0 1 2 1 1 1 0
 2.660000E+02 108 0 0 0 0 1 0 1 1 14 0 0 0 1 0 1 1 0
 2.665000E+02 1404 0 0 0 0 1 0 4 0 13 0 1 0 0 0 0 0 0
 2.670000E+02 1901 1 0 0 0 1 0 4 0 19 0 0 0 0 0 0 0 0
 2.675000E+02 2147 1 0 2 0 1 0 2 0 27 2 2 0 0 0 0 0 0
 2.680000E+02 2271 1 0 1 0 1 0 8 1 32 0 0 0 0 0 0 0 0
 2.685000E+02 977 0 0 2 0 2 0 9 0 20 0 0 0 0 0 0 0 0
 2.690000E+02 391 0 0 0 0 2 0 2 0 24 0 0 0 0 0 0 1 0
 2.695000E+02 173 1 0 0 0 0 0 3 0 17 1 0 0 0 1 1 0 0
 2.700000E+02 87 0 0 0 0 1 0 1 1 11 1 1 2 3 0 3 2 1
 2.705000E+02 1327 0 0 0 0 0 0 1 1 17 0 0 0 0 0 0 0 0
 2.710000E+02 1867 1 0 1 0 2 0 4 0 29 0 0 0 0 0 0 0 0
 2.715000E+02 2079 0 0 1 0 3 0 4 0 31 0 0 0 0 0 0 0 0
 2.720000E+02 2269 1 0 0 0 3 0 13 0 33 1 0 0 0 0 0 0 0
 2.725000E+02 990 1 0 1 0 1 0 5 0 34 1 0 0 0 0 0 0 0
 2.730000E+02 443 3 0 0 0 5 0 4 0 23 1 0 0 0 0 0 1 0
 2.735000E+02 190 0 0 1 0 2 0 1 0 13 1 0 1 0 0 1 0 0
 2.740000E+02 97 0 0 1 0 0 0 1 0 13 1 0 2 1 3 1 3 4
 2.745000E+02 1382 0 0 2 0 1 0 3 0 14 1 0 0 0 0 0 0 0
 2.750000E+02 1990 2 0 1 0 1 0 6 0 23 1 0 0 0 0 0 0 0
 2.755000E+02 2197 1 0 4 0 2 0 8 0 25 0 1 0 0 0 0 0 0
 2.760000E+02 2259 1 0 0 0 2 0 9 0 34 0 2 0 0 0 0 0 0
 2.765000E+02 958 0 0 1 0 0 0 7 1 32 1 2 0 0 0 0 0 0
 2.770000E+02 431 0 0 1 0 2 1 2 0 23 0 1 0 0 0 0 0 0
 2.775000E+02 195 0 0 0 0 2 0 4 0 14 0 0 0 0 0 0 1 1
 2.780000E+02 112 1 0 0 0 0 0 1 0 12 0 0 2 0 4 3 2 4
 2.785000E+02 1376 0 0 1 0 2 0 3 0 8 1 0 0 0 0 0 0 0
 2.790000E+02 1942 0 0 0 0 2 0 6 0 29 0 0 0 0 0 0 0 0
 2.795000E+02 2096 0 0 1 0 0 0 6 2 37 1 3 0 0 0 0 0 0
 2.800000E+02 2208 2 0 0 0 4 0 7 1 32 0 2 0 0 0 0 0 0
 2.805000E+02 972 4 0 0 0 1 0 7 1 33 0 0 0 0 0 0 0 0
 2.810000E+02 422 1 0 3 0 1 0 6 0 29 1 0 0 0 0 1 0 0
 2.815000E+02 212 0 0 0 0 2 0 7 0 17 0 0 0 0 1 2 0 0
 2.820000E+02 105 0 0 1 0 0 0 2 0 11 0 0 3 0 0 1 1 2
 2.825000E+02 1328 0 0 0 0 1 0 2 0 19 0 0 0 0 0 0 0 0
 2.830000E+02 1837 2 0 0 0 2 0 3 0 27 0 0 0 0 0 0 0 0
 2.835000E+02 2173 0 0 1 0 2 0 9 0 31 0 0 0 0 0 0 0 0
 2.840000E+02 2272 1 0 2 0 1 0 8 0 39 0 0 0 0 0 0 0 0
 2.845000E+02 964 1 1 1 0 0 0 6 0 35 1 1 0 0 0 0 0 0
 2.850000E+02 437 1 0 2 0 1 0 3 0 27 0 0 0 0 0 0 0 0
 2.855000E+02 215 0 0 0 0 2 0 2 0 22 1 0 2 0 0 0 0 1
 2.860000E+02 111 2 0 0 0 2 0 3 0 14 0 0 0 5 1 2 0 3
 2.865000E+02 1332 0 0 3 0 3 0 5 0 12 0 0 0 0 0 0 0 0
 2.870000E+02 1946 1 0 1 0 2 0 2 0 27 2 1 0 0 0 0 0 0
 2.875000E+02 2156 0 0 1 0 2 0 5 0 35 1 0 0 0 0 0 0 0
 2.880000E+02 2215 2 0 0 0 1 0 7 0 41 0 0 0 0 0 0 0 0
 2.885000E+02 976 1 0 3 0 1 0 5 0 32 0 1 0 0 0 0 0 0
 2.890000E+02 455 1 0 1 0 2 0 4 0 16 0 0 0 0 0 0 0 0
 2.895000E+02 209 0 0 1 0 1 0 3 0 11 0 1 0 1 0 0 0 1
 2.900000E+02 108 0 0 1 0 1 0 0 0 14 0 0 1 2 0 1 2 3
 2.905000E+02 76 0 0 0 0 3 0 3 0 4 0 0 7 4 1 2 4 2
 2.910000E+02 62 0 0 0 0 1 0 1 0 6 0 0 3 5 4 5 4 4
 2.915000E+02 43 0 0 0 0 0 0 1 0 5 0 0 3 10 6 4 8 4
 2.920000E+02 39 0 0 0 0 0 0 1 0 3 0 0 11 6 5 7 8 8
 2.925000E+02 35 0 0 1 0 0 0 0 0 2 0 0 9 8 7 9 8 8
 2.930000E+02 35 0 0 0 0 0 0 1 0 2 0 0 13 8 12 12 9 8
 2.935000E+02 24 0 0 0 0 0 0 1 0 2 0 0 15 7 13 9 12 12
 2.940000E+02 28 0 0 0 0 0 0 1 0 0 0 0 17 15 18 6 11 11
 2.945000E+02 28 0 0 1 0 0 0 0 0 0 0 0 10 13 11 16 10 21
 2.950000E+02 40 0 0 0 0 0 0 0 0 1 0 0 13 15 10 20 11 20
 2.955000E+02 19 0 0 0 0 0 0 1 0 1 0 0 14 9 13 12 14 22
 2.960000E+02 20 0 0 0 0 0 0 0 0 3 0 0 15 9 18 15 15 22
 2.965000E+02 19 0 0 0 0 0 0 0 0 1 0 0 22 17 12 11 18 14
 2.970000E+02 20 0 0 0 0 0 0 1 0 0 0 0 15 18 17 16 19 8
 2.975000E+02 26 0 0 0 0 0 0 0 0 1 0 0 21 15 18 20 18 14
 2.980000E+02 24 0 0 0 0 0 0 0 0 1 0 0 17 14 18 14 12 18
 2.985000E+02 23 0 0 0 0 0 0 0 0 1 0 0 19 21 11 18 12 10
 2.990000E+02 14 0 0 0 0 0 0 1 0 0 0 0 17 16 22 18 14 18
 2.995000E+02 14 0 0 0 0 0 0 0 0 1 0 0 16 17 19 12 19 17
 3.000000E+02 12 0 0 0 0 0 0 0 0 0 0 0 21 14 17 9 17 17
 3.005000E+02 19 0 0 0 0 0 0 0 0 0 0 0 17 22 21 14 16 14
 3.010000E+02 22 0 0 0 0 0 0 0 0 0 0 0 14 21 21 20 17 25
 3.015000E+02 18 0 0 0 0 0 0 0 0 0 0 0 17 17 13 17 18 24
 3.020000E+02 12 0 0 0 0 0 0 0 0 0 0 0 15 23 16 17 23 21
 3.025000E+02 13 0 0 0 0 0 0 0 0 0 0 0 20 20 18 20 19 29
 3.030000E+02 20 0 0 0 0 0 0 0 0 0 0 0 13 22 25 15 21 18
 3.035000E+02 17 0 0 0 0 0 0 0 0 0 0 0 16 24 25 16 14 17
 3.040000E+02 14 0 0 0 0 0 0 0 0 0 0 0 21 15 24 20 22 21
 3.045000E+02 14 0 0 0 0 0 0 0 0 0 0 0 24 27 18 26 19 13
 3.050000E+02 16 0 0 0 0 0 0 0 0 1 0 0 19 27 14 20 20 18
 3.055000E+02 11 0 0 0 0 0 0 1 0 0 0 0 20 20 20 25 24 14
 3.060000E+02 13 0 0 0 0 0 0 0 0 1 0 0 19 21 19 18 23 18
 3.065000E+02 11 0 0 0 0 0 0 0 0 1 0 0 14 17 24 19 24 21
 3.070000E+02 9 0 0 0 0 0 0 0 0 1 0 0 24 15 24 16 12 21
 3.075000E+02 12 0 0 1 0 0 0 0 0 0 0 0 18 19 23 22 15 19
 3.080000E+02 11 0 0 0 0 0 0 1 0 0 0 0 22 19 18 19 21 16
 3.085000E+02 20 0 0 0 0 0 0 0 0 0 0 1 24 17 13 21 19 23
 3.090000E+02 14 0 0 0 0 0 0 0 0 0 0 0 19 19 12 18 22 25
 3.095000E+02 22 0 0 0 0 0 0 0 0 0 0 0 25 12 19 15 21 25
 3.100000E+02 11 0 0 0 0 0 0 0 0 1 0 0 19 17 22 27 17 18
 3.105000E+02 13 0 0 0 0 0 0 0 0 1 0 0 21 10 19 20 23 24
 3.110000E+02 9 0 0 0 0 0 0 0 0 0 0 0 23 20 19 15 17 19
 3.115000E+02 23 0 0 0 0 0 0 0 0 0 0 0 14 21 22 18 15 16
 3.120000E+02 20 0 0 0 0 0 0 0 0 0 0 0 13 17 26 23 14 20
 3.125000E+02 15 0 0 0 0 0 0 0 0 0 0 0 16 26 21 17 15 17
 3.130000E+02 10 0 0 0 0 0 0 0 0 0 0 0 17 17 13 13 23 21
 3.135000E+02 11 0 0 0 0 0 0 0 0 0 0 0 23 19 15 25 15 27
 3.140000E+02 8 0 0 0 0 0 0 1 0 0 0 0 18 17 25 26 21 25
 3.145000E+02 22 0 0 0 0 0 0 0 0 0 0 0 19 22 18 22 21 15
 3.150000E+02 14 0 0 0 0 0 0 0 0 0 0 0 23 20 21 17 12 22
 3.155000E+02 14 0 0 0 0 0 0 0 0 0 0 0 14 25 15 19 16 18
 3.160000E+02 11 0 0 0 0 0 0 0 0 0 0 0 15 25 17 17 20 21
 3.165000E+02 18 0 0 0 0 0 0 0 0 0 0 0 20 20 20 18 24 20
 3.170000E+02 14 0 0 0 0 0 0 1 0 1 0 0 15 21 15 14 26 23
 3.175000E+02 15 0 0 0 0 0 0 1 0 1 0 0 26 17 23 13 23 22
 3.180000E+02 13 0 0 1 0 0 0 0 0 0 0 0 21 13 18 16 18 24
 3.185000E+02 8 0 0 0 0 0 0 0 0 0 0 0 27 16 21 18 17 20
 3.190000E+02 11 0 0 0 0 0 0 0 0 0 0 0 24 21 15 17 18 12
 3.195000E+02 5 0 0 1 0 0 0 0 0 0 0 0 19 14 21 20 18 20
 3.200000E+02 14 0 0 0 0 0 0 0 0 1 0 0 15 19 21 19 24 15
 3.205000E+02 10 0 0 0 0 1 0 0 0 0 0 0 9 22 30 23 16 16
 3.210000E+02 13 0 0 0 0 0 0 0 0 1 0 0 13 18 20 27 17 20
 3.215000E+02 16 0 0 0 0 0 0 0 0 1 0 0 17 15 16 24 15 18
 3.220000E+02 13 0 0 0 0 0 0 0 0 0 0 0 23 13 22 22 21 14
 3.225000E+02 13 0 0 0 0 0 0 0 0 0 0 0 25 21 23 15 18 12
 3.230000E+02 12 0 0 0 0 0 0 0 0 0 0 0 21 23 17 14 15 19
 3.235000E+02 11 0 0 0 0 0 0 0 0 1 0 0 23 24 15 16 22 14
 3.240000E+02 4 0 0 0 0 0 0 0 0 1 0 0 19 16 17 19 24 19
 3.245000E+02 9 0 0 0 0 0 0 0 0 1 0 0 19 13 21 15 21 18
 3.250000E+02 10 0 0 0 0 0 0 0 0 0 0 0 18 14 18 17 24 21
 3.255000E+02 9 0 0 0 0 0 0 0 0 0 0 0 20 17 22 22 25 17
 3.260000E+02 11 0 0 0 0 0 0 0 0 0 0 0 15 15 20 17 24 20
 3.265000E+02 7 0 0 0 0 0 0 0 0 1 0 0 16 22 22 17 15 25
 3.270000E+02 12 0 0 0 0 0 0 1 0 0 0 0 20 26 23 12 12 17
 3.275000E+02 11 0 0 0 0 0 0 0 0 1 0 0 29 23 20 12 12 22
 3.280000E+02 9 0 0 0 0 0 0 0 0 1 0 0 22 19 26 16 20 19
 3.285000E+02 11 0 0 0 0 0 0 0 0 1 0 0 21 16 18 13 15 22
 3.290000E+02 10 0 0 1 0 0 0 0 0 1 0 0 19 13 18 25 17 17
 3.295000E+02 3 0 0 0 0 0 0 0 0 1 0 0 16 18 16 24 22 17
 3.300000E+02 13 0 0 0 0 0 0 0 0 0 0 0 19 17 18 24 17 19
 3.305000E+02 9 0 0 0 0 0 0 0 0 0 0 0 19 15 21 23 18 15
 3.310000E+02 9 0 0 0 0 0 0 0 0 0 0 0 16 13 20 24 25 18
 3.315000E+02 2 0 0 0 0 0 0 0 0 0 0 0 22 13 18 21 18 16
 3.320000E+02 8 0 0 0 0 0 0 0 0 0 0 0 18 18 16 16 19 23
 3.325000E+02 7 0 0 0 0 0 0 0 0 1 0 0 22 19 22 15 14 14
 3.330000E+02 12 0 0 0 0 0 0 0 0 1 0 0 19 14 18 18 16 17
 3.335000E+02 7 0 0 0 0 0 0 0 0 1 0 0 17 10 23 21 15 20
 3.340000E+02 14 0 0 0 0 0 0 0 0 1 0 0 27 8 21 26 17 18
 3.345000E+02 10 0 0 0 0 0 0 0 0 1 0 0 11 15 18 26 12 15
 3.350000E+02 14 0 0 0 0 0 0 0 0 0 0 0 17 18 26 19 15 16
 3.355000E+02 9 0 0 0 0 0 0 0 0 0 0 0 21 18 22 15 17 10
 3.360000E+02 10 0 0 0 0 0 0 0 0 0 0 0 18 27 17 15 18 16
 3.365000E+02 11 0 0 0 0 0 0 0 0 0 0 0 21 22 22 14 13 20
 3.370000E+02 13 0 0 0 0 0 0 0 0 0 0 0 9 23 18 19 16 20
 3.375000E+02 12 0 0 0 0 0 0 0 0 0 0 0 17 26 24 24 18 14
 3.380000E+02 11 0 0 0 0 0 0 0 0 0 0 0 23 16 20 19 17 16
 3.385000E+02 10 0 0 0 0 0 0 0 0 0 0 0 25 13 20 16 14 22
 3.390000E+02 9 0 0 0 0 0 0 0 0 2 0 0 15 17 23 12 14 21
 3.395000E+02 12 0 0 0 0 0 0 0 0 1 0 0 22 20 16 23 21 17
 3.400000E+02 9 0 0 0 0 0 0 0 0 0 0 0 17 18 24 25 18 14
 3.405000E+02 8 0 0 0 0 0 0 0 0 0 0 0 14 25 21 17 19 14
 3.410000E+02 5 0 0 0 0 0 0 0 0 1 0 0 14 22 20 22 15 20
 3.415000E+02 7 0 0 0 0 0 0 0 0 1 0 0 20 14 16 19 12 21
 3.420000E+02 7 0 0 0 0 0 0 0 0 0 0 0 22 17 21 19 15 19
 3.425000E+02 20 0 0 0 0 0 0 0 0 0 0 0 18 17 20 12 17 17
 3.430000E+02 11 0 0 0 0 0 0 0 0 0 0 0 13 22 17 12 20 17
 3.435000E+02 12 0 0 0 0 0 0 0 0 0 0 0 15 24 17 13 18 19
 3.440000E+02 5 0 0 0 0 0 0 0 0 0 0 0 22 24 15 11 15 21
 3.445000E+02 8 0 0 0 0 0 0 0 0 0 0 0 13 17 16 16 10 24
 3.450000E+02 8 0 0 0 0 0 0 0 0 0 0 0 17 17 21 16 14 20
 3.455000E+02 8 0 0 0 0 0 0 0 0 0 0 0 13 14 22 20 20 24
 3.460000E+02 16 0 0 0 0 0 0 0 0 0 0 0 15 12 12 23 18 25
 3.465000E+02 9 0 0 0 0 0 0 0 0 0 0 0 12 14 15 19 16 22
 3.470000E+02 8 0 0 0 0 0 0 0 0 0 0 0 14 14 19 17 13 20
 3.475000E+02 14 0 0 0 0 0 0 0 0 0 0 0 13 21 26 21 11 14
 3.480000E+02 6 0 0 0 0 0 0 0 0 0 0 0 14 12 27 16 24 18
 3.485000E+02 10 0 0 0 0 0 0 0 0 0 0 0 16 14 23 16 21 14
 3.490000E+02 12 0 0 0 0 0 0 1 0 0 0 0 21 15 20 20 16 21
 3.495000E+02 9 0 0 1 0 0 0 0 0 0 0 0 12 17 20 16 20 19
 3.500000E+02 6 0 0 0 0 0 0 0 0 0 0 0 10 14 14 17 28 19
 3.505000E+02 6 0 0 0 0 0 0 0 0 0 0 0 13 22 15 16 21 13
 3.510000E+02 4 0 0 0 0 0 0 0 0 0 0 0 14 20 12 19 22 18
 3.515000E+02 6 0 0 0 0 0 0 0 0 0 0 0 10 18 19 14 26 15
 3.520000E+02 9 0 0 0 0 0 0 0 0 0 0 0 10 14 18 14 17 16
 3.525000E+02 10 0 0 0 0 0 0 0 0 0 0 0 16 18 22 15 19 12
 3.530000E+02 7 0 0 0 0 0 0 0 0 0 0 0 21 12 21 19 15 15
 3.535000E+02 10 0 0 0 0 0 0 0 0 0 0 0 15 15 20 18 13 15
 3.540000E+02 11 0 0 0 0 0 0 0 0 0 0 0 20 19 18 13 20 13
 3.545000E+02 14 0 0 0 0 0 0 0 0 0 0 0 15 14 11 17 14 19
 3.550000E+02 5 0 0 0 0 0 0 0 0 0 0 0 15 25 13 16 15 18
 3.555000E+02 14 0 0 0 0 0 0 0 0 0 0 0 14 23 11 18 16 17
 3.560000E+02 11 0 0 0 0 0 0 0 0 0 0 0 16 16 19 16 11 14
 3.565000E+02 3 0 0 0 0 0 0 0 0 1 0 0 20 16 28 16 12 16
 3.570000E+02 6 0 0 0 0 0 0 0 0 1 0 0 13 16 23 13 17 16
 3.575000E+02 15 0 0 0 0 0 0 0 0 0 0 0 18 12 20 12 15 23
 3.580000E+02 8 0 0 0 0 0 0 0 0 0 0 0 19 14 22 16 9 18
 3.585000E+02 7 0 0 0 0 0 0 0 0 0 0 0 20 19 24 11 17 17
 3.590000E+02 11 0 0 0 0 0 0 0 0 0 0 0 22 15 13 13 21 22
 3.595000E+02 10 0 0 0 0 0 0 0 0 1 0 0 22 14 13 16 24 11
 3.600000E+02 9 0 0 1 0 0 0 0 0 0 0 0 25 13 16 12 20 12
 3.605000E+02 4 0 0 0 0 0 0 0 0 0 0 0 23 19 15 15 10 22
 3.610000E+02 4 0 0 0 0 0 0 0 0 0 0 0 19 14 19 20 10 19
 3.615000E+02 13 0 0 0 0 0 0 0 0 0 0 0 14 15 14 20 14 16
 3.620000E+02 5 0 0 0 0 0 0 0 0 0 0 0 16 15 19 11 11 17
 3.625000E+02 12 0 0 0 0 0 0 0 0 0 0 0 15 15 19 13 15 18
 3.630000E+02 10 0 0 0 0 0 0 0 0 0 0 0 14 17 17 14 12 18
 3.635000E+02 14 0 0 0 0 0 0 0 0 0 0 0 16 10 21 17 15 16
 3.640000E+02 3 0 0 0 0 0 0 0 0 0 0 0 13 19 11 24 17 12
 3.645000E+02 5 0 0 0 0 0 0 0 0 0 0 0 17 15 13 19 20 19
 3.650000E+02 12 0 0 0 0 0 0 0 0 0 0 0 14 16 17 16 25 22
 3.655000E+02 10 0 0 0 0 0 0 0 0 1 0 0 17 14 20 11 21 17
 3.660000E+02 6 0 0 0 0 0 0 0 0 2 0 0 13 10 19 10 25 18
 3.665000E+02 5 0 0 0 0 0 0 0 0 3 0 0 16 7 23 16 19 16
 3.670000E+02 10 0 0 0 0 0 0 1 0 0 0 0 23 12 17 20 16 14
 3.675000E+02 9 0 0 0 0 0 0 2 0 0 0 0 22 19 18 18 17 16
 3.680000E+02 9 0 0 0 0 0 0 0 0 1 0 0 13 16 21 21 21 22
 3.685000E+02 9 0 0 0 0 0 0 0 0 1 0 0 15 17 18 18 12 17
 3.690000E+02 9 0 0 1 0 0 0 0 0 0 0 0 14 15 24 16 17 21
 3.695000E+02 5 0 0 0 0 0 0 0 0 0 0 1 21 17 16 17 14 17
 3.700000E+02 11 0 0 0 0 0 0 0 0 0 0 0 22 11 17 22 12 13
 3.705000E+02 9 0 0 0 0 0 0 0 0 0 0 0 21 16 11 18 24 12
 3.710000E+02 9 0 0 0 0 0 0 0 0 0 0 0 19 17 11 20 17 17
 3.715000E+02 8 0 0 0 0 0 0 0 0 0 0 0 18 24 18 16 10 17
 3.720000E+02 7 0 0 0 0 0 0 0 0 0 0 0 15 27 17 19 19 12
 3.725000E+02 10 0 0 0 0 0 0 0 0 0 0 0 20 17 15 19 16 8
 3.730000E+02 7 0 0 0 0 0 0 0 0 0 0 0 16 21 14 18 11 11
 3.735000E+02 10 0 0 0 0 1 0 0 0 0 0 0 19 22 20 19 19 7
 3.740000E+02 3 0 0 0 0 0 0 0 0 1 0 0 17 25 19 18 17 9
 3.745000E+02 12 0 0 0 0 0 0 0 0 1 0 0 14 19 20 10 23 12
 3.750000E+02 8 0 0 0 0 0 0 0 0 1 0 0 16 19 15 16 26 11
 3.755000E+02 6 0 0 0 0 0 0 0 0 0 0 0 13 22 20 13 20 10
 3.760000E+02 9 0 0 0 0 0 0 0 0 0 0 0 18 20 20 10 17 10
 3.765000E+02 7 0 0 0 0 0 0 0 0 0 0 0 17 21 18 11 18 20
 3.770000E+02 9 0 0 0 0 0 0 0 0 0 0 0 15 19 17 15 20 16
 3.775000E+02 6 0 0 0 0 0 0 0 0 0 0 0 15 17 22 20 18 14
 3.780000E+02 14 0 0 0 0 0 0 0 0 0 0 0 16 16 20 18 12 14
 3.785000E+02 13 0 0 0 0 0 0 0 0 0 0 0 16 13 18 17 13 15
 3.790000E+02 3 0 0 0 0 0 0 0 0 0 0 0 18 16 17 16 12 18
 3.795000E+02 10 0 0 0 0 0 0 0 0 0 0 0 12 12 18 15 15 17
 3.800000E+02 10 0 0 0 0 0 0 0 0 0 0 0 14 15 14 18 10 21
 3.805000E+02 8 0 0 0 0 0 0 0 0 0 0 0 8 19 21 21 18 18
 3.810000E+02 8 0 0 0 0 0 0 0 0 0 0 0 13 20 16 20 16 16
 3.815000E+02 5 0 0 0 0 0 0 0 0 1 0 0 13 23 11 21 20 12
 3.820000E+02 9 0 0 0 0 0 0 0 0 1 0 0 8 17 22 20 14 19
 3.825000E+02 7 0 0 0 0 0 0 0 0 0 0 0 13 20 15 18 13 26
 3.830000E+02 13 0 0 0 0 0 0 0 0 0 0 0 16 21 17 17 11 18
 3.835000E+02 11 0 0 0 0 0 0 0 0 0 0 0 19 20 11 20 10 18
 3.840000E+02 12 0 0 0 0 0 0 1 0 0 0 0 17 17 9 24 16 16
 3.845000E+02 8 0 0 0 0 0 0 0 0 1 0 0 17 13 15 24 14 14
 3.850000E+02 10 0 0 0 0 0 0 0 0 0 0 0 13 12 14 14 14 10
 3.855000E+02 8 0 0 0 0 0 0 0 0 0 0 0 20 14 21 13 17 9
 3.860000E+02 10 0 0 0 0 0 0 0 0 0 0 0 10 18 20 12 17 12
 3.865000E+02 6 0 0 0 0 0 0 0 0 0 0 0 19 12 21 16 21 13
 3.870000E+02 5 0 0 0 0 0 0 0 0 0 0 0 20 15 14 15 17 14
 3.875000E+02 7 0 0 0 0 0 0 0 0 0 0 0 26 15 14 11 20 11
 3.880000E+02 8 0 0 0 0 0 0 0 0 0 0 0 22 22 12 9 18 16
 3.885000E+02 6 0 0 0 0 0 0 1 0 0 0 0 18 15 14 10 19 12
 3.890000E+02 12 0 0 0 0 0 0 0 0 1 0 0 16 18 18 19 14 20
 3.895000E+02 11 0 0 0 0 0 0 0 0 0 0 0 12 15 20 17 13 22
 3.900000E+02 8 0 0 0 0 0 0 0 0 0 0 0 9 15 23 14 15 22
 3.905000E+02 10 0 0 0 0 0 0 0 0 0 0 0 13 13 19 20 14 22
 3.910000E+02 6 0 0 0 0 0 0 0 0 0 0 0 14 13 18 14 17 16
 3.915000E+02 8 0 0 0 0 0 0 0 0 0 0 0 12 17 20 16 11 16
 3.920000E+02 7 0 0 0 0 0 0 0 0 0 0 0 20 16 14 21 7 14
 3.925000E+02 12 0 0 0 0 0 0 0 0 1 0 0 20 17 16 29 11 11
 3.930000E+02 6 0 0 1 0 0 0 0 0 0 0 0 22 17 18 25 6 20
 3.935000E+02 9 0 0 0 0 0 0 0 0 0 0 0 17 14 19 15 14 19
 3.940000E+02 4 0 0 0 0 0 0 0 0 1 0 0 23 14 16 14 14 19
 3.945000E+02 9 0 0 0 0 0 0 1 0 1 0 0 17 22 12 21 12 15
 3.950000E+02 9 0 0 1 0 0 0 0 0 1 0 0 25 17 12 17 9 15
 3.955000E+02 7 0 0 0 0 0 0 0 0 2 0 0 22 21 15 12 17 25
 3.960000E+02 10 0 0 0 0 0 0 1 0 0 0 0 22 13 18 16 14 21
 3.965000E+02 8 0 0 0 0 0 0 0 0 1 0 0 27 14 14 17 18 18
 3.970000E+02 9 0 0 1 0 0 0 0 0 1 0 0 21 16 23 12 17 16
 3.975000E+02 9 0 0 0 0 0 0 1 0 0 0 0 16 14 16 20 17 18
 3.980000E+02 4 0 0 0 0 0 0 0 0 0 0 0 19 17 18 19 19 16
 3.985000E+02 10 0 0 0 0 0 0 0 0 1 0 0 14 23 17 13 12 13
 3.990000E+02 6 0 0 0 0 0 0 0 0 0 0 0 12 16 26 18 15 16
 3.995000E+02 12 0 0 0 0 0 0 0 0 0 0 0 13 18 19 16 13 17
 4.000000E+02 7 0 0 0 0 0 0 0 0 0 0 0 16 15 21 15 15 21
 4.005000E+02 8 0 0 0 0 0 0 0 0 1 0 0 14 18 19 8 16 22
 4.010000E+02 14 0 0 0 0 0 0 0 0 1 0 0 15 14 12 13 20 19
 4.015000E+02 11 0 0 0 0 0 0 1 0 0 0 0 11 13 13 28 19 16
 4.020000E+02 13 0 0 1 0 0 0 0 0 0 0 0 15 15 14 22 12 14
 4.025000E+02 7 0 0 0 0 0 0 0 0 0 0 0 21 17 21 23 15 10
 4.030000E+02 6 0 0 0 0 0 0 0 0 0 0 0 16 15 25 18 17 15
 4.035000E+02 10 0 0 0 0 0 0 0 0 0 0 0 10 27 23 20 8 11
 4.040000E+02 7 0 0 0 0 0 0 0 0 0 0 0 15 23 26 16 12 13
 4.045000E+02 10 0 0 0 0 0 0 0 0 0 0 0 11 23 26 18 13 14
 4.050000E+02 14 0 0 0 0 0 0 0 0 0 0 0 7 21 25 15 20 17
 4.055000E+02 7 0 0 0 0 0 0 0 0 0 0 0 8 14 16 18 17 23
 4.060000E+02 5 0 0 0 0 0 0 0 0 0 0 0 6 17 14 17 11 22
 4.065000E+02 5 0 0 0 0 0 0 0 0 0 0 0 15 15 14 22 16 23
 4.070000E+02 8 0 0 0 0 0 0 0 0 0 0 0 17 10 19 25 18 18
 4.075000E+02 10 0 0 0 0 0 0 0 0 0 0 0 16 17 19 21 20 19
 4.080000E+02 7 0 0 0 0 0 0 0 0 0 0 0 18 19 17 16 26 9
 4.085000E+02 5 0 0 0 0 0 0 0 0 0 0 0 18 16 14 14 23 18
 4.090000E+02 8 0 0 0 0 0 0 0 0 0 0 0 22 18 17 13 15 16
 4.095000E+02 10 0 0 0 0 0 0 0 0 0 0 0 19 18 12 14 16 16
 4.100000E+02 6 0 0 0 0 0 0 0 0 0 0 0 19 18 12 18 21 22
 4.105000E+02 11 0 0 0 0 0 0 0 0 0 0 0 21 16 18 15 10 19
 4.110000E+02 13 0 0 0 0 0 0 0 0 0 0 0 15 15 20 16 17 17
 4.115000E+02 9 0 0 0 0 0 0 0 0 0 0 0 20 20 17 13 16 20
 4.120000E+02 7 0 0 0 0 0 0 0 0 0 0 0 13 19 11 17 16 6
 4.125000E+02 10 0 0 0 0 0 0 0 0 0 0 0 15 21 18 17 15 17
 4.130000E+02 11 0 0 0 0 0 0 0 0 0 0 0 12 14 22 24 13 15
 4.135000E+02 9 0 0 0 0 0 0 0 0 0 0 0 16 15 21 17 13 20
 4.140000E+02 11 0 0 0 0 0 0 1 0 0 0 0 19 14 16 13 12 21
 4.145000E+02 10 0 0 0 0 0 0 1 0 0 0 0 23 13 22 20 9 21
 4.150000E+02 10 0 0 0 0 0 0 0 0 0 0 0 29 14 19 11 18 15
 4.155000E+02 10 0 0 0 0 0 0 0 0 0 0 0 27 24 17 8 17 11
 4.160000E+02 15 0 0 0 0 0 0 0 0 0 0 0 26 26 14 17 16 16
 4.165000E+02 8 0 0 0 0 0 0 0 0 0 0 0 26 15 12 16 20 24
 4.170000E+02 15 0 0 0 0 0 0 0 0 0 0 0 27 15 14 15 18 20
 4.175000E+02 14 0 0 0 0 0 0 0 0 0 0 0 22 21 20 19 21 16
 4.180000E+02 7 0 0 0 0 0 0 0 0 0 0 0 14 19 19 21 15 19
 4.185000E+02 6 0 0 0 0 0 0 0 0 0 0 0 14 12 21 19 8 20
 4.190000E+02 13 0 0 0 0 0 0 0 0 0 0 0 14 18 21 13 16 19
 4.195000E+02 10 0 0 0 0 0 0 0 0 0 0 0 20 19 13 20 16 21
 4.200000E+02 7 0 0 0 0 0 0 0 0 0 0 0 21 14 16 21 13 20
 4.205000E+02 17 0 0 0 0 0 0 0 0 1 0 0 22 15 16 18 18 23
 4.210000E+02 7 0 0 0 0 0 0 0 0 1 0 0 18 20 14 24 16 18
 4.215000E+02 9 0 0 1 0 0 0 0 0 0 0 0 18 21 19 17 10 18
 4.220000E+02 11 0 0 0 0 0 0 0 0 1 0 0 18 17 17 10 21 20
 4.225000E+02 10 0 0 0 0 0 0 0 0 1 0 0 15 12 25 20 20 15
 4.230000E+02 10 0 0 0 0 0 0 0 0 1 0 0 10 17 11 29 17 23
 4.235000E+02 9 0 0 0 0 0 0 1 0 0 0 0 13 19 17 22 12 31
 4.240000E+02 10 0 0 0 0 0 0 0 0 0 0 0 17 20 23 17 9 24
 4.245000E+02 9 0 0 0 0 0 0 0 0 0 0 0 17 21 26 20 13 17
 4.250000E+02 7 0 0 0 0 0 0 0 0 0 0 0 16 13 18 24 12 16
 4.255000E+02 9 0 0 0 0 0 0 0 0 0 0 0 11 18 24 20 17 23
 4.260000E+02 8 0 0 0 0 1 0 0 0 0 0 0 20 18 21 16 13 20
 4.265000E+02 11 0 0 0 0 0 0 0 0 0 0 0 17 14 20 23 14 13
 4.270000E+02 15 0 0 0 0 0 0 0 0 0 0 0 11 20 25 20 15 13
 4.275000E+02 6 0 0 0 0 0 0 0 0 0 0 0 13 14 23 21 24 18
 4.280000E+02 11 0 0 0 0 0 0 0 0 0 0 0 17 12 27 20 18 15
 4.285000E+02 4 0 0 0 0 0 0 0 0 0 0 0 11 19 24 22 19 16
 4.290000E+02 10 0 0 0 0 0 0 0 0 0 0 0 13 19 25 21 20 23
 4.295000E+02 14 0 0 0 0 0 0 0 0 0 0 0 15 20 23 17 17 13
 4.300000E+02 13 0 0 0 0 0 0 0 0 0 0 0 15 8 26 22 14 17
 4.305000E+02 7 0 0 0 0 0 0 0 0 1 0 0 16 15 22 18 10 18
 4.310000E+02 7 0 0 0 0 0 0 0 0 1 0 0 21 14 17 23 9 23
 4.315000E+02 10 0 0 0 0 0 0 0 0 0 0 0 17 16 23 23 18 18
 4.320000E+02 11 0 0 0 0 0 0 0 0 0 0 0 18 11 13 20 19 21
 4.325000E+02 8 0 0 0 0 0 0 0 0 1 0 0 18 13 14 28 13 23
 4.330000E+02 10 0 0 0 0 0 0 0 0 1 0 0 20 11 21 27 12 20
 4.335000E+02 8 0 0 0 0 0 0 0 0 1 0 0 20 18 20 24 18 16
 4.340000E+02 14 0 0 0 0 0 0 0 0 1 0 0 21 22 21 12 15 19
 4.345000E+02 12 0 0 0 0 0 0 0 0 0 0 0 21 18 25 9 12 16
 4.350000E+02 7 0 0 0 0 0 0 0 0 0 0 0 21 20 25 12 17 13
 4.355000E+02 13 0 0 0 0 0 0 0 0 0 0 0 19 25 23 17 18 13
 4.360000E+02 10 0 0 0 0 0 0 0 0 0 0 0 17 17 21 27 13 13
 4.365000E+02 11 0 0 0 0 0 0 0 0 0 0 0 24 13 15 18 11 16
 4.370000E+02 8 0 0 0 0 0 0 0 0 0 0 0 15 11 13 27 17 19
 4.375000E+02 6 0 0 0 0 0 0 0 0 0 0 0 13 19 17 27 19 13
 4.380000E+02 9 0 0 0 0 0 0 0 0 0 0 0 12 21 18 21 20 13
 4.385000E+02 8 0 0 0 0 0 0 0 0 0 0 0 23 16 22 20 18 10
 4.390000E+02 12 0 0 0 0 0 0 0 0 0 0 0 21 14 19 18 18 13
 4.395000E+02 14 0 0 0 0 0 0 0 0 0 0 0 18 11 18 14 21 13
 4.400000E+02 9 0 0 0 0 0 0 0 0 0 0 0 22 15 20 16 20 23
 4.405000E+02 12 0 0 0 0 0 0 0 0 0 0 0 25 23 20 12 15 17
 4.410000E+02 13 0 0 0 0 0 0 0 0 0 0 0 22 15 21 12 19 28
 4.415000E+02 20 0 0 0 0 0 0 0 0 0 0 0 19 20 22 19 18 25
 4.420000E+02 11 0 0 0 0 0 0 0 0 0 0 0 20 20 13 21 14 11
 4.425000E+02 5 0 0 0 0 0 0 0 0 1 0 0 19 16 24 20 16 17
 4.430000E+02 8 0 0 0 0 0 0 0 0 1 0 0 18 13 20 16 17 20
 4.435000E+02 11 0 0 0 0 0 0 0 0 0 0 0 21 21 18 19 18 19
 4.440000E+02 7 0 0 0 0 0 0 0 0 0 0 0 19 19 16 17 20 18
 4.445000E+02 7 0 0 0 0 0 0 0 0 0 0 0 24 20 14 11 12 23
 4.450000E+02 12 0 0 0 0 0 0 0 0 0 0 0 23 30 17 15 9 23
 4.455000E+02 9 0 0 0 0 0 0 1 0 0 0 0 19 18 19 11 9 20
 4.460000E+02 7 0 0 0 0 0 0 0 0 1 0 0 17 16 26 18 10 24
 4.465000E+02 10 0 0 0 0 0 0 0 0 1 0 0 15 18 17 19 15 19
 4.470000E+02 9 0 0 0 0 0 0 0 0 1 0 0 18 11 16 16 16 19
 4.475000E+02 8 0 0 0 0 0 0 0 0 0 0 0 22 18 23 15 16 19
 4.480000E+02 9 0 0 0 0 0 0 0 0 0 0 0 20 16 27 13 16 19
 4.485000E+02 9 0 0 0 0 0 0 0 0 0 0 0 22 11 21 13 17 13
 4.490000E+02 6 0 0 0 0 0 0 0 0 0 0 0 18 12 17 13 19 20
 4.495000E+02 7 0 0 0 0 0 0 0 0 0 0 0 18 11 14 15 21 16
 4.500000E+02 8 0 0 0 0 0 0 0 0 0 0 0 18 15 14 17 20 18
 4.505000E+02 9 0 0 0 0 0 0 0 0 0 0 0 17 15 16 12 20 19
 4.510000E+02 8 0 0 0 0 0 0 0 0 0 0 0 16 20 20 19 14 12
 4.515000E+02 13 0 0 0 0 0 0 0 0 0 0 0 18 19 17 14 19 14
 4.520000E+02 6 0 0 0 0 0 0 0 0 1 0 0 17 16 20 9 18 20
 4.525000E+02 16 0 0 0 0 0 0 0 0 1 0 0 18 18 19 12 17 22
 4.530000E+02 4 0 0 0 0 0 0 1 0 0 0 0 13 22 19 10 22 22
 4.535000E+02 8 0 0 0 0 0 0 0 0 1 0 0 16 15 16 17 15 26
 4.540000E+02 9 0 0 0 0 0 0 0 0 1 0 0 15 16 16 12 19 24
 4.545000E+02 4 0 0 0 0 0 0 0 0 0 0 0 20 22 17 11 9 21
 4.550000E+02 6 0 0 0 0 0 0 0 0 0 0 0 19 16 18 21 15 16
 4.555000E+02 5 0 0 0 0 0 0 0 0 0 0 0 17 14 16 17 19 13
 4.560000E+02 4 0 0 0 0 0 0 0 0 0 0 0 19 18 16 13 17 14
 4.565000E+02 10 0 0 0 0 0 0 0 0 0 0 0 18 18 20 13 14 17
 4.570000E+02 6 0 0 0 0 0 0 0 0 0 0 0 12 20 16 16 19 15
 4.575000E+02 12 0 0 0 0 0 0 0 0 0 0 0 18 14 23 11 17 17
 4.580000E+02 11 0 0 0 0 0 0 0 0 0 0 0 18 15 18 17 18 20
 4.585000E+02 10 0 0 0 0 0 0 0 0 0 0 0 19 13 12 13 15 21
 4.590000E+02 6 0 0 0 0 0 0 0 0 0 0 0 14 18 12 16 20 21
 4.595000E+02 8 0 0 0 0 0 0 0 0 0 0 0 13 13 13 19 21 24
 4.600000E+02 3 0 0 0 0 0 0 0 0 0 0 0 18 12 13 19 18 22
 4.605000E+02 10 0 0 0 0 0 0 0 0 0 0 0 18 15 21 13 14 22
 4.610000E+02 15 0 0 0 0 0 0 0 0 0 0 0 17 12 24 15 14 20
 4.615000E+02 13 0 0 0 0 0 0 0 0 0 0 0 25 14 19 11 13 15
 4.620000E+02 7 0 0 0 0 0 0 0 0 0 0 0 14 12 18 17 15 17
 4.625000E+02 6 0 0 0 0 0 0 0 0 0 0 0 22 14 15 16 15 20
 4.630000E+02 9 0 0 0 0 0 0 0 0 0 0 0 16 14 18 16 19 11
 4.635000E+02 8 0 0 0 0 0 0 0 0 0 0 0 16 19 17 15 15 14
 4.640000E+02 15 0 0 0 0 0 0 0 0 0 0 0 18 16 17 18 13 12
 4.645000E+02 11 0 0 0 0 0 0 0 0 0 0 0 14 21 21 8 18 10
 4.650000E+02 9 0 0 0 0 0 0 0 0 0 0 0 15 18 21 10 18 14
 4.655000E+02 10 0 0 0 0 0 0 0 0 0 0 0 11 18 19 10 16 19
 4.660000E+02 6 0 0 0 0 0 0 0 0 0 0 0 18 20 18 11 15 19
 4.665000E+02 8 0 0 0 0 0 0 0 0 0 0 0 17 19 19 12 15 22
 4.670000E+02 10 0 0 0 0 0 0 0 0 0 0 0 19 18 12 21 10 18
 4.675000E+02 12 0 0 0 0 0 0 0 0 1 0 0 15 16 19 27 9 24
 4.680000E+02 7 0 0 0 0 0 0 0 0 1 0 0 10 12 20 20 18 18
 4.685000E+02 8 0 0 0 0 0 0 0 0 1 0 0 12 16 14 18 24 23
 4.690000E+02 15 0 0 0 0 0 0 0 0 1 0 0 15 19 17 15 11 17
 4.695000E+02 9 0 0 0 0 0 0 0 0 1 0 0 15 18 20 18 14 16
 4.700000E+02 11 0 0 0 0 0 0 1 0 0 0 0 16 21 15 12 15 20
 4.705000E+02 8 0 0 0 0 0 0 0 0 0 0 0 19 19 14 16 12 24
 4.710000E+02 7 0 0 0 0 0 0 0 0 0 0 0 17 25 20 15 18 21
 4.715000E+02 5 0 0 0 0 0 0 0 0 0 0 0 16 20 14 14 18 22
 4.720000E+02 9 0 0 0 0 0 0 0 0 0 0 0 16 14 20 12 15 22
 4.725000E+02 5 0 0 0 0 0 0 0 0 0 0 0 14 16 21 11 24 13
 4.730000E+02 11 0 0 0 0 0 0 0 0 0 0 0 24 13 21 19 15 14
 4.735000E+02 8 0 0 0 0 0 0 0 0 0 0 0 14 17 19 18 14 13
 4.740000E+02 9 0 0 0 0 0 0 0 0 0 0 0 19 20 14 19 14 21
 4.745000E+02 7 0 0 0 0 0 0 0 0 0 0 0 17 13 12 17 11 15
 4.750000E+02 13 0 0 0 0 0 0 0 0 0 0 0 19 21 9 17 15 16
 4.755000E+02 11 0 0 0 0 0 0 0 0 0 0 0 18 19 15 20 20 19
 4.760000E+02 7 0 0 0 0 0 0 0 0 0 0 0 22 15 23 22 13 17
 4.765000E+02 9 0 0 0 0 0 0 0 0 0 0 0 23 18 16 19 13 15
 4.770000E+02 8 0 0 0 0 0 0 0 0 0 0 0 19 16 13 19 21 12
 4.775000E+02 6 0 0 0 0 0 0 0 0 0 0 0 22 18 15 15 24 16
 4.780000E+02 8 0 0 0 0 0 0 1 0 0 0 0 22 19 20 11 20 11
 4.785000E+02 9 0 0 0 0 0 0 1 0 0 0 0 19 20 18 12 20 13
 4.790000E+02 8 0 0 0 0 0 0 0 0 1 0 0 11 19 17 10 17 15
 4.795000E+02 6 0 0 0 0 0 0 0 0 1 0 0 11 17 17 18 20 14
 4.800000E+02 15 0 0 0 0 0 0 0 0 0 0 0 11 16 20 19 14 17
 4.805000E+02 12 0 0 0 0 0 0 0 0 0 0 0 19 15 22 17 17 17
 4.810000E+02 7 0 0 0 0 0 0 0 0 1 0 0 18 16 15 20 11 17
 4.815000E+02 12 0 0 0 0 0 0 0 0 0 0 0 19 17 13 11 13 18
 4.820000E+02 17 0 0 0 0 0 0 0 0 0 0 0 17 15 15 19 15 15
 4.825000E+02 12 0 0 0 0 0 0 0 0 0 0 0 26 25 15 15 14 14
 4.830000E+02 8 0 0 0 0 0 0 0 0 1 0 0 21 21 19 12 13 19
 4.835000E+02 7 0 0 0 0 0 0 0 0 0 0 0 24 16 16 15 14 17
 4.840000E+02 7 0 0 0 0 0 0 0 0 0 0 0 18 17 14 13 18 15
 4.845000E+02 6 0 0 0 0 0 0 0 0 1 0 0 18 11 16 12 23 18
 4.850000E+02 11 0 0 0 0 0 0 0 0 1 0 0 15 19 14 19 23 19
 4.855000E+02 10 0 0 0 0 0 0 0 0 1 0 0 14 14 20 13 17 17
 4.860000E+02 14 0 0 0 0 0 0 0 0 0 0 0 17 20 22 16 16 13
 4.865000E+02 11 0 0 0 0 0 0 0 0 0 0 0 12 22 11 18 17 22
 4.870000E+02 12 0 0 0 0 0 0 0 0 0 0 0 10 21 11 22 15 23
 4.875000E+02 9 0 0 0 0 0 0 0 0 1 0 0 13 14 17 14 16 26
 4.880000E+02 6 0 0 0 0 0 0 1 0 2 0 0 16 16 14 16 19 19
 4.885000E+02 13 0 0 2 0 0 0 0 0 1 0 0 17 16 15 20 15 21
 4.890000E+02 7 0 0 1 0 0 0 0 0 1 0 0 14 14 18 16 12 18
 4.895000E+02 13 0 0 0 0 0 0 0 0 1 0 0 12 14 19 18 11 16
 4.900000E+02 13 0 0 0 0 0 0 0 0 1 0 0 11 18 15 17 7 26
 4.905000E+02 9 0 0 0 0 0 0 0 0 0 0 0 23 17 13 13 10 27
 4.910000E+02 7 0 0 0 0 0 0 0 0 0 0 0 21 15 11 15 17 16
 4.915000E+02 12 0 0 0 0 0 0 0 0 0 0 0 22 16 9 18 22 16
 4.920000E+02 5 0 0 0 0 0 0 0 0 0 0 0 13 14 12 18 14 25
 4.925000E+02 10 0 0 0 0 0 0 0 0 0 0 0 16 15 13 22 12 23
 4.930000E+02 6 0 0 0 0 0 0 0 0 0 0 0 18 16 12 25 12 16
 4.935000E+02 6 0 0 0 0 0 0 0 0 0 0 0 15 21 13 20 16 13
 4.940000E+02 7 0 0 0 0 0 0 0 0 0 0 0 17 22 14 20 14 14
 4.945000E+02 6 0 0 0 0 0 0 0 0 1 0 0 16 13 19 22 16 14
 4.950000E+02 14 0 0 0 0 0 0 0 0 1 0 0 16 19 14 21 17 18
 4.955000E+02 9 0 0 0 0 0 0 0 0 0 0 0 17 19 12 10 17 21
 4.960000E+02 6 0 0 0 0 0 0 0 0 0 0 0 18 17 18 17 13 16
 4.965000E+02 6 0 0 0 0 0 0 0 0 1 0 0 16 8 23 17 16 20
 4.970000E+02 9 0 0 0 0 0 0 0 0 0 0 0 13 12 20 17 21 14
 4.975000E+02 8 0 0 0 0 0 0 0 0 0 0 0 20 5 14 12 20 14
 4.980000E+02 8 0 0 0 0 0 0 0 0 0 0 0 21 9 12 15 25 16
 4.985000E+02 7 0 0 0 0 0 0 0 0 0 0 0 22 12 13 17 17 10
 4.990000E+02 4 0 0 0 0 0 0 1 0 0 0 0 20 10 15 24 15 20
 4.995000E+02 9 0 0 0 0 0 0 0 0 1 0 0 18 10 14 19 16 14
 5.000000E+02 15 0 0 0 0 0 0 0 0 1 0 0 21 9 11 23 24 21
 5.005000E+02 12 0 0 0 0 0 0 0 0 1 0 0 17 15 12 21 20 18
 5.010000E+02 13 0 0 0 0 0 0 0 0 0 0 0 22 24 7 17 18 14
 5.015000E+02 7 0 0 0 0 0 0 0 0 0 0 0 15 22 7 19 21 19
 5.020000E+02 8 0 0 0 0 0 0 0 0 0 0 0 15 20 14 22 18 21
 5.025000E+02 10 0 0 0 0 0 0 1 0 2 0 0 16 18 18 19 15 20
 5.030000E+02 8 0 0 0 0 0 0 0 0 3 0 0 10 18 13 15 19 15
 5.035000E+02 7 0 0 1 0 0 0 0 0 2 0 0 16 22 13 11 15 12
 5.040000E+02 10 0 0 1 0 0 0 0 0 0 0 0 19 15 22 14 19 17
 5.045000E+02 6 0 0 0 0 0 0 0 0 0 0 0 13 11 14 17 21 23
 5.050000E+02 8 0 0 0 0 0 0 0 0 0 0 0 14 22 18 21 20 18
 5.055000E+02 7 0 0 0 0 0 0 0 0 1 0 0 10 21 17 26 15 16
 5.060000E+02 8 0 0 0 0 0 0 0 0 1 0 0 16 22 18 22 18 20
 5.065000E+02 6 0 0 0 0 0 0 0 0 0 0 0 15 21 18 21 17 14
 5.070000E+02 6 0 0 0 0 0 0 0 0 0 0 0 18 19 18 21 12 15
 5.075000E+02 9 0 0 0 0 0 0 0 0 0 0 0 20 16 20 20 19 14
 5.080000E+02 5 0 0 0 0 0 0 0 0 0 0 0 16 21 19 12 17 20
 5.085000E+02 9 0 0 0 0 0 0 0 0 0 0 0 11 20 20 11 16 20
 5.090000E+02 20 0 0 0 0 0 0 0 0 0 0 0 15 19 25 15 15 18
 5.095000E+02 6 0 0 0 0 0 0 0 0 0 0 0 23 17 22 18 12 15
 5.100000E+02 13 0 0 0 0 0 0 0 0 0 0 0 19 15 17 27 12 12
 5.105000E+02 11 0 0 0 0 0 0 0 0 0 0 0 23 13 18 28 13 13
 5.110000E+02 11 0 0 0 0 0 0 0 0 0 0 0 18 13 18 13 12 15
 5.115000E+02 3 0 0 0 0 0 0 0 0 0 0 0 17 25 15 20 14 18
 5.120000E+02 4 0 0 0 0 0 0 0 0 0 0 0 16 20 17 25 13 17
 5.125000E+02 6 0 0 0 0 0 0 0 0 0 0 0 13 21 20 19 12 17
 5.130000E+02 8 0 0 0 0 0 0 0 0 1 0 0 15 20 15 19 14 17
 5.135000E+02 8 0 0 0 0 0 0 0 0 1 0 0 17 17 15 22 20 21
 5.140000E+02 8 0 0 1 0 0 0 0 0 0 0 0 24 15 13 9 19 24
 5.145000E+02 7 0 0 0 0 0 0 1 0 0 0 0 24 16 11 9 19 16
 5.150000E+02 8 0 0 0 0 0 0 0 0 0 0 0 22 13 13 16 13 19
 5.155000E+02 9 0 0 0 0 0 0 0 0 0 0 0 25 13 15 14 16 18
 5.160000E+02 11 0 0 0 0 0 0 0 0 0 0 0 20 20 12 18 15 20
 5.165000E+02 10 0 0 0 0 0 0 0 0 0 0 0 18 22 8 19 9 19
 5.170000E+02 7 0 0 0 0 0 0 0 0 0 0 0 20 27 16 17 13 16
 5.175000E+02 7 0 0 0 0 0 0 0 0 1 0 0 22 19 13 17 20 18
 5.180000E+02 5 0 0 0 0 0 0 0 0 0 0 0 17 22 13 20 14 13
 5.185000E+02 5 0 0 0 0 0 0 0 0 0 0 0 20 18 8 20 20 13
 5.190000E+02 8 0 0 0 0 0 0 0 0 0 0 1 26 21 15 13 18 15
 5.195000E+02 6 0 0 0 0 0 0 0 0 0 0 1 20 17 11 21 20 16
 5.200000E+02 7 0 0 0 0 0 0 0 0 1 0 0 23 16 12 21 17 17
 5.205000E+02 9 0 0 0 0 0 0 1 0 0 0 0 20 12 21 12 14 24
 5.210000E+02 9 0 0 0 0 0 0 0 0 2 0 0 20 13 13 14 22 23
 5.215000E+02 12 0 0 0 0 0 0 0 0 1 0 0 14 11 11 21 19 24
 5.220000E+02 6 0 0 0 0 0 0 0 0 1 0 0 18 14 12 15 20 26
 5.225000E+02 13 0 0 1 0 0 0 0 0 0 0 0 19 16 16 12 23 20
 5.230000E+02 12 0 0 0 0 0 0 0 0 0 0 0 20 15 16 12 18 16
 5.235000E+02 12 0 0 0 0 0 0 0 0 0 0 0 15 24 15 12 15 13
 5.240000E+02 8 0 0 0 0 0 0 0 0 0 0 0 13 22 18 13 18 18
 5.245000E+02 12 0 0 0 0 0 0 0 0 0 0 0 14 16 18 12 22 15
 5.250000E+02 10 0 0 0 0 0 0 0 0 0 0 0 15 12 25 16 19 19
 5.255000E+02 12 0 0 0 0 0 0 0 0 0 0 0 12 16 22 8 17 19
 5.260000E+02 13 0 0 0 0 0 0 0 0 0 0 0 14 15 19 15 16 14
 5.265000E+02 12 0 0 0 0 0 0 0 0 0 0 0 21 15 23 17 18 16
 5.270000E+02 6 0 0 1 0 0 0 0 0 0 0 0 25 19 16 10 17 21
 5.275000E+02 15 0 0 0 0 0 0 0 0 1 0 0 21 22 16 22 10 18
 5.280000E+02 13 0 0 1 0 0 0 0 0 0 0 0 19 19 18 17 7 20
 5.285000E+02 15 0 0 0 0 0 0 0 0 0 0 0 17 13 19 22 5 21
 5.290000E+02 8 0 0 0 0 0 0 0 0 0 0 0 13 25 10 20 8 20
 5.295000E+02 15 0 0 0 0 0 0 0 0 0 0 0 19 20 14 18 14 22
 5.300000E+02 9 0 0 0 0 0 0 0 0 0 0 0 17 22 17 14 12 17
 5.305000E+02 3 0 0 0 0 0 0 0 0 0 0 0 25 17 17 15 13 14
 5.310000E+02 13 0 0 0 0 0 0 0 0 0 0 0 19 16 26 10 20 16
 5.315000E+02 7 0 0 0 0 0 0 0 0 0 0 0 13 12 27 15 12 14
 5.320000E+02 9 0 0 1 0 0 0 0 0 1 0 0 14 14 20 16 15 17
 5.325000E+02 10 0 0 0 0 0 0 1 0 1 0 0 22 12 13 18 17 18
 5.330000E+02 7 0 0 0 0 0 0 0 0 1 0 0 20 15 17 22 15 15
 5.335000E+02 7 0 0 0 0 0 0 0 0 0 0 0 20 18 23 22 16 16
 5.340000E+02 13 0 0 0 0 0 0 0 0 0 0 0 21 22 13 19 17 19
 5.345000E+02 12 0 0 0 0 0 0 0 0 0 0 0 15 17 11 19 19 22
 5.350000E+02 6 0 0 0 0 0 0 0 0 0 0 0 23 17 12 15 18 23
 5.355000E+02 7 0 0 0 0 0 0 0 0 0 0 0 20 13 20 15 19 15
 5.360000E+02 10 0 0 0 0 0 0 0 0 1 0 0 11 12 19 23 16 14
 5.365000E+02 6 0 0 0 0 0 0 0 0 0 0 0 13 9 17 21 21 13
 5.370000E+02 10 0 0 0 0 0 0 0 0 0 0 0 11 18 19 25 18 18
 5.375000E+02 9 0 0 0 0 0 0 0 0 0 0 0 16 16 19 26 16 17
 5.380000E+02 9 0 0 0 0 0 0 0 0 0 0 0 22 13 16 22 19 11
 5.385000E+02 10 0 0 0 0 0 0 0 0 0 0 0 16 6 12 26 21 22
 5.390000E+02 10 0 0 0 0 0 0 0 0 0 0 0 12 14 15 20 14 20
 5.395000E+02 6 0 0 0 0 0 0 0 0 0 0 0 9 19 17 19 15 23
 5.400000E+02 6 0 0 0 0 0 0 0 0 0 0 0 19 21 15 20 13 18
 5.405000E+02 7 0 0 0 0 0 0 0 0 0 0 0 16 23 14 18 11 13
 5.410000E+02 13 0 0 0 0 0 0 0 0 1 0 0 14 19 15 13 16 16
 5.415000E+02 7 0 0 0 0 0 0 1 0 0 0 0 11 15 19 21 15 20
 5.420000E+02 14 0 0 0 0 0 0 0 0 0 0 0 14 13 14 15 18 18
 5.425000E+02 17 0 0 0 0 0 0 0 0 0 0 0 11 10 15 14 26 21
 5.430000E+02 12 0 0 0 0 0 0 0 0 0 0 0 12 15 16 18 25 17
 5.435000E+02 10 0 0 0 0 0 0 0 0 0 0 0 18 9 13 10 26 22
 5.440000E+02 4 0 0 0 0 0 0 0 0 0 0 0 20 12 16 11 19 20
 5.445000E+02 4 0 0 0 0 0 0 0 0 0 0 0 17 14 17 18 20 20
 5.450000E+02 8 0 0 0 0 0 0 0 0 0 0 0 18 12 15 19 11 17
 5.455000E+02 6 0 0 0 0 0 0 0 0 0 0 0 17 10 18 17 10 18
 5.460000E+02 6 0 0 0 0 0 0 0 0 0 0 0 16 11 16 14 20 14
 5.465000E+02 7 0 0 0 0 0 0 0 0 0 0 0 12 16 13 18 22 18
 5.470000E+02 11 0 0 0 0 0 0 0 0 0 0 0 14 15 13 14 21 12
 5.475000E+02 7 0 0 0 0 0 0 0 0 0 0 0 18 15 18 16 23 8
 5.480000E+02 6 0 0 0 0 0 0 0 0 0 0 0 17 20 16 20 12 15
 5.485000E+02 6 0 0 0 0 0 0 0 0 0 0 0 18 13 16 23 21 11
 5.490000E+02 9 0 0 0 0 0 0 0 0 0 0 0 16 12 16 18 14 14
 5.495000E+02 6 0 0 0 0 0 0 0 0 0 0 0 18 10 9 18 17 17
 5.500000E+02 8 0 0 0 0 0 0 0 0 0 0 0 15 21 13 16 13 25
 5.505000E+02 9 0 0 0 0 0 0 0 0 1 0 0 16 22 15 16 13 26
 5.510000E+02 14 0 0 0 0 0 0 0 0 0 0 0 16 22 10 11 12 24
 5.515000E+02 11 0 0 0 0 0 0 0 0 0 0 0 11 22 17 20 16 24
 5.520000E+02 9 0 0 0 0 0 0 0 0 0 0 0 15 16 24 18 11 17
 5.525000E+02 11 0 0 0 0 0 0 0 0 0 0 0 15 17 19 20 17 11
 5.530000E+02 13 0 0 0 0 0 0 0 0 0 0 0 14 16 19 22 11 15
 5.535000E+02 8 0 0 0 0 0 0 0 0 0 0 0 17 14 18 12 10 21
 5.540000E+02 4 0 0 0 0 0 0 0 0 0 0 0 15 17 18 19 17 17
 5.545000E+02 9 0 0 0 0 0 0 0 0 0 0 0 21 20 15 22 13 19
 5.550000E+02 8 0 0 0 0 0 0 0 0 0 0 0 9 22 16 20 17 20
 5.555000E+02 8 0 0 0 0 0 0 0 0 0 0 0 11 20 20 15 23 18
 5.560000E+02 9 0 0 0 0 0 0 0 0 0 0 0 15 18 24 18 22 15
 5.565000E+02 9 0 0 0 0 0 0 0 0 0 0 0 11 23 21 18 25 16
 5.570000E+02 11 0 0 0 0 0 0 0 0 0 0 0 18 24 24 18 17 15
 5.575000E+02 11 0 0 0 0 0 0 0 0 0 0 0 19 20 21 16 10 11
 5.580000E+02 8 0 0 0 0 0 0 0 0 0 0 0 12 20 24 18 14 15
 5.585000E+02 7 0 0 1 0 0 0 0 0 0 0 0 13 14 18 14 19 22
 5.590000E+02 9 0 0 1 0 0 0 0 0 0 0 0 22 16 16 16 20 21
 5.595000E+02 6 0 0 0 0 0 0 0 0 1 0 0 24 17 21 17 18 15
 5.600000E+02 7 0 0 0 0 0 0 0 0 0 0 0 21 22 13 21 13 17
 5.605000E+02 7 0 0 0 0 0 0 0 0 0 0 0 16 27 15 11 18 24
 5.610000E+02 4 0 0 0 0 0 0 0 0 0 0 0 15 25 14 18 18 15
 5.615000E+02 10 0 0 0 0 0 0 0 0 0 0 0 11 18 13 24 24 18
 5.620000E+02 11 0 0 0 0 0 0 0 0 0 0 0 13 11 22 17 20 17
 5.625000E+02 7 0 0 0 0 0 0 0 0 1 0 0 14 13 19 19 14 26
 5.630000E+02 6 0 0 0 0 0 0 0 0 0 0 0 12 20 23 21 14 20
 5.635000E+02 11 0 0 0 0 0 0 0 0 0 0 0 16 17 15 21 17 15
 5.640000E+02 10 0 0 0 0 0 0 0 0 0 0 0 23 16 16 23 19 15
 5.645000E+02 10 0 0 0 0 0 0 0 0 0 0 0 17 10 15 18 20 16
 5.650000E+02 7 0 0 0 0 0 0 0 0 0 0 0 20 12 11 23 13 20
 5.655000E+02 6 0 0 0 0 0 0 0 0 0 0 0 26 12 18 22 13 14
 5.660000E+02 6 0 0 0 0 0 0 0 0 0 0 0 27 11 17 19 12 14
 5.665000E+02 11 0 0 0 0 0 0 0 0 0 0 0 21 13 16 18 15 18
 5.670000E+02 12 0 0 0 0 0 0 0 0 0 0 0 22 13 23 15 20 15
 5.675000E+02 8 0 0 0 0 0 0 0 0 0 0 0 15 15 21 23 16 16
 5.680000E+02 7 0 0 0 0 0 0 0 0 0 0 0 16 18 16 20 19 21
 5.685000E+02 8 0 0 1 0 0 0 0 0 0 0 0 22 16 22 16 21 12
 5.690000E+02 10 0 0 0 0 0 0 0 0 1 0 0 17 13 21 12 20 13
 5.695000E+02 12 0 0 0 0 0 0 0 0 0 0 0 14 14 19 16 18 14
 5.700000E+02 11 0 0 1 0 0 0 0 0 0 0 0 20 19 21 14 17 12
 5.705000E+02 7 0 0 0 0 0 0 1 0 1 0 0 19 18 19 19 17 15
 5.710000E+02 12 0 0 0 0 0 0 0 0 1 0 0 18 13 17 17 18 21
 5.715000E+02 8 0 0 0 0 0 0 0 0 1 0 0 16 13 17 23 21 14
 5.720000E+02 9 0 0 0 0 0 0 0 0 0 0 0 14 16 13 22 22 17
 5.725000E+02 9 0 0 0 0 0 0 0 0 0 0 0 13 18 18 20 8 13
 5.730000E+02 9 0 0 0 0 0 0 0 0 0 0 0 20 14 19 22 8 12
 5.735000E+02 11 0 0 0 0 0 0 0 0 0 0 0 14 9 20 20 17 18
 5.740000E+02 6 0 0 0 0 0 0 0 0 0 0 0 12 16 20 20 17 17
 5.745000E+02 7 0 0 0 0 0 0 0 0 0 0 0 12 14 23 12 17 20
 5.750000E+02 8 0 0 0 0 0 0 0 0 0 0 0 10 13 19 15 18 18
 5.755000E+02 7 0 0 0 0 0 0 0 0 1 0 0 16 15 15 16 20 15
 5.760000E+02 9 0 0 0 0 0 0 0 0 0 0 0 22 13 14 13 13 18
 5.765000E+02 10 0 0 0 0 0 0 0 0 0 0 0 18 13 22 13 15 15
 5.770000E+02 4 0 0 0 0 0 0 0 0 0 0 0 15 16 28 13 16 12
 5.775000E+02 10 0 0 0 0 0 0 0 0 0 0 0 20 19 25 12 18 13
 5.780000E+02 13 0 0 0 0 0 0 0 0 0 0 0 14 25 22 8 21 11
 5.785000E+02 13 0 0 0 0 0 0 0 0 0 0 0 11 19 14 14 19 21
 5.790000E+02 5 0 0 0 0 0 0 0 0 0 0 0 18 15 15 13 17 21
 5.795000E+02 7 0 0 0 0 0 0 0 0 0 0 0 10 16 21 12 12 24
 5.800000E+02 10 0 0 0 0 0 0 0 0 0 0 0 14 14 29 14 12 16
 5.805000E+02 12 0 0 0 0 0 0 0 0 0 0 0 10 12 23 26 17 11
 5.810000E+02 8 0 0 0 0 0 0 0 0 0 0 0 13 18 17 27 15 13
 5.815000E+02 7 0 0 0 0 0 0 0 0 0 0 0 13 16 16 21 20 18
 5.820000E+02 10 0 0 0 0 0 0 0 0 0 0 0 14 16 14 18 23 21
 5.825000E+02 14 0 0 0 0 0 0 0 0 2 0 0 14 19 14 27 23 12
 5.830000E+02 5 0 0 0 0 0 0 0 0 3 0 0 14 15 17 19 12 14
 5.835000E+02 7 0 0 0 0 0 0 0 0 1 0 0 9 19 13 20 16 16
 5.840000E+02 4 0 0 0 0 0 0 0 0 1 0 0 16 17 11 9 23 18
 5.845000E+02 10 0 0 0 0 0 0 0 0 1 0 0 20 24 9 15 22 13
 5.850000E+02 7 0 0 0 0 0 0 0 0 0 0 0 22 16 16 16 24 13
 5.855000E+02 7 0 0 0 0 0 0 0 0 0 0 0 18 15 14 15 19 15
 5.860000E+02 6 0 0 0 0 0 0 0 0 0 0 0 18 16 26 14 18 17
 5.865000E+02 9 0 0 0 0 0 0 0 0 0 0 0 15 16 25 12 17 16
 5.870000E+02 8 0 0 0 0 0 0 0 0 0 0 0 20 19 26 12 11 15
 5.875000E+02 16 0 0 0 0 0 0 0 0 0 0 0 20 15 22 13 13 20
 5.880000E+02 8 0 0 0 0 0 0 0 0 0 0 0 19 14 13 20 12 18
 5.885000E+02 6 0 0 0 0 0 0 0 0 0 0 0 16 17 19 17 16 19
 5.890000E+02 6 0 0 0 0 0 0 0 0 0 0 0 18 15 13 18 14 12
 5.895000E+02 8 0 0 0 0 0 0 0 0 0 0 0 14 19 17 16 16 12
 5.900000E+02 8 0 0 0 0 0 0 0 0 0 0 0 17 19 19 16 13 13
 5.905000E+02 7 0 0 0 0 0 0 0 0 0 0 0 17 27 22 13 6 18
 5.910000E+02 7 0 0 0 0 0 0 0 0 0 0 0 19 27 18 14 13 15
 5.915000E+02 9 0 0 0 0 0 0 0 0 0 0 0 24 21 21 12 18 11
 5.920000E+02 7 0 0 0 0 0 0 0 0 0 0 0 21 13 19 16 18 17
 5.925000E+02 8 0 0 0 0 0 0 0 0 0 0 0 16 28 13 17 18 16
 5.930000E+02 4 0 0 0 0 0 0 0 0 1 0 0 16 28 10 15 15 19
 5.935000E+02 12 0 0 0 0 0 0 0 0 0 0 0 13 26 16 14 19 22
 5.940000E+02 10 0 0 0 0 0 0 0 0 0 0 0 17 24 19 15 12 16
 5.945000E+02 7 0 0 0 0 0 0 0 0 0 0 0 12 19 21 15 12 19
 5.950000E+02 8 0 0 0 0 0 0 0 0 1 0 0 9 23 21 19 12 20
 5.955000E+02 11 0 0 0 0 0 0 0 0 0 0 0 14 17 16 18 17 22
 5.960000E+02 9 0 0 0 0 0 0 0 0 0 0 0 18 17 17 17 20 15
 5.965000E+02 8 0 0 0 0 0 0 0 0 0 0 0 14 14 13 22 15 16
 5.970000E+02 11 0 0 1 0 0 0 0 0 0 0 0 12 18 12 15 23 25
 5.975000E+02 6 0 0 0 0 0 0 0 0 0 0 0 11 19 16 19 17 17
 5.980000E+02 10 0 0 0 0 0 0 0 0 0 0 0 12 23 20 17 21 17
 5.985000E+02 12 0 0 0 0 0 0 0 0 2 0 0 18 19 12 14 19 18
 5.990000E+02 9 0 0 0 0 0 0 0 0 1 0 0 22 16 13 19 19 16
 5.995000E+02 14 0 0 0 0 0 0 0 0 0 0 0 17 14 16 17 15 21
 6.000000E+02 17 0 0 0 0 0 0 0 0 0 0 0 19 10 13 21 16 22
 6.005000E+02 9 0 0 0 0 0 0 0 0 0 0 0 17 11 23 15 23 14
 6.010000E+02 10 0 0 0 0 0 0 0 0 0 0 0 14 15 25 14 22 20
 6.015000E+02 7 0 0 0 0 0 0 0 0 0 0 0 15 17 24 10 18 19
 6.020000E+02 9 0 0 0 0 0 0 0 0 0 0 0 12 19 25 17 12 14
 6.025000E+02 6 0 0 0 0 0 0 0 0 0 0 0 14 19 24 13 13 18
 6.030000E+02 11 0 0 0 0 0 0 0 0 0 0 0 15 20 16 20 13 13
 6.035000E+02 6 0 0 0 0 0 0 0 0 0 0 0 11 21 15 23 16 10
 6.040000E+02 6 0 0 0 0 0 0 0 0 0 0 0 18 19 14 22 21 8
 6.045000E+02 6 0 0 0 0 0 0 0 0 0 0 0 15 20 11 18 19 8
 6.050000E+02 13 0 0 0 0 0 0 0 0 0 0 0 16 19 15 16 17 13
 6.055000E+02 8 0 0 0 0 0 0 0 0 0 0 0 11 13 19 18 14 18
 6.060000E+02 6 0 0 0 0 0 0 0 0 0 0 0 17 14 14 16 21 14
 6.065000E+02 8 0 0 0 0 0 0 0 0 0 0 0 18 20 15 13 19 16
 6.070000E+02 9 0 0 0 0 0 0 0 0 0 0 0 21 18 19 18 17 16
 6.075000E+02 11 0 0 0 0 0 0 0 0 0 0 0 15 18 16 18 19 8
 6.080000E+02 10 0 0 0 0 0 0 0 0 0 0 0 13 19 12 23 18 14
 6.085000E+02 7 0 0 0 0 0 0 0 0 0 0 0 15 13 12 21 16 20
 6.090000E+02 7 0 0 0 0 0 0 1 0 0 0 0 17 20 19 18 14 22
 6.095000E+02 13 0 0 0 0 0 0 0 0 1 0 0 16 21 22 14 11 14
 6.100000E+02 11 0 0 0 0 0 0 0 0 0 0 0 19 23 22 17 12 14
 6.105000E+02 10 0 0 0 0 0 0 0 0 0 0 0 18 17 17 14 18 15
 6.110000E+02 5 0 0 0 0 0 0 0 0 0 0 0 22 12 22 22 23 17
 6.115000E+02 7 0 0 0 0 0 0 0 0 0 0 0 17 13 17 19 21 12
 6.120000E+02 3 0 0 0 0 0 0 0 0 0 0 0 13 10 13 15 19 17
 6.125000E+02 9 0 0 0 0 0 0 0 0 0 0 0 11 16 23 16 20 14
 6.130000E+02 7 0 0 0 0 0 0 0 0 0 0 0 17 19 27 13 18 14
 6.135000E+02 5 0 0 0 0 0 0 0 0 0 0 0 18 20 22 21 16 13
 6.140000E+02 12 0 0 0 0 0 0 0 0 0 0 0 20 17 16 13 17 12
 6.145000E+02 12 0 0 0 0 0 0 0 0 0 0 0 18 14 14 21 17 17
 6.150000E+02 9 0 0 0 0 0 0 0 0 0 0 0 19 8 16 27 16 18
 6.155000E+02 5 0 0 0 0 0 0 0 0 0 0 0 18 15 14 26 20 21
 6.160000E+02 11 0 0 0 0 0 0 0 0 0 0 0 15 20 12 28 19 19
 6.165000E+02 8 0 0 0 0 0 0 0 0 0 0 0 14 14 6 21 22 17
 6.170000E+02 17 0 0 0 0 0 0 1 0 0 0 0 16 16 17 18 18 15
 6.175000E+02 13 0 0 0 0 0 0 0 0 0 0 0 11 20 14 21 21 14
 6.180000E+02 10 0 0 0 0 0 0 0 0 0 0 0 13 17 17 21 17 18
 6.185000E+02 13 0 0 0 0 0 0 0 0 0 0 0 15 16 17 18 23 16
 6.190000E+02 6 0 0 0 0 0 0 0 0 0 0 0 19 23 14 13 9 17
 6.195000E+02 8 0 0 0 0 0 0 0 0 0 0 0 15 24 15 22 10 19
 6.200000E+02 10 0 0 0 0 0 0 0 0 0 0 0 17 23 10 22 22 14
 6.205000E+02 4 0 0 0 0 0 0 0 0 0 0 0 22 22 18 16 15 17
 6.210000E+02 9 0 0 0 0 0 0 0 0 0 0 0 24 15 23 14 22 14
 6.215000E+02 11 0 0 0 0 0 0 0 0 0 0 0 22 11 18 22 23 16
 6.220000E+02 16 0 0 0 0 0 0 0 0 0 0 0 16 13 11 29 17 21
 6.225000E+02 7 0 0 0 0 0 0 0 0 0 0 0 10 11 17 21 16 23
 6.230000E+02 12 0 0 0 0 0 0 0 0 0 0 0 13 12 26 18 18 20
 6.235000E+02 11 0 0 0 0 0 0 0 0 0 0 0 11 16 19 14 19 27
 6.240000E+02 8 0 0 0 0 0 0 0 0 0 0 0 18 24 21 19 19 21
 6.245000E+02 9 0 0 0 0 0 0 0 0 0 0 0 11 17 20 20 17 23
 6.250000E+02 8 0 0 0 0 0 0 0 0 0 0 0 12 18 16 21 17 19
 6.255000E+02 17 0 0 0 0 0 0 0 0 0 0 0 14 19 16 20 10 22
 6.260000E+02 5 0 0 0 0 0 0 0 0 0 0 0 10 15 18 20 14 20
 6.265000E+02 14 0 0 0 0 0 0 0 0 0 0 0 14 17 18 16 16 18
 6.270000E+02 7 0 0 0 0 0 0 0 0 0 0 0 10 15 19 16 16 24
 6.275000E+02 5 0 0 0 0 0 0 0 0 0 0 0 15 20 18 14 17 20
 6.280000E+02 6 0 0 0 0 0 0 0 0 1 0 0 13 19 19 8 23 26
 6.285000E+02 10 0 0 0 0 0 0 0 0 1 0 0 15 17 13 11 18 23
 6.290000E+02 10 0 0 0 0 0 0 1 0 1 0 0 17 23 14 20 19 18
 6.295000E+02 4 0 0 0 0 0 0 0 0 1 0 0 18 23 12 19 14 15
 6.300000E+02 12 0 0 0 0 0 0 0 0 0 0 0 12 24 10 19 20 12
 6.305000E+02 11 0 0 0 0 0 0 0 0 0 0 0 19 21 12 15 17 12
 6.310000E+02 6 0 0 0 0 0 0 0 0 0 0 0 24 28 11 16 22 18
 6.315000E+02 8 0 0 0 0 0 0 0 0 0 0 0 19 20 11 8 24 19
 6.320000E+02 3 0 0 0 0 0 0 0 0 1 0 0 20 20 11 16 27 11
 6.325000E+02 7 0 0 0 0 0 0 1 0 0 0 0 20 18 15 19 18 14
 6.330000E+02 7 0 0 0 0 0 0 0 0 1 0 0 19 17 16 9 14 21
 6.335000E+02 9 0 0 0 0 0 0 1 0 0 0 0 17 18 17 9 15 16
 6.340000E+02 12 0 0 0 0 0 0 0 0 1 0 0 18 18 18 15 24 16
 6.345000E+02 11 0 0 0 0 0 0 0 0 0 0 0 14 15 19 17 17 16
 6.350000E+02 9 0 0 0 0 0 0 0 0 1 0 0 12 20 22 15 14 19
 6.355000E+02 12 0 0 0 0 0 0 0 0 1 0 0 14 17 20 14 16 16
 6.360000E+02 9 0 0 0 0 0 0 0 0 1 0 0 16 12 17 18 11 20
 6.365000E+02 9 0 0 0 0 0 0 0 0 0 0 0 22 13 23 19 11 12
 6.370000E+02 10 0 0 0 0 0 0 0 0 0 0 0 23 16 13 15 20 12
 6.375000E+02 5 0 0 0 0 0 0 0 0 0 0 0 24 17 17 16 15 10
 6.380000E+02 5 0 0 0 0 0 0 0 0 0 0 0 20 15 18 18 18 15
 6.385000E+02 5 0 0 0 0 0 0 0 0 1 0 0 15 14 24 15 24 16
 6.390000E+02 12 0 0 0 0 0 0 0 0 0 0 0 17 18 20 15 13 20
 6.395000E+02 15 0 0 0 0 0 0 1 0 0 0 0 16 14 20 18 10 21
 6.400000E+02 8 0 0 0 0 0 0 1 0 0 0 0 22 12 13 18 16 16
 6.405000E+02 12 0 0 0 0 0 0 1 0 0 0 0 20 12 14 17 14 19
 6.410000E+02 7 0 0 0 0 0 0 0 0 0 0 0 16 17 17 20 12 18
 6.415000E+02 10 0 0 0 0 0 0 0 0 0 0 0 16 20 18 18 11 15
 6.420000E+02 11 0 0 0 0 0 0 0 0 0 0 0 15 20 22 15 12 16
 6.425000E+02 8 0 0 0 0 0 0 0 0 0 0 0 18 18 19 14 11 16
 6.430000E+02 5 0 0 0 0 0 0 0 0 0 0 0 13 19 20 18 14 18
 6.435000E+02 5 0 0 0 0 0 0 0 0 0 0 0 15 23 19 17 15 17
 6.440000E+02 10 0 0 0 0 0 0 0 0 0 0 0 19 15 14 17 18 22
 6.445000E+02 5 0 0 0 0 0 0 0 0 0 0 0 17 18 15 10 22 14
 6.450000E+02 5 0 0 0 0 0 0 0 0 1 0 0 15 24 15 16 21 15
 6.455000E+02 6 0 0 0 0 0 0 0 0 1 0 0 21 17 22 24 14 11
 6.460000E+02 8 0 0 0 0 0 0 0 0 2 0 0 18 16 19 19 23 14
 6.465000E+02 9 0 0 0 0 0 0 0 0 1 0 0 21 17 20 16 26 17
 6.470000E+02 5 0 0 0 0 0 0 0 0 0 0 0 15 15 25 16 20 14
 6.475000E+02 11 0 0 0 0 0 0 0 0 0 0 0 16 13 27 23 16 16
 6.480000E+02 15 0 0 0 0 0 0 0 0 0 0 0 10 15 22 18 17 16
 6.485000E+02 6 0 0 0 0 0 0 0 0 0 0 0 13 19 17 18 15 25
 6.490000E+02 11 0 0 0 0 0 0 0 0 0 0 0 20 21 22 24 10 19
 6.495000E+02 7 0 0 0 0 0 0 0 0 0 0 0 17 20 19 26 16 18
 6.500000E+02 8 0 0 0 0 1 0 0 0 0 0 0 13 20 19 16 16 18
 6.505000E+02 12 0 0 0 0 0 0 0 0 2 0 0 22 18 18 25 18 20
 6.510000E+02 8 0 0 0 0 0 0 0 0 0 0 0 19 12 17 21 14 20
 6.515000E+02 9 0 0 0 0 0 0 0 0 0 0 0 20 14 15 22 23 16
 6.520000E+02 10 0 0 0 0 0 0 0 0 0 0 0 13 16 17 19 21 15
 6.525000E+02 5 0 0 0 0 0 0 0 0 0 0 0 11 17 23 9 24 22
 6.530000E+02 9 0 0 0 0 0 0 0 0 0 0 0 20 17 17 13 24 19
 6.535000E+02 9 0 0 0 0 0 0 0 0 0 0 0 19 19 12 18 14 26
 6.540000E+02 9 0 0 0 0 0 0 0 0 0 0 0 14 20 12 13 9 25
 6.545000E+02 14 0 0 0 0 0 0 0 0 0 0 0 14 22 19 19 14 16
 6.550000E+02 10 0 0 1 0 0 0 0 0 0 0 0 15 19 20 16 19 19
 6.555000E+02 20 0 0 0 0 0 0 0 0 1 0 0 11 15 20 18 18 14
 6.560000E+02 11 0 0 0 0 0 0 0 0 2 0 0 14 13 22 14 20 21
 6.565000E+02 8 0 0 0 0 0 0 1 0 1 0 0 12 16 16 17 20 28
 6.570000E+02 8 0 0 0 0 0 0 0 0 1 0 0 21 16 12 22 20 26
 6.575000E+02 14 0 0 0 0 0 0 0 0 0 0 0 15 16 13 15 19 23
 6.580000E+02 11 0 0 0 0 0 0 0 0 0 0 0 21 18 18 15 17 18
 6.585000E+02 8 0 0 0 0 0 0 0 0 0 0 0 18 23 13 18 15 20
 6.590000E+02 12 0 0 0 0 0 0 0 0 0 0 0 19 13 10 16 19 19
 6.595000E+02 7 0 0 0 0 0 0 0 0 0 0 0 23 19 14 13 23 20
 6.600000E+02 15 0 0 0 0 0 0 0 0 0 0 0 15 25 16 19 13 16
 6.605000E+02 9 0 0 0 0 0 0 0 0 0 0 0 12 25 15 19 14 17
 6.610000E+02 11 0 0 0 0 0 0 0 0 0 0 0 18 21 15 25 12 13
 6.615000E+02 14 0 0 0 0 0 0 0 0 1 0 0 15 19 23 21 14 10
 6.620000E+02 10 0 0 0 0 0 0 0 0 0 0 0 11 15 19 26 22 12
 6.625000E+02 13 0 0 0 0 0 0 0 0 1 0 0 16 17 11 25 16 16
 6.630000E+02 13 0 0 0 0 0 0 0 0 0 0 0 20 14 11 21 19 12
 6.635000E+02 10 0 0 0 0 0 0 0 0 0 0 0 21 17 19 18 23 15
 6.640000E+02 4 0 0 0 0 0 0 0 0 0 0 0 22 20 28 20 18 18
 6.645000E+02 9 0 0 0 0 0 0 0 0 0 0 0 15 18 20 18 13 20
 6.650000E+02 9 0 0 0 0 0 0 0 0 0 0 0 19 17 22 17 14 23
 6.655000E+02 11 0 0 0 0 0 0 0 0 0 0 0 15 17 17 15 19 22
 6.660000E+02 11 0 0 0 0 0 0 0 0 0 0 0 19 12 18 17 17 19
 6.665000E+02 9 0 0 0 0 0 0 0 0 0 0 0 16 22 22 20 13 19
 6.670000E+02 4 0 0 0 0 0 0 0 0 1 0 0 17 19 21 19 9 17
 6.675000E+02 6 0 0 0 0 0 0 0 0 0 0 0 19 19 18 19 13 13
 6.680000E+02 6 0 0 0 0 0 0 0 0 0 0 0 14 11 17 21 16 18
 6.685000E+02 12 0 0 0 0 0 0 0 0 0 0 0 19 17 21 22 18 19
 6.690000E+02 11 0 0 0 0 0 0 0 0 0 0 1 13 18 14 22 19 21
 6.695000E+02 9 0 0 0 0 0 0 0 0 0 0 0 14 16 11 15 19 22
 6.700000E+02 8 0 0 0 0 0 0 0 0 0 0 0 9 14 14 18 25 25
 6.705000E+02 10 0 0 0 0 0 0 0 0 0 0 0 13 14 15 18 21 24
 6.710000E+02 6 0 0 0 0 0 0 0 0 0 0 0 9 15 17 18 18 23
 6.715000E+02 4 0 0 0 0 0 0 0 0 0 0 0 11 16 18 16 17 22
 6.720000E+02 6 0 0 0 0 0 0 0 0 0 0 0 14 20 19 17 16 16
 6.725000E+02 10 0 0 0 0 0 0 0 0 0 0 0 18 22 16 16 17 14
 6.730000E+02 13 0 0 0 0 0 0 0 0 0 0 0 12 11 15 23 14 19
 6.735000E+02 9 0 0 0 0 0 0 0 0 0 0 0 15 22 18 20 16 18
 6.740000E+02 9 0 0 0 0 0 0 0 0 0 0 0 13 15 15 13 18 17
 6.745000E+02 11 0 0 0 0 0 0 0 0 0 0 0 12 14 15 20 19 20
 6.750000E+02 6 0 0 0 0 0 0 0 0 0 0 0 11 18 16 19 15 20
 6.755000E+02 6 0 0 0 0 0 0 0 0 0 0 0 17 16 17 19 16 19
 6.760000E+02 9 0 0 0 0 0 0 0 0 0 0 0 18 21 20 13 22 12
 6.765000E+02 9 0 0 0 0 0 0 0 0 0 0 0 12 16 21 14 15 16
 6.770000E+02 10 0 0 0 0 0 0 0 0 0 0 0 11 12 21 18 20 16
 6.775000E+02 6 0 0 0 0 0 0 0 0 0 0 0 18 15 17 18 19 12
 6.780000E+02 7 0 0 0 0 0 0 0 0 1 0 0 16 18 10 19 13 16
 6.785000E+02 7 0 0 0 0 0 0 1 0 0 0 0 21 17 17 19 13 14
 6.790000E+02 5 0 0 0 0 0 0 0 0 1 0 0 17 23 12 20 15 12
 6.795000E+02 6 0 0 0 0 0 0 0 0 2 0 0 9 27 15 19 20 12
 6.800000E+02 5 0 0 0 0 0 0 0 0 1 0 0 11 29 20 11 21 11
 6.805000E+02 6 0 0 0 0 0 0 0 0 1 0 0 10 21 23 16 23 13
 6.810000E+02 10 0 0 0 0 0 0 1 0 0 0 0 13 15 15 19 25 19
 6.815000E+02 11 0 0 0 0 0 0 0 0 1 0 0 18 14 15 18 25 16
 6.820000E+02 10 0 0 0 0 0 0 0 0 0 0 0 19 16 11 17 22 18
 6.825000E+02 8 0 0 0 0 0 0 0 0 0 0 0 12 17 15 24 17 19
 6.830000E+02 11 0 0 0 0 0 0 0 0 0 0 0 14 16 22 28 12 14
 6.835000E+02 12 0 0 0 0 0 0 0 0 0 0 0 17 18 20 16 8 13
 6.840000E+02 10 0 0 0 0 0 0 0 0 0 0 0 13 22 22 14 16 15
 6.845000E+02 9 0 0 0 0 0 0 0 0 0 0 0 14 24 14 16 20 17
 6.850000E+02 7 0 0 0 0 0 0 0 0 0 0 0 17 25 11 20 13 13
 6.855000E+02 5 0 0 0 0 0 0 0 0 0 0 0 11 20 16 19 14 19
 6.860000E+02 11 0 0 0 0 0 0 0 0 0 0 0 28 17 18 23 13 14
 6.865000E+02 7 0 0 0 0 0 0 0 0 0 0 0 19 17 13 22 18 14
 6.870000E+02 9 0 0 0 0 0 0 0 0 0 0 0 16 19 15 20 17 12
 6.875000E+02 6 0 0 0 0 0 0 0 0 0 0 0 19 21 18 16 16 13
 6.880000E+02 11 0 0 0 0 0 0 0 0 0 0 0 25 17 11 14 20 20
 6.885000E+02 10 0 0 0 0 0 0 0 0 0 0 0 22 13 9 14 16 20
 6.890000E+02 7 0 0 0 0 0 0 0 0 0 0 0 14 14 18 12 20 15
 6.895000E+02 9 0 0 0 0 0 0 0 0 0 0 0 17 17 22 13 18 16
 6.900000E+02 11 0 0 0 0 0 0 0 0 1 0 0 16 18 11 8 22 18
 6.905000E+02 8 0 0 0 0 0 0 0 0 0 0 0 20 16 14 13 22 20
 6.910000E+02 5 0 0 0 0 0 0 0 0 0 0 0 21 16 19 11 17 22
 6.915000E+02 11 0 0 0 0 0 0 0 0 0 0 0 21 22 14 13 16 18
 6.920000E+02 11 0 0 0 0 0 0 0 0 0 0 0 20 24 16 9 19 13
 6.925000E+02 4 0 0 0 0 0 0 0 0 0 0 0 17 26 20 15 12 17
 6.930000E+02 8 0 0 0 0 0 0 0 0 0 0 0 22 23 16 17 7 15
 6.935000E+02 8 0 0 0 0 0 0 0 0 0 0 0 14 24 15 19 4 15
 6.940000E+02 4 0 0 0 0 0 0 0 0 0 0 0 16 24 11 24 12 18
 6.945000E+02 9 0 0 0 0 0 0 0 0 0 0 0 17 21 7 24 15 18
 6.950000E+02 6 0 0 0 0 0 0 0 0 0 0 0 16 19 15 21 15 17
 6.955000E+02 5 0 0 1 0 0 0 0 0 0 0 0 18 19 13 22 8 19
 6.960000E+02 9 0 0 0 0 0 0 1 0 0 0 0 18 19 19 17 16 23
 6.965000E+02 11 0 0 0 0 0 0 1 0 1 0 0 12 18 19 20 19 17
 6.970000E+02 7 0 0 1 0 0 0 0 0 0 0 0 17 13 21 19 24 18
 6.975000E+02 5 0 0 0 0 0 0 0 0 1 0 0 14 13 24 16 22 14
 6.980000E+02 6 0 0 0 0 0 0 0 0 1 0 0 20 15 16 6 15 20
 6.985000E+02 8 0 0 0 0 0 0 0 0 0 0 0 12 15 23 21 17 18
 6.990000E+02 7 0 0 0 0 0 0 0 0 1 0 0 14 21 15 16 15 11
 6.995000E+02 7 0 0 0 0 0 0 1 0 0 0 0 19 24 19 14 14 16
 7.000000E+02 9 0 0 0 0 0 0 0 0 0 0 0 15 19 18 19 16 21
