# time 'Ca' 'D34:75:137_PP2ACa' 'D34:75:137_PP2APCa' 'D34:75_PP2ACa' 'D34:75_PP2APCa' 'D75:137_PP2ACa' 'D75:137_PP2APCa' 'D75_PP2ACa' 'D75_PP2APCa' 'PP2ACa' 'PP2ACa_PKA' 'PP2APCa' 'PP2BinactiveCa2_1' 'PP2BinactiveCa2_2' 'PP2BinactiveCa2_3' 'PP2BinactiveCa2_4' 'PP2BinactiveCa2_5' 'PP2BinactiveCa2_6'
 0.000000E+00 0 0 0 0 0 0 0 0 0 0 0 0 0 0 0 0 0 0
 5.000000E-01 2 0 0 0 0 0 0 0 0 0 0 0 1 0 0 1 1 0
 1.000000E+00 2 0 0 0 0 0 0 0 0 0 0 0 2 2 1 0 1 0
 1.500000E+00 0 0 0 0 0 0 0 0 0 0 0 0 3 4 0 0 2 1
 2.000000E+00 2 0 0 0 0 0 0 0 0 0 0 0 1 2 2 1 2 1
 2.500000E+00 1 0 0 0 0 0 0 0 0 0 0 0 3 2 4 2 3 0
 3.000000E+00 3 0 0 0 0 0 0 0 0 0 0 0 2 2 4 4 4 0
 3.500000E+00 2 0 0 0 0 0 0 0 0 0 0 0 3 3 2 2 6 4
 4.000000E+00 2 0 0 0 0 0 0 0 0 1 0 0 2 3 3 2 6 5
 4.500000E+00 5 0 0 0 0 0 0 1 0 0 0 0 1 5 3 0 4 6
 5.000000E+00 6 0 0 0 0 0 0 0 0 1 0 0 2 2 4 1 5 7
 5.500000E+00 4 0 0 0 0 0 0 0 0 1 0 0 3 1 9 1 4 8
 6.000000E+00 3 0 0 0 0 0 0 0 0 0 0 0 4 3 8 3 5 5
 6.500000E+00 2 0 0 0 0 0 0 0 0 0 0 0 6 1 8 4 5 6
 7.000000E+00 6 0 0 0 0 0 0 0 0 0 0 0 6 3 8 3 4 4
 7.500000E+00 3 0 0 0 0 0 0 0 0 0 0 0 4 4 8 4 3 6
 8.000000E+00 3 0 0 0 0 0 0 0 0 0 0 0 5 6 6 3 6 7
 8.500000E+00 2 0 0 0 0 0 0 0 0 0 0 0 6 4 5 3 9 7
 9.000000E+00 1 0 0 0 0 0 0 0 0 1 0 0 7 2 6 5 8 9
 9.500000E+00 4 0 0 0 0 0 0 0 0 0 0 0 5 5 6 5 9 8
 1.000000E+01 4 0 0 0 0 0 0 0 0 0 0 0 6 5 2 7 7 9
 1.050000E+01 4 0 0 0 0 0 0 0 0 0 0 0 8 5 3 9 8 7
 1.100000E+01 1 0 0 0 0 0 0 0 0 1 0 0 9 5 7 8 7 6
 1.150000E+01 3 0 0 0 0 0 0 0 0 1 0 0 8 6 7 11 7 6
 1.200000E+01 5 0 0 0 0 0 0 0 0 0 0 0 12 7 10 8 7 5
 1.250000E+01 7 0 0 0 0 0 0 0 0 0 0 0 11 6 8 8 7 7
 1.300000E+01 6 0 0 0 0 0 0 0 0 0 0 0 8 9 4 11 9 3
 1.350000E+01 4 0 0 0 0 0 0 0 0 0 0 0 8 8 9 12 5 7
 1.400000E+01 1 0 0 0 0 0 0 0 0 0 0 0 8 11 10 13 6 4
 1.450000E+01 5 0 0 0 0 0 0 0 0 0 0 0 3 10 12 9 7 8
 1.500000E+01 5 0 0 0 0 0 0 0 0 0 0 0 10 9 10 9 5 7
 1.550000E+01 9 0 0 0 0 0 0 0 0 0 0 0 10 11 11 9 4 7
 1.600000E+01 6 0 0 0 0 0 0 0 0 0 0 0 9 12 14 7 8 7
 1.650000E+01 2 0 0 0 0 0 0 0 0 0 0 0 8 8 15 11 9 7
 1.700000E+01 3 0 0 0 0 0 0 0 0 0 0 0 9 6 14 9 7 12
 1.750000E+01 5 0 0 0 0 0 0 0 0 1 0 0 12 6 12 10 9 12
 1.800000E+01 4 0 0 0 0 0 0 0 0 0 0 0 8 8 11 11 9 13
 1.850000E+01 3 0 0 0 0 0 0 0 0 0 0 0 10 10 13 9 8 9
 1.900000E+01 10 0 0 0 0 0 0 0 0 0 0 0 13 11 11 10 12 11
 1.950000E+01 5 0 0 0 0 0 0 0 0 0 0 0 11 15 12 11 13 8
 2.000000E+01 5 0 0 0 0 0 0 0 0 0 0 0 13 17 8 12 8 6
 2.050000E+01 6 0 0 0 0 0 0 0 0 0 0 0 16 14 9 8 13 9
 2.100000E+01 6 0 0 0 0 0 0 0 0 0 0 0 10 8 10 11 11 12
 2.150000E+01 7 0 0 0 0 0 0 0 0 0 0 0 12 13 9 12 9 11
 2.200000E+01 4 0 0 0 0 0 0 0 0 0 0 0 10 17 14 9 11 11
 2.250000E+01 9 0 0 0 0 0 0 0 0 0 0 0 12 15 12 9 11 13
 2.300000E+01 5 0 0 0 0 0 0 0 0 0 0 0 10 12 11 17 11 13
 2.350000E+01 4 0 0 0 0 0 0 0 0 1 0 0 10 14 17 13 12 9
 2.400000E+01 3 0 0 0 0 0 0 0 0 1 0 0 12 11 15 15 14 8
 2.450000E+01 4 0 0 0 0 0 0 1 0 0 0 0 15 12 17 14 13 7
 2.500000E+01 5 0 0 0 0 0 0 0 0 0 0 0 12 11 11 20 13 12
 2.550000E+01 5 0 0 0 0 0 0 0 0 0 0 0 13 16 12 11 16 16
 2.600000E+01 4 0 0 0 0 0 0 0 0 0 0 0 14 10 10 17 15 12
 2.650000E+01 4 0 0 0 0 0 0 0 0 0 0 0 10 9 13 15 16 11
 2.700000E+01 9 0 0 0 0 0 0 0 0 0 0 0 9 8 17 18 12 13
 2.750000E+01 4 0 0 0 0 0 0 0 0 0 0 0 7 13 15 15 12 12
 2.800000E+01 1 0 0 0 0 0 0 0 0 0 0 0 9 23 13 14 12 12
 2.850000E+01 1 0 0 0 0 0 0 0 0 0 0 0 6 19 20 16 16 9
 2.900000E+01 7 0 0 0 0 0 0 0 0 0 0 0 7 12 18 16 16 12
 2.950000E+01 7 0 0 0 0 0 0 0 0 0 0 0 14 17 15 12 19 12
 3.000000E+01 1 0 0 0 0 0 0 0 0 0 0 0 13 19 12 14 14 11
 3.050000E+01 9 0 0 0 0 0 0 0 0 0 0 0 11 18 15 16 13 11
 3.100000E+01 9 0 0 0 0 0 0 0 0 0 0 0 10 17 13 13 17 16
 3.150000E+01 3 0 0 0 0 0 0 0 0 0 0 0 17 21 16 13 16 11
 3.200000E+01 4 0 0 0 0 0 0 0 0 0 0 0 13 19 13 19 14 9
 3.250000E+01 7 0 0 0 0 0 0 0 0 0 0 0 14 24 8 17 18 13
 3.300000E+01 8 0 0 0 0 0 0 0 0 0 0 0 12 14 12 14 21 16
 3.350000E+01 10 0 0 0 0 0 0 0 0 0 0 0 8 15 14 15 21 18
 3.400000E+01 9 0 0 0 0 0 0 0 0 0 0 0 11 12 12 15 12 23
 3.450000E+01 7 0 0 0 0 0 0 0 0 0 0 0 11 15 10 22 11 14
 3.500000E+01 7 0 0 0 0 0 0 0 0 0 0 0 12 24 12 15 12 16
 3.550000E+01 1 0 0 0 0 0 0 0 0 0 0 0 17 17 11 19 17 11
 3.600000E+01 7 0 0 0 0 0 0 0 0 0 0 0 18 17 17 12 16 13
 3.650000E+01 3 0 0 0 0 0 0 0 0 0 0 0 22 17 17 15 15 8
 3.700000E+01 5 0 0 0 0 0 0 0 0 0 0 0 25 15 15 14 9 11
 3.750000E+01 7 0 0 0 0 0 0 0 0 0 0 0 21 13 16 10 14 16
 3.800000E+01 10 0 0 0 0 0 0 0 0 0 0 0 10 15 18 14 12 14
 3.850000E+01 8 0 0 0 0 0 0 0 0 2 0 0 11 17 14 16 20 19
 3.900000E+01 11 0 0 0 0 0 0 0 0 3 0 0 14 18 13 10 20 19
 3.950000E+01 11 0 0 0 0 0 0 0 0 1 0 0 19 11 13 17 16 20
 4.000000E+01 7 0 0 0 0 0 0 1 0 0 0 0 17 13 14 18 15 20
 4.050000E+01 9 0 0 0 0 0 0 0 0 1 0 0 18 16 11 24 9 21
 4.100000E+01 6 0 0 0 0 0 0 0 0 1 0 0 16 15 18 21 12 15
 4.150000E+01 7 0 0 0 0 0 0 0 0 0 0 0 17 16 17 18 13 13
 4.200000E+01 5 0 0 0 0 0 0 0 0 0 0 0 15 18 19 10 14 17
 4.250000E+01 15 0 0 0 0 0 0 0 0 1 0 0 18 16 15 12 14 17
 4.300000E+01 11 0 0 0 0 0 0 0 0 0 0 0 23 17 14 20 12 10
 4.350000E+01 11 0 0 0 0 0 0 0 0 0 0 0 24 17 17 15 11 10
 4.400000E+01 9 0 0 0 0 0 0 0 0 0 0 0 25 10 11 15 14 16
 4.450000E+01 8 0 0 0 0 0 0 0 0 1 0 0 18 10 18 21 16 8
 4.500000E+01 7 0 0 0 0 0 0 0 0 1 0 0 13 12 20 16 16 13
 4.550000E+01 8 0 0 0 0 0 0 0 0 0 0 0 15 15 20 15 13 20
 4.600000E+01 15 0 0 0 0 0 0 0 0 1 0 0 20 19 8 21 12 17
 4.650000E+01 8 0 0 0 0 0 0 0 0 1 0 0 15 24 15 20 7 20
 4.700000E+01 7 0 0 0 0 0 0 0 0 1 0 0 13 18 23 24 16 20
 4.750000E+01 8 0 0 0 0 0 0 0 0 0 0 0 20 19 17 21 18 18
 4.800000E+01 8 0 0 0 0 0 0 0 0 0 0 0 14 12 13 17 16 21
 4.850000E+01 7 0 0 0 0 0 0 0 0 0 0 0 15 14 17 21 25 16
 4.900000E+01 5 0 0 0 0 0 0 0 0 0 0 0 14 21 18 13 21 22
 4.950000E+01 9 0 0 0 0 0 0 0 0 1 0 0 22 19 18 13 21 19
 5.000000E+01 7 0 0 0 0 0 0 0 0 1 0 0 22 25 20 20 15 23
 5.050000E+01 18 0 0 0 0 0 0 0 0 0 0 0 15 15 18 18 13 22
 5.100000E+01 7 0 0 0 0 0 0 0 0 0 0 0 14 17 20 19 17 19
 5.150000E+01 14 0 0 0 0 0 0 1 0 0 0 0 16 15 21 19 18 20
 5.200000E+01 9 0 0 0 0 0 0 0 0 1 0 0 16 13 18 16 15 14
 5.250000E+01 8 0 0 0 0 0 0 0 0 0 0 0 21 13 16 20 24 19
 5.300000E+01 10 0 0 0 0 0 0 0 0 0 0 0 22 18 18 14 21 18
 5.350000E+01 6 0 0 0 0 0 0 0 0 0 0 0 27 17 15 24 14 13
 5.400000E+01 3 0 0 0 0 0 0 0 0 0 0 0 22 16 15 20 20 16
 5.450000E+01 9 0 0 0 0 0 0 0 0 0 0 0 22 13 19 23 19 19
 5.500000E+01 9 0 0 0 0 0 0 0 0 0 0 0 22 16 18 24 16 18
 5.550000E+01 7 0 0 0 0 0 0 0 0 0 0 0 25 18 18 25 16 20
 5.600000E+01 7 0 0 0 0 0 0 0 0 0 0 0 12 21 20 16 15 22
 5.650000E+01 10 0 0 0 0 0 0 0 0 0 0 0 10 16 22 22 16 19
 5.700000E+01 5 0 0 0 0 0 0 0 0 0 0 0 18 16 19 26 16 22
 5.750000E+01 9 0 0 0 0 0 0 0 0 0 0 0 16 21 16 26 15 16
 5.800000E+01 8 0 0 0 0 0 0 0 0 0 0 0 16 22 16 15 25 14
 5.850000E+01 7 0 0 0 0 0 0 0 0 0 0 0 12 27 14 15 22 17
 5.900000E+01 13 0 0 0 0 0 0 0 0 0 0 0 19 22 12 15 18 20
 5.950000E+01 10 0 0 0 0 0 0 0 0 0 0 0 11 25 18 14 19 22
 6.000000E+01 9 0 0 0 0 0 0 0 0 1 0 0 13 27 19 16 14 18
 6.050000E+01 9 0 0 0 0 0 0 1 0 0 0 0 16 27 13 16 19 21
 6.100000E+01 9 0 0 0 0 0 0 1 0 0 0 0 18 18 16 13 24 23
 6.150000E+01 5 0 0 0 0 0 0 2 0 0 0 0 16 21 20 8 24 25
 6.200000E+01 6 0 0 0 0 0 0 0 0 1 0 0 9 18 15 9 20 20
 6.250000E+01 5 0 0 0 0 0 0 1 0 0 0 0 6 17 23 15 20 26
 6.300000E+01 14 0 0 0 0 0 0 1 0 1 0 0 18 10 22 15 14 21
 6.350000E+01 10 0 0 0 0 0 0 0 0 0 0 0 13 18 16 18 19 19
 6.400000E+01 12 0 0 0 0 0 0 0 0 0 0 0 14 19 19 16 21 17
 6.450000E+01 6 0 0 0 0 0 0 0 0 0 0 0 19 20 23 15 15 15
 6.500000E+01 4 0 0 0 0 0 0 1 0 0 0 0 19 18 23 15 21 12
 6.550000E+01 12 0 0 0 0 0 0 0 0 1 0 0 21 15 17 15 21 17
 6.600000E+01 8 0 0 0 0 0 0 1 0 0 0 0 18 15 18 17 17 19
 6.650000E+01 6 0 0 0 0 0 0 0 0 1 0 0 11 16 17 16 12 19
 6.700000E+01 6 0 0 0 0 0 0 0 0 0 0 0 17 20 24 15 13 20
 6.750000E+01 8 0 0 0 0 0 0 0 0 0 0 0 9 22 16 18 14 18
 6.800000E+01 14 0 0 0 0 0 0 0 0 0 0 0 11 13 24 23 22 13
 6.850000E+01 5 0 0 0 0 0 0 0 0 0 0 0 14 15 25 15 26 11
 6.900000E+01 5 0 0 0 0 0 0 0 0 0 0 0 12 15 32 24 20 15
 6.950000E+01 9 0 0 0 0 0 0 0 0 0 0 0 18 14 20 19 19 19
 7.000000E+01 4 0 0 0 0 0 0 0 0 0 0 0 21 16 18 19 23 16
 7.050000E+01 13 0 0 0 0 0 0 0 0 0 0 0 17 14 20 21 26 10
 7.100000E+01 14 0 0 0 0 0 0 0 0 0 0 0 22 19 19 19 17 17
 7.150000E+01 7 0 0 0 0 0 0 0 0 0 0 0 19 22 18 10 15 18
 7.200000E+01 7 0 0 0 0 0 0 0 0 0 0 0 18 15 18 21 16 17
 7.250000E+01 9 0 0 0 0 0 0 0 0 0 0 0 10 20 18 26 15 15
 7.300000E+01 9 0 0 0 0 0 0 0 0 0 0 0 17 22 18 21 16 16
 7.350000E+01 12 0 0 0 0 0 0 0 0 1 0 0 12 12 15 20 19 16
 7.400000E+01 13 0 0 0 0 0 0 0 0 1 0 0 19 15 17 21 18 27
 7.450000E+01 10 0 0 0 0 0 0 1 0 0 0 0 18 16 16 22 12 21
 7.500000E+01 9 0 0 0 0 0 0 0 0 2 0 0 25 19 16 16 20 18
 7.550000E+01 11 0 0 0 0 0 0 0 0 1 0 0 22 15 20 15 16 17
 7.600000E+01 10 0 0 0 0 0 0 0 0 1 0 0 20 18 25 14 20 17
 7.650000E+01 9 0 0 0 0 0 0 0 0 0 0 0 15 16 24 12 17 15
 7.700000E+01 7 0 0 0 0 0 0 0 0 0 0 0 21 21 9 16 14 16
 7.750000E+01 9 0 0 0 0 0 0 0 0 0 0 0 19 16 21 14 16 15
 7.800000E+01 9 0 0 0 0 0 0 0 0 0 0 0 13 18 20 14 20 14
 7.850000E+01 5 0 0 0 0 0 0 0 0 0 0 0 16 15 25 21 15 20
 7.900000E+01 2 0 0 0 0 0 0 0 0 0 0 0 16 12 19 21 17 17
 7.950000E+01 13 0 0 0 0 0 0 0 0 0 0 0 20 20 15 20 22 19
 8.000000E+01 10 0 0 0 0 0 0 0 0 0 0 0 15 18 24 18 23 18
 8.050000E+01 15 0 0 0 0 0 0 1 0 0 0 0 18 18 19 14 20 20
 8.100000E+01 8 0 0 0 0 0 0 0 0 1 0 0 18 21 21 18 18 19
 8.150000E+01 15 0 0 0 0 0 0 0 0 0 0 0 22 19 17 20 18 17
 8.200000E+01 10 0 0 0 0 0 0 0 0 0 0 0 20 15 18 16 21 17
 8.250000E+01 9 0 0 0 0 0 0 0 0 0 0 0 20 24 18 14 13 20
 8.300000E+01 10 0 0 0 0 0 0 0 0 1 0 0 22 22 24 11 12 22
 8.350000E+01 10 0 0 0 0 0 0 0 0 0 0 0 15 14 21 14 16 13
 8.400000E+01 10 0 0 0 0 0 0 0 0 0 0 0 16 19 20 23 18 14
 8.450000E+01 8 0 0 0 0 0 0 0 0 0 0 0 20 20 24 15 10 16
 8.500000E+01 6 0 0 0 0 0 0 0 0 0 0 0 13 16 16 26 14 21
 8.550000E+01 7 0 0 0 0 0 0 0 0 0 0 0 12 14 19 26 15 22
 8.600000E+01 2 0 0 0 0 0 0 0 0 0 0 0 14 14 14 29 17 26
 8.650000E+01 9 0 0 0 0 0 0 0 0 0 0 0 15 16 17 24 21 25
 8.700000E+01 12 0 0 0 0 0 0 0 0 0 0 0 19 18 21 24 15 23
 8.750000E+01 11 0 0 0 0 0 0 0 0 0 0 0 19 24 17 17 13 24
 8.800000E+01 12 0 0 0 0 0 0 0 0 0 0 0 15 31 8 19 16 18
 8.850000E+01 8 0 0 0 0 0 0 0 0 0 0 0 14 19 12 23 23 16
 8.900000E+01 5 0 0 0 0 0 0 0 0 0 0 0 12 20 13 20 19 20
 8.950000E+01 13 0 0 0 0 0 0 0 0 0 0 0 18 14 16 15 19 23
 9.000000E+01 10 0 0 0 0 0 0 0 0 0 0 0 16 16 22 19 18 18
 9.050000E+01 13 0 0 0 0 0 0 0 0 0 0 0 14 16 27 27 16 17
 9.100000E+01 12 0 0 0 0 0 0 0 0 0 0 0 14 15 20 23 22 19
 9.150000E+01 9 0 0 0 0 0 0 0 0 0 0 0 13 20 23 18 24 22
 9.200000E+01 6 0 0 0 0 0 0 0 0 0 0 0 21 19 19 13 19 26
 9.250000E+01 9 0 0 0 0 0 0 0 0 0 0 0 13 18 19 17 20 24
 9.300000E+01 17 0 0 0 0 0 0 0 0 0 0 0 12 13 22 15 23 15
 9.350000E+01 13 0 0 0 0 0 0 0 0 0 0 0 12 19 15 17 24 24
 9.400000E+01 7 0 0 0 0 0 0 0 0 0 0 0 12 21 19 14 26 23
 9.450000E+01 9 0 0 0 0 0 0 0 0 0 0 0 13 21 17 12 15 25
 9.500000E+01 13 0 0 0 0 0 0 0 0 0 0 0 19 15 19 14 16 24
 9.550000E+01 11 0 0 0 0 0 0 0 0 0 0 0 17 15 26 18 17 20
 9.600000E+01 12 0 0 0 0 0 0 0 0 0 0 0 24 16 17 17 16 15
 9.650000E+01 5 0 0 0 0 0 0 0 0 0 0 0 20 14 16 24 10 16
 9.700000E+01 10 0 0 0 0 0 0 0 0 0 0 0 16 17 15 25 16 24
 9.750000E+01 12 0 0 0 0 0 0 0 0 0 0 0 18 17 13 19 20 19
 9.800000E+01 9 0 0 0 0 0 0 0 0 0 0 0 18 19 14 16 19 22
 9.850000E+01 8 0 0 0 0 0 0 0 0 0 0 0 21 23 12 14 23 24
 9.900000E+01 7 0 0 0 0 0 0 0 0 0 0 0 17 15 17 14 22 16
 9.950000E+01 10 0 0 0 0 0 0 0 0 0 0 0 18 21 16 16 16 20
 1.000000E+02 6 0 0 0 0 0 0 0 0 1 0 0 22 18 14 18 20 20
 1.005000E+02 8 0 0 0 0 0 0 0 0 1 0 0 20 17 15 20 16 22
 1.010000E+02 15 0 0 0 0 0 0 0 0 0 0 0 19 19 22 25 13 15
 1.015000E+02 12 0 0 0 0 0 0 0 0 0 0 0 11 14 24 19 18 24
 1.020000E+02 7 0 0 0 0 0 0 0 0 0 0 0 16 11 18 24 17 18
 1.025000E+02 7 0 0 0 0 0 0 0 0 0 0 0 14 14 15 22 21 11
 1.030000E+02 16 0 0 0 0 0 0 0 0 0 0 0 22 11 18 24 16 21
 1.035000E+02 10 0 0 0 0 0 0 0 0 0 0 0 22 13 19 19 16 19
 1.040000E+02 7 0 0 0 0 0 0 0 0 0 0 0 15 14 20 19 15 17
 1.045000E+02 4 0 0 0 0 0 0 0 0 1 0 0 13 23 16 20 17 25
 1.050000E+02 3 0 0 0 0 0 0 0 0 1 0 0 13 21 22 15 21 16
 1.055000E+02 6 0 0 0 0 0 0 0 0 0 0 0 19 16 25 16 16 22
 1.060000E+02 15 0 0 0 0 0 0 0 0 0 0 0 17 19 16 12 20 18
 1.065000E+02 10 0 0 0 0 0 0 1 0 0 0 0 17 15 17 25 18 17
 1.070000E+02 3 0 0 0 0 0 0 0 0 1 0 0 18 19 20 25 17 14
 1.075000E+02 11 0 0 0 0 0 0 0 0 0 0 0 17 13 17 18 22 17
 1.080000E+02 10 0 0 0 0 0 0 0 0 0 0 0 21 13 15 21 24 14
 1.085000E+02 9 0 0 0 0 0 0 0 0 0 0 0 19 20 18 17 24 13
 1.090000E+02 14 0 0 0 0 0 0 0 0 0 0 0 19 15 9 19 19 15
 1.095000E+02 6 0 0 0 0 0 0 0 0 0 0 0 21 19 15 21 20 16
 1.100000E+02 8 0 0 0 0 0 0 0 0 0 0 0 18 18 14 17 20 20
 1.105000E+02 9 0 0 0 0 0 0 0 0 0 0 0 14 19 15 16 18 21
 1.110000E+02 8 0 0 0 0 0 0 0 0 0 0 0 17 24 16 13 11 11
 1.115000E+02 9 0 0 0 0 0 0 0 0 0 0 0 17 18 18 18 16 17
 1.120000E+02 6 0 0 0 0 0 0 0 0 0 0 0 13 17 19 17 19 15
 1.125000E+02 6 0 0 0 0 0 0 0 0 0 0 0 13 17 13 13 17 17
 1.130000E+02 11 0 0 0 0 0 0 0 0 0 0 0 17 20 21 13 16 18
 1.135000E+02 9 0 0 0 0 0 0 0 0 0 0 0 16 17 23 11 20 13
 1.140000E+02 9 0 0 0 0 0 0 0 0 0 0 0 18 13 22 15 16 21
 1.145000E+02 10 0 0 0 0 0 0 0 0 0 0 0 16 7 21 19 18 20
 1.150000E+02 9 0 0 0 0 0 0 0 0 0 0 0 16 7 25 17 14 18
 1.155000E+02 7 0 0 0 0 0 0 0 0 0 0 0 22 13 23 22 23 10
 1.160000E+02 5 0 0 0 0 0 0 0 0 0 0 0 18 12 23 19 16 13
 1.165000E+02 8 0 0 0 0 0 0 0 0 0 0 0 15 16 20 24 16 12
 1.170000E+02 9 0 0 0 0 0 0 0 0 0 0 0 24 22 17 19 20 13
 1.175000E+02 6 0 0 0 0 0 0 0 0 0 0 0 25 17 17 14 13 19
 1.180000E+02 7 0 0 0 0 0 0 0 0 0 0 0 22 13 14 15 19 21
 1.185000E+02 6 0 0 0 0 0 0 0 0 0 0 0 21 14 17 12 18 18
 1.190000E+02 8 0 0 0 0 0 0 0 0 0 0 0 17 12 17 15 19 19
 1.195000E+02 13 0 0 0 0 0 0 0 0 0 0 0 18 15 18 11 22 17
 1.200000E+02 8 0 0 0 0 0 0 0 0 0 0 0 22 15 19 20 21 8
 1.205000E+02 9 0 0 0 0 0 0 0 0 0 0 0 21 15 18 19 21 11
 1.210000E+02 11 0 0 0 0 0 0 0 0 0 0 0 19 16 18 21 22 13
 1.215000E+02 15 0 0 0 0 0 0 1 0 0 0 0 18 20 18 17 18 18
 1.220000E+02 10 0 0 0 0 0 0 0 0 1 0 0 15 24 14 21 20 16
 1.225000E+02 11 0 0 0 0 0 0 0 0 2 0 0 17 20 13 25 15 18
 1.230000E+02 12 0 0 0 0 0 0 1 0 1 0 0 19 22 19 22 21 10
 1.235000E+02 9 0 0 0 0 0 0 0 0 0 0 0 20 17 13 19 16 16
 1.240000E+02 9 0 0 0 0 0 0 0 0 0 0 0 17 26 15 20 20 12
 1.245000E+02 9 0 0 0 0 0 0 0 0 0 0 0 20 20 20 17 13 16
 1.250000E+02 7 0 0 0 0 0 0 0 0 0 0 0 21 23 15 18 23 15
 1.255000E+02 6 0 0 0 0 0 0 0 0 1 0 0 18 15 13 18 17 16
 1.260000E+02 11 0 0 0 0 0 0 0 0 1 0 0 17 17 18 22 16 12
 1.265000E+02 6 0 0 0 0 0 0 0 0 1 0 0 21 22 17 15 17 19
 1.270000E+02 7 0 0 0 0 0 0 0 0 1 0 0 20 20 11 20 18 17
 1.275000E+02 4 0 0 0 0 0 0 0 0 0 0 0 18 12 11 24 19 21
 1.280000E+02 3 0 0 0 0 0 0 0 0 0 0 0 13 18 9 26 15 26
 1.285000E+02 5 0 0 0 0 0 0 0 0 0 0 0 17 9 10 17 15 30
 1.290000E+02 6 0 0 0 0 0 0 0 0 0 0 0 24 16 13 14 16 26
 1.295000E+02 5 0 0 0 0 0 0 0 0 0 0 0 21 15 13 14 15 26
 1.300000E+02 11 0 0 0 0 0 0 0 0 0 0 0 17 10 12 20 16 25
 1.305000E+02 8 0 0 0 0 0 0 0 0 0 0 0 13 8 19 24 15 22
 1.310000E+02 9 0 0 0 0 0 0 0 0 0 0 0 16 8 22 24 20 17
 1.315000E+02 12 0 0 0 0 0 0 0 0 0 0 0 17 10 19 14 24 14
 1.320000E+02 12 0 0 0 0 0 0 0 0 0 0 0 15 13 18 22 14 19
 1.325000E+02 13 0 0 0 0 0 0 0 0 0 0 0 18 17 12 13 14 20
 1.330000E+02 11 0 0 0 0 0 0 0 0 0 0 0 20 20 18 14 20 12
 1.335000E+02 7 0 0 0 0 0 0 0 0 0 0 0 8 15 20 15 19 17
 1.340000E+02 6 0 0 0 0 0 0 0 0 0 0 0 12 17 20 12 21 16
 1.345000E+02 13 0 0 0 0 0 0 0 0 1 0 0 23 15 21 13 21 12
 1.350000E+02 10 0 0 0 0 0 0 0 0 0 0 0 18 22 20 21 17 16
 1.355000E+02 10 0 0 0 0 0 0 0 0 0 0 0 19 21 17 24 20 15
 1.360000E+02 4 0 0 0 0 0 0 0 0 0 0 0 17 15 18 21 17 18
 1.365000E+02 3 0 0 0 0 0 0 0 0 0 0 0 19 23 19 11 24 12
 1.370000E+02 6 0 0 0 0 0 0 0 0 0 0 0 17 18 18 12 22 19
 1.375000E+02 5 0 0 0 0 0 0 0 0 0 0 0 12 21 14 21 19 17
 1.380000E+02 13 0 0 0 0 0 0 0 0 0 0 0 13 24 17 20 19 24
 1.385000E+02 8 0 0 0 0 0 0 0 0 0 0 0 12 19 18 16 23 23
 1.390000E+02 11 0 0 0 0 0 0 0 0 0 0 0 11 20 24 16 14 24
 1.395000E+02 4 0 0 0 0 0 0 0 0 0 0 0 15 29 24 14 11 21
 1.400000E+02 8 0 0 0 0 0 0 0 0 1 0 0 18 23 18 17 13 25
 1.405000E+02 13 0 0 0 0 0 0 0 0 1 0 0 17 17 15 19 10 20
 1.410000E+02 3 0 0 0 0 0 0 0 0 1 0 0 14 19 19 22 13 19
 1.415000E+02 3 0 0 0 0 0 0 0 0 0 0 0 15 18 17 20 15 20
 1.420000E+02 6 0 0 0 0 0 0 0 0 0 0 0 18 18 9 24 13 18
 1.425000E+02 9 0 0 0 0 0 0 0 0 1 0 0 20 19 20 13 11 13
 1.430000E+02 6 0 0 0 0 0 0 0 0 1 0 0 22 21 19 16 13 22
 1.435000E+02 10 0 0 0 0 0 0 1 0 0 0 0 18 24 23 22 16 19
 1.440000E+02 16 0 0 0 0 0 0 0 0 0 0 0 12 23 22 18 17 11
 1.445000E+02 7 0 0 0 0 0 0 0 0 0 0 0 21 21 17 14 18 16
 1.450000E+02 5 0 0 0 0 0 0 0 0 1 0 0 20 22 16 22 18 15
 1.455000E+02 5 0 0 0 0 0 0 0 0 2 0 0 17 20 14 18 21 15
 1.460000E+02 3 0 0 0 0 0 0 0 0 2 0 0 20 17 12 17 25 21
 1.465000E+02 9 0 0 0 0 0 0 2 0 1 0 0 14 18 9 19 20 24
 1.470000E+02 8 0 0 0 0 0 0 1 0 2 0 0 14 16 17 19 18 20
 1.475000E+02 9 0 0 0 0 0 0 1 0 1 0 0 20 16 16 12 17 23
 1.480000E+02 6 0 0 0 0 0 0 1 0 0 0 0 18 20 20 10 11 24
 1.485000E+02 4 0 0 0 0 0 0 0 0 1 0 0 18 19 18 13 14 19
 1.490000E+02 10 0 0 0 0 0 0 0 0 1 0 0 25 17 16 14 11 21
 1.495000E+02 5 0 0 0 0 0 0 0 0 1 0 0 21 14 20 16 15 15
 1.500000E+02 9 0 0 0 0 0 0 0 0 1 0 0 13 24 22 21 20 17
 1.505000E+02 12 0 0 0 0 0 0 1 0 0 0 0 8 23 20 17 24 16
 1.510000E+02 11 0 0 0 0 0 0 0 0 0 0 0 9 19 21 15 17 19
 1.515000E+02 9 0 0 0 0 0 0 0 0 1 0 0 15 21 17 21 10 19
 1.520000E+02 11 0 0 0 0 0 0 0 0 1 0 0 11 18 22 20 16 20
 1.525000E+02 10 0 0 0 0 0 0 0 0 0 0 0 14 14 21 23 16 22
 1.530000E+02 14 0 0 0 0 0 0 0 0 2 0 0 16 16 22 15 17 23
 1.535000E+02 7 0 0 0 0 0 0 0 0 1 0 0 13 16 24 12 25 19
 1.540000E+02 13 0 0 0 0 0 0 0 0 1 0 0 17 15 23 17 21 20
 1.545000E+02 7 0 0 0 0 0 0 0 0 1 0 0 18 21 14 15 20 15
 1.550000E+02 6 0 0 0 0 0 0 1 0 0 0 0 24 16 16 20 18 22
 1.555000E+02 6 0 0 0 0 0 0 0 0 2 0 0 20 7 12 21 23 20
 1.560000E+02 7 0 0 0 0 0 0 0 0 1 0 0 16 13 14 28 19 19
 1.565000E+02 5 0 0 0 0 0 0 0 0 1 0 0 17 18 16 28 23 12
 1.570000E+02 5 0 0 0 0 0 0 0 0 0 0 0 17 21 11 20 24 14
 1.575000E+02 5 0 0 0 0 0 0 1 0 0 0 0 13 18 16 17 28 11
 1.580000E+02 7 0 0 0 0 0 0 0 0 0 0 0 13 20 17 21 18 14
 1.585000E+02 11 0 0 0 0 0 0 0 0 0 0 0 9 22 18 23 20 14
 1.590000E+02 11 0 0 0 0 0 0 0 0 0 0 0 11 18 20 20 20 11
 1.595000E+02 9 0 0 0 0 0 0 0 0 0 0 0 21 19 17 23 14 23
 1.600000E+02 7 0 0 0 0 0 0 0 0 0 0 0 18 17 19 23 15 12
 1.605000E+02 8 0 0 0 0 0 0 0 0 0 0 0 14 17 19 20 14 17
 1.610000E+02 3 0 0 0 0 0 0 0 0 0 0 0 20 18 24 17 14 14
 1.615000E+02 9 0 0 0 0 0 0 0 0 0 0 0 18 18 14 23 22 13
 1.620000E+02 7 0 0 0 0 0 0 0 0 0 0 0 25 18 13 23 24 17
 1.625000E+02 8 0 0 0 0 0 0 0 0 0 0 0 24 8 12 21 19 15
 1.630000E+02 4 0 0 0 0 0 0 0 0 0 0 0 25 12 15 21 25 15
 1.635000E+02 14 0 0 0 0 0 0 0 0 0 0 0 19 17 13 25 22 12
 1.640000E+02 10 0 0 0 0 0 0 0 0 0 0 0 24 18 21 16 17 18
 1.645000E+02 7 0 0 0 0 0 0 0 0 0 0 0 15 17 19 14 21 20
 1.650000E+02 6 0 0 0 0 0 0 0 0 0 0 0 17 18 16 16 16 19
 1.655000E+02 17 0 0 0 0 0 0 0 0 0 0 0 22 17 13 14 21 23
 1.660000E+02 13 0 0 0 0 0 0 0 0 0 0 0 17 14 13 11 15 16
 1.665000E+02 7 0 0 0 0 0 0 0 0 0 0 0 16 16 19 19 12 18
 1.670000E+02 8 0 0 0 0 0 0 0 0 0 0 0 15 11 26 15 15 22
 1.675000E+02 9 0 0 0 0 0 0 0 0 1 0 0 10 17 23 15 22 19
 1.680000E+02 11 0 0 0 0 0 0 0 0 0 0 0 17 18 23 14 17 23
 1.685000E+02 9 0 0 0 0 0 0 0 0 0 0 0 20 15 22 13 14 21
 1.690000E+02 10 0 0 0 0 0 0 0 0 0 0 0 19 15 18 18 11 18
 1.695000E+02 5 0 0 0 0 0 0 0 0 0 0 0 13 17 22 19 22 18
 1.700000E+02 12 0 0 0 0 0 0 0 0 0 0 0 15 18 13 21 18 19
 1.705000E+02 7 0 0 0 0 0 0 0 0 0 0 0 17 17 10 20 14 31
 1.710000E+02 7 0 0 0 0 0 0 0 0 0 0 0 19 23 14 15 16 30
 1.715000E+02 12 0 0 0 0 0 0 0 0 0 0 0 17 17 16 10 18 27
 1.720000E+02 12 0 0 0 0 0 0 0 0 0 0 0 15 15 18 7 21 16
 1.725000E+02 6 0 0 0 0 0 0 0 0 0 0 0 17 19 15 9 18 18
 1.730000E+02 9 0 0 0 0 0 0 0 0 0 0 0 24 22 14 19 18 17
 1.735000E+02 13 0 0 0 0 0 0 0 0 0 0 0 20 17 10 17 18 19
 1.740000E+02 13 0 0 0 0 0 0 0 0 1 0 0 20 19 17 12 24 21
 1.745000E+02 8 0 0 0 0 0 0 0 0 1 0 0 19 18 10 19 24 21
 1.750000E+02 5 0 0 0 0 0 0 0 0 1 0 0 15 21 11 21 17 19
 1.755000E+02 7 0 0 0 0 0 0 0 0 1 0 0 18 25 6 18 15 13
 1.760000E+02 9 0 0 0 0 0 0 0 0 1 0 0 18 22 10 21 16 15
 1.765000E+02 5 0 0 0 0 0 0 0 0 2 0 0 16 18 10 21 13 20
 1.770000E+02 13 0 0 0 0 0 0 1 0 1 0 0 19 15 19 17 13 24
 1.775000E+02 9 0 0 0 0 0 0 0 0 1 0 0 16 16 15 24 13 20
 1.780000E+02 10 0 0 0 0 0 0 1 0 1 0 0 24 21 15 21 6 12
 1.785000E+02 12 0 0 0 0 0 0 0 0 1 0 0 28 19 15 13 12 12
 1.790000E+02 8 0 0 0 0 0 0 0 0 0 0 0 26 15 15 19 11 12
 1.795000E+02 6 0 0 0 0 0 0 0 0 0 0 0 18 15 16 17 15 16
 1.800000E+02 5 0 0 0 0 0 0 0 0 0 0 0 18 15 15 18 20 16
 1.805000E+02 9 0 0 0 0 0 0 0 0 0 0 0 11 11 17 20 21 18
 1.810000E+02 8 0 0 0 0 0 0 0 0 0 0 0 10 15 14 14 27 15
 1.815000E+02 8 0 0 0 0 0 0 0 0 0 0 0 9 15 17 17 24 12
 1.820000E+02 7 0 0 0 0 0 0 0 0 0 0 0 16 15 14 15 21 15
 1.825000E+02 7 0 0 0 0 0 0 0 0 0 0 0 23 15 13 12 15 14
 1.830000E+02 9 0 0 0 0 0 0 0 0 0 0 0 18 17 14 19 17 17
 1.835000E+02 16 0 0 0 0 0 0 0 0 0 0 0 14 19 11 13 21 20
 1.840000E+02 4 0 0 0 0 0 0 0 0 0 0 0 18 18 15 16 15 16
 1.845000E+02 5 0 0 0 0 0 0 0 0 0 0 0 9 22 19 12 18 17
 1.850000E+02 3 0 0 0 0 0 0 0 0 0 0 0 14 23 25 13 17 12
 1.855000E+02 12 0 0 0 0 0 0 0 0 1 0 0 15 17 23 18 17 6
 1.860000E+02 4 0 0 0 0 0 0 0 0 0 0 0 14 14 20 18 16 8
 1.865000E+02 9 0 0 0 0 0 0 0 0 0 0 0 16 15 22 13 21 12
 1.870000E+02 7 0 0 0 0 0 0 0 0 0 0 0 15 15 20 13 17 11
 1.875000E+02 12 0 0 0 0 0 0 0 0 0 0 0 14 11 17 13 24 8
 1.880000E+02 9 0 0 0 0 0 0 0 0 0 0 0 14 11 17 16 23 8
 1.885000E+02 2 0 0 0 0 0 0 0 0 0 0 0 17 16 22 12 22 8
 1.890000E+02 5 0 0 0 0 0 0 0 0 0 0 0 20 14 21 15 13 10
 1.895000E+02 11 0 0 0 0 0 0 1 0 1 0 0 17 23 17 16 9 11
 1.900000E+02 9 0 0 0 0 0 0 1 0 0 0 0 15 25 18 11 13 13
 1.905000E+02 6 0 0 0 0 0 0 0 0 2 0 0 16 21 13 14 18 15
 1.910000E+02 8 0 0 0 0 0 0 1 0 1 0 0 16 21 14 13 15 17
 1.915000E+02 9 0 0 0 0 0 0 2 0 0 0 0 19 23 16 15 12 22
 1.920000E+02 5 0 0 0 0 0 0 1 0 0 0 0 18 18 23 15 9 20
 1.925000E+02 7 0 0 0 0 0 0 0 0 2 0 0 22 17 17 14 17 17
 1.930000E+02 9 0 0 0 0 0 0 0 0 2 0 0 22 16 16 13 19 18
 1.935000E+02 10 0 0 0 0 0 0 1 0 0 0 0 17 19 16 14 19 17
 1.940000E+02 5 0 0 0 0 0 0 0 0 2 0 0 20 15 14 20 11 18
 1.945000E+02 5 0 0 0 0 0 0 0 0 1 0 0 13 18 18 22 11 16
 1.950000E+02 6 0 0 0 0 0 0 0 0 3 0 0 14 21 20 17 8 18
 1.955000E+02 10 0 0 0 0 0 0 1 0 0 0 0 15 20 17 22 12 12
 1.960000E+02 9 0 0 0 0 0 0 2 0 0 0 0 10 22 20 19 15 15
 1.965000E+02 7 0 0 0 0 0 0 0 0 1 0 0 13 18 18 18 15 15
 1.970000E+02 5 0 0 0 0 0 0 0 0 1 0 0 15 16 25 23 9 8
 1.975000E+02 6 0 0 0 0 0 0 0 0 1 0 0 15 19 20 18 12 16
 1.980000E+02 16 0 0 0 0 0 0 0 0 0 0 0 19 17 25 14 17 16
 1.985000E+02 9 0 0 0 0 0 0 0 0 0 0 0 16 18 20 14 15 21
 1.990000E+02 9 0 0 0 0 0 0 0 0 1 0 0 12 18 18 17 13 15
 1.995000E+02 11 0 0 0 0 0 0 1 0 0 0 0 20 20 20 17 9 16
 2.000000E+02 10 0 0 0 0 0 0 0 0 1 0 0 15 19 18 18 19 11
 2.005000E+02 10 0 0 0 0 0 0 0 0 1 0 0 11 18 20 21 13 18
 2.010000E+02 7 0 0 0 0 0 0 0 0 0 0 0 10 17 16 18 20 17
 2.015000E+02 6 0 0 0 0 0 0 0 0 0 0 0 12 19 20 21 14 12
 2.020000E+02 3 0 0 0 0 0 0 0 0 0 0 0 19 13 20 14 11 13
 2.025000E+02 6 0 0 0 0 0 0 0 0 0 1 0 18 9 22 16 11 9
 2.030000E+02 4 0 0 0 0 0 0 1 0 1 0 0 16 10 22 21 14 14
 2.035000E+02 11 0 0 0 0 0 0 0 0 1 1 0 21 10 17 20 14 12
 2.040000E+02 6 0 0 0 0 0 0 0 0 2 0 0 16 15 19 21 12 16
 2.045000E+02 4 0 0 0 0 0 0 0 0 1 0 1 22 11 13 15 16 18
 2.050000E+02 6 0 0 0 1 0 0 0 0 0 0 0 16 11 10 12 16 20
 2.055000E+02 8 0 0 0 0 0 0 0 0 0 0 1 13 11 17 14 13 16
 2.060000E+02 4 0 0 0 0 0 0 0 0 0 0 0 19 10 17 12 12 13
 2.065000E+02 3 0 0 0 0 0 0 0 0 0 0 0 14 10 10 15 13 15
 2.070000E+02 7 0 0 0 0 0 0 0 0 0 0 0 15 11 15 14 15 15
 2.075000E+02 10 0 0 0 0 0 0 0 0 0 0 0 18 9 19 9 7 18
 2.080000E+02 6 0 0 0 0 0 0 0 0 0 0 0 15 13 23 11 10 17
 2.085000E+02 7 0 0 0 0 0 0 0 0 0 0 0 19 12 20 18 10 8
 2.090000E+02 10 0 0 0 0 0 0 0 0 0 0 0 22 10 18 14 12 8
 2.095000E+02 11 0 0 0 0 0 0 0 0 0 0 0 14 14 22 9 15 11
 2.100000E+02 6 0 0 0 0 0 0 0 0 0 0 0 18 9 14 13 19 11
 2.105000E+02 5 0 0 0 0 0 0 0 0 0 0 0 16 10 21 15 11 20
 2.110000E+02 8 0 0 0 0 0 0 0 0 0 0 0 13 4 16 10 15 22
 2.115000E+02 11 0 0 0 0 0 0 0 0 0 0 0 14 9 16 10 15 18
 2.120000E+02 5 0 0 0 0 0 0 0 0 0 0 0 15 14 15 11 15 17
 2.125000E+02 7 0 0 0 0 0 0 0 0 0 0 0 19 16 15 13 15 11
 2.130000E+02 5 0 0 0 0 0 0 0 0 1 0 0 23 14 13 13 11 11
 2.135000E+02 7 0 0 0 0 0 0 0 0 1 0 0 22 17 11 14 13 16
 2.140000E+02 10 0 0 0 0 0 0 0 0 0 0 0 18 18 9 16 13 14
 2.145000E+02 5 0 0 0 0 0 0 0 0 0 0 0 21 14 12 21 14 12
 2.150000E+02 8 0 0 0 0 0 0 0 0 0 0 0 18 12 12 19 13 10
 2.155000E+02 9 0 0 0 0 0 0 0 0 1 0 0 15 15 12 15 15 10
 2.160000E+02 8 0 0 0 0 0 0 0 0 0 1 0 17 16 17 18 19 15
 2.165000E+02 12 0 0 0 0 0 0 0 0 0 0 0 15 17 17 14 17 15
 2.170000E+02 7 0 0 0 0 0 0 0 0 0 0 0 13 11 16 16 16 15
 2.175000E+02 11 0 0 0 0 0 0 0 0 0 0 0 21 8 16 17 15 15
 2.180000E+02 3 0 0 0 0 0 0 0 0 0 0 0 16 13 16 11 20 17
 2.185000E+02 10 0 0 0 0 0 0 0 0 0 0 0 13 11 18 14 15 16
 2.190000E+02 5 0 0 0 0 0 0 0 0 0 0 0 18 15 15 10 19 12
 2.195000E+02 3 0 0 0 0 0 0 0 0 0 0 0 13 16 16 10 21 18
 2.200000E+02 6 0 0 0 0 0 0 0 0 0 0 0 22 19 14 8 19 15
 2.205000E+02 5 0 0 0 0 0 0 0 0 0 0 0 17 12 11 14 17 17
 2.210000E+02 7 0 0 0 0 0 0 0 0 0 0 0 20 16 10 10 20 14
 2.215000E+02 8 0 0 0 0 0 0 0 0 0 0 0 18 27 11 20 13 16
 2.220000E+02 12 0 0 0 0 0 0 0 0 0 0 0 13 18 8 18 17 20
 2.225000E+02 3 0 0 0 0 0 0 0 0 0 0 0 17 18 12 19 14 18
 2.230000E+02 2 0 0 0 0 0 0 0 0 0 0 0 8 18 13 15 12 19
 2.235000E+02 10 0 0 0 0 0 0 0 0 0 0 0 17 12 14 15 25 19
 2.240000E+02 15 0 0 0 0 0 0 0 0 0 0 0 16 13 15 11 23 16
 2.245000E+02 10 0 0 0 0 0 0 0 0 0 0 0 18 17 17 24 12 17
 2.250000E+02 8 0 0 0 0 0 0 0 0 0 0 0 18 14 23 18 16 19
 2.255000E+02 9 0 0 0 0 0 0 0 0 0 0 0 22 17 17 7 15 16
 2.260000E+02 8 0 0 0 0 0 0 0 0 0 0 0 17 25 11 18 15 11
 2.265000E+02 9 0 0 0 0 0 0 0 0 0 0 0 21 24 12 19 16 9
 2.270000E+02 9 0 0 0 0 0 0 0 0 0 0 0 14 19 9 19 21 12
 2.275000E+02 10 0 0 0 0 0 0 0 0 0 0 0 17 19 11 21 15 19
 2.280000E+02 10 0 0 0 0 0 0 0 0 0 0 0 11 25 11 17 17 17
 2.285000E+02 7 0 0 0 0 0 0 0 0 0 0 0 20 18 13 18 16 17
 2.290000E+02 15 0 0 0 0 0 0 0 0 0 0 0 13 23 13 11 17 19
 2.295000E+02 9 0 0 0 0 0 0 0 0 0 0 0 20 19 10 20 17 21
 2.300000E+02 10 0 0 0 0 0 0 0 0 0 0 0 21 17 12 23 16 13
 2.305000E+02 10 0 0 0 0 0 0 0 0 0 0 0 19 15 14 22 16 18
 2.310000E+02 6 0 0 0 0 0 0 0 0 0 0 0 16 14 23 14 14 16
 2.315000E+02 11 0 0 0 0 0 0 0 0 0 0 0 14 18 15 17 10 19
 2.320000E+02 8 0 0 0 0 0 0 0 0 0 0 0 16 24 7 18 11 26
 2.325000E+02 6 0 0 0 0 0 0 0 0 0 0 0 10 20 14 18 18 16
 2.330000E+02 10 0 0 0 0 0 0 0 0 0 0 0 9 23 14 18 18 13
 2.335000E+02 12 0 0 0 0 0 0 0 0 0 0 0 20 18 13 12 14 14
 2.340000E+02 8 0 0 0 0 0 0 0 0 0 0 0 19 16 19 13 12 18
 2.345000E+02 9 0 0 0 0 0 0 0 0 0 0 0 18 17 15 14 14 18
 2.350000E+02 7 0 0 0 0 0 0 0 0 1 0 0 23 11 17 18 15 14
 2.355000E+02 5 0 0 0 0 0 0 0 0 2 0 0 20 14 12 17 24 13
 2.360000E+02 6 1 0 0 0 0 0 0 0 0 0 0 17 11 10 21 18 16
 2.365000E+02 11 0 0 0 0 0 0 0 0 1 0 0 18 13 13 19 13 16
 2.370000E+02 10 0 0 0 0 0 0 0 0 0 0 0 15 17 14 13 21 14
 2.375000E+02 8 0 0 0 0 0 0 0 0 0 0 0 15 12 11 15 22 16
 2.380000E+02 9 0 0 0 0 0 0 0 0 0 0 0 15 15 16 16 16 23
 2.385000E+02 9 0 0 0 0 0 0 0 0 0 0 0 17 14 18 18 13 22
 2.390000E+02 12 0 0 0 0 0 0 0 0 0 0 0 16 15 22 19 16 27
 2.395000E+02 9 0 0 0 0 0 0 0 0 0 0 0 17 15 21 24 16 19
 2.400000E+02 10 0 0 0 0 0 0 0 0 0 0 0 18 16 17 19 12 11
 2.405000E+02 7 0 0 0 0 0 0 0 0 1 0 0 17 14 19 16 9 17
 2.410000E+02 5 0 0 0 0 0 0 0 0 1 0 0 16 13 15 12 18 16
 2.415000E+02 5 0 0 0 0 0 0 0 0 2 0 0 22 16 19 12 14 13
 2.420000E+02 7 0 0 1 0 0 0 0 0 1 0 0 22 17 19 16 8 16
 2.425000E+02 11 0 0 1 0 0 0 0 0 1 0 0 18 13 19 17 11 17
 2.430000E+02 3 0 0 0 0 0 0 0 0 1 0 0 29 9 14 15 16 18
 2.435000E+02 11 0 0 0 0 0 0 0 0 1 0 0 26 7 14 13 14 17
 2.440000E+02 9 0 0 0 0 0 0 0 0 0 0 0 22 9 14 17 16 17
 2.445000E+02 9 0 0 0 0 0 0 0 0 0 0 0 16 11 15 13 11 15
 2.450000E+02 8 0 0 0 0 0 0 0 0 0 0 0 16 11 17 14 15 18
 2.455000E+02 12 0 0 0 0 0 0 0 0 0 0 0 14 14 15 12 16 20
 2.460000E+02 7 0 0 0 0 0 0 0 0 0 0 0 17 17 20 13 14 19
 2.465000E+02 7 0 0 0 0 0 0 0 0 0 0 0 15 17 19 17 11 18
 2.470000E+02 5 0 0 0 0 0 0 0 0 0 0 0 18 17 14 21 10 15
 2.475000E+02 8 0 0 0 0 0 0 0 0 0 0 0 17 14 13 26 17 14
 2.480000E+02 12 0 0 0 0 0 0 0 0 0 0 0 15 10 20 24 18 9
 2.485000E+02 11 0 0 0 0 0 0 0 0 0 0 0 21 15 14 16 17 18
 2.490000E+02 5 0 0 0 0 0 0 0 0 0 0 0 16 22 9 16 19 16
 2.495000E+02 8 0 0 0 0 0 0 0 0 1 0 0 14 22 18 19 13 18
 2.500000E+02 4 0 0 0 0 0 0 0 0 0 0 0 15 24 17 17 12 22
 2.505000E+02 1047 1 0 2 0 0 0 0 0 1 0 0 0 0 0 0 0 0
 2.510000E+02 1771 0 0 1 0 0 0 1 0 23 1 0 0 0 0 0 0 0
 2.515000E+02 2104 2 0 10 1 0 0 1 0 28 0 0 0 0 0 0 0 0
 2.520000E+02 2138 0 0 8 1 0 0 0 0 38 2 1 0 0 0 0 0 0
 2.525000E+02 927 1 0 5 0 0 0 2 0 32 2 1 0 0 0 0 0 0
 2.530000E+02 395 1 0 5 1 0 0 2 0 23 0 1 0 0 0 0 0 0
 2.535000E+02 206 0 0 3 0 0 0 1 0 19 0 0 1 0 2 0 0 0
 2.540000E+02 103 1 0 4 0 0 0 0 0 9 1 1 1 0 1 3 2 0
 2.545000E+02 1327 0 0 4 0 0 0 1 0 17 0 3 0 0 0 0 0 0
 2.550000E+02 1911 1 0 2 1 0 0 2 0 25 0 0 0 0 0 0 0 0
 2.555000E+02 2132 1 0 3 1 1 0 3 0 29 2 1 0 0 0 0 0 0
 2.560000E+02 2276 1 0 5 0 1 0 4 0 33 2 0 0 0 0 0 0 0
 2.565000E+02 957 2 0 5 0 0 0 3 1 24 0 2 0 0 0 0 0 0
 2.570000E+02 420 1 0 2 0 0 0 1 0 21 3 0 0 1 0 0 1 0
 2.575000E+02 196 0 0 2 0 1 0 2 0 11 2 0 0 0 0 0 0 0
 2.580000E+02 103 0 0 2 0 0 0 1 0 7 0 0 1 0 1 0 1 2
 2.585000E+02 1339 0 0 1 0 0 0 1 0 13 0 0 0 0 0 0 0 0
 2.590000E+02 1942 1 0 1 0 1 0 3 0 22 0 0 0 0 0 0 0 0
 2.595000E+02 2142 0 0 2 0 1 0 3 0 33 0 1 0 0 0 0 0 0
 2.600000E+02 2220 2 0 4 0 1 0 7 0 37 0 0 0 0 0 0 0 0
 2.605000E+02 934 2 0 1 0 0 0 6 0 25 1 2 0 0 0 0 0 0
 2.610000E+02 412 0 0 1 0 1 0 3 0 21 1 1 0 0 0 0 0 0
 2.615000E+02 199 0 0 2 0 1 0 5 0 14 1 0 0 2 0 0 0 0
 2.620000E+02 112 2 0 0 0 0 0 2 0 14 1 0 2 3 1 0 2 2
 2.625000E+02 1358 0 0 0 0 3 0 4 0 17 0 0 0 0 0 0 0 0
 2.630000E+02 1905 0 0 2 0 0 0 4 0 26 0 1 0 0 0 0 0 0
 2.635000E+02 2119 0 0 0 1 2 0 5 0 24 2 0 0 0 0 0 0 0
 2.640000E+02 2188 2 0 2 0 4 1 5 0 25 2 0 1 0 0 0 0 0
 2.645000E+02 937 1 0 0 0 2 0 5 1 35 0 1 0 0 0 0 0 1
 2.650000E+02 437 0 0 0 0 2 0 7 1 19 1 1 0 0 0 0 1 0
 2.655000E+02 200 0 0 1 0 1 0 2 0 16 0 0 0 0 0 1 0 0
 2.660000E+02 105 0 0 0 0 0 0 2 0 11 0 0 4 1 1 1 0 1
 2.665000E+02 1384 1 0 1 0 0 0 1 0 17 1 0 0 0 0 0 0 0
 2.670000E+02 2004 2 0 1 0 1 0 4 0 22 0 0 0 0 0 0 0 0
 2.675000E+02 2206 0 0 2 0 2 0 5 0 27 0 0 0 0 0 0 0 0
 2.680000E+02 2303 0 0 2 0 2 0 8 0 29 1 0 0 0 0 0 0 0
 2.685000E+02 1031 4 0 0 0 1 1 7 1 33 0 0 0 0 0 0 0 0
 2.690000E+02 451 3 0 2 0 1 0 9 0 25 1 1 0 0 0 0 0 0
 2.695000E+02 204 1 0 2 0 1 0 4 0 17 0 0 0 1 0 0 1 0
 2.700000E+02 104 0 0 0 0 0 0 1 0 15 1 0 2 0 0 0 3 1
 2.705000E+02 1528 0 0 0 0 1 0 1 1 15 0 0 0 0 0 0 0 0
 2.710000E+02 1939 0 0 0 0 1 0 3 0 29 1 0 0 0 0 0 0 0
 2.715000E+02 2163 0 0 0 0 2 0 9 0 35 1 0 0 0 0 0 0 0
 2.720000E+02 2174 1 0 4 0 2 0 7 0 42 1 0 0 0 0 0 0 0
 2.725000E+02 936 1 0 2 0 0 0 6 0 39 0 0 0 0 0 0 0 0
 2.730000E+02 390 0 1 3 0 1 0 5 1 26 0 1 0 0 0 0 0 0
 2.735000E+02 184 0 0 1 0 1 0 5 0 13 1 1 1 2 0 0 0 0
 2.740000E+02 95 1 0 1 0 1 0 1 0 8 0 1 2 1 0 1 0 6
 2.745000E+02 1319 0 0 1 0 1 0 1 0 13 0 0 0 0 0 0 0 0
 2.750000E+02 1954 0 0 0 0 1 0 7 0 19 0 0 0 0 0 0 0 0
 2.755000E+02 2224 0 0 1 0 2 0 4 0 29 1 0 0 0 0 0 0 0
 2.760000E+02 2358 2 0 1 0 1 0 2 0 30 0 1 0 0 0 0 0 0
 2.765000E+02 997 1 0 0 0 0 0 6 1 30 0 0 0 0 0 0 0 0
 2.770000E+02 443 1 0 1 0 2 0 3 0 16 2 0 0 0 0 0 0 0
 2.775000E+02 200 0 0 0 0 0 0 0 0 21 0 0 1 0 1 1 0 0
 2.780000E+02 105 0 0 0 0 1 0 1 1 11 0 0 5 2 2 1 2 1
 2.785000E+02 1365 0 0 0 0 0 0 7 0 12 0 1 0 0 0 0 0 0
 2.790000E+02 1895 1 0 1 0 2 0 6 0 18 0 0 0 0 0 0 0 0
 2.795000E+02 2090 0 0 4 0 1 0 7 0 28 0 0 0 0 0 0 0 0
 2.800000E+02 2246 2 0 3 0 4 0 6 0 28 1 1 0 0 0 0 0 0
 2.805000E+02 914 0 0 1 0 5 1 4 0 32 0 1 0 0 0 0 0 0
 2.810000E+02 427 0 0 0 0 0 0 4 0 22 1 1 1 0 0 0 0 1
 2.815000E+02 206 0 0 0 0 2 0 2 0 17 1 0 2 1 0 0 0 0
 2.820000E+02 114 1 0 0 0 0 0 3 0 13 0 1 4 1 1 0 3 0
 2.825000E+02 1337 1 0 1 0 2 0 4 0 10 0 0 0 0 0 0 0 0
 2.830000E+02 1881 2 0 2 0 0 0 9 0 20 1 0 0 0 0 0 0 0
 2.835000E+02 2128 0 0 2 0 1 1 4 0 27 0 1 0 0 0 0 0 0
 2.840000E+02 2241 0 0 1 0 0 0 7 1 37 1 1 0 0 0 0 0 0
 2.845000E+02 956 1 0 1 0 3 0 4 0 29 0 1 0 0 0 0 0 0
 2.850000E+02 416 0 0 0 0 2 0 4 0 22 0 0 0 0 0 0 0 1
 2.855000E+02 173 1 0 0 0 1 0 5 0 13 0 0 1 0 0 1 0 0
 2.860000E+02 95 0 0 0 0 1 0 2 0 10 0 0 4 2 0 3 1 2
 2.865000E+02 1396 0 0 1 0 0 0 3 0 13 1 0 0 0 0 0 0 0
 2.870000E+02 1906 1 0 1 0 2 0 6 0 29 0 0 0 0 0 0 0 0
 2.875000E+02 2111 1 0 0 0 5 0 6 0 31 0 0 0 0 0 0 0 0
 2.880000E+02 2262 1 0 1 0 1 0 4 0 36 0 0 0 0 0 0 0 0
 2.885000E+02 966 3 0 1 0 1 2 6 0 33 0 0 0 0 0 0 0 0
 2.890000E+02 448 0 0 0 0 2 0 5 0 27 1 0 0 0 0 0 1 0
 2.895000E+02 209 0 0 2 0 2 0 2 0 18 0 0 0 0 1 2 1 0
 2.900000E+02 112 2 0 0 0 2 1 3 0 10 0 0 3 2 1 2 1 1
 2.905000E+02 67 0 0 1 0 0 0 3 1 13 0 0 2 4 3 0 3 5
 2.910000E+02 52 0 0 1 0 1 0 2 0 7 0 0 7 7 4 5 6 3
 2.915000E+02 43 0 0 1 0 0 0 1 0 5 0 0 9 7 4 5 9 6
 2.920000E+02 47 0 0 0 0 0 0 0 0 4 0 0 10 12 9 7 6 10
 2.925000E+02 41 0 0 1 0 0 0 0 0 4 0 0 11 8 11 7 14 7
 2.930000E+02 32 0 0 0 0 1 0 1 0 2 0 0 10 8 17 7 12 11
 2.935000E+02 37 0 0 0 0 0 0 0 0 2 0 0 13 12 14 7 9 17
 2.940000E+02 29 0 0 0 0 0 0 0 0 1 0 0 9 15 17 12 11 14
 2.945000E+02 24 0 0 0 0 0 0 0 0 1 0 0 14 22 14 10 10 17
 2.950000E+02 27 0 0 0 0 0 0 0 0 0 1 0 18 12 11 15 16 15
 2.955000E+02 26 0 0 0 0 0 0 0 0 1 0 0 13 13 16 18 16 17
 2.960000E+02 27 0 0 0 0 0 0 0 0 1 0 0 15 19 20 16 18 13
 2.965000E+02 14 0 0 0 0 0 0 0 0 2 0 0 11 18 14 16 16 23
 2.970000E+02 24 0 0 0 0 0 0 0 0 2 0 0 16 12 23 22 17 13
 2.975000E+02 18 0 0 0 0 0 0 0 0 2 0 0 17 19 20 11 14 18
 2.980000E+02 23 0 0 0 0 0 0 1 0 2 0 0 14 20 10 19 22 13
 2.985000E+02 18 0 0 0 0 0 0 0 0 0 0 0 22 19 18 21 18 17
 2.990000E+02 18 0 0 0 0 0 0 0 0 0 0 0 16 18 15 19 19 20
 2.995000E+02 21 0 0 0 0 0 0 0 0 0 0 0 20 25 21 18 14 10
 3.000000E+02 13 0 0 0 0 0 0 0 0 0 0 0 23 20 20 15 23 12
 3.005000E+02 23 0 0 0 0 0 0 0 0 1 0 0 24 18 18 12 19 18
 3.010000E+02 11 0 0 0 0 0 0 0 0 1 0 0 18 18 17 19 23 17
 3.015000E+02 17 0 0 0 0 1 0 0 0 0 0 0 18 21 21 15 18 21
 3.020000E+02 9 0 0 0 0 0 0 0 0 2 0 0 11 23 18 23 17 13
 3.025000E+02 16 0 0 0 0 0 0 1 0 1 0 0 17 24 14 20 24 19
 3.030000E+02 13 0 0 0 0 0 0 0 0 1 0 0 13 18 12 21 15 22
 3.035000E+02 12 0 0 0 0 0 0 0 0 1 0 0 17 25 16 17 28 15
 3.040000E+02 15 0 0 0 0 0 0 0 0 1 0 0 13 24 23 18 24 17
 3.045000E+02 24 0 0 1 0 0 0 0 0 0 0 0 26 15 23 25 30 22
 3.050000E+02 15 0 0 0 0 0 0 0 0 1 0 0 25 23 15 16 18 15
 3.055000E+02 10 0 0 0 0 0 0 0 0 0 0 0 24 24 17 19 21 20
 3.060000E+02 13 0 0 0 0 0 0 0 0 0 0 0 30 15 21 27 15 11
 3.065000E+02 11 0 0 0 0 0 0 0 0 0 0 0 23 16 19 22 16 22
 3.070000E+02 13 0 0 0 0 0 0 0 0 0 0 0 19 23 22 21 15 18
 3.075000E+02 12 0 0 0 0 0 0 0 0 0 0 0 22 14 23 13 20 20
 3.080000E+02 18 0 0 0 0 0 0 0 0 0 0 0 23 17 13 13 16 17
 3.085000E+02 16 0 0 0 0 0 0 1 0 0 0 0 24 17 19 13 17 17
 3.090000E+02 13 0 0 0 0 0 0 1 0 0 0 0 21 11 19 14 19 20
 3.095000E+02 16 0 0 0 0 0 0 0 0 1 0 0 16 18 19 21 30 13
 3.100000E+02 10 0 0 0 0 1 0 0 0 0 0 0 24 17 20 23 17 22
 3.105000E+02 14 0 0 0 0 0 0 0 0 1 0 0 21 15 27 20 14 20
 3.110000E+02 8 0 0 0 0 0 0 0 0 0 0 0 24 16 24 24 22 17
 3.115000E+02 13 0 0 0 0 0 0 0 0 1 0 0 20 16 17 26 19 19
 3.120000E+02 12 0 0 0 0 1 0 0 0 1 0 0 19 25 16 19 23 14
 3.125000E+02 10 0 0 1 0 0 0 0 0 1 0 0 17 27 25 14 18 24
 3.130000E+02 13 0 0 0 0 0 0 1 0 0 0 0 17 24 15 14 17 27
 3.135000E+02 13 0 0 0 0 0 0 0 0 0 0 0 14 17 17 14 21 24
 3.140000E+02 6 0 0 0 0 0 0 0 0 0 0 0 15 17 19 23 30 17
 3.145000E+02 10 0 0 0 0 0 0 0 0 0 0 0 16 18 13 26 27 20
 3.150000E+02 18 0 0 0 0 0 0 0 0 0 0 0 19 17 20 17 23 22
 3.155000E+02 14 0 0 0 0 0 0 0 0 0 0 0 16 22 15 14 15 26
 3.160000E+02 10 0 0 0 0 0 0 0 0 0 0 0 15 20 17 18 24 28
 3.165000E+02 12 0 0 0 0 0 0 0 0 0 0 0 16 21 20 21 23 21
 3.170000E+02 12 0 0 0 0 0 0 0 0 0 0 0 14 20 18 20 18 15
 3.175000E+02 6 0 0 0 0 0 0 0 0 0 0 0 22 14 11 19 23 19
 3.180000E+02 6 0 0 0 0 0 0 0 0 0 0 0 20 16 19 19 21 20
 3.185000E+02 9 0 0 0 0 0 0 0 0 0 0 0 13 18 21 21 20 18
 3.190000E+02 15 0 0 0 0 0 0 0 0 0 0 0 13 19 19 19 20 12
 3.195000E+02 11 0 0 0 0 0 0 0 0 0 0 0 16 19 18 23 15 15
 3.200000E+02 16 0 0 0 0 0 0 0 0 0 0 0 15 13 20 27 21 14
 3.205000E+02 17 0 0 0 0 0 0 0 0 0 0 0 18 21 22 23 18 9
 3.210000E+02 11 0 0 0 0 0 0 0 0 0 0 0 20 18 22 30 19 9
 3.215000E+02 10 0 0 0 0 0 0 0 0 1 0 0 15 19 15 27 22 16
 3.220000E+02 10 0 0 1 0 0 0 0 0 0 0 0 15 12 24 25 18 16
 3.225000E+02 8 0 0 0 0 0 0 0 0 0 0 0 22 17 20 26 16 19
 3.230000E+02 7 0 0 0 0 0 0 0 0 0 0 0 19 17 16 17 22 14
 3.235000E+02 9 0 0 0 0 0 0 0 0 0 0 0 20 19 19 24 18 13
 3.240000E+02 9 0 0 0 0 1 0 0 0 0 0 0 24 19 19 14 16 24
 3.245000E+02 10 0 0 0 0 0 0 0 0 1 0 0 23 16 18 13 13 23
 3.250000E+02 9 0 0 0 0 0 0 0 1 1 0 0 24 16 21 20 17 20
 3.255000E+02 6 0 0 0 0 0 0 0 0 1 0 1 23 20 23 13 13 20
 3.260000E+02 10 0 0 0 0 0 0 0 1 0 0 0 10 21 30 22 14 18
 3.265000E+02 10 0 0 0 0 0 0 0 1 0 0 0 12 23 18 21 19 19
 3.270000E+02 15 0 0 0 0 0 0 0 0 0 0 0 16 15 19 20 18 22
 3.275000E+02 10 0 0 0 0 0 0 0 0 0 0 0 19 13 17 17 24 23
 3.280000E+02 13 0 0 0 0 0 0 0 0 0 0 0 14 17 22 15 23 19
 3.285000E+02 9 0 0 0 0 0 0 0 0 0 0 0 24 22 25 13 20 21
 3.290000E+02 14 0 0 0 0 0 0 0 0 0 0 0 20 16 16 23 12 18
 3.295000E+02 9 0 0 0 0 0 0 0 0 0 0 0 22 23 13 20 22 26
 3.300000E+02 9 0 0 0 0 0 0 0 0 0 0 0 25 16 18 12 16 29
 3.305000E+02 4 0 0 0 0 0 0 0 0 0 0 0 25 19 22 11 15 28
 3.310000E+02 12 0 0 0 0 0 0 0 0 0 0 0 22 19 24 17 13 14
 3.315000E+02 12 0 0 0 0 0 0 0 0 0 0 0 24 15 20 13 20 19
 3.320000E+02 7 0 0 0 0 0 0 0 0 0 0 0 23 16 25 18 17 20
 3.325000E+02 12 0 0 0 0 0 0 0 0 0 0 0 19 20 22 13 20 21
 3.330000E+02 3 0 0 0 0 0 0 0 0 1 0 0 17 19 20 17 19 14
 3.335000E+02 5 0 0 0 0 0 0 0 0 0 0 0 17 20 20 19 24 16
 3.340000E+02 10 0 0 0 0 0 0 0 0 0 0 0 19 20 13 18 20 19
 3.345000E+02 9 0 0 0 0 0 0 0 0 0 0 0 19 15 19 22 22 15
 3.350000E+02 8 0 0 0 0 0 0 0 0 0 0 0 16 16 15 23 16 16
 3.355000E+02 14 0 0 0 0 0 0 0 0 0 0 0 18 17 18 18 15 17
 3.360000E+02 12 0 0 0 0 0 0 0 0 0 0 0 19 16 15 15 10 17
 3.365000E+02 4 0 0 0 0 0 0 0 0 0 0 0 18 17 26 20 12 24
 3.370000E+02 13 0 0 0 0 0 0 0 0 1 0 0 18 25 30 16 14 24
 3.375000E+02 12 0 0 0 0 0 0 0 0 0 0 0 16 20 26 25 14 23
 3.380000E+02 11 0 0 0 0 0 0 0 0 0 0 0 20 22 21 23 13 20
 3.385000E+02 12 0 0 0 0 0 0 0 0 0 0 0 21 17 25 28 16 16
 3.390000E+02 10 0 0 0 0 0 0 0 0 0 0 0 22 19 18 25 18 12
 3.395000E+02 8 0 0 1 0 0 0 0 0 0 0 0 20 22 16 23 14 12
 3.400000E+02 11 0 0 1 0 0 0 0 0 0 0 0 22 19 19 24 16 17
 3.405000E+02 13 0 0 0 0 0 0 0 0 1 0 0 18 15 23 15 17 17
 3.410000E+02 14 0 0 0 0 0 0 0 0 1 0 0 19 20 16 14 14 22
 3.415000E+02 11 0 0 0 0 0 0 1 0 0 0 0 25 15 22 11 13 19
 3.420000E+02 8 0 0 0 0 0 0 0 0 1 0 0 23 13 20 15 13 20
 3.425000E+02 7 0 0 0 0 0 0 0 0 0 0 0 23 8 22 22 18 22
 3.430000E+02 8 0 0 0 0 0 0 0 0 0 0 0 12 19 18 15 25 18
 3.435000E+02 7 0 0 0 0 0 0 0 0 0 0 0 11 16 17 22 22 18
 3.440000E+02 9 0 0 0 0 0 0 0 0 0 0 0 20 14 22 19 23 13
 3.445000E+02 10 0 0 0 0 0 0 0 0 0 0 0 22 13 22 16 22 13
 3.450000E+02 20 0 0 0 0 0 0 0 0 1 0 0 19 23 20 15 14 18
 3.455000E+02 11 0 0 0 0 0 0 0 0 0 0 0 23 26 19 23 18 12
 3.460000E+02 13 0 0 0 0 0 0 0 0 0 0 0 25 22 14 23 18 8
 3.465000E+02 11 0 0 0 0 0 0 0 0 0 0 0 15 17 11 23 25 12
 3.470000E+02 14 0 0 0 0 0 0 0 0 0 0 0 13 17 25 15 21 19
 3.475000E+02 8 0 0 0 0 0 0 0 0 0 0 0 21 20 19 15 18 16
 3.480000E+02 12 0 0 0 0 0 0 0 0 0 0 0 22 17 28 8 22 18
 3.485000E+02 14 0 0 0 0 0 0 0 0 0 0 0 20 11 25 15 17 16
 3.490000E+02 5 0 0 0 0 0 0 1 0 0 0 0 17 18 22 13 14 17
 3.495000E+02 9 0 0 0 0 0 0 0 0 0 0 0 17 18 19 18 19 16
 3.500000E+02 2 0 0 0 0 0 0 0 0 0 0 0 18 26 15 17 20 22
 3.505000E+02 13 0 0 0 0 0 0 0 0 0 0 0 15 18 14 16 20 15
 3.510000E+02 12 0 0 0 0 0 0 0 0 0 0 0 10 24 17 19 13 12
 3.515000E+02 11 0 0 0 0 0 0 0 0 0 0 0 15 26 18 16 18 14
 3.520000E+02 8 0 0 0 0 0 0 0 0 0 0 0 14 14 24 21 27 7
 3.525000E+02 7 0 0 0 0 0 0 0 0 0 0 0 18 14 16 19 28 13
 3.530000E+02 13 0 0 0 0 0 0 0 0 0 0 0 11 18 14 15 21 15
 3.535000E+02 13 0 0 0 0 0 0 0 0 0 0 0 13 14 22 14 14 23
 3.540000E+02 9 0 0 0 0 0 0 0 0 0 0 0 14 16 21 20 16 18
 3.545000E+02 12 0 0 0 0 0 0 1 0 0 0 0 9 26 17 18 18 14
 3.550000E+02 10 0 0 0 0 0 0 0 0 0 0 0 15 20 16 18 16 24
 3.555000E+02 6 0 0 0 0 0 0 0 0 0 0 0 16 17 15 15 18 21
 3.560000E+02 9 0 0 0 0 0 0 0 0 0 0 0 19 20 13 19 20 17
 3.565000E+02 9 0 0 0 0 0 0 0 0 0 0 0 20 20 17 14 20 15
 3.570000E+02 9 0 0 0 0 0 0 0 0 0 0 0 17 17 20 18 21 19
 3.575000E+02 9 0 0 0 0 0 0 0 0 1 0 0 13 20 23 20 18 12
 3.580000E+02 8 0 0 0 0 0 0 0 0 0 0 0 20 20 19 17 19 18
 3.585000E+02 8 0 0 0 0 0 0 0 0 0 0 0 24 16 19 12 15 17
 3.590000E+02 9 0 0 0 0 0 0 0 0 0 0 0 12 16 14 16 14 21
 3.595000E+02 7 0 0 0 0 0 0 0 0 0 0 0 16 20 23 18 19 22
 3.600000E+02 7 0 0 0 0 0 0 0 0 0 0 0 20 11 28 11 13 23
 3.605000E+02 11 0 0 0 0 0 0 0 0 1 0 0 26 17 23 14 16 20
 3.610000E+02 5 0 0 0 0 0 0 0 0 0 0 0 15 14 16 16 16 25
 3.615000E+02 11 0 0 1 0 0 0 0 0 0 0 0 17 15 21 9 18 21
 3.620000E+02 7 0 0 0 0 0 0 0 0 1 0 0 15 22 15 16 15 17
 3.625000E+02 7 0 0 0 0 0 0 1 0 0 0 0 14 15 17 21 16 17
 3.630000E+02 15 0 0 0 0 0 0 0 0 1 0 0 18 20 25 21 15 13
 3.635000E+02 10 0 0 0 0 0 0 1 0 0 0 0 14 24 25 13 13 17
 3.640000E+02 10 1 0 0 0 0 0 0 0 1 0 0 12 16 22 14 18 16
 3.645000E+02 9 0 0 0 0 0 0 0 0 1 0 0 13 13 19 17 25 11
 3.650000E+02 8 0 0 0 0 0 0 0 0 0 0 0 13 11 19 20 26 13
 3.655000E+02 11 0 0 0 0 0 0 0 0 0 0 0 19 10 22 13 27 16
 3.660000E+02 10 0 0 0 0 0 0 0 0 0 0 0 21 13 24 6 20 17
 3.665000E+02 11 0 0 0 0 0 0 0 0 0 0 0 17 15 14 18 21 18
 3.670000E+02 7 0 0 1 0 0 0 0 0 0 0 0 19 18 15 20 23 18
 3.675000E+02 9 0 0 0 0 0 0 0 0 0 0 0 17 16 19 16 19 20
 3.680000E+02 10 0 0 0 0 0 0 0 0 0 0 0 23 17 16 13 22 15
 3.685000E+02 11 0 0 0 0 0 0 0 0 0 0 0 16 19 16 9 24 20
 3.690000E+02 12 0 0 0 0 0 0 0 0 0 0 0 15 13 17 14 16 27
 3.695000E+02 14 0 0 0 0 0 0 0 0 0 0 0 20 14 15 13 12 25
 3.700000E+02 12 0 0 0 0 0 0 0 0 0 0 0 21 10 21 14 21 24
 3.705000E+02 16 0 0 0 0 0 0 0 0 0 0 0 16 11 21 15 13 15
 3.710000E+02 9 0 0 0 0 0 0 0 0 0 0 0 15 18 26 19 17 19
 3.715000E+02 8 0 0 0 0 0 0 0 0 0 0 0 15 19 28 19 25 18
 3.720000E+02 10 0 0 0 0 0 0 0 0 0 0 0 20 25 21 17 16 15
 3.725000E+02 11 0 0 0 0 0 0 0 0 0 0 0 20 20 18 16 19 9
 3.730000E+02 12 0 0 0 0 0 0 0 0 0 0 0 22 17 14 15 27 10
 3.735000E+02 10 0 0 0 0 0 0 1 0 0 0 0 17 19 13 26 17 17
 3.740000E+02 8 0 0 0 0 0 0 0 0 0 0 0 16 17 16 22 15 24
 3.745000E+02 11 0 0 0 0 0 0 0 0 0 0 0 30 12 18 18 11 16
 3.750000E+02 9 0 0 0 0 0 0 0 0 0 0 0 20 14 20 18 14 16
 3.755000E+02 14 0 0 0 0 0 0 0 0 0 0 0 12 22 18 23 16 17
 3.760000E+02 10 0 0 0 0 0 0 0 0 0 0 0 13 19 11 17 25 19
 3.765000E+02 10 0 0 0 0 0 0 0 0 0 0 0 19 12 15 21 15 23
 3.770000E+02 12 0 0 0 0 0 0 0 0 0 0 0 16 15 20 18 14 23
 3.775000E+02 12 0 0 0 0 0 0 0 0 0 0 0 12 21 22 18 20 20
 3.780000E+02 12 0 0 0 0 0 0 0 0 0 0 0 12 16 18 17 21 18
 3.785000E+02 5 0 0 0 0 0 0 0 0 0 0 0 22 16 17 20 14 20
 3.790000E+02 7 0 0 0 0 0 0 0 0 0 0 0 17 18 13 16 16 19
 3.795000E+02 7 0 0 0 0 0 0 0 0 0 0 0 21 11 19 21 12 17
 3.800000E+02 8 0 0 0 0 0 0 0 0 0 0 0 25 12 18 22 15 20
 3.805000E+02 8 0 0 0 0 0 0 0 0 0 0 0 23 23 13 21 20 22
 3.810000E+02 13 0 0 0 0 0 0 0 0 0 0 0 12 14 16 27 19 11
 3.815000E+02 8 0 0 0 0 0 0 0 0 0 0 0 10 22 11 20 22 14
 3.820000E+02 8 0 0 0 0 0 0 0 0 0 0 0 16 19 16 15 33 17
 3.825000E+02 9 0 0 0 0 0 0 0 0 0 0 0 12 13 21 12 22 13
 3.830000E+02 8 0 0 0 0 0 0 0 0 0 0 0 17 15 16 13 25 19
 3.835000E+02 3 0 0 0 0 0 0 0 0 1 0 0 16 19 18 16 23 23
 3.840000E+02 6 0 0 0 0 0 0 0 0 1 0 0 12 20 19 11 13 18
 3.845000E+02 11 0 0 0 0 0 0 0 0 0 0 0 13 19 19 17 16 16
 3.850000E+02 6 0 0 0 0 0 0 0 0 0 0 0 13 19 16 22 21 15
 3.855000E+02 12 0 0 0 0 0 0 0 0 0 0 0 16 21 16 24 15 17
 3.860000E+02 13 0 0 0 0 0 0 0 0 0 0 0 13 12 20 21 20 16
 3.865000E+02 13 0 0 0 0 0 0 0 0 0 0 0 15 22 19 21 18 19
 3.870000E+02 16 0 0 0 0 0 0 0 0 0 0 0 14 17 15 20 21 20
 3.875000E+02 8 0 0 0 0 0 0 0 0 0 0 0 16 20 13 20 16 21
 3.880000E+02 10 0 0 0 0 0 0 1 0 0 0 0 13 20 17 22 18 21
 3.885000E+02 12 0 0 0 0 0 0 0 0 1 0 0 12 18 21 25 18 23
 3.890000E+02 10 0 0 0 0 0 0 0 0 0 0 0 13 13 14 24 18 26
 3.895000E+02 10 0 0 0 0 0 0 0 0 0 0 0 11 17 17 21 17 24
 3.900000E+02 8 0 0 0 0 0 0 0 0 0 0 0 19 21 17 25 20 18
 3.905000E+02 10 0 0 0 0 0 0 0 0 0 0 0 20 19 19 19 18 18
 3.910000E+02 10 0 0 0 0 0 0 0 0 0 0 0 24 9 21 15 24 16
 3.915000E+02 13 0 0 0 0 0 0 0 0 0 0 0 20 13 23 17 15 13
 3.920000E+02 12 0 0 0 0 0 0 0 0 0 0 0 20 12 16 18 12 12
 3.925000E+02 12 0 0 0 0 0 0 0 0 0 0 0 25 12 16 16 13 15
 3.930000E+02 13 0 0 0 0 0 0 0 0 0 0 0 20 13 17 24 23 18
 3.935000E+02 8 0 0 0 0 0 0 0 0 0 0 0 20 16 18 12 21 16
 3.940000E+02 11 0 0 0 0 0 0 0 0 0 0 0 18 13 14 11 16 19
 3.945000E+02 6 0 0 0 0 0 0 0 0 0 0 0 18 20 16 10 16 19
 3.950000E+02 10 0 0 0 0 0 0 0 0 1 0 0 18 17 13 16 16 18
 3.955000E+02 9 0 0 0 0 0 0 0 0 1 0 0 9 17 11 15 20 16
 3.960000E+02 9 0 0 0 0 0 0 0 0 1 0 0 12 23 14 18 23 16
 3.965000E+02 9 0 0 0 0 0 0 0 0 1 0 0 16 19 15 24 22 16
 3.970000E+02 10 0 0 1 0 0 0 0 0 0 0 0 21 17 12 26 15 15
 3.975000E+02 8 0 0 0 0 0 0 0 0 0 0 0 23 12 15 21 16 19
 3.980000E+02 9 0 0 0 0 0 0 0 0 1 0 0 23 13 14 15 16 18
 3.985000E+02 15 0 0 0 0 0 0 0 0 0 0 0 21 10 16 16 21 17
 3.990000E+02 9 0 0 0 0 0 0 0 0 0 0 0 21 16 19 12 21 16
 3.995000E+02 4 0 0 0 0 0 0 0 0 0 0 0 18 12 19 19 14 16
 4.000000E+02 12 0 0 0 0 0 0 0 0 1 0 0 14 17 23 20 12 13
 4.005000E+02 9 0 0 0 0 0 0 0 0 1 0 0 13 13 19 17 17 19
 4.010000E+02 5 0 0 0 0 0 0 0 0 1 0 0 20 15 17 17 17 18
 4.015000E+02 5 0 0 0 0 0 0 0 0 1 0 0 28 14 19 16 16 19
 4.020000E+02 7 0 0 0 0 0 0 0 0 0 0 0 18 12 15 19 21 22
 4.025000E+02 6 0 0 0 0 0 0 0 0 0 0 0 17 5 20 19 16 25
 4.030000E+02 6 0 0 0 0 0 0 0 0 0 0 0 18 14 20 19 19 22
 4.035000E+02 11 0 0 0 0 0 0 0 0 0 0 0 21 16 9 17 11 24
 4.040000E+02 12 0 0 0 0 0 0 0 0 0 0 0 14 15 16 24 17 20
 4.045000E+02 10 0 0 0 0 0 0 0 0 0 0 0 18 12 22 18 15 24
 4.050000E+02 14 0 0 0 0 0 0 0 0 0 0 0 20 10 20 14 17 20
 4.055000E+02 7 0 0 0 0 0 0 0 0 0 0 0 13 13 19 14 12 19
 4.060000E+02 14 0 0 0 0 0 0 0 0 0 0 0 20 17 20 13 15 19
 4.065000E+02 10 1 0 0 0 0 0 0 0 1 0 0 15 13 19 16 14 21
 4.070000E+02 7 0 0 2 0 0 0 0 0 0 0 0 18 13 16 23 16 22
 4.075000E+02 13 0 0 0 0 0 0 0 0 0 0 0 10 14 21 17 17 17
 4.080000E+02 4 0 0 0 0 0 0 0 0 0 0 0 13 14 24 18 18 22
 4.085000E+02 12 0 0 0 0 0 0 0 0 0 0 0 14 15 22 18 14 17
 4.090000E+02 12 0 0 0 0 0 0 0 0 0 0 0 15 12 25 17 18 17
 4.095000E+02 5 0 0 0 0 0 0 0 0 0 0 0 16 14 18 16 14 21
 4.100000E+02 14 0 0 0 0 0 0 0 0 0 0 0 16 17 11 16 14 24
 4.105000E+02 13 0 0 0 0 0 0 0 0 0 0 0 11 17 13 20 20 12
 4.110000E+02 8 0 0 0 0 0 0 0 0 0 0 0 16 15 11 22 12 21
 4.115000E+02 11 0 0 0 0 0 0 0 0 0 0 0 14 13 15 20 15 16
 4.120000E+02 6 0 0 0 0 0 0 0 0 0 0 0 17 21 16 23 14 20
 4.125000E+02 6 0 0 0 0 0 0 0 0 0 0 0 17 24 18 14 16 12
 4.130000E+02 10 0 0 0 0 0 0 0 0 0 0 0 17 13 18 21 21 16
 4.135000E+02 6 0 0 0 0 0 0 0 0 0 0 0 20 19 12 21 13 22
 4.140000E+02 11 0 0 0 0 0 0 0 0 0 0 0 23 18 12 18 15 14
 4.145000E+02 7 0 0 0 0 0 0 0 0 0 0 0 19 16 17 13 18 20
 4.150000E+02 4 0 0 0 0 0 0 0 0 0 0 0 14 17 12 15 14 19
 4.155000E+02 6 0 0 0 0 0 0 0 0 0 0 0 18 17 15 15 16 24
 4.160000E+02 9 0 0 0 0 0 0 0 0 0 0 0 12 16 17 19 19 21
 4.165000E+02 4 0 0 0 0 0 0 0 0 0 0 0 14 13 13 20 23 17
 4.170000E+02 10 0 0 0 0 0 0 0 0 0 0 0 16 10 15 15 19 19
 4.175000E+02 8 0 0 0 0 0 0 0 0 0 0 0 14 18 15 23 21 13
 4.180000E+02 10 0 0 0 0 0 0 0 0 0 0 0 11 14 21 14 21 19
 4.185000E+02 8 0 0 0 0 0 0 0 0 0 0 0 15 12 18 15 18 19
 4.190000E+02 8 0 0 0 0 0 0 0 0 0 0 0 19 16 19 15 13 16
 4.195000E+02 6 0 0 0 0 0 0 0 0 0 0 0 17 24 13 22 12 15
 4.200000E+02 5 0 0 0 0 0 0 0 0 0 0 0 14 21 15 19 13 11
 4.205000E+02 9 0 0 0 0 0 0 0 0 0 0 0 19 14 17 16 17 12
 4.210000E+02 7 0 0 0 0 0 0 0 0 0 0 0 20 17 15 9 19 18
 4.215000E+02 6 0 0 0 0 0 0 0 0 0 0 0 17 19 15 13 13 21
 4.220000E+02 9 0 0 0 0 0 0 0 0 0 0 0 15 21 19 11 21 18
 4.225000E+02 6 0 0 0 0 0 0 0 0 0 0 0 20 18 19 14 21 15
 4.230000E+02 7 0 0 0 0 0 0 0 0 0 0 0 17 17 10 16 16 17
 4.235000E+02 7 0 0 0 0 0 0 0 0 0 0 0 22 17 10 22 20 12
 4.240000E+02 10 0 0 0 0 0 0 0 0 0 0 0 23 18 18 18 18 14
 4.245000E+02 3 0 0 0 0 0 0 0 0 0 0 0 13 19 13 20 16 19
 4.250000E+02 8 0 0 0 0 0 0 0 0 0 0 0 15 20 18 17 15 19
 4.255000E+02 6 0 0 0 0 0 0 0 0 0 0 0 16 21 18 18 9 19
 4.260000E+02 9 0 0 0 0 0 0 0 0 0 0 0 12 18 24 20 9 23
 4.265000E+02 9 0 0 0 0 0 0 0 0 0 0 0 16 16 23 15 20 16
 4.270000E+02 11 0 0 0 0 0 0 0 0 0 0 0 10 15 23 25 18 14
 4.275000E+02 6 0 0 0 0 0 0 0 0 0 0 0 19 15 18 19 17 16
 4.280000E+02 8 0 0 0 0 0 0 0 0 0 0 0 20 14 21 19 13 22
 4.285000E+02 7 0 0 0 0 0 0 0 0 0 0 0 14 18 22 17 15 23
 4.290000E+02 8 0 0 0 0 0 0 0 0 0 0 0 17 23 21 15 24 21
 4.295000E+02 8 0 0 0 0 0 0 0 0 0 0 0 11 17 16 17 23 18
 4.300000E+02 9 0 0 0 0 0 0 0 0 0 0 0 12 21 20 17 13 16
 4.305000E+02 16 0 0 0 0 0 0 0 0 0 0 0 14 14 14 14 17 22
 4.310000E+02 6 0 0 0 0 0 0 0 0 0 0 0 17 14 16 21 17 22
 4.315000E+02 10 0 0 0 0 0 0 0 0 0 0 0 15 12 17 14 20 27
 4.320000E+02 5 0 0 0 0 0 0 0 0 1 0 0 19 13 15 12 18 17
 4.325000E+02 8 0 0 0 0 0 0 0 0 1 0 0 17 12 12 15 18 22
 4.330000E+02 9 0 0 0 0 0 0 0 0 1 0 0 19 8 13 16 25 26
 4.335000E+02 14 0 0 0 0 0 0 0 0 1 0 0 15 15 16 21 15 17
 4.340000E+02 8 0 0 0 0 0 0 0 0 1 0 0 14 21 11 20 16 24
 4.345000E+02 16 0 0 0 0 0 0 0 0 1 0 0 20 19 11 17 18 24
 4.350000E+02 7 0 0 0 0 1 0 0 0 0 0 0 22 22 15 10 15 20
 4.355000E+02 7 0 0 0 0 0 0 0 0 1 0 0 23 15 17 12 16 18
 4.360000E+02 10 0 0 0 0 0 0 0 0 1 0 0 18 20 17 14 21 13
 4.365000E+02 13 0 0 0 0 0 0 0 0 1 0 0 21 23 17 8 18 19
 4.370000E+02 13 0 0 0 0 0 0 2 0 0 0 0 26 17 18 16 18 12
 4.375000E+02 5 0 0 0 0 0 0 0 0 1 0 0 19 26 19 14 23 16
 4.380000E+02 13 0 0 0 0 0 0 0 0 1 0 0 17 19 9 12 20 14
 4.385000E+02 9 0 0 0 0 0 0 0 0 1 0 0 14 19 20 19 14 15
 4.390000E+02 11 0 0 0 0 0 0 1 0 0 0 0 13 23 16 20 14 18
 4.395000E+02 10 0 0 0 0 0 0 0 0 0 0 0 19 16 13 16 20 20
 4.400000E+02 17 0 0 0 0 0 0 0 0 0 0 0 15 19 20 18 15 17
 4.405000E+02 2 0 0 0 0 0 0 0 0 0 0 0 13 13 16 23 15 25
 4.410000E+02 11 0 0 0 0 0 0 0 0 0 0 0 14 17 14 24 15 17
 4.415000E+02 12 0 0 0 0 0 0 0 0 0 0 0 17 19 16 22 21 8
 4.420000E+02 17 0 0 0 0 0 0 0 0 0 0 0 19 17 12 18 21 13
 4.425000E+02 9 0 0 0 0 0 0 0 0 0 0 0 18 25 12 24 18 13
 4.430000E+02 8 0 0 0 0 0 0 0 0 0 0 0 21 23 14 19 18 13
 4.435000E+02 8 0 0 0 0 0 0 0 0 0 0 0 19 22 13 19 21 11
 4.440000E+02 12 0 0 0 0 0 0 0 0 0 0 0 14 27 24 12 16 14
 4.445000E+02 11 0 0 0 0 0 0 0 0 0 0 0 17 20 18 16 17 22
 4.450000E+02 11 0 0 0 0 0 0 0 0 0 0 0 20 20 17 16 22 18
 4.455000E+02 9 0 0 0 0 0 0 0 0 0 0 0 16 18 13 17 13 23
 4.460000E+02 14 0 0 0 0 0 0 0 0 0 0 0 12 25 18 16 17 13
 4.465000E+02 14 0 0 0 0 0 0 0 0 0 0 0 15 28 14 20 15 13
 4.470000E+02 13 0 0 0 0 0 0 1 0 0 0 0 11 23 21 20 16 17
 4.475000E+02 12 0 0 0 0 0 0 0 0 1 0 0 16 19 19 15 19 17
 4.480000E+02 13 0 0 0 0 0 0 0 0 1 0 0 11 19 19 16 24 15
 4.485000E+02 14 0 0 0 0 0 0 0 0 2 0 0 11 16 18 11 20 17
 4.490000E+02 4 0 0 0 0 0 0 1 0 0 0 0 17 23 18 16 19 12
 4.495000E+02 10 0 0 0 0 0 0 0 0 1 0 0 7 21 24 16 22 13
 4.500000E+02 7 0 0 0 0 0 0 0 0 0 0 0 16 21 21 17 11 15
 4.505000E+02 13 0 0 0 0 0 0 0 0 0 0 0 13 17 17 17 19 16
 4.510000E+02 5 0 0 0 0 0 0 0 0 0 0 0 20 19 19 18 14 16
 4.515000E+02 12 0 0 0 0 0 0 0 0 0 0 0 12 20 18 18 15 13
 4.520000E+02 9 0 0 0 0 0 0 0 0 0 0 0 13 27 8 18 17 20
 4.525000E+02 6 0 0 0 0 0 0 0 0 0 0 0 12 34 12 8 22 21
 4.530000E+02 15 0 0 0 0 0 0 0 0 0 0 0 5 16 16 19 24 20
 4.535000E+02 8 0 0 0 0 0 0 0 0 1 0 0 9 21 14 17 20 23
 4.540000E+02 5 0 0 0 0 0 0 0 0 0 0 0 16 22 13 19 18 27
 4.545000E+02 11 0 0 0 0 0 0 0 0 0 0 0 13 21 17 13 19 26
 4.550000E+02 8 0 0 0 0 0 0 0 0 0 0 0 14 19 17 14 19 24
 4.555000E+02 6 0 0 0 0 0 0 0 0 0 0 0 5 15 18 12 17 20
 4.560000E+02 10 0 0 0 0 0 0 0 0 2 0 0 17 21 13 21 21 14
 4.565000E+02 11 0 0 0 0 1 0 0 0 2 0 0 15 19 16 19 20 13
 4.570000E+02 12 0 0 0 0 0 0 0 0 1 0 0 14 19 15 20 17 14
 4.575000E+02 9 0 0 0 0 0 0 0 0 0 0 0 16 21 21 16 18 17
 4.580000E+02 12 0 0 0 0 0 0 0 0 0 0 0 14 19 25 13 12 18
 4.585000E+02 7 0 0 0 0 0 0 1 0 0 0 0 21 18 16 11 14 25
 4.590000E+02 11 0 0 1 0 0 0 0 0 0 0 0 17 16 16 15 18 20
 4.595000E+02 10 0 0 0 0 0 0 0 0 1 0 0 11 20 22 19 14 19
 4.600000E+02 8 0 0 0 0 0 0 0 0 1 0 0 15 19 21 18 19 25
 4.605000E+02 13 0 0 0 0 0 0 1 0 1 0 0 12 18 22 15 19 16
 4.610000E+02 6 0 0 0 0 0 0 0 0 1 0 0 18 17 24 13 14 19
 4.615000E+02 14 0 0 0 0 0 0 1 0 0 0 0 23 13 24 11 17 22
 4.620000E+02 8 0 0 0 0 0 0 1 0 0 0 0 18 16 23 17 13 25
 4.625000E+02 17 0 0 0 0 0 0 0 0 1 0 0 16 21 25 18 10 24
 4.630000E+02 7 0 0 0 0 0 0 0 0 0 0 0 17 19 18 19 14 15
 4.635000E+02 8 0 0 1 0 0 0 0 0 0 0 0 17 14 21 15 16 19
 4.640000E+02 8 0 0 0 0 0 0 0 0 0 0 0 4 19 24 14 16 17
 4.645000E+02 6 0 0 0 0 0 0 0 0 0 0 0 10 20 20 17 18 17
 4.650000E+02 15 0 0 0 0 0 0 0 0 0 0 0 11 16 18 26 20 13
 4.655000E+02 17 0 0 0 0 0 0 0 0 0 0 0 15 16 16 21 20 16
 4.660000E+02 8 0 0 0 0 0 0 1 0 0 0 0 15 13 21 16 20 17
 4.665000E+02 10 0 0 1 0 0 0 0 0 1 0 0 18 14 23 16 20 14
 4.670000E+02 13 0 0 0 0 0 0 0 0 2 0 0 20 12 16 21 22 11
 4.675000E+02 9 0 0 0 0 0 0 0 0 1 0 0 13 15 17 17 23 12
 4.680000E+02 10 0 0 0 0 0 0 0 0 1 0 0 22 17 21 16 16 14
 4.685000E+02 3 0 0 0 0 0 0 1 0 0 0 0 16 16 22 17 12 17
 4.690000E+02 5 0 0 0 0 0 0 0 0 0 0 0 17 14 18 22 20 11
 4.695000E+02 7 0 0 0 0 0 0 0 0 0 0 0 17 17 20 15 15 10
 4.700000E+02 7 0 0 0 0 0 0 0 0 0 0 0 15 16 19 12 15 19
 4.705000E+02 9 0 0 0 0 0 0 0 0 0 0 0 19 18 17 18 14 23
 4.710000E+02 8 0 0 0 0 0 0 0 0 0 0 0 20 14 13 13 20 21
 4.715000E+02 13 0 0 0 0 0 0 1 0 1 0 0 16 16 22 12 16 16
 4.720000E+02 8 0 0 0 0 0 0 0 0 2 0 0 17 18 21 17 19 15
 4.725000E+02 14 0 0 0 0 0 0 0 0 0 0 0 21 13 24 12 17 20
 4.730000E+02 10 0 0 0 0 0 0 0 0 0 0 0 20 11 21 19 12 17
 4.735000E+02 6 0 0 0 0 0 0 0 0 0 0 0 16 9 18 15 19 19
 4.740000E+02 12 0 0 0 0 0 0 0 0 0 0 0 24 8 26 15 16 24
 4.745000E+02 8 0 0 0 0 0 0 0 0 0 0 0 16 13 20 22 21 20
 4.750000E+02 12 0 0 0 0 0 0 0 0 0 0 0 19 15 23 20 20 16
 4.755000E+02 16 0 0 0 0 0 0 0 0 0 0 0 23 20 24 20 19 11
 4.760000E+02 12 0 0 0 0 0 0 0 0 0 0 0 18 25 21 18 16 15
 4.765000E+02 11 0 0 0 0 0 0 0 0 0 0 0 20 16 18 19 17 21
 4.770000E+02 14 0 0 0 0 0 0 0 0 0 0 0 25 13 17 16 17 17
 4.775000E+02 8 0 0 0 0 0 0 0 0 0 0 0 17 15 20 23 24 18
 4.780000E+02 9 0 0 0 0 0 0 0 0 0 0 0 22 18 21 17 19 10
 4.785000E+02 10 0 0 0 0 0 0 0 0 0 0 0 11 23 20 15 27 17
 4.790000E+02 6 0 0 0 0 0 0 0 0 0 0 0 14 16 19 13 19 19
 4.795000E+02 16 0 0 0 0 0 0 0 0 1 0 0 17 21 24 12 18 16
 4.800000E+02 13 0 0 0 0 0 0 0 0 1 0 0 20 18 21 18 12 22
 4.805000E+02 8 0 0 0 0 0 0 0 0 0 0 0 20 23 23 13 17 14
 4.810000E+02 9 0 0 0 0 0 0 0 0 0 0 0 20 22 18 20 20 12
 4.815000E+02 9 0 0 0 0 0 0 0 0 0 0 0 21 17 18 16 22 16
 4.820000E+02 14 0 0 0 0 0 0 0 0 1 0 0 16 17 18 21 20 19
 4.825000E+02 17 0 0 0 0 0 0 0 0 2 0 0 12 18 18 21 11 18
 4.830000E+02 5 0 0 0 0 0 0 1 0 1 0 0 16 20 21 17 17 24
 4.835000E+02 15 0 0 0 0 0 0 0 0 2 0 0 22 19 17 22 15 18
 4.840000E+02 7 0 0 0 0 0 0 0 0 0 1 0 16 21 10 19 20 27
 4.845000E+02 15 0 0 0 0 0 0 0 0 1 0 0 14 22 17 17 13 23
 4.850000E+02 7 0 0 0 0 0 0 0 0 1 0 0 14 22 17 17 15 17
 4.855000E+02 12 0 0 0 0 0 0 0 0 0 0 0 12 26 22 18 22 12
 4.860000E+02 7 0 0 0 0 0 0 0 0 0 0 0 13 18 27 13 19 11
 4.865000E+02 7 0 0 0 0 0 0 0 0 0 0 0 20 24 30 11 17 15
 4.870000E+02 11 0 0 0 0 0 0 0 0 0 0 0 15 21 23 14 26 19
 4.875000E+02 5 0 0 0 0 0 0 0 0 0 0 0 21 18 19 14 22 19
 4.880000E+02 9 0 0 0 0 0 0 0 0 0 0 0 17 20 19 12 22 13
 4.885000E+02 11 0 0 0 0 0 0 0 0 0 0 0 16 20 15 25 17 11
 4.890000E+02 5 0 0 0 0 0 0 0 0 1 0 0 14 28 17 24 16 11
 4.895000E+02 17 0 0 0 0 0 0 0 0 1 0 0 24 14 17 14 18 15
 4.900000E+02 13 0 0 0 0 0 0 0 0 0 0 0 19 18 15 18 14 17
 4.905000E+02 11 0 0 0 0 0 0 1 0 0 0 0 21 13 24 21 21 13
 4.910000E+02 8 0 0 0 0 0 0 0 0 2 0 0 19 19 19 16 21 13
 4.915000E+02 8 0 0 0 0 0 0 0 0 2 0 0 14 13 19 21 24 15
 4.920000E+02 11 0 0 0 0 0 0 0 0 1 0 0 15 18 25 13 21 17
 4.925000E+02 11 0 0 0 0 0 0 0 0 1 0 0 14 14 17 24 21 21
 4.930000E+02 8 0 0 0 0 0 0 0 0 1 0 0 13 22 20 13 22 17
 4.935000E+02 14 0 0 0 0 0 0 0 0 1 0 0 17 15 22 12 21 18
 4.940000E+02 10 0 0 0 0 0 0 0 0 1 0 0 20 17 20 16 20 27
 4.945000E+02 9 0 0 0 0 0 0 0 0 1 0 0 11 21 20 22 21 24
 4.950000E+02 17 0 0 1 0 0 0 0 0 0 0 0 21 20 22 14 22 15
 4.955000E+02 2 0 0 0 0 0 0 0 0 0 0 0 13 25 21 17 22 19
 4.960000E+02 5 0 0 0 0 0 0 0 0 0 0 0 14 21 16 24 13 23
 4.965000E+02 10 0 0 0 0 0 0 0 0 0 0 0 18 24 16 20 15 27
 4.970000E+02 10 0 0 0 0 0 0 0 0 0 0 0 19 14 19 24 12 17
 4.975000E+02 7 0 0 0 0 0 0 0 0 0 0 0 15 16 20 21 20 26
 4.980000E+02 11 0 0 0 0 0 0 0 0 0 0 0 13 18 17 21 19 16
 4.985000E+02 19 0 0 0 0 0 0 0 0 0 0 0 13 14 25 13 24 19
 4.990000E+02 14 0 0 0 0 0 0 0 0 0 0 0 18 14 21 13 25 12
 4.995000E+02 11 0 0 0 0 0 0 0 0 0 0 0 20 12 20 8 20 11
 5.000000E+02 13 0 0 0 0 0 0 0 0 0 0 0 25 12 22 13 17 18
 5.005000E+02 10 0 0 0 0 0 0 0 0 0 0 0 22 10 22 18 15 16
 5.010000E+02 10 0 0 0 0 0 0 0 0 0 0 0 27 16 23 16 12 19
 5.015000E+02 9 0 0 0 0 0 0 0 0 1 0 0 16 18 23 17 14 28
 5.020000E+02 12 0 0 0 0 0 0 0 0 1 0 0 24 19 22 15 14 23
 5.025000E+02 13 0 0 0 0 0 0 0 0 1 0 0 20 13 17 11 20 18
 5.030000E+02 11 0 0 0 0 0 0 0 0 0 0 0 17 17 17 8 22 23
 5.035000E+02 12 0 0 0 0 0 0 0 0 1 0 0 21 14 22 16 20 16
 5.040000E+02 6 0 0 1 0 0 0 0 0 0 0 0 20 18 22 12 22 19
 5.045000E+02 6 0 0 0 0 0 0 0 0 1 0 0 18 18 20 10 25 21
 5.050000E+02 11 0 0 0 0 0 0 1 0 0 0 0 21 15 18 12 18 24
 5.055000E+02 7 0 0 0 0 0 0 0 0 0 0 0 19 19 18 13 17 21
 5.060000E+02 11 0 0 0 0 0 0 0 0 1 0 0 21 19 19 15 10 15
 5.065000E+02 9 0 0 0 0 0 0 0 0 1 0 0 23 16 24 15 19 21
 5.070000E+02 7 0 0 0 0 0 0 1 0 0 0 0 18 21 21 20 16 20
 5.075000E+02 11 0 0 0 0 0 0 0 0 1 0 0 19 25 15 25 10 18
 5.080000E+02 10 0 0 0 0 0 0 0 0 0 0 0 20 23 15 15 14 17
 5.085000E+02 12 0 0 0 0 0 0 0 0 0 0 0 15 19 23 19 18 12
 5.090000E+02 9 0 0 0 0 0 0 0 0 0 0 0 19 20 16 13 21 17
 5.095000E+02 10 0 0 0 0 0 0 0 0 0 0 0 17 16 14 20 29 17
 5.100000E+02 5 0 0 0 0 0 0 0 0 0 0 0 21 16 15 20 17 29
 5.105000E+02 12 0 0 0 0 0 0 0 0 0 0 0 17 15 10 26 12 21
 5.110000E+02 11 0 0 0 0 0 0 0 0 0 0 0 18 17 15 20 14 17
 5.115000E+02 11 0 0 0 0 0 0 0 0 0 0 0 18 20 18 18 18 15
 5.120000E+02 12 0 0 0 0 0 0 0 0 0 0 0 14 15 21 25 23 23
 5.125000E+02 12 0 0 0 0 0 0 0 0 1 0 0 18 14 23 20 22 17
 5.130000E+02 6 0 0 0 0 0 0 1 0 0 0 0 24 14 20 17 19 21
 5.135000E+02 6 0 0 0 0 0 0 0 0 0 1 0 24 19 16 23 22 11
 5.140000E+02 12 0 0 0 0 0 0 0 0 1 0 0 19 23 19 26 21 16
 5.145000E+02 7 0 0 1 0 0 0 0 0 0 0 0 28 17 14 19 22 20
 5.150000E+02 16 0 0 0 0 0 0 0 0 0 0 0 19 15 14 20 16 22
 5.155000E+02 11 0 0 0 0 0 0 0 0 0 0 0 22 16 16 16 16 18
 5.160000E+02 8 0 0 0 0 0 0 0 0 0 0 0 23 19 21 11 19 14
 5.165000E+02 11 0 0 0 0 0 0 0 0 0 0 0 15 13 18 17 18 19
 5.170000E+02 10 0 0 0 0 0 0 0 0 0 0 0 15 16 13 15 23 24
 5.175000E+02 5 0 0 0 0 0 0 0 0 0 0 0 18 18 18 10 17 22
 5.180000E+02 13 0 0 0 0 0 0 0 0 0 0 0 14 17 17 12 15 18
 5.185000E+02 11 0 0 0 0 0 0 0 0 0 0 0 20 19 15 18 19 20
 5.190000E+02 14 0 0 0 0 0 0 0 0 0 0 0 15 20 20 14 11 17
 5.195000E+02 6 0 0 0 0 0 0 0 0 0 0 0 16 9 21 20 14 17
 5.200000E+02 9 0 0 0 0 0 0 0 0 0 0 0 17 19 17 18 16 23
 5.205000E+02 9 0 0 0 0 0 0 0 0 0 0 0 13 20 16 24 14 22
 5.210000E+02 15 0 0 0 0 0 0 0 0 0 0 0 17 19 22 16 16 17
 5.215000E+02 12 0 0 0 0 0 0 0 0 0 0 0 9 18 20 14 22 15
 5.220000E+02 12 0 0 0 0 0 0 0 0 0 0 0 17 11 22 18 23 13
 5.225000E+02 9 0 0 0 0 0 0 0 0 0 0 0 20 18 21 15 19 16
 5.230000E+02 9 0 0 0 0 0 0 0 0 0 0 0 16 13 21 16 28 19
 5.235000E+02 6 0 0 0 0 0 0 0 0 0 0 0 17 18 17 12 17 23
 5.240000E+02 13 0 0 0 0 0 0 0 0 0 0 0 20 23 21 17 18 13
 5.245000E+02 11 0 0 0 0 0 0 0 0 0 0 0 16 15 16 23 22 15
 5.250000E+02 13 0 0 0 0 0 0 0 0 0 0 0 28 13 13 21 20 11
 5.255000E+02 14 0 0 0 0 0 0 0 0 0 0 0 18 22 22 18 21 12
 5.260000E+02 13 0 0 0 0 0 0 0 0 0 0 0 13 15 27 20 17 11
 5.265000E+02 11 0 0 0 0 0 0 0 0 0 0 0 9 20 20 17 17 13
 5.270000E+02 10 0 0 0 0 0 0 0 0 0 0 0 18 23 20 18 16 12
 5.275000E+02 9 0 0 0 0 0 0 0 0 0 0 0 23 20 15 25 17 4
 5.280000E+02 13 0 0 0 0 0 0 0 0 0 0 0 23 14 19 21 17 16
 5.285000E+02 5 0 0 0 0 0 0 0 0 0 0 0 22 17 20 16 12 19
 5.290000E+02 11 0 0 0 0 0 0 0 0 0 0 0 20 15 23 16 12 19
 5.295000E+02 10 0 0 0 0 0 0 0 0 0 0 0 20 17 27 21 10 22
 5.300000E+02 10 0 0 0 0 0 0 0 0 0 0 0 21 15 14 13 17 16
 5.305000E+02 11 0 0 0 0 0 0 0 0 0 0 0 22 18 20 14 17 15
 5.310000E+02 9 0 0 0 0 0 0 0 0 0 0 0 20 17 22 19 17 28
 5.315000E+02 13 0 0 0 0 0 0 0 0 0 0 0 18 13 21 20 13 26
 5.320000E+02 15 0 0 0 0 0 0 0 0 0 0 0 13 21 24 22 17 17
 5.325000E+02 7 0 0 0 0 0 0 0 0 1 0 0 14 23 14 24 12 20
 5.330000E+02 8 0 0 0 0 0 0 0 0 1 0 0 22 13 16 16 16 15
 5.335000E+02 7 0 0 0 0 0 0 0 0 2 0 0 21 14 19 19 15 15
 5.340000E+02 5 0 0 1 0 1 0 0 0 1 0 0 16 19 16 18 16 20
 5.345000E+02 16 0 0 0 0 0 0 0 0 1 0 0 17 15 28 17 14 16
 5.350000E+02 13 0 0 0 0 0 0 0 0 0 0 0 25 16 23 18 16 14
 5.355000E+02 10 0 0 0 0 0 0 0 0 0 0 0 21 19 20 17 26 13
 5.360000E+02 17 0 0 0 0 0 0 0 0 0 0 0 18 16 17 20 25 14
 5.365000E+02 8 0 0 0 0 0 0 0 0 0 0 0 16 21 16 20 24 15
 5.370000E+02 4 0 0 0 0 0 0 0 0 0 0 0 14 14 15 18 21 14
 5.375000E+02 11 0 0 0 0 0 0 0 0 1 0 0 14 16 12 21 20 13
 5.380000E+02 15 0 0 0 0 0 0 0 0 1 0 0 20 18 13 20 25 13
 5.385000E+02 5 0 0 0 0 0 0 0 0 1 0 0 17 17 13 19 20 11
 5.390000E+02 12 0 0 0 0 0 0 0 0 1 0 0 15 12 16 18 15 14
 5.395000E+02 7 0 0 0 0 0 0 0 0 1 0 0 20 16 20 8 24 19
 5.400000E+02 11 0 0 0 0 0 0 1 0 2 0 0 14 22 20 10 19 17
 5.405000E+02 12 0 0 0 0 0 0 0 0 3 0 0 15 19 20 16 17 15
 5.410000E+02 14 0 0 0 0 0 0 0 0 1 0 0 15 17 13 16 20 27
 5.415000E+02 11 0 0 0 0 0 0 0 0 1 0 0 14 14 15 13 24 24
 5.420000E+02 13 0 0 0 0 0 0 0 0 0 0 0 15 14 19 12 20 29
 5.425000E+02 5 0 0 0 0 0 0 0 0 0 0 0 20 15 18 11 15 21
 5.430000E+02 13 0 0 0 0 0 0 0 0 0 0 0 13 18 25 6 11 20
 5.435000E+02 13 0 0 0 0 0 0 0 0 0 0 0 19 13 19 8 14 21
 5.440000E+02 10 0 0 0 0 0 0 0 0 0 0 0 21 17 19 9 16 15
 5.445000E+02 4 0 0 0 0 0 0 0 0 0 0 0 13 19 16 16 10 18
 5.450000E+02 7 0 0 0 0 0 0 0 0 0 0 0 15 17 13 17 16 24
 5.455000E+02 7 0 0 0 0 0 0 0 0 0 0 0 19 12 12 15 21 20
 5.460000E+02 11 0 0 0 0 0 0 0 0 0 0 0 17 13 12 15 26 18
 5.465000E+02 9 0 0 0 0 0 0 0 0 0 0 0 17 13 12 16 20 19
 5.470000E+02 8 0 0 0 0 0 0 0 0 0 0 0 15 14 13 13 15 21
 5.475000E+02 9 0 0 0 0 0 0 0 0 0 0 0 15 13 18 16 21 21
 5.480000E+02 8 0 0 0 0 0 0 0 0 1 0 0 12 21 18 13 20 13
 5.485000E+02 7 0 0 0 0 0 0 0 0 0 0 0 16 24 22 11 21 23
 5.490000E+02 8 0 0 0 0 0 0 0 0 0 0 0 14 20 13 10 19 20
 5.495000E+02 10 0 0 0 0 0 0 1 0 0 0 0 9 16 14 19 20 19
 5.500000E+02 8 0 0 0 0 0 0 0 0 0 0 0 16 17 19 17 18 22
 5.505000E+02 5 0 0 0 0 0 0 0 0 0 0 0 19 17 16 22 17 13
 5.510000E+02 1 0 0 0 0 0 0 0 0 0 0 0 15 17 15 20 12 16
 5.515000E+02 9 0 0 0 0 0 0 0 0 0 0 0 16 12 14 16 18 14
 5.520000E+02 13 0 0 0 0 0 0 0 0 0 0 0 15 11 11 22 12 17
 5.525000E+02 5 0 0 0 0 0 0 0 0 1 0 0 16 10 23 17 17 15
 5.530000E+02 7 0 0 0 0 0 0 0 0 1 0 0 22 14 14 14 20 15
 5.535000E+02 8 0 0 0 0 0 0 0 0 0 0 0 20 16 19 9 20 7
 5.540000E+02 9 0 0 0 0 0 0 0 0 0 0 0 25 21 19 12 20 13
 5.545000E+02 10 0 0 0 0 0 0 0 0 0 0 0 19 16 14 14 21 12
 5.550000E+02 5 0 0 0 0 0 0 0 0 0 0 0 22 15 16 20 21 12
 5.555000E+02 7 0 0 0 0 0 0 0 0 0 0 0 18 10 7 20 17 22
 5.560000E+02 16 0 0 0 0 0 0 0 0 0 0 0 10 21 8 25 13 14
 5.565000E+02 11 0 0 0 0 0 0 0 0 0 0 0 20 17 5 20 11 10
 5.570000E+02 6 0 0 0 0 0 0 0 0 1 0 0 18 22 12 18 13 8
 5.575000E+02 10 0 0 0 0 0 0 1 0 0 0 0 18 17 13 13 15 8
 5.580000E+02 12 0 0 1 0 0 0 0 0 0 0 0 16 18 17 16 14 17
 5.585000E+02 8 0 0 1 0 0 0 0 0 0 0 0 12 18 17 17 18 13
 5.590000E+02 5 0 0 0 0 0 0 0 0 1 0 0 10 25 17 20 19 7
 5.595000E+02 4 0 0 1 0 0 0 0 0 0 0 0 14 23 14 21 19 14
 5.600000E+02 11 0 0 0 0 0 0 0 0 1 0 0 15 17 17 14 21 16
 5.605000E+02 8 0 0 1 0 0 0 0 0 0 0 0 8 12 26 12 22 26
 5.610000E+02 10 0 0 1 0 0 0 0 0 0 0 0 12 9 21 11 23 29
 5.615000E+02 7 0 0 0 0 0 0 0 0 0 0 0 10 15 18 20 24 17
 5.620000E+02 6 0 0 0 0 0 0 0 0 0 0 0 11 18 21 16 22 19
 5.625000E+02 4 0 0 0 0 0 0 0 0 0 0 0 15 19 14 19 23 17
 5.630000E+02 9 0 0 0 0 0 0 0 0 0 0 0 19 15 11 16 17 21
 5.635000E+02 11 0 0 0 0 0 0 0 0 0 0 0 12 20 15 17 14 16
 5.640000E+02 8 0 0 0 0 0 0 0 0 1 0 0 12 19 10 17 16 25
 5.645000E+02 10 0 0 0 0 0 0 0 0 1 0 0 16 16 8 22 15 22
 5.650000E+02 7 0 0 0 0 0 0 0 0 0 0 0 20 14 9 18 11 17
 5.655000E+02 13 0 0 0 0 0 0 0 0 0 0 0 21 13 12 15 14 21
 5.660000E+02 8 0 0 0 0 0 0 0 0 1 0 0 22 14 11 18 12 25
 5.665000E+02 7 0 0 0 0 0 0 0 0 0 0 0 18 14 16 20 7 23
 5.670000E+02 9 0 0 0 0 0 0 0 0 0 0 0 15 15 9 21 9 17
 5.675000E+02 7 0 0 0 0 0 0 0 0 0 0 0 18 17 11 16 14 21
 5.680000E+02 12 0 0 0 0 0 0 0 0 0 0 0 12 21 12 16 19 22
 5.685000E+02 5 0 0 0 0 0 0 0 0 0 0 0 14 17 17 21 12 15
 5.690000E+02 6 0 0 0 0 0 0 0 0 0 0 0 13 15 25 25 15 6
 5.695000E+02 9 0 0 0 0 0 0 0 0 0 0 0 14 10 18 22 16 14
 5.700000E+02 11 0 0 0 0 0 0 0 0 0 0 0 12 17 20 22 16 10
 5.705000E+02 2 0 0 0 0 0 0 0 0 0 0 0 17 18 13 10 20 14
 5.710000E+02 10 0 0 0 0 0 0 0 0 0 0 0 17 12 12 21 16 19
 5.715000E+02 7 0 0 0 0 0 0 0 0 0 0 0 20 18 9 21 15 17
 5.720000E+02 7 0 0 0 0 0 0 0 0 0 0 0 18 16 14 17 14 11
 5.725000E+02 10 0 0 0 0 0 0 0 0 0 0 0 20 19 12 22 13 10
 5.730000E+02 8 0 0 0 0 0 0 0 0 0 0 0 27 17 14 18 17 13
 5.735000E+02 7 0 0 0 0 0 0 0 0 0 0 0 29 13 15 15 14 14
 5.740000E+02 8 0 0 0 0 0 0 0 0 0 0 0 20 10 14 12 13 16
 5.745000E+02 9 0 0 0 0 0 0 0 0 0 0 0 24 18 15 14 15 15
 5.750000E+02 5 0 0 0 0 0 0 0 0 0 0 0 24 25 13 13 17 16
 5.755000E+02 7 0 0 0 0 0 0 0 0 0 0 0 22 27 13 14 13 12
 5.760000E+02 6 0 0 0 0 0 0 0 0 0 0 0 17 20 16 14 11 12
 5.765000E+02 7 0 0 0 0 0 0 0 0 0 0 0 13 12 23 12 12 13
 5.770000E+02 10 0 0 0 0 0 0 0 0 0 0 0 24 17 18 15 10 18
 5.775000E+02 14 0 0 0 0 0 0 0 0 0 0 0 24 16 21 15 14 20
 5.780000E+02 6 0 0 0 0 0 0 0 0 0 0 0 24 18 18 18 14 20
 5.785000E+02 5 0 0 0 0 0 0 0 0 0 0 0 19 16 12 16 16 19
 5.790000E+02 11 0 0 0 0 0 0 0 0 1 0 0 19 25 7 20 20 18
 5.795000E+02 8 0 0 0 0 0 0 0 0 1 0 0 14 21 13 20 14 26
 5.800000E+02 5 0 0 0 0 0 0 0 0 0 0 0 14 20 14 22 17 23
 5.805000E+02 5 0 0 0 0 0 0 0 0 0 0 0 11 21 11 20 17 19
 5.810000E+02 5 0 0 0 0 0 0 0 0 0 0 0 11 20 13 19 17 19
 5.815000E+02 7 0 0 0 0 0 0 0 0 0 0 0 15 23 14 16 13 18
 5.820000E+02 5 0 0 0 0 0 0 0 0 0 0 0 17 19 10 19 17 14
 5.825000E+02 8 0 0 0 0 0 0 0 0 0 0 0 15 18 9 20 25 13
 5.830000E+02 7 0 0 0 0 0 0 0 0 0 0 0 13 15 14 15 26 12
 5.835000E+02 12 0 0 0 0 0 0 0 0 0 0 0 17 27 21 13 15 16
 5.840000E+02 6 0 0 0 0 0 0 0 0 0 0 0 19 18 18 17 15 15
 5.845000E+02 9 0 0 0 0 0 0 0 0 0 0 0 26 21 15 17 15 16
 5.850000E+02 13 0 0 0 0 0 0 0 0 0 0 0 18 21 20 15 17 16
 5.855000E+02 7 0 0 0 0 0 0 0 0 0 0 0 18 19 20 16 16 14
 5.860000E+02 8 0 0 0 0 0 0 0 0 0 0 0 17 18 17 16 14 18
 5.865000E+02 11 0 0 0 0 0 0 0 0 0 0 0 21 17 12 13 17 22
 5.870000E+02 8 0 0 0 0 0 0 0 0 0 0 0 24 13 13 13 17 19
 5.875000E+02 7 0 0 0 0 0 0 0 0 0 0 0 27 13 14 14 25 15
 5.880000E+02 7 0 0 0 0 0 0 0 0 0 0 0 23 13 11 15 18 15
 5.885000E+02 7 0 0 0 0 0 0 0 0 0 0 0 22 13 21 15 18 15
 5.890000E+02 7 0 0 0 0 0 0 0 0 0 0 0 15 17 21 16 18 23
 5.895000E+02 12 0 0 0 0 0 0 0 0 1 0 0 15 17 17 18 11 20
 5.900000E+02 11 0 0 0 0 0 0 0 0 0 0 0 23 22 10 17 22 21
 5.905000E+02 9 0 0 0 0 0 0 0 0 0 0 0 19 21 20 17 15 13
 5.910000E+02 13 0 0 0 0 0 0 0 0 0 0 0 19 20 22 18 17 11
 5.915000E+02 4 0 0 0 0 0 0 0 0 1 0 0 18 28 18 19 16 13
 5.920000E+02 10 0 0 1 0 0 0 0 0 0 0 0 18 13 16 21 19 16
 5.925000E+02 6 0 0 0 0 0 0 0 0 0 0 0 17 13 16 19 18 17
 5.930000E+02 10 0 0 0 0 0 0 0 0 0 0 0 16 18 16 14 21 16
 5.935000E+02 7 0 0 0 0 0 0 0 0 0 0 0 21 11 16 14 20 29
 5.940000E+02 9 0 0 0 0 0 0 0 0 0 0 0 18 15 18 17 16 31
 5.945000E+02 5 0 0 0 0 0 0 0 0 0 0 0 20 14 23 16 16 24
 5.950000E+02 7 0 0 0 0 0 0 0 0 0 0 0 18 15 21 7 19 24
 5.955000E+02 3 0 0 0 0 0 0 0 0 0 0 0 21 15 26 13 13 25
 5.960000E+02 7 0 0 0 0 0 0 0 0 0 0 0 17 12 18 17 17 17
 5.965000E+02 11 0 0 0 0 0 0 0 0 0 0 0 18 15 20 21 14 20
 5.970000E+02 11 0 0 0 0 0 0 0 0 0 0 0 17 20 18 18 9 12
 5.975000E+02 8 0 0 0 0 0 0 0 0 0 0 0 11 17 23 17 15 17
 5.980000E+02 11 0 0 0 0 0 0 0 0 0 0 0 12 14 17 19 19 22
 5.985000E+02 12 0 0 0 0 0 0 0 0 0 0 0 16 14 18 19 18 24
 5.990000E+02 8 0 0 0 0 0 0 0 0 0 0 0 12 15 12 20 19 26
 5.995000E+02 5 0 0 0 0 0 0 0 0 0 0 0 17 19 18 11 19 29
 6.000000E+02 9 0 0 0 0 0 0 0 0 0 0 0 20 17 13 14 16 22
 6.005000E+02 11 0 0 0 0 0 0 0 0 1 0 0 17 17 16 20 19 26
 6.010000E+02 11 0 0 0 0 0 0 0 0 1 0 0 17 16 16 24 14 17
 6.015000E+02 5 0 0 0 0 0 0 1 0 0 0 0 6 20 24 14 14 14
 6.020000E+02 14 0 0 0 0 0 0 0 0 0 0 0 11 20 14 25 11 19
 6.025000E+02 9 0 0 0 0 0 0 0 0 0 0 0 15 11 18 22 18 27
 6.030000E+02 9 0 0 0 0 0 0 0 0 0 0 0 19 14 19 13 13 22
 6.035000E+02 15 0 0 0 0 0 0 0 0 0 0 0 17 18 13 18 16 22
 6.040000E+02 10 0 0 0 0 0 0 0 0 1 0 0 15 19 17 17 23 12
 6.045000E+02 7 0 0 0 0 0 0 0 0 1 0 0 14 15 19 16 22 18
 6.050000E+02 16 0 0 0 0 0 0 0 0 1 0 0 19 17 21 16 16 18
 6.055000E+02 14 0 0 0 0 0 0 0 0 1 0 0 14 21 18 17 13 24
 6.060000E+02 11 0 0 0 0 0 0 0 0 0 0 0 31 23 16 17 14 20
 6.065000E+02 10 0 0 0 0 0 0 0 0 0 0 0 21 18 13 16 14 10
 6.070000E+02 7 0 0 0 0 0 0 0 0 0 0 0 14 19 16 19 18 15
 6.075000E+02 12 0 0 0 0 0 0 0 0 0 0 0 17 19 15 21 25 19
 6.080000E+02 11 0 0 0 0 0 0 0 0 0 0 1 19 14 17 22 22 11
 6.085000E+02 15 0 0 0 0 0 0 0 0 1 0 0 25 21 17 22 20 11
 6.090000E+02 8 0 0 0 0 0 0 0 0 1 0 0 25 18 14 18 18 18
 6.095000E+02 10 0 0 0 0 0 0 0 0 1 1 0 22 20 13 13 17 16
 6.100000E+02 11 0 0 0 0 0 0 0 0 4 0 0 18 14 14 12 27 19
 6.105000E+02 15 0 0 0 0 0 0 1 0 1 0 0 21 17 16 17 26 19
 6.110000E+02 14 0 0 0 0 0 0 0 0 2 0 0 20 19 14 19 20 15
 6.115000E+02 10 0 0 0 0 0 0 0 0 1 0 0 18 23 17 20 17 16
 6.120000E+02 5 0 0 0 0 0 0 0 0 0 0 0 13 24 17 17 14 17
 6.125000E+02 11 0 0 0 0 0 0 0 0 0 0 0 10 25 18 21 19 20
 6.130000E+02 9 0 0 0 0 0 0 0 0 0 0 0 13 21 18 20 18 14
 6.135000E+02 7 0 0 0 0 0 0 0 0 0 0 0 16 19 21 22 17 14
 6.140000E+02 8 0 0 0 0 0 0 0 0 0 0 0 14 17 22 24 18 16
 6.145000E+02 12 0 0 0 0 0 0 0 0 0 0 0 12 25 14 20 18 23
 6.150000E+02 8 0 0 0 0 0 0 0 0 0 0 0 16 23 14 12 16 21
 6.155000E+02 11 0 0 0 0 0 0 0 0 0 0 0 17 24 12 23 19 21
 6.160000E+02 14 0 0 0 0 0 0 1 0 0 0 0 16 23 23 18 23 13
 6.165000E+02 9 0 0 0 0 0 0 1 0 0 0 0 16 22 22 18 23 15
 6.170000E+02 10 0 0 0 0 0 0 0 0 1 0 0 16 22 26 15 20 12
 6.175000E+02 9 0 0 0 0 0 0 0 0 0 0 0 9 23 19 21 13 14
 6.180000E+02 6 0 0 0 0 0 0 0 0 0 0 0 8 17 22 20 15 21
 6.185000E+02 14 0 0 0 0 0 0 0 0 0 0 0 18 17 21 18 26 19
 6.190000E+02 8 0 0 0 0 0 0 0 0 0 0 0 18 25 22 23 23 10
 6.195000E+02 15 0 0 0 0 0 0 0 0 0 0 0 21 16 15 15 14 14
 6.200000E+02 17 0 0 0 0 0 0 0 0 0 0 0 23 20 20 18 14 15
 6.205000E+02 5 0 0 0 0 0 0 0 0 0 0 0 19 23 14 25 14 18
 6.210000E+02 12 0 0 0 0 0 0 0 0 0 0 0 11 23 18 22 14 15
 6.215000E+02 11 0 0 0 0 0 0 0 0 1 0 0 18 20 20 14 15 19
 6.220000E+02 9 0 0 0 0 0 0 0 0 1 0 0 16 22 17 15 13 22
 6.225000E+02 6 0 0 0 0 0 0 0 0 1 0 0 21 20 25 21 12 21
 6.230000E+02 12 0 0 0 0 0 0 0 0 0 0 0 22 15 18 20 14 18
 6.235000E+02 6 0 0 0 0 0 0 0 0 0 0 0 20 15 18 24 18 17
 6.240000E+02 11 0 0 0 0 0 0 0 0 0 0 0 17 13 18 26 16 16
 6.245000E+02 5 0 0 0 0 0 0 0 1 0 0 0 15 14 15 22 26 12
 6.250000E+02 4 0 0 0 0 0 0 0 0 1 0 0 10 16 17 19 20 16
 6.255000E+02 6 0 0 0 0 0 0 0 0 1 0 0 10 16 25 17 23 17
 6.260000E+02 7 0 0 0 0 0 0 0 0 1 0 0 17 18 18 19 18 12
 6.265000E+02 10 0 0 0 0 0 0 0 0 0 0 0 19 17 22 16 16 19
 6.270000E+02 15 0 0 0 0 0 0 0 0 0 0 0 21 17 15 23 16 14
 6.275000E+02 5 0 0 0 0 0 0 0 0 1 0 0 18 24 19 19 16 21
 6.280000E+02 7 0 0 0 0 0 0 0 0 0 0 0 12 15 17 20 16 21
 6.285000E+02 11 0 0 0 0 0 0 0 0 0 0 0 14 13 21 22 17 18
 6.290000E+02 12 0 0 0 0 0 0 0 0 0 0 0 15 13 19 23 23 14
 6.295000E+02 15 0 0 0 0 0 0 0 0 0 0 0 11 16 15 19 22 14
 6.300000E+02 11 0 0 0 0 0 0 0 0 0 0 0 21 14 15 15 16 15
 6.305000E+02 10 0 0 0 0 0 0 0 0 1 0 0 21 18 13 24 17 10
 6.310000E+02 9 0 0 0 0 0 0 0 0 1 0 0 11 12 20 24 20 17
 6.315000E+02 5 0 0 1 0 0 0 0 0 0 0 0 14 8 13 28 21 15
 6.320000E+02 8 0 0 0 0 0 0 0 0 0 0 0 16 11 18 16 19 23
 6.325000E+02 8 0 0 0 0 0 0 0 0 0 0 0 16 18 15 22 14 19
 6.330000E+02 11 0 0 0 0 0 0 0 0 0 0 0 17 19 16 27 11 16
 6.335000E+02 6 0 0 0 0 0 0 0 0 0 0 0 24 17 15 18 24 17
 6.340000E+02 11 0 0 0 0 0 0 0 0 0 0 0 20 19 17 21 13 20
 6.345000E+02 8 0 0 0 0 0 0 0 0 0 0 0 18 19 24 14 9 16
 6.350000E+02 5 0 0 0 0 0 0 0 0 0 0 0 22 17 20 18 16 20
 6.355000E+02 4 0 0 0 0 0 0 0 0 0 0 0 20 16 18 17 20 19
 6.360000E+02 10 0 0 0 0 0 0 0 0 0 0 0 14 22 15 11 24 21
 6.365000E+02 6 0 0 0 0 0 0 0 0 0 0 0 14 14 19 18 20 22
 6.370000E+02 9 0 0 0 0 0 0 0 0 0 0 0 18 19 19 13 24 15
 6.375000E+02 9 0 0 0 0 0 0 0 0 0 0 0 18 19 18 15 26 13
 6.380000E+02 13 0 0 0 0 0 0 0 0 0 0 0 17 17 28 12 22 17
 6.385000E+02 10 0 0 0 0 0 0 0 0 0 0 0 16 15 28 13 22 12
 6.390000E+02 13 0 0 0 0 0 0 0 0 0 0 0 17 14 19 19 15 14
 6.395000E+02 12 0 0 0 0 0 0 0 0 0 0 0 15 21 18 15 17 18
 6.400000E+02 9 0 0 0 0 0 0 0 0 1 0 0 20 19 25 15 14 17
 6.405000E+02 12 0 0 0 0 0 0 0 0 0 0 0 16 18 18 23 17 14
 6.410000E+02 8 0 0 0 0 0 0 0 0 0 0 0 17 21 16 18 22 17
 6.415000E+02 14 0 0 0 0 0 0 0 0 0 0 0 25 14 12 10 17 22
 6.420000E+02 12 0 0 0 0 0 0 0 0 0 0 0 29 15 8 20 19 21
 6.425000E+02 13 0 0 1 0 0 0 0 0 0 0 0 19 11 13 20 16 17
 6.430000E+02 6 0 0 0 0 0 0 0 0 1 0 0 14 14 14 10 19 16
 6.435000E+02 7 0 0 0 0 0 0 0 0 0 0 0 24 19 13 14 24 22
 6.440000E+02 9 0 0 0 0 0 0 0 0 0 0 0 20 20 12 20 24 10
 6.445000E+02 8 0 0 0 0 0 0 0 0 1 0 0 15 19 14 15 28 12
 6.450000E+02 7 0 0 0 0 0 0 0 0 1 0 0 18 19 18 17 22 11
 6.455000E+02 5 0 0 0 0 0 0 0 0 1 0 0 16 18 12 16 23 17
 6.460000E+02 8 0 0 0 0 0 0 1 0 1 0 0 19 21 16 14 14 18
 6.465000E+02 7 0 0 0 0 0 0 0 0 1 0 0 20 21 19 19 12 16
 6.470000E+02 14 0 0 0 0 0 0 0 0 1 0 0 17 18 16 17 15 18
 6.475000E+02 12 0 0 0 0 0 0 0 0 0 0 0 18 19 20 11 14 17
 6.480000E+02 10 0 0 0 0 0 0 0 0 0 0 0 14 26 17 9 16 24
 6.485000E+02 4 0 0 0 0 0 0 0 0 0 0 0 19 21 17 12 17 22
 6.490000E+02 10 0 0 0 0 0 0 0 0 0 0 0 20 22 15 10 12 20
 6.495000E+02 7 0 0 0 0 0 0 0 0 0 0 0 16 20 17 12 13 18
 6.500000E+02 11 0 0 0 0 0 0 0 0 0 0 0 17 22 14 23 20 15
 6.505000E+02 10 0 0 0 0 0 0 0 0 0 0 0 23 17 18 17 20 18
 6.510000E+02 14 0 0 0 0 0 0 0 0 0 0 0 18 21 11 16 19 16
 6.515000E+02 4 0 0 0 0 0 0 0 0 0 0 0 20 17 15 11 18 11
 6.520000E+02 5 0 0 0 0 0 0 0 0 0 0 0 20 21 20 15 16 11
 6.525000E+02 10 0 0 0 0 0 0 0 0 0 0 0 16 12 22 16 14 13
 6.530000E+02 10 0 0 0 0 0 0 0 0 0 0 0 16 19 22 19 13 17
 6.535000E+02 6 0 0 0 0 0 0 0 0 0 0 0 15 15 14 22 18 10
 6.540000E+02 15 0 0 0 0 0 0 0 0 0 0 0 17 20 14 16 18 8
 6.545000E+02 10 0 0 0 0 0 0 0 0 0 0 0 18 19 14 19 20 14
 6.550000E+02 3 0 0 0 0 0 0 0 0 0 0 0 12 23 15 16 24 15
 6.555000E+02 3 0 0 0 0 0 0 0 0 0 0 0 16 16 20 17 19 11
 6.560000E+02 7 0 0 0 0 0 0 0 0 0 0 0 14 19 21 14 18 15
 6.565000E+02 8 0 0 0 0 0 0 0 0 0 0 0 14 19 26 17 24 14
 6.570000E+02 9 0 0 0 0 0 0 0 0 0 0 0 9 20 21 12 21 17
 6.575000E+02 10 0 0 0 0 0 0 0 0 0 0 0 11 22 21 13 17 9
 6.580000E+02 9 0 0 0 0 0 0 0 0 0 0 0 17 24 23 20 15 11
 6.585000E+02 6 0 0 0 0 0 0 0 0 0 0 0 17 21 17 15 16 13
 6.590000E+02 3 0 0 0 0 0 0 0 0 0 0 0 14 18 18 17 16 19
 6.595000E+02 6 0 0 0 0 0 0 0 0 0 0 0 18 15 19 22 22 15
 6.600000E+02 6 0 0 0 0 0 0 0 0 0 0 0 20 18 13 24 18 13
 6.605000E+02 6 0 0 0 0 0 0 0 0 0 0 0 14 22 15 16 14 16
 6.610000E+02 8 0 0 0 0 0 0 1 0 0 0 0 21 24 15 14 12 18
 6.615000E+02 11 0 0 0 0 0 0 0 0 1 0 0 17 14 18 9 21 14
 6.620000E+02 10 0 0 0 0 0 0 0 0 2 0 0 19 15 19 15 24 16
 6.625000E+02 11 0 0 0 0 0 0 1 0 0 0 0 13 20 18 16 23 14
 6.630000E+02 14 0 0 0 0 0 0 0 0 1 0 0 15 19 13 13 19 16
 6.635000E+02 11 0 0 0 0 0 0 1 0 0 0 0 12 16 10 14 18 19
 6.640000E+02 9 0 0 0 0 0 0 0 0 0 0 0 17 15 19 19 20 17
 6.645000E+02 9 0 0 0 0 0 0 0 0 0 0 0 13 27 19 17 13 12
 6.650000E+02 6 0 0 0 0 0 0 0 0 0 0 0 22 24 18 17 11 12
 6.655000E+02 9 0 0 0 0 0 0 0 0 1 0 0 19 23 10 21 17 13
 6.660000E+02 10 0 0 0 0 0 0 0 0 1 0 0 17 20 12 19 17 14
 6.665000E+02 8 0 0 0 0 0 0 0 0 0 0 0 20 17 13 25 12 17
 6.670000E+02 5 0 0 0 0 0 0 0 0 1 0 0 18 20 15 14 22 11
 6.675000E+02 8 0 0 0 0 0 0 0 0 1 0 0 14 19 21 13 19 12
 6.680000E+02 13 0 0 0 0 0 0 0 0 0 0 0 11 22 18 14 13 15
 6.685000E+02 15 0 0 0 0 0 0 0 0 0 0 0 13 23 19 16 15 16
 6.690000E+02 9 0 0 0 0 0 0 0 0 0 0 0 15 14 23 18 15 15
 6.695000E+02 8 0 0 0 0 0 0 0 0 0 0 0 12 22 14 23 22 15
 6.700000E+02 6 0 0 0 0 0 0 0 0 0 0 0 12 20 18 25 15 10
 6.705000E+02 17 0 0 0 0 0 0 0 0 0 0 0 17 19 20 21 14 14
 6.710000E+02 9 0 0 0 0 0 0 0 0 0 0 0 20 14 19 20 15 15
 6.715000E+02 5 0 0 0 0 0 0 0 0 0 0 0 15 12 16 22 9 21
 6.720000E+02 6 0 0 0 0 0 0 0 0 0 0 0 16 18 17 22 10 20
 6.725000E+02 11 0 0 0 0 0 0 0 0 0 0 0 18 18 22 16 12 20
 6.730000E+02 4 0 0 0 0 0 0 0 0 0 0 0 6 21 15 16 19 13
 6.735000E+02 11 0 0 0 0 0 0 0 0 0 0 0 5 21 17 24 14 18
 6.740000E+02 5 0 0 0 0 0 0 0 0 0 0 0 10 20 21 18 11 20
 6.745000E+02 6 0 0 0 0 0 0 0 0 0 0 0 17 24 10 10 11 24
 6.750000E+02 7 0 0 0 0 0 0 0 0 0 0 0 17 22 12 7 14 24
 6.755000E+02 9 0 0 0 0 0 0 0 0 1 0 0 22 18 9 20 18 19
 6.760000E+02 6 0 0 0 0 0 0 1 0 1 0 0 14 13 18 19 17 21
 6.765000E+02 10 0 0 0 0 0 0 1 0 2 0 0 15 16 19 19 11 14
 6.770000E+02 11 0 0 0 0 0 0 0 0 3 0 0 21 14 16 23 18 8
 6.775000E+02 9 0 0 0 0 0 0 0 0 2 0 0 20 20 15 19 17 12
 6.780000E+02 12 0 0 0 0 0 0 0 0 2 0 0 22 14 15 13 15 14
 6.785000E+02 11 0 0 0 0 0 0 0 0 0 0 0 12 22 13 16 12 21
 6.790000E+02 12 0 0 0 0 0 0 0 0 0 0 0 14 17 12 13 15 20
 6.795000E+02 8 0 0 0 0 0 0 0 0 0 0 0 19 19 13 11 20 19
 6.800000E+02 7 0 0 0 0 0 0 0 0 0 0 0 18 14 19 12 14 25
 6.805000E+02 11 0 0 0 0 0 0 0 0 0 0 0 17 14 16 15 11 24
 6.810000E+02 6 0 0 0 0 0 0 0 0 0 0 0 17 11 13 15 17 21
 6.815000E+02 8 0 0 0 0 0 0 0 0 0 0 0 18 18 12 17 11 20
 6.820000E+02 17 0 0 0 0 0 0 0 0 0 0 0 22 14 13 16 11 25
 6.825000E+02 5 0 0 0 0 0 0 0 0 0 0 0 21 18 17 16 7 15
 6.830000E+02 6 0 0 0 0 0 0 1 0 0 0 0 17 19 18 16 14 16
 6.835000E+02 1 0 0 0 0 0 0 0 0 0 0 0 23 18 18 17 16 19
 6.840000E+02 4 0 0 0 0 0 0 0 0 0 0 0 18 17 26 24 12 16
 6.845000E+02 8 0 0 0 0 0 0 0 0 0 0 0 17 25 22 19 16 6
 6.850000E+02 7 0 0 0 0 0 0 0 0 0 0 0 17 22 19 12 12 15
 6.855000E+02 12 0 0 0 0 0 0 0 0 0 0 0 19 13 21 16 14 16
 6.860000E+02 7 0 0 0 0 0 0 0 0 0 0 0 16 17 17 13 16 14
 6.865000E+02 5 0 0 0 0 0 0 0 0 1 0 0 21 15 21 12 16 21
 6.870000E+02 5 0 0 0 0 0 0 0 0 0 0 0 28 8 15 15 24 14
 6.875000E+02 5 0 0 0 0 0 0 0 0 0 0 0 20 15 19 17 19 20
 6.880000E+02 13 0 0 0 0 0 0 0 0 0 0 0 18 24 18 19 13 14
 6.885000E+02 5 0 0 0 0 0 0 0 0 1 0 0 9 20 17 15 15 21
 6.890000E+02 4 0 0 0 0 0 0 0 0 0 0 0 11 21 17 16 17 23
 6.895000E+02 7 0 0 0 0 0 0 0 0 0 0 0 12 17 19 13 14 13
 6.900000E+02 10 0 0 0 0 0 0 0 0 0 0 0 15 20 17 15 10 13
 6.905000E+02 15 0 0 0 0 0 0 0 0 0 0 0 13 11 18 21 13 18
 6.910000E+02 7 0 0 0 0 0 0 0 0 0 0 0 18 16 16 17 18 14
 6.915000E+02 7 0 0 0 0 1 0 0 0 0 0 0 20 18 17 14 22 12
 6.920000E+02 12 0 0 0 0 0 0 0 0 1 0 0 16 16 16 15 21 15
 6.925000E+02 6 0 0 0 0 0 0 0 0 1 0 0 18 19 15 13 23 14
 6.930000E+02 12 0 0 0 0 0 0 0 0 1 0 0 17 14 17 14 22 15
 6.935000E+02 10 0 0 0 0 0 0 0 0 1 0 0 25 14 19 14 19 17
 6.940000E+02 3 0 0 0 0 0 0 0 0 0 0 0 22 12 17 13 23 12
 6.945000E+02 1 0 0 0 0 0 0 0 0 1 0 0 18 14 15 16 26 14
 6.950000E+02 8 0 0 0 0 0 0 0 0 1 0 0 13 15 17 18 24 13
 6.955000E+02 7 0 0 0 0 0 0 0 0 0 0 0 15 16 20 15 20 12
 6.960000E+02 9 0 0 0 0 0 0 0 0 0 0 0 14 19 14 17 21 11
 6.965000E+02 12 0 0 1 0 0 0 0 0 0 0 0 14 22 13 10 26 15
 6.970000E+02 10 0 0 0 0 0 0 0 0 0 0 0 16 20 14 13 23 18
 6.975000E+02 7 0 0 0 0 0 0 0 0 0 0 0 15 24 11 20 21 16
 6.980000E+02 7 0 0 0 0 0 0 0 0 0 0 0 14 24 15 17 8 17
 6.985000E+02 9 0 0 0 0 0 0 0 0 0 0 0 11 22 14 18 15 18
 6.990000E+02 7 0 0 0 0 0 0 0 0 0 0 0 23 21 13 15 15 18
 6.995000E+02 9 0 0 0 0 0 0 0 0 0 0 0 18 19 10 17 16 17
 7.000000E+02 7 0 0 0 0 0 0 0 0 1 0 0 22 16 10 21 17 16
