# time 'Ca' 'D34:75:137_PP2ACa' 'D34:75:137_PP2APCa' 'D34:75_PP2ACa' 'D34:75_PP2APCa' 'D75:137_PP2ACa' 'D75:137_PP2APCa' 'D75_PP2ACa' 'D75_PP2APCa' 'PP2ACa' 'PP2ACa_PKA' 'PP2APCa' 'PP2BinactiveCa2_1' 'PP2BinactiveCa2_2' 'PP2BinactiveCa2_3' 'PP2BinactiveCa2_4' 'PP2BinactiveCa2_5' 'PP2BinactiveCa2_6'
 0.000000E+00 0 0 0 0 0 0 0 0 0 0 0 0 0 0 0 0 0 0
 5.000000E-01 1 0 0 0 0 0 0 0 0 0 0 0 0 0 0 0 1 0
 1.000000E+00 1 0 0 0 0 0 0 0 0 0 0 0 0 0 0 0 2 0
 1.500000E+00 2 0 0 0 0 0 0 0 0 0 0 0 0 0 1 0 3 1
 2.000000E+00 1 0 0 0 0 0 0 0 0 1 0 0 1 0 1 0 6 0
 2.500000E+00 2 0 0 0 0 0 0 0 0 0 0 0 1 0 1 1 6 1
 3.000000E+00 2 0 0 0 0 0 0 0 0 0 0 0 3 2 3 2 2 2
 3.500000E+00 4 0 0 0 0 0 0 0 0 0 0 0 2 2 2 2 4 2
 4.000000E+00 4 0 0 0 0 0 0 0 0 0 0 0 3 2 2 4 2 2
 4.500000E+00 5 0 0 0 0 0 0 0 0 0 0 0 2 2 4 3 3 1
 5.000000E+00 5 0 0 0 0 0 0 0 0 0 0 0 2 4 4 4 3 3
 5.500000E+00 3 0 0 0 0 0 0 0 0 0 0 0 7 3 4 3 3 3
 6.000000E+00 2 0 0 0 0 0 0 0 0 0 0 0 9 4 7 2 1 5
 6.500000E+00 4 0 0 0 0 0 0 0 0 0 0 0 5 7 8 2 2 4
 7.000000E+00 1 0 0 0 0 0 0 0 0 0 0 0 5 6 9 4 3 6
 7.500000E+00 4 0 0 0 0 0 0 0 0 0 0 0 6 4 6 6 4 8
 8.000000E+00 2 0 0 0 0 0 0 0 0 0 0 0 4 4 4 9 4 8
 8.500000E+00 2 0 0 0 0 0 0 0 0 0 0 0 8 4 2 7 4 10
 9.000000E+00 4 0 0 0 0 0 0 0 0 0 0 0 9 8 2 5 9 4
 9.500000E+00 4 0 0 0 0 0 0 0 0 0 0 0 12 4 5 5 10 6
 1.000000E+01 11 0 0 0 0 0 0 0 0 0 0 0 9 6 4 6 11 6
 1.050000E+01 4 0 0 0 0 0 0 0 0 0 0 0 9 7 5 8 6 8
 1.100000E+01 4 0 0 0 0 0 0 0 0 0 0 0 11 8 5 7 6 11
 1.150000E+01 9 0 0 0 0 0 0 0 0 0 0 0 12 6 8 7 6 10
 1.200000E+01 3 0 0 0 0 0 0 0 0 0 0 0 14 5 9 7 5 11
 1.250000E+01 5 0 0 0 0 0 0 0 0 0 0 0 9 5 10 14 6 9
 1.300000E+01 6 0 0 0 0 0 0 0 0 0 0 0 15 4 8 13 5 7
 1.350000E+01 3 0 0 0 0 0 0 1 0 0 0 0 10 11 10 17 4 5
 1.400000E+01 7 0 0 0 0 0 0 0 0 0 0 0 10 9 10 10 4 10
 1.450000E+01 6 0 0 0 0 0 0 0 0 0 0 0 11 10 10 9 6 11
 1.500000E+01 5 0 0 0 0 0 0 0 0 0 0 0 9 8 10 8 12 11
 1.550000E+01 7 0 0 0 0 0 0 1 0 0 0 0 11 6 6 12 15 10
 1.600000E+01 5 0 0 0 0 0 0 1 0 0 0 0 13 9 7 9 15 9
 1.650000E+01 3 0 0 0 0 0 0 0 0 0 0 0 15 15 9 10 11 7
 1.700000E+01 5 0 0 0 0 0 0 0 0 0 0 0 15 14 8 16 7 12
 1.750000E+01 6 0 0 0 0 0 0 0 0 0 0 0 13 20 8 16 7 9
 1.800000E+01 7 0 0 0 0 0 0 0 0 0 0 0 15 16 8 11 7 12
 1.850000E+01 4 0 0 0 0 0 0 0 0 0 0 0 18 12 13 6 10 11
 1.900000E+01 4 0 0 0 0 0 0 0 0 0 0 0 12 15 14 7 11 15
 1.950000E+01 6 0 0 0 0 0 0 0 0 0 0 0 11 10 8 9 11 18
 2.000000E+01 6 0 0 0 0 0 0 0 0 0 0 0 13 10 7 11 13 18
 2.050000E+01 4 0 0 0 0 0 0 0 0 0 0 0 12 9 9 12 11 13
 2.100000E+01 6 0 0 0 0 0 0 0 0 0 0 0 9 14 9 8 13 20
 2.150000E+01 2 0 0 0 0 0 0 0 0 0 0 0 11 16 11 6 16 18
 2.200000E+01 1 0 0 0 0 0 0 0 0 0 0 0 6 12 9 11 17 11
 2.250000E+01 5 0 0 0 0 0 0 0 0 0 0 0 15 9 12 7 13 16
 2.300000E+01 11 0 0 0 0 0 0 0 0 1 0 0 12 9 15 10 12 13
 2.350000E+01 3 0 0 0 0 0 0 0 0 1 0 0 15 11 18 13 16 6
 2.400000E+01 11 0 0 0 0 0 0 0 0 1 0 0 16 10 16 17 10 6
 2.450000E+01 5 0 0 0 0 0 0 0 0 1 0 0 12 10 12 18 14 7
 2.500000E+01 4 0 0 0 0 0 0 1 0 0 0 0 7 12 7 15 18 10
 2.550000E+01 8 0 0 0 0 0 0 0 0 0 0 0 9 17 8 16 18 6
 2.600000E+01 13 0 0 0 0 0 0 0 0 0 0 0 7 12 9 18 19 10
 2.650000E+01 7 0 0 0 0 0 0 0 0 0 0 0 13 15 11 12 19 17
 2.700000E+01 12 0 0 0 0 0 0 0 0 0 0 0 12 12 13 11 12 19
 2.750000E+01 6 0 0 0 0 0 0 1 0 0 0 0 18 16 15 16 11 11
 2.800000E+01 7 0 0 0 0 0 0 0 0 0 0 0 15 10 12 21 11 10
 2.850000E+01 2 0 0 0 0 0 0 0 0 0 0 0 20 12 17 15 11 13
 2.900000E+01 6 0 0 0 0 0 0 0 0 0 0 0 16 16 16 14 9 14
 2.950000E+01 4 0 0 0 0 0 0 0 0 0 0 0 15 14 14 17 13 12
 3.000000E+01 4 0 0 0 0 0 0 0 0 1 0 0 11 17 13 13 15 18
 3.050000E+01 4 0 0 0 0 0 0 0 0 1 0 0 14 16 16 13 15 17
 3.100000E+01 11 0 0 0 0 0 0 0 0 1 0 0 10 21 15 17 17 12
 3.150000E+01 8 0 0 0 0 0 0 1 0 0 0 0 10 22 6 16 14 15
 3.200000E+01 8 0 0 0 0 0 0 1 0 2 0 0 14 22 9 12 12 17
 3.250000E+01 11 0 0 0 0 0 0 1 0 0 0 0 15 18 9 15 15 17
 3.300000E+01 6 0 0 0 0 0 0 0 0 0 0 0 17 15 13 12 17 18
 3.350000E+01 10 0 0 0 0 0 0 0 0 0 0 0 13 16 8 12 16 14
 3.400000E+01 5 0 0 0 0 0 0 0 0 0 0 0 17 12 17 14 18 17
 3.450000E+01 2 0 0 0 0 0 0 0 0 0 0 0 17 18 14 14 16 12
 3.500000E+01 7 0 0 0 0 0 0 0 0 1 0 0 11 18 16 11 10 14
 3.550000E+01 3 0 0 0 0 0 0 0 0 0 0 0 19 14 18 12 11 24
 3.600000E+01 13 0 0 0 0 0 0 0 0 0 0 0 12 7 22 9 14 22
 3.650000E+01 6 0 0 0 0 0 0 0 0 0 0 0 16 16 16 13 16 13
 3.700000E+01 5 0 0 0 0 0 0 0 0 0 0 0 16 15 16 7 18 19
 3.750000E+01 8 0 0 0 0 0 0 0 0 0 0 0 19 12 17 9 13 19
 3.800000E+01 8 0 0 0 0 0 0 0 0 0 0 0 19 15 18 12 18 10
 3.850000E+01 7 0 0 0 0 0 0 0 0 0 0 0 24 15 15 9 19 11
 3.900000E+01 10 0 0 0 0 0 0 0 0 0 0 0 21 17 14 10 9 17
 3.950000E+01 11 0 0 0 0 0 0 0 0 0 0 0 20 12 16 10 16 13
 4.000000E+01 9 0 0 0 0 0 0 0 0 0 0 0 16 16 15 16 11 14
 4.050000E+01 6 0 0 0 0 0 0 0 0 0 0 0 22 8 15 17 13 16
 4.100000E+01 5 0 0 0 0 0 0 0 0 0 0 0 23 16 13 13 13 17
 4.150000E+01 10 0 0 0 0 0 0 0 0 0 0 0 19 14 14 19 8 16
 4.200000E+01 8 0 0 0 0 0 0 0 0 0 0 0 19 15 13 17 14 12
 4.250000E+01 7 0 0 0 0 0 0 1 0 0 0 0 16 18 14 14 13 14
 4.300000E+01 5 0 0 0 0 0 0 1 0 0 0 0 28 15 13 14 10 20
 4.350000E+01 6 0 0 0 0 0 0 0 0 1 0 0 22 9 16 14 14 20
 4.400000E+01 10 0 0 0 0 0 0 1 0 1 0 0 19 12 13 19 19 21
 4.450000E+01 4 0 0 0 0 0 0 0 0 1 0 0 20 13 17 16 12 18
 4.500000E+01 10 0 0 0 0 0 0 0 0 0 0 0 21 17 15 18 14 16
 4.550000E+01 2 0 0 0 0 0 0 0 0 1 0 0 14 16 19 18 16 18
 4.600000E+01 5 0 0 0 0 0 0 0 0 1 0 0 12 16 19 14 13 21
 4.650000E+01 10 0 0 0 0 0 0 0 0 1 0 0 16 16 20 18 14 19
 4.700000E+01 7 0 0 0 0 0 0 0 0 0 0 0 18 15 18 20 9 14
 4.750000E+01 3 0 0 0 0 0 0 0 0 0 0 0 13 17 15 23 12 20
 4.800000E+01 10 0 0 0 0 0 0 0 0 0 0 0 14 16 19 20 12 23
 4.850000E+01 6 0 0 0 0 0 0 0 0 0 0 0 15 18 15 17 16 17
 4.900000E+01 5 0 0 0 0 0 0 0 0 0 0 0 12 20 20 18 13 22
 4.950000E+01 7 0 0 0 0 0 0 0 0 0 0 0 19 16 15 21 13 16
 5.000000E+01 6 0 0 0 0 0 0 0 0 0 0 0 18 12 19 20 16 18
 5.050000E+01 6 0 0 0 0 0 0 0 0 0 0 0 21 14 19 18 15 18
 5.100000E+01 7 0 0 0 0 0 0 0 0 0 0 0 17 17 11 16 17 22
 5.150000E+01 4 0 0 0 0 0 0 0 0 0 0 0 16 14 12 18 16 18
 5.200000E+01 12 0 0 0 0 0 0 0 0 1 0 0 19 12 10 17 13 24
 5.250000E+01 9 0 0 0 0 0 0 0 0 1 0 0 19 15 14 17 22 18
 5.300000E+01 11 0 0 0 0 0 0 0 0 1 0 0 21 16 9 21 19 18
 5.350000E+01 6 0 0 0 0 0 0 0 0 1 0 0 24 18 11 14 21 17
 5.400000E+01 12 0 0 0 0 0 0 0 0 1 0 0 22 16 16 11 17 17
 5.450000E+01 6 0 0 0 0 0 0 1 0 0 0 0 21 17 13 15 16 16
 5.500000E+01 9 0 0 0 0 0 0 0 0 0 0 0 17 18 19 21 16 17
 5.550000E+01 12 0 0 0 0 0 0 0 0 0 0 0 12 17 16 20 14 23
 5.600000E+01 7 0 0 0 0 0 0 0 0 1 0 0 20 19 22 18 15 13
 5.650000E+01 10 0 0 0 0 0 0 0 0 0 0 0 16 17 22 18 19 15
 5.700000E+01 15 0 0 0 0 0 0 0 0 0 0 0 12 25 14 18 15 18
 5.750000E+01 3 0 0 0 0 0 0 0 0 1 0 0 18 24 12 18 20 15
 5.800000E+01 10 0 0 0 0 0 0 0 0 0 0 0 22 16 16 21 21 14
 5.850000E+01 8 0 0 0 0 0 0 0 0 0 0 0 17 12 12 22 16 20
 5.900000E+01 9 0 0 0 0 0 0 0 0 0 0 0 26 15 16 17 22 18
 5.950000E+01 13 0 0 0 0 0 0 0 0 0 0 0 22 13 14 14 13 17
 6.000000E+01 5 0 0 0 0 0 0 0 0 0 0 0 15 17 16 25 21 23
 6.050000E+01 9 0 0 0 0 0 0 0 0 0 0 0 18 17 12 21 19 20
 6.100000E+01 6 0 0 0 0 0 0 0 0 0 0 0 18 18 13 14 16 25
 6.150000E+01 8 0 0 0 0 0 0 0 0 0 0 0 18 20 20 17 16 21
 6.200000E+01 11 0 0 0 0 0 0 0 0 0 0 0 26 17 22 18 13 16
 6.250000E+01 14 0 0 0 0 0 0 0 0 0 0 0 18 16 13 21 14 16
 6.300000E+01 7 0 0 0 0 0 0 0 0 0 0 0 20 19 12 23 16 12
 6.350000E+01 5 0 0 0 0 0 0 0 0 0 0 0 22 18 17 20 17 14
 6.400000E+01 11 0 0 0 0 0 0 0 0 0 0 0 19 15 17 19 13 14
 6.450000E+01 8 0 0 0 0 0 0 0 0 0 0 0 21 17 14 20 13 18
 6.500000E+01 7 0 0 0 0 0 0 0 0 0 0 0 18 17 19 20 19 18
 6.550000E+01 9 0 0 0 0 0 0 0 0 0 0 0 23 19 15 23 17 13
 6.600000E+01 11 0 0 0 0 0 0 0 0 0 0 0 20 19 22 18 15 15
 6.650000E+01 7 0 0 0 0 0 0 0 0 0 0 0 12 22 18 18 17 23
 6.700000E+01 8 0 0 0 0 0 0 0 0 0 0 0 6 21 22 18 18 22
 6.750000E+01 8 0 0 0 0 0 0 0 0 0 0 0 11 19 23 17 18 20
 6.800000E+01 6 0 0 0 0 0 0 0 0 0 0 0 19 21 18 12 19 20
 6.850000E+01 11 0 0 0 0 0 0 0 0 0 0 0 18 20 17 18 15 15
 6.900000E+01 7 0 0 0 0 0 0 0 0 0 0 0 20 24 12 15 14 21
 6.950000E+01 17 0 0 0 0 0 0 0 0 0 0 0 21 26 12 20 18 21
 7.000000E+01 4 0 0 0 0 0 0 0 0 0 0 0 10 23 14 23 20 18
 7.050000E+01 12 0 0 0 0 0 0 0 0 0 0 0 12 19 17 28 15 21
 7.100000E+01 10 0 0 0 0 0 0 0 0 0 0 0 13 21 15 22 22 25
 7.150000E+01 6 0 0 0 0 0 0 0 0 1 0 0 19 18 21 10 21 15
 7.200000E+01 12 0 0 0 0 0 0 1 0 0 0 0 19 19 23 13 25 12
 7.250000E+01 10 0 0 0 0 0 0 0 0 1 0 0 20 13 16 15 23 18
 7.300000E+01 7 0 0 0 0 0 0 0 0 0 0 0 17 20 15 18 25 17
 7.350000E+01 1 0 0 0 0 0 0 0 0 0 0 0 19 24 15 13 25 14
 7.400000E+01 11 0 0 0 0 0 0 0 0 0 0 0 13 20 15 20 19 16
 7.450000E+01 7 0 0 0 0 0 0 0 0 0 0 0 15 19 18 24 20 15
 7.500000E+01 10 0 0 0 0 0 0 0 0 1 0 0 10 23 18 14 19 21
 7.550000E+01 9 0 0 0 0 0 0 0 0 1 0 0 18 25 17 15 18 18
 7.600000E+01 9 0 0 0 0 0 0 0 0 1 0 0 13 24 24 19 15 12
 7.650000E+01 13 0 0 0 0 0 0 0 0 0 0 0 17 15 24 21 20 16
 7.700000E+01 15 0 0 0 0 0 0 0 0 1 0 0 25 20 19 18 23 17
 7.750000E+01 7 0 0 0 0 0 0 1 0 1 0 0 20 27 19 14 16 17
 7.800000E+01 11 0 0 0 0 0 0 0 0 1 0 0 11 26 20 18 19 23
 7.850000E+01 5 0 0 0 0 0 0 0 0 1 0 0 20 20 16 19 24 18
 7.900000E+01 7 0 0 0 0 0 0 0 0 0 0 0 18 15 18 17 26 14
 7.950000E+01 10 0 0 0 0 0 0 0 0 0 0 0 21 14 14 20 26 18
 8.000000E+01 4 0 0 0 0 0 0 0 0 0 0 0 18 15 16 19 21 25
 8.050000E+01 10 0 0 0 0 0 0 0 0 0 0 0 25 18 17 21 18 13
 8.100000E+01 16 0 0 0 0 0 0 0 0 1 0 0 23 21 23 17 17 13
 8.150000E+01 5 0 0 0 0 0 0 0 0 1 0 0 22 18 17 15 17 20
 8.200000E+01 12 0 0 0 0 0 0 1 0 0 0 0 16 17 14 20 15 26
 8.250000E+01 8 0 0 0 0 0 0 1 0 0 0 0 16 16 19 23 15 28
 8.300000E+01 8 0 0 0 0 0 0 1 0 0 0 0 16 18 22 16 21 21
 8.350000E+01 12 0 0 0 0 0 0 0 0 1 0 0 11 14 18 8 29 27
 8.400000E+01 10 0 0 0 0 0 0 0 0 0 0 0 12 12 15 18 21 22
 8.450000E+01 12 0 0 0 0 0 0 0 0 0 0 0 4 17 15 16 22 23
 8.500000E+01 8 0 0 0 0 0 0 0 0 2 0 0 13 16 23 19 23 19
 8.550000E+01 3 0 0 0 0 0 0 1 0 1 0 0 11 15 24 27 19 23
 8.600000E+01 9 0 0 0 0 0 0 0 0 2 0 0 13 17 23 23 21 15
 8.650000E+01 12 0 0 0 0 0 0 0 0 0 0 0 14 14 19 26 25 16
 8.700000E+01 8 0 0 0 0 0 0 0 0 1 0 0 18 20 15 24 19 21
 8.750000E+01 12 0 0 0 0 0 0 1 0 0 0 0 13 20 12 19 21 29
 8.800000E+01 8 0 0 0 0 0 0 0 0 0 0 0 21 18 13 17 16 25
 8.850000E+01 11 0 0 0 0 0 0 0 0 0 0 0 25 21 11 15 23 18
 8.900000E+01 13 0 0 0 0 0 0 0 0 0 0 0 28 16 17 18 22 14
 8.950000E+01 13 0 0 0 0 0 0 0 0 0 0 0 18 12 11 16 18 17
 9.000000E+01 10 0 0 0 0 0 0 0 0 0 0 0 17 18 15 23 12 21
 9.050000E+01 9 0 0 0 0 0 0 0 0 0 0 0 21 27 20 26 12 16
 9.100000E+01 6 0 0 0 0 0 0 0 0 0 0 0 18 22 20 21 14 21
 9.150000E+01 9 0 0 0 0 0 0 0 0 0 0 0 20 19 19 21 13 25
 9.200000E+01 6 0 0 0 0 0 0 0 0 0 0 0 17 17 20 20 12 23
 9.250000E+01 7 0 0 0 0 0 0 0 0 0 0 0 12 18 16 24 17 22
 9.300000E+01 11 0 0 0 0 0 0 0 0 0 0 0 18 16 14 16 19 19
 9.350000E+01 11 0 0 0 0 0 0 0 0 0 0 0 14 24 16 13 18 18
 9.400000E+01 5 0 0 0 0 0 0 0 0 0 0 0 19 20 14 14 18 21
 9.450000E+01 15 0 0 0 0 0 0 0 0 0 0 0 19 23 14 10 12 25
 9.500000E+01 7 0 0 0 0 0 0 0 0 0 0 0 20 17 18 11 17 19
 9.550000E+01 16 0 0 0 0 0 0 0 0 1 0 0 14 20 21 16 16 13
 9.600000E+01 9 0 0 0 0 0 0 0 0 0 0 0 16 21 15 17 11 17
 9.650000E+01 14 0 0 0 0 0 0 0 0 0 0 0 20 18 21 21 16 16
 9.700000E+01 14 0 0 0 0 0 0 0 0 0 0 0 16 12 16 25 21 20
 9.750000E+01 11 0 0 0 0 0 0 0 0 0 0 0 16 16 17 17 25 16
 9.800000E+01 7 0 0 0 0 0 0 0 0 0 0 0 20 24 17 17 16 13
 9.850000E+01 6 0 0 0 0 0 0 0 0 0 0 0 26 26 14 17 16 19
 9.900000E+01 3 0 0 0 0 0 0 0 0 1 0 0 25 18 18 15 17 22
 9.950000E+01 17 0 0 0 0 0 0 1 0 0 0 0 16 11 17 24 14 29
 1.000000E+02 7 0 0 0 0 0 0 0 0 2 0 0 14 22 15 21 20 23
 1.005000E+02 10 0 0 0 0 0 0 1 0 0 0 0 13 21 20 16 16 25
 1.010000E+02 9 0 0 0 0 0 0 1 0 0 0 0 19 24 24 18 12 24
 1.015000E+02 6 0 0 0 0 0 0 0 0 0 0 0 16 14 17 17 16 19
 1.020000E+02 7 0 0 0 0 0 0 0 0 0 0 0 21 17 23 9 10 20
 1.025000E+02 9 0 0 0 0 0 0 0 0 1 0 0 17 20 20 22 12 16
 1.030000E+02 10 0 0 0 0 0 0 0 0 1 0 0 20 13 17 17 12 15
 1.035000E+02 13 0 0 0 0 1 0 0 0 0 0 0 19 23 13 16 8 16
 1.040000E+02 6 0 0 0 0 0 0 0 0 0 0 0 21 33 17 14 20 16
 1.045000E+02 12 0 0 0 0 0 0 0 0 0 0 0 22 29 24 9 13 9
 1.050000E+02 6 0 0 0 0 0 0 0 0 0 0 0 20 25 22 11 23 17
 1.055000E+02 5 0 0 0 0 0 0 0 0 0 0 0 20 21 20 15 21 16
 1.060000E+02 9 0 0 0 0 0 0 0 0 1 0 0 17 15 24 20 20 19
 1.065000E+02 15 0 0 0 0 0 0 0 0 0 0 0 19 13 23 13 23 20
 1.070000E+02 8 0 0 0 0 0 0 0 0 0 0 0 16 19 18 10 17 18
 1.075000E+02 9 0 0 0 0 0 0 0 0 0 0 0 25 18 25 12 11 22
 1.080000E+02 13 0 0 0 0 0 0 0 0 0 0 0 22 23 20 10 17 19
 1.085000E+02 7 0 0 0 0 0 0 0 0 0 0 0 17 24 12 15 13 26
 1.090000E+02 8 0 0 0 0 0 0 0 0 0 0 0 19 19 14 16 22 20
 1.095000E+02 9 0 0 0 0 0 0 0 0 0 0 0 16 24 15 13 19 23
 1.100000E+02 13 0 0 0 0 0 0 0 0 0 0 0 14 20 15 17 14 17
 1.105000E+02 11 0 0 0 0 0 0 0 0 0 0 0 13 23 20 21 14 20
 1.110000E+02 10 0 0 0 0 0 0 0 0 0 0 0 21 18 15 21 15 15
 1.115000E+02 7 0 0 0 0 0 0 0 0 0 0 0 16 18 18 22 11 18
 1.120000E+02 7 0 0 0 0 0 0 0 0 0 0 0 20 18 17 20 18 18
 1.125000E+02 10 0 0 0 0 0 0 0 0 0 0 0 12 16 13 23 22 24
 1.130000E+02 9 0 0 0 0 0 0 0 0 0 0 0 18 18 15 22 19 20
 1.135000E+02 8 0 0 0 0 0 0 0 0 0 0 0 11 10 21 21 19 22
 1.140000E+02 8 0 0 0 0 0 0 0 0 0 0 0 13 13 20 9 27 19
 1.145000E+02 10 0 0 0 0 0 0 0 0 0 0 0 14 16 23 9 22 21
 1.150000E+02 12 0 0 0 0 0 0 0 0 1 0 0 15 12 21 13 18 14
 1.155000E+02 9 0 0 0 0 0 0 1 0 0 0 0 25 16 18 16 17 16
 1.160000E+02 7 0 0 0 0 0 0 0 0 1 0 0 22 14 18 10 22 17
 1.165000E+02 8 0 0 0 0 0 0 0 0 0 0 0 19 11 20 19 24 24
 1.170000E+02 7 0 0 0 0 0 0 0 0 0 0 0 19 11 18 18 20 22
 1.175000E+02 8 0 0 0 0 0 0 0 0 0 0 0 15 13 17 24 17 18
 1.180000E+02 6 0 0 0 0 0 0 0 0 1 0 0 16 15 17 19 25 18
 1.185000E+02 10 0 0 0 0 0 0 0 0 0 0 0 14 16 10 20 22 17
 1.190000E+02 8 0 0 0 0 0 0 0 0 0 0 0 12 22 12 23 20 17
 1.195000E+02 9 0 0 0 0 0 0 0 0 0 0 0 16 19 18 25 13 14
 1.200000E+02 6 0 0 0 0 0 0 0 0 0 0 0 14 18 18 15 16 19
 1.205000E+02 7 0 0 0 0 0 0 0 0 0 0 0 16 17 9 18 22 21
 1.210000E+02 13 0 0 0 0 0 0 0 0 0 0 0 14 13 12 17 18 16
 1.215000E+02 10 0 0 0 0 0 0 0 0 0 0 0 17 15 10 17 21 24
 1.220000E+02 9 0 0 0 0 0 0 0 0 0 0 0 13 19 13 14 21 19
 1.225000E+02 5 0 0 0 0 0 0 0 0 0 0 0 22 14 16 8 22 18
 1.230000E+02 9 0 0 0 0 0 0 0 0 0 0 0 18 11 16 14 24 17
 1.235000E+02 7 0 0 0 0 0 0 0 0 0 0 0 22 11 12 13 19 15
 1.240000E+02 5 0 0 0 0 0 0 0 0 0 0 0 20 11 16 21 23 13
 1.245000E+02 7 0 0 0 0 0 0 0 0 0 0 0 19 11 18 23 19 11
 1.250000E+02 6 0 0 0 0 0 0 0 0 0 0 0 12 18 20 25 11 13
 1.255000E+02 10 0 0 0 0 0 0 0 0 0 0 0 12 17 17 21 17 12
 1.260000E+02 6 0 0 0 0 0 0 0 0 0 0 0 10 16 18 22 15 13
 1.265000E+02 5 0 0 0 0 0 0 0 0 0 0 0 12 12 15 19 20 11
 1.270000E+02 11 0 0 0 0 0 0 0 0 0 0 0 8 11 18 15 23 23
 1.275000E+02 8 0 0 0 0 0 0 0 0 0 0 0 14 17 16 20 13 20
 1.280000E+02 7 0 0 0 0 0 0 0 0 2 0 0 21 20 15 22 10 15
 1.285000E+02 9 0 0 0 0 0 0 0 0 1 0 0 16 15 18 18 9 18
 1.290000E+02 10 0 0 0 0 0 0 0 0 0 0 0 13 11 23 24 15 18
 1.295000E+02 7 0 0 0 0 0 0 0 0 0 0 0 13 16 21 16 16 17
 1.300000E+02 10 0 0 0 0 0 0 0 0 0 0 0 14 14 19 21 14 24
 1.305000E+02 5 0 0 0 0 0 0 0 0 0 0 0 20 17 17 15 10 18
 1.310000E+02 6 0 0 0 0 0 0 0 0 0 0 0 15 20 17 23 11 16
 1.315000E+02 8 0 0 0 0 0 0 0 0 0 0 0 22 17 10 20 13 18
 1.320000E+02 11 0 0 0 0 0 0 0 0 0 0 0 22 22 11 23 12 18
 1.325000E+02 10 0 0 0 0 0 0 0 0 0 0 0 19 13 10 23 17 18
 1.330000E+02 12 0 0 0 0 0 0 0 0 0 0 0 18 13 13 15 11 18
 1.335000E+02 7 0 0 0 0 0 0 0 0 0 0 0 17 22 17 19 11 14
 1.340000E+02 7 0 0 0 0 0 0 0 0 0 0 0 15 20 15 20 12 16
 1.345000E+02 6 0 0 0 0 0 0 0 0 0 0 0 23 14 27 18 15 11
 1.350000E+02 4 0 0 0 0 0 0 0 0 0 0 0 17 16 20 15 19 18
 1.355000E+02 4 0 0 0 0 0 0 0 0 0 0 0 14 17 16 14 17 18
 1.360000E+02 4 0 0 0 0 0 0 0 0 0 0 0 12 12 16 13 18 22
 1.365000E+02 10 0 0 0 0 0 0 0 0 0 0 0 18 13 15 13 21 17
 1.370000E+02 8 0 0 0 0 0 0 0 0 0 0 0 13 17 13 16 23 22
 1.375000E+02 5 0 0 0 0 0 0 0 0 0 0 0 10 23 18 17 22 19
 1.380000E+02 10 0 0 0 0 0 0 0 0 0 0 0 12 12 26 15 22 17
 1.385000E+02 12 0 0 0 0 0 0 1 0 0 0 0 18 12 18 14 21 17
 1.390000E+02 12 0 0 0 0 0 0 0 0 1 0 0 17 7 21 16 23 17
 1.395000E+02 6 0 0 0 0 0 0 0 0 0 0 0 20 10 16 19 24 11
 1.400000E+02 6 0 0 0 0 0 0 0 0 0 0 0 18 12 19 19 18 22
 1.405000E+02 19 0 0 0 0 0 0 0 0 0 0 0 13 12 19 20 19 21
 1.410000E+02 9 0 0 0 0 0 0 0 0 0 0 0 17 11 22 18 23 16
 1.415000E+02 7 0 0 0 0 0 0 0 0 0 0 0 14 14 24 14 16 22
 1.420000E+02 11 0 0 0 0 0 0 0 0 0 0 0 14 16 23 16 16 17
 1.425000E+02 7 0 0 0 0 0 0 0 0 0 0 0 20 10 23 17 20 16
 1.430000E+02 5 0 0 0 0 0 0 0 0 0 0 0 17 12 25 12 17 19
 1.435000E+02 9 0 0 0 0 0 0 0 0 0 0 0 14 14 23 13 10 16
 1.440000E+02 8 0 0 0 0 0 0 0 0 0 0 0 19 11 26 16 11 19
 1.445000E+02 5 0 0 0 0 0 0 0 0 0 0 0 23 17 22 16 11 12
 1.450000E+02 12 0 0 0 0 0 0 0 0 0 0 0 23 19 19 13 17 12
 1.455000E+02 6 0 0 0 0 0 0 0 0 0 0 0 25 18 17 12 18 14
 1.460000E+02 6 0 0 0 0 0 0 0 0 0 0 0 18 17 21 10 15 16
 1.465000E+02 7 0 0 0 0 0 0 0 0 0 0 0 23 17 22 12 18 18
 1.470000E+02 8 0 0 0 0 0 0 0 0 0 0 0 17 24 19 12 14 16
 1.475000E+02 9 0 0 0 0 0 0 0 0 0 0 0 16 27 18 15 21 15
 1.480000E+02 4 0 0 0 0 0 0 0 0 0 0 0 16 24 16 15 24 15
 1.485000E+02 8 0 0 0 0 0 0 0 0 0 0 0 16 21 15 13 18 19
 1.490000E+02 9 0 0 0 0 0 0 0 0 1 0 0 10 22 14 15 22 18
 1.495000E+02 9 0 0 0 0 0 0 1 0 0 0 0 16 24 18 21 15 18
 1.500000E+02 8 0 0 0 0 0 0 0 0 1 0 0 13 18 16 16 17 16
 1.505000E+02 8 0 0 0 0 0 0 0 0 0 0 0 21 18 22 18 13 16
 1.510000E+02 11 0 0 0 0 0 0 0 0 0 0 0 13 17 18 15 19 16
 1.515000E+02 8 0 0 0 0 0 0 0 0 0 0 0 13 14 22 24 23 17
 1.520000E+02 7 0 0 0 0 0 0 0 0 0 0 0 14 18 17 21 19 15
 1.525000E+02 7 0 0 0 0 0 0 0 0 0 0 0 12 23 19 17 15 18
 1.530000E+02 5 0 0 0 0 0 0 0 0 0 0 0 13 20 23 13 21 18
 1.535000E+02 14 0 0 0 0 0 0 0 0 0 0 0 14 23 23 12 15 20
 1.540000E+02 11 0 0 0 0 0 0 0 0 0 0 0 15 16 20 15 12 17
 1.545000E+02 16 0 0 0 0 0 0 0 0 0 0 0 12 23 15 22 20 16
 1.550000E+02 15 0 0 0 0 0 0 0 0 0 0 0 18 20 16 19 13 21
 1.555000E+02 7 0 0 0 0 0 0 0 0 0 0 0 18 17 11 10 12 22
 1.560000E+02 8 0 0 0 0 0 0 0 0 0 0 0 15 18 14 16 17 23
 1.565000E+02 12 0 0 0 0 0 0 0 0 0 0 0 13 16 16 17 18 22
 1.570000E+02 10 0 0 0 0 0 0 0 0 1 0 0 14 16 12 17 19 17
 1.575000E+02 9 0 0 0 0 0 0 0 0 1 0 0 17 18 13 29 16 12
 1.580000E+02 9 0 0 0 0 0 0 0 0 1 0 0 23 16 15 25 19 10
 1.585000E+02 5 0 0 0 0 0 0 0 0 1 0 0 21 14 18 19 17 15
 1.590000E+02 3 0 0 0 0 0 0 0 0 1 0 0 16 11 22 20 17 13
 1.595000E+02 6 0 0 0 0 0 0 0 0 0 0 0 23 10 18 13 19 17
 1.600000E+02 12 0 0 0 0 0 0 0 0 0 0 0 21 14 16 15 20 14
 1.605000E+02 7 0 0 0 0 0 0 0 0 0 0 0 23 13 13 21 20 14
 1.610000E+02 6 0 0 0 0 0 0 0 0 0 0 0 14 22 13 22 22 14
 1.615000E+02 4 0 0 0 0 0 0 0 0 0 0 0 17 19 18 14 19 16
 1.620000E+02 7 0 0 0 0 0 0 0 0 0 0 0 19 17 16 21 18 18
 1.625000E+02 6 0 0 0 0 0 0 0 0 0 0 0 17 15 17 17 23 17
 1.630000E+02 11 0 0 0 0 0 0 0 0 0 0 0 12 12 17 19 21 23
 1.635000E+02 11 0 0 0 0 0 0 1 0 0 0 0 20 15 11 13 19 29
 1.640000E+02 5 0 0 0 0 0 0 0 0 0 0 0 19 13 15 16 23 25
 1.645000E+02 8 0 0 0 0 0 0 0 0 0 0 0 19 12 22 16 14 21
 1.650000E+02 8 0 0 0 0 0 0 0 0 0 0 0 27 12 18 15 13 22
 1.655000E+02 10 0 0 0 0 0 0 0 0 0 0 0 20 15 15 8 12 18
 1.660000E+02 11 0 0 0 0 0 0 0 0 0 0 0 21 16 11 26 17 16
 1.665000E+02 5 0 0 0 0 0 0 0 0 0 0 0 26 18 14 16 12 14
 1.670000E+02 6 0 0 0 0 0 0 0 0 0 0 0 24 13 17 17 13 12
 1.675000E+02 7 0 0 0 0 0 0 0 0 0 0 0 24 13 13 14 22 18
 1.680000E+02 9 0 0 0 0 0 0 0 0 0 0 0 15 18 11 15 16 19
 1.685000E+02 7 0 0 0 0 0 0 0 0 0 0 0 14 18 12 15 22 25
 1.690000E+02 11 0 0 0 0 0 0 0 0 0 0 0 19 22 16 17 20 21
 1.695000E+02 6 0 0 0 0 0 0 0 0 0 0 0 16 16 18 18 15 18
 1.700000E+02 6 0 0 0 0 0 0 0 0 0 0 0 17 13 19 15 16 14
 1.705000E+02 13 0 0 0 0 0 0 1 0 0 0 0 12 16 11 22 22 14
 1.710000E+02 11 0 0 0 0 0 0 0 0 1 0 0 10 20 20 19 19 14
 1.715000E+02 13 0 0 0 0 0 0 0 0 0 0 0 11 19 25 17 19 18
 1.720000E+02 8 0 0 0 0 0 0 0 0 0 0 0 12 17 23 20 16 20
 1.725000E+02 6 0 0 0 0 0 0 0 0 0 0 0 6 20 23 20 14 24
 1.730000E+02 7 0 0 0 0 0 0 0 0 0 0 0 19 20 18 17 15 17
 1.735000E+02 5 0 0 0 0 0 0 0 0 0 0 0 22 21 22 15 16 15
 1.740000E+02 12 0 0 0 0 0 0 0 0 0 0 0 18 23 20 11 17 19
 1.745000E+02 14 0 0 0 0 0 0 0 0 0 0 0 21 18 21 15 15 16
 1.750000E+02 8 0 0 0 0 0 0 0 0 0 0 0 19 17 17 21 9 18
 1.755000E+02 3 0 0 0 0 0 0 0 0 0 0 0 21 18 14 19 19 20
 1.760000E+02 11 0 0 0 0 0 0 0 0 0 0 0 20 21 13 19 19 25
 1.765000E+02 7 0 0 0 0 0 0 0 0 0 0 0 17 17 21 17 15 17
 1.770000E+02 12 0 0 0 0 0 0 0 0 1 0 0 14 14 19 23 16 15
 1.775000E+02 6 0 0 0 0 0 0 0 0 1 0 0 22 11 17 19 26 22
 1.780000E+02 12 0 0 0 0 0 0 0 0 2 0 0 13 10 19 18 22 16
 1.785000E+02 6 0 0 0 0 0 0 1 0 0 0 0 20 11 24 14 20 17
 1.790000E+02 10 0 0 0 0 0 0 0 0 1 0 0 23 17 19 18 15 16
 1.795000E+02 12 0 0 0 0 0 0 1 0 0 0 0 16 19 18 14 17 21
 1.800000E+02 7 0 0 0 0 0 0 0 0 0 0 0 18 21 17 18 16 15
 1.805000E+02 9 0 0 0 0 0 0 0 0 0 0 0 23 18 20 14 18 23
 1.810000E+02 10 0 0 0 0 0 0 0 0 0 0 0 19 22 15 16 25 23
 1.815000E+02 14 0 0 0 0 0 0 0 0 0 0 0 22 23 20 14 20 12
 1.820000E+02 14 0 0 0 0 0 0 0 0 0 0 0 16 25 17 28 18 13
 1.825000E+02 11 0 0 0 0 0 0 1 0 1 0 0 15 19 12 24 22 18
 1.830000E+02 9 0 0 0 0 0 0 1 0 0 0 0 15 15 8 24 22 19
 1.835000E+02 11 0 0 0 0 0 0 0 0 1 0 0 12 15 17 28 17 18
 1.840000E+02 5 0 0 0 0 0 0 0 0 0 0 0 21 20 20 23 11 15
 1.845000E+02 11 0 0 0 0 0 0 0 0 0 0 0 29 25 16 20 9 18
 1.850000E+02 6 0 0 0 0 0 0 0 0 1 0 0 23 17 18 23 6 20
 1.855000E+02 6 0 0 0 0 0 0 0 0 1 0 0 27 9 25 17 12 20
 1.860000E+02 11 0 0 0 0 0 0 0 0 0 0 0 22 21 21 18 15 15
 1.865000E+02 10 0 0 0 0 0 0 0 0 0 0 0 13 21 17 27 16 19
 1.870000E+02 5 0 0 0 0 0 0 0 0 0 0 0 16 23 19 23 22 17
 1.875000E+02 12 0 0 0 0 0 0 0 0 0 0 0 24 15 16 22 18 13
 1.880000E+02 9 0 0 0 0 0 0 0 0 0 0 0 19 13 14 17 17 19
 1.885000E+02 7 0 0 0 0 0 0 0 0 0 0 0 26 13 18 17 12 25
 1.890000E+02 11 0 0 0 0 0 0 0 0 0 0 0 26 17 20 16 13 25
 1.895000E+02 11 0 0 0 0 0 0 0 0 1 0 0 26 27 13 16 20 20
 1.900000E+02 6 0 0 0 0 0 0 0 0 1 0 0 23 21 17 18 16 13
 1.905000E+02 13 0 0 0 0 0 0 0 0 1 0 0 22 23 18 20 20 16
 1.910000E+02 5 0 0 0 0 0 0 0 0 1 0 0 19 13 18 15 28 16
 1.915000E+02 15 0 0 0 0 0 0 0 0 0 0 0 17 15 19 12 22 19
 1.920000E+02 10 0 0 0 0 0 0 0 0 0 0 0 17 19 20 15 16 22
 1.925000E+02 11 0 0 0 0 0 0 0 0 0 0 0 21 13 16 19 15 14
 1.930000E+02 14 0 0 0 0 0 0 0 0 0 0 0 21 8 19 23 13 18
 1.935000E+02 11 0 0 0 0 0 0 0 0 0 0 0 18 8 23 20 14 14
 1.940000E+02 9 0 0 0 0 0 0 0 0 0 0 0 12 14 28 19 16 17
 1.945000E+02 13 0 0 0 0 0 0 0 0 0 0 0 13 17 16 20 19 16
 1.950000E+02 11 0 0 0 0 0 0 0 0 0 0 0 11 14 15 20 26 21
 1.955000E+02 8 0 0 0 0 0 0 0 0 0 0 0 14 9 18 19 16 28
 1.960000E+02 8 0 0 0 0 0 0 0 0 0 0 0 15 15 26 14 17 18
 1.965000E+02 8 0 0 0 0 0 0 0 0 0 0 0 17 22 23 12 20 22
 1.970000E+02 5 0 0 0 0 0 0 0 0 0 0 0 17 12 22 19 22 14
 1.975000E+02 9 0 0 0 0 0 0 0 0 0 0 0 13 20 23 21 17 14
 1.980000E+02 7 0 0 0 0 0 0 0 0 0 0 0 20 22 22 14 16 16
 1.985000E+02 15 0 0 0 0 0 0 0 0 0 0 0 14 15 22 13 22 15
 1.990000E+02 7 0 0 0 0 0 0 0 0 0 0 0 20 17 16 18 24 17
 1.995000E+02 8 0 0 0 0 0 0 0 0 0 0 0 20 19 9 18 14 20
 2.000000E+02 8 0 0 0 0 0 0 0 0 0 0 0 22 22 14 19 12 18
 2.005000E+02 9 0 0 0 0 0 0 0 0 0 0 0 17 13 11 23 12 24
 2.010000E+02 6 0 0 0 0 0 0 0 0 0 0 0 21 13 11 23 20 21
 2.015000E+02 8 0 0 0 0 0 0 0 0 0 0 0 19 18 14 20 26 19
 2.020000E+02 10 0 0 0 0 0 0 0 0 0 0 0 21 19 15 16 13 18
 2.025000E+02 5 0 0 0 0 0 0 0 0 0 0 0 24 14 14 16 13 19
 2.030000E+02 13 0 0 0 0 0 0 0 0 0 0 0 22 15 16 15 13 23
 2.035000E+02 14 0 0 0 0 0 0 1 0 0 0 0 19 17 13 19 26 14
 2.040000E+02 5 0 0 0 0 0 0 0 0 0 0 0 19 15 18 18 18 16
 2.045000E+02 5 0 0 0 0 0 0 0 0 0 0 0 17 11 18 18 19 16
 2.050000E+02 12 0 0 0 0 0 0 0 0 0 0 0 23 9 14 23 25 9
 2.055000E+02 8 0 0 0 0 0 0 0 0 0 0 0 15 18 17 15 23 17
 2.060000E+02 5 0 0 0 0 0 0 0 0 0 0 0 13 17 19 13 17 16
 2.065000E+02 7 0 0 0 0 0 0 0 0 0 0 0 14 20 13 14 16 11
 2.070000E+02 8 0 0 0 0 0 0 0 0 0 0 0 11 18 17 14 14 17
 2.075000E+02 11 0 0 0 0 0 0 0 0 0 0 0 11 15 16 18 20 15
 2.080000E+02 6 0 0 0 0 0 0 0 0 0 0 0 14 19 18 16 19 14
 2.085000E+02 4 0 0 0 0 0 0 0 0 1 0 0 17 18 18 14 20 17
 2.090000E+02 3 0 0 0 0 0 0 0 0 1 0 0 16 18 20 8 18 15
 2.095000E+02 4 0 0 0 0 0 0 0 0 1 0 0 25 14 20 12 16 13
 2.100000E+02 9 0 0 0 0 0 0 0 0 1 0 0 18 17 17 14 22 14
 2.105000E+02 11 0 0 0 0 0 0 0 0 1 0 0 24 11 19 12 20 14
 2.110000E+02 5 0 0 0 0 0 0 0 0 0 0 0 16 8 19 13 18 15
 2.115000E+02 7 0 0 0 0 0 0 0 0 1 0 0 13 16 18 11 15 11
 2.120000E+02 7 0 0 0 0 0 0 0 0 2 0 0 14 13 21 7 23 23
 2.125000E+02 13 0 0 0 0 0 0 0 0 0 0 0 18 16 19 14 14 21
 2.130000E+02 5 0 0 0 0 0 0 0 0 0 0 0 16 19 20 18 19 19
 2.135000E+02 6 0 0 0 0 0 0 0 0 0 0 0 10 17 16 20 19 13
 2.140000E+02 7 0 0 0 0 0 0 0 0 0 0 0 13 14 23 17 16 14
 2.145000E+02 10 0 0 0 0 0 0 0 0 0 0 0 18 17 23 21 14 20
 2.150000E+02 14 0 0 0 0 0 0 0 0 0 0 0 14 22 18 17 15 15
 2.155000E+02 3 0 0 0 0 0 0 0 0 0 0 0 15 12 21 16 11 13
 2.160000E+02 13 0 0 0 0 0 0 0 0 0 0 0 18 15 20 18 14 14
 2.165000E+02 13 0 0 0 0 0 0 0 0 0 0 0 15 15 20 18 15 15
 2.170000E+02 5 0 0 0 0 0 0 0 0 0 0 0 14 16 16 19 20 8
 2.175000E+02 7 0 0 0 0 0 0 0 0 0 0 0 17 9 14 13 20 15
 2.180000E+02 7 0 0 0 0 0 0 0 0 0 0 0 16 14 19 15 23 16
 2.185000E+02 9 0 0 0 0 0 0 0 0 0 0 0 10 15 16 16 15 13
 2.190000E+02 11 0 0 0 0 0 0 0 0 1 0 0 16 14 10 15 15 17
 2.195000E+02 11 0 0 0 0 0 0 0 0 1 0 0 25 12 14 16 14 19
 2.200000E+02 8 0 0 0 0 0 0 0 0 1 0 0 26 8 14 15 14 13
 2.205000E+02 6 0 0 0 0 0 0 0 0 1 0 0 22 15 17 17 13 19
 2.210000E+02 6 0 0 0 0 0 0 0 0 0 0 0 14 17 22 18 16 12
 2.215000E+02 7 0 0 0 0 0 0 0 0 0 0 0 15 22 14 16 16 25
 2.220000E+02 4 0 0 0 0 0 0 0 0 0 0 0 16 13 19 17 22 16
 2.225000E+02 9 0 0 0 0 0 0 0 0 0 0 0 16 10 23 12 20 14
 2.230000E+02 5 0 0 0 0 0 0 0 0 0 0 0 12 10 18 18 21 18
 2.235000E+02 14 0 0 0 0 0 0 0 0 0 0 0 13 13 19 11 19 14
 2.240000E+02 8 0 0 0 0 0 0 0 0 0 0 0 11 19 24 13 16 20
 2.245000E+02 4 0 0 0 0 0 0 0 0 0 0 0 10 23 21 15 14 19
 2.250000E+02 6 0 0 0 0 0 0 0 0 0 0 0 15 18 16 17 19 12
 2.255000E+02 10 0 0 0 0 0 0 0 0 0 0 0 18 21 12 20 26 14
 2.260000E+02 6 0 0 0 0 0 0 0 0 0 0 0 19 19 15 13 24 16
 2.265000E+02 5 0 0 0 0 0 0 0 0 0 0 0 22 13 12 17 21 13
 2.270000E+02 6 0 0 0 0 0 0 0 0 0 0 0 26 11 14 15 15 16
 2.275000E+02 6 0 0 0 0 0 0 0 0 0 0 0 24 10 12 13 13 17
 2.280000E+02 12 0 0 0 0 0 0 0 0 0 0 0 20 16 12 13 15 17
 2.285000E+02 9 0 0 0 0 0 0 0 0 0 0 0 18 15 13 16 16 14
 2.290000E+02 7 0 0 0 0 0 0 0 0 0 0 0 16 15 20 16 17 16
 2.295000E+02 7 0 0 0 0 0 0 0 0 0 0 0 19 11 21 18 13 19
 2.300000E+02 11 0 0 0 0 0 0 0 0 0 0 0 22 14 19 14 15 13
 2.305000E+02 10 0 0 0 0 0 0 0 0 0 0 0 19 15 17 19 10 13
 2.310000E+02 6 0 0 0 0 0 0 0 0 0 0 0 23 20 10 18 15 15
 2.315000E+02 6 0 0 0 0 0 0 0 0 0 0 0 20 17 8 23 13 14
 2.320000E+02 4 0 0 0 0 0 0 0 0 0 0 0 21 23 16 15 20 9
 2.325000E+02 7 0 0 0 0 0 0 0 0 0 0 0 25 13 16 10 17 22
 2.330000E+02 16 0 0 0 0 0 0 0 0 0 0 0 25 8 15 14 11 16
 2.335000E+02 9 0 0 0 0 0 0 0 0 0 0 0 21 14 12 14 19 17
 2.340000E+02 10 0 0 0 0 0 0 0 0 0 0 0 15 24 12 8 15 18
 2.345000E+02 11 0 0 0 0 0 0 0 0 0 0 0 16 23 17 11 14 15
 2.350000E+02 12 0 0 0 0 0 0 0 0 0 0 0 16 20 22 15 17 15
 2.355000E+02 7 0 0 0 0 0 0 0 0 0 0 0 21 19 18 16 13 18
 2.360000E+02 9 0 0 0 0 0 0 0 0 0 0 0 18 26 18 12 9 11
 2.365000E+02 7 0 0 0 0 0 0 0 0 0 0 0 15 17 22 9 15 10
 2.370000E+02 3 0 0 0 0 0 0 0 0 0 0 0 16 23 21 13 12 12
 2.375000E+02 9 0 0 0 0 0 0 0 0 1 0 0 18 17 21 14 14 13
 2.380000E+02 9 0 0 0 0 0 0 0 0 2 0 0 24 10 18 16 18 14
 2.385000E+02 6 0 0 0 0 0 0 0 0 0 0 0 25 17 16 11 17 17
 2.390000E+02 19 0 0 0 0 0 0 0 0 0 0 0 23 14 15 16 24 14
 2.395000E+02 9 0 0 0 0 0 0 0 0 0 0 0 16 15 20 20 25 18
 2.400000E+02 7 0 0 0 0 0 0 0 0 0 0 0 16 14 22 12 27 15
 2.405000E+02 12 0 0 0 0 0 0 0 0 0 0 0 10 8 21 13 24 16
 2.410000E+02 6 0 0 0 0 0 0 0 0 0 0 0 13 6 21 19 25 16
 2.415000E+02 2 0 0 0 0 0 0 0 0 1 0 0 16 10 14 23 23 18
 2.420000E+02 13 0 0 0 0 0 0 0 0 1 0 0 18 10 23 24 17 20
 2.425000E+02 9 0 0 0 0 0 0 0 0 1 0 0 20 16 20 21 15 13
 2.430000E+02 8 0 0 0 0 0 0 0 0 2 0 0 13 14 17 18 13 16
 2.435000E+02 6 0 0 0 0 0 0 0 0 2 0 0 13 10 17 23 14 18
 2.440000E+02 8 0 0 0 0 0 0 0 0 2 0 0 13 11 13 23 16 12
 2.445000E+02 9 0 0 0 0 0 0 0 0 2 0 0 19 16 19 21 13 14
 2.450000E+02 9 0 0 0 0 0 0 0 0 2 0 0 17 13 15 16 14 13
 2.455000E+02 9 0 0 1 0 0 0 0 1 0 0 1 15 18 15 20 14 18
 2.460000E+02 8 0 0 1 0 0 0 0 0 1 1 0 12 17 12 15 14 18
 2.465000E+02 6 0 0 0 0 0 0 0 0 1 0 0 16 19 13 10 18 20
 2.470000E+02 10 0 0 1 0 0 0 0 0 0 0 0 17 12 18 14 17 15
 2.475000E+02 12 0 0 0 0 0 0 0 0 1 0 0 16 19 19 14 12 9
 2.480000E+02 12 0 0 0 0 0 0 0 0 0 0 0 17 20 12 20 13 11
 2.485000E+02 5 0 0 0 0 0 0 0 0 0 0 0 24 13 12 17 15 22
 2.490000E+02 5 0 0 0 0 0 0 0 0 0 0 0 18 15 17 10 16 12
 2.495000E+02 10 0 0 0 0 0 0 0 0 0 0 0 11 18 22 10 17 14
 2.500000E+02 6 0 0 0 0 0 0 0 0 0 0 0 10 21 21 17 19 15
 2.505000E+02 1066 0 0 2 0 0 0 1 0 4 0 0 0 0 0 0 0 0
 2.510000E+02 1826 2 0 7 0 1 0 1 0 18 1 0 0 0 0 0 0 0
 2.515000E+02 2136 1 0 8 0 0 0 3 0 17 1 2 0 0 0 0 0 0
 2.520000E+02 2258 0 0 9 0 1 0 3 0 25 1 0 0 0 0 0 0 0
 2.525000E+02 971 1 0 7 1 0 0 0 0 33 0 1 0 0 0 0 0 0
 2.530000E+02 468 0 0 4 0 0 0 4 1 23 0 0 0 0 0 0 0 0
 2.535000E+02 201 0 0 4 0 0 0 1 0 13 1 0 0 0 0 0 0 0
 2.540000E+02 94 0 0 3 0 0 0 0 0 10 0 0 0 0 1 2 0 0
 2.545000E+02 1278 0 0 0 0 0 0 1 0 15 0 0 0 0 0 0 0 0
 2.550000E+02 1877 0 0 4 0 0 0 0 0 22 0 0 0 0 0 0 0 0
 2.555000E+02 2139 0 0 5 0 0 0 3 0 31 0 0 0 0 0 0 0 0
 2.560000E+02 2288 1 0 3 0 1 0 4 0 38 0 0 0 0 0 0 0 0
 2.565000E+02 996 1 0 6 0 0 0 6 0 30 1 0 0 0 0 0 0 0
 2.570000E+02 431 0 0 5 0 0 0 3 1 23 1 1 0 0 0 0 0 0
 2.575000E+02 201 0 0 3 0 1 0 1 0 16 1 0 2 0 1 0 0 1
 2.580000E+02 115 0 0 1 0 0 0 3 0 13 0 0 2 2 1 4 0 1
 2.585000E+02 1404 0 0 0 0 0 0 2 0 21 1 0 0 0 0 0 0 0
 2.590000E+02 1921 0 0 2 0 3 0 3 0 24 3 0 0 0 0 0 0 0
 2.595000E+02 2182 0 0 2 1 0 0 2 0 35 2 1 0 0 0 0 0 0
 2.600000E+02 2284 3 0 2 0 0 0 4 0 35 1 0 0 0 0 0 0 0
 2.605000E+02 997 5 0 1 0 0 0 3 0 38 0 0 0 0 0 0 0 0
 2.610000E+02 462 0 0 1 0 0 0 6 0 22 0 0 0 0 0 0 0 0
 2.615000E+02 203 1 0 0 0 0 0 4 0 11 0 0 0 0 0 0 1 0
 2.620000E+02 110 0 0 3 0 3 0 0 0 10 0 0 2 0 1 1 1 4
 2.625000E+02 1410 0 0 1 0 1 0 1 0 15 0 0 0 0 0 0 0 0
 2.630000E+02 2011 1 0 0 0 0 0 5 0 18 2 0 0 0 0 0 0 0
 2.635000E+02 2209 1 0 2 1 1 0 4 0 36 0 0 0 0 0 0 0 0
 2.640000E+02 2280 0 0 1 0 2 1 7 0 40 0 1 0 0 0 0 0 0
 2.645000E+02 988 0 0 1 0 1 0 4 0 34 0 1 0 1 0 0 0 0
 2.650000E+02 430 0 0 1 0 1 0 4 0 22 0 1 0 0 0 1 0 0
 2.655000E+02 207 1 0 3 0 2 0 0 0 15 1 0 1 1 0 2 0 0
 2.660000E+02 109 0 0 0 0 1 0 8 0 13 1 0 2 3 3 1 1 3
 2.665000E+02 1427 0 0 2 0 1 0 2 0 15 0 2 0 0 0 0 0 0
 2.670000E+02 1911 0 0 0 0 3 0 3 0 24 0 0 0 0 0 1 0 0
 2.675000E+02 2114 0 0 1 0 3 0 5 1 27 0 0 0 0 0 0 0 0
 2.680000E+02 2254 1 0 2 0 2 1 1 0 25 0 0 0 0 0 0 0 0
 2.685000E+02 949 0 0 2 0 1 0 3 0 24 1 0 0 0 0 0 0 0
 2.690000E+02 402 0 0 1 0 0 0 8 0 16 0 0 0 0 0 0 0 0
 2.695000E+02 176 2 0 1 0 0 0 3 0 16 0 0 1 2 1 0 0 0
 2.700000E+02 92 0 0 1 0 2 0 0 0 12 1 0 3 1 1 2 2 1
 2.705000E+02 1332 1 0 2 0 0 0 0 0 18 0 0 0 0 0 0 0 0
 2.710000E+02 1900 1 0 2 0 1 0 7 0 20 1 0 0 0 0 0 0 0
 2.715000E+02 2149 2 0 1 0 0 0 6 1 33 0 0 0 0 0 0 0 0
 2.720000E+02 2277 0 0 0 0 2 0 5 0 29 1 1 0 0 0 0 0 0
 2.725000E+02 982 0 0 3 0 1 0 2 0 29 1 2 0 0 0 0 0 0
 2.730000E+02 412 2 0 1 0 2 0 5 1 17 0 1 0 0 0 1 1 0
 2.735000E+02 184 0 0 0 0 2 0 0 0 10 0 1 0 0 1 2 1 1
 2.740000E+02 91 0 0 0 0 1 0 0 0 7 0 0 2 4 1 4 4 0
 2.745000E+02 1421 1 0 0 0 1 0 4 0 12 2 0 0 0 0 0 0 0
 2.750000E+02 1981 2 0 1 0 5 0 3 0 28 0 1 0 1 0 0 0 0
 2.755000E+02 2180 3 0 0 0 1 0 2 0 31 0 0 0 0 0 0 0 0
 2.760000E+02 2249 0 0 2 0 4 0 3 0 34 1 0 0 0 0 0 0 0
 2.765000E+02 973 2 0 1 0 1 0 4 0 40 1 0 0 0 0 0 1 0
 2.770000E+02 428 0 0 1 0 2 0 13 1 18 0 0 1 0 0 0 0 0
 2.775000E+02 203 2 0 0 0 2 0 3 0 12 1 1 0 0 0 0 0 0
 2.780000E+02 115 0 0 0 0 0 0 2 0 11 0 0 2 0 1 0 2 2
 2.785000E+02 1332 0 0 0 0 1 1 3 0 17 0 0 0 0 0 0 0 0
 2.790000E+02 1877 2 0 0 0 3 0 4 0 17 1 0 0 0 0 0 0 0
 2.795000E+02 2116 0 0 0 0 1 0 5 0 33 1 1 0 0 0 0 0 0
 2.800000E+02 2220 2 0 0 0 1 1 13 0 34 0 1 0 0 0 0 0 0
 2.805000E+02 951 2 0 1 0 3 1 7 0 31 1 0 0 0 0 0 0 0
 2.810000E+02 420 2 0 0 0 0 0 5 0 28 0 0 0 0 0 0 0 0
 2.815000E+02 194 1 0 0 0 1 0 2 0 23 0 1 0 2 2 0 1 0
 2.820000E+02 115 1 0 0 0 2 0 1 0 13 0 0 1 3 0 1 3 3
 2.825000E+02 1335 1 0 1 0 0 0 2 0 18 0 1 0 0 0 0 0 0
 2.830000E+02 1945 0 0 1 0 0 0 4 0 32 1 0 0 0 0 0 0 0
 2.835000E+02 2184 2 0 2 0 2 0 8 1 27 1 1 0 0 0 0 0 0
 2.840000E+02 2191 0 0 1 0 0 0 5 0 43 0 0 0 0 0 0 0 0
 2.845000E+02 961 0 0 0 0 1 0 4 0 37 1 2 0 0 0 0 0 0
 2.850000E+02 454 0 0 1 0 2 0 5 1 21 1 2 0 0 0 1 0 0
 2.855000E+02 188 0 0 0 0 1 0 0 0 21 0 0 2 0 1 1 1 1
 2.860000E+02 111 0 0 0 0 0 0 4 0 11 0 0 1 3 3 1 2 3
 2.865000E+02 1391 0 0 0 0 0 0 2 0 16 0 1 0 0 0 0 0 0
 2.870000E+02 1803 0 1 0 0 1 0 5 0 29 1 0 0 0 0 0 0 0
 2.875000E+02 2087 0 0 1 0 1 0 3 0 32 0 2 0 0 0 0 0 0
 2.880000E+02 2162 4 0 1 0 1 1 6 0 32 0 1 0 0 0 0 0 0
 2.885000E+02 1002 0 0 0 0 2 0 4 0 31 0 1 0 0 0 0 0 0
 2.890000E+02 440 0 0 0 0 2 0 8 0 25 0 1 0 0 0 0 0 0
 2.895000E+02 192 0 0 0 0 3 0 3 1 16 1 1 1 0 0 0 0 1
 2.900000E+02 101 0 0 1 0 1 0 0 0 15 0 0 4 3 1 1 0 2
 2.905000E+02 69 0 0 0 0 0 0 2 0 10 1 0 3 3 2 7 2 4
 2.910000E+02 58 1 0 0 0 0 0 0 0 5 0 0 2 5 8 6 4 7
 2.915000E+02 46 0 0 0 0 0 0 1 0 4 0 0 12 7 8 8 3 3
 2.920000E+02 34 0 0 1 0 0 0 0 0 3 0 1 11 8 9 7 7 7
 2.925000E+02 30 0 0 0 0 0 0 0 0 2 0 0 13 8 12 9 8 12
 2.930000E+02 25 0 0 0 0 0 0 1 0 1 0 0 10 8 12 13 6 10
 2.935000E+02 24 0 0 0 0 0 0 0 0 0 0 0 12 21 12 10 9 11
 2.940000E+02 25 0 0 0 0 0 0 0 0 0 0 0 14 18 12 11 12 10
 2.945000E+02 33 0 0 0 0 0 0 0 0 0 0 0 12 12 13 19 9 10
 2.950000E+02 29 0 0 0 0 0 0 0 0 0 0 0 13 17 8 16 10 10
 2.955000E+02 25 0 0 0 0 0 0 0 0 1 0 0 18 13 17 15 14 12
 2.960000E+02 31 0 0 0 0 0 0 0 0 1 0 0 19 19 17 19 15 16
 2.965000E+02 28 0 0 0 0 0 0 0 0 1 0 0 15 8 20 17 16 17
 2.970000E+02 23 0 0 0 0 1 0 0 0 0 0 0 16 22 19 15 14 15
 2.975000E+02 15 0 0 1 0 0 0 0 0 1 0 0 15 17 22 18 23 12
 2.980000E+02 20 0 0 0 0 0 0 1 0 0 0 0 16 21 18 24 13 15
 2.985000E+02 15 1 0 0 0 0 0 0 0 0 0 0 15 19 18 21 17 23
 2.990000E+02 16 0 0 0 0 0 0 0 0 2 0 0 26 14 20 16 14 26
 2.995000E+02 21 0 0 0 0 0 0 0 0 2 0 0 19 13 20 25 19 15
 3.000000E+02 22 0 0 0 0 0 0 1 0 2 0 0 27 11 13 16 19 18
 3.005000E+02 13 0 0 0 0 0 0 0 0 2 0 0 12 21 28 18 15 12
 3.010000E+02 8 0 0 0 0 0 0 0 0 2 0 0 15 24 15 24 17 16
 3.015000E+02 9 0 0 0 0 0 0 0 0 0 0 0 18 19 13 19 17 18
 3.020000E+02 15 0 0 0 0 0 0 0 0 0 0 0 17 25 15 16 16 17
 3.025000E+02 12 0 0 0 0 0 0 0 0 1 0 0 22 17 22 19 18 16
 3.030000E+02 16 0 0 0 0 0 0 0 0 1 0 0 13 22 17 19 21 15
 3.035000E+02 24 0 0 0 0 0 0 0 0 0 0 0 15 22 13 14 22 16
 3.040000E+02 13 0 0 0 0 0 0 0 0 1 0 0 16 19 21 14 20 15
 3.045000E+02 12 0 0 0 0 0 0 1 0 0 0 0 18 27 22 18 20 16
 3.050000E+02 12 0 0 0 0 0 0 0 0 1 0 0 18 12 23 23 22 25
 3.055000E+02 16 0 0 0 0 0 0 0 0 1 0 0 12 18 20 19 29 16
 3.060000E+02 10 0 0 0 0 0 0 0 0 1 0 0 19 17 17 20 24 25
 3.065000E+02 8 0 0 0 0 0 0 1 0 0 0 0 23 15 15 21 19 24
 3.070000E+02 11 0 0 0 0 0 0 0 0 0 0 0 22 17 16 23 18 21
 3.075000E+02 8 0 0 0 0 0 0 0 0 0 0 0 20 27 14 16 16 17
 3.080000E+02 9 0 0 0 0 0 0 0 0 0 0 0 19 23 16 19 18 18
 3.085000E+02 12 0 0 0 0 0 0 0 0 1 0 0 15 25 15 22 22 18
 3.090000E+02 12 0 0 0 0 0 0 0 0 0 0 0 15 18 20 13 27 17
 3.095000E+02 9 0 0 0 0 0 0 0 0 1 0 0 16 22 18 25 23 23
 3.100000E+02 15 0 0 0 0 0 0 1 0 0 0 0 12 25 12 29 18 18
 3.105000E+02 19 0 0 0 0 0 0 0 0 0 0 0 16 14 16 25 20 17
 3.110000E+02 10 0 0 0 0 0 0 0 0 0 0 0 28 15 20 18 25 15
 3.115000E+02 9 0 0 0 0 0 0 0 0 0 0 0 18 24 24 22 16 21
 3.120000E+02 10 0 0 0 0 0 0 0 0 0 0 0 20 29 17 27 19 17
 3.125000E+02 15 0 0 0 0 0 0 0 0 0 0 0 21 26 17 20 27 17
 3.130000E+02 11 0 0 0 0 0 0 0 0 0 0 0 25 26 22 19 14 15
 3.135000E+02 16 0 0 0 0 0 0 0 0 1 0 0 16 18 24 20 19 15
 3.140000E+02 18 0 0 0 0 0 0 0 0 1 0 0 19 19 25 16 17 15
 3.145000E+02 8 0 0 0 0 0 0 0 0 1 0 0 21 15 19 17 16 19
 3.150000E+02 6 0 0 0 0 0 0 0 0 2 0 0 25 14 21 20 15 17
 3.155000E+02 13 0 0 0 0 0 0 1 0 0 0 0 22 19 27 27 15 17
 3.160000E+02 11 0 0 0 0 0 0 0 0 0 0 0 21 19 16 21 18 19
 3.165000E+02 6 0 0 0 0 0 0 0 0 0 0 0 19 20 18 11 24 25
 3.170000E+02 12 0 0 0 0 0 0 0 0 0 0 0 18 20 17 17 18 20
 3.175000E+02 9 0 0 0 0 0 0 0 0 0 0 0 17 11 16 16 28 22
 3.180000E+02 4 0 0 0 0 0 0 0 0 0 0 0 24 15 14 18 28 19
 3.185000E+02 8 0 0 0 0 0 0 0 0 0 0 0 19 16 16 21 22 23
 3.190000E+02 12 0 0 0 0 0 0 0 0 0 0 0 18 17 17 13 16 23
 3.195000E+02 10 0 0 0 0 0 0 0 0 0 0 0 17 25 13 17 20 20
 3.200000E+02 8 0 0 0 0 0 0 0 0 0 0 0 33 15 18 17 19 19
 3.205000E+02 14 0 0 0 0 0 0 0 0 0 0 0 25 16 15 18 16 21
 3.210000E+02 6 0 0 0 0 0 0 0 0 0 0 0 17 17 19 10 21 19
 3.215000E+02 10 0 0 0 0 0 0 0 0 0 0 0 15 20 17 20 23 19
 3.220000E+02 14 0 0 0 0 0 0 0 0 0 0 0 22 19 14 15 18 24
 3.225000E+02 8 0 0 0 0 0 0 0 0 0 0 0 24 14 11 17 16 20
 3.230000E+02 8 0 0 0 0 0 0 0 0 0 0 0 20 17 16 20 16 25
 3.235000E+02 9 0 0 0 0 0 0 0 0 0 0 0 13 17 23 21 17 23
 3.240000E+02 7 0 0 0 0 0 0 0 0 0 0 0 16 20 24 15 18 16
 3.245000E+02 10 0 0 0 0 0 0 0 0 0 0 0 15 12 19 18 20 11
 3.250000E+02 12 0 0 0 0 0 0 0 0 0 0 0 13 20 21 14 19 15
 3.255000E+02 8 0 0 0 0 0 0 0 0 0 0 0 15 17 22 16 19 20
 3.260000E+02 9 0 0 0 0 0 0 0 0 0 0 0 21 12 19 18 20 20
 3.265000E+02 9 0 0 0 0 0 0 0 0 0 0 0 22 14 19 15 20 18
 3.270000E+02 10 0 0 0 0 0 0 0 0 0 0 0 13 18 18 19 20 17
 3.275000E+02 15 0 0 0 0 0 0 0 0 0 0 0 14 12 19 15 19 17
 3.280000E+02 11 0 0 0 0 0 0 0 0 1 0 0 14 16 23 20 16 15
 3.285000E+02 9 0 0 0 0 0 0 0 0 1 0 0 16 18 22 20 16 20
 3.290000E+02 12 0 0 0 0 0 0 0 0 1 0 0 24 18 16 17 19 19
 3.295000E+02 11 0 0 0 0 0 0 0 0 2 0 0 18 23 21 21 22 11
 3.300000E+02 9 0 0 1 0 0 0 1 0 0 0 0 21 21 14 21 18 14
 3.305000E+02 7 0 0 0 0 0 0 0 0 1 0 0 21 16 22 14 15 13
 3.310000E+02 13 0 0 0 0 0 0 0 0 0 0 0 25 25 23 15 14 19
 3.315000E+02 8 0 0 0 0 0 0 0 0 0 0 0 21 22 19 16 18 18
 3.320000E+02 10 0 0 0 0 0 0 0 0 0 0 0 20 29 19 19 22 20
 3.325000E+02 9 0 0 0 0 0 0 0 0 0 0 0 14 23 19 20 17 17
 3.330000E+02 5 0 0 0 0 0 0 0 0 0 0 0 22 18 24 15 22 18
 3.335000E+02 13 0 0 0 0 0 0 0 0 0 0 0 21 13 16 13 22 15
 3.340000E+02 14 0 0 0 0 0 0 0 0 0 0 0 7 17 17 15 25 18
 3.345000E+02 6 0 0 0 0 0 0 0 0 0 0 0 9 14 23 19 22 18
 3.350000E+02 10 0 0 0 0 0 0 0 0 1 0 0 13 10 15 24 11 20
 3.355000E+02 13 0 0 0 0 0 0 0 0 1 0 0 18 15 17 22 13 14
 3.360000E+02 12 0 0 0 0 0 0 0 0 1 0 0 18 18 16 20 19 22
 3.365000E+02 11 0 0 0 0 0 0 0 0 0 0 0 11 18 14 15 17 23
 3.370000E+02 2 0 0 0 0 0 0 0 0 0 0 0 18 13 15 19 18 18
 3.375000E+02 6 0 0 1 0 0 0 0 0 0 0 0 21 20 14 17 19 21
 3.380000E+02 12 0 0 0 0 0 0 0 0 0 0 0 18 21 19 18 13 12
 3.385000E+02 12 0 0 0 0 0 0 0 0 0 0 0 21 21 17 15 16 19
 3.390000E+02 22 0 0 0 0 0 0 0 0 1 0 0 19 17 23 16 13 21
 3.395000E+02 5 0 0 0 0 0 0 0 0 0 1 0 19 19 18 12 15 16
 3.400000E+02 4 0 0 0 0 0 0 0 0 0 0 0 14 19 20 16 15 25
 3.405000E+02 9 0 0 0 0 0 0 0 0 0 0 0 16 13 21 16 22 15
 3.410000E+02 10 0 0 0 0 0 0 0 0 0 0 0 17 20 18 21 18 16
 3.415000E+02 11 0 0 0 0 0 0 0 0 0 0 0 13 19 24 22 22 11
 3.420000E+02 12 0 0 0 0 0 0 0 0 0 0 0 19 16 17 19 17 17
 3.425000E+02 15 0 0 0 0 0 0 0 0 0 0 0 21 20 21 22 16 23
 3.430000E+02 10 0 0 0 0 0 0 0 0 0 0 0 20 18 16 20 16 18
 3.435000E+02 8 0 0 0 0 0 0 0 0 0 0 0 13 27 21 21 13 17
 3.440000E+02 7 0 0 0 0 0 0 0 0 0 0 0 13 22 16 20 17 16
 3.445000E+02 7 0 0 0 0 0 0 0 0 0 0 0 16 22 15 20 16 19
 3.450000E+02 7 0 0 0 0 0 0 0 0 0 0 0 16 23 18 18 15 18
 3.455000E+02 11 0 0 0 0 0 0 0 0 0 0 0 16 28 23 16 11 12
 3.460000E+02 15 0 0 0 0 0 0 0 0 0 0 0 15 25 24 20 8 13
 3.465000E+02 8 0 0 0 0 0 0 0 0 0 0 0 12 19 24 18 13 12
 3.470000E+02 12 0 0 0 0 0 0 0 0 0 0 0 9 15 17 13 11 22
 3.475000E+02 9 0 0 0 0 0 0 0 0 0 0 0 8 21 17 18 16 22
 3.480000E+02 8 0 0 0 0 0 0 0 0 0 0 0 9 17 21 21 18 16
 3.485000E+02 7 0 0 0 0 0 0 0 0 0 0 0 14 20 20 16 21 16
 3.490000E+02 6 0 0 0 0 0 0 0 0 0 0 0 16 19 26 23 20 9
 3.495000E+02 10 0 0 0 0 0 0 0 0 0 0 0 12 17 22 23 18 15
 3.500000E+02 9 0 0 0 0 0 0 0 0 0 0 0 16 21 23 20 15 12
 3.505000E+02 11 0 0 0 0 0 0 0 0 0 0 0 21 18 16 14 8 19
 3.510000E+02 11 0 0 0 0 0 0 0 0 0 0 0 21 17 21 11 19 20
 3.515000E+02 8 0 0 0 0 0 0 0 0 0 0 0 10 19 17 14 16 13
 3.520000E+02 10 0 0 0 0 0 0 0 0 0 0 0 16 19 13 13 17 13
 3.525000E+02 11 0 0 0 0 0 0 0 0 0 0 0 26 20 12 17 15 13
 3.530000E+02 5 0 0 0 0 0 0 0 0 0 0 0 18 23 17 16 16 9
 3.535000E+02 5 0 0 0 0 0 0 0 0 0 0 0 22 17 16 18 15 15
 3.540000E+02 10 0 0 0 0 0 0 0 0 0 0 0 20 14 18 15 23 18
 3.545000E+02 9 0 0 0 0 0 0 0 0 0 0 0 14 15 21 18 19 13
 3.550000E+02 3 0 0 0 0 0 0 0 0 0 0 0 18 21 18 18 23 16
 3.555000E+02 11 0 0 0 0 0 0 0 0 0 0 0 19 18 18 15 17 10
 3.560000E+02 8 0 0 0 0 0 0 0 0 0 0 0 20 16 21 18 16 14
 3.565000E+02 11 0 0 0 0 0 0 0 0 0 0 0 17 16 17 15 18 17
 3.570000E+02 13 0 0 0 0 0 0 1 0 0 0 0 15 16 19 18 19 21
 3.575000E+02 4 0 0 0 0 0 0 0 0 0 0 0 8 16 26 24 19 18
 3.580000E+02 12 0 0 0 0 0 0 0 0 0 0 0 17 19 26 20 12 14
 3.585000E+02 11 0 0 0 0 0 0 0 0 0 0 0 19 25 21 14 11 19
 3.590000E+02 8 0 0 0 0 0 0 0 0 0 0 0 10 28 16 17 10 20
 3.595000E+02 9 0 0 0 0 0 0 0 0 0 0 0 13 24 17 15 19 16
 3.600000E+02 3 0 0 0 0 0 0 0 0 0 0 0 17 17 21 16 20 18
 3.605000E+02 8 0 0 0 0 0 0 0 0 0 0 0 19 19 17 9 12 18
 3.610000E+02 5 0 0 0 0 0 0 0 0 0 0 0 20 10 19 13 18 21
 3.615000E+02 12 0 0 0 0 0 0 0 0 0 0 0 14 15 26 14 16 18
 3.620000E+02 8 0 0 0 0 0 0 0 0 0 0 0 15 21 21 10 18 18
 3.625000E+02 8 0 0 0 0 0 0 0 0 1 0 0 14 15 21 14 10 17
 3.630000E+02 12 0 0 0 0 0 0 0 0 0 0 0 15 13 19 16 22 16
 3.635000E+02 9 0 0 0 0 0 0 0 0 1 0 0 13 10 23 23 22 15
 3.640000E+02 9 0 0 0 0 0 0 0 0 0 0 0 21 12 21 20 21 19
 3.645000E+02 16 0 0 0 0 0 0 0 0 0 0 0 23 13 19 20 24 16
 3.650000E+02 7 0 0 0 0 0 0 0 0 0 0 0 22 14 19 15 25 14
 3.655000E+02 11 0 0 0 0 0 0 0 0 0 0 0 16 16 22 22 15 19
 3.660000E+02 9 0 0 0 0 0 0 0 0 0 0 0 18 19 20 19 14 14
 3.665000E+02 9 0 0 0 0 0 0 0 0 0 0 0 21 18 22 15 14 16
 3.670000E+02 10 0 0 0 0 0 0 0 0 1 0 0 12 19 12 11 20 11
 3.675000E+02 12 0 0 0 0 0 0 0 0 1 0 0 20 22 19 11 17 16
 3.680000E+02 4 0 0 0 0 0 0 0 0 1 0 1 17 15 25 14 18 16
 3.685000E+02 16 1 0 0 0 0 0 0 0 0 0 0 21 13 17 16 19 18
 3.690000E+02 12 0 0 0 0 0 0 0 0 1 0 0 15 17 16 14 20 13
 3.695000E+02 6 0 0 0 0 0 0 0 0 1 0 0 16 20 20 13 16 14
 3.700000E+02 14 0 0 0 0 0 0 1 0 1 0 0 15 17 16 19 14 12
 3.705000E+02 15 0 0 0 0 0 0 0 0 0 0 0 16 20 16 28 13 16
 3.710000E+02 7 0 0 0 0 0 0 0 0 0 0 0 17 24 15 25 13 13
 3.715000E+02 12 0 0 0 0 0 0 0 0 0 0 0 15 19 14 26 14 17
 3.720000E+02 10 0 0 0 0 0 0 0 0 0 0 0 14 12 19 31 14 18
 3.725000E+02 7 0 0 0 0 0 0 0 0 0 0 0 19 15 17 21 19 18
 3.730000E+02 8 0 0 0 0 0 0 0 0 0 0 0 20 19 15 26 19 14
 3.735000E+02 11 0 0 0 0 0 0 0 0 0 0 0 18 14 15 19 21 15
 3.740000E+02 9 0 0 0 0 0 0 0 0 0 0 0 20 18 19 16 24 19
 3.745000E+02 15 0 0 0 0 0 0 0 0 0 0 0 21 17 13 12 16 16
 3.750000E+02 6 0 0 0 0 0 0 0 0 0 0 0 24 20 12 12 12 19
 3.755000E+02 9 0 0 0 0 0 0 0 0 0 0 0 19 13 16 18 15 18
 3.760000E+02 11 0 0 0 0 0 0 0 0 0 0 0 18 14 14 19 11 22
 3.765000E+02 8 0 0 0 0 0 0 0 0 0 0 0 19 16 14 20 13 19
 3.770000E+02 9 0 0 0 0 0 0 0 0 0 0 0 23 18 20 17 19 13
 3.775000E+02 12 0 0 0 0 0 0 0 0 0 0 0 21 13 23 16 16 13
 3.780000E+02 8 0 0 0 0 0 0 0 0 0 0 0 16 13 18 17 20 15
 3.785000E+02 5 0 0 0 0 0 0 0 0 0 0 0 23 11 13 17 22 16
 3.790000E+02 6 0 0 0 0 0 0 0 0 0 0 0 20 23 13 16 16 15
 3.795000E+02 10 0 0 0 0 0 0 0 0 0 0 0 20 21 14 15 12 19
 3.800000E+02 12 0 0 0 0 0 0 0 0 0 0 0 17 17 15 12 15 16
 3.805000E+02 8 0 0 0 0 0 0 0 0 0 0 0 17 20 20 14 21 25
 3.810000E+02 6 0 0 0 0 0 0 0 0 0 0 0 15 18 19 11 21 22
 3.815000E+02 5 0 0 0 0 0 0 0 0 0 0 0 13 22 16 15 15 24
 3.820000E+02 8 0 0 0 0 0 0 0 0 0 0 0 21 16 24 11 16 19
 3.825000E+02 12 0 0 0 0 0 0 1 0 0 0 0 16 16 23 15 10 11
 3.830000E+02 6 0 0 0 0 0 0 1 0 1 0 0 17 16 25 14 8 12
 3.835000E+02 2 0 0 1 0 0 0 1 0 1 0 0 22 17 19 13 12 16
 3.840000E+02 9 0 0 0 0 0 0 0 0 1 0 0 16 14 13 16 19 21
 3.845000E+02 11 0 0 0 0 0 0 0 0 0 0 0 18 16 18 21 15 23
 3.850000E+02 3 0 0 0 0 0 0 0 0 0 0 0 18 16 12 19 23 19
 3.855000E+02 7 0 0 0 0 0 0 0 0 1 0 0 17 19 16 16 18 17
 3.860000E+02 9 0 0 0 0 0 0 0 0 1 0 0 16 18 15 20 20 16
 3.865000E+02 10 0 0 0 0 0 0 0 0 0 0 0 18 15 13 19 18 16
 3.870000E+02 10 0 0 0 0 0 0 0 0 0 0 0 17 18 15 20 13 16
 3.875000E+02 14 0 0 0 0 0 0 1 0 1 0 0 19 14 20 21 8 13
 3.880000E+02 7 0 0 0 0 0 0 0 0 0 0 0 13 18 22 20 14 18
 3.885000E+02 15 0 0 0 0 0 0 0 0 0 0 0 20 21 13 18 9 21
 3.890000E+02 12 0 0 0 0 0 0 0 0 0 0 0 17 20 18 18 8 22
 3.895000E+02 5 0 0 0 0 0 0 0 0 0 0 0 11 29 20 23 11 22
 3.900000E+02 11 0 0 0 0 0 0 0 0 0 0 0 16 16 19 20 12 13
 3.905000E+02 8 0 0 0 0 0 0 0 0 1 0 0 21 20 23 18 15 12
 3.910000E+02 12 0 0 0 0 0 0 0 0 1 0 0 16 16 25 21 16 14
 3.915000E+02 14 0 0 0 0 0 0 0 0 0 0 0 18 18 21 28 16 14
 3.920000E+02 8 0 0 0 0 0 0 0 0 0 0 0 24 14 11 22 15 18
 3.925000E+02 7 0 0 0 0 0 0 0 0 0 0 0 20 18 10 20 14 20
 3.930000E+02 8 0 0 0 0 0 0 0 0 0 0 0 23 21 18 19 20 17
 3.935000E+02 9 0 0 0 0 0 0 0 0 0 0 0 18 25 20 18 15 19
 3.940000E+02 9 0 0 0 0 0 0 0 0 1 0 0 16 17 17 20 18 19
 3.945000E+02 9 0 0 0 0 0 0 0 0 0 0 0 19 17 14 13 18 25
 3.950000E+02 10 0 0 0 0 0 0 0 0 0 0 0 22 17 19 18 18 19
 3.955000E+02 7 0 0 0 0 0 0 0 0 0 0 0 20 21 14 17 19 22
 3.960000E+02 12 0 0 0 0 0 0 0 0 0 0 0 19 23 11 17 15 11
 3.965000E+02 9 0 0 0 0 0 0 0 0 0 0 0 15 18 19 16 14 14
 3.970000E+02 10 0 0 0 0 0 0 0 0 1 0 0 9 16 22 12 9 13
 3.975000E+02 9 0 0 0 0 0 0 1 0 1 0 0 16 22 17 19 9 14
 3.980000E+02 13 0 0 0 0 0 0 0 0 1 0 0 16 21 14 14 18 24
 3.985000E+02 10 0 0 0 0 0 0 1 0 0 0 0 11 20 19 16 16 19
 3.990000E+02 11 0 0 0 0 0 0 0 0 1 0 0 13 23 22 11 18 15
 3.995000E+02 10 1 0 0 0 0 0 0 0 0 0 0 16 22 15 24 17 19
 4.000000E+02 8 0 0 0 0 0 0 0 0 0 0 0 15 22 13 23 14 19
 4.005000E+02 6 0 0 0 0 0 0 0 0 0 0 0 18 19 15 17 18 16
 4.010000E+02 12 0 0 0 0 0 0 0 0 0 0 0 16 19 17 18 20 21
 4.015000E+02 9 0 0 0 0 0 0 0 0 0 0 0 16 17 21 13 19 16
 4.020000E+02 12 0 0 0 0 0 0 0 0 0 0 0 19 17 15 18 21 21
 4.025000E+02 8 0 0 0 0 0 0 0 0 1 0 0 13 15 19 20 16 25
 4.030000E+02 9 0 0 0 0 0 0 0 0 1 0 0 17 15 16 19 16 28
 4.035000E+02 6 0 0 0 0 0 0 1 0 0 0 0 13 17 22 24 22 24
 4.040000E+02 9 0 0 0 0 0 0 0 0 1 0 0 23 9 22 12 16 22
 4.045000E+02 10 0 0 0 0 0 0 0 0 1 0 0 18 16 25 17 15 18
 4.050000E+02 14 0 0 0 0 0 0 0 0 1 0 0 15 17 16 20 15 23
 4.055000E+02 9 0 0 0 0 0 0 1 0 1 0 0 21 23 12 21 12 14
 4.060000E+02 15 0 0 1 0 0 0 1 0 0 0 0 16 24 17 22 13 14
 4.065000E+02 8 0 0 0 0 0 0 0 0 1 0 0 16 20 12 20 16 14
 4.070000E+02 9 0 0 0 0 0 0 0 0 1 0 0 19 23 25 20 12 13
 4.075000E+02 11 0 0 0 0 0 0 0 0 2 0 0 21 14 24 22 14 13
 4.080000E+02 8 0 0 0 0 0 0 0 0 2 0 0 18 21 23 20 17 16
 4.085000E+02 7 0 0 0 0 0 0 0 0 0 0 0 21 14 21 18 15 17
 4.090000E+02 10 0 0 0 0 0 0 0 0 0 0 0 20 14 12 11 18 22
 4.095000E+02 8 0 0 0 0 0 0 0 0 0 0 0 18 15 15 19 21 23
 4.100000E+02 13 0 0 0 0 0 0 0 0 0 0 0 25 13 23 24 12 19
 4.105000E+02 6 0 0 0 1 0 0 0 0 1 0 0 15 14 18 16 17 20
 4.110000E+02 10 0 0 0 0 0 0 0 0 1 0 0 15 15 16 15 23 21
 4.115000E+02 15 0 0 0 0 0 0 0 0 2 0 0 21 14 20 12 26 20
 4.120000E+02 5 0 0 0 0 0 0 1 0 2 0 0 26 20 15 18 15 15
 4.125000E+02 12 0 0 1 0 0 0 0 0 3 0 0 22 14 24 19 20 14
 4.130000E+02 6 0 0 0 0 0 0 1 0 2 0 0 14 16 18 23 19 15
 4.135000E+02 13 1 0 0 0 0 0 0 0 2 0 0 21 21 16 14 15 16
 4.140000E+02 13 0 0 0 0 0 0 0 0 1 0 0 19 28 15 17 15 18
 4.145000E+02 12 0 0 0 0 0 0 0 0 0 0 0 14 22 13 16 26 16
 4.150000E+02 7 0 0 0 0 0 0 0 0 0 0 0 15 21 19 18 15 15
 4.155000E+02 10 0 0 0 0 0 0 0 0 1 0 0 15 17 15 22 15 15
 4.160000E+02 12 0 0 0 0 0 0 1 0 1 0 0 15 15 16 22 13 15
 4.165000E+02 9 0 0 0 0 0 0 1 0 1 0 0 16 24 16 20 19 11
 4.170000E+02 13 0 0 0 0 0 0 0 0 2 0 0 10 16 18 23 13 11
 4.175000E+02 8 0 0 0 0 0 0 0 0 2 0 0 8 14 25 16 20 14
 4.180000E+02 8 0 0 1 0 0 0 1 0 0 0 0 17 21 24 17 16 15
 4.185000E+02 10 0 0 0 0 0 0 0 0 2 0 0 17 19 22 15 12 16
 4.190000E+02 6 0 0 0 0 0 0 0 0 1 0 0 21 20 21 17 12 14
 4.195000E+02 10 0 0 0 0 0 0 0 0 0 0 0 16 22 15 21 16 17
 4.200000E+02 10 0 0 0 0 0 0 0 0 0 0 0 18 19 12 15 18 14
 4.205000E+02 12 0 0 0 0 0 0 0 0 0 0 0 19 14 16 19 21 17
 4.210000E+02 10 0 0 0 0 0 0 0 0 0 0 0 21 19 15 20 20 15
 4.215000E+02 12 0 0 0 0 0 0 0 0 0 0 0 20 25 14 21 17 20
 4.220000E+02 11 0 0 0 0 0 0 0 0 0 0 0 12 21 15 21 18 20
 4.225000E+02 14 0 0 0 0 0 0 1 0 0 0 0 19 17 10 17 21 16
 4.230000E+02 6 0 0 0 0 0 0 0 0 1 0 0 18 18 17 20 17 19
 4.235000E+02 10 0 0 0 0 0 0 0 0 0 0 0 17 14 12 22 13 14
 4.240000E+02 8 0 0 0 0 0 0 0 0 0 0 0 23 9 15 20 11 18
 4.245000E+02 10 0 0 0 0 0 0 0 0 0 0 0 28 13 18 23 12 12
 4.250000E+02 7 0 0 0 0 0 0 0 0 0 0 0 18 15 13 16 11 17
 4.255000E+02 10 0 0 0 0 0 0 0 0 0 0 0 6 16 16 22 12 18
 4.260000E+02 10 0 0 0 0 0 0 0 0 0 0 0 8 14 11 23 22 12
 4.265000E+02 8 0 0 0 0 0 0 0 0 0 0 0 16 16 13 25 17 17
 4.270000E+02 5 0 0 0 0 0 0 0 0 0 0 0 20 18 20 16 15 16
 4.275000E+02 10 0 0 0 0 0 0 0 0 1 0 0 16 16 17 15 16 16
 4.280000E+02 10 0 0 0 0 0 0 0 0 1 0 0 16 16 13 16 29 15
 4.285000E+02 8 0 0 0 0 0 0 0 0 1 0 0 16 12 12 15 26 22
 4.290000E+02 9 0 0 0 0 0 0 0 0 1 0 0 12 15 12 20 18 22
 4.295000E+02 10 0 0 1 0 0 0 0 0 0 0 0 21 15 11 19 13 13
 4.300000E+02 11 0 0 1 0 0 0 0 0 0 0 0 19 20 17 20 11 19
 4.305000E+02 12 0 0 0 0 0 0 0 0 0 0 0 18 12 18 19 10 16
 4.310000E+02 3 0 0 0 0 0 0 0 0 0 0 0 23 15 15 18 9 22
 4.315000E+02 10 0 0 0 0 0 0 0 0 0 0 0 22 18 10 19 14 17
 4.320000E+02 13 0 0 0 0 0 0 0 0 0 0 0 20 14 15 23 16 21
 4.325000E+02 10 0 0 0 0 0 0 0 0 0 0 0 21 12 20 26 12 14
 4.330000E+02 8 0 0 0 0 0 0 0 0 0 0 0 15 17 24 29 13 17
 4.335000E+02 16 0 0 0 0 0 0 0 0 0 0 0 20 13 16 28 12 12
 4.340000E+02 11 0 0 0 0 0 0 0 0 0 0 0 17 18 17 18 15 16
 4.345000E+02 11 0 0 0 0 0 0 0 0 0 0 0 16 16 23 17 17 18
 4.350000E+02 14 0 0 0 0 0 0 0 0 0 0 0 12 21 18 20 8 18
 4.355000E+02 12 0 0 0 0 0 0 0 0 0 0 0 12 20 22 19 19 19
 4.360000E+02 6 0 0 0 0 0 0 0 0 0 0 0 16 18 24 17 12 20
 4.365000E+02 7 0 0 0 0 0 0 0 0 0 0 0 16 15 21 24 13 11
 4.370000E+02 9 0 0 0 0 0 0 0 0 0 0 0 18 19 20 13 18 8
 4.375000E+02 4 0 0 0 0 0 0 0 0 1 0 0 19 19 19 19 16 17
 4.380000E+02 10 0 0 0 0 0 0 0 0 1 0 0 14 23 27 16 15 11
 4.385000E+02 9 0 0 1 0 0 0 0 0 0 0 0 17 20 24 22 11 13
 4.390000E+02 9 0 0 0 0 0 0 0 0 1 0 0 17 16 21 25 17 17
 4.395000E+02 9 0 0 0 0 0 0 1 0 0 0 0 14 13 18 18 23 23
 4.400000E+02 4 0 0 0 0 0 0 0 0 1 0 0 17 22 17 16 23 26
 4.405000E+02 8 0 0 0 0 0 0 0 0 1 0 0 14 18 16 14 19 25
 4.410000E+02 17 1 0 0 0 0 0 0 0 0 0 0 15 18 10 8 19 22
 4.415000E+02 6 0 0 0 0 0 0 0 0 0 0 0 17 24 15 14 24 20
 4.420000E+02 8 0 0 0 0 0 0 0 0 0 0 0 18 21 13 14 23 15
 4.425000E+02 11 0 0 0 0 0 0 0 0 0 0 0 20 18 13 13 24 11
 4.430000E+02 8 0 0 0 0 0 0 0 0 0 0 0 19 17 13 12 23 24
 4.435000E+02 8 0 0 0 0 0 0 0 0 0 0 0 16 18 13 14 16 18
 4.440000E+02 17 0 0 0 0 0 0 0 0 0 0 0 16 17 18 16 13 26
 4.445000E+02 9 0 0 0 0 0 0 0 0 0 0 0 20 16 11 12 14 19
 4.450000E+02 7 0 0 0 0 0 0 0 0 0 0 0 24 20 17 15 20 19
 4.455000E+02 14 0 0 0 0 0 0 0 0 1 0 0 23 22 14 16 11 16
 4.460000E+02 8 0 0 0 0 0 0 1 0 0 0 0 17 19 10 15 17 20
 4.465000E+02 11 0 0 0 0 0 0 0 0 1 0 0 18 17 14 11 20 11
 4.470000E+02 10 0 0 0 0 0 0 1 0 1 0 0 19 31 13 13 17 12
 4.475000E+02 8 0 0 0 0 0 0 0 0 1 0 0 17 18 10 19 17 11
 4.480000E+02 8 0 0 0 0 0 0 0 0 0 0 0 10 13 13 20 21 10
 4.485000E+02 9 0 0 0 0 0 0 0 0 0 0 0 20 17 19 9 15 14
 4.490000E+02 5 0 0 0 0 0 0 0 0 0 0 0 14 22 17 9 19 20
 4.495000E+02 12 0 0 0 0 0 0 0 0 0 0 0 17 18 18 10 19 16
 4.500000E+02 8 0 0 0 0 0 0 0 0 0 0 0 15 13 22 22 13 18
 4.505000E+02 5 0 0 0 0 0 0 0 0 0 0 0 13 16 19 19 11 11
 4.510000E+02 7 0 0 0 0 0 0 0 0 0 0 0 17 22 12 22 14 11
 4.515000E+02 4 0 0 0 0 0 0 0 0 0 0 0 10 22 13 20 11 15
 4.520000E+02 7 0 0 0 0 0 0 0 0 0 0 0 14 21 19 17 15 14
 4.525000E+02 8 0 0 0 0 0 0 0 0 1 0 0 16 18 17 10 15 13
 4.530000E+02 9 0 0 0 0 0 0 0 0 1 0 0 21 12 19 11 19 12
 4.535000E+02 9 0 0 0 0 0 0 0 0 0 0 0 13 10 17 24 16 13
 4.540000E+02 5 0 0 0 0 0 0 0 0 0 0 0 12 6 18 27 12 19
 4.545000E+02 3 0 0 0 0 0 0 0 0 0 0 0 12 14 11 28 14 20
 4.550000E+02 5 0 0 0 0 0 0 0 0 0 0 0 15 17 12 25 9 15
 4.555000E+02 6 0 0 0 0 0 0 0 0 0 0 0 16 18 15 19 13 19
 4.560000E+02 8 0 0 0 0 0 0 0 0 0 0 0 14 18 24 20 17 11
 4.565000E+02 6 0 0 0 0 0 0 0 0 0 0 0 17 20 21 19 16 10
 4.570000E+02 3 0 0 0 0 0 0 0 0 0 0 0 17 24 24 14 15 6
 4.575000E+02 8 0 0 0 0 0 0 0 0 0 0 0 15 23 19 18 16 3
 4.580000E+02 8 0 0 0 0 0 0 0 0 0 0 0 20 21 7 20 13 10
 4.585000E+02 12 0 0 0 0 0 0 0 0 0 0 0 22 16 11 22 17 9
 4.590000E+02 15 0 0 0 0 0 0 0 0 0 0 0 23 22 18 17 19 10
 4.595000E+02 6 0 0 0 0 0 0 0 0 0 0 0 21 22 19 12 16 15
 4.600000E+02 7 0 0 0 0 0 0 0 0 0 0 0 20 22 15 16 21 20
 4.605000E+02 5 0 0 0 0 0 0 0 0 0 0 0 14 17 16 21 22 15
 4.610000E+02 9 0 0 0 0 0 0 0 0 1 0 0 18 14 15 9 18 21
 4.615000E+02 8 0 0 0 0 0 0 0 0 1 0 0 17 19 10 14 16 20
 4.620000E+02 11 0 0 0 0 0 0 0 0 1 0 0 18 20 9 14 25 13
 4.625000E+02 11 0 0 0 0 0 0 0 0 2 0 0 12 10 22 15 25 12
 4.630000E+02 12 0 0 0 0 0 0 1 0 1 0 0 13 18 17 17 24 12
 4.635000E+02 7 0 0 0 0 0 0 0 0 2 0 0 17 16 18 24 17 12
 4.640000E+02 10 0 0 1 0 0 0 1 0 0 0 0 17 19 23 20 21 11
 4.645000E+02 10 0 0 0 0 0 0 0 0 1 0 0 18 15 19 19 18 9
 4.650000E+02 7 0 0 0 0 0 0 0 0 1 0 0 20 15 16 19 18 14
 4.655000E+02 13 0 0 0 0 0 0 0 0 0 0 0 19 16 14 23 12 11
 4.660000E+02 7 0 0 0 0 0 0 0 0 0 0 0 14 21 23 20 13 19
 4.665000E+02 10 0 0 0 0 0 0 0 0 0 0 0 17 23 20 19 15 15
 4.670000E+02 7 0 0 0 0 0 0 0 0 0 0 0 14 19 20 21 13 16
 4.675000E+02 10 0 0 0 0 0 0 0 0 0 0 0 16 14 20 23 18 23
 4.680000E+02 7 0 0 0 0 0 0 0 0 0 0 0 12 22 10 14 14 22
 4.685000E+02 4 0 0 0 0 0 0 0 0 2 0 0 11 16 13 19 24 18
 4.690000E+02 5 0 0 0 0 0 0 0 0 2 0 0 14 14 21 17 19 20
 4.695000E+02 14 0 0 0 0 0 0 0 0 1 0 0 13 17 20 14 11 22
 4.700000E+02 11 0 0 0 0 0 0 0 0 1 0 0 18 20 18 17 16 23
 4.705000E+02 7 0 0 0 0 0 0 1 0 0 0 0 14 22 11 14 20 21
 4.710000E+02 17 0 0 0 0 0 0 0 0 1 0 0 9 22 16 10 19 26
 4.715000E+02 6 0 0 0 0 1 0 0 0 0 0 0 10 19 21 15 18 22
 4.720000E+02 7 0 0 0 0 0 0 0 0 1 0 0 18 15 15 12 17 24
 4.725000E+02 11 0 0 0 0 0 0 0 0 0 0 0 15 18 15 17 15 23
 4.730000E+02 11 0 0 0 0 0 0 1 0 0 0 0 15 16 20 16 20 17
 4.735000E+02 5 0 0 0 0 0 0 0 0 1 0 0 16 18 20 20 14 17
 4.740000E+02 8 0 0 0 0 0 0 0 0 0 0 0 18 13 28 18 18 17
 4.745000E+02 8 0 0 0 0 0 0 0 0 1 0 0 21 12 18 18 26 15
 4.750000E+02 11 0 0 1 0 0 0 0 0 0 0 0 21 15 15 18 20 13
 4.755000E+02 12 0 0 0 0 0 0 0 0 1 0 0 22 16 19 18 20 8
 4.760000E+02 12 0 0 0 0 0 0 0 0 1 0 0 20 17 9 15 18 11
 4.765000E+02 8 0 0 0 0 0 0 0 0 1 0 0 23 17 14 14 19 14
 4.770000E+02 5 0 0 0 0 0 0 0 0 1 0 0 29 20 9 16 18 12
 4.775000E+02 8 0 0 0 0 0 0 0 0 0 0 0 22 10 17 12 21 14
 4.780000E+02 10 0 0 0 0 0 0 0 0 0 0 0 21 12 14 16 21 11
 4.785000E+02 9 0 0 0 0 0 0 0 0 0 0 0 21 14 16 13 23 16
 4.790000E+02 7 0 0 0 0 0 0 0 0 0 0 0 23 14 14 22 18 18
 4.795000E+02 7 0 0 0 0 0 0 0 0 0 0 0 21 11 16 14 20 16
 4.800000E+02 8 0 0 0 0 0 0 0 0 0 0 0 17 15 13 19 14 16
 4.805000E+02 8 0 0 0 0 0 0 0 0 0 0 0 17 14 19 25 13 10
 4.810000E+02 6 0 0 0 0 0 0 0 0 1 0 0 10 18 21 17 13 8
 4.815000E+02 8 0 0 0 0 0 0 0 0 1 0 0 12 21 20 22 15 16
 4.820000E+02 4 0 0 0 0 1 0 0 0 0 0 0 15 24 19 14 13 19
 4.825000E+02 11 0 0 0 0 0 0 0 0 0 0 0 17 18 21 14 13 24
 4.830000E+02 8 0 0 0 0 0 0 0 0 0 0 0 20 20 18 15 13 16
 4.835000E+02 10 0 0 0 0 0 0 0 0 0 0 0 17 15 15 17 12 13
 4.840000E+02 5 0 0 0 0 0 0 0 0 0 0 0 19 21 18 13 14 18
 4.845000E+02 10 0 0 0 0 0 0 0 0 0 0 0 27 17 19 15 21 11
 4.850000E+02 9 0 0 0 0 0 0 0 0 0 0 0 25 20 16 18 15 13
 4.855000E+02 5 0 0 0 0 0 0 0 0 0 0 0 20 24 14 15 20 16
 4.860000E+02 7 0 0 0 0 0 0 0 0 1 0 0 22 25 13 13 18 13
 4.865000E+02 8 0 0 0 0 0 0 0 0 0 0 0 18 21 10 15 18 16
 4.870000E+02 7 0 0 0 0 0 0 0 0 0 0 0 17 13 10 12 25 13
 4.875000E+02 8 0 0 0 0 0 0 0 0 0 0 0 18 13 11 14 23 15
 4.880000E+02 10 0 0 0 0 0 0 0 0 0 0 0 15 16 13 14 20 16
 4.885000E+02 8 0 0 0 0 0 0 0 0 0 0 0 12 16 13 16 24 15
 4.890000E+02 7 0 0 0 0 0 0 0 0 0 0 0 17 20 14 14 17 15
 4.895000E+02 10 0 0 0 0 0 0 0 0 1 0 0 17 24 13 14 17 15
 4.900000E+02 7 0 0 0 0 0 0 1 0 0 0 0 18 16 15 26 13 15
 4.905000E+02 4 0 0 0 0 0 0 0 0 1 0 0 22 13 14 16 13 19
 4.910000E+02 7 0 0 0 0 0 0 0 0 0 0 0 15 12 17 21 14 19
 4.915000E+02 9 0 0 0 0 0 0 0 0 0 0 0 10 16 18 24 9 19
 4.920000E+02 9 0 0 0 0 0 0 0 0 0 0 0 18 18 20 17 19 14
 4.925000E+02 7 0 0 0 0 0 0 0 0 0 0 0 19 16 27 14 23 11
 4.930000E+02 7 0 0 0 0 0 0 0 0 0 0 0 19 14 20 11 16 16
 4.935000E+02 8 0 0 0 0 0 0 0 0 0 0 0 23 14 20 17 13 15
 4.940000E+02 3 0 0 0 0 0 0 0 0 0 0 0 18 11 18 14 13 22
 4.945000E+02 10 0 0 0 0 0 0 0 0 0 0 0 11 16 27 13 19 18
 4.950000E+02 8 0 0 0 0 0 0 0 0 0 0 0 14 12 22 18 20 17
 4.955000E+02 11 0 0 0 0 0 0 0 0 0 0 0 18 8 20 14 20 17
 4.960000E+02 9 0 0 0 0 0 0 0 0 0 0 0 24 13 20 11 17 18
 4.965000E+02 12 0 0 0 0 0 0 0 0 0 0 0 18 12 22 10 12 25
 4.970000E+02 5 0 0 0 0 0 0 0 0 0 0 0 19 11 16 16 15 25
 4.975000E+02 15 0 0 0 0 0 0 0 0 0 0 0 16 15 21 18 12 21
 4.980000E+02 10 0 0 0 0 0 0 0 0 0 0 0 16 15 19 12 11 25
 4.985000E+02 9 0 0 0 0 0 0 0 0 0 0 0 17 15 14 18 14 18
 4.990000E+02 6 0 0 0 0 0 0 0 0 0 0 0 22 15 17 11 13 20
 4.995000E+02 9 0 0 0 0 0 0 0 0 0 0 0 17 17 12 19 19 11
 5.000000E+02 14 0 0 0 0 0 0 0 0 0 0 0 18 15 18 15 18 16
 5.005000E+02 11 0 0 0 0 0 0 0 0 0 0 0 14 16 14 19 11 20
 5.010000E+02 7 0 0 0 0 0 0 0 0 0 0 0 18 16 9 23 16 19
 5.015000E+02 12 0 0 0 0 0 0 0 0 0 0 0 23 15 13 17 17 12
 5.020000E+02 9 0 0 0 0 0 0 0 0 0 0 0 24 13 12 18 19 16
 5.025000E+02 5 0 0 0 0 0 0 0 0 0 0 0 17 17 18 20 18 11
 5.030000E+02 9 0 0 1 0 0 0 0 0 0 0 0 18 13 13 22 12 12
 5.035000E+02 7 0 0 0 0 0 0 0 0 0 0 0 18 12 4 25 19 18
 5.040000E+02 8 0 0 0 0 0 0 0 0 0 0 0 13 17 9 21 19 24
 5.045000E+02 10 0 0 0 0 0 0 0 0 0 0 0 15 19 6 14 14 21
 5.050000E+02 5 0 0 0 0 0 0 0 0 0 0 0 18 25 8 13 17 14
 5.055000E+02 6 0 0 0 0 0 0 0 0 0 0 0 15 14 11 13 20 19
 5.060000E+02 10 0 0 0 0 0 0 0 0 0 0 0 14 11 9 15 20 20
 5.065000E+02 8 0 0 0 0 0 0 0 0 0 0 0 12 16 14 15 20 32
 5.070000E+02 10 0 0 0 0 0 0 0 0 0 0 0 16 16 13 18 16 15
 5.075000E+02 9 0 0 0 0 0 0 0 0 0 0 0 11 16 13 19 20 23
 5.080000E+02 8 0 0 0 0 0 0 0 0 0 0 0 15 10 15 14 13 21
 5.085000E+02 6 0 0 0 0 0 0 0 0 0 0 0 18 16 11 15 17 16
 5.090000E+02 3 0 0 0 0 0 0 0 0 0 0 0 14 13 14 19 15 12
 5.095000E+02 6 0 0 0 0 0 0 0 0 0 0 0 14 14 13 15 9 26
 5.100000E+02 11 0 0 0 0 0 0 0 0 0 0 0 20 15 15 21 16 18
 5.105000E+02 12 0 0 0 0 0 0 0 0 0 0 0 17 16 15 13 15 24
 5.110000E+02 3 0 0 0 0 0 0 0 0 0 0 0 19 19 15 14 15 20
 5.115000E+02 4 0 0 1 0 0 0 0 0 0 0 0 26 20 17 15 15 12
 5.120000E+02 5 0 0 0 0 0 0 1 0 0 0 0 18 13 15 16 17 13
 5.125000E+02 13 0 0 0 0 0 0 0 0 1 0 0 14 8 13 19 20 17
 5.130000E+02 8 0 0 0 0 0 0 0 0 0 0 0 14 11 18 20 16 19
 5.135000E+02 11 0 0 0 0 0 0 0 0 0 0 0 22 11 16 16 17 23
 5.140000E+02 7 0 0 0 0 0 0 0 0 0 0 0 20 14 15 8 13 18
 5.145000E+02 4 0 0 0 0 0 0 0 0 0 0 0 17 13 14 11 19 18
 5.150000E+02 8 0 0 0 0 0 0 0 0 0 0 0 17 19 14 12 16 19
 5.155000E+02 7 0 0 0 0 0 0 0 0 0 0 0 24 23 15 12 14 18
 5.160000E+02 6 0 0 0 0 0 0 0 0 0 0 0 14 22 21 18 12 17
 5.165000E+02 7 0 0 0 0 0 0 0 0 0 0 0 13 21 24 14 11 14
 5.170000E+02 4 0 0 0 0 0 0 0 0 0 0 0 14 21 19 18 16 17
 5.175000E+02 9 0 0 0 0 0 0 0 0 0 0 0 13 19 14 17 14 17
 5.180000E+02 5 0 0 0 0 0 0 0 0 0 0 0 14 8 13 14 21 19
 5.185000E+02 8 0 0 0 0 0 0 0 0 0 0 0 15 14 18 12 19 17
 5.190000E+02 9 0 0 0 0 0 0 0 0 1 0 0 9 15 10 9 19 22
 5.195000E+02 7 0 0 0 0 0 0 0 0 2 0 0 15 18 12 11 18 24
 5.200000E+02 12 0 0 0 0 0 0 0 0 1 0 0 23 19 9 9 17 15
 5.205000E+02 7 0 0 0 0 0 0 0 0 1 0 0 15 18 16 11 13 23
 5.210000E+02 5 0 0 1 0 0 0 0 0 2 0 0 16 14 14 16 12 21
 5.215000E+02 10 0 0 1 0 0 0 1 0 1 0 0 16 15 19 13 12 20
 5.220000E+02 6 0 0 0 0 0 0 0 0 1 0 0 17 15 14 17 13 25
 5.225000E+02 2 0 0 0 0 0 0 0 0 0 0 0 22 11 12 12 11 19
 5.230000E+02 8 0 0 0 0 0 0 0 0 1 0 0 21 18 10 17 18 16
 5.235000E+02 6 0 0 0 0 0 0 0 0 1 0 0 15 19 17 19 14 12
 5.240000E+02 5 0 0 0 0 0 0 0 0 1 0 0 13 15 16 19 12 19
 5.245000E+02 5 0 0 0 0 0 0 0 0 1 0 0 16 14 19 14 17 15
 5.250000E+02 9 0 0 0 0 0 0 0 0 2 0 0 17 11 14 15 21 20
 5.255000E+02 11 0 0 0 0 0 0 0 0 1 0 0 15 14 19 13 13 18
 5.260000E+02 5 0 0 0 0 0 0 0 0 0 0 0 17 15 16 15 8 19
 5.265000E+02 9 0 0 0 0 0 0 0 0 0 0 0 23 12 12 19 7 24
 5.270000E+02 11 0 0 0 0 0 0 0 0 0 0 0 26 15 12 20 13 15
 5.275000E+02 5 0 0 0 0 0 0 0 0 0 0 0 23 19 10 21 10 14
 5.280000E+02 12 0 0 0 0 0 0 0 0 0 0 0 22 14 18 17 14 12
 5.285000E+02 11 0 0 0 0 0 0 0 0 0 0 0 18 19 19 21 15 14
 5.290000E+02 7 0 0 0 0 0 0 0 0 1 0 0 21 14 20 16 19 17
 5.295000E+02 8 0 0 0 0 0 0 1 0 0 0 0 21 14 22 14 16 17
 5.300000E+02 6 0 0 0 0 0 0 1 0 0 0 0 16 19 18 9 15 15
 5.305000E+02 8 0 0 0 0 0 0 0 0 2 0 0 17 14 17 16 15 16
 5.310000E+02 9 0 0 0 0 0 0 0 0 1 0 1 25 17 16 14 15 18
 5.315000E+02 8 0 0 0 0 0 0 0 0 2 0 0 20 16 18 17 18 14
 5.320000E+02 9 0 0 0 0 0 0 0 0 2 0 0 21 12 21 23 19 14
 5.325000E+02 8 0 0 0 0 0 0 0 0 1 0 0 20 9 20 14 15 16
 5.330000E+02 5 0 0 0 0 0 0 0 0 0 0 0 15 16 18 17 19 19
 5.335000E+02 9 0 0 0 0 0 0 0 0 0 0 0 20 14 15 19 21 16
 5.340000E+02 6 0 0 0 0 0 0 0 0 1 0 0 22 9 17 18 22 16
 5.345000E+02 8 0 0 0 0 0 0 0 0 0 0 0 22 15 20 23 15 15
 5.350000E+02 6 0 0 0 0 0 0 0 0 0 0 0 21 15 17 16 15 12
 5.355000E+02 11 0 0 0 0 0 0 0 0 0 0 0 22 12 12 18 14 14
 5.360000E+02 6 0 0 0 0 0 0 0 0 0 0 0 22 21 13 19 12 10
 5.365000E+02 8 0 0 0 0 0 0 0 0 0 0 0 23 17 17 14 10 21
 5.370000E+02 6 0 0 0 0 0 0 0 0 0 0 0 18 11 14 12 15 26
 5.375000E+02 13 0 0 0 0 0 0 0 0 0 0 0 17 13 13 16 15 23
 5.380000E+02 9 0 0 0 0 0 0 0 0 0 0 0 16 19 15 17 14 19
 5.385000E+02 8 0 0 0 0 0 0 0 0 0 0 0 16 19 16 17 10 23
 5.390000E+02 9 0 0 0 0 0 0 0 0 0 0 0 16 16 12 20 20 19
 5.395000E+02 7 0 0 0 0 0 0 0 0 0 0 0 15 13 11 15 22 22
 5.400000E+02 9 0 0 0 0 0 0 0 0 0 0 0 15 20 17 9 25 17
 5.405000E+02 7 0 0 0 0 0 0 0 0 0 0 0 17 14 15 16 17 22
 5.410000E+02 13 0 0 0 0 0 0 0 0 0 0 0 14 15 22 13 18 25
 5.415000E+02 11 0 0 0 0 0 0 0 0 0 0 0 10 23 9 20 22 19
 5.420000E+02 7 0 0 0 0 0 0 0 0 0 0 0 10 17 11 20 18 14
 5.425000E+02 10 0 0 0 0 0 0 0 0 0 0 0 14 13 19 19 16 14
 5.430000E+02 15 0 0 0 0 0 0 0 0 0 0 0 13 14 20 17 17 17
 5.435000E+02 12 0 0 0 0 0 0 0 0 0 0 0 15 16 16 20 14 17
 5.440000E+02 10 0 0 0 0 0 0 0 0 0 0 0 23 16 13 20 14 15
 5.445000E+02 9 0 0 1 0 0 0 0 0 0 0 0 16 13 17 18 19 22
 5.450000E+02 8 0 0 0 0 0 0 0 0 1 0 0 18 15 20 18 18 21
 5.455000E+02 3 0 0 0 0 0 0 0 0 1 0 0 16 15 22 19 17 20
 5.460000E+02 9 0 0 0 0 0 0 0 0 0 0 0 14 15 20 14 19 17
 5.465000E+02 5 0 0 0 0 0 0 0 0 0 0 0 16 10 13 16 25 18
 5.470000E+02 10 0 0 0 0 0 0 0 0 0 0 0 15 13 14 18 18 23
 5.475000E+02 12 0 0 0 0 0 0 0 0 0 0 0 15 12 16 17 18 25
 5.480000E+02 10 0 0 0 0 0 0 0 0 0 0 0 18 8 14 19 16 20
 5.485000E+02 10 0 0 0 0 0 0 0 0 0 0 0 27 13 14 20 11 14
 5.490000E+02 7 0 0 0 0 0 0 0 0 0 0 0 21 16 16 20 18 18
 5.495000E+02 8 0 0 0 0 0 0 0 0 0 0 0 22 23 24 8 13 13
 5.500000E+02 9 0 0 0 0 0 0 0 0 0 0 0 20 15 13 14 13 18
 5.505000E+02 14 0 0 0 0 0 0 0 0 0 0 0 22 14 23 13 19 12
 5.510000E+02 10 0 0 0 0 0 0 0 0 2 0 0 16 14 20 13 26 10
 5.515000E+02 11 0 0 0 0 0 0 0 0 2 0 0 17 15 14 14 22 24
 5.520000E+02 7 0 0 1 0 0 0 0 0 1 0 0 15 14 9 19 16 27
 5.525000E+02 9 0 0 0 0 0 0 0 0 2 0 0 14 14 14 13 15 19
 5.530000E+02 5 0 0 0 0 0 0 1 0 0 0 0 16 22 14 14 10 18
 5.535000E+02 10 0 0 0 0 0 0 0 0 0 0 0 20 20 19 14 13 16
 5.540000E+02 7 0 0 0 0 0 0 0 0 2 0 0 17 14 21 16 8 19
 5.545000E+02 9 0 0 0 0 0 0 1 0 0 0 0 22 19 24 13 16 12
 5.550000E+02 10 0 0 0 0 0 0 0 0 1 0 0 18 18 20 10 12 24
 5.555000E+02 10 0 0 0 0 0 0 0 0 1 0 0 15 21 19 18 14 21
 5.560000E+02 10 0 0 0 0 0 0 0 0 1 0 0 15 18 15 18 16 10
 5.565000E+02 8 0 0 0 0 0 0 0 0 1 0 0 15 18 17 22 17 11
 5.570000E+02 10 0 0 0 0 0 0 0 0 0 0 0 16 23 14 14 18 13
 5.575000E+02 9 0 0 0 0 0 0 0 0 0 0 0 16 12 19 18 16 19
 5.580000E+02 14 0 0 0 0 0 0 0 0 0 0 0 18 13 13 20 22 21
 5.585000E+02 7 0 0 0 0 0 0 0 0 0 0 0 17 11 14 25 21 20
 5.590000E+02 6 0 0 0 0 0 0 0 0 0 0 0 20 15 14 28 16 27
 5.595000E+02 7 0 0 0 0 0 0 0 0 0 0 0 17 15 16 20 16 18
 5.600000E+02 8 0 0 0 0 0 0 0 0 0 0 0 17 14 18 21 16 19
 5.605000E+02 8 0 0 0 0 0 0 0 0 0 0 0 14 17 17 14 17 15
 5.610000E+02 7 0 0 0 0 0 0 0 0 1 0 0 13 14 16 12 23 20
 5.615000E+02 9 0 0 0 0 0 0 0 0 0 0 0 17 12 19 16 18 18
 5.620000E+02 8 0 0 0 0 0 0 0 0 0 0 0 16 11 18 16 18 21
 5.625000E+02 13 0 0 0 0 0 0 0 0 1 0 0 14 11 16 12 26 20
 5.630000E+02 6 0 0 0 0 0 0 0 0 1 0 0 11 7 22 12 25 11
 5.635000E+02 9 0 0 0 0 0 0 1 0 0 0 0 15 8 17 13 26 18
 5.640000E+02 5 0 0 0 0 0 0 0 0 1 0 0 21 13 10 11 26 24
 5.645000E+02 7 0 0 0 0 0 0 0 0 1 0 0 12 13 20 12 24 17
 5.650000E+02 9 0 0 0 0 0 0 0 0 0 0 0 17 14 13 21 18 21
 5.655000E+02 5 0 0 0 0 0 0 0 0 1 0 0 17 15 13 19 21 20
 5.660000E+02 8 0 0 0 0 0 0 0 0 0 0 0 15 17 14 20 19 19
 5.665000E+02 5 0 0 0 0 0 0 0 0 0 0 0 14 22 15 20 19 15
 5.670000E+02 9 0 0 0 0 0 0 0 0 0 0 0 12 15 18 16 26 12
 5.675000E+02 15 0 0 0 0 0 0 0 0 0 0 0 12 15 16 18 19 14
 5.680000E+02 10 0 0 0 0 0 0 0 0 0 0 0 13 15 20 20 21 13
 5.685000E+02 8 0 0 0 0 0 0 0 0 0 0 0 13 16 20 18 21 14
 5.690000E+02 7 0 0 0 0 0 0 0 0 1 0 0 16 16 20 11 22 19
 5.695000E+02 6 0 0 0 0 0 0 0 0 0 0 0 7 18 18 19 22 13
 5.700000E+02 9 0 0 0 0 0 0 0 0 0 0 0 13 19 18 19 16 12
 5.705000E+02 10 0 0 0 0 0 0 0 0 0 0 0 17 13 12 19 14 15
 5.710000E+02 10 0 0 0 0 0 0 0 0 0 0 0 13 19 15 21 18 11
 5.715000E+02 12 0 0 0 0 0 0 0 0 0 0 0 14 18 11 15 25 14
 5.720000E+02 6 0 0 0 0 0 0 0 0 1 0 0 13 19 12 9 17 19
 5.725000E+02 12 0 0 0 0 0 0 0 0 0 0 0 12 12 17 10 19 17
 5.730000E+02 8 0 0 0 0 0 0 0 0 0 0 0 11 17 17 11 16 18
 5.735000E+02 13 0 0 0 0 0 0 0 0 0 0 0 13 17 18 10 25 18
 5.740000E+02 7 0 0 0 0 0 0 0 0 0 0 0 10 16 16 12 16 13
 5.745000E+02 10 0 0 0 0 0 0 0 0 0 0 0 14 15 18 18 14 13
 5.750000E+02 6 0 0 0 0 0 0 0 0 0 0 0 17 16 15 14 15 14
 5.755000E+02 6 0 0 0 0 0 0 0 0 0 0 0 11 16 14 25 18 13
 5.760000E+02 10 0 0 0 0 0 0 0 0 0 0 0 15 10 19 19 15 12
 5.765000E+02 5 0 0 0 0 0 0 0 0 0 0 0 18 18 14 15 20 13
 5.770000E+02 8 0 0 0 0 0 0 0 0 0 0 0 14 13 22 13 19 15
 5.775000E+02 7 0 0 0 0 0 0 0 0 0 0 0 16 17 20 14 16 11
 5.780000E+02 7 0 0 0 0 0 0 0 0 0 0 0 15 18 19 19 13 13
 5.785000E+02 6 0 0 0 0 0 0 0 0 0 0 0 19 17 23 17 12 15
 5.790000E+02 11 0 0 0 0 0 0 0 0 1 0 0 18 20 19 18 11 14
 5.795000E+02 5 0 0 0 0 0 0 0 0 0 0 0 15 20 16 14 14 17
 5.800000E+02 8 0 0 0 0 0 0 0 0 0 0 0 13 22 20 8 15 22
 5.805000E+02 7 0 0 0 0 0 0 0 0 0 0 0 15 21 19 10 16 23
 5.810000E+02 6 0 0 0 0 0 0 0 0 0 0 0 13 19 23 9 18 21
 5.815000E+02 12 0 0 0 0 0 0 0 0 0 0 0 18 12 17 9 17 18
 5.820000E+02 3 0 0 0 0 0 0 0 0 0 0 0 16 14 17 14 17 19
 5.825000E+02 11 0 0 0 0 0 0 0 0 0 0 0 18 14 15 13 16 11
 5.830000E+02 11 0 0 0 0 0 0 0 0 0 0 0 17 16 18 20 15 12
 5.835000E+02 11 0 0 0 0 0 0 0 0 0 0 0 22 12 20 18 22 10
 5.840000E+02 7 0 0 0 0 0 0 0 0 0 0 0 16 10 19 17 23 14
 5.845000E+02 2 0 0 0 0 0 0 0 0 1 0 0 13 16 16 15 16 17
 5.850000E+02 8 0 0 0 0 0 0 0 0 0 0 0 17 11 15 17 10 19
 5.855000E+02 9 0 0 0 0 0 0 0 0 0 0 0 19 13 16 11 14 23
 5.860000E+02 4 0 0 0 0 0 0 0 0 0 0 0 15 13 15 10 16 27
 5.865000E+02 6 0 0 0 0 0 0 0 0 0 0 0 17 21 14 15 14 21
 5.870000E+02 10 0 0 0 0 0 0 0 0 0 0 0 14 22 16 15 13 19
 5.875000E+02 6 0 0 0 0 0 0 0 0 0 0 0 17 24 17 18 12 18
 5.880000E+02 10 0 0 0 0 0 0 0 0 1 0 0 15 15 12 18 14 23
 5.885000E+02 7 0 0 0 0 0 0 0 0 1 0 0 10 7 15 23 18 15
 5.890000E+02 7 0 0 0 0 0 0 0 0 0 0 0 14 7 15 19 22 16
 5.895000E+02 6 0 0 0 0 0 0 0 0 0 0 0 12 13 18 12 27 26
 5.900000E+02 6 0 0 0 0 0 0 1 0 1 0 0 15 17 13 9 19 14
 5.905000E+02 5 0 0 0 0 0 0 0 0 2 0 0 16 13 20 13 12 14
 5.910000E+02 9 0 0 0 0 0 0 0 0 2 0 0 17 10 26 11 14 20
 5.915000E+02 3 0 0 0 0 0 0 0 0 1 0 0 12 12 24 11 15 19
 5.920000E+02 9 0 0 0 0 0 0 1 0 0 0 0 15 12 18 14 21 15
 5.925000E+02 7 0 0 0 0 0 0 0 0 0 0 0 16 15 14 10 19 26
 5.930000E+02 6 0 0 0 0 0 0 0 0 1 0 0 14 16 20 16 19 13
 5.935000E+02 4 0 0 0 0 0 0 0 0 1 0 0 18 19 12 19 17 14
 5.940000E+02 7 0 0 0 0 0 0 0 0 0 0 0 14 22 11 20 18 17
 5.945000E+02 6 0 0 0 0 0 0 0 0 0 0 0 18 21 16 14 8 19
 5.950000E+02 8 0 0 0 0 0 0 0 0 0 0 0 16 17 19 15 9 16
 5.955000E+02 10 0 0 0 0 0 0 0 0 0 0 0 17 19 17 18 14 21
 5.960000E+02 8 0 0 0 0 0 0 0 0 0 0 0 15 16 13 16 14 16
 5.965000E+02 3 0 0 0 0 0 0 0 0 0 0 0 17 19 13 18 18 15
 5.970000E+02 8 0 0 0 0 0 0 0 0 0 0 0 12 25 12 16 17 17
 5.975000E+02 11 0 0 0 0 0 0 0 0 0 0 0 13 15 15 17 17 13
 5.980000E+02 11 0 0 0 0 0 0 0 0 1 0 0 19 13 17 12 14 16
 5.985000E+02 3 0 0 0 0 0 0 0 0 1 0 0 19 17 17 12 21 12
 5.990000E+02 16 0 0 0 0 0 0 0 0 1 0 0 20 17 19 9 15 15
 5.995000E+02 8 0 0 0 0 0 0 0 0 0 0 0 17 17 18 11 16 14
 6.000000E+02 7 0 0 0 0 0 0 0 0 1 0 0 15 21 14 16 17 16
 6.005000E+02 8 0 0 0 0 0 0 0 0 0 0 0 18 19 17 12 15 13
 6.010000E+02 4 0 0 0 0 0 0 0 0 1 0 0 16 15 16 18 9 19
 6.015000E+02 8 0 0 0 0 0 0 0 0 2 0 0 7 17 15 20 21 17
 6.020000E+02 7 0 0 0 0 0 0 0 0 0 0 0 16 12 13 20 12 23
 6.025000E+02 5 0 0 0 0 0 0 0 0 0 0 0 21 17 14 20 9 20
 6.030000E+02 12 0 0 0 0 0 0 0 0 0 0 0 18 19 15 19 20 16
 6.035000E+02 7 0 0 0 0 0 0 0 0 0 0 0 18 15 14 16 14 17
 6.040000E+02 6 0 0 0 0 0 0 0 0 0 0 0 23 14 16 18 14 20
 6.045000E+02 5 0 0 0 0 0 0 0 0 0 0 0 14 17 10 10 18 23
 6.050000E+02 11 0 0 0 0 0 0 0 0 0 0 0 15 20 12 13 18 19
 6.055000E+02 7 0 0 0 0 0 0 0 0 0 0 0 17 13 13 16 16 18
 6.060000E+02 7 0 0 0 0 0 0 0 0 0 0 0 24 15 6 21 21 16
 6.065000E+02 9 0 0 0 0 0 0 0 0 0 0 0 18 14 10 15 22 21
 6.070000E+02 4 0 0 1 0 0 0 0 0 0 0 0 19 21 15 14 14 22
 6.075000E+02 12 0 0 0 0 0 0 0 0 1 0 0 19 16 16 16 16 20
 6.080000E+02 11 0 0 0 0 0 0 0 0 1 0 0 15 18 17 19 16 17
 6.085000E+02 12 0 0 0 0 0 0 2 0 0 0 0 11 21 11 17 16 19
 6.090000E+02 9 0 0 0 0 0 0 0 0 1 0 0 10 20 12 17 19 22
 6.095000E+02 11 0 0 0 0 0 0 0 0 1 0 0 18 26 15 16 19 26
 6.100000E+02 9 0 0 0 0 0 0 0 0 2 0 0 17 20 16 16 18 18
 6.105000E+02 8 0 0 0 0 0 0 1 0 0 0 0 20 16 21 12 11 21
 6.110000E+02 5 0 0 0 0 0 0 0 0 1 0 0 15 21 18 18 11 21
 6.115000E+02 8 0 0 0 0 0 0 1 0 1 0 0 14 14 18 26 15 26
 6.120000E+02 10 0 0 0 0 0 0 0 0 0 0 0 12 15 18 20 16 19
 6.125000E+02 3 0 0 0 0 0 0 0 0 0 0 0 16 18 20 14 19 19
 6.130000E+02 9 0 0 0 0 0 0 0 0 0 0 0 16 19 17 14 19 17
 6.135000E+02 4 0 0 0 0 0 0 0 0 0 0 0 20 13 19 13 27 16
 6.140000E+02 9 0 0 0 0 0 0 0 0 0 0 0 19 15 8 19 21 17
 6.145000E+02 8 0 0 0 0 0 0 0 0 0 0 0 10 21 15 18 18 18
 6.150000E+02 10 0 0 0 0 0 0 0 0 0 0 0 14 19 10 18 20 23
 6.155000E+02 15 0 0 0 0 0 0 0 0 0 0 0 16 14 9 21 31 23
 6.160000E+02 8 0 0 0 0 0 0 0 0 0 0 0 14 15 16 11 19 21
 6.165000E+02 7 0 0 0 0 0 0 0 0 0 0 0 14 21 24 11 17 16
 6.170000E+02 5 0 0 0 0 0 0 0 0 0 0 0 12 16 20 20 17 22
 6.175000E+02 11 0 0 0 0 0 0 0 0 0 0 0 12 11 17 23 19 19
 6.180000E+02 15 0 0 0 0 0 0 0 0 0 0 0 13 20 17 18 18 25
 6.185000E+02 8 0 0 0 0 0 0 0 0 0 0 0 12 26 23 19 21 19
 6.190000E+02 10 0 0 0 0 0 0 0 0 0 0 0 15 15 28 16 15 21
 6.195000E+02 4 0 0 0 0 0 0 0 0 1 0 0 18 16 20 16 21 15
 6.200000E+02 12 0 0 0 0 0 0 0 0 0 0 0 17 12 22 17 23 14
 6.205000E+02 12 0 0 0 0 0 0 0 0 0 0 0 20 15 18 13 19 21
 6.210000E+02 12 0 0 0 0 0 0 0 0 1 0 0 18 16 16 11 20 16
 6.215000E+02 9 0 0 0 0 0 0 0 0 1 0 0 13 22 11 26 20 15
 6.220000E+02 8 0 0 0 0 0 0 0 0 2 0 0 16 21 11 19 20 13
 6.225000E+02 7 0 0 0 0 0 0 0 0 1 0 0 14 16 13 18 27 15
 6.230000E+02 9 0 0 0 0 0 0 0 0 1 0 0 19 14 20 18 21 20
 6.235000E+02 10 0 0 0 0 0 0 1 0 0 0 0 20 22 19 14 21 15
 6.240000E+02 9 0 0 0 0 0 0 0 0 2 0 0 21 19 14 16 15 22
 6.245000E+02 12 0 0 0 0 0 0 1 0 1 0 0 10 16 18 30 16 16
 6.250000E+02 3 0 0 0 0 0 0 0 0 0 0 0 14 19 24 23 10 13
 6.255000E+02 13 0 0 0 0 0 0 0 0 1 0 0 18 14 19 26 8 12
 6.260000E+02 8 0 0 0 0 0 0 1 0 0 0 0 17 17 24 18 11 19
 6.265000E+02 8 0 0 0 0 0 0 0 0 1 0 0 17 18 27 15 17 13
 6.270000E+02 5 0 0 0 0 0 0 0 0 0 0 0 17 13 18 19 17 14
 6.275000E+02 6 0 0 0 0 0 0 0 0 0 0 0 24 13 18 18 11 9
 6.280000E+02 5 0 0 0 0 0 0 0 0 0 0 0 21 20 17 21 16 11
 6.285000E+02 9 0 0 0 0 0 0 0 0 0 0 0 17 17 18 15 18 15
 6.290000E+02 8 0 0 0 0 0 0 0 0 0 0 0 16 14 17 18 22 20
 6.295000E+02 7 0 0 0 0 0 0 0 0 0 0 0 16 15 18 14 15 20
 6.300000E+02 8 0 0 0 0 0 0 0 0 0 0 0 11 19 17 19 25 15
 6.305000E+02 4 0 0 0 0 0 0 0 0 0 0 0 12 16 19 21 20 17
 6.310000E+02 8 0 0 0 0 0 0 0 0 0 0 0 18 14 18 23 16 17
 6.315000E+02 10 0 0 0 0 0 0 0 0 0 0 0 12 11 25 20 17 13
 6.320000E+02 12 0 0 0 0 0 0 0 0 0 0 0 20 15 18 18 18 22
 6.325000E+02 4 0 0 0 0 0 0 0 0 0 0 0 19 20 14 16 15 19
 6.330000E+02 10 0 0 0 0 0 0 0 0 0 0 0 19 16 20 13 14 17
 6.335000E+02 11 0 0 0 0 0 0 0 0 0 0 0 21 12 17 20 10 14
 6.340000E+02 9 0 0 0 0 0 0 0 0 0 0 0 15 17 15 18 18 24
 6.345000E+02 12 0 0 0 0 0 0 0 0 0 0 0 16 16 16 21 16 26
 6.350000E+02 7 0 0 0 0 0 0 0 0 0 0 0 14 11 16 14 14 23
 6.355000E+02 8 0 0 0 0 0 0 0 0 0 0 0 13 20 24 22 16 18
 6.360000E+02 7 0 0 0 0 0 0 0 0 0 0 0 15 20 17 22 16 10
 6.365000E+02 6 0 0 0 0 0 0 0 0 0 0 0 17 22 20 31 11 13
 6.370000E+02 7 0 0 0 0 0 0 0 0 0 0 0 14 13 20 24 13 19
 6.375000E+02 14 0 0 0 0 0 0 0 0 1 0 0 17 18 12 20 16 18
 6.380000E+02 12 0 0 0 0 0 0 0 0 0 0 0 20 17 9 21 14 20
 6.385000E+02 6 0 0 0 0 0 0 0 0 1 0 0 17 13 13 24 12 17
 6.390000E+02 12 0 0 0 0 0 0 0 0 2 0 0 20 15 14 15 19 14
 6.395000E+02 12 0 0 0 0 0 0 0 0 2 0 0 15 16 22 12 16 18
 6.400000E+02 2 0 0 0 0 0 0 0 0 2 0 0 19 18 18 14 20 19
 6.405000E+02 8 0 0 0 0 0 0 0 0 1 0 0 16 18 21 11 16 15
 6.410000E+02 14 0 0 0 0 0 0 0 0 0 0 0 17 15 19 20 21 17
 6.415000E+02 7 0 0 0 0 0 0 0 0 0 0 0 22 16 22 21 18 14
 6.420000E+02 5 0 0 0 0 1 0 0 0 0 0 0 15 17 23 25 13 16
 6.425000E+02 6 0 0 0 0 0 0 0 0 0 0 0 8 20 26 16 18 22
 6.430000E+02 6 0 0 0 0 0 0 0 0 0 0 0 12 21 19 17 15 17
 6.435000E+02 10 0 0 0 0 0 0 0 0 0 0 0 14 23 19 14 16 19
 6.440000E+02 14 0 0 0 0 0 0 0 0 0 0 0 15 18 21 19 20 26
 6.445000E+02 11 0 0 0 0 0 0 0 0 0 0 0 14 17 20 21 18 27
 6.450000E+02 10 0 0 0 0 0 0 0 0 0 0 0 16 16 16 23 21 18
 6.455000E+02 9 0 0 0 0 0 0 0 0 0 0 0 13 17 20 18 21 17
 6.460000E+02 9 0 0 0 0 0 0 0 0 0 0 0 16 23 20 16 16 18
 6.465000E+02 8 0 0 0 0 0 0 0 0 0 0 0 12 17 17 20 19 21
 6.470000E+02 9 0 0 0 0 0 0 0 0 0 0 0 18 16 13 17 21 13
 6.475000E+02 8 0 0 0 0 0 0 0 0 0 0 0 19 17 9 15 25 20
 6.480000E+02 9 0 0 0 0 0 0 0 0 0 0 0 19 19 12 23 20 9
 6.485000E+02 14 0 0 0 0 0 0 0 0 0 0 0 20 14 16 26 21 6
 6.490000E+02 9 0 0 0 0 0 0 0 0 0 0 0 18 12 17 19 22 15
 6.495000E+02 6 0 0 0 0 0 0 0 0 0 0 0 20 16 11 21 21 21
 6.500000E+02 5 0 0 0 0 0 0 0 0 0 0 0 16 15 17 25 22 20
 6.505000E+02 10 0 0 0 0 0 0 0 0 0 0 0 15 15 20 19 17 22
 6.510000E+02 11 0 0 0 0 0 0 0 0 0 0 0 15 17 19 17 23 16
 6.515000E+02 9 0 0 0 0 0 0 0 0 0 0 0 20 15 17 14 18 24
 6.520000E+02 10 0 0 0 0 0 0 0 0 0 0 0 13 17 17 15 15 21
 6.525000E+02 9 0 0 0 0 0 0 0 0 0 0 0 15 16 16 13 20 15
 6.530000E+02 14 0 0 0 0 0 0 0 0 0 0 0 13 20 20 10 19 19
 6.535000E+02 11 0 0 0 0 0 0 0 0 1 0 0 14 18 15 16 29 14
 6.540000E+02 9 0 0 0 0 0 0 0 0 1 0 0 14 19 22 22 18 12
 6.545000E+02 12 0 0 0 0 0 0 0 0 2 0 0 16 16 15 18 16 15
 6.550000E+02 7 0 0 0 0 0 0 0 0 2 0 0 24 15 11 21 12 18
 6.555000E+02 7 0 0 1 0 0 0 0 0 1 0 0 19 18 16 16 20 17
 6.560000E+02 9 0 0 0 0 0 0 0 0 1 0 0 16 21 13 17 18 13
 6.565000E+02 4 0 0 0 0 0 0 0 0 1 0 0 16 17 16 15 20 19
 6.570000E+02 6 0 0 0 0 0 0 0 0 1 0 0 14 18 16 14 17 25
 6.575000E+02 8 0 0 0 0 0 0 1 0 0 0 0 14 20 13 15 21 14
 6.580000E+02 14 0 0 0 0 0 0 0 0 1 0 0 16 18 19 21 21 13
 6.585000E+02 10 0 0 0 0 0 0 0 0 0 0 0 20 11 18 17 18 18
 6.590000E+02 6 0 0 0 0 0 0 0 0 0 0 0 20 21 10 15 15 13
 6.595000E+02 10 0 0 0 0 0 0 0 0 0 0 0 18 16 16 14 20 14
 6.600000E+02 8 0 0 0 0 0 0 0 0 0 0 0 20 22 17 16 16 8
 6.605000E+02 7 0 0 0 0 0 0 0 0 0 0 0 17 19 14 18 16 13
 6.610000E+02 7 0 0 0 0 0 0 0 0 0 0 0 28 17 11 15 17 15
 6.615000E+02 9 0 0 0 0 0 0 0 0 1 0 0 21 16 16 23 20 16
 6.620000E+02 9 0 0 0 0 0 0 0 0 0 0 0 17 19 17 18 21 18
 6.625000E+02 11 0 0 0 0 0 0 0 0 0 0 0 15 20 19 17 20 18
 6.630000E+02 6 0 0 0 0 0 0 0 0 0 0 0 15 14 19 17 17 25
 6.635000E+02 5 0 0 0 0 0 0 0 0 0 0 0 12 17 16 14 16 21
 6.640000E+02 13 0 0 0 0 0 0 0 0 0 0 0 15 18 14 20 19 15
 6.645000E+02 11 0 0 0 0 0 0 0 0 0 0 0 15 17 18 14 12 19
 6.650000E+02 5 0 0 0 0 0 0 0 0 0 0 0 15 14 21 16 9 21
 6.655000E+02 8 1 0 0 0 0 0 0 0 0 0 0 13 13 18 15 12 26
 6.660000E+02 6 0 0 0 0 0 0 0 0 1 0 0 19 14 20 16 11 21
 6.665000E+02 6 0 0 0 0 0 0 0 0 1 0 0 17 17 16 18 15 18
 6.670000E+02 4 0 0 0 0 0 0 0 0 0 0 0 14 14 13 14 18 19
 6.675000E+02 9 0 0 0 0 0 0 0 0 0 0 0 18 10 16 18 15 23
 6.680000E+02 8 0 0 0 0 0 0 0 0 0 0 0 15 17 15 14 18 20
 6.685000E+02 6 0 0 0 0 0 0 0 0 0 0 0 19 14 17 16 15 17
 6.690000E+02 3 0 0 0 0 0 0 0 0 0 0 0 23 20 15 19 11 16
 6.695000E+02 11 0 0 0 0 0 0 0 0 0 0 0 15 18 13 14 21 22
 6.700000E+02 3 0 0 0 0 0 0 0 0 0 0 0 20 14 17 20 23 18
 6.705000E+02 3 0 0 0 0 0 0 0 0 0 0 0 22 9 13 16 20 18
 6.710000E+02 11 0 0 0 0 0 0 0 0 0 0 0 13 12 16 21 20 19
 6.715000E+02 8 0 0 0 0 0 0 1 0 1 0 0 19 17 15 20 19 19
 6.720000E+02 2 0 0 0 0 0 0 0 0 1 0 0 24 15 21 13 16 15
 6.725000E+02 3 0 0 0 0 0 0 1 0 0 0 0 16 12 20 23 18 21
 6.730000E+02 4 0 0 0 0 0 0 0 0 2 0 0 21 12 19 22 18 19
 6.735000E+02 7 0 0 0 0 0 0 0 0 1 0 0 20 16 15 13 18 19
 6.740000E+02 8 0 0 0 0 0 0 0 0 1 0 0 12 18 10 9 22 9
 6.745000E+02 5 0 0 0 0 0 0 0 0 0 0 0 16 24 14 15 20 16
 6.750000E+02 9 0 0 0 0 0 0 0 0 0 0 0 18 25 18 9 15 13
 6.755000E+02 8 0 0 0 0 0 0 0 0 0 0 0 20 27 15 16 10 17
 6.760000E+02 2 0 0 0 0 0 0 0 0 0 0 0 10 19 20 19 18 14
 6.765000E+02 5 0 0 0 0 0 0 0 0 0 0 0 12 27 16 22 13 14
 6.770000E+02 6 0 0 0 0 0 0 0 0 0 0 0 14 18 14 23 12 18
 6.775000E+02 6 0 0 0 0 0 0 0 0 0 0 0 17 18 18 18 11 13
 6.780000E+02 10 0 0 0 0 0 0 0 0 1 0 0 14 17 15 15 15 14
 6.785000E+02 8 0 0 0 0 0 0 1 0 0 0 0 12 11 16 26 16 15
 6.790000E+02 7 0 0 0 0 0 0 0 0 0 0 0 16 13 19 26 15 6
 6.795000E+02 7 0 0 0 0 0 0 0 0 0 0 0 17 14 22 16 15 14
 6.800000E+02 5 0 0 0 0 0 0 0 0 0 0 0 16 12 18 16 17 14
 6.805000E+02 7 0 0 0 0 0 0 0 0 1 0 0 14 20 18 14 17 12
 6.810000E+02 6 0 0 0 0 0 0 0 0 1 0 0 20 21 10 16 19 17
 6.815000E+02 8 0 0 0 0 0 0 0 0 1 0 0 21 21 12 19 19 15
 6.820000E+02 4 0 0 0 0 0 0 0 0 1 0 0 14 11 14 15 17 20
 6.825000E+02 7 0 0 0 0 0 0 0 0 0 0 0 15 9 24 12 14 21
 6.830000E+02 9 0 0 0 0 0 0 0 0 0 0 0 20 14 17 17 14 16
 6.835000E+02 5 0 0 0 0 0 0 0 0 0 0 0 23 16 18 18 19 14
 6.840000E+02 10 0 0 0 0 0 0 0 0 0 0 0 22 18 12 21 15 20
 6.845000E+02 10 0 0 0 0 0 0 0 0 0 0 0 21 19 10 14 15 19
 6.850000E+02 10 0 0 0 0 0 0 0 0 0 0 0 13 16 13 16 17 18
 6.855000E+02 4 0 0 0 0 0 0 0 0 0 0 0 13 14 16 14 20 16
 6.860000E+02 13 0 0 0 0 0 0 0 0 0 0 0 20 15 16 12 18 11
 6.865000E+02 9 0 0 0 0 0 0 0 0 0 0 0 18 15 11 13 22 15
 6.870000E+02 6 0 0 0 0 0 0 0 0 0 0 0 11 16 13 17 25 17
 6.875000E+02 4 0 0 0 0 0 0 0 0 0 0 0 10 16 19 22 16 22
 6.880000E+02 8 0 0 0 0 0 0 0 0 0 0 0 14 15 14 23 22 15
 6.885000E+02 12 0 0 0 0 0 0 0 0 0 0 0 11 15 14 22 23 16
 6.890000E+02 3 0 0 0 0 0 0 0 0 0 0 0 19 17 15 19 21 14
 6.895000E+02 10 0 0 0 0 0 0 0 0 0 0 0 18 12 15 20 19 18
 6.900000E+02 6 0 0 0 0 0 0 0 0 0 0 0 18 12 19 14 13 20
 6.905000E+02 7 0 0 0 0 0 0 0 0 0 0 0 20 12 19 11 15 20
 6.910000E+02 9 0 0 0 0 0 0 0 0 0 0 0 20 17 19 14 19 15
 6.915000E+02 9 0 0 0 0 0 0 0 0 0 0 0 21 15 14 14 15 14
 6.920000E+02 6 0 0 0 0 0 0 0 0 0 0 0 22 16 21 13 16 17
 6.925000E+02 3 0 0 0 0 0 0 0 0 0 0 0 20 14 16 19 18 22
 6.930000E+02 6 0 0 0 0 0 0 0 0 0 0 0 18 20 16 19 15 20
 6.935000E+02 7 0 0 0 0 0 0 0 0 0 0 0 14 15 13 17 15 14
 6.940000E+02 6 0 0 0 0 0 0 0 0 0 0 0 20 22 12 14 12 14
 6.945000E+02 7 0 0 0 0 0 0 0 0 0 0 0 19 21 15 16 12 19
 6.950000E+02 10 0 0 0 0 0 0 0 0 0 0 0 20 17 15 13 19 14
 6.955000E+02 11 0 0 0 0 0 0 0 0 0 0 0 20 20 13 14 19 15
 6.960000E+02 5 0 0 0 0 0 0 0 0 0 0 0 18 19 15 14 20 16
 6.965000E+02 10 0 0 0 0 0 0 0 0 0 0 0 16 21 14 11 14 18
 6.970000E+02 11 0 0 0 0 0 0 0 0 0 0 0 18 13 20 11 19 17
 6.975000E+02 13 0 0 0 0 0 0 0 0 0 0 0 17 21 15 9 15 21
 6.980000E+02 7 0 0 0 0 0 0 0 0 1 0 0 18 22 13 17 11 16
 6.985000E+02 8 0 0 0 0 0 0 0 0 0 0 0 14 19 13 23 13 13
 6.990000E+02 10 0 0 0 0 0 0 0 0 0 0 0 11 13 18 19 13 18
 6.995000E+02 15 0 0 0 0 0 0 0 0 0 0 0 10 14 22 20 17 22
 7.000000E+02 3 0 0 0 0 0 0 0 0 0 0 0 15 17 19 19 15 20
