# time 'Ca' 'D34:75:137_PP2ACa' 'D34:75:137_PP2APCa' 'D34:75_PP2ACa' 'D34:75_PP2APCa' 'D75:137_PP2ACa' 'D75:137_PP2APCa' 'D75_PP2ACa' 'D75_PP2APCa' 'PP2ACa' 'PP2ACa_PKA' 'PP2APCa' 'PP2BinactiveCa2_1' 'PP2BinactiveCa2_2' 'PP2BinactiveCa2_3' 'PP2BinactiveCa2_4' 'PP2BinactiveCa2_5' 'PP2BinactiveCa2_6'
 0.000000E+00 0 0 0 0 0 0 0 0 0 0 0 0 0 0 0 0 0 0
 5.000000E-01 0 0 0 0 0 0 0 0 0 0 0 0 1 0 0 1 0 2
 1.000000E+00 2 0 0 0 0 0 0 0 0 0 0 0 1 0 0 2 1 2
 1.500000E+00 3 0 0 0 0 0 0 0 0 0 0 0 3 1 0 1 2 1
 2.000000E+00 2 0 0 0 0 0 0 0 0 0 0 0 5 2 1 1 3 0
 2.500000E+00 5 0 0 0 0 0 0 0 0 0 0 0 4 2 1 2 2 0
 3.000000E+00 1 0 0 0 0 0 0 0 0 0 0 0 3 3 1 4 1 3
 3.500000E+00 2 0 0 0 0 0 0 0 0 0 0 0 3 3 1 4 2 3
 4.000000E+00 2 0 0 0 0 0 0 0 0 0 0 0 4 4 0 3 2 2
 4.500000E+00 2 0 0 0 0 0 0 0 0 0 0 0 5 2 0 3 4 1
 5.000000E+00 3 0 0 0 0 0 0 0 0 0 0 0 5 2 1 3 2 2
 5.500000E+00 1 0 0 0 0 0 0 0 0 0 0 0 4 2 2 0 8 2
 6.000000E+00 1 0 0 0 0 0 0 1 0 0 0 0 5 2 3 1 5 4
 6.500000E+00 6 0 0 0 0 0 0 0 0 1 0 0 5 3 1 2 4 5
 7.000000E+00 6 0 0 0 0 0 0 0 0 0 0 0 7 4 1 4 4 2
 7.500000E+00 7 0 0 0 0 0 0 0 0 0 0 0 4 5 4 6 2 2
 8.000000E+00 2 0 0 0 0 0 0 0 0 0 0 0 9 6 5 2 6 0
 8.500000E+00 4 0 0 0 0 0 0 0 0 0 0 0 9 6 3 3 5 2
 9.000000E+00 2 0 0 0 0 0 0 0 0 0 0 0 8 7 5 3 5 1
 9.500000E+00 4 0 0 0 0 0 0 0 0 0 0 0 6 5 5 4 5 2
 1.000000E+01 5 0 0 0 0 0 0 0 0 0 0 0 6 4 9 6 2 2
 1.050000E+01 4 0 0 0 0 0 0 0 0 0 0 0 8 5 6 6 6 5
 1.100000E+01 2 0 0 0 0 0 0 0 0 1 0 0 6 4 9 10 4 5
 1.150000E+01 3 0 0 0 0 0 0 0 0 1 0 0 5 5 8 10 3 8
 1.200000E+01 5 0 0 0 0 0 0 1 0 0 0 0 7 9 9 8 1 7
 1.250000E+01 2 0 0 0 0 0 0 0 0 1 0 0 5 6 8 12 4 9
 1.300000E+01 6 0 0 0 0 0 0 0 0 1 0 0 4 6 7 14 3 8
 1.350000E+01 4 0 0 0 0 0 0 0 0 1 0 0 7 10 7 7 5 10
 1.400000E+01 4 0 0 0 0 0 0 0 0 1 0 0 8 8 8 9 6 8
 1.450000E+01 6 0 0 0 0 0 0 0 0 1 0 0 9 8 9 8 7 7
 1.500000E+01 2 0 0 0 0 0 0 0 0 1 0 0 7 9 8 13 5 7
 1.550000E+01 5 0 0 0 0 0 0 0 0 0 0 0 8 12 7 7 4 15
 1.600000E+01 3 0 0 0 0 0 0 0 0 0 0 0 8 9 8 9 11 8
 1.650000E+01 5 0 0 0 0 0 0 0 0 0 0 0 7 8 9 8 10 10
 1.700000E+01 5 0 0 0 0 0 0 0 0 0 0 0 6 12 10 5 13 10
 1.750000E+01 4 0 0 0 0 0 0 0 0 0 0 0 5 14 9 9 12 7
 1.800000E+01 5 0 0 0 0 0 0 0 0 0 0 0 5 13 6 10 13 7
 1.850000E+01 3 0 0 0 0 0 0 0 0 1 0 0 8 12 12 8 9 10
 1.900000E+01 4 0 0 0 0 0 0 0 0 0 0 0 8 8 10 8 8 9
 1.950000E+01 9 0 0 0 0 0 0 1 0 0 0 0 13 13 10 7 10 10
 2.000000E+01 4 0 0 0 0 0 0 1 0 0 0 0 12 12 10 13 8 9
 2.050000E+01 8 0 0 0 0 0 0 1 0 0 0 0 9 7 10 9 11 10
 2.100000E+01 7 0 0 0 0 0 0 0 0 0 0 0 13 11 9 8 16 8
 2.150000E+01 4 0 0 0 0 0 0 0 0 0 0 0 9 10 13 8 17 8
 2.200000E+01 10 0 0 0 0 0 0 0 0 1 0 0 13 9 13 7 15 8
 2.250000E+01 14 0 0 0 0 0 0 0 0 1 0 0 13 8 12 8 19 7
 2.300000E+01 5 0 0 0 0 0 0 0 0 0 0 0 12 13 13 8 15 11
 2.350000E+01 4 0 0 0 0 0 0 1 0 0 0 0 11 13 12 13 12 8
 2.400000E+01 6 0 0 0 0 0 0 0 0 1 0 0 8 21 9 14 13 11
 2.450000E+01 7 0 0 0 0 0 0 0 0 0 0 0 8 18 13 8 9 14
 2.500000E+01 10 0 0 0 0 0 0 0 0 0 0 0 13 15 17 7 11 16
 2.550000E+01 5 0 0 0 0 0 0 0 0 0 0 0 9 17 15 10 13 12
 2.600000E+01 6 0 0 0 0 0 0 0 0 0 0 0 15 11 6 15 12 14
 2.650000E+01 2 0 0 0 0 0 0 0 0 0 0 0 14 14 8 11 12 18
 2.700000E+01 7 0 0 0 0 0 0 0 0 0 0 0 5 15 17 17 12 17
 2.750000E+01 6 0 0 0 0 0 0 0 0 0 0 0 7 8 14 24 12 16
 2.800000E+01 9 0 0 0 0 0 0 0 0 0 0 0 9 9 16 18 8 16
 2.850000E+01 3 0 0 0 0 0 0 0 0 0 0 0 15 15 17 14 9 16
 2.900000E+01 5 0 0 0 0 0 0 0 0 0 0 0 17 12 18 19 10 8
 2.950000E+01 7 0 0 0 0 0 0 0 0 0 0 0 17 10 13 18 15 13
 3.000000E+01 6 0 0 0 0 0 0 0 0 0 0 0 16 15 12 15 16 14
 3.050000E+01 4 0 0 0 0 0 0 0 0 0 0 0 12 14 7 17 19 17
 3.100000E+01 6 0 0 0 0 0 0 0 0 0 0 0 14 16 8 11 22 15
 3.150000E+01 7 0 0 0 0 0 0 0 0 0 0 0 11 14 12 11 16 13
 3.200000E+01 8 0 0 0 0 0 0 0 0 0 0 0 12 18 11 13 12 21
 3.250000E+01 5 0 0 0 0 0 0 0 0 0 0 0 10 19 13 15 19 18
 3.300000E+01 5 0 0 0 0 0 0 0 0 0 0 0 18 17 9 14 12 17
 3.350000E+01 10 0 0 0 0 0 0 0 0 0 0 0 17 18 18 13 16 11
 3.400000E+01 5 0 0 0 0 0 0 0 0 0 0 0 16 16 17 11 11 17
 3.450000E+01 9 0 0 0 0 0 0 0 0 0 0 0 15 25 11 12 17 7
 3.500000E+01 5 0 0 0 0 0 0 0 0 0 0 0 18 18 12 11 18 10
 3.550000E+01 5 0 0 0 0 0 0 0 0 1 0 0 17 18 16 15 15 13
 3.600000E+01 8 0 0 0 0 0 0 1 0 0 0 0 11 15 14 15 16 13
 3.650000E+01 9 0 0 0 0 0 0 0 0 1 0 0 13 16 14 12 20 14
 3.700000E+01 7 0 0 0 0 0 0 1 0 0 0 0 17 17 14 9 14 20
 3.750000E+01 2 0 0 0 0 0 0 0 0 1 0 0 18 13 10 15 13 18
 3.800000E+01 13 0 0 0 0 0 0 0 0 0 0 0 20 12 14 15 13 14
 3.850000E+01 5 0 0 0 0 0 0 0 0 0 0 0 19 12 17 11 17 17
 3.900000E+01 2 0 0 0 0 0 0 0 0 0 0 0 12 5 22 14 16 21
 3.950000E+01 7 0 0 0 0 0 0 0 0 0 0 0 16 9 22 10 17 18
 4.000000E+01 13 0 0 0 0 0 0 0 0 0 0 0 12 10 15 12 19 20
 4.050000E+01 6 0 0 0 0 0 0 0 0 0 0 0 13 11 14 15 15 22
 4.100000E+01 5 0 0 0 0 0 0 0 0 0 0 0 14 23 12 16 12 20
 4.150000E+01 7 0 0 0 0 0 0 0 0 1 0 0 9 18 14 11 15 24
 4.200000E+01 11 0 0 0 0 0 0 0 0 1 0 0 10 16 16 16 14 22
 4.250000E+01 3 0 0 0 0 0 0 0 0 0 0 0 11 14 20 12 12 19
 4.300000E+01 8 0 0 0 0 0 0 0 0 0 0 0 9 19 17 20 13 15
 4.350000E+01 8 0 0 0 0 0 0 0 0 0 0 0 16 12 15 18 12 25
 4.400000E+01 9 0 0 0 0 0 0 0 0 0 0 0 16 12 17 21 12 16
 4.450000E+01 5 0 0 0 0 0 0 0 0 0 0 0 19 14 17 17 22 13
 4.500000E+01 4 0 0 0 0 0 0 0 0 0 0 0 17 17 18 15 20 15
 4.550000E+01 11 0 0 0 0 0 0 0 0 0 0 0 17 15 16 11 14 18
 4.600000E+01 11 0 0 0 0 0 0 0 0 0 0 0 14 16 12 14 21 20
 4.650000E+01 8 0 0 0 0 0 0 0 0 0 0 0 15 16 19 14 18 22
 4.700000E+01 5 0 0 0 0 0 0 0 0 0 0 0 13 10 18 13 17 22
 4.750000E+01 6 0 0 0 0 0 0 0 0 0 0 0 18 12 20 19 18 25
 4.800000E+01 5 0 0 0 0 0 0 0 0 0 0 0 22 16 20 14 15 23
 4.850000E+01 7 0 0 0 0 0 0 0 0 0 0 0 17 18 17 15 15 21
 4.900000E+01 9 0 0 0 0 0 0 0 0 0 0 0 23 19 22 10 19 17
 4.950000E+01 13 0 0 0 0 0 0 0 0 0 0 0 11 22 19 10 18 16
 5.000000E+01 7 0 0 0 0 0 0 0 0 0 0 0 22 23 22 12 6 21
 5.050000E+01 12 0 0 0 0 0 0 0 0 1 0 0 24 17 16 17 9 16
 5.100000E+01 9 0 0 0 0 0 0 0 0 1 0 0 26 19 20 14 8 18
 5.150000E+01 6 0 0 0 0 0 0 0 0 1 0 0 17 20 15 16 14 21
 5.200000E+01 7 0 0 0 0 0 0 0 0 0 0 0 18 19 12 10 15 24
 5.250000E+01 8 0 0 0 0 0 0 0 0 0 0 0 26 20 12 9 16 22
 5.300000E+01 9 0 0 0 0 0 0 0 0 0 0 0 16 19 9 13 14 24
 5.350000E+01 11 0 0 0 0 0 0 0 0 0 0 0 15 15 19 19 13 16
 5.400000E+01 6 0 0 0 0 0 0 0 0 0 0 0 13 19 18 11 17 20
 5.450000E+01 7 0 0 0 0 0 0 0 0 0 0 0 15 20 17 10 19 17
 5.500000E+01 14 0 0 0 0 0 0 0 0 0 0 0 11 16 15 13 24 22
 5.550000E+01 9 0 0 0 0 0 0 0 0 0 0 0 18 14 18 9 23 17
 5.600000E+01 7 0 0 0 0 0 0 0 0 0 0 0 16 11 21 12 27 14
 5.650000E+01 9 0 0 0 0 0 0 0 0 0 0 0 20 12 17 10 20 13
 5.700000E+01 10 0 0 0 0 0 0 0 0 0 0 0 23 11 22 13 15 17
 5.750000E+01 9 0 0 0 0 1 0 0 0 0 0 0 22 18 18 10 13 16
 5.800000E+01 9 0 0 0 0 0 0 0 0 0 0 0 24 17 15 18 12 18
 5.850000E+01 11 0 0 0 0 0 0 0 0 0 0 0 30 18 10 19 13 10
 5.900000E+01 8 0 0 0 0 0 0 0 0 0 0 0 23 20 18 12 18 13
 5.950000E+01 5 0 0 0 0 0 0 0 0 0 0 0 23 18 16 16 15 12
 6.000000E+01 7 0 0 0 0 0 0 0 0 0 0 0 20 21 15 21 12 23
 6.050000E+01 11 0 0 0 0 0 0 0 0 0 0 0 13 21 9 18 14 21
 6.100000E+01 7 0 0 0 0 0 0 0 0 0 0 0 15 20 10 12 13 19
 6.150000E+01 3 0 0 0 0 0 0 0 0 0 0 0 17 21 15 20 11 21
 6.200000E+01 2 0 0 0 0 0 0 0 0 0 0 0 15 23 15 20 14 19
 6.250000E+01 12 0 0 0 0 0 0 0 0 0 0 0 17 17 13 15 18 21
 6.300000E+01 9 0 0 0 0 0 0 0 0 0 0 0 16 13 16 18 16 15
 6.350000E+01 11 0 0 0 0 0 0 0 0 0 0 0 6 16 12 25 18 13
 6.400000E+01 11 0 0 0 0 0 0 0 0 0 0 0 19 17 11 22 17 16
 6.450000E+01 11 0 0 0 0 0 0 0 0 0 0 0 13 21 14 24 15 16
 6.500000E+01 11 0 0 0 0 0 0 0 0 0 0 0 15 18 14 19 15 21
 6.550000E+01 13 0 0 0 0 0 0 0 0 0 0 0 11 17 22 18 18 16
 6.600000E+01 6 0 0 0 0 0 0 0 0 0 0 0 16 17 20 15 12 19
 6.650000E+01 10 0 0 0 0 0 0 0 0 0 0 0 24 23 16 11 13 11
 6.700000E+01 11 0 0 0 0 0 0 0 0 0 0 0 21 19 19 9 14 16
 6.750000E+01 12 0 0 0 0 0 0 0 0 0 0 0 21 7 21 14 13 27
 6.800000E+01 10 0 0 0 0 0 0 0 0 0 0 0 15 8 17 19 21 16
 6.850000E+01 9 0 0 0 0 0 0 0 0 0 0 0 16 18 14 27 19 19
 6.900000E+01 7 0 0 0 0 0 0 0 0 0 0 0 18 16 11 20 15 18
 6.950000E+01 8 0 0 0 0 0 0 0 0 1 0 0 20 17 12 23 17 15
 7.000000E+01 8 0 0 0 0 1 0 0 0 0 0 0 19 17 11 17 18 16
 7.050000E+01 7 0 0 0 0 0 0 0 0 2 0 0 16 13 16 17 24 11
 7.100000E+01 5 0 0 0 0 0 0 0 0 3 0 0 18 16 13 18 17 13
 7.150000E+01 13 0 0 0 0 0 0 0 0 0 0 0 18 16 12 16 23 17
 7.200000E+01 6 0 0 0 0 0 0 0 0 0 0 0 15 17 11 18 19 18
 7.250000E+01 4 0 0 0 0 1 0 0 0 0 0 0 17 20 13 15 19 18
 7.300000E+01 7 0 0 0 0 0 0 1 0 0 0 0 22 13 20 17 16 12
 7.350000E+01 7 0 0 0 0 0 0 0 0 0 0 0 20 10 25 21 13 16
 7.400000E+01 11 0 0 0 0 0 0 0 0 0 0 0 21 11 23 24 12 15
 7.450000E+01 7 0 0 0 0 0 0 0 0 0 0 0 23 11 18 19 13 17
 7.500000E+01 15 0 0 0 0 0 0 0 0 0 0 0 20 17 12 14 18 14
 7.550000E+01 5 0 0 0 0 0 0 0 0 0 0 0 21 21 13 14 20 14
 7.600000E+01 5 0 0 0 0 0 0 0 0 0 0 0 19 20 15 12 16 16
 7.650000E+01 9 0 0 0 0 0 0 0 0 0 0 0 18 18 12 16 15 16
 7.700000E+01 3 0 0 0 0 0 0 0 0 0 0 0 23 17 19 14 18 18
 7.750000E+01 11 0 0 0 0 0 0 1 0 0 0 0 21 16 19 13 20 14
 7.800000E+01 6 0 0 0 0 0 0 0 0 0 0 0 24 14 18 11 19 19
 7.850000E+01 11 0 0 0 0 0 0 0 0 0 0 0 19 15 16 17 22 14
 7.900000E+01 15 0 0 0 0 0 0 1 0 0 0 0 18 23 16 24 24 9
 7.950000E+01 6 0 0 0 0 0 0 1 0 0 0 0 19 19 9 18 25 12
 8.000000E+01 8 0 0 0 0 0 0 0 0 1 0 0 22 15 11 15 21 13
 8.050000E+01 10 0 0 0 0 0 0 0 0 1 0 0 18 19 11 17 11 23
 8.100000E+01 14 0 0 0 0 0 0 1 0 1 0 0 19 13 18 16 21 18
 8.150000E+01 7 0 0 0 0 0 0 0 0 1 0 0 19 13 19 14 25 16
 8.200000E+01 6 0 0 0 0 0 0 0 0 1 0 0 18 16 18 17 17 21
 8.250000E+01 9 0 0 0 0 0 0 0 0 0 0 0 19 23 11 18 13 22
 8.300000E+01 6 0 0 0 0 0 0 0 0 0 0 0 15 20 18 13 16 21
 8.350000E+01 6 0 0 0 0 0 0 0 0 0 0 0 23 17 20 14 16 18
 8.400000E+01 5 0 0 0 0 0 0 0 0 0 0 0 21 17 24 14 22 12
 8.450000E+01 7 0 0 0 0 0 0 0 0 0 0 0 20 21 20 15 19 13
 8.500000E+01 3 0 0 0 0 0 0 0 0 0 0 0 21 19 20 16 16 11
 8.550000E+01 12 0 0 0 0 0 0 0 0 0 0 0 16 20 19 15 19 14
 8.600000E+01 4 0 0 0 0 0 0 0 0 0 0 0 22 21 18 17 12 19
 8.650000E+01 3 0 0 0 0 0 0 0 0 0 0 0 15 18 16 16 19 16
 8.700000E+01 12 0 0 0 0 0 0 0 0 0 0 0 13 23 19 13 17 20
 8.750000E+01 6 0 0 0 0 0 0 0 0 0 0 0 18 21 19 15 19 23
 8.800000E+01 15 0 0 0 0 0 0 0 0 0 0 0 22 17 21 9 19 20
 8.850000E+01 6 0 0 0 0 0 0 0 0 0 0 0 22 14 14 17 19 18
 8.900000E+01 17 0 0 0 0 0 0 0 0 0 0 0 19 19 23 22 9 19
 8.950000E+01 9 0 0 0 0 0 0 0 0 1 0 0 15 25 15 24 12 24
 9.000000E+01 8 0 0 0 0 0 0 0 0 0 0 0 13 23 16 19 13 20
 9.050000E+01 8 0 0 0 0 0 0 0 0 0 0 0 12 17 22 20 16 22
 9.100000E+01 9 0 0 0 0 0 0 0 0 0 0 0 19 20 19 12 21 17
 9.150000E+01 2 0 0 0 0 0 0 0 0 0 0 0 19 26 21 15 16 19
 9.200000E+01 7 0 0 0 0 0 0 0 0 0 0 0 17 19 10 17 20 18
 9.250000E+01 7 0 0 0 0 0 0 0 0 0 0 0 14 19 14 22 20 20
 9.300000E+01 10 0 0 0 0 0 0 0 0 0 0 0 15 15 15 17 18 21
 9.350000E+01 7 0 0 0 0 0 0 0 0 0 0 0 18 10 22 20 19 17
 9.400000E+01 9 0 0 0 0 0 0 0 0 0 0 0 13 16 13 19 22 16
 9.450000E+01 7 0 0 0 0 0 0 0 0 0 0 0 17 16 18 24 21 15
 9.500000E+01 12 0 0 0 0 0 0 0 0 0 0 0 14 20 18 19 21 18
 9.550000E+01 12 0 0 0 0 0 0 0 0 0 0 0 13 14 22 15 19 24
 9.600000E+01 11 0 0 0 0 0 0 0 0 0 0 0 15 15 21 18 15 20
 9.650000E+01 7 0 0 0 0 0 0 0 0 0 0 0 22 21 15 19 22 14
 9.700000E+01 12 0 0 0 0 0 0 0 0 0 0 0 18 22 13 19 24 21
 9.750000E+01 9 0 0 0 0 0 0 0 0 0 0 0 22 12 17 16 20 16
 9.800000E+01 14 0 0 0 0 0 0 0 0 0 0 0 13 12 23 26 21 12
 9.850000E+01 5 0 0 0 0 0 0 0 0 0 0 0 13 17 25 21 17 14
 9.900000E+01 7 0 0 0 0 0 0 0 0 1 0 0 18 20 23 25 13 13
 9.950000E+01 10 0 0 0 0 0 0 0 0 0 0 0 16 19 23 20 14 14
 1.000000E+02 6 0 0 0 0 0 0 0 0 0 0 0 21 20 14 15 17 18
 1.005000E+02 10 0 0 0 0 0 0 0 0 1 0 0 19 23 19 15 18 17
 1.010000E+02 6 0 0 0 0 0 0 0 0 0 0 0 17 23 14 19 18 20
 1.015000E+02 14 0 0 0 0 0 0 0 0 0 0 0 19 20 21 15 15 12
 1.020000E+02 10 0 0 0 0 0 0 0 0 0 0 0 19 15 19 20 22 10
 1.025000E+02 10 0 0 0 0 0 0 0 0 0 0 0 20 16 25 19 20 12
 1.030000E+02 9 0 0 0 0 0 0 0 0 0 0 0 14 11 21 24 22 17
 1.035000E+02 7 0 0 0 0 0 0 0 0 0 0 0 14 14 22 14 29 13
 1.040000E+02 9 0 0 0 0 0 0 0 0 1 0 0 15 20 18 16 21 10
 1.045000E+02 13 0 0 0 0 0 0 1 0 0 0 0 16 15 19 17 20 15
 1.050000E+02 6 0 0 0 0 0 0 0 0 1 0 0 15 17 14 14 31 16
 1.055000E+02 8 0 0 0 0 0 0 0 0 0 0 0 14 23 12 19 25 23
 1.060000E+02 4 0 0 0 0 0 0 0 0 0 0 0 19 19 14 16 25 20
 1.065000E+02 9 0 0 0 0 0 0 0 0 0 0 0 18 24 18 12 27 21
 1.070000E+02 6 0 0 0 0 0 0 0 0 0 0 0 18 19 18 13 23 17
 1.075000E+02 9 0 0 0 0 0 0 0 0 0 0 0 18 26 18 13 23 13
 1.080000E+02 13 0 0 0 0 0 0 0 0 0 0 0 18 22 19 14 17 20
 1.085000E+02 6 0 0 0 0 0 0 0 0 0 0 0 19 17 18 17 14 19
 1.090000E+02 8 0 0 0 0 0 0 0 0 0 0 0 18 17 13 21 16 21
 1.095000E+02 8 0 0 0 0 0 0 0 0 0 0 0 15 17 11 31 17 20
 1.100000E+02 9 0 0 0 0 0 0 0 0 0 0 0 11 22 9 24 18 18
 1.105000E+02 11 0 0 0 0 0 0 0 0 0 0 0 17 18 13 24 13 17
 1.110000E+02 11 0 0 0 0 0 0 0 0 0 0 0 14 17 22 22 11 15
 1.115000E+02 6 0 0 0 0 0 0 0 0 0 0 0 20 17 22 18 16 10
 1.120000E+02 10 0 0 0 0 0 0 0 0 1 0 0 17 16 19 21 21 16
 1.125000E+02 12 0 0 0 0 0 0 0 0 1 0 0 16 21 18 21 17 23
 1.130000E+02 8 0 0 0 0 0 0 0 0 1 0 0 15 15 18 15 16 28
 1.135000E+02 5 0 0 0 0 0 0 1 0 0 0 0 16 15 16 18 17 22
 1.140000E+02 7 0 0 0 0 0 0 0 0 0 0 0 24 11 18 18 19 19
 1.145000E+02 6 0 0 0 0 0 0 0 0 0 0 0 20 11 16 18 17 18
 1.150000E+02 11 0 0 0 0 0 0 0 0 0 0 0 13 15 13 23 17 20
 1.155000E+02 11 0 0 0 0 0 0 0 0 0 0 0 16 13 16 19 18 23
 1.160000E+02 12 0 0 0 0 0 0 0 0 0 0 0 14 20 13 23 22 16
 1.165000E+02 15 0 0 0 0 0 0 0 0 1 0 0 18 22 9 17 16 23
 1.170000E+02 9 0 0 0 0 0 0 1 0 1 0 0 19 22 13 15 18 17
 1.175000E+02 10 0 0 0 0 0 0 0 0 2 0 0 17 19 21 21 21 9
 1.180000E+02 8 0 0 0 0 0 0 0 0 2 0 0 18 18 18 18 19 12
 1.185000E+02 8 0 0 0 0 0 0 0 0 1 0 0 25 19 22 14 16 19
 1.190000E+02 12 0 0 0 0 0 0 1 0 0 0 0 24 20 14 13 18 17
 1.195000E+02 15 0 0 0 0 0 0 1 0 0 0 0 26 19 11 14 25 16
 1.200000E+02 7 0 0 0 0 0 0 0 0 1 0 0 22 14 19 17 23 17
 1.205000E+02 14 0 0 0 0 0 0 0 0 0 0 0 13 14 26 17 16 16
 1.210000E+02 8 0 0 0 0 0 0 1 0 0 0 0 20 18 18 24 11 19
 1.215000E+02 12 0 0 0 0 0 0 1 0 0 0 0 18 14 20 21 20 19
 1.220000E+02 6 0 0 0 0 0 0 0 0 0 0 0 15 15 17 21 17 16
 1.225000E+02 11 0 0 0 0 0 0 0 0 1 0 0 19 11 24 15 20 15
 1.230000E+02 7 0 0 0 0 0 0 0 0 0 0 0 20 16 23 20 18 14
 1.235000E+02 6 0 0 0 0 0 0 0 0 0 0 0 19 16 15 20 18 14
 1.240000E+02 13 0 0 0 0 0 0 0 0 0 0 0 13 14 15 20 23 18
 1.245000E+02 8 0 0 0 0 0 0 0 0 0 0 0 16 22 12 15 30 11
 1.250000E+02 8 0 0 0 0 0 0 0 0 0 0 0 17 19 17 16 21 17
 1.255000E+02 10 0 0 0 0 0 0 0 0 0 0 0 21 17 17 19 17 20
 1.260000E+02 11 0 0 0 0 0 0 0 0 0 0 0 24 14 15 17 16 14
 1.265000E+02 5 0 0 0 0 0 0 0 0 0 0 0 22 21 18 11 22 20
 1.270000E+02 6 0 0 0 0 0 0 0 0 0 0 0 24 18 16 15 20 18
 1.275000E+02 6 0 0 0 0 0 0 0 0 0 0 0 21 20 12 16 18 18
 1.280000E+02 4 0 0 0 0 0 0 0 0 0 0 0 19 15 19 14 20 18
 1.285000E+02 9 0 0 0 0 0 0 0 0 0 0 0 21 20 13 15 27 15
 1.290000E+02 8 0 0 0 0 0 0 0 0 0 0 0 17 13 14 17 23 21
 1.295000E+02 8 0 0 0 0 0 0 0 0 0 0 0 19 16 10 16 18 17
 1.300000E+02 11 0 0 0 0 0 0 0 0 0 0 0 16 23 9 18 21 22
 1.305000E+02 12 0 0 0 0 0 0 0 0 0 0 0 19 19 11 15 28 20
 1.310000E+02 7 0 0 0 0 0 0 0 0 0 0 0 21 23 9 20 23 19
 1.315000E+02 9 0 0 0 0 0 0 0 0 0 0 0 18 20 13 18 16 24
 1.320000E+02 9 0 0 0 0 0 0 0 0 0 0 0 21 17 16 17 18 16
 1.325000E+02 4 0 0 0 0 0 0 0 0 0 0 0 22 18 16 13 21 19
 1.330000E+02 9 0 0 0 0 0 0 0 0 0 0 0 14 18 15 16 22 24
 1.335000E+02 13 0 0 0 0 0 0 0 0 0 0 0 16 18 16 21 16 18
 1.340000E+02 6 0 0 0 0 0 0 0 0 1 0 0 15 16 17 22 16 18
 1.345000E+02 8 0 0 0 0 0 0 1 0 1 0 0 23 16 13 12 13 19
 1.350000E+02 8 0 0 0 0 0 0 0 0 0 0 0 20 20 19 21 17 15
 1.355000E+02 6 0 0 0 0 0 0 0 0 0 0 0 21 21 18 20 16 18
 1.360000E+02 5 0 0 0 0 0 0 0 0 0 0 0 16 19 16 21 19 22
 1.365000E+02 9 0 0 0 0 0 0 0 0 0 0 0 16 13 17 18 18 23
 1.370000E+02 7 0 0 0 0 0 0 0 0 0 0 0 16 13 18 17 19 16
 1.375000E+02 10 0 0 0 0 0 0 0 0 0 0 0 19 14 13 27 17 18
 1.380000E+02 5 0 0 0 0 0 0 0 0 1 0 0 22 17 20 18 14 18
 1.385000E+02 7 0 0 0 0 0 0 0 0 1 0 0 16 16 18 15 16 21
 1.390000E+02 6 0 0 0 0 0 0 0 0 0 0 0 17 16 14 19 19 20
 1.395000E+02 9 0 0 0 0 0 0 1 0 0 0 0 20 16 14 19 20 19
 1.400000E+02 8 0 0 0 0 0 0 1 0 0 0 0 19 17 15 16 16 22
 1.405000E+02 7 0 0 0 0 0 0 1 0 1 0 0 23 15 17 17 13 23
 1.410000E+02 4 0 0 0 0 0 0 0 0 2 0 0 23 8 17 18 9 21
 1.415000E+02 8 0 0 0 0 0 0 1 0 0 0 0 21 18 14 17 19 17
 1.420000E+02 9 0 0 0 0 0 0 0 0 0 0 0 19 21 16 14 19 13
 1.425000E+02 7 0 0 0 0 0 0 0 0 0 0 0 17 25 14 18 21 11
 1.430000E+02 10 0 0 0 0 0 0 1 0 0 0 0 19 26 10 20 14 14
 1.435000E+02 8 0 0 0 0 0 0 1 0 0 0 0 14 15 8 23 17 16
 1.440000E+02 11 0 0 0 0 0 0 0 0 0 0 0 16 19 13 30 18 14
 1.445000E+02 8 0 0 0 0 0 0 0 0 0 0 0 14 16 11 21 24 18
 1.450000E+02 10 0 0 0 0 0 0 0 0 0 0 0 14 19 13 18 18 23
 1.455000E+02 14 0 0 0 0 0 0 0 0 0 0 0 13 13 9 14 24 17
 1.460000E+02 8 0 0 0 0 0 0 0 0 0 0 0 15 11 20 21 22 11
 1.465000E+02 6 0 0 0 0 0 0 0 0 0 0 0 18 19 20 18 23 15
 1.470000E+02 3 0 0 0 0 0 0 0 0 0 0 0 20 20 22 15 13 19
 1.475000E+02 3 0 0 0 0 0 0 0 0 0 0 0 19 19 22 17 12 20
 1.480000E+02 12 0 0 0 0 0 0 0 0 0 0 0 16 20 13 20 15 20
 1.485000E+02 10 0 0 0 0 0 0 0 0 0 0 0 16 21 15 21 13 16
 1.490000E+02 12 0 0 0 0 0 0 0 0 0 0 0 16 17 12 20 17 16
 1.495000E+02 9 0 0 0 0 0 0 0 0 1 0 0 14 14 17 15 15 17
 1.500000E+02 7 0 0 0 0 0 0 0 0 1 0 0 20 13 16 11 19 17
 1.505000E+02 6 0 0 0 0 0 0 1 0 0 0 0 23 15 23 17 17 15
 1.510000E+02 11 0 0 0 0 0 0 0 0 0 0 0 26 8 17 11 17 15
 1.515000E+02 3 0 0 0 0 0 0 0 0 0 0 0 24 13 21 16 18 13
 1.520000E+02 15 0 0 0 0 0 0 0 0 0 0 0 13 13 18 17 16 13
 1.525000E+02 6 0 0 0 0 0 0 0 0 0 0 0 14 23 17 18 16 17
 1.530000E+02 7 0 0 0 0 0 0 0 0 0 0 0 12 19 14 17 18 23
 1.535000E+02 4 0 0 0 0 0 0 0 0 0 0 0 11 14 13 15 18 21
 1.540000E+02 15 0 0 0 0 0 0 0 0 0 0 0 14 13 16 13 17 22
 1.545000E+02 6 0 0 0 0 0 0 0 0 0 0 0 14 14 13 22 21 20
 1.550000E+02 8 0 0 0 0 0 0 0 0 1 0 0 12 17 12 23 19 20
 1.555000E+02 6 0 0 0 0 0 0 0 0 0 0 0 16 19 15 17 16 26
 1.560000E+02 4 0 0 0 0 0 0 0 0 0 0 0 15 19 15 21 9 24
 1.565000E+02 12 0 0 0 0 0 0 0 0 0 0 0 14 11 15 22 11 20
 1.570000E+02 7 0 0 0 0 0 0 0 0 0 0 0 17 18 17 20 17 19
 1.575000E+02 7 0 0 0 0 0 0 0 0 0 0 0 16 18 20 9 18 25
 1.580000E+02 7 0 0 0 0 0 0 0 0 0 0 0 17 17 27 13 18 18
 1.585000E+02 12 0 0 0 0 0 0 0 0 0 0 0 15 16 23 18 16 24
 1.590000E+02 11 0 0 0 0 0 0 0 0 0 0 0 22 16 16 17 16 19
 1.595000E+02 13 0 0 0 0 0 0 0 0 0 0 0 17 19 25 9 20 14
 1.600000E+02 7 0 0 0 0 0 0 0 0 0 0 0 18 17 18 11 19 18
 1.605000E+02 15 0 0 0 0 0 0 0 0 0 0 0 18 15 13 18 24 21
 1.610000E+02 8 0 0 0 0 0 0 0 0 0 0 0 25 23 10 14 15 20
 1.615000E+02 12 0 0 0 0 0 0 0 0 0 0 0 22 24 9 20 23 14
 1.620000E+02 9 0 0 0 0 0 0 0 0 0 0 0 14 24 11 17 20 16
 1.625000E+02 7 0 0 0 0 0 0 0 0 0 0 0 7 23 16 19 19 11
 1.630000E+02 7 0 0 0 0 0 0 0 0 0 0 0 9 24 17 20 20 17
 1.635000E+02 2 0 0 0 0 0 0 0 0 0 0 0 17 21 22 17 20 16
 1.640000E+02 10 0 0 0 0 0 0 0 0 0 0 0 16 10 20 18 20 17
 1.645000E+02 10 0 0 0 0 0 0 0 0 0 0 0 17 20 19 17 23 17
 1.650000E+02 5 0 0 0 0 0 0 0 0 0 0 0 20 21 15 22 16 16
 1.655000E+02 7 0 0 0 0 0 0 0 0 0 0 0 14 18 17 13 16 25
 1.660000E+02 11 0 0 0 0 0 0 0 0 1 0 0 20 12 18 15 23 13
 1.665000E+02 10 0 0 0 0 0 0 0 0 1 0 0 20 17 24 16 13 25
 1.670000E+02 7 0 0 0 0 0 0 1 0 0 0 0 22 18 14 16 18 23
 1.675000E+02 9 0 0 0 0 0 0 0 0 1 0 0 15 18 8 11 22 23
 1.680000E+02 10 0 0 0 0 1 0 0 0 0 0 0 15 13 16 18 15 20
 1.685000E+02 13 0 0 0 0 0 0 0 0 1 0 0 17 15 12 13 20 26
 1.690000E+02 3 0 0 0 0 0 0 1 0 0 0 0 13 17 18 15 15 21
 1.695000E+02 9 0 0 0 0 0 0 1 0 0 0 0 19 14 20 16 24 19
 1.700000E+02 11 0 0 0 0 0 0 0 0 1 0 0 22 10 14 14 26 21
 1.705000E+02 17 0 0 0 0 0 0 0 0 0 0 0 14 12 16 16 18 18
 1.710000E+02 8 0 0 0 0 0 0 0 0 0 0 0 15 19 17 18 16 15
 1.715000E+02 10 0 0 0 0 0 0 0 0 0 0 0 19 21 16 20 16 19
 1.720000E+02 13 0 0 0 0 0 0 0 0 0 0 0 16 18 14 18 16 22
 1.725000E+02 6 0 0 0 0 0 0 0 0 0 0 0 19 15 15 21 12 22
 1.730000E+02 11 0 0 0 0 0 0 0 0 0 0 0 22 22 14 11 18 15
 1.735000E+02 5 0 0 0 0 0 0 0 0 0 0 0 17 18 25 12 13 20
 1.740000E+02 8 0 0 0 0 0 0 0 0 0 0 0 18 23 24 13 12 19
 1.745000E+02 10 0 0 0 0 0 0 0 0 0 0 0 14 24 18 12 16 23
 1.750000E+02 15 0 0 0 0 0 0 0 0 0 0 0 12 17 20 22 17 15
 1.755000E+02 10 0 0 0 0 0 0 0 0 0 0 0 13 13 17 17 11 22
 1.760000E+02 9 0 0 0 0 0 0 0 0 0 0 0 18 17 22 18 16 23
 1.765000E+02 9 0 0 0 0 0 0 0 0 1 0 0 19 17 16 20 16 18
 1.770000E+02 6 0 0 0 0 0 0 1 0 0 0 0 14 18 20 18 17 20
 1.775000E+02 8 0 0 0 0 0 0 1 0 0 0 0 17 18 25 18 13 21
 1.780000E+02 7 0 0 0 0 0 0 0 0 1 0 0 16 14 21 14 13 15
 1.785000E+02 7 0 0 0 0 0 0 0 0 0 0 0 12 17 22 17 16 15
 1.790000E+02 7 0 0 0 0 0 0 0 0 0 0 0 16 20 18 19 15 9
 1.795000E+02 4 0 0 0 0 0 0 0 0 0 0 0 16 19 19 20 17 15
 1.800000E+02 13 0 0 0 0 0 0 0 0 0 0 0 15 10 15 15 19 12
 1.805000E+02 10 0 0 0 0 0 0 0 0 0 0 0 16 19 14 17 11 19
 1.810000E+02 4 0 0 0 0 0 0 0 0 0 0 0 15 19 14 18 13 21
 1.815000E+02 9 0 0 0 0 0 0 0 0 0 0 0 17 18 19 19 13 15
 1.820000E+02 5 0 0 0 0 0 0 0 0 0 0 0 14 15 10 21 20 18
 1.825000E+02 7 0 0 0 0 0 0 0 0 0 0 0 10 16 15 17 16 20
 1.830000E+02 10 0 0 0 0 0 0 0 0 0 0 0 11 12 14 18 17 24
 1.835000E+02 4 0 0 0 0 0 0 0 0 1 0 0 17 18 14 18 17 16
 1.840000E+02 8 0 0 0 0 0 0 0 0 0 0 0 19 12 15 18 21 17
 1.845000E+02 9 0 0 0 0 0 0 0 0 0 0 0 18 10 15 21 20 16
 1.850000E+02 10 0 0 0 0 0 0 0 0 0 0 0 17 5 22 16 19 21
 1.855000E+02 13 0 0 0 0 0 0 0 0 0 0 0 19 10 20 16 15 21
 1.860000E+02 3 0 0 0 0 0 0 0 0 0 0 0 16 10 26 16 21 16
 1.865000E+02 8 0 0 0 0 0 0 0 0 0 0 0 15 11 22 13 27 19
 1.870000E+02 11 0 0 0 0 0 0 0 0 0 0 0 11 14 18 19 14 22
 1.875000E+02 8 0 0 0 0 0 0 0 0 0 0 0 14 14 21 19 14 27
 1.880000E+02 5 0 0 0 0 0 0 0 0 0 0 0 15 15 24 24 10 19
 1.885000E+02 8 0 0 0 0 0 0 0 0 0 0 0 13 17 17 28 12 20
 1.890000E+02 9 0 0 0 0 0 0 0 0 0 0 0 13 16 15 25 16 15
 1.895000E+02 12 0 0 0 0 0 0 0 0 0 0 0 17 16 12 29 16 19
 1.900000E+02 7 0 0 0 0 0 0 1 0 0 0 0 14 16 17 24 11 19
 1.905000E+02 7 0 0 0 0 0 0 0 0 1 0 0 22 15 19 16 17 19
 1.910000E+02 12 0 0 0 0 0 0 0 0 1 0 0 22 13 18 15 16 20
 1.915000E+02 6 0 0 0 0 0 0 0 0 1 0 0 26 15 23 17 17 17
 1.920000E+02 6 0 0 0 0 0 0 0 0 1 0 0 20 12 18 11 20 16
 1.925000E+02 4 0 0 0 0 0 0 0 0 1 0 0 12 15 18 17 25 21
 1.930000E+02 9 0 0 0 0 0 0 1 0 1 0 0 11 14 19 12 20 22
 1.935000E+02 3 0 0 0 0 0 0 0 0 0 0 0 12 20 20 12 26 12
 1.940000E+02 8 0 0 0 0 0 0 0 0 0 0 0 10 21 14 11 28 21
 1.945000E+02 5 0 0 0 0 0 0 0 0 1 0 0 18 21 11 10 21 23
 1.950000E+02 9 0 0 0 0 0 0 0 0 0 0 0 19 16 9 15 15 18
 1.955000E+02 10 0 0 0 0 0 0 0 0 0 0 0 19 17 8 19 10 23
 1.960000E+02 9 0 0 0 0 0 0 0 0 0 0 0 24 17 11 17 18 21
 1.965000E+02 5 0 0 0 0 0 0 0 0 0 0 0 24 16 13 12 21 20
 1.970000E+02 2 0 0 0 0 0 0 0 0 0 0 0 20 11 15 16 23 21
 1.975000E+02 7 0 0 0 0 0 0 0 0 0 0 0 17 13 16 15 21 23
 1.980000E+02 5 0 0 0 0 0 0 0 0 0 0 0 20 14 18 13 14 21
 1.985000E+02 10 0 0 0 0 0 0 0 0 0 0 0 19 15 13 14 14 17
 1.990000E+02 7 0 0 0 0 0 0 1 0 0 0 0 19 17 17 13 15 17
 1.995000E+02 8 0 0 0 0 0 0 0 0 0 0 0 23 19 13 14 20 14
 2.000000E+02 8 0 0 0 0 0 0 0 0 0 0 0 21 22 14 18 21 13
 2.005000E+02 8 0 0 0 0 0 0 0 0 0 0 0 18 17 17 19 17 15
 2.010000E+02 6 0 0 0 0 0 0 0 0 0 0 0 20 20 9 14 17 12
 2.015000E+02 7 0 0 0 0 0 0 0 0 0 0 0 13 17 17 17 24 12
 2.020000E+02 8 0 0 0 0 0 0 0 0 0 0 0 15 13 19 16 18 10
 2.025000E+02 9 0 0 0 0 0 0 0 0 0 0 0 20 14 12 14 22 15
 2.030000E+02 3 0 0 0 0 0 0 0 0 0 0 0 17 13 12 15 12 16
 2.035000E+02 6 0 0 0 0 0 0 0 0 1 0 0 16 22 21 11 10 20
 2.040000E+02 6 0 0 0 0 0 0 0 0 1 0 0 13 19 13 11 7 17
 2.045000E+02 13 0 0 0 0 0 0 0 0 0 0 0 15 20 18 14 13 16
 2.050000E+02 8 0 0 0 0 0 0 0 0 0 0 0 12 19 15 16 15 18
 2.055000E+02 6 0 0 0 0 0 0 0 0 0 0 0 17 16 14 19 12 16
 2.060000E+02 10 0 0 0 0 0 0 0 0 0 0 0 16 18 11 20 14 14
 2.065000E+02 5 0 0 0 0 0 0 0 0 0 0 0 10 17 12 14 17 12
 2.070000E+02 4 0 0 1 0 0 0 0 0 0 0 0 9 12 14 14 20 12
 2.075000E+02 11 0 0 0 0 0 0 0 0 0 0 0 8 13 11 14 16 13
 2.080000E+02 9 0 0 0 0 0 0 0 0 0 0 0 13 12 15 19 21 16
 2.085000E+02 4 0 0 1 0 0 0 0 0 1 0 0 13 14 12 14 12 18
 2.090000E+02 7 0 0 1 0 0 0 0 0 2 0 0 15 18 16 14 13 16
 2.095000E+02 10 0 0 0 0 0 0 0 0 1 0 0 15 19 8 17 13 15
 2.100000E+02 12 0 0 0 0 0 0 0 0 0 0 0 14 17 16 15 20 11
 2.105000E+02 7 0 0 0 0 0 0 0 0 0 0 0 17 17 14 12 12 15
 2.110000E+02 5 0 0 0 0 0 0 0 0 0 0 0 18 17 11 22 18 15
 2.115000E+02 9 0 0 0 0 0 0 0 0 0 0 0 15 12 7 19 22 15
 2.120000E+02 6 0 0 0 0 0 0 0 0 0 0 0 12 14 12 16 16 16
 2.125000E+02 6 0 0 0 0 0 0 0 0 0 0 0 8 19 12 18 11 20
 2.130000E+02 4 0 0 0 0 0 0 0 0 0 0 0 11 12 10 14 11 23
 2.135000E+02 8 0 0 0 0 0 0 0 0 0 0 0 18 15 13 15 19 16
 2.140000E+02 8 0 0 0 0 0 0 0 0 0 0 0 22 18 20 11 11 11
 2.145000E+02 5 0 0 0 0 0 0 0 0 0 0 0 25 16 16 11 12 14
 2.150000E+02 4 0 0 0 0 0 0 0 0 0 0 0 19 20 16 14 12 17
 2.155000E+02 9 0 0 0 0 0 0 0 0 0 0 0 20 18 14 12 8 23
 2.160000E+02 8 0 0 0 0 0 0 0 0 0 0 0 19 15 16 18 11 19
 2.165000E+02 7 0 0 0 0 0 0 0 0 1 0 0 17 18 12 13 16 16
 2.170000E+02 10 0 0 0 0 0 0 0 0 2 0 0 9 19 16 19 23 12
 2.175000E+02 14 0 0 0 0 0 0 0 0 0 1 0 9 17 13 23 20 14
 2.180000E+02 4 0 0 0 0 0 0 0 0 0 0 0 15 16 17 22 23 10
 2.185000E+02 5 0 0 0 0 0 0 0 0 0 0 0 11 16 19 16 14 22
 2.190000E+02 8 0 0 0 0 0 0 0 0 0 0 0 16 14 21 12 20 13
 2.195000E+02 5 0 0 0 0 0 0 0 0 0 0 0 23 13 23 18 19 10
 2.200000E+02 7 0 0 0 0 0 0 0 0 0 0 0 28 15 20 12 15 10
 2.205000E+02 7 0 0 0 0 0 0 0 0 0 0 0 21 15 13 14 15 13
 2.210000E+02 9 0 0 0 0 0 0 0 0 0 0 0 19 10 16 12 24 16
 2.215000E+02 12 0 0 0 0 0 0 0 0 0 0 0 20 9 21 8 24 20
 2.220000E+02 9 0 0 0 0 0 0 0 0 0 0 0 19 9 18 10 25 22
 2.225000E+02 8 0 0 0 0 0 0 0 0 0 0 0 15 14 18 17 14 10
 2.230000E+02 9 0 0 0 0 0 0 0 0 0 0 0 14 14 17 14 12 8
 2.235000E+02 11 0 0 0 0 0 0 0 0 0 0 0 18 12 17 9 18 11
 2.240000E+02 5 0 0 0 0 0 0 0 0 0 0 0 12 22 12 19 15 13
 2.245000E+02 6 0 0 0 0 0 0 0 0 0 0 0 8 15 17 15 15 18
 2.250000E+02 4 0 0 0 0 0 0 0 0 0 0 0 7 17 17 13 19 10
 2.255000E+02 5 0 0 0 0 0 0 0 0 0 0 0 9 16 12 22 16 15
 2.260000E+02 3 0 0 0 0 0 0 0 0 0 0 0 15 10 22 20 11 19
 2.265000E+02 4 0 0 0 0 0 0 0 0 0 0 0 20 21 19 13 10 19
 2.270000E+02 11 0 0 0 0 0 0 0 0 0 0 0 20 18 25 10 7 21
 2.275000E+02 9 0 0 0 0 0 0 0 0 0 0 0 13 22 19 17 11 19
 2.280000E+02 7 0 0 0 0 0 0 0 0 0 0 0 13 21 14 22 7 19
 2.285000E+02 2 0 0 0 0 0 0 0 0 0 0 0 13 14 11 24 9 18
 2.290000E+02 8 0 0 0 0 0 0 0 0 0 0 0 12 13 18 22 12 24
 2.295000E+02 10 0 0 0 0 0 0 0 0 0 0 0 15 17 18 24 11 15
 2.300000E+02 6 0 0 0 0 0 0 0 0 0 0 0 16 12 22 25 16 11
 2.305000E+02 8 0 0 0 0 0 0 0 0 0 0 0 18 13 19 26 19 17
 2.310000E+02 6 0 0 0 0 0 0 0 0 0 0 0 22 11 15 16 14 17
 2.315000E+02 6 0 0 0 0 0 0 0 0 0 0 0 19 8 13 18 20 25
 2.320000E+02 14 0 0 0 0 0 0 0 0 0 0 0 13 16 15 19 22 18
 2.325000E+02 9 0 0 0 0 0 0 0 0 0 0 0 12 20 9 22 19 14
 2.330000E+02 4 0 0 0 0 0 0 0 0 0 0 0 17 16 14 17 18 19
 2.335000E+02 7 0 0 0 0 0 0 0 0 0 0 0 13 13 12 17 20 19
 2.340000E+02 10 0 0 0 0 0 0 0 0 0 0 0 6 12 15 17 16 17
 2.345000E+02 11 0 0 0 0 0 0 0 0 0 0 0 6 16 19 16 18 19
 2.350000E+02 9 0 0 0 0 0 0 0 0 0 0 0 9 13 9 23 20 15
 2.355000E+02 13 0 0 0 0 0 0 0 0 0 0 0 16 19 13 22 13 15
 2.360000E+02 5 0 0 0 0 0 0 0 0 1 0 0 15 18 19 14 16 17
 2.365000E+02 9 0 0 0 0 0 0 0 0 1 0 0 19 14 19 16 12 20
 2.370000E+02 9 0 0 0 0 0 0 0 0 0 0 0 16 17 21 17 17 18
 2.375000E+02 8 0 0 0 0 0 0 0 0 0 0 0 18 16 25 13 13 17
 2.380000E+02 9 0 0 0 0 0 0 0 0 0 0 0 11 8 25 11 13 16
 2.385000E+02 7 0 0 0 0 0 0 0 0 0 0 0 16 14 22 15 14 12
 2.390000E+02 3 0 0 0 0 0 0 0 0 0 0 0 13 17 20 12 14 18
 2.395000E+02 7 0 0 0 0 0 0 0 0 0 0 0 17 14 16 17 18 19
 2.400000E+02 8 0 0 0 0 0 0 0 0 0 0 0 13 16 20 15 19 16
 2.405000E+02 6 0 0 0 0 0 0 0 0 0 0 0 14 18 20 22 20 14
 2.410000E+02 6 0 0 0 0 0 0 0 0 0 0 0 12 16 14 19 14 18
 2.415000E+02 11 0 0 0 0 0 0 0 0 0 0 0 12 22 23 14 12 17
 2.420000E+02 6 0 0 0 0 0 0 0 0 0 0 0 24 13 19 14 14 8
 2.425000E+02 10 0 0 0 0 0 0 0 0 0 0 0 16 22 14 6 15 9
 2.430000E+02 5 0 0 0 0 0 0 0 0 0 0 0 15 21 19 10 14 14
 2.435000E+02 8 0 0 0 0 0 0 0 0 0 0 0 20 24 18 12 17 7
 2.440000E+02 7 0 0 0 0 0 0 0 0 0 0 0 22 19 18 13 17 14
 2.445000E+02 12 0 0 0 0 0 0 0 0 0 0 0 24 15 24 19 17 10
 2.450000E+02 13 0 0 0 0 0 0 0 0 0 0 0 17 23 28 12 18 13
 2.455000E+02 15 0 0 0 0 0 0 0 0 0 0 0 14 13 15 17 18 13
 2.460000E+02 12 0 0 0 0 0 0 0 0 0 0 0 20 15 15 16 16 15
 2.465000E+02 16 0 0 0 0 0 0 0 0 1 0 0 11 15 15 12 15 13
 2.470000E+02 8 0 0 0 0 0 0 0 0 0 0 0 19 16 17 9 23 12
 2.475000E+02 8 0 0 0 0 0 0 0 0 0 0 0 17 14 26 12 15 16
 2.480000E+02 12 0 0 0 0 0 0 0 0 0 0 0 16 18 23 18 16 16
 2.485000E+02 11 0 0 0 0 0 0 0 0 0 0 0 13 13 22 14 19 11
 2.490000E+02 10 0 0 0 0 0 0 0 0 0 0 0 11 12 12 17 20 12
 2.495000E+02 5 0 0 0 0 0 0 0 0 0 0 0 10 18 16 19 14 20
 2.500000E+02 6 0 0 0 0 0 0 0 0 0 0 0 10 16 17 13 18 19
 2.505000E+02 1078 1 0 3 0 0 0 0 0 5 0 0 0 0 0 0 0 0
 2.510000E+02 1832 0 0 5 0 0 0 0 0 21 2 1 0 0 0 0 0 0
 2.515000E+02 2149 1 1 4 0 1 0 1 0 34 2 0 0 0 0 0 0 0
 2.520000E+02 2220 0 0 6 0 0 0 4 0 31 1 2 0 0 0 0 0 0
 2.525000E+02 986 1 0 8 1 0 0 6 0 24 1 0 0 0 0 0 0 0
 2.530000E+02 449 1 0 7 0 0 0 3 0 25 0 1 0 1 0 0 0 0
 2.535000E+02 202 2 0 5 0 0 0 2 0 17 1 1 0 1 0 0 0 1
 2.540000E+02 113 0 0 2 0 0 0 1 1 13 0 0 0 2 1 0 1 1
 2.545000E+02 1321 0 0 2 0 1 0 2 0 17 1 0 0 0 0 0 0 0
 2.550000E+02 1962 1 0 1 0 0 0 4 0 23 0 0 0 0 0 0 1 0
 2.555000E+02 2150 1 0 0 1 0 0 6 0 30 1 0 0 0 0 0 0 0
 2.560000E+02 2319 1 0 4 1 2 0 4 0 36 0 3 0 0 0 0 0 0
 2.565000E+02 1010 2 0 2 0 0 0 6 0 43 1 1 0 0 0 0 0 0
 2.570000E+02 465 2 0 2 0 0 0 4 1 33 2 1 0 1 0 0 0 0
 2.575000E+02 234 0 0 5 0 1 0 2 0 24 0 1 0 0 0 0 3 0
 2.580000E+02 117 0 0 3 2 2 0 2 0 14 0 0 2 0 1 2 1 1
 2.585000E+02 1390 2 0 2 1 0 0 3 0 15 2 1 0 0 0 0 0 0
 2.590000E+02 1923 0 0 4 1 1 0 7 0 31 0 0 0 0 0 0 0 0
 2.595000E+02 2149 2 0 5 0 2 0 5 0 32 0 0 0 0 0 0 0 0
 2.600000E+02 2314 0 0 4 0 2 0 7 1 34 2 0 0 0 0 0 0 0
 2.605000E+02 1035 0 0 1 1 2 0 4 0 31 1 0 0 0 0 0 0 0
 2.610000E+02 474 1 0 1 0 1 0 4 0 27 0 1 0 0 1 0 0 0
 2.615000E+02 220 0 0 1 0 1 0 4 0 23 1 1 2 0 0 2 0 1
 2.620000E+02 113 0 0 2 0 1 0 3 0 17 0 1 2 3 2 1 1 0
 2.625000E+02 1394 0 0 2 0 0 0 1 0 22 0 1 0 0 0 0 0 0
 2.630000E+02 1975 0 0 0 0 1 0 3 1 32 0 1 0 0 0 0 0 0
 2.635000E+02 2059 0 0 1 0 1 0 5 0 32 2 0 0 0 0 0 0 0
 2.640000E+02 2252 1 0 0 0 0 0 8 0 32 0 0 0 0 0 0 0 0
 2.645000E+02 920 2 0 1 0 1 0 6 1 33 0 0 0 0 1 0 0 0
 2.650000E+02 412 0 0 0 0 2 0 5 0 28 1 0 0 0 0 0 0 1
 2.655000E+02 196 0 0 1 0 3 0 4 0 17 0 0 0 1 1 0 0 0
 2.660000E+02 106 1 0 1 0 0 0 1 0 9 0 1 2 0 1 2 3 2
 2.665000E+02 1330 0 0 0 0 0 0 5 0 16 0 0 0 0 0 0 0 0
 2.670000E+02 1899 0 0 2 0 5 0 5 0 22 0 1 0 0 0 0 0 0
 2.675000E+02 2116 1 0 1 0 5 0 8 0 36 0 0 0 0 0 0 0 0
 2.680000E+02 2228 0 0 6 0 1 0 11 0 28 1 0 0 0 0 0 0 0
 2.685000E+02 956 0 0 3 0 3 0 4 0 28 2 1 0 0 0 0 0 0
 2.690000E+02 418 0 0 2 0 1 0 3 0 21 0 1 0 0 0 1 0 0
 2.695000E+02 203 0 0 1 0 3 0 3 0 13 1 1 0 0 1 2 1 0
 2.700000E+02 107 0 0 0 0 1 0 2 0 12 0 0 2 1 1 1 1 3
 2.705000E+02 1330 1 0 0 0 1 0 6 0 15 0 1 0 0 0 0 0 0
 2.710000E+02 1947 1 0 0 0 1 0 2 0 28 0 0 0 0 0 0 0 0
 2.715000E+02 2230 1 0 1 0 1 0 7 0 29 0 0 0 0 0 0 0 0
 2.720000E+02 2322 1 0 2 0 4 0 8 0 30 0 2 0 0 0 0 0 0
 2.725000E+02 1030 2 0 0 0 3 0 3 0 31 0 0 0 0 0 0 0 0
 2.730000E+02 449 1 0 0 0 1 0 5 0 21 1 0 0 0 1 0 0 0
 2.735000E+02 219 1 0 1 0 2 0 0 0 16 0 0 1 2 0 1 1 0
 2.740000E+02 107 1 0 0 0 0 0 2 0 10 0 0 6 1 0 1 2 0
 2.745000E+02 1385 0 0 0 0 1 0 3 0 13 0 0 0 0 0 0 0 0
 2.750000E+02 1959 0 0 1 0 2 0 7 0 13 1 0 0 0 0 0 0 0
 2.755000E+02 2151 0 0 1 0 4 0 10 0 27 0 0 0 0 0 0 0 0
 2.760000E+02 2258 0 0 0 1 1 0 6 1 37 0 1 0 0 0 0 0 0
 2.765000E+02 947 3 0 2 0 2 0 7 0 37 0 1 0 0 0 0 0 0
 2.770000E+02 414 0 0 0 0 0 0 7 0 35 1 0 0 0 0 0 0 0
 2.775000E+02 193 1 0 0 0 2 0 4 0 19 0 0 0 1 1 0 0 1
 2.780000E+02 108 0 0 0 0 1 0 1 0 11 1 0 1 2 2 1 2 1
 2.785000E+02 1410 0 0 1 0 1 1 2 0 15 0 0 0 0 0 0 0 0
 2.790000E+02 1923 1 1 0 0 2 0 3 0 29 0 0 0 0 0 0 0 0
 2.795000E+02 2142 2 0 2 0 2 0 6 0 26 0 1 0 0 0 0 0 0
 2.800000E+02 2223 2 0 0 0 2 0 6 0 32 0 0 0 0 0 0 0 0
 2.805000E+02 965 0 0 2 0 5 0 8 0 30 1 0 0 0 0 0 0 0
 2.810000E+02 448 0 0 1 0 2 0 3 1 22 1 1 0 0 0 0 0 0
 2.815000E+02 218 2 0 0 0 3 0 6 0 11 0 2 0 0 0 1 1 1
 2.820000E+02 105 0 0 1 0 1 0 2 0 12 0 2 2 2 1 2 0 1
 2.825000E+02 1429 0 0 1 0 0 0 2 0 10 0 0 0 0 0 0 0 0
 2.830000E+02 1919 0 0 0 0 1 0 3 0 24 0 0 0 0 0 0 0 0
 2.835000E+02 2170 2 0 0 0 2 0 5 0 31 1 0 0 0 0 0 0 0
 2.840000E+02 2274 1 0 0 0 3 0 6 0 32 0 1 0 0 0 0 0 1
 2.845000E+02 980 3 0 3 0 3 0 6 0 29 0 1 0 0 0 0 0 0
 2.850000E+02 432 1 0 1 0 2 0 2 0 27 1 0 0 0 0 0 0 1
 2.855000E+02 191 0 0 0 0 0 0 2 0 24 0 0 1 1 0 1 0 0
 2.860000E+02 126 0 0 0 0 0 0 1 0 12 0 0 1 1 3 0 2 3
 2.865000E+02 1374 1 0 0 0 0 0 1 0 13 0 0 0 0 0 0 0 0
 2.870000E+02 1954 2 0 1 0 2 0 0 0 28 0 0 0 0 0 0 0 0
 2.875000E+02 2194 0 0 2 0 5 0 5 1 26 0 1 0 0 0 0 0 0
 2.880000E+02 2278 1 0 1 0 3 0 5 1 34 2 0 0 0 0 0 0 0
 2.885000E+02 1019 2 0 2 0 5 0 4 0 37 0 0 0 0 0 0 0 0
 2.890000E+02 467 0 0 1 0 2 0 7 0 29 0 1 1 0 0 0 0 0
 2.895000E+02 225 1 0 2 0 1 0 3 0 21 1 1 0 1 1 1 0 0
 2.900000E+02 113 0 0 0 1 1 0 2 0 19 0 0 2 1 0 3 0 2
 2.905000E+02 62 0 0 1 0 0 0 1 0 9 1 0 3 4 4 3 2 4
 2.910000E+02 48 0 0 0 0 0 0 0 0 13 0 0 3 7 5 3 10 6
 2.915000E+02 37 0 0 0 0 1 0 0 0 10 0 0 2 7 5 16 4 6
 2.920000E+02 43 0 0 0 0 1 0 0 0 6 1 0 13 7 4 8 8 11
 2.925000E+02 39 0 0 0 0 0 0 2 0 4 0 1 7 9 6 12 10 15
 2.930000E+02 38 0 0 0 0 0 0 0 0 5 0 0 12 8 14 11 14 12
 2.935000E+02 26 0 0 0 0 0 0 1 0 2 0 0 16 11 11 13 10 14
 2.940000E+02 27 0 0 0 0 0 0 0 0 2 0 0 16 11 12 11 18 13
 2.945000E+02 27 0 0 0 0 0 0 0 0 2 0 0 18 16 16 12 13 10
 2.950000E+02 21 0 0 0 0 0 0 1 0 0 0 0 16 17 19 11 12 12
 2.955000E+02 34 0 0 0 0 0 0 1 0 0 0 0 10 10 16 16 24 17
 2.960000E+02 18 0 0 0 0 0 0 1 0 1 0 0 13 14 18 17 20 18
 2.965000E+02 25 0 0 0 0 0 0 0 0 0 0 0 12 14 21 23 18 15
 2.970000E+02 21 0 0 0 0 0 0 0 0 0 0 1 12 17 23 23 8 14
 2.975000E+02 14 0 0 0 0 0 0 0 0 0 0 1 14 15 17 19 16 10
 2.980000E+02 18 0 0 0 0 1 0 0 0 0 0 0 18 11 23 13 26 11
 2.985000E+02 18 0 0 0 0 0 0 0 0 1 0 0 22 17 20 15 17 20
 2.990000E+02 25 0 0 0 0 0 0 1 0 0 0 0 16 21 15 23 19 16
 2.995000E+02 12 0 0 0 0 0 0 0 0 1 0 0 19 19 13 17 22 21
 3.000000E+02 17 0 0 0 0 0 0 0 0 0 0 0 21 16 14 16 16 18
 3.005000E+02 20 0 0 0 0 0 0 0 0 0 0 0 16 19 17 23 22 11
 3.010000E+02 16 0 0 0 0 0 0 0 0 1 0 0 20 22 16 17 21 13
 3.015000E+02 20 0 0 0 0 1 0 0 0 0 0 0 18 20 17 17 19 21
 3.020000E+02 19 0 0 0 0 0 0 0 0 2 0 0 20 22 19 16 14 20
 3.025000E+02 11 0 0 0 0 0 0 0 0 0 0 0 18 19 17 17 20 21
 3.030000E+02 19 0 0 0 0 0 0 0 0 0 0 0 22 19 28 19 23 11
 3.035000E+02 10 0 0 0 0 0 0 0 0 2 0 0 19 14 24 15 17 12
 3.040000E+02 13 0 0 0 0 0 0 0 0 2 0 0 16 19 21 17 25 26
 3.045000E+02 12 0 0 0 0 0 0 0 0 1 0 0 24 15 23 29 14 19
 3.050000E+02 11 0 0 0 0 0 0 0 0 1 0 0 20 17 19 21 20 19
 3.055000E+02 16 0 0 0 0 0 0 0 0 1 0 0 27 11 16 24 12 25
 3.060000E+02 14 0 0 0 0 0 0 0 0 0 0 0 23 18 18 27 18 19
 3.065000E+02 14 0 0 0 0 0 0 0 0 2 0 0 17 23 17 23 21 20
 3.070000E+02 10 0 0 0 0 0 0 0 0 2 0 0 19 21 15 16 17 21
 3.075000E+02 16 0 0 0 0 0 0 1 0 1 0 0 20 19 20 21 17 28
 3.080000E+02 11 0 0 0 0 0 0 0 0 2 0 0 18 19 17 22 14 22
 3.085000E+02 12 0 0 0 0 0 1 0 0 0 0 0 21 25 20 18 13 20
 3.090000E+02 15 0 0 0 0 0 0 0 0 1 0 0 18 25 21 15 12 19
 3.095000E+02 18 0 0 0 0 0 0 0 0 1 0 0 19 21 20 14 14 19
 3.100000E+02 11 0 0 0 0 0 0 1 0 0 0 0 15 18 22 14 18 22
 3.105000E+02 9 0 0 0 0 0 0 0 0 0 0 0 20 18 20 26 14 23
 3.110000E+02 17 0 0 0 0 0 0 0 0 0 0 0 15 20 16 29 14 21
 3.115000E+02 20 0 0 0 0 0 0 0 0 0 0 0 26 20 18 24 14 19
 3.120000E+02 11 0 0 0 0 0 0 0 0 1 0 0 20 24 18 24 17 25
 3.125000E+02 3 0 0 0 0 0 0 0 0 1 0 0 20 16 23 28 16 17
 3.130000E+02 10 0 0 0 0 0 0 0 0 1 0 0 20 16 20 25 19 16
 3.135000E+02 12 0 0 0 0 0 0 0 0 1 0 0 18 23 17 25 25 12
 3.140000E+02 15 0 0 0 0 0 0 0 0 1 0 0 22 23 16 22 22 10
 3.145000E+02 17 0 0 0 0 0 0 1 0 1 0 0 17 21 24 18 23 19
 3.150000E+02 12 0 0 0 0 0 0 0 0 1 0 0 24 18 22 15 12 28
 3.155000E+02 10 0 0 1 0 0 0 0 0 0 0 0 15 22 23 20 9 27
 3.160000E+02 10 1 0 0 0 0 0 0 0 0 0 0 13 20 21 20 12 16
 3.165000E+02 9 1 0 0 0 0 0 0 0 0 0 0 11 20 25 21 19 16
 3.170000E+02 7 0 0 0 0 0 0 0 0 1 0 0 15 20 29 27 21 22
 3.175000E+02 14 0 0 0 0 0 0 0 0 1 0 0 14 16 25 23 24 22
 3.180000E+02 8 0 0 1 0 0 0 0 0 0 0 0 17 15 24 16 17 19
 3.185000E+02 17 0 0 1 0 0 0 0 0 0 0 0 25 22 20 17 17 19
 3.190000E+02 17 0 0 0 0 0 0 1 0 1 0 0 20 18 22 15 9 18
 3.195000E+02 14 0 0 0 0 0 0 0 0 2 0 0 20 23 29 16 12 19
 3.200000E+02 10 0 0 0 0 0 0 0 0 3 0 0 18 19 13 19 13 22
 3.205000E+02 15 0 0 0 0 0 0 0 0 1 0 0 17 22 20 19 10 22
 3.210000E+02 8 0 0 0 0 0 0 0 0 1 0 0 21 19 24 16 17 25
 3.215000E+02 11 0 0 0 0 0 0 0 0 1 0 0 21 11 18 25 11 21
 3.220000E+02 13 0 0 0 0 0 0 0 0 0 0 0 18 14 23 22 12 23
 3.225000E+02 11 0 0 0 0 0 0 0 0 1 0 0 12 20 20 16 18 23
 3.230000E+02 10 0 0 0 0 0 0 0 0 1 0 0 14 17 20 16 11 26
 3.235000E+02 8 0 0 0 0 0 0 0 0 1 0 0 14 15 19 22 10 27
 3.240000E+02 9 1 0 0 0 0 0 0 0 0 0 0 18 15 12 27 15 18
 3.245000E+02 12 0 0 0 0 0 0 0 0 0 0 0 23 13 26 24 16 14
 3.250000E+02 12 0 0 0 0 0 0 0 0 0 0 0 19 20 24 18 18 12
 3.255000E+02 9 0 0 0 0 0 0 0 0 0 0 0 17 18 22 17 14 11
 3.260000E+02 15 0 0 0 0 0 0 0 0 0 0 0 16 24 21 19 16 16
 3.265000E+02 7 0 0 0 0 0 0 0 0 0 0 0 21 22 21 14 17 25
 3.270000E+02 11 0 0 0 0 0 0 0 0 0 0 0 19 24 24 16 15 24
 3.275000E+02 9 0 0 0 0 0 0 0 0 0 0 0 18 23 19 18 20 22
 3.280000E+02 17 0 0 0 0 0 0 0 0 0 0 0 18 20 22 18 17 15
 3.285000E+02 13 0 0 0 0 0 0 0 0 0 0 0 14 23 21 20 16 17
 3.290000E+02 11 0 0 0 0 0 0 0 0 0 0 0 16 22 18 18 16 17
 3.295000E+02 12 0 0 0 0 0 0 0 0 0 0 0 21 16 19 20 13 18
 3.300000E+02 16 0 0 0 0 0 0 0 0 0 0 0 19 16 20 18 23 16
 3.305000E+02 10 0 0 0 0 0 0 0 0 0 0 0 21 19 18 17 21 14
 3.310000E+02 10 0 0 0 0 0 0 0 0 0 0 0 20 29 15 12 24 12
 3.315000E+02 13 0 0 0 0 0 0 0 0 0 0 0 14 21 18 17 27 9
 3.320000E+02 9 0 0 0 0 0 0 0 0 0 0 0 20 14 14 22 19 11
 3.325000E+02 5 0 0 0 0 0 0 0 0 0 0 0 18 18 17 16 23 16
 3.330000E+02 5 0 0 0 0 0 0 0 0 0 0 0 20 18 15 14 22 19
 3.335000E+02 2 0 0 0 0 0 0 0 0 1 0 0 28 17 10 18 24 25
 3.340000E+02 10 0 0 0 0 0 0 0 0 1 0 0 28 15 10 15 20 19
 3.345000E+02 7 0 0 0 0 0 0 0 0 1 0 0 26 20 16 17 19 19
 3.350000E+02 9 0 0 0 0 0 0 0 0 0 0 0 16 15 18 15 20 22
 3.355000E+02 5 0 0 0 0 0 0 0 0 0 0 0 21 13 20 18 22 19
 3.360000E+02 14 0 0 0 0 0 0 0 0 0 0 0 17 20 18 12 14 18
 3.365000E+02 11 0 0 0 0 0 0 0 0 1 0 0 24 21 18 19 13 10
 3.370000E+02 8 0 0 0 0 1 0 0 0 0 0 0 28 12 21 15 11 10
 3.375000E+02 11 0 0 0 0 0 0 1 0 0 0 0 19 19 26 15 11 18
 3.380000E+02 10 0 0 0 0 0 0 0 0 1 0 0 21 14 22 19 14 22
 3.385000E+02 14 0 0 0 0 0 0 0 0 1 0 0 22 23 13 13 10 18
 3.390000E+02 13 0 0 0 0 0 0 0 0 1 0 0 21 16 18 16 11 18
 3.395000E+02 15 0 0 0 0 0 0 0 0 1 0 0 20 18 25 15 8 19
 3.400000E+02 13 0 0 0 0 0 0 0 0 1 0 0 17 21 19 18 13 21
 3.405000E+02 20 0 0 0 0 0 0 1 0 0 0 0 22 24 17 15 13 16
 3.410000E+02 9 0 0 0 0 0 0 0 0 0 0 0 21 16 17 18 19 19
 3.415000E+02 10 0 0 0 0 0 0 0 0 0 0 0 20 17 20 16 24 14
 3.420000E+02 9 0 0 0 0 0 0 0 0 0 0 0 18 12 24 18 26 21
 3.425000E+02 9 0 0 0 0 0 0 0 0 1 0 0 21 15 20 17 23 15
 3.430000E+02 8 0 0 0 0 0 0 0 0 0 0 0 23 11 22 28 9 13
 3.435000E+02 9 0 0 0 0 0 0 0 0 1 0 0 32 10 21 19 15 17
 3.440000E+02 6 0 0 0 0 0 0 0 0 2 0 0 21 18 27 19 13 20
 3.445000E+02 11 0 0 0 0 0 0 0 0 0 0 0 18 18 15 25 16 22
 3.450000E+02 13 0 0 0 0 0 0 0 0 1 0 0 14 14 20 21 15 24
 3.455000E+02 16 0 0 0 0 0 0 0 0 0 0 0 12 17 17 19 23 14
 3.460000E+02 10 0 0 0 0 0 0 0 0 0 0 0 15 13 19 22 21 11
 3.465000E+02 12 0 0 0 0 0 0 0 0 0 0 0 10 15 19 16 23 19
 3.470000E+02 5 0 0 0 0 0 0 0 0 0 0 0 18 18 23 20 19 18
 3.475000E+02 5 0 0 0 0 0 0 1 0 0 0 0 22 13 19 21 27 17
 3.480000E+02 10 0 0 0 0 0 0 0 0 0 0 0 19 16 19 16 15 23
 3.485000E+02 12 0 0 0 0 0 0 0 0 0 0 0 13 21 19 16 8 29
 3.490000E+02 5 0 0 0 0 0 0 0 0 0 0 0 14 20 16 20 9 21
 3.495000E+02 20 0 0 0 0 0 0 0 0 0 0 0 20 21 23 16 19 20
 3.500000E+02 4 0 0 0 0 0 0 1 0 0 0 0 23 20 19 24 17 13
 3.505000E+02 10 0 0 1 0 0 0 0 0 0 0 0 22 19 16 19 12 17
 3.510000E+02 11 0 0 0 0 0 0 0 0 0 0 0 18 22 25 10 21 16
 3.515000E+02 6 0 0 0 0 0 0 0 0 0 0 0 19 15 20 11 18 18
 3.520000E+02 7 0 0 0 0 0 0 0 0 0 0 0 25 13 14 22 18 19
 3.525000E+02 13 0 0 0 0 0 0 0 0 0 0 0 24 20 18 19 18 14
 3.530000E+02 7 0 0 0 0 0 0 0 0 0 0 0 22 15 16 20 24 18
 3.535000E+02 11 0 0 0 0 0 0 0 0 0 0 0 16 15 19 11 21 16
 3.540000E+02 12 0 0 0 0 0 0 0 0 0 0 0 18 18 19 23 17 19
 3.545000E+02 15 0 0 0 0 0 0 0 0 1 0 0 21 19 21 18 15 22
 3.550000E+02 9 0 0 0 0 0 0 0 0 1 0 0 15 23 22 20 17 21
 3.555000E+02 12 0 0 1 0 0 0 0 0 0 0 0 16 22 23 21 21 13
 3.560000E+02 12 1 0 0 0 0 0 0 0 0 0 0 11 27 18 16 21 13
 3.565000E+02 8 0 0 0 0 0 0 0 0 0 0 0 15 19 15 23 16 20
 3.570000E+02 16 0 0 0 0 0 0 0 0 1 0 0 20 17 16 21 14 20
 3.575000E+02 17 0 0 0 0 0 0 0 0 1 0 0 21 17 11 20 23 18
 3.580000E+02 8 0 0 0 0 0 0 0 0 1 0 0 21 12 17 18 22 9
 3.585000E+02 9 0 0 0 0 0 0 0 0 0 0 0 17 16 22 19 25 11
 3.590000E+02 11 0 0 0 0 0 0 0 0 0 0 0 13 17 13 17 23 12
 3.595000E+02 13 0 0 1 0 0 0 0 0 1 0 0 12 19 17 25 19 17
 3.600000E+02 17 0 0 0 0 0 0 0 0 1 0 0 16 15 13 19 21 27
 3.605000E+02 12 0 0 0 0 0 0 0 0 0 0 0 19 19 17 10 23 11
 3.610000E+02 10 0 0 0 0 0 0 0 0 0 0 0 22 10 23 19 24 14
 3.615000E+02 9 0 0 0 0 0 0 0 0 0 0 0 18 20 19 21 21 14
 3.620000E+02 12 0 0 0 0 0 0 0 0 0 0 0 26 13 18 20 17 22
 3.625000E+02 7 0 0 0 0 0 0 0 0 0 0 0 19 11 21 19 18 21
 3.630000E+02 11 0 0 1 0 0 0 0 0 1 0 0 15 21 22 20 22 15
 3.635000E+02 6 0 0 0 0 0 0 0 0 0 0 0 17 20 22 14 23 17
 3.640000E+02 15 0 0 0 0 0 0 0 0 1 0 0 16 23 19 9 25 14
 3.645000E+02 14 0 0 0 0 0 0 0 0 1 0 0 19 20 28 12 18 17
 3.650000E+02 10 0 0 0 0 0 0 0 0 1 0 0 16 18 23 11 14 21
 3.655000E+02 10 0 0 0 0 0 0 0 0 1 0 0 23 18 26 14 16 22
 3.660000E+02 11 0 0 0 0 0 0 1 0 0 0 0 24 10 19 14 26 24
 3.665000E+02 9 0 0 0 0 0 0 1 0 0 0 0 15 7 21 18 20 21
 3.670000E+02 13 0 0 0 0 0 0 0 0 1 0 0 16 12 23 22 13 22
 3.675000E+02 7 0 0 0 0 0 0 0 0 0 0 0 16 17 18 17 13 20
 3.680000E+02 12 0 0 0 0 0 0 0 0 0 0 0 15 18 20 12 18 23
 3.685000E+02 5 0 0 0 0 0 0 0 0 0 0 0 16 23 22 13 20 20
 3.690000E+02 12 0 0 0 0 0 0 0 0 0 0 0 18 20 14 16 18 16
 3.695000E+02 12 0 0 0 0 0 0 0 0 1 0 0 17 22 17 13 13 14
 3.700000E+02 13 0 0 0 0 0 0 0 0 0 0 0 19 21 24 15 22 15
 3.705000E+02 9 0 0 0 0 0 0 0 0 0 0 0 18 14 14 20 19 17
 3.710000E+02 4 0 0 0 0 0 0 0 0 0 0 0 18 20 18 20 19 18
 3.715000E+02 10 0 0 0 0 0 0 0 0 0 0 0 25 10 15 19 18 18
 3.720000E+02 11 0 0 0 0 0 0 0 0 0 0 0 16 16 20 17 16 18
 3.725000E+02 12 0 0 0 0 0 0 0 0 0 0 0 15 21 24 18 12 20
 3.730000E+02 4 0 0 0 0 0 0 0 0 1 0 0 17 26 13 18 19 15
 3.735000E+02 9 0 0 0 0 0 0 0 0 0 0 0 25 21 12 18 23 19
 3.740000E+02 8 0 0 0 0 0 0 0 0 0 0 0 21 20 12 17 19 19
 3.745000E+02 10 0 0 0 0 0 0 0 0 0 0 0 14 19 16 11 20 18
 3.750000E+02 11 0 0 0 0 0 0 0 0 0 0 0 14 20 19 17 17 20
 3.755000E+02 10 0 0 0 0 0 0 0 0 0 0 0 18 23 15 14 17 17
 3.760000E+02 10 0 0 0 0 0 0 0 0 0 0 0 20 23 11 21 21 24
 3.765000E+02 7 0 0 0 0 0 0 0 0 0 0 0 18 21 12 20 17 17
 3.770000E+02 9 0 0 0 0 0 0 0 0 0 0 0 17 23 14 11 20 16
 3.775000E+02 8 0 0 0 0 0 0 0 0 0 0 0 22 16 22 15 18 23
 3.780000E+02 8 0 0 0 0 0 0 0 0 0 0 0 12 18 21 23 14 24
 3.785000E+02 10 0 0 0 0 0 0 0 0 0 0 0 15 17 20 18 17 19
 3.790000E+02 8 0 0 0 0 0 0 0 0 0 0 0 16 20 21 13 17 15
 3.795000E+02 4 0 0 0 0 0 0 0 0 0 0 0 17 21 20 16 17 15
 3.800000E+02 11 0 0 0 0 0 0 0 0 0 0 0 9 16 22 23 14 20
 3.805000E+02 9 0 0 0 0 0 0 0 0 0 0 0 10 14 25 14 16 26
 3.810000E+02 16 0 0 0 0 0 0 0 0 0 0 0 17 20 21 17 16 22
 3.815000E+02 11 0 0 0 0 0 0 0 0 0 0 0 13 20 16 21 15 18
 3.820000E+02 7 0 0 0 0 0 0 0 0 0 0 0 14 20 16 15 20 14
 3.825000E+02 4 0 0 0 0 0 0 0 0 0 0 0 16 20 20 17 15 19
 3.830000E+02 15 0 0 0 0 0 0 0 0 0 0 0 16 21 15 16 15 19
 3.835000E+02 9 0 0 0 0 0 0 0 0 0 0 0 16 17 20 16 14 20
 3.840000E+02 14 0 0 0 0 0 0 0 0 0 0 0 13 22 14 12 20 24
 3.845000E+02 5 0 0 0 0 0 0 0 0 0 0 0 16 26 13 16 19 16
 3.850000E+02 10 0 0 0 0 0 0 0 0 0 0 0 16 17 10 20 16 16
 3.855000E+02 4 0 0 0 0 0 0 0 0 0 0 0 27 13 9 18 19 14
 3.860000E+02 8 0 0 0 0 0 0 0 0 0 0 0 18 14 17 14 29 15
 3.865000E+02 8 0 0 0 0 0 0 0 0 1 0 0 18 9 21 21 21 19
 3.870000E+02 7 0 0 0 0 0 0 0 0 1 0 0 13 15 17 27 21 21
 3.875000E+02 11 0 0 0 0 0 0 0 0 1 0 0 11 20 13 22 16 22
 3.880000E+02 6 0 0 0 0 0 0 1 0 0 0 0 16 15 13 17 11 14
 3.885000E+02 10 0 0 0 0 0 0 0 0 1 0 0 24 22 14 12 16 14
 3.890000E+02 12 0 0 0 0 0 0 0 0 0 0 0 18 15 19 17 16 15
 3.895000E+02 7 0 0 0 0 0 0 0 0 0 0 0 21 20 17 15 19 14
 3.900000E+02 8 0 0 0 0 0 0 0 0 0 0 0 14 10 21 13 26 17
 3.905000E+02 13 0 0 0 0 0 0 0 0 0 0 0 12 9 20 15 23 16
 3.910000E+02 12 0 0 0 0 0 0 0 0 0 0 0 18 12 14 20 19 16
 3.915000E+02 13 0 0 0 0 0 0 0 0 0 0 0 18 12 12 27 19 19
 3.920000E+02 11 0 0 0 0 0 0 0 0 0 0 0 15 12 14 25 18 19
 3.925000E+02 11 0 0 0 0 0 0 0 0 0 0 0 18 18 9 16 15 18
 3.930000E+02 11 0 0 0 0 0 0 0 0 0 0 0 19 18 13 16 11 14
 3.935000E+02 8 0 0 0 0 0 0 0 0 0 0 0 13 13 18 19 11 13
 3.940000E+02 8 0 0 0 0 0 0 0 0 0 0 0 18 17 17 13 13 19
 3.945000E+02 8 0 0 0 0 0 0 0 0 0 0 0 17 16 20 12 16 14
 3.950000E+02 11 0 0 0 0 0 0 0 0 0 0 0 18 18 13 11 17 15
 3.955000E+02 6 0 0 0 0 0 0 0 0 0 0 0 21 17 15 16 20 23
 3.960000E+02 10 0 0 0 0 0 0 0 0 0 0 0 23 18 17 14 17 20
 3.965000E+02 6 0 0 0 0 0 0 0 0 0 0 0 17 14 19 16 23 19
 3.970000E+02 14 0 0 0 0 0 0 0 0 0 0 0 16 22 18 9 13 16
 3.975000E+02 5 0 0 0 0 0 0 0 0 1 0 0 17 20 16 15 18 16
 3.980000E+02 13 0 0 0 0 0 0 1 0 0 0 0 9 15 14 16 19 17
 3.985000E+02 5 0 0 0 0 0 0 0 0 1 0 0 13 17 11 20 14 20
 3.990000E+02 10 0 0 0 0 0 0 0 0 0 0 0 23 19 14 15 10 21
 3.995000E+02 14 0 0 0 0 0 0 0 0 0 0 0 18 16 12 17 11 19
 4.000000E+02 8 0 0 0 0 0 0 0 0 0 0 0 18 17 11 9 15 14
 4.005000E+02 2 0 0 0 0 0 0 0 0 0 0 0 17 15 15 17 18 19
 4.010000E+02 7 0 0 0 0 0 0 0 0 0 0 0 15 15 11 18 23 17
 4.015000E+02 11 0 0 0 0 0 0 0 0 0 0 0 16 15 14 15 18 18
 4.020000E+02 12 0 0 0 0 0 0 0 0 0 0 0 15 20 10 21 16 16
 4.025000E+02 8 0 0 0 0 0 0 0 0 0 0 0 11 15 20 20 18 23
 4.030000E+02 9 0 0 0 0 0 0 0 0 0 0 0 19 15 18 18 19 16
 4.035000E+02 6 0 0 0 0 0 0 0 0 0 0 0 22 13 17 13 17 24
 4.040000E+02 5 0 0 0 0 0 0 0 0 1 0 0 23 12 12 7 17 18
 4.045000E+02 8 0 0 0 0 0 0 0 0 0 0 0 18 17 19 18 16 14
 4.050000E+02 9 0 0 0 0 0 0 0 0 1 0 0 17 18 24 12 22 6
 4.055000E+02 9 0 0 0 0 0 0 0 0 0 0 0 10 18 22 9 14 19
 4.060000E+02 5 0 0 0 0 0 0 0 0 0 0 0 12 21 20 12 17 17
 4.065000E+02 9 0 0 0 0 0 0 0 0 0 0 0 16 22 16 16 17 19
 4.070000E+02 10 0 0 0 0 0 0 0 0 0 0 0 12 18 18 13 10 19
 4.075000E+02 9 0 0 0 0 0 0 0 0 1 0 0 18 18 14 12 16 21
 4.080000E+02 6 0 0 1 0 0 0 0 0 1 0 0 24 19 14 17 20 10
 4.085000E+02 10 1 0 0 0 0 0 0 0 1 0 0 19 21 15 16 16 12
 4.090000E+02 9 0 0 0 0 0 0 0 0 2 0 0 17 20 19 15 8 15
 4.095000E+02 9 0 0 0 0 0 0 0 0 2 0 0 15 18 19 21 8 21
 4.100000E+02 6 0 0 0 0 0 0 1 0 1 0 0 24 20 21 12 11 15
 4.105000E+02 7 0 0 0 0 0 0 1 0 1 0 0 18 20 21 11 15 12
 4.110000E+02 7 0 0 0 0 0 0 0 0 1 0 0 11 13 21 16 22 20
 4.115000E+02 7 0 0 0 0 0 0 0 0 0 0 0 17 16 19 16 24 17
 4.120000E+02 7 0 0 0 0 0 0 0 0 0 0 0 11 21 14 13 16 16
 4.125000E+02 6 0 0 0 0 0 0 0 0 0 0 0 18 20 12 15 17 15
 4.130000E+02 8 0 0 0 0 0 0 0 0 0 0 0 13 14 15 16 17 23
 4.135000E+02 13 0 0 0 0 0 0 0 0 0 0 0 16 13 14 14 14 23
 4.140000E+02 6 0 0 0 0 0 0 0 0 0 0 0 17 12 15 21 20 19
 4.145000E+02 6 0 0 0 0 0 0 0 0 0 0 0 12 14 12 20 21 15
 4.150000E+02 10 0 0 0 0 0 0 0 0 0 0 0 14 11 9 16 16 13
 4.155000E+02 9 0 0 0 0 0 0 0 0 0 0 0 20 14 11 24 15 16
 4.160000E+02 6 0 0 0 0 0 0 0 0 0 0 0 20 12 10 20 14 16
 4.165000E+02 9 0 0 0 0 0 0 0 0 0 0 0 17 7 10 26 14 18
 4.170000E+02 11 0 0 0 0 0 0 0 0 0 0 0 13 7 13 19 21 17
 4.175000E+02 7 0 0 0 0 0 0 0 0 0 0 0 9 15 16 19 18 16
 4.180000E+02 10 0 0 0 0 0 0 0 0 2 0 0 11 19 16 15 19 8
 4.185000E+02 9 0 0 0 0 0 0 1 0 0 0 0 18 21 18 15 18 16
 4.190000E+02 3 0 0 0 0 0 0 0 0 1 0 0 13 26 13 16 18 19
 4.195000E+02 10 0 0 0 0 0 0 0 0 1 0 0 15 24 19 8 18 28
 4.200000E+02 10 0 0 0 0 0 0 0 0 2 0 0 11 16 19 13 14 24
 4.205000E+02 6 0 0 0 0 0 0 0 1 0 0 0 12 20 14 16 20 19
 4.210000E+02 12 0 0 0 0 0 0 0 0 0 0 0 18 16 12 14 19 17
 4.215000E+02 5 0 0 0 0 0 0 0 0 0 0 0 16 16 10 15 22 19
 4.220000E+02 8 0 0 1 0 0 0 0 0 0 0 0 14 19 14 19 18 17
 4.225000E+02 9 0 0 0 0 0 0 0 0 0 0 0 14 18 16 15 18 14
 4.230000E+02 4 0 0 0 0 0 0 0 0 1 0 0 20 16 22 16 10 19
 4.235000E+02 7 0 0 0 0 0 0 0 0 0 0 0 15 17 20 21 11 13
 4.240000E+02 7 0 0 0 0 0 0 0 0 0 0 0 14 15 16 15 19 17
 4.245000E+02 10 0 0 0 0 0 0 0 0 0 0 0 18 15 13 18 22 12
 4.250000E+02 10 0 0 0 0 0 0 0 0 0 0 0 10 11 19 19 15 20
 4.255000E+02 4 0 0 0 0 0 0 0 0 0 0 0 17 9 18 18 20 17
 4.260000E+02 5 0 0 0 0 0 0 0 0 1 0 0 15 19 22 19 19 19
 4.265000E+02 8 0 0 0 0 0 0 0 0 0 0 0 17 13 18 19 10 18
 4.270000E+02 6 0 0 0 0 0 0 0 0 0 0 0 13 16 16 18 16 18
 4.275000E+02 16 0 0 0 0 0 0 0 0 0 0 0 13 18 21 12 18 27
 4.280000E+02 6 0 0 0 0 0 0 0 0 1 0 0 18 16 20 7 17 17
 4.285000E+02 5 0 0 1 0 0 0 0 0 0 0 0 20 18 24 10 21 17
 4.290000E+02 6 0 0 0 0 0 0 1 0 0 0 0 11 16 16 19 18 14
 4.295000E+02 7 0 0 0 0 0 0 0 0 0 0 0 8 19 14 17 17 15
 4.300000E+02 9 0 0 0 0 0 0 0 0 0 0 0 14 21 14 14 21 16
 4.305000E+02 7 0 0 0 0 0 0 0 0 0 0 0 12 19 12 15 17 19
 4.310000E+02 9 0 0 0 0 0 0 0 0 0 0 0 19 19 19 15 15 21
 4.315000E+02 12 0 0 0 0 0 0 0 0 0 0 0 13 22 17 14 13 17
 4.320000E+02 9 0 0 0 0 0 0 0 0 0 0 0 14 13 15 19 13 23
 4.325000E+02 11 0 0 0 0 0 0 0 0 0 0 0 12 15 16 17 20 16
 4.330000E+02 14 0 0 0 0 0 0 0 0 0 0 0 14 17 20 22 22 14
 4.335000E+02 5 0 0 0 0 0 0 0 0 0 0 0 11 18 18 13 19 20
 4.340000E+02 14 0 0 0 0 0 0 0 0 0 0 0 20 22 13 13 15 17
 4.345000E+02 5 0 0 0 0 0 0 0 0 0 0 0 17 28 8 14 19 20
 4.350000E+02 12 0 0 0 0 0 0 0 0 0 0 0 21 24 16 12 16 15
 4.355000E+02 7 0 0 0 0 0 0 1 0 0 0 0 23 20 15 17 18 13
 4.360000E+02 8 0 0 0 0 0 0 0 0 1 0 0 14 13 23 18 13 10
 4.365000E+02 13 0 0 1 0 0 0 0 0 0 0 0 18 15 16 17 12 18
 4.370000E+02 12 0 0 1 0 0 0 0 0 0 0 0 24 11 18 17 16 17
 4.375000E+02 8 0 0 0 0 0 0 0 0 1 0 0 23 10 22 20 13 12
 4.380000E+02 7 0 0 0 0 0 0 0 0 2 0 0 20 19 17 17 24 11
 4.385000E+02 8 0 0 0 0 0 0 0 0 2 0 0 18 16 17 13 16 18
 4.390000E+02 10 0 0 0 0 0 0 0 0 0 0 0 15 13 18 13 19 21
 4.395000E+02 9 0 0 0 0 0 0 0 0 0 0 0 16 10 19 10 20 18
 4.400000E+02 12 0 0 0 0 0 0 0 0 2 0 0 13 10 25 23 19 17
 4.405000E+02 12 0 0 0 0 0 0 0 0 0 0 0 14 22 22 19 20 8
 4.410000E+02 6 0 0 0 0 0 0 0 0 0 0 0 16 26 17 16 18 14
 4.415000E+02 6 0 0 0 0 0 0 0 0 0 0 0 13 27 15 14 16 9
 4.420000E+02 4 0 0 0 0 0 0 0 0 0 0 0 7 24 12 15 20 17
 4.425000E+02 12 0 0 0 0 0 0 0 0 0 0 0 13 25 15 16 14 15
 4.430000E+02 12 0 0 0 0 0 0 0 0 0 0 0 16 19 17 17 16 17
 4.435000E+02 10 0 0 0 0 0 0 0 0 0 0 0 12 19 10 18 15 20
 4.440000E+02 5 0 0 0 0 0 0 0 0 0 0 0 10 15 14 13 23 17
 4.445000E+02 8 0 0 0 0 0 0 0 0 0 0 0 17 10 14 19 15 18
 4.450000E+02 14 0 0 0 0 0 0 0 0 0 0 0 16 15 12 23 16 24
 4.455000E+02 8 0 0 0 0 0 0 0 0 0 0 0 18 13 17 22 16 20
 4.460000E+02 10 0 0 0 0 0 0 0 0 0 0 0 18 20 22 21 18 18
 4.465000E+02 7 0 0 0 0 0 0 0 0 0 0 0 15 15 15 15 22 18
 4.470000E+02 10 0 0 0 0 0 0 0 0 0 0 0 14 19 16 24 20 11
 4.475000E+02 5 0 0 0 0 0 0 0 0 0 0 0 23 17 11 24 19 13
 4.480000E+02 8 0 0 0 0 0 0 0 0 0 0 0 19 13 12 21 20 21
 4.485000E+02 7 0 0 0 0 0 0 0 0 0 0 0 20 14 14 17 21 30
 4.490000E+02 14 0 0 0 0 0 0 0 0 0 0 0 13 14 14 17 22 17
 4.495000E+02 11 0 0 0 0 0 0 0 0 0 0 0 17 14 21 12 13 23
 4.500000E+02 9 0 0 0 0 0 0 0 0 0 0 0 16 14 28 16 12 12
 4.505000E+02 5 0 0 0 0 0 0 0 0 2 0 0 10 13 19 16 17 18
 4.510000E+02 11 0 0 0 0 0 0 0 0 2 0 0 15 17 23 17 17 15
 4.515000E+02 3 0 0 0 0 0 0 1 0 0 0 0 17 19 20 19 20 17
 4.520000E+02 8 0 0 0 0 1 0 0 0 0 0 0 21 15 16 18 19 15
 4.525000E+02 7 0 0 0 0 0 0 0 0 1 0 0 13 21 13 20 15 20
 4.530000E+02 11 0 0 0 0 1 0 0 0 0 0 0 16 20 13 12 22 17
 4.535000E+02 6 0 0 0 0 0 0 0 0 1 0 0 15 18 16 11 19 19
 4.540000E+02 5 0 0 0 0 0 0 0 0 0 0 0 14 15 14 17 19 21
 4.545000E+02 5 0 0 0 0 0 0 0 0 1 0 0 22 11 17 12 18 16
 4.550000E+02 11 0 0 0 0 0 0 0 0 1 0 0 17 9 11 13 18 18
 4.555000E+02 8 0 0 0 0 0 0 0 0 0 0 0 19 15 20 17 18 12
 4.560000E+02 12 0 0 0 0 0 0 0 0 0 0 0 16 20 21 14 13 10
 4.565000E+02 7 0 0 0 0 0 0 0 0 1 0 0 14 22 19 15 22 11
 4.570000E+02 6 0 0 0 0 0 0 0 0 0 0 0 16 23 14 19 17 16
 4.575000E+02 9 0 0 0 0 0 0 0 0 0 0 0 18 23 8 17 20 19
 4.580000E+02 6 0 0 0 0 0 0 0 0 0 0 0 17 24 15 18 15 22
 4.585000E+02 8 0 0 0 0 0 0 0 0 0 0 0 16 21 20 22 13 17
 4.590000E+02 10 0 0 0 0 0 0 0 0 0 0 0 16 22 18 19 10 12
 4.595000E+02 5 0 0 0 0 0 0 0 0 0 0 0 16 16 18 21 13 12
 4.600000E+02 10 0 0 0 0 0 0 0 0 0 0 0 19 15 17 25 15 5
 4.605000E+02 7 0 0 0 0 0 0 0 0 0 0 0 22 16 12 16 21 15
 4.610000E+02 9 0 0 0 0 0 0 0 0 0 0 0 16 13 25 27 15 17
 4.615000E+02 11 0 0 0 0 0 0 0 0 0 0 0 13 12 22 22 12 26
 4.620000E+02 16 0 0 0 0 0 0 0 0 0 0 0 9 18 24 19 12 24
 4.625000E+02 9 0 0 0 0 0 0 0 0 0 0 0 18 16 16 19 10 18
 4.630000E+02 9 0 0 0 0 0 0 0 0 0 0 0 15 18 21 14 12 23
 4.635000E+02 9 0 0 0 0 0 0 0 0 0 0 0 22 15 17 10 14 16
 4.640000E+02 13 0 0 0 0 0 0 0 0 0 0 0 18 13 20 15 27 18
 4.645000E+02 12 0 0 0 0 0 0 0 0 0 0 0 18 13 12 15 23 12
 4.650000E+02 8 0 0 0 0 0 0 0 0 0 0 0 16 18 12 14 17 15
 4.655000E+02 7 0 0 0 0 0 0 0 0 0 0 0 18 14 9 9 20 15
 4.660000E+02 9 0 0 0 0 0 0 0 0 1 0 0 18 15 16 13 20 15
 4.665000E+02 4 0 0 0 0 0 0 0 0 0 0 0 20 14 18 12 18 24
 4.670000E+02 7 0 0 0 0 0 0 0 0 0 0 0 23 12 18 14 18 21
 4.675000E+02 19 0 0 0 0 0 0 0 0 0 0 0 18 16 17 16 23 21
 4.680000E+02 8 0 0 0 0 0 0 0 0 0 0 0 13 19 12 17 23 27
 4.685000E+02 10 0 0 0 0 0 0 0 0 1 0 0 17 17 12 12 20 29
 4.690000E+02 12 0 0 0 0 0 0 1 0 0 0 0 18 20 15 12 25 14
 4.695000E+02 12 0 0 0 0 0 0 0 0 1 0 0 17 18 10 20 22 16
 4.700000E+02 5 0 0 0 0 0 0 0 0 0 0 0 18 23 12 17 15 20
 4.705000E+02 8 0 0 0 0 0 0 0 0 1 0 0 14 17 17 16 14 11
 4.710000E+02 16 0 0 0 0 0 0 0 0 1 1 0 18 20 20 15 14 17
 4.715000E+02 10 0 0 0 0 0 0 0 0 1 0 0 16 16 16 9 16 16
 4.720000E+02 9 0 0 0 0 0 0 1 0 0 0 0 22 15 19 13 13 17
 4.725000E+02 10 0 0 0 0 0 0 0 0 2 0 0 14 14 21 14 18 21
 4.730000E+02 3 0 0 0 0 0 0 1 0 1 0 0 15 17 15 15 13 22
 4.735000E+02 8 0 0 0 0 0 0 0 0 2 0 0 15 20 12 12 24 23
 4.740000E+02 9 0 0 0 0 0 0 0 0 1 0 0 13 24 8 20 26 17
 4.745000E+02 11 0 0 1 0 0 0 0 0 1 0 0 13 20 11 17 24 21
 4.750000E+02 8 0 0 0 0 0 0 0 0 2 0 0 19 20 14 20 16 20
 4.755000E+02 9 0 0 0 0 0 0 1 0 1 0 0 22 15 16 21 17 16
 4.760000E+02 9 0 0 0 0 0 0 0 0 2 0 0 20 9 24 20 15 12
 4.765000E+02 10 0 0 1 0 0 0 0 0 0 0 0 16 14 23 20 15 15
 4.770000E+02 10 0 0 0 0 0 0 0 0 1 0 0 18 14 18 13 17 17
 4.775000E+02 11 0 0 0 0 0 0 0 0 1 0 0 16 15 24 11 16 15
 4.780000E+02 7 0 0 0 0 0 0 0 0 1 0 0 19 18 27 14 18 11
 4.785000E+02 8 0 0 0 0 0 0 0 0 1 0 0 21 21 12 17 16 13
 4.790000E+02 9 0 0 0 0 0 0 0 0 0 0 0 19 21 19 24 15 13
 4.795000E+02 9 0 0 0 0 0 0 0 0 0 0 0 21 16 19 21 10 13
 4.800000E+02 7 0 0 0 0 0 0 0 0 0 0 0 18 17 23 18 17 16
 4.805000E+02 8 0 0 0 0 0 0 0 0 0 0 0 15 13 18 15 10 14
 4.810000E+02 7 0 0 0 0 0 0 0 0 0 0 0 15 19 16 16 13 16
 4.815000E+02 7 0 0 0 0 0 0 0 0 0 0 0 15 19 16 17 14 14
 4.820000E+02 9 0 0 0 0 0 0 0 0 0 0 0 14 18 18 15 13 12
 4.825000E+02 7 0 0 0 0 0 0 0 0 0 0 0 18 17 17 20 8 18
 4.830000E+02 5 0 0 0 0 0 0 0 0 0 0 0 17 17 18 22 12 22
 4.835000E+02 6 0 0 0 0 0 0 0 0 0 0 0 14 17 24 18 14 17
 4.840000E+02 14 0 0 0 0 0 0 0 0 0 0 0 12 15 14 15 16 19
 4.845000E+02 6 0 0 0 0 0 0 0 0 1 0 0 14 14 12 14 21 14
 4.850000E+02 4 0 0 0 0 0 0 0 0 0 0 0 17 10 17 16 20 15
 4.855000E+02 13 0 0 0 0 0 0 0 0 0 0 0 17 12 15 21 17 20
 4.860000E+02 8 0 0 0 0 0 0 0 0 0 0 0 20 13 16 16 14 20
 4.865000E+02 9 0 0 0 0 0 0 0 0 2 0 0 19 23 21 15 18 11
 4.870000E+02 12 0 0 0 0 0 0 0 0 1 0 0 15 19 25 17 13 14
 4.875000E+02 6 0 0 0 0 0 0 0 0 0 0 0 13 21 17 13 17 16
 4.880000E+02 6 0 0 0 0 0 0 0 0 0 0 0 17 22 20 18 16 11
 4.885000E+02 8 0 0 0 0 0 0 0 0 0 0 0 16 25 18 14 17 11
 4.890000E+02 8 0 0 0 0 0 0 0 0 0 0 0 14 23 20 14 16 8
 4.895000E+02 8 0 0 0 0 0 0 0 0 0 0 0 13 21 17 10 23 13
 4.900000E+02 12 0 0 0 0 0 0 0 0 0 0 0 19 17 12 13 22 5
 4.905000E+02 7 0 0 0 0 0 0 0 0 0 0 0 13 15 24 13 13 8
 4.910000E+02 5 0 0 0 0 0 0 0 0 0 0 0 11 20 22 13 22 12
 4.915000E+02 13 0 0 0 0 0 0 0 0 0 0 0 15 22 20 18 16 12
 4.920000E+02 8 0 0 0 0 0 0 0 0 0 0 0 11 15 30 18 19 15
 4.925000E+02 7 0 0 0 0 0 0 1 0 0 0 0 12 15 19 8 22 17
 4.930000E+02 11 0 0 0 0 0 0 1 0 0 0 0 21 14 19 12 17 20
 4.935000E+02 10 0 0 0 0 0 0 0 0 1 0 0 13 17 13 20 15 16
 4.940000E+02 9 0 0 0 0 0 0 0 0 0 0 0 14 28 9 19 18 7
 4.945000E+02 12 0 0 0 0 0 0 0 0 0 0 0 15 18 11 16 21 10
 4.950000E+02 11 0 0 0 0 0 0 0 0 0 0 0 19 17 19 20 15 13
 4.955000E+02 1 0 0 0 0 0 0 0 0 0 0 0 24 10 16 23 16 17
 4.960000E+02 9 0 0 0 0 0 0 0 0 0 0 0 25 13 12 19 17 13
 4.965000E+02 9 0 0 0 0 0 0 0 0 0 0 0 20 16 12 13 13 11
 4.970000E+02 5 0 0 0 0 0 0 0 0 1 0 0 13 18 17 15 12 16
 4.975000E+02 7 0 0 0 0 0 0 1 0 0 0 0 17 16 17 17 16 16
 4.980000E+02 12 0 0 0 0 0 0 0 0 1 0 0 16 19 12 13 19 12
 4.985000E+02 3 0 0 0 0 0 0 0 0 1 0 0 13 18 12 22 13 14
 4.990000E+02 7 0 0 0 0 0 0 0 0 1 0 0 17 15 12 28 17 11
 4.995000E+02 8 0 0 0 0 0 0 0 0 1 0 0 15 12 12 24 13 13
 5.000000E+02 12 0 0 0 0 0 0 0 0 1 0 0 14 14 11 14 8 22
 5.005000E+02 11 0 0 0 0 0 0 0 0 1 0 0 20 11 21 13 16 26
 5.010000E+02 11 0 0 0 0 0 0 1 0 0 0 0 20 9 14 12 14 18
 5.015000E+02 11 0 0 0 0 0 0 0 0 0 0 0 22 10 18 15 12 21
 5.020000E+02 9 0 0 0 0 0 0 0 0 0 0 0 27 15 16 13 14 21
 5.025000E+02 8 0 0 0 0 0 0 0 0 0 0 0 30 13 17 12 10 19
 5.030000E+02 9 0 0 0 0 0 0 0 0 0 0 0 19 14 16 13 15 20
 5.035000E+02 7 0 0 0 0 0 0 0 0 0 0 0 23 15 26 18 10 15
 5.040000E+02 9 0 0 0 0 0 0 0 0 0 0 0 15 14 23 10 16 10
 5.045000E+02 14 0 0 0 0 0 0 0 0 0 0 0 14 13 13 22 16 14
 5.050000E+02 8 0 0 0 0 0 0 0 0 0 0 0 14 15 18 20 18 12
 5.055000E+02 11 0 0 0 0 0 0 0 0 0 0 0 14 13 11 19 14 19
 5.060000E+02 7 0 0 0 0 0 0 0 0 1 0 0 17 15 14 11 14 11
 5.065000E+02 9 0 0 0 0 0 0 0 0 0 0 0 12 23 24 10 17 15
 5.070000E+02 7 0 0 0 0 0 0 0 0 0 0 0 12 21 18 9 18 14
 5.075000E+02 12 0 0 0 0 0 0 0 0 0 0 0 13 22 14 14 18 16
 5.080000E+02 9 0 0 0 0 0 0 0 0 0 0 0 13 16 18 16 19 22
 5.085000E+02 8 0 0 0 0 0 0 0 0 0 0 0 12 18 18 14 18 17
 5.090000E+02 11 0 0 0 0 0 0 0 0 0 0 0 11 16 17 19 15 19
 5.095000E+02 10 0 0 0 0 0 0 0 0 0 0 0 17 12 15 17 18 18
 5.100000E+02 12 0 0 0 0 0 0 0 0 0 0 0 14 14 12 17 11 26
 5.105000E+02 9 0 0 0 0 0 0 0 0 0 0 0 12 21 15 15 12 25
 5.110000E+02 12 0 0 0 0 0 0 0 0 0 0 0 22 12 15 13 14 21
 5.115000E+02 8 0 0 0 0 0 0 0 0 0 0 0 24 9 14 13 19 14
 5.120000E+02 4 0 0 0 0 0 0 0 0 0 0 0 23 8 10 21 18 15
 5.125000E+02 11 0 0 0 0 0 0 0 0 0 0 0 17 10 15 25 20 10
 5.130000E+02 8 0 0 0 0 0 0 0 0 0 0 0 20 13 10 22 16 18
 5.135000E+02 9 0 0 0 0 0 0 0 0 0 0 0 17 16 11 20 18 16
 5.140000E+02 3 0 0 0 0 0 0 0 0 1 0 0 17 11 17 21 18 15
 5.145000E+02 9 0 0 0 0 0 0 0 0 1 0 0 19 13 13 12 13 16
 5.150000E+02 14 0 0 0 0 0 0 0 0 0 0 0 19 13 12 12 15 18
 5.155000E+02 8 0 0 0 0 0 0 0 0 0 0 0 17 16 13 20 12 19
 5.160000E+02 10 0 0 0 0 0 0 0 0 0 0 0 18 13 16 20 14 16
 5.165000E+02 13 0 0 0 0 0 0 0 0 0 0 0 18 8 18 24 15 18
 5.170000E+02 7 0 0 0 0 0 0 0 0 0 0 0 19 14 19 23 16 16
 5.175000E+02 7 0 0 0 0 0 0 0 0 0 0 0 18 14 9 18 15 16
 5.180000E+02 13 0 0 0 0 0 0 0 0 0 0 0 17 17 12 12 18 15
 5.185000E+02 10 0 0 0 0 0 0 0 0 0 0 0 10 18 12 18 16 18
 5.190000E+02 4 0 0 0 0 0 0 0 0 0 0 0 11 22 19 15 13 18
 5.195000E+02 7 0 0 0 0 0 0 0 0 0 0 0 12 20 16 18 17 20
 5.200000E+02 9 0 0 0 0 0 0 0 0 0 0 0 15 22 13 18 20 22
 5.205000E+02 10 0 0 0 0 0 0 0 0 0 0 0 17 21 19 14 20 13
 5.210000E+02 6 0 0 0 0 0 0 0 0 0 0 0 24 29 18 14 15 13
 5.215000E+02 10 0 0 0 0 0 0 1 0 0 0 0 17 23 22 12 17 18
 5.220000E+02 6 0 0 0 0 0 0 0 0 0 0 0 17 19 18 17 17 12
 5.225000E+02 7 0 0 0 0 0 0 0 0 0 0 0 20 18 21 11 18 16
 5.230000E+02 10 0 0 0 0 0 0 0 0 0 0 0 26 21 29 9 10 14
 5.235000E+02 10 0 0 0 0 0 0 0 0 0 0 0 22 11 19 12 15 15
 5.240000E+02 4 0 0 0 0 0 0 0 0 0 0 0 23 13 26 18 17 15
 5.245000E+02 12 0 0 0 0 0 0 0 0 0 0 0 17 11 19 15 26 17
 5.250000E+02 11 0 0 0 0 0 0 0 0 0 0 0 24 12 16 19 17 19
 5.255000E+02 13 0 0 0 0 0 0 0 0 2 0 0 25 15 17 24 16 12
 5.260000E+02 13 0 0 0 0 0 0 1 0 1 0 0 22 22 12 21 17 14
 5.265000E+02 9 0 0 0 0 0 0 0 0 2 0 0 17 20 7 18 18 20
 5.270000E+02 5 0 0 0 0 0 0 0 0 2 0 0 17 18 11 21 17 23
 5.275000E+02 6 0 0 0 0 0 0 0 0 3 0 0 22 14 15 19 13 23
 5.280000E+02 11 0 0 0 0 0 0 0 0 1 0 0 20 19 19 13 18 22
 5.285000E+02 9 0 0 0 0 0 0 1 0 0 0 0 21 23 18 13 21 16
 5.290000E+02 8 0 0 0 0 0 0 0 0 2 0 0 24 14 15 18 21 21
 5.295000E+02 8 0 0 0 0 0 0 0 0 0 0 0 22 12 17 16 16 17
 5.300000E+02 13 0 0 0 0 0 0 0 0 1 0 0 17 18 19 16 13 31
 5.305000E+02 13 0 0 0 0 0 0 0 0 0 0 0 25 13 14 13 16 20
 5.310000E+02 7 0 0 0 0 0 0 0 0 1 0 0 11 20 29 20 15 24
 5.315000E+02 11 0 0 0 0 0 0 0 0 1 0 0 12 20 22 21 16 13
 5.320000E+02 10 0 0 0 0 0 0 0 0 1 0 0 13 18 14 27 13 15
 5.325000E+02 3 0 0 0 0 0 0 0 0 2 0 0 15 25 13 19 12 12
 5.330000E+02 12 0 0 0 0 0 0 0 0 1 0 0 13 22 15 25 17 15
 5.335000E+02 9 0 0 0 0 1 0 0 0 0 0 0 12 21 20 19 14 11
 5.340000E+02 10 0 0 0 0 0 0 0 0 1 0 0 13 21 23 17 18 13
 5.345000E+02 12 0 0 0 0 0 0 0 0 2 0 0 11 27 25 18 12 19
 5.350000E+02 12 0 0 0 0 0 0 0 0 2 0 0 14 17 20 15 15 19
 5.355000E+02 8 0 0 0 0 0 0 0 0 0 0 0 21 12 15 25 20 17
 5.360000E+02 8 0 0 0 0 0 0 0 0 0 0 0 14 17 18 21 15 18
 5.365000E+02 10 0 0 0 0 0 0 0 0 0 0 0 20 22 13 13 17 16
 5.370000E+02 11 0 0 0 0 0 0 0 0 0 0 0 26 22 16 16 16 13
 5.375000E+02 6 0 0 0 0 0 0 0 0 0 0 0 19 16 22 12 13 16
 5.380000E+02 7 0 0 0 0 0 0 0 0 0 0 0 13 13 22 17 13 21
 5.385000E+02 14 0 0 0 0 0 0 0 0 0 0 0 11 16 19 20 14 27
 5.390000E+02 6 0 0 0 0 0 0 0 0 0 0 0 18 18 17 19 15 16
 5.395000E+02 10 0 0 0 0 0 0 0 0 0 0 0 12 20 19 14 21 13
 5.400000E+02 7 0 0 0 0 0 0 0 0 1 0 0 18 16 24 14 20 16
 5.405000E+02 6 0 0 0 0 0 0 0 0 0 0 0 20 15 22 21 16 15
 5.410000E+02 2 0 0 0 0 0 0 0 0 2 0 0 15 14 21 20 16 10
 5.415000E+02 8 0 0 0 0 0 0 1 0 1 0 0 17 16 20 15 19 16
 5.420000E+02 10 0 0 0 0 0 0 0 0 1 0 0 14 9 22 20 15 21
 5.425000E+02 7 0 0 0 0 0 0 0 0 0 0 0 19 11 20 14 19 21
 5.430000E+02 12 0 0 0 0 0 0 0 0 0 0 0 19 12 22 17 21 23
 5.435000E+02 9 0 0 0 0 0 0 0 0 0 0 0 19 11 18 19 13 22
 5.440000E+02 5 0 0 0 0 0 0 0 0 0 0 0 20 8 16 29 15 20
 5.445000E+02 7 0 0 0 0 0 0 0 0 0 0 0 17 19 13 18 15 15
 5.450000E+02 8 0 0 0 0 0 0 0 0 0 0 0 13 19 11 13 16 15
 5.455000E+02 8 0 0 0 0 0 0 0 0 0 0 0 11 19 18 17 19 18
 5.460000E+02 4 0 0 0 0 0 0 0 0 0 0 0 9 17 20 12 18 17
 5.465000E+02 8 0 0 0 0 0 0 0 0 0 0 0 12 15 20 11 16 15
 5.470000E+02 4 0 0 0 0 0 0 0 0 0 0 0 17 14 23 13 18 16
 5.475000E+02 3 0 0 0 0 0 0 0 0 0 0 0 16 9 16 14 18 17
 5.480000E+02 5 0 0 0 0 0 0 0 0 0 0 0 23 16 14 20 16 16
 5.485000E+02 7 0 0 0 0 0 0 0 0 0 0 0 23 14 8 19 20 12
 5.490000E+02 10 0 0 0 0 0 0 0 0 0 0 0 28 16 13 20 21 10
 5.495000E+02 9 0 0 0 0 0 0 0 0 0 0 0 22 16 13 21 17 8
 5.500000E+02 15 0 0 0 0 0 0 0 0 0 0 0 16 20 11 20 18 8
 5.505000E+02 7 0 0 0 0 0 0 1 0 0 0 0 20 24 14 14 22 9
 5.510000E+02 6 0 0 0 0 0 0 0 0 1 0 0 15 20 18 19 15 12
 5.515000E+02 15 0 0 0 0 0 0 0 0 1 0 0 15 12 21 11 12 18
 5.520000E+02 4 0 0 0 0 0 0 0 0 1 0 0 15 18 12 15 12 17
 5.525000E+02 7 0 0 1 0 0 0 0 0 0 0 0 13 13 17 15 18 18
 5.530000E+02 5 0 0 0 0 0 0 0 0 1 0 0 19 16 12 16 22 19
 5.535000E+02 6 0 0 0 0 0 0 0 0 0 0 0 18 15 11 14 21 17
 5.540000E+02 9 0 0 0 0 0 0 0 0 0 0 0 15 16 14 14 14 9
 5.545000E+02 5 0 0 0 0 0 0 0 0 0 0 0 15 19 26 9 16 15
 5.550000E+02 6 0 0 0 0 0 0 0 0 0 0 0 10 14 21 16 17 14
 5.555000E+02 7 0 0 0 0 0 0 0 0 0 0 0 17 17 16 17 11 13
 5.560000E+02 7 0 0 0 0 0 0 0 0 0 0 0 24 12 12 16 21 14
 5.565000E+02 9 0 0 0 0 0 0 0 0 0 0 0 26 10 19 17 14 16
 5.570000E+02 9 0 0 0 0 0 0 0 0 0 0 0 21 16 17 15 10 21
 5.575000E+02 7 0 0 0 0 0 0 0 0 0 0 0 25 17 16 16 19 15
 5.580000E+02 3 0 0 0 0 0 0 0 0 0 0 0 14 13 18 22 14 16
 5.585000E+02 10 0 0 0 0 0 0 0 0 0 0 0 23 6 20 23 15 23
 5.590000E+02 4 0 0 0 0 0 0 0 0 0 0 0 21 12 16 20 26 23
 5.595000E+02 3 0 0 0 0 0 0 0 0 0 0 0 12 9 16 14 24 21
 5.600000E+02 10 0 0 0 0 0 0 0 0 0 0 0 21 9 18 16 25 19
 5.605000E+02 9 0 0 0 0 0 0 0 0 0 0 0 13 13 18 17 26 22
 5.610000E+02 8 0 0 0 0 0 0 0 0 0 0 0 14 7 18 11 24 28
 5.615000E+02 8 0 0 0 0 0 0 0 0 0 0 0 16 17 19 10 26 25
 5.620000E+02 8 0 0 0 0 0 0 0 0 0 0 0 13 21 19 10 20 23
 5.625000E+02 8 0 0 0 0 0 0 0 0 1 0 0 17 20 16 11 14 18
 5.630000E+02 10 0 0 0 0 0 0 0 0 0 0 0 19 16 15 9 18 15
 5.635000E+02 8 0 0 0 0 0 0 0 0 1 0 0 20 18 13 15 14 13
 5.640000E+02 15 0 0 0 0 0 0 1 0 0 0 0 16 20 14 16 10 13
 5.645000E+02 7 0 0 0 0 0 0 0 0 1 0 0 21 13 11 10 10 17
 5.650000E+02 7 0 0 0 0 0 0 0 0 0 0 0 10 24 12 13 11 23
 5.655000E+02 7 0 0 0 0 0 0 0 0 0 0 0 18 20 15 14 15 20
 5.660000E+02 13 0 0 0 0 0 0 0 0 0 0 0 18 12 17 14 18 20
 5.665000E+02 13 0 0 0 0 0 0 1 0 0 0 0 13 10 17 17 25 13
 5.670000E+02 8 0 0 0 0 0 0 0 0 1 0 0 19 11 20 18 18 16
 5.675000E+02 11 0 0 0 0 0 0 0 0 0 0 0 16 12 20 15 18 12
 5.680000E+02 7 0 0 0 0 0 0 0 0 1 0 0 14 14 21 18 19 16
 5.685000E+02 9 0 0 0 0 0 0 0 0 1 0 0 16 18 22 17 12 15
 5.690000E+02 8 0 0 0 0 0 0 0 0 1 0 0 21 20 21 15 11 21
 5.695000E+02 4 0 0 0 0 0 0 0 0 1 0 0 18 16 13 16 18 25
 5.700000E+02 6 0 0 0 0 0 0 0 0 0 1 0 18 12 12 10 17 18
 5.705000E+02 6 0 0 0 0 0 0 0 0 2 0 0 12 18 24 19 14 21
 5.710000E+02 6 0 0 0 0 0 0 0 0 0 0 0 14 14 18 16 9 19
 5.715000E+02 8 0 0 0 0 0 0 0 0 0 0 0 21 11 16 19 13 21
 5.720000E+02 10 0 0 0 0 0 0 0 0 0 0 0 15 12 10 22 16 15
 5.725000E+02 6 0 0 0 0 0 0 0 0 0 0 0 16 24 6 16 19 14
 5.730000E+02 11 0 0 0 0 0 0 0 0 0 0 0 19 22 10 15 18 12
 5.735000E+02 9 0 0 1 0 0 0 0 0 0 0 0 14 19 13 12 24 13
 5.740000E+02 11 0 0 0 0 0 0 0 0 1 0 0 9 17 15 15 23 13
 5.745000E+02 6 0 0 0 0 0 0 0 0 1 0 0 17 20 13 12 20 14
 5.750000E+02 6 0 0 0 0 0 0 0 0 0 0 0 20 19 12 17 15 16
 5.755000E+02 9 0 0 0 0 0 0 0 0 0 0 0 16 24 17 21 13 13
 5.760000E+02 6 0 0 0 0 0 0 0 0 0 0 0 21 18 21 22 17 13
 5.765000E+02 11 0 0 0 0 0 0 0 0 1 0 0 19 9 22 25 19 17
 5.770000E+02 10 0 0 0 0 0 0 0 0 0 0 0 18 13 23 23 20 12
 5.775000E+02 16 0 0 0 0 0 0 0 0 0 0 0 17 12 15 23 21 15
 5.780000E+02 7 0 0 0 0 0 0 0 0 0 0 0 15 18 15 22 18 16
 5.785000E+02 8 0 0 0 0 0 0 0 0 0 0 0 18 17 21 12 15 13
 5.790000E+02 5 0 0 0 0 0 0 0 0 0 0 0 19 19 17 12 16 22
 5.795000E+02 6 0 0 0 0 0 0 0 0 0 0 0 17 17 18 9 19 21
 5.800000E+02 12 0 0 0 0 0 0 0 0 0 0 0 18 14 18 11 15 19
 5.805000E+02 11 0 0 0 0 0 0 0 0 0 0 0 11 12 12 15 21 22
 5.810000E+02 13 0 0 0 0 0 0 0 0 0 0 0 11 20 13 15 20 28
 5.815000E+02 9 0 0 0 0 0 0 0 0 0 0 0 15 12 18 15 19 22
 5.820000E+02 7 0 0 0 0 0 0 0 0 0 0 0 18 15 9 23 14 18
 5.825000E+02 7 0 0 0 0 0 0 0 0 0 0 0 17 17 19 18 16 21
 5.830000E+02 8 0 0 0 0 0 0 0 0 0 0 0 14 18 22 19 15 22
 5.835000E+02 5 0 0 0 0 0 0 0 0 0 1 0 13 16 18 25 17 20
 5.840000E+02 3 0 0 0 0 0 0 0 0 1 0 0 11 17 17 18 18 22
 5.845000E+02 9 0 0 0 0 0 0 0 0 0 0 0 19 9 22 21 17 13
 5.850000E+02 12 0 0 0 0 0 0 1 0 0 0 0 14 10 14 21 10 19
 5.855000E+02 7 0 0 0 0 0 0 0 0 0 0 0 17 18 13 23 15 11
 5.860000E+02 11 0 0 0 0 0 0 0 0 0 0 0 13 22 11 20 17 14
 5.865000E+02 12 0 0 0 0 0 0 0 0 0 0 0 17 17 13 18 19 15
 5.870000E+02 11 0 0 0 0 0 0 0 0 0 0 0 20 23 19 16 18 8
 5.875000E+02 10 0 0 0 0 0 0 0 0 0 0 0 16 16 15 18 16 9
 5.880000E+02 9 0 0 0 0 0 0 0 0 0 0 0 13 12 15 20 22 17
 5.885000E+02 7 0 0 0 0 0 0 0 0 1 0 0 18 12 15 17 23 13
 5.890000E+02 12 0 0 0 0 0 0 0 0 0 0 0 23 17 13 16 23 15
 5.895000E+02 14 0 0 0 0 0 0 0 0 0 0 0 14 22 9 12 23 19
 5.900000E+02 8 0 0 0 0 0 0 0 0 1 0 0 17 23 13 17 13 17
 5.905000E+02 7 0 0 0 0 1 0 0 0 0 0 0 13 20 17 17 12 14
 5.910000E+02 1 0 0 1 0 0 0 0 0 0 0 0 16 21 14 19 19 20
 5.915000E+02 10 0 0 0 0 0 0 1 0 0 0 0 14 13 19 21 24 17
 5.920000E+02 11 0 0 0 0 0 0 0 0 1 0 0 16 13 19 13 19 23
 5.925000E+02 8 0 0 1 0 0 0 0 0 0 0 0 16 10 16 13 16 22
 5.930000E+02 5 0 0 0 0 0 0 0 0 1 0 0 19 13 18 15 15 24
 5.935000E+02 7 0 0 0 0 0 0 0 0 0 0 0 22 13 15 14 19 16
 5.940000E+02 11 0 0 0 0 0 0 0 0 0 0 0 15 21 11 11 15 18
 5.945000E+02 12 0 0 0 0 0 0 0 0 0 0 0 18 17 24 13 13 18
 5.950000E+02 14 0 0 0 0 0 0 0 0 0 0 0 22 15 21 19 17 16
 5.955000E+02 10 0 0 0 0 0 0 0 0 0 0 0 20 16 23 19 17 15
 5.960000E+02 9 0 0 0 0 0 0 0 0 0 0 0 24 21 20 21 9 14
 5.965000E+02 6 0 0 0 0 0 0 0 0 0 0 0 24 18 23 15 14 17
 5.970000E+02 8 0 0 0 0 0 0 0 0 0 0 0 25 16 15 16 12 17
 5.975000E+02 15 0 0 0 0 0 0 0 0 0 0 0 23 16 16 16 16 14
 5.980000E+02 9 0 0 0 0 0 0 0 0 0 0 0 25 18 13 18 17 16
 5.985000E+02 13 0 0 0 0 0 0 0 0 0 0 0 20 15 13 17 15 16
 5.990000E+02 9 0 0 0 0 0 0 0 0 0 0 0 19 15 20 19 17 18
 5.995000E+02 6 0 0 0 0 0 0 0 0 0 0 0 17 14 22 19 7 22
 6.000000E+02 13 0 0 0 0 0 0 0 0 0 0 0 17 21 17 15 14 19
 6.005000E+02 7 0 0 0 0 0 0 0 0 0 0 0 8 15 14 22 18 19
 6.010000E+02 6 0 0 0 0 0 0 0 0 0 0 0 11 15 18 23 13 10
 6.015000E+02 9 0 0 0 0 0 0 0 0 0 0 0 16 12 14 17 16 19
 6.020000E+02 10 0 0 0 0 0 0 0 0 0 0 0 14 13 14 18 25 19
 6.025000E+02 8 0 0 0 0 0 0 0 0 0 0 0 13 14 12 20 21 19
 6.030000E+02 9 0 0 0 0 0 0 0 0 0 0 0 16 20 12 22 18 16
 6.035000E+02 6 0 0 0 0 0 0 0 0 0 0 0 13 22 12 22 20 20
 6.040000E+02 9 0 0 0 0 0 0 0 0 0 0 0 9 18 10 25 20 19
 6.045000E+02 9 0 0 0 0 0 0 1 0 0 0 0 12 20 13 16 13 19
 6.050000E+02 5 0 0 0 0 0 0 0 0 0 0 0 16 13 15 12 15 16
 6.055000E+02 9 0 0 0 0 0 0 0 0 0 0 0 20 14 17 17 19 17
 6.060000E+02 8 0 0 0 0 0 0 0 0 0 0 0 15 14 11 16 10 20
 6.065000E+02 12 0 0 0 0 0 0 0 0 0 0 0 16 12 18 20 11 21
 6.070000E+02 8 0 0 0 0 0 0 0 0 1 0 0 16 14 18 21 9 18
 6.075000E+02 10 0 0 0 0 0 0 1 0 0 0 0 16 16 21 20 11 17
 6.080000E+02 9 0 0 0 0 0 0 0 0 0 0 0 20 16 13 19 14 17
 6.085000E+02 14 0 0 0 0 0 0 0 0 0 0 0 18 13 14 23 14 13
 6.090000E+02 14 0 0 0 0 0 0 0 0 0 0 0 12 15 19 19 17 16
 6.095000E+02 8 0 0 0 0 0 0 0 0 0 0 0 14 19 14 21 15 17
 6.100000E+02 9 0 0 0 0 0 0 0 0 0 0 0 19 17 13 17 14 13
 6.105000E+02 12 0 0 0 0 0 0 0 0 0 0 0 16 18 13 22 20 14
 6.110000E+02 12 0 0 0 0 0 0 0 0 0 0 0 10 22 19 15 16 21
 6.115000E+02 8 0 0 0 0 0 0 0 0 0 0 0 18 14 21 7 21 24
 6.120000E+02 10 0 0 0 0 0 0 0 0 0 0 0 21 23 19 9 17 21
 6.125000E+02 8 0 0 0 0 0 0 0 0 0 0 0 17 19 16 11 16 23
 6.130000E+02 8 0 0 0 0 0 0 0 0 0 0 0 19 14 13 13 11 20
 6.135000E+02 5 0 0 0 0 0 0 0 0 0 0 0 19 23 16 15 10 18
 6.140000E+02 4 0 0 0 0 0 0 0 0 0 0 0 16 19 16 16 16 22
 6.145000E+02 11 0 0 0 0 0 0 0 0 0 0 0 20 15 15 12 19 17
 6.150000E+02 4 0 0 0 0 0 0 0 0 0 0 0 22 17 13 20 20 17
 6.155000E+02 10 0 0 1 0 0 0 0 0 0 0 0 15 13 12 17 24 19
 6.160000E+02 7 0 0 0 0 0 0 1 0 1 0 0 15 15 19 12 17 16
 6.165000E+02 7 0 0 1 0 0 0 0 0 0 0 0 15 19 15 15 18 16
 6.170000E+02 7 0 0 0 0 0 0 0 0 1 0 0 15 23 8 15 16 18
 6.175000E+02 9 0 0 0 0 0 0 0 0 1 0 0 14 26 12 22 19 16
 6.180000E+02 10 0 0 0 0 0 0 0 0 0 0 0 15 17 12 22 21 15
 6.185000E+02 9 0 0 0 0 0 0 0 0 0 0 0 17 18 13 18 17 11
 6.190000E+02 5 0 0 0 0 0 0 0 0 0 0 0 23 15 14 20 20 21
 6.195000E+02 16 0 0 0 0 0 0 0 0 1 0 0 18 14 12 19 19 23
 6.200000E+02 6 0 0 0 0 0 0 0 0 0 0 0 16 19 11 18 13 26
 6.205000E+02 12 0 0 0 0 0 0 0 0 0 0 0 18 15 11 20 17 17
 6.210000E+02 6 0 0 0 0 0 0 0 0 0 0 0 20 19 16 13 22 10
 6.215000E+02 8 0 0 0 0 0 0 0 0 0 0 0 19 21 18 17 19 13
 6.220000E+02 10 0 0 0 0 0 0 0 0 0 0 0 22 16 16 20 13 12
 6.225000E+02 4 0 0 0 0 0 0 0 0 0 0 0 19 16 29 18 13 17
 6.230000E+02 10 0 0 0 0 0 0 0 0 0 0 0 18 20 19 15 16 19
 6.235000E+02 12 0 0 0 0 0 0 0 0 0 0 0 23 12 19 13 15 15
 6.240000E+02 4 0 0 0 0 0 0 0 0 0 0 0 16 17 22 13 17 10
 6.245000E+02 9 0 0 0 0 0 0 0 0 0 0 0 13 21 19 22 11 13
 6.250000E+02 7 0 0 0 0 0 0 0 0 1 0 0 11 22 18 17 5 17
 6.255000E+02 7 0 0 0 0 0 0 0 0 1 0 0 10 14 21 25 7 24
 6.260000E+02 12 0 0 0 0 0 0 1 0 0 0 0 19 12 17 15 12 25
 6.265000E+02 10 0 0 0 0 0 0 0 0 0 0 0 15 15 20 20 15 16
 6.270000E+02 4 0 0 0 0 0 0 0 0 0 0 0 20 15 22 12 22 19
 6.275000E+02 13 0 0 0 0 0 0 0 0 0 0 0 17 19 20 16 16 19
 6.280000E+02 11 0 0 1 0 0 0 0 0 0 0 0 16 20 19 11 7 20
 6.285000E+02 13 0 0 0 0 0 0 1 0 0 0 0 17 23 18 11 12 12
 6.290000E+02 11 0 0 0 0 0 0 0 0 1 0 0 13 21 14 14 13 14
 6.295000E+02 11 0 0 0 0 0 0 0 0 0 0 0 12 21 21 16 16 18
 6.300000E+02 8 0 0 0 0 0 0 0 0 0 0 0 17 12 19 13 25 14
 6.305000E+02 8 0 0 0 0 0 0 0 0 0 0 0 13 20 25 12 25 22
 6.310000E+02 11 0 0 0 0 0 0 0 0 0 0 0 13 14 22 12 21 14
 6.315000E+02 7 0 0 0 0 0 0 0 0 0 0 0 18 19 19 15 18 14
 6.320000E+02 12 0 0 0 0 0 0 0 0 1 0 0 15 18 11 16 14 15
 6.325000E+02 9 0 0 0 0 0 0 0 0 0 0 0 24 20 14 22 15 18
 6.330000E+02 6 0 0 0 0 0 0 0 0 0 0 0 24 13 15 17 18 16
 6.335000E+02 10 0 0 0 0 0 0 0 0 0 0 0 14 16 15 22 15 10
 6.340000E+02 9 0 0 0 0 0 0 0 0 0 0 0 11 18 14 14 18 17
 6.345000E+02 8 0 0 0 0 0 0 1 0 0 0 0 15 17 20 23 16 14
 6.350000E+02 12 0 0 0 0 0 0 0 0 1 0 0 18 12 19 17 18 16
 6.355000E+02 7 0 0 0 0 0 0 0 0 0 0 0 19 14 11 17 16 17
 6.360000E+02 12 0 0 0 0 0 0 0 0 1 0 0 13 10 19 18 11 15
 6.365000E+02 9 0 0 0 0 0 0 0 0 1 0 0 18 14 24 19 13 18
 6.370000E+02 7 0 0 0 0 0 0 0 0 1 0 0 13 16 23 14 19 19
 6.375000E+02 6 0 0 0 0 0 0 0 0 1 0 0 11 16 28 18 19 21
 6.380000E+02 8 0 0 0 0 0 0 0 0 0 0 0 19 14 18 13 23 15
 6.385000E+02 8 0 0 0 0 0 0 0 0 0 0 0 18 16 15 12 17 13
 6.390000E+02 13 0 0 0 0 0 0 0 0 0 0 0 18 15 16 14 18 14
 6.395000E+02 5 0 0 0 0 0 0 0 0 0 0 0 18 13 18 15 18 14
 6.400000E+02 11 0 0 0 0 0 0 0 0 0 0 0 19 14 16 24 15 18
 6.405000E+02 10 0 0 0 0 0 0 0 0 0 0 0 18 13 15 23 17 16
 6.410000E+02 8 0 0 0 0 0 0 0 0 0 0 0 22 22 13 16 18 9
 6.415000E+02 10 0 0 0 0 0 0 0 0 0 0 0 20 22 17 18 16 15
 6.420000E+02 12 0 0 0 0 0 0 0 0 0 0 0 19 28 15 13 17 15
 6.425000E+02 2 0 0 0 0 0 0 0 0 1 0 0 20 29 19 9 19 14
 6.430000E+02 5 0 0 0 0 0 0 0 0 2 0 0 20 17 17 16 24 19
 6.435000E+02 11 0 0 0 0 0 0 0 0 2 0 0 18 15 11 18 22 20
 6.440000E+02 16 0 0 0 0 0 0 0 0 1 0 0 15 20 12 18 15 17
 6.445000E+02 6 0 0 0 0 0 0 0 0 0 0 0 14 15 14 19 24 17
 6.450000E+02 9 0 0 0 0 0 0 0 0 0 0 0 16 17 21 17 17 20
 6.455000E+02 13 0 0 0 0 0 0 0 0 0 0 0 16 15 17 13 19 24
 6.460000E+02 15 0 0 0 0 0 0 0 0 0 0 0 19 16 16 15 16 25
 6.465000E+02 9 0 0 0 0 0 0 0 0 0 0 0 13 17 21 12 23 21
 6.470000E+02 6 0 0 0 0 0 0 0 0 0 0 0 15 15 17 11 27 13
 6.475000E+02 13 0 0 0 0 0 0 0 0 0 0 0 12 16 20 15 26 13
 6.480000E+02 4 0 0 0 0 0 0 0 0 0 0 0 17 13 20 16 22 12
 6.485000E+02 5 0 0 0 0 0 0 0 0 0 0 0 16 18 21 12 16 21
 6.490000E+02 14 0 0 0 0 0 0 0 0 0 0 0 14 16 23 12 19 15
 6.495000E+02 10 0 0 0 0 0 0 0 0 0 0 0 12 13 21 13 25 18
 6.500000E+02 11 0 0 0 0 0 0 0 0 0 0 0 17 18 20 23 17 17
 6.505000E+02 11 0 0 0 0 0 0 0 0 1 0 0 13 13 21 16 15 22
 6.510000E+02 4 0 0 1 0 0 0 0 0 0 0 0 13 19 20 17 18 22
 6.515000E+02 8 0 0 0 0 0 0 1 0 0 0 0 13 18 19 17 13 20
 6.520000E+02 5 0 0 0 0 0 0 0 0 1 0 0 10 28 14 15 21 19
 6.525000E+02 6 0 0 0 0 0 0 0 0 1 0 0 10 18 17 13 21 13
 6.530000E+02 14 0 0 0 0 0 0 0 0 1 0 0 15 19 19 19 29 15
 6.535000E+02 6 0 0 0 0 0 0 0 0 0 0 0 14 17 17 16 18 18
 6.540000E+02 10 0 0 0 0 0 0 0 0 0 0 0 12 20 16 15 17 16
 6.545000E+02 6 0 0 0 0 0 0 0 0 0 0 0 15 18 15 13 19 20
 6.550000E+02 16 0 0 0 0 0 0 0 0 0 0 0 13 25 13 17 15 23
 6.555000E+02 9 0 0 0 0 0 0 0 0 0 0 0 15 14 16 15 24 22
 6.560000E+02 11 0 0 0 0 0 0 0 0 0 0 0 16 22 14 15 18 27
 6.565000E+02 13 0 0 0 0 0 0 0 0 0 0 0 18 14 19 12 23 26
 6.570000E+02 8 0 0 0 0 0 0 0 0 0 0 0 11 21 18 13 15 28
 6.575000E+02 6 0 0 0 0 0 0 0 0 0 0 0 20 21 20 20 13 20
 6.580000E+02 12 0 0 0 0 0 0 0 0 0 0 0 16 20 19 18 16 17
 6.585000E+02 8 0 0 0 0 0 0 0 0 0 0 0 21 19 22 17 13 25
 6.590000E+02 9 0 0 0 0 0 0 0 0 0 0 0 16 14 18 21 21 20
 6.595000E+02 12 0 0 0 0 0 0 0 0 0 0 0 21 19 15 17 18 20
 6.600000E+02 7 0 0 0 0 0 0 1 0 0 0 0 18 18 20 15 15 18
 6.605000E+02 9 0 0 0 0 0 0 0 0 0 0 0 17 18 17 20 19 16
 6.610000E+02 14 0 0 0 0 0 0 0 0 0 0 0 20 17 18 13 13 16
 6.615000E+02 13 0 0 0 0 0 0 0 0 0 0 0 26 18 19 10 19 21
 6.620000E+02 5 0 0 0 0 0 0 0 0 0 0 0 20 20 15 14 19 23
 6.625000E+02 9 0 0 0 0 0 0 0 0 0 0 0 23 15 14 14 14 25
 6.630000E+02 13 0 0 0 0 0 0 0 0 1 0 0 22 11 14 14 18 23
 6.635000E+02 7 0 0 0 0 0 0 1 0 0 0 0 24 16 12 22 12 13
 6.640000E+02 10 0 0 0 0 0 0 0 0 1 0 0 21 12 20 23 16 14
 6.645000E+02 9 0 0 0 0 0 0 0 0 1 0 0 24 10 20 15 15 22
 6.650000E+02 8 0 0 0 0 0 0 1 0 0 0 0 26 16 25 8 21 17
 6.655000E+02 9 0 0 0 0 0 0 0 0 1 0 0 19 13 21 5 19 17
 6.660000E+02 10 0 0 0 0 0 0 0 0 1 0 0 24 15 22 14 17 19
 6.665000E+02 12 0 0 0 0 0 0 0 0 0 0 0 21 26 18 15 18 15
 6.670000E+02 7 0 0 0 0 0 0 0 0 0 0 0 19 22 18 11 17 18
 6.675000E+02 10 0 0 0 0 0 0 0 0 0 0 0 17 16 17 15 23 15
 6.680000E+02 9 0 0 0 0 0 0 0 0 0 0 0 19 14 21 13 22 16
 6.685000E+02 10 0 0 0 0 0 0 0 0 0 0 0 16 18 26 14 18 14
 6.690000E+02 4 0 0 0 0 0 0 0 0 0 0 0 16 17 21 15 24 14
 6.695000E+02 7 0 0 0 0 0 0 0 0 0 0 0 12 20 16 15 20 12
 6.700000E+02 8 0 0 0 0 0 0 0 0 0 0 0 21 22 11 14 23 11
 6.705000E+02 10 0 0 0 0 0 0 0 0 0 0 0 15 28 12 15 24 20
 6.710000E+02 5 0 0 0 0 0 0 0 0 0 0 0 14 11 9 23 23 18
 6.715000E+02 7 0 0 0 0 0 0 0 0 0 0 0 20 13 13 22 20 20
 6.720000E+02 11 0 0 0 0 0 0 0 0 0 0 0 18 14 16 20 17 22
 6.725000E+02 8 0 0 0 0 0 0 0 0 0 0 0 26 14 18 21 20 15
 6.730000E+02 8 0 0 0 0 0 0 0 0 0 0 0 19 12 22 13 18 12
 6.735000E+02 8 0 0 0 0 0 0 0 0 0 0 0 22 19 22 12 15 14
 6.740000E+02 9 0 0 0 0 0 0 0 0 0 0 0 22 16 20 17 16 22
 6.745000E+02 11 0 0 0 0 0 0 0 0 0 0 0 16 12 20 15 19 30
 6.750000E+02 10 0 0 0 0 0 0 0 0 0 0 0 18 12 25 17 17 20
 6.755000E+02 8 0 0 0 0 0 0 1 0 1 0 0 16 9 19 16 19 17
 6.760000E+02 5 0 0 0 0 0 0 0 0 1 0 0 13 14 24 11 27 18
 6.765000E+02 6 0 0 0 0 0 0 0 0 0 0 0 17 16 28 17 17 15
 6.770000E+02 8 0 0 0 0 0 0 0 0 0 0 0 12 16 25 22 20 20
 6.775000E+02 7 0 0 0 0 0 0 0 0 0 0 0 9 11 24 24 22 22
 6.780000E+02 4 0 0 0 0 0 0 0 0 0 0 0 25 11 19 26 13 17
 6.785000E+02 9 0 0 0 0 0 0 0 0 0 0 0 24 19 12 21 19 17
 6.790000E+02 8 0 0 0 0 0 0 1 0 0 0 0 13 27 13 20 16 11
 6.795000E+02 15 0 0 0 0 0 0 1 0 0 0 0 15 26 12 16 18 11
 6.800000E+02 13 0 0 0 0 0 0 0 0 0 0 0 18 21 13 17 20 15
 6.805000E+02 8 0 0 0 0 0 0 0 0 0 0 0 16 14 17 16 20 29
 6.810000E+02 6 0 0 0 0 0 0 0 0 0 0 0 16 16 18 16 17 21
 6.815000E+02 17 0 0 0 0 0 0 0 0 0 0 0 17 16 19 14 18 21
 6.820000E+02 12 0 0 0 0 0 0 0 0 0 0 0 10 25 15 20 11 20
 6.825000E+02 10 0 0 0 0 0 0 0 0 0 0 0 17 18 19 20 16 14
 6.830000E+02 2 0 0 0 0 0 0 0 0 0 0 0 15 16 22 21 16 17
 6.835000E+02 8 0 0 0 0 0 0 0 0 0 0 0 17 13 21 19 21 28
 6.840000E+02 10 0 0 0 0 0 0 0 0 0 0 0 16 10 20 27 11 23
 6.845000E+02 13 0 0 0 0 0 0 0 0 0 0 0 16 18 26 28 11 17
 6.850000E+02 11 0 0 0 0 0 0 0 0 0 0 0 17 20 17 19 15 20
 6.855000E+02 9 0 0 0 0 0 0 0 0 0 0 0 19 18 18 15 13 23
 6.860000E+02 5 0 0 0 0 0 0 0 0 0 0 0 17 13 14 14 12 24
 6.865000E+02 9 0 0 0 0 0 0 0 0 0 0 0 15 20 16 20 14 24
 6.870000E+02 9 0 0 0 0 0 0 0 0 0 0 0 21 20 15 16 18 23
 6.875000E+02 14 0 0 0 0 0 0 0 0 0 0 0 16 24 16 9 24 17
 6.880000E+02 6 0 0 0 0 0 0 0 0 0 0 0 21 21 11 13 25 18
 6.885000E+02 11 0 0 0 0 0 0 0 0 1 0 0 19 27 15 16 21 16
 6.890000E+02 12 0 0 0 0 0 0 1 0 0 0 0 15 20 19 22 18 16
 6.895000E+02 15 0 0 0 0 0 0 0 0 0 0 0 15 20 17 17 20 17
 6.900000E+02 14 0 0 0 0 0 0 0 0 0 0 0 14 16 14 14 19 26
 6.905000E+02 12 0 0 0 0 0 0 0 0 0 0 0 17 20 18 13 15 26
 6.910000E+02 9 0 0 0 0 0 0 0 0 0 0 0 17 19 16 14 16 22
 6.915000E+02 12 0 0 0 0 0 0 0 0 0 0 0 25 23 19 12 10 16
 6.920000E+02 11 0 0 0 0 0 0 0 0 0 0 0 26 18 20 10 14 16
 6.925000E+02 6 0 0 0 0 0 0 0 0 0 0 0 19 28 16 14 18 15
 6.930000E+02 9 0 0 0 0 0 0 0 0 0 0 0 15 21 19 21 20 19
 6.935000E+02 11 0 0 0 0 0 0 0 0 0 0 0 16 21 11 23 17 25
 6.940000E+02 7 0 0 0 0 0 0 0 0 0 0 0 15 16 25 16 17 23
 6.945000E+02 4 0 0 0 0 0 0 0 0 0 0 0 18 19 19 11 18 19
 6.950000E+02 6 0 0 0 0 0 0 0 0 0 0 0 19 17 21 17 20 19
 6.955000E+02 13 0 0 0 0 0 0 0 0 0 0 0 14 16 17 17 20 21
 6.960000E+02 5 0 0 0 0 0 0 0 0 1 0 0 18 22 11 15 16 17
 6.965000E+02 18 0 0 0 0 0 0 0 0 1 0 0 21 24 10 21 13 18
 6.970000E+02 11 0 0 0 0 0 0 0 0 1 0 0 21 28 11 18 13 13
 6.975000E+02 7 0 0 0 0 0 0 0 0 1 0 0 19 27 9 18 18 13
 6.980000E+02 10 0 0 0 0 0 0 1 0 0 0 0 21 24 9 10 22 22
 6.985000E+02 10 0 0 0 0 0 0 0 0 1 0 0 16 16 13 11 19 29
 6.990000E+02 10 0 0 0 0 0 0 0 0 1 0 0 12 11 12 19 12 27
 6.995000E+02 6 0 0 0 0 0 0 0 0 1 0 0 18 9 19 17 20 20
 7.000000E+02 7 0 0 0 0 0 0 0 0 1 0 0 19 10 25 20 19 9
