# time 'Ca' 'D34:75:137_PP2ACa' 'D34:75:137_PP2APCa' 'D34:75_PP2ACa' 'D34:75_PP2APCa' 'D75:137_PP2ACa' 'D75:137_PP2APCa' 'D75_PP2ACa' 'D75_PP2APCa' 'PP2ACa' 'PP2ACa_PKA' 'PP2APCa' 'PP2BinactiveCa2_1' 'PP2BinactiveCa2_2' 'PP2BinactiveCa2_3' 'PP2BinactiveCa2_4' 'PP2BinactiveCa2_5' 'PP2BinactiveCa2_6'
 0.000000E+00 0 0 0 0 0 0 0 0 0 0 0 0 0 0 0 0 0 0
 5.000000E-01 1 0 0 0 0 0 0 0 0 1 0 0 0 1 0 0 0 1
 1.000000E+00 2 0 0 0 0 0 0 0 0 1 0 0 2 2 0 2 0 2
 1.500000E+00 5 0 0 0 0 0 0 0 0 1 0 0 4 4 0 1 0 1
 2.000000E+00 1 0 0 0 0 0 0 0 0 1 0 0 5 3 0 3 0 1
 2.500000E+00 2 0 0 0 0 0 0 0 0 1 0 0 4 5 0 4 2 0
 3.000000E+00 3 0 0 0 0 0 0 0 0 0 0 0 3 3 1 7 1 0
 3.500000E+00 1 0 0 0 0 0 0 0 0 0 0 0 5 3 4 4 1 2
 4.000000E+00 3 0 0 0 0 0 0 0 0 0 0 0 4 3 2 4 4 2
 4.500000E+00 5 0 0 0 0 0 0 0 0 0 0 0 2 5 2 5 6 1
 5.000000E+00 3 0 0 0 0 0 0 0 0 0 0 0 2 8 1 4 5 3
 5.500000E+00 2 0 0 0 0 0 0 0 0 0 0 0 3 3 4 2 7 4
 6.000000E+00 2 0 0 0 0 0 0 0 0 0 0 0 4 5 4 4 4 7
 6.500000E+00 3 0 0 0 0 0 0 0 0 0 0 0 7 3 3 7 4 6
 7.000000E+00 3 0 0 0 0 0 0 0 0 0 0 0 4 2 3 10 4 9
 7.500000E+00 5 0 0 0 0 0 0 0 0 0 0 0 5 4 4 9 3 8
 8.000000E+00 5 0 0 0 0 0 0 0 0 0 0 0 6 4 5 10 5 9
 8.500000E+00 2 0 0 0 0 0 0 0 0 0 0 0 3 5 5 8 5 14
 9.000000E+00 4 0 0 0 0 0 0 0 0 0 0 0 4 7 7 6 8 14
 9.500000E+00 5 0 0 0 0 0 0 0 0 0 0 0 4 12 8 7 5 12
 1.000000E+01 7 0 0 0 0 0 0 0 0 0 0 0 6 12 9 4 5 13
 1.050000E+01 11 0 0 0 0 0 0 0 0 0 0 0 11 9 9 5 5 7
 1.100000E+01 1 0 0 0 0 0 0 0 0 0 0 0 14 15 10 6 5 7
 1.150000E+01 6 0 0 0 0 0 0 0 0 0 0 0 9 11 9 10 9 7
 1.200000E+01 3 0 0 0 0 0 0 0 0 0 0 0 6 14 11 6 16 8
 1.250000E+01 3 0 0 0 0 0 0 0 0 0 0 0 7 14 12 6 11 10
 1.300000E+01 7 0 0 0 0 0 0 0 0 0 0 0 9 10 8 7 15 12
 1.350000E+01 8 0 0 0 0 0 0 0 0 0 0 0 7 13 6 12 11 12
 1.400000E+01 6 0 0 0 0 0 0 0 0 0 0 0 5 11 8 12 13 11
 1.450000E+01 9 0 0 0 0 0 0 0 0 0 0 0 8 9 9 14 15 9
 1.500000E+01 7 0 0 0 0 0 0 0 0 0 0 0 9 11 7 11 12 15
 1.550000E+01 5 0 0 0 0 0 0 0 0 0 0 0 12 9 10 11 10 18
 1.600000E+01 7 0 0 0 0 0 0 0 0 0 0 0 11 8 11 14 13 16
 1.650000E+01 8 0 0 0 0 0 0 0 0 0 0 0 6 7 9 18 9 14
 1.700000E+01 10 0 0 0 0 0 0 0 0 0 0 0 14 11 10 15 7 9
 1.750000E+01 5 0 0 0 0 0 0 0 0 0 0 0 14 16 12 13 4 6
 1.800000E+01 8 0 0 0 0 0 0 0 0 0 0 0 12 20 16 13 6 9
 1.850000E+01 6 0 0 0 0 0 0 0 0 0 0 0 8 14 12 12 11 11
 1.900000E+01 11 0 0 0 0 0 0 0 0 0 0 0 12 15 8 9 9 17
 1.950000E+01 7 0 0 0 0 0 0 1 0 0 0 0 12 12 11 14 12 17
 2.000000E+01 6 0 0 0 0 0 0 1 0 0 0 0 15 6 12 14 13 6
 2.050000E+01 4 0 0 0 0 0 0 1 0 0 0 0 18 12 11 13 13 13
 2.100000E+01 10 0 0 0 0 0 0 0 0 0 0 0 14 13 10 13 11 15
 2.150000E+01 7 0 0 0 0 0 0 0 0 0 0 0 10 15 8 13 10 14
 2.200000E+01 6 0 0 0 0 0 0 0 0 0 0 0 13 18 9 11 9 14
 2.250000E+01 7 0 0 0 0 0 0 0 0 0 0 0 10 15 11 16 12 13
 2.300000E+01 2 0 0 0 0 0 0 0 0 0 0 0 14 15 9 22 15 10
 2.350000E+01 7 0 0 0 0 0 0 0 0 0 0 0 15 15 11 18 21 5
 2.400000E+01 7 0 0 0 0 0 0 0 0 0 0 0 11 18 12 13 15 9
 2.450000E+01 11 0 0 0 0 0 0 0 0 0 0 0 16 10 13 9 18 8
 2.500000E+01 6 0 0 0 0 0 0 0 0 0 0 0 12 9 12 16 16 14
 2.550000E+01 4 0 0 0 0 0 0 0 0 0 0 0 11 16 12 18 17 10
 2.600000E+01 7 0 0 0 0 0 0 0 0 0 0 0 10 17 11 17 14 11
 2.650000E+01 4 0 0 0 0 0 0 0 0 0 0 0 10 15 13 10 19 11
 2.700000E+01 8 0 0 0 0 0 0 0 0 0 0 0 12 9 16 10 19 10
 2.750000E+01 7 0 0 0 0 0 0 1 0 0 0 0 14 12 17 14 15 12
 2.800000E+01 11 0 0 0 0 0 0 0 0 1 0 0 15 10 13 13 13 13
 2.850000E+01 12 0 0 0 0 0 0 0 0 1 0 0 10 10 14 16 15 12
 2.900000E+01 5 0 0 0 0 0 0 0 0 0 0 0 12 11 14 15 19 14
 2.950000E+01 4 0 0 0 0 0 0 0 0 0 0 0 13 9 13 18 19 18
 3.000000E+01 5 0 0 0 0 0 0 0 0 0 0 0 13 14 16 15 9 14
 3.050000E+01 2 0 0 0 0 0 0 0 0 0 0 0 18 9 18 18 11 12
 3.100000E+01 10 0 0 0 0 0 0 0 0 0 0 0 14 10 17 12 10 18
 3.150000E+01 15 0 0 0 0 0 0 0 0 0 0 0 18 10 8 15 15 20
 3.200000E+01 6 0 0 0 0 0 0 0 0 0 0 0 17 11 15 18 17 16
 3.250000E+01 8 0 0 0 0 0 0 0 0 0 0 0 22 13 13 10 18 15
 3.300000E+01 7 0 0 0 0 0 0 0 0 0 0 0 15 17 10 14 21 13
 3.350000E+01 11 0 0 0 0 0 0 0 0 0 0 0 15 23 14 16 14 11
 3.400000E+01 11 0 0 0 0 0 0 0 0 0 0 0 11 25 16 18 19 8
 3.450000E+01 7 0 0 0 0 0 0 0 0 0 0 0 14 14 17 15 19 11
 3.500000E+01 2 0 0 0 0 0 0 0 0 0 0 0 13 19 18 15 22 10
 3.550000E+01 9 0 0 0 0 0 0 0 0 0 0 0 13 18 14 16 16 8
 3.600000E+01 4 0 0 0 0 0 0 0 0 0 0 0 11 19 14 26 15 9
 3.650000E+01 11 0 0 0 0 0 0 0 0 0 0 0 16 20 14 15 11 16
 3.700000E+01 6 0 0 0 0 0 0 0 0 1 0 0 17 13 18 13 14 18
 3.750000E+01 7 0 0 0 0 0 0 0 0 1 0 0 12 16 16 11 13 16
 3.800000E+01 7 0 0 0 0 0 0 0 0 1 0 0 11 17 18 15 18 14
 3.850000E+01 10 0 0 0 0 0 0 0 0 1 0 0 13 12 18 15 16 9
 3.900000E+01 4 0 0 0 0 0 0 0 0 2 0 0 15 16 18 11 17 18
 3.950000E+01 5 0 0 0 0 0 0 0 0 1 0 0 19 16 17 15 18 13
 4.000000E+01 10 0 0 0 0 0 0 0 0 1 0 0 16 15 16 14 16 15
 4.050000E+01 4 0 0 0 0 0 0 0 0 1 0 0 20 14 18 13 15 14
 4.100000E+01 4 0 0 0 0 0 0 1 0 0 0 0 17 12 23 14 24 18
 4.150000E+01 6 0 0 0 0 0 0 0 0 1 0 0 19 17 17 15 17 17
 4.200000E+01 9 0 0 0 0 0 0 0 0 0 0 0 17 15 15 12 14 19
 4.250000E+01 11 0 0 0 0 0 0 0 0 0 0 0 13 17 12 11 21 21
 4.300000E+01 7 0 0 0 0 0 0 0 0 0 0 0 18 22 11 14 16 15
 4.350000E+01 8 0 0 0 0 0 0 0 0 0 0 0 19 24 16 15 13 15
 4.400000E+01 5 0 0 0 0 0 0 0 0 0 0 0 15 22 21 17 16 18
 4.450000E+01 10 0 0 0 0 0 0 0 0 0 0 0 19 17 18 12 15 18
 4.500000E+01 8 0 0 0 0 0 0 0 0 0 0 0 12 20 17 12 14 22
 4.550000E+01 10 0 0 0 0 0 0 0 0 0 0 0 15 17 19 12 11 13
 4.600000E+01 8 0 0 0 0 0 0 0 0 0 0 0 19 16 22 13 12 18
 4.650000E+01 8 0 0 0 0 0 0 0 0 0 0 0 18 9 16 17 16 20
 4.700000E+01 6 0 0 0 0 0 0 0 0 0 0 0 23 12 20 13 11 18
 4.750000E+01 6 0 0 0 0 0 0 0 0 0 0 0 23 13 20 14 15 16
 4.800000E+01 12 0 0 0 0 0 0 0 0 0 0 0 16 19 11 15 19 16
 4.850000E+01 9 0 0 0 0 0 0 0 0 0 0 0 12 17 9 19 20 17
 4.900000E+01 9 0 0 0 0 0 0 0 0 0 0 0 13 21 15 15 24 11
 4.950000E+01 8 0 0 0 0 0 0 0 0 0 0 0 8 20 17 18 26 9
 5.000000E+01 2 0 0 0 0 0 0 0 0 0 0 0 14 15 14 19 21 12
 5.050000E+01 10 0 0 0 0 0 0 0 0 0 0 0 18 18 9 20 27 10
 5.100000E+01 7 0 0 0 0 0 0 0 0 0 0 0 16 18 9 22 26 14
 5.150000E+01 7 0 0 0 0 0 0 0 0 0 0 0 17 17 9 19 22 21
 5.200000E+01 9 0 0 0 0 0 0 0 0 0 0 0 20 21 8 25 15 12
 5.250000E+01 6 0 0 0 0 0 0 0 0 0 0 0 17 14 12 21 21 17
 5.300000E+01 8 0 0 0 0 0 0 0 0 0 0 0 18 12 15 21 19 18
 5.350000E+01 12 0 0 0 0 0 0 0 0 0 0 0 15 20 16 17 14 15
 5.400000E+01 12 0 0 0 0 0 0 0 0 0 0 0 13 15 14 18 16 19
 5.450000E+01 4 0 0 0 0 0 0 0 0 0 0 0 19 15 20 19 14 17
 5.500000E+01 7 0 0 0 0 0 0 0 0 0 0 0 15 7 24 20 16 16
 5.550000E+01 8 0 0 0 0 0 0 0 0 0 0 0 11 17 14 23 18 16
 5.600000E+01 10 0 0 0 0 0 0 0 0 0 0 0 10 18 12 22 22 10
 5.650000E+01 7 0 0 0 0 0 0 0 0 1 0 0 11 17 16 16 20 15
 5.700000E+01 9 0 0 0 0 0 0 0 0 1 0 0 9 20 12 15 24 23
 5.750000E+01 8 0 0 0 0 0 0 1 0 0 0 0 10 16 10 18 26 21
 5.800000E+01 11 0 0 0 0 0 0 0 0 1 0 0 10 18 8 16 17 17
 5.850000E+01 14 0 0 0 0 0 0 0 0 1 0 0 10 13 8 27 18 14
 5.900000E+01 4 0 0 0 0 0 0 0 0 1 0 0 17 15 11 28 19 16
 5.950000E+01 10 0 0 0 0 0 0 0 0 1 0 0 18 14 14 21 19 14
 6.000000E+01 10 0 0 0 0 0 0 0 0 1 0 0 12 20 12 18 20 13
 6.050000E+01 8 0 0 0 0 0 0 0 0 1 0 0 19 22 10 18 17 18
 6.100000E+01 9 0 0 0 0 0 0 0 0 0 0 0 21 17 10 17 13 13
 6.150000E+01 6 0 0 0 0 0 0 0 0 0 0 0 17 20 16 16 18 6
 6.200000E+01 10 0 0 0 0 0 0 0 0 0 0 0 14 23 17 17 14 11
 6.250000E+01 10 0 0 0 0 0 0 0 0 0 0 0 17 15 16 22 18 8
 6.300000E+01 9 0 0 0 0 0 0 1 0 0 0 0 16 18 16 24 15 12
 6.350000E+01 12 0 0 0 0 0 0 1 0 1 0 0 14 18 11 19 19 10
 6.400000E+01 9 0 0 0 0 0 0 0 0 2 0 0 17 19 14 21 13 21
 6.450000E+01 4 0 0 0 0 0 0 0 0 1 0 0 12 17 10 17 16 17
 6.500000E+01 13 0 0 0 0 0 0 1 0 0 0 0 16 17 18 11 14 17
 6.550000E+01 14 0 0 0 0 0 0 0 0 1 0 0 11 24 22 10 13 15
 6.600000E+01 9 0 0 0 0 0 0 0 0 1 0 0 14 17 23 15 17 13
 6.650000E+01 6 0 0 0 0 0 0 0 0 0 0 0 16 14 16 14 15 13
 6.700000E+01 8 0 0 0 0 0 0 0 0 0 0 0 19 19 19 20 16 12
 6.750000E+01 8 0 0 0 0 0 0 0 0 0 0 0 19 20 19 14 11 10
 6.800000E+01 6 0 0 0 0 0 0 0 0 1 0 0 17 23 17 17 18 9
 6.850000E+01 1 0 0 0 0 0 0 0 0 0 0 0 15 21 15 24 13 16
 6.900000E+01 7 0 0 0 0 0 0 0 0 1 0 0 21 21 14 20 12 16
 6.950000E+01 9 0 0 0 0 0 0 1 0 1 0 0 17 17 17 15 16 15
 7.000000E+01 10 0 0 0 0 0 0 0 0 2 0 0 20 14 14 14 21 18
 7.050000E+01 5 0 0 0 0 0 0 0 0 1 0 0 15 22 13 14 16 13
 7.100000E+01 8 0 0 0 0 0 0 0 0 0 0 0 10 18 11 14 19 22
 7.150000E+01 6 0 0 0 0 0 0 1 0 0 0 0 14 16 12 21 17 20
 7.200000E+01 7 0 0 0 0 0 0 0 0 0 0 0 15 16 15 23 17 14
 7.250000E+01 6 0 0 0 0 0 0 0 0 0 0 0 17 15 17 20 20 14
 7.300000E+01 3 0 0 0 0 0 0 0 0 0 0 0 12 14 15 19 20 16
 7.350000E+01 7 0 0 0 0 0 0 0 0 0 0 0 14 17 17 16 16 16
 7.400000E+01 11 0 0 0 0 0 0 0 0 0 0 0 18 15 21 13 14 17
 7.450000E+01 7 0 0 0 0 0 0 0 0 0 0 0 17 15 23 15 16 16
 7.500000E+01 10 0 0 0 0 0 0 0 0 0 0 0 20 15 17 9 21 15
 7.550000E+01 10 0 0 0 0 0 0 0 0 0 0 0 17 18 14 12 29 13
 7.600000E+01 6 0 0 0 0 0 0 0 0 0 0 0 14 23 14 16 27 10
 7.650000E+01 11 0 0 0 0 0 0 0 0 0 0 0 21 19 16 14 16 12
 7.700000E+01 10 0 0 0 0 0 0 0 0 0 0 0 17 17 12 13 16 23
 7.750000E+01 8 0 0 0 0 0 0 0 0 0 0 0 18 16 10 13 18 24
 7.800000E+01 6 0 0 0 0 0 0 1 0 0 0 0 13 17 14 21 14 16
 7.850000E+01 5 0 0 0 0 0 0 0 0 1 0 0 21 18 10 23 15 23
 7.900000E+01 8 0 0 0 0 0 0 0 0 0 0 0 17 22 17 14 13 21
 7.950000E+01 8 0 0 0 0 0 0 0 0 0 0 0 18 10 15 19 20 23
 8.000000E+01 9 0 0 0 0 0 0 0 0 0 0 0 18 11 11 17 24 24
 8.050000E+01 4 0 0 0 0 0 0 0 0 0 0 0 17 18 14 19 17 23
 8.100000E+01 7 0 0 0 0 0 0 0 0 0 0 0 25 14 20 17 15 19
 8.150000E+01 6 0 0 0 0 0 0 0 0 0 0 0 23 16 20 19 16 15
 8.200000E+01 11 0 0 0 0 0 0 0 0 0 0 0 20 13 23 19 13 14
 8.250000E+01 14 0 0 0 0 0 0 0 0 0 0 0 20 16 14 19 14 12
 8.300000E+01 8 0 0 0 0 0 0 0 0 0 0 0 24 17 10 19 15 20
 8.350000E+01 14 0 0 0 0 0 0 0 0 0 0 0 19 20 15 23 21 15
 8.400000E+01 7 0 0 0 0 0 0 0 0 0 0 0 20 20 15 17 29 14
 8.450000E+01 15 0 0 0 0 0 0 0 0 0 0 0 16 16 15 16 22 18
 8.500000E+01 9 0 0 0 0 0 0 0 0 0 0 0 14 17 22 15 23 21
 8.550000E+01 5 0 0 0 0 0 0 0 0 0 0 0 20 14 22 17 21 17
 8.600000E+01 11 0 0 0 0 0 0 0 0 0 0 0 19 20 20 21 12 17
 8.650000E+01 5 0 0 0 0 0 0 0 0 0 0 0 19 24 12 20 17 22
 8.700000E+01 12 0 0 0 0 0 0 0 0 0 0 0 12 20 23 18 19 17
 8.750000E+01 12 0 0 0 0 0 0 1 0 0 0 0 21 14 25 23 16 16
 8.800000E+01 8 0 0 0 0 0 0 0 0 1 0 0 20 15 21 14 19 15
 8.850000E+01 11 0 0 0 0 0 0 0 0 1 0 0 16 12 15 15 21 17
 8.900000E+01 9 0 0 0 0 0 0 1 0 1 0 0 24 15 21 17 18 17
 8.950000E+01 6 0 0 0 0 0 0 0 0 2 0 0 17 9 16 15 22 17
 9.000000E+01 6 0 0 0 0 0 0 0 0 0 0 0 15 12 14 14 25 21
 9.050000E+01 9 0 0 0 0 0 0 0 0 0 0 0 22 11 17 25 15 21
 9.100000E+01 10 0 0 0 0 0 0 0 0 1 0 0 23 13 15 24 22 17
 9.150000E+01 12 0 0 0 0 0 0 0 0 1 0 0 20 15 14 21 18 16
 9.200000E+01 12 0 0 0 0 0 0 0 0 0 0 0 22 14 22 20 22 21
 9.250000E+01 10 0 0 0 0 0 0 0 0 0 0 0 20 16 20 18 14 21
 9.300000E+01 11 0 0 0 0 0 0 0 0 0 0 0 16 18 20 12 13 25
 9.350000E+01 6 0 0 0 0 0 0 0 0 0 0 0 19 20 20 17 17 18
 9.400000E+01 6 0 0 0 0 0 0 0 0 1 0 0 16 16 12 20 19 21
 9.450000E+01 10 0 0 0 0 0 0 0 0 1 0 0 16 17 12 20 16 15
 9.500000E+01 5 0 0 0 0 0 0 2 0 0 0 0 11 24 18 30 19 13
 9.550000E+01 12 0 0 0 0 0 0 0 0 1 0 0 14 23 17 28 17 14
 9.600000E+01 11 0 0 0 0 0 0 0 0 0 0 0 23 25 19 19 21 16
 9.650000E+01 14 0 0 0 0 0 0 0 0 0 0 0 18 16 27 22 19 13
 9.700000E+01 6 0 0 0 0 0 0 0 0 0 0 0 11 24 18 18 25 16
 9.750000E+01 3 0 0 0 0 0 0 0 0 0 0 0 18 19 21 17 19 18
 9.800000E+01 8 0 0 0 0 0 0 0 0 0 0 0 15 10 22 22 18 25
 9.850000E+01 5 0 0 0 0 0 0 0 0 0 0 0 21 10 16 22 21 18
 9.900000E+01 7 0 0 0 0 0 0 0 0 0 0 0 20 15 16 23 20 15
 9.950000E+01 9 0 0 0 0 0 0 0 0 0 0 0 22 16 18 25 15 15
 1.000000E+02 11 0 0 0 0 0 0 0 0 0 0 0 20 12 16 16 16 16
 1.005000E+02 13 0 0 0 0 0 0 0 0 0 0 0 19 20 15 16 12 13
 1.010000E+02 10 0 0 0 0 0 0 0 0 0 0 0 24 17 19 18 18 14
 1.015000E+02 9 0 0 0 0 0 0 0 0 0 0 0 16 17 18 18 14 20
 1.020000E+02 17 0 0 0 0 0 0 1 0 0 0 0 19 18 19 17 10 30
 1.025000E+02 4 0 0 0 0 0 0 1 0 0 0 0 11 19 13 21 9 27
 1.030000E+02 6 0 0 0 0 0 0 0 0 2 0 0 9 17 12 15 21 34
 1.035000E+02 10 0 0 0 0 0 0 1 0 1 0 0 8 16 17 18 22 23
 1.040000E+02 5 0 0 0 0 0 0 0 0 2 0 0 9 23 23 20 18 18
 1.045000E+02 7 0 0 0 0 0 0 0 0 1 0 0 20 20 15 23 14 15
 1.050000E+02 13 0 0 0 0 0 0 1 0 0 0 0 21 13 13 20 25 17
 1.055000E+02 8 0 0 0 0 0 0 0 0 1 0 0 26 15 10 19 24 18
 1.060000E+02 12 0 0 0 0 0 0 0 0 1 0 0 19 17 14 21 18 15
 1.065000E+02 8 0 0 0 0 0 0 1 0 1 0 0 23 21 21 16 9 9
 1.070000E+02 9 0 0 0 0 0 0 0 0 2 0 0 16 20 16 24 18 16
 1.075000E+02 10 0 0 0 0 0 0 0 0 0 0 0 18 15 17 23 17 18
 1.080000E+02 10 0 0 0 0 0 0 0 0 0 0 0 20 21 19 14 18 20
 1.085000E+02 11 0 0 0 0 0 0 1 0 0 0 0 13 15 23 14 18 20
 1.090000E+02 9 0 0 0 0 0 0 0 0 1 0 0 22 13 28 8 20 19
 1.095000E+02 14 0 0 0 0 0 0 0 0 0 0 0 22 16 19 13 22 15
 1.100000E+02 7 0 0 0 0 0 0 0 0 0 0 0 18 18 19 22 13 20
 1.105000E+02 11 0 0 0 0 0 0 0 0 0 0 0 16 19 17 26 16 15
 1.110000E+02 9 0 0 0 0 0 0 0 0 2 0 0 18 13 18 19 15 16
 1.115000E+02 4 0 0 0 0 0 0 1 0 0 0 0 22 17 22 18 15 15
 1.120000E+02 11 0 0 0 0 0 0 1 0 0 0 0 17 13 23 16 15 17
 1.125000E+02 6 0 0 0 0 0 0 1 0 0 0 0 17 22 17 16 17 21
 1.130000E+02 10 0 0 0 0 0 0 0 0 0 0 0 13 24 15 21 16 17
 1.135000E+02 4 0 0 0 0 0 0 0 0 0 0 0 15 25 16 20 20 14
 1.140000E+02 6 0 0 0 0 0 0 0 0 0 0 0 16 14 11 25 22 11
 1.145000E+02 7 0 0 0 0 0 0 0 0 0 0 0 16 20 14 22 16 21
 1.150000E+02 8 0 0 0 0 0 0 0 0 0 0 0 22 11 17 20 19 20
 1.155000E+02 9 0 0 0 0 0 0 0 0 0 0 0 21 8 15 25 16 19
 1.160000E+02 10 0 0 0 0 0 0 0 0 1 0 0 18 14 17 16 17 25
 1.165000E+02 8 0 0 0 0 0 0 0 0 1 0 0 19 17 15 11 19 23
 1.170000E+02 3 0 0 0 0 0 0 0 0 1 0 0 20 21 12 15 18 22
 1.175000E+02 7 0 0 0 0 0 0 0 0 1 0 0 13 22 18 12 22 16
 1.180000E+02 7 0 0 0 0 1 0 0 0 0 0 0 14 22 18 11 19 13
 1.185000E+02 13 0 0 0 0 0 0 0 0 1 0 0 7 19 19 19 10 18
 1.190000E+02 8 0 0 0 0 0 0 0 0 1 0 0 15 14 19 19 22 20
 1.195000E+02 10 0 0 0 0 0 0 0 0 0 0 0 13 15 21 15 23 19
 1.200000E+02 13 0 0 0 0 0 0 0 0 0 0 0 15 19 21 14 20 13
 1.205000E+02 10 0 0 0 0 0 0 0 0 0 0 0 15 23 13 7 21 24
 1.210000E+02 3 0 0 0 0 0 0 0 0 0 0 0 14 20 14 11 19 24
 1.215000E+02 11 0 0 0 0 0 0 0 0 0 0 0 20 14 15 12 16 26
 1.220000E+02 7 0 0 0 0 0 0 0 0 1 0 0 18 22 17 17 18 22
 1.225000E+02 7 0 0 0 0 0 0 0 0 1 0 0 19 23 21 14 12 20
 1.230000E+02 5 0 0 0 0 0 0 0 0 0 0 0 11 20 21 18 18 21
 1.235000E+02 7 0 0 0 0 0 0 0 0 0 0 0 14 17 23 18 19 11
 1.240000E+02 16 0 0 0 0 0 0 0 0 0 0 0 16 17 25 18 11 17
 1.245000E+02 12 0 0 0 0 0 0 0 0 1 0 0 15 14 21 13 13 19
 1.250000E+02 8 0 0 0 0 0 0 0 0 1 0 0 19 13 18 18 17 28
 1.255000E+02 6 0 0 0 0 0 0 0 0 0 0 0 18 21 19 22 16 24
 1.260000E+02 8 0 0 0 0 0 0 0 0 0 0 0 16 20 25 17 18 15
 1.265000E+02 7 0 0 0 0 0 0 0 0 0 0 0 24 24 15 16 16 16
 1.270000E+02 11 0 0 0 0 0 0 0 0 0 0 0 19 16 19 13 23 19
 1.275000E+02 17 0 0 0 0 0 0 0 0 0 0 0 19 16 23 11 17 22
 1.280000E+02 13 0 0 0 0 0 0 0 0 0 0 0 17 22 15 14 13 17
 1.285000E+02 7 0 0 0 0 0 0 0 0 1 0 0 22 18 16 10 21 18
 1.290000E+02 9 0 0 0 0 0 0 0 0 0 0 0 20 12 22 12 17 24
 1.295000E+02 9 0 0 0 0 0 0 0 0 1 0 0 21 18 16 13 18 20
 1.300000E+02 12 0 0 0 0 0 0 0 0 0 0 0 19 17 13 19 18 18
 1.305000E+02 6 0 0 0 0 0 0 0 0 0 0 0 13 21 17 20 21 15
 1.310000E+02 5 0 0 0 0 0 0 0 0 0 0 0 18 22 16 19 18 10
 1.315000E+02 14 0 0 0 0 0 0 0 0 0 0 0 11 22 14 22 20 16
 1.320000E+02 13 0 0 0 0 0 0 0 0 0 0 0 14 17 13 26 22 18
 1.325000E+02 12 0 0 0 0 0 0 0 0 0 0 0 21 17 18 20 22 13
 1.330000E+02 10 0 0 0 0 0 0 0 0 0 0 0 22 21 16 18 19 14
 1.335000E+02 10 0 0 0 0 0 0 0 0 0 0 0 16 15 13 26 24 18
 1.340000E+02 6 0 0 0 0 0 0 0 0 0 0 0 11 16 16 20 24 23
 1.345000E+02 18 0 0 0 0 0 0 0 0 0 0 0 12 18 18 21 27 21
 1.350000E+02 8 0 0 0 0 0 0 0 0 0 0 0 16 16 25 17 28 20
 1.355000E+02 4 0 0 0 0 0 0 0 0 0 0 0 16 24 22 14 23 12
 1.360000E+02 11 0 0 0 0 0 0 0 0 0 0 0 18 20 21 15 28 14
 1.365000E+02 17 0 0 0 0 0 0 0 0 0 0 0 15 20 20 20 18 11
 1.370000E+02 12 0 0 0 0 0 0 0 0 0 0 0 28 15 18 22 22 16
 1.375000E+02 8 0 0 0 0 0 0 0 0 0 0 0 20 15 20 27 22 18
 1.380000E+02 11 0 0 0 0 0 0 0 0 0 0 0 19 17 14 25 18 21
 1.385000E+02 10 0 0 0 0 0 0 0 0 1 0 0 23 13 17 16 20 20
 1.390000E+02 15 0 0 0 0 0 0 0 0 1 0 0 19 14 14 21 19 16
 1.395000E+02 13 0 0 0 0 0 0 0 0 1 0 0 15 19 23 20 22 19
 1.400000E+02 10 0 0 0 0 0 0 0 0 1 0 0 21 25 12 21 18 14
 1.405000E+02 10 0 0 0 0 0 0 0 0 1 0 0 17 21 12 19 16 18
 1.410000E+02 6 0 0 0 0 0 0 0 0 0 0 0 22 18 13 21 18 15
 1.415000E+02 7 0 0 0 0 0 0 0 0 0 0 0 26 19 15 14 29 15
 1.420000E+02 12 0 0 0 0 0 0 1 0 0 0 0 23 16 20 16 22 15
 1.425000E+02 17 0 0 0 0 0 0 0 0 0 0 0 23 14 23 19 19 13
 1.430000E+02 12 0 0 0 0 0 0 0 0 0 0 0 17 16 20 21 23 17
 1.435000E+02 10 0 0 0 0 0 0 0 0 0 0 0 27 14 14 25 15 16
 1.440000E+02 7 0 0 0 0 0 0 0 0 1 0 0 25 19 23 21 15 15
 1.445000E+02 6 0 0 0 0 0 0 1 0 0 0 0 15 21 14 25 18 15
 1.450000E+02 9 0 0 0 0 0 0 1 0 0 0 0 12 20 17 20 12 27
 1.455000E+02 8 0 0 0 0 0 0 0 0 1 0 0 15 23 24 17 13 22
 1.460000E+02 4 0 0 0 0 0 0 0 0 1 0 0 13 22 17 17 15 21
 1.465000E+02 3 0 0 0 0 0 0 0 0 1 0 0 13 19 15 19 18 19
 1.470000E+02 15 0 0 0 0 0 0 0 0 1 0 0 9 22 20 13 18 18
 1.475000E+02 7 0 0 0 0 0 0 0 0 0 0 0 8 23 25 11 18 19
 1.480000E+02 6 0 0 0 0 0 0 0 0 0 0 0 16 18 18 13 16 22
 1.485000E+02 7 0 0 0 0 0 0 0 0 0 0 0 20 16 17 18 15 18
 1.490000E+02 6 0 0 0 0 0 0 1 0 0 0 0 22 15 16 19 20 18
 1.495000E+02 5 0 0 0 0 0 0 0 0 1 0 0 23 14 14 16 22 22
 1.500000E+02 14 0 0 0 0 0 0 1 0 0 0 0 14 27 16 19 19 17
 1.505000E+02 9 0 0 0 0 0 0 0 0 1 0 0 21 22 10 19 19 19
 1.510000E+02 8 0 0 0 0 0 0 0 0 0 0 0 22 10 14 18 20 23
 1.515000E+02 11 0 0 0 0 0 0 0 0 0 0 0 23 12 18 11 22 20
 1.520000E+02 10 0 0 0 0 0 0 0 0 0 0 0 17 14 16 17 28 20
 1.525000E+02 11 0 0 0 0 0 0 0 0 0 0 0 19 16 19 28 15 18
 1.530000E+02 9 0 0 0 0 0 0 0 0 0 0 0 17 14 14 22 12 21
 1.535000E+02 14 0 0 0 0 0 0 1 0 0 0 0 19 12 19 20 14 18
 1.540000E+02 8 0 0 0 0 0 0 0 0 1 0 0 21 14 20 16 15 20
 1.545000E+02 8 0 0 0 0 0 0 1 0 0 0 0 22 14 28 21 11 18
 1.550000E+02 5 0 0 0 0 0 0 0 0 1 0 0 24 20 22 14 12 13
 1.555000E+02 4 0 0 0 0 0 0 0 0 1 0 0 18 18 18 17 14 12
 1.560000E+02 11 0 0 0 0 0 0 0 0 0 0 0 10 12 23 23 18 16
 1.565000E+02 11 0 0 0 0 0 0 0 0 0 0 0 15 16 19 16 12 22
 1.570000E+02 11 0 0 0 0 0 0 0 0 0 0 0 17 15 18 19 12 20
 1.575000E+02 11 0 0 0 0 0 0 0 0 0 0 0 18 19 16 20 13 18
 1.580000E+02 6 0 0 0 0 0 0 0 0 0 0 0 17 17 20 23 15 20
 1.585000E+02 11 0 0 0 0 0 0 0 0 0 0 0 16 14 27 16 16 17
 1.590000E+02 5 0 0 0 0 0 0 0 0 0 0 0 20 15 26 17 15 17
 1.595000E+02 6 0 0 0 0 0 0 0 0 0 0 0 16 12 17 20 17 23
 1.600000E+02 7 0 0 0 0 0 0 0 0 0 0 0 18 15 15 20 16 21
 1.605000E+02 7 0 0 0 0 0 0 0 0 0 0 0 18 14 17 16 16 20
 1.610000E+02 13 0 0 0 0 0 0 0 0 0 0 0 21 14 22 14 15 22
 1.615000E+02 4 0 0 0 0 0 0 0 0 0 0 0 27 18 18 16 14 18
 1.620000E+02 12 0 0 0 0 0 0 0 0 0 0 0 22 12 18 11 19 23
 1.625000E+02 10 0 0 0 0 0 0 0 0 0 0 0 16 14 20 13 14 23
 1.630000E+02 8 0 0 0 0 0 0 0 0 0 0 0 14 19 21 12 18 21
 1.635000E+02 3 0 0 0 0 0 0 0 0 0 0 0 15 19 22 15 10 29
 1.640000E+02 14 0 0 0 0 0 0 0 0 0 0 0 18 17 20 11 9 25
 1.645000E+02 9 0 0 0 0 0 0 0 0 0 0 0 16 13 14 15 16 24
 1.650000E+02 16 0 0 0 0 0 0 0 0 0 0 0 18 12 19 13 21 24
 1.655000E+02 6 0 0 0 0 0 0 0 0 0 0 0 15 15 16 19 22 18
 1.660000E+02 12 0 0 0 0 0 0 0 0 0 0 0 14 14 21 11 25 24
 1.665000E+02 11 0 0 0 0 0 0 0 0 0 0 0 11 24 15 13 18 16
 1.670000E+02 8 0 0 0 0 0 0 0 0 0 0 0 15 18 21 21 17 15
 1.675000E+02 11 0 0 0 0 0 0 0 0 0 0 0 20 19 14 24 9 21
 1.680000E+02 9 0 0 0 0 0 0 0 0 0 0 0 16 19 11 18 12 23
 1.685000E+02 16 0 0 0 0 0 0 0 0 0 0 0 21 19 11 19 13 26
 1.690000E+02 7 0 0 0 0 0 0 0 0 0 0 0 14 21 19 17 11 21
 1.695000E+02 7 0 0 0 0 0 0 0 0 0 0 0 7 21 21 17 16 19
 1.700000E+02 8 0 0 0 0 0 0 0 0 1 0 0 17 19 18 13 21 21
 1.705000E+02 9 0 0 0 0 0 0 1 0 0 0 0 16 11 16 12 18 15
 1.710000E+02 10 0 0 0 0 0 0 0 0 0 0 0 12 9 22 10 25 22
 1.715000E+02 8 0 0 0 0 0 0 0 0 0 0 0 12 14 22 10 20 18
 1.720000E+02 7 0 0 0 0 0 0 0 0 0 0 0 15 9 22 18 12 14
 1.725000E+02 6 0 0 0 0 0 0 0 0 0 0 0 19 13 20 17 11 23
 1.730000E+02 5 0 0 0 0 0 0 0 0 0 0 0 16 16 17 20 15 17
 1.735000E+02 5 0 0 0 0 0 0 0 0 0 0 0 22 11 15 12 15 12
 1.740000E+02 8 0 0 0 0 0 0 0 0 0 0 0 19 13 17 20 14 13
 1.745000E+02 10 0 0 0 0 0 0 0 0 0 0 0 16 19 14 25 8 11
 1.750000E+02 8 0 0 0 0 0 0 0 0 0 0 0 17 14 10 23 13 18
 1.755000E+02 8 0 0 0 0 0 0 0 0 0 0 0 15 16 20 20 11 17
 1.760000E+02 3 0 0 0 0 0 0 0 0 0 0 0 9 19 16 14 17 19
 1.765000E+02 8 0 0 0 0 0 0 0 0 0 0 0 15 16 13 23 14 22
 1.770000E+02 7 0 0 0 0 0 0 0 0 0 0 0 13 12 18 21 17 15
 1.775000E+02 5 0 0 0 0 0 0 0 0 0 0 0 13 13 20 26 16 11
 1.780000E+02 7 0 0 0 0 0 0 0 0 0 0 0 17 20 16 28 13 14
 1.785000E+02 10 0 0 0 0 0 0 0 0 0 0 0 10 21 14 26 16 15
 1.790000E+02 8 0 0 0 0 0 0 1 0 0 0 0 14 20 19 22 21 15
 1.795000E+02 8 0 0 0 0 0 0 0 0 1 0 0 10 16 10 19 24 17
 1.800000E+02 8 0 0 0 0 0 0 0 0 0 0 0 19 17 13 15 27 15
 1.805000E+02 6 0 0 0 0 0 0 0 0 0 0 0 22 18 18 11 16 17
 1.810000E+02 7 0 0 0 0 0 0 0 0 0 0 0 14 12 16 20 8 16
 1.815000E+02 13 0 0 0 0 0 0 0 0 0 0 0 27 16 15 20 12 16
 1.820000E+02 11 0 0 0 0 0 0 0 0 0 0 0 19 18 14 24 14 18
 1.825000E+02 10 0 0 0 0 0 0 0 0 0 0 0 20 19 11 29 16 15
 1.830000E+02 10 0 0 0 0 0 0 1 0 0 0 0 24 17 17 23 9 15
 1.835000E+02 5 0 0 0 0 0 0 0 0 1 0 0 20 21 18 18 10 20
 1.840000E+02 8 0 0 0 0 0 0 0 0 1 0 0 21 23 16 13 11 23
 1.845000E+02 8 0 0 0 0 0 0 0 0 1 0 0 23 25 13 12 17 18
 1.850000E+02 7 0 0 0 0 0 0 0 0 1 0 0 19 22 11 10 18 17
 1.855000E+02 13 0 0 0 0 0 0 0 0 1 0 0 14 15 14 10 24 15
 1.860000E+02 7 0 0 0 0 0 0 0 0 1 0 0 15 24 25 11 22 8
 1.865000E+02 7 0 0 0 0 0 0 0 0 1 0 0 18 26 19 14 16 13
 1.870000E+02 7 0 0 0 0 0 0 0 0 1 0 0 15 21 18 7 15 16
 1.875000E+02 6 0 0 0 0 0 0 0 0 1 0 0 15 14 16 19 11 14
 1.880000E+02 5 0 0 0 0 0 0 0 0 1 0 0 17 16 21 17 12 20
 1.885000E+02 9 0 0 0 0 0 0 0 0 0 0 0 17 9 15 19 23 18
 1.890000E+02 10 0 0 0 0 0 0 0 0 0 0 0 15 14 16 18 16 14
 1.895000E+02 7 0 0 0 0 0 0 0 0 0 0 0 23 13 9 23 19 13
 1.900000E+02 11 0 0 0 0 0 0 0 0 0 0 0 22 16 13 21 20 15
 1.905000E+02 13 0 0 0 0 0 0 0 0 0 0 0 20 11 14 21 13 12
 1.910000E+02 8 0 0 0 0 0 0 0 0 0 0 0 20 13 15 19 12 19
 1.915000E+02 6 0 0 0 0 0 0 0 0 0 0 0 10 13 19 25 13 11
 1.920000E+02 11 0 0 0 0 0 0 0 0 0 0 0 15 14 17 17 20 18
 1.925000E+02 5 0 0 0 0 0 0 0 0 0 0 0 10 12 23 12 22 18
 1.930000E+02 6 0 0 0 0 0 0 0 0 0 0 0 8 14 29 11 24 15
 1.935000E+02 8 0 0 0 0 0 0 0 0 0 0 0 10 23 21 10 21 21
 1.940000E+02 10 0 0 0 0 0 0 0 0 0 0 0 15 24 18 12 18 18
 1.945000E+02 7 0 0 0 0 0 0 0 0 0 0 0 20 16 17 12 19 14
 1.950000E+02 11 0 0 0 0 0 0 0 0 0 0 0 24 16 17 14 13 10
 1.955000E+02 8 0 0 0 0 0 0 0 0 0 0 0 19 9 15 13 17 21
 1.960000E+02 5 0 0 0 0 0 0 0 0 0 0 0 19 7 18 14 12 22
 1.965000E+02 11 0 0 0 0 0 0 0 0 0 0 0 25 6 13 15 16 20
 1.970000E+02 8 0 0 0 0 0 0 0 0 1 0 0 16 11 11 23 16 21
 1.975000E+02 7 0 0 0 0 0 0 0 0 1 0 0 17 9 16 21 20 14
 1.980000E+02 7 0 0 0 0 0 0 0 0 1 0 0 15 16 17 18 19 15
 1.985000E+02 2 0 0 0 0 0 0 0 0 1 0 0 13 18 15 21 17 16
 1.990000E+02 13 0 0 0 0 0 0 1 0 0 0 0 14 17 16 23 16 19
 1.995000E+02 4 0 0 0 0 0 0 0 0 1 0 0 18 20 16 21 16 14
 2.000000E+02 6 0 0 0 0 0 0 0 0 0 0 0 12 19 19 15 11 18
 2.005000E+02 11 0 0 0 0 0 0 0 0 0 0 0 19 13 15 17 8 20
 2.010000E+02 7 0 0 0 0 0 0 0 0 1 0 0 17 14 19 21 17 14
 2.015000E+02 10 0 0 0 0 0 0 0 0 0 0 0 12 12 16 18 21 21
 2.020000E+02 9 0 0 0 0 0 0 0 0 0 0 0 11 8 18 17 23 18
 2.025000E+02 11 0 0 0 0 0 0 0 0 0 0 0 9 8 14 18 20 14
 2.030000E+02 12 0 0 0 0 0 0 0 0 0 0 0 13 8 14 20 15 24
 2.035000E+02 10 0 0 0 0 0 0 0 0 0 0 0 13 13 11 24 14 24
 2.040000E+02 11 0 0 0 0 0 0 0 0 0 0 0 13 13 14 21 12 15
 2.045000E+02 4 0 0 0 0 0 0 0 0 0 0 0 11 18 21 15 12 16
 2.050000E+02 5 0 0 0 0 0 0 0 0 0 0 1 18 15 15 9 13 14
 2.055000E+02 6 0 0 0 0 0 0 0 0 1 0 0 17 13 9 8 12 11
 2.060000E+02 8 0 0 0 0 0 0 0 0 1 0 0 17 12 8 9 10 13
 2.065000E+02 8 0 0 0 0 0 0 0 0 1 1 0 11 16 10 11 9 15
 2.070000E+02 3 0 0 0 0 0 0 1 0 1 0 0 17 14 11 15 14 11
 2.075000E+02 9 0 0 0 0 0 0 0 0 2 0 0 9 14 17 13 17 9
 2.080000E+02 5 0 0 1 0 0 0 0 0 0 0 0 17 21 14 11 15 12
 2.085000E+02 6 0 0 0 0 0 0 0 0 1 0 0 12 21 11 11 13 11
 2.090000E+02 4 0 0 0 0 0 0 0 0 0 0 1 13 18 7 17 14 15
 2.095000E+02 9 0 0 0 0 0 0 0 0 1 0 0 12 16 14 16 13 10
 2.100000E+02 6 0 0 0 0 0 0 0 0 0 0 0 11 18 17 17 12 8
 2.105000E+02 10 0 0 0 0 0 0 0 0 0 0 0 18 18 14 14 12 7
 2.110000E+02 6 0 0 0 0 0 0 0 0 0 0 0 13 15 14 9 13 10
 2.115000E+02 8 0 0 0 0 0 0 0 0 0 0 0 16 23 13 10 17 8
 2.120000E+02 10 0 0 0 0 0 0 0 0 0 0 0 18 13 8 14 19 8
 2.125000E+02 11 0 0 0 0 0 0 0 0 0 0 0 16 8 11 17 25 9
 2.130000E+02 7 0 0 0 0 0 0 0 0 1 0 0 13 7 15 13 18 14
 2.135000E+02 4 0 0 1 0 0 0 0 0 0 0 0 10 12 19 13 12 18
 2.140000E+02 6 0 0 0 1 0 0 0 0 0 0 0 8 12 18 10 15 20
 2.145000E+02 9 0 0 0 0 0 0 0 0 0 0 0 12 9 20 12 12 21
 2.150000E+02 7 0 0 0 0 0 0 0 0 0 0 0 12 17 16 12 12 20
 2.155000E+02 4 0 0 0 0 0 0 0 0 0 0 0 13 13 15 14 9 19
 2.160000E+02 5 0 0 0 0 0 0 0 0 0 0 0 16 18 12 12 12 18
 2.165000E+02 5 0 0 0 0 0 0 0 0 0 0 0 15 18 16 16 11 20
 2.170000E+02 7 0 0 0 0 0 0 0 0 0 0 0 13 20 18 20 14 14
 2.175000E+02 9 0 0 0 0 0 0 0 0 0 0 0 16 19 16 15 13 15
 2.180000E+02 4 0 0 0 0 0 0 0 0 0 0 0 16 23 17 18 7 16
 2.185000E+02 13 0 0 0 0 0 0 0 0 0 0 0 17 16 13 13 11 21
 2.190000E+02 10 0 0 0 0 0 0 0 0 0 0 0 20 15 22 13 8 24
 2.195000E+02 4 0 0 0 0 0 0 0 0 0 0 0 23 16 18 8 9 20
 2.200000E+02 10 0 0 0 0 0 0 0 0 0 0 0 24 9 14 8 9 17
 2.205000E+02 2 0 0 0 0 0 0 0 0 0 0 0 23 11 13 13 12 11
 2.210000E+02 13 0 0 0 0 0 0 0 0 0 0 0 23 13 12 11 17 12
 2.215000E+02 5 0 0 1 0 0 0 0 0 1 0 0 21 8 14 16 23 10
 2.220000E+02 2 0 0 0 0 0 0 0 0 0 1 0 18 14 10 26 18 15
 2.225000E+02 9 0 0 0 0 0 0 0 0 1 0 0 17 19 14 22 13 23
 2.230000E+02 9 0 0 0 0 0 0 0 0 1 0 0 11 14 15 18 19 23
 2.235000E+02 6 0 0 0 0 0 0 0 0 1 0 0 14 14 13 14 21 13
 2.240000E+02 7 0 0 0 0 0 0 0 0 0 0 0 14 21 12 13 17 16
 2.245000E+02 9 0 0 0 0 0 0 0 0 0 0 0 15 16 15 15 20 15
 2.250000E+02 8 0 0 0 0 0 0 0 0 0 0 0 17 18 14 13 15 15
 2.255000E+02 8 0 0 0 0 0 0 0 0 0 0 0 19 13 18 15 12 14
 2.260000E+02 8 0 0 0 0 0 0 0 0 0 0 0 16 15 16 18 14 16
 2.265000E+02 7 0 0 0 0 0 0 0 0 0 0 0 14 10 15 7 15 20
 2.270000E+02 4 0 0 0 0 0 0 0 0 0 0 0 21 17 19 16 17 15
 2.275000E+02 8 0 0 0 0 0 0 0 0 0 0 0 20 19 19 19 13 14
 2.280000E+02 8 0 0 0 0 0 0 0 0 0 0 0 18 17 18 20 15 11
 2.285000E+02 12 0 0 1 0 0 0 0 0 0 0 0 17 21 16 18 17 17
 2.290000E+02 9 0 0 0 0 0 0 0 0 1 0 0 18 13 18 18 20 14
 2.295000E+02 9 0 0 0 0 0 0 0 0 1 0 0 15 14 18 18 15 15
 2.300000E+02 8 0 0 0 0 0 0 0 0 0 0 0 13 16 12 28 19 11
 2.305000E+02 8 0 0 0 0 0 0 0 0 0 0 0 16 19 7 26 17 18
 2.310000E+02 7 0 0 0 0 0 0 0 0 0 0 0 20 15 11 17 21 16
 2.315000E+02 5 0 0 0 0 0 0 0 0 0 0 0 16 13 15 17 21 20
 2.320000E+02 7 0 0 0 0 0 0 0 0 0 0 0 16 15 9 18 18 16
 2.325000E+02 11 0 0 0 0 0 0 0 0 0 0 0 22 17 9 21 16 11
 2.330000E+02 6 0 0 0 0 0 0 0 0 0 0 0 23 20 20 22 15 4
 2.335000E+02 7 0 0 0 0 0 0 0 0 0 0 0 19 9 21 18 11 11
 2.340000E+02 6 0 0 0 0 0 0 0 0 0 0 0 13 13 16 19 12 12
 2.345000E+02 5 0 0 0 0 0 0 0 0 0 0 0 13 15 15 13 15 20
 2.350000E+02 8 0 0 0 0 0 0 0 0 0 0 0 14 14 12 19 21 16
 2.355000E+02 13 0 0 0 0 0 0 0 0 0 0 0 15 15 13 14 15 21
 2.360000E+02 7 0 0 0 0 0 0 0 0 0 0 0 18 15 17 16 18 13
 2.365000E+02 5 0 0 0 0 0 0 0 0 0 0 0 16 16 12 11 20 14
 2.370000E+02 9 0 0 0 0 0 0 0 0 0 0 0 14 14 12 16 21 10
 2.375000E+02 4 0 0 0 0 0 0 0 0 0 0 0 19 17 15 14 20 19
 2.380000E+02 11 0 0 0 0 0 0 0 0 0 0 0 10 11 19 11 22 20
 2.385000E+02 5 0 0 0 0 0 0 0 0 0 0 0 11 17 11 7 21 16
 2.390000E+02 7 0 0 0 0 0 0 0 0 0 0 0 14 14 16 15 19 20
 2.395000E+02 8 0 0 0 0 0 0 0 0 1 0 0 14 13 20 15 13 17
 2.400000E+02 11 0 0 0 0 0 0 0 0 1 0 0 12 18 23 11 19 18
 2.405000E+02 8 0 0 0 0 0 0 0 0 2 0 0 13 23 26 20 15 10
 2.410000E+02 7 0 0 0 0 0 0 0 0 0 0 0 17 19 19 14 16 26
 2.415000E+02 12 0 0 0 0 0 0 0 0 0 0 0 16 15 24 19 8 17
 2.420000E+02 7 0 0 0 0 0 0 0 0 1 0 0 16 16 28 20 14 19
 2.425000E+02 11 0 0 0 0 0 0 0 0 0 0 0 15 21 20 11 17 14
 2.430000E+02 10 0 0 0 0 0 0 0 0 1 0 0 16 18 22 16 19 20
 2.435000E+02 8 0 0 0 0 0 0 0 0 1 0 0 9 19 22 18 17 17
 2.440000E+02 10 0 0 0 0 0 0 0 0 1 0 0 13 21 15 16 16 14
 2.445000E+02 9 0 0 0 0 0 0 0 0 0 0 0 11 18 19 23 14 19
 2.450000E+02 6 0 0 0 0 0 0 0 0 0 0 0 12 16 16 13 16 13
 2.455000E+02 7 0 0 0 0 0 0 0 0 0 0 0 11 15 15 20 16 15
 2.460000E+02 8 0 0 0 0 0 0 0 0 1 0 0 20 15 12 18 16 10
 2.465000E+02 5 0 0 0 0 0 0 0 0 0 0 0 19 17 16 17 22 11
 2.470000E+02 12 0 0 0 0 0 0 0 0 0 0 0 19 17 23 14 15 13
 2.475000E+02 9 0 0 0 0 0 0 0 0 0 0 0 15 19 22 19 12 17
 2.480000E+02 6 0 0 0 0 0 0 0 0 0 0 0 14 14 28 24 14 12
 2.485000E+02 11 0 0 0 0 0 0 0 0 0 0 0 12 14 25 15 20 12
 2.490000E+02 9 0 0 0 0 0 0 0 0 0 0 0 19 17 17 17 20 15
 2.495000E+02 2 0 0 0 0 0 0 0 0 0 0 0 21 19 20 14 27 11
 2.500000E+02 10 0 0 0 0 0 0 0 0 0 0 0 16 19 22 20 15 9
 2.505000E+02 1060 0 0 0 0 0 0 1 0 4 0 0 0 0 0 0 0 0
 2.510000E+02 1763 0 0 3 1 0 0 1 0 27 0 0 0 0 0 0 0 0
 2.515000E+02 2038 0 0 5 0 0 0 1 0 34 0 1 0 0 0 0 0 0
 2.520000E+02 2189 2 0 6 2 0 0 4 0 36 0 1 0 0 0 0 0 0
 2.525000E+02 935 3 0 5 0 1 0 1 2 34 1 2 0 0 0 0 0 0
 2.530000E+02 435 0 0 2 0 0 0 1 0 27 1 1 0 0 0 0 0 0
 2.535000E+02 200 0 0 2 0 0 0 0 0 21 1 0 1 0 0 0 1 1
 2.540000E+02 99 0 0 2 0 0 0 1 0 13 1 1 1 0 1 0 2 1
 2.545000E+02 1362 0 0 2 0 0 0 0 0 15 0 1 0 0 0 0 0 1
 2.550000E+02 1904 0 0 2 0 0 0 2 0 24 4 0 0 0 0 0 0 0
 2.555000E+02 2125 0 0 1 0 0 0 3 0 38 1 1 0 0 0 0 0 0
 2.560000E+02 2255 1 0 7 1 0 0 5 0 33 0 0 0 0 0 0 0 0
 2.565000E+02 937 0 0 4 0 0 0 7 0 24 2 0 0 0 0 0 0 0
 2.570000E+02 377 1 0 5 0 0 0 5 0 23 1 1 0 0 0 1 0 0
 2.575000E+02 176 0 0 5 0 1 0 1 1 22 0 0 0 2 1 1 0 1
 2.580000E+02 80 0 0 3 0 0 0 2 0 14 2 0 0 3 3 1 1 4
 2.585000E+02 1390 0 0 1 0 0 0 3 0 13 1 1 0 0 0 0 0 0
 2.590000E+02 1996 1 0 3 0 0 0 3 0 25 2 0 0 0 0 0 0 0
 2.595000E+02 2086 1 0 4 0 0 0 3 0 33 3 0 0 0 0 0 0 0
 2.600000E+02 2223 0 0 4 0 0 0 3 1 33 1 0 0 0 0 0 0 0
 2.605000E+02 995 1 0 5 0 0 0 5 0 32 1 1 0 0 0 0 0 0
 2.610000E+02 451 0 0 2 1 2 0 5 0 25 0 0 0 0 0 0 0 0
 2.615000E+02 200 0 0 1 0 1 0 3 0 23 0 1 0 0 0 1 2 0
 2.620000E+02 112 0 0 3 0 0 0 3 0 13 0 0 0 0 1 3 2 2
 2.625000E+02 1414 1 0 4 1 1 0 2 0 10 0 0 0 0 0 0 0 0
 2.630000E+02 2013 1 0 3 0 1 0 3 1 22 1 0 0 0 0 0 0 0
 2.635000E+02 2267 1 0 1 0 1 0 5 0 28 1 1 0 0 0 0 0 0
 2.640000E+02 2268 2 0 2 0 0 0 6 0 36 0 0 0 1 0 0 0 0
 2.645000E+02 991 1 0 0 0 0 0 6 0 26 1 0 0 0 0 0 0 0
 2.650000E+02 429 3 0 1 0 1 0 3 0 23 1 0 1 0 0 0 0 0
 2.655000E+02 189 0 0 0 0 3 0 1 0 19 0 0 0 0 0 1 1 1
 2.660000E+02 99 0 0 1 0 0 0 3 0 11 0 0 1 2 1 1 2 2
 2.665000E+02 1394 0 0 0 0 0 0 2 0 18 0 1 0 0 0 0 0 0
 2.670000E+02 1927 1 0 1 0 2 0 4 0 29 0 1 0 0 0 0 0 0
 2.675000E+02 2147 2 0 2 0 0 0 3 0 40 0 1 0 0 0 0 0 0
 2.680000E+02 2260 2 0 1 0 3 0 11 0 34 2 0 0 0 0 0 0 0
 2.685000E+02 908 1 0 1 0 2 0 3 0 38 0 0 0 0 0 0 0 0
 2.690000E+02 412 0 0 1 0 0 0 7 0 18 1 0 1 0 0 1 0 0
 2.695000E+02 194 1 0 0 0 0 0 2 0 14 3 0 0 0 0 1 0 0
 2.700000E+02 112 1 0 0 0 0 1 3 0 9 0 0 2 1 2 3 1 2
 2.705000E+02 1317 1 0 0 0 0 0 3 0 11 1 0 0 0 0 0 0 0
 2.710000E+02 1925 1 0 0 0 1 0 4 0 17 1 0 0 0 0 0 0 0
 2.715000E+02 2213 0 0 0 0 1 0 2 0 32 0 1 0 0 0 0 0 0
 2.720000E+02 2343 1 0 0 0 0 0 7 0 38 2 0 0 0 0 0 0 0
 2.725000E+02 1005 0 0 1 0 1 0 2 0 39 0 0 0 0 0 0 0 0
 2.730000E+02 424 0 0 2 0 0 0 4 1 27 0 0 0 0 0 0 0 0
 2.735000E+02 204 0 0 1 0 0 0 4 0 19 1 0 0 0 1 1 0 1
 2.740000E+02 109 0 0 0 0 0 0 1 0 13 0 0 1 2 0 2 0 2
 2.745000E+02 1421 0 0 0 0 0 0 2 0 15 0 1 0 0 0 0 0 0
 2.750000E+02 1887 0 0 0 0 0 0 5 0 22 3 1 0 0 0 0 0 0
 2.755000E+02 2157 1 0 3 0 1 0 8 1 33 1 1 0 0 0 1 0 0
 2.760000E+02 2220 1 0 1 0 4 0 5 0 29 0 0 0 0 0 0 0 0
 2.765000E+02 956 1 0 1 0 3 0 5 0 24 1 1 0 0 0 0 0 0
 2.770000E+02 436 1 0 0 0 2 0 4 0 19 3 1 0 0 0 0 0 0
 2.775000E+02 195 0 0 0 0 0 0 3 0 20 1 0 0 0 1 0 0 0
 2.780000E+02 112 0 0 0 0 1 0 2 0 15 0 0 1 2 1 1 4 4
 2.785000E+02 1404 0 0 1 0 0 0 4 0 17 0 0 0 0 0 0 0 0
 2.790000E+02 1963 1 0 0 0 4 0 5 0 20 1 0 0 0 0 0 0 0
 2.795000E+02 2196 1 0 1 0 2 0 5 0 23 0 0 0 0 0 0 0 0
 2.800000E+02 2274 0 0 0 0 4 0 5 0 28 0 0 0 0 0 0 0 0
 2.805000E+02 1001 0 0 0 0 1 0 9 0 20 0 0 0 0 0 0 0 0
 2.810000E+02 439 0 0 1 0 3 0 3 0 21 1 0 0 0 0 0 0 0
 2.815000E+02 182 0 0 2 0 2 0 2 0 18 0 0 4 1 0 0 0 0
 2.820000E+02 116 2 0 0 0 1 0 7 0 13 0 0 4 4 1 4 4 4
 2.825000E+02 1353 2 0 1 0 1 0 3 0 18 0 0 0 0 0 0 0 0
 2.830000E+02 1899 0 0 1 0 1 0 2 1 26 1 0 0 0 0 0 0 0
 2.835000E+02 2150 0 0 0 0 4 0 3 1 29 1 0 0 0 0 0 0 0
 2.840000E+02 2299 0 0 2 0 2 0 4 0 37 0 0 0 0 0 0 0 0
 2.845000E+02 983 1 0 1 0 0 0 7 0 27 1 2 0 0 0 0 0 0
 2.850000E+02 435 0 0 1 0 4 0 3 1 24 0 0 0 0 0 0 0 0
 2.855000E+02 192 0 0 0 0 0 0 5 0 13 0 1 2 0 0 1 0 0
 2.860000E+02 115 0 0 2 0 0 0 1 0 11 0 1 1 0 2 4 1 2
 2.865000E+02 1413 0 0 0 0 0 0 3 0 15 1 0 0 0 0 0 0 0
 2.870000E+02 2090 0 0 3 0 3 0 2 0 26 0 0 0 0 0 0 0 0
 2.875000E+02 2235 2 0 0 0 3 0 7 0 36 1 2 0 0 0 0 0 0
 2.880000E+02 2304 1 0 1 0 1 0 8 1 39 1 0 0 0 0 0 0 0
 2.885000E+02 1005 0 0 0 0 3 1 3 0 29 1 1 0 0 0 0 0 0
 2.890000E+02 467 1 0 0 0 2 0 0 0 29 0 0 1 0 0 0 0 0
 2.895000E+02 220 0 0 0 0 0 0 7 0 13 0 0 0 1 0 1 1 0
 2.900000E+02 111 0 0 0 0 2 0 2 0 9 0 0 3 2 0 3 2 1
 2.905000E+02 55 0 0 1 0 1 0 3 0 4 1 0 0 3 5 1 4 5
 2.910000E+02 60 0 0 0 0 0 0 1 0 7 0 0 6 5 2 5 7 7
 2.915000E+02 47 1 0 0 0 0 0 1 0 5 0 0 6 6 10 6 8 5
 2.920000E+02 46 0 0 0 0 0 0 1 0 4 0 0 13 9 10 9 9 2
 2.925000E+02 39 0 0 0 0 0 0 0 0 3 0 0 9 10 7 12 10 13
 2.930000E+02 38 0 0 0 0 0 0 0 0 0 0 0 8 11 9 11 12 13
 2.935000E+02 29 0 0 0 0 0 0 0 0 0 0 0 15 11 6 9 15 10
 2.940000E+02 30 0 0 0 0 0 0 0 0 0 0 0 9 10 14 11 17 18
 2.945000E+02 27 0 0 0 0 0 0 0 0 0 0 0 16 21 12 15 16 9
 2.950000E+02 20 0 0 0 0 0 0 1 0 0 0 0 13 17 13 12 19 14
 2.955000E+02 29 0 0 0 0 0 0 0 0 0 0 0 16 14 16 12 15 16
 2.960000E+02 31 0 0 0 0 0 0 0 0 0 0 0 20 18 10 23 13 16
 2.965000E+02 26 0 0 0 0 0 0 0 0 0 0 0 16 18 13 18 18 16
 2.970000E+02 17 0 0 0 0 0 0 0 0 0 0 0 15 10 17 20 23 16
 2.975000E+02 14 0 0 0 0 0 0 0 0 0 0 0 20 14 21 18 18 11
 2.980000E+02 21 0 0 0 0 0 0 0 0 0 0 0 15 17 13 19 21 18
 2.985000E+02 13 0 0 0 0 0 0 0 0 0 0 0 18 22 16 19 13 18
 2.990000E+02 18 0 0 0 0 0 0 0 0 0 0 0 19 22 13 21 18 18
 2.995000E+02 16 0 0 0 0 0 0 0 0 0 0 0 16 19 27 29 9 18
 3.000000E+02 12 0 0 0 0 0 0 1 0 0 0 0 24 26 23 19 21 9
 3.005000E+02 15 0 0 0 0 0 0 0 0 1 0 0 19 22 21 25 20 11
 3.010000E+02 15 0 0 0 0 0 0 0 0 1 0 0 17 20 13 18 14 13
 3.015000E+02 17 0 0 0 0 0 0 0 1 1 0 0 18 20 14 20 19 21
 3.020000E+02 21 0 0 0 0 0 0 0 0 1 0 0 19 21 23 23 22 20
 3.025000E+02 23 0 0 0 0 0 0 0 0 1 0 0 23 16 20 18 19 29
 3.030000E+02 11 0 0 1 0 0 0 0 0 0 0 0 23 17 15 19 18 20
 3.035000E+02 14 0 0 0 0 0 0 1 0 0 0 0 17 18 17 25 21 19
 3.040000E+02 13 0 0 0 0 0 0 0 0 1 0 0 16 18 16 32 23 17
 3.045000E+02 10 0 0 0 0 1 0 0 0 0 0 0 24 21 15 31 18 17
 3.050000E+02 13 0 0 0 0 0 0 0 0 1 0 0 14 18 22 24 17 20
 3.055000E+02 12 0 0 0 0 0 0 0 0 1 0 0 14 21 26 19 19 23
 3.060000E+02 19 0 0 0 0 0 0 0 0 0 0 0 12 23 22 14 15 26
 3.065000E+02 13 0 0 0 0 0 0 0 0 0 0 0 15 15 20 20 24 25
 3.070000E+02 16 0 0 0 0 1 0 0 0 0 0 0 12 18 21 24 22 24
 3.075000E+02 12 0 0 0 0 0 0 0 0 2 0 0 16 16 20 23 25 23
 3.080000E+02 24 0 0 0 0 0 0 1 0 1 0 0 9 21 22 25 20 16
 3.085000E+02 16 0 0 0 0 0 0 1 0 1 0 0 19 22 25 17 22 15
 3.090000E+02 8 0 0 1 0 1 0 0 0 0 0 0 19 18 21 23 21 17
 3.095000E+02 14 0 0 0 0 0 0 0 0 1 0 0 16 15 21 29 24 21
 3.100000E+02 14 0 0 0 0 0 0 0 0 0 0 0 23 16 22 23 17 22
 3.105000E+02 11 0 0 0 0 0 0 0 0 0 0 0 22 22 19 18 16 20
 3.110000E+02 19 0 0 0 0 0 0 0 0 0 0 0 21 17 21 19 23 21
 3.115000E+02 4 0 0 0 0 0 0 0 0 0 0 0 22 23 23 18 20 16
 3.120000E+02 13 0 0 0 0 0 0 0 0 0 0 0 17 19 24 17 15 13
 3.125000E+02 19 0 0 0 0 0 0 0 0 0 0 0 12 19 28 21 23 15
 3.130000E+02 9 0 0 0 0 0 0 1 0 0 0 0 18 20 33 18 12 18
 3.135000E+02 14 0 0 0 0 0 0 0 0 1 0 0 14 23 26 20 23 22
 3.140000E+02 6 1 0 0 0 0 0 0 0 1 0 0 18 28 22 19 23 18
 3.145000E+02 12 0 0 0 0 1 0 0 0 1 0 0 10 21 24 19 22 18
 3.150000E+02 7 0 0 1 0 0 0 0 0 0 0 0 22 24 25 18 25 16
 3.155000E+02 9 0 0 0 0 0 0 0 0 1 0 0 21 17 15 26 18 16
 3.160000E+02 9 0 0 0 0 0 0 0 0 0 0 0 19 16 22 21 11 24
 3.165000E+02 7 0 0 0 0 0 0 0 0 0 0 0 22 22 20 15 21 13
 3.170000E+02 10 0 0 0 0 0 0 0 0 0 0 0 21 12 27 18 20 15
 3.175000E+02 12 0 0 0 0 0 0 0 0 0 0 0 23 19 27 11 18 14
 3.180000E+02 10 0 0 0 0 0 0 0 0 0 0 0 25 13 22 15 16 19
 3.185000E+02 14 0 0 0 0 0 0 0 0 0 0 0 19 11 23 23 15 18
 3.190000E+02 21 0 0 0 0 0 0 0 0 0 0 0 12 16 18 22 16 17
 3.195000E+02 9 0 0 0 0 0 0 0 0 1 0 0 13 15 24 19 22 17
 3.200000E+02 18 0 0 0 0 0 0 0 0 0 0 0 12 14 23 24 20 21
 3.205000E+02 7 0 0 0 0 0 0 0 0 0 0 0 12 23 15 27 23 20
 3.210000E+02 10 0 0 0 0 0 0 0 0 0 0 0 16 22 18 21 23 17
 3.215000E+02 13 0 0 0 0 0 0 0 0 0 0 0 13 23 21 21 20 19
 3.220000E+02 13 0 0 0 0 0 0 0 0 1 0 0 23 25 18 23 10 22
 3.225000E+02 10 0 0 0 0 0 0 0 0 1 0 0 24 20 14 21 14 20
 3.230000E+02 10 0 0 0 0 0 0 0 0 1 0 0 25 19 10 25 13 24
 3.235000E+02 11 0 0 0 0 0 0 0 0 0 0 0 19 15 15 20 17 24
 3.240000E+02 16 0 0 0 0 0 0 0 0 0 0 0 17 18 13 23 18 19
 3.245000E+02 8 0 0 0 0 0 0 0 0 0 0 0 17 15 16 18 24 22
 3.250000E+02 16 0 0 0 0 0 0 0 0 0 0 0 14 19 12 21 22 18
 3.255000E+02 11 0 0 0 0 0 0 0 0 1 0 0 17 23 15 29 19 21
 3.260000E+02 12 0 0 0 0 0 0 0 0 1 0 0 17 18 9 26 14 29
 3.265000E+02 11 0 0 0 0 0 0 0 0 0 0 0 16 17 15 19 17 23
 3.270000E+02 11 0 0 0 0 0 0 0 0 0 0 0 21 26 19 16 15 23
 3.275000E+02 8 0 0 0 0 0 0 0 0 0 0 0 20 23 17 17 13 25
 3.280000E+02 10 0 0 0 0 0 0 0 0 0 0 0 12 14 15 17 21 15
 3.285000E+02 12 0 0 0 0 0 0 0 0 0 0 0 12 18 20 16 18 19
 3.290000E+02 14 0 0 0 0 0 0 0 0 0 0 0 17 12 17 16 16 20
 3.295000E+02 12 0 0 0 0 0 0 0 0 0 0 0 19 19 18 22 12 24
 3.300000E+02 11 0 0 0 0 0 0 0 0 0 0 0 19 16 22 16 21 13
 3.305000E+02 14 0 0 0 0 0 0 0 0 0 0 0 22 13 12 15 15 22
 3.310000E+02 7 0 0 0 0 0 0 0 0 0 0 0 22 20 17 13 12 21
 3.315000E+02 6 0 0 0 0 0 0 0 0 0 0 0 24 20 18 19 18 23
 3.320000E+02 13 0 0 0 0 0 0 0 0 1 0 0 18 14 16 28 18 14
 3.325000E+02 7 0 0 0 0 0 0 0 0 0 0 0 24 9 12 31 15 17
 3.330000E+02 12 0 0 0 0 0 0 0 0 0 0 0 19 14 13 28 16 15
 3.335000E+02 12 0 0 0 0 0 0 0 0 0 0 0 12 18 15 25 15 16
 3.340000E+02 13 0 0 0 0 0 0 0 0 0 0 0 22 22 14 27 12 22
 3.345000E+02 8 0 0 0 0 0 0 0 0 1 0 0 13 21 15 21 15 16
 3.350000E+02 13 0 0 0 0 0 0 0 0 0 0 0 17 20 17 26 11 17
 3.355000E+02 14 0 0 0 0 0 0 0 0 0 0 0 16 25 14 22 20 12
 3.360000E+02 12 0 0 0 0 0 0 0 0 0 0 0 14 22 20 26 25 12
 3.365000E+02 18 0 0 0 0 0 0 0 0 0 0 0 11 19 13 18 24 17
 3.370000E+02 12 0 0 0 0 0 0 0 0 1 0 0 21 16 18 17 15 22
 3.375000E+02 9 0 0 0 0 0 0 0 0 0 0 0 26 24 16 18 23 15
 3.380000E+02 6 0 0 0 0 0 0 0 0 1 0 0 20 21 14 23 20 20
 3.385000E+02 11 0 0 0 0 0 0 0 0 1 0 0 20 22 14 14 19 18
 3.390000E+02 4 0 0 0 0 0 0 0 0 0 0 0 15 19 22 19 14 21
 3.395000E+02 10 0 0 0 0 0 0 0 0 0 0 0 18 8 17 24 18 18
 3.400000E+02 7 0 0 0 0 0 0 0 0 0 0 0 17 17 18 20 16 17
 3.405000E+02 13 0 0 0 0 0 0 0 0 0 0 0 20 23 16 27 17 16
 3.410000E+02 11 0 0 0 0 0 0 0 0 0 0 0 18 19 17 21 24 19
 3.415000E+02 6 0 0 0 0 0 0 0 0 0 0 0 17 23 15 20 23 15
 3.420000E+02 14 0 0 0 0 0 0 0 0 0 0 0 11 18 21 21 18 13
 3.425000E+02 9 0 0 0 0 0 0 0 0 0 0 0 14 13 22 15 28 20
 3.430000E+02 13 0 0 0 0 0 0 0 0 0 0 0 16 17 16 19 19 11
 3.435000E+02 4 0 0 0 0 0 0 0 0 1 0 0 16 19 22 14 17 20
 3.440000E+02 9 0 0 1 0 0 0 0 0 0 0 0 15 17 23 13 16 16
 3.445000E+02 10 0 0 1 0 0 0 0 0 0 0 0 17 22 16 20 18 12
 3.450000E+02 6 0 0 0 0 0 0 0 0 0 0 0 16 16 16 27 20 18
 3.455000E+02 10 0 0 0 0 0 0 0 0 0 0 0 16 11 24 26 15 20
 3.460000E+02 5 0 0 0 0 0 0 0 0 0 0 0 16 13 22 23 24 20
 3.465000E+02 9 0 0 0 0 0 0 0 0 0 0 0 15 10 17 19 16 15
 3.470000E+02 9 0 0 0 0 0 0 0 0 0 0 0 11 16 15 16 23 13
 3.475000E+02 16 0 0 0 0 0 0 0 0 0 0 0 11 14 12 26 20 23
 3.480000E+02 9 0 0 0 0 0 0 0 0 0 0 0 13 13 14 26 19 22
 3.485000E+02 8 0 0 0 0 0 0 0 0 0 0 0 12 11 21 19 21 21
 3.490000E+02 7 0 0 0 0 0 0 0 0 0 0 0 13 15 19 19 21 22
 3.495000E+02 11 0 0 0 0 0 0 0 0 0 0 0 15 21 14 18 17 23
 3.500000E+02 6 0 0 0 0 0 0 0 0 0 0 0 20 21 14 19 16 21
 3.505000E+02 16 0 0 0 0 0 0 0 0 0 0 0 15 11 14 22 22 17
 3.510000E+02 7 0 0 0 0 0 0 0 0 0 0 0 18 20 16 18 20 16
 3.515000E+02 9 0 0 0 0 0 0 0 0 0 0 0 18 17 21 19 18 13
 3.520000E+02 11 0 0 0 0 0 0 0 0 0 0 0 20 17 21 18 20 15
 3.525000E+02 12 0 0 0 0 0 0 0 0 0 0 0 21 15 21 12 20 19
 3.530000E+02 14 0 0 0 0 0 0 0 0 0 0 0 17 14 17 16 19 14
 3.535000E+02 12 0 0 0 0 0 0 0 0 0 0 0 20 17 18 19 16 11
 3.540000E+02 7 0 0 0 0 0 0 0 0 0 0 0 20 24 17 19 19 11
 3.545000E+02 6 0 0 0 0 0 0 0 0 1 0 0 19 24 18 22 20 10
 3.550000E+02 10 0 0 0 0 0 0 0 0 1 0 0 19 17 17 17 15 14
 3.555000E+02 10 0 0 0 0 0 0 0 0 1 0 0 16 17 19 13 21 18
 3.560000E+02 13 0 0 0 0 0 0 0 0 1 0 0 17 16 17 18 19 20
 3.565000E+02 5 0 0 0 0 0 0 0 0 1 0 0 25 15 13 13 20 13
 3.570000E+02 8 0 0 0 0 0 0 0 0 1 0 0 23 9 17 15 25 10
 3.575000E+02 10 0 0 0 0 0 0 1 0 0 0 0 26 14 15 18 21 15
 3.580000E+02 5 0 0 1 0 0 0 0 0 0 0 0 21 12 18 21 22 12
 3.585000E+02 14 0 0 1 0 0 0 0 0 1 0 0 20 13 18 21 18 15
 3.590000E+02 8 0 0 0 0 0 0 0 0 2 0 0 17 21 16 22 24 10
 3.595000E+02 12 1 0 0 0 0 0 0 0 0 0 0 19 20 16 18 16 17
 3.600000E+02 9 0 0 0 0 0 0 0 0 0 0 0 17 16 15 17 22 17
 3.605000E+02 5 0 0 0 0 0 0 0 0 0 0 0 15 16 17 12 16 18
 3.610000E+02 6 0 0 0 0 0 0 0 0 1 0 0 14 24 15 12 18 24
 3.615000E+02 14 0 0 0 0 0 0 0 0 1 0 0 16 18 16 8 18 27
 3.620000E+02 7 0 0 0 0 0 0 0 0 0 0 0 19 14 13 11 21 17
 3.625000E+02 8 0 0 0 0 0 0 0 0 0 0 0 17 20 16 16 22 15
 3.630000E+02 10 0 0 0 0 0 0 0 0 0 0 0 17 22 19 14 18 14
 3.635000E+02 9 0 0 0 0 0 0 0 0 0 0 0 19 20 23 11 17 13
 3.640000E+02 11 0 0 0 0 0 0 0 0 0 0 0 16 25 15 19 20 12
 3.645000E+02 11 0 0 1 0 0 0 0 0 0 0 0 13 12 16 17 22 17
 3.650000E+02 10 0 0 0 0 0 0 0 0 1 0 0 21 22 15 13 16 25
 3.655000E+02 8 0 0 0 0 0 0 0 0 0 0 0 14 18 27 19 18 16
 3.660000E+02 8 0 0 0 0 0 0 0 0 0 0 0 20 17 13 20 22 22
 3.665000E+02 10 0 0 0 0 0 0 0 0 0 0 0 19 10 20 16 12 19
 3.670000E+02 11 0 0 0 0 0 0 0 0 1 0 0 13 12 19 22 10 21
 3.675000E+02 6 0 0 0 0 0 0 1 0 1 0 0 19 17 17 20 7 14
 3.680000E+02 16 0 0 0 0 0 0 0 0 2 0 0 18 22 18 20 15 13
 3.685000E+02 9 0 0 0 0 0 0 1 0 0 0 0 17 19 19 23 14 17
 3.690000E+02 7 0 0 0 0 0 0 0 0 1 0 0 24 21 15 20 14 16
 3.695000E+02 12 0 0 0 0 0 0 1 0 0 0 0 17 16 15 18 17 10
 3.700000E+02 12 0 0 0 0 0 0 0 0 1 0 0 15 16 14 20 16 12
 3.705000E+02 9 0 0 0 0 0 0 0 0 0 0 0 13 19 19 15 18 19
 3.710000E+02 4 0 0 0 0 0 0 0 0 0 0 0 12 18 15 21 18 13
 3.715000E+02 6 0 0 0 0 0 0 0 0 0 0 0 23 18 13 16 20 13
 3.720000E+02 6 0 0 0 0 0 0 0 0 0 0 0 17 16 12 17 14 19
 3.725000E+02 6 0 0 0 0 0 0 0 0 0 0 0 20 11 17 18 10 17
 3.730000E+02 14 0 0 0 0 0 0 0 0 0 0 0 22 17 15 18 15 15
 3.735000E+02 8 0 0 0 0 0 0 0 0 0 0 0 22 20 8 13 14 13
 3.740000E+02 6 0 0 0 0 0 0 0 0 0 0 0 18 21 10 15 19 16
 3.745000E+02 5 0 0 0 0 0 0 0 0 0 0 0 19 21 14 27 11 12
 3.750000E+02 11 0 0 0 0 0 0 0 0 0 0 0 17 17 15 25 15 9
 3.755000E+02 3 0 0 0 0 0 0 0 0 0 0 0 18 21 20 19 13 16
 3.760000E+02 9 0 0 0 0 0 0 0 0 0 0 0 18 18 17 19 13 16
 3.765000E+02 10 0 0 0 0 0 0 0 0 0 0 0 18 15 14 13 18 22
 3.770000E+02 6 0 0 0 0 0 0 0 0 0 0 0 22 12 9 12 21 16
 3.775000E+02 7 0 0 0 0 0 0 0 0 0 0 0 23 18 12 11 19 16
 3.780000E+02 4 0 0 0 0 0 0 0 0 1 0 0 20 15 9 16 21 15
 3.785000E+02 8 0 0 0 0 0 0 0 0 2 0 0 18 14 15 17 21 13
 3.790000E+02 6 0 0 0 0 0 0 0 0 2 0 0 16 17 19 13 20 14
 3.795000E+02 10 0 0 0 0 0 0 0 0 2 0 0 15 18 20 17 19 10
 3.800000E+02 6 0 0 0 0 0 0 1 0 0 0 0 16 22 20 19 13 10
 3.805000E+02 6 0 0 0 0 0 0 0 0 1 0 0 16 15 12 22 23 17
 3.810000E+02 15 0 0 0 0 0 0 0 0 1 0 0 18 18 17 21 17 18
 3.815000E+02 11 0 0 0 0 0 0 0 0 1 0 0 14 10 19 18 12 20
 3.820000E+02 8 0 0 0 0 1 0 0 0 1 0 0 13 17 19 12 12 27
 3.825000E+02 11 0 0 0 0 0 0 0 0 1 0 0 15 16 15 9 15 19
 3.830000E+02 8 0 0 0 0 0 0 0 0 1 0 0 20 15 18 15 13 17
 3.835000E+02 8 0 0 0 0 0 0 0 0 0 0 0 20 14 12 19 14 18
 3.840000E+02 11 0 0 0 0 0 0 0 0 0 0 0 17 11 15 19 12 16
 3.845000E+02 10 0 0 0 0 0 0 0 0 0 0 0 12 18 15 16 15 12
 3.850000E+02 8 0 0 0 0 0 0 0 0 0 0 0 15 14 10 16 22 18
 3.855000E+02 9 0 0 0 0 0 0 0 0 0 0 0 12 18 22 15 15 16
 3.860000E+02 7 0 0 0 0 0 0 0 0 0 0 0 15 24 18 14 7 13
 3.865000E+02 9 0 0 0 0 0 0 0 0 0 0 0 18 18 23 13 9 12
 3.870000E+02 8 0 0 0 0 0 0 0 0 0 0 0 21 19 17 17 7 14
 3.875000E+02 9 0 0 0 0 0 0 0 0 0 0 0 17 22 13 16 14 20
 3.880000E+02 6 0 0 0 0 0 0 0 0 0 0 0 16 22 14 14 18 15
 3.885000E+02 12 0 0 0 0 0 0 0 0 0 0 0 14 17 19 13 24 15
 3.890000E+02 12 0 0 0 0 0 0 0 0 0 0 0 19 16 15 17 17 7
 3.895000E+02 11 0 0 0 0 0 0 0 0 0 0 0 28 13 12 18 16 10
 3.900000E+02 5 0 0 0 0 0 0 0 0 0 0 0 25 12 15 16 19 10
 3.905000E+02 3 0 0 0 0 0 0 0 0 0 0 0 27 17 10 17 19 11
 3.910000E+02 11 0 0 0 0 0 0 0 0 0 0 0 25 19 16 16 19 16
 3.915000E+02 6 0 0 0 0 0 0 0 0 0 0 0 34 15 19 15 21 10
 3.920000E+02 5 0 0 0 0 0 0 1 0 0 0 0 26 16 12 16 18 14
 3.925000E+02 7 0 0 0 0 0 0 0 0 0 0 0 18 18 18 20 18 9
 3.930000E+02 8 0 0 1 0 0 0 0 0 0 0 0 16 19 13 16 21 16
 3.935000E+02 7 0 0 0 0 0 0 1 0 0 0 0 21 19 14 15 18 12
 3.940000E+02 6 0 0 0 0 0 0 0 0 0 0 0 18 23 19 18 17 21
 3.945000E+02 11 0 0 0 0 0 0 0 0 0 0 0 13 20 15 22 13 14
 3.950000E+02 8 0 0 0 0 0 0 0 0 0 0 0 18 20 17 21 12 14
 3.955000E+02 8 0 0 0 0 0 0 0 0 0 0 0 13 23 12 16 26 13
 3.960000E+02 13 0 0 0 0 0 0 0 0 0 0 0 21 20 19 14 22 17
 3.965000E+02 6 0 0 0 0 0 0 0 0 0 0 0 12 16 17 15 20 15
 3.970000E+02 10 0 0 0 0 0 0 0 0 0 0 0 11 17 19 17 23 20
 3.975000E+02 13 0 0 0 0 0 0 0 0 0 0 0 11 21 17 13 18 14
 3.980000E+02 12 0 0 0 0 0 0 0 0 0 0 0 19 22 15 12 19 19
 3.985000E+02 9 0 0 0 0 0 0 0 0 0 0 0 21 22 13 14 20 26
 3.990000E+02 11 0 0 0 0 0 0 0 0 0 0 0 17 15 10 12 14 24
 3.995000E+02 11 0 0 0 0 0 0 0 0 0 0 0 13 10 17 14 21 22
 4.000000E+02 7 0 0 0 0 0 0 0 0 0 0 0 22 8 15 19 19 18
 4.005000E+02 9 0 0 0 0 0 0 0 0 0 0 0 20 14 21 22 11 25
 4.010000E+02 12 0 0 0 0 0 0 0 0 0 0 0 14 11 21 22 16 25
 4.015000E+02 8 0 0 0 0 0 0 0 0 0 0 0 14 18 20 30 15 13
 4.020000E+02 9 0 0 0 0 0 0 0 0 0 0 0 18 16 17 20 18 19
 4.025000E+02 6 0 0 0 0 0 0 0 0 0 0 0 20 22 17 13 14 16
 4.030000E+02 11 0 0 0 0 0 0 0 0 0 0 0 20 19 12 23 15 15
 4.035000E+02 11 0 0 0 0 0 0 0 0 0 0 0 20 17 16 16 15 18
 4.040000E+02 11 0 0 0 0 0 0 0 0 0 0 0 14 22 17 12 12 13
 4.045000E+02 6 0 0 0 0 0 0 0 0 0 0 0 17 20 15 16 21 10
 4.050000E+02 13 0 0 0 0 0 0 0 0 0 0 0 21 23 15 13 22 11
 4.055000E+02 7 0 0 0 0 0 0 0 0 0 0 0 19 22 11 10 20 12
 4.060000E+02 12 0 0 0 0 0 0 0 0 0 0 0 18 15 16 14 21 22
 4.065000E+02 15 0 0 0 0 0 0 0 0 0 0 0 20 10 16 10 24 20
 4.070000E+02 8 0 0 0 0 0 0 0 0 0 0 0 13 15 20 17 24 14
 4.075000E+02 11 0 0 0 0 0 0 0 0 0 0 0 19 14 20 13 15 17
 4.080000E+02 5 0 0 0 0 0 0 0 0 0 0 0 18 10 17 18 17 23
 4.085000E+02 14 0 0 0 0 0 0 0 0 0 0 0 20 11 20 16 15 15
 4.090000E+02 5 0 0 0 0 0 0 0 0 0 0 0 15 16 16 22 17 11
 4.095000E+02 6 0 0 0 0 0 0 0 0 0 0 0 14 14 16 19 19 15
 4.100000E+02 5 0 0 0 0 0 0 0 0 0 0 0 18 15 13 21 16 20
 4.105000E+02 13 0 0 0 0 0 0 0 0 0 0 0 15 17 11 18 27 17
 4.110000E+02 15 0 0 0 0 0 0 0 0 0 0 0 18 20 16 12 16 15
 4.115000E+02 5 0 0 0 0 0 0 0 0 0 0 0 21 17 17 11 13 23
 4.120000E+02 7 0 0 0 0 0 0 0 0 0 0 0 16 8 18 12 18 26
 4.125000E+02 6 0 0 0 0 0 0 0 0 0 0 0 17 9 16 12 19 22
 4.130000E+02 6 0 0 0 0 0 0 0 0 0 0 0 21 17 12 13 17 19
 4.135000E+02 8 0 0 0 0 0 0 0 0 0 0 0 15 16 17 13 19 23
 4.140000E+02 10 0 0 0 0 0 0 0 0 0 0 0 14 12 19 10 14 16
 4.145000E+02 10 0 0 0 0 0 0 0 0 0 0 0 16 15 25 20 13 20
 4.150000E+02 4 0 0 0 0 0 0 0 0 0 0 0 16 11 23 20 20 16
 4.155000E+02 10 0 0 0 0 0 0 0 0 0 0 0 15 13 17 24 17 15
 4.160000E+02 11 0 0 0 0 0 0 0 0 0 1 0 15 20 23 23 14 12
 4.165000E+02 5 0 0 0 0 0 0 1 0 0 0 0 17 17 18 21 18 14
 4.170000E+02 13 0 0 0 0 0 0 0 0 1 0 0 15 19 12 18 18 14
 4.175000E+02 8 0 0 0 0 0 0 0 0 0 0 0 18 22 15 17 15 17
 4.180000E+02 11 0 0 0 0 0 0 0 0 0 0 0 16 12 18 11 18 14
 4.185000E+02 10 0 0 0 0 0 0 0 0 0 0 0 16 13 12 14 24 11
 4.190000E+02 10 0 0 0 0 0 0 0 0 0 0 0 14 23 12 10 10 15
 4.195000E+02 16 0 0 0 0 0 0 0 0 0 0 0 14 20 15 16 17 12
 4.200000E+02 12 0 0 0 0 0 0 0 0 0 0 0 18 18 15 14 17 20
 4.205000E+02 5 0 0 0 0 0 0 0 0 1 0 0 22 9 12 19 15 13
 4.210000E+02 7 0 0 0 0 0 0 0 0 1 0 0 19 10 14 16 20 14
 4.215000E+02 6 0 0 0 0 0 0 0 0 1 0 0 23 9 14 15 20 17
 4.220000E+02 13 0 0 0 0 0 0 0 0 1 0 0 13 9 19 13 23 10
 4.225000E+02 9 0 0 2 0 0 0 0 0 1 0 0 19 15 21 12 22 15
 4.230000E+02 12 0 0 0 0 0 0 1 0 1 0 1 23 16 19 11 16 18
 4.235000E+02 11 0 0 0 0 0 0 0 0 1 0 0 18 13 23 15 11 16
 4.240000E+02 11 0 0 0 0 0 0 0 0 1 0 0 15 16 23 13 16 15
 4.245000E+02 11 0 0 0 0 0 0 0 0 1 0 0 19 14 19 16 19 17
 4.250000E+02 18 0 0 1 0 0 0 0 0 1 0 0 15 16 14 18 22 13
 4.255000E+02 6 0 0 1 0 0 0 1 0 0 0 0 22 9 20 15 17 20
 4.260000E+02 16 0 0 0 0 0 0 0 0 1 0 0 18 18 15 20 15 14
 4.265000E+02 6 0 0 1 0 0 0 0 0 0 0 0 23 18 9 17 20 14
 4.270000E+02 12 0 0 0 0 0 0 0 0 1 0 0 19 19 7 17 17 18
 4.275000E+02 11 0 0 0 0 0 0 0 0 1 0 0 22 22 12 18 15 15
 4.280000E+02 8 0 0 0 0 0 0 0 0 2 0 0 18 19 20 16 11 18
 4.285000E+02 8 0 0 0 0 0 0 0 0 2 0 0 15 17 14 15 18 27
 4.290000E+02 10 0 0 0 0 0 0 0 0 2 0 0 17 16 14 14 13 29
 4.295000E+02 10 0 0 0 0 0 0 0 0 2 0 0 21 14 16 14 16 17
 4.300000E+02 9 0 0 0 0 0 0 0 0 1 0 0 20 12 16 11 14 15
 4.305000E+02 8 0 0 1 0 0 0 0 0 0 0 0 17 17 17 9 21 21
 4.310000E+02 4 0 0 0 0 0 0 0 0 1 0 0 20 19 20 9 22 18
 4.315000E+02 7 0 0 0 0 0 0 0 0 1 0 0 23 20 12 16 21 11
 4.320000E+02 7 0 0 0 0 0 0 0 0 2 0 0 18 18 15 13 15 10
 4.325000E+02 6 0 0 0 0 0 0 0 0 0 0 0 22 16 15 18 15 11
 4.330000E+02 11 0 0 0 0 0 0 0 0 0 0 0 23 15 14 20 19 10
 4.335000E+02 11 0 0 0 0 0 0 0 0 0 0 0 20 14 8 27 24 14
 4.340000E+02 9 0 0 0 0 0 0 0 0 0 0 0 18 16 14 19 18 15
 4.345000E+02 7 0 0 0 0 0 0 0 0 0 0 0 17 14 14 17 16 17
 4.350000E+02 10 0 0 0 0 0 0 0 0 0 0 0 18 18 14 14 19 12
 4.355000E+02 4 0 0 0 0 0 0 0 0 0 0 0 15 19 17 12 20 15
 4.360000E+02 8 0 0 0 0 0 0 0 0 0 0 0 14 17 17 11 20 10
 4.365000E+02 13 0 0 0 0 0 0 0 0 0 0 0 15 21 16 14 15 14
 4.370000E+02 7 0 0 0 0 0 0 0 0 0 0 0 12 15 14 19 12 13
 4.375000E+02 7 0 0 0 0 0 0 0 0 0 0 0 19 14 16 19 13 16
 4.380000E+02 11 0 0 0 0 0 0 0 0 0 0 0 22 14 22 17 14 19
 4.385000E+02 10 0 0 0 0 0 0 0 0 0 0 0 20 12 24 15 10 20
 4.390000E+02 9 0 0 0 0 0 0 0 0 0 0 0 17 8 16 14 16 21
 4.395000E+02 9 0 0 0 0 0 0 0 0 0 0 0 12 15 17 17 18 12
 4.400000E+02 8 0 0 0 0 0 0 0 0 1 0 0 12 23 16 20 23 12
 4.405000E+02 9 0 0 0 0 0 0 0 0 0 0 0 11 22 21 16 19 14
 4.410000E+02 11 0 0 0 0 0 0 0 0 0 0 0 9 15 19 18 20 15
 4.415000E+02 8 0 0 0 0 0 0 0 0 0 0 0 19 13 12 13 21 16
 4.420000E+02 3 0 0 0 0 0 0 0 0 0 0 0 16 14 14 14 11 15
 4.425000E+02 10 0 0 0 0 0 0 0 0 0 0 0 23 17 13 21 11 20
 4.430000E+02 9 0 0 0 0 0 0 0 0 0 0 0 17 14 11 13 20 18
 4.435000E+02 11 0 0 0 0 0 0 0 0 1 0 0 14 16 10 24 17 21
 4.440000E+02 11 0 0 0 0 0 0 1 0 0 0 0 12 19 9 16 17 11
 4.445000E+02 8 0 0 0 0 0 0 0 0 1 0 0 14 20 15 13 19 13
 4.450000E+02 6 0 0 0 0 0 0 0 0 0 0 0 20 14 14 21 16 11
 4.455000E+02 7 0 0 0 0 0 0 0 0 0 0 0 13 15 13 22 14 12
 4.460000E+02 7 0 0 0 0 0 0 0 0 1 0 0 14 20 17 16 20 14
 4.465000E+02 6 0 0 1 0 0 0 0 0 0 0 0 13 15 16 22 15 13
 4.470000E+02 7 0 0 0 0 0 0 0 0 0 0 0 15 11 25 18 21 9
 4.475000E+02 12 0 0 0 0 0 0 0 0 0 0 0 18 14 23 17 18 9
 4.480000E+02 7 0 0 0 0 0 0 0 0 0 0 0 11 13 23 13 25 20
 4.485000E+02 6 0 0 0 0 0 0 0 0 0 0 0 17 15 18 13 20 19
 4.490000E+02 10 0 0 0 0 0 0 0 0 0 0 0 13 12 16 15 18 19
 4.495000E+02 3 0 0 0 0 0 0 0 0 0 0 0 15 15 14 20 15 15
 4.500000E+02 8 0 0 0 0 0 0 0 0 0 0 0 10 19 13 15 17 13
 4.505000E+02 8 0 0 0 0 0 0 0 0 0 0 0 19 18 12 15 14 8
 4.510000E+02 16 0 0 0 0 0 0 0 0 1 0 0 19 14 11 23 13 9
 4.515000E+02 9 0 0 0 0 0 0 0 0 1 0 0 15 20 15 27 10 15
 4.520000E+02 11 0 0 0 0 0 0 0 0 0 0 0 15 15 17 24 14 19
 4.525000E+02 4 0 0 0 0 0 0 0 0 0 0 0 16 13 14 20 10 12
 4.530000E+02 11 0 0 0 0 0 0 0 0 1 0 0 14 13 16 21 12 13
 4.535000E+02 8 0 0 0 0 0 0 0 0 0 0 0 13 18 18 18 12 20
 4.540000E+02 8 0 0 0 0 0 0 0 0 0 0 0 19 19 15 13 15 10
 4.545000E+02 12 0 0 0 0 0 0 0 0 0 0 0 18 19 11 11 19 14
 4.550000E+02 11 0 0 0 0 0 0 0 0 0 0 0 18 12 12 12 17 17
 4.555000E+02 18 0 0 0 0 0 0 0 0 0 0 0 20 12 10 16 14 22
 4.560000E+02 6 0 0 0 0 0 0 0 0 0 0 0 22 13 14 21 19 17
 4.565000E+02 8 0 0 0 0 0 0 0 0 0 0 0 11 16 16 21 24 19
 4.570000E+02 8 0 0 0 0 0 0 0 0 0 0 0 17 10 12 16 22 21
 4.575000E+02 7 0 0 0 0 0 0 0 0 1 0 0 13 9 11 15 18 18
 4.580000E+02 9 0 0 0 0 0 0 0 0 0 0 0 15 19 14 12 18 18
 4.585000E+02 8 0 0 0 0 0 0 0 0 0 0 0 13 21 12 11 15 19
 4.590000E+02 6 0 0 0 0 0 0 0 0 0 0 0 12 22 16 19 16 16
 4.595000E+02 12 0 0 0 0 0 0 0 0 0 0 0 15 19 19 13 18 20
 4.600000E+02 11 0 0 0 0 0 0 0 0 1 0 0 11 15 18 12 18 13
 4.605000E+02 9 0 0 0 0 0 0 1 0 0 0 0 15 11 21 16 15 14
 4.610000E+02 6 0 0 0 0 0 0 0 0 0 0 0 17 10 21 14 18 17
 4.615000E+02 8 0 0 0 0 0 0 0 0 0 0 0 14 14 25 10 19 14
 4.620000E+02 7 0 0 0 0 0 0 0 0 0 0 0 13 15 18 15 18 12
 4.625000E+02 10 0 0 0 0 0 0 0 0 0 0 0 15 15 25 16 12 14
 4.630000E+02 10 0 0 0 0 0 0 0 0 0 0 0 13 19 23 12 13 18
 4.635000E+02 11 0 0 0 0 0 0 0 0 0 0 0 12 12 22 18 19 17
 4.640000E+02 9 0 0 0 0 0 0 0 0 0 0 0 8 14 18 20 16 23
 4.645000E+02 6 0 0 0 0 0 0 0 0 1 0 0 9 15 17 20 17 20
 4.650000E+02 13 0 0 0 0 0 0 0 0 1 0 0 13 18 18 14 19 16
 4.655000E+02 7 0 0 0 0 0 0 0 0 0 0 0 13 21 22 10 17 15
 4.660000E+02 12 0 0 0 0 0 0 0 0 0 0 0 17 16 29 13 14 17
 4.665000E+02 12 0 0 0 0 0 0 0 0 0 0 0 18 13 25 15 9 17
 4.670000E+02 13 0 0 0 0 0 0 0 0 0 0 0 14 20 15 15 14 11
 4.675000E+02 9 0 0 0 0 0 0 0 0 0 0 0 18 20 23 11 14 11
 4.680000E+02 5 0 0 0 0 0 0 0 0 0 0 0 18 13 23 14 17 11
 4.685000E+02 10 0 0 0 0 0 0 0 0 0 0 0 16 20 12 14 21 17
 4.690000E+02 10 0 0 0 0 0 0 0 0 0 0 0 17 13 12 13 16 23
 4.695000E+02 10 0 0 0 0 0 0 0 0 0 0 0 20 18 17 13 15 17
 4.700000E+02 7 0 0 0 0 0 0 0 0 0 0 0 15 21 13 12 17 19
 4.705000E+02 7 0 0 0 0 0 0 0 0 0 0 0 16 16 16 13 18 15
 4.710000E+02 14 0 0 0 0 0 0 0 0 0 0 0 14 14 13 15 21 18
 4.715000E+02 11 0 0 0 0 0 0 0 0 1 0 0 15 11 17 14 13 16
 4.720000E+02 8 0 0 0 0 0 0 0 0 1 0 0 23 15 26 12 18 16
 4.725000E+02 11 0 0 0 0 0 0 1 0 0 0 0 17 17 23 21 10 18
 4.730000E+02 10 0 0 0 0 0 0 0 0 0 0 0 14 18 25 16 13 14
 4.735000E+02 9 0 0 0 0 0 0 0 0 0 0 0 15 18 21 13 14 12
 4.740000E+02 11 0 0 0 0 0 0 0 0 0 0 0 21 13 18 24 15 15
 4.745000E+02 8 0 0 0 0 0 0 0 0 0 0 0 21 16 15 23 11 14
 4.750000E+02 6 0 0 0 0 0 0 0 0 0 0 0 19 18 19 23 11 12
 4.755000E+02 7 0 0 0 0 0 0 0 0 0 0 0 26 19 22 14 11 13
 4.760000E+02 9 0 0 0 0 0 0 0 0 0 0 0 18 18 21 13 17 14
 4.765000E+02 12 0 0 0 0 0 0 1 0 0 0 0 18 20 13 12 16 21
 4.770000E+02 9 0 0 0 0 0 0 0 0 1 0 0 13 24 14 16 18 24
 4.775000E+02 8 0 0 1 0 0 0 0 0 0 0 0 14 20 15 17 18 14
 4.780000E+02 14 0 0 0 0 0 0 0 0 0 0 0 17 18 13 23 13 19
 4.785000E+02 9 0 0 0 0 0 0 0 0 0 0 0 18 15 18 16 15 12
 4.790000E+02 10 0 0 0 0 0 0 0 0 0 0 0 16 18 20 12 20 16
 4.795000E+02 7 0 0 0 0 0 0 0 0 0 0 0 23 12 18 17 17 12
 4.800000E+02 6 0 0 0 0 0 0 0 0 0 0 0 20 17 23 24 24 16
 4.805000E+02 6 0 0 0 0 0 0 0 0 0 0 0 18 18 17 20 21 21
 4.810000E+02 10 0 0 0 0 0 0 0 0 0 0 0 23 13 13 17 16 17
 4.815000E+02 3 0 0 0 0 0 0 0 0 0 0 0 18 17 11 20 26 12
 4.820000E+02 9 0 0 0 0 0 0 0 0 0 0 0 14 15 12 14 19 14
 4.825000E+02 7 0 0 0 0 0 0 0 0 0 0 0 19 17 19 23 23 10
 4.830000E+02 14 0 0 0 0 0 0 0 0 0 0 0 16 19 18 14 25 9
 4.835000E+02 7 0 0 0 0 0 0 0 0 0 0 0 23 23 20 14 18 14
 4.840000E+02 8 0 0 0 0 0 0 0 0 0 0 0 27 27 23 9 18 12
 4.845000E+02 8 0 0 0 0 0 0 0 0 0 0 0 23 27 18 9 12 15
 4.850000E+02 7 0 0 0 0 0 0 0 0 0 0 0 24 23 17 17 16 18
 4.855000E+02 12 0 0 0 0 0 0 0 0 0 0 0 25 23 17 19 16 17
 4.860000E+02 7 0 0 0 0 0 0 0 0 0 0 0 21 26 20 26 19 13
 4.865000E+02 12 0 0 0 0 0 0 0 0 0 0 0 20 16 14 34 18 4
 4.870000E+02 10 0 0 0 0 0 0 0 0 0 0 0 22 15 18 21 12 10
 4.875000E+02 5 0 0 0 0 0 0 0 0 0 0 0 18 20 11 19 17 13
 4.880000E+02 12 0 0 0 0 0 0 0 0 0 0 0 12 18 24 19 21 15
 4.885000E+02 11 0 0 0 0 0 0 0 0 0 0 0 25 19 18 15 20 17
 4.890000E+02 9 0 0 0 0 0 0 0 0 1 0 0 16 18 20 15 15 18
 4.895000E+02 16 0 0 0 0 0 0 0 0 1 0 0 13 19 16 20 15 19
 4.900000E+02 9 0 0 0 0 0 0 0 0 1 0 0 8 22 17 18 19 22
 4.905000E+02 7 0 0 0 0 0 0 1 0 0 0 0 16 16 22 12 23 17
 4.910000E+02 8 0 0 0 0 0 0 0 0 1 0 0 18 19 20 13 19 12
 4.915000E+02 5 0 0 0 0 0 0 0 0 1 0 0 21 14 18 18 18 13
 4.920000E+02 8 0 0 0 0 0 0 0 0 0 0 0 24 18 23 9 17 15
 4.925000E+02 11 0 0 0 0 0 0 0 0 0 0 0 22 17 16 19 17 16
 4.930000E+02 7 0 0 0 0 0 0 0 0 0 0 0 15 21 17 12 15 21
 4.935000E+02 7 0 0 0 0 0 0 0 0 0 0 0 17 18 14 19 15 15
 4.940000E+02 12 0 0 0 0 0 0 0 0 0 0 0 20 19 13 21 19 20
 4.945000E+02 10 0 0 0 0 0 0 0 0 1 0 0 20 20 15 12 20 19
 4.950000E+02 17 0 0 0 0 0 0 0 0 1 0 0 18 16 10 15 15 16
 4.955000E+02 8 0 0 0 0 0 0 0 0 1 0 0 15 23 18 16 10 25
 4.960000E+02 7 0 0 0 0 0 0 0 0 0 0 0 10 21 16 18 10 17
 4.965000E+02 10 0 0 0 0 0 0 0 0 0 0 0 11 14 19 12 13 21
 4.970000E+02 4 0 0 0 0 0 0 0 0 0 0 0 8 16 19 20 17 17
 4.975000E+02 11 0 0 0 0 0 0 0 0 0 0 0 11 15 15 23 12 25
 4.980000E+02 8 0 0 0 0 0 0 0 0 0 0 0 14 19 18 23 15 23
 4.985000E+02 10 0 0 0 0 0 0 0 0 0 0 0 18 18 18 22 12 19
 4.990000E+02 10 0 0 0 0 0 0 0 0 0 0 0 12 13 22 17 14 15
 4.995000E+02 7 0 0 0 0 0 0 0 0 0 0 0 13 12 18 17 17 20
 5.000000E+02 8 0 0 0 0 0 0 0 0 0 0 0 18 13 26 12 16 21
 5.005000E+02 4 0 0 0 0 0 0 0 0 0 0 0 16 10 26 19 18 25
 5.010000E+02 8 0 0 0 0 0 0 0 0 0 0 0 12 10 27 21 14 18
 5.015000E+02 8 0 0 0 0 0 0 0 0 0 0 0 11 14 22 16 13 23
 5.020000E+02 7 0 0 0 0 0 0 0 0 0 0 0 19 11 18 12 15 24
 5.025000E+02 10 0 0 0 0 0 0 0 0 0 0 0 19 12 15 17 20 15
 5.030000E+02 6 0 0 0 0 0 0 0 0 1 0 0 14 13 13 15 18 21
 5.035000E+02 10 0 0 0 0 0 0 0 0 2 0 0 14 10 14 12 21 14
 5.040000E+02 11 0 0 1 0 0 0 0 0 1 0 0 15 12 13 18 16 20
 5.045000E+02 5 0 0 0 0 0 0 0 0 2 0 0 19 18 12 23 14 21
 5.050000E+02 9 0 0 0 0 0 0 0 0 1 0 0 18 14 11 16 10 20
 5.055000E+02 8 0 0 0 0 0 0 0 0 0 0 0 17 21 12 14 19 15
 5.060000E+02 10 0 0 0 0 0 0 0 0 0 0 0 23 15 16 14 14 17
 5.065000E+02 10 0 0 0 0 0 0 0 0 0 0 0 17 15 14 15 13 25
 5.070000E+02 10 0 0 0 0 0 0 0 0 0 0 0 17 20 13 18 12 16
 5.075000E+02 7 0 0 0 0 0 0 0 0 0 0 0 17 21 19 19 16 17
 5.080000E+02 6 0 0 0 0 0 0 0 0 0 0 0 12 17 25 18 16 12
 5.085000E+02 10 0 0 0 0 0 0 0 0 1 0 0 10 23 13 17 15 18
 5.090000E+02 4 0 0 0 0 0 0 0 0 1 0 0 15 17 15 23 15 14
 5.095000E+02 6 0 0 1 0 0 0 0 0 0 0 0 19 21 17 12 14 12
 5.100000E+02 9 0 0 0 0 0 0 0 0 0 0 0 19 14 16 22 18 16
 5.105000E+02 7 0 0 0 0 0 0 0 0 0 0 0 19 12 16 17 12 23
 5.110000E+02 8 0 0 0 0 0 0 0 0 0 0 0 18 11 17 21 16 16
 5.115000E+02 8 0 0 0 0 0 0 0 0 0 0 0 13 13 20 19 22 19
 5.120000E+02 9 0 0 0 0 0 0 0 0 1 0 0 16 14 20 16 16 13
 5.125000E+02 6 0 0 0 0 0 0 0 0 0 0 0 11 21 21 14 15 13
 5.130000E+02 11 0 0 0 0 0 0 0 0 0 0 0 15 14 17 14 20 18
 5.135000E+02 13 0 0 0 0 0 0 0 0 0 0 0 13 16 18 16 26 14
 5.140000E+02 3 0 0 0 0 0 0 0 0 0 0 0 9 18 12 16 25 14
 5.145000E+02 5 0 0 0 0 0 0 0 0 0 0 0 15 17 14 19 23 11
 5.150000E+02 2 0 0 0 0 0 0 0 0 0 0 0 19 18 15 16 21 13
 5.155000E+02 9 0 0 0 0 0 0 0 0 0 0 0 14 15 12 15 19 16
 5.160000E+02 11 0 0 0 0 0 0 0 0 0 0 0 11 21 19 21 15 16
 5.165000E+02 12 0 0 0 0 0 0 0 0 0 0 0 16 26 13 14 16 15
 5.170000E+02 12 0 0 0 0 0 0 0 0 0 0 0 19 20 12 16 16 12
 5.175000E+02 10 0 0 0 0 0 0 0 0 0 0 0 11 20 13 19 20 15
 5.180000E+02 13 0 0 0 0 0 0 0 0 0 0 0 17 16 15 20 13 11
 5.185000E+02 9 0 0 0 0 0 0 0 0 0 0 0 16 15 13 21 9 15
 5.190000E+02 9 0 0 0 0 0 0 0 0 0 0 0 11 16 14 21 18 18
 5.195000E+02 8 0 0 0 0 0 0 0 0 0 0 0 10 11 13 19 16 23
 5.200000E+02 6 0 0 0 0 0 0 1 0 0 0 0 12 15 11 21 20 22
 5.205000E+02 11 0 0 0 0 0 0 0 0 1 0 0 14 14 15 21 17 21
 5.210000E+02 10 0 0 0 0 0 0 0 0 1 0 0 19 15 19 19 19 16
 5.215000E+02 9 0 0 0 0 0 0 0 0 1 0 0 15 13 18 19 18 15
 5.220000E+02 6 0 0 0 0 0 0 0 0 1 0 0 15 14 18 18 16 19
 5.225000E+02 9 0 0 0 0 0 0 0 0 1 0 0 15 22 20 8 17 12
 5.230000E+02 5 0 0 0 0 0 0 0 0 0 0 0 14 22 20 10 13 17
 5.235000E+02 6 0 0 0 0 0 0 0 0 0 0 0 19 17 18 13 16 21
 5.240000E+02 5 0 0 0 0 0 0 0 0 0 0 0 19 13 17 23 17 19
 5.245000E+02 4 0 0 0 0 0 0 0 0 1 0 0 17 14 13 18 18 13
 5.250000E+02 7 0 0 1 0 0 0 0 0 0 0 0 16 12 22 15 23 15
 5.255000E+02 11 0 0 0 0 0 0 0 0 0 0 0 19 17 19 13 21 10
 5.260000E+02 5 0 0 0 0 0 0 0 0 1 0 0 15 19 12 15 18 15
 5.265000E+02 16 0 0 0 0 0 0 0 0 0 0 0 10 20 12 12 23 18
 5.270000E+02 6 0 0 0 0 0 0 0 0 0 0 0 11 21 18 17 19 12
 5.275000E+02 9 0 0 0 0 0 0 0 0 0 0 0 12 14 18 22 12 10
 5.280000E+02 12 0 0 0 0 0 0 0 0 0 0 0 8 18 18 18 11 12
 5.285000E+02 8 0 0 0 0 0 0 0 0 0 0 0 10 14 21 21 16 15
 5.290000E+02 1 0 0 0 0 0 0 0 0 0 0 0 13 15 14 23 14 14
 5.295000E+02 6 0 0 0 0 0 0 0 0 0 0 0 16 18 7 20 13 23
 5.300000E+02 7 0 0 0 0 0 0 0 0 0 0 0 18 16 12 15 10 20
 5.305000E+02 3 0 0 0 0 0 0 0 0 0 0 0 25 12 13 17 14 26
 5.310000E+02 9 0 0 0 0 0 0 0 0 0 0 0 17 12 15 17 11 16
 5.315000E+02 6 0 0 0 0 0 0 0 0 0 0 0 13 12 13 12 13 19
 5.320000E+02 6 0 0 0 0 0 0 0 0 0 0 0 25 20 21 11 13 12
 5.325000E+02 8 0 0 0 0 0 0 0 0 0 0 0 21 15 17 15 20 11
 5.330000E+02 13 0 0 0 0 0 0 0 0 0 0 0 23 17 10 18 19 17
 5.335000E+02 5 0 0 0 0 0 0 0 0 0 0 0 19 16 13 16 25 17
 5.340000E+02 11 0 0 0 0 0 0 0 0 0 0 0 20 11 15 20 24 10
 5.345000E+02 7 0 0 0 0 0 0 0 0 0 0 0 22 19 15 17 22 11
 5.350000E+02 14 0 0 0 0 0 0 0 0 0 0 0 25 20 25 18 11 13
 5.355000E+02 9 0 0 0 0 0 0 0 0 0 0 0 15 16 23 22 13 10
 5.360000E+02 17 0 0 0 0 0 0 0 0 0 0 0 12 17 21 23 15 19
 5.365000E+02 14 0 0 0 0 0 0 0 0 0 0 0 20 17 18 23 14 23
 5.370000E+02 9 0 0 0 0 0 0 0 0 0 0 0 16 15 19 15 17 18
 5.375000E+02 8 0 0 0 0 0 0 0 0 0 0 0 15 12 16 13 20 20
 5.380000E+02 8 0 0 0 0 0 0 0 0 1 0 0 17 14 15 15 16 19
 5.385000E+02 13 0 0 0 0 0 0 0 0 2 0 0 16 14 12 12 12 20
 5.390000E+02 5 0 0 1 0 0 0 1 0 0 0 0 19 17 16 10 14 21
 5.395000E+02 6 0 0 2 0 0 0 0 0 0 0 0 20 16 12 17 16 25
 5.400000E+02 12 0 0 0 0 0 0 0 0 2 0 0 14 19 12 19 9 24
 5.405000E+02 8 0 0 0 0 0 0 1 0 1 0 0 11 16 20 11 18 20
 5.410000E+02 14 0 0 0 0 0 0 0 0 0 0 0 13 18 20 15 15 19
 5.415000E+02 7 0 0 0 0 0 0 0 0 0 0 0 12 18 17 14 15 16
 5.420000E+02 3 0 0 0 0 0 0 0 0 0 0 0 14 16 23 16 11 16
 5.425000E+02 8 0 0 0 0 0 0 0 0 0 0 0 21 15 18 19 15 12
 5.430000E+02 9 0 0 0 0 0 0 0 0 0 0 0 15 13 20 19 12 9
 5.435000E+02 7 0 0 0 0 0 0 0 0 0 0 0 11 18 17 19 14 18
 5.440000E+02 10 0 0 0 0 0 0 0 0 0 0 0 12 17 13 15 15 16
 5.445000E+02 6 0 0 0 0 0 0 0 0 0 0 0 12 17 18 21 16 17
 5.450000E+02 11 0 0 0 0 0 0 0 0 0 0 0 21 15 17 19 9 20
 5.455000E+02 6 0 0 0 0 0 0 0 0 0 0 0 18 15 17 17 11 18
 5.460000E+02 4 0 0 0 0 0 0 0 0 0 0 0 19 18 20 17 17 22
 5.465000E+02 9 0 0 0 0 0 0 0 0 0 0 0 12 18 16 10 18 24
 5.470000E+02 5 0 0 0 0 0 0 0 0 0 0 0 11 22 15 11 12 25
 5.475000E+02 6 0 0 0 0 0 0 0 0 0 0 0 13 12 14 16 19 20
 5.480000E+02 12 0 0 0 0 0 0 0 0 0 0 0 15 14 14 15 15 18
 5.485000E+02 5 0 0 0 0 0 0 0 0 0 0 0 14 17 18 12 18 25
 5.490000E+02 9 0 0 0 0 0 0 0 0 0 0 0 15 12 21 13 13 22
 5.495000E+02 10 0 0 0 0 0 0 0 0 0 0 0 10 12 22 11 11 26
 5.500000E+02 9 0 0 0 0 0 0 0 0 0 0 0 14 17 14 14 16 20
 5.505000E+02 13 0 0 0 0 0 0 0 0 0 0 0 10 15 16 13 11 17
 5.510000E+02 6 0 0 0 0 0 0 0 0 0 0 0 20 14 11 12 21 9
 5.515000E+02 10 0 0 0 0 0 0 0 0 0 0 0 15 16 11 18 15 22
 5.520000E+02 6 0 0 0 0 0 0 0 0 0 0 0 12 19 11 17 18 21
 5.525000E+02 7 0 0 0 0 0 0 0 0 0 0 0 19 20 9 13 13 18
 5.530000E+02 9 0 0 0 0 0 0 0 0 0 0 0 20 21 13 12 8 16
 5.535000E+02 5 0 0 0 0 0 0 0 0 0 0 0 17 15 16 16 9 21
 5.540000E+02 3 0 0 0 0 0 0 0 0 0 0 0 16 16 17 11 14 16
 5.545000E+02 9 0 0 0 0 0 0 0 0 0 0 0 14 18 12 17 15 17
 5.550000E+02 8 0 0 0 0 0 0 0 0 0 0 0 19 16 11 19 13 8
 5.555000E+02 7 0 0 0 0 0 0 0 0 0 0 0 19 14 18 12 14 14
 5.560000E+02 6 0 0 0 0 0 0 0 0 0 0 0 20 16 16 18 11 14
 5.565000E+02 6 0 0 0 0 0 0 0 0 0 0 0 18 15 20 20 13 8
 5.570000E+02 9 0 0 0 0 0 0 0 0 0 0 0 18 11 23 13 13 13
 5.575000E+02 11 0 0 0 0 0 0 0 0 0 0 0 19 10 23 14 12 15
 5.580000E+02 7 0 0 0 0 0 0 0 0 0 0 0 20 12 19 16 12 22
 5.585000E+02 6 0 0 0 0 0 0 0 0 0 0 0 16 15 18 14 12 21
 5.590000E+02 11 0 0 0 0 0 0 0 0 0 0 0 21 12 14 14 12 21
 5.595000E+02 6 0 0 0 0 0 0 0 0 1 0 0 18 10 14 14 14 17
 5.600000E+02 13 0 0 0 0 0 0 0 0 1 0 0 17 12 15 11 14 20
 5.605000E+02 6 0 0 0 0 0 0 1 0 0 0 0 19 13 16 15 9 20
 5.610000E+02 12 0 0 0 0 0 0 0 0 0 0 0 15 11 17 13 19 14
 5.615000E+02 4 0 0 0 0 0 0 0 0 0 0 0 18 13 10 12 14 15
 5.620000E+02 14 0 0 0 0 0 0 0 0 0 0 0 14 14 17 12 20 15
 5.625000E+02 7 0 0 0 0 0 0 0 0 0 0 0 14 14 16 12 19 14
 5.630000E+02 7 0 0 0 0 0 0 0 0 0 0 0 10 13 18 16 23 15
 5.635000E+02 10 0 0 0 0 0 0 0 0 0 0 0 10 14 14 10 16 8
 5.640000E+02 6 0 0 0 0 0 0 0 0 0 0 0 19 17 17 13 14 10
 5.645000E+02 11 0 0 0 0 0 0 0 0 1 0 0 13 15 18 12 11 14
 5.650000E+02 6 0 0 0 0 0 0 0 0 0 0 0 8 16 19 21 9 13
 5.655000E+02 10 0 0 0 0 0 0 0 0 0 0 0 19 15 13 21 12 17
 5.660000E+02 11 0 0 0 0 0 0 0 0 0 0 0 18 12 14 22 12 17
 5.665000E+02 8 0 0 0 0 0 0 0 0 0 0 0 16 14 13 13 19 15
 5.670000E+02 9 0 0 0 0 0 0 0 0 0 0 0 17 15 14 15 13 16
 5.675000E+02 5 0 0 0 0 0 0 0 0 0 0 0 17 18 17 15 10 20
 5.680000E+02 8 0 0 0 0 0 0 0 0 0 0 0 15 14 21 15 12 16
 5.685000E+02 11 0 0 0 0 0 0 0 0 1 0 0 14 21 17 15 9 18
 5.690000E+02 3 0 0 0 0 0 0 0 0 0 0 0 15 18 15 15 20 24
 5.695000E+02 13 0 0 0 0 0 0 0 0 0 0 0 14 24 14 16 16 16
 5.700000E+02 7 0 0 0 0 0 0 0 0 0 0 0 28 14 19 17 16 15
 5.705000E+02 10 0 0 0 0 0 0 0 0 0 0 0 20 15 19 12 18 16
 5.710000E+02 7 0 0 0 0 0 0 0 0 0 0 0 12 18 19 18 15 22
 5.715000E+02 3 0 0 0 0 0 0 0 0 0 0 0 14 14 10 21 18 19
 5.720000E+02 8 0 0 0 0 0 0 0 0 1 0 0 17 19 12 22 13 18
 5.725000E+02 12 0 0 0 0 0 0 0 0 2 0 0 19 13 14 16 20 17
 5.730000E+02 9 0 0 0 0 0 0 0 0 2 0 0 24 14 13 15 21 19
 5.735000E+02 6 0 0 0 0 0 0 1 0 1 0 0 17 15 18 16 15 20
 5.740000E+02 9 0 0 0 0 0 0 0 0 1 0 0 21 14 13 16 19 17
 5.745000E+02 13 0 0 0 0 0 0 0 0 2 0 0 14 19 13 11 13 19
 5.750000E+02 8 0 0 0 0 0 0 1 0 0 0 0 16 23 15 17 18 11
 5.755000E+02 7 0 0 0 0 0 0 0 0 1 0 0 19 18 13 17 16 15
 5.760000E+02 7 0 0 0 0 0 0 0 0 0 0 0 24 19 12 19 18 13
 5.765000E+02 8 0 0 0 0 0 0 0 0 0 0 0 12 15 17 15 15 17
 5.770000E+02 5 0 0 0 0 0 0 0 0 0 0 0 19 12 15 19 19 15
 5.775000E+02 15 0 0 0 0 0 0 0 0 0 0 0 13 9 12 15 20 21
 5.780000E+02 13 0 0 0 0 0 0 0 0 0 0 0 14 10 11 21 18 21
 5.785000E+02 5 0 0 0 0 0 0 0 0 0 0 0 17 7 13 20 16 14
 5.790000E+02 9 0 0 0 0 0 0 0 0 0 0 0 17 14 18 20 18 13
 5.795000E+02 4 0 0 0 0 0 0 0 0 0 0 0 14 19 18 21 18 14
 5.800000E+02 10 0 0 0 0 0 0 0 0 0 0 0 15 15 17 19 22 18
 5.805000E+02 5 0 0 0 0 0 0 0 0 0 0 0 14 17 18 8 18 16
 5.810000E+02 5 0 0 0 0 0 0 1 0 0 0 0 15 24 19 17 16 16
 5.815000E+02 10 0 0 0 0 0 0 0 0 0 0 0 14 17 18 12 22 15
 5.820000E+02 10 0 0 0 0 0 0 0 0 0 0 0 14 15 17 23 18 16
 5.825000E+02 9 0 0 0 0 0 0 0 0 0 0 0 14 16 14 27 18 15
 5.830000E+02 10 0 0 0 0 0 0 0 0 0 0 0 16 24 13 17 17 20
 5.835000E+02 7 0 0 1 0 0 0 0 0 0 0 0 12 20 14 16 23 13
 5.840000E+02 4 0 0 0 0 1 0 0 0 0 0 0 13 15 19 17 19 12
 5.845000E+02 9 0 0 0 0 0 0 0 0 1 0 0 12 11 17 17 18 21
 5.850000E+02 6 0 0 0 0 0 0 0 0 1 0 0 12 16 18 16 21 23
 5.855000E+02 6 0 0 0 0 0 0 0 0 0 0 0 13 16 18 16 14 19
 5.860000E+02 6 0 0 0 0 0 0 0 0 0 0 0 16 16 19 15 18 17
 5.865000E+02 9 0 0 0 0 0 0 0 0 0 0 0 17 12 14 18 14 22
 5.870000E+02 6 0 0 0 0 0 0 0 0 0 0 0 16 16 20 17 16 24
 5.875000E+02 13 0 0 0 0 0 0 0 0 0 0 0 14 16 13 15 14 21
 5.880000E+02 10 0 0 0 0 0 0 0 0 0 0 0 20 16 16 11 15 11
 5.885000E+02 12 0 0 0 0 0 0 0 0 0 0 0 23 14 16 14 19 13
 5.890000E+02 8 0 0 0 0 0 0 0 0 0 0 0 21 15 13 17 20 16
 5.895000E+02 8 0 0 0 0 0 0 0 0 0 0 0 12 19 14 18 21 12
 5.900000E+02 8 0 0 0 0 0 0 0 0 0 0 0 18 18 16 20 16 11
 5.905000E+02 8 0 0 0 0 0 0 0 0 0 0 0 11 19 17 17 18 8
 5.910000E+02 6 0 0 0 0 0 0 0 0 0 0 0 20 16 21 18 11 9
 5.915000E+02 10 0 0 0 0 0 0 0 0 0 0 0 19 14 12 17 16 17
 5.920000E+02 12 0 0 0 0 0 0 0 0 0 0 0 19 13 11 16 19 19
 5.925000E+02 8 0 0 0 0 0 0 0 0 1 0 0 18 16 11 18 17 24
 5.930000E+02 8 0 0 0 0 0 0 0 0 0 0 0 16 18 15 24 13 20
 5.935000E+02 7 0 0 0 0 0 0 0 0 0 0 0 17 19 15 17 20 20
 5.940000E+02 8 0 0 0 0 0 0 0 0 1 0 0 18 14 9 11 17 13
 5.945000E+02 6 0 0 1 0 0 0 0 0 0 0 0 19 25 17 13 22 14
 5.950000E+02 12 0 0 0 0 0 0 0 0 1 0 0 20 18 11 21 15 16
 5.955000E+02 10 0 0 0 0 0 0 0 0 2 0 0 14 19 17 15 17 23
 5.960000E+02 17 0 0 0 0 0 0 0 0 0 0 0 15 15 16 17 16 21
 5.965000E+02 4 0 0 0 0 0 0 0 0 0 0 0 14 9 18 17 22 20
 5.970000E+02 6 0 0 0 0 0 0 0 0 0 0 0 18 18 24 13 21 18
 5.975000E+02 11 0 0 0 0 0 0 0 0 0 0 0 13 22 25 11 20 13
 5.980000E+02 10 0 0 0 0 0 0 0 0 0 0 0 18 17 22 19 18 9
 5.985000E+02 5 0 0 0 0 0 0 0 0 0 0 0 18 19 20 20 16 7
 5.990000E+02 7 0 0 0 0 0 0 0 0 0 0 0 14 18 21 18 18 10
 5.995000E+02 7 0 0 0 0 0 0 0 0 0 0 0 19 17 19 17 10 12
 6.000000E+02 7 0 0 0 0 0 0 0 0 0 0 0 17 23 17 21 18 13
 6.005000E+02 7 0 0 0 0 0 0 1 0 0 0 0 18 24 17 15 12 8
 6.010000E+02 8 0 0 0 0 0 0 1 0 0 0 0 20 15 22 16 15 10
 6.015000E+02 11 0 0 0 0 0 0 0 0 0 0 0 26 12 19 15 15 14
 6.020000E+02 9 0 0 0 0 0 0 0 0 0 0 0 21 22 20 18 15 17
 6.025000E+02 5 0 0 0 0 0 0 0 0 0 0 0 14 16 19 17 21 17
 6.030000E+02 12 0 0 0 0 0 0 0 0 1 0 0 15 10 17 15 21 21
 6.035000E+02 12 0 0 0 0 0 0 0 0 0 0 0 16 13 19 17 8 19
 6.040000E+02 13 0 0 0 0 0 0 0 0 0 0 0 18 15 20 11 15 24
 6.045000E+02 14 0 0 0 0 0 0 0 0 0 0 0 14 20 21 14 17 23
 6.050000E+02 7 0 0 0 0 0 0 0 0 0 0 0 22 19 18 17 11 23
 6.055000E+02 8 0 0 0 0 0 0 0 0 0 0 0 18 14 13 23 10 24
 6.060000E+02 10 0 0 0 0 0 0 0 0 0 0 0 12 14 21 17 18 21
 6.065000E+02 8 0 0 0 0 0 0 0 0 0 0 0 13 17 17 20 21 14
 6.070000E+02 13 0 0 0 0 0 0 0 0 0 0 0 20 25 15 12 20 22
 6.075000E+02 9 0 0 0 0 0 0 0 0 0 0 0 14 21 15 17 12 19
 6.080000E+02 3 0 0 0 0 0 0 0 0 0 0 0 17 23 18 22 12 21
 6.085000E+02 10 0 0 0 0 0 0 0 0 0 0 0 13 17 20 22 17 18
 6.090000E+02 12 0 0 0 0 0 0 0 0 0 0 0 18 24 15 13 21 16
 6.095000E+02 8 0 0 0 0 0 0 0 0 0 0 0 17 22 16 15 21 20
 6.100000E+02 9 0 0 0 0 0 0 0 0 0 0 0 13 20 23 19 15 25
 6.105000E+02 7 0 0 0 0 0 0 0 0 0 0 0 13 22 19 25 17 19
 6.110000E+02 5 0 0 0 0 0 0 0 0 1 0 0 12 22 14 16 16 18
 6.115000E+02 11 0 0 0 0 0 0 0 0 0 0 0 14 16 19 17 16 15
 6.120000E+02 8 0 0 0 0 0 0 0 0 0 0 0 11 19 18 21 19 10
 6.125000E+02 11 0 0 0 0 0 0 0 0 0 0 0 20 13 17 21 15 11
 6.130000E+02 6 0 0 0 0 0 0 0 0 1 0 0 14 12 15 20 18 15
 6.135000E+02 8 0 0 0 0 0 0 0 0 1 0 0 13 15 17 14 23 17
 6.140000E+02 5 0 0 0 0 0 0 0 0 0 0 0 20 21 24 16 17 16
 6.145000E+02 10 0 0 0 0 0 0 0 0 0 0 0 21 20 16 12 16 18
 6.150000E+02 9 0 0 0 0 0 0 0 0 0 0 0 15 24 25 12 12 16
 6.155000E+02 12 0 0 0 0 0 0 0 0 0 0 0 18 21 19 19 15 14
 6.160000E+02 5 0 0 0 0 0 0 1 0 0 0 0 20 26 15 15 13 7
 6.165000E+02 5 0 0 0 0 0 0 0 0 1 0 0 16 21 22 21 16 14
 6.170000E+02 13 0 0 0 0 0 0 0 0 1 0 0 24 8 18 19 18 12
 6.175000E+02 9 0 0 1 0 0 0 0 0 0 0 0 15 14 20 19 16 15
 6.180000E+02 7 0 0 0 0 0 0 0 0 1 0 0 14 22 12 16 19 17
 6.185000E+02 13 0 0 0 0 0 0 0 0 1 0 0 17 11 15 19 18 16
 6.190000E+02 14 0 0 0 0 0 0 0 0 0 0 0 13 14 18 21 15 17
 6.195000E+02 7 0 0 0 0 0 0 0 0 0 0 0 17 18 19 17 20 23
 6.200000E+02 9 0 0 0 0 0 0 0 0 0 0 0 21 20 17 14 9 13
 6.205000E+02 7 0 0 0 0 0 0 0 0 0 0 0 16 24 26 15 16 15
 6.210000E+02 11 0 0 0 0 0 0 0 0 0 0 0 15 15 24 7 22 16
 6.215000E+02 12 0 0 0 0 0 0 0 0 0 0 0 19 11 18 11 31 21
 6.220000E+02 7 0 0 0 0 0 0 0 0 0 0 0 21 15 12 12 23 24
 6.225000E+02 6 0 0 0 0 0 0 0 0 0 0 0 17 21 14 14 23 19
 6.230000E+02 10 0 0 0 0 0 0 0 0 0 0 0 13 17 16 11 22 21
 6.235000E+02 12 0 0 0 0 0 0 0 0 0 0 0 17 16 18 17 21 21
 6.240000E+02 8 0 0 0 0 0 0 0 0 0 0 0 19 15 22 15 16 18
 6.245000E+02 7 0 0 0 0 0 0 0 0 0 0 0 19 21 17 9 21 16
 6.250000E+02 4 0 0 0 0 0 0 0 0 0 0 0 20 23 22 12 19 18
 6.255000E+02 8 0 0 0 0 0 0 0 0 0 0 0 24 16 18 14 20 19
 6.260000E+02 6 0 0 0 0 0 0 0 0 0 0 0 24 17 18 17 14 15
 6.265000E+02 10 0 0 0 0 0 0 0 0 0 0 0 21 23 14 23 17 12
 6.270000E+02 12 0 0 0 0 0 0 0 0 0 0 0 19 21 20 22 16 15
 6.275000E+02 8 0 0 0 0 0 0 0 0 0 0 0 19 22 15 19 15 16
 6.280000E+02 8 0 0 0 0 0 0 0 0 1 0 0 23 11 13 15 18 12
 6.285000E+02 8 0 0 0 0 0 0 0 0 2 0 0 13 16 13 16 21 16
 6.290000E+02 8 0 0 1 0 0 0 1 0 0 0 0 11 17 13 14 15 16
 6.295000E+02 8 0 0 0 0 0 0 0 0 1 0 0 15 19 13 24 16 16
 6.300000E+02 9 0 0 0 0 0 0 0 0 1 0 0 13 18 20 20 12 21
 6.305000E+02 8 0 0 1 0 0 0 0 0 0 0 0 12 17 22 13 13 21
 6.310000E+02 11 0 0 0 0 0 0 0 0 0 0 0 14 16 18 10 16 21
 6.315000E+02 9 0 0 0 0 0 0 0 0 0 0 0 21 18 25 11 22 12
 6.320000E+02 8 0 0 0 0 0 0 0 0 0 0 0 15 15 32 18 17 12
 6.325000E+02 7 0 0 0 0 0 0 1 0 0 0 0 13 15 33 15 20 15
 6.330000E+02 8 0 0 0 0 0 0 0 0 1 0 0 10 16 23 13 17 19
 6.335000E+02 4 0 0 0 0 0 0 0 0 0 0 0 12 21 27 12 11 20
 6.340000E+02 10 0 0 0 0 0 0 0 0 0 0 0 18 18 25 10 8 22
 6.345000E+02 11 0 0 0 0 0 0 0 0 0 0 0 18 19 20 16 13 19
 6.350000E+02 10 0 0 1 0 0 0 0 0 0 0 0 14 15 16 19 19 17
 6.355000E+02 9 0 0 0 0 0 0 0 0 0 0 0 9 20 18 18 19 18
 6.360000E+02 6 0 0 0 0 0 0 0 0 0 0 0 17 21 19 16 13 17
 6.365000E+02 7 0 0 0 0 0 0 0 0 0 0 0 16 21 18 20 17 11
 6.370000E+02 9 0 0 0 0 0 0 0 0 0 0 0 16 16 14 20 13 13
 6.375000E+02 7 0 0 0 0 0 0 1 0 0 0 0 19 15 16 21 17 13
 6.380000E+02 6 0 0 1 0 0 0 0 0 1 0 0 13 8 12 13 19 15
 6.385000E+02 8 0 0 0 0 0 0 0 0 0 0 0 22 9 19 12 16 15
 6.390000E+02 7 0 0 0 0 0 0 0 0 0 0 0 20 11 26 19 14 17
 6.395000E+02 3 0 0 0 0 0 0 0 0 0 0 0 11 9 25 15 23 15
 6.400000E+02 6 0 0 0 0 0 0 0 0 0 0 0 15 11 27 17 13 21
 6.405000E+02 8 0 0 0 0 0 0 0 0 0 0 0 15 16 23 17 14 21
 6.410000E+02 7 0 0 0 0 0 0 0 0 0 0 0 19 10 19 12 17 20
 6.415000E+02 10 0 0 0 0 0 0 0 0 0 0 0 20 11 21 16 13 16
 6.420000E+02 12 0 0 0 0 0 0 0 0 0 0 0 19 12 27 14 20 12
 6.425000E+02 4 0 0 0 0 0 0 0 0 0 0 0 24 12 20 16 19 16
 6.430000E+02 11 0 0 0 0 0 0 0 0 0 0 0 24 18 14 18 15 18
 6.435000E+02 7 0 0 0 0 0 0 0 0 0 0 0 19 20 21 19 11 18
 6.440000E+02 8 0 0 0 0 0 0 0 0 0 0 0 18 14 14 23 16 16
 6.445000E+02 7 0 0 0 0 0 0 0 0 0 0 0 15 18 16 23 21 14
 6.450000E+02 6 0 0 0 0 0 0 0 0 0 0 0 15 19 21 18 15 17
 6.455000E+02 16 0 0 0 0 0 0 0 0 0 0 0 13 18 20 16 16 13
 6.460000E+02 7 0 0 0 0 0 0 0 0 0 0 0 19 24 18 18 14 15
 6.465000E+02 3 0 0 0 0 0 0 0 0 0 0 0 17 15 9 21 23 15
 6.470000E+02 7 0 0 0 0 0 0 0 0 0 0 0 17 18 11 20 17 11
 6.475000E+02 11 0 0 0 0 0 0 0 0 0 0 0 19 16 15 21 14 23
 6.480000E+02 7 0 0 0 0 0 0 0 0 0 0 0 18 15 9 20 20 20
 6.485000E+02 5 0 0 0 0 0 0 0 0 1 0 0 17 18 16 17 17 19
 6.490000E+02 13 0 0 0 0 0 0 1 0 0 0 0 19 13 15 12 18 13
 6.495000E+02 8 0 0 0 0 0 0 0 0 0 0 0 21 14 24 14 18 17
 6.500000E+02 9 0 0 0 0 0 0 0 0 0 0 0 21 15 20 16 11 20
 6.505000E+02 10 0 0 0 0 0 0 0 0 0 0 0 20 9 21 20 20 15
 6.510000E+02 6 0 0 0 0 0 0 0 0 0 0 0 20 18 16 15 22 15
 6.515000E+02 6 0 0 0 0 0 0 0 0 1 0 0 26 13 18 10 23 12
 6.520000E+02 9 0 0 0 0 0 0 0 0 0 0 0 16 13 17 10 30 16
 6.525000E+02 6 0 0 0 0 0 0 0 0 0 0 0 19 16 23 14 17 18
 6.530000E+02 10 0 0 0 0 0 0 0 0 0 0 0 19 20 25 11 12 20
 6.535000E+02 9 0 0 0 0 0 0 0 0 0 0 0 24 12 21 15 14 12
 6.540000E+02 12 0 0 0 0 0 0 0 0 0 0 0 19 14 18 14 22 15
 6.545000E+02 15 0 0 0 0 0 0 0 0 0 0 0 24 18 22 14 18 14
 6.550000E+02 10 0 0 0 0 0 0 0 0 0 0 0 24 11 17 12 19 12
 6.555000E+02 6 0 0 0 0 0 0 0 0 1 0 0 25 14 23 12 19 11
 6.560000E+02 9 0 0 0 0 0 0 0 0 0 0 0 20 15 15 11 21 24
 6.565000E+02 6 0 0 0 0 0 0 0 0 0 0 0 12 16 15 11 20 22
 6.570000E+02 9 0 0 0 0 0 0 0 0 1 0 0 9 25 17 14 20 21
 6.575000E+02 11 0 0 0 0 0 0 0 0 1 0 0 16 21 13 14 16 17
 6.580000E+02 11 0 0 0 0 0 0 0 0 2 0 0 19 15 13 15 17 18
 6.585000E+02 7 0 0 0 0 0 0 0 0 0 0 0 24 16 16 14 23 19
 6.590000E+02 8 0 0 0 0 0 0 0 0 0 0 0 17 16 14 18 19 17
 6.595000E+02 7 0 0 0 0 0 0 0 0 0 0 0 14 14 13 18 22 13
 6.600000E+02 11 0 0 0 0 0 0 0 0 0 0 0 15 19 13 21 20 18
 6.605000E+02 8 0 0 0 0 0 0 0 0 0 0 0 10 19 18 13 25 16
 6.610000E+02 5 0 0 0 0 0 0 0 0 1 0 0 14 18 19 14 19 19
 6.615000E+02 5 0 0 1 0 0 0 0 0 0 0 0 16 13 15 20 19 14
 6.620000E+02 10 0 0 0 0 0 0 0 0 0 0 0 18 11 12 17 19 16
 6.625000E+02 6 0 0 0 0 0 0 0 0 0 0 0 16 13 15 20 16 14
 6.630000E+02 9 0 0 0 0 0 0 0 0 0 0 0 20 13 20 25 11 13
 6.635000E+02 8 0 0 0 0 0 0 0 0 0 0 0 24 20 19 18 12 13
 6.640000E+02 11 0 0 0 0 0 0 0 0 0 0 0 24 19 14 17 9 14
 6.645000E+02 7 0 0 0 0 0 0 0 0 0 0 0 15 16 11 19 18 20
 6.650000E+02 14 0 0 0 0 0 0 0 0 0 0 0 21 10 12 23 16 17
 6.655000E+02 8 0 0 0 0 0 0 0 0 0 0 0 26 12 12 17 22 16
 6.660000E+02 6 0 0 0 0 0 0 0 0 1 0 0 24 12 17 17 16 11
 6.665000E+02 7 0 0 0 0 0 0 0 0 1 0 0 24 18 13 15 13 19
 6.670000E+02 5 0 0 0 0 0 0 0 0 0 0 0 22 14 18 17 13 15
 6.675000E+02 11 0 0 0 0 0 0 0 0 0 0 0 22 18 19 14 13 14
 6.680000E+02 11 0 0 0 0 0 0 0 0 1 0 0 22 17 22 19 15 12
 6.685000E+02 5 0 0 0 0 0 0 0 0 1 0 0 18 17 21 16 16 13
 6.690000E+02 7 0 0 0 0 0 0 0 0 1 0 0 19 21 19 8 17 19
 6.695000E+02 9 0 0 0 0 0 0 1 0 0 0 0 19 18 25 12 15 20
 6.700000E+02 4 0 0 0 0 0 0 0 0 1 0 0 16 15 24 17 18 16
 6.705000E+02 9 0 0 0 0 0 0 0 0 1 0 0 21 17 23 22 10 19
 6.710000E+02 5 0 0 0 0 0 0 0 0 0 0 0 16 15 14 16 11 19
 6.715000E+02 4 0 0 0 0 0 0 0 0 0 0 0 14 9 15 16 18 19
 6.720000E+02 9 0 0 0 0 0 0 0 0 1 0 0 21 14 18 17 17 20
 6.725000E+02 9 0 0 0 0 0 0 0 0 0 0 0 17 14 16 18 13 21
 6.730000E+02 5 0 0 0 0 0 0 0 0 0 0 0 17 22 12 15 14 13
 6.735000E+02 5 0 0 0 0 0 0 0 0 0 0 0 17 18 17 13 19 14
 6.740000E+02 11 0 0 0 0 0 0 0 0 0 0 0 17 15 16 18 19 14
 6.745000E+02 5 0 0 0 0 0 0 0 0 0 0 0 21 23 14 16 13 17
 6.750000E+02 12 0 0 0 0 0 0 0 0 0 0 0 14 17 16 17 14 7
 6.755000E+02 12 0 0 0 0 0 0 0 0 0 0 0 12 18 20 16 13 15
 6.760000E+02 7 0 0 0 0 0 0 0 0 1 0 0 9 16 15 14 19 15
 6.765000E+02 12 0 0 0 0 0 0 0 0 0 0 0 17 12 19 15 21 12
 6.770000E+02 11 0 0 0 0 0 0 0 0 0 0 0 13 15 16 12 18 13
 6.775000E+02 10 0 0 0 0 0 0 0 0 0 0 0 11 19 20 16 9 11
 6.780000E+02 9 0 0 0 0 0 0 0 0 0 0 0 19 19 15 14 14 8
 6.785000E+02 6 0 0 0 0 0 0 0 0 0 0 0 17 19 14 15 13 6
 6.790000E+02 13 0 0 0 0 0 0 0 0 0 0 0 20 17 12 18 11 7
 6.795000E+02 8 0 0 0 0 0 0 0 0 0 0 0 18 14 14 17 16 11
 6.800000E+02 3 0 0 0 0 0 0 0 0 0 0 0 25 15 14 19 12 14
 6.805000E+02 6 0 0 0 0 0 0 0 0 0 0 0 28 12 15 15 13 13
 6.810000E+02 6 0 0 0 0 0 0 0 0 0 0 0 20 13 13 18 14 27
 6.815000E+02 7 0 0 0 0 0 0 1 0 0 0 0 14 28 11 16 10 13
 6.820000E+02 14 0 0 0 0 0 0 0 0 0 0 0 13 18 16 14 16 14
 6.825000E+02 13 0 0 0 0 0 0 0 0 0 0 0 12 17 12 14 21 16
 6.830000E+02 7 0 0 0 0 0 0 0 0 0 0 0 15 18 14 17 15 12
 6.835000E+02 6 0 0 0 0 0 0 0 0 0 0 0 11 13 15 25 10 17
 6.840000E+02 3 0 0 0 0 0 0 0 0 0 0 0 13 18 19 20 11 11
 6.845000E+02 7 0 0 0 0 0 0 0 0 0 0 0 11 24 18 15 13 12
 6.850000E+02 6 0 0 0 0 0 0 0 0 0 0 0 15 24 17 15 15 12
 6.855000E+02 7 0 0 0 0 0 0 0 0 0 0 0 11 23 13 20 13 15
 6.860000E+02 8 0 0 0 0 0 0 0 0 0 0 0 12 16 17 16 16 18
 6.865000E+02 6 0 0 0 0 0 0 0 0 0 0 0 17 18 27 12 16 17
 6.870000E+02 10 0 0 0 0 0 0 0 0 0 0 0 10 20 22 8 14 13
 6.875000E+02 10 0 0 0 0 0 0 0 0 0 0 0 18 19 16 11 12 19
 6.880000E+02 6 0 0 0 0 0 0 0 0 0 0 0 15 17 19 13 16 17
 6.885000E+02 8 0 0 0 0 0 0 0 0 0 0 0 17 15 23 15 15 14
 6.890000E+02 7 0 0 0 0 0 0 0 0 0 0 0 15 16 17 12 12 13
 6.895000E+02 7 0 0 0 0 0 0 0 0 0 0 0 11 21 18 11 18 15
 6.900000E+02 8 0 0 0 0 0 0 1 0 0 0 0 12 25 14 13 19 22
 6.905000E+02 6 0 0 0 0 0 0 0 0 0 0 0 17 22 18 19 16 17
 6.910000E+02 7 0 0 0 0 0 0 0 0 0 0 0 19 17 13 16 26 14
 6.915000E+02 10 0 0 0 0 0 0 0 0 0 0 0 15 10 13 18 13 13
 6.920000E+02 8 0 0 0 0 0 0 0 0 0 0 0 14 10 14 27 17 17
 6.925000E+02 8 0 0 0 0 0 0 0 0 0 0 0 16 10 18 26 17 16
 6.930000E+02 5 0 0 0 0 0 0 0 0 1 0 0 23 15 21 19 16 16
 6.935000E+02 8 0 0 0 0 0 0 0 0 0 0 0 21 14 16 16 10 14
 6.940000E+02 11 0 0 0 0 0 0 0 0 0 0 0 19 17 18 17 22 11
 6.945000E+02 6 0 0 0 0 0 0 0 0 0 0 0 15 11 14 23 24 8
 6.950000E+02 7 0 0 0 0 0 0 0 0 1 0 0 15 12 20 26 16 10
 6.955000E+02 11 0 0 0 0 0 0 0 0 1 0 0 14 14 17 20 14 12
 6.960000E+02 10 0 0 0 0 0 0 0 0 0 0 0 19 10 13 19 15 16
 6.965000E+02 13 0 0 0 0 0 0 0 0 1 0 0 16 15 21 19 16 12
 6.970000E+02 8 0 0 0 0 0 0 0 0 1 0 0 15 17 21 19 18 16
 6.975000E+02 4 0 0 0 0 0 0 0 0 0 0 0 20 17 18 18 14 11
 6.980000E+02 7 0 0 0 0 0 0 0 0 0 0 0 21 14 17 21 21 20
 6.985000E+02 11 0 0 0 0 0 0 0 0 0 0 0 16 19 16 22 15 21
 6.990000E+02 7 0 0 0 0 0 0 0 0 0 0 0 12 11 17 22 11 21
 6.995000E+02 16 0 0 0 0 0 0 0 0 0 0 0 15 12 14 21 23 19
 7.000000E+02 9 0 0 0 0 0 0 0 0 0 0 0 13 14 19 14 16 24
