# time 'Ca' 'D34:75:137_PP2ACa' 'D34:75:137_PP2APCa' 'D34:75_PP2ACa' 'D34:75_PP2APCa' 'D75:137_PP2ACa' 'D75:137_PP2APCa' 'D75_PP2ACa' 'D75_PP2APCa' 'PP2ACa' 'PP2ACa_PKA' 'PP2APCa' 'PP2BinactiveCa2_1' 'PP2BinactiveCa2_2' 'PP2BinactiveCa2_3' 'PP2BinactiveCa2_4' 'PP2BinactiveCa2_5' 'PP2BinactiveCa2_6'
 0.000000E+00 0 0 0 0 0 0 0 0 0 0 0 0 0 0 0 0 0 0
 5.000000E-01 0 0 0 0 0 0 0 0 0 0 0 0 0 0 0 0 0 1
 1.000000E+00 1 0 0 0 0 0 0 0 0 0 0 0 1 0 0 1 1 1
 1.500000E+00 0 0 0 0 0 0 0 0 0 0 0 0 2 0 0 3 1 1
 2.000000E+00 2 0 0 0 0 0 0 0 0 0 0 0 3 0 0 2 1 2
 2.500000E+00 3 0 0 0 0 0 0 0 0 0 0 0 3 0 0 4 0 1
 3.000000E+00 2 0 0 0 0 0 0 0 0 0 0 0 3 2 0 4 2 0
 3.500000E+00 2 0 0 0 0 0 0 0 0 0 0 0 4 1 1 2 2 2
 4.000000E+00 3 0 0 0 0 0 0 0 0 0 0 0 3 2 2 2 3 3
 4.500000E+00 3 0 0 0 0 0 0 0 0 0 0 0 3 3 3 4 2 3
 5.000000E+00 3 0 0 0 0 0 0 0 0 0 0 0 4 3 3 3 5 4
 5.500000E+00 3 0 0 0 0 0 0 0 0 0 0 0 3 6 6 2 6 2
 6.000000E+00 3 0 0 0 0 0 0 0 0 0 0 0 1 8 5 4 7 3
 6.500000E+00 0 0 0 0 0 0 0 0 0 0 0 0 4 9 6 2 7 3
 7.000000E+00 3 0 0 0 0 0 0 0 0 0 0 0 6 10 4 4 6 3
 7.500000E+00 3 0 0 0 0 0 0 0 0 0 0 0 8 7 7 5 6 4
 8.000000E+00 3 0 0 0 0 0 0 0 0 0 0 0 11 4 8 3 6 3
 8.500000E+00 0 0 0 0 0 0 0 0 0 0 0 0 9 3 7 3 5 4
 9.000000E+00 4 0 0 0 0 0 0 0 0 0 0 0 6 4 3 3 7 5
 9.500000E+00 6 0 0 0 0 0 0 0 0 0 0 0 6 7 8 6 6 4
 1.000000E+01 5 0 0 0 0 0 0 0 0 0 0 0 6 5 6 7 10 4
 1.050000E+01 6 0 0 0 0 0 0 0 0 0 0 0 8 6 4 8 8 4
 1.100000E+01 3 0 0 0 0 0 0 0 0 0 0 0 7 7 7 10 11 3
 1.150000E+01 6 0 0 0 0 0 0 0 0 0 0 0 10 8 4 4 10 7
 1.200000E+01 4 0 0 0 0 0 0 0 0 0 0 0 10 5 7 3 10 8
 1.250000E+01 4 0 0 0 0 0 0 0 0 0 0 0 7 7 10 6 10 8
 1.300000E+01 4 0 0 0 0 0 0 0 0 0 0 0 7 5 7 7 12 8
 1.350000E+01 3 0 0 0 0 0 0 0 0 0 0 0 7 10 8 8 9 8
 1.400000E+01 9 0 0 0 0 0 0 0 0 0 0 0 5 12 7 10 9 7
 1.450000E+01 6 0 0 0 0 0 0 0 0 0 0 0 6 12 6 12 7 8
 1.500000E+01 4 0 0 0 0 0 0 0 0 1 0 0 7 7 10 9 9 9
 1.550000E+01 3 0 0 0 0 0 0 0 0 0 0 0 7 13 10 9 9 10
 1.600000E+01 6 0 0 0 0 0 0 0 0 0 0 0 7 9 11 14 6 12
 1.650000E+01 8 0 0 0 0 0 0 0 0 0 0 0 6 8 12 14 8 6
 1.700000E+01 8 0 0 0 0 0 0 0 0 0 0 0 13 4 9 9 7 8
 1.750000E+01 2 0 0 0 0 0 0 0 0 0 0 0 12 10 9 9 9 8
 1.800000E+01 5 0 0 0 0 0 0 0 0 0 0 0 7 11 10 10 11 8
 1.850000E+01 5 0 0 0 0 0 0 0 0 0 0 0 13 8 8 8 17 11
 1.900000E+01 3 0 0 0 0 0 0 0 0 0 0 0 9 7 11 12 15 12
 1.950000E+01 8 0 0 0 0 0 0 0 0 0 0 0 8 8 11 14 11 12
 2.000000E+01 5 0 0 0 0 0 0 0 0 0 0 0 9 6 11 9 11 14
 2.050000E+01 5 0 0 0 0 0 0 0 0 0 0 0 7 9 14 13 13 16
 2.100000E+01 7 0 0 0 0 0 0 0 0 1 0 0 9 12 11 11 11 10
 2.150000E+01 7 0 0 0 0 0 0 1 0 0 0 0 10 15 9 9 13 9
 2.200000E+01 4 0 0 0 0 0 0 0 0 1 0 0 14 11 8 8 15 11
 2.250000E+01 6 0 0 0 0 0 0 0 0 1 0 0 13 11 9 9 10 15
 2.300000E+01 11 0 0 0 0 0 0 0 0 0 0 0 9 11 7 13 15 14
 2.350000E+01 7 0 0 0 0 0 0 0 0 0 0 0 7 7 13 17 11 12
 2.400000E+01 9 0 0 0 0 0 0 0 0 0 0 0 13 11 15 12 9 7
 2.450000E+01 6 0 0 0 0 0 0 0 0 0 0 0 13 11 10 11 10 14
 2.500000E+01 6 0 0 0 0 0 0 1 0 0 0 0 13 15 12 6 15 12
 2.550000E+01 3 0 0 0 0 0 0 0 0 0 0 0 11 9 10 8 16 18
 2.600000E+01 7 0 0 0 0 0 0 0 0 0 0 0 5 12 14 13 15 14
 2.650000E+01 5 0 0 0 0 0 0 0 0 0 0 0 14 11 6 11 15 13
 2.700000E+01 7 0 0 0 0 0 0 0 0 0 0 0 7 16 8 10 16 15
 2.750000E+01 4 0 0 0 0 0 0 0 0 0 0 0 8 23 10 11 16 10
 2.800000E+01 4 0 0 0 0 0 0 0 0 0 0 0 11 19 13 9 16 10
 2.850000E+01 9 0 0 0 0 0 0 0 0 0 0 0 11 16 12 10 17 7
 2.900000E+01 6 0 0 0 0 0 0 0 0 0 0 0 8 15 10 7 17 10
 2.950000E+01 8 0 0 0 0 0 0 0 0 0 0 0 14 9 7 19 12 9
 3.000000E+01 5 0 0 0 0 0 0 0 0 0 0 0 17 9 6 20 13 9
 3.050000E+01 8 0 0 0 0 0 0 0 0 1 0 0 13 10 11 18 13 8
 3.100000E+01 7 0 0 0 0 0 0 0 0 1 0 0 9 10 7 14 14 20
 3.150000E+01 4 0 0 0 0 0 0 0 0 1 0 0 13 5 9 9 11 19
 3.200000E+01 4 0 0 0 0 0 0 0 0 0 0 0 15 9 10 10 11 15
 3.250000E+01 6 0 0 0 0 0 0 0 0 0 0 0 12 14 9 14 12 11
 3.300000E+01 1 0 0 0 0 0 0 0 0 0 0 0 13 12 12 13 12 12
 3.350000E+01 9 0 0 0 0 0 0 0 0 0 0 0 11 12 17 13 9 9
 3.400000E+01 10 0 0 0 0 0 0 0 0 0 0 0 13 12 9 15 11 11
 3.450000E+01 7 0 0 0 0 0 0 0 0 0 0 0 7 17 5 13 17 12
 3.500000E+01 8 0 0 0 0 0 0 0 0 0 0 0 7 12 14 12 19 15
 3.550000E+01 3 0 0 0 0 0 0 0 0 0 0 0 11 13 12 20 15 18
 3.600000E+01 4 0 0 0 0 0 0 0 0 0 0 0 13 15 12 12 10 19
 3.650000E+01 13 0 0 0 0 0 0 0 0 0 0 0 9 14 14 18 7 17
 3.700000E+01 8 0 0 0 0 0 0 0 0 0 0 0 8 9 20 20 8 13
 3.750000E+01 3 0 0 0 0 0 0 0 0 0 0 0 8 6 18 17 14 19
 3.800000E+01 10 0 0 0 0 0 0 0 0 0 0 0 11 8 12 17 14 13
 3.850000E+01 8 0 0 0 0 0 0 0 0 0 0 0 11 11 8 20 21 11
 3.900000E+01 5 0 0 0 0 0 0 0 0 0 0 0 15 11 6 20 18 15
 3.950000E+01 2 0 0 0 0 0 0 0 0 0 0 0 12 12 10 15 19 20
 4.000000E+01 9 0 0 0 0 0 0 0 0 0 0 0 18 13 11 14 12 17
 4.050000E+01 9 0 0 0 0 0 0 0 0 0 0 0 16 12 12 13 12 18
 4.100000E+01 6 0 0 0 0 0 0 1 0 0 0 0 10 14 12 15 19 24
 4.150000E+01 2 0 0 0 0 0 0 0 0 1 0 0 13 12 10 12 20 20
 4.200000E+01 12 0 0 0 0 0 0 0 0 0 0 0 14 13 13 14 15 24
 4.250000E+01 3 0 0 0 0 0 0 0 0 0 0 0 16 12 12 16 16 21
 4.300000E+01 8 0 0 0 0 0 0 0 0 0 0 0 17 9 14 16 15 18
 4.350000E+01 6 0 0 0 0 0 0 0 0 1 0 0 17 6 17 17 16 13
 4.400000E+01 7 0 0 0 0 0 0 0 0 0 0 0 18 7 21 17 17 22
 4.450000E+01 10 0 0 0 0 0 0 0 0 0 0 0 15 11 17 15 19 22
 4.500000E+01 7 0 0 0 0 0 0 0 0 0 0 0 15 11 20 11 19 18
 4.550000E+01 9 0 0 0 0 0 0 0 0 0 0 0 15 10 16 14 18 15
 4.600000E+01 8 0 0 0 0 0 0 0 0 0 0 0 23 14 14 13 16 20
 4.650000E+01 3 0 0 0 0 0 0 0 0 0 0 0 17 9 11 12 23 14
 4.700000E+01 11 0 0 0 0 0 0 0 0 0 0 0 18 15 10 23 16 9
 4.750000E+01 10 0 0 0 0 0 0 0 0 0 0 0 21 17 12 16 18 10
 4.800000E+01 8 0 0 0 0 0 0 0 0 0 0 0 17 15 17 16 15 6
 4.850000E+01 7 0 0 0 0 0 0 0 0 0 0 0 17 19 17 16 14 11
 4.900000E+01 5 0 0 0 0 0 0 0 0 0 0 0 16 19 19 11 16 10
 4.950000E+01 4 0 0 0 0 0 0 0 0 0 0 0 18 13 20 11 16 14
 5.000000E+01 3 0 0 0 0 0 0 0 0 0 0 0 16 11 22 20 16 14
 5.050000E+01 8 0 0 0 0 0 0 0 0 0 0 0 17 17 14 23 17 12
 5.100000E+01 9 0 0 0 0 1 0 0 0 0 0 0 15 14 20 20 15 9
 5.150000E+01 9 0 0 0 0 0 0 0 0 0 0 0 11 18 19 21 16 14
 5.200000E+01 6 0 0 0 0 0 0 0 0 0 0 0 17 17 16 19 16 14
 5.250000E+01 11 0 0 0 0 0 0 0 0 0 0 0 11 17 14 18 20 12
 5.300000E+01 10 0 0 0 0 0 0 0 0 0 0 0 11 23 13 15 27 12
 5.350000E+01 5 0 0 0 0 0 0 0 0 0 0 0 14 17 13 14 23 12
 5.400000E+01 11 0 0 0 0 0 0 0 0 0 0 0 18 21 8 16 22 11
 5.450000E+01 5 0 0 0 0 0 0 1 0 0 0 0 17 22 16 21 12 15
 5.500000E+01 14 0 0 0 0 0 0 0 0 1 0 0 15 15 19 22 12 17
 5.550000E+01 9 0 0 0 0 0 0 0 0 1 0 0 16 19 16 19 17 11
 5.600000E+01 8 0 0 0 0 0 0 0 0 0 0 0 15 18 17 18 17 14
 5.650000E+01 10 0 0 0 0 0 0 0 0 0 0 0 14 21 17 20 18 11
 5.700000E+01 12 0 0 0 0 0 0 0 0 0 0 0 13 26 16 15 21 14
 5.750000E+01 9 0 0 0 0 0 0 0 0 0 0 0 15 21 17 10 27 12
 5.800000E+01 6 0 0 0 0 0 0 0 0 1 0 0 7 21 21 16 20 16
 5.850000E+01 7 0 0 0 0 0 0 0 0 0 0 0 12 20 20 17 20 13
 5.900000E+01 5 0 0 0 0 0 0 0 0 0 0 0 11 17 15 20 18 15
 5.950000E+01 6 0 0 0 0 0 0 0 0 0 0 0 15 22 16 16 16 18
 6.000000E+01 2 0 0 0 0 0 0 0 0 0 0 0 26 18 12 14 12 20
 6.050000E+01 9 0 0 0 0 0 0 0 0 0 0 0 21 15 19 18 15 15
 6.100000E+01 3 0 0 0 0 0 0 0 0 0 0 0 20 11 21 18 19 13
 6.150000E+01 10 0 0 0 0 0 0 0 0 0 0 0 17 13 18 19 15 16
 6.200000E+01 5 0 0 0 0 0 0 0 0 0 0 0 19 12 15 23 22 14
 6.250000E+01 7 0 0 0 0 0 0 0 0 0 0 0 19 16 24 13 24 11
 6.300000E+01 5 0 0 0 0 0 0 0 0 0 0 0 23 14 22 16 23 9
 6.350000E+01 5 0 0 0 0 0 0 0 0 0 0 0 19 15 21 18 18 15
 6.400000E+01 5 0 0 0 0 0 0 0 0 0 0 0 16 13 26 13 21 16
 6.450000E+01 11 0 0 0 0 0 0 0 0 1 0 0 15 15 17 15 23 20
 6.500000E+01 10 0 0 0 0 0 0 0 0 0 0 0 15 15 13 17 15 24
 6.550000E+01 11 0 0 0 0 0 0 0 0 0 0 0 19 20 15 14 8 24
 6.600000E+01 7 0 0 0 0 0 0 0 0 0 0 0 18 24 19 10 12 23
 6.650000E+01 12 0 0 0 0 0 0 0 0 0 0 0 21 16 22 11 14 22
 6.700000E+01 6 0 0 0 0 0 0 0 0 0 0 0 20 20 24 14 14 23
 6.750000E+01 5 0 0 0 0 0 0 0 0 0 0 0 17 21 20 12 14 19
 6.800000E+01 8 0 0 0 0 0 0 0 0 0 0 0 15 23 25 12 14 15
 6.850000E+01 8 0 0 0 0 0 0 0 0 0 0 0 13 21 16 17 18 12
 6.900000E+01 10 0 0 0 0 0 0 0 0 0 0 0 14 19 20 20 13 15
 6.950000E+01 4 0 0 0 0 0 0 0 0 0 0 0 12 18 18 17 12 13
 7.000000E+01 9 0 0 0 0 0 0 0 0 0 0 0 18 18 16 16 10 15
 7.050000E+01 4 0 0 0 0 0 0 0 0 0 0 0 20 10 20 17 14 10
 7.100000E+01 7 0 0 0 0 0 0 1 0 0 0 0 19 10 17 21 16 14
 7.150000E+01 8 0 0 0 0 0 0 0 0 2 0 0 21 13 15 16 19 14
 7.200000E+01 11 0 0 0 0 0 0 0 0 1 0 0 13 14 17 26 16 15
 7.250000E+01 7 0 0 0 0 0 0 0 0 0 0 0 18 9 19 13 14 16
 7.300000E+01 6 0 0 0 0 0 0 0 0 0 0 0 11 18 17 18 23 11
 7.350000E+01 8 0 0 0 0 0 0 0 0 0 0 0 14 19 19 14 20 9
 7.400000E+01 8 0 0 0 0 0 0 0 0 0 0 0 15 20 15 16 19 11
 7.450000E+01 5 0 0 0 0 0 0 0 0 0 0 0 15 16 16 18 17 20
 7.500000E+01 12 0 0 0 0 0 0 0 0 1 0 0 16 20 18 18 14 13
 7.550000E+01 5 0 0 0 0 0 0 0 0 0 0 0 14 13 24 24 13 14
 7.600000E+01 6 0 0 0 0 0 0 0 0 0 0 0 12 13 25 18 21 14
 7.650000E+01 7 0 0 0 0 0 0 1 0 0 0 0 15 13 18 16 23 18
 7.700000E+01 9 0 0 0 0 0 0 0 0 1 0 0 18 12 19 11 18 14
 7.750000E+01 12 0 0 0 0 0 0 0 0 1 0 0 23 15 18 11 18 12
 7.800000E+01 14 0 0 0 0 0 0 0 0 1 0 0 18 17 17 9 22 7
 7.850000E+01 6 0 0 0 0 0 0 0 0 1 0 0 19 28 17 14 14 15
 7.900000E+01 6 0 0 0 0 0 0 0 0 0 0 0 21 19 15 18 14 10
 7.950000E+01 9 0 0 0 0 0 0 0 0 0 0 0 20 20 19 18 21 12
 8.000000E+01 9 0 0 0 0 0 0 0 0 0 0 0 16 11 19 18 22 17
 8.050000E+01 7 0 0 0 0 0 0 0 0 0 0 0 20 16 10 16 21 13
 8.100000E+01 6 0 0 0 0 0 0 0 0 0 0 0 12 16 13 22 15 17
 8.150000E+01 5 0 0 0 0 0 0 0 0 0 0 0 11 18 14 15 17 28
 8.200000E+01 13 0 0 0 0 0 0 0 0 0 0 0 16 17 18 23 18 15
 8.250000E+01 4 0 0 0 0 0 0 0 0 0 0 0 11 21 20 21 17 15
 8.300000E+01 5 0 0 0 0 0 0 0 0 0 0 0 12 25 19 14 20 15
 8.350000E+01 10 0 0 0 0 0 0 0 0 0 0 0 15 18 10 15 20 17
 8.400000E+01 3 0 0 0 0 0 0 0 0 1 0 0 15 14 14 17 18 22
 8.450000E+01 3 0 0 0 0 0 0 1 0 0 0 0 19 18 15 17 13 27
 8.500000E+01 3 0 0 0 0 0 0 0 0 1 0 0 14 15 13 19 15 26
 8.550000E+01 9 0 0 0 0 0 0 0 0 1 0 0 14 21 14 15 16 20
 8.600000E+01 8 0 0 0 0 0 0 0 0 0 0 0 16 19 16 15 14 23
 8.650000E+01 2 0 0 0 0 0 0 0 0 0 0 0 17 18 12 17 17 18
 8.700000E+01 11 0 0 0 0 0 0 0 0 0 0 0 15 21 22 18 18 14
 8.750000E+01 12 0 0 0 0 0 0 0 0 0 0 0 19 18 17 16 22 21
 8.800000E+01 8 0 0 0 0 0 0 0 0 0 0 0 20 17 15 17 21 20
 8.850000E+01 7 0 0 0 0 0 0 0 0 1 0 0 18 17 11 15 23 17
 8.900000E+01 8 0 0 0 0 0 0 0 0 1 0 0 18 18 11 16 20 15
 8.950000E+01 19 0 0 0 0 0 0 0 0 1 0 0 17 15 10 12 22 15
 9.000000E+01 10 0 0 0 0 0 0 0 0 0 0 0 23 15 16 12 20 22
 9.050000E+01 11 0 0 0 0 0 0 0 0 0 0 0 21 19 15 13 15 21
 9.100000E+01 12 0 0 0 0 0 0 0 0 0 0 0 17 18 11 14 16 22
 9.150000E+01 14 0 0 0 0 0 0 0 0 0 0 0 18 16 18 14 12 21
 9.200000E+01 4 0 0 0 0 0 0 0 0 1 0 0 19 23 18 14 9 19
 9.250000E+01 6 0 0 0 0 0 0 0 0 0 0 0 14 23 25 19 10 15
 9.300000E+01 8 0 0 0 0 0 0 0 0 0 0 0 13 21 21 20 13 17
 9.350000E+01 10 0 0 0 0 0 0 0 0 0 0 0 14 15 17 16 19 17
 9.400000E+01 7 0 0 0 0 0 0 0 0 0 0 0 21 20 12 17 20 14
 9.450000E+01 11 0 0 0 0 0 0 0 0 0 0 0 17 16 11 16 18 13
 9.500000E+01 12 0 0 0 0 0 0 0 0 0 0 0 18 15 17 17 20 16
 9.550000E+01 9 0 0 0 0 0 0 0 0 0 0 0 22 12 11 14 17 15
 9.600000E+01 11 0 0 0 0 0 0 0 0 0 0 0 15 16 16 20 19 11
 9.650000E+01 6 0 0 0 0 0 0 0 0 0 0 0 16 13 20 19 19 11
 9.700000E+01 7 0 0 0 0 0 0 0 0 0 0 0 14 12 18 21 20 17
 9.750000E+01 6 0 0 0 0 0 0 0 0 0 0 0 11 19 17 21 22 14
 9.800000E+01 6 0 0 0 0 0 0 0 0 0 0 0 19 11 22 17 17 16
 9.850000E+01 6 0 0 0 0 0 0 0 0 0 0 0 15 11 16 18 18 17
 9.900000E+01 8 0 0 0 0 0 0 0 0 0 0 0 14 15 9 26 23 17
 9.950000E+01 11 0 0 0 0 0 0 0 0 0 0 0 9 11 15 19 27 16
 1.000000E+02 9 0 0 0 0 0 0 0 0 0 0 0 18 13 16 14 24 17
 1.005000E+02 10 0 0 0 0 0 0 0 0 0 0 0 18 15 20 16 20 17
 1.010000E+02 2 0 0 0 0 0 0 0 0 0 0 0 18 13 20 26 20 14
 1.015000E+02 7 0 0 0 0 0 0 0 0 0 0 0 20 17 20 16 19 18
 1.020000E+02 8 0 0 0 0 0 0 0 0 0 0 0 20 12 12 22 21 18
 1.025000E+02 9 0 0 0 0 0 0 0 0 0 0 0 20 21 8 21 22 16
 1.030000E+02 5 0 0 0 0 0 0 0 0 0 0 0 16 16 16 21 19 21
 1.035000E+02 5 0 0 0 0 0 0 0 0 0 0 0 14 11 18 14 22 19
 1.040000E+02 3 0 0 0 0 0 0 0 0 0 0 0 14 17 17 18 14 23
 1.045000E+02 10 0 0 0 0 0 0 0 0 0 0 0 15 16 18 17 18 23
 1.050000E+02 9 0 0 0 0 0 0 0 0 0 0 0 15 24 15 19 14 9
 1.055000E+02 7 0 0 0 0 0 0 0 0 0 0 0 15 26 15 18 15 18
 1.060000E+02 6 0 0 0 0 0 0 0 0 0 0 0 19 20 19 8 17 24
 1.065000E+02 12 0 0 0 0 0 0 0 0 0 0 0 19 24 19 16 12 22
 1.070000E+02 13 0 0 0 0 0 0 0 0 0 0 0 15 24 20 12 10 17
 1.075000E+02 12 0 0 0 0 0 0 0 0 0 0 0 15 25 12 17 12 27
 1.080000E+02 11 0 0 0 0 0 0 0 0 0 0 0 17 23 14 23 13 19
 1.085000E+02 6 0 0 0 0 0 0 0 0 0 0 0 12 19 15 24 13 30
 1.090000E+02 13 0 0 0 0 0 0 0 0 0 0 0 15 19 17 17 15 21
 1.095000E+02 9 0 0 0 0 0 0 0 0 0 0 0 15 21 13 16 17 15
 1.100000E+02 12 0 0 0 0 0 0 0 0 0 0 0 19 18 19 19 18 22
 1.105000E+02 8 0 0 0 0 0 0 0 0 1 0 0 16 23 15 25 17 17
 1.110000E+02 7 0 0 0 0 0 0 0 0 1 0 0 16 21 15 20 12 13
 1.115000E+02 2 0 0 0 0 0 0 0 0 1 0 0 22 19 17 20 10 20
 1.120000E+02 8 0 0 0 0 0 0 1 0 0 0 0 18 22 21 19 9 16
 1.125000E+02 7 0 0 0 0 0 0 0 0 0 0 0 13 16 22 27 13 17
 1.130000E+02 13 0 0 0 0 0 0 0 0 0 0 0 15 12 22 19 15 15
 1.135000E+02 10 0 0 0 0 0 0 0 0 0 0 0 14 13 20 22 18 17
 1.140000E+02 6 0 0 0 0 0 0 0 0 0 0 0 20 17 12 19 20 15
 1.145000E+02 11 0 0 0 0 0 0 0 0 0 0 0 19 11 19 21 21 21
 1.150000E+02 14 0 0 0 0 0 0 0 0 0 0 0 17 16 16 16 22 15
 1.155000E+02 11 0 0 0 0 0 0 0 0 0 0 0 20 16 31 15 21 11
 1.160000E+02 8 0 0 0 0 0 0 0 0 0 0 0 19 14 34 18 17 11
 1.165000E+02 7 0 0 0 0 0 0 0 0 0 0 0 22 16 24 15 17 16
 1.170000E+02 12 0 0 0 0 0 0 0 0 0 0 0 24 21 14 17 22 11
 1.175000E+02 8 0 0 0 0 0 0 0 0 0 0 0 20 12 21 15 24 12
 1.180000E+02 5 0 0 0 0 0 0 0 0 0 0 0 20 12 11 21 14 18
 1.185000E+02 6 0 0 0 0 0 0 0 0 0 0 0 21 8 16 15 16 24
 1.190000E+02 7 0 0 0 0 0 0 0 0 0 0 0 26 14 17 15 17 18
 1.195000E+02 4 0 0 0 0 0 0 0 0 0 0 0 30 12 17 19 18 14
 1.200000E+02 10 0 0 0 0 0 0 0 0 0 0 0 26 12 20 19 15 16
 1.205000E+02 10 0 0 0 0 0 0 0 0 0 0 0 20 11 21 16 17 20
 1.210000E+02 9 0 0 0 0 0 0 0 0 0 0 0 19 15 17 14 14 17
 1.215000E+02 10 0 0 0 0 0 0 0 0 0 0 0 16 18 10 20 20 25
 1.220000E+02 10 0 0 0 0 1 0 0 0 0 0 0 19 15 12 21 18 20
 1.225000E+02 15 0 0 0 0 0 0 1 0 0 0 0 15 16 12 22 24 17
 1.230000E+02 7 0 0 0 0 0 0 0 0 1 0 0 16 19 15 30 17 17
 1.235000E+02 4 0 0 0 0 0 0 0 0 0 0 0 14 24 12 24 19 18
 1.240000E+02 4 0 0 0 0 0 0 0 0 0 0 0 16 19 15 19 18 12
 1.245000E+02 6 0 0 0 0 0 0 0 0 0 0 0 16 17 17 24 21 16
 1.250000E+02 13 0 0 0 0 0 0 0 0 0 0 0 13 19 16 17 21 19
 1.255000E+02 9 0 0 0 0 0 0 0 0 0 0 0 16 16 17 18 25 18
 1.260000E+02 10 0 0 0 0 0 0 0 0 0 0 0 17 17 11 17 23 21
 1.265000E+02 6 0 0 0 0 0 0 0 0 0 0 0 16 17 12 20 24 18
 1.270000E+02 7 0 0 0 0 0 0 0 0 0 0 0 24 14 13 19 18 16
 1.275000E+02 12 0 0 0 0 0 0 0 0 0 0 0 23 21 13 12 19 18
 1.280000E+02 7 0 0 0 0 0 0 0 0 0 0 0 20 26 17 20 20 12
 1.285000E+02 10 0 0 0 0 0 0 0 0 0 0 0 10 19 17 20 22 19
 1.290000E+02 12 0 0 0 0 0 0 0 0 0 0 0 13 21 16 23 17 19
 1.295000E+02 13 0 0 0 0 0 0 0 0 3 0 0 15 18 17 22 18 23
 1.300000E+02 6 0 0 0 0 0 0 1 0 0 0 0 19 20 14 15 15 22
 1.305000E+02 8 0 0 0 0 0 0 0 0 0 0 0 14 17 19 26 19 18
 1.310000E+02 15 0 0 0 0 0 0 0 0 0 0 0 18 24 15 19 15 16
 1.315000E+02 10 0 0 0 0 0 0 0 0 0 0 0 18 16 15 17 14 17
 1.320000E+02 10 0 0 0 0 0 0 0 0 0 0 0 13 12 16 28 20 17
 1.325000E+02 9 0 0 0 0 0 0 0 0 0 0 0 14 16 15 29 17 15
 1.330000E+02 10 0 0 0 0 0 0 0 0 0 0 0 16 16 17 24 21 18
 1.335000E+02 12 0 0 0 0 0 0 0 0 0 0 0 14 14 24 26 21 14
 1.340000E+02 7 0 0 0 0 0 0 0 0 1 0 0 14 22 17 16 22 21
 1.345000E+02 7 0 0 0 0 0 0 0 0 0 0 0 12 17 21 15 24 21
 1.350000E+02 13 0 0 0 0 0 0 0 0 0 0 0 17 16 22 19 17 21
 1.355000E+02 9 0 0 0 0 0 0 0 0 0 0 0 17 15 12 16 27 23
 1.360000E+02 9 0 0 0 0 0 0 0 0 0 0 0 17 12 24 16 19 27
 1.365000E+02 11 0 0 0 0 0 0 0 0 0 0 0 19 19 25 11 15 17
 1.370000E+02 4 0 0 0 0 0 0 0 0 0 0 0 16 26 22 10 18 12
 1.375000E+02 10 0 0 0 0 0 0 0 0 0 0 0 24 20 18 14 19 14
 1.380000E+02 8 0 0 0 0 0 0 0 0 0 0 0 16 20 15 17 16 11
 1.385000E+02 6 0 0 0 0 0 0 0 0 0 0 0 18 12 18 20 30 15
 1.390000E+02 13 0 0 0 0 0 0 0 0 0 0 0 18 13 13 16 31 19
 1.395000E+02 3 0 0 0 0 0 0 0 0 1 0 0 26 15 13 20 22 11
 1.400000E+02 8 0 0 0 0 0 0 0 0 0 0 0 20 15 14 22 26 9
 1.405000E+02 11 0 0 0 0 0 0 0 0 0 0 0 19 13 20 22 23 12
 1.410000E+02 9 0 0 0 0 0 0 0 0 0 0 0 15 13 14 20 23 12
 1.415000E+02 8 0 0 0 0 0 0 0 0 0 0 0 13 9 24 23 19 22
 1.420000E+02 6 0 0 0 0 0 0 0 0 0 0 0 17 10 22 20 17 21
 1.425000E+02 9 0 0 0 0 0 0 0 0 1 0 0 21 15 19 21 19 13
 1.430000E+02 11 0 0 0 0 0 0 2 0 0 0 0 15 22 18 18 27 17
 1.435000E+02 7 0 0 0 0 0 0 0 0 1 0 0 13 17 19 20 20 12
 1.440000E+02 8 0 0 0 0 0 0 0 0 0 0 0 21 17 13 22 28 14
 1.445000E+02 8 0 0 0 0 0 0 0 0 0 0 0 21 21 14 17 29 11
 1.450000E+02 15 0 0 0 0 0 0 0 0 0 0 0 16 14 17 21 24 10
 1.455000E+02 11 0 0 0 0 0 0 0 0 0 0 0 16 16 12 18 17 16
 1.460000E+02 11 0 0 0 0 0 0 0 0 0 0 0 18 17 22 19 17 19
 1.465000E+02 6 0 0 0 0 0 0 0 0 0 0 0 15 11 23 17 19 22
 1.470000E+02 7 0 0 0 0 0 0 0 0 1 0 0 20 10 20 15 17 17
 1.475000E+02 4 0 0 0 0 0 0 0 0 1 0 0 22 14 18 17 17 18
 1.480000E+02 10 0 0 0 0 0 0 0 0 1 0 0 25 16 22 20 10 20
 1.485000E+02 7 0 0 0 0 0 0 1 0 0 0 0 18 16 17 17 13 10
 1.490000E+02 7 0 0 0 0 0 0 0 0 0 0 0 18 17 19 20 13 14
 1.495000E+02 7 0 0 0 0 0 0 0 0 0 0 0 19 22 21 16 17 13
 1.500000E+02 13 0 0 0 0 0 0 0 0 0 0 0 17 23 18 16 15 21
 1.505000E+02 9 0 0 0 0 0 0 0 0 0 0 0 15 30 16 17 12 12
 1.510000E+02 8 0 0 0 0 0 0 0 0 0 0 0 20 21 18 21 16 10
 1.515000E+02 6 0 0 0 0 0 0 0 0 0 0 0 20 15 17 18 19 19
 1.520000E+02 7 0 0 0 0 0 0 0 0 0 0 0 18 11 13 16 20 24
 1.525000E+02 6 0 0 0 0 0 0 0 0 0 0 0 20 18 14 18 19 22
 1.530000E+02 9 0 0 0 0 0 0 0 0 0 0 0 16 22 12 16 28 10
 1.535000E+02 8 0 0 0 0 0 0 0 0 0 0 0 19 16 15 16 23 16
 1.540000E+02 7 0 0 0 0 0 0 0 0 0 0 0 23 19 14 16 22 16
 1.545000E+02 8 0 0 0 0 0 0 0 0 0 0 0 19 24 16 16 18 16
 1.550000E+02 7 0 0 0 0 0 0 0 0 0 0 0 21 13 10 22 19 25
 1.555000E+02 4 0 0 0 0 0 0 0 0 0 0 0 22 17 11 12 18 21
 1.560000E+02 7 0 0 0 0 0 0 0 0 0 0 0 19 18 10 15 19 17
 1.565000E+02 11 0 0 0 0 0 0 0 0 0 0 0 18 14 17 21 19 13
 1.570000E+02 13 0 0 0 0 0 0 0 0 0 0 0 15 24 20 16 31 7
 1.575000E+02 11 0 0 0 0 0 0 0 0 1 0 0 15 22 18 11 22 16
 1.580000E+02 2 0 0 0 0 0 0 0 0 0 0 0 13 23 15 15 15 20
 1.585000E+02 10 0 0 0 0 0 0 0 0 0 0 0 19 19 20 13 18 21
 1.590000E+02 5 0 0 0 0 0 0 0 0 0 0 0 19 19 16 15 17 20
 1.595000E+02 9 0 0 0 0 0 0 0 0 0 0 0 16 9 22 18 20 20
 1.600000E+02 10 0 0 0 0 0 0 0 0 0 0 0 16 11 13 17 20 23
 1.605000E+02 10 0 0 0 0 0 0 0 0 0 0 0 12 11 13 18 20 22
 1.610000E+02 9 0 0 0 0 0 0 0 0 0 0 0 16 18 18 15 18 24
 1.615000E+02 7 0 0 0 0 0 0 0 0 0 0 0 24 18 11 15 15 20
 1.620000E+02 7 0 0 0 0 0 0 0 0 0 0 0 24 19 19 14 17 15
 1.625000E+02 7 0 0 0 0 0 0 0 0 0 0 0 18 15 22 21 15 12
 1.630000E+02 10 0 0 0 0 0 0 0 0 0 0 0 12 14 27 18 18 12
 1.635000E+02 10 0 0 0 0 0 0 0 0 0 0 0 16 14 19 19 16 12
 1.640000E+02 7 0 0 0 0 0 0 0 0 1 0 0 14 11 17 18 11 11
 1.645000E+02 4 0 0 0 0 0 0 0 0 1 0 0 22 20 18 18 8 12
 1.650000E+02 10 0 0 0 0 0 0 0 0 1 0 0 18 22 15 19 11 18
 1.655000E+02 4 0 0 0 0 1 0 1 0 0 0 0 15 27 17 16 18 18
 1.660000E+02 20 0 0 0 0 0 0 0 0 0 0 0 16 19 12 21 19 15
 1.665000E+02 7 0 0 0 0 0 0 0 0 0 0 0 10 18 17 20 17 19
 1.670000E+02 11 0 0 0 0 0 0 0 0 0 0 0 12 19 20 11 22 14
 1.675000E+02 11 0 0 0 0 0 0 0 0 0 0 0 16 30 18 15 20 16
 1.680000E+02 10 0 0 0 0 0 0 0 0 0 0 0 13 17 21 14 24 16
 1.685000E+02 5 0 0 0 0 0 0 0 0 0 0 0 15 9 18 14 21 21
 1.690000E+02 10 0 0 0 0 0 0 0 0 0 0 0 18 15 14 19 17 20
 1.695000E+02 7 0 0 0 0 0 0 0 0 0 0 0 21 17 9 19 12 19
 1.700000E+02 5 0 0 0 0 0 0 0 0 0 0 0 17 19 9 21 17 19
 1.705000E+02 7 0 0 0 0 0 0 0 0 1 0 0 20 15 16 20 12 25
 1.710000E+02 8 0 0 0 0 0 0 1 0 0 0 0 14 14 12 19 20 30
 1.715000E+02 8 0 0 0 0 0 0 0 0 0 0 0 18 17 12 22 19 28
 1.720000E+02 5 0 0 0 0 0 0 0 0 0 0 0 20 17 16 17 20 19
 1.725000E+02 8 0 0 0 0 0 0 0 0 0 0 0 25 20 16 13 15 19
 1.730000E+02 7 0 0 0 0 0 0 0 0 0 0 0 24 21 22 11 20 19
 1.735000E+02 7 0 0 0 0 0 0 0 0 0 0 0 19 15 23 14 19 18
 1.740000E+02 12 0 0 0 0 0 0 0 0 0 0 0 15 21 24 16 18 18
 1.745000E+02 14 0 0 0 0 0 0 0 0 0 0 0 11 15 28 16 21 22
 1.750000E+02 9 0 0 0 0 0 0 0 0 1 0 0 16 14 12 18 20 21
 1.755000E+02 8 0 0 0 0 0 0 0 0 0 0 0 14 19 12 19 22 15
 1.760000E+02 6 0 0 0 0 0 0 0 0 1 0 0 15 14 20 17 18 14
 1.765000E+02 4 0 0 0 0 0 0 0 0 1 0 0 26 14 22 15 20 11
 1.770000E+02 10 0 0 0 0 0 0 0 0 0 0 0 19 11 21 15 10 15
 1.775000E+02 4 0 0 0 0 0 0 0 0 0 0 0 24 12 14 18 15 24
 1.780000E+02 11 0 0 0 0 0 0 0 0 0 0 0 16 15 14 14 23 14
 1.785000E+02 6 0 0 0 0 0 0 0 0 0 0 0 14 14 11 16 21 11
 1.790000E+02 7 0 0 0 0 0 0 1 0 0 0 0 17 16 15 18 16 11
 1.795000E+02 4 0 0 0 0 0 0 0 0 1 0 0 14 14 19 14 18 16
 1.800000E+02 9 0 0 0 0 0 0 0 0 0 0 0 11 15 19 15 19 11
 1.805000E+02 6 0 0 0 0 0 0 0 0 0 0 0 14 14 14 18 19 16
 1.810000E+02 7 0 0 0 0 0 0 0 0 0 0 0 16 13 9 21 22 23
 1.815000E+02 9 0 0 0 0 0 0 0 0 0 0 0 18 14 8 23 20 16
 1.820000E+02 4 0 0 0 0 0 0 0 0 0 0 0 15 15 13 27 14 16
 1.825000E+02 7 0 0 0 0 0 0 0 0 0 0 0 16 12 13 28 15 15
 1.830000E+02 9 0 0 0 0 0 0 0 0 0 0 0 17 15 23 16 22 17
 1.835000E+02 10 0 0 0 0 0 0 0 0 0 0 0 23 14 17 14 18 14
 1.840000E+02 7 0 0 0 0 0 0 0 0 0 0 0 17 18 16 18 20 12
 1.845000E+02 11 0 0 0 0 0 0 0 0 0 0 0 12 13 14 21 20 15
 1.850000E+02 7 0 0 0 0 0 0 0 0 0 0 0 20 14 18 16 14 9
 1.855000E+02 6 0 0 0 0 0 0 0 0 0 0 0 18 8 20 22 9 19
 1.860000E+02 13 0 0 0 0 0 0 0 0 0 0 0 16 12 19 18 13 14
 1.865000E+02 8 0 0 0 0 0 0 0 0 0 0 0 25 15 13 17 17 14
 1.870000E+02 9 0 0 0 0 0 0 0 0 0 0 0 14 14 13 19 21 19
 1.875000E+02 5 0 0 0 0 0 0 0 0 0 0 0 12 19 18 14 16 22
 1.880000E+02 11 0 0 0 0 0 0 0 0 0 0 0 15 20 21 12 17 19
 1.885000E+02 8 0 0 0 0 0 0 0 0 0 0 0 20 15 18 16 23 11
 1.890000E+02 7 0 0 0 0 0 0 0 0 0 0 0 15 17 26 17 18 7
 1.895000E+02 3 0 0 0 0 0 0 0 0 0 0 0 20 17 19 21 19 12
 1.900000E+02 12 0 0 0 0 0 0 0 0 0 0 0 13 18 17 24 14 15
 1.905000E+02 6 0 0 0 0 0 0 0 0 0 0 0 10 18 16 23 20 15
 1.910000E+02 8 0 0 0 0 0 0 0 0 0 0 0 14 22 21 20 20 17
 1.915000E+02 8 0 0 0 0 0 0 0 0 1 0 0 13 18 20 14 19 17
 1.920000E+02 11 0 0 0 0 0 0 0 0 0 0 0 21 15 13 20 18 16
 1.925000E+02 12 0 0 0 0 0 0 0 0 0 0 0 21 18 17 20 10 19
 1.930000E+02 14 0 0 0 0 0 0 0 0 0 0 0 19 17 23 18 19 15
 1.935000E+02 7 0 0 0 0 0 0 0 0 0 0 0 24 15 23 8 24 18
 1.940000E+02 13 0 0 0 0 0 0 0 0 0 0 0 18 25 18 11 22 21
 1.945000E+02 10 0 0 0 0 0 0 0 0 0 0 0 14 16 19 15 18 21
 1.950000E+02 9 0 0 0 0 0 0 0 0 0 0 0 11 12 24 14 17 19
 1.955000E+02 6 0 0 0 0 0 0 0 0 0 0 0 18 17 23 18 15 21
 1.960000E+02 8 0 0 0 0 0 0 0 0 0 0 0 21 14 19 12 16 24
 1.965000E+02 15 0 0 0 0 0 0 1 0 0 0 0 19 20 18 10 19 22
 1.970000E+02 11 0 0 0 0 0 0 0 0 0 0 0 28 14 22 15 17 15
 1.975000E+02 8 0 0 0 0 0 0 0 0 0 0 0 20 18 15 12 16 13
 1.980000E+02 7 0 0 0 0 0 0 0 0 0 0 0 19 13 21 17 19 18
 1.985000E+02 7 0 0 0 0 0 0 0 0 0 0 0 22 15 23 14 20 14
 1.990000E+02 10 0 0 0 0 0 0 1 0 0 0 0 18 14 23 12 25 16
 1.995000E+02 11 0 0 0 0 0 0 0 0 1 0 0 20 24 23 14 22 13
 2.000000E+02 10 0 0 0 0 0 0 0 0 2 0 0 14 17 20 15 20 18
 2.005000E+02 7 0 0 0 0 0 0 0 0 1 0 1 24 18 18 14 12 17
 2.010000E+02 12 0 0 0 0 0 0 1 1 1 0 0 14 20 19 11 13 25
 2.015000E+02 12 0 0 0 0 0 0 0 0 1 0 1 16 20 12 15 16 22
 2.020000E+02 4 0 0 0 0 0 0 0 0 0 0 1 16 18 14 14 22 23
 2.025000E+02 9 0 0 0 0 0 0 0 0 0 0 0 13 16 10 13 22 16
 2.030000E+02 5 0 0 0 0 0 0 0 0 0 0 0 12 16 8 14 25 15
 2.035000E+02 5 0 0 0 0 0 0 0 0 0 0 0 20 17 10 21 16 11
 2.040000E+02 12 0 0 0 0 0 0 0 0 0 1 0 18 19 12 15 13 16
 2.045000E+02 5 0 0 0 0 0 0 0 0 0 0 0 12 21 20 14 14 12
 2.050000E+02 5 0 0 0 0 0 0 0 0 1 0 0 12 15 16 21 15 14
 2.055000E+02 4 0 0 0 0 0 0 0 0 0 1 0 15 18 21 21 12 16
 2.060000E+02 11 0 0 0 0 0 0 0 0 1 0 0 14 20 13 21 14 15
 2.065000E+02 7 0 0 0 0 0 0 0 0 1 0 0 15 21 9 22 13 19
 2.070000E+02 11 0 0 0 0 0 0 0 0 1 0 0 15 12 10 20 14 15
 2.075000E+02 13 0 0 0 0 0 0 0 1 0 0 0 16 14 19 20 11 14
 2.080000E+02 8 0 0 0 0 0 0 0 0 0 0 0 20 14 25 11 18 18
 2.085000E+02 9 0 0 0 0 0 0 0 0 0 0 0 18 16 17 16 16 13
 2.090000E+02 7 0 0 0 0 0 0 0 0 0 0 0 21 14 10 10 14 12
 2.095000E+02 11 0 0 0 0 0 0 0 0 0 0 0 20 15 10 16 16 12
 2.100000E+02 12 0 0 0 0 0 0 0 0 0 0 0 24 12 12 19 18 10
 2.105000E+02 16 0 0 0 0 0 0 0 0 0 0 0 18 15 10 16 12 8
 2.110000E+02 13 0 0 0 0 0 0 0 0 0 0 0 16 11 17 19 19 10
 2.115000E+02 5 0 0 0 0 0 0 0 0 0 0 0 17 14 17 25 15 14
 2.120000E+02 8 0 0 0 0 0 0 0 0 0 0 0 12 17 15 19 18 16
 2.125000E+02 8 0 0 1 0 0 0 0 0 0 0 0 14 12 11 21 15 12
 2.130000E+02 7 0 0 0 0 0 0 0 0 1 0 0 17 16 12 17 10 14
 2.135000E+02 3 0 0 0 0 0 0 0 0 0 0 1 24 17 17 18 9 17
 2.140000E+02 9 0 0 0 0 0 0 0 0 0 0 0 21 22 6 14 16 16
 2.145000E+02 11 0 0 0 0 0 0 0 0 0 0 0 15 20 10 12 27 15
 2.150000E+02 9 0 0 0 0 0 0 0 0 0 0 0 18 11 12 20 22 23
 2.155000E+02 10 0 0 0 0 0 0 0 0 1 0 0 11 10 7 13 26 17
 2.160000E+02 12 0 0 0 0 0 0 0 0 0 0 0 11 9 19 15 30 17
 2.165000E+02 11 0 0 0 0 0 0 0 0 0 0 0 13 15 14 14 23 19
 2.170000E+02 16 0 0 0 0 0 0 0 0 0 0 0 12 12 18 19 19 17
 2.175000E+02 14 0 0 0 0 0 0 0 0 0 0 0 13 16 16 10 18 20
 2.180000E+02 6 0 0 0 0 0 0 0 0 0 0 0 14 14 17 11 16 17
 2.185000E+02 6 0 0 0 0 0 0 0 0 0 0 0 18 12 12 11 15 15
 2.190000E+02 8 0 0 0 0 0 0 0 0 0 0 0 17 24 14 17 10 19
 2.195000E+02 9 0 0 0 0 0 0 0 0 0 0 0 13 15 15 13 9 20
 2.200000E+02 11 0 0 0 0 0 0 0 0 0 0 0 15 17 16 21 10 16
 2.205000E+02 9 0 0 0 0 0 0 0 0 0 0 0 21 17 20 19 7 17
 2.210000E+02 6 0 0 0 0 0 0 0 0 1 0 0 24 18 13 18 14 16
 2.215000E+02 9 0 0 0 0 0 0 0 0 0 0 0 18 12 20 18 13 23
 2.220000E+02 9 0 0 0 0 0 0 0 0 1 0 0 17 12 13 15 15 21
 2.225000E+02 7 0 0 0 0 0 0 0 0 0 0 0 13 18 14 15 9 24
 2.230000E+02 4 0 0 0 0 0 0 0 0 0 0 0 7 18 13 16 10 16
 2.235000E+02 9 0 0 0 0 0 0 0 0 0 0 0 11 12 18 6 19 18
 2.240000E+02 4 0 0 0 0 0 0 0 0 0 0 0 14 11 14 12 16 16
 2.245000E+02 8 0 0 0 0 0 0 0 0 0 0 0 18 18 12 13 18 16
 2.250000E+02 11 0 0 0 0 0 0 0 0 0 0 0 18 25 14 15 17 19
 2.255000E+02 5 0 0 0 0 0 0 0 0 0 0 0 17 20 11 14 15 15
 2.260000E+02 3 0 0 0 0 0 0 0 0 0 0 0 19 16 14 18 18 12
 2.265000E+02 10 0 0 0 0 0 0 0 0 0 0 0 21 21 16 16 15 12
 2.270000E+02 10 0 0 0 0 0 0 0 0 0 0 0 17 23 18 13 13 20
 2.275000E+02 6 0 0 0 0 0 0 0 0 0 0 0 15 20 12 21 15 19
 2.280000E+02 7 0 0 0 0 0 0 0 0 0 0 0 13 25 16 25 15 20
 2.285000E+02 9 0 0 0 0 0 0 0 0 0 0 0 12 27 17 17 15 27
 2.290000E+02 15 0 0 0 0 0 0 0 0 0 0 0 10 21 14 18 13 21
 2.295000E+02 6 0 0 0 0 0 0 0 0 1 0 0 12 20 24 20 17 18
 2.300000E+02 7 0 0 0 0 0 0 0 0 0 0 1 15 16 15 21 16 19
 2.305000E+02 11 0 0 0 0 0 0 0 0 0 0 0 15 14 11 18 22 18
 2.310000E+02 12 0 0 0 0 0 0 0 0 0 0 0 11 17 12 17 13 25
 2.315000E+02 13 0 0 0 0 0 0 0 0 0 0 0 13 20 11 22 13 24
 2.320000E+02 10 0 0 0 0 0 0 0 0 0 0 0 11 17 6 17 11 24
 2.325000E+02 7 0 0 0 0 0 0 0 0 0 0 0 10 17 12 20 19 15
 2.330000E+02 4 0 0 0 0 0 0 0 0 0 0 0 18 19 13 23 13 15
 2.335000E+02 10 0 0 0 0 0 0 0 0 0 0 0 23 16 5 20 18 15
 2.340000E+02 7 0 0 0 0 0 0 0 0 0 0 0 23 17 11 15 15 21
 2.345000E+02 7 0 0 0 0 0 0 0 0 0 1 0 20 13 16 12 19 19
 2.350000E+02 5 0 0 0 0 0 0 0 0 1 0 0 15 13 16 14 17 17
 2.355000E+02 13 0 0 1 0 0 0 0 0 0 0 0 15 21 15 14 14 18
 2.360000E+02 12 0 0 1 0 0 0 0 0 0 0 0 15 18 18 18 14 14
 2.365000E+02 11 0 0 0 0 0 0 0 0 0 0 0 17 15 16 20 15 14
 2.370000E+02 5 0 0 0 0 0 0 0 0 0 0 0 13 16 19 15 18 14
 2.375000E+02 12 0 0 0 0 0 0 0 0 0 0 0 16 16 16 16 17 16
 2.380000E+02 12 0 0 0 0 0 0 0 0 0 0 0 16 11 16 15 22 19
 2.385000E+02 12 0 0 0 0 0 0 0 0 0 0 0 16 10 16 19 21 20
 2.390000E+02 9 0 0 0 0 0 0 0 0 0 0 0 16 18 15 12 17 17
 2.395000E+02 11 0 0 0 0 0 0 0 0 0 0 0 13 16 12 11 13 21
 2.400000E+02 11 0 0 0 0 0 0 0 0 0 0 0 14 20 14 12 18 18
 2.405000E+02 7 0 0 0 0 0 0 0 0 0 0 0 11 14 14 14 23 25
 2.410000E+02 8 0 0 0 0 0 0 0 0 0 0 0 14 14 11 15 18 14
 2.415000E+02 8 0 0 0 0 0 0 0 0 0 0 0 14 14 10 24 15 16
 2.420000E+02 10 0 0 0 0 0 0 0 0 0 0 0 21 14 12 16 19 17
 2.425000E+02 5 0 0 0 0 0 0 0 0 0 0 0 20 14 15 14 14 17
 2.430000E+02 4 0 0 0 0 0 0 0 0 0 0 0 11 18 21 19 15 22
 2.435000E+02 9 0 0 0 0 0 0 0 0 0 1 0 11 14 16 17 21 24
 2.440000E+02 13 0 0 0 0 0 0 0 0 0 0 0 13 8 15 11 24 23
 2.445000E+02 8 0 0 0 0 0 0 0 0 0 0 0 14 8 16 14 27 20
 2.450000E+02 3 0 0 0 0 0 0 0 0 0 0 0 10 14 11 14 17 18
 2.455000E+02 6 0 0 0 0 0 0 0 0 0 0 0 10 16 16 17 17 20
 2.460000E+02 10 0 0 0 0 0 0 0 0 0 0 0 18 15 19 18 17 16
 2.465000E+02 8 0 0 0 0 0 0 0 0 0 0 0 10 9 20 13 11 25
 2.470000E+02 9 0 0 0 0 0 0 0 0 0 0 0 10 14 17 16 15 19
 2.475000E+02 9 0 0 0 0 0 0 0 0 0 0 0 17 18 20 18 7 16
 2.480000E+02 6 0 0 0 0 0 0 0 0 0 0 0 21 17 18 15 16 16
 2.485000E+02 6 0 0 0 0 0 0 0 0 0 0 0 17 20 10 16 20 18
 2.490000E+02 9 0 0 0 0 0 0 0 0 0 0 0 15 16 17 15 20 20
 2.495000E+02 11 0 0 0 0 0 0 0 0 0 0 0 14 17 19 11 15 14
 2.500000E+02 6 0 0 0 0 0 0 0 0 0 0 0 19 15 19 10 19 15
 2.505000E+02 1070 0 0 0 0 0 0 0 0 6 0 1 0 0 0 0 0 0
 2.510000E+02 1731 1 0 5 0 1 0 1 0 26 2 0 0 0 0 0 0 0
 2.515000E+02 2081 0 0 5 1 0 0 3 0 32 0 0 0 0 0 0 0 0
 2.520000E+02 2199 1 1 5 1 1 0 3 0 32 2 4 0 0 0 0 0 0
 2.525000E+02 981 0 0 4 1 0 0 4 0 31 0 2 0 0 0 0 0 0
 2.530000E+02 423 0 0 6 1 0 0 1 0 26 0 0 0 0 0 0 0 0
 2.535000E+02 199 0 1 3 1 0 0 2 0 15 0 1 0 1 0 0 0 0
 2.540000E+02 101 0 1 3 0 1 0 0 0 11 0 1 1 2 0 0 0 3
 2.545000E+02 1367 0 0 5 0 0 0 1 0 18 0 1 0 0 0 0 0 0
 2.550000E+02 1887 1 0 4 0 1 0 0 0 28 0 2 0 0 0 0 0 0
 2.555000E+02 2124 1 0 5 0 0 0 5 0 33 3 0 0 0 0 0 0 0
 2.560000E+02 2216 1 0 3 0 2 0 2 0 40 1 0 0 0 0 0 0 0
 2.565000E+02 936 2 0 5 0 2 0 2 0 29 0 0 0 0 0 0 0 0
 2.570000E+02 433 2 0 5 0 1 0 5 0 16 0 0 0 0 0 0 0 0
 2.575000E+02 192 0 0 2 0 0 0 2 0 19 1 0 0 0 1 0 2 0
 2.580000E+02 103 1 0 0 0 0 0 2 0 12 1 0 1 5 2 2 1 2
 2.585000E+02 1437 1 0 3 0 0 0 1 0 17 2 0 0 0 0 1 0 0
 2.590000E+02 1905 0 0 1 0 3 0 1 0 33 0 0 0 0 0 0 0 0
 2.595000E+02 2148 0 0 1 1 2 0 4 0 31 1 0 0 1 0 0 0 0
 2.600000E+02 2249 0 0 1 1 2 0 10 0 30 2 0 0 0 0 0 0 0
 2.605000E+02 955 1 0 3 0 1 0 6 0 35 0 0 0 0 0 0 0 0
 2.610000E+02 390 1 0 1 0 0 0 8 0 29 0 1 0 0 0 0 0 0
 2.615000E+02 206 2 0 1 0 1 0 2 0 17 0 0 1 0 0 0 1 1
 2.620000E+02 111 1 0 0 0 0 0 3 0 14 0 0 1 0 4 3 0 2
 2.625000E+02 1381 2 0 1 0 0 0 3 0 15 1 1 0 0 0 0 0 0
 2.630000E+02 1899 1 0 2 0 2 0 2 0 25 0 1 0 0 0 0 0 0
 2.635000E+02 2164 2 0 1 1 1 0 3 0 31 0 1 0 0 0 0 0 0
 2.640000E+02 2168 1 0 1 0 2 0 4 1 37 0 0 0 0 0 0 0 0
 2.645000E+02 934 0 0 1 0 2 0 4 0 31 1 1 0 0 0 0 0 0
 2.650000E+02 411 1 0 1 0 1 0 1 1 19 1 0 0 1 0 0 0 0
 2.655000E+02 179 1 0 0 0 1 0 1 0 10 0 0 0 0 0 0 0 0
 2.660000E+02 103 0 0 0 0 0 0 0 0 11 0 0 0 1 0 4 2 2
 2.665000E+02 1342 0 0 0 0 0 0 5 0 9 0 1 0 0 0 0 0 0
 2.670000E+02 1901 2 0 1 0 0 0 8 0 29 0 1 0 0 0 0 0 0
 2.675000E+02 2150 0 0 2 0 0 1 3 0 40 0 0 0 0 0 0 0 0
 2.680000E+02 2220 2 0 1 0 7 0 6 0 35 0 2 0 0 0 0 0 0
 2.685000E+02 954 2 0 3 0 3 0 6 0 32 0 0 0 0 0 0 0 0
 2.690000E+02 418 1 0 0 0 2 0 2 0 28 1 2 0 0 0 0 0 0
 2.695000E+02 193 2 0 1 0 0 0 2 0 20 1 1 0 1 0 2 0 0
 2.700000E+02 103 0 0 0 0 0 0 2 0 11 0 0 2 2 2 1 1 5
 2.705000E+02 1351 0 0 0 0 1 0 2 1 15 0 0 0 0 0 0 0 0
 2.710000E+02 1882 1 0 2 0 4 0 3 0 25 0 0 0 0 0 0 0 0
 2.715000E+02 2119 2 0 1 0 3 0 7 0 29 2 2 0 0 0 0 0 0
 2.720000E+02 2318 0 0 1 0 1 0 6 0 36 1 1 0 0 0 0 0 0
 2.725000E+02 1035 2 0 1 0 1 0 6 1 27 1 2 0 0 0 0 0 0
 2.730000E+02 449 0 0 0 0 1 0 3 0 28 0 1 0 0 1 0 0 0
 2.735000E+02 204 0 0 1 0 1 1 4 0 13 0 0 0 0 1 0 0 0
 2.740000E+02 107 0 0 0 0 0 0 2 0 5 0 0 0 1 2 1 2 1
 2.745000E+02 1324 1 0 0 0 1 0 2 0 7 2 0 0 0 0 0 0 0
 2.750000E+02 1897 2 0 2 0 0 0 4 0 19 0 0 0 0 0 0 0 0
 2.755000E+02 2167 1 0 2 0 2 0 7 0 18 0 1 0 0 0 0 0 0
 2.760000E+02 2317 2 0 0 0 3 0 5 0 23 0 1 0 0 0 0 0 0
 2.765000E+02 1022 0 0 1 0 2 0 7 0 30 0 1 0 0 0 0 0 0
 2.770000E+02 443 1 0 0 0 1 0 3 0 27 0 0 0 1 0 0 0 0
 2.775000E+02 207 2 0 0 0 0 0 4 1 17 0 0 0 0 0 1 0 0
 2.780000E+02 109 0 0 1 0 1 0 2 0 9 0 0 1 1 0 0 1 0
 2.785000E+02 1336 1 0 0 0 2 0 1 0 18 0 0 0 0 0 0 0 0
 2.790000E+02 1883 1 0 1 0 0 0 6 0 31 1 0 0 0 0 0 0 0
 2.795000E+02 2131 1 0 3 0 1 0 3 0 41 0 1 0 0 0 0 0 0
 2.800000E+02 2241 1 0 1 0 1 0 4 0 38 2 0 0 0 0 0 0 0
 2.805000E+02 961 1 0 3 0 1 0 3 0 30 1 1 0 0 0 0 0 0
 2.810000E+02 406 1 0 3 0 2 0 3 0 19 0 0 0 0 0 0 0 0
 2.815000E+02 175 0 0 1 0 0 1 3 0 14 0 0 1 0 0 0 0 0
 2.820000E+02 102 1 0 0 0 2 0 1 0 11 0 0 2 0 2 2 3 4
 2.825000E+02 1352 1 0 2 0 2 0 1 0 12 1 0 0 0 0 0 0 1
 2.830000E+02 1968 0 0 1 1 0 0 3 0 23 0 0 0 0 0 0 0 0
 2.835000E+02 2184 0 0 1 0 1 0 5 0 31 0 1 0 0 0 0 0 0
 2.840000E+02 2227 1 0 3 0 0 0 7 0 36 5 1 0 0 0 0 0 0
 2.845000E+02 945 1 0 2 0 4 0 10 0 30 0 0 0 0 0 0 0 0
 2.850000E+02 404 0 0 1 0 1 0 7 0 29 0 0 0 0 0 0 0 0
 2.855000E+02 195 0 0 0 0 1 0 3 0 22 0 0 0 1 0 0 2 0
 2.860000E+02 115 1 0 2 0 0 0 3 0 10 0 0 2 1 1 0 1 2
 2.865000E+02 1417 0 0 0 0 0 0 5 0 14 0 0 0 0 0 0 0 0
 2.870000E+02 1979 2 0 0 0 1 0 3 0 26 1 0 0 0 0 0 0 0
 2.875000E+02 2119 1 0 2 0 2 0 2 0 26 1 0 0 0 0 0 0 0
 2.880000E+02 2205 0 1 1 0 5 0 5 0 36 0 1 0 0 0 1 0 0
 2.885000E+02 939 0 1 1 0 3 0 4 1 29 0 0 0 0 0 0 0 0
 2.890000E+02 416 0 0 0 0 0 0 4 1 34 0 0 0 1 0 0 0 0
 2.895000E+02 202 0 0 2 0 1 2 2 0 19 0 0 2 1 1 0 0 0
 2.900000E+02 113 1 0 0 0 0 0 2 0 16 0 0 1 1 2 1 2 0
 2.905000E+02 61 0 0 0 0 2 0 4 0 9 0 0 7 2 4 1 1 3
 2.910000E+02 50 0 0 0 0 0 0 3 0 10 1 0 5 6 4 5 2 8
 2.915000E+02 52 0 0 1 0 2 0 1 0 4 0 0 9 7 6 7 12 8
 2.920000E+02 36 0 0 0 0 0 0 1 0 2 0 0 5 8 8 8 15 4
 2.925000E+02 49 0 0 0 0 0 0 0 0 3 0 0 7 11 17 10 13 10
 2.930000E+02 39 0 0 0 0 1 0 0 0 0 0 0 14 11 14 7 12 9
 2.935000E+02 32 0 0 0 0 1 0 1 0 0 0 0 9 12 11 18 11 9
 2.940000E+02 18 0 0 0 0 0 0 0 0 1 0 0 14 13 9 12 15 9
 2.945000E+02 27 0 0 0 0 0 0 1 0 0 0 0 15 15 17 12 16 11
 2.950000E+02 30 0 0 0 0 1 0 1 0 0 0 0 9 14 19 13 21 15
 2.955000E+02 24 0 0 0 0 0 0 2 0 0 1 0 16 16 22 17 16 13
 2.960000E+02 24 0 0 1 0 1 0 1 0 2 0 0 14 21 24 14 19 17
 2.965000E+02 26 0 0 0 0 0 0 2 0 3 0 0 13 17 24 16 15 16
 2.970000E+02 20 0 0 0 0 0 0 1 0 2 0 0 14 23 22 20 18 14
 2.975000E+02 28 0 0 0 0 0 0 0 0 2 0 0 17 19 16 24 14 13
 2.980000E+02 23 0 0 0 0 0 0 0 0 0 0 0 24 13 13 18 15 18
 2.985000E+02 20 0 0 0 0 0 0 0 0 1 0 0 16 11 11 21 20 20
 2.990000E+02 15 0 0 0 0 0 0 0 0 0 0 0 22 17 16 16 16 18
 2.995000E+02 31 0 0 0 0 0 0 0 0 0 0 0 22 15 15 21 23 19
 3.000000E+02 13 0 0 0 0 0 0 0 0 1 0 0 15 20 20 17 16 19
 3.005000E+02 24 0 0 0 0 0 0 0 0 2 0 0 18 16 14 18 19 21
 3.010000E+02 9 0 0 0 0 0 0 0 0 1 0 0 16 20 20 18 14 27
 3.015000E+02 16 0 0 0 0 0 0 0 0 1 0 0 19 21 14 22 14 23
 3.020000E+02 10 0 0 0 0 0 0 0 0 1 0 0 17 17 14 26 18 15
 3.025000E+02 14 0 0 0 0 0 0 0 0 0 0 0 18 16 22 19 20 19
 3.030000E+02 9 0 0 0 0 0 0 0 0 0 0 1 16 20 17 18 15 21
 3.035000E+02 12 0 0 0 0 0 0 0 0 1 0 1 17 15 17 14 22 24
 3.040000E+02 17 0 0 0 0 0 0 0 0 1 0 0 16 15 10 21 24 23
 3.045000E+02 13 0 0 0 0 0 0 0 0 1 0 0 19 32 11 24 22 16
 3.050000E+02 18 0 0 0 0 0 0 0 0 0 0 0 24 23 15 24 15 18
 3.055000E+02 13 0 0 0 0 0 0 0 0 0 0 0 8 24 21 29 19 22
 3.060000E+02 17 0 0 0 0 0 0 0 0 0 0 0 12 15 22 28 23 17
 3.065000E+02 7 0 0 0 0 0 0 0 0 0 0 0 17 22 18 27 22 20
 3.070000E+02 10 0 0 0 0 0 0 0 0 0 0 0 24 16 19 18 24 11
 3.075000E+02 24 0 0 0 0 0 0 0 0 0 0 0 18 18 21 15 20 20
 3.080000E+02 10 0 0 0 0 0 0 0 0 0 0 0 22 23 17 20 20 21
 3.085000E+02 22 0 0 0 0 0 0 0 0 0 0 0 19 32 16 20 17 19
 3.090000E+02 12 0 0 0 0 0 0 0 0 0 0 0 15 23 15 18 15 17
 3.095000E+02 15 0 0 0 0 0 0 0 0 0 0 0 15 29 20 20 18 14
 3.100000E+02 11 0 0 0 0 0 0 0 0 0 0 0 17 25 18 24 14 17
 3.105000E+02 13 0 0 0 0 0 0 0 0 0 0 0 17 20 25 19 17 18
 3.110000E+02 11 0 0 0 0 0 0 0 0 0 0 0 18 19 18 16 18 22
 3.115000E+02 14 0 0 0 0 0 0 0 0 0 0 0 26 18 14 14 21 20
 3.120000E+02 16 0 0 0 0 0 0 0 0 0 0 0 17 12 22 13 22 24
 3.125000E+02 9 0 0 0 0 0 0 0 0 0 0 0 26 16 29 9 27 18
 3.130000E+02 10 0 0 0 0 0 0 0 0 0 0 0 27 19 19 14 24 21
 3.135000E+02 12 0 0 0 0 0 0 0 0 0 0 0 22 20 23 14 19 19
 3.140000E+02 10 0 0 0 0 0 0 0 0 0 0 0 21 23 19 9 16 17
 3.145000E+02 22 0 0 0 0 0 0 0 0 0 0 0 16 24 13 20 28 16
 3.150000E+02 12 0 0 0 0 0 0 0 0 0 0 0 12 19 28 25 19 20
 3.155000E+02 9 0 0 0 0 0 0 0 0 0 0 0 17 18 21 15 20 21
 3.160000E+02 8 0 0 0 0 0 0 0 0 1 0 0 22 22 15 21 19 16
 3.165000E+02 16 0 0 0 0 0 0 0 0 0 0 0 14 21 19 25 13 16
 3.170000E+02 16 0 0 0 0 0 0 0 0 0 0 0 12 22 19 19 16 23
 3.175000E+02 9 0 0 0 0 0 0 0 0 0 0 0 19 20 22 22 15 23
 3.180000E+02 16 0 0 0 0 0 0 0 0 0 0 0 13 19 20 25 18 21
 3.185000E+02 11 0 0 0 0 0 0 0 0 0 0 0 18 18 18 18 18 19
 3.190000E+02 15 0 0 0 0 0 0 0 0 0 0 0 23 21 17 19 19 19
 3.195000E+02 8 0 0 0 0 0 0 0 0 0 0 0 18 20 19 17 17 16
 3.200000E+02 17 0 0 0 0 0 0 0 0 0 0 0 24 21 18 18 7 18
 3.205000E+02 12 0 0 0 0 0 0 0 0 0 0 0 20 22 24 13 16 27
 3.210000E+02 11 0 0 0 0 0 0 0 0 1 0 0 17 24 18 19 20 17
 3.215000E+02 11 0 0 0 0 0 0 0 0 1 0 0 16 15 21 26 21 20
 3.220000E+02 7 0 0 0 0 0 0 0 0 1 0 0 18 18 21 18 25 18
 3.225000E+02 14 0 0 0 0 0 0 0 0 0 0 0 19 17 18 20 17 25
 3.230000E+02 6 0 0 0 0 0 0 0 0 0 0 0 21 14 15 15 18 21
 3.235000E+02 11 0 0 0 0 0 0 0 0 0 0 0 21 17 18 19 24 20
 3.240000E+02 5 0 0 0 0 0 0 0 0 0 0 0 12 19 20 12 22 21
 3.245000E+02 12 0 0 0 0 0 0 0 0 0 0 0 16 24 20 17 21 21
 3.250000E+02 9 0 0 0 0 0 0 0 0 1 0 0 16 20 12 23 24 16
 3.255000E+02 6 0 0 0 0 0 0 0 0 1 0 0 14 16 20 21 24 12
 3.260000E+02 8 0 0 0 0 0 0 0 0 0 0 0 21 11 19 16 20 18
 3.265000E+02 12 0 0 0 0 0 0 0 0 0 0 0 17 16 18 14 22 17
 3.270000E+02 7 0 0 0 0 0 0 0 0 1 0 0 17 17 25 23 20 15
 3.275000E+02 14 0 0 0 0 0 0 0 0 1 0 0 16 24 18 16 24 18
 3.280000E+02 10 0 0 0 0 0 0 0 0 1 0 0 10 27 19 19 21 19
 3.285000E+02 9 0 0 0 0 0 0 1 0 0 0 0 16 25 17 11 20 19
 3.290000E+02 8 0 0 0 0 0 0 0 0 0 0 0 14 22 18 18 28 21
 3.295000E+02 11 0 0 0 0 0 0 0 0 0 0 0 22 15 21 17 22 14
 3.300000E+02 8 0 0 0 0 0 0 0 0 0 0 0 14 15 17 19 21 17
 3.305000E+02 6 0 0 0 0 0 0 0 0 0 0 0 16 21 20 20 19 16
 3.310000E+02 7 0 0 0 0 0 0 0 0 0 0 0 17 16 27 18 13 20
 3.315000E+02 9 0 0 0 0 0 0 0 0 0 0 0 17 14 17 23 18 14
 3.320000E+02 19 0 0 0 0 0 0 0 0 0 0 0 19 15 14 27 18 12
 3.325000E+02 7 0 0 0 0 0 0 0 0 0 0 0 15 17 17 21 21 16
 3.330000E+02 9 0 0 0 0 0 0 0 0 1 0 0 18 20 16 16 15 17
 3.335000E+02 6 0 0 0 0 0 0 0 0 1 0 0 16 14 16 22 20 21
 3.340000E+02 5 0 0 0 0 0 0 0 0 1 0 0 16 17 19 18 17 18
 3.345000E+02 11 0 0 0 0 0 0 1 0 0 0 0 16 22 18 28 16 14
 3.350000E+02 3 0 0 0 0 0 0 0 0 1 0 0 16 13 15 27 17 14
 3.355000E+02 16 0 0 0 0 0 0 0 0 0 0 0 18 12 20 24 20 14
 3.360000E+02 12 0 0 0 0 0 0 0 0 0 0 0 18 15 16 23 19 19
 3.365000E+02 7 0 0 1 0 0 0 0 0 0 0 0 22 14 16 26 19 16
 3.370000E+02 11 0 0 0 0 0 0 1 0 1 0 0 24 17 19 20 16 17
 3.375000E+02 15 0 0 0 0 0 0 0 0 2 0 0 22 19 22 18 16 16
 3.380000E+02 10 0 0 0 0 0 0 1 0 0 0 0 16 11 17 25 16 16
 3.385000E+02 8 0 0 0 0 0 0 0 0 0 0 0 18 15 14 17 16 19
 3.390000E+02 11 0 0 0 0 0 0 0 0 0 0 0 24 24 11 18 16 17
 3.395000E+02 12 0 0 0 0 0 0 0 0 0 0 0 20 17 18 16 19 22
 3.400000E+02 14 0 0 0 0 0 0 0 0 0 0 0 22 13 10 17 20 22
 3.405000E+02 9 0 0 0 0 0 0 0 0 1 0 0 20 14 13 19 18 20
 3.410000E+02 4 0 0 0 0 0 0 1 0 0 0 0 19 21 21 7 20 18
 3.415000E+02 8 0 0 1 0 0 0 0 0 1 0 0 20 22 18 18 20 23
 3.420000E+02 13 0 0 0 0 0 0 0 0 1 0 0 18 21 15 14 20 17
 3.425000E+02 8 0 0 0 0 0 0 0 0 2 0 0 23 15 15 23 13 17
 3.430000E+02 7 0 0 0 0 0 0 0 0 1 0 0 23 17 19 19 20 16
 3.435000E+02 8 0 0 0 0 0 0 0 0 1 0 0 23 19 11 26 19 4
 3.440000E+02 8 0 0 0 0 0 0 1 0 0 0 0 21 15 16 21 27 15
 3.445000E+02 2 0 0 0 0 0 0 0 0 0 0 0 21 19 16 15 21 17
 3.450000E+02 10 0 0 0 0 0 0 0 0 0 0 0 27 14 15 22 13 21
 3.455000E+02 9 0 0 0 0 0 0 0 0 0 0 0 27 12 17 22 21 23
 3.460000E+02 9 0 0 0 0 0 0 0 0 1 0 0 24 7 21 14 21 15
 3.465000E+02 5 0 0 0 0 0 0 0 0 0 0 0 21 12 22 19 14 21
 3.470000E+02 10 0 0 0 0 0 0 0 0 0 0 0 22 14 18 24 12 24
 3.475000E+02 14 0 0 0 0 0 0 0 0 0 0 0 19 13 13 29 13 21
 3.480000E+02 6 0 0 0 0 0 0 0 0 0 0 0 14 16 12 27 11 14
 3.485000E+02 10 0 0 0 0 0 0 0 0 1 0 0 19 14 15 22 12 20
 3.490000E+02 8 0 0 0 0 0 0 0 0 0 0 0 19 19 14 15 14 22
 3.495000E+02 9 0 0 0 0 0 0 0 0 0 0 0 9 21 14 16 19 17
 3.500000E+02 9 0 0 0 0 0 0 0 0 0 0 0 13 16 13 22 16 18
 3.505000E+02 11 0 0 0 0 0 0 0 0 0 0 0 21 14 15 30 17 13
 3.510000E+02 7 0 0 0 0 0 0 0 0 0 0 0 13 18 17 17 17 15
 3.515000E+02 11 0 0 0 0 0 0 2 0 0 0 0 12 25 15 24 15 15
 3.520000E+02 7 0 0 0 0 0 0 0 0 1 0 0 11 18 14 23 16 14
 3.525000E+02 4 0 0 0 0 0 0 0 0 1 0 0 19 15 15 19 25 18
 3.530000E+02 12 0 0 0 0 0 0 0 0 0 0 0 17 11 22 18 17 10
 3.535000E+02 9 0 0 0 0 0 0 0 0 0 0 0 14 23 24 14 17 18
 3.540000E+02 4 0 0 0 0 0 0 0 0 2 0 0 14 24 14 19 14 28
 3.545000E+02 11 0 0 0 0 0 0 0 0 3 0 0 11 23 15 16 16 19
 3.550000E+02 8 0 0 0 0 0 0 1 0 1 0 0 16 21 11 20 16 16
 3.555000E+02 7 0 0 0 0 0 0 0 0 0 0 0 17 19 14 14 25 14
 3.560000E+02 14 0 0 0 0 0 0 0 0 1 0 0 15 15 13 22 26 14
 3.565000E+02 2 0 0 0 0 0 0 0 0 1 0 0 16 16 12 24 19 20
 3.570000E+02 10 0 0 0 0 0 0 0 0 0 0 0 11 15 9 21 17 24
 3.575000E+02 11 0 0 0 0 0 0 0 0 0 0 0 13 13 16 18 22 25
 3.580000E+02 11 0 0 0 0 0 0 0 0 0 0 0 18 19 17 16 24 17
 3.585000E+02 9 0 0 0 0 0 0 0 0 0 0 0 26 22 19 12 15 21
 3.590000E+02 3 0 0 0 0 0 0 0 0 0 0 0 20 25 16 17 11 15
 3.595000E+02 9 0 0 0 0 0 0 0 0 0 0 0 28 22 17 18 12 10
 3.600000E+02 10 0 0 0 0 0 0 0 0 0 0 0 16 23 10 17 29 14
 3.605000E+02 6 0 0 0 0 0 0 0 0 1 0 0 16 16 14 20 18 13
 3.610000E+02 5 0 0 0 0 0 0 0 0 1 0 0 18 20 18 21 22 14
 3.615000E+02 14 0 0 0 0 0 0 0 0 1 0 0 14 20 18 18 24 17
 3.620000E+02 9 0 0 0 0 0 0 0 0 0 0 0 12 17 14 19 24 18
 3.625000E+02 13 0 0 0 0 0 0 0 0 0 0 0 16 20 16 20 10 17
 3.630000E+02 6 0 0 0 0 0 0 0 0 0 0 0 19 24 19 13 13 13
 3.635000E+02 10 0 0 0 0 0 0 0 0 0 0 0 14 23 15 16 15 22
 3.640000E+02 12 0 0 0 0 0 0 0 0 0 0 0 16 20 13 13 16 20
 3.645000E+02 5 0 0 0 0 0 0 0 0 0 0 0 18 18 14 16 14 29
 3.650000E+02 9 0 0 0 0 0 0 0 0 0 0 0 17 17 14 17 20 20
 3.655000E+02 4 0 0 0 0 0 0 0 0 0 0 0 21 22 19 16 14 21
 3.660000E+02 14 0 0 0 0 0 0 0 0 0 0 0 26 17 13 16 18 16
 3.665000E+02 10 0 0 0 0 0 0 0 0 1 0 0 13 16 15 17 21 20
 3.670000E+02 11 0 0 0 0 0 0 1 0 0 0 0 15 15 18 17 19 15
 3.675000E+02 8 0 0 0 0 0 0 0 0 1 0 0 19 18 16 20 27 8
 3.680000E+02 12 0 0 0 0 0 0 1 0 0 0 0 17 15 13 15 12 15
 3.685000E+02 9 0 0 0 0 0 0 0 0 1 0 0 20 12 15 15 18 20
 3.690000E+02 5 0 0 0 0 0 0 0 0 0 0 0 17 17 18 16 15 13
 3.695000E+02 5 0 0 0 0 0 0 0 0 0 0 0 14 18 16 25 14 15
 3.700000E+02 6 0 0 0 0 0 0 0 0 0 0 0 19 17 20 17 15 13
 3.705000E+02 6 0 0 0 0 0 0 0 0 0 0 0 18 19 13 16 17 14
 3.710000E+02 5 0 0 0 0 0 0 0 0 0 0 0 13 15 20 16 24 14
 3.715000E+02 11 0 0 0 0 0 0 0 0 0 0 0 11 14 22 16 24 16
 3.720000E+02 13 0 0 0 0 0 0 0 0 0 0 0 13 10 21 18 17 18
 3.725000E+02 1 0 0 0 0 0 0 0 0 0 0 0 13 13 20 15 21 23
 3.730000E+02 14 0 0 0 0 0 0 0 0 0 0 0 12 17 22 17 19 17
 3.735000E+02 3 0 0 0 0 0 0 0 0 0 0 0 13 18 18 13 17 22
 3.740000E+02 5 0 0 0 0 0 0 0 0 0 0 0 13 17 20 12 14 14
 3.745000E+02 12 0 0 0 0 0 0 0 0 0 0 0 11 11 20 13 14 23
 3.750000E+02 8 0 0 0 0 0 0 0 0 0 0 0 14 17 19 13 20 19
 3.755000E+02 5 0 0 0 0 0 0 0 0 0 0 0 15 13 21 17 23 18
 3.760000E+02 10 0 0 0 0 0 0 0 0 0 0 0 18 15 12 12 29 14
 3.765000E+02 5 0 0 0 0 0 0 0 0 0 0 0 14 20 9 15 28 18
 3.770000E+02 4 0 0 0 0 0 0 0 0 0 0 0 20 20 8 15 25 15
 3.775000E+02 7 0 0 0 0 0 0 0 0 0 0 0 21 21 8 19 24 13
 3.780000E+02 14 0 0 0 0 0 0 0 0 0 0 0 14 19 15 20 23 16
 3.785000E+02 9 0 0 0 0 0 0 0 0 1 0 0 20 16 15 19 24 8
 3.790000E+02 5 0 0 0 0 0 0 0 0 1 0 0 22 16 17 23 19 7
 3.795000E+02 6 0 0 1 0 0 0 0 0 0 0 0 16 17 18 33 19 11
 3.800000E+02 11 0 0 0 0 0 0 0 0 1 0 0 18 15 12 24 18 15
 3.805000E+02 16 0 0 0 0 0 0 0 0 1 0 0 18 16 20 23 13 17
 3.810000E+02 14 0 0 0 0 0 0 0 0 0 0 0 13 17 19 19 15 17
 3.815000E+02 7 0 0 0 0 0 0 0 0 0 0 0 25 20 16 13 14 12
 3.820000E+02 14 0 0 0 0 0 0 0 0 1 0 0 26 15 14 13 17 12
 3.825000E+02 12 0 0 0 0 0 0 0 0 0 0 0 22 18 26 9 16 13
 3.830000E+02 5 0 0 0 0 0 0 0 0 0 0 0 20 17 26 12 11 16
 3.835000E+02 9 0 0 0 0 0 0 0 0 0 0 0 11 15 18 17 14 16
 3.840000E+02 11 0 0 0 0 0 0 0 0 0 0 0 13 16 18 23 22 16
 3.845000E+02 9 0 0 0 0 0 0 0 0 0 0 0 11 17 22 18 25 10
 3.850000E+02 14 0 0 0 0 0 0 0 0 0 0 0 10 13 15 19 24 19
 3.855000E+02 9 0 0 0 0 0 0 0 0 0 0 0 11 11 18 22 22 18
 3.860000E+02 12 0 0 0 0 0 0 0 0 0 0 0 13 17 14 17 14 23
 3.865000E+02 8 0 0 0 0 0 0 1 0 0 0 0 16 5 12 20 16 20
 3.870000E+02 7 0 0 0 0 0 0 0 0 1 0 0 20 12 14 23 10 26
 3.875000E+02 8 0 0 0 0 0 0 0 0 2 0 0 11 19 22 17 9 27
 3.880000E+02 10 0 0 0 0 0 0 0 0 0 0 0 15 18 25 18 19 19
 3.885000E+02 11 0 0 0 0 0 0 0 0 0 0 0 19 18 22 14 20 18
 3.890000E+02 9 0 0 0 0 0 0 0 0 0 0 0 15 16 19 13 13 24
 3.895000E+02 14 0 0 0 0 0 0 0 0 0 0 0 20 14 19 13 12 29
 3.900000E+02 7 0 0 0 0 0 0 0 0 0 0 0 20 16 14 14 14 21
 3.905000E+02 9 0 0 0 0 0 0 0 0 0 0 0 16 10 14 16 18 18
 3.910000E+02 7 0 0 0 0 0 0 0 0 0 0 0 20 14 21 20 12 21
 3.915000E+02 17 0 0 0 0 0 0 0 0 1 0 0 19 22 20 18 14 19
 3.920000E+02 14 0 0 0 0 0 0 0 0 1 0 0 17 22 17 18 16 21
 3.925000E+02 11 0 0 0 0 0 0 0 0 0 0 0 15 18 14 15 15 16
 3.930000E+02 7 0 0 0 0 0 0 0 0 1 0 0 13 20 24 13 16 18
 3.935000E+02 8 0 0 0 0 0 0 0 0 1 0 0 17 15 15 17 14 23
 3.940000E+02 9 0 0 0 0 0 0 0 0 1 0 0 22 15 25 18 11 17
 3.945000E+02 9 0 0 0 0 0 0 0 0 0 0 0 17 21 22 9 15 16
 3.950000E+02 10 0 0 0 0 0 0 0 0 0 0 0 17 22 19 18 21 10
 3.955000E+02 7 0 0 0 0 0 0 0 0 0 0 0 19 20 26 16 15 18
 3.960000E+02 13 0 0 0 0 0 0 0 0 1 0 0 12 16 25 17 15 18
 3.965000E+02 12 0 0 0 0 0 0 0 0 0 0 0 18 18 25 23 16 25
 3.970000E+02 13 0 0 0 0 0 0 1 0 0 0 0 11 15 22 16 15 23
 3.975000E+02 11 0 0 0 0 0 0 0 0 1 0 0 16 17 18 20 11 21
 3.980000E+02 6 0 0 0 0 0 0 0 0 1 0 0 15 25 18 16 23 17
 3.985000E+02 10 0 0 0 0 0 0 0 0 0 0 0 15 13 16 16 18 13
 3.990000E+02 9 0 0 1 0 0 0 0 0 1 0 0 15 13 26 24 18 10
 3.995000E+02 8 0 0 0 0 0 0 0 0 2 0 0 10 19 20 30 13 19
 4.000000E+02 6 0 0 0 0 0 0 0 0 2 0 0 12 23 19 21 16 15
 4.005000E+02 12 0 0 0 0 0 0 0 0 1 0 0 8 21 19 19 14 19
 4.010000E+02 9 0 0 0 0 0 0 0 0 1 0 0 11 13 18 25 12 18
 4.015000E+02 11 0 0 0 0 0 0 0 0 0 0 0 16 20 14 24 14 16
 4.020000E+02 1 0 0 0 0 0 0 0 0 0 0 0 27 14 15 15 18 19
 4.025000E+02 8 0 0 0 0 0 0 0 0 0 0 0 25 16 11 15 26 28
 4.030000E+02 11 0 0 0 0 0 0 0 0 0 0 0 24 15 10 14 22 17
 4.035000E+02 9 0 0 0 0 0 0 0 0 0 0 0 22 22 7 15 18 17
 4.040000E+02 12 0 0 0 0 0 0 0 0 1 0 0 20 16 13 21 12 23
 4.045000E+02 14 0 0 0 0 0 0 0 0 1 0 0 15 18 21 20 17 22
 4.050000E+02 12 0 0 0 0 1 0 0 0 0 0 0 10 20 21 31 17 17
 4.055000E+02 13 0 0 0 0 0 0 0 0 1 0 0 19 21 18 27 15 17
 4.060000E+02 8 0 0 0 0 0 0 0 0 1 0 0 15 17 24 22 16 23
 4.065000E+02 9 0 0 0 0 0 0 0 0 0 0 0 19 15 23 25 11 11
 4.070000E+02 7 0 0 0 0 0 0 0 0 0 0 0 17 17 19 25 13 18
 4.075000E+02 10 0 0 0 0 0 0 0 0 0 0 0 16 15 17 18 19 22
 4.080000E+02 14 0 0 0 0 0 0 0 0 0 0 0 15 10 19 22 20 25
 4.085000E+02 6 0 0 0 0 0 0 0 0 0 0 0 15 11 21 16 12 22
 4.090000E+02 12 0 0 0 0 0 0 0 0 0 0 0 14 16 22 19 14 11
 4.095000E+02 9 0 0 0 0 0 0 0 0 0 0 0 18 16 20 22 13 12
 4.100000E+02 8 0 0 0 0 0 0 0 0 0 0 0 16 23 11 24 13 18
 4.105000E+02 6 0 0 0 0 0 0 0 0 0 0 0 12 23 12 27 19 16
 4.110000E+02 7 0 0 0 0 0 0 0 0 0 0 0 13 20 16 25 12 14
 4.115000E+02 11 0 0 0 0 0 0 0 0 0 0 0 17 22 14 18 16 20
 4.120000E+02 5 0 0 0 0 0 0 0 0 0 1 0 23 17 20 17 18 19
 4.125000E+02 7 0 0 0 0 0 0 0 0 1 0 0 25 20 14 19 18 11
 4.130000E+02 10 0 0 0 0 1 0 0 0 0 0 0 19 23 15 19 17 14
 4.135000E+02 7 0 0 1 0 0 0 0 0 0 0 0 21 22 19 20 15 14
 4.140000E+02 15 0 0 0 0 0 0 0 0 1 0 0 14 13 16 28 19 18
 4.145000E+02 10 0 0 0 0 0 0 0 0 0 0 0 9 17 18 25 19 12
 4.150000E+02 11 0 0 0 0 0 0 1 0 1 0 0 18 15 20 18 16 15
 4.155000E+02 7 0 0 0 0 0 0 0 0 2 0 0 16 17 12 22 15 20
 4.160000E+02 7 0 0 0 0 0 0 0 0 2 0 0 18 21 12 19 16 21
 4.165000E+02 6 0 0 0 0 0 0 0 0 2 0 0 14 18 8 21 19 18
 4.170000E+02 10 1 0 0 0 0 0 0 0 1 0 0 17 13 17 21 15 13
 4.175000E+02 9 0 0 0 0 0 0 0 0 1 0 0 10 16 20 18 22 11
 4.180000E+02 6 0 0 0 0 0 0 0 0 1 0 0 17 14 21 16 21 14
 4.185000E+02 12 0 0 1 0 0 0 0 0 0 0 0 16 18 19 18 22 12
 4.190000E+02 8 0 0 0 0 0 0 0 0 1 0 0 8 16 17 14 27 25
 4.195000E+02 11 0 0 0 0 0 0 0 0 2 0 0 14 19 15 19 23 17
 4.200000E+02 4 0 0 0 0 0 0 1 0 0 0 0 18 15 17 21 19 13
 4.205000E+02 7 0 0 0 0 0 0 0 0 1 0 0 20 14 14 14 21 19
 4.210000E+02 11 0 0 0 0 0 0 0 0 1 0 0 18 14 21 21 11 24
 4.215000E+02 8 0 0 0 0 0 0 1 0 0 0 0 16 16 19 20 13 20
 4.220000E+02 10 0 0 0 0 0 0 0 0 1 0 0 17 23 17 21 12 15
 4.225000E+02 4 0 0 0 0 0 0 0 0 0 0 0 20 17 15 15 16 15
 4.230000E+02 6 0 0 0 0 0 0 0 0 1 0 0 19 20 17 14 19 19
 4.235000E+02 13 0 0 0 0 0 0 0 0 1 0 0 17 18 13 20 17 16
 4.240000E+02 8 0 0 0 0 0 0 0 0 0 0 0 20 11 15 15 20 19
 4.245000E+02 6 0 0 0 0 0 0 0 0 0 0 0 15 11 18 17 14 28
 4.250000E+02 16 0 0 0 0 0 0 0 0 0 0 0 15 14 18 14 16 25
 4.255000E+02 15 0 0 0 0 0 0 0 0 1 0 0 18 12 14 18 16 23
 4.260000E+02 7 0 0 0 0 0 0 0 0 0 0 0 7 14 16 28 20 25
 4.265000E+02 7 0 0 0 0 0 0 0 0 0 0 0 13 12 16 21 15 26
 4.270000E+02 8 0 0 0 0 0 0 0 0 0 0 0 19 15 19 23 17 17
 4.275000E+02 7 0 0 0 0 0 0 0 0 0 0 0 22 13 17 24 15 21
 4.280000E+02 10 0 0 0 0 0 0 0 0 0 0 0 18 13 13 18 20 21
 4.285000E+02 9 0 0 0 0 0 0 0 0 0 0 0 12 13 14 17 21 19
 4.290000E+02 10 0 0 0 0 0 0 0 0 0 0 0 16 20 18 18 13 20
 4.295000E+02 6 0 0 0 0 0 0 0 0 0 0 0 16 13 19 22 18 10
 4.300000E+02 4 0 0 0 0 0 0 0 0 0 0 0 10 20 13 25 17 16
 4.305000E+02 15 0 0 0 0 0 0 0 0 0 0 0 11 16 11 21 18 19
 4.310000E+02 7 0 0 0 0 0 0 0 0 0 0 0 10 20 20 22 14 12
 4.315000E+02 8 0 0 0 0 0 0 0 0 0 0 0 14 21 19 22 13 12
 4.320000E+02 5 0 0 0 0 0 0 0 0 0 0 0 15 18 17 16 14 13
 4.325000E+02 9 0 0 0 0 0 0 0 0 0 0 0 21 19 13 19 18 20
 4.330000E+02 6 0 0 0 0 0 0 0 0 0 0 0 14 9 17 15 20 20
 4.335000E+02 10 0 0 0 0 0 0 0 0 1 0 0 21 12 11 21 24 22
 4.340000E+02 4 0 0 0 0 0 0 0 0 0 0 0 24 8 18 24 15 24
 4.345000E+02 8 0 0 0 0 0 0 1 0 0 0 0 16 11 18 17 14 23
 4.350000E+02 9 0 0 0 0 0 0 1 0 0 0 0 18 21 12 18 19 22
 4.355000E+02 4 0 0 0 0 0 0 0 0 1 0 0 9 26 8 11 20 21
 4.360000E+02 5 0 0 0 0 0 0 0 0 0 0 0 12 26 17 12 18 17
 4.365000E+02 10 0 0 0 0 0 0 0 0 0 0 0 17 23 13 9 16 17
 4.370000E+02 9 0 0 0 0 0 0 0 0 0 0 0 20 16 15 10 18 20
 4.375000E+02 6 0 0 0 0 0 0 1 0 0 0 0 14 13 18 14 24 12
 4.380000E+02 9 0 0 0 0 0 0 0 0 0 0 0 22 20 16 20 25 9
 4.385000E+02 15 0 0 0 0 0 0 0 0 0 0 0 13 16 18 12 24 14
 4.390000E+02 5 0 0 0 0 0 0 0 0 0 0 0 13 16 16 18 17 17
 4.395000E+02 13 0 0 0 0 0 0 0 0 0 0 0 17 21 19 18 13 13
 4.400000E+02 8 0 0 0 0 0 0 0 0 0 0 0 12 17 18 19 12 15
 4.405000E+02 8 0 0 0 0 0 0 0 0 0 0 0 11 18 10 19 20 18
 4.410000E+02 4 0 0 0 0 0 0 0 0 0 0 0 13 15 14 18 19 14
 4.415000E+02 8 0 0 0 0 0 0 0 0 0 0 0 17 13 10 18 23 14
 4.420000E+02 9 0 0 0 0 0 0 0 0 0 0 0 12 13 18 12 18 17
 4.425000E+02 9 0 0 0 0 0 0 0 0 0 0 0 19 14 14 13 18 18
 4.430000E+02 10 0 0 0 0 0 0 0 0 0 0 0 15 17 19 13 12 17
 4.435000E+02 6 0 0 0 0 0 0 0 0 0 0 0 14 15 19 16 12 17
 4.440000E+02 8 0 0 0 0 0 0 0 0 0 0 0 22 13 19 16 17 9
 4.445000E+02 9 0 0 0 0 0 0 0 0 1 0 0 17 18 8 18 21 13
 4.450000E+02 8 0 0 0 0 0 0 0 0 0 0 0 12 21 11 13 16 20
 4.455000E+02 4 0 0 0 0 0 0 0 0 0 0 0 12 23 13 19 16 9
 4.460000E+02 3 0 0 0 0 0 0 0 0 0 0 0 11 19 15 14 15 18
 4.465000E+02 9 0 0 0 0 0 0 0 0 0 0 0 13 16 16 18 17 14
 4.470000E+02 7 0 0 0 0 0 0 0 0 0 0 0 12 13 21 17 14 15
 4.475000E+02 8 0 0 0 0 0 0 0 0 0 0 0 14 17 18 14 17 18
 4.480000E+02 7 0 0 0 0 0 0 0 0 0 0 0 13 16 19 11 16 19
 4.485000E+02 4 0 0 0 0 0 0 0 0 0 0 0 16 17 17 14 20 22
 4.490000E+02 9 0 0 0 0 0 0 0 0 0 0 0 16 14 16 15 16 21
 4.495000E+02 5 0 0 0 0 0 0 0 0 0 0 0 12 21 19 12 14 18
 4.500000E+02 10 0 0 0 0 0 0 0 0 0 0 0 16 23 17 18 18 17
 4.505000E+02 7 0 0 0 0 0 0 0 0 0 0 0 18 16 20 21 12 16
 4.510000E+02 10 0 0 0 0 0 0 0 0 0 0 0 15 20 19 18 18 15
 4.515000E+02 5 0 0 0 0 0 0 0 0 0 0 0 17 21 17 17 19 19
 4.520000E+02 7 0 0 0 0 0 0 0 0 0 0 0 13 14 17 19 21 14
 4.525000E+02 8 0 0 0 0 0 0 0 0 0 0 0 19 13 16 17 20 18
 4.530000E+02 10 0 0 0 0 0 0 0 0 0 0 0 13 15 14 19 16 19
 4.535000E+02 9 0 0 0 0 0 0 0 0 0 0 0 13 15 19 21 22 12
 4.540000E+02 10 0 0 0 0 0 0 0 0 0 0 0 16 18 12 16 18 15
 4.545000E+02 13 0 0 0 0 0 0 0 0 0 0 0 23 14 17 17 19 12
 4.550000E+02 8 0 0 0 0 0 0 0 0 1 0 0 18 17 15 18 20 17
 4.555000E+02 11 0 0 0 0 0 0 0 0 0 0 0 15 18 26 19 11 17
 4.560000E+02 9 0 0 0 0 0 0 0 0 0 0 0 12 18 17 18 18 17
 4.565000E+02 11 0 0 0 0 0 0 0 0 0 0 0 15 21 18 14 20 21
 4.570000E+02 5 0 0 0 0 0 0 0 0 0 0 0 27 18 12 13 9 11
 4.575000E+02 6 0 0 0 0 0 0 0 0 0 0 0 14 17 22 19 8 16
 4.580000E+02 7 0 0 0 0 0 0 0 0 2 0 0 13 17 16 19 13 17
 4.585000E+02 12 0 0 0 0 0 0 0 0 1 0 0 19 22 18 13 20 12
 4.590000E+02 7 0 0 0 0 0 0 0 0 0 0 0 17 18 16 14 18 11
 4.595000E+02 10 0 0 0 0 0 0 0 0 0 0 0 15 17 19 13 11 16
 4.600000E+02 2 0 0 0 0 0 0 0 0 0 0 0 16 18 19 14 18 10
 4.605000E+02 6 0 0 0 0 0 0 0 0 0 0 0 21 13 20 17 15 11
 4.610000E+02 11 0 0 0 0 0 0 0 0 0 0 0 25 11 16 16 17 16
 4.615000E+02 10 0 0 0 0 0 0 0 0 0 0 0 14 17 18 15 14 13
 4.620000E+02 9 0 0 0 0 0 0 0 0 0 0 0 15 15 21 16 17 10
 4.625000E+02 8 0 0 0 0 0 0 0 0 0 0 0 13 13 20 21 21 18
 4.630000E+02 10 0 0 0 0 0 0 0 0 0 0 0 15 16 21 13 17 13
 4.635000E+02 8 0 0 0 0 0 0 0 0 0 0 0 15 13 19 19 15 15
 4.640000E+02 11 0 0 0 0 0 0 0 0 0 0 0 16 19 13 21 12 17
 4.645000E+02 14 0 0 0 0 0 0 0 0 0 0 0 17 19 15 15 13 10
 4.650000E+02 5 0 0 0 0 0 0 0 0 0 0 0 20 17 16 16 16 12
 4.655000E+02 11 0 0 0 0 0 0 0 0 0 0 0 19 20 15 16 21 7
 4.660000E+02 10 0 0 1 0 0 0 0 0 0 0 0 14 20 16 18 15 9
 4.665000E+02 10 0 0 0 0 0 0 0 0 1 0 0 20 23 15 19 19 11
 4.670000E+02 1 0 0 0 0 0 0 0 0 0 0 0 15 27 17 19 8 13
 4.675000E+02 6 0 0 0 0 0 0 0 0 0 0 0 16 27 13 17 9 25
 4.680000E+02 10 0 0 0 0 0 0 1 0 0 0 0 25 22 12 16 14 19
 4.685000E+02 4 0 0 0 0 0 0 1 0 0 0 0 18 18 19 18 19 15
 4.690000E+02 10 0 0 0 0 0 0 0 0 1 0 0 17 18 14 16 11 18
 4.695000E+02 12 0 0 0 0 0 0 0 0 1 0 0 17 15 19 20 16 12
 4.700000E+02 4 0 0 0 0 0 0 1 0 0 0 0 18 12 15 18 24 15
 4.705000E+02 10 0 0 0 0 0 0 0 0 1 0 0 17 12 12 13 21 19
 4.710000E+02 12 0 0 0 0 0 0 0 0 1 0 0 18 13 15 12 19 15
 4.715000E+02 5 0 0 0 0 0 0 0 0 4 0 0 17 8 25 18 18 13
 4.720000E+02 11 0 0 1 0 0 0 0 0 2 0 0 20 8 22 18 16 15
 4.725000E+02 10 0 0 0 1 0 0 0 0 1 0 0 19 9 15 12 21 12
 4.730000E+02 8 0 0 0 0 0 0 0 0 1 0 0 19 14 18 13 13 10
 4.735000E+02 9 0 0 0 0 0 0 0 1 0 0 0 20 16 20 18 14 19
 4.740000E+02 7 0 0 0 0 0 0 0 0 1 0 0 19 15 16 16 14 21
 4.745000E+02 12 0 0 0 0 0 0 1 0 0 0 0 15 22 13 12 13 23
 4.750000E+02 9 0 0 0 0 0 0 0 0 0 0 0 11 21 15 16 13 25
 4.755000E+02 5 0 0 0 0 0 0 0 0 0 0 0 9 19 19 14 9 20
 4.760000E+02 10 0 0 0 0 0 0 1 0 0 0 0 17 15 21 9 13 23
 4.765000E+02 10 0 0 0 0 0 0 0 0 2 0 0 13 16 18 11 20 20
 4.770000E+02 10 0 0 0 0 0 0 0 0 1 0 0 13 18 11 8 10 26
 4.775000E+02 10 0 0 0 0 0 0 0 0 1 0 0 19 21 15 13 10 18
 4.780000E+02 5 0 0 0 0 0 0 0 0 0 0 0 15 27 16 9 10 15
 4.785000E+02 13 0 0 0 0 0 0 0 0 0 0 0 17 21 14 15 15 9
 4.790000E+02 8 0 0 0 0 0 0 0 0 1 0 0 19 19 20 17 14 8
 4.795000E+02 5 0 0 0 0 0 0 0 0 0 0 0 20 21 15 17 9 17
 4.800000E+02 8 0 0 0 0 0 0 0 0 0 0 0 19 19 18 19 10 16
 4.805000E+02 8 0 0 0 0 0 0 1 0 0 0 0 20 13 12 18 20 18
 4.810000E+02 3 0 0 0 0 0 0 0 0 2 0 0 20 8 16 20 17 12
 4.815000E+02 7 0 0 1 0 0 0 0 0 0 0 0 14 14 23 18 22 14
 4.820000E+02 11 0 0 0 0 0 0 0 0 1 0 0 14 13 23 17 24 15
 4.825000E+02 8 0 0 0 0 0 0 0 0 0 0 0 22 13 17 16 23 19
 4.830000E+02 7 0 0 0 0 0 0 0 0 0 0 0 20 14 9 14 20 18
 4.835000E+02 12 0 0 1 0 0 0 0 0 0 0 0 13 18 12 15 16 20
 4.840000E+02 6 0 0 0 0 0 0 0 0 0 0 0 16 16 17 10 16 14
 4.845000E+02 4 0 0 0 0 0 0 0 0 0 0 0 15 12 13 18 17 12
 4.850000E+02 11 0 0 0 0 0 0 0 0 0 0 0 19 15 15 20 14 12
 4.855000E+02 6 0 0 0 0 0 0 0 0 0 0 0 13 14 16 22 14 14
 4.860000E+02 6 0 0 0 0 0 0 0 0 0 0 0 12 16 13 19 20 13
 4.865000E+02 3 0 0 0 0 0 0 0 0 1 0 0 16 11 20 22 13 10
 4.870000E+02 8 0 0 0 0 0 0 0 0 1 0 0 18 17 15 24 12 15
 4.875000E+02 6 0 0 0 0 0 0 0 0 1 0 0 13 14 17 25 10 20
 4.880000E+02 7 0 0 0 0 0 0 0 0 1 0 0 10 14 16 22 14 15
 4.885000E+02 9 0 0 0 0 0 0 0 0 0 0 0 11 14 21 17 16 10
 4.890000E+02 10 0 0 0 0 0 0 0 0 0 0 0 12 16 21 9 10 11
 4.895000E+02 8 0 0 0 0 0 0 0 0 0 0 0 16 15 23 10 16 15
 4.900000E+02 9 0 0 0 0 0 0 0 0 0 0 0 13 18 17 12 12 20
 4.905000E+02 7 0 0 0 0 0 0 0 0 1 0 0 16 21 14 12 13 14
 4.910000E+02 8 0 0 0 0 0 0 0 0 1 0 0 12 18 15 13 16 18
 4.915000E+02 9 1 0 0 0 0 0 0 0 1 0 0 13 21 12 19 15 11
 4.920000E+02 6 0 0 0 0 0 0 0 0 1 0 0 11 20 19 14 15 15
 4.925000E+02 7 0 0 0 0 0 0 0 0 0 0 0 11 17 14 13 8 15
 4.930000E+02 3 0 0 0 0 0 0 0 0 0 0 0 17 18 17 14 9 16
 4.935000E+02 8 0 0 0 0 0 0 0 0 0 0 0 14 21 16 11 14 11
 4.940000E+02 11 0 0 0 0 0 0 1 0 0 0 0 14 18 13 21 14 10
 4.945000E+02 12 0 0 0 0 0 0 0 0 0 0 0 11 20 20 15 20 11
 4.950000E+02 6 0 0 0 0 0 0 0 0 0 0 0 15 16 21 14 17 8
 4.955000E+02 6 0 0 0 0 0 0 0 0 1 0 0 22 18 16 17 15 12
 4.960000E+02 10 0 0 1 0 0 0 0 0 0 0 0 19 16 12 15 19 13
 4.965000E+02 6 0 0 0 0 0 0 0 0 0 0 0 18 12 13 19 14 15
 4.970000E+02 5 0 0 0 0 0 0 0 0 0 0 0 15 17 13 16 11 13
 4.975000E+02 6 0 0 0 0 0 0 0 0 0 0 0 13 16 13 15 18 13
 4.980000E+02 4 0 0 0 0 0 0 0 0 0 0 0 14 20 16 11 17 10
 4.985000E+02 13 0 0 0 0 0 0 0 0 1 0 0 9 20 20 11 14 11
 4.990000E+02 7 0 0 0 0 0 0 0 0 1 0 0 12 19 21 15 13 16
 4.995000E+02 8 0 0 0 0 0 0 0 0 0 0 0 13 14 11 21 19 10
 5.000000E+02 9 0 0 0 0 0 0 0 0 0 0 0 11 13 13 16 17 13
 5.005000E+02 5 0 0 0 0 0 0 0 0 0 0 0 14 13 14 11 16 18
 5.010000E+02 10 0 0 0 0 0 0 0 0 0 0 0 17 11 14 13 15 20
 5.015000E+02 7 0 0 0 0 0 0 0 0 0 0 0 17 18 17 12 16 16
 5.020000E+02 10 0 0 0 0 0 0 0 0 0 0 0 14 16 20 12 23 15
 5.025000E+02 5 0 0 0 0 0 0 0 0 0 0 0 15 13 22 14 23 14
 5.030000E+02 6 0 0 0 0 0 0 0 0 0 0 0 17 13 17 9 17 20
 5.035000E+02 10 0 0 0 0 0 0 0 0 0 0 0 11 10 21 10 16 18
 5.040000E+02 9 0 0 0 0 0 0 0 0 0 0 0 11 9 16 16 16 23
 5.045000E+02 8 0 0 0 0 0 0 0 0 0 0 0 14 13 15 19 12 19
 5.050000E+02 11 0 0 0 0 0 0 0 0 0 0 0 13 11 17 21 15 18
 5.055000E+02 5 0 0 0 0 0 0 0 0 0 0 0 20 16 20 21 15 20
 5.060000E+02 10 0 0 0 0 0 0 0 0 0 0 0 14 16 17 24 19 16
 5.065000E+02 11 0 0 0 0 0 0 0 0 0 0 0 16 9 17 21 14 18
 5.070000E+02 9 0 0 0 0 0 0 0 0 0 0 0 16 12 21 24 15 20
 5.075000E+02 3 0 0 0 0 0 0 0 0 0 0 0 7 15 22 12 19 13
 5.080000E+02 6 0 0 0 0 0 0 0 0 0 0 0 13 23 17 16 14 12
 5.085000E+02 10 0 0 0 0 0 0 0 0 1 0 0 13 21 16 21 15 7
 5.090000E+02 5 0 0 0 0 0 0 0 0 1 0 0 5 22 24 18 15 12
 5.095000E+02 12 0 0 0 0 0 0 0 0 0 0 0 11 19 20 17 11 19
 5.100000E+02 6 0 0 0 0 0 0 0 0 0 0 0 15 22 12 13 14 15
 5.105000E+02 12 0 0 0 0 0 0 0 0 0 0 0 8 22 14 13 13 16
 5.110000E+02 13 0 0 0 0 0 0 0 0 0 0 0 13 22 14 14 11 13
 5.115000E+02 10 0 0 0 0 0 0 0 0 0 0 0 13 17 15 10 15 13
 5.120000E+02 4 0 0 1 0 0 0 0 0 0 0 0 4 19 13 15 20 16
 5.125000E+02 8 0 0 0 0 0 0 0 0 0 0 0 12 18 10 14 20 16
 5.130000E+02 13 0 0 0 0 0 0 0 0 0 0 0 14 16 11 18 21 19
 5.135000E+02 5 0 0 0 0 0 0 0 0 0 0 0 17 17 7 10 20 19
 5.140000E+02 10 0 0 0 0 0 0 0 0 0 0 0 15 14 14 11 15 20
 5.145000E+02 14 0 0 0 0 0 0 0 0 0 0 0 15 18 14 18 18 21
 5.150000E+02 6 0 0 0 0 0 0 0 0 0 0 0 15 18 15 18 17 19
 5.155000E+02 7 0 0 0 0 0 0 0 0 0 0 0 14 25 14 18 13 11
 5.160000E+02 5 0 0 0 0 0 0 0 0 0 0 0 11 21 14 19 15 17
 5.165000E+02 7 0 0 0 0 0 0 0 0 0 0 0 16 18 17 19 11 12
 5.170000E+02 10 0 0 0 0 0 0 0 0 0 0 0 17 19 19 19 16 16
 5.175000E+02 10 0 0 0 0 0 0 0 0 0 0 0 11 20 16 23 17 14
 5.180000E+02 7 0 0 0 0 0 0 0 0 0 0 0 16 18 20 20 15 11
 5.185000E+02 10 0 0 0 0 0 0 0 0 0 0 0 13 13 16 18 13 24
 5.190000E+02 7 0 0 0 0 0 0 0 0 1 0 0 21 13 14 20 17 23
 5.195000E+02 5 0 0 0 0 0 0 0 0 1 0 0 16 18 11 18 15 19
 5.200000E+02 7 0 0 0 0 0 0 0 0 1 0 0 20 14 17 17 19 14
 5.205000E+02 11 0 0 0 0 0 0 1 0 0 0 0 18 21 15 12 15 10
 5.210000E+02 10 0 0 0 0 0 0 1 0 1 0 0 20 16 16 15 15 13
 5.215000E+02 4 0 0 0 0 0 0 1 0 0 0 0 16 13 14 20 14 16
 5.220000E+02 13 0 0 0 0 0 0 0 0 1 0 0 18 19 9 20 22 18
 5.225000E+02 8 0 0 0 0 0 0 0 0 0 0 0 22 16 11 18 19 15
 5.230000E+02 8 0 0 1 0 0 0 0 0 0 0 0 23 14 12 21 24 15
 5.235000E+02 6 0 0 0 0 0 0 0 0 0 0 0 13 15 15 21 22 19
 5.240000E+02 13 0 0 0 0 0 0 0 0 0 0 0 14 18 10 17 24 23
 5.245000E+02 4 0 0 0 0 0 0 0 0 0 0 0 15 18 20 14 15 12
 5.250000E+02 13 0 0 0 0 0 0 0 0 0 0 0 15 18 24 14 14 20
 5.255000E+02 14 0 0 0 0 0 0 0 0 0 0 0 19 24 15 13 19 20
 5.260000E+02 11 0 0 0 0 0 0 0 0 0 0 0 16 22 16 13 19 18
 5.265000E+02 13 0 0 0 0 0 0 0 0 0 0 0 14 14 17 14 23 17
 5.270000E+02 9 0 0 0 0 0 0 0 0 0 0 0 14 15 21 14 24 12
 5.275000E+02 9 0 0 0 0 0 0 0 0 0 0 0 21 13 21 18 29 13
 5.280000E+02 13 0 0 0 0 0 0 0 0 1 0 0 16 10 22 13 27 19
 5.285000E+02 5 0 0 0 0 0 0 0 0 1 0 0 22 13 17 12 23 22
 5.290000E+02 8 0 0 0 0 0 0 0 0 0 0 0 18 16 18 15 13 18
 5.295000E+02 15 0 0 0 0 0 0 0 0 0 0 0 11 22 12 16 15 22
 5.300000E+02 8 0 0 0 0 0 0 0 0 0 0 0 16 21 14 18 8 19
 5.305000E+02 11 0 0 0 0 0 0 0 0 0 0 0 19 7 13 19 9 21
 5.310000E+02 9 0 0 0 0 0 0 0 0 0 0 0 20 17 13 16 16 15
 5.315000E+02 3 0 0 1 0 0 0 0 0 0 0 0 18 13 15 11 16 18
 5.320000E+02 5 0 0 0 0 0 0 0 0 0 0 0 18 10 15 14 16 20
 5.325000E+02 3 0 0 0 0 0 0 0 0 0 0 0 13 14 14 15 21 21
 5.330000E+02 4 0 0 0 0 0 0 0 0 0 0 0 15 14 21 11 22 20
 5.335000E+02 5 0 0 0 0 0 0 0 0 0 0 0 11 17 10 12 20 18
 5.340000E+02 6 0 0 0 0 0 0 0 0 0 0 0 16 18 16 16 21 21
 5.345000E+02 14 0 0 0 0 0 0 0 0 0 0 0 17 19 14 14 18 18
 5.350000E+02 10 0 0 0 0 0 0 0 0 0 0 0 19 15 15 19 12 19
 5.355000E+02 9 0 0 0 0 0 0 0 0 0 0 0 15 23 12 12 13 20
 5.360000E+02 9 0 0 0 0 0 0 0 0 1 0 0 20 22 11 12 15 15
 5.365000E+02 10 0 0 0 0 0 0 0 0 1 0 0 20 22 16 20 11 18
 5.370000E+02 9 0 0 0 0 0 0 0 0 1 0 0 11 23 18 19 14 17
 5.375000E+02 10 0 0 0 0 0 0 0 0 0 0 0 14 25 14 15 10 12
 5.380000E+02 7 0 0 0 0 0 0 0 0 0 0 0 25 25 10 13 13 14
 5.385000E+02 10 0 0 0 0 0 0 0 0 0 0 0 19 19 14 15 12 12
 5.390000E+02 8 0 0 0 0 0 0 0 0 0 0 0 17 15 19 18 14 10
 5.395000E+02 13 0 0 0 0 0 0 0 0 0 0 0 18 17 19 16 11 13
 5.400000E+02 8 0 0 0 0 0 0 0 0 0 0 0 16 13 14 25 17 17
 5.405000E+02 9 0 0 0 0 0 0 0 0 0 0 0 20 9 17 21 15 14
 5.410000E+02 8 0 0 0 0 0 0 0 0 0 0 0 17 15 14 16 16 15
 5.415000E+02 7 0 0 0 0 0 0 0 0 0 0 0 20 15 10 17 12 18
 5.420000E+02 3 0 0 0 0 0 0 0 0 1 0 0 18 11 12 15 17 22
 5.425000E+02 11 0 0 0 0 0 0 0 0 1 0 0 17 17 15 16 24 18
 5.430000E+02 7 0 0 0 0 0 0 0 0 1 1 0 26 11 11 15 22 16
 5.435000E+02 9 0 0 0 0 0 0 0 0 2 0 0 23 19 14 14 17 21
 5.440000E+02 8 0 0 1 0 0 0 1 0 0 0 0 17 16 15 12 17 22
 5.445000E+02 7 0 0 1 0 0 0 0 0 0 0 0 16 13 10 25 13 21
 5.450000E+02 14 0 0 0 0 0 0 0 0 0 0 0 16 19 16 24 15 18
 5.455000E+02 8 0 0 0 0 0 0 0 0 0 0 0 16 15 18 23 13 15
 5.460000E+02 9 0 0 0 0 0 0 0 0 0 0 0 14 13 21 15 16 10
 5.465000E+02 10 0 0 0 0 0 0 0 0 0 0 0 16 15 18 17 23 9
 5.470000E+02 12 0 0 1 0 0 0 0 0 1 0 0 20 10 15 13 21 14
 5.475000E+02 6 0 0 0 0 0 0 0 0 1 0 0 19 13 21 12 18 18
 5.480000E+02 6 0 0 0 0 0 0 0 0 0 0 0 17 16 20 15 18 15
 5.485000E+02 3 0 0 0 0 0 0 0 0 0 0 0 12 16 18 17 19 14
 5.490000E+02 5 0 0 0 0 0 0 0 0 0 0 0 18 10 18 18 18 9
 5.495000E+02 10 0 0 0 0 0 0 0 0 1 0 0 25 11 16 19 16 12
 5.500000E+02 5 0 0 0 0 0 0 1 0 0 0 0 23 13 13 15 18 13
 5.505000E+02 7 0 0 0 0 0 0 1 0 0 0 0 18 20 25 9 15 8
 5.510000E+02 5 0 0 0 0 0 0 0 0 0 0 0 17 22 20 12 15 13
 5.515000E+02 14 0 0 0 0 0 0 0 0 0 0 0 16 21 15 16 11 16
 5.520000E+02 10 0 0 0 0 0 0 0 0 0 0 0 14 18 17 15 18 16
 5.525000E+02 13 0 0 0 0 0 0 0 0 0 0 0 16 12 18 13 18 13
 5.530000E+02 8 0 0 0 0 0 0 0 0 0 0 0 12 18 21 14 13 18
 5.535000E+02 11 0 0 0 0 0 0 0 0 0 0 0 13 18 17 14 13 21
 5.540000E+02 11 0 0 0 0 0 0 0 0 0 0 0 15 16 10 15 17 27
 5.545000E+02 7 0 0 0 0 0 0 0 0 0 0 0 26 19 11 18 8 29
 5.550000E+02 4 0 0 0 0 0 0 0 0 0 0 0 21 20 12 18 15 24
 5.555000E+02 9 0 0 0 0 0 0 0 0 0 0 0 12 18 20 18 18 21
 5.560000E+02 7 0 0 0 0 0 0 0 0 0 0 0 11 15 23 18 16 23
 5.565000E+02 6 0 0 0 0 0 0 0 0 0 0 0 9 14 24 21 14 21
 5.570000E+02 11 0 0 0 0 0 0 0 0 0 0 0 11 15 20 16 21 17
 5.575000E+02 9 0 0 0 0 0 0 0 0 0 0 0 13 13 17 19 19 13
 5.580000E+02 4 0 0 0 0 0 0 0 0 0 0 0 17 11 21 13 24 16
 5.585000E+02 10 0 0 0 0 0 0 0 0 0 0 0 18 15 20 13 14 16
 5.590000E+02 8 0 0 0 0 0 0 0 0 0 0 0 17 10 17 11 18 18
 5.595000E+02 7 0 0 0 0 0 0 0 0 0 0 0 13 18 20 14 22 13
 5.600000E+02 13 0 0 0 0 0 0 0 0 0 0 0 10 20 19 12 27 13
 5.605000E+02 5 0 0 0 0 0 0 0 0 0 0 0 15 19 21 9 23 15
 5.610000E+02 10 0 0 0 0 0 0 0 0 0 0 0 15 14 16 10 23 12
 5.615000E+02 5 0 0 0 0 0 0 0 0 0 0 0 14 12 18 9 18 12
 5.620000E+02 9 0 0 0 0 0 0 0 0 1 0 0 12 10 16 14 10 15
 5.625000E+02 12 0 0 0 0 0 0 0 0 1 0 0 13 13 18 16 15 12
 5.630000E+02 11 0 0 0 0 0 0 0 0 1 0 0 16 20 23 11 13 17
 5.635000E+02 8 0 0 0 0 0 0 0 0 1 0 0 19 14 21 11 17 19
 5.640000E+02 7 0 0 0 0 0 0 0 0 1 0 0 18 17 20 10 15 20
 5.645000E+02 10 0 0 0 0 0 0 0 0 1 0 0 16 17 15 8 17 18
 5.650000E+02 7 0 0 0 0 0 0 0 0 1 0 0 13 17 20 13 14 16
 5.655000E+02 5 0 0 0 0 0 0 0 0 1 0 0 12 17 21 15 18 17
 5.660000E+02 6 0 0 0 0 0 0 0 0 1 0 0 17 21 20 14 14 19
 5.665000E+02 7 0 0 0 0 0 0 1 0 0 0 0 19 16 18 15 17 21
 5.670000E+02 12 0 0 0 0 0 0 1 0 0 0 0 20 13 11 13 16 17
 5.675000E+02 5 0 0 0 0 0 0 0 0 0 0 0 16 19 13 17 18 9
 5.680000E+02 9 0 0 0 0 0 0 0 0 0 0 0 16 19 16 13 11 18
 5.685000E+02 2 0 0 0 0 0 0 0 0 0 0 0 15 17 15 16 14 13
 5.690000E+02 13 0 0 0 0 0 0 0 0 1 0 0 18 15 15 12 16 21
 5.695000E+02 11 0 0 0 0 0 0 0 0 1 0 0 10 14 16 15 15 17
 5.700000E+02 3 0 0 0 0 0 0 0 0 0 0 0 17 16 17 14 21 18
 5.705000E+02 9 0 0 0 0 0 0 1 0 0 0 0 19 19 12 14 17 14
 5.710000E+02 11 0 0 0 0 0 0 0 0 0 0 0 12 20 19 11 24 12
 5.715000E+02 10 0 0 0 0 0 0 0 0 0 0 0 14 17 15 9 17 16
 5.720000E+02 9 0 0 0 0 0 0 0 0 0 0 0 19 15 15 15 17 16
 5.725000E+02 19 0 0 0 0 0 0 0 0 0 0 0 13 16 12 17 20 21
 5.730000E+02 10 0 0 0 0 0 0 0 0 0 0 0 15 10 15 19 11 22
 5.735000E+02 11 0 0 0 0 0 0 0 0 0 0 0 14 19 18 16 13 21
 5.740000E+02 13 0 0 0 0 0 0 0 0 0 0 0 13 18 16 22 16 20
 5.745000E+02 11 0 0 0 0 0 0 0 0 0 0 0 17 16 16 15 18 20
 5.750000E+02 9 0 0 0 0 0 0 0 0 1 0 0 18 11 23 24 8 22
 5.755000E+02 6 0 0 0 0 0 0 0 0 0 0 0 12 18 21 16 10 18
 5.760000E+02 8 0 0 0 0 0 0 0 0 0 0 0 9 20 15 18 13 19
 5.765000E+02 8 0 0 0 0 0 0 0 0 0 0 0 14 16 17 18 13 21
 5.770000E+02 13 0 0 0 0 0 0 0 0 1 0 0 13 18 19 20 13 22
 5.775000E+02 6 0 0 0 0 0 0 0 0 1 0 0 15 16 19 30 13 15
 5.780000E+02 5 0 0 0 0 0 0 0 0 0 0 0 12 17 15 25 18 16
 5.785000E+02 9 0 0 0 0 0 0 0 0 0 0 0 15 13 17 23 21 15
 5.790000E+02 10 0 0 0 0 0 0 0 0 0 0 0 21 10 17 16 26 20
 5.795000E+02 7 0 0 0 0 0 0 0 0 0 0 0 32 18 15 15 26 16
 5.800000E+02 11 0 0 0 0 0 0 0 0 0 0 0 21 10 17 10 25 15
 5.805000E+02 4 0 0 0 0 0 0 0 0 0 0 0 21 13 18 17 31 17
 5.810000E+02 15 0 0 0 0 0 0 0 0 0 0 0 23 12 18 15 28 19
 5.815000E+02 12 0 0 0 0 0 0 0 0 0 0 0 22 18 18 13 23 14
 5.820000E+02 7 0 0 0 0 0 0 0 0 0 0 0 18 20 21 16 21 16
 5.825000E+02 4 0 0 0 0 0 0 0 0 0 0 0 14 16 17 19 17 18
 5.830000E+02 13 0 0 0 0 0 0 0 0 0 0 0 11 17 21 16 23 16
 5.835000E+02 5 0 0 0 0 0 0 0 0 0 0 0 16 12 10 20 20 15
 5.840000E+02 8 0 0 0 0 0 0 0 0 0 0 0 16 16 21 23 10 16
 5.845000E+02 11 0 0 0 0 0 0 0 0 0 0 0 22 13 17 16 19 25
 5.850000E+02 12 0 0 0 0 0 0 0 0 0 0 0 23 25 14 8 16 18
 5.855000E+02 6 0 0 0 0 0 0 0 0 0 0 0 27 20 10 16 16 22
 5.860000E+02 8 0 0 0 0 0 0 0 0 0 0 0 24 22 22 14 15 17
 5.865000E+02 8 0 0 0 0 0 0 1 0 0 0 0 26 19 19 10 20 20
 5.870000E+02 18 0 0 0 0 0 0 1 0 0 0 0 27 17 12 16 20 15
 5.875000E+02 14 0 0 0 0 0 0 0 0 0 0 0 27 21 14 18 18 18
 5.880000E+02 10 0 0 0 0 0 0 0 0 0 0 0 25 21 15 16 15 21
 5.885000E+02 6 0 0 0 0 0 0 0 0 0 0 0 16 18 20 21 24 11
 5.890000E+02 7 0 0 0 0 0 0 0 0 0 0 0 19 13 23 13 15 16
 5.895000E+02 8 0 0 0 0 0 0 0 0 1 0 0 16 23 21 13 17 24
 5.900000E+02 11 0 0 1 0 0 0 0 0 0 0 0 13 18 19 18 15 17
 5.905000E+02 10 0 0 0 0 0 0 1 0 0 0 0 15 16 20 11 17 31
 5.910000E+02 12 0 0 0 0 0 0 0 0 0 0 0 22 20 21 12 21 17
 5.915000E+02 15 0 0 0 0 0 0 0 0 0 0 0 15 16 27 20 12 22
 5.920000E+02 9 0 0 0 0 0 0 0 0 0 0 0 16 20 15 23 11 16
 5.925000E+02 5 0 0 0 0 0 0 0 0 0 0 0 20 26 8 21 16 14
 5.930000E+02 13 0 0 0 0 0 0 0 0 0 0 0 12 24 12 18 17 19
 5.935000E+02 13 0 0 0 0 0 0 0 0 1 0 0 10 15 20 14 22 21
 5.940000E+02 12 0 0 0 0 0 0 0 0 1 0 0 9 20 22 16 14 21
 5.945000E+02 7 0 0 1 0 0 0 0 0 0 0 0 15 24 19 10 15 23
 5.950000E+02 12 0 0 0 0 0 0 0 0 1 0 0 19 19 19 12 16 17
 5.955000E+02 9 0 0 0 0 0 0 0 0 0 0 0 16 23 19 16 12 18
 5.960000E+02 8 0 0 0 0 0 0 0 0 0 0 0 17 22 21 21 13 17
 5.965000E+02 10 0 0 0 0 0 0 0 0 0 0 0 13 16 18 27 15 20
 5.970000E+02 7 0 0 0 0 0 0 0 0 0 0 0 14 23 13 25 15 17
 5.975000E+02 8 0 0 0 0 0 0 0 0 0 0 0 20 17 12 18 16 20
 5.980000E+02 7 0 0 0 0 0 0 0 0 0 0 0 16 20 18 15 17 13
 5.985000E+02 5 0 0 0 0 0 0 0 0 0 0 0 19 27 18 17 13 15
 5.990000E+02 1 0 0 0 0 0 0 0 0 1 0 0 19 21 20 20 16 14
 5.995000E+02 15 0 0 0 0 0 0 0 0 0 0 0 17 16 14 16 19 20
 6.000000E+02 7 0 0 0 0 0 0 0 0 1 0 0 16 13 23 19 14 20
 6.005000E+02 13 0 0 0 0 0 0 1 0 0 0 0 17 15 21 11 15 23
 6.010000E+02 12 0 0 0 0 0 0 0 0 1 0 0 20 17 14 14 14 22
 6.015000E+02 12 0 0 0 0 0 0 0 0 0 0 0 18 16 15 16 13 22
 6.020000E+02 6 0 0 0 0 0 0 0 0 0 0 0 19 23 10 14 22 19
 6.025000E+02 10 0 0 0 0 0 0 0 0 0 0 0 20 20 14 15 19 18
 6.030000E+02 11 0 0 0 0 0 0 0 0 0 0 0 28 16 19 14 15 20
 6.035000E+02 5 0 0 0 0 0 0 0 0 0 0 0 19 17 20 20 15 15
 6.040000E+02 9 0 0 0 0 0 0 0 0 0 0 0 19 17 16 27 19 17
 6.045000E+02 9 0 0 0 0 0 0 0 0 1 0 0 17 18 12 25 17 21
 6.050000E+02 7 0 0 0 0 0 0 1 0 0 0 0 15 15 17 17 21 22
 6.055000E+02 10 0 0 0 0 0 0 0 0 1 0 0 18 17 15 19 16 22
 6.060000E+02 8 0 0 0 0 0 0 0 0 2 0 0 17 21 27 19 16 18
 6.065000E+02 11 0 0 0 0 0 0 0 0 2 0 0 15 24 23 16 13 24
 6.070000E+02 11 0 0 0 0 0 0 0 0 2 0 0 20 19 18 17 21 13
 6.075000E+02 7 0 0 0 0 0 0 1 0 0 0 0 14 19 18 19 14 15
 6.080000E+02 9 0 0 0 0 0 0 0 0 0 0 0 21 21 13 20 16 16
 6.085000E+02 12 0 0 1 0 0 0 0 0 0 0 0 19 22 11 17 18 22
 6.090000E+02 4 0 0 0 0 0 0 0 0 1 0 0 18 21 21 19 17 21
 6.095000E+02 7 0 0 0 0 0 0 2 0 1 0 0 15 19 18 20 15 22
 6.100000E+02 13 0 0 0 0 0 0 1 0 0 0 1 13 18 17 19 20 14
 6.105000E+02 7 0 0 0 0 0 0 0 0 2 0 0 13 12 21 26 20 19
 6.110000E+02 10 0 0 0 0 0 0 0 0 1 0 0 14 13 13 19 19 22
 6.115000E+02 9 0 0 0 0 0 0 0 0 1 0 0 19 16 12 26 19 23
 6.120000E+02 11 0 0 0 0 0 0 0 0 0 0 0 24 16 11 23 18 20
 6.125000E+02 13 0 0 0 0 0 0 0 0 0 0 0 22 17 13 15 26 20
 6.130000E+02 10 0 0 0 0 0 0 1 0 1 0 0 19 14 19 16 24 20
 6.135000E+02 11 0 0 0 0 0 0 0 0 2 0 0 13 22 17 19 20 13
 6.140000E+02 6 0 0 0 0 0 0 0 0 4 0 0 21 14 16 16 18 20
 6.145000E+02 7 0 0 0 0 0 0 2 0 2 0 0 14 18 14 17 15 21
 6.150000E+02 11 0 0 1 0 0 0 0 0 1 0 0 14 24 11 16 16 28
 6.155000E+02 15 0 0 0 0 0 0 0 0 1 0 0 21 18 13 14 19 20
 6.160000E+02 8 0 0 0 0 0 0 0 0 0 0 0 19 25 18 12 20 13
 6.165000E+02 8 0 0 0 0 0 0 0 0 0 0 0 15 23 17 15 15 15
 6.170000E+02 12 0 0 0 0 0 0 0 0 0 0 0 23 24 13 15 18 14
 6.175000E+02 9 0 0 0 0 0 0 0 0 0 0 0 13 23 19 22 10 17
 6.180000E+02 9 0 0 0 0 0 0 0 0 0 0 0 14 20 22 21 13 13
 6.185000E+02 6 0 0 0 0 0 0 0 0 0 0 0 13 20 22 20 20 13
 6.190000E+02 7 0 0 0 0 0 0 0 0 0 0 0 22 15 18 17 16 11
 6.195000E+02 11 0 0 0 0 0 0 0 0 0 0 0 18 15 19 17 17 14
 6.200000E+02 9 0 0 0 0 0 0 0 0 0 0 0 16 19 18 16 26 14
 6.205000E+02 7 0 0 0 0 0 0 0 0 0 0 0 12 21 17 20 15 21
 6.210000E+02 5 0 0 0 0 0 0 0 0 0 0 0 12 23 20 19 24 12
 6.215000E+02 19 0 0 0 0 0 0 0 0 0 0 0 24 14 25 20 21 15
 6.220000E+02 9 0 0 0 0 0 0 0 0 0 0 0 26 16 17 16 19 15
 6.225000E+02 13 0 0 0 0 0 0 0 0 0 0 0 22 15 15 20 22 11
 6.230000E+02 11 0 0 0 0 0 0 0 0 0 0 0 18 13 19 19 23 10
 6.235000E+02 11 0 0 0 0 0 0 0 0 0 0 0 15 18 22 22 22 18
 6.240000E+02 13 0 0 0 0 0 0 0 0 0 0 0 19 17 16 14 18 19
 6.245000E+02 8 0 0 0 0 0 0 0 0 0 0 0 25 17 18 17 17 22
 6.250000E+02 15 0 0 0 0 0 0 0 0 0 0 0 28 12 19 18 17 23
 6.255000E+02 12 0 0 0 0 0 0 0 0 0 0 0 21 22 20 13 17 19
 6.260000E+02 14 0 0 0 0 0 0 0 0 0 0 0 25 15 23 21 18 13
 6.265000E+02 11 0 0 0 0 0 0 0 0 0 0 0 20 20 23 20 15 15
 6.270000E+02 11 0 0 0 0 0 0 0 0 0 0 0 20 17 22 16 13 21
 6.275000E+02 13 0 0 0 0 0 0 0 0 0 0 0 17 23 13 17 14 27
 6.280000E+02 11 0 0 0 0 0 0 0 0 0 0 0 15 17 17 14 16 23
 6.285000E+02 7 0 0 0 0 0 0 0 0 0 0 0 13 18 11 15 20 27
 6.290000E+02 16 0 0 0 0 0 0 0 0 0 0 0 22 16 10 16 21 22
 6.295000E+02 6 0 0 0 0 0 0 0 0 0 0 0 19 28 15 14 15 15
 6.300000E+02 8 0 0 0 0 0 0 0 0 0 0 0 21 25 15 21 19 15
 6.305000E+02 10 0 0 0 0 0 0 0 0 0 0 0 21 21 10 16 24 17
 6.310000E+02 3 0 0 0 0 0 0 0 0 0 0 0 25 16 9 18 27 20
 6.315000E+02 7 0 0 0 0 0 0 0 0 0 0 0 21 11 13 20 27 23
 6.320000E+02 5 0 0 0 0 0 0 0 0 0 0 0 19 20 17 12 23 26
 6.325000E+02 8 0 0 0 0 0 0 0 0 0 0 0 16 17 18 13 23 16
 6.330000E+02 10 0 0 0 0 0 0 0 0 0 0 0 17 16 16 9 19 23
 6.335000E+02 10 0 0 0 0 0 0 0 0 0 0 0 24 16 20 14 22 19
 6.340000E+02 10 0 0 0 0 0 0 0 0 0 0 0 20 19 12 30 20 21
 6.345000E+02 11 0 0 0 0 0 0 0 0 0 0 0 14 14 8 22 22 17
 6.350000E+02 13 0 0 0 0 0 0 0 0 0 0 0 24 13 9 13 22 22
 6.355000E+02 7 0 0 0 0 0 0 0 0 0 0 0 19 17 11 20 23 19
 6.360000E+02 5 0 0 0 0 0 0 0 0 0 0 0 21 16 19 17 19 19
 6.365000E+02 6 0 0 0 0 0 0 0 0 0 0 0 25 17 13 19 17 15
 6.370000E+02 6 0 0 0 0 0 0 0 0 1 0 0 25 18 23 14 12 15
 6.375000E+02 8 0 0 0 0 0 0 0 0 0 0 0 17 15 15 15 22 20
 6.380000E+02 9 0 0 0 0 0 0 0 0 0 0 0 13 15 17 27 25 15
 6.385000E+02 11 0 0 0 0 0 0 0 0 0 0 0 10 16 10 28 13 16
 6.390000E+02 13 0 0 0 0 0 0 0 0 0 0 0 13 20 16 23 19 17
 6.395000E+02 8 0 0 0 0 0 0 0 0 0 0 0 15 20 20 18 20 20
 6.400000E+02 8 0 0 0 0 0 0 0 0 0 0 0 19 17 16 9 23 21
 6.405000E+02 10 0 0 0 0 0 0 0 0 0 0 0 21 14 17 15 18 17
 6.410000E+02 14 0 0 0 0 0 0 0 0 1 0 0 23 18 21 12 12 19
 6.415000E+02 15 0 0 0 0 0 0 0 0 0 0 0 16 21 19 11 21 16
 6.420000E+02 12 0 0 0 0 0 0 0 0 0 0 0 20 19 21 9 14 22
 6.425000E+02 5 0 0 0 0 0 0 0 0 0 0 0 17 16 24 6 9 28
 6.430000E+02 13 0 0 0 0 0 0 0 0 0 0 0 21 16 20 11 10 24
 6.435000E+02 8 0 0 0 0 0 0 0 0 0 0 0 29 23 18 15 12 16
 6.440000E+02 10 0 0 0 0 0 0 0 0 0 0 0 25 17 21 19 13 13
 6.445000E+02 8 0 0 0 0 0 0 0 0 0 0 0 25 18 25 19 13 10
 6.450000E+02 11 0 0 0 0 0 0 0 0 0 0 0 17 18 20 27 11 14
 6.455000E+02 8 0 0 0 0 0 0 0 0 1 0 0 20 14 20 22 13 24
 6.460000E+02 11 0 0 0 0 0 0 0 0 1 0 0 19 20 14 11 14 21
 6.465000E+02 11 0 0 0 0 0 0 1 0 0 0 0 19 24 20 15 12 19
 6.470000E+02 9 0 0 0 0 0 0 0 0 1 0 0 24 13 28 15 23 13
 6.475000E+02 11 0 0 0 0 0 0 0 0 1 0 0 25 19 23 14 20 14
 6.480000E+02 10 0 0 0 0 0 0 0 0 1 0 0 15 20 16 16 22 17
 6.485000E+02 7 0 0 0 0 0 0 0 0 1 0 0 15 17 10 25 18 21
 6.490000E+02 11 0 0 0 0 0 0 0 0 0 0 0 15 17 13 18 24 26
 6.495000E+02 7 0 0 0 0 0 0 0 0 0 0 0 22 17 18 24 18 21
 6.500000E+02 7 0 0 0 0 0 0 0 0 0 0 0 18 17 13 20 18 20
 6.505000E+02 7 0 0 0 0 0 0 0 0 1 0 0 17 23 13 16 14 18
 6.510000E+02 11 0 0 1 0 0 0 0 0 1 0 0 20 19 20 18 21 23
 6.515000E+02 13 0 0 0 0 0 0 1 0 0 0 0 17 20 22 27 16 13
 6.520000E+02 10 0 0 0 0 0 0 0 0 0 0 0 16 15 23 20 21 20
 6.525000E+02 3 0 0 0 0 0 0 0 0 1 0 0 20 21 15 19 20 17
 6.530000E+02 10 0 0 0 0 0 0 0 0 0 0 0 12 21 19 17 17 24
 6.535000E+02 7 0 0 0 0 0 0 0 0 0 0 0 9 21 18 17 19 24
 6.540000E+02 13 0 0 0 0 0 0 0 0 0 0 0 13 20 17 15 24 18
 6.545000E+02 9 0 0 0 0 0 0 0 0 1 0 0 16 21 17 17 23 21
 6.550000E+02 13 0 0 0 0 0 0 0 0 1 0 0 22 13 20 13 18 21
 6.555000E+02 6 0 0 0 0 0 0 0 0 0 0 0 20 3 15 16 21 20
 6.560000E+02 4 0 0 0 0 0 0 0 0 0 0 0 15 12 19 19 20 20
 6.565000E+02 13 0 0 0 0 0 0 0 0 0 0 0 18 12 20 21 17 21
 6.570000E+02 15 0 0 0 0 0 0 0 0 0 0 0 16 9 22 21 17 17
 6.575000E+02 12 0 0 0 0 0 0 0 0 0 0 0 15 11 18 17 20 29
 6.580000E+02 6 0 0 0 0 0 0 0 0 0 0 0 23 10 21 18 22 15
 6.585000E+02 12 0 0 0 0 0 0 0 0 0 0 0 22 15 13 21 14 14
 6.590000E+02 10 0 0 0 0 0 0 0 0 0 0 0 20 12 15 12 18 23
 6.595000E+02 9 0 0 0 0 0 0 0 0 0 0 0 23 13 18 18 14 22
 6.600000E+02 11 0 0 0 0 0 0 0 0 0 0 0 21 18 13 14 22 12
 6.605000E+02 10 0 0 0 0 0 0 0 0 0 0 0 20 9 17 20 18 12
 6.610000E+02 7 0 0 0 0 0 0 0 0 0 0 0 16 9 22 18 17 13
 6.615000E+02 7 0 0 0 0 0 0 0 0 0 0 0 18 9 19 18 13 18
 6.620000E+02 15 0 0 0 0 0 0 0 0 0 0 0 17 9 24 16 10 20
 6.625000E+02 12 0 0 0 0 0 0 0 0 0 0 0 15 16 21 16 12 25
 6.630000E+02 11 0 0 0 0 0 0 0 0 0 0 0 15 13 15 20 17 17
 6.635000E+02 13 0 0 0 0 0 0 0 0 1 0 0 13 19 19 21 22 11
 6.640000E+02 8 0 0 0 0 0 0 0 0 0 0 0 21 14 13 22 22 13
 6.645000E+02 6 0 0 0 0 0 0 0 0 0 0 0 16 15 16 19 20 14
 6.650000E+02 7 0 0 0 0 0 0 0 0 0 0 0 17 20 18 17 23 12
 6.655000E+02 13 0 0 0 0 0 0 0 0 0 0 0 19 18 15 19 16 16
 6.660000E+02 5 0 0 0 0 0 0 0 0 0 0 0 17 17 16 13 23 23
 6.665000E+02 5 0 0 0 0 0 0 0 0 0 0 0 18 16 16 13 21 21
 6.670000E+02 7 0 0 0 0 0 0 0 0 0 0 0 24 19 20 15 20 24
 6.675000E+02 8 0 0 0 0 0 0 0 0 0 0 0 22 25 19 18 21 23
 6.680000E+02 7 0 0 0 0 0 0 0 0 1 0 0 17 18 15 17 19 20
 6.685000E+02 6 0 0 0 0 0 0 2 0 0 0 0 27 17 14 17 19 20
 6.690000E+02 4 0 0 0 0 0 0 0 0 2 0 0 20 16 10 19 23 17
 6.695000E+02 7 0 0 0 0 0 0 0 0 0 0 0 18 13 15 17 19 21
 6.700000E+02 6 0 0 0 0 0 0 0 0 0 0 0 11 12 19 14 18 26
 6.705000E+02 5 0 0 0 0 0 0 0 0 0 0 0 16 12 18 25 17 20
 6.710000E+02 7 0 0 1 0 0 0 0 0 0 0 0 24 12 17 11 22 21
 6.715000E+02 19 0 0 0 0 0 0 0 0 1 0 0 18 6 17 14 21 23
 6.720000E+02 10 0 0 0 0 0 0 0 0 1 0 0 15 14 18 18 16 15
 6.725000E+02 8 0 0 0 0 0 0 0 0 0 0 0 18 12 12 15 19 16
 6.730000E+02 12 0 0 0 0 0 0 0 0 0 0 0 24 13 16 23 16 27
 6.735000E+02 11 0 0 0 0 0 0 0 0 0 0 0 19 16 16 11 23 21
 6.740000E+02 11 0 0 0 0 0 0 0 0 0 0 0 19 16 16 10 22 16
 6.745000E+02 6 0 0 0 0 0 0 0 0 0 0 0 15 10 23 12 17 26
 6.750000E+02 10 0 0 0 0 0 0 0 0 0 0 0 18 9 19 17 14 29
 6.755000E+02 12 0 0 0 0 0 0 0 0 0 0 0 14 16 16 17 12 18
 6.760000E+02 7 0 0 0 0 0 0 0 0 0 0 0 17 9 19 17 20 19
 6.765000E+02 11 0 0 0 0 0 0 0 0 0 0 0 21 15 22 19 16 15
 6.770000E+02 13 0 0 0 0 0 0 0 0 0 0 0 17 19 23 23 13 13
 6.775000E+02 11 0 0 0 0 0 0 0 0 0 0 0 17 17 23 20 17 12
 6.780000E+02 6 0 0 0 0 0 0 0 0 0 0 0 19 20 21 24 16 16
 6.785000E+02 9 0 0 0 0 0 0 0 0 0 0 0 18 17 15 19 20 14
 6.790000E+02 10 0 0 0 0 0 0 0 0 0 0 0 18 19 23 18 14 14
 6.795000E+02 9 0 0 0 0 0 0 0 0 0 0 0 24 20 16 14 18 15
 6.800000E+02 11 0 0 0 0 0 0 0 0 0 0 0 26 22 20 19 20 15
 6.805000E+02 10 0 0 0 0 0 0 0 0 0 0 0 14 17 22 21 11 15
 6.810000E+02 7 0 0 0 0 0 0 0 0 0 0 0 17 14 16 22 10 18
 6.815000E+02 8 0 0 0 0 0 0 0 0 0 0 0 21 11 21 20 21 16
 6.820000E+02 13 0 0 0 0 0 0 0 0 0 0 0 23 11 18 25 20 13
 6.825000E+02 7 0 0 0 0 0 0 0 0 0 0 0 18 21 20 14 15 12
 6.830000E+02 13 0 0 0 0 0 0 0 0 0 0 0 16 16 15 17 17 10
 6.835000E+02 7 0 0 0 0 0 0 0 0 0 0 0 18 27 11 14 14 21
 6.840000E+02 5 0 0 0 0 0 0 0 0 0 0 0 20 21 9 17 17 18
 6.845000E+02 10 0 0 0 0 0 0 0 0 0 0 0 13 15 15 16 14 15
 6.850000E+02 5 0 0 0 0 0 0 0 0 0 0 0 16 19 11 16 22 12
 6.855000E+02 11 0 0 0 0 0 0 0 0 0 0 0 17 18 14 19 17 14
 6.860000E+02 6 0 0 0 0 0 0 0 0 1 0 0 15 20 13 13 20 19
 6.865000E+02 7 0 0 0 0 0 0 0 0 1 0 0 12 21 16 20 16 9
 6.870000E+02 6 0 0 0 0 0 0 0 0 1 0 0 11 20 15 21 20 10
 6.875000E+02 5 0 0 1 0 0 0 0 0 1 0 0 16 18 10 16 23 17
 6.880000E+02 9 0 0 0 0 0 0 0 0 2 0 0 16 13 20 15 17 12
 6.885000E+02 11 0 0 0 0 0 0 1 0 1 0 0 20 12 18 14 19 11
 6.890000E+02 14 0 0 0 0 0 0 0 0 2 0 0 19 13 22 16 15 16
 6.895000E+02 13 0 0 0 0 0 0 0 0 2 0 0 18 15 22 22 12 15
 6.900000E+02 5 0 0 0 0 0 0 0 0 1 0 0 21 24 14 32 11 13
 6.905000E+02 7 0 0 0 0 0 0 1 0 0 0 0 15 17 13 26 16 17
 6.910000E+02 9 0 0 0 0 0 0 0 0 1 0 0 16 16 13 19 14 10
 6.915000E+02 6 0 0 0 0 0 0 0 0 1 0 0 16 13 19 22 12 15
 6.920000E+02 7 0 0 0 0 0 0 1 0 1 0 0 20 16 19 15 18 15
 6.925000E+02 13 0 0 0 0 0 0 0 0 2 0 0 15 19 17 20 13 22
 6.930000E+02 8 0 0 0 0 0 0 0 0 2 0 0 13 18 13 16 11 17
 6.935000E+02 10 0 0 0 0 0 0 0 0 2 0 0 12 15 21 16 21 10
 6.940000E+02 10 0 0 1 0 0 0 0 0 0 0 0 14 18 21 16 24 12
 6.945000E+02 7 0 0 0 0 0 0 0 0 1 0 0 17 13 20 15 20 20
 6.950000E+02 10 0 0 1 0 0 0 0 0 0 0 0 15 17 17 17 16 25
 6.955000E+02 14 0 0 0 0 0 0 0 0 0 0 0 23 13 16 13 18 26
 6.960000E+02 4 0 0 0 0 0 0 0 0 0 0 0 28 16 14 19 21 18
 6.965000E+02 9 0 0 0 0 0 0 1 0 1 0 0 17 14 9 15 22 19
 6.970000E+02 7 0 0 0 0 0 0 0 0 2 0 0 17 13 9 15 22 15
 6.975000E+02 12 0 0 0 0 0 0 0 0 1 0 0 13 18 13 18 24 18
 6.980000E+02 6 0 0 1 0 0 0 0 0 0 0 0 17 25 12 18 16 20
 6.985000E+02 8 0 0 0 0 0 0 0 0 1 0 0 15 18 16 24 12 22
 6.990000E+02 11 0 0 0 0 0 0 0 0 0 0 0 17 19 17 21 11 22
 6.995000E+02 12 0 0 0 0 0 0 0 0 0 0 0 15 19 9 23 17 24
 7.000000E+02 5 0 0 0 0 0 0 0 0 0 0 0 15 18 8 12 19 25
