# time 'Ca' 'D34:75:137_PP2ACa' 'D34:75:137_PP2APCa' 'D34:75_PP2ACa' 'D34:75_PP2APCa' 'D75:137_PP2ACa' 'D75:137_PP2APCa' 'D75_PP2ACa' 'D75_PP2APCa' 'PP2ACa' 'PP2ACa_PKA' 'PP2APCa' 'PP2BinactiveCa2_1' 'PP2BinactiveCa2_2' 'PP2BinactiveCa2_3' 'PP2BinactiveCa2_4' 'PP2BinactiveCa2_5' 'PP2BinactiveCa2_6'
 0.000000E+00 0 0 0 0 0 0 0 0 0 0 0 0 0 0 0 0 0 0
 5.000000E-01 3 0 0 0 0 0 0 0 0 0 0 0 1 0 1 0 0 0
 1.000000E+00 0 0 0 0 0 0 0 0 0 0 0 0 2 0 1 0 2 0
 1.500000E+00 1 0 0 0 0 0 0 0 0 0 0 0 1 2 1 0 0 3
 2.000000E+00 2 0 0 0 0 0 0 0 0 0 0 0 0 1 2 1 2 3
 2.500000E+00 1 0 0 0 0 0 0 0 0 0 0 0 3 2 2 1 2 4
 3.000000E+00 1 0 0 0 0 0 0 0 0 0 0 0 3 3 2 1 4 3
 3.500000E+00 5 0 0 0 0 0 0 0 0 1 0 0 3 2 3 2 4 2
 4.000000E+00 2 0 0 0 0 0 0 1 0 0 0 0 2 4 1 5 5 3
 4.500000E+00 3 0 0 0 0 0 0 0 0 0 0 0 3 6 1 5 5 4
 5.000000E+00 4 0 0 0 0 0 0 0 0 0 0 0 3 7 2 7 5 2
 5.500000E+00 3 0 0 0 0 0 0 0 0 0 0 0 5 5 3 6 4 3
 6.000000E+00 2 0 0 0 0 0 0 0 0 0 0 0 4 4 2 6 4 5
 6.500000E+00 4 0 0 0 0 0 0 0 0 0 0 0 4 6 6 4 5 5
 7.000000E+00 7 0 0 0 0 0 0 0 0 0 0 0 4 10 4 6 2 6
 7.500000E+00 3 0 0 0 0 0 0 0 0 0 0 0 4 11 4 10 2 3
 8.000000E+00 2 0 0 0 0 0 0 0 0 0 0 0 8 6 4 11 0 5
 8.500000E+00 6 0 0 0 0 0 0 0 0 0 0 0 12 2 4 8 2 5
 9.000000E+00 4 0 0 0 0 0 0 0 0 0 0 0 6 4 2 10 3 8
 9.500000E+00 5 0 0 0 0 0 0 0 0 0 0 0 7 5 3 11 5 4
 1.000000E+01 1 0 0 0 0 0 0 0 0 0 0 0 6 9 6 9 4 6
 1.050000E+01 3 0 0 0 0 0 0 0 0 0 0 0 7 10 5 7 4 8
 1.100000E+01 5 0 0 0 0 0 0 0 0 0 0 0 8 8 3 9 5 11
 1.150000E+01 4 0 0 0 0 0 0 0 0 0 0 0 9 10 3 9 7 8
 1.200000E+01 2 0 0 0 0 0 0 0 0 0 0 0 6 9 7 9 11 6
 1.250000E+01 5 0 0 0 0 0 0 0 0 1 0 0 6 8 5 12 10 7
 1.300000E+01 9 0 0 0 0 0 0 0 0 0 0 0 9 7 7 7 12 4
 1.350000E+01 4 0 0 0 0 0 0 0 0 0 0 0 7 10 7 14 15 2
 1.400000E+01 7 0 0 0 0 0 0 0 0 0 0 0 5 10 6 15 15 6
 1.450000E+01 5 0 0 0 0 0 0 0 0 0 0 0 5 8 11 12 11 8
 1.500000E+01 3 0 0 0 0 0 0 0 0 0 0 0 7 10 9 11 12 4
 1.550000E+01 2 0 0 0 0 0 0 0 0 0 0 0 8 10 12 14 7 6
 1.600000E+01 2 0 0 0 0 0 0 0 0 0 0 0 9 11 15 9 9 9
 1.650000E+01 4 0 0 0 0 0 0 0 0 0 0 0 8 11 13 10 8 15
 1.700000E+01 3 0 0 0 0 0 0 0 0 0 0 0 6 12 12 10 12 10
 1.750000E+01 6 0 0 0 0 0 0 0 0 0 0 0 7 13 13 10 7 10
 1.800000E+01 3 0 0 0 0 0 0 0 0 0 0 0 9 10 11 10 10 14
 1.850000E+01 6 0 0 0 0 0 0 0 0 0 0 0 14 13 10 8 12 12
 1.900000E+01 9 0 0 0 0 0 0 0 0 0 0 0 9 11 12 10 11 12
 1.950000E+01 8 0 0 0 0 0 0 0 0 0 0 0 13 12 10 9 11 12
 2.000000E+01 6 0 0 0 0 0 0 0 0 0 0 0 13 14 12 11 12 12
 2.050000E+01 3 0 0 0 0 0 0 0 0 0 0 0 15 12 9 8 15 13
 2.100000E+01 5 0 0 0 0 0 0 0 0 0 0 0 14 14 5 8 22 12
 2.150000E+01 6 0 0 0 0 0 0 0 0 0 0 0 16 12 3 13 12 13
 2.200000E+01 6 0 0 0 0 0 0 0 0 0 0 0 10 12 10 10 12 11
 2.250000E+01 11 0 0 0 0 0 0 0 0 0 0 0 12 7 16 8 15 12
 2.300000E+01 12 0 0 0 0 0 0 0 0 0 0 0 6 9 13 7 12 16
 2.350000E+01 5 0 0 0 0 0 0 0 0 0 0 0 13 11 13 8 15 17
 2.400000E+01 12 0 0 0 0 0 0 0 0 0 0 0 14 14 14 9 10 13
 2.450000E+01 6 0 0 0 0 0 0 0 0 0 0 0 7 20 18 13 14 10
 2.500000E+01 3 0 0 0 0 0 0 0 0 0 0 0 11 18 14 17 14 13
 2.550000E+01 5 0 0 0 0 0 0 0 0 0 0 0 18 18 8 12 16 8
 2.600000E+01 6 0 0 0 0 0 0 0 0 0 0 0 14 16 10 17 16 10
 2.650000E+01 4 0 0 0 0 0 0 0 0 0 0 0 21 13 5 19 13 11
 2.700000E+01 10 0 0 0 0 0 0 0 0 1 0 0 15 9 13 15 11 20
 2.750000E+01 6 0 0 0 0 0 0 0 0 0 0 0 14 12 7 23 11 19
 2.800000E+01 3 0 0 0 0 0 0 0 0 0 0 0 15 11 18 16 11 13
 2.850000E+01 4 0 0 0 0 0 0 0 0 1 0 0 10 11 20 19 12 22
 2.900000E+01 3 0 0 0 0 0 0 0 0 0 0 0 15 12 17 17 14 21
 2.950000E+01 9 0 0 0 0 0 0 0 0 0 0 0 15 13 16 15 14 18
 3.000000E+01 4 0 0 0 0 0 0 0 0 0 0 0 17 12 13 17 21 18
 3.050000E+01 5 0 0 0 0 0 0 0 0 0 0 0 23 11 10 14 20 15
 3.100000E+01 5 0 0 0 0 0 0 0 0 0 0 0 17 7 22 14 18 15
 3.150000E+01 6 0 0 0 0 0 0 0 0 0 0 0 16 11 15 15 16 19
 3.200000E+01 6 0 0 0 0 0 0 0 0 0 0 0 14 14 13 18 15 19
 3.250000E+01 10 0 0 0 0 0 0 0 0 0 0 0 8 21 12 16 17 11
 3.300000E+01 8 0 0 0 0 0 0 0 0 0 0 0 10 17 13 19 20 16
 3.350000E+01 11 0 0 0 0 0 0 0 0 0 0 0 13 12 13 16 18 16
 3.400000E+01 11 0 0 0 0 0 0 0 0 0 0 0 13 12 14 16 16 18
 3.450000E+01 10 0 0 0 0 0 0 0 0 0 0 0 15 14 14 20 9 14
 3.500000E+01 11 0 0 0 0 0 0 0 0 0 0 0 17 17 16 15 13 21
 3.550000E+01 13 0 0 0 0 0 0 0 0 1 0 0 15 14 10 12 19 19
 3.600000E+01 11 0 0 0 0 0 0 1 0 0 0 0 11 20 14 15 20 12
 3.650000E+01 10 0 0 0 0 0 0 1 0 0 0 0 7 17 9 15 19 21
 3.700000E+01 9 0 0 0 0 0 0 0 0 1 0 0 13 16 15 15 21 15
 3.750000E+01 7 0 0 0 0 0 0 0 0 1 0 0 12 24 21 9 14 19
 3.800000E+01 13 0 0 0 0 0 0 0 0 0 0 0 15 20 20 10 15 17
 3.850000E+01 9 0 0 0 0 0 0 0 0 0 0 0 14 18 16 19 20 15
 3.900000E+01 12 0 0 0 0 0 0 0 0 0 0 0 13 18 13 18 18 15
 3.950000E+01 9 0 0 0 0 0 0 0 0 0 0 0 19 15 15 13 20 19
 4.000000E+01 9 0 0 0 0 0 0 0 0 0 0 0 14 11 16 15 16 21
 4.050000E+01 8 0 0 0 0 0 0 0 0 0 0 0 19 13 12 22 21 19
 4.100000E+01 7 0 0 0 0 0 0 0 0 0 0 0 20 11 11 17 15 18
 4.150000E+01 9 0 0 0 0 0 0 0 0 1 0 0 22 16 10 16 14 18
 4.200000E+01 7 0 0 0 0 0 0 0 0 0 0 0 20 21 10 22 12 18
 4.250000E+01 9 0 0 0 0 0 0 0 0 1 0 0 18 20 13 18 14 22
 4.300000E+01 5 0 0 0 0 0 0 0 0 1 0 0 15 21 14 16 17 20
 4.350000E+01 11 0 0 0 0 0 0 0 0 0 0 0 11 14 10 19 24 19
 4.400000E+01 6 0 0 0 0 0 0 0 0 0 0 0 12 23 17 16 14 22
 4.450000E+01 8 0 0 0 0 0 0 0 0 0 0 0 18 24 14 16 15 19
 4.500000E+01 9 0 0 0 0 0 0 0 0 0 0 0 14 18 22 19 15 15
 4.550000E+01 8 0 0 0 0 0 0 0 0 0 0 0 15 13 19 21 22 17
 4.600000E+01 8 0 0 0 0 0 0 0 0 0 0 0 13 16 15 18 28 20
 4.650000E+01 8 0 0 0 0 0 0 0 0 0 0 0 17 23 15 14 20 20
 4.700000E+01 5 0 0 0 0 0 0 0 0 1 0 0 14 20 22 13 12 19
 4.750000E+01 9 0 0 0 0 0 0 0 0 1 0 0 19 16 20 19 14 20
 4.800000E+01 10 0 0 0 0 0 0 0 0 1 0 0 14 16 16 21 19 19
 4.850000E+01 9 0 0 0 0 0 0 0 0 0 0 0 18 21 13 15 16 22
 4.900000E+01 12 0 0 0 0 0 0 0 0 0 0 0 16 20 9 18 13 19
 4.950000E+01 4 0 0 0 0 0 0 0 0 0 0 0 17 20 14 14 15 21
 5.000000E+01 9 0 0 0 0 0 0 0 0 0 0 0 13 17 15 21 16 20
 5.050000E+01 8 0 0 0 0 0 0 0 0 0 0 0 15 18 15 23 18 17
 5.100000E+01 9 0 0 0 0 0 0 0 0 0 0 0 16 19 15 16 19 19
 5.150000E+01 7 0 0 0 0 0 0 0 0 0 0 0 24 17 10 23 13 19
 5.200000E+01 5 0 0 0 0 0 0 0 0 0 0 0 19 15 9 19 18 17
 5.250000E+01 8 0 0 0 0 0 0 0 0 0 0 0 16 18 14 20 18 20
 5.300000E+01 7 0 0 0 0 0 0 0 0 0 0 0 15 19 15 12 18 17
 5.350000E+01 7 0 0 0 0 0 0 0 0 0 0 0 9 20 13 21 23 15
 5.400000E+01 4 0 0 0 0 0 0 0 0 0 0 0 11 22 13 21 21 22
 5.450000E+01 9 0 0 0 0 0 0 0 0 0 0 0 15 19 14 18 25 20
 5.500000E+01 11 0 0 0 0 0 0 0 0 0 0 0 24 11 21 17 21 15
 5.550000E+01 11 0 0 0 0 0 0 0 0 0 0 0 20 15 14 21 20 12
 5.600000E+01 6 0 0 0 0 0 0 0 0 0 0 0 20 14 22 19 18 10
 5.650000E+01 11 0 0 0 0 0 0 0 0 0 0 0 11 14 16 25 18 13
 5.700000E+01 6 0 0 0 0 0 0 0 0 0 0 0 17 16 16 15 19 16
 5.750000E+01 7 0 0 0 0 0 0 0 0 0 0 0 23 21 14 12 24 11
 5.800000E+01 5 0 0 0 0 0 0 0 0 0 0 0 22 21 15 7 17 13
 5.850000E+01 11 0 0 0 0 0 0 0 0 0 0 0 19 19 16 8 22 17
 5.900000E+01 5 0 0 0 0 0 0 0 0 0 0 0 17 14 13 16 21 17
 5.950000E+01 5 0 0 0 0 0 0 0 0 0 0 0 10 13 17 19 23 22
 6.000000E+01 14 0 0 0 0 0 0 0 0 0 0 0 16 17 19 18 18 15
 6.050000E+01 7 0 0 0 0 0 0 0 0 0 0 0 18 19 17 21 12 15
 6.100000E+01 13 0 0 0 0 0 0 0 0 0 0 0 19 17 14 20 10 21
 6.150000E+01 4 0 0 0 0 0 0 0 0 0 0 0 25 16 11 13 18 18
 6.200000E+01 1 0 0 0 0 0 0 0 0 0 0 0 19 14 15 12 18 11
 6.250000E+01 7 0 0 0 0 0 0 0 0 1 0 0 17 15 21 16 21 13
 6.300000E+01 12 0 0 0 0 0 0 1 0 0 0 0 15 19 18 18 16 13
 6.350000E+01 9 0 0 0 0 0 0 0 0 0 0 0 14 19 19 19 21 11
 6.400000E+01 11 0 0 0 0 0 0 0 0 0 0 0 22 23 17 10 15 10
 6.450000E+01 11 0 0 0 0 0 0 0 0 0 0 0 18 19 14 16 14 17
 6.500000E+01 9 0 0 0 0 0 0 0 0 0 0 0 19 16 12 14 21 20
 6.550000E+01 6 0 0 0 0 0 0 0 0 0 0 0 18 14 14 19 20 19
 6.600000E+01 3 0 0 0 0 0 0 0 0 0 0 0 16 18 16 19 21 18
 6.650000E+01 6 0 0 0 0 0 0 0 0 0 0 0 11 17 21 18 19 20
 6.700000E+01 9 0 0 0 0 0 0 0 0 0 0 0 11 20 22 16 20 16
 6.750000E+01 10 0 0 0 0 0 0 0 0 0 0 0 19 14 19 15 17 18
 6.800000E+01 12 0 0 0 0 0 0 0 0 0 0 0 23 17 19 14 16 18
 6.850000E+01 9 0 0 0 0 0 0 0 0 0 0 0 17 20 14 13 15 19
 6.900000E+01 10 0 0 0 0 0 0 0 0 0 0 0 17 15 13 18 16 14
 6.950000E+01 8 0 0 0 0 0 0 0 0 0 0 0 20 15 13 22 15 16
 7.000000E+01 4 0 0 0 0 0 0 0 0 1 0 0 12 22 17 18 15 17
 7.050000E+01 16 0 0 0 0 0 0 0 0 1 0 0 13 24 18 17 9 17
 7.100000E+01 8 0 0 0 0 0 0 0 0 0 0 0 15 21 21 16 15 16
 7.150000E+01 9 0 0 0 0 0 0 0 0 0 0 0 15 14 18 16 12 20
 7.200000E+01 10 0 0 0 0 0 0 0 0 0 0 0 10 13 21 16 17 17
 7.250000E+01 8 0 0 0 0 0 0 0 0 0 0 0 9 16 22 19 15 15
 7.300000E+01 6 0 0 0 0 0 0 0 0 0 0 0 9 17 16 18 17 16
 7.350000E+01 7 0 0 0 0 0 0 0 0 1 0 0 9 16 11 17 15 21
 7.400000E+01 10 0 0 0 0 0 0 1 0 0 0 0 11 22 12 17 17 18
 7.450000E+01 11 0 0 0 0 0 0 0 0 1 0 0 11 20 23 18 14 8
 7.500000E+01 10 0 0 0 0 0 0 1 0 0 0 0 21 20 20 16 10 15
 7.550000E+01 14 0 0 0 0 0 0 0 0 1 0 0 18 22 18 13 19 16
 7.600000E+01 7 0 0 0 0 0 0 0 0 0 0 0 20 19 17 12 24 13
 7.650000E+01 5 0 0 0 0 0 0 0 0 0 0 0 21 20 16 13 19 18
 7.700000E+01 9 0 0 0 0 0 0 0 0 0 0 0 15 19 14 14 20 27
 7.750000E+01 10 0 0 0 0 0 0 0 0 0 0 0 16 18 15 20 13 20
 7.800000E+01 9 0 0 0 0 0 0 0 0 0 0 0 14 18 15 20 20 18
 7.850000E+01 13 0 0 0 0 0 0 0 0 0 0 0 10 16 16 20 16 13
 7.900000E+01 15 0 0 0 0 0 0 0 0 0 0 0 17 14 11 21 18 25
 7.950000E+01 12 0 0 0 0 0 0 0 0 0 0 0 13 12 13 16 27 15
 8.000000E+01 4 0 0 0 0 0 0 0 0 0 0 0 11 14 12 13 23 14
 8.050000E+01 7 0 0 0 0 0 0 0 0 1 0 0 16 17 13 13 17 19
 8.100000E+01 9 0 0 0 0 0 0 1 0 0 0 0 17 20 15 18 14 19
 8.150000E+01 7 0 0 0 0 0 0 1 0 0 0 0 12 14 20 14 13 21
 8.200000E+01 6 0 0 0 0 0 0 0 0 0 0 0 17 19 25 14 10 30
 8.250000E+01 6 0 0 0 0 0 0 0 0 0 0 0 19 20 17 12 10 26
 8.300000E+01 8 0 0 0 0 0 0 0 0 0 0 0 22 18 11 11 12 24
 8.350000E+01 12 0 0 0 0 0 0 0 0 0 0 0 20 22 13 10 16 22
 8.400000E+01 7 0 0 0 0 0 0 0 0 0 0 0 19 14 18 10 13 21
 8.450000E+01 11 0 0 0 0 0 0 0 0 0 0 0 18 20 22 16 21 15
 8.500000E+01 11 0 0 0 0 0 0 0 0 0 0 0 16 25 17 8 20 16
 8.550000E+01 13 0 0 0 0 0 0 0 0 0 0 0 17 31 15 8 24 19
 8.600000E+01 9 0 0 0 0 0 0 0 0 0 0 0 12 27 18 14 32 14
 8.650000E+01 3 0 0 0 0 0 0 0 0 0 0 0 13 23 18 17 20 15
 8.700000E+01 12 0 0 0 0 0 0 0 0 0 0 0 15 22 18 14 21 16
 8.750000E+01 12 0 0 0 0 0 0 0 0 0 0 0 15 20 16 19 20 14
 8.800000E+01 11 0 0 0 0 0 0 0 0 0 0 0 18 15 23 15 18 18
 8.850000E+01 10 0 0 0 0 0 0 0 0 0 0 0 13 21 25 17 13 15
 8.900000E+01 14 0 0 0 0 0 0 0 0 0 0 0 17 13 28 20 16 16
 8.950000E+01 11 0 0 0 0 0 0 0 0 1 0 0 16 11 21 15 21 23
 9.000000E+01 10 0 0 0 0 0 0 0 0 1 0 0 17 15 24 14 19 17
 9.050000E+01 11 0 0 0 0 0 0 0 0 0 0 0 22 19 18 17 13 18
 9.100000E+01 9 0 0 0 0 0 0 0 0 1 0 0 18 15 23 19 21 24
 9.150000E+01 6 0 0 0 0 0 0 0 0 1 0 0 20 16 21 15 16 28
 9.200000E+01 7 0 0 0 0 0 0 0 0 0 0 0 15 11 25 15 18 20
 9.250000E+01 15 0 0 0 0 0 0 0 0 0 0 0 16 16 23 23 17 15
 9.300000E+01 6 0 0 0 0 0 0 0 0 0 0 0 20 16 18 26 22 13
 9.350000E+01 8 0 0 0 0 0 0 0 0 1 0 0 23 20 15 16 15 21
 9.400000E+01 11 0 0 0 0 0 0 0 0 1 0 0 20 17 25 16 16 15
 9.450000E+01 15 0 0 0 0 0 0 0 0 2 0 0 19 18 15 25 21 12
 9.500000E+01 17 0 0 0 0 0 0 0 0 1 0 0 14 19 20 31 17 11
 9.550000E+01 13 0 0 0 0 0 0 0 0 1 0 0 18 21 17 28 14 19
 9.600000E+01 9 0 0 0 0 0 0 0 0 0 0 0 16 15 21 19 15 20
 9.650000E+01 6 0 0 0 0 0 0 0 0 0 0 0 16 15 20 20 14 13
 9.700000E+01 7 0 0 0 0 0 0 0 0 0 0 0 15 19 19 24 20 12
 9.750000E+01 7 0 0 0 0 0 0 0 0 0 0 0 17 13 18 27 16 14
 9.800000E+01 5 0 0 0 0 0 0 0 0 0 0 0 18 19 19 21 19 14
 9.850000E+01 9 0 0 0 0 0 0 0 0 0 0 0 25 19 15 19 17 13
 9.900000E+01 13 0 0 0 0 0 0 0 0 0 0 0 18 26 15 13 18 8
 9.950000E+01 14 0 0 0 0 0 0 0 0 0 0 0 24 23 17 17 17 10
 1.000000E+02 16 0 0 0 0 0 0 0 0 0 0 0 18 14 19 17 15 17
 1.005000E+02 10 0 0 0 0 0 0 0 0 0 0 0 25 17 20 15 19 14
 1.010000E+02 7 0 0 0 0 0 0 0 0 2 0 0 18 18 17 13 21 18
 1.015000E+02 8 0 0 0 0 0 0 0 0 2 0 0 18 16 19 16 20 17
 1.020000E+02 8 0 0 0 0 0 0 0 0 2 0 0 19 17 17 17 11 16
 1.025000E+02 6 0 0 0 0 0 0 0 0 2 0 0 19 18 17 18 20 9
 1.030000E+02 14 0 0 0 0 0 0 0 0 2 0 0 19 16 20 14 23 15
 1.035000E+02 8 0 0 0 0 0 0 1 0 1 0 0 18 21 16 14 21 23
 1.040000E+02 4 0 0 0 0 0 0 0 0 0 0 0 15 17 16 18 17 21
 1.045000E+02 8 0 0 0 0 0 0 0 0 0 0 0 16 17 25 17 14 23
 1.050000E+02 9 0 0 0 0 0 0 0 0 2 0 0 11 17 19 21 22 21
 1.055000E+02 6 0 0 0 0 0 0 0 0 1 0 0 14 20 20 19 13 26
 1.060000E+02 16 0 0 0 0 0 0 0 0 0 0 0 10 18 17 19 15 25
 1.065000E+02 8 0 0 0 0 0 0 0 0 0 0 0 13 20 21 23 17 17
 1.070000E+02 9 0 0 0 0 0 0 1 0 0 0 0 14 25 18 20 21 21
 1.075000E+02 8 0 0 0 0 0 0 0 0 0 0 0 17 20 14 21 17 19
 1.080000E+02 6 0 0 0 0 0 0 0 0 0 0 0 23 22 16 14 16 16
 1.085000E+02 6 0 0 0 0 0 0 0 0 0 0 0 24 21 21 16 13 19
 1.090000E+02 9 0 0 0 0 0 0 0 0 0 0 0 25 19 17 13 19 19
 1.095000E+02 10 0 0 0 0 0 0 0 0 0 0 0 18 15 16 18 16 22
 1.100000E+02 9 0 0 0 0 0 0 0 0 0 0 0 18 21 13 18 21 18
 1.105000E+02 6 0 0 0 0 0 0 0 0 0 0 0 14 23 13 13 18 18
 1.110000E+02 5 0 0 0 0 0 0 0 0 0 0 0 17 23 16 18 20 17
 1.115000E+02 9 0 0 0 0 0 0 0 0 0 0 0 13 25 14 21 17 19
 1.120000E+02 10 0 0 0 0 0 0 0 0 0 0 0 15 20 15 22 17 29
 1.125000E+02 5 0 0 0 0 0 0 0 0 0 0 0 16 19 16 18 18 29
 1.130000E+02 13 0 0 0 0 0 0 0 0 0 0 0 17 16 29 15 13 20
 1.135000E+02 8 0 0 0 0 0 0 0 0 0 0 0 15 13 22 16 13 22
 1.140000E+02 7 0 0 0 0 0 0 0 0 0 0 0 19 20 25 12 16 18
 1.145000E+02 6 0 0 0 0 0 0 0 0 0 0 0 23 13 18 15 13 25
 1.150000E+02 9 0 0 0 0 0 0 0 0 0 0 0 20 11 13 14 19 22
 1.155000E+02 6 0 0 0 0 0 0 0 0 0 0 0 18 15 17 16 19 17
 1.160000E+02 11 0 0 0 0 0 0 0 0 0 0 0 18 15 13 12 23 15
 1.165000E+02 12 0 0 0 0 0 0 0 0 0 0 0 22 17 17 15 15 15
 1.170000E+02 5 0 0 0 0 0 0 0 0 0 0 0 21 18 17 18 6 14
 1.175000E+02 6 0 0 0 0 0 0 0 0 0 0 0 15 19 22 20 8 17
 1.180000E+02 12 0 0 0 0 0 0 0 0 0 0 0 17 14 15 18 11 24
 1.185000E+02 6 0 0 0 0 0 0 0 0 0 0 0 14 16 20 22 19 18
 1.190000E+02 13 0 0 0 0 0 0 0 0 0 0 0 19 17 18 20 17 14
 1.195000E+02 6 0 0 0 0 0 0 0 0 0 0 0 20 17 17 19 19 18
 1.200000E+02 10 0 0 0 0 0 0 0 0 0 0 0 22 9 13 15 26 19
 1.205000E+02 8 0 0 0 0 0 0 0 0 0 0 0 19 18 17 14 23 19
 1.210000E+02 7 0 0 0 0 0 0 0 0 0 0 0 18 17 18 18 20 21
 1.215000E+02 8 0 0 0 0 0 0 0 0 0 0 0 21 14 12 15 19 21
 1.220000E+02 8 0 0 0 0 0 0 0 0 0 0 0 18 20 17 12 16 27
 1.225000E+02 3 0 0 0 0 0 0 0 0 1 0 0 27 15 16 16 15 25
 1.230000E+02 7 0 0 0 0 0 0 1 0 1 0 0 21 18 16 20 14 18
 1.235000E+02 11 0 0 0 0 0 0 0 0 1 0 0 14 11 16 22 20 15
 1.240000E+02 9 0 0 0 0 0 0 0 0 0 0 0 23 14 18 18 19 15
 1.245000E+02 9 0 0 0 0 0 0 0 0 0 0 0 23 18 14 13 24 13
 1.250000E+02 11 0 0 0 0 0 0 0 0 0 0 0 27 20 12 14 23 15
 1.255000E+02 12 0 0 0 0 0 0 0 0 0 0 0 19 19 13 17 23 18
 1.260000E+02 13 0 0 0 0 0 0 1 0 0 0 0 19 21 10 16 21 19
 1.265000E+02 9 0 0 0 0 0 0 0 0 1 0 0 20 15 18 18 16 15
 1.270000E+02 12 0 0 0 0 0 0 0 0 1 0 0 14 13 21 20 13 18
 1.275000E+02 7 0 0 0 0 0 0 1 0 0 0 0 16 14 16 23 13 19
 1.280000E+02 6 0 0 0 0 0 0 0 0 1 0 0 16 16 17 25 13 23
 1.285000E+02 4 0 0 0 0 0 0 0 0 1 0 0 16 20 25 19 14 23
 1.290000E+02 11 0 0 0 0 0 0 0 0 2 0 0 14 21 16 15 18 13
 1.295000E+02 7 0 0 0 0 0 0 0 0 0 0 0 19 23 15 23 19 17
 1.300000E+02 4 0 0 0 0 0 0 0 0 0 0 0 16 21 13 19 18 19
 1.305000E+02 12 0 0 0 0 0 0 0 0 0 0 0 15 15 9 18 18 17
 1.310000E+02 8 0 0 0 0 0 0 0 0 0 0 0 24 23 14 24 20 21
 1.315000E+02 8 0 0 0 0 0 0 0 0 0 0 0 24 18 11 23 16 17
 1.320000E+02 6 0 0 0 0 0 0 0 0 0 0 0 22 15 11 22 18 20
 1.325000E+02 7 0 0 0 0 0 0 0 0 0 0 0 19 15 16 23 19 24
 1.330000E+02 9 0 0 0 0 0 0 0 0 0 0 0 15 18 17 18 17 22
 1.335000E+02 5 0 0 0 0 0 0 0 0 1 0 0 13 21 15 17 18 13
 1.340000E+02 11 0 0 0 0 0 0 0 0 1 0 0 18 18 16 15 19 18
 1.345000E+02 12 0 0 0 0 0 0 0 0 1 0 0 15 16 19 18 17 22
 1.350000E+02 11 0 0 0 0 0 0 0 0 0 0 0 15 14 22 13 16 26
 1.355000E+02 8 0 0 0 0 0 0 0 0 0 0 0 16 12 23 17 18 17
 1.360000E+02 12 0 0 0 0 0 0 0 0 0 0 0 13 16 17 23 17 18
 1.365000E+02 14 0 0 0 0 0 0 0 0 0 0 0 12 17 18 17 12 23
 1.370000E+02 12 0 0 0 0 0 0 0 0 0 0 0 11 15 21 21 21 17
 1.375000E+02 9 0 0 0 0 0 0 0 0 1 0 0 12 23 26 21 22 21
 1.380000E+02 10 0 0 0 0 0 0 0 0 1 0 0 14 15 25 23 16 25
 1.385000E+02 10 0 0 0 0 0 0 0 0 0 0 0 17 15 21 17 18 16
 1.390000E+02 9 0 0 0 0 0 0 0 0 0 0 0 24 13 21 20 18 16
 1.395000E+02 11 0 0 0 0 0 0 0 0 0 0 0 18 15 16 17 23 19
 1.400000E+02 12 0 0 0 0 0 0 0 0 0 0 0 16 10 17 20 24 26
 1.405000E+02 5 0 0 0 0 0 0 0 0 0 0 0 17 14 16 13 29 17
 1.410000E+02 15 0 0 0 0 0 0 0 0 0 0 0 19 19 19 18 26 16
 1.415000E+02 7 0 0 0 0 0 0 0 0 0 0 0 17 12 23 15 16 20
 1.420000E+02 8 0 0 0 0 0 0 0 0 0 0 0 16 20 23 15 20 18
 1.425000E+02 10 0 0 0 0 0 0 0 0 0 0 0 16 19 18 16 28 16
 1.430000E+02 8 0 0 0 0 0 0 0 0 0 0 0 21 19 16 16 20 16
 1.435000E+02 14 0 0 0 0 0 0 0 0 0 0 0 17 14 24 16 21 16
 1.440000E+02 9 0 0 0 0 0 0 0 0 0 0 0 18 18 17 22 19 17
 1.445000E+02 9 0 0 0 0 0 0 0 0 1 0 0 17 17 16 20 18 23
 1.450000E+02 11 0 0 0 0 0 0 0 0 0 0 0 22 16 16 17 15 22
 1.455000E+02 6 0 0 0 0 0 0 0 0 0 0 0 26 20 19 18 13 21
 1.460000E+02 9 0 0 0 0 0 0 0 0 1 0 0 21 19 20 16 20 12
 1.465000E+02 10 0 0 0 0 0 0 1 0 0 0 0 17 17 22 19 25 13
 1.470000E+02 8 0 0 0 0 0 0 1 0 0 0 0 22 12 24 16 17 19
 1.475000E+02 9 0 0 0 0 0 0 0 0 1 0 0 20 9 22 17 26 18
 1.480000E+02 8 0 0 0 0 0 0 0 0 2 0 0 23 13 18 13 21 23
 1.485000E+02 9 0 0 0 0 0 0 0 0 0 0 0 24 15 10 16 19 22
 1.490000E+02 7 0 0 0 0 0 0 0 0 0 0 0 20 12 17 20 18 22
 1.495000E+02 14 0 0 0 0 0 0 0 0 0 0 0 19 15 25 19 20 15
 1.500000E+02 14 0 0 0 0 0 0 0 0 0 0 0 20 15 20 17 18 16
 1.505000E+02 16 0 0 0 0 0 0 0 0 0 0 0 18 10 17 22 20 21
 1.510000E+02 8 0 0 0 0 0 0 0 0 0 0 0 25 16 16 16 17 17
 1.515000E+02 6 0 0 0 0 0 0 0 0 0 0 0 21 21 17 23 16 17
 1.520000E+02 7 0 0 0 0 0 0 1 0 1 0 0 17 16 16 18 20 19
 1.525000E+02 7 0 0 0 0 0 0 1 0 0 0 0 20 26 26 18 17 16
 1.530000E+02 8 0 0 0 0 0 0 0 0 1 0 0 20 23 21 20 12 16
 1.535000E+02 10 0 0 0 0 0 0 0 0 1 0 0 15 19 20 21 15 20
 1.540000E+02 12 0 0 0 0 0 0 0 0 1 0 0 19 16 25 17 19 16
 1.545000E+02 13 0 0 0 0 0 0 0 0 1 0 0 20 18 32 9 24 16
 1.550000E+02 9 0 0 0 0 0 0 0 0 0 0 0 21 16 18 11 20 17
 1.555000E+02 12 0 0 0 0 0 0 0 0 0 0 0 24 16 18 14 20 13
 1.560000E+02 4 0 0 0 0 0 0 0 0 0 0 0 22 21 22 10 20 13
 1.565000E+02 12 0 0 0 0 0 0 0 0 0 0 0 23 20 20 12 14 18
 1.570000E+02 7 0 0 0 0 0 0 0 0 1 0 0 19 17 14 20 16 21
 1.575000E+02 11 0 0 0 0 0 0 0 0 1 0 0 14 16 17 22 21 21
 1.580000E+02 8 0 0 0 0 0 0 0 0 2 0 0 15 11 16 20 18 22
 1.585000E+02 11 0 0 0 0 0 0 1 0 1 0 0 14 15 15 24 14 23
 1.590000E+02 12 0 0 0 0 0 0 0 0 1 0 0 15 21 20 17 16 27
 1.595000E+02 10 0 0 0 0 0 0 1 0 1 0 0 15 16 20 19 27 23
 1.600000E+02 10 0 0 0 0 0 0 1 0 1 0 0 13 20 18 14 20 21
 1.605000E+02 11 0 0 0 0 0 0 0 0 2 0 0 15 15 28 13 13 15
 1.610000E+02 8 0 0 0 0 0 0 0 0 0 0 0 22 15 29 21 14 17
 1.615000E+02 10 0 0 0 0 0 0 0 0 0 0 0 23 21 25 19 14 14
 1.620000E+02 8 0 0 0 0 0 0 0 0 0 0 0 17 18 30 14 9 11
 1.625000E+02 8 0 0 0 0 0 0 0 0 0 0 0 14 16 21 17 23 20
 1.630000E+02 13 0 0 0 0 0 0 0 0 0 0 0 16 15 22 21 14 17
 1.635000E+02 11 0 0 0 0 0 0 0 0 0 0 0 16 18 18 21 12 16
 1.640000E+02 12 0 0 0 0 0 0 0 0 0 0 0 14 20 27 23 18 20
 1.645000E+02 15 0 0 0 0 0 0 0 0 0 0 0 13 16 24 18 24 16
 1.650000E+02 15 0 0 0 0 0 0 0 0 0 0 0 14 19 18 16 17 18
 1.655000E+02 6 0 0 0 0 0 0 0 0 0 0 0 20 17 22 15 19 18
 1.660000E+02 8 0 0 0 0 0 0 0 0 0 0 0 15 21 12 18 12 18
 1.665000E+02 11 0 0 0 0 0 0 0 0 0 0 0 17 16 15 22 19 15
 1.670000E+02 6 0 0 0 0 0 0 0 0 0 0 0 21 14 15 19 22 19
 1.675000E+02 5 0 0 0 0 0 0 0 0 0 0 0 21 21 21 20 18 15
 1.680000E+02 7 0 0 0 0 0 0 0 0 0 0 0 14 22 22 18 22 15
 1.685000E+02 7 0 0 0 0 0 0 0 0 0 0 0 12 23 13 17 16 15
 1.690000E+02 9 0 0 0 0 0 0 0 0 1 0 0 22 17 13 10 22 19
 1.695000E+02 4 0 0 0 0 0 0 1 0 0 0 0 22 17 19 18 16 23
 1.700000E+02 6 0 0 0 0 0 0 0 0 0 0 0 22 10 19 19 18 16
 1.705000E+02 5 0 0 0 0 0 0 1 0 0 0 0 20 13 18 23 13 14
 1.710000E+02 4 0 0 0 0 0 0 0 0 0 0 0 14 15 20 18 10 15
 1.715000E+02 6 0 0 0 0 0 0 0 0 0 0 0 18 14 19 19 20 14
 1.720000E+02 9 0 0 0 0 0 0 0 0 1 0 0 16 20 14 15 16 20
 1.725000E+02 7 0 0 0 0 0 0 0 0 0 0 0 8 20 20 16 18 21
 1.730000E+02 6 0 0 0 0 0 0 0 0 1 0 0 17 15 23 19 16 24
 1.735000E+02 7 0 0 0 0 0 0 0 0 0 0 0 16 13 26 16 19 21
 1.740000E+02 7 0 0 0 0 0 0 0 0 0 0 0 20 18 22 14 18 17
 1.745000E+02 4 0 0 0 0 0 0 0 0 0 0 0 16 17 26 19 23 13
 1.750000E+02 8 0 0 0 0 0 0 0 0 0 0 0 9 19 22 13 22 18
 1.755000E+02 11 0 0 0 0 0 0 0 0 0 0 0 16 17 22 12 25 19
 1.760000E+02 9 0 0 0 0 0 0 0 0 0 0 0 18 22 18 11 17 24
 1.765000E+02 9 0 0 0 0 0 0 0 0 1 0 0 21 21 24 14 13 19
 1.770000E+02 9 0 0 0 0 0 0 0 0 1 0 0 24 16 13 20 13 20
 1.775000E+02 11 0 0 0 0 0 0 0 0 0 0 0 18 15 15 9 16 18
 1.780000E+02 8 0 0 0 0 0 0 0 0 0 0 0 20 12 19 19 19 16
 1.785000E+02 5 0 0 0 0 0 0 0 0 0 0 0 14 13 19 20 21 20
 1.790000E+02 9 0 0 0 0 0 0 0 0 0 0 0 19 28 14 22 16 16
 1.795000E+02 14 0 0 0 0 0 0 0 0 0 0 0 17 23 12 17 16 18
 1.800000E+02 12 0 0 0 0 0 0 0 0 0 0 0 21 19 15 14 23 19
 1.805000E+02 5 0 0 0 0 0 0 0 0 0 0 0 22 14 18 16 13 27
 1.810000E+02 13 0 0 0 0 0 0 0 0 0 0 0 13 19 15 15 13 31
 1.815000E+02 13 0 0 0 0 0 0 0 0 0 0 0 15 14 16 15 21 33
 1.820000E+02 9 0 0 0 0 0 0 0 0 0 0 0 17 20 19 13 14 22
 1.825000E+02 11 0 0 0 0 0 0 0 0 0 0 0 16 27 18 21 11 22
 1.830000E+02 13 0 0 0 0 0 0 0 0 0 0 0 12 21 16 22 20 21
 1.835000E+02 16 0 0 0 0 0 0 0 0 0 0 0 15 19 19 26 25 15
 1.840000E+02 9 0 0 0 0 0 0 0 0 0 0 0 14 23 11 20 18 20
 1.845000E+02 6 0 0 0 0 0 0 0 0 1 0 0 13 22 13 12 20 23
 1.850000E+02 11 0 0 0 0 0 0 0 0 1 0 0 19 15 13 16 18 19
 1.855000E+02 14 0 0 0 0 0 0 1 0 0 0 0 11 16 19 16 18 21
 1.860000E+02 6 0 0 0 0 0 0 0 0 1 0 0 10 10 22 19 20 18
 1.865000E+02 14 0 0 0 0 0 0 0 0 0 0 0 13 14 20 20 17 14
 1.870000E+02 8 0 0 0 0 0 0 0 0 0 0 0 17 21 16 18 12 22
 1.875000E+02 6 0 0 0 0 0 0 0 0 0 0 0 18 21 15 18 13 20
 1.880000E+02 8 0 0 0 0 0 0 0 0 0 0 0 17 23 14 20 10 21
 1.885000E+02 6 0 0 0 0 0 0 0 0 0 0 0 21 20 19 12 11 19
 1.890000E+02 17 0 0 0 0 0 0 0 0 1 0 0 25 21 16 9 15 18
 1.895000E+02 7 0 0 0 0 0 0 1 0 0 0 0 22 19 14 14 15 20
 1.900000E+02 10 0 0 0 0 0 0 0 0 1 0 0 17 22 14 15 22 19
 1.905000E+02 8 0 0 0 0 0 0 0 0 1 0 0 18 22 11 13 24 15
 1.910000E+02 14 0 0 0 0 0 0 1 0 1 0 0 21 15 18 11 15 19
 1.915000E+02 10 0 0 0 0 0 0 1 0 1 0 0 22 16 19 16 20 18
 1.920000E+02 9 0 0 0 0 0 0 2 0 1 0 0 16 13 21 20 18 15
 1.925000E+02 6 0 0 0 0 0 0 1 0 1 0 0 19 16 21 19 22 19
 1.930000E+02 12 0 0 0 0 0 0 0 0 0 0 0 17 18 15 20 16 16
 1.935000E+02 7 0 0 0 0 0 0 0 0 0 0 0 13 15 16 18 19 18
 1.940000E+02 6 0 0 0 0 0 0 0 0 0 0 0 17 20 19 12 17 20
 1.945000E+02 12 0 0 0 0 0 0 0 0 0 0 0 22 16 20 15 13 19
 1.950000E+02 8 0 0 0 0 0 0 0 0 0 0 0 16 19 23 20 13 12
 1.955000E+02 11 0 0 0 0 0 0 0 0 0 0 0 23 14 20 16 19 12
 1.960000E+02 9 0 0 0 0 0 0 0 0 0 0 0 22 15 16 14 18 15
 1.965000E+02 8 0 0 0 0 0 0 0 0 0 0 0 22 26 21 15 18 16
 1.970000E+02 6 0 0 0 0 0 0 0 0 0 0 0 21 19 20 18 16 16
 1.975000E+02 10 0 0 0 0 0 0 0 0 0 0 0 17 19 21 19 18 23
 1.980000E+02 14 0 0 0 0 0 0 0 0 0 0 0 16 19 23 16 21 18
 1.985000E+02 7 0 0 0 0 0 0 0 0 0 0 0 21 17 21 17 16 20
 1.990000E+02 11 0 0 0 0 0 0 0 0 0 0 0 23 15 25 22 16 12
 1.995000E+02 4 0 0 0 0 0 0 0 0 0 0 0 17 18 22 22 18 16
 2.000000E+02 11 0 0 0 0 0 0 0 0 0 0 0 12 16 30 23 16 19
 2.005000E+02 12 0 0 0 0 0 0 0 0 0 0 0 15 21 27 15 8 18
 2.010000E+02 7 0 0 0 0 0 0 0 0 1 0 0 18 19 21 16 18 18
 2.015000E+02 7 0 0 0 0 0 0 0 0 1 0 0 17 17 22 16 17 17
 2.020000E+02 4 0 0 0 0 0 0 0 0 1 0 0 15 21 21 13 23 18
 2.025000E+02 8 0 0 0 0 0 0 0 0 1 0 0 15 20 14 17 21 21
 2.030000E+02 7 0 0 0 0 0 0 0 0 0 1 0 16 24 11 19 20 22
 2.035000E+02 8 0 0 0 0 0 0 0 0 1 0 0 14 19 9 20 13 23
 2.040000E+02 9 0 0 0 0 0 0 0 0 1 0 0 16 12 16 18 17 26
 2.045000E+02 6 0 0 0 0 0 0 0 0 0 0 0 18 19 18 11 23 13
 2.050000E+02 15 0 0 0 0 0 0 0 0 0 0 0 14 13 18 15 20 22
 2.055000E+02 11 0 0 0 0 0 0 0 0 0 1 0 16 14 13 15 14 22
 2.060000E+02 8 0 0 0 0 0 0 0 0 0 0 0 19 18 17 11 9 19
 2.065000E+02 6 0 0 0 0 0 0 0 0 0 0 0 14 21 15 13 13 21
 2.070000E+02 9 0 0 0 0 0 0 0 0 0 0 0 16 15 17 12 19 14
 2.075000E+02 6 0 0 0 0 0 0 0 0 0 0 0 17 13 16 18 21 18
 2.080000E+02 14 0 0 0 0 0 0 0 0 0 0 0 16 19 16 16 22 17
 2.085000E+02 16 0 0 0 0 0 0 0 0 0 0 0 16 17 17 17 14 13
 2.090000E+02 4 0 0 0 0 0 0 0 0 1 0 0 15 20 20 15 10 19
 2.095000E+02 10 0 0 0 0 0 0 0 0 0 0 0 20 12 18 16 14 16
 2.100000E+02 10 0 0 0 0 0 0 0 0 0 0 0 21 14 17 9 16 12
 2.105000E+02 11 0 0 0 0 0 0 0 0 0 0 0 20 14 17 13 16 20
 2.110000E+02 8 0 0 0 0 0 0 0 0 0 0 0 21 13 15 17 13 16
 2.115000E+02 11 0 0 0 0 0 0 0 0 0 0 0 21 14 12 13 16 20
 2.120000E+02 7 0 0 0 0 0 0 0 0 0 0 0 18 15 12 13 13 15
 2.125000E+02 9 0 0 0 0 0 0 0 0 1 0 0 20 16 14 16 15 13
 2.130000E+02 6 0 0 1 0 0 0 0 0 0 0 0 23 21 11 13 12 13
 2.135000E+02 7 0 0 0 0 0 0 0 0 2 0 0 18 29 13 13 13 14
 2.140000E+02 13 0 0 0 0 0 0 0 0 1 0 0 14 29 16 15 16 12
 2.145000E+02 10 0 0 1 0 0 0 0 0 0 0 0 20 21 14 20 18 15
 2.150000E+02 6 0 0 0 0 0 0 0 0 1 0 0 13 19 16 18 10 25
 2.155000E+02 5 0 0 0 0 0 0 0 0 2 0 0 15 22 19 19 10 23
 2.160000E+02 11 0 0 0 0 0 0 0 0 1 0 0 20 17 11 14 17 16
 2.165000E+02 5 0 0 0 0 0 0 0 0 0 0 0 21 12 14 11 25 18
 2.170000E+02 8 0 0 0 0 0 0 0 0 0 0 0 19 15 13 16 18 16
 2.175000E+02 7 0 0 0 0 0 0 0 0 0 0 0 15 11 20 19 16 16
 2.180000E+02 10 0 0 0 0 0 0 0 0 0 0 0 10 13 19 19 13 11
 2.185000E+02 10 0 0 0 0 0 0 0 0 1 0 0 11 15 17 19 16 18
 2.190000E+02 4 0 0 0 0 0 0 0 0 0 0 0 12 17 16 20 17 15
 2.195000E+02 7 0 0 0 0 0 0 0 0 0 0 0 10 11 11 9 19 17
 2.200000E+02 10 0 0 0 0 0 0 0 0 0 0 0 19 17 14 14 21 11
 2.205000E+02 9 0 0 0 0 0 0 0 0 1 0 0 12 19 20 18 17 11
 2.210000E+02 11 0 0 0 0 0 0 0 0 0 0 0 16 23 13 15 18 12
 2.215000E+02 10 0 0 0 0 0 0 0 0 0 0 0 10 24 12 13 18 19
 2.220000E+02 10 0 0 0 0 0 0 0 0 0 0 0 15 18 10 11 18 21
 2.225000E+02 9 0 0 0 0 0 0 0 0 0 0 0 13 11 13 16 16 20
 2.230000E+02 7 0 0 0 0 0 0 0 0 0 0 0 16 17 20 15 14 19
 2.235000E+02 14 0 0 0 0 0 0 0 0 0 0 0 17 15 17 13 7 16
 2.240000E+02 13 0 0 0 0 0 0 0 0 0 0 0 14 21 14 16 11 17
 2.245000E+02 10 0 0 0 0 0 0 0 0 0 0 0 12 17 16 19 6 13
 2.250000E+02 13 0 0 0 0 0 0 0 0 0 0 0 16 18 17 13 18 18
 2.255000E+02 7 0 0 0 0 0 0 0 0 0 0 0 20 16 21 11 14 15
 2.260000E+02 8 0 0 0 0 0 0 0 0 0 0 0 14 11 16 9 17 18
 2.265000E+02 9 0 0 0 0 0 0 0 0 0 0 0 12 13 16 11 21 16
 2.270000E+02 7 0 0 0 0 0 0 0 0 0 0 0 12 20 18 14 20 15
 2.275000E+02 6 0 0 0 0 0 0 0 0 0 0 0 16 16 19 13 17 17
 2.280000E+02 5 0 0 0 0 0 0 0 0 0 0 0 14 17 20 16 14 20
 2.285000E+02 7 0 0 0 0 0 0 0 0 0 0 0 13 11 15 11 17 15
 2.290000E+02 7 0 0 0 0 0 0 0 0 0 0 0 15 15 17 12 21 20
 2.295000E+02 10 0 0 0 0 0 0 0 0 0 0 0 17 17 14 12 19 20
 2.300000E+02 9 0 0 0 0 0 0 0 0 0 0 0 9 21 14 14 16 18
 2.305000E+02 13 0 0 0 0 0 0 0 0 0 0 0 14 15 15 9 22 19
 2.310000E+02 9 0 0 0 0 0 0 0 0 0 0 0 24 15 15 14 20 20
 2.315000E+02 9 0 0 0 0 0 0 0 0 0 0 0 18 16 14 15 15 18
 2.320000E+02 3 0 0 0 0 0 0 0 0 0 0 0 14 12 16 12 19 17
 2.325000E+02 3 0 0 0 0 0 0 0 0 0 0 0 14 12 17 15 16 17
 2.330000E+02 11 0 0 0 0 0 0 0 0 0 0 0 13 15 13 16 18 17
 2.335000E+02 5 0 0 0 0 0 0 0 0 0 0 0 13 18 13 15 18 15
 2.340000E+02 10 0 0 0 0 0 0 0 0 0 0 0 12 22 22 12 16 14
 2.345000E+02 7 0 0 0 0 0 0 0 0 0 0 0 8 18 29 10 17 16
 2.350000E+02 8 0 0 0 0 0 0 0 0 1 0 0 16 19 15 14 10 12
 2.355000E+02 8 0 0 1 0 0 0 0 0 1 0 0 12 11 14 18 16 14
 2.360000E+02 7 0 0 0 0 0 0 0 0 0 0 0 13 12 18 20 8 15
 2.365000E+02 9 0 0 0 0 0 0 0 0 0 0 0 13 17 21 21 16 15
 2.370000E+02 9 0 0 0 0 0 0 0 0 1 0 0 18 18 18 15 11 10
 2.375000E+02 8 0 0 0 0 0 0 0 0 0 0 0 18 13 9 21 11 17
 2.380000E+02 6 0 0 0 0 0 0 0 0 0 0 0 9 13 9 25 14 21
 2.385000E+02 12 0 0 0 0 0 0 0 0 0 0 0 13 16 12 12 16 21
 2.390000E+02 5 0 0 0 0 0 0 0 0 0 0 0 15 17 14 14 19 19
 2.395000E+02 8 0 0 0 0 0 0 0 0 0 0 0 13 13 12 12 22 18
 2.400000E+02 2 0 0 0 0 0 0 0 0 0 0 0 12 15 9 16 22 19
 2.405000E+02 10 0 0 0 0 0 0 0 0 0 0 0 16 21 10 19 16 24
 2.410000E+02 12 0 0 0 0 0 0 0 0 0 0 0 15 19 18 11 13 31
 2.415000E+02 5 0 0 0 0 0 0 0 0 1 0 0 8 16 17 21 16 26
 2.420000E+02 11 0 0 0 0 0 0 0 0 1 0 0 18 18 15 18 17 17
 2.425000E+02 13 0 0 0 0 0 0 0 0 1 0 0 13 10 17 13 17 20
 2.430000E+02 10 0 0 0 0 0 0 0 0 0 0 0 19 10 16 13 22 22
 2.435000E+02 9 0 0 0 0 0 0 0 0 0 0 0 18 11 20 14 13 20
 2.440000E+02 8 0 0 0 0 0 0 0 0 0 0 0 15 13 18 20 11 18
 2.445000E+02 5 0 0 0 0 0 0 0 0 0 0 0 11 12 15 23 17 18
 2.450000E+02 9 0 0 0 0 0 0 0 0 0 0 0 13 13 12 20 16 17
 2.455000E+02 7 0 0 0 0 0 0 0 0 0 0 0 13 15 20 26 11 16
 2.460000E+02 6 0 0 0 0 0 0 0 0 0 0 0 23 15 18 19 16 14
 2.465000E+02 4 0 0 0 0 0 0 0 0 0 0 0 19 15 13 15 15 15
 2.470000E+02 10 0 0 0 0 0 0 0 0 0 0 0 19 29 14 20 16 12
 2.475000E+02 10 0 0 0 0 0 0 0 0 1 0 0 17 19 15 19 22 9
 2.480000E+02 8 0 0 0 0 0 0 0 0 0 0 0 16 20 19 15 28 14
 2.485000E+02 14 0 0 0 0 0 0 0 0 0 0 0 13 14 14 15 31 10
 2.490000E+02 7 0 0 0 0 0 0 0 0 0 0 0 13 11 18 14 19 15
 2.495000E+02 10 0 0 0 0 0 0 0 0 0 0 0 15 15 15 14 24 19
 2.500000E+02 9 0 0 0 0 0 0 0 0 2 0 0 18 14 15 12 19 17
 2.505000E+02 1028 1 0 1 0 0 0 0 0 3 0 0 0 0 0 0 0 0
 2.510000E+02 1738 1 0 5 0 0 0 0 0 22 1 0 0 0 0 0 0 0
 2.515000E+02 2061 0 0 7 0 0 0 1 0 25 2 3 0 0 0 0 0 0
 2.520000E+02 2156 1 0 4 1 0 0 2 0 33 1 1 0 0 0 0 0 0
 2.525000E+02 939 2 0 6 1 0 0 2 0 22 0 0 0 0 0 0 0 0
 2.530000E+02 397 1 0 4 0 1 0 2 0 18 1 1 1 0 0 0 0 0
 2.535000E+02 167 0 0 0 0 0 0 1 0 15 1 1 1 1 0 0 0 2
 2.540000E+02 95 0 0 0 0 0 0 1 0 14 0 0 0 1 3 3 3 1
 2.545000E+02 1374 0 0 4 0 0 0 1 0 18 0 0 0 0 0 0 0 0
 2.550000E+02 1913 2 0 3 0 0 0 2 0 21 1 1 0 0 0 0 0 0
 2.555000E+02 2141 0 0 9 0 0 0 3 1 25 1 0 0 0 0 0 0 0
 2.560000E+02 2269 2 0 2 0 0 0 2 0 40 1 0 0 0 0 0 0 0
 2.565000E+02 954 2 0 3 0 0 0 3 3 38 0 1 0 0 0 0 0 0
 2.570000E+02 423 0 0 2 0 2 0 3 0 29 2 1 0 0 0 0 0 0
 2.575000E+02 184 3 0 2 0 0 0 4 0 15 1 2 0 0 0 1 0 0
 2.580000E+02 110 1 0 0 0 0 0 1 0 10 0 0 3 1 2 3 1 2
 2.585000E+02 1368 1 0 2 1 1 0 2 0 12 0 0 0 0 0 0 0 0
 2.590000E+02 1871 0 0 1 0 0 0 2 0 23 1 0 0 0 0 0 0 0
 2.595000E+02 2181 0 0 3 0 0 0 5 0 26 0 1 0 0 0 0 0 0
 2.600000E+02 2210 0 0 2 0 1 0 6 0 39 0 0 0 0 0 0 0 0
 2.605000E+02 953 1 0 4 0 0 0 6 0 37 1 0 0 0 0 0 0 0
 2.610000E+02 418 0 0 2 0 1 0 5 0 26 0 0 0 0 1 0 0 0
 2.615000E+02 195 1 0 0 0 1 0 3 0 22 0 0 1 0 0 0 1 1
 2.620000E+02 113 0 0 2 0 0 0 1 0 14 0 0 4 4 1 2 2 2
 2.625000E+02 1350 1 0 1 0 1 0 2 0 10 0 0 0 0 0 0 0 0
 2.630000E+02 1852 1 0 1 0 3 0 5 0 23 1 2 0 0 0 0 0 0
 2.635000E+02 2126 0 0 2 0 0 0 5 0 31 1 1 0 0 0 0 0 0
 2.640000E+02 2192 1 0 1 0 0 0 3 0 44 1 1 0 0 0 0 0 0
 2.645000E+02 923 0 0 0 0 2 0 4 1 35 1 1 0 0 0 0 0 0
 2.650000E+02 430 1 0 1 0 1 0 4 1 24 1 1 1 0 0 1 0 0
 2.655000E+02 194 1 0 1 1 0 0 3 0 22 0 1 0 1 0 0 1 1
 2.660000E+02 111 0 0 0 0 1 0 3 0 14 0 0 0 2 0 0 2 2
 2.665000E+02 1354 1 0 0 0 1 0 6 1 12 0 0 0 0 0 0 0 0
 2.670000E+02 1968 0 0 2 0 2 0 7 0 22 0 1 0 0 0 0 0 0
 2.675000E+02 2179 1 0 0 0 4 0 3 0 31 0 2 0 0 0 0 0 0
 2.680000E+02 2229 1 0 2 0 3 0 3 0 37 2 0 0 0 0 0 0 0
 2.685000E+02 1002 1 0 5 0 2 0 6 1 35 0 0 0 0 0 0 0 0
 2.690000E+02 457 0 0 2 0 1 0 6 0 25 0 1 0 0 0 0 0 0
 2.695000E+02 213 0 0 0 0 2 0 1 0 20 1 0 0 0 0 1 0 0
 2.700000E+02 124 0 0 0 0 0 0 2 0 15 0 0 3 1 2 1 0 2
 2.705000E+02 1406 0 0 0 0 0 0 6 0 20 0 0 0 0 0 0 0 0
 2.710000E+02 1994 0 0 1 0 0 0 3 0 25 1 0 0 0 0 0 0 0
 2.715000E+02 2099 1 0 0 0 1 0 7 0 26 0 1 0 0 0 0 0 0
 2.720000E+02 2323 1 0 0 0 1 0 3 2 32 0 1 0 0 0 0 0 0
 2.725000E+02 983 1 0 1 0 1 0 7 0 31 0 0 0 0 0 0 0 0
 2.730000E+02 431 1 0 0 0 1 0 2 0 28 0 0 0 0 0 0 0 0
 2.735000E+02 175 0 0 0 0 0 0 4 3 21 0 0 0 0 1 2 0 0
 2.740000E+02 108 0 0 0 0 0 0 3 0 10 0 0 1 1 2 1 3 1
 2.745000E+02 1453 0 0 0 0 2 0 2 0 18 0 0 0 0 0 0 0 0
 2.750000E+02 1942 2 0 0 0 3 0 10 0 15 1 0 0 0 0 0 0 0
 2.755000E+02 2252 0 0 0 0 1 0 11 1 24 2 0 0 0 0 0 0 0
 2.760000E+02 2373 0 0 2 0 3 0 4 0 35 1 1 0 0 0 0 0 0
 2.765000E+02 1022 1 0 0 0 2 0 3 0 27 1 0 0 0 0 0 0 0
 2.770000E+02 458 0 0 1 0 3 0 0 0 20 1 0 0 0 0 0 0 0
 2.775000E+02 183 0 0 1 0 0 0 5 0 7 0 0 0 0 1 1 0 0
 2.780000E+02 89 1 0 0 0 0 0 3 0 9 1 0 2 1 0 3 1 1
 2.785000E+02 1373 0 0 0 0 0 0 5 0 15 0 0 0 0 0 0 0 0
 2.790000E+02 1867 1 0 0 0 3 0 8 0 27 0 1 0 0 0 0 0 0
 2.795000E+02 2119 0 0 1 0 1 0 9 1 27 0 0 0 0 0 0 0 0
 2.800000E+02 2275 1 0 1 0 3 0 8 1 34 0 1 0 0 0 0 0 0
 2.805000E+02 960 0 0 1 0 3 0 6 0 33 0 1 0 0 0 0 0 0
 2.810000E+02 428 1 0 0 0 2 0 5 0 24 0 0 0 0 0 0 0 0
 2.815000E+02 187 0 0 0 0 1 0 4 0 21 0 0 0 1 0 1 1 0
 2.820000E+02 99 0 1 0 0 0 0 3 0 11 1 0 3 0 0 0 4 0
 2.825000E+02 1369 0 0 0 0 1 0 6 0 12 0 0 0 0 0 0 0 0
 2.830000E+02 1907 1 0 1 0 0 0 2 1 20 0 1 0 0 0 0 0 0
 2.835000E+02 2188 0 0 1 0 2 0 9 0 27 1 1 0 0 0 0 0 0
 2.840000E+02 2261 4 0 1 0 1 0 5 1 39 1 1 0 0 0 0 0 0
 2.845000E+02 991 1 0 0 0 2 0 5 1 37 0 0 0 0 0 0 0 0
 2.850000E+02 443 1 0 0 0 4 0 5 0 24 1 0 0 0 0 0 1 0
 2.855000E+02 205 0 0 2 0 1 0 2 0 16 3 0 1 0 0 0 1 1
 2.860000E+02 111 0 0 0 0 0 0 1 0 19 0 0 3 2 1 3 0 0
 2.865000E+02 1364 0 0 0 0 0 1 4 0 23 0 0 0 0 0 0 0 0
 2.870000E+02 1943 1 0 0 0 3 0 2 0 31 1 0 0 0 0 0 0 0
 2.875000E+02 2185 0 0 1 0 2 0 3 0 33 2 0 0 0 0 0 0 0
 2.880000E+02 2241 0 0 3 0 3 0 8 1 28 1 0 0 0 0 0 0 0
 2.885000E+02 972 0 0 1 1 3 0 4 0 27 0 0 0 0 0 0 0 0
 2.890000E+02 413 0 0 1 0 1 0 4 0 21 0 1 0 0 1 0 0 1
 2.895000E+02 187 0 0 0 0 0 0 4 0 12 0 1 0 1 0 0 1 0
 2.900000E+02 111 0 0 0 0 1 0 0 0 9 0 1 3 4 3 2 2 5
 2.905000E+02 65 0 0 0 0 0 0 0 0 7 0 0 6 2 5 2 4 4
 2.910000E+02 50 0 0 0 0 1 0 2 0 1 0 0 3 8 5 4 4 8
 2.915000E+02 51 0 0 0 0 0 0 0 0 3 0 0 12 7 7 8 6 5
 2.920000E+02 38 0 0 0 0 0 0 0 0 3 1 0 11 12 10 9 8 7
 2.925000E+02 33 0 0 0 0 0 0 0 1 0 0 0 9 16 8 11 11 12
 2.930000E+02 30 0 0 0 0 1 0 0 0 0 0 0 17 8 13 9 11 12
 2.935000E+02 30 0 0 0 0 0 0 1 0 0 0 0 12 22 17 11 13 9
 2.940000E+02 22 0 0 0 0 0 0 0 0 2 0 0 7 8 14 17 14 13
 2.945000E+02 17 0 0 0 0 0 0 1 0 1 0 0 19 11 15 21 10 14
 2.950000E+02 20 0 0 0 0 0 0 1 0 1 0 0 17 18 15 10 17 14
 2.955000E+02 20 0 0 0 0 0 0 1 0 3 0 0 11 23 17 17 14 16
 2.960000E+02 20 0 0 0 0 0 0 1 0 1 0 0 19 14 13 18 15 19
 2.965000E+02 17 0 0 0 0 0 0 0 0 2 0 0 16 9 16 23 21 14
 2.970000E+02 22 0 0 0 0 0 0 0 0 0 0 0 22 16 12 11 17 14
 2.975000E+02 25 0 0 0 0 0 0 0 0 0 0 0 22 19 18 14 14 15
 2.980000E+02 18 0 0 0 0 0 0 0 0 0 0 0 21 21 12 21 13 14
 2.985000E+02 20 0 0 0 0 0 0 0 0 0 0 0 18 14 16 20 16 22
 2.990000E+02 17 0 0 0 0 0 0 0 0 0 0 0 18 16 20 20 10 17
 2.995000E+02 15 0 0 0 0 0 0 1 0 0 0 0 12 16 18 24 12 19
 3.000000E+02 17 0 0 0 0 0 0 0 0 2 0 0 13 19 21 21 17 19
 3.005000E+02 18 1 0 0 0 0 0 0 0 0 0 0 22 20 27 15 20 19
 3.010000E+02 10 0 0 0 0 0 0 0 0 0 0 0 25 13 22 14 19 12
 3.015000E+02 13 0 0 0 0 0 0 0 0 0 0 0 21 24 18 12 16 12
 3.020000E+02 16 0 0 0 0 0 0 0 0 0 0 0 20 24 19 19 13 22
 3.025000E+02 15 0 0 0 0 0 0 0 0 0 0 0 22 15 16 18 22 15
 3.030000E+02 21 0 0 0 0 0 0 0 0 0 0 0 19 24 23 18 21 18
 3.035000E+02 16 0 0 0 0 0 0 0 0 0 0 0 23 20 21 25 13 19
 3.040000E+02 19 0 0 0 0 0 0 0 0 0 0 0 14 13 25 19 24 24
 3.045000E+02 13 0 0 0 0 0 0 0 0 0 0 0 16 16 27 18 24 23
 3.050000E+02 15 0 0 0 0 0 0 0 0 0 0 0 19 12 21 22 20 17
 3.055000E+02 13 0 0 0 0 0 0 0 0 1 0 0 16 24 17 28 27 24
 3.060000E+02 19 0 0 0 0 0 0 0 0 0 0 0 16 16 20 25 17 15
 3.065000E+02 16 0 0 0 0 0 0 0 0 0 0 0 21 16 24 21 21 24
 3.070000E+02 14 0 0 0 0 0 0 0 0 0 0 0 25 15 14 12 16 20
 3.075000E+02 10 0 0 0 0 0 0 0 0 0 0 0 22 15 20 23 22 22
 3.080000E+02 16 0 0 0 0 0 0 0 0 0 0 0 22 16 19 18 23 21
 3.085000E+02 6 0 0 0 0 0 0 0 0 0 0 0 17 20 22 14 20 10
 3.090000E+02 10 0 0 0 0 0 0 0 0 0 0 0 13 24 17 20 25 11
 3.095000E+02 13 0 0 0 0 0 0 0 0 0 0 0 18 21 16 21 20 13
 3.100000E+02 10 0 0 0 0 0 0 0 0 2 0 0 18 18 22 22 19 22
 3.105000E+02 9 0 0 0 0 0 0 0 0 2 0 0 19 21 25 17 17 19
 3.110000E+02 7 0 0 0 0 0 0 0 0 3 0 0 22 14 24 12 24 23
 3.115000E+02 8 0 0 0 0 0 0 0 0 2 0 0 20 11 27 14 22 27
 3.120000E+02 10 0 0 0 0 0 0 0 0 2 0 0 23 18 27 12 20 21
 3.125000E+02 11 0 0 0 0 0 0 0 0 3 0 0 24 17 11 16 22 23
 3.130000E+02 15 0 0 0 0 1 0 0 0 1 0 0 24 12 13 19 20 25
 3.135000E+02 11 0 0 0 0 0 0 0 0 2 0 0 24 23 21 19 12 19
 3.140000E+02 7 0 0 1 0 0 0 0 0 1 1 0 22 20 16 16 12 16
 3.145000E+02 14 0 0 0 0 0 0 2 0 1 0 0 17 28 13 16 19 23
 3.150000E+02 10 0 0 0 0 0 0 1 0 1 0 0 18 28 16 16 15 20
 3.155000E+02 10 0 0 0 0 0 0 0 0 1 0 0 19 27 24 18 12 16
 3.160000E+02 12 0 0 0 0 0 0 0 0 0 0 0 16 22 21 15 16 12
 3.165000E+02 6 0 0 0 0 0 0 0 0 0 0 0 22 24 24 16 22 19
 3.170000E+02 6 0 0 0 0 0 0 0 0 0 0 0 14 27 19 17 14 21
 3.175000E+02 10 0 0 0 0 0 0 0 0 0 0 0 19 24 22 18 8 20
 3.180000E+02 6 0 0 0 0 0 0 0 0 0 0 0 22 14 27 20 15 14
 3.185000E+02 13 0 0 0 0 0 0 0 0 0 0 0 22 16 21 13 25 17
 3.190000E+02 13 0 0 0 0 0 0 0 0 0 0 0 25 15 22 17 18 21
 3.195000E+02 10 0 0 0 0 0 0 0 0 0 0 0 32 16 18 10 18 26
 3.200000E+02 6 0 0 0 0 0 0 0 0 0 0 0 26 16 15 17 17 18
 3.205000E+02 11 0 0 0 0 0 0 0 0 0 0 0 29 10 26 24 18 15
 3.210000E+02 13 0 0 0 0 0 0 0 0 0 0 0 19 15 26 12 22 18
 3.215000E+02 9 0 0 0 0 0 0 0 0 0 0 0 21 15 21 22 19 14
 3.220000E+02 9 0 0 0 0 0 0 0 0 0 0 0 21 18 20 28 21 17
 3.225000E+02 11 0 0 0 0 0 0 0 0 0 0 0 21 18 14 21 27 20
 3.230000E+02 16 0 0 0 0 0 0 0 0 0 0 0 18 20 15 18 22 18
 3.235000E+02 5 0 0 0 0 0 0 0 0 0 0 0 21 17 8 15 21 25
 3.240000E+02 10 0 0 0 0 0 0 1 0 0 0 0 25 16 10 24 17 23
 3.245000E+02 15 0 0 0 0 0 0 0 0 0 0 0 21 17 15 16 19 16
 3.250000E+02 6 0 0 0 0 0 0 0 0 0 0 0 22 17 20 13 20 13
 3.255000E+02 12 0 0 0 0 0 0 0 0 0 0 0 23 23 12 10 23 21
 3.260000E+02 13 0 0 0 0 0 0 0 0 0 0 0 27 19 14 14 22 20
 3.265000E+02 9 0 0 0 0 0 0 0 0 0 0 0 22 22 14 14 19 17
 3.270000E+02 6 0 0 0 0 0 0 0 0 0 0 0 17 24 18 20 18 13
 3.275000E+02 8 0 0 0 0 0 0 0 0 0 0 0 14 20 10 16 24 19
 3.280000E+02 13 0 0 0 0 0 0 0 0 0 0 0 18 21 15 17 20 14
 3.285000E+02 9 0 0 0 0 0 0 0 0 0 0 0 18 16 10 24 20 18
 3.290000E+02 9 0 0 0 0 0 0 0 0 0 0 0 17 16 19 26 15 17
 3.295000E+02 8 0 0 0 0 0 0 0 0 0 0 0 17 15 15 20 21 15
 3.300000E+02 14 0 0 0 0 0 0 0 0 0 0 0 11 16 19 15 22 17
 3.305000E+02 13 0 0 0 0 0 0 0 0 0 0 0 22 19 23 14 17 20
 3.310000E+02 11 0 0 0 0 0 0 0 0 0 0 0 16 16 14 21 24 12
 3.315000E+02 11 0 0 0 0 0 0 0 0 0 0 0 16 14 12 22 20 17
 3.320000E+02 9 0 0 0 0 0 0 0 0 0 0 0 15 19 13 17 21 18
 3.325000E+02 10 0 0 0 0 0 0 0 0 1 0 0 9 21 13 20 24 18
 3.330000E+02 12 0 0 0 0 0 0 1 0 0 0 0 14 20 22 16 17 16
 3.335000E+02 11 0 0 0 0 0 0 1 0 0 0 0 16 19 21 17 21 21
 3.340000E+02 8 0 0 0 0 0 0 0 0 1 0 0 20 21 14 19 13 19
 3.345000E+02 5 0 0 0 0 0 0 1 0 0 0 0 17 22 15 24 12 22
 3.350000E+02 9 0 0 0 0 0 0 2 0 0 0 0 19 15 25 22 13 18
 3.355000E+02 7 0 0 1 0 0 0 0 0 1 0 0 15 19 26 22 12 17
 3.360000E+02 15 0 0 0 0 0 0 0 0 1 0 0 18 21 24 16 13 12
 3.365000E+02 9 0 0 0 0 0 0 0 0 1 0 0 12 30 16 22 14 17
 3.370000E+02 10 0 0 0 0 0 0 1 0 2 0 0 15 20 17 16 13 15
 3.375000E+02 8 0 0 0 0 0 0 0 0 1 0 0 23 13 22 19 25 17
 3.380000E+02 16 0 0 1 0 0 0 0 0 1 0 0 19 19 19 17 24 18
 3.385000E+02 6 0 0 0 0 0 0 1 0 0 0 0 19 18 14 21 20 21
 3.390000E+02 14 0 0 0 0 0 0 1 0 0 0 0 22 17 16 22 22 16
 3.395000E+02 6 0 0 0 0 0 0 0 0 1 0 0 14 11 16 14 24 20
 3.400000E+02 5 0 0 0 0 0 0 0 0 1 0 0 22 17 20 11 29 21
 3.405000E+02 12 0 0 0 0 0 0 0 0 0 0 0 18 19 13 18 22 23
 3.410000E+02 10 0 0 1 0 0 0 0 0 0 0 0 17 15 23 22 24 21
 3.415000E+02 7 0 0 0 0 0 0 0 0 1 0 0 17 10 26 14 18 22
 3.420000E+02 15 0 0 0 0 0 0 1 0 0 0 0 15 17 25 16 20 24
 3.425000E+02 9 0 0 0 0 0 0 0 0 0 0 0 12 15 23 23 14 29
 3.430000E+02 10 0 0 0 0 0 0 0 0 0 0 0 13 19 25 17 17 24
 3.435000E+02 6 0 0 0 0 0 0 0 0 0 0 0 19 12 16 15 18 16
 3.440000E+02 11 0 0 0 0 0 0 0 0 0 0 0 16 19 17 22 21 16
 3.445000E+02 13 0 0 0 0 0 0 0 0 0 0 1 19 20 21 15 22 18
 3.450000E+02 16 0 0 0 0 0 0 0 0 0 0 0 14 13 16 15 19 18
 3.455000E+02 10 0 0 0 0 0 0 0 0 0 0 0 21 14 24 11 22 16
 3.460000E+02 11 0 0 0 0 0 0 1 0 0 0 0 19 22 15 13 18 14
 3.465000E+02 10 0 0 0 0 0 0 0 0 0 0 0 16 23 19 24 18 15
 3.470000E+02 10 0 0 0 0 0 0 0 0 0 0 0 14 17 20 24 19 20
 3.475000E+02 8 0 0 0 0 0 0 0 0 0 0 0 15 16 19 21 21 23
 3.480000E+02 9 0 0 0 0 0 0 0 0 0 0 0 16 16 16 20 16 20
 3.485000E+02 9 0 0 0 0 0 0 0 0 0 0 0 19 24 19 21 18 24
 3.490000E+02 8 0 0 0 0 0 0 0 0 0 0 0 20 15 19 19 29 19
 3.495000E+02 9 0 0 0 0 0 0 0 0 0 0 0 24 14 9 14 26 24
 3.500000E+02 12 0 0 0 0 0 0 0 0 0 0 0 22 14 21 16 14 25
 3.505000E+02 8 0 0 0 0 0 0 0 0 0 0 0 23 13 19 18 11 20
 3.510000E+02 15 0 0 0 0 0 0 0 0 0 0 0 10 14 21 25 12 22
 3.515000E+02 5 0 0 0 0 0 0 0 0 0 0 0 16 11 21 18 19 22
 3.520000E+02 15 0 0 0 0 0 0 0 0 0 0 0 16 12 9 12 25 20
 3.525000E+02 7 0 0 0 0 0 0 0 0 1 0 0 11 19 19 11 23 18
 3.530000E+02 7 0 0 0 0 0 0 0 0 1 0 0 17 13 19 14 21 16
 3.535000E+02 10 0 0 0 0 0 0 0 0 1 0 0 17 20 17 17 20 16
 3.540000E+02 11 0 0 0 0 0 0 0 0 1 0 0 17 22 16 18 14 12
 3.545000E+02 9 0 0 0 0 0 0 0 0 0 0 0 16 19 20 10 20 17
 3.550000E+02 14 0 0 0 0 0 0 0 0 0 0 0 11 22 17 16 22 16
 3.555000E+02 9 0 0 0 0 0 0 1 0 1 0 0 14 18 21 11 23 19
 3.560000E+02 12 0 0 0 0 0 0 0 0 0 0 0 14 23 11 16 27 12
 3.565000E+02 6 0 0 0 0 0 0 0 0 1 0 0 10 21 16 16 19 16
 3.570000E+02 13 0 0 0 0 0 0 0 0 0 0 0 18 10 14 21 20 19
 3.575000E+02 8 0 0 0 0 0 0 0 0 0 0 0 18 8 19 19 16 16
 3.580000E+02 9 0 0 0 0 0 0 0 0 0 0 0 16 13 13 18 18 20
 3.585000E+02 7 0 0 0 0 0 0 0 0 1 0 0 15 18 18 17 16 23
 3.590000E+02 6 0 0 1 0 0 0 0 0 0 0 0 21 17 19 15 12 24
 3.595000E+02 9 0 0 0 0 0 0 0 0 1 0 0 17 16 24 11 18 16
 3.600000E+02 8 0 0 0 0 0 0 0 0 1 0 0 13 21 22 11 18 18
 3.605000E+02 9 0 0 0 0 0 0 0 0 0 0 0 12 21 17 21 19 13
 3.610000E+02 10 0 0 0 0 0 0 0 0 0 0 0 12 19 12 23 22 19
 3.615000E+02 9 0 0 1 0 0 0 0 0 0 0 0 17 13 14 26 20 18
 3.620000E+02 9 0 0 0 0 0 0 0 0 0 0 0 22 14 21 17 17 21
 3.625000E+02 16 0 0 0 0 0 0 0 0 0 0 0 20 21 21 15 15 13
 3.630000E+02 3 0 0 0 0 0 0 0 0 1 0 0 16 21 17 18 21 11
 3.635000E+02 5 0 0 0 0 0 0 0 0 1 0 0 20 15 12 28 24 12
 3.640000E+02 6 0 0 0 0 0 0 0 0 0 0 0 15 18 16 25 23 13
 3.645000E+02 10 0 0 0 0 0 0 0 0 1 0 0 14 17 25 16 17 15
 3.650000E+02 10 0 0 0 0 0 0 0 0 1 0 0 22 14 24 11 19 21
 3.655000E+02 7 0 0 0 0 0 0 0 0 1 0 0 14 20 17 16 16 20
 3.660000E+02 15 0 0 0 0 0 0 0 0 2 0 0 12 19 16 20 20 17
 3.665000E+02 14 0 0 0 0 0 0 0 0 0 0 0 19 18 22 11 18 17
 3.670000E+02 14 0 0 0 0 0 0 0 0 0 0 0 19 21 17 19 21 18
 3.675000E+02 8 0 0 0 0 0 0 0 0 1 0 0 18 22 13 10 18 17
 3.680000E+02 9 0 0 0 0 0 0 0 0 0 0 0 14 17 12 14 18 22
 3.685000E+02 17 0 0 0 0 0 0 0 0 0 0 0 12 19 11 11 17 20
 3.690000E+02 9 0 0 0 0 0 0 0 0 0 0 0 16 19 13 11 20 22
 3.695000E+02 9 0 0 0 0 0 0 0 0 0 0 0 17 20 15 11 19 19
 3.700000E+02 5 0 0 0 0 0 0 0 0 0 0 0 15 15 14 11 14 21
 3.705000E+02 13 0 0 0 0 0 0 0 0 0 0 0 12 15 10 19 15 21
 3.710000E+02 10 0 0 0 0 0 0 0 0 0 0 0 18 16 15 17 23 19
 3.715000E+02 9 0 0 0 0 0 0 0 0 0 0 0 19 21 15 22 11 16
 3.720000E+02 13 0 0 0 0 0 0 0 0 0 0 0 21 12 17 18 15 17
 3.725000E+02 10 0 0 0 0 0 0 0 0 0 0 0 14 15 15 17 18 12
 3.730000E+02 8 0 0 0 0 0 0 0 0 0 0 0 17 18 13 22 17 13
 3.735000E+02 6 0 0 0 0 0 0 0 0 0 0 0 11 13 19 27 12 15
 3.740000E+02 10 0 0 0 0 0 0 0 0 1 0 0 14 21 12 17 15 16
 3.745000E+02 9 0 0 0 0 0 0 0 0 1 0 0 14 24 17 17 19 11
 3.750000E+02 6 0 0 0 0 0 0 0 0 0 0 0 15 23 23 18 18 13
 3.755000E+02 7 0 0 0 0 0 0 0 0 0 0 0 12 14 24 21 17 19
 3.760000E+02 11 0 0 0 0 0 0 0 0 1 0 0 10 23 19 17 22 17
 3.765000E+02 11 0 0 0 0 0 0 0 0 0 0 0 12 23 19 15 22 19
 3.770000E+02 13 0 0 0 0 0 0 0 0 0 0 0 12 21 16 18 19 12
 3.775000E+02 13 0 0 0 0 0 0 0 0 0 0 0 12 15 26 12 21 19
 3.780000E+02 3 0 0 0 0 0 0 0 0 0 0 0 15 19 21 10 25 22
 3.785000E+02 14 0 0 0 0 0 0 0 0 1 0 0 16 15 17 11 21 21
 3.790000E+02 8 0 0 0 0 0 0 0 0 0 0 0 9 15 13 17 19 19
 3.795000E+02 7 0 0 0 0 0 0 0 0 0 0 0 13 16 13 16 22 22
 3.800000E+02 9 0 0 0 0 0 0 0 0 0 0 0 18 12 15 19 26 18
 3.805000E+02 7 0 0 0 0 0 0 0 0 0 0 0 21 19 15 21 17 19
 3.810000E+02 9 0 0 0 0 0 0 0 0 1 0 0 17 22 19 18 17 14
 3.815000E+02 9 0 0 0 0 0 0 0 0 1 0 0 13 23 11 14 28 15
 3.820000E+02 8 0 0 0 0 0 0 0 0 0 0 0 11 19 12 19 21 19
 3.825000E+02 15 0 0 0 0 0 0 0 0 0 0 0 9 22 20 16 21 16
 3.830000E+02 4 0 0 0 0 0 0 0 0 0 0 0 13 17 20 25 19 15
 3.835000E+02 6 0 0 0 0 0 0 0 0 0 0 0 15 16 15 20 26 16
 3.840000E+02 14 0 0 0 0 0 0 1 0 0 0 0 15 17 9 25 14 18
 3.845000E+02 10 0 0 0 0 0 0 0 0 1 0 0 16 23 15 28 17 13
 3.850000E+02 12 0 0 0 0 0 0 0 0 0 0 0 13 15 20 31 18 18
 3.855000E+02 9 0 0 0 0 0 0 0 0 0 0 0 18 15 23 19 14 14
 3.860000E+02 9 0 0 0 0 0 0 0 0 0 0 0 23 13 14 17 14 9
 3.865000E+02 6 0 0 0 0 0 0 0 0 1 0 0 16 13 17 21 9 18
 3.870000E+02 10 0 0 0 0 0 0 0 0 1 0 0 20 17 16 23 9 16
 3.875000E+02 7 0 0 1 0 0 0 0 0 1 0 0 21 20 11 18 10 17
 3.880000E+02 10 0 0 0 0 0 0 0 0 2 0 0 19 15 21 22 16 18
 3.885000E+02 14 0 0 0 0 0 0 0 0 0 0 0 14 16 14 24 17 13
 3.890000E+02 9 0 0 0 0 0 0 0 0 0 0 0 23 18 19 17 28 12
 3.895000E+02 9 0 0 0 0 0 0 0 0 0 0 0 20 24 19 19 21 15
 3.900000E+02 6 0 0 0 0 0 0 0 0 0 0 0 23 24 19 17 16 14
 3.905000E+02 9 0 0 0 0 0 0 0 0 0 0 0 21 26 8 18 17 15
 3.910000E+02 9 0 0 0 0 0 0 0 0 1 0 0 19 17 16 19 22 14
 3.915000E+02 15 0 0 0 0 0 0 0 0 1 0 0 18 19 12 14 14 21
 3.920000E+02 10 0 0 0 0 0 0 0 0 0 0 0 14 23 15 12 17 24
 3.925000E+02 8 0 0 0 0 0 0 0 0 0 0 0 15 14 19 11 19 23
 3.930000E+02 10 0 0 0 0 0 0 0 0 0 0 0 12 17 13 19 15 26
 3.935000E+02 9 0 0 0 0 0 0 0 0 1 0 0 20 15 12 23 15 15
 3.940000E+02 7 0 0 0 0 0 0 0 0 0 0 0 15 19 13 24 10 21
 3.945000E+02 13 0 0 0 0 0 0 1 0 0 0 0 14 18 13 20 13 16
 3.950000E+02 10 0 0 0 0 0 0 0 0 1 0 0 16 19 16 17 13 17
 3.955000E+02 8 0 0 0 0 0 0 0 0 1 0 0 14 20 20 17 18 18
 3.960000E+02 8 0 0 1 0 0 0 0 0 0 0 0 11 17 22 20 16 19
 3.965000E+02 5 0 0 0 0 0 0 0 0 1 0 0 8 16 23 16 20 16
 3.970000E+02 11 0 0 0 0 0 0 0 0 1 0 0 11 15 18 20 21 15
 3.975000E+02 7 0 0 0 0 0 0 0 0 1 0 0 13 22 17 22 19 12
 3.980000E+02 7 0 0 0 0 0 0 0 0 1 0 0 16 15 8 21 20 16
 3.985000E+02 13 0 0 1 0 0 0 0 0 0 0 0 22 16 7 16 16 14
 3.990000E+02 5 0 0 0 0 0 0 0 0 1 0 0 17 17 13 19 13 19
 3.995000E+02 8 0 0 0 0 0 0 1 0 0 0 0 17 17 14 21 13 18
 4.000000E+02 5 0 0 0 0 0 0 0 0 1 0 0 21 13 14 15 9 20
 4.005000E+02 12 0 0 0 0 0 0 0 0 0 0 0 21 9 21 12 12 13
 4.010000E+02 11 0 0 0 0 0 0 0 0 0 0 0 15 13 28 16 13 11
 4.015000E+02 9 0 0 0 0 0 0 0 0 1 0 0 15 12 22 20 22 10
 4.020000E+02 10 0 0 1 0 0 0 0 0 1 0 0 12 14 30 18 20 10
 4.025000E+02 10 0 0 0 0 0 0 0 0 0 0 0 18 10 22 12 18 14
 4.030000E+02 17 0 0 0 0 0 0 0 0 0 0 0 13 17 20 20 19 16
 4.035000E+02 9 0 0 0 0 0 0 0 0 0 0 0 16 13 14 13 28 17
 4.040000E+02 10 0 0 0 0 0 0 0 0 0 0 0 22 19 15 16 23 11
 4.045000E+02 9 0 0 0 0 0 0 0 0 1 0 0 17 19 12 15 22 17
 4.050000E+02 6 0 0 0 0 0 0 0 0 1 0 0 16 17 14 20 22 11
 4.055000E+02 13 0 0 0 0 0 0 0 0 0 0 0 15 17 18 21 15 19
 4.060000E+02 14 0 0 0 0 0 0 0 0 0 0 0 12 18 17 20 17 18
 4.065000E+02 10 0 0 0 0 0 0 0 0 0 0 0 14 15 23 17 14 23
 4.070000E+02 10 0 0 0 0 0 0 0 0 0 0 0 15 15 18 24 9 22
 4.075000E+02 8 0 0 0 0 0 0 1 0 0 0 0 12 13 22 12 13 19
 4.080000E+02 13 0 0 0 0 0 0 1 0 0 0 0 14 9 21 10 20 20
 4.085000E+02 4 0 0 0 0 0 0 0 0 0 0 0 16 11 17 14 26 9
 4.090000E+02 5 0 0 0 0 0 0 0 0 0 0 0 16 10 15 23 18 12
 4.095000E+02 9 0 0 0 0 0 0 0 0 0 0 0 20 15 17 22 17 13
 4.100000E+02 10 0 0 0 0 0 0 0 0 0 0 0 17 10 17 15 21 14
 4.105000E+02 8 0 0 0 0 0 0 0 0 0 0 0 21 13 17 14 19 18
 4.110000E+02 9 0 0 0 0 0 0 0 0 0 0 0 18 11 14 19 20 15
 4.115000E+02 11 0 0 0 0 0 0 0 0 0 0 0 13 19 17 15 19 20
 4.120000E+02 13 0 0 0 0 0 0 0 0 0 0 0 15 23 11 16 14 17
 4.125000E+02 13 0 0 0 0 0 0 0 0 0 0 0 14 25 18 11 20 20
 4.130000E+02 9 0 0 0 0 0 0 0 0 0 0 0 12 21 16 14 22 16
 4.135000E+02 5 0 0 0 0 0 0 0 0 0 0 0 15 20 19 19 18 17
 4.140000E+02 9 0 0 0 0 0 0 0 0 0 0 0 9 17 19 22 17 17
 4.145000E+02 10 0 0 0 0 0 0 0 0 0 0 0 10 16 21 9 21 21
 4.150000E+02 8 0 0 0 0 0 0 0 0 1 0 0 15 21 19 11 22 19
 4.155000E+02 9 0 0 0 0 0 0 0 0 0 0 0 19 20 23 12 20 16
 4.160000E+02 7 0 0 0 0 0 0 0 0 0 0 0 10 21 16 15 22 23
 4.165000E+02 7 0 0 0 0 0 0 0 0 0 0 0 14 25 13 15 22 15
 4.170000E+02 6 0 0 0 0 0 0 0 0 0 0 0 14 18 18 17 12 20
 4.175000E+02 8 0 0 0 0 0 0 0 0 1 0 0 15 20 14 19 17 20
 4.180000E+02 11 0 0 0 0 0 0 0 0 0 0 0 14 16 18 18 17 18
 4.185000E+02 7 0 0 0 0 0 0 0 0 0 0 0 19 20 12 14 13 12
 4.190000E+02 15 0 0 0 0 0 0 0 0 0 0 0 16 12 12 22 25 10
 4.195000E+02 6 0 0 0 0 0 0 0 0 0 0 0 12 25 11 14 24 17
 4.200000E+02 5 0 0 0 0 0 0 0 0 0 0 0 15 20 12 16 17 13
 4.205000E+02 9 0 0 0 0 0 0 0 0 1 0 0 17 19 16 17 17 17
 4.210000E+02 6 0 0 0 0 0 0 1 0 0 0 0 13 22 17 17 19 19
 4.215000E+02 13 0 0 0 0 0 0 0 0 1 0 0 18 20 20 15 15 14
 4.220000E+02 5 0 0 0 0 0 0 0 0 1 0 0 17 20 10 17 16 11
 4.225000E+02 11 0 0 0 0 0 0 0 0 0 0 0 23 22 11 21 19 18
 4.230000E+02 12 0 0 0 0 0 0 0 0 0 0 0 18 21 10 14 9 17
 4.235000E+02 7 0 0 0 0 0 0 0 0 1 0 0 22 18 14 17 14 20
 4.240000E+02 7 0 0 0 0 0 0 1 0 0 0 0 15 23 19 15 14 18
 4.245000E+02 9 0 0 0 0 0 0 0 0 1 0 0 17 16 17 13 16 18
 4.250000E+02 14 0 0 0 0 0 0 0 0 1 0 0 19 8 22 17 20 16
 4.255000E+02 12 0 0 0 0 0 0 0 0 0 0 0 17 15 20 19 16 14
 4.260000E+02 8 0 0 0 0 0 0 0 0 0 0 0 20 19 14 20 16 14
 4.265000E+02 11 0 0 0 0 0 0 0 0 0 0 0 16 17 16 18 14 19
 4.270000E+02 10 0 0 0 0 0 0 0 0 0 0 0 14 22 17 16 11 18
 4.275000E+02 11 0 0 0 0 0 0 0 0 0 0 0 18 21 14 23 10 15
 4.280000E+02 6 0 0 0 0 0 0 0 0 0 0 0 18 21 14 22 9 17
 4.285000E+02 10 0 0 0 0 0 0 0 0 0 0 0 15 26 16 22 15 18
 4.290000E+02 7 0 0 0 0 0 0 0 0 0 0 0 12 18 16 22 19 19
 4.295000E+02 15 0 0 0 0 0 0 0 0 0 0 0 11 14 16 17 14 16
 4.300000E+02 12 0 0 0 0 0 0 0 0 0 0 0 16 14 16 13 11 14
 4.305000E+02 10 0 0 0 0 0 0 0 0 0 0 0 13 18 22 17 9 16
 4.310000E+02 4 0 0 0 0 0 0 0 0 0 0 0 14 15 20 11 17 18
 4.315000E+02 9 0 0 0 0 0 0 0 0 0 0 0 13 14 20 14 16 23
 4.320000E+02 12 0 0 0 0 0 0 0 0 0 0 0 13 9 21 15 17 22
 4.325000E+02 7 0 0 0 0 0 0 0 0 0 0 0 13 12 22 19 23 17
 4.330000E+02 8 0 0 0 0 0 0 0 0 0 0 0 17 16 22 14 19 17
 4.335000E+02 13 0 0 0 0 0 0 0 0 0 0 0 15 11 17 14 18 19
 4.340000E+02 12 0 0 0 0 0 0 0 0 0 0 0 17 11 17 12 19 21
 4.345000E+02 9 0 0 0 0 0 0 0 0 0 0 0 16 9 20 20 17 17
 4.350000E+02 10 0 0 0 0 0 0 0 0 0 0 0 23 8 15 21 15 18
 4.355000E+02 12 0 0 0 0 0 0 0 0 0 0 0 19 9 15 23 20 15
 4.360000E+02 6 0 0 0 0 0 0 0 0 0 0 0 18 17 23 17 19 16
 4.365000E+02 10 0 0 0 0 0 0 0 0 0 0 0 19 12 15 14 17 15
 4.370000E+02 13 0 0 0 0 0 0 0 0 0 0 0 17 12 13 19 16 21
 4.375000E+02 9 0 0 0 0 0 0 0 0 0 0 0 16 10 15 23 18 15
 4.380000E+02 9 0 0 0 0 0 0 0 0 1 0 0 22 10 12 20 18 14
 4.385000E+02 3 0 0 0 0 0 0 0 0 0 0 0 23 13 18 16 19 10
 4.390000E+02 8 0 0 0 0 0 0 0 0 0 0 0 19 14 18 18 18 12
 4.395000E+02 4 0 0 0 0 0 0 0 0 0 0 0 24 16 18 13 20 12
 4.400000E+02 12 0 0 1 0 0 0 0 0 0 0 0 16 19 18 15 15 12
 4.405000E+02 11 0 0 0 0 0 0 0 0 0 0 0 18 20 18 14 16 10
 4.410000E+02 8 0 0 0 0 0 0 0 0 0 0 0 14 14 21 15 20 17
 4.415000E+02 9 0 0 0 0 0 0 0 0 0 0 0 13 16 17 13 19 10
 4.420000E+02 9 0 0 0 0 0 0 0 0 0 0 0 16 10 17 17 24 9
 4.425000E+02 5 0 0 0 0 0 0 0 0 1 0 0 10 15 17 21 23 14
 4.430000E+02 6 0 0 0 0 0 0 0 0 0 0 0 12 16 18 18 26 13
 4.435000E+02 6 0 0 0 0 0 0 0 0 1 0 0 14 18 15 12 24 13
 4.440000E+02 4 0 0 0 0 0 0 0 0 2 0 0 12 16 10 17 23 16
 4.445000E+02 9 0 0 0 0 0 0 0 0 2 0 0 10 13 17 17 18 17
 4.450000E+02 9 0 0 0 0 0 0 1 0 1 0 0 10 15 12 17 17 18
 4.455000E+02 8 0 0 1 0 0 0 0 0 1 0 0 14 13 11 19 20 14
 4.460000E+02 1 0 0 0 0 0 0 1 0 1 0 0 14 18 15 13 17 11
 4.465000E+02 8 0 0 0 0 0 0 0 0 1 0 0 14 18 15 19 16 12
 4.470000E+02 5 0 0 0 0 0 0 0 0 0 0 0 13 20 19 21 9 18
 4.475000E+02 11 0 0 1 0 0 0 0 0 0 0 0 11 13 21 22 7 14
 4.480000E+02 8 0 0 0 0 0 0 0 0 2 0 0 11 9 23 18 9 15
 4.485000E+02 11 0 0 0 0 0 0 0 0 1 0 0 17 9 22 14 15 19
 4.490000E+02 6 0 0 1 0 0 0 0 0 0 0 0 20 9 17 16 13 16
 4.495000E+02 10 0 0 0 0 0 0 1 0 0 0 0 17 11 18 14 15 20
 4.500000E+02 6 0 0 0 0 0 0 0 0 1 0 0 18 9 20 15 14 11
 4.505000E+02 10 0 0 0 0 0 0 0 0 0 0 0 17 12 16 14 14 10
 4.510000E+02 2 0 0 0 0 0 0 0 0 1 0 0 10 12 19 10 18 11
 4.515000E+02 10 0 0 0 0 0 0 0 0 2 0 0 14 19 14 15 19 20
 4.520000E+02 12 0 0 1 0 0 0 0 0 1 0 0 13 10 18 16 12 16
 4.525000E+02 5 0 0 0 0 0 0 0 0 0 0 0 13 13 15 19 14 14
 4.530000E+02 9 0 0 0 0 0 0 0 0 0 0 0 14 12 14 13 20 20
 4.535000E+02 13 0 0 0 0 0 0 0 0 0 0 0 16 16 14 12 12 16
 4.540000E+02 5 0 0 0 0 0 0 0 0 0 0 0 15 21 16 11 17 9
 4.545000E+02 8 0 0 0 0 0 0 0 0 0 0 0 19 23 14 16 16 13
 4.550000E+02 10 0 0 0 0 0 0 0 0 0 0 0 16 19 8 15 13 17
 4.555000E+02 8 0 0 0 0 0 0 0 0 0 0 0 19 20 14 18 17 11
 4.560000E+02 6 0 0 0 0 0 0 0 0 0 0 0 18 24 16 22 13 9
 4.565000E+02 9 0 0 0 0 0 0 0 0 0 0 0 16 22 23 7 10 12
 4.570000E+02 6 0 0 0 0 0 0 0 0 0 0 0 14 20 15 9 21 14
 4.575000E+02 3 0 0 0 0 0 0 0 0 0 0 0 13 16 23 13 12 15
 4.580000E+02 9 0 0 0 0 0 0 0 0 0 0 0 14 12 24 14 15 21
 4.585000E+02 4 0 0 0 0 0 0 0 0 0 0 0 15 13 19 9 17 16
 4.590000E+02 6 0 0 0 0 0 0 0 0 0 0 0 18 18 18 13 16 11
 4.595000E+02 6 0 0 0 0 0 0 0 0 0 0 0 13 19 16 8 15 20
 4.600000E+02 8 0 0 0 0 0 0 0 0 0 0 0 17 19 11 13 18 18
 4.605000E+02 11 0 0 0 0 0 0 0 0 0 0 0 11 13 11 20 19 11
 4.610000E+02 9 0 0 0 0 0 0 0 0 0 0 0 13 16 13 13 18 17
 4.615000E+02 9 0 0 0 0 0 0 0 0 0 0 0 16 12 15 19 23 11
 4.620000E+02 4 0 0 0 0 0 0 0 0 0 0 0 13 8 17 23 18 18
 4.625000E+02 8 0 0 0 0 0 0 1 0 0 0 0 15 15 13 15 11 15
 4.630000E+02 9 0 0 0 0 0 0 0 0 1 0 0 15 12 21 15 18 12
 4.635000E+02 6 0 0 0 0 0 0 0 0 1 0 0 18 15 20 12 12 8
 4.640000E+02 8 0 0 0 0 0 0 0 0 0 0 0 17 16 21 11 14 13
 4.645000E+02 12 0 0 0 0 0 0 0 0 0 0 0 16 10 30 12 16 11
 4.650000E+02 8 0 0 0 0 0 0 0 0 0 0 0 14 15 22 13 15 11
 4.655000E+02 9 0 0 0 0 0 0 0 0 0 0 0 11 16 25 15 16 15
 4.660000E+02 8 0 0 0 0 0 0 0 0 1 0 0 16 13 19 16 20 14
 4.665000E+02 9 0 0 1 0 0 0 0 0 0 0 0 17 11 19 15 18 12
 4.670000E+02 4 0 0 0 0 0 0 0 0 1 0 0 19 12 20 14 22 15
 4.675000E+02 9 0 0 0 0 0 0 1 0 0 0 0 14 9 21 15 15 15
 4.680000E+02 11 0 0 0 0 0 0 0 0 1 0 0 13 17 19 14 18 16
 4.685000E+02 10 0 0 0 0 0 0 0 0 0 0 0 14 17 13 16 21 18
 4.690000E+02 9 0 0 0 0 0 0 0 0 0 0 0 20 14 13 11 19 16
 4.695000E+02 9 0 0 0 0 0 0 0 0 0 0 0 16 19 12 15 12 13
 4.700000E+02 9 0 0 0 0 0 0 0 0 1 0 0 17 14 12 17 21 18
 4.705000E+02 10 0 0 0 0 0 0 0 0 1 0 0 16 19 15 11 16 17
 4.710000E+02 6 0 0 0 0 0 0 0 0 0 0 0 13 20 18 19 18 11
 4.715000E+02 10 0 0 0 0 0 0 0 0 0 0 0 17 19 19 14 16 17
 4.720000E+02 8 0 0 0 0 0 0 0 0 2 0 0 23 5 15 18 18 16
 4.725000E+02 4 0 0 0 0 0 0 1 0 0 0 0 17 12 17 17 17 15
 4.730000E+02 8 0 0 0 0 0 0 1 0 0 0 0 16 9 15 20 17 22
 4.735000E+02 10 0 0 0 0 0 0 0 0 1 0 0 13 17 15 16 15 14
 4.740000E+02 11 0 0 0 0 0 0 0 0 1 0 0 14 14 14 21 12 19
 4.745000E+02 5 0 0 0 0 0 0 0 0 0 0 0 16 11 15 21 14 14
 4.750000E+02 13 0 0 0 0 0 0 0 0 0 0 0 15 17 19 15 19 15
 4.755000E+02 7 0 0 0 0 0 0 0 0 0 0 0 12 10 13 22 13 20
 4.760000E+02 8 0 0 0 0 0 0 0 0 0 0 0 18 11 14 18 14 20
 4.765000E+02 11 0 0 0 0 0 0 0 0 0 0 0 15 11 19 18 11 10
 4.770000E+02 9 0 0 0 0 0 0 0 0 0 0 0 15 16 18 19 11 12
 4.775000E+02 6 0 0 0 0 0 0 0 0 0 0 0 10 15 13 24 16 13
 4.780000E+02 9 0 0 0 0 0 0 0 0 0 0 0 16 9 10 18 17 20
 4.785000E+02 8 0 0 0 0 0 0 0 0 0 0 0 14 23 12 21 11 17
 4.790000E+02 11 0 0 0 0 0 0 0 0 0 0 0 13 20 16 11 12 17
 4.795000E+02 5 0 0 0 0 0 0 0 0 0 0 0 20 16 18 13 18 20
 4.800000E+02 7 0 0 0 0 0 0 0 0 0 0 0 19 11 20 13 19 17
 4.805000E+02 9 0 0 0 0 0 0 0 0 0 0 0 24 12 19 13 15 13
 4.810000E+02 9 0 0 0 0 0 0 0 0 0 0 0 25 12 14 23 16 10
 4.815000E+02 8 0 0 0 0 0 0 0 0 0 0 0 25 10 15 22 16 14
 4.820000E+02 11 0 0 0 0 0 0 0 0 0 0 0 22 11 18 22 10 18
 4.825000E+02 5 0 0 0 0 0 0 0 0 0 0 0 21 10 18 21 12 20
 4.830000E+02 14 0 0 0 0 0 0 0 0 0 0 0 15 14 19 19 19 12
 4.835000E+02 10 0 0 0 0 0 0 0 0 0 0 0 12 16 16 24 20 9
 4.840000E+02 14 0 0 0 0 0 0 0 0 0 0 0 14 15 19 19 18 14
 4.845000E+02 9 0 0 0 0 0 0 0 0 0 0 0 15 18 24 16 15 18
 4.850000E+02 7 0 0 0 0 0 0 0 0 0 0 0 20 12 20 20 22 19
 4.855000E+02 9 0 0 0 0 0 0 0 0 0 0 0 16 15 23 18 17 12
 4.860000E+02 10 0 0 0 0 0 0 0 0 0 0 0 18 15 7 13 15 16
 4.865000E+02 7 0 0 0 0 0 0 0 0 2 0 0 15 15 14 17 18 14
 4.870000E+02 10 0 0 1 0 0 0 0 0 1 0 0 12 21 14 17 19 11
 4.875000E+02 8 0 0 0 0 0 0 0 0 2 0 0 14 20 15 15 24 13
 4.880000E+02 7 0 0 0 0 0 0 0 0 0 0 0 19 10 14 13 32 16
 4.885000E+02 7 0 0 0 0 0 0 0 0 1 0 0 15 18 11 15 23 11
 4.890000E+02 6 0 0 0 0 0 0 0 0 1 0 0 14 17 15 24 13 14
 4.895000E+02 6 0 0 0 0 0 0 0 0 0 0 0 17 18 14 12 20 18
 4.900000E+02 5 0 0 0 0 0 0 0 0 0 0 0 16 18 15 11 16 18
 4.905000E+02 12 0 0 0 0 0 0 0 0 0 0 0 19 20 17 22 12 22
 4.910000E+02 11 0 0 0 0 0 0 0 0 1 0 0 16 19 9 18 22 18
 4.915000E+02 5 0 0 0 0 0 0 1 0 0 0 0 21 20 12 17 23 19
 4.920000E+02 11 0 0 0 0 0 0 1 0 0 0 0 22 21 18 20 13 16
 4.925000E+02 9 0 0 0 0 0 0 0 0 1 0 0 24 22 13 14 11 17
 4.930000E+02 9 0 0 0 0 0 0 0 0 1 0 0 22 25 12 17 17 18
 4.935000E+02 12 0 0 0 0 0 0 1 0 0 0 0 14 15 20 15 20 13
 4.940000E+02 11 0 0 0 0 0 0 0 0 1 0 0 16 18 16 14 17 16
 4.945000E+02 11 0 0 0 0 0 0 0 0 1 0 0 15 13 15 16 19 19
 4.950000E+02 7 0 0 0 0 0 0 0 0 1 0 0 18 18 11 17 21 19
 4.955000E+02 7 0 0 1 0 0 0 0 0 0 0 0 17 18 17 21 16 16
 4.960000E+02 9 0 0 0 0 0 0 0 0 0 0 0 20 12 19 16 16 20
 4.965000E+02 13 0 0 0 0 0 0 0 0 1 0 0 21 18 18 19 19 23
 4.970000E+02 20 0 0 0 0 0 0 0 0 0 0 0 16 15 20 13 15 16
 4.975000E+02 7 0 0 0 0 0 0 0 0 0 0 0 16 16 20 18 16 10
 4.980000E+02 10 0 0 0 0 0 0 0 0 0 0 0 11 12 19 20 21 17
 4.985000E+02 7 0 0 0 0 0 0 0 0 0 0 0 11 10 20 15 16 18
 4.990000E+02 7 0 0 0 0 0 0 0 0 0 0 0 22 18 14 23 16 13
 4.995000E+02 3 0 0 0 0 0 0 0 0 1 0 0 17 16 17 22 19 15
 5.000000E+02 10 0 0 0 0 0 0 0 0 0 0 0 18 15 14 16 26 14
 5.005000E+02 8 0 0 0 0 0 0 0 0 0 0 0 11 10 21 20 27 10
 5.010000E+02 12 0 0 0 0 0 0 0 0 1 0 0 16 13 19 22 22 12
 5.015000E+02 4 0 0 0 0 0 0 0 0 1 0 0 14 16 20 14 17 8
 5.020000E+02 11 0 0 1 0 0 0 0 0 0 0 0 19 13 19 20 18 11
 5.025000E+02 9 0 0 0 0 0 0 0 1 0 0 0 16 14 20 18 18 13
 5.030000E+02 17 0 0 0 0 0 0 0 0 1 0 0 20 21 24 17 22 13
 5.035000E+02 12 0 0 0 0 0 0 0 0 1 0 0 10 21 20 20 14 13
 5.040000E+02 5 0 0 0 0 0 0 0 0 1 0 0 22 20 16 14 15 18
 5.045000E+02 11 0 0 0 0 0 0 0 0 2 0 0 19 18 14 9 17 14
 5.050000E+02 7 0 0 1 0 0 0 0 0 2 0 0 22 19 11 11 17 18
 5.055000E+02 11 0 0 0 0 0 0 0 0 3 0 0 22 21 11 16 22 14
 5.060000E+02 5 0 0 0 0 0 0 0 0 4 0 0 22 15 11 18 27 20
 5.065000E+02 6 0 0 0 0 0 0 0 0 3 0 0 23 20 16 18 22 15
 5.070000E+02 11 0 0 0 0 0 0 2 0 0 0 0 14 15 18 15 23 16
 5.075000E+02 11 0 0 0 0 0 0 0 0 2 0 0 16 19 14 12 19 16
 5.080000E+02 11 0 0 0 0 0 0 1 0 1 0 0 13 25 11 14 15 24
 5.085000E+02 12 0 0 1 0 0 0 0 0 0 0 0 15 21 15 21 17 21
 5.090000E+02 12 0 0 0 0 0 0 0 0 1 0 0 21 19 10 24 19 17
 5.095000E+02 9 0 0 0 0 0 0 0 0 0 0 0 22 18 13 17 27 18
 5.100000E+02 12 0 0 0 0 0 0 0 0 0 0 0 25 15 13 21 19 21
 5.105000E+02 7 0 0 0 0 0 0 0 0 1 0 0 21 17 14 14 12 23
 5.110000E+02 12 0 0 0 0 0 0 0 0 0 1 0 22 16 18 16 17 22
 5.115000E+02 11 0 0 0 0 0 0 0 0 0 0 0 18 10 24 10 19 27
 5.120000E+02 9 0 0 0 0 0 0 0 0 0 0 0 14 15 22 16 11 25
 5.125000E+02 8 0 0 0 0 0 0 0 0 0 0 0 21 21 17 19 15 23
 5.130000E+02 10 0 0 0 0 0 0 0 0 0 0 0 20 13 17 18 13 24
 5.135000E+02 5 0 0 0 0 0 0 0 0 0 0 0 23 13 14 14 13 22
 5.140000E+02 11 0 0 0 0 0 0 0 0 0 0 0 16 15 17 21 18 16
 5.145000E+02 8 0 0 0 0 0 0 0 0 0 0 0 14 14 13 16 21 22
 5.150000E+02 7 0 0 0 0 0 0 0 0 1 0 0 17 18 23 17 21 19
 5.155000E+02 11 0 0 0 0 0 0 0 0 1 0 0 19 15 21 15 20 19
 5.160000E+02 8 0 0 0 0 0 0 1 0 0 0 0 13 13 21 17 17 17
 5.165000E+02 10 0 0 0 0 0 0 0 0 2 0 0 15 8 25 17 21 18
 5.170000E+02 7 0 0 0 0 0 0 1 0 0 0 0 13 13 19 24 21 23
 5.175000E+02 8 0 0 0 0 0 0 0 0 0 0 0 23 14 15 19 22 17
 5.180000E+02 9 1 0 0 0 0 0 0 0 0 0 0 18 17 20 19 23 16
 5.185000E+02 11 0 0 0 0 0 0 0 0 1 0 0 21 18 12 18 15 22
 5.190000E+02 13 0 0 0 0 0 0 0 0 1 0 0 21 18 10 22 11 17
 5.195000E+02 14 0 0 0 0 0 0 0 0 1 0 0 14 10 13 20 21 17
 5.200000E+02 6 0 0 0 0 0 0 0 0 0 0 0 22 22 20 17 21 18
 5.205000E+02 11 0 0 0 0 0 0 2 0 0 0 0 17 13 18 10 17 21
 5.210000E+02 6 0 0 0 0 0 0 0 0 2 0 0 29 14 12 15 19 18
 5.215000E+02 13 0 0 1 0 0 0 1 0 0 0 0 17 17 17 23 20 16
 5.220000E+02 11 0 0 1 0 0 0 0 0 0 0 0 21 11 17 25 13 20
 5.225000E+02 12 0 0 1 0 0 0 0 0 0 0 0 21 15 14 19 10 16
 5.230000E+02 14 0 0 0 0 0 0 0 0 0 0 0 21 13 18 13 23 16
 5.235000E+02 7 0 0 0 0 0 0 0 0 0 0 0 23 19 19 11 16 9
 5.240000E+02 6 0 0 0 0 0 0 0 0 1 0 0 22 20 15 19 14 13
 5.245000E+02 10 0 0 0 0 0 0 0 0 0 0 0 14 16 15 22 7 19
 5.250000E+02 13 0 0 0 0 0 0 0 0 0 0 0 14 15 22 27 17 16
 5.255000E+02 10 0 0 0 0 0 0 0 0 1 0 0 16 15 15 22 22 10
 5.260000E+02 9 0 0 0 0 0 0 0 0 1 0 0 12 12 17 29 21 13
 5.265000E+02 8 0 0 0 0 0 0 0 0 1 0 0 11 10 16 24 22 20
 5.270000E+02 14 0 0 0 0 0 0 0 0 1 0 0 23 12 15 22 19 17
 5.275000E+02 8 0 0 0 0 0 0 0 0 1 0 0 21 11 18 15 17 16
 5.280000E+02 7 0 0 0 0 0 0 0 0 0 0 0 18 17 19 13 19 16
 5.285000E+02 8 0 0 1 0 0 0 0 0 0 0 0 17 20 16 16 13 19
 5.290000E+02 9 0 0 0 0 0 0 0 0 0 0 0 25 20 15 19 17 16
 5.295000E+02 8 0 0 0 0 0 0 0 0 0 0 0 14 22 13 15 19 20
 5.300000E+02 9 0 0 0 0 0 0 0 0 0 0 0 13 20 21 15 17 15
 5.305000E+02 13 0 0 0 0 0 0 0 0 1 0 0 17 20 19 10 18 17
 5.310000E+02 6 0 0 0 0 0 0 0 0 0 0 0 17 23 20 18 26 17
 5.315000E+02 3 0 0 0 0 0 0 0 0 0 0 0 18 23 18 14 19 20
 5.320000E+02 10 0 0 0 0 0 0 0 0 0 0 0 17 20 19 12 17 22
 5.325000E+02 16 0 0 0 0 0 0 0 0 0 0 0 14 21 21 9 18 17
 5.330000E+02 11 0 0 0 0 0 0 0 0 0 0 0 18 17 17 11 17 16
 5.335000E+02 11 0 0 0 0 0 0 0 0 0 0 0 22 17 11 19 20 15
 5.340000E+02 12 0 0 0 0 0 0 0 0 0 0 0 19 17 22 20 21 19
 5.345000E+02 7 0 0 0 0 0 0 0 0 0 0 0 23 12 15 23 20 15
 5.350000E+02 15 0 0 0 0 0 0 0 0 0 0 0 23 16 15 27 16 20
 5.355000E+02 15 0 0 0 0 0 0 0 0 0 0 0 27 9 12 16 20 11
 5.360000E+02 9 0 0 0 0 0 0 0 0 0 0 0 18 12 13 20 22 11
 5.365000E+02 10 0 0 0 0 0 0 0 0 0 0 0 15 18 16 19 25 20
 5.370000E+02 7 0 0 0 0 0 0 0 0 0 0 0 26 12 17 10 24 20
 5.375000E+02 6 0 0 0 0 0 0 0 0 0 0 0 28 13 17 14 17 20
 5.380000E+02 11 0 0 0 0 0 0 0 0 0 0 0 26 16 14 11 19 19
 5.385000E+02 11 0 0 0 0 0 0 0 0 0 0 0 26 17 16 14 14 20
 5.390000E+02 8 0 0 0 0 0 0 0 0 0 0 0 18 18 16 17 17 15
 5.395000E+02 11 0 0 0 0 0 0 0 0 0 0 0 17 13 17 16 20 11
 5.400000E+02 9 0 0 0 0 0 0 0 0 0 0 0 22 18 18 16 18 19
 5.405000E+02 8 0 0 0 0 0 0 0 0 0 0 0 12 16 17 21 20 20
 5.410000E+02 8 0 0 0 0 0 0 0 0 0 0 0 13 16 15 25 18 22
 5.415000E+02 12 0 0 0 0 0 0 0 0 0 0 0 19 18 17 12 17 21
 5.420000E+02 9 0 0 0 0 0 0 0 0 0 0 0 25 13 14 14 16 21
 5.425000E+02 12 0 0 0 0 0 0 1 0 0 0 0 20 13 19 16 15 16
 5.430000E+02 5 0 0 0 0 0 0 0 0 0 0 0 20 18 13 25 19 14
 5.435000E+02 6 0 0 0 0 0 0 0 0 0 0 0 18 18 19 16 20 11
 5.440000E+02 13 0 0 0 0 0 0 0 0 0 0 0 26 20 13 14 18 10
 5.445000E+02 9 0 0 0 0 0 0 0 0 0 0 0 24 17 14 19 17 21
 5.450000E+02 10 0 0 0 0 0 0 0 0 0 0 0 19 18 11 22 19 23
 5.455000E+02 8 0 0 0 0 0 0 0 0 0 0 0 22 15 15 17 22 22
 5.460000E+02 11 0 0 0 0 0 0 0 0 0 0 0 19 10 18 23 11 14
 5.465000E+02 16 0 0 0 0 0 0 0 0 1 0 0 16 14 20 23 12 14
 5.470000E+02 14 0 0 0 0 0 0 0 0 0 0 0 14 12 19 20 15 19
 5.475000E+02 7 0 0 0 0 0 0 0 0 0 0 0 13 14 25 18 17 22
 5.480000E+02 5 0 0 0 0 0 0 0 0 0 0 0 12 15 25 19 12 26
 5.485000E+02 15 0 0 0 0 0 0 1 0 0 0 0 13 12 22 23 20 19
 5.490000E+02 13 0 0 0 0 0 0 1 0 0 0 0 20 17 16 26 16 18
 5.495000E+02 12 0 0 0 0 0 0 0 0 0 0 0 19 21 12 21 23 21
 5.500000E+02 11 0 0 0 0 0 0 0 0 1 0 0 8 23 12 20 24 16
 5.505000E+02 16 0 0 0 0 0 0 0 0 0 0 0 10 17 15 22 18 16
 5.510000E+02 8 0 0 0 0 0 0 0 0 0 0 0 13 18 17 24 14 18
 5.515000E+02 8 0 0 0 0 0 0 0 0 0 0 0 17 18 17 19 11 21
 5.520000E+02 16 0 0 0 0 0 0 0 0 0 0 0 22 15 23 18 16 18
 5.525000E+02 8 0 0 0 0 0 0 0 0 1 0 0 21 20 15 20 14 12
 5.530000E+02 9 0 0 0 0 0 0 0 0 1 0 0 14 12 14 21 19 18
 5.535000E+02 11 1 0 0 0 0 0 0 0 0 0 0 15 15 14 25 21 25
 5.540000E+02 15 0 0 0 0 0 0 0 0 1 0 0 14 19 12 19 20 24
 5.545000E+02 13 0 0 0 0 0 0 0 0 0 0 0 13 17 11 19 20 19
 5.550000E+02 15 0 0 0 0 0 0 0 0 0 0 0 18 18 10 18 16 16
 5.555000E+02 13 0 0 0 0 0 0 0 0 0 0 0 12 20 16 17 19 8
 5.560000E+02 6 0 0 0 0 0 0 0 0 0 0 0 15 22 23 17 21 15
 5.565000E+02 11 0 0 0 0 0 0 0 0 0 0 0 21 17 23 15 22 17
 5.570000E+02 9 0 0 0 0 0 0 0 0 0 0 0 23 16 25 20 15 18
 5.575000E+02 8 0 0 0 0 0 0 0 0 0 0 0 16 16 28 15 11 18
 5.580000E+02 7 0 0 0 0 0 0 0 0 0 0 0 21 17 25 15 16 24
 5.585000E+02 12 0 0 0 0 0 0 0 0 1 0 0 19 20 23 17 21 15
 5.590000E+02 10 0 0 0 0 0 0 0 0 0 0 0 21 11 16 23 15 15
 5.595000E+02 15 0 0 0 0 0 0 0 0 0 0 0 18 14 17 27 14 14
 5.600000E+02 14 0 0 0 0 0 0 0 0 0 0 0 14 17 26 17 17 20
 5.605000E+02 7 0 0 0 0 1 0 0 0 0 0 0 17 14 17 22 14 23
 5.610000E+02 10 0 0 0 0 0 0 0 0 1 0 0 13 19 14 17 9 24
 5.615000E+02 6 0 0 0 0 0 0 0 0 0 0 0 22 13 19 19 18 27
 5.620000E+02 4 0 0 0 0 0 0 0 0 0 0 0 15 14 19 18 13 20
 5.625000E+02 10 0 0 0 0 0 0 0 0 0 0 0 16 17 19 16 12 28
 5.630000E+02 13 0 0 0 0 0 0 0 0 0 0 0 18 22 22 19 11 18
 5.635000E+02 8 0 0 0 0 0 0 0 0 0 0 0 15 21 23 14 12 16
 5.640000E+02 6 0 0 0 0 0 0 0 0 0 0 0 17 16 20 17 15 17
 5.645000E+02 15 0 0 0 0 0 0 0 0 0 0 0 21 20 14 17 16 11
 5.650000E+02 7 0 0 0 0 0 0 0 0 1 0 0 18 15 15 19 22 20
 5.655000E+02 10 0 0 0 0 0 0 0 0 1 0 0 15 16 11 20 18 18
 5.660000E+02 10 0 0 0 0 0 0 1 0 0 0 0 16 23 22 17 16 15
 5.665000E+02 10 0 0 0 0 0 0 0 0 1 0 0 12 20 26 16 15 16
 5.670000E+02 12 0 0 0 0 0 0 0 0 2 0 0 12 29 17 15 13 21
 5.675000E+02 15 0 0 0 0 0 0 1 0 0 0 0 8 28 16 8 17 19
 5.680000E+02 12 0 0 0 0 0 0 0 0 0 0 0 20 23 18 11 13 26
 5.685000E+02 11 0 0 0 0 0 0 0 0 0 0 0 15 20 20 16 19 15
 5.690000E+02 4 0 0 0 0 0 0 0 0 0 0 0 13 21 17 19 21 12
 5.695000E+02 13 0 0 1 0 0 0 0 0 0 0 0 19 22 18 12 17 15
 5.700000E+02 11 0 0 0 0 0 0 0 0 2 0 0 12 20 15 11 22 17
 5.705000E+02 8 0 0 0 0 0 0 0 0 1 0 0 13 22 20 16 20 17
 5.710000E+02 7 0 0 0 0 0 0 0 0 1 0 0 20 18 16 18 21 14
 5.715000E+02 11 0 0 0 0 0 0 0 0 0 0 0 14 19 16 14 23 22
 5.720000E+02 11 0 0 0 0 0 0 0 0 0 0 0 17 13 18 14 19 18
 5.725000E+02 8 0 0 0 0 0 0 0 0 0 0 0 27 12 21 12 18 15
 5.730000E+02 11 0 0 0 0 0 0 0 0 0 0 0 19 16 24 16 16 11
 5.735000E+02 10 0 0 0 0 0 0 0 0 0 0 0 19 20 20 15 23 11
 5.740000E+02 9 0 0 0 0 0 0 0 0 0 0 0 23 15 14 10 22 19
 5.745000E+02 4 0 0 0 0 0 0 0 0 0 0 0 18 12 22 12 21 21
 5.750000E+02 8 0 0 0 0 0 0 0 0 0 0 0 16 16 21 14 16 20
 5.755000E+02 9 0 0 0 0 0 0 0 0 0 0 0 15 14 24 22 13 18
 5.760000E+02 8 0 0 0 0 0 0 0 0 0 0 0 15 15 22 34 9 17
 5.765000E+02 8 0 0 0 0 0 0 0 0 0 0 0 12 22 23 26 14 19
 5.770000E+02 11 0 0 0 0 0 0 0 0 0 0 0 16 18 29 17 12 20
 5.775000E+02 6 0 0 0 0 0 0 1 0 0 0 0 25 16 27 24 13 14
 5.780000E+02 8 0 0 0 0 0 0 0 0 0 0 0 21 16 18 15 18 11
 5.785000E+02 9 0 0 0 0 0 0 0 0 0 0 0 26 14 16 15 18 12
 5.790000E+02 12 0 0 0 0 0 0 0 0 0 0 0 23 16 12 22 18 16
 5.795000E+02 10 0 0 0 0 0 0 0 0 0 0 0 19 15 19 22 21 10
 5.800000E+02 11 0 0 0 0 0 0 0 0 1 0 0 22 20 12 22 16 15
 5.805000E+02 6 0 0 0 0 0 0 0 0 1 0 0 21 24 15 23 16 19
 5.810000E+02 11 0 0 0 0 0 0 0 0 1 0 0 20 21 12 23 18 12
 5.815000E+02 6 0 0 0 0 0 0 0 0 1 0 0 23 16 10 20 29 13
 5.820000E+02 10 0 0 0 0 0 0 0 0 0 0 0 20 13 9 18 27 17
 5.825000E+02 13 0 0 0 0 0 0 0 0 0 0 0 21 21 5 19 17 19
 5.830000E+02 10 0 0 0 0 0 0 0 0 0 0 0 21 13 18 27 17 15
 5.835000E+02 7 0 0 0 0 0 0 0 0 1 0 0 19 16 18 22 19 16
 5.840000E+02 4 0 0 1 0 0 0 0 0 0 0 0 13 15 15 16 17 20
 5.845000E+02 5 0 0 0 0 0 0 0 0 1 0 0 14 16 13 16 15 18
 5.850000E+02 9 0 0 0 0 0 0 0 0 1 0 0 15 20 13 17 13 20
 5.855000E+02 15 0 0 0 0 0 0 0 0 0 0 0 15 23 15 16 11 21
 5.860000E+02 9 0 0 0 0 0 0 0 0 1 0 0 13 20 14 15 18 16
 5.865000E+02 9 0 0 0 0 0 0 0 0 0 0 0 16 19 21 15 17 17
 5.870000E+02 10 0 0 0 0 0 0 0 0 0 0 0 15 19 17 12 15 19
 5.875000E+02 9 0 0 0 0 0 0 0 0 0 0 0 16 12 14 17 33 15
 5.880000E+02 9 0 0 0 0 0 0 0 0 0 0 0 21 16 19 14 28 18
 5.885000E+02 15 0 0 0 0 0 0 0 0 0 0 0 17 21 22 10 22 12
 5.890000E+02 10 0 0 0 0 0 0 0 0 0 0 0 21 14 23 11 24 12
 5.895000E+02 8 0 0 0 0 0 0 0 0 0 0 0 18 13 17 9 21 15
 5.900000E+02 8 0 0 0 0 0 0 0 0 0 0 0 22 27 14 18 13 17
 5.905000E+02 6 0 0 0 0 0 0 0 0 0 0 0 16 17 17 17 14 19
 5.910000E+02 5 0 0 0 0 0 0 0 0 0 0 0 18 19 14 21 19 12
 5.915000E+02 10 0 0 0 0 0 0 0 0 0 0 0 18 15 15 19 19 19
 5.920000E+02 11 0 0 0 0 0 0 0 0 0 0 0 17 18 12 15 21 15
 5.925000E+02 13 0 0 0 0 0 0 0 0 0 0 0 23 21 17 14 18 15
 5.930000E+02 8 0 0 0 0 0 0 0 0 0 0 0 24 24 13 21 16 14
 5.935000E+02 11 0 0 0 0 0 0 0 0 0 0 0 24 24 16 28 13 16
 5.940000E+02 13 0 0 0 0 0 0 0 0 0 0 0 14 21 18 27 14 21
 5.945000E+02 14 0 0 0 0 0 0 0 0 0 0 0 15 23 10 17 17 23
 5.950000E+02 14 0 0 0 0 0 0 0 0 0 0 0 21 19 14 20 15 28
 5.955000E+02 8 0 0 0 0 0 0 0 0 0 0 0 20 18 22 17 12 29
 5.960000E+02 8 0 0 0 0 0 0 0 0 0 0 0 32 22 18 10 17 19
 5.965000E+02 16 0 0 0 0 0 0 0 0 0 0 0 18 19 21 15 16 17
 5.970000E+02 7 0 0 0 0 0 0 1 0 0 0 0 16 23 26 16 18 19
 5.975000E+02 17 0 0 0 0 0 0 0 0 1 0 0 17 17 25 16 16 14
 5.980000E+02 10 0 0 0 0 0 0 0 0 1 0 0 17 19 20 20 14 16
 5.985000E+02 12 0 0 0 0 1 0 0 0 0 0 0 21 21 14 23 14 14
 5.990000E+02 9 0 0 0 0 0 0 0 0 1 0 0 23 19 13 25 8 17
 5.995000E+02 16 0 0 0 0 0 0 0 0 0 0 0 22 20 20 16 8 21
 6.000000E+02 4 0 0 0 0 0 0 0 0 0 0 0 23 21 18 14 24 12
 6.005000E+02 15 0 0 0 0 0 0 0 0 0 0 0 19 17 27 16 20 9
 6.010000E+02 7 0 0 0 0 0 0 0 0 0 0 0 20 17 23 17 22 15
 6.015000E+02 10 0 0 0 0 0 0 0 0 0 0 0 14 17 23 16 20 19
 6.020000E+02 10 0 0 0 0 0 0 0 0 0 0 0 17 24 16 13 20 20
 6.025000E+02 11 0 0 0 0 0 0 0 0 0 0 0 19 19 13 18 18 22
 6.030000E+02 11 0 0 0 0 0 0 0 0 0 0 0 25 12 16 20 19 15
 6.035000E+02 6 0 0 0 0 0 0 0 0 0 0 0 22 10 14 19 19 16
 6.040000E+02 7 0 0 0 0 0 0 0 0 0 0 0 19 15 13 20 24 13
 6.045000E+02 9 0 0 0 0 0 0 0 0 0 0 0 23 15 16 26 18 13
 6.050000E+02 10 0 0 0 0 0 0 0 0 0 0 0 20 22 22 16 16 18
 6.055000E+02 9 0 0 0 0 0 0 0 0 0 0 0 19 16 20 13 12 18
 6.060000E+02 6 0 0 0 0 0 0 0 0 0 0 0 18 17 19 17 16 23
 6.065000E+02 11 0 0 0 0 0 0 0 0 0 0 0 25 9 15 15 13 17
 6.070000E+02 15 0 0 0 0 0 0 0 0 0 0 0 17 9 16 22 14 20
 6.075000E+02 10 0 0 0 0 0 0 0 0 0 0 0 19 20 21 17 14 14
 6.080000E+02 5 0 0 0 0 0 0 0 0 0 0 0 18 13 23 19 10 17
 6.085000E+02 7 0 0 0 0 0 0 0 0 1 0 0 14 16 21 17 13 14
 6.090000E+02 6 0 0 0 0 0 0 0 0 0 0 0 14 22 13 15 17 19
 6.095000E+02 8 0 0 0 0 0 0 0 0 0 0 0 17 21 19 15 17 15
 6.100000E+02 8 0 0 0 0 0 0 0 0 0 0 0 11 17 18 20 25 15
 6.105000E+02 4 0 0 0 0 0 0 0 0 0 0 0 8 15 15 16 22 17
 6.110000E+02 10 0 0 0 0 0 0 0 0 0 0 0 12 10 20 17 20 21
 6.115000E+02 6 0 0 0 0 0 0 0 0 0 0 0 10 12 17 14 22 22
 6.120000E+02 13 0 0 0 0 0 0 1 0 0 0 0 15 15 21 18 20 14
 6.125000E+02 7 0 0 1 0 0 0 0 0 0 0 0 16 19 14 16 19 10
 6.130000E+02 11 0 0 0 0 0 0 1 0 0 0 0 21 21 14 15 14 13
 6.135000E+02 9 0 0 0 0 0 0 0 0 1 0 0 22 24 10 18 18 16
 6.140000E+02 14 0 0 0 0 0 0 0 0 1 0 0 14 22 17 17 18 19
 6.145000E+02 7 0 0 0 0 0 0 0 0 0 0 0 10 18 16 24 19 23
 6.150000E+02 12 0 0 0 0 0 0 0 0 0 0 0 16 19 17 19 13 22
 6.155000E+02 8 0 0 0 0 0 0 0 0 0 0 0 16 14 18 17 21 17
 6.160000E+02 8 0 0 0 0 0 0 0 0 1 0 0 17 16 19 16 16 14
 6.165000E+02 11 0 0 0 0 0 0 0 0 1 0 0 16 18 16 16 20 21
 6.170000E+02 12 0 0 0 0 0 0 0 0 1 0 0 21 18 14 13 18 16
 6.175000E+02 6 0 0 0 0 0 0 0 0 1 0 0 21 17 18 12 20 21
 6.180000E+02 11 0 0 0 0 0 0 0 0 1 0 0 17 16 22 13 19 20
 6.185000E+02 11 0 0 0 0 0 0 0 0 0 0 0 15 19 17 15 22 15
 6.190000E+02 13 0 0 0 0 0 0 0 0 0 0 0 23 13 17 17 22 23
 6.195000E+02 4 0 0 0 0 0 0 0 0 0 0 0 17 17 17 16 14 24
 6.200000E+02 14 0 0 0 0 0 0 0 0 0 0 0 14 15 16 15 15 16
 6.205000E+02 9 0 0 0 0 0 0 0 0 0 0 0 18 18 11 13 22 17
 6.210000E+02 11 0 0 0 0 0 0 0 0 0 0 0 15 21 14 16 21 16
 6.215000E+02 7 0 0 0 0 0 0 0 0 0 0 0 18 17 16 17 15 17
 6.220000E+02 10 0 0 0 0 0 0 0 0 0 0 0 11 18 24 14 13 16
 6.225000E+02 14 0 0 0 0 0 0 0 0 2 0 0 12 15 17 15 17 23
 6.230000E+02 10 0 0 0 0 0 0 0 0 1 0 0 12 15 17 19 15 17
 6.235000E+02 9 0 0 1 0 0 0 0 0 0 0 0 16 14 25 14 17 19
 6.240000E+02 11 0 0 0 0 0 0 0 0 0 0 0 18 19 20 10 12 20
 6.245000E+02 5 0 0 0 0 0 0 0 0 0 0 0 13 15 23 10 23 19
 6.250000E+02 8 0 0 0 0 0 0 0 0 0 0 0 13 18 19 13 26 16
 6.255000E+02 6 0 0 0 0 0 0 0 0 0 0 0 18 18 13 13 22 14
 6.260000E+02 4 0 0 0 0 0 0 0 0 0 0 0 12 17 17 14 25 17
 6.265000E+02 11 0 0 0 0 0 0 0 0 0 0 0 23 16 12 13 16 18
 6.270000E+02 12 0 0 0 0 0 0 0 0 0 0 0 22 19 13 13 16 13
 6.275000E+02 4 0 0 0 0 0 0 1 0 1 0 0 25 20 19 19 8 15
 6.280000E+02 12 0 0 0 0 0 0 0 0 2 0 0 25 13 16 15 11 22
 6.285000E+02 5 0 0 0 0 0 0 0 0 1 0 0 26 16 13 13 11 21
 6.290000E+02 7 0 0 0 0 0 0 0 0 0 0 0 21 14 14 15 17 18
 6.295000E+02 9 0 0 0 0 0 0 0 0 0 0 0 22 17 15 20 22 15
 6.300000E+02 16 0 0 0 0 0 0 0 0 0 0 0 27 11 14 17 25 15
 6.305000E+02 10 0 0 0 0 0 0 0 0 1 0 0 26 16 13 22 18 17
 6.310000E+02 8 0 0 0 0 0 0 0 0 1 0 0 25 21 22 14 16 14
 6.315000E+02 9 0 0 0 0 0 0 0 0 0 0 0 20 18 16 14 18 14
 6.320000E+02 5 0 0 0 0 0 0 0 0 0 0 0 21 14 13 12 17 18
 6.325000E+02 13 0 0 0 0 0 0 0 0 0 0 0 17 14 14 17 20 18
 6.330000E+02 8 0 0 0 0 0 0 0 0 0 0 0 13 17 17 20 21 18
 6.335000E+02 6 0 0 0 0 0 0 0 0 0 0 0 16 21 18 20 22 12
 6.340000E+02 11 0 0 0 0 0 0 0 0 0 0 0 21 16 22 10 16 18
 6.345000E+02 5 0 0 0 0 0 0 0 0 0 0 0 19 14 26 17 19 14
 6.350000E+02 8 0 0 0 0 0 0 0 0 0 0 0 12 22 19 24 15 15
 6.355000E+02 6 0 0 0 0 0 0 0 0 0 0 0 17 19 17 14 18 21
 6.360000E+02 12 0 0 0 0 0 0 0 0 0 0 0 9 20 21 21 17 19
 6.365000E+02 12 0 0 0 0 0 0 1 0 0 0 0 14 25 23 18 17 18
 6.370000E+02 3 0 0 0 0 0 0 0 0 1 0 0 19 22 14 17 21 17
 6.375000E+02 10 0 0 1 0 0 0 0 0 0 0 0 13 25 15 19 20 18
 6.380000E+02 8 0 0 0 0 0 0 1 0 0 0 0 14 23 11 17 20 13
 6.385000E+02 7 0 0 0 0 0 0 0 0 1 0 0 24 15 15 19 24 14
 6.390000E+02 2 0 0 0 0 0 0 0 0 0 0 0 14 11 14 21 27 14
 6.395000E+02 9 0 0 0 0 0 0 0 0 0 0 0 13 25 12 18 21 13
 6.400000E+02 7 0 0 0 0 0 0 0 0 0 0 0 18 19 10 16 15 22
 6.405000E+02 5 0 0 0 0 0 0 0 0 0 0 0 20 17 13 12 14 23
 6.410000E+02 9 0 0 0 0 0 0 0 0 0 0 0 17 22 12 13 23 12
 6.415000E+02 6 0 0 0 0 0 0 0 0 0 0 0 13 19 13 23 21 15
 6.420000E+02 12 0 0 0 0 0 0 0 0 0 0 0 8 20 24 22 17 13
 6.425000E+02 10 0 0 0 0 0 0 0 0 0 0 0 15 18 12 23 25 13
 6.430000E+02 10 0 0 0 0 0 0 0 0 0 0 0 14 19 16 17 19 11
 6.435000E+02 8 0 0 0 0 0 0 0 0 0 0 0 17 30 10 17 13 13
 6.440000E+02 4 0 0 0 0 0 0 0 0 0 0 0 22 19 12 18 17 18
 6.445000E+02 9 0 0 0 0 0 0 0 0 1 0 0 25 12 12 21 15 19
 6.450000E+02 5 0 0 0 0 0 0 1 0 0 0 0 15 15 13 15 14 25
 6.455000E+02 12 0 0 0 0 0 0 0 0 1 0 0 18 13 17 15 21 26
 6.460000E+02 9 0 0 0 0 0 0 0 0 1 0 0 25 11 16 16 22 16
 6.465000E+02 8 0 0 0 0 0 0 1 0 0 0 0 19 14 18 16 20 15
 6.470000E+02 13 0 0 0 0 0 0 0 0 1 0 0 17 15 19 11 19 15
 6.475000E+02 15 0 0 0 0 0 0 0 0 0 0 0 19 15 13 14 20 18
 6.480000E+02 5 0 0 0 0 0 0 0 0 0 0 0 18 11 20 15 22 11
 6.485000E+02 9 0 0 0 0 0 0 0 0 0 0 0 16 6 20 14 21 9
 6.490000E+02 4 0 0 0 0 0 0 0 0 0 0 0 18 9 21 20 17 12
 6.495000E+02 16 0 0 0 0 0 0 0 0 0 0 0 20 13 17 14 17 14
 6.500000E+02 15 0 0 0 0 0 0 0 0 0 0 0 17 17 15 16 17 14
 6.505000E+02 14 0 0 0 0 0 0 0 0 1 0 0 26 22 15 14 22 11
 6.510000E+02 6 0 0 0 0 0 0 0 0 0 0 0 27 15 14 13 18 15
 6.515000E+02 7 0 0 0 0 0 0 0 0 0 0 0 23 18 20 16 19 14
 6.520000E+02 3 0 0 0 0 0 0 0 0 0 0 0 15 23 16 18 20 12
 6.525000E+02 5 0 0 0 0 0 0 0 0 0 0 0 16 13 19 18 17 16
 6.530000E+02 11 0 0 0 0 0 0 0 0 0 0 0 22 18 16 19 18 13
 6.535000E+02 7 0 0 0 0 0 0 0 0 0 0 0 13 22 13 24 15 16
 6.540000E+02 15 0 0 0 0 0 0 0 0 0 0 0 18 19 14 23 16 12
 6.545000E+02 13 0 0 0 0 0 0 0 0 0 0 0 19 19 14 21 18 16
 6.550000E+02 8 0 0 0 0 0 0 0 0 0 0 0 17 20 16 13 18 19
 6.555000E+02 11 0 0 0 0 0 0 0 0 0 0 0 18 16 14 15 15 22
 6.560000E+02 6 0 0 0 0 0 0 0 0 1 0 0 23 13 10 18 22 27
 6.565000E+02 9 0 0 0 0 0 0 0 0 1 0 0 23 17 15 9 22 25
 6.570000E+02 10 0 0 0 0 0 0 1 0 0 0 0 20 13 16 21 21 26
 6.575000E+02 15 0 0 0 0 0 0 0 0 0 0 0 15 14 14 7 14 21
 6.580000E+02 11 0 0 0 0 0 0 0 0 0 0 0 12 20 15 14 20 22
 6.585000E+02 8 0 0 0 0 0 0 0 0 0 0 0 18 13 11 13 21 32
 6.590000E+02 5 0 0 0 0 0 0 0 0 1 0 0 20 15 15 18 17 25
 6.595000E+02 12 0 0 0 0 0 0 0 0 3 0 0 14 14 16 12 16 24
 6.600000E+02 6 0 0 0 0 0 0 0 0 2 0 0 18 16 13 17 17 23
 6.605000E+02 15 0 0 0 0 0 0 0 0 1 0 0 18 21 16 17 20 23
 6.610000E+02 12 0 0 0 0 0 0 0 0 0 0 0 19 14 14 13 25 21
 6.615000E+02 6 0 0 0 0 0 0 0 0 0 0 0 13 13 15 21 21 26
 6.620000E+02 15 0 0 0 0 0 0 0 0 0 0 0 13 10 16 18 20 25
 6.625000E+02 12 0 0 0 0 0 0 0 0 0 0 0 14 13 11 18 21 14
 6.630000E+02 15 0 0 0 0 0 0 0 0 1 0 0 20 14 11 23 17 18
 6.635000E+02 11 0 0 0 0 0 0 0 0 0 0 0 25 9 18 20 12 17
 6.640000E+02 9 0 0 0 0 0 0 0 0 1 0 0 20 17 12 22 12 26
 6.645000E+02 10 0 0 0 0 0 0 0 0 0 0 0 13 13 12 22 19 24
 6.650000E+02 8 0 0 0 0 0 0 0 0 0 0 0 12 23 11 19 17 21
 6.655000E+02 9 0 0 0 0 0 0 0 0 0 0 0 10 13 13 17 15 25
 6.660000E+02 6 0 0 0 0 0 0 0 0 0 0 0 16 11 18 22 18 18
 6.665000E+02 8 0 0 0 0 0 0 0 0 1 0 0 15 11 16 14 21 16
 6.670000E+02 8 0 0 0 0 0 0 0 0 1 0 0 13 17 19 17 20 21
 6.675000E+02 9 0 0 0 0 0 0 0 0 0 0 0 17 18 27 15 16 19
 6.680000E+02 7 0 0 0 0 0 0 0 0 0 0 0 14 10 20 20 20 16
 6.685000E+02 12 0 0 0 0 0 0 0 0 0 0 0 15 18 14 21 16 16
 6.690000E+02 14 0 0 0 0 0 0 0 0 0 0 0 14 23 12 18 19 11
 6.695000E+02 9 0 0 0 0 0 0 0 0 0 0 0 14 17 14 22 14 16
 6.700000E+02 3 0 0 0 0 0 0 0 0 0 0 0 19 20 13 22 18 15
 6.705000E+02 5 0 0 0 0 0 0 0 0 0 0 0 16 17 13 23 13 14
 6.710000E+02 9 0 0 0 0 0 0 0 0 0 0 0 16 17 17 25 14 13
 6.715000E+02 11 0 0 0 0 0 0 0 0 1 0 0 12 13 17 26 19 15
 6.720000E+02 4 0 0 0 0 0 0 1 0 0 0 0 19 13 11 19 14 14
 6.725000E+02 5 0 0 0 0 0 0 0 0 0 0 0 20 17 23 13 19 12
 6.730000E+02 10 0 0 0 0 0 0 0 0 0 0 0 11 17 13 14 20 16
 6.735000E+02 8 0 0 0 0 0 0 0 0 0 0 0 15 23 8 13 21 11
 6.740000E+02 6 0 0 0 0 0 0 0 0 0 0 0 13 23 13 16 17 8
 6.745000E+02 7 0 0 0 0 0 0 0 0 0 0 0 15 25 18 17 11 13
 6.750000E+02 12 0 0 0 0 0 0 0 0 0 0 0 11 15 18 15 9 17
 6.755000E+02 5 0 0 0 0 0 0 0 0 1 0 0 14 21 14 20 13 18
 6.760000E+02 10 0 0 0 0 0 0 0 0 0 0 0 14 26 17 23 11 16
 6.765000E+02 11 0 0 0 0 0 0 0 0 0 0 0 11 20 19 16 13 17
 6.770000E+02 8 0 0 0 0 0 0 0 0 0 0 0 14 24 14 21 18 16
 6.775000E+02 10 0 0 0 0 0 0 0 0 0 0 0 18 20 15 17 21 11
 6.780000E+02 7 0 0 0 0 0 0 0 0 0 0 0 21 18 14 14 18 16
 6.785000E+02 8 0 0 0 0 0 0 0 0 0 0 0 22 18 18 14 14 19
 6.790000E+02 4 0 0 0 0 0 0 0 0 0 0 0 21 17 20 17 13 14
 6.795000E+02 10 0 0 0 0 0 0 0 0 0 0 0 17 15 24 14 12 22
 6.800000E+02 10 0 0 0 0 0 0 0 0 0 0 0 12 14 24 17 13 26
 6.805000E+02 4 0 0 0 0 0 0 0 0 0 0 0 17 13 22 14 18 24
 6.810000E+02 11 0 0 0 0 0 0 0 0 0 0 0 13 17 23 18 14 20
 6.815000E+02 8 0 0 0 0 0 0 0 0 0 0 0 20 14 27 12 16 24
 6.820000E+02 6 0 0 0 0 0 0 0 0 2 0 0 13 16 26 15 19 18
 6.825000E+02 12 0 0 0 0 0 0 0 0 0 0 0 15 15 18 14 25 13
 6.830000E+02 8 0 0 0 0 0 0 1 0 0 0 0 11 18 25 14 21 11
 6.835000E+02 8 0 0 1 0 0 0 0 0 0 0 0 12 24 19 20 18 15
 6.840000E+02 8 0 0 0 0 0 0 0 0 1 0 0 13 22 16 20 16 15
 6.845000E+02 11 0 0 0 0 0 0 0 0 0 0 0 17 22 18 19 14 14
 6.850000E+02 14 0 0 0 0 0 0 0 0 1 0 0 16 21 14 17 16 16
 6.855000E+02 6 0 0 0 0 0 0 0 0 0 0 0 19 26 20 14 20 11
 6.860000E+02 6 0 0 1 0 0 0 0 0 0 0 0 19 18 17 15 25 15
 6.865000E+02 13 0 0 0 0 0 0 0 0 1 0 0 27 15 13 26 17 18
 6.870000E+02 10 0 0 0 0 0 0 0 0 0 0 0 17 8 15 23 12 20
 6.875000E+02 10 0 0 0 0 0 0 0 0 0 0 0 10 10 12 22 15 26
 6.880000E+02 10 0 0 0 0 0 0 0 0 0 0 0 8 14 12 25 14 22
 6.885000E+02 7 0 0 0 0 0 0 0 0 0 0 0 15 13 19 20 21 19
 6.890000E+02 13 0 0 0 0 0 0 0 0 0 0 0 19 17 13 18 20 12
 6.895000E+02 9 0 0 0 0 0 0 0 0 0 0 0 17 16 15 17 18 13
 6.900000E+02 15 0 0 0 0 0 0 0 0 0 0 0 23 10 12 15 16 16
 6.905000E+02 10 0 0 0 0 0 0 0 0 0 0 0 27 18 16 15 13 13
 6.910000E+02 8 0 0 0 0 0 0 0 0 0 0 0 17 18 20 13 10 17
 6.915000E+02 14 0 0 0 0 0 0 0 0 0 0 0 14 18 12 12 12 19
 6.920000E+02 10 0 0 0 0 0 0 0 0 0 0 0 12 27 13 15 19 12
 6.925000E+02 10 0 0 0 0 0 0 0 0 0 0 0 11 18 13 15 14 13
 6.930000E+02 6 0 0 0 0 0 0 0 0 0 0 0 13 14 19 13 17 8
 6.935000E+02 11 0 0 0 0 0 0 0 0 0 0 0 20 14 16 12 14 19
 6.940000E+02 10 0 0 0 0 0 0 0 0 0 0 0 18 20 12 14 22 10
 6.945000E+02 11 0 0 0 0 0 0 0 0 0 0 0 16 20 14 15 20 17
 6.950000E+02 12 0 0 0 0 0 0 0 0 0 0 0 16 18 11 11 19 22
 6.955000E+02 9 0 0 0 0 0 0 0 0 0 0 0 16 22 18 9 19 22
 6.960000E+02 6 0 0 0 0 0 0 0 0 0 0 0 14 16 19 9 18 18
 6.965000E+02 16 0 0 0 0 0 0 0 0 0 0 0 13 20 18 14 24 18
 6.970000E+02 12 0 0 0 0 0 0 0 0 0 0 0 12 18 19 16 15 14
 6.975000E+02 14 0 0 0 0 0 0 0 0 0 0 0 21 16 15 21 9 11
 6.980000E+02 5 0 0 0 0 0 0 0 0 1 0 0 23 16 13 17 13 14
 6.985000E+02 11 0 0 0 0 0 0 0 0 0 0 0 20 16 13 20 15 16
 6.990000E+02 6 0 0 0 0 0 0 0 0 0 0 0 18 16 14 18 13 18
 6.995000E+02 12 0 0 0 0 0 0 0 0 0 0 0 21 18 15 15 11 19
 7.000000E+02 10 0 0 0 0 0 0 0 0 0 0 0 20 17 16 12 20 19
