# time 'Ca' 'D34:75:137_PP2ACa' 'D34:75:137_PP2APCa' 'D34:75_PP2ACa' 'D34:75_PP2APCa' 'D75:137_PP2ACa' 'D75:137_PP2APCa' 'D75_PP2ACa' 'D75_PP2APCa' 'PP2ACa' 'PP2ACa_PKA' 'PP2APCa' 'PP2BinactiveCa2_1' 'PP2BinactiveCa2_2' 'PP2BinactiveCa2_3' 'PP2BinactiveCa2_4' 'PP2BinactiveCa2_5' 'PP2BinactiveCa2_6'
 0.000000E+00 0 0 0 0 0 0 0 0 0 0 0 0 0 0 0 0 0 0
 5.000000E-01 2 0 0 0 0 0 0 0 0 0 0 0 1 0 0 0 0 0
 1.000000E+00 0 0 0 0 0 0 0 0 0 0 0 0 1 2 0 0 0 0
 1.500000E+00 3 0 0 0 0 0 0 0 0 0 0 0 1 3 1 0 0 0
 2.000000E+00 0 0 0 0 0 0 0 0 0 0 0 0 1 2 1 1 2 3
 2.500000E+00 1 0 0 0 0 0 0 0 0 0 0 0 2 2 1 3 3 3
 3.000000E+00 3 0 0 0 0 0 0 0 0 0 0 0 1 3 3 4 4 3
 3.500000E+00 1 0 0 0 0 0 0 0 0 0 0 0 1 4 5 4 4 3
 4.000000E+00 7 0 0 0 0 0 0 0 0 0 0 0 0 3 8 3 2 4
 4.500000E+00 7 0 0 0 0 0 0 0 0 0 0 0 2 3 5 3 3 5
 5.000000E+00 8 0 0 0 0 0 0 0 0 0 0 0 6 4 4 3 3 5
 5.500000E+00 3 0 0 0 0 0 0 0 0 0 0 0 7 7 6 3 3 5
 6.000000E+00 5 0 0 0 0 0 0 0 0 0 0 0 9 7 5 5 3 7
 6.500000E+00 6 0 0 0 0 0 0 0 0 0 0 0 10 10 3 7 3 6
 7.000000E+00 3 0 0 0 0 0 0 0 0 0 0 0 9 9 6 10 3 4
 7.500000E+00 4 0 0 0 0 0 0 0 0 0 0 0 5 12 7 9 4 4
 8.000000E+00 5 0 0 0 0 0 0 0 0 0 0 0 6 11 9 6 5 5
 8.500000E+00 4 0 0 0 0 0 0 0 0 0 0 0 4 9 9 6 6 8
 9.000000E+00 1 0 0 0 0 0 0 0 0 0 0 0 7 12 7 6 7 9
 9.500000E+00 6 0 0 0 0 0 0 0 0 0 0 0 5 12 8 6 6 12
 1.000000E+01 6 0 0 0 0 0 0 0 0 0 0 0 8 10 12 5 8 6
 1.050000E+01 5 0 0 0 0 0 0 0 0 0 0 0 8 10 10 10 9 9
 1.100000E+01 4 0 0 0 0 0 0 0 0 0 0 0 9 11 12 8 9 7
 1.150000E+01 6 0 0 0 0 0 0 0 0 0 0 0 9 13 10 11 7 9
 1.200000E+01 10 0 0 0 0 0 0 0 0 0 0 0 10 13 12 6 8 6
 1.250000E+01 4 0 0 0 0 0 0 0 0 0 0 0 11 10 13 11 5 7
 1.300000E+01 5 0 0 0 0 0 0 0 0 0 0 0 12 11 14 11 5 9
 1.350000E+01 7 0 0 0 0 0 0 0 0 0 0 0 13 8 9 8 4 9
 1.400000E+01 7 0 0 0 0 0 0 0 0 0 0 0 9 10 10 10 5 16
 1.450000E+01 8 0 0 0 0 0 0 0 0 0 0 0 10 6 11 13 10 14
 1.500000E+01 3 0 0 0 0 0 0 0 0 0 0 0 12 8 11 12 9 9
 1.550000E+01 8 0 0 0 0 0 0 0 0 0 0 0 8 5 16 11 10 9
 1.600000E+01 4 0 0 0 0 0 0 0 0 0 0 0 9 7 13 9 12 10
 1.650000E+01 5 0 0 0 0 0 0 0 0 0 0 0 11 8 11 7 18 9
 1.700000E+01 3 0 0 0 0 0 0 0 0 1 0 0 14 12 12 8 18 6
 1.750000E+01 4 0 0 0 0 0 0 0 0 1 0 0 13 12 12 7 18 2
 1.800000E+01 3 0 0 0 0 0 0 0 0 0 0 0 15 9 7 6 16 6
 1.850000E+01 8 0 0 0 0 0 0 0 0 0 0 0 13 8 8 11 13 8
 1.900000E+01 6 0 0 0 0 0 0 0 0 0 0 0 13 13 7 12 10 14
 1.950000E+01 6 0 0 0 0 0 0 0 0 0 0 0 11 13 11 8 11 15
 2.000000E+01 6 0 0 0 0 0 0 0 0 0 0 0 11 13 11 7 13 13
 2.050000E+01 8 0 0 0 0 0 0 0 0 0 0 0 8 14 13 11 12 11
 2.100000E+01 3 0 0 0 0 0 0 0 0 0 0 0 10 16 13 13 8 12
 2.150000E+01 9 0 0 0 0 0 0 0 0 0 0 0 11 13 13 13 5 13
 2.200000E+01 6 0 0 0 0 0 0 0 0 0 0 0 9 13 16 13 7 11
 2.250000E+01 8 0 0 0 0 0 0 0 0 0 0 0 12 12 15 12 15 14
 2.300000E+01 6 0 0 0 0 0 0 0 0 0 0 0 17 15 13 13 15 10
 2.350000E+01 8 0 0 0 0 0 0 0 0 0 0 0 7 14 12 15 13 10
 2.400000E+01 3 0 0 0 0 0 0 0 0 0 0 0 10 19 12 13 13 10
 2.450000E+01 2 0 0 0 0 0 0 0 0 1 0 0 14 14 14 14 16 12
 2.500000E+01 6 0 0 0 0 0 0 0 0 1 0 0 15 10 12 13 11 14
 2.550000E+01 7 0 0 0 0 0 0 0 0 2 0 0 9 13 16 15 13 10
 2.600000E+01 3 0 0 0 0 0 0 0 0 1 0 0 13 15 13 18 17 12
 2.650000E+01 7 0 0 0 0 0 0 0 0 0 0 0 17 14 16 15 10 12
 2.700000E+01 7 0 0 0 0 0 0 0 0 0 0 0 14 16 13 15 7 17
 2.750000E+01 10 0 0 0 0 0 0 0 0 1 0 0 7 17 14 15 15 14
 2.800000E+01 10 0 0 0 0 0 0 0 0 1 0 0 15 12 16 14 13 14
 2.850000E+01 7 0 0 0 0 0 0 1 0 0 0 0 12 13 15 14 16 13
 2.900000E+01 6 0 0 0 0 0 0 0 0 1 0 0 16 11 18 12 10 13
 2.950000E+01 7 0 0 0 0 0 0 1 0 1 0 0 18 9 20 17 8 11
 3.000000E+01 3 0 0 0 0 0 0 0 0 1 0 0 21 8 23 11 9 14
 3.050000E+01 6 0 0 0 0 0 0 0 0 0 0 0 12 12 20 11 11 10
 3.100000E+01 8 0 0 0 0 0 0 0 0 0 0 0 19 10 16 8 16 16
 3.150000E+01 7 0 0 0 0 0 0 0 0 1 0 0 18 14 21 11 8 16
 3.200000E+01 6 0 0 0 0 0 0 0 0 1 0 0 19 12 15 16 14 10
 3.250000E+01 5 0 0 0 0 0 0 0 0 0 0 0 16 11 16 14 14 12
 3.300000E+01 8 0 0 0 0 0 0 0 0 0 0 0 19 8 13 16 13 13
 3.350000E+01 6 0 0 0 0 0 0 0 0 0 0 0 16 6 13 14 15 13
 3.400000E+01 4 0 0 0 0 0 0 0 0 0 0 0 23 15 11 14 11 16
 3.450000E+01 7 0 0 0 0 0 0 0 0 1 0 0 13 22 17 12 12 17
 3.500000E+01 12 0 0 0 0 0 0 0 0 0 0 0 17 16 15 14 14 11
 3.550000E+01 12 0 0 0 0 0 0 0 0 0 0 0 13 17 19 14 15 7
 3.600000E+01 9 0 0 0 0 0 0 0 0 0 0 0 12 23 14 9 18 11
 3.650000E+01 13 0 0 0 0 0 0 0 0 0 0 0 11 16 18 12 16 19
 3.700000E+01 7 0 0 0 0 0 0 0 0 0 0 0 12 13 23 11 20 15
 3.750000E+01 5 0 0 0 0 0 0 0 0 1 0 0 17 15 15 11 18 13
 3.800000E+01 6 0 0 0 0 0 0 0 0 1 0 0 14 13 16 13 14 11
 3.850000E+01 7 0 0 0 0 0 0 0 0 0 0 0 17 11 14 13 13 17
 3.900000E+01 8 0 0 0 0 0 0 0 0 0 0 0 16 16 15 13 12 16
 3.950000E+01 12 0 0 0 0 0 0 0 0 0 0 0 12 14 15 7 15 21
 4.000000E+01 13 0 0 0 0 0 0 0 0 1 0 0 12 13 24 10 12 17
 4.050000E+01 10 0 0 0 0 0 0 0 0 0 0 0 9 16 19 14 12 21
 4.100000E+01 7 0 0 0 0 0 0 0 0 0 0 0 10 14 20 13 14 20
 4.150000E+01 6 0 0 0 0 0 0 0 0 0 0 0 11 9 17 12 19 15
 4.200000E+01 13 0 0 0 0 0 0 0 0 0 0 0 9 12 19 14 14 15
 4.250000E+01 4 0 0 0 0 0 0 0 0 0 0 0 11 16 9 8 15 15
 4.300000E+01 2 0 0 0 0 0 0 0 0 0 0 0 13 22 13 17 17 16
 4.350000E+01 8 0 0 0 0 0 0 0 0 0 0 0 12 15 11 15 18 16
 4.400000E+01 12 0 0 0 0 0 0 0 0 1 0 0 10 13 15 16 18 16
 4.450000E+01 8 0 0 0 0 0 0 0 0 2 0 0 7 20 17 17 22 14
 4.500000E+01 6 0 0 0 0 0 0 1 0 0 0 0 9 14 18 20 15 18
 4.550000E+01 5 0 0 0 0 0 0 0 0 0 0 0 15 17 17 19 18 18
 4.600000E+01 8 0 0 0 0 0 0 0 0 0 0 0 12 18 14 22 13 20
 4.650000E+01 8 0 0 0 0 0 0 0 0 1 0 0 9 17 15 20 17 24
 4.700000E+01 11 0 0 0 0 0 0 1 0 0 0 0 15 14 11 15 17 19
 4.750000E+01 13 0 0 0 0 0 0 0 0 0 0 0 18 10 15 14 15 18
 4.800000E+01 5 0 0 0 0 0 0 0 0 0 0 0 16 15 12 16 14 24
 4.850000E+01 7 0 0 0 0 0 0 0 0 0 0 0 12 18 14 13 12 19
 4.900000E+01 11 0 0 0 0 0 0 0 0 0 0 0 14 13 15 15 13 22
 4.950000E+01 3 0 0 0 0 0 0 0 0 0 0 0 13 17 6 15 12 23
 5.000000E+01 6 0 0 0 0 0 0 0 0 0 0 0 11 16 15 16 13 22
 5.050000E+01 10 0 0 0 0 0 0 0 0 0 0 0 14 17 19 20 11 14
 5.100000E+01 15 0 0 0 0 0 0 0 0 0 0 0 16 22 15 16 16 11
 5.150000E+01 6 0 0 0 0 0 0 0 0 0 0 0 10 19 25 14 14 11
 5.200000E+01 9 0 0 0 0 0 0 0 0 0 0 0 16 17 17 11 13 12
 5.250000E+01 9 0 0 0 0 0 0 0 0 0 0 0 12 15 12 13 13 17
 5.300000E+01 10 0 0 0 0 0 0 0 0 0 0 0 13 20 16 10 16 19
 5.350000E+01 7 0 0 0 0 0 0 0 0 0 0 0 21 11 23 11 13 18
 5.400000E+01 14 0 0 0 0 0 0 0 0 0 0 0 17 16 13 13 19 21
 5.450000E+01 6 0 0 0 0 0 0 0 0 0 0 0 20 11 12 12 24 19
 5.500000E+01 5 0 0 0 0 0 0 0 0 0 0 0 17 11 12 17 20 19
 5.550000E+01 11 0 0 0 0 0 0 0 0 0 0 0 15 11 14 13 19 16
 5.600000E+01 7 0 0 0 0 0 0 0 0 0 0 0 12 14 18 12 20 23
 5.650000E+01 9 0 0 0 0 0 0 0 0 0 0 0 14 15 17 16 16 20
 5.700000E+01 11 0 0 0 0 0 0 0 0 0 0 0 8 18 22 15 13 21
 5.750000E+01 7 0 0 0 0 0 0 0 0 0 0 0 13 13 21 16 18 15
 5.800000E+01 13 0 0 0 0 0 0 0 0 0 0 0 13 13 20 16 15 18
 5.850000E+01 10 0 0 0 0 0 0 0 0 0 0 0 19 16 19 15 11 17
 5.900000E+01 7 0 0 0 0 0 0 0 0 0 0 0 25 14 18 16 11 17
 5.950000E+01 7 0 0 0 0 0 0 0 0 0 0 0 24 15 20 18 15 10
 6.000000E+01 6 0 0 0 0 0 0 0 0 0 0 0 18 14 14 19 13 16
 6.050000E+01 11 0 0 0 0 0 0 0 0 0 0 0 12 16 18 20 19 17
 6.100000E+01 11 0 0 0 0 0 0 0 0 0 0 0 17 14 17 14 21 19
 6.150000E+01 7 0 0 0 0 0 0 0 0 0 0 0 16 12 11 19 18 18
 6.200000E+01 7 0 0 0 0 0 0 0 0 0 0 0 21 17 12 21 21 18
 6.250000E+01 10 0 0 0 0 0 0 0 0 0 0 0 20 16 11 15 24 19
 6.300000E+01 6 0 0 0 0 0 0 0 0 0 0 0 15 18 11 18 16 21
 6.350000E+01 9 0 0 0 0 0 0 0 0 0 0 0 14 16 14 18 20 21
 6.400000E+01 12 0 0 0 0 0 0 0 0 0 0 0 13 18 10 23 20 21
 6.450000E+01 8 0 0 0 0 0 0 0 0 0 0 0 11 23 13 18 20 16
 6.500000E+01 7 0 0 0 0 0 0 0 0 0 0 0 15 20 13 15 19 17
 6.550000E+01 8 0 0 0 0 0 0 0 0 0 0 0 13 27 22 13 15 15
 6.600000E+01 5 0 0 0 0 0 0 0 0 0 0 0 14 24 23 12 14 20
 6.650000E+01 10 0 0 0 0 0 0 0 0 0 0 0 15 23 27 12 9 18
 6.700000E+01 10 0 0 0 0 0 0 0 0 0 0 0 10 19 24 17 11 16
 6.750000E+01 7 0 0 0 0 0 0 0 0 0 0 0 19 15 21 17 17 19
 6.800000E+01 13 0 0 0 0 0 0 0 0 0 0 0 16 17 16 14 23 12
 6.850000E+01 8 0 0 0 0 0 0 0 0 0 0 0 15 23 18 20 18 6
 6.900000E+01 13 0 0 0 0 0 0 0 0 1 0 0 9 23 23 19 12 18
 6.950000E+01 10 0 0 0 0 0 0 1 0 0 0 0 14 24 14 13 16 15
 7.000000E+01 15 0 0 0 0 0 0 0 0 0 0 0 17 27 17 12 15 10
 7.050000E+01 9 0 0 0 0 0 0 0 0 1 0 0 14 26 19 19 10 10
 7.100000E+01 12 0 0 0 0 0 0 1 0 0 0 0 17 19 17 18 15 16
 7.150000E+01 10 0 0 0 0 0 0 0 0 1 0 0 19 25 23 17 12 15
 7.200000E+01 12 0 0 0 0 0 0 0 0 1 0 0 24 16 20 11 11 19
 7.250000E+01 1 0 0 0 0 0 0 1 0 0 0 0 23 19 19 12 11 17
 7.300000E+01 5 0 0 0 0 0 0 1 0 0 0 0 17 20 24 14 13 15
 7.350000E+01 6 0 0 0 0 0 0 0 0 1 0 0 15 16 27 22 16 16
 7.400000E+01 9 0 0 0 0 0 0 0 0 1 0 0 11 15 25 23 14 13
 7.450000E+01 5 0 0 0 0 0 0 0 0 1 0 0 10 12 28 22 22 9
 7.500000E+01 8 0 0 0 0 0 0 0 0 1 0 0 16 11 26 21 24 16
 7.550000E+01 7 0 0 0 0 0 0 0 0 0 0 0 12 19 19 17 20 11
 7.600000E+01 12 0 0 0 0 0 0 0 0 0 0 0 14 20 12 23 13 12
 7.650000E+01 8 0 0 0 0 0 0 0 0 0 0 0 18 16 9 27 19 13
 7.700000E+01 13 0 0 0 0 0 0 0 0 0 0 0 21 19 12 27 18 18
 7.750000E+01 7 0 0 0 0 0 0 0 0 0 0 0 17 16 12 21 13 25
 7.800000E+01 2 0 0 0 0 0 0 0 0 0 0 0 14 24 12 18 13 24
 7.850000E+01 8 0 0 0 0 0 0 0 0 0 0 0 14 23 16 18 12 21
 7.900000E+01 13 0 0 0 0 0 0 0 0 0 0 0 22 23 16 15 10 14
 7.950000E+01 7 0 0 0 0 0 0 0 0 1 0 0 21 21 18 20 16 12
 8.000000E+01 3 0 0 0 0 0 0 0 0 1 0 0 16 18 16 18 16 14
 8.050000E+01 6 0 0 0 0 0 0 1 0 1 0 0 12 19 21 17 18 20
 8.100000E+01 9 0 0 0 0 0 0 0 0 1 0 0 21 20 18 14 16 15
 8.150000E+01 8 0 0 0 0 0 0 0 0 1 0 0 16 20 16 18 20 18
 8.200000E+01 12 0 0 0 0 0 0 0 0 0 0 0 19 16 17 17 16 12
 8.250000E+01 10 0 0 0 0 0 0 0 0 0 0 0 26 19 14 19 11 12
 8.300000E+01 7 0 0 0 0 0 0 0 0 0 0 0 21 17 12 21 16 14
 8.350000E+01 11 0 0 0 0 0 0 0 0 0 0 0 14 17 16 17 15 19
 8.400000E+01 12 0 0 0 0 0 0 0 0 0 0 0 12 23 20 19 14 14
 8.450000E+01 4 0 0 0 0 0 0 0 0 1 0 0 18 17 18 16 20 12
 8.500000E+01 6 0 0 0 0 0 0 0 0 1 0 0 15 17 18 20 16 12
 8.550000E+01 8 0 0 0 0 0 0 0 0 0 0 0 13 14 21 21 11 19
 8.600000E+01 12 0 0 0 0 0 0 0 0 0 0 0 14 16 24 26 13 16
 8.650000E+01 10 0 0 0 0 0 0 0 0 0 0 0 13 16 23 20 18 11
 8.700000E+01 8 0 0 0 0 0 0 0 0 0 0 0 19 16 19 16 14 22
 8.750000E+01 11 0 0 0 0 0 0 0 0 0 0 0 17 13 18 16 10 19
 8.800000E+01 6 0 0 0 0 0 0 0 0 0 0 0 17 19 23 10 10 24
 8.850000E+01 9 0 0 0 0 0 0 0 0 0 0 0 17 23 16 19 17 20
 8.900000E+01 10 0 0 0 0 0 0 0 0 0 0 0 17 24 12 17 15 19
 8.950000E+01 8 0 0 0 0 0 0 0 0 0 0 0 21 20 14 16 17 13
 9.000000E+01 15 0 0 0 0 0 0 0 0 0 0 0 20 18 14 16 23 15
 9.050000E+01 9 0 0 0 0 0 0 0 0 0 0 0 23 17 16 16 23 9
 9.100000E+01 9 0 0 0 0 0 0 0 0 0 0 0 19 24 20 17 17 8
 9.150000E+01 7 0 0 0 0 0 0 0 0 0 0 0 19 22 17 19 19 8
 9.200000E+01 8 0 0 0 0 0 0 0 0 0 0 0 20 17 25 17 20 12
 9.250000E+01 8 0 0 0 0 0 0 0 0 0 0 0 21 12 21 21 20 16
 9.300000E+01 14 0 0 0 0 0 0 0 0 0 0 0 16 17 16 19 16 20
 9.350000E+01 9 0 0 0 0 0 0 0 0 0 0 0 16 22 21 16 14 23
 9.400000E+01 6 0 0 0 0 0 0 0 0 0 0 0 16 22 20 13 15 25
 9.450000E+01 6 0 0 0 0 0 0 0 0 0 0 0 13 24 19 17 16 15
 9.500000E+01 7 0 0 0 0 0 0 0 0 0 0 0 18 19 14 13 17 16
 9.550000E+01 10 0 0 0 0 0 0 0 0 0 0 0 24 17 10 19 18 19
 9.600000E+01 9 0 0 0 0 0 0 0 0 0 0 0 15 19 17 14 19 18
 9.650000E+01 16 0 0 0 0 0 0 0 0 0 0 0 21 13 15 21 21 19
 9.700000E+01 5 0 0 0 0 0 0 0 0 0 0 0 23 8 23 12 25 14
 9.750000E+01 7 0 0 0 0 0 0 0 0 0 0 0 17 10 25 15 18 10
 9.800000E+01 3 0 0 0 0 0 0 0 0 0 0 0 18 18 29 21 16 18
 9.850000E+01 3 0 0 0 0 0 0 0 0 0 0 0 18 21 18 22 10 13
 9.900000E+01 16 0 0 0 0 0 0 0 0 0 0 0 21 21 20 22 9 19
 9.950000E+01 7 0 0 0 0 0 0 0 0 0 0 0 14 17 11 22 14 20
 1.000000E+02 8 0 0 0 0 0 0 0 0 0 0 0 19 17 19 22 15 19
 1.005000E+02 10 0 0 0 0 0 0 0 0 0 0 0 12 15 22 18 16 20
 1.010000E+02 9 0 0 0 0 0 0 0 0 0 0 0 17 11 25 18 18 12
 1.015000E+02 6 0 0 0 0 0 0 0 0 0 0 0 18 19 23 21 17 13
 1.020000E+02 12 0 0 0 0 0 0 0 0 0 0 0 14 18 18 22 15 14
 1.025000E+02 6 0 0 0 0 0 0 0 0 0 0 0 19 15 24 27 17 11
 1.030000E+02 13 0 0 0 0 0 0 0 0 0 0 0 20 16 19 17 21 11
 1.035000E+02 12 0 0 0 0 0 0 0 0 0 0 0 27 17 13 9 22 12
 1.040000E+02 6 0 0 0 0 0 0 0 0 0 0 0 23 26 9 13 29 11
 1.045000E+02 7 0 0 0 0 0 0 0 0 0 0 0 24 18 13 16 27 12
 1.050000E+02 10 0 0 0 0 0 0 0 0 0 0 0 16 16 17 25 23 10
 1.055000E+02 3 0 0 0 0 0 0 0 0 0 0 0 13 11 24 17 22 14
 1.060000E+02 11 0 0 0 0 0 0 0 0 0 0 0 17 15 18 12 16 16
 1.065000E+02 9 0 0 0 0 0 0 0 0 0 0 0 21 12 11 12 24 20
 1.070000E+02 6 0 0 0 0 0 0 0 0 0 0 0 24 18 15 11 16 21
 1.075000E+02 10 0 0 0 0 0 0 0 0 0 0 0 15 17 15 15 20 12
 1.080000E+02 9 0 0 0 0 0 0 0 0 0 0 0 16 15 15 24 17 19
 1.085000E+02 12 0 0 0 0 0 0 0 0 1 0 0 19 15 15 17 21 13
 1.090000E+02 7 0 0 0 0 0 0 1 0 0 0 0 24 11 13 20 21 14
 1.095000E+02 11 0 0 0 0 0 0 0 0 1 0 0 19 13 13 21 19 11
 1.100000E+02 12 0 0 0 0 0 0 0 0 1 0 0 18 13 18 19 22 12
 1.105000E+02 4 0 0 0 0 0 0 0 0 0 0 0 24 9 20 18 17 18
 1.110000E+02 3 0 0 0 0 0 0 0 0 0 0 0 23 14 11 21 24 18
 1.115000E+02 6 0 0 0 0 0 0 0 0 0 0 0 17 18 18 18 17 18
 1.120000E+02 9 0 0 0 0 0 0 0 0 1 0 0 11 22 19 19 20 17
 1.125000E+02 8 0 0 0 0 0 0 0 0 0 0 0 12 14 19 20 13 24
 1.130000E+02 10 0 0 0 0 0 0 0 0 1 0 0 14 17 18 21 14 22
 1.135000E+02 3 0 0 0 0 0 0 0 0 0 0 0 10 14 15 22 16 22
 1.140000E+02 10 0 0 0 0 0 0 0 0 0 0 0 14 18 18 20 18 24
 1.145000E+02 7 0 0 0 0 0 0 0 0 1 0 0 15 7 13 24 18 23
 1.150000E+02 6 0 0 0 0 0 0 0 0 0 0 0 21 16 17 22 20 14
 1.155000E+02 8 0 0 0 0 0 0 0 0 0 0 0 20 16 20 22 22 11
 1.160000E+02 11 0 0 0 0 0 0 0 0 0 0 0 23 15 17 20 15 12
 1.165000E+02 13 0 0 0 0 0 0 0 0 1 0 0 13 21 19 15 17 21
 1.170000E+02 6 0 0 0 0 0 0 0 0 1 0 0 15 22 14 12 14 24
 1.175000E+02 10 0 0 0 0 0 0 0 0 1 0 0 14 14 18 11 11 24
 1.180000E+02 11 0 0 0 0 0 0 0 0 1 0 0 16 11 17 21 13 21
 1.185000E+02 6 0 0 0 0 0 0 0 0 0 0 0 16 11 21 26 15 18
 1.190000E+02 9 0 0 0 0 0 0 0 0 1 0 0 10 13 17 20 22 18
 1.195000E+02 6 0 0 0 0 0 0 0 0 0 0 0 11 18 23 21 21 16
 1.200000E+02 5 0 0 0 0 0 0 0 0 0 0 0 9 20 17 22 19 15
 1.205000E+02 9 0 0 0 0 0 0 0 0 0 0 0 18 21 13 23 22 14
 1.210000E+02 10 0 0 0 0 0 0 0 0 0 0 0 15 20 16 19 15 13
 1.215000E+02 10 0 0 0 0 0 0 0 0 0 0 0 16 21 17 19 13 14
 1.220000E+02 12 0 0 0 0 0 0 0 0 0 0 0 16 20 18 23 13 21
 1.225000E+02 2 0 0 0 0 0 0 0 0 0 0 0 22 18 17 19 22 21
 1.230000E+02 7 0 0 0 0 0 0 0 0 0 0 0 23 18 18 21 15 15
 1.235000E+02 9 0 0 0 0 0 0 0 0 0 0 0 17 21 12 24 15 13
 1.240000E+02 5 0 0 0 0 0 0 0 0 0 0 0 17 17 12 21 20 19
 1.245000E+02 8 0 0 0 0 0 0 0 0 1 0 0 18 12 16 27 16 15
 1.250000E+02 10 0 0 0 0 0 0 1 0 0 0 0 17 12 15 25 17 23
 1.255000E+02 10 0 0 0 0 0 0 1 0 0 0 0 16 12 15 24 16 14
 1.260000E+02 5 0 0 0 0 0 0 0 0 1 0 0 24 19 23 13 13 18
 1.265000E+02 8 0 0 0 0 0 0 0 0 0 0 0 26 11 25 15 15 20
 1.270000E+02 7 0 0 0 0 0 0 0 0 0 0 0 28 13 25 19 13 17
 1.275000E+02 9 0 0 0 0 0 0 0 0 0 0 0 21 15 19 16 18 11
 1.280000E+02 10 0 0 0 0 0 0 0 0 0 0 0 22 13 12 19 16 21
 1.285000E+02 8 0 0 0 0 0 0 0 0 0 0 0 20 19 13 22 23 24
 1.290000E+02 10 0 0 0 0 0 0 0 0 1 0 0 13 19 17 17 16 15
 1.295000E+02 8 0 0 0 0 0 0 0 0 0 0 0 13 15 19 17 19 21
 1.300000E+02 10 0 0 0 0 0 0 0 0 0 0 0 12 15 19 10 19 21
 1.305000E+02 9 0 0 0 0 0 0 0 0 0 0 0 24 15 23 10 14 22
 1.310000E+02 11 0 0 0 0 0 0 0 0 0 0 0 19 13 21 17 13 23
 1.315000E+02 13 0 0 0 0 0 0 0 0 0 0 0 22 10 20 16 17 22
 1.320000E+02 10 0 0 0 0 0 0 0 0 0 0 0 21 13 20 18 15 25
 1.325000E+02 9 0 0 0 0 0 0 0 0 0 0 0 18 18 20 21 17 21
 1.330000E+02 14 0 0 0 0 0 0 0 0 0 0 0 18 22 19 16 14 16
 1.335000E+02 13 0 0 0 0 0 0 0 0 0 0 0 18 22 19 16 10 16
 1.340000E+02 8 0 0 0 0 0 0 0 0 0 0 0 18 24 18 24 10 22
 1.345000E+02 6 0 0 0 0 0 0 0 0 0 0 0 17 23 20 14 5 19
 1.350000E+02 11 0 0 0 0 0 0 0 0 0 0 0 17 18 23 15 11 25
 1.355000E+02 4 0 0 0 0 0 0 0 0 0 0 0 18 26 25 13 10 23
 1.360000E+02 10 0 0 0 0 0 0 0 0 0 0 0 19 20 23 16 17 20
 1.365000E+02 8 0 0 0 0 0 0 0 0 0 0 0 17 13 22 21 19 22
 1.370000E+02 8 0 0 0 0 0 0 0 0 0 0 0 14 14 17 29 12 17
 1.375000E+02 8 0 0 0 0 0 0 0 0 0 0 0 20 13 20 17 13 22
 1.380000E+02 10 0 0 0 0 0 0 0 0 0 0 0 19 16 17 18 19 18
 1.385000E+02 8 0 0 0 0 0 0 0 0 0 0 0 28 14 9 21 17 17
 1.390000E+02 12 0 0 0 0 0 0 0 0 1 0 0 21 18 12 18 18 19
 1.395000E+02 6 0 0 0 0 0 0 0 0 1 0 0 18 16 18 25 20 14
 1.400000E+02 9 0 0 0 0 0 0 0 0 1 0 0 13 14 19 29 17 17
 1.405000E+02 8 0 0 0 0 0 0 0 0 1 0 0 16 19 16 24 12 16
 1.410000E+02 8 0 0 0 0 0 0 0 0 1 0 0 18 16 17 21 18 13
 1.415000E+02 4 0 0 0 0 0 0 0 0 0 0 0 21 15 15 26 19 15
 1.420000E+02 10 0 0 0 0 0 0 0 0 0 0 0 20 12 20 21 14 16
 1.425000E+02 9 0 0 0 0 0 0 0 0 0 0 0 15 12 17 17 17 19
 1.430000E+02 6 0 0 0 0 0 0 0 0 0 0 0 14 11 22 19 21 24
 1.435000E+02 12 0 0 0 0 0 0 0 0 0 0 0 12 11 17 14 27 26
 1.440000E+02 9 0 0 0 0 0 0 0 0 0 0 0 11 16 15 15 24 20
 1.445000E+02 10 0 0 0 0 0 0 0 0 0 0 0 18 20 17 17 11 13
 1.450000E+02 6 0 0 0 0 0 0 0 0 0 0 0 19 17 20 23 21 15
 1.455000E+02 9 0 0 0 0 0 0 0 0 0 0 0 27 18 16 13 16 22
 1.460000E+02 10 0 0 0 0 0 0 0 0 0 0 0 20 13 27 16 18 14
 1.465000E+02 10 0 0 0 0 0 0 0 0 0 0 0 20 19 18 17 21 19
 1.470000E+02 11 0 0 0 0 0 0 0 0 0 0 0 21 16 19 16 25 15
 1.475000E+02 7 0 0 0 0 0 0 0 0 0 0 0 19 14 28 15 13 21
 1.480000E+02 5 0 0 0 0 0 0 0 0 0 0 0 18 15 33 21 14 18
 1.485000E+02 10 0 0 0 0 0 0 0 0 0 0 0 17 14 25 25 10 16
 1.490000E+02 10 0 0 0 0 0 0 0 0 0 0 0 15 14 19 21 13 17
 1.495000E+02 10 0 0 0 0 0 0 0 0 0 0 0 21 17 17 21 12 23
 1.500000E+02 7 0 0 0 0 0 0 0 0 0 0 0 16 15 18 22 19 21
 1.505000E+02 11 0 0 0 0 0 0 0 0 0 0 0 24 12 19 14 23 19
 1.510000E+02 12 0 0 0 0 0 0 0 0 0 0 0 16 18 11 16 13 20
 1.515000E+02 7 0 0 0 0 0 0 0 0 0 0 0 14 18 19 20 17 19
 1.520000E+02 11 0 0 0 0 0 0 1 0 0 0 0 17 21 20 18 14 20
 1.525000E+02 6 0 0 0 0 0 0 0 0 0 0 0 17 15 20 16 20 22
 1.530000E+02 7 0 0 0 0 0 0 0 0 0 0 0 19 17 17 23 14 23
 1.535000E+02 12 0 0 0 0 0 0 0 0 0 0 0 18 13 15 25 19 14
 1.540000E+02 6 0 0 0 0 0 0 0 0 0 0 0 17 19 18 20 23 15
 1.545000E+02 9 0 0 0 0 0 0 0 0 1 0 0 23 19 12 21 20 18
 1.550000E+02 8 0 0 0 0 0 0 0 0 1 0 0 18 12 19 23 20 23
 1.555000E+02 10 0 0 0 0 1 0 0 0 0 0 0 17 17 21 24 18 20
 1.560000E+02 13 0 0 0 0 0 0 0 0 1 0 0 13 20 28 21 20 16
 1.565000E+02 6 0 0 0 0 0 0 0 0 1 0 0 18 23 18 20 19 19
 1.570000E+02 11 0 0 0 0 0 0 0 0 2 0 0 14 16 19 18 18 18
 1.575000E+02 11 0 0 0 0 0 0 0 0 0 0 0 13 16 23 21 21 19
 1.580000E+02 10 0 0 0 0 0 0 0 0 1 0 0 21 14 22 18 16 21
 1.585000E+02 10 0 0 0 0 0 0 0 0 1 0 0 19 15 24 16 18 24
 1.590000E+02 12 0 0 0 0 0 0 0 0 2 0 0 16 25 16 19 22 15
 1.595000E+02 12 0 0 0 0 0 0 0 0 1 0 0 22 15 19 19 19 23
 1.600000E+02 12 0 0 0 0 0 0 0 0 0 0 0 19 19 21 17 24 18
 1.605000E+02 5 0 0 0 0 0 0 0 0 0 0 0 23 17 24 15 17 20
 1.610000E+02 9 0 0 0 0 0 0 0 0 0 0 0 20 20 15 24 19 15
 1.615000E+02 13 0 0 0 0 0 0 0 0 0 0 0 22 17 16 22 16 15
 1.620000E+02 11 0 0 0 0 0 0 0 0 0 0 0 23 17 17 15 27 13
 1.625000E+02 14 0 0 0 0 0 0 0 0 0 0 0 24 14 20 13 22 14
 1.630000E+02 8 0 0 0 0 0 0 0 0 0 0 0 16 19 18 17 13 20
 1.635000E+02 9 0 0 0 0 0 0 0 0 0 0 0 17 19 12 22 21 20
 1.640000E+02 8 0 0 0 0 0 0 0 0 0 0 0 17 21 10 21 19 19
 1.645000E+02 9 0 0 0 0 0 0 0 0 0 0 0 17 17 10 20 18 22
 1.650000E+02 14 0 0 0 0 0 0 0 0 0 0 0 18 15 10 17 21 22
 1.655000E+02 8 0 0 0 0 0 0 0 0 0 0 0 20 18 15 15 24 18
 1.660000E+02 4 0 0 0 0 0 0 0 0 1 0 0 20 18 12 25 19 10
 1.665000E+02 5 0 0 0 0 0 0 0 0 1 0 0 21 24 8 17 14 12
 1.670000E+02 8 0 0 0 0 0 0 0 0 1 0 0 18 20 14 18 21 20
 1.675000E+02 15 0 0 0 0 0 0 0 0 1 0 0 18 22 15 20 25 20
 1.680000E+02 9 0 0 0 0 0 0 0 0 1 0 0 10 19 18 14 18 23
 1.685000E+02 8 0 0 0 0 0 0 0 0 0 0 0 10 20 22 18 22 21
 1.690000E+02 8 0 0 0 0 0 0 0 0 0 0 0 14 22 15 12 21 14
 1.695000E+02 7 0 0 0 0 0 0 0 0 0 0 0 15 16 15 24 21 19
 1.700000E+02 12 0 0 0 0 0 0 0 0 0 0 0 20 21 13 17 18 25
 1.705000E+02 8 0 0 0 0 0 0 0 0 0 0 0 17 21 18 18 12 14
 1.710000E+02 8 0 0 0 0 0 0 0 0 0 0 0 20 19 21 20 14 14
 1.715000E+02 9 0 0 0 0 0 0 0 0 0 0 0 19 11 20 17 15 24
 1.720000E+02 9 0 0 0 0 0 0 0 0 0 0 0 16 11 16 24 19 21
 1.725000E+02 9 0 0 0 0 0 0 0 0 0 0 0 15 17 15 18 22 22
 1.730000E+02 7 0 0 0 0 0 0 0 0 0 0 0 18 19 8 18 19 23
 1.735000E+02 6 0 0 0 0 0 0 0 0 0 0 0 15 20 13 20 19 21
 1.740000E+02 9 0 0 0 0 0 0 1 0 0 0 0 17 23 15 20 15 19
 1.745000E+02 18 0 0 0 0 0 0 0 0 0 0 0 16 28 22 20 19 15
 1.750000E+02 12 0 0 0 0 0 0 0 0 0 0 0 16 18 20 22 15 11
 1.755000E+02 6 0 0 0 0 0 0 0 0 0 0 0 23 23 18 25 11 11
 1.760000E+02 8 0 0 0 0 0 0 0 0 0 0 0 27 23 16 25 10 9
 1.765000E+02 7 0 0 0 0 0 0 0 0 0 0 0 22 19 17 20 16 17
 1.770000E+02 7 0 0 0 0 0 0 0 0 0 0 0 16 17 18 19 18 17
 1.775000E+02 15 0 0 0 0 0 0 0 0 0 0 0 16 26 16 21 16 15
 1.780000E+02 12 0 0 0 0 0 0 0 0 0 0 0 11 18 20 22 19 13
 1.785000E+02 10 0 0 0 0 0 0 0 0 0 0 0 16 24 20 16 20 17
 1.790000E+02 10 0 0 0 0 0 0 0 0 0 0 0 13 19 17 11 19 19
 1.795000E+02 7 0 0 0 0 0 0 0 0 0 0 0 14 15 22 17 17 21
 1.800000E+02 13 0 0 0 0 0 0 0 0 0 0 0 12 14 25 15 13 14
 1.805000E+02 8 0 0 0 0 0 0 0 0 0 0 0 11 16 20 15 23 19
 1.810000E+02 7 0 0 0 0 0 0 0 0 0 0 0 12 23 15 13 23 19
 1.815000E+02 7 0 0 0 0 0 0 0 0 0 0 0 18 18 20 18 17 13
 1.820000E+02 13 0 0 0 0 0 0 0 0 0 0 0 16 16 20 8 18 15
 1.825000E+02 6 0 0 0 0 0 0 0 0 0 0 0 18 25 18 15 15 22
 1.830000E+02 4 0 0 0 0 0 0 0 0 0 0 0 9 15 20 17 24 18
 1.835000E+02 14 0 0 0 0 0 0 1 0 0 0 0 12 14 20 16 27 20
 1.840000E+02 8 0 0 0 0 0 0 0 0 1 0 0 13 16 16 16 22 22
 1.845000E+02 10 0 0 0 0 0 0 1 0 0 0 0 16 22 20 19 15 19
 1.850000E+02 4 0 0 0 0 0 0 0 0 0 0 0 20 19 22 19 21 18
 1.855000E+02 9 0 0 0 0 0 0 0 0 0 0 0 24 16 18 11 18 18
 1.860000E+02 11 0 0 0 0 0 0 0 0 0 0 0 23 15 17 16 26 15
 1.865000E+02 7 0 0 0 0 0 0 0 0 0 0 0 23 19 19 14 20 20
 1.870000E+02 9 0 0 0 0 0 0 0 0 0 0 0 22 24 17 21 14 11
 1.875000E+02 9 0 0 0 0 0 0 0 0 0 0 0 19 27 9 21 19 19
 1.880000E+02 8 0 0 0 0 0 0 0 0 0 0 0 15 25 11 21 24 21
 1.885000E+02 10 0 0 0 0 0 0 0 0 0 0 0 16 18 21 20 23 18
 1.890000E+02 8 0 0 0 0 0 0 0 0 1 0 0 15 18 17 15 18 23
 1.895000E+02 9 0 0 0 0 0 0 0 0 1 0 0 16 18 13 15 20 17
 1.900000E+02 8 0 0 0 0 0 0 0 0 1 0 0 19 18 17 16 18 20
 1.905000E+02 11 0 0 0 0 0 0 0 0 0 0 0 25 22 18 14 15 19
 1.910000E+02 7 0 0 0 0 0 0 0 0 0 0 0 22 27 11 13 18 19
 1.915000E+02 8 0 0 0 0 0 0 0 0 0 0 0 15 17 22 17 21 18
 1.920000E+02 7 0 0 0 0 0 0 0 0 0 0 0 16 10 17 16 19 26
 1.925000E+02 12 0 0 0 0 0 0 0 0 0 0 0 18 14 23 19 23 21
 1.930000E+02 5 0 0 0 0 0 0 0 0 0 0 0 25 13 14 23 16 21
 1.935000E+02 8 0 0 0 0 0 0 0 0 0 0 0 20 18 17 22 16 19
 1.940000E+02 12 0 0 0 0 0 0 0 0 0 0 0 18 12 16 21 15 21
 1.945000E+02 9 0 0 0 0 0 0 0 0 0 0 0 23 13 20 15 17 25
 1.950000E+02 8 0 0 0 0 0 0 0 0 0 0 0 17 16 22 19 19 18
 1.955000E+02 8 0 0 0 0 0 0 0 0 0 0 0 13 21 23 18 20 21
 1.960000E+02 7 0 0 0 0 0 0 0 0 0 0 0 18 18 21 16 20 16
 1.965000E+02 14 0 0 0 0 0 0 0 0 0 0 0 18 12 20 19 19 26
 1.970000E+02 8 0 0 0 0 0 0 0 0 0 0 0 16 15 18 18 14 26
 1.975000E+02 6 0 0 0 0 0 0 0 0 0 0 0 25 15 21 16 16 19
 1.980000E+02 4 0 0 0 0 0 0 0 0 1 0 0 16 12 19 14 20 20
 1.985000E+02 8 0 0 0 0 0 0 0 0 0 0 0 11 12 16 21 25 18
 1.990000E+02 11 0 0 0 0 0 0 0 0 0 0 0 14 11 20 19 29 21
 1.995000E+02 8 0 0 0 0 0 0 0 0 0 0 0 14 20 23 18 21 21
 2.000000E+02 13 0 0 0 0 0 0 0 0 0 0 0 19 14 23 18 26 13
 2.005000E+02 10 0 0 0 0 0 0 0 0 0 0 0 17 18 12 15 22 12
 2.010000E+02 11 0 0 0 0 0 0 0 0 0 0 0 19 20 11 21 13 11
 2.015000E+02 11 0 0 0 0 0 0 0 0 0 0 0 18 11 11 23 17 15
 2.020000E+02 10 0 0 0 0 0 0 0 0 0 0 0 16 14 14 14 15 19
 2.025000E+02 9 0 0 0 0 0 0 0 0 0 0 0 17 12 20 25 10 16
 2.030000E+02 6 0 0 0 0 0 0 0 0 0 0 0 17 10 20 20 16 11
 2.035000E+02 6 0 0 0 0 0 0 0 0 0 0 0 13 16 22 15 13 16
 2.040000E+02 8 0 0 0 0 0 0 0 0 0 0 0 17 20 13 15 17 12
 2.045000E+02 5 0 0 0 0 0 0 0 0 0 0 0 17 18 11 14 18 12
 2.050000E+02 6 0 0 0 0 0 0 0 0 0 0 0 10 15 15 14 19 11
 2.055000E+02 11 0 0 0 0 0 0 0 0 0 0 0 14 20 16 17 10 13
 2.060000E+02 12 0 0 0 0 0 0 0 0 0 0 0 16 18 14 12 14 16
 2.065000E+02 10 0 0 0 0 0 0 0 0 0 0 0 16 19 11 16 20 15
 2.070000E+02 4 0 0 0 0 0 0 0 0 0 0 0 16 18 13 19 16 20
 2.075000E+02 8 0 0 0 0 0 0 0 0 0 0 0 15 17 13 18 22 12
 2.080000E+02 9 0 0 0 0 0 0 0 0 0 0 0 16 14 10 14 19 16
 2.085000E+02 8 0 0 0 0 0 0 0 0 0 0 0 15 17 7 17 19 12
 2.090000E+02 10 0 0 0 0 0 0 0 0 0 0 0 18 21 8 15 16 13
 2.095000E+02 8 0 0 0 0 0 0 0 0 0 0 0 21 17 15 11 12 14
 2.100000E+02 7 0 0 1 0 0 0 0 0 0 0 0 20 15 14 18 13 15
 2.105000E+02 12 0 0 0 0 0 0 0 0 0 0 0 16 12 12 17 14 13
 2.110000E+02 11 0 0 0 0 0 0 0 0 0 0 0 19 12 22 17 15 14
 2.115000E+02 7 0 0 0 0 0 0 0 0 0 0 0 18 14 15 19 13 13
 2.120000E+02 7 0 0 0 0 0 0 0 0 0 0 0 20 14 16 22 9 10
 2.125000E+02 11 0 0 0 0 0 0 0 0 0 0 0 16 17 13 16 10 11
 2.130000E+02 17 0 0 0 0 0 0 0 0 0 0 0 8 15 17 13 13 11
 2.135000E+02 3 0 0 0 0 0 0 0 0 0 0 0 17 16 19 10 15 15
 2.140000E+02 9 0 0 0 0 0 0 0 0 1 0 0 13 11 15 14 15 17
 2.145000E+02 11 0 0 0 0 0 0 0 0 0 1 0 14 14 14 18 18 17
 2.150000E+02 6 0 0 0 0 0 0 0 0 1 0 0 16 13 15 11 14 13
 2.155000E+02 9 0 0 0 0 0 0 0 0 0 1 0 18 17 19 18 14 10
 2.160000E+02 7 1 0 0 0 0 0 0 0 0 0 0 21 19 10 20 12 11
 2.165000E+02 5 0 0 0 0 0 0 0 0 0 0 0 21 19 15 21 14 12
 2.170000E+02 12 0 0 0 0 0 0 0 0 0 0 0 15 13 16 24 19 13
 2.175000E+02 10 0 0 0 0 0 0 0 0 0 0 0 10 15 20 22 19 16
 2.180000E+02 5 0 0 0 0 0 0 0 0 0 0 0 9 15 26 23 17 18
 2.185000E+02 6 0 0 0 0 0 0 0 0 1 0 0 12 9 9 22 16 22
 2.190000E+02 7 0 0 1 0 0 0 0 0 0 0 0 12 12 8 11 18 19
 2.195000E+02 9 0 0 0 0 0 0 0 0 0 0 0 14 10 10 17 16 27
 2.200000E+02 9 0 0 0 0 0 0 0 0 0 0 0 9 11 17 14 15 25
 2.205000E+02 11 0 0 0 0 0 0 0 0 0 0 0 11 9 18 17 19 17
 2.210000E+02 6 0 0 0 0 0 0 0 0 0 0 0 8 13 21 14 25 15
 2.215000E+02 9 0 0 0 0 0 0 0 0 0 0 0 12 15 16 19 25 10
 2.220000E+02 12 0 0 0 0 0 0 0 0 0 0 0 9 10 18 16 25 10
 2.225000E+02 8 0 0 0 0 0 0 0 0 0 0 0 21 13 16 10 24 6
 2.230000E+02 6 0 0 0 0 0 0 0 0 0 0 0 27 21 12 11 20 14
 2.235000E+02 13 0 0 0 0 0 0 0 0 0 0 0 20 19 10 14 15 16
 2.240000E+02 11 0 0 0 0 0 0 0 0 0 0 0 9 11 19 16 21 19
 2.245000E+02 6 0 0 0 0 0 0 0 0 0 0 0 14 17 24 14 22 14
 2.250000E+02 10 0 0 0 0 0 0 0 0 0 0 0 14 17 25 13 18 16
 2.255000E+02 11 0 0 0 0 0 0 0 0 1 0 0 13 18 16 13 19 16
 2.260000E+02 6 0 0 1 0 0 0 0 0 0 0 0 17 19 12 12 23 15
 2.265000E+02 11 0 0 0 0 0 0 0 0 0 0 0 14 18 15 14 22 17
 2.270000E+02 7 0 0 0 0 0 0 0 0 0 0 0 10 16 14 11 27 11
 2.275000E+02 8 0 0 0 0 0 0 0 0 0 0 0 11 17 18 15 35 16
 2.280000E+02 6 0 0 0 0 0 0 0 0 0 0 0 15 8 18 15 20 8
 2.285000E+02 10 0 0 0 0 0 0 0 0 0 0 0 16 15 22 13 16 16
 2.290000E+02 8 0 0 0 0 0 0 0 0 0 0 0 16 9 20 8 19 12
 2.295000E+02 13 0 0 0 0 0 0 0 0 0 0 0 14 15 23 11 10 16
 2.300000E+02 4 0 0 0 0 0 0 0 0 0 0 0 12 15 23 20 16 14
 2.305000E+02 8 0 0 1 0 0 0 0 0 0 0 0 16 18 20 20 16 20
 2.310000E+02 10 0 0 0 0 0 0 0 0 0 0 0 20 14 16 19 17 15
 2.315000E+02 7 0 0 0 0 0 0 0 0 0 0 0 23 16 18 14 20 14
 2.320000E+02 6 0 0 0 0 0 0 0 0 0 0 0 17 15 23 14 16 8
 2.325000E+02 11 0 0 0 0 0 0 0 0 0 0 0 13 12 21 20 19 13
 2.330000E+02 11 0 0 0 0 0 0 0 0 0 0 0 11 13 21 17 22 16
 2.335000E+02 5 0 0 0 0 0 0 0 0 0 0 0 15 18 25 15 26 18
 2.340000E+02 8 0 0 0 0 0 0 0 0 0 0 0 13 17 21 14 21 17
 2.345000E+02 3 0 0 0 0 0 0 0 0 0 0 0 14 10 19 19 22 17
 2.350000E+02 9 0 0 0 0 0 0 0 0 0 0 0 20 10 20 19 24 17
 2.355000E+02 7 0 0 0 0 0 0 0 0 0 0 0 20 13 20 14 18 18
 2.360000E+02 9 0 0 0 0 0 0 0 0 0 0 0 18 13 21 16 19 13
 2.365000E+02 9 0 0 0 0 0 0 0 0 0 0 0 18 11 23 15 12 11
 2.370000E+02 4 0 0 0 0 0 0 0 0 0 0 0 17 17 25 19 17 12
 2.375000E+02 9 0 0 0 1 0 0 0 0 1 0 0 15 13 19 25 16 19
 2.380000E+02 9 0 0 0 1 0 0 0 0 0 0 0 14 15 20 27 14 16
 2.385000E+02 5 0 0 0 0 0 0 0 0 0 1 0 19 15 14 21 10 20
 2.390000E+02 11 0 0 0 0 0 0 0 0 0 0 1 13 18 14 17 9 18
 2.395000E+02 7 0 0 0 1 0 0 0 0 1 0 0 19 17 15 21 16 15
 2.400000E+02 10 0 0 0 0 0 0 0 0 1 0 0 21 17 17 21 13 16
 2.405000E+02 8 0 0 0 0 0 0 0 0 0 0 0 20 20 16 24 19 8
 2.410000E+02 8 0 0 0 0 0 0 0 0 0 0 0 21 13 10 19 16 13
 2.415000E+02 7 0 0 0 0 0 0 0 0 0 0 0 16 15 11 11 13 20
 2.420000E+02 12 0 0 0 0 0 0 0 0 0 0 0 20 19 17 10 18 12
 2.425000E+02 11 0 0 0 0 0 0 0 0 0 0 0 17 24 14 16 20 13
 2.430000E+02 5 0 0 0 0 0 0 0 0 0 0 0 17 23 12 11 20 15
 2.435000E+02 13 0 0 0 0 0 0 0 0 0 0 0 20 16 14 12 20 17
 2.440000E+02 8 0 0 0 0 0 0 0 0 0 0 0 13 14 21 22 18 14
 2.445000E+02 3 0 0 0 0 0 0 0 0 0 0 0 19 9 18 22 22 20
 2.450000E+02 12 0 0 0 0 0 0 0 0 0 0 0 12 14 15 23 12 13
 2.455000E+02 12 0 0 0 0 0 0 0 0 0 0 0 19 16 16 21 13 18
 2.460000E+02 13 0 0 0 0 0 0 0 0 0 0 0 15 18 15 15 8 16
 2.465000E+02 13 0 0 0 0 0 0 0 0 0 0 0 11 14 22 20 19 16
 2.470000E+02 10 0 0 0 0 0 0 0 0 0 0 0 11 17 18 25 17 18
 2.475000E+02 9 0 0 0 0 0 0 0 0 0 0 0 11 18 13 22 17 10
 2.480000E+02 12 0 0 0 0 0 0 0 0 0 0 0 18 21 16 18 11 8
 2.485000E+02 9 0 0 0 0 0 0 0 0 0 0 0 15 16 18 16 11 11
 2.490000E+02 7 0 0 0 0 0 0 0 0 0 0 0 17 13 23 13 21 13
 2.495000E+02 13 0 0 0 0 0 0 0 0 0 0 0 26 20 25 17 12 14
 2.500000E+02 14 0 0 0 0 0 0 0 0 0 0 0 23 16 22 11 13 18
 2.505000E+02 1136 0 0 2 0 0 0 0 0 5 0 0 0 0 0 0 0 0
 2.510000E+02 1742 0 0 5 0 1 0 2 0 18 1 3 0 0 0 0 0 0
 2.515000E+02 2134 1 0 3 0 1 0 1 0 29 0 1 0 0 0 0 0 0
 2.520000E+02 2214 0 0 9 1 0 0 2 1 30 1 3 0 0 0 1 0 0
 2.525000E+02 954 2 0 13 0 0 0 1 0 26 1 1 0 0 0 0 0 0
 2.530000E+02 415 0 0 5 0 0 0 4 0 20 1 0 0 0 0 0 1 0
 2.535000E+02 196 1 0 2 0 0 0 1 0 14 1 0 0 2 0 0 0 0
 2.540000E+02 92 0 0 3 0 0 0 1 0 10 0 0 1 1 3 1 0 1
 2.545000E+02 1377 1 0 5 0 0 0 2 0 17 0 0 0 0 0 0 0 0
 2.550000E+02 1905 0 0 5 0 0 0 3 0 25 2 0 0 0 0 0 0 0
 2.555000E+02 2144 2 0 6 0 0 1 3 0 27 0 1 0 0 0 0 0 0
 2.560000E+02 2261 2 1 9 0 0 0 4 0 29 1 1 0 0 0 0 0 0
 2.565000E+02 971 0 0 2 0 0 0 5 0 38 3 1 0 0 0 0 0 0
 2.570000E+02 416 0 0 0 0 0 0 5 0 31 0 1 0 1 1 0 0 0
 2.575000E+02 201 0 0 2 0 0 0 3 0 17 0 0 1 0 0 0 0 0
 2.580000E+02 130 0 0 1 0 0 0 0 0 13 0 0 1 2 7 1 1 4
 2.585000E+02 1319 1 0 1 0 0 0 4 0 12 0 0 0 0 0 0 0 0
 2.590000E+02 1841 3 0 1 0 1 0 5 0 21 0 0 0 0 0 0 0 0
 2.595000E+02 2093 0 0 6 0 2 0 6 0 34 0 1 0 0 0 0 0 0
 2.600000E+02 2168 1 0 6 0 2 0 8 1 32 0 1 0 0 0 0 0 0
 2.605000E+02 938 1 0 5 0 1 0 3 0 34 1 0 0 0 0 0 0 0
 2.610000E+02 433 2 0 0 0 2 0 7 0 25 1 0 0 0 0 0 0 0
 2.615000E+02 211 0 0 0 0 2 0 2 1 22 1 0 0 0 0 0 0 2
 2.620000E+02 108 0 0 1 0 2 0 2 0 15 0 0 1 0 0 3 0 0
 2.625000E+02 1417 0 0 0 0 1 0 3 1 17 0 0 0 0 0 0 0 0
 2.630000E+02 1878 3 0 0 0 0 0 7 0 31 1 1 0 0 0 0 0 0
 2.635000E+02 2157 1 0 3 0 1 0 6 0 32 2 1 0 0 0 0 0 0
 2.640000E+02 2340 0 0 2 0 1 0 6 0 43 0 0 0 0 0 0 0 0
 2.645000E+02 984 1 0 4 0 1 0 5 0 31 2 1 0 0 0 0 0 0
 2.650000E+02 460 3 0 1 0 1 0 2 0 30 0 0 0 0 0 1 0 0
 2.655000E+02 220 0 0 1 0 1 0 4 0 15 0 1 0 0 0 0 0 1
 2.660000E+02 105 0 0 1 0 0 0 2 0 14 0 1 0 0 2 4 1 1
 2.665000E+02 1389 0 0 1 0 0 0 1 0 18 1 0 0 0 0 0 0 0
 2.670000E+02 1863 0 0 4 0 1 0 4 0 27 1 1 0 0 0 0 0 0
 2.675000E+02 2088 0 0 1 0 2 0 5 0 40 2 0 0 0 0 0 0 0
 2.680000E+02 2231 1 0 1 0 2 0 9 1 35 1 1 0 0 0 0 0 0
 2.685000E+02 946 3 0 1 0 1 0 4 2 32 1 0 0 0 0 0 0 0
 2.690000E+02 420 2 0 2 0 1 0 1 1 18 0 1 0 1 0 0 0 0
 2.695000E+02 199 1 0 0 0 2 0 2 0 16 0 0 1 0 3 0 0 2
 2.700000E+02 104 0 0 0 0 0 0 2 0 13 0 0 3 0 1 1 0 7
 2.705000E+02 1304 0 0 1 0 0 0 4 0 15 1 0 0 0 0 0 0 0
 2.710000E+02 1883 2 0 2 0 4 0 3 0 22 1 0 0 0 0 0 0 0
 2.715000E+02 2141 2 0 0 0 1 0 6 1 38 0 1 0 0 0 0 0 0
 2.720000E+02 2269 2 0 2 0 1 0 8 1 33 1 0 0 0 0 0 0 0
 2.725000E+02 990 3 0 2 0 0 0 6 0 32 0 1 0 0 0 0 0 0
 2.730000E+02 455 1 0 1 0 1 0 1 0 27 1 0 0 0 0 0 0 0
 2.735000E+02 204 0 0 0 0 1 0 4 0 16 1 1 0 1 1 1 0 0
 2.740000E+02 105 0 0 2 0 1 0 0 0 10 0 1 0 1 0 1 1 0
 2.745000E+02 1372 0 0 0 0 0 0 0 0 20 0 0 0 0 0 0 0 0
 2.750000E+02 1945 1 1 0 0 1 0 4 0 25 0 0 0 0 0 0 0 0
 2.755000E+02 2069 1 0 1 0 0 1 5 0 20 3 1 0 0 0 0 0 0
 2.760000E+02 2191 1 0 0 0 0 0 4 0 27 0 2 0 0 0 0 0 0
 2.765000E+02 939 0 0 1 0 0 0 5 1 30 0 2 0 0 0 0 0 0
 2.770000E+02 406 1 0 1 0 3 0 8 0 14 1 0 0 0 0 0 0 0
 2.775000E+02 199 0 0 1 0 0 0 6 0 13 0 0 0 1 1 1 1 1
 2.780000E+02 94 1 0 1 0 0 0 4 0 10 0 0 2 0 0 0 3 4
 2.785000E+02 1386 1 0 0 0 1 0 0 0 16 0 0 0 0 0 0 0 0
 2.790000E+02 1945 2 1 0 0 2 0 6 0 21 0 0 0 0 0 0 0 0
 2.795000E+02 2158 1 0 0 0 1 0 4 1 35 0 1 0 0 0 0 0 0
 2.800000E+02 2229 1 0 0 0 3 0 5 0 31 2 0 0 0 0 0 0 0
 2.805000E+02 964 0 0 2 0 3 0 4 0 37 1 0 0 0 1 0 0 0
 2.810000E+02 433 2 0 3 0 1 0 5 0 32 1 0 0 0 0 0 0 0
 2.815000E+02 208 1 0 0 0 2 0 6 0 20 0 0 0 2 0 0 1 1
 2.820000E+02 113 0 0 0 0 0 0 6 0 13 1 1 0 4 2 2 0 0
 2.825000E+02 1403 0 0 0 0 3 0 2 0 18 0 0 0 0 0 0 0 0
 2.830000E+02 1907 1 0 0 0 0 0 9 0 24 0 0 0 0 0 0 0 0
 2.835000E+02 2123 1 0 1 0 0 0 4 0 26 1 0 0 0 0 0 0 0
 2.840000E+02 2175 1 0 0 0 1 0 2 1 29 2 1 0 0 0 0 0 0
 2.845000E+02 933 2 0 0 0 2 0 5 0 26 0 2 0 0 0 0 0 0
 2.850000E+02 402 1 0 0 0 2 0 4 0 23 1 0 0 0 0 0 0 0
 2.855000E+02 184 0 0 0 0 0 0 3 0 19 0 1 2 1 0 0 0 1
 2.860000E+02 93 0 0 0 0 1 0 2 0 13 0 1 1 3 2 1 0 1
 2.865000E+02 1295 0 0 0 0 1 1 1 0 16 0 0 0 0 0 0 0 0
 2.870000E+02 1863 2 0 2 0 2 1 3 0 20 0 1 0 0 0 0 0 0
 2.875000E+02 2139 1 0 1 0 3 0 5 0 26 1 2 0 0 0 0 0 0
 2.880000E+02 2341 2 0 1 0 4 0 9 0 26 1 0 0 0 0 0 0 0
 2.885000E+02 984 0 0 0 0 4 0 5 0 30 0 1 0 0 0 0 1 0
 2.890000E+02 462 1 0 1 0 2 0 2 0 19 2 0 0 0 0 2 0 0
 2.895000E+02 195 0 0 0 0 2 0 1 1 20 0 0 0 0 0 1 1 0
 2.900000E+02 111 0 0 1 0 2 0 2 0 9 1 1 1 2 1 3 0 2
 2.905000E+02 81 0 0 0 0 1 0 0 0 12 0 0 2 5 4 3 3 5
 2.910000E+02 50 1 0 1 0 0 0 1 0 5 0 0 5 6 6 2 7 4
 2.915000E+02 40 0 0 0 0 0 0 1 0 1 0 0 4 6 5 6 7 9
 2.920000E+02 42 0 0 0 0 0 0 1 0 1 0 0 12 11 10 7 10 4
 2.925000E+02 30 0 0 0 0 0 0 0 0 1 0 0 8 15 10 16 4 8
 2.930000E+02 20 0 0 0 0 0 0 0 0 0 0 0 13 9 8 11 14 15
 2.935000E+02 30 0 0 0 0 0 0 0 0 0 0 0 12 12 9 13 8 14
 2.940000E+02 26 0 0 0 0 1 0 0 0 1 0 0 7 16 11 15 10 17
 2.945000E+02 26 0 0 1 0 0 0 0 0 2 0 0 16 16 15 15 13 13
 2.950000E+02 30 0 0 0 0 0 0 0 0 3 0 0 18 13 18 15 15 16
 2.955000E+02 18 0 0 0 0 0 0 0 0 1 0 0 17 17 15 12 12 11
 2.960000E+02 16 0 0 0 0 0 0 0 0 2 0 0 9 9 23 19 17 7
 2.965000E+02 21 0 0 0 0 0 0 0 0 2 0 0 10 18 13 9 12 13
 2.970000E+02 28 0 0 0 0 0 0 1 0 1 0 0 15 11 15 21 17 17
 2.975000E+02 24 0 0 0 0 0 0 0 0 2 0 0 22 18 24 16 7 13
 2.980000E+02 17 0 0 0 0 0 0 0 0 2 0 0 14 17 13 14 19 22
 2.985000E+02 21 0 0 0 0 0 0 0 0 1 0 0 28 15 25 12 16 14
 2.990000E+02 21 0 0 0 0 0 0 0 0 0 0 0 18 12 13 20 22 14
 2.995000E+02 18 0 0 0 0 0 0 0 0 0 0 0 17 13 21 22 19 13
 3.000000E+02 20 0 0 0 0 0 0 0 0 0 0 0 12 15 18 23 15 26
 3.005000E+02 21 0 0 0 0 0 0 0 0 1 0 0 17 21 25 28 18 18
 3.010000E+02 22 0 0 0 0 0 0 0 0 0 0 0 16 21 13 29 16 21
 3.015000E+02 17 0 0 0 0 0 0 0 0 1 0 0 21 26 20 23 20 12
 3.020000E+02 9 0 0 1 0 0 0 0 0 1 0 0 25 15 23 23 14 17
 3.025000E+02 21 0 0 0 0 0 0 0 0 0 0 0 21 17 21 22 12 13
 3.030000E+02 15 0 0 0 0 0 0 0 0 2 0 0 17 24 27 22 19 14
 3.035000E+02 14 0 0 0 0 0 0 0 0 0 0 0 14 20 12 31 19 19
 3.040000E+02 9 0 0 0 0 0 0 0 0 0 0 0 14 25 18 22 19 24
 3.045000E+02 14 0 0 0 0 0 0 0 0 0 0 0 25 15 22 14 24 15
 3.050000E+02 14 0 0 0 0 0 0 1 0 0 0 0 12 19 28 21 22 18
 3.055000E+02 8 0 0 0 0 0 0 0 0 2 0 0 18 17 17 13 16 22
 3.060000E+02 14 0 0 0 0 1 0 0 0 1 0 0 19 21 17 20 15 20
 3.065000E+02 12 0 0 0 0 0 0 0 0 1 0 0 14 18 26 20 22 17
 3.070000E+02 15 0 0 0 0 0 0 0 0 1 0 0 11 15 16 18 25 18
 3.075000E+02 16 0 0 0 0 0 0 0 0 0 0 0 11 25 16 17 15 21
 3.080000E+02 13 0 0 0 0 0 0 0 0 0 0 0 15 12 17 15 29 22
 3.085000E+02 15 0 0 0 0 0 0 0 0 0 0 0 12 18 12 25 22 13
 3.090000E+02 8 0 0 0 0 0 0 0 0 0 0 0 24 12 26 22 20 19
 3.095000E+02 14 0 0 0 0 0 0 0 0 0 0 0 23 18 17 21 14 23
 3.100000E+02 18 0 0 0 0 0 0 0 0 0 0 0 23 17 19 17 10 24
 3.105000E+02 13 0 0 1 0 0 0 0 0 0 0 0 23 22 15 21 10 24
 3.110000E+02 10 0 0 0 0 0 0 0 0 0 0 0 18 25 15 20 15 23
 3.115000E+02 11 0 0 0 0 0 0 0 0 0 0 0 16 24 16 24 17 11
 3.120000E+02 11 0 0 0 0 0 0 0 0 1 0 0 21 17 21 18 19 18
 3.125000E+02 12 0 0 0 0 0 0 0 0 1 0 0 19 10 22 19 16 16
 3.130000E+02 9 0 0 0 0 0 0 0 0 0 0 0 24 23 29 15 16 22
 3.135000E+02 11 0 0 0 0 0 0 0 0 0 0 0 33 23 30 17 13 17
 3.140000E+02 11 0 0 0 0 0 0 0 0 0 0 0 21 21 21 19 16 16
 3.145000E+02 10 0 0 0 0 0 0 0 0 0 0 0 25 24 15 15 17 21
 3.150000E+02 14 0 0 0 0 0 0 0 0 0 0 0 14 24 18 13 20 28
 3.155000E+02 21 0 0 0 0 0 0 0 0 1 0 0 17 20 16 15 17 15
 3.160000E+02 16 0 0 0 0 0 0 0 0 1 0 0 22 18 21 17 21 23
 3.165000E+02 8 0 0 0 0 0 0 0 0 0 0 0 10 20 22 18 19 25
 3.170000E+02 15 0 0 0 0 0 0 0 0 0 0 0 14 23 17 20 20 23
 3.175000E+02 13 0 0 0 0 0 0 0 0 0 0 0 16 15 21 13 32 11
 3.180000E+02 17 0 0 0 0 0 0 0 0 1 0 0 17 21 22 17 17 16
 3.185000E+02 13 0 0 0 0 0 0 0 0 0 0 0 18 18 17 22 16 12
 3.190000E+02 5 0 0 0 0 0 0 0 0 0 0 0 20 15 17 24 12 20
 3.195000E+02 10 0 0 0 0 0 0 0 0 0 0 0 20 9 22 18 20 17
 3.200000E+02 9 0 0 0 0 0 0 0 0 0 0 0 15 15 22 24 16 24
 3.205000E+02 10 0 0 0 0 0 0 0 0 1 0 0 13 19 20 25 18 15
 3.210000E+02 12 0 0 0 0 0 0 0 0 0 0 1 17 19 21 25 16 15
 3.215000E+02 11 0 0 0 0 0 0 0 0 2 0 0 15 25 20 21 12 24
 3.220000E+02 10 0 0 1 0 0 0 1 0 0 0 0 19 11 18 17 16 15
 3.225000E+02 13 0 0 1 0 1 0 0 0 0 0 0 21 11 19 23 15 14
 3.230000E+02 12 0 0 0 0 0 0 1 0 1 0 0 20 13 19 25 14 16
 3.235000E+02 9 0 0 0 0 0 0 0 0 1 0 0 19 17 20 22 12 15
 3.240000E+02 6 0 0 0 0 0 0 0 0 1 0 0 21 19 13 20 23 19
 3.245000E+02 10 0 0 0 0 0 0 0 0 1 0 0 16 19 19 17 22 20
 3.250000E+02 8 0 0 0 0 0 0 0 0 0 0 0 23 20 16 17 17 15
 3.255000E+02 14 0 0 0 0 0 0 0 0 0 0 0 19 15 17 20 18 18
 3.260000E+02 10 0 0 0 0 0 0 0 0 0 0 0 20 22 20 25 14 19
 3.265000E+02 8 0 0 0 0 0 0 0 0 1 0 0 23 16 18 19 17 23
 3.270000E+02 17 0 0 0 0 0 0 1 0 0 0 0 19 13 21 12 19 21
 3.275000E+02 5 0 0 0 0 0 0 0 0 0 0 0 29 6 15 18 18 26
 3.280000E+02 7 0 0 0 0 0 0 0 0 0 0 0 26 16 13 17 18 17
 3.285000E+02 6 0 0 0 0 0 0 0 0 0 0 0 26 15 17 16 16 21
 3.290000E+02 16 0 0 0 0 0 0 0 0 0 0 0 17 17 21 17 19 16
 3.295000E+02 5 0 0 0 0 0 0 0 0 0 0 0 20 15 17 18 24 12
 3.300000E+02 11 0 0 0 0 0 0 0 0 0 0 0 17 11 21 19 22 15
 3.305000E+02 9 0 0 0 0 0 0 0 0 0 0 0 16 16 20 19 19 22
 3.310000E+02 7 0 0 0 0 0 0 0 0 0 0 0 17 20 20 21 13 15
 3.315000E+02 6 0 0 0 0 0 0 0 0 0 0 0 17 15 22 19 15 13
 3.320000E+02 10 0 0 0 0 0 0 0 0 0 0 0 16 21 26 18 13 22
 3.325000E+02 11 0 0 0 0 0 0 0 0 0 0 0 13 16 20 22 12 20
 3.330000E+02 11 0 0 0 0 0 0 0 0 0 0 0 15 18 17 23 20 18
 3.335000E+02 8 0 0 0 0 0 0 0 0 0 0 0 13 22 14 13 18 15
 3.340000E+02 7 0 0 0 0 0 0 0 0 0 0 0 14 14 15 18 18 18
 3.345000E+02 7 0 0 0 0 0 0 0 0 0 0 0 17 19 21 15 12 19
 3.350000E+02 10 0 0 0 0 0 0 0 0 1 1 0 17 18 16 19 16 12
 3.355000E+02 11 0 0 0 0 0 0 0 0 1 0 0 12 16 21 15 13 12
 3.360000E+02 7 0 0 0 0 0 0 0 0 0 0 0 16 16 22 16 17 10
 3.365000E+02 9 0 0 0 0 0 0 0 0 0 0 0 17 19 20 16 16 12
 3.370000E+02 13 0 0 0 0 0 0 0 0 0 0 0 23 12 14 19 14 17
 3.375000E+02 13 0 0 0 0 0 0 0 0 0 0 0 24 12 16 26 18 9
 3.380000E+02 6 0 0 0 0 0 0 0 0 0 0 0 23 17 15 23 15 12
 3.385000E+02 7 0 0 0 0 0 0 0 0 0 0 0 21 24 11 24 15 18
 3.390000E+02 6 0 0 0 0 0 0 0 0 0 0 0 21 15 19 22 9 18
 3.395000E+02 13 0 0 0 0 0 0 0 0 0 0 0 11 19 19 16 13 23
 3.400000E+02 5 0 0 0 0 0 0 0 0 1 0 0 14 18 20 16 21 16
 3.405000E+02 7 0 0 0 0 0 0 0 0 0 0 0 12 22 21 20 24 9
 3.410000E+02 8 0 0 0 0 0 0 0 0 0 0 0 13 26 16 22 17 11
 3.415000E+02 9 0 0 0 0 0 0 0 0 0 0 0 16 23 13 16 15 13
 3.420000E+02 11 0 0 0 0 0 0 0 0 2 0 0 16 23 13 11 16 19
 3.425000E+02 12 0 0 0 0 0 0 0 0 0 0 0 13 17 12 20 21 23
 3.430000E+02 5 0 0 0 0 0 0 0 0 0 0 0 19 14 14 15 13 12
 3.435000E+02 7 0 0 0 0 0 0 0 0 0 0 0 16 20 13 14 9 17
 3.440000E+02 12 0 0 0 0 0 0 0 0 0 0 0 12 19 17 14 10 17
 3.445000E+02 11 0 0 0 0 0 0 0 0 0 0 0 16 17 15 17 18 23
 3.450000E+02 9 0 0 0 0 0 0 0 0 0 0 0 17 23 13 16 16 13
 3.455000E+02 13 0 0 0 0 0 0 1 0 1 0 0 15 22 16 20 15 15
 3.460000E+02 5 0 0 0 0 0 0 1 0 1 0 0 16 22 17 19 19 19
 3.465000E+02 8 0 0 0 0 0 0 0 0 2 0 0 14 19 21 19 15 11
 3.470000E+02 11 0 0 0 0 0 0 0 0 0 0 0 16 26 16 20 16 12
 3.475000E+02 11 0 0 0 0 0 0 0 0 0 0 0 16 26 13 21 11 13
 3.480000E+02 5 0 0 0 0 0 0 0 0 0 0 0 11 24 17 22 11 10
 3.485000E+02 9 0 0 0 0 0 0 0 0 0 1 0 14 16 19 18 16 12
 3.490000E+02 12 0 0 0 0 1 0 0 0 0 0 0 13 19 13 13 22 10
 3.495000E+02 7 0 0 0 0 0 0 0 0 1 0 0 16 15 10 15 16 14
 3.500000E+02 6 0 0 1 0 0 0 0 0 0 0 0 12 14 17 15 14 19
 3.505000E+02 12 0 0 0 0 0 0 0 0 1 0 0 14 15 12 16 18 19
 3.510000E+02 7 0 0 1 0 0 0 0 0 1 0 0 14 14 11 20 20 19
 3.515000E+02 6 0 0 0 0 0 0 0 0 0 0 0 21 15 22 18 14 13
 3.520000E+02 11 0 0 0 0 0 0 0 0 0 0 0 15 17 19 19 22 12
 3.525000E+02 8 0 0 0 0 0 0 0 0 0 0 0 18 9 14 23 16 13
 3.530000E+02 5 0 0 0 0 0 0 0 0 0 0 0 21 13 16 13 12 14
 3.535000E+02 11 0 0 0 0 0 0 0 0 0 0 0 19 18 16 12 14 18
 3.540000E+02 11 0 0 0 0 0 0 0 0 0 0 0 16 17 25 17 13 12
 3.545000E+02 10 0 0 0 0 0 0 0 0 1 0 0 12 20 19 22 15 16
 3.550000E+02 5 0 0 0 0 0 0 0 0 0 0 0 10 19 20 22 15 24
 3.555000E+02 9 0 0 0 0 0 0 0 0 0 0 0 19 15 11 16 15 23
 3.560000E+02 12 0 0 0 0 0 0 0 0 0 0 0 18 10 13 14 14 22
 3.565000E+02 9 0 0 0 0 0 0 0 0 0 0 0 22 16 19 9 13 23
 3.570000E+02 3 0 0 0 0 0 0 0 0 0 0 0 14 13 12 12 18 25
 3.575000E+02 11 0 0 0 0 0 0 0 0 0 0 0 15 17 10 12 15 17
 3.580000E+02 9 0 0 0 0 0 0 0 0 0 0 0 14 17 15 17 17 22
 3.585000E+02 11 0 0 0 0 0 0 0 0 0 0 0 15 23 13 11 17 11
 3.590000E+02 6 0 0 0 0 0 0 0 0 0 0 0 22 18 12 16 18 16
 3.595000E+02 12 0 0 0 0 0 0 0 0 0 0 0 19 9 14 12 14 17
 3.600000E+02 4 0 0 0 0 0 0 0 0 1 0 0 19 13 7 8 15 26
 3.605000E+02 13 0 0 0 0 0 0 0 0 0 0 1 16 11 7 17 16 22
 3.610000E+02 5 0 0 0 0 0 0 0 0 0 0 0 12 14 10 14 21 22
 3.615000E+02 5 0 0 0 0 0 0 0 0 0 0 0 20 17 15 14 19 22
 3.620000E+02 8 0 0 0 0 0 0 0 0 0 0 0 18 16 13 14 9 16
 3.625000E+02 6 0 0 0 0 0 0 0 0 0 0 0 16 17 15 22 9 11
 3.630000E+02 12 0 0 0 0 0 0 0 0 0 0 0 22 21 15 11 10 13
 3.635000E+02 8 0 0 0 0 0 0 0 0 0 0 0 18 22 12 19 14 15
 3.640000E+02 11 0 0 0 0 0 0 0 0 0 0 0 17 18 16 20 11 18
 3.645000E+02 6 0 0 0 0 0 0 0 0 0 0 0 13 20 14 15 18 20
 3.650000E+02 10 0 0 0 0 0 0 0 0 0 0 0 16 17 24 13 12 13
 3.655000E+02 10 0 0 0 0 0 0 0 0 0 0 0 20 18 20 12 12 13
 3.660000E+02 7 0 0 0 0 0 0 0 0 0 0 0 22 14 19 18 15 16
 3.665000E+02 9 0 0 0 0 0 0 0 0 0 0 0 19 17 17 18 16 11
 3.670000E+02 7 0 0 0 0 0 0 0 0 0 0 0 6 21 22 16 14 15
 3.675000E+02 7 0 0 0 0 0 0 0 0 0 0 0 11 16 19 15 17 18
 3.680000E+02 7 0 0 0 0 0 0 0 0 0 0 0 17 13 20 21 12 21
 3.685000E+02 4 0 0 0 0 0 0 0 0 0 0 0 16 19 16 18 15 19
 3.690000E+02 5 0 0 0 0 0 0 0 0 0 0 0 16 15 18 22 16 18
 3.695000E+02 9 0 0 0 0 0 0 0 0 0 0 0 17 12 11 17 18 24
 3.700000E+02 12 0 0 0 0 0 0 0 0 0 0 0 20 10 20 10 13 17
 3.705000E+02 6 0 0 0 0 0 0 0 0 0 0 0 21 17 14 13 10 14
 3.710000E+02 9 0 0 0 0 0 0 0 0 0 0 0 21 14 20 20 13 9
 3.715000E+02 5 0 0 0 0 0 0 0 0 0 0 0 20 17 20 18 15 14
 3.720000E+02 12 0 0 0 0 0 0 0 0 0 0 0 16 12 12 21 21 14
 3.725000E+02 9 0 0 0 0 0 0 0 0 0 0 0 16 13 16 18 17 12
 3.730000E+02 6 0 0 0 0 0 0 0 0 1 0 0 14 18 15 24 18 10
 3.735000E+02 6 0 0 0 0 0 0 0 0 2 0 0 14 14 17 16 17 13
 3.740000E+02 7 0 0 0 0 0 0 0 0 0 0 0 18 12 14 16 19 18
 3.745000E+02 6 0 0 0 0 0 0 0 0 0 0 0 17 14 22 14 13 15
 3.750000E+02 9 0 0 0 0 0 0 0 0 0 0 0 13 15 15 21 19 13
 3.755000E+02 11 0 0 0 0 0 0 0 0 0 0 0 14 16 15 19 21 11
 3.760000E+02 10 0 0 0 0 0 0 0 0 0 0 0 14 12 11 20 17 13
 3.765000E+02 8 0 0 0 0 0 0 0 0 0 0 0 13 21 22 15 16 10
 3.770000E+02 8 0 0 0 0 0 0 0 0 0 0 0 15 16 23 14 16 13
 3.775000E+02 17 0 0 0 0 0 0 0 0 0 0 0 12 17 23 15 14 9
 3.780000E+02 9 0 0 0 0 0 0 0 0 0 0 0 16 20 15 13 22 10
 3.785000E+02 17 0 0 0 0 0 0 0 0 0 0 0 15 17 13 17 15 8
 3.790000E+02 9 0 0 0 0 0 0 0 0 1 0 0 22 19 13 12 22 8
 3.795000E+02 4 0 0 0 0 0 0 0 0 0 1 0 17 18 16 19 25 13
 3.800000E+02 9 0 0 0 0 0 0 0 0 1 0 0 19 18 19 13 15 15
 3.805000E+02 7 0 0 0 0 0 0 0 0 0 0 0 14 22 17 15 17 18
 3.810000E+02 4 0 0 0 0 0 0 0 0 0 0 0 24 16 9 18 19 14
 3.815000E+02 12 0 0 0 0 0 0 0 0 0 0 0 24 15 15 14 15 13
 3.820000E+02 10 0 0 0 0 0 0 0 0 0 0 0 22 19 14 17 14 11
 3.825000E+02 9 0 0 0 0 0 0 0 0 0 0 0 16 22 18 22 14 14
 3.830000E+02 4 0 0 0 0 0 0 0 0 0 0 0 23 21 16 16 15 13
 3.835000E+02 10 0 0 0 0 0 0 0 0 0 0 0 22 20 16 12 21 15
 3.840000E+02 8 0 0 0 0 0 0 0 0 0 0 0 13 23 16 16 15 9
 3.845000E+02 9 0 0 0 0 0 0 0 0 0 0 0 17 20 15 9 15 18
 3.850000E+02 10 0 0 0 0 0 0 0 0 0 0 0 15 13 14 12 13 16
 3.855000E+02 6 0 0 0 0 0 0 0 0 0 0 0 10 11 16 14 13 27
 3.860000E+02 11 0 0 0 0 0 0 0 0 0 0 0 8 14 19 13 13 21
 3.865000E+02 7 0 0 0 0 0 0 0 0 0 0 0 11 23 21 14 21 25
 3.870000E+02 3 0 0 0 0 0 0 0 0 0 0 0 10 24 20 10 22 28
 3.875000E+02 10 0 0 0 0 0 0 0 0 0 0 0 12 23 21 8 18 23
 3.880000E+02 5 0 0 0 0 0 0 0 0 0 0 0 13 22 16 9 19 23
 3.885000E+02 13 0 0 0 0 0 0 0 0 0 0 0 12 20 17 10 24 21
 3.890000E+02 5 0 0 0 0 0 0 0 0 0 0 0 15 15 14 20 18 15
 3.895000E+02 4 0 0 0 0 0 0 0 0 0 0 0 17 17 24 20 18 15
 3.900000E+02 6 0 0 0 0 0 0 0 0 0 0 0 21 9 16 22 10 13
 3.905000E+02 10 0 0 0 0 0 0 0 0 0 0 0 16 15 15 17 16 17
 3.910000E+02 7 0 0 0 0 0 0 0 0 0 0 0 17 17 21 13 13 13
 3.915000E+02 4 0 0 0 0 0 0 0 0 0 0 0 13 19 18 16 14 21
 3.920000E+02 11 0 0 0 0 0 0 0 0 0 0 0 13 20 25 16 17 8
 3.925000E+02 8 0 0 0 0 0 0 0 0 0 0 0 22 16 15 18 24 14
 3.930000E+02 10 0 0 0 0 0 0 0 0 0 0 0 20 9 16 17 18 18
 3.935000E+02 4 0 0 0 0 0 0 0 0 0 0 0 10 17 11 19 13 21
 3.940000E+02 5 0 0 0 0 0 0 0 0 0 0 0 13 17 15 18 16 16
 3.945000E+02 9 0 0 0 0 0 0 0 0 0 0 0 20 15 14 18 12 19
 3.950000E+02 12 0 0 0 0 0 0 0 0 0 0 0 23 15 16 13 16 16
 3.955000E+02 15 0 0 0 0 0 0 0 0 1 0 0 18 15 17 13 13 16
 3.960000E+02 13 0 0 0 0 0 0 0 0 1 0 0 16 14 17 16 15 18
 3.965000E+02 9 0 0 0 0 0 0 0 0 1 0 0 16 21 23 10 18 14
 3.970000E+02 11 0 0 0 0 0 0 0 0 0 0 0 16 17 21 15 15 19
 3.975000E+02 4 0 0 0 0 0 0 0 0 1 0 0 11 18 19 20 13 24
 3.980000E+02 12 0 0 0 0 0 0 0 0 0 0 0 16 17 8 23 13 21
 3.985000E+02 10 0 0 0 0 0 0 0 0 0 0 0 15 14 16 22 16 16
 3.990000E+02 9 0 0 0 0 0 0 0 0 0 0 0 12 11 21 18 16 21
 3.995000E+02 6 0 0 0 0 0 0 0 0 0 0 0 11 9 19 18 18 20
 4.000000E+02 5 0 0 0 0 0 0 0 0 0 0 0 17 13 19 17 18 19
 4.005000E+02 10 0 0 0 0 0 0 0 0 0 0 0 19 13 17 18 19 16
 4.010000E+02 7 0 0 0 0 0 0 1 0 0 0 0 21 9 15 18 17 15
 4.015000E+02 9 0 0 0 0 0 0 1 0 0 0 0 19 18 14 15 20 18
 4.020000E+02 9 0 0 1 0 0 0 0 0 0 0 0 23 17 16 14 16 21
 4.025000E+02 7 0 0 0 0 0 0 0 0 1 0 0 22 15 9 17 16 25
 4.030000E+02 6 0 0 0 0 0 0 0 0 1 0 0 23 13 16 15 24 16
 4.035000E+02 9 0 0 0 0 0 0 0 0 1 0 0 16 13 22 13 22 20
 4.040000E+02 8 0 0 0 0 0 0 0 0 0 0 0 12 11 20 20 14 18
 4.045000E+02 8 0 0 0 0 0 0 0 0 0 0 0 17 15 23 22 13 16
 4.050000E+02 9 0 0 0 0 0 0 0 0 0 0 0 17 16 15 17 12 18
 4.055000E+02 11 0 0 0 0 0 0 0 0 1 0 0 20 16 18 15 16 11
 4.060000E+02 14 0 0 0 0 0 0 0 0 1 0 0 13 28 12 16 16 11
 4.065000E+02 9 0 0 0 0 0 0 1 0 0 0 0 13 23 13 13 15 14
 4.070000E+02 8 0 0 0 0 0 0 0 0 1 0 0 14 18 17 17 21 8
 4.075000E+02 9 0 0 0 0 0 0 0 0 0 0 0 11 25 23 19 18 14
 4.080000E+02 6 0 0 0 0 0 0 0 0 0 0 0 20 17 14 22 17 8
 4.085000E+02 7 0 0 0 0 0 0 0 0 0 0 0 20 14 19 16 15 19
 4.090000E+02 10 0 0 0 0 0 0 0 0 0 0 0 19 21 13 24 12 22
 4.095000E+02 10 0 0 0 0 0 0 0 0 0 0 0 18 20 15 19 16 14
 4.100000E+02 5 0 0 0 0 0 0 0 0 0 0 0 8 20 21 21 16 19
 4.105000E+02 10 0 0 0 0 0 0 0 0 0 0 0 14 13 22 21 14 17
 4.110000E+02 6 0 0 0 0 0 0 0 0 0 0 0 18 14 18 18 14 20
 4.115000E+02 9 0 0 0 0 0 0 0 0 0 0 0 19 18 22 18 16 20
 4.120000E+02 6 0 0 0 0 0 0 0 0 0 0 0 18 20 17 19 20 14
 4.125000E+02 8 0 0 0 0 0 0 0 0 0 0 0 20 13 22 20 21 15
 4.130000E+02 9 0 0 0 0 0 0 0 0 1 0 0 12 16 22 13 27 15
 4.135000E+02 5 0 0 0 0 0 0 0 0 1 0 0 18 20 25 10 23 13
 4.140000E+02 4 0 0 0 0 0 0 0 0 0 0 0 17 15 19 11 23 12
 4.145000E+02 6 0 0 0 0 0 0 0 0 0 0 0 19 16 18 14 19 17
 4.150000E+02 7 0 0 0 0 0 0 0 0 0 0 0 15 15 12 13 26 22
 4.155000E+02 6 0 0 0 0 0 0 0 0 0 0 0 14 19 12 16 17 20
 4.160000E+02 5 0 0 0 0 0 0 0 0 0 0 0 9 12 13 21 20 19
 4.165000E+02 11 0 0 0 0 0 0 0 0 1 0 0 10 12 18 19 16 19
 4.170000E+02 8 0 0 0 0 0 0 0 0 1 0 0 17 19 18 15 13 13
 4.175000E+02 8 0 0 0 0 0 0 0 0 1 0 0 20 16 15 15 10 16
 4.180000E+02 14 0 0 0 0 0 0 0 0 0 0 0 14 12 12 13 17 24
 4.185000E+02 4 0 0 0 0 0 0 0 0 0 0 0 14 13 19 14 27 23
 4.190000E+02 7 0 0 0 0 0 0 0 0 0 0 0 11 13 14 21 20 18
 4.195000E+02 15 0 0 0 0 0 0 0 0 0 0 0 11 18 16 19 17 14
 4.200000E+02 8 0 0 0 0 0 0 0 0 0 0 0 15 22 20 22 18 9
 4.205000E+02 19 0 0 0 0 0 0 0 0 1 0 0 18 13 19 13 14 12
 4.210000E+02 7 0 0 0 0 0 0 1 0 0 0 0 18 14 21 18 11 16
 4.215000E+02 7 0 0 0 0 0 0 0 0 2 0 0 18 15 14 24 9 16
 4.220000E+02 6 0 0 0 0 0 0 1 0 0 0 0 18 17 16 18 8 15
 4.225000E+02 9 0 0 0 0 0 0 0 0 1 0 0 23 18 12 14 14 20
 4.230000E+02 9 0 0 0 0 0 0 0 0 0 0 0 15 12 19 19 13 20
 4.235000E+02 11 0 0 0 0 0 0 0 0 0 0 0 16 11 19 13 15 15
 4.240000E+02 9 0 0 0 0 0 0 0 0 0 0 0 16 13 24 16 18 14
 4.245000E+02 4 0 0 0 0 0 0 0 0 0 0 0 13 16 16 20 21 14
 4.250000E+02 11 0 0 0 0 0 0 0 0 0 0 0 18 25 9 22 21 15
 4.255000E+02 5 0 0 0 0 0 0 0 0 0 0 0 18 16 8 24 15 17
 4.260000E+02 12 0 0 0 0 0 0 0 0 0 0 0 19 16 14 24 18 20
 4.265000E+02 6 0 0 0 0 0 0 1 0 0 0 0 7 21 15 21 22 15
 4.270000E+02 7 0 0 0 0 0 0 0 0 1 0 0 16 12 15 24 18 15
 4.275000E+02 9 0 0 0 0 0 0 0 0 0 0 0 20 15 15 17 13 15
 4.280000E+02 8 0 0 0 0 0 0 0 0 0 0 0 21 13 14 15 19 15
 4.285000E+02 6 0 0 0 0 0 0 0 0 1 0 0 14 21 22 14 15 14
 4.290000E+02 6 0 0 0 0 0 0 0 0 1 0 0 21 17 20 12 14 15
 4.295000E+02 4 0 0 0 0 0 0 0 0 1 0 0 18 23 16 17 19 14
 4.300000E+02 12 0 0 0 0 0 0 0 0 1 0 0 23 14 11 17 16 17
 4.305000E+02 8 0 0 1 0 0 0 0 0 0 0 0 16 14 16 17 20 20
 4.310000E+02 9 0 0 0 0 0 0 0 0 1 0 0 20 16 19 21 12 17
 4.315000E+02 4 0 0 0 0 0 0 0 0 0 0 0 21 13 17 15 11 17
 4.320000E+02 10 0 0 0 0 0 0 0 0 0 0 0 20 23 19 17 10 15
 4.325000E+02 13 0 0 0 0 0 0 0 0 0 0 0 22 22 18 14 10 20
 4.330000E+02 9 0 0 0 0 0 0 0 0 0 0 0 12 17 16 16 16 19
 4.335000E+02 15 0 0 0 0 0 0 0 0 1 0 0 15 13 15 15 15 14
 4.340000E+02 4 0 0 1 0 0 0 0 0 0 0 0 23 17 19 21 16 11
 4.345000E+02 8 0 0 0 0 0 0 0 0 1 0 0 20 22 10 28 14 12
 4.350000E+02 12 0 0 0 0 0 0 0 0 1 0 0 20 10 17 23 20 7
 4.355000E+02 7 0 0 0 0 0 0 1 0 0 0 0 25 11 24 25 25 8
 4.360000E+02 9 0 0 0 0 0 0 0 0 0 0 0 18 13 18 20 17 17
 4.365000E+02 7 0 0 0 0 0 0 0 0 0 0 0 20 19 14 15 17 29
 4.370000E+02 13 0 0 0 0 0 0 1 0 0 0 0 18 23 17 16 8 15
 4.375000E+02 8 0 0 0 0 0 0 0 0 1 0 0 20 16 21 23 11 13
 4.380000E+02 9 0 0 0 0 0 0 0 0 1 0 0 21 14 20 18 13 18
 4.385000E+02 9 0 0 0 0 0 0 1 0 0 0 0 22 20 18 15 16 16
 4.390000E+02 5 0 0 0 0 0 0 0 0 1 0 0 22 21 15 15 17 13
 4.395000E+02 12 0 0 0 0 0 0 1 0 0 0 0 17 22 14 17 12 10
 4.400000E+02 9 0 0 0 0 0 0 0 0 0 0 0 24 23 15 14 14 6
 4.405000E+02 9 0 0 0 0 0 0 0 0 0 0 0 24 21 19 14 14 14
 4.410000E+02 8 0 0 0 0 0 0 0 0 0 0 0 20 21 18 15 17 12
 4.415000E+02 10 0 0 0 0 0 0 0 0 0 0 0 18 21 22 13 17 15
 4.420000E+02 16 0 0 0 0 0 0 0 0 0 0 0 11 20 22 14 19 14
 4.425000E+02 5 0 0 0 0 0 0 0 0 0 0 0 16 22 21 17 17 18
 4.430000E+02 11 0 0 0 0 0 0 0 0 0 0 0 18 15 16 14 10 22
 4.435000E+02 8 0 0 0 0 0 0 0 0 0 0 0 19 11 14 19 22 19
 4.440000E+02 12 0 0 0 0 0 0 0 0 0 0 0 15 17 18 15 20 15
 4.445000E+02 4 0 0 0 0 0 0 0 0 0 0 0 19 14 22 16 16 18
 4.450000E+02 9 0 0 0 0 0 0 0 0 0 0 0 16 15 18 17 20 17
 4.455000E+02 9 0 0 0 0 0 0 0 0 0 0 0 19 16 14 16 18 13
 4.460000E+02 8 0 0 0 0 0 0 0 0 0 0 0 18 22 16 16 13 12
 4.465000E+02 5 0 0 0 0 0 0 0 0 0 0 0 15 23 16 14 13 12
 4.470000E+02 14 0 0 0 0 0 0 0 0 0 0 0 16 19 18 18 18 15
 4.475000E+02 12 0 0 1 0 0 0 0 0 0 0 0 15 20 16 22 15 17
 4.480000E+02 13 0 0 0 0 0 0 0 0 0 0 0 11 23 18 23 17 21
 4.485000E+02 11 0 0 0 0 0 0 0 0 0 0 0 12 21 21 17 19 21
 4.490000E+02 11 0 0 0 0 0 0 0 0 1 0 0 12 17 23 19 21 23
 4.495000E+02 9 0 0 0 0 0 0 0 0 1 0 0 9 23 18 23 19 18
 4.500000E+02 11 0 0 0 0 0 0 0 0 0 0 0 12 19 18 25 16 20
 4.505000E+02 9 0 0 0 0 0 0 0 0 0 0 0 5 21 20 21 21 18
 4.510000E+02 11 0 0 0 0 0 0 0 0 0 0 0 13 15 24 15 20 13
 4.515000E+02 9 0 0 0 0 0 0 0 0 0 0 0 21 15 23 19 14 10
 4.520000E+02 13 0 0 0 0 0 0 0 0 0 0 0 19 18 17 21 14 12
 4.525000E+02 7 0 0 1 0 0 0 0 0 0 0 0 22 15 17 22 13 16
 4.530000E+02 13 0 0 0 0 0 0 0 0 0 0 0 23 16 15 20 18 20
 4.535000E+02 9 0 0 0 0 0 0 0 0 0 0 0 19 24 23 16 14 16
 4.540000E+02 9 0 0 0 0 0 0 0 0 0 0 0 22 17 17 25 8 15
 4.545000E+02 9 0 0 0 0 0 0 0 0 0 1 0 20 17 13 35 14 15
 4.550000E+02 12 0 0 0 0 0 0 0 0 1 0 0 16 12 13 21 21 20
 4.555000E+02 6 0 0 0 0 0 0 0 0 0 0 0 17 15 18 22 17 20
 4.560000E+02 8 0 0 0 0 0 0 0 0 0 0 0 19 16 15 21 22 16
 4.565000E+02 13 0 0 0 0 0 0 0 0 1 0 0 21 14 17 14 25 14
 4.570000E+02 5 0 0 0 0 0 0 0 0 0 0 0 20 18 15 13 19 13
 4.575000E+02 13 0 0 0 0 0 0 0 0 0 0 0 21 15 19 18 10 13
 4.580000E+02 8 0 0 0 0 0 0 0 0 0 0 0 17 18 21 17 18 17
 4.585000E+02 11 0 0 0 0 0 0 0 0 0 0 0 18 19 21 13 27 14
 4.590000E+02 8 0 0 0 0 0 0 0 0 0 0 0 15 15 17 16 18 12
 4.595000E+02 10 0 0 0 0 0 0 0 0 0 0 0 19 21 21 18 15 14
 4.600000E+02 7 0 0 0 0 0 0 0 0 0 0 0 14 25 15 16 14 12
 4.605000E+02 8 0 0 0 0 0 0 0 0 0 0 0 15 26 11 19 16 16
 4.610000E+02 7 0 0 0 0 0 0 0 0 0 0 0 15 20 14 19 13 21
 4.615000E+02 12 0 0 0 0 0 0 0 0 0 0 0 12 15 17 13 18 20
 4.620000E+02 14 0 0 0 0 0 0 0 0 0 0 0 11 17 23 13 15 22
 4.625000E+02 7 0 0 0 0 0 0 0 0 0 0 0 20 17 15 14 15 19
 4.630000E+02 14 0 0 0 0 0 0 0 0 1 0 0 19 17 11 15 21 16
 4.635000E+02 10 0 0 0 0 0 0 0 0 1 0 0 18 23 13 12 17 10
 4.640000E+02 8 0 0 0 0 0 0 0 0 1 0 0 19 18 14 18 31 14
 4.645000E+02 10 0 0 0 0 0 0 0 0 0 0 0 22 25 11 14 27 12
 4.650000E+02 5 0 0 0 0 0 0 0 0 0 0 0 20 23 19 12 22 12
 4.655000E+02 9 0 0 0 0 0 0 1 0 0 0 0 19 18 13 19 15 17
 4.660000E+02 7 0 0 0 0 0 0 0 0 1 0 0 14 16 14 16 25 12
 4.665000E+02 9 0 0 0 0 0 0 0 0 1 0 0 17 18 17 23 22 17
 4.670000E+02 4 0 0 0 0 0 0 0 0 0 0 0 24 16 21 20 14 14
 4.675000E+02 6 0 0 0 0 0 0 0 0 0 0 0 22 21 17 17 16 15
 4.680000E+02 6 0 0 0 0 0 0 0 0 0 0 0 20 17 22 13 20 24
 4.685000E+02 12 0 0 0 0 0 0 0 0 0 0 0 18 13 18 16 20 21
 4.690000E+02 13 0 0 0 0 0 0 0 0 0 0 0 26 16 13 12 21 17
 4.695000E+02 8 0 0 0 0 0 0 0 0 0 0 0 13 14 22 19 24 16
 4.700000E+02 13 0 0 0 0 0 0 0 0 0 0 0 17 11 20 19 20 17
 4.705000E+02 4 0 0 0 0 0 0 0 0 0 0 0 26 18 15 15 15 17
 4.710000E+02 8 0 0 0 0 0 0 0 0 0 0 0 18 15 20 16 21 15
 4.715000E+02 15 0 0 0 0 0 0 0 0 0 0 0 16 19 15 8 23 18
 4.720000E+02 14 0 0 0 0 0 0 0 0 0 0 0 15 19 18 11 23 20
 4.725000E+02 9 0 0 0 0 0 0 0 0 0 0 0 13 18 20 16 17 13
 4.730000E+02 8 0 0 0 0 0 0 0 0 1 0 0 21 15 17 13 18 17
 4.735000E+02 9 0 0 0 0 0 0 0 0 1 0 0 18 21 14 14 18 21
 4.740000E+02 14 0 0 0 0 0 0 0 0 0 0 0 22 22 18 15 22 19
 4.745000E+02 8 0 0 0 0 0 0 0 0 0 0 0 12 15 13 16 22 18
 4.750000E+02 9 0 0 0 0 0 0 0 0 0 0 0 21 21 17 13 25 20
 4.755000E+02 14 0 0 0 0 0 0 0 0 0 0 0 22 17 15 17 26 18
 4.760000E+02 13 0 0 0 0 0 0 0 0 0 0 0 19 13 15 18 21 17
 4.765000E+02 15 0 0 0 0 0 0 0 0 0 0 0 22 21 15 17 18 15
 4.770000E+02 8 0 0 0 0 0 0 0 0 0 0 0 19 15 17 19 21 17
 4.775000E+02 6 0 0 0 0 0 0 0 0 0 0 0 9 15 20 15 25 17
 4.780000E+02 11 0 0 0 0 0 0 1 0 0 0 0 12 20 12 21 31 9
 4.785000E+02 8 0 0 0 0 0 0 0 0 0 0 0 20 18 21 12 24 17
 4.790000E+02 11 0 0 0 0 0 0 0 0 0 0 0 23 14 29 14 20 13
 4.795000E+02 8 0 0 0 0 0 0 0 0 0 0 0 23 10 30 15 18 12
 4.800000E+02 8 0 0 0 0 0 0 0 0 0 0 0 13 21 25 15 15 15
 4.805000E+02 9 0 0 0 0 0 0 0 0 0 0 0 17 20 21 16 11 16
 4.810000E+02 13 0 0 0 0 0 0 0 0 0 0 0 20 16 21 18 10 20
 4.815000E+02 12 0 0 0 0 0 0 0 0 0 0 0 17 21 20 16 13 21
 4.820000E+02 11 0 0 0 0 0 0 1 0 0 0 0 24 23 22 13 15 13
 4.825000E+02 13 0 0 0 0 0 0 1 0 1 0 0 21 27 17 15 10 8
 4.830000E+02 15 0 0 0 0 0 0 0 0 2 0 0 20 25 14 11 16 11
 4.835000E+02 15 0 0 0 0 0 0 0 0 2 0 0 26 27 15 15 18 12
 4.840000E+02 13 0 0 0 0 0 0 0 0 0 0 0 17 20 17 17 21 13
 4.845000E+02 6 0 0 0 0 0 0 0 0 0 0 0 12 22 19 19 23 12
 4.850000E+02 12 0 0 0 0 0 0 0 0 0 0 0 14 19 16 24 16 14
 4.855000E+02 13 0 0 1 0 0 0 0 0 0 0 0 13 14 13 17 18 20
 4.860000E+02 7 0 0 0 0 0 0 1 0 0 0 0 24 15 19 19 13 13
 4.865000E+02 9 0 0 0 0 0 0 0 0 1 0 0 17 19 21 20 11 21
 4.870000E+02 15 0 0 0 0 0 0 0 0 0 0 0 14 24 20 19 11 20
 4.875000E+02 6 0 0 0 0 0 0 0 0 0 0 0 21 21 19 16 14 18
 4.880000E+02 8 0 0 0 0 0 0 0 0 0 0 0 20 19 13 18 14 19
 4.885000E+02 8 0 0 0 0 0 0 0 0 0 0 0 16 15 15 19 15 20
 4.890000E+02 5 0 0 0 0 0 0 0 0 0 0 0 13 15 15 19 18 18
 4.895000E+02 11 0 0 0 0 0 0 0 0 0 0 0 19 17 23 19 20 22
 4.900000E+02 14 0 0 0 0 0 0 0 0 1 0 0 15 23 14 21 20 19
 4.905000E+02 13 0 0 0 0 0 0 0 0 2 0 0 20 13 13 21 14 22
 4.910000E+02 8 0 0 0 0 0 0 0 0 0 0 0 17 14 21 18 13 24
 4.915000E+02 14 0 0 0 0 0 0 0 0 0 0 0 23 17 21 19 14 15
 4.920000E+02 6 0 0 0 0 0 0 0 0 0 0 0 27 11 13 20 14 24
 4.925000E+02 10 0 0 0 0 0 0 0 0 0 0 0 25 14 12 20 18 17
 4.930000E+02 13 0 0 0 0 0 0 0 0 0 0 0 26 20 10 12 17 13
 4.935000E+02 4 0 0 0 0 0 0 0 0 0 0 0 18 19 11 13 21 11
 4.940000E+02 7 0 0 0 0 0 0 0 0 0 0 0 24 22 14 12 16 22
 4.945000E+02 12 0 0 0 0 0 0 0 0 0 0 0 19 21 20 10 17 16
 4.950000E+02 14 0 0 0 0 0 0 0 0 0 0 0 16 19 22 13 16 22
 4.955000E+02 6 0 0 0 0 0 0 0 0 0 0 0 20 19 19 11 20 29
 4.960000E+02 11 0 0 0 0 0 0 0 0 0 0 0 22 15 15 15 17 22
 4.965000E+02 4 0 0 0 0 0 0 0 0 0 0 0 16 18 18 16 20 22
 4.970000E+02 8 0 0 0 0 0 0 0 0 0 0 0 14 16 16 12 22 17
 4.975000E+02 4 0 0 0 0 0 0 0 0 0 0 0 24 19 13 8 26 18
 4.980000E+02 11 0 0 0 0 0 0 0 0 0 0 0 22 15 18 16 26 19
 4.985000E+02 17 0 0 0 0 0 0 0 0 0 0 0 20 18 18 18 22 15
 4.990000E+02 8 0 0 1 0 0 0 0 0 1 0 0 15 16 14 19 21 18
 4.995000E+02 9 0 0 0 0 0 0 0 0 0 0 0 13 21 20 16 17 18
 5.000000E+02 5 0 0 0 0 0 0 0 0 0 0 0 15 19 18 12 20 20
 5.005000E+02 11 0 0 0 0 0 0 0 0 0 0 0 19 16 25 16 15 27
 5.010000E+02 11 0 0 0 0 0 0 0 0 0 0 0 16 15 17 20 14 28
 5.015000E+02 6 0 0 0 0 0 0 0 0 1 0 0 15 17 21 16 19 21
 5.020000E+02 16 0 0 0 0 0 0 0 0 1 0 0 18 17 27 16 16 26
 5.025000E+02 10 0 0 0 0 0 0 0 0 1 0 0 15 19 20 10 17 18
 5.030000E+02 5 0 0 0 0 0 0 0 0 0 0 0 16 13 17 15 27 13
 5.035000E+02 7 0 0 0 0 0 0 0 0 0 0 0 13 18 12 21 21 18
 5.040000E+02 7 0 0 0 0 0 0 0 0 0 0 0 14 25 10 21 21 20
 5.045000E+02 4 0 0 0 0 0 0 0 0 0 0 0 19 19 17 17 22 17
 5.050000E+02 7 0 0 0 0 0 0 0 0 0 0 0 17 16 19 14 15 11
 5.055000E+02 13 0 0 0 0 0 0 0 0 0 0 0 13 19 15 16 21 18
 5.060000E+02 6 0 0 0 0 0 0 0 0 0 0 0 19 10 12 19 16 20
 5.065000E+02 11 0 0 0 0 0 0 0 0 0 0 0 12 15 18 21 13 21
 5.070000E+02 5 0 0 0 0 0 0 0 0 0 0 0 13 13 18 19 11 21
 5.075000E+02 5 0 0 0 0 0 0 0 0 0 0 0 14 16 19 20 13 24
 5.080000E+02 10 0 0 0 0 0 0 0 0 0 0 0 17 16 13 20 13 26
 5.085000E+02 8 0 0 0 0 0 0 0 0 0 0 0 21 12 16 17 13 22
 5.090000E+02 14 0 0 0 0 0 0 0 0 0 0 0 13 16 18 20 15 23
 5.095000E+02 7 0 0 0 0 0 0 0 0 0 0 0 15 12 17 24 12 30
 5.100000E+02 8 0 0 0 0 0 0 0 0 0 0 0 15 12 12 19 16 20
 5.105000E+02 9 0 0 0 0 0 0 0 0 0 0 0 17 16 17 21 17 18
 5.110000E+02 9 0 0 0 0 0 0 0 0 0 0 0 15 13 18 22 14 14
 5.115000E+02 6 0 0 0 0 0 0 0 0 0 0 0 20 19 21 19 10 18
 5.120000E+02 9 0 0 0 0 0 0 0 0 1 0 0 16 24 14 18 15 13
 5.125000E+02 11 0 0 0 0 0 0 0 0 1 0 0 17 22 15 17 15 19
 5.130000E+02 9 0 0 0 0 0 0 1 0 2 0 0 17 13 13 15 18 20
 5.135000E+02 5 0 0 0 0 0 0 0 0 3 0 0 16 15 13 12 18 24
 5.140000E+02 11 0 0 0 0 0 0 0 0 2 0 0 21 14 13 19 16 19
 5.145000E+02 10 0 0 0 0 0 0 0 0 2 0 0 14 12 20 18 14 12
 5.150000E+02 6 0 0 0 0 0 0 0 0 1 0 0 19 14 19 14 21 19
 5.155000E+02 13 0 0 0 0 0 0 0 0 0 0 0 16 16 15 16 21 14
 5.160000E+02 13 0 0 0 0 0 0 0 0 0 0 0 16 17 14 12 13 20
 5.165000E+02 9 0 0 0 0 0 0 0 0 0 0 0 17 14 21 16 15 22
 5.170000E+02 9 0 0 0 0 0 0 0 0 0 0 0 20 22 22 17 19 25
 5.175000E+02 9 0 0 0 0 0 0 0 0 0 0 0 26 15 24 18 11 25
 5.180000E+02 5 0 0 0 0 0 0 0 0 0 0 0 25 12 20 18 13 20
 5.185000E+02 15 0 0 0 0 0 0 0 0 1 0 0 27 15 16 15 12 16
 5.190000E+02 6 0 0 0 0 0 0 0 0 0 0 0 12 16 11 11 18 20
 5.195000E+02 10 0 0 0 0 0 0 0 0 0 0 0 16 22 14 15 21 21
 5.200000E+02 11 0 0 0 0 0 0 0 0 1 0 0 21 17 13 19 26 17
 5.205000E+02 12 0 0 0 0 0 0 0 0 0 0 0 25 14 13 16 19 19
 5.210000E+02 10 0 0 0 0 0 0 0 0 0 0 0 16 18 14 15 24 18
 5.215000E+02 6 0 0 0 0 0 0 0 0 0 0 0 15 18 15 20 19 21
 5.220000E+02 12 0 0 0 0 0 0 0 0 0 0 0 17 14 15 21 17 18
 5.225000E+02 10 0 0 0 0 0 0 0 0 1 0 0 9 15 16 23 18 17
 5.230000E+02 8 0 0 0 0 0 0 0 0 0 0 0 12 14 13 20 23 16
 5.235000E+02 9 1 0 0 0 0 0 0 0 0 0 0 20 12 14 21 18 17
 5.240000E+02 7 0 0 0 0 0 0 0 0 2 0 0 16 19 16 15 19 15
 5.245000E+02 8 0 0 0 0 0 0 0 0 3 0 0 22 13 13 18 15 14
 5.250000E+02 10 0 0 0 0 0 0 0 0 2 0 0 18 16 12 29 16 14
 5.255000E+02 8 0 0 1 0 0 0 1 0 0 0 0 18 14 17 17 10 8
 5.260000E+02 11 0 0 0 0 0 0 0 0 2 0 0 26 13 24 17 11 13
 5.265000E+02 11 0 0 0 0 0 0 0 0 1 0 0 15 18 23 15 10 19
 5.270000E+02 11 0 0 0 0 0 0 0 0 1 0 0 17 24 25 12 5 20
 5.275000E+02 6 0 0 0 0 0 0 0 0 0 0 0 19 20 15 16 9 17
 5.280000E+02 8 0 0 0 0 0 0 0 0 0 0 0 18 17 15 17 13 23
 5.285000E+02 11 0 0 0 0 0 0 0 0 0 0 0 17 16 14 12 14 23
 5.290000E+02 7 0 0 0 0 0 0 0 0 1 0 0 12 19 18 13 18 18
 5.295000E+02 17 0 0 0 0 0 0 1 0 0 0 0 13 15 14 20 21 20
 5.300000E+02 12 0 0 0 0 0 0 0 0 1 0 0 19 14 10 16 20 15
 5.305000E+02 11 0 0 0 0 0 0 0 0 1 0 0 15 11 14 19 15 18
 5.310000E+02 7 0 0 0 0 0 0 0 0 1 0 0 19 15 16 21 7 21
 5.315000E+02 7 0 0 0 0 0 0 0 0 1 0 0 21 15 16 16 10 17
 5.320000E+02 12 0 0 0 0 0 0 0 0 1 0 0 19 12 26 16 9 12
 5.325000E+02 10 0 0 0 0 0 0 0 0 1 0 0 21 16 23 17 15 15
 5.330000E+02 11 0 0 0 0 0 0 0 0 1 0 0 22 11 18 14 16 15
 5.335000E+02 10 0 0 0 0 0 0 0 0 0 0 0 16 17 19 15 13 19
 5.340000E+02 7 0 0 0 0 0 0 0 0 1 0 0 18 18 11 21 13 21
 5.345000E+02 6 0 0 1 0 0 0 0 0 0 0 0 23 13 10 20 18 21
 5.350000E+02 4 0 0 0 0 0 0 0 0 1 0 0 21 8 12 16 26 16
 5.355000E+02 8 0 0 0 0 0 0 0 0 0 0 0 16 16 8 15 18 17
 5.360000E+02 14 0 0 0 0 0 0 0 0 0 0 0 17 16 14 18 13 17
 5.365000E+02 8 0 0 0 0 0 0 0 0 0 0 0 20 17 19 20 18 14
 5.370000E+02 7 0 0 0 0 0 0 0 0 1 0 0 21 14 15 12 14 20
 5.375000E+02 7 0 0 0 0 0 0 0 0 0 0 0 23 17 17 9 18 14
 5.380000E+02 8 0 0 0 0 0 0 0 0 0 0 0 23 18 14 14 22 15
 5.385000E+02 6 0 0 0 0 0 0 0 0 0 0 0 24 18 11 19 12 14
 5.390000E+02 10 0 0 0 0 0 0 0 0 0 0 0 22 14 15 25 13 16
 5.395000E+02 9 0 0 0 0 0 0 0 0 0 0 0 13 17 15 13 16 23
 5.400000E+02 5 0 0 0 0 0 0 0 0 0 0 0 12 16 15 22 12 29
 5.405000E+02 5 0 0 0 0 0 0 0 0 0 0 0 15 13 14 14 12 30
 5.410000E+02 10 0 0 0 0 0 0 0 0 0 0 0 15 14 19 18 21 27
 5.415000E+02 7 0 0 0 0 0 0 0 0 0 0 0 19 9 22 19 19 24
 5.420000E+02 8 0 0 0 0 0 0 0 0 0 0 0 26 14 21 13 15 25
 5.425000E+02 6 0 0 0 0 0 0 0 0 0 0 0 17 11 17 15 15 22
 5.430000E+02 6 0 0 0 0 0 0 0 0 0 0 0 20 21 14 15 15 22
 5.435000E+02 11 0 0 0 0 0 0 0 0 1 0 0 16 14 9 12 13 26
 5.440000E+02 10 0 0 0 0 0 0 0 0 1 0 0 20 18 17 10 13 17
 5.445000E+02 12 0 0 0 0 0 0 0 0 1 0 0 19 18 12 19 14 15
 5.450000E+02 4 0 0 0 0 0 0 0 0 1 0 0 15 19 9 19 14 18
 5.455000E+02 11 0 0 0 0 0 0 0 0 0 0 0 19 25 12 18 11 19
 5.460000E+02 3 0 0 0 0 0 0 0 0 0 0 0 20 24 17 18 12 17
 5.465000E+02 7 0 0 0 0 0 0 0 0 0 0 0 16 18 15 19 11 17
 5.470000E+02 6 0 0 0 0 0 0 0 0 0 0 0 15 17 18 20 15 14
 5.475000E+02 10 0 0 0 0 0 0 1 0 1 0 0 10 18 22 11 12 24
 5.480000E+02 11 0 0 0 0 0 0 0 0 1 0 0 11 16 21 16 12 24
 5.485000E+02 7 0 0 0 0 0 0 0 0 1 0 0 12 19 18 20 13 18
 5.490000E+02 13 0 0 0 0 0 0 0 0 1 0 0 15 15 19 16 19 15
 5.495000E+02 9 0 0 0 0 0 0 0 0 1 0 0 18 15 19 14 19 19
 5.500000E+02 15 0 0 0 0 0 0 0 0 0 0 0 16 16 15 13 15 20
 5.505000E+02 9 0 0 0 0 0 0 0 0 0 0 0 19 11 18 13 14 17
 5.510000E+02 5 0 0 0 0 0 0 0 0 0 0 0 22 12 17 14 14 15
 5.515000E+02 13 0 0 0 0 0 0 0 0 0 0 0 17 12 25 10 13 12
 5.520000E+02 12 0 0 0 0 0 0 0 0 0 0 0 14 14 23 17 19 19
 5.525000E+02 7 0 0 0 0 0 0 0 0 0 0 0 14 15 23 20 11 19
 5.530000E+02 6 0 0 0 0 0 0 0 0 1 0 0 20 17 16 13 16 24
 5.535000E+02 11 0 0 0 0 0 0 0 0 0 0 0 14 16 19 14 20 16
 5.540000E+02 10 0 0 0 0 0 0 0 0 1 0 0 18 18 22 13 20 12
 5.545000E+02 7 0 0 1 0 0 0 1 0 0 0 0 21 19 22 19 14 15
 5.550000E+02 10 0 0 0 0 0 0 0 0 0 0 0 16 15 25 16 11 20
 5.555000E+02 11 0 0 0 0 0 0 0 0 0 0 0 13 16 23 13 11 15
 5.560000E+02 12 0 0 0 0 0 0 0 0 0 0 0 11 11 22 12 9 18
 5.565000E+02 1 0 0 0 0 0 0 0 0 0 0 0 14 17 22 21 16 16
 5.570000E+02 10 0 0 0 0 0 0 0 0 0 0 0 11 17 14 21 16 14
 5.575000E+02 6 0 0 0 0 0 0 0 0 0 0 0 8 14 15 17 15 16
 5.580000E+02 9 0 0 0 0 0 0 0 0 0 0 0 16 10 15 20 24 16
 5.585000E+02 5 0 0 0 0 0 0 0 0 0 0 0 16 17 16 15 25 10
 5.590000E+02 6 0 0 0 0 0 0 0 0 0 0 0 15 17 22 18 20 11
 5.595000E+02 8 0 0 0 0 0 0 0 0 1 0 0 16 20 18 18 15 9
 5.600000E+02 5 0 0 0 0 0 0 1 0 0 0 0 23 27 12 11 13 17
 5.605000E+02 9 0 0 0 0 0 0 0 0 1 0 0 22 19 17 18 19 11
 5.610000E+02 5 0 0 0 0 0 0 0 0 1 0 0 17 17 9 16 24 18
 5.615000E+02 5 0 0 1 0 0 0 0 0 0 0 0 17 12 11 15 19 20
 5.620000E+02 5 0 0 0 0 0 0 0 0 0 0 0 17 14 19 16 19 22
 5.625000E+02 8 0 0 0 0 0 0 0 0 0 0 0 9 21 11 20 27 16
 5.630000E+02 10 0 0 0 0 0 0 0 0 0 0 0 14 23 16 19 20 17
 5.635000E+02 7 0 0 0 0 0 0 0 0 0 0 0 16 25 13 10 12 13
 5.640000E+02 7 0 0 0 0 0 0 0 0 0 0 0 16 22 16 12 19 16
 5.645000E+02 6 0 0 0 0 0 0 0 0 1 0 0 17 25 13 18 15 11
 5.650000E+02 4 0 0 0 0 0 0 0 0 1 0 0 18 23 9 15 10 18
 5.655000E+02 8 0 0 0 0 0 0 0 0 1 0 0 14 19 12 18 16 24
 5.660000E+02 11 0 0 1 0 0 0 0 0 0 0 0 12 15 13 24 20 12
 5.665000E+02 7 0 0 0 0 0 0 0 0 1 0 0 12 10 14 21 15 13
 5.670000E+02 5 0 0 0 0 0 0 0 0 0 0 0 15 14 14 20 17 15
 5.675000E+02 8 0 0 0 0 0 0 0 0 1 0 0 10 22 14 16 17 15
 5.680000E+02 9 0 0 0 0 0 0 0 0 1 0 0 9 13 14 25 17 16
 5.685000E+02 5 0 0 0 0 0 0 0 0 1 0 0 13 14 14 26 16 17
 5.690000E+02 4 0 0 0 0 0 0 0 0 0 0 0 11 10 19 18 18 19
 5.695000E+02 11 0 0 0 0 0 0 0 0 0 0 0 13 16 20 14 20 17
 5.700000E+02 3 0 0 0 0 0 0 0 0 0 0 0 12 14 18 9 23 14
 5.705000E+02 13 0 0 0 0 0 0 0 0 0 0 0 15 16 23 13 20 18
 5.710000E+02 2 0 0 0 0 0 0 0 0 0 0 0 11 15 23 14 23 15
 5.715000E+02 6 0 0 0 0 0 0 0 0 0 0 0 14 17 16 10 24 12
 5.720000E+02 6 0 0 1 0 0 0 0 0 0 0 0 15 12 14 13 22 15
 5.725000E+02 8 0 0 0 0 0 0 0 0 1 0 0 17 14 16 15 12 15
 5.730000E+02 9 0 0 0 0 0 0 0 0 1 0 0 16 15 20 16 18 19
 5.735000E+02 13 0 0 0 0 0 0 0 0 0 0 0 17 18 13 17 17 14
 5.740000E+02 8 0 0 0 0 0 0 0 0 1 0 0 20 13 9 23 19 17
 5.745000E+02 13 0 0 0 0 0 0 0 0 1 0 0 15 14 13 26 19 19
 5.750000E+02 14 0 0 0 0 0 0 0 0 1 0 0 8 13 18 15 18 13
 5.755000E+02 9 0 0 0 0 0 0 0 0 1 0 0 7 15 18 15 16 20
 5.760000E+02 6 0 0 0 0 0 0 0 0 0 0 0 14 15 21 15 15 13
 5.765000E+02 12 0 0 0 0 0 0 0 0 0 0 0 17 12 17 14 27 19
 5.770000E+02 8 0 0 0 0 0 0 0 0 0 0 0 13 13 17 13 19 19
 5.775000E+02 6 0 0 0 0 0 0 0 0 0 0 0 10 19 20 22 23 15
 5.780000E+02 6 0 0 0 0 0 0 0 0 0 0 0 12 29 13 13 17 18
 5.785000E+02 7 0 0 0 0 0 0 0 0 0 0 0 15 18 13 10 12 22
 5.790000E+02 5 0 0 0 0 0 0 0 0 0 0 0 15 14 18 15 16 19
 5.795000E+02 3 0 0 0 0 0 0 0 0 0 0 0 15 23 19 14 19 13
 5.800000E+02 14 0 0 0 0 0 0 0 0 0 0 0 18 18 12 19 20 13
 5.805000E+02 11 0 0 0 0 0 0 0 0 0 0 0 13 15 18 19 22 17
 5.810000E+02 11 0 0 0 0 0 0 0 0 0 0 0 14 16 19 17 21 18
 5.815000E+02 9 0 0 1 0 0 0 0 0 0 0 0 14 15 11 12 12 21
 5.820000E+02 10 1 0 0 0 0 0 0 0 0 0 0 18 23 16 22 9 15
 5.825000E+02 7 0 0 0 0 0 0 0 0 1 0 0 13 16 18 24 13 15
 5.830000E+02 8 0 0 0 0 0 0 1 0 1 0 0 16 16 22 23 20 14
 5.835000E+02 17 0 0 0 0 0 0 0 0 1 0 0 17 18 20 20 18 15
 5.840000E+02 6 0 0 0 0 0 0 0 0 1 0 0 14 18 22 21 12 15
 5.845000E+02 10 0 0 0 0 0 0 0 0 0 0 0 14 16 24 18 11 15
 5.850000E+02 7 0 0 0 0 0 0 0 0 0 0 0 14 16 29 19 18 20
 5.855000E+02 5 0 0 0 0 0 0 0 0 0 0 0 14 23 15 19 17 23
 5.860000E+02 6 0 0 0 0 0 0 0 0 0 0 0 15 10 20 16 25 21
 5.865000E+02 4 0 0 0 0 0 0 0 0 0 0 0 15 12 18 20 30 15
 5.870000E+02 10 0 0 0 0 0 0 0 0 0 0 0 22 11 16 11 28 20
 5.875000E+02 4 0 0 0 0 0 0 0 0 0 0 0 19 10 16 12 24 21
 5.880000E+02 9 0 0 0 0 0 0 0 0 1 0 0 14 12 14 17 21 16
 5.885000E+02 4 0 0 0 0 0 0 0 0 1 0 0 15 17 23 13 24 19
 5.890000E+02 9 0 0 0 0 0 0 0 0 1 0 0 15 23 15 14 22 18
 5.895000E+02 3 0 0 0 0 0 0 0 0 1 0 0 18 11 13 19 25 14
 5.900000E+02 13 0 0 0 0 0 0 0 0 0 0 0 21 16 14 22 22 20
 5.905000E+02 11 0 0 0 0 0 0 0 0 0 0 0 18 18 12 25 18 12
 5.910000E+02 8 0 0 0 0 0 0 0 0 0 0 0 16 17 17 20 17 21
 5.915000E+02 11 0 0 0 0 0 0 0 0 0 0 0 16 19 15 12 17 23
 5.920000E+02 10 0 0 0 0 0 0 0 0 1 0 0 20 14 22 14 19 24
 5.925000E+02 16 0 0 0 0 0 0 1 0 0 0 0 14 11 22 11 14 25
 5.930000E+02 6 0 0 0 0 0 0 0 0 0 0 0 15 18 20 7 11 27
 5.935000E+02 13 0 0 0 0 0 0 0 0 0 0 0 14 19 15 11 15 20
 5.940000E+02 9 0 0 0 0 0 0 0 0 0 0 0 12 17 20 12 17 14
 5.945000E+02 13 0 0 0 0 0 0 0 0 0 0 0 18 11 18 14 23 17
 5.950000E+02 10 0 0 0 0 0 0 0 0 1 0 0 25 14 21 14 12 20
 5.955000E+02 7 0 0 0 0 0 0 0 0 1 0 0 24 13 22 15 13 20
 5.960000E+02 8 0 0 0 0 0 0 1 0 0 0 0 18 15 16 14 15 19
 5.965000E+02 11 0 0 0 0 0 0 0 0 0 0 0 16 12 16 24 17 15
 5.970000E+02 5 0 0 0 0 0 0 0 0 0 0 0 12 16 22 19 16 21
 5.975000E+02 10 0 0 0 0 0 0 0 0 0 0 0 15 17 23 18 14 15
 5.980000E+02 14 0 0 0 0 0 0 0 0 0 0 0 18 20 23 10 21 18
 5.985000E+02 7 0 0 0 0 0 0 0 0 0 0 0 24 14 26 16 14 15
 5.990000E+02 9 0 0 0 0 0 0 0 0 0 0 0 18 16 17 18 19 19
 5.995000E+02 4 0 0 0 0 0 0 0 0 0 0 0 25 17 14 14 24 18
 6.000000E+02 9 0 0 0 0 0 0 0 0 0 0 0 28 17 16 12 20 21
 6.005000E+02 9 0 0 0 0 0 0 0 0 0 0 0 20 15 15 14 29 13
 6.010000E+02 13 0 0 0 0 0 0 0 0 2 0 0 16 16 21 16 25 18
 6.015000E+02 9 0 0 0 0 0 0 0 0 0 0 0 15 21 16 16 24 17
 6.020000E+02 12 0 0 0 0 0 0 0 0 1 0 0 16 19 19 13 25 20
 6.025000E+02 9 0 0 0 0 0 0 0 0 1 0 0 20 12 18 12 20 20
 6.030000E+02 12 0 0 0 0 0 0 0 0 1 0 0 20 17 8 17 17 17
 6.035000E+02 12 0 0 0 0 0 0 0 0 1 0 0 21 12 12 16 17 17
 6.040000E+02 12 0 0 1 0 0 0 0 0 0 0 0 19 18 12 24 17 11
 6.045000E+02 11 0 0 0 0 0 0 0 0 1 0 0 11 21 18 17 18 12
 6.050000E+02 10 0 0 0 0 0 0 0 0 1 0 0 11 14 15 22 28 16
 6.055000E+02 12 0 0 0 0 0 0 0 0 0 0 0 16 10 20 25 17 16
 6.060000E+02 13 0 0 0 0 0 0 0 0 0 0 0 16 10 20 15 21 17
 6.065000E+02 13 0 0 0 0 0 0 0 0 0 0 0 16 13 19 26 21 17
 6.070000E+02 5 0 0 0 0 0 0 0 0 0 0 0 13 12 28 21 15 17
 6.075000E+02 7 0 0 0 0 0 0 0 0 0 0 0 18 17 18 17 21 19
 6.080000E+02 9 0 0 0 0 0 0 0 0 0 0 0 11 17 22 13 20 12
 6.085000E+02 12 0 0 0 0 0 0 0 0 0 0 0 13 12 14 20 18 20
 6.090000E+02 10 0 0 0 0 0 0 0 0 0 0 0 19 13 22 18 19 26
 6.095000E+02 4 0 0 0 0 0 0 0 0 0 0 0 25 17 15 19 17 23
 6.100000E+02 8 0 0 0 0 0 0 0 0 0 0 0 12 19 13 16 17 15
 6.105000E+02 14 0 0 0 0 0 0 0 0 0 0 0 12 12 18 24 16 16
 6.110000E+02 6 0 0 0 0 0 0 0 0 0 0 0 15 16 16 21 26 10
 6.115000E+02 7 0 0 0 0 0 0 0 0 0 0 0 19 22 15 20 16 14
 6.120000E+02 3 0 0 0 0 0 0 0 0 0 0 0 21 15 23 11 22 18
 6.125000E+02 10 0 0 0 0 0 0 1 0 0 0 0 17 19 19 14 20 14
 6.130000E+02 13 0 0 0 0 0 0 0 0 1 0 0 14 21 19 19 10 15
 6.135000E+02 8 0 0 0 0 0 0 0 0 1 0 0 12 21 21 16 15 22
 6.140000E+02 4 0 0 0 0 0 0 0 0 1 0 0 14 19 20 19 15 23
 6.145000E+02 9 0 0 0 0 0 0 0 0 1 0 0 18 17 20 17 19 16
 6.150000E+02 7 0 0 0 0 0 0 0 0 1 0 0 18 19 19 19 18 11
 6.155000E+02 12 0 0 0 0 0 0 0 0 0 0 0 22 21 17 19 9 15
 6.160000E+02 8 0 0 0 0 0 0 0 0 0 0 0 20 17 22 19 13 11
 6.165000E+02 10 0 0 0 0 0 0 0 0 0 0 0 13 15 17 12 20 17
 6.170000E+02 10 0 0 0 0 0 0 0 0 0 0 0 19 15 19 18 20 14
 6.175000E+02 8 0 0 0 0 0 0 0 0 1 0 0 15 11 15 14 26 15
 6.180000E+02 12 0 0 0 0 0 0 0 0 1 0 0 12 14 10 19 19 22
 6.185000E+02 5 0 0 0 0 0 0 0 0 0 0 0 17 16 15 19 18 23
 6.190000E+02 10 0 0 0 0 0 0 0 0 0 0 0 16 12 19 20 17 15
 6.195000E+02 11 0 0 0 0 0 0 0 0 1 0 0 19 7 15 30 22 18
 6.200000E+02 9 0 0 0 0 0 0 1 0 1 0 0 14 15 11 19 21 20
 6.205000E+02 8 0 0 0 0 0 0 0 0 1 0 0 20 14 18 17 14 12
 6.210000E+02 9 0 0 0 0 0 0 0 0 0 0 0 19 14 19 16 13 19
 6.215000E+02 11 0 0 0 0 0 0 0 0 0 0 0 17 16 10 14 11 22
 6.220000E+02 7 0 0 0 0 0 0 0 0 0 0 0 20 20 13 19 20 17
 6.225000E+02 9 0 0 0 0 0 0 0 0 0 0 0 17 23 13 12 20 12
 6.230000E+02 7 0 0 0 0 0 0 0 0 0 0 0 18 18 13 19 17 12
 6.235000E+02 13 0 0 0 0 0 0 0 0 0 0 0 17 23 14 18 12 16
 6.240000E+02 7 0 0 0 0 0 0 0 0 1 0 0 20 20 11 20 12 17
 6.245000E+02 12 0 0 0 0 0 0 0 0 0 0 0 24 17 19 14 11 18
 6.250000E+02 6 0 0 0 0 0 0 1 0 0 0 0 17 15 15 18 13 12
 6.255000E+02 8 0 0 0 0 0 0 0 0 1 0 0 18 13 20 18 15 22
 6.260000E+02 9 0 0 0 0 0 0 0 0 1 0 0 16 13 20 17 16 16
 6.265000E+02 8 0 0 0 0 0 0 0 0 1 0 0 16 19 11 20 20 14
 6.270000E+02 11 0 0 0 0 0 0 0 0 0 0 0 23 16 12 15 13 26
 6.275000E+02 7 0 0 0 0 0 0 0 0 0 0 0 20 20 12 18 15 17
 6.280000E+02 12 0 0 0 0 0 0 0 0 0 0 0 16 15 17 15 17 17
 6.285000E+02 11 0 0 0 0 0 0 0 0 1 0 0 15 16 18 12 20 20
 6.290000E+02 7 0 0 0 0 0 0 0 0 1 0 0 14 12 14 21 33 20
 6.295000E+02 10 0 0 0 0 0 0 0 0 0 0 0 12 13 12 16 17 22
 6.300000E+02 11 0 0 0 0 0 0 0 0 0 0 0 17 19 14 16 22 16
 6.305000E+02 7 0 0 0 0 0 0 0 0 1 0 0 15 27 15 18 14 14
 6.310000E+02 9 0 0 0 0 0 0 0 0 1 0 0 14 24 13 20 9 19
 6.315000E+02 16 0 0 0 0 0 0 0 0 1 0 0 16 21 15 18 15 22
 6.320000E+02 7 0 0 1 0 0 0 0 0 0 0 0 11 22 15 15 21 24
 6.325000E+02 13 0 0 0 0 0 0 0 0 1 0 0 12 20 12 12 22 16
 6.330000E+02 7 0 0 0 0 0 0 0 0 0 0 0 15 18 16 13 21 22
 6.335000E+02 4 0 0 0 0 1 0 0 0 0 0 0 18 20 17 16 22 17
 6.340000E+02 4 0 0 0 0 0 0 0 0 0 0 0 20 18 7 15 20 15
 6.345000E+02 9 0 0 0 0 0 0 0 0 0 0 0 14 22 15 15 15 18
 6.350000E+02 4 0 0 0 0 0 0 0 0 0 0 0 17 21 15 14 19 20
 6.355000E+02 7 0 0 0 0 0 0 0 0 0 0 0 13 22 19 14 24 11
 6.360000E+02 7 0 0 0 0 0 0 0 0 0 0 0 14 25 15 14 18 13
 6.365000E+02 7 0 0 0 0 0 0 0 0 1 0 0 12 19 16 23 16 15
 6.370000E+02 11 0 0 0 0 0 0 0 0 0 0 0 14 22 24 15 14 20
 6.375000E+02 9 0 0 0 0 0 0 0 0 0 0 0 13 18 28 15 17 21
 6.380000E+02 5 0 0 0 0 0 0 0 0 0 0 0 24 11 22 18 17 13
 6.385000E+02 4 0 0 0 0 0 0 0 0 0 0 0 19 17 17 21 16 10
 6.390000E+02 3 0 0 0 0 0 0 1 0 1 0 0 24 18 17 19 13 21
 6.395000E+02 8 0 0 0 0 0 0 0 0 0 0 0 15 22 13 18 16 16
 6.400000E+02 8 0 0 0 0 0 0 0 0 1 0 0 18 20 14 15 21 14
 6.405000E+02 2 0 0 0 0 0 0 0 0 1 0 0 21 21 14 11 18 16
 6.410000E+02 11 0 0 1 0 0 0 0 0 1 0 0 19 17 12 16 21 25
 6.415000E+02 8 0 0 0 0 0 0 0 0 0 0 0 18 21 14 18 18 21
 6.420000E+02 14 0 0 0 0 0 0 0 0 0 0 0 18 20 19 11 15 11
 6.425000E+02 10 0 0 0 0 0 0 0 0 0 0 0 16 19 21 17 18 18
 6.430000E+02 5 0 0 0 0 0 0 0 0 0 0 0 20 26 18 20 21 18
 6.435000E+02 9 0 0 0 0 0 0 0 0 0 0 0 16 24 14 17 15 17
 6.440000E+02 8 0 0 0 0 0 0 0 0 0 0 0 16 16 20 20 18 13
 6.445000E+02 8 0 0 0 0 0 0 0 0 0 0 0 19 19 20 22 17 8
 6.450000E+02 5 0 0 0 0 0 0 0 0 0 0 0 18 20 16 13 15 10
 6.455000E+02 9 0 0 0 0 0 0 0 0 0 0 0 19 19 13 18 13 17
 6.460000E+02 15 0 0 0 0 0 0 0 0 0 0 0 19 17 18 21 21 14
 6.465000E+02 8 0 0 0 0 0 0 0 0 0 0 0 20 13 19 15 16 17
 6.470000E+02 7 0 0 0 0 0 0 0 0 0 0 0 14 12 24 16 17 23
 6.475000E+02 11 0 0 0 0 0 0 0 0 0 0 0 13 23 26 10 17 22
 6.480000E+02 7 0 0 0 0 0 0 0 0 1 0 0 17 16 18 15 24 21
 6.485000E+02 15 0 0 0 0 0 0 0 0 0 0 0 24 16 14 14 21 24
 6.490000E+02 6 0 0 0 0 0 0 0 0 0 0 0 17 17 19 16 17 26
 6.495000E+02 8 0 0 0 0 0 0 0 0 0 0 0 15 13 24 24 21 21
 6.500000E+02 11 0 0 0 0 0 0 0 0 0 0 0 15 15 23 18 20 19
 6.505000E+02 9 0 0 0 0 0 0 0 0 0 0 0 20 15 17 20 24 12
 6.510000E+02 9 0 0 0 0 0 0 1 0 0 0 0 19 24 16 20 16 16
 6.515000E+02 8 0 0 0 0 0 0 0 0 0 0 0 19 18 22 23 13 20
 6.520000E+02 9 0 0 0 0 0 0 0 0 0 0 0 21 20 19 11 12 27
 6.525000E+02 7 0 0 0 0 0 0 0 0 0 0 0 22 25 16 11 13 21
 6.530000E+02 8 0 0 0 0 0 0 0 0 0 0 0 24 33 12 11 13 15
 6.535000E+02 10 0 0 0 0 0 0 0 0 0 0 0 22 33 9 13 18 9
 6.540000E+02 7 0 0 0 0 0 0 0 0 0 0 0 20 24 10 6 22 12
 6.545000E+02 11 0 0 1 0 0 0 0 0 0 0 0 22 24 17 14 23 17
 6.550000E+02 10 0 0 0 0 0 0 0 0 1 0 0 18 17 17 13 21 21
 6.555000E+02 11 0 0 0 0 0 0 0 0 1 0 0 12 20 26 14 18 20
 6.560000E+02 6 0 0 0 0 0 0 1 0 0 0 0 13 21 22 18 22 22
 6.565000E+02 8 0 0 0 0 0 0 0 0 1 0 0 22 12 18 20 17 13
 6.570000E+02 8 0 0 0 0 0 0 0 0 1 0 0 25 13 23 20 15 13
 6.575000E+02 9 0 0 0 0 0 0 0 0 1 0 0 20 12 23 18 17 17
 6.580000E+02 7 0 0 0 0 0 0 1 0 0 0 0 14 19 19 12 19 16
 6.585000E+02 7 0 0 0 0 0 0 0 0 0 0 0 24 16 22 10 20 17
 6.590000E+02 5 0 0 0 0 0 0 0 0 0 0 0 18 10 15 14 21 18
 6.595000E+02 4 0 0 0 0 0 0 0 0 0 0 0 16 13 23 14 17 22
 6.600000E+02 10 0 0 0 0 0 0 0 0 0 0 0 14 14 23 18 14 19
 6.605000E+02 12 0 0 0 0 0 0 0 0 0 0 0 13 15 20 12 18 20
 6.610000E+02 13 0 0 0 0 0 0 0 0 0 0 0 18 20 15 21 21 15
 6.615000E+02 9 0 0 0 0 0 0 0 0 0 0 0 20 12 17 14 11 27
 6.620000E+02 9 0 0 0 0 0 0 0 0 0 0 0 14 14 19 16 19 27
 6.625000E+02 7 0 0 0 0 0 0 0 0 0 0 0 17 17 22 15 14 23
 6.630000E+02 13 0 0 0 0 0 0 0 0 0 0 0 26 16 20 24 13 18
 6.635000E+02 7 0 0 0 0 0 0 0 0 0 0 0 27 17 18 16 9 21
 6.640000E+02 12 0 0 0 0 0 0 0 0 0 0 0 21 18 16 13 15 18
 6.645000E+02 7 0 0 0 0 0 0 0 0 0 0 0 20 18 14 14 17 20
 6.650000E+02 8 0 0 0 0 0 0 0 0 0 0 0 22 15 19 15 16 16
 6.655000E+02 5 0 0 0 0 0 0 0 0 0 0 0 15 20 14 19 22 15
 6.660000E+02 7 0 0 1 0 0 0 0 0 0 0 0 18 21 15 13 19 12
 6.665000E+02 7 0 0 0 0 0 0 1 0 0 0 0 24 19 17 19 20 15
 6.670000E+02 15 0 0 0 0 0 0 1 0 0 0 0 18 16 16 19 22 12
 6.675000E+02 10 0 0 0 0 0 0 0 0 1 0 0 22 21 10 15 18 15
 6.680000E+02 9 0 0 0 0 0 0 0 0 0 0 0 21 24 12 19 13 8
 6.685000E+02 10 0 0 0 0 0 0 0 0 0 0 0 16 21 18 20 21 14
 6.690000E+02 7 0 0 0 0 0 0 0 0 0 0 0 13 19 14 17 15 19
 6.695000E+02 7 0 0 0 0 0 0 0 0 0 0 0 13 15 20 16 17 23
 6.700000E+02 6 0 0 0 0 0 0 0 0 0 0 0 16 17 17 15 15 19
 6.705000E+02 11 0 0 0 0 0 0 0 0 0 0 0 17 16 19 18 14 22
 6.710000E+02 12 0 0 0 0 0 0 0 0 0 0 0 13 21 12 16 9 24
 6.715000E+02 12 0 0 0 0 0 0 0 0 0 0 0 15 19 19 19 13 18
 6.720000E+02 7 0 0 0 0 0 0 0 0 0 0 0 18 12 19 21 16 16
 6.725000E+02 8 0 0 0 0 0 0 0 0 0 0 0 9 16 28 15 17 18
 6.730000E+02 7 0 0 0 0 0 0 0 0 0 0 0 19 15 17 15 19 22
 6.735000E+02 13 0 0 0 0 0 0 0 0 0 0 0 13 18 9 18 18 18
 6.740000E+02 10 0 0 0 0 0 0 0 0 0 0 0 16 15 9 19 20 19
 6.745000E+02 5 0 0 0 0 0 0 0 0 0 0 0 14 16 21 16 19 21
 6.750000E+02 7 0 0 0 0 0 0 0 0 0 0 0 16 25 16 14 19 22
 6.755000E+02 9 0 0 0 0 0 0 0 0 0 0 0 9 19 19 20 21 20
 6.760000E+02 6 0 0 0 0 0 0 0 0 0 0 0 10 17 21 18 20 23
 6.765000E+02 8 0 0 0 0 0 0 0 0 0 0 0 14 16 23 20 14 16
 6.770000E+02 11 0 0 0 0 0 0 0 0 1 0 0 20 15 17 13 14 19
 6.775000E+02 7 0 0 0 0 0 0 0 0 1 0 0 15 24 19 18 20 16
 6.780000E+02 7 0 0 0 0 0 0 0 0 1 0 0 13 19 19 16 13 21
 6.785000E+02 8 0 0 0 0 0 0 1 0 0 0 0 8 20 24 16 11 19
 6.790000E+02 4 0 0 0 0 0 0 0 0 0 0 0 22 21 25 15 15 18
 6.795000E+02 10 0 0 0 0 0 0 0 0 0 0 0 20 14 18 16 17 16
 6.800000E+02 10 0 0 0 0 0 0 0 0 0 0 0 16 18 20 14 10 16
 6.805000E+02 7 0 0 0 0 0 0 0 0 0 0 0 16 13 20 15 19 22
 6.810000E+02 7 0 0 0 0 0 0 0 0 0 0 0 18 15 13 19 18 16
 6.815000E+02 9 0 0 0 0 0 0 0 0 0 0 0 18 12 20 16 24 15
 6.820000E+02 16 0 0 0 0 0 0 0 0 0 0 0 15 11 14 22 25 12
 6.825000E+02 9 0 0 0 0 0 0 0 0 0 0 0 21 12 15 24 26 15
 6.830000E+02 8 0 0 0 0 0 0 0 0 0 0 0 14 15 19 20 21 17
 6.835000E+02 12 0 0 0 0 0 0 0 0 0 0 0 21 20 17 16 23 16
 6.840000E+02 11 0 0 0 0 0 0 0 0 0 0 0 17 14 19 15 23 17
 6.845000E+02 11 0 0 0 0 0 0 0 0 0 0 0 20 13 18 16 17 19
 6.850000E+02 8 0 0 1 0 0 0 0 0 0 0 0 22 13 19 12 20 17
 6.855000E+02 12 0 0 0 0 0 0 0 0 1 0 0 17 13 17 24 15 20
 6.860000E+02 10 0 0 0 0 0 0 0 0 2 0 1 13 21 18 18 21 21
 6.865000E+02 11 0 0 0 0 0 0 1 0 2 0 0 13 18 17 21 15 20
 6.870000E+02 7 0 0 0 0 0 0 0 0 1 0 0 17 14 20 18 15 22
 6.875000E+02 8 0 0 0 0 0 0 0 0 1 0 0 19 24 19 16 18 12
 6.880000E+02 15 0 0 0 0 0 0 1 0 0 0 0 15 17 20 17 19 11
 6.885000E+02 14 0 0 0 0 0 0 0 0 1 0 0 17 19 15 15 20 16
 6.890000E+02 10 0 0 0 0 0 0 0 0 1 0 0 12 18 11 18 20 16
 6.895000E+02 10 0 0 0 0 0 0 0 0 0 0 0 16 19 16 18 18 12
 6.900000E+02 9 0 0 0 0 0 0 0 0 0 0 0 15 18 25 18 19 10
 6.905000E+02 10 0 0 0 0 0 0 0 0 0 0 0 21 21 20 13 25 12
 6.910000E+02 11 0 0 0 0 0 0 0 0 0 0 0 20 21 21 14 17 20
 6.915000E+02 8 0 0 0 0 0 0 0 0 0 0 0 16 20 14 18 18 16
 6.920000E+02 8 0 0 1 0 0 0 0 0 0 0 0 17 17 18 17 17 13
 6.925000E+02 6 0 0 0 0 0 0 0 0 0 0 0 15 18 21 18 17 12
 6.930000E+02 9 0 0 0 0 0 0 0 0 0 0 0 16 23 18 17 16 15
 6.935000E+02 9 0 0 0 0 0 0 0 0 1 0 0 17 26 17 22 17 14
 6.940000E+02 14 0 0 0 0 0 0 0 0 0 0 0 19 20 17 14 14 10
 6.945000E+02 11 0 0 0 0 0 0 0 0 0 0 0 21 19 17 22 18 12
 6.950000E+02 13 0 0 0 0 0 0 0 0 0 0 0 23 16 22 15 18 15
 6.955000E+02 11 0 0 0 0 0 0 0 0 0 0 0 18 18 24 17 22 16
 6.960000E+02 10 0 0 0 0 0 0 0 0 0 0 0 15 13 20 18 17 14
 6.965000E+02 7 0 0 0 0 0 0 0 0 0 0 0 19 21 19 16 13 19
 6.970000E+02 15 0 0 0 0 0 0 0 0 1 0 0 15 18 16 7 14 22
 6.975000E+02 11 0 0 0 0 0 0 0 0 0 0 0 16 19 16 14 16 18
 6.980000E+02 13 0 0 0 0 0 0 0 0 0 0 0 13 18 17 17 13 16
 6.985000E+02 6 0 0 0 0 0 0 0 0 1 0 0 17 17 20 12 18 16
 6.990000E+02 7 0 0 0 0 0 0 0 0 0 0 0 17 16 17 15 21 14
 6.995000E+02 9 0 0 0 0 0 0 0 0 0 0 0 16 22 15 11 17 17
 7.000000E+02 3 0 0 0 0 0 0 0 0 0 0 0 18 17 9 13 14 21
