# time 'Ca' 'D34:75:137_PP2ACa' 'D34:75:137_PP2APCa' 'D34:75_PP2ACa' 'D34:75_PP2APCa' 'D75:137_PP2ACa' 'D75:137_PP2APCa' 'D75_PP2ACa' 'D75_PP2APCa' 'PP2ACa' 'PP2ACa_PKA' 'PP2APCa' 'PP2BinactiveCa2_1' 'PP2BinactiveCa2_2' 'PP2BinactiveCa2_3' 'PP2BinactiveCa2_4' 'PP2BinactiveCa2_5' 'PP2BinactiveCa2_6'
 0.000000E+00 0 0 0 0 0 0 0 0 0 0 0 0 0 0 0 0 0 0
 5.000000E-01 2 0 0 0 0 0 0 0 0 0 0 0 0 1 0 0 0 0
 1.000000E+00 4 0 0 0 0 0 0 0 0 0 0 0 0 0 0 2 1 1
 1.500000E+00 0 0 0 0 0 0 0 0 0 0 0 0 1 0 2 2 2 1
 2.000000E+00 1 0 0 0 0 0 0 0 0 0 0 0 4 4 1 2 2 0
 2.500000E+00 4 0 0 0 0 0 0 0 0 0 0 0 3 3 2 2 3 1
 3.000000E+00 2 0 0 0 0 0 0 0 0 0 0 0 2 4 4 2 2 2
 3.500000E+00 2 0 0 0 0 0 0 0 0 0 0 0 2 4 3 2 6 1
 4.000000E+00 1 0 0 0 0 0 0 0 0 0 0 0 4 6 5 2 3 1
 4.500000E+00 1 0 0 0 0 0 0 0 0 0 0 0 2 4 7 3 5 2
 5.000000E+00 4 0 0 0 0 0 0 0 0 0 0 0 2 2 8 5 4 3
 5.500000E+00 6 0 0 0 0 0 0 0 0 0 0 0 5 3 5 4 2 5
 6.000000E+00 2 0 0 0 0 0 0 0 0 0 0 0 5 2 7 5 4 5
 6.500000E+00 4 0 0 0 0 0 0 0 0 0 0 0 3 3 7 6 3 6
 7.000000E+00 3 0 0 0 0 0 0 0 0 0 0 0 3 1 7 8 3 7
 7.500000E+00 3 0 0 0 0 0 0 0 0 0 0 0 2 5 7 7 4 3
 8.000000E+00 2 0 0 0 0 0 0 0 0 0 0 0 3 7 7 8 5 4
 8.500000E+00 3 0 0 0 0 0 0 0 0 0 0 0 5 11 7 7 3 2
 9.000000E+00 3 0 0 0 0 0 0 0 0 0 0 0 3 13 6 6 2 5
 9.500000E+00 4 0 0 0 0 0 0 0 0 0 0 0 2 12 4 5 8 9
 1.000000E+01 3 0 0 0 0 0 0 0 0 0 0 0 3 11 5 5 9 7
 1.050000E+01 2 0 0 0 0 0 0 0 0 0 0 0 5 6 7 8 10 6
 1.100000E+01 4 0 0 0 0 0 0 0 0 0 0 0 7 4 8 9 5 10
 1.150000E+01 5 0 0 0 0 0 0 0 0 0 0 0 7 3 9 6 8 14
 1.200000E+01 7 0 0 0 0 0 0 0 0 0 0 0 8 5 6 4 10 12
 1.250000E+01 3 0 0 0 0 0 0 0 0 0 0 0 6 8 8 5 10 15
 1.300000E+01 5 0 0 0 0 0 0 0 0 0 0 0 7 6 9 6 11 13
 1.350000E+01 7 0 0 0 0 0 0 0 0 0 0 0 3 9 7 5 13 12
 1.400000E+01 11 0 0 0 0 0 0 0 0 0 0 0 5 11 12 5 7 10
 1.450000E+01 7 0 0 0 0 0 0 0 0 0 0 0 4 11 9 11 7 8
 1.500000E+01 8 0 0 0 0 0 0 0 0 0 0 0 7 6 6 13 11 9
 1.550000E+01 5 0 0 0 0 0 0 0 0 0 0 0 8 3 9 10 15 11
 1.600000E+01 5 0 0 0 0 0 0 0 0 0 0 0 9 6 8 10 11 15
 1.650000E+01 6 0 0 0 0 0 0 0 0 0 0 0 12 5 7 7 12 14
 1.700000E+01 7 0 0 0 0 0 0 0 0 0 0 0 10 7 6 12 22 9
 1.750000E+01 4 0 0 0 0 0 0 0 0 0 0 0 7 8 10 16 19 7
 1.800000E+01 5 0 0 0 0 0 0 0 0 0 0 0 7 14 10 15 17 8
 1.850000E+01 7 0 0 0 0 0 0 0 0 0 0 0 6 17 10 16 14 9
 1.900000E+01 8 0 0 0 0 0 0 0 0 0 0 0 6 17 8 17 14 6
 1.950000E+01 8 0 0 0 0 0 0 0 0 0 0 0 5 17 11 15 10 5
 2.000000E+01 2 0 0 0 0 0 0 0 0 0 0 0 10 11 17 12 15 9
 2.050000E+01 9 0 0 0 0 0 0 0 0 0 0 0 8 10 12 15 12 10
 2.100000E+01 9 0 0 0 0 0 0 0 0 0 0 0 10 10 7 17 12 17
 2.150000E+01 10 0 0 0 0 0 0 0 0 0 0 0 12 10 12 14 9 12
 2.200000E+01 8 0 0 0 0 0 0 0 0 0 0 0 13 7 9 15 9 19
 2.250000E+01 8 0 0 0 0 0 0 0 0 0 0 0 16 10 12 16 8 13
 2.300000E+01 11 0 0 0 0 0 0 0 0 0 0 0 10 10 20 14 9 12
 2.350000E+01 8 0 0 0 0 0 0 0 0 0 0 0 12 8 17 11 12 16
 2.400000E+01 3 0 0 0 0 0 0 0 0 0 0 0 16 8 10 13 14 17
 2.450000E+01 5 0 0 0 0 0 0 0 0 0 0 0 17 10 10 15 10 17
 2.500000E+01 4 0 0 0 0 0 0 0 0 0 0 0 14 13 18 13 11 12
 2.550000E+01 3 0 0 0 0 0 0 0 0 0 0 0 14 14 17 16 14 12
 2.600000E+01 6 0 0 0 0 0 0 0 0 0 0 0 17 14 14 7 10 13
 2.650000E+01 5 0 0 0 0 0 0 0 0 0 0 0 14 16 15 10 7 13
 2.700000E+01 7 0 0 0 0 0 0 0 0 0 0 0 9 21 12 14 12 10
 2.750000E+01 15 0 0 0 0 0 0 0 0 0 0 0 7 17 12 16 14 14
 2.800000E+01 8 0 0 0 0 0 0 0 0 0 0 0 11 15 17 13 11 11
 2.850000E+01 7 0 0 0 0 0 0 0 0 0 0 0 16 15 12 17 13 11
 2.900000E+01 7 0 0 0 0 0 0 0 0 0 0 0 16 16 13 10 11 16
 2.950000E+01 5 0 0 0 0 0 0 0 0 0 0 0 14 13 8 11 18 18
 3.000000E+01 3 0 0 0 0 0 0 0 0 0 0 0 16 14 12 13 17 15
 3.050000E+01 7 0 0 0 0 0 0 0 0 0 0 0 16 20 11 18 11 13
 3.100000E+01 6 0 0 0 0 0 0 0 0 1 0 0 16 20 12 20 10 11
 3.150000E+01 12 0 0 0 0 0 0 0 0 0 0 0 19 18 12 18 11 10
 3.200000E+01 4 0 0 0 0 0 0 0 0 0 0 0 18 18 10 20 11 13
 3.250000E+01 6 0 0 0 0 0 0 0 0 0 0 0 14 15 10 16 15 15
 3.300000E+01 7 0 0 0 0 0 0 1 0 0 0 0 11 16 15 12 19 12
 3.350000E+01 6 0 0 0 0 0 0 0 0 1 0 0 8 13 20 13 22 9
 3.400000E+01 4 0 0 0 0 0 0 0 0 0 0 0 11 16 20 10 17 18
 3.450000E+01 4 0 0 0 0 0 0 0 0 0 0 0 13 16 15 11 15 11
 3.500000E+01 9 0 0 0 0 0 0 0 0 0 0 0 14 13 17 10 11 13
 3.550000E+01 7 0 0 0 0 0 0 0 0 0 0 0 16 12 17 11 12 15
 3.600000E+01 8 0 0 0 0 0 0 0 0 0 0 0 11 15 16 13 12 14
 3.650000E+01 5 0 0 0 0 0 0 0 0 0 0 0 14 20 18 15 8 14
 3.700000E+01 10 0 0 0 0 0 0 0 0 0 0 0 8 20 16 11 7 17
 3.750000E+01 5 0 0 0 0 0 0 0 0 0 0 0 15 14 18 15 12 13
 3.800000E+01 8 0 0 0 0 0 0 0 0 0 0 0 12 18 13 15 8 18
 3.850000E+01 5 0 0 0 0 0 0 0 0 0 0 0 11 16 10 17 5 15
 3.900000E+01 6 0 0 0 0 0 0 0 0 0 0 0 9 16 12 19 12 19
 3.950000E+01 6 0 0 0 0 0 0 0 0 0 0 0 5 12 13 15 16 17
 4.000000E+01 4 0 0 0 0 0 0 0 0 0 0 0 6 16 14 12 21 19
 4.050000E+01 7 0 0 0 0 0 0 0 0 0 0 0 11 16 16 8 19 19
 4.100000E+01 4 0 0 0 0 0 0 0 0 0 0 0 11 11 21 18 11 19
 4.150000E+01 8 0 0 0 0 0 0 0 0 0 0 0 12 12 25 16 13 20
 4.200000E+01 5 0 0 0 0 0 0 0 0 0 0 0 12 11 17 21 11 18
 4.250000E+01 9 0 0 0 0 0 0 0 0 0 0 0 14 14 19 15 16 20
 4.300000E+01 6 0 0 0 0 0 0 0 0 0 0 0 14 14 18 11 16 18
 4.350000E+01 6 0 0 0 0 0 0 0 0 0 0 0 20 15 15 15 15 15
 4.400000E+01 9 0 0 0 0 0 0 0 0 0 0 0 15 17 15 12 14 16
 4.450000E+01 5 0 0 0 0 0 0 0 0 0 0 0 12 12 19 12 17 19
 4.500000E+01 6 0 0 0 0 0 0 0 0 0 0 0 13 13 18 18 18 17
 4.550000E+01 8 0 0 0 0 0 0 0 0 0 0 0 16 17 13 15 19 14
 4.600000E+01 8 0 0 0 0 0 0 0 0 0 0 0 15 17 17 21 12 10
 4.650000E+01 6 0 0 0 0 0 0 0 0 0 0 0 12 17 12 18 15 14
 4.700000E+01 7 0 0 0 0 0 0 0 0 0 0 0 17 17 11 19 14 14
 4.750000E+01 6 0 0 0 0 0 0 0 0 0 0 0 17 13 18 10 17 11
 4.800000E+01 3 0 0 0 0 0 0 0 0 0 0 0 17 13 10 9 27 21
 4.850000E+01 3 0 0 0 0 0 0 0 0 1 0 0 13 13 9 11 24 26
 4.900000E+01 10 0 0 0 0 0 0 0 0 1 0 0 19 21 10 12 24 19
 4.950000E+01 11 0 0 0 0 0 0 0 0 0 0 0 17 21 13 8 23 12
 5.000000E+01 3 0 0 0 0 0 0 0 0 0 0 0 15 22 13 16 21 15
 5.050000E+01 9 0 0 0 0 0 0 0 0 0 0 0 19 13 12 15 22 20
 5.100000E+01 9 0 0 0 0 0 0 0 0 0 0 0 21 14 15 12 19 14
 5.150000E+01 7 0 0 0 0 0 0 0 0 0 0 0 17 10 18 14 19 16
 5.200000E+01 8 0 0 0 0 0 0 0 0 0 0 0 14 12 11 21 21 15
 5.250000E+01 6 0 0 0 0 0 0 0 0 0 0 0 16 17 14 21 14 15
 5.300000E+01 6 0 0 0 0 0 0 0 0 0 0 0 15 18 14 14 17 12
 5.350000E+01 8 0 0 0 0 0 0 0 0 0 0 0 10 23 24 8 21 12
 5.400000E+01 8 0 0 0 0 0 0 0 0 0 0 0 12 18 23 13 16 14
 5.450000E+01 8 0 0 0 0 0 0 0 0 1 0 0 14 19 17 16 22 14
 5.500000E+01 11 0 0 0 0 0 0 0 0 0 0 0 10 19 16 13 24 19
 5.550000E+01 6 0 0 0 0 0 0 0 0 0 0 0 12 13 23 14 17 21
 5.600000E+01 4 0 0 0 0 0 0 0 0 1 0 0 18 18 25 16 19 15
 5.650000E+01 6 0 0 0 0 0 0 0 0 0 0 0 17 17 15 17 21 15
 5.700000E+01 10 0 0 0 0 0 0 0 0 0 0 0 18 13 17 18 15 17
 5.750000E+01 8 0 0 0 0 0 0 1 0 0 0 0 9 20 15 22 12 19
 5.800000E+01 5 0 0 0 0 0 0 0 0 2 0 0 13 17 23 19 10 18
 5.850000E+01 11 0 0 0 0 0 0 0 0 2 0 0 17 14 19 18 15 11
 5.900000E+01 8 0 0 0 0 0 0 0 0 1 0 0 12 19 12 16 23 13
 5.950000E+01 3 0 0 0 0 0 0 0 0 1 0 0 15 12 10 16 17 14
 6.000000E+01 9 0 0 0 0 0 0 0 0 1 0 0 10 15 11 20 10 24
 6.050000E+01 12 0 0 0 0 0 0 0 0 1 0 0 16 15 13 19 16 16
 6.100000E+01 10 0 0 0 0 0 0 0 0 0 0 0 12 15 14 18 16 19
 6.150000E+01 7 0 0 0 0 0 0 0 0 0 0 0 19 14 13 12 17 21
 6.200000E+01 10 0 0 0 0 0 0 0 0 0 0 0 20 21 15 11 15 17
 6.250000E+01 6 0 0 0 0 0 0 0 0 0 0 0 19 20 14 17 14 19
 6.300000E+01 10 0 0 0 0 0 0 0 0 0 0 0 17 23 15 15 18 15
 6.350000E+01 6 0 0 0 0 0 0 0 0 0 0 0 13 17 15 17 19 18
 6.400000E+01 6 0 0 0 0 0 0 1 0 0 0 0 15 19 15 17 14 25
 6.450000E+01 7 0 0 0 0 0 0 0 0 1 0 0 18 21 15 18 16 22
 6.500000E+01 13 0 0 0 0 0 0 1 0 0 0 0 19 18 19 18 10 18
 6.550000E+01 10 0 0 0 0 0 0 0 0 1 0 0 27 9 12 21 17 21
 6.600000E+01 11 0 0 0 0 0 0 1 0 1 0 0 29 10 15 12 21 19
 6.650000E+01 4 0 0 0 0 0 0 0 0 1 0 0 22 16 12 10 23 20
 6.700000E+01 7 0 0 0 0 0 0 1 0 0 0 0 23 12 17 13 17 18
 6.750000E+01 14 0 0 0 0 0 0 1 0 0 0 0 13 14 18 20 19 22
 6.800000E+01 9 0 0 0 0 0 0 0 0 0 0 0 12 21 18 21 16 17
 6.850000E+01 11 0 0 0 0 0 0 0 0 0 0 0 18 18 25 18 16 14
 6.900000E+01 8 0 0 0 0 0 0 0 0 0 0 0 17 21 20 19 13 13
 6.950000E+01 6 0 0 0 0 0 0 1 0 0 0 0 20 16 23 15 13 12
 7.000000E+01 11 0 0 0 0 0 0 0 0 0 0 0 16 19 18 17 14 16
 7.050000E+01 8 0 0 0 0 0 0 0 0 1 0 0 17 24 23 15 13 19
 7.100000E+01 12 0 0 0 0 0 0 1 0 0 0 0 16 17 19 21 12 19
 7.150000E+01 4 0 0 0 0 0 0 0 0 1 0 0 9 24 24 18 10 19
 7.200000E+01 12 0 0 0 0 0 0 0 0 1 0 0 13 23 21 17 10 13
 7.250000E+01 6 0 0 0 0 1 0 0 0 1 0 0 20 24 24 13 10 14
 7.300000E+01 13 0 0 0 0 0 0 0 0 1 0 0 22 20 18 16 12 15
 7.350000E+01 12 0 0 0 0 0 0 0 0 2 0 0 26 15 22 21 12 19
 7.400000E+01 14 0 0 0 0 0 0 0 0 1 0 0 21 17 21 15 28 16
 7.450000E+01 11 0 0 0 0 0 0 1 0 0 0 0 21 15 16 15 23 12
 7.500000E+01 5 0 0 0 0 0 0 1 0 0 0 0 20 17 15 18 17 14
 7.550000E+01 8 0 0 0 0 0 0 1 0 0 0 0 20 21 11 17 12 21
 7.600000E+01 12 0 0 0 0 0 0 1 0 0 0 0 21 18 16 20 10 21
 7.650000E+01 8 0 0 0 0 0 0 0 0 0 0 0 18 25 15 13 18 23
 7.700000E+01 8 0 0 0 0 0 0 0 0 0 0 0 23 14 19 11 15 22
 7.750000E+01 13 0 0 0 0 0 0 1 0 0 0 0 15 18 17 10 15 26
 7.800000E+01 10 0 0 0 0 0 0 0 0 0 0 0 19 20 13 20 14 21
 7.850000E+01 5 0 0 0 0 0 0 0 0 0 0 0 22 14 20 18 9 21
 7.900000E+01 10 0 0 0 0 0 0 0 0 0 0 0 20 15 20 16 14 21
 7.950000E+01 8 0 0 0 0 0 0 0 0 0 0 0 21 19 23 18 16 17
 8.000000E+01 13 0 0 0 0 0 0 0 0 0 0 0 19 17 18 17 18 18
 8.050000E+01 3 0 0 0 0 0 0 0 0 0 0 0 22 20 20 18 18 19
 8.100000E+01 10 0 0 0 0 0 0 0 0 2 0 0 19 15 13 14 19 19
 8.150000E+01 8 0 0 0 0 0 0 1 0 1 0 0 14 16 19 18 19 20
 8.200000E+01 12 0 0 0 0 0 0 1 0 0 0 0 15 12 21 23 19 23
 8.250000E+01 5 0 0 0 0 0 0 0 0 1 0 0 22 12 19 21 16 20
 8.300000E+01 9 0 0 0 0 0 0 1 0 0 0 0 21 13 18 18 16 20
 8.350000E+01 10 0 0 0 0 0 0 0 0 1 0 0 24 18 17 17 14 22
 8.400000E+01 9 0 0 0 0 0 0 0 0 1 0 0 16 21 13 16 20 17
 8.450000E+01 11 0 0 0 0 0 0 0 0 1 0 0 15 16 18 16 20 15
 8.500000E+01 13 0 0 0 0 0 0 1 0 0 0 0 18 13 22 10 13 21
 8.550000E+01 11 0 0 0 0 0 0 0 0 0 0 0 16 18 17 12 19 18
 8.600000E+01 7 0 0 0 0 0 0 0 0 0 0 0 16 20 23 19 15 18
 8.650000E+01 3 0 0 0 0 0 0 0 0 0 0 0 14 24 17 23 18 20
 8.700000E+01 7 0 0 0 0 0 0 0 0 0 0 0 13 19 12 20 21 18
 8.750000E+01 6 0 0 0 0 0 0 0 0 0 0 0 13 24 18 21 18 18
 8.800000E+01 11 0 0 0 0 0 0 0 0 0 0 0 20 19 9 20 13 10
 8.850000E+01 5 0 0 0 0 0 0 0 0 0 0 0 24 18 20 18 18 15
 8.900000E+01 15 0 0 0 0 0 0 0 0 0 0 0 16 18 19 16 13 17
 8.950000E+01 11 0 0 0 0 0 0 0 0 1 0 0 19 17 22 18 19 13
 9.000000E+01 15 0 0 0 0 0 0 1 0 0 0 0 15 11 22 18 18 19
 9.050000E+01 4 0 0 0 0 0 0 0 0 0 0 0 17 9 28 17 18 13
 9.100000E+01 11 0 0 0 0 0 0 1 0 0 0 0 13 13 29 23 14 12
 9.150000E+01 14 0 0 0 0 0 0 0 0 1 0 0 21 15 22 18 9 16
 9.200000E+01 5 0 0 0 0 0 0 0 0 0 0 0 17 19 24 17 12 17
 9.250000E+01 10 0 0 0 0 0 0 0 0 0 0 0 9 17 25 20 18 16
 9.300000E+01 8 0 0 0 0 0 0 0 0 0 0 0 12 18 14 20 18 11
 9.350000E+01 11 0 0 0 0 0 0 0 0 0 0 0 14 17 18 20 17 16
 9.400000E+01 6 0 0 0 0 0 0 0 0 0 0 0 21 15 18 16 22 18
 9.450000E+01 6 0 0 0 0 0 0 0 0 0 0 0 16 15 16 17 17 15
 9.500000E+01 4 0 0 0 0 0 0 0 0 0 0 0 23 15 18 19 14 22
 9.550000E+01 8 0 0 0 0 0 0 0 0 0 0 0 16 11 13 18 18 20
 9.600000E+01 6 0 0 0 0 0 0 0 0 0 0 0 14 12 18 21 22 24
 9.650000E+01 7 0 0 0 0 0 0 0 0 0 0 0 20 15 16 20 28 19
 9.700000E+01 14 0 0 0 0 0 0 0 0 1 0 0 16 16 15 30 25 13
 9.750000E+01 8 0 0 0 0 0 0 0 0 0 0 0 16 18 13 16 26 18
 9.800000E+01 12 0 0 0 0 0 0 0 0 0 0 0 19 25 14 23 19 15
 9.850000E+01 9 0 0 0 0 0 0 0 0 0 0 0 24 17 19 22 23 12
 9.900000E+01 10 0 0 0 0 0 0 0 0 0 0 0 15 12 22 21 21 12
 9.950000E+01 13 0 0 0 0 0 0 0 0 0 0 0 21 19 20 16 19 13
 1.000000E+02 9 0 0 0 0 0 0 0 0 0 0 0 15 9 23 20 27 18
 1.005000E+02 11 0 0 0 0 0 0 0 0 1 0 0 14 10 22 19 17 23
 1.010000E+02 11 0 0 0 0 0 0 0 0 1 0 0 13 10 17 23 15 19
 1.015000E+02 9 0 0 0 0 0 0 1 0 1 0 0 19 17 24 17 15 18
 1.020000E+02 8 0 0 0 0 0 0 0 0 1 0 0 17 20 21 19 28 11
 1.025000E+02 7 0 0 0 0 0 0 1 0 0 0 0 16 21 19 21 23 19
 1.030000E+02 7 0 0 0 0 0 0 0 0 1 0 0 14 22 16 23 20 16
 1.035000E+02 12 0 0 0 0 0 0 0 0 0 0 0 20 22 24 19 12 18
 1.040000E+02 8 0 0 0 0 0 0 0 0 0 0 0 14 24 27 26 11 16
 1.045000E+02 11 0 0 0 0 0 0 0 0 0 0 0 19 18 24 28 14 12
 1.050000E+02 7 0 0 0 0 0 0 0 0 0 0 0 15 20 18 22 20 12
 1.055000E+02 8 0 0 0 0 0 0 0 0 0 0 0 16 28 21 24 21 17
 1.060000E+02 10 0 0 0 0 0 0 1 0 0 0 0 16 22 19 14 19 19
 1.065000E+02 15 0 0 0 0 0 0 2 0 0 0 0 19 18 17 20 14 21
 1.070000E+02 8 0 0 0 0 0 0 0 0 1 0 0 19 17 14 19 20 18
 1.075000E+02 6 0 0 0 0 0 0 0 0 0 0 0 16 22 21 13 21 15
 1.080000E+02 11 0 0 0 0 0 0 0 0 0 0 0 18 23 23 17 25 13
 1.085000E+02 12 0 0 0 0 0 0 0 0 0 0 0 20 16 19 19 27 18
 1.090000E+02 7 0 0 0 0 0 0 0 0 0 0 0 19 22 11 18 23 15
 1.095000E+02 13 0 0 0 0 0 0 0 0 0 0 0 16 23 16 15 13 17
 1.100000E+02 13 0 0 0 0 0 0 0 0 0 0 0 17 22 20 15 20 21
 1.105000E+02 14 0 0 0 0 0 0 0 0 0 0 0 20 17 25 11 19 21
 1.110000E+02 10 0 0 0 0 0 0 0 0 0 0 0 24 22 22 16 17 18
 1.115000E+02 13 0 0 0 0 0 0 0 0 0 0 0 20 22 21 27 17 13
 1.120000E+02 9 0 0 0 0 0 0 0 0 1 0 0 12 14 24 20 13 14
 1.125000E+02 9 0 0 0 0 0 0 0 0 1 0 0 12 14 25 19 14 14
 1.130000E+02 4 0 0 0 0 0 0 0 0 0 0 0 11 13 23 23 13 24
 1.135000E+02 11 0 0 0 0 0 0 0 0 0 0 0 20 17 28 21 12 20
 1.140000E+02 14 0 0 0 0 0 0 0 0 0 0 0 17 15 26 15 15 16
 1.145000E+02 12 0 0 0 0 0 0 0 0 0 0 0 14 17 22 14 17 22
 1.150000E+02 10 0 0 0 0 0 0 0 0 0 0 0 20 23 23 14 14 21
 1.155000E+02 9 0 0 0 0 0 0 1 0 0 0 0 18 19 19 13 18 18
 1.160000E+02 3 0 0 0 0 0 0 0 0 0 0 0 20 15 14 19 17 16
 1.165000E+02 15 0 0 0 0 0 0 0 0 0 0 0 19 18 18 13 19 18
 1.170000E+02 5 0 0 0 0 0 0 0 0 0 0 0 13 21 19 20 24 16
 1.175000E+02 12 0 0 0 0 0 0 0 0 1 0 0 18 18 23 26 23 8
 1.180000E+02 5 0 0 0 0 0 0 0 0 0 0 0 17 23 16 15 21 17
 1.185000E+02 13 0 0 0 0 0 0 1 0 0 0 0 17 28 22 17 16 17
 1.190000E+02 5 0 0 0 0 0 0 0 0 1 0 0 19 26 17 18 17 20
 1.195000E+02 9 0 0 0 0 0 0 0 0 0 0 0 18 25 18 17 22 17
 1.200000E+02 1 0 0 0 0 0 0 1 0 0 0 0 21 15 27 17 11 16
 1.205000E+02 11 0 0 0 0 0 0 0 0 2 0 0 19 15 24 17 20 18
 1.210000E+02 7 0 0 0 0 0 0 0 0 0 0 0 18 18 18 22 13 13
 1.215000E+02 10 0 0 0 0 0 0 0 0 0 0 0 21 19 21 16 14 21
 1.220000E+02 6 0 0 0 0 0 0 0 0 0 0 0 22 18 20 20 18 21
 1.225000E+02 7 0 0 0 0 0 0 0 0 0 0 0 16 24 23 15 16 20
 1.230000E+02 11 0 0 0 0 0 0 0 0 0 0 0 17 14 20 17 16 26
 1.235000E+02 13 0 0 0 0 0 0 0 0 0 0 0 11 15 32 15 17 20
 1.240000E+02 11 0 0 0 0 0 0 0 0 0 0 0 17 16 28 14 17 26
 1.245000E+02 5 0 0 0 0 0 0 0 0 0 0 0 18 13 29 18 19 21
 1.250000E+02 12 0 0 0 0 0 0 0 0 1 0 0 20 12 16 21 16 16
 1.255000E+02 6 0 0 0 0 0 0 0 0 0 0 0 20 16 20 15 18 11
 1.260000E+02 10 0 0 0 0 0 0 0 0 0 0 0 17 18 21 12 22 17
 1.265000E+02 9 0 0 0 0 0 0 0 0 0 0 0 20 24 15 19 29 11
 1.270000E+02 8 0 0 0 0 0 0 0 0 0 0 0 19 20 15 16 17 15
 1.275000E+02 8 0 0 0 0 0 0 1 0 1 0 0 22 26 16 12 15 14
 1.280000E+02 5 0 0 0 0 0 0 0 0 0 0 0 24 17 17 12 16 22
 1.285000E+02 16 0 0 0 0 0 0 0 0 0 0 0 19 16 18 15 15 24
 1.290000E+02 11 0 0 0 0 0 0 0 0 0 0 0 19 17 15 20 15 21
 1.295000E+02 7 0 0 0 0 0 0 0 0 0 0 0 21 18 22 9 17 17
 1.300000E+02 5 0 0 0 0 0 0 0 0 0 0 0 16 16 21 16 20 20
 1.305000E+02 9 0 0 0 0 0 0 0 0 0 0 0 22 13 19 20 20 20
 1.310000E+02 6 0 0 0 0 0 0 0 0 0 0 0 24 16 15 18 20 25
 1.315000E+02 10 0 0 0 0 0 0 0 0 0 0 0 18 25 9 15 23 19
 1.320000E+02 8 0 0 0 0 0 0 0 0 0 0 0 14 20 18 20 25 14
 1.325000E+02 10 0 0 0 0 0 0 0 0 1 0 0 13 17 17 24 18 9
 1.330000E+02 5 0 0 0 0 0 0 0 0 2 0 0 17 14 18 21 15 12
 1.335000E+02 9 0 0 0 0 0 0 0 0 1 0 0 21 13 18 18 27 15
 1.340000E+02 4 0 0 0 0 0 0 0 0 1 0 0 20 19 12 19 19 17
 1.345000E+02 14 0 0 0 0 0 0 0 0 0 0 0 19 15 13 15 20 15
 1.350000E+02 8 0 0 0 0 0 0 0 0 0 0 0 19 15 10 14 23 17
 1.355000E+02 14 0 0 0 0 0 0 0 0 0 0 0 16 20 15 18 20 18
 1.360000E+02 12 0 0 0 0 0 0 0 0 0 0 0 21 18 17 25 14 13
 1.365000E+02 9 0 0 0 0 0 0 0 0 0 0 0 24 20 15 23 11 14
 1.370000E+02 11 0 0 0 0 0 0 0 0 0 0 0 22 20 17 18 14 14
 1.375000E+02 14 0 0 0 0 0 0 0 0 0 0 0 15 21 20 14 18 18
 1.380000E+02 8 0 0 0 0 0 0 0 0 1 0 0 15 16 22 17 21 12
 1.385000E+02 9 0 0 0 0 0 0 0 0 0 0 0 10 15 23 23 22 14
 1.390000E+02 5 0 0 0 0 0 0 1 0 0 0 0 15 15 20 20 20 12
 1.395000E+02 7 0 0 0 0 0 0 0 0 1 0 0 19 20 19 14 16 12
 1.400000E+02 6 0 0 0 0 0 0 0 0 1 0 0 21 20 21 15 20 14
 1.405000E+02 8 0 0 0 0 0 0 0 0 1 0 0 13 19 23 19 23 13
 1.410000E+02 7 0 0 0 0 0 0 1 0 0 0 0 19 20 24 19 17 20
 1.415000E+02 9 0 0 0 0 0 0 1 0 0 0 0 20 18 23 18 17 16
 1.420000E+02 16 0 0 0 0 0 0 0 0 0 0 0 23 13 21 12 20 17
 1.425000E+02 9 0 0 0 0 0 0 0 0 0 0 0 25 10 20 16 25 19
 1.430000E+02 11 0 0 0 0 0 0 0 0 1 0 0 22 14 11 18 24 14
 1.435000E+02 10 0 0 0 0 0 0 0 0 1 0 0 22 16 17 23 21 17
 1.440000E+02 11 0 0 0 0 0 0 0 0 1 0 0 18 19 19 18 18 13
 1.445000E+02 7 0 0 0 0 0 0 1 0 0 0 0 16 17 20 17 21 10
 1.450000E+02 6 0 0 0 0 0 0 0 0 1 0 0 17 15 17 19 19 16
 1.455000E+02 10 0 0 0 0 0 0 0 0 0 0 0 19 15 15 19 20 17
 1.460000E+02 7 0 0 0 0 0 0 0 0 0 0 0 18 11 19 15 21 12
 1.465000E+02 13 0 0 0 0 0 0 0 0 0 0 0 18 21 19 14 22 13
 1.470000E+02 6 0 0 0 0 0 0 0 0 0 0 0 15 12 19 18 22 18
 1.475000E+02 15 0 0 0 0 0 0 0 0 0 0 0 16 19 16 18 18 18
 1.480000E+02 7 0 0 0 0 0 0 0 0 0 0 0 22 22 11 15 19 10
 1.485000E+02 12 0 0 0 0 0 0 0 0 0 0 0 19 26 19 21 19 6
 1.490000E+02 7 0 0 0 0 0 0 0 0 0 0 0 18 21 15 20 18 14
 1.495000E+02 7 0 0 0 0 0 0 0 0 0 0 0 16 24 20 15 19 10
 1.500000E+02 4 0 0 0 0 0 0 0 0 0 0 0 12 25 19 16 14 16
 1.505000E+02 6 0 0 0 0 0 0 0 0 0 0 0 13 30 16 14 17 14
 1.510000E+02 6 0 0 0 0 0 0 0 0 1 0 0 16 23 17 15 18 18
 1.515000E+02 9 0 0 0 0 0 0 1 0 0 0 0 17 18 16 15 14 19
 1.520000E+02 12 0 0 0 0 0 0 0 0 1 0 0 17 23 17 20 9 21
 1.525000E+02 9 0 0 0 0 0 0 0 0 0 0 0 17 28 20 17 12 13
 1.530000E+02 7 0 0 0 0 0 0 0 0 0 0 0 21 20 20 17 10 19
 1.535000E+02 10 0 0 0 0 0 0 0 0 0 0 0 19 11 12 21 15 25
 1.540000E+02 14 0 0 0 0 0 0 0 0 0 0 0 16 11 14 23 18 20
 1.545000E+02 11 0 0 0 0 0 0 0 0 0 0 0 23 13 17 14 21 24
 1.550000E+02 13 0 0 0 0 0 0 1 0 0 0 0 14 17 10 18 19 20
 1.555000E+02 8 0 0 0 0 0 0 0 0 0 0 0 22 17 19 22 13 18
 1.560000E+02 6 0 0 0 0 0 0 0 0 0 0 0 15 12 18 19 13 26
 1.565000E+02 11 0 0 0 0 0 0 0 0 0 0 0 18 15 24 12 18 19
 1.570000E+02 10 0 0 0 0 0 0 0 0 1 0 0 20 15 21 15 21 17
 1.575000E+02 6 0 0 0 0 0 0 0 0 1 0 0 19 19 18 17 21 15
 1.580000E+02 10 0 0 0 0 0 0 0 0 0 0 0 19 22 18 17 23 23
 1.585000E+02 7 0 0 0 0 0 0 0 0 0 0 0 17 20 16 13 20 23
 1.590000E+02 11 0 0 0 0 0 0 1 0 0 0 0 20 15 22 16 16 18
 1.595000E+02 12 0 0 0 0 0 0 0 0 0 0 0 17 15 24 16 11 21
 1.600000E+02 5 0 0 0 0 0 0 0 0 0 0 0 12 23 20 21 21 21
 1.605000E+02 14 0 0 0 0 0 0 0 0 0 0 0 16 23 20 17 16 21
 1.610000E+02 7 0 0 0 0 0 0 0 0 0 0 0 14 21 18 26 16 14
 1.615000E+02 12 0 0 0 0 0 0 0 0 0 0 0 13 17 23 17 25 18
 1.620000E+02 9 0 0 0 0 0 0 0 0 1 0 0 24 19 18 17 13 27
 1.625000E+02 6 0 0 0 0 0 0 0 0 1 0 0 15 22 16 12 14 18
 1.630000E+02 13 0 0 0 0 0 0 1 0 0 0 0 22 24 13 15 19 21
 1.635000E+02 7 0 0 0 0 0 0 0 0 1 0 0 21 16 16 19 16 17
 1.640000E+02 8 0 0 0 0 0 0 0 0 1 0 0 17 18 18 15 25 14
 1.645000E+02 6 0 0 0 0 0 0 0 0 2 0 0 22 19 12 14 23 15
 1.650000E+02 12 0 0 0 0 0 0 0 0 1 0 0 20 20 17 15 18 18
 1.655000E+02 12 0 0 0 0 0 0 0 0 0 0 0 20 18 20 16 18 26
 1.660000E+02 13 0 0 0 0 0 0 0 0 0 0 0 14 16 12 17 16 23
 1.665000E+02 9 0 0 0 0 0 0 0 0 0 0 0 19 17 21 10 20 21
 1.670000E+02 4 0 0 0 0 0 0 1 0 0 0 0 26 15 18 20 18 18
 1.675000E+02 8 0 0 0 0 0 0 0 0 0 0 0 26 18 16 23 14 16
 1.680000E+02 9 0 0 0 0 0 0 0 0 0 0 0 21 12 19 24 22 10
 1.685000E+02 15 0 0 0 0 0 0 0 0 0 0 0 19 18 19 25 21 8
 1.690000E+02 11 0 0 0 0 0 0 0 0 0 0 0 16 15 28 18 29 11
 1.695000E+02 7 0 0 0 0 0 0 0 0 0 0 0 11 18 29 16 21 17
 1.700000E+02 12 0 0 0 0 0 0 0 0 0 0 0 18 24 16 16 20 15
 1.705000E+02 16 0 0 0 0 0 0 0 0 0 0 0 20 23 12 11 21 15
 1.710000E+02 16 0 0 0 0 0 0 0 0 0 0 0 21 18 18 18 23 13
 1.715000E+02 9 0 0 0 0 0 0 0 0 0 0 0 16 22 22 19 25 11
 1.720000E+02 6 0 0 0 0 0 0 0 0 0 0 0 16 19 20 20 27 17
 1.725000E+02 10 0 0 0 0 0 0 0 0 0 0 0 13 19 22 19 19 21
 1.730000E+02 11 0 0 0 0 0 0 0 0 0 0 0 16 16 17 22 20 15
 1.735000E+02 8 0 0 0 0 0 0 0 0 0 0 0 14 16 14 25 27 16
 1.740000E+02 8 0 0 0 0 0 0 0 0 1 0 0 16 14 13 21 27 24
 1.745000E+02 9 0 0 0 0 0 0 0 0 1 0 0 23 18 17 15 25 15
 1.750000E+02 7 0 0 0 0 0 0 0 0 0 0 0 18 18 21 19 21 16
 1.755000E+02 10 0 0 0 0 0 0 0 0 0 0 0 22 16 20 15 19 19
 1.760000E+02 12 0 0 0 0 0 0 0 0 0 0 0 17 18 25 17 21 15
 1.765000E+02 10 0 0 0 0 0 0 0 0 0 0 0 19 20 24 23 19 17
 1.770000E+02 10 0 0 0 0 0 0 1 0 0 0 0 14 13 23 20 26 20
 1.775000E+02 10 0 0 0 0 0 0 0 0 1 0 0 26 20 16 17 24 18
 1.780000E+02 10 0 0 0 0 0 0 0 0 1 0 0 20 22 13 15 27 18
 1.785000E+02 9 0 0 0 0 0 0 0 0 1 0 0 21 18 12 21 17 25
 1.790000E+02 8 0 0 0 0 0 0 0 0 1 0 0 15 17 14 23 29 20
 1.795000E+02 14 0 0 0 0 0 0 1 0 0 0 0 16 11 15 24 30 27
 1.800000E+02 12 0 0 0 0 0 0 1 0 0 0 0 22 13 20 15 29 22
 1.805000E+02 7 0 0 0 0 0 0 1 0 1 0 0 23 15 19 21 23 18
 1.810000E+02 10 0 0 0 0 0 0 0 0 1 0 0 18 12 20 21 31 16
 1.815000E+02 14 0 0 0 0 0 0 0 0 1 0 0 17 11 26 25 23 14
 1.820000E+02 11 0 0 0 0 0 0 1 0 0 0 0 20 14 21 18 22 11
 1.825000E+02 11 0 0 0 0 0 0 0 0 0 0 0 15 17 16 18 25 22
 1.830000E+02 12 0 0 0 0 0 0 0 0 0 0 0 20 16 21 15 23 19
 1.835000E+02 8 0 0 0 0 0 0 0 0 0 0 0 15 20 21 19 26 20
 1.840000E+02 13 0 0 0 0 1 0 0 0 0 0 0 15 21 20 19 25 15
 1.845000E+02 18 0 0 0 0 0 0 0 0 1 0 0 18 14 26 16 25 14
 1.850000E+02 10 0 0 0 0 0 0 0 0 1 0 0 27 15 21 18 17 25
 1.855000E+02 11 0 0 0 0 0 0 0 0 0 0 0 24 15 21 11 12 21
 1.860000E+02 8 0 0 0 0 0 0 0 0 0 0 0 17 14 14 20 18 31
 1.865000E+02 10 0 0 0 0 0 0 0 0 0 0 0 27 18 14 13 21 22
 1.870000E+02 10 0 0 0 0 0 0 0 0 0 0 0 26 18 15 18 19 22
 1.875000E+02 6 0 0 0 0 0 0 0 0 0 0 0 32 16 13 16 17 25
 1.880000E+02 10 0 0 0 0 0 0 0 0 0 0 0 28 11 20 14 20 22
 1.885000E+02 6 0 0 0 0 0 0 0 0 0 0 0 23 10 17 19 23 24
 1.890000E+02 9 0 0 0 0 0 0 0 0 0 0 0 18 19 15 17 16 20
 1.895000E+02 8 0 0 0 0 0 0 0 0 0 0 0 16 20 18 14 18 27
 1.900000E+02 10 0 0 0 0 0 0 0 0 1 0 0 15 15 25 16 11 21
 1.905000E+02 12 0 0 0 0 0 0 0 0 0 0 0 19 19 19 15 16 28
 1.910000E+02 6 0 0 0 0 0 0 0 0 0 0 0 18 20 20 17 16 23
 1.915000E+02 9 0 0 0 0 0 0 1 0 0 0 0 17 22 24 14 11 15
 1.920000E+02 4 0 0 0 0 0 0 0 0 0 0 0 23 19 24 17 11 25
 1.925000E+02 15 0 0 0 0 0 0 0 0 0 0 0 16 18 26 22 14 22
 1.930000E+02 8 0 0 0 0 0 0 0 0 0 0 0 12 18 21 20 18 16
 1.935000E+02 10 0 0 0 0 0 0 0 0 1 0 0 11 17 14 21 20 19
 1.940000E+02 11 0 0 0 0 0 0 0 0 0 0 0 13 19 14 27 21 19
 1.945000E+02 9 0 0 0 0 0 0 0 0 0 0 0 14 24 17 21 16 16
 1.950000E+02 8 0 0 0 0 0 0 0 0 0 0 0 22 18 12 22 19 19
 1.955000E+02 13 0 0 0 0 0 0 0 0 0 0 0 24 18 11 23 20 18
 1.960000E+02 10 0 0 0 0 0 0 0 0 0 0 0 22 15 14 22 17 18
 1.965000E+02 8 0 0 0 0 0 0 0 0 0 0 0 18 25 16 22 15 15
 1.970000E+02 12 0 0 0 0 0 0 0 0 0 0 0 24 17 19 14 12 14
 1.975000E+02 7 0 0 0 0 0 0 0 0 0 0 0 24 15 12 20 18 18
 1.980000E+02 7 0 0 0 0 0 0 0 0 0 0 0 26 25 13 19 12 17
 1.985000E+02 6 0 0 0 0 0 0 0 0 0 0 0 21 21 17 22 12 11
 1.990000E+02 9 0 0 0 0 0 0 0 0 0 0 0 17 19 21 17 16 15
 1.995000E+02 9 0 0 0 0 0 0 0 0 0 0 0 20 22 19 21 14 16
 2.000000E+02 12 0 0 0 0 0 0 1 0 0 0 0 13 20 22 18 9 16
 2.005000E+02 7 0 0 0 0 0 0 0 0 0 0 0 13 20 13 16 19 18
 2.010000E+02 7 0 0 0 0 0 0 0 0 0 0 1 21 18 13 10 20 24
 2.015000E+02 8 0 0 0 0 0 0 1 0 0 0 0 18 14 20 18 14 21
 2.020000E+02 11 0 0 0 0 0 0 0 0 0 0 1 19 15 18 18 13 17
 2.025000E+02 3 0 0 0 0 0 0 1 0 0 1 0 19 18 17 20 16 13
 2.030000E+02 7 0 0 0 0 0 0 1 0 2 0 0 23 15 15 18 13 17
 2.035000E+02 8 0 0 0 0 0 0 2 0 2 0 0 21 12 25 17 15 11
 2.040000E+02 11 0 0 0 0 0 0 0 0 1 1 1 11 15 17 13 17 17
 2.045000E+02 9 0 0 0 0 0 0 0 0 1 1 0 18 15 14 14 18 18
 2.050000E+02 14 0 0 0 0 0 0 0 1 1 0 0 8 18 13 15 18 13
 2.055000E+02 10 0 0 0 0 0 0 1 0 1 0 1 12 16 14 13 13 9
 2.060000E+02 11 0 0 0 0 0 0 1 0 0 0 1 21 18 14 17 20 12
 2.065000E+02 7 0 0 0 0 0 0 0 0 0 0 0 17 29 9 18 17 12
 2.070000E+02 7 0 0 0 0 0 0 0 0 0 0 0 25 19 11 14 16 14
 2.075000E+02 12 0 0 0 0 0 0 0 0 0 0 0 15 17 19 11 18 16
 2.080000E+02 10 0 0 0 0 0 0 0 0 0 0 0 8 17 25 13 18 13
 2.085000E+02 11 0 0 0 0 0 0 0 0 0 0 0 12 20 20 15 18 8
 2.090000E+02 8 0 0 0 0 0 0 0 0 0 0 0 13 11 17 24 19 8
 2.095000E+02 10 0 0 0 0 0 0 0 0 0 0 0 13 18 18 25 14 20
 2.100000E+02 9 1 0 0 0 0 0 0 0 0 0 0 14 18 18 20 24 16
 2.105000E+02 7 0 0 0 0 0 0 0 0 0 0 0 15 21 15 18 20 17
 2.110000E+02 10 0 0 0 0 0 0 0 0 0 0 0 16 18 11 21 17 11
 2.115000E+02 4 0 0 0 0 0 0 0 0 1 0 0 17 14 18 14 18 14
 2.120000E+02 7 0 0 0 0 0 0 0 0 0 0 0 13 15 24 17 14 11
 2.125000E+02 10 0 0 0 0 0 0 0 0 0 0 0 23 16 22 16 18 9
 2.130000E+02 12 0 0 0 0 0 0 0 0 0 0 0 25 25 14 20 15 7
 2.135000E+02 9 0 0 0 0 0 0 0 0 0 0 0 22 20 12 23 16 9
 2.140000E+02 7 0 0 0 0 0 0 0 0 0 0 0 19 18 15 25 14 17
 2.145000E+02 14 0 0 0 0 0 0 0 0 1 0 1 16 15 10 17 17 17
 2.150000E+02 5 0 0 0 0 0 0 0 0 2 0 0 18 15 10 17 19 16
 2.155000E+02 7 0 0 0 0 0 0 0 0 2 0 0 14 19 10 21 23 14
 2.160000E+02 8 0 0 0 0 0 0 0 0 1 1 0 12 24 11 16 18 20
 2.165000E+02 7 0 0 0 0 0 0 0 0 1 1 1 18 19 15 14 18 18
 2.170000E+02 3 0 0 2 0 0 0 1 0 0 0 0 22 17 13 18 19 19
 2.175000E+02 5 0 1 1 0 0 0 0 0 0 0 0 20 22 17 15 18 17
 2.180000E+02 16 0 0 1 1 0 0 0 0 0 0 0 22 16 20 17 18 15
 2.185000E+02 14 0 0 0 0 0 0 0 0 1 0 0 21 14 13 21 24 12
 2.190000E+02 5 0 0 0 0 0 0 0 0 1 0 0 25 12 13 23 20 13
 2.195000E+02 6 0 0 1 0 0 0 0 0 0 0 0 24 16 18 21 19 8
 2.200000E+02 12 0 0 0 0 0 0 0 0 1 0 0 15 15 19 19 25 8
 2.205000E+02 10 0 0 1 0 0 0 0 0 1 0 0 20 14 11 22 19 11
 2.210000E+02 8 0 0 1 0 0 0 0 0 0 0 0 14 20 11 19 20 13
 2.215000E+02 8 0 0 1 0 0 0 0 0 0 0 0 13 15 10 22 14 12
 2.220000E+02 7 0 0 0 0 0 0 0 0 0 0 0 13 17 16 21 12 15
 2.225000E+02 12 0 0 0 0 0 0 0 0 0 0 0 15 19 19 19 12 10
 2.230000E+02 9 0 0 0 0 0 0 0 0 0 0 0 20 18 14 11 15 12
 2.235000E+02 10 0 0 0 0 0 0 0 0 1 0 0 17 15 13 13 16 13
 2.240000E+02 2 0 0 0 0 0 0 0 0 1 0 0 17 16 17 16 18 21
 2.245000E+02 9 0 0 0 0 0 0 0 0 1 0 0 14 18 15 12 28 16
 2.250000E+02 9 0 0 0 0 0 0 0 0 1 0 0 17 12 16 20 24 19
 2.255000E+02 12 0 0 0 0 0 0 0 0 0 0 0 16 16 12 27 19 15
 2.260000E+02 10 0 0 0 0 0 0 0 0 0 0 0 16 16 16 15 27 16
 2.265000E+02 6 0 0 0 0 0 0 0 0 0 0 0 15 16 16 19 16 23
 2.270000E+02 11 0 0 0 0 0 0 0 0 0 0 0 7 19 16 16 11 16
 2.275000E+02 9 0 0 0 0 0 0 0 0 0 0 0 17 17 16 13 18 26
 2.280000E+02 10 0 0 0 0 0 0 0 0 1 0 0 19 19 20 12 15 19
 2.285000E+02 12 0 0 0 0 0 0 0 0 1 0 0 14 20 17 14 13 23
 2.290000E+02 13 0 0 0 0 0 0 0 0 1 0 0 18 15 19 19 14 16
 2.295000E+02 10 0 0 0 0 0 0 0 0 0 1 0 15 14 24 19 11 20
 2.300000E+02 10 0 0 0 0 0 0 0 0 2 0 0 18 17 22 15 14 15
 2.305000E+02 8 0 0 0 0 0 0 0 0 2 0 0 15 12 19 20 11 12
 2.310000E+02 7 0 0 0 0 0 0 0 0 0 0 0 23 13 16 23 7 12
 2.315000E+02 9 0 0 0 0 0 0 0 0 0 0 0 19 15 19 18 11 17
 2.320000E+02 7 0 0 0 0 0 0 0 0 0 0 0 15 22 17 16 19 15
 2.325000E+02 9 0 0 0 0 0 0 0 0 0 0 0 18 24 10 18 15 11
 2.330000E+02 7 0 0 0 0 0 0 0 0 0 0 0 19 20 19 17 8 14
 2.335000E+02 12 0 0 0 0 0 0 0 0 0 0 0 18 12 17 18 14 22
 2.340000E+02 7 0 0 0 0 0 0 0 0 0 0 0 12 13 27 15 12 20
 2.345000E+02 12 0 0 0 0 0 0 0 0 0 0 0 11 21 14 13 22 19
 2.350000E+02 12 0 0 0 0 0 0 0 0 0 0 0 12 20 12 16 23 23
 2.355000E+02 13 0 0 0 0 0 0 0 0 1 0 0 17 19 16 18 11 13
 2.360000E+02 11 0 0 1 0 0 0 0 0 0 0 0 20 14 14 19 11 17
 2.365000E+02 11 0 0 0 0 0 0 0 0 1 0 0 17 14 14 18 15 23
 2.370000E+02 8 0 0 0 0 0 0 0 0 1 0 0 23 16 20 14 17 9
 2.375000E+02 10 0 0 0 0 0 0 0 0 1 0 0 19 9 18 19 26 19
 2.380000E+02 11 0 0 0 0 0 0 0 0 0 0 0 16 14 30 13 26 20
 2.385000E+02 7 0 0 0 0 0 0 0 0 0 0 0 14 15 21 15 25 20
 2.390000E+02 11 0 0 0 0 0 0 0 0 0 0 0 16 10 23 9 18 13
 2.395000E+02 9 0 0 0 0 0 0 0 0 0 0 0 14 17 21 11 20 15
 2.400000E+02 8 0 0 0 0 0 0 0 0 0 1 0 15 20 20 15 22 12
 2.405000E+02 10 0 0 0 0 0 0 0 0 1 0 0 17 18 18 15 28 8
 2.410000E+02 12 0 0 0 0 0 0 0 0 0 0 0 21 28 18 8 14 15
 2.415000E+02 15 0 0 0 0 0 0 0 0 0 0 0 18 24 27 16 17 17
 2.420000E+02 10 0 0 0 0 0 0 0 0 0 0 0 21 13 21 23 11 23
 2.425000E+02 12 0 0 0 0 0 0 0 0 0 0 0 20 12 19 16 12 18
 2.430000E+02 9 0 0 0 0 0 0 0 0 0 0 0 21 12 17 18 12 26
 2.435000E+02 9 0 0 0 0 0 0 0 0 0 0 0 21 15 12 18 12 29
 2.440000E+02 11 0 0 0 0 0 0 0 0 0 0 0 15 22 14 25 11 24
 2.445000E+02 11 0 0 0 0 0 0 0 0 0 0 0 12 16 27 21 10 20
 2.450000E+02 12 0 0 0 0 0 0 0 0 0 0 0 11 20 26 26 10 20
 2.455000E+02 7 0 0 0 0 0 0 0 0 0 0 0 12 13 20 21 8 25
 2.460000E+02 9 0 0 0 0 0 0 0 0 0 0 0 16 15 18 21 14 23
 2.465000E+02 7 0 0 0 0 0 0 0 0 0 0 0 11 13 17 15 18 19
 2.470000E+02 12 0 0 0 0 0 0 0 0 1 0 0 17 18 14 15 20 11
 2.475000E+02 8 0 0 0 0 0 0 0 0 0 0 0 15 22 17 16 20 11
 2.480000E+02 8 0 0 0 0 0 0 0 0 0 0 0 11 27 13 18 21 16
 2.485000E+02 10 0 0 0 0 0 0 0 0 0 0 0 18 25 19 12 21 9
 2.490000E+02 8 0 0 0 0 0 0 0 0 0 0 0 22 23 19 17 17 12
 2.495000E+02 13 0 0 0 0 0 0 0 0 0 0 0 17 16 23 12 22 12
 2.500000E+02 14 0 0 0 0 0 0 0 0 0 0 0 17 20 23 16 18 19
 2.505000E+02 1141 0 0 4 0 0 0 0 0 6 0 0 0 0 0 0 1 0
 2.510000E+02 1823 2 1 4 0 0 0 3 0 13 0 1 0 0 0 0 0 0
 2.515000E+02 2133 0 0 7 0 0 0 1 0 30 0 1 0 0 0 0 0 0
 2.520000E+02 2326 0 0 6 0 2 0 1 0 28 1 1 0 0 0 0 1 0
 2.525000E+02 1037 1 0 5 1 0 0 4 0 28 0 0 0 0 0 0 0 0
 2.530000E+02 439 1 1 7 0 0 0 3 0 20 0 0 0 0 0 0 0 0
 2.535000E+02 216 0 0 6 1 0 0 3 0 12 0 0 0 0 0 0 0 0
 2.540000E+02 102 0 0 2 1 0 0 1 0 12 0 0 1 0 2 2 3 1
 2.545000E+02 1355 0 0 6 0 0 0 1 0 10 0 0 0 0 0 0 0 0
 2.550000E+02 1914 0 0 0 0 0 0 2 0 27 0 0 0 0 0 0 0 0
 2.555000E+02 2073 2 0 3 0 0 0 4 0 27 1 0 0 0 0 0 0 0
 2.560000E+02 2276 0 0 3 0 0 0 3 1 25 0 0 0 0 0 0 0 0
 2.565000E+02 1025 0 0 3 1 0 0 1 0 28 2 0 0 0 0 0 0 0
 2.570000E+02 440 1 0 3 0 0 0 1 0 28 0 0 0 0 0 0 0 0
 2.575000E+02 205 1 0 3 0 0 0 3 0 12 1 0 1 1 0 0 0 0
 2.580000E+02 99 0 0 0 0 1 0 2 0 9 0 0 2 1 1 0 1 1
 2.585000E+02 1367 1 0 2 0 0 0 1 0 13 0 0 0 0 0 0 0 0
 2.590000E+02 1961 0 0 3 0 0 0 6 0 21 0 0 0 0 0 0 0 0
 2.595000E+02 2120 0 0 1 0 0 0 7 0 35 0 1 0 0 0 0 0 0
 2.600000E+02 2185 2 0 5 0 1 0 6 1 31 2 0 0 0 0 0 0 0
 2.605000E+02 941 1 0 0 0 0 0 5 0 38 0 1 0 0 0 1 0 0
 2.610000E+02 391 0 0 4 0 0 0 8 0 26 1 0 1 0 0 0 0 0
 2.615000E+02 161 2 0 0 0 1 0 6 0 21 0 0 0 0 0 1 0 0
 2.620000E+02 94 1 0 0 0 1 0 3 1 21 0 0 5 2 1 0 1 2
 2.625000E+02 1330 0 0 2 0 0 0 2 0 28 1 0 0 0 0 0 0 0
 2.630000E+02 1859 2 0 1 0 1 0 3 0 32 0 0 0 0 0 0 0 0
 2.635000E+02 2107 0 0 3 0 2 0 7 0 31 0 0 0 0 0 0 0 0
 2.640000E+02 2299 1 0 0 0 5 0 3 0 37 1 0 0 1 0 0 0 0
 2.645000E+02 984 1 0 3 0 1 0 8 0 32 0 0 0 0 0 0 1 0
 2.650000E+02 425 0 0 0 0 4 0 7 0 16 0 0 0 0 0 0 1 0
 2.655000E+02 204 2 0 1 0 0 0 2 0 9 0 0 1 1 0 0 0 0
 2.660000E+02 99 0 0 0 0 1 0 1 0 12 0 0 0 4 4 2 1 2
 2.665000E+02 1333 1 0 0 0 0 0 2 0 20 0 0 0 0 0 0 0 0
 2.670000E+02 1887 0 0 0 0 1 1 9 0 22 1 0 0 0 0 0 0 0
 2.675000E+02 2113 1 0 1 0 2 0 2 0 36 0 1 0 0 0 0 0 0
 2.680000E+02 2302 1 0 1 0 4 0 3 0 34 0 1 0 0 0 0 0 0
 2.685000E+02 988 0 0 0 0 1 0 4 0 35 0 0 0 0 0 0 0 0
 2.690000E+02 417 1 0 1 1 3 0 7 0 15 0 0 0 0 1 0 0 0
 2.695000E+02 188 0 0 0 0 1 0 0 0 17 0 0 0 1 1 0 1 0
 2.700000E+02 105 1 0 0 0 0 0 3 0 7 0 0 6 3 2 2 4 0
 2.705000E+02 1337 1 0 0 0 1 0 3 0 10 0 0 0 0 0 0 0 0
 2.710000E+02 1897 0 0 2 0 0 0 3 0 33 0 0 0 0 0 0 0 0
 2.715000E+02 2171 0 0 0 0 1 0 7 0 33 1 0 0 0 0 0 0 0
 2.720000E+02 2261 2 0 3 1 4 0 4 0 38 0 0 0 0 0 0 0 0
 2.725000E+02 991 2 0 2 0 0 0 8 0 40 1 0 0 0 0 0 0 0
 2.730000E+02 420 2 0 1 0 3 1 5 0 30 0 0 0 0 0 0 1 0
 2.735000E+02 192 2 0 1 0 3 0 4 0 19 1 0 0 0 2 0 0 1
 2.740000E+02 109 1 0 2 0 2 0 1 0 18 0 2 1 4 2 2 2 1
 2.745000E+02 1404 0 0 1 0 1 0 5 0 19 0 0 0 0 0 0 0 0
 2.750000E+02 1885 1 0 0 0 1 0 5 0 25 1 0 0 0 0 0 0 0
 2.755000E+02 2185 1 0 2 0 3 0 5 0 30 0 2 0 0 0 0 0 0
 2.760000E+02 2291 0 0 2 0 3 0 6 1 31 5 0 0 0 0 0 0 0
 2.765000E+02 939 0 0 0 0 2 0 4 0 38 0 0 0 0 0 0 0 0
 2.770000E+02 406 0 0 0 0 0 0 3 0 32 0 1 1 0 0 0 0 0
 2.775000E+02 168 1 0 0 0 3 0 2 1 22 1 0 1 1 0 0 1 0
 2.780000E+02 110 0 0 0 0 2 0 6 0 12 0 1 1 2 3 3 3 2
 2.785000E+02 1346 0 0 0 0 1 0 6 0 16 0 0 0 0 0 0 0 0
 2.790000E+02 1921 0 0 0 0 1 0 3 0 21 1 1 0 0 0 0 0 0
 2.795000E+02 2119 0 0 0 0 2 0 3 0 42 0 0 1 0 0 0 0 0
 2.800000E+02 2216 0 0 1 0 5 0 9 1 40 1 0 0 0 0 0 0 0
 2.805000E+02 941 3 0 2 0 1 0 4 1 43 0 0 0 0 0 0 0 0
 2.810000E+02 407 2 0 0 0 2 0 5 0 29 0 0 0 0 0 0 0 1
 2.815000E+02 172 0 0 0 0 2 0 5 0 22 1 0 0 2 0 0 1 1
 2.820000E+02 94 1 0 1 0 2 0 1 0 15 1 0 2 1 1 1 0 1
 2.825000E+02 1343 1 0 2 0 1 0 2 0 12 0 0 0 0 0 0 0 0
 2.830000E+02 1902 0 0 1 0 0 0 7 0 22 1 0 0 0 0 0 0 0
 2.835000E+02 2200 1 0 0 0 0 0 5 0 31 0 1 0 0 0 0 0 0
 2.840000E+02 2284 0 0 2 0 3 0 10 0 31 1 0 0 0 0 0 0 0
 2.845000E+02 962 0 0 1 0 0 0 8 0 38 0 0 0 0 0 0 0 0
 2.850000E+02 437 2 0 1 0 3 0 5 0 29 0 0 0 0 0 0 0 1
 2.855000E+02 214 1 0 0 0 1 0 6 0 15 0 1 0 0 2 0 1 0
 2.860000E+02 103 0 0 0 0 2 0 6 0 14 0 0 2 1 1 1 0 1
 2.865000E+02 1370 0 0 1 0 0 0 5 0 15 1 0 0 0 0 0 0 0
 2.870000E+02 2032 0 0 0 0 0 0 9 0 22 0 0 0 0 0 0 0 0
 2.875000E+02 2190 1 0 0 0 1 0 9 0 26 0 0 0 0 0 0 0 0
 2.880000E+02 2248 1 0 0 0 0 0 8 0 34 0 0 0 0 0 0 0 0
 2.885000E+02 940 0 0 1 0 2 0 5 0 28 1 1 0 0 0 0 0 0
 2.890000E+02 403 0 0 0 0 2 0 1 0 26 1 0 0 0 0 0 0 0
 2.895000E+02 183 0 0 0 0 2 0 2 0 19 0 0 1 0 2 0 5 0
 2.900000E+02 108 0 0 0 0 0 0 3 0 10 1 0 2 1 2 0 1 0
 2.905000E+02 74 0 0 0 0 0 0 0 0 11 1 0 4 5 3 3 3 9
 2.910000E+02 57 0 0 0 0 0 0 3 0 8 0 0 7 2 5 7 11 7
 2.915000E+02 31 0 0 0 0 0 0 1 0 6 0 0 6 8 8 4 8 6
 2.920000E+02 36 1 1 0 0 0 0 0 0 5 0 0 11 12 6 6 8 9
 2.925000E+02 29 1 0 0 0 0 0 0 0 2 0 1 12 6 16 6 10 8
 2.930000E+02 31 1 0 0 0 0 0 0 0 1 0 0 14 16 8 13 12 8
 2.935000E+02 30 0 0 0 0 1 0 0 0 1 0 0 14 8 14 12 9 13
 2.940000E+02 38 0 0 0 0 0 0 1 0 1 0 0 13 16 7 12 14 19
 2.945000E+02 23 0 0 0 0 0 0 0 0 1 0 0 14 14 7 19 14 15
 2.950000E+02 30 0 0 0 0 0 0 0 0 1 0 0 17 14 8 13 20 16
 2.955000E+02 25 0 0 0 0 0 0 0 0 2 0 0 11 20 15 19 15 12
 2.960000E+02 21 0 0 0 0 1 0 0 0 1 0 0 18 14 14 11 15 27
 2.965000E+02 20 0 0 0 0 0 0 0 0 1 0 0 20 15 12 16 21 14
 2.970000E+02 18 0 0 0 0 0 0 0 0 1 0 0 12 18 14 15 21 23
 2.975000E+02 20 0 0 0 0 0 0 0 0 1 0 0 20 20 13 13 15 15
 2.980000E+02 24 0 0 0 0 0 0 0 0 1 0 0 12 24 13 22 19 17
 2.985000E+02 24 0 0 0 0 0 0 0 0 1 0 0 22 19 21 28 19 15
 2.990000E+02 18 0 0 0 0 0 0 0 0 0 0 0 17 18 14 28 22 25
 2.995000E+02 15 0 0 0 0 0 0 0 0 1 0 0 16 20 18 25 16 17
 3.000000E+02 28 0 0 0 0 1 0 0 0 0 0 0 20 23 17 23 22 17
 3.005000E+02 19 0 0 0 0 0 0 0 0 1 0 0 15 16 17 17 18 25
 3.010000E+02 19 0 0 0 0 0 0 0 0 1 0 0 13 16 18 17 15 23
 3.015000E+02 14 0 0 0 0 0 0 0 0 0 0 0 24 15 14 21 16 21
 3.020000E+02 14 0 0 0 0 1 0 0 0 0 0 0 16 24 23 22 13 23
 3.025000E+02 14 0 0 0 0 0 0 0 0 1 0 0 18 27 25 17 11 19
 3.030000E+02 12 0 0 0 0 0 0 0 0 1 0 0 18 24 15 21 13 22
 3.035000E+02 11 0 0 0 0 0 0 0 0 0 0 0 21 30 19 23 10 18
 3.040000E+02 14 0 0 0 0 0 0 0 0 0 0 0 10 21 23 24 18 17
 3.045000E+02 15 0 0 0 0 0 0 0 0 0 0 0 14 22 19 26 22 20
 3.050000E+02 14 0 0 0 0 0 0 0 0 0 0 0 19 17 19 18 27 20
 3.055000E+02 14 0 0 0 0 0 0 0 0 0 0 0 16 15 15 25 17 23
 3.060000E+02 12 0 0 0 0 0 0 0 0 0 0 0 24 17 24 18 19 17
 3.065000E+02 10 0 0 0 0 0 0 0 0 0 1 0 21 15 29 17 13 14
 3.070000E+02 19 0 0 0 0 0 0 0 0 0 0 0 23 14 31 15 21 16
 3.075000E+02 10 0 0 0 0 0 0 0 0 0 0 0 22 25 19 17 15 20
 3.080000E+02 14 0 0 0 0 0 0 0 0 1 0 0 20 17 16 23 20 20
 3.085000E+02 10 0 0 0 0 0 0 0 0 0 0 0 12 18 21 10 22 28
 3.090000E+02 19 0 0 0 0 0 0 0 0 0 0 0 14 25 15 23 19 25
 3.095000E+02 12 0 0 0 0 0 0 0 0 1 0 0 22 17 23 23 15 18
 3.100000E+02 5 0 0 0 0 0 0 0 0 1 0 0 21 18 26 19 15 18
 3.105000E+02 14 0 0 0 0 0 0 0 0 0 0 0 18 19 21 18 23 16
 3.110000E+02 14 0 0 0 0 0 0 0 0 1 0 0 18 19 18 21 26 20
 3.115000E+02 17 0 0 0 0 0 0 0 0 1 0 0 17 15 25 20 19 26
 3.120000E+02 17 0 0 0 0 0 0 0 0 1 0 0 17 14 20 28 14 27
 3.125000E+02 11 0 0 0 0 0 0 0 0 1 0 0 20 20 18 22 20 25
 3.130000E+02 10 0 0 0 0 0 0 0 0 1 0 0 15 15 15 23 15 20
 3.135000E+02 11 0 0 0 0 0 0 0 0 0 0 0 17 18 24 24 15 17
 3.140000E+02 14 0 0 0 0 0 0 0 0 0 0 0 22 16 16 21 15 17
 3.145000E+02 11 0 0 0 0 0 0 0 0 0 0 0 18 16 20 24 22 20
 3.150000E+02 12 0 0 0 0 0 0 0 0 0 0 0 20 26 16 23 18 22
 3.155000E+02 11 0 0 0 0 0 0 0 0 2 0 0 24 28 20 16 15 18
 3.160000E+02 11 0 0 0 0 0 0 0 0 0 0 0 14 17 19 19 22 23
 3.165000E+02 13 0 0 0 0 0 0 0 0 0 0 0 20 10 18 13 20 27
 3.170000E+02 13 0 0 0 0 0 0 0 0 0 0 0 14 22 17 17 20 28
 3.175000E+02 15 0 0 0 0 0 0 0 0 0 0 0 24 26 16 26 21 19
 3.180000E+02 5 0 0 0 0 0 0 0 0 0 0 0 26 18 14 17 10 21
 3.185000E+02 12 0 0 0 0 0 0 0 0 0 0 0 26 15 8 14 25 22
 3.190000E+02 13 0 0 0 0 0 0 0 0 0 0 0 23 16 14 27 20 22
 3.195000E+02 9 0 0 0 0 0 0 0 0 0 0 0 21 23 16 20 18 19
 3.200000E+02 11 0 0 0 0 0 0 0 0 0 0 0 16 23 21 24 17 23
 3.205000E+02 10 0 0 0 0 0 0 0 0 0 0 0 21 28 16 22 16 21
 3.210000E+02 9 0 0 0 0 0 0 0 0 0 0 0 23 21 23 11 27 14
 3.215000E+02 10 0 0 0 0 0 0 0 0 0 0 0 17 24 30 14 25 18
 3.220000E+02 10 0 0 0 0 0 0 0 0 0 0 0 17 24 26 10 22 19
 3.225000E+02 10 0 0 0 0 0 0 0 0 0 0 0 15 19 24 14 28 11
 3.230000E+02 11 0 0 0 0 0 0 0 0 0 0 0 13 19 27 26 28 13
 3.235000E+02 8 0 0 0 0 0 0 0 0 0 0 0 22 20 18 17 20 16
 3.240000E+02 13 0 0 0 0 0 0 0 0 0 0 0 14 22 13 19 12 20
 3.245000E+02 6 0 0 0 0 0 0 0 0 0 0 0 18 24 14 17 18 15
 3.250000E+02 7 0 0 0 0 0 0 0 0 0 0 0 13 20 15 11 24 17
 3.255000E+02 9 0 0 0 0 0 0 0 0 0 0 0 10 23 19 10 21 18
 3.260000E+02 12 0 0 0 0 0 0 0 0 0 0 0 14 24 19 18 15 14
 3.265000E+02 11 0 0 0 0 0 0 0 0 0 0 0 16 27 22 12 22 17
 3.270000E+02 6 0 0 0 0 0 0 0 0 0 0 0 13 25 22 11 18 18
 3.275000E+02 10 0 0 0 0 0 0 0 0 0 0 0 16 15 24 14 16 17
 3.280000E+02 11 0 0 0 0 0 0 0 0 0 0 0 18 18 17 11 19 21
 3.285000E+02 6 0 0 0 0 0 0 0 0 0 0 0 16 19 19 16 22 23
 3.290000E+02 9 0 0 0 0 0 0 0 0 0 0 0 17 20 25 18 13 17
 3.295000E+02 9 0 0 0 0 0 0 0 0 0 0 0 14 16 32 19 11 19
 3.300000E+02 9 0 0 0 0 0 0 0 0 1 0 0 15 25 19 18 12 17
 3.305000E+02 8 0 0 0 0 0 0 0 0 0 0 0 20 23 15 20 19 15
 3.310000E+02 5 0 0 0 0 0 0 0 0 1 0 0 21 23 11 21 17 17
 3.315000E+02 12 0 0 0 0 0 0 0 0 0 0 0 17 22 14 24 19 11
 3.320000E+02 7 0 0 0 0 0 0 0 0 0 0 0 15 14 24 23 25 12
 3.325000E+02 11 0 0 0 0 0 0 0 0 0 0 0 16 13 23 18 21 17
 3.330000E+02 10 0 0 0 0 0 0 0 0 0 0 0 16 12 18 20 18 22
 3.335000E+02 11 0 0 0 0 0 0 0 0 0 0 0 9 15 20 20 18 24
 3.340000E+02 9 0 0 0 0 0 0 0 0 0 0 0 18 14 22 23 21 21
 3.345000E+02 11 0 0 0 0 0 0 0 0 0 0 0 23 16 15 18 21 16
 3.350000E+02 9 0 0 0 0 0 0 0 0 0 0 0 22 18 10 18 26 12
 3.355000E+02 5 0 0 0 0 0 0 0 0 0 0 0 22 23 22 11 22 17
 3.360000E+02 9 0 0 0 0 0 0 0 0 0 0 0 21 19 23 17 20 13
 3.365000E+02 8 0 0 0 0 0 0 0 0 0 0 0 15 15 20 18 14 9
 3.370000E+02 4 0 0 0 0 0 0 0 0 0 0 0 10 23 20 15 18 18
 3.375000E+02 14 0 0 0 0 0 0 0 0 0 0 0 12 27 17 17 17 17
 3.380000E+02 13 0 0 0 0 0 0 0 0 0 0 0 17 17 20 15 15 24
 3.385000E+02 12 0 0 0 0 0 0 0 0 0 0 0 18 15 19 22 15 23
 3.390000E+02 9 0 0 0 0 0 0 0 0 0 0 0 21 20 14 14 12 28
 3.395000E+02 9 0 0 0 0 0 0 0 0 0 0 0 21 17 16 22 16 31
 3.400000E+02 13 0 0 0 0 0 0 0 0 0 0 0 13 19 14 23 19 18
 3.405000E+02 11 0 0 0 0 0 0 0 0 0 0 0 11 21 18 9 21 26
 3.410000E+02 6 0 0 0 0 0 0 0 0 0 0 0 18 18 17 14 20 19
 3.415000E+02 12 0 0 0 0 0 0 0 0 0 0 0 17 20 19 12 25 16
 3.420000E+02 15 0 0 0 0 0 0 0 0 0 0 0 18 23 16 13 27 16
 3.425000E+02 8 0 0 0 0 0 0 0 0 0 0 0 18 19 21 15 19 17
 3.430000E+02 11 0 0 0 0 1 0 0 0 0 0 0 22 22 23 19 25 16
 3.435000E+02 6 0 0 0 0 0 0 1 0 1 0 0 16 27 15 17 20 18
 3.440000E+02 8 1 0 0 0 0 0 0 0 1 0 0 16 22 17 16 14 21
 3.445000E+02 9 0 0 2 0 0 0 0 0 1 0 0 15 20 13 19 19 14
 3.450000E+02 11 0 0 0 0 0 0 0 0 2 0 0 13 15 21 19 11 17
 3.455000E+02 10 0 0 0 0 0 0 0 0 2 0 0 20 17 35 12 14 12
 3.460000E+02 9 0 0 0 0 0 0 0 0 1 0 0 22 18 21 9 20 15
 3.465000E+02 3 0 0 0 0 0 0 0 0 1 0 0 18 20 24 10 20 12
 3.470000E+02 10 0 0 0 0 0 0 0 0 0 0 0 17 18 20 13 25 14
 3.475000E+02 16 0 0 0 0 0 0 0 0 0 0 0 17 19 10 18 23 13
 3.480000E+02 14 0 0 0 0 0 0 0 0 0 0 0 18 22 12 15 23 14
 3.485000E+02 9 0 0 0 0 0 0 0 0 0 0 0 15 22 16 14 22 22
 3.490000E+02 2 0 0 0 0 0 0 0 0 0 0 0 16 17 16 19 13 22
 3.495000E+02 12 0 0 0 0 0 0 0 0 0 0 0 13 24 18 15 14 23
 3.500000E+02 13 0 0 0 0 0 0 0 0 0 0 0 13 16 21 20 16 20
 3.505000E+02 5 0 0 0 0 0 0 0 0 0 0 0 21 22 16 16 18 21
 3.510000E+02 8 0 0 0 0 0 0 0 0 0 0 0 11 17 22 21 18 21
 3.515000E+02 9 0 0 0 0 0 0 0 0 0 0 0 18 14 17 16 20 17
 3.520000E+02 8 0 0 0 0 0 0 0 0 0 0 0 13 19 10 19 21 16
 3.525000E+02 10 0 0 0 0 0 0 0 0 0 0 0 17 22 10 19 21 14
 3.530000E+02 4 0 0 0 0 0 0 0 0 1 0 0 14 25 14 19 27 7
 3.535000E+02 2 0 0 0 0 0 0 0 0 1 0 0 14 19 19 19 24 16
 3.540000E+02 10 0 0 0 0 0 0 0 0 1 0 0 16 16 12 16 22 15
 3.545000E+02 4 0 0 0 0 0 0 0 0 1 0 0 15 14 13 17 18 22
 3.550000E+02 6 0 0 0 0 0 0 0 0 0 0 0 23 14 11 17 18 18
 3.555000E+02 8 0 0 0 0 0 0 0 0 0 0 0 13 17 12 20 15 13
 3.560000E+02 10 0 0 0 0 0 0 0 0 0 0 0 15 18 10 14 13 20
 3.565000E+02 9 0 0 0 0 0 0 0 0 0 0 0 12 15 12 21 18 15
 3.570000E+02 6 0 0 0 0 0 0 0 0 0 0 0 11 14 14 17 21 17
 3.575000E+02 9 0 0 0 0 0 0 0 0 0 0 0 12 19 17 20 19 21
 3.580000E+02 11 0 0 0 0 0 0 0 0 0 0 0 17 13 17 16 19 16
 3.585000E+02 7 0 0 0 0 0 0 1 0 0 0 0 22 17 18 12 20 20
 3.590000E+02 11 0 0 0 0 0 0 0 0 0 0 0 18 15 11 18 19 16
 3.595000E+02 14 0 0 0 0 0 0 0 0 0 0 0 16 16 21 18 19 16
 3.600000E+02 9 0 0 0 0 0 0 0 0 0 0 0 19 13 24 16 17 14
 3.605000E+02 5 0 0 0 0 0 0 0 0 0 0 0 21 17 15 13 16 15
 3.610000E+02 8 0 0 0 0 0 0 0 0 0 0 0 21 25 9 10 19 21
 3.615000E+02 8 0 0 0 0 0 0 0 0 0 0 0 24 23 16 13 11 15
 3.620000E+02 7 0 0 0 0 0 0 0 0 0 0 0 18 24 18 16 10 15
 3.625000E+02 10 0 0 0 0 0 0 0 0 0 0 0 16 19 19 14 7 15
 3.630000E+02 14 0 0 0 0 0 0 0 0 0 0 0 24 20 19 12 12 13
 3.635000E+02 11 0 0 0 0 0 0 0 0 0 0 0 23 17 25 14 16 13
 3.640000E+02 11 0 0 0 0 0 0 0 0 0 0 0 21 20 25 22 15 11
 3.645000E+02 8 0 0 0 0 0 0 0 0 0 0 0 19 21 20 23 16 13
 3.650000E+02 7 0 0 0 0 0 0 1 0 0 0 0 16 16 17 20 21 15
 3.655000E+02 10 0 0 0 0 0 0 0 0 0 0 0 21 18 17 17 19 14
 3.660000E+02 13 0 0 0 1 0 0 0 0 0 0 0 19 23 14 16 17 15
 3.665000E+02 9 0 0 0 0 0 0 0 0 2 0 0 17 21 16 19 19 13
 3.670000E+02 10 0 0 0 0 0 0 0 0 1 0 0 20 21 12 18 17 14
 3.675000E+02 9 0 0 0 0 0 0 0 0 0 0 0 27 15 13 24 19 15
 3.680000E+02 7 0 0 0 0 0 0 0 0 0 0 0 18 13 15 15 20 19
 3.685000E+02 6 0 0 0 0 0 0 0 0 0 0 0 19 18 19 14 19 14
 3.690000E+02 13 0 0 0 0 0 0 0 0 1 0 0 18 20 20 20 14 8
 3.695000E+02 9 0 0 0 0 0 0 0 0 1 0 0 20 23 22 22 13 12
 3.700000E+02 14 0 0 0 0 0 0 0 0 2 0 0 22 20 17 26 18 14
 3.705000E+02 6 0 0 0 0 0 0 1 0 0 0 0 21 17 13 17 21 18
 3.710000E+02 7 0 0 0 0 0 0 0 0 0 0 0 15 16 13 26 16 17
 3.715000E+02 10 0 0 0 0 0 0 0 0 0 0 0 12 14 18 22 10 18
 3.720000E+02 9 0 0 0 0 0 0 0 0 1 0 0 14 17 14 19 12 20
 3.725000E+02 9 0 0 0 0 0 0 1 0 0 0 0 13 20 25 22 16 14
 3.730000E+02 6 0 0 0 0 0 0 0 0 0 0 0 17 14 22 16 15 19
 3.735000E+02 8 0 0 0 0 0 0 0 0 0 0 0 16 15 21 15 21 16
 3.740000E+02 5 0 0 0 0 0 0 0 0 0 0 0 17 13 22 16 20 11
 3.745000E+02 8 0 0 0 0 0 0 0 0 0 0 0 11 11 15 22 22 14
 3.750000E+02 10 0 0 0 0 0 0 0 0 0 0 0 16 15 12 18 19 13
 3.755000E+02 12 0 0 0 0 0 0 0 0 1 0 0 13 18 21 18 14 18
 3.760000E+02 9 0 0 0 0 0 0 0 0 1 0 0 11 17 16 17 18 19
 3.765000E+02 9 0 0 0 0 0 0 0 0 0 0 0 13 16 17 19 16 14
 3.770000E+02 7 0 0 0 0 0 0 0 0 0 0 0 19 21 21 11 21 16
 3.775000E+02 10 0 0 0 0 0 0 0 0 0 0 0 18 14 19 12 23 14
 3.780000E+02 12 0 0 0 0 0 0 0 0 0 0 0 19 15 23 13 19 17
 3.785000E+02 11 0 0 0 0 0 0 0 0 0 0 0 19 15 21 12 22 13
 3.790000E+02 8 0 0 0 0 0 0 0 0 0 0 0 14 15 21 6 18 16
 3.795000E+02 11 0 0 0 0 0 0 0 0 0 0 0 12 12 18 13 15 14
 3.800000E+02 9 0 0 0 0 0 0 0 0 0 0 0 21 16 15 15 14 19
 3.805000E+02 11 0 0 0 0 0 0 0 0 1 0 0 14 22 16 14 9 21
 3.810000E+02 10 0 0 0 0 0 0 0 0 1 0 0 20 21 20 9 12 22
 3.815000E+02 9 0 0 0 0 0 0 0 0 1 0 0 15 20 11 13 16 18
 3.820000E+02 7 0 0 0 0 0 0 1 0 0 0 0 28 18 13 16 17 17
 3.825000E+02 9 0 0 0 0 0 0 0 0 0 0 0 19 11 10 11 25 20
 3.830000E+02 10 0 0 0 0 0 0 0 0 1 0 0 13 10 15 15 27 17
 3.835000E+02 5 0 0 0 0 0 0 0 0 1 0 0 16 21 20 17 22 16
 3.840000E+02 14 0 0 0 0 0 0 0 0 1 0 0 17 16 25 16 16 11
 3.845000E+02 6 0 0 0 0 0 0 0 0 1 0 0 21 15 26 30 11 9
 3.850000E+02 12 0 0 0 0 0 0 0 0 1 0 0 21 25 26 20 15 11
 3.855000E+02 7 0 0 0 0 0 0 0 0 1 0 0 17 15 20 18 17 9
 3.860000E+02 13 0 0 0 0 0 0 0 0 0 0 0 20 19 30 15 13 10
 3.865000E+02 5 0 0 0 0 0 0 0 0 0 0 0 19 20 20 19 18 15
 3.870000E+02 8 0 0 0 0 0 0 0 0 0 0 0 13 25 18 15 22 17
 3.875000E+02 13 0 0 0 0 0 0 0 0 0 0 0 19 24 17 19 20 15
 3.880000E+02 15 0 0 0 0 0 0 0 0 0 0 0 13 17 24 15 29 8
 3.885000E+02 14 0 0 0 0 0 0 0 0 0 0 0 17 10 21 18 21 15
 3.890000E+02 8 0 0 0 0 0 0 0 0 0 0 0 17 10 24 19 22 19
 3.895000E+02 13 0 0 0 0 0 0 0 0 0 0 0 10 18 23 23 18 17
 3.900000E+02 10 0 0 0 0 0 0 0 0 0 0 0 14 15 16 18 30 19
 3.905000E+02 9 0 0 0 0 0 0 0 0 0 0 0 17 16 18 21 21 14
 3.910000E+02 12 0 0 0 0 0 0 0 0 0 0 0 15 18 16 19 18 24
 3.915000E+02 8 0 0 0 0 0 0 0 0 0 0 0 17 20 19 17 19 20
 3.920000E+02 7 0 0 0 0 0 0 0 0 0 0 0 25 14 15 13 21 15
 3.925000E+02 8 0 0 0 0 0 0 0 0 1 0 0 18 15 24 11 18 18
 3.930000E+02 11 0 0 0 0 0 0 0 0 0 0 0 20 13 16 18 21 22
 3.935000E+02 11 0 0 0 0 0 0 0 0 0 0 0 16 12 16 19 16 22
 3.940000E+02 8 0 0 0 0 0 0 0 0 0 0 0 17 20 18 15 19 20
 3.945000E+02 7 0 0 0 0 0 0 0 0 0 0 0 20 22 16 14 17 14
 3.950000E+02 12 0 0 0 0 0 0 0 0 0 0 0 19 22 21 16 10 19
 3.955000E+02 7 0 0 0 0 0 0 0 0 1 0 0 12 21 20 25 13 19
 3.960000E+02 6 0 0 0 0 0 0 0 0 1 0 0 17 18 11 15 18 11
 3.965000E+02 10 0 0 0 0 0 0 0 0 0 0 0 20 12 15 23 12 14
 3.970000E+02 9 0 0 0 0 0 0 0 0 0 0 0 21 12 19 20 12 22
 3.975000E+02 16 0 0 0 0 0 0 0 0 0 0 0 16 10 20 21 10 15
 3.980000E+02 13 0 0 0 0 0 0 0 0 0 0 0 21 15 22 14 15 14
 3.985000E+02 8 0 0 0 0 0 0 0 0 0 0 0 16 11 16 24 17 29
 3.990000E+02 7 0 0 0 0 0 0 0 0 2 0 0 14 19 11 25 16 18
 3.995000E+02 6 0 0 0 0 0 0 0 0 2 0 0 14 22 16 16 19 21
 4.000000E+02 15 0 0 0 0 0 0 0 0 2 0 0 15 17 20 13 19 19
 4.005000E+02 8 0 0 0 0 0 0 0 0 1 0 0 14 22 15 16 15 15
 4.010000E+02 7 0 0 0 0 0 0 1 0 0 0 0 17 15 17 21 14 19
 4.015000E+02 6 0 0 0 0 0 0 0 0 1 0 0 10 17 25 19 14 19
 4.020000E+02 12 0 0 0 0 0 0 0 0 0 0 0 17 21 28 10 7 15
 4.025000E+02 12 0 0 0 0 0 0 0 0 0 0 0 23 16 26 10 14 14
 4.030000E+02 7 0 0 0 0 0 0 0 0 0 0 0 20 19 18 11 18 12
 4.035000E+02 13 0 0 0 0 0 0 1 0 0 0 0 24 18 19 15 20 7
 4.040000E+02 10 0 0 0 0 0 0 0 0 0 0 0 15 19 16 19 16 20
 4.045000E+02 12 0 0 0 0 0 0 0 0 0 0 0 16 22 21 19 17 12
 4.050000E+02 9 0 0 0 0 0 0 0 0 0 0 0 24 17 15 14 17 18
 4.055000E+02 12 0 0 0 0 0 0 0 0 0 0 0 27 11 19 15 20 19
 4.060000E+02 9 0 0 0 0 0 0 0 0 1 0 0 19 15 21 15 13 16
 4.065000E+02 10 0 0 0 0 0 0 0 0 1 0 0 24 17 7 24 21 13
 4.070000E+02 9 0 0 0 0 0 0 0 0 1 0 0 20 20 17 13 21 16
 4.075000E+02 8 0 0 1 0 0 0 0 0 0 0 0 23 17 13 15 28 17
 4.080000E+02 9 0 0 0 0 0 0 2 0 0 0 0 16 15 14 11 21 17
 4.085000E+02 7 0 0 0 0 0 0 0 0 2 0 0 16 18 23 17 9 17
 4.090000E+02 10 0 0 0 0 0 0 1 0 0 0 0 20 16 17 18 15 16
 4.095000E+02 13 0 0 0 0 0 0 0 0 1 0 0 12 14 21 15 15 23
 4.100000E+02 12 0 0 0 0 0 0 0 0 0 0 0 11 19 21 14 19 21
 4.105000E+02 6 0 0 0 0 0 0 0 0 0 0 0 16 23 23 18 17 15
 4.110000E+02 11 0 0 0 0 0 0 0 0 0 0 0 12 17 18 10 14 15
 4.115000E+02 17 0 0 0 0 0 0 0 0 0 0 0 19 14 15 18 20 10
 4.120000E+02 6 0 0 0 0 0 0 1 0 0 0 0 10 21 12 17 23 14
 4.125000E+02 8 0 0 0 0 0 0 0 0 1 0 0 14 13 19 20 21 16
 4.130000E+02 7 0 0 0 0 0 0 0 0 1 0 0 11 14 22 26 18 14
 4.135000E+02 10 0 0 0 0 0 0 0 0 1 0 0 13 13 25 25 11 21
 4.140000E+02 17 0 0 0 0 0 0 0 0 0 0 0 15 23 22 18 14 17
 4.145000E+02 7 0 0 0 0 0 0 0 0 0 0 0 15 22 14 18 20 17
 4.150000E+02 8 0 0 0 0 0 0 0 0 0 0 0 18 22 10 21 22 14
 4.155000E+02 8 0 0 0 0 0 0 0 0 0 0 0 16 20 17 14 25 14
 4.160000E+02 8 0 0 0 0 0 0 0 0 0 0 0 19 19 17 12 21 16
 4.165000E+02 12 0 0 0 0 0 0 0 0 0 0 0 14 13 16 18 21 20
 4.170000E+02 11 0 0 0 0 0 0 0 0 0 0 0 14 17 14 18 15 20
 4.175000E+02 7 0 0 0 0 0 0 0 0 0 0 0 15 15 16 22 18 23
 4.180000E+02 7 0 0 0 0 0 0 0 0 1 0 0 14 8 18 19 13 22
 4.185000E+02 11 0 0 0 0 0 0 0 0 0 0 0 19 10 21 15 16 23
 4.190000E+02 9 0 0 0 0 0 0 0 0 0 0 0 14 17 24 10 14 17
 4.195000E+02 12 0 0 0 0 0 0 1 0 0 0 0 16 20 23 7 20 17
 4.200000E+02 8 0 0 0 0 0 0 0 0 1 0 0 10 22 19 9 20 22
 4.205000E+02 9 0 0 0 0 0 0 0 0 1 0 0 11 20 15 11 14 22
 4.210000E+02 13 0 0 0 0 0 0 0 0 0 0 0 14 28 19 11 16 21
 4.215000E+02 8 0 0 0 0 0 0 0 0 0 0 0 14 20 16 16 17 22
 4.220000E+02 5 0 0 0 0 0 0 0 0 0 0 0 17 29 13 19 18 23
 4.225000E+02 8 0 0 0 0 0 0 0 0 0 0 0 15 18 14 21 19 16
 4.230000E+02 8 0 0 0 0 0 0 0 0 0 0 0 16 20 16 22 14 18
 4.235000E+02 10 0 0 0 0 0 0 0 0 0 0 0 14 21 22 20 6 12
 4.240000E+02 8 0 0 0 0 0 0 0 0 0 0 0 18 15 22 24 13 15
 4.245000E+02 8 0 0 0 0 0 0 0 0 0 0 0 22 14 18 19 18 15
 4.250000E+02 8 0 0 0 0 0 0 0 0 0 0 0 25 10 14 14 18 13
 4.255000E+02 4 0 0 0 0 0 0 0 0 0 0 0 22 14 15 15 16 14
 4.260000E+02 9 0 0 0 0 0 0 0 0 0 0 0 25 10 21 15 17 16
 4.265000E+02 7 0 0 0 0 0 0 0 0 0 0 0 18 14 24 21 21 17
 4.270000E+02 9 0 0 0 0 0 0 0 0 0 0 0 14 16 23 13 16 18
 4.275000E+02 6 0 0 0 0 0 0 0 0 0 0 0 15 17 27 18 23 18
 4.280000E+02 7 0 0 0 0 0 0 0 0 0 0 0 18 20 20 17 18 18
 4.285000E+02 13 0 0 0 0 0 0 0 0 0 0 0 17 23 17 14 19 16
 4.290000E+02 14 0 0 0 0 0 0 0 0 0 0 0 14 22 12 14 16 16
 4.295000E+02 13 0 0 0 0 0 0 0 0 0 0 0 16 13 10 18 15 16
 4.300000E+02 10 0 0 0 0 0 0 0 0 0 0 0 11 17 16 18 17 12
 4.305000E+02 9 0 0 0 0 0 0 0 0 0 0 0 16 18 15 17 19 15
 4.310000E+02 6 0 0 0 0 0 0 0 0 0 0 0 20 17 18 22 19 11
 4.315000E+02 6 0 0 0 0 0 0 0 0 0 0 0 14 23 23 23 18 11
 4.320000E+02 12 0 0 0 0 0 0 0 0 0 0 0 15 21 18 16 16 17
 4.325000E+02 8 0 0 0 0 0 0 0 0 0 0 0 16 23 14 14 18 18
 4.330000E+02 12 0 0 0 0 0 0 0 0 1 0 0 17 25 15 11 15 13
 4.335000E+02 6 0 0 0 0 0 0 1 0 1 0 0 19 21 19 20 22 14
 4.340000E+02 20 0 0 0 0 0 0 0 0 2 0 0 22 19 18 15 20 14
 4.345000E+02 7 0 0 0 0 0 0 0 0 3 0 0 17 18 16 17 13 19
 4.350000E+02 7 0 0 0 0 0 0 0 0 2 0 0 15 25 18 16 11 20
 4.355000E+02 19 0 0 1 0 0 0 0 0 1 0 0 13 19 19 23 14 20
 4.360000E+02 8 0 0 0 0 0 0 0 0 1 0 0 17 27 18 16 11 15
 4.365000E+02 12 0 0 0 0 0 0 0 0 1 0 0 19 22 19 16 14 17
 4.370000E+02 13 0 0 1 0 0 0 1 0 0 0 0 13 17 20 17 18 15
 4.375000E+02 9 0 0 0 0 0 0 0 0 0 0 0 20 15 15 20 20 17
 4.380000E+02 3 0 0 0 0 0 0 0 0 0 0 0 15 9 13 26 21 26
 4.385000E+02 8 0 0 0 0 0 0 0 0 0 0 0 17 14 14 20 17 14
 4.390000E+02 8 0 0 0 0 0 0 0 0 0 0 0 20 19 11 24 21 14
 4.395000E+02 10 0 0 0 0 0 0 0 0 0 0 0 14 15 7 21 23 18
 4.400000E+02 7 0 0 0 0 0 0 0 0 0 0 0 14 19 18 16 18 18
 4.405000E+02 7 0 0 0 0 0 0 0 0 0 0 0 13 16 21 17 16 18
 4.410000E+02 16 0 0 0 0 0 0 0 0 0 0 0 16 14 13 18 15 25
 4.415000E+02 9 0 0 0 0 0 0 0 0 0 0 0 18 20 14 15 14 27
 4.420000E+02 10 0 0 0 0 0 0 0 0 0 0 0 23 19 18 16 17 16
 4.425000E+02 9 0 0 0 0 0 0 0 0 0 0 0 18 21 14 14 11 18
 4.430000E+02 10 0 0 0 0 1 0 0 0 0 0 0 21 12 15 16 11 23
 4.435000E+02 3 0 0 0 0 0 0 0 0 0 0 0 18 12 10 18 17 25
 4.440000E+02 10 0 0 0 0 0 0 0 0 0 0 0 18 14 13 21 13 16
 4.445000E+02 9 0 0 0 0 0 0 0 0 0 0 0 15 19 11 19 19 15
 4.450000E+02 9 0 0 0 0 0 0 0 0 0 0 0 19 12 15 22 15 22
 4.455000E+02 8 0 0 0 0 0 0 0 0 0 0 0 21 12 16 15 19 20
 4.460000E+02 10 0 0 1 0 0 0 0 0 0 0 0 16 10 17 17 15 20
 4.465000E+02 10 0 0 0 0 0 0 0 0 1 0 0 11 10 12 13 15 21
 4.470000E+02 15 0 0 0 0 0 0 0 0 1 0 0 11 17 18 12 18 20
 4.475000E+02 4 0 0 0 0 0 0 0 0 0 0 0 13 22 19 8 17 20
 4.480000E+02 9 0 0 0 0 0 0 0 0 0 0 0 15 16 18 9 21 18
 4.485000E+02 5 0 0 0 0 0 0 0 0 0 0 0 17 20 13 16 19 18
 4.490000E+02 11 0 0 0 0 0 0 0 0 0 0 0 21 16 18 19 17 12
 4.495000E+02 10 0 0 0 0 0 0 0 0 0 0 0 19 15 18 19 10 14
 4.500000E+02 9 0 0 0 0 0 0 0 0 0 0 0 17 16 13 19 21 13
 4.505000E+02 4 0 0 0 0 0 0 0 0 0 0 0 19 19 20 20 17 17
 4.510000E+02 11 0 0 0 0 0 0 0 0 1 0 0 14 14 25 26 20 15
 4.515000E+02 11 0 0 0 0 0 0 1 0 0 0 0 12 14 13 28 18 17
 4.520000E+02 10 0 0 0 0 0 0 0 0 0 0 0 11 16 19 21 16 18
 4.525000E+02 9 0 0 0 0 0 0 0 0 0 0 0 15 19 20 18 18 12
 4.530000E+02 3 0 0 0 0 0 0 0 0 0 0 0 22 19 18 12 22 12
 4.535000E+02 11 0 0 0 0 0 0 0 0 0 0 0 22 26 17 18 19 9
 4.540000E+02 15 0 0 0 0 0 0 0 0 0 0 0 23 23 22 19 14 17
 4.545000E+02 18 0 0 0 0 0 0 0 0 0 0 0 22 19 19 24 9 17
 4.550000E+02 10 0 0 0 0 0 0 0 0 0 0 0 25 20 15 14 9 18
 4.555000E+02 8 0 0 0 0 0 0 0 0 0 0 0 15 17 19 17 21 16
 4.560000E+02 5 0 0 0 0 0 0 0 0 0 0 0 26 10 17 15 22 20
 4.565000E+02 6 0 0 0 0 0 0 0 0 0 0 0 25 14 12 16 18 15
 4.570000E+02 5 0 0 0 0 0 0 0 0 0 0 0 15 21 18 18 19 17
 4.575000E+02 7 0 0 0 0 0 0 0 0 0 0 0 21 21 15 17 24 16
 4.580000E+02 5 0 0 0 0 0 0 0 0 0 0 0 18 20 17 19 23 18
 4.585000E+02 10 0 0 0 0 0 0 0 0 1 0 0 16 19 18 13 18 17
 4.590000E+02 10 0 0 0 0 0 0 0 0 0 0 0 16 14 22 18 13 18
 4.595000E+02 6 0 0 0 0 0 0 0 0 0 0 0 17 14 18 16 15 25
 4.600000E+02 13 0 0 0 0 0 0 0 0 0 0 0 21 15 15 11 15 30
 4.605000E+02 12 0 0 0 0 0 0 0 0 0 0 0 9 16 20 11 13 22
 4.610000E+02 9 0 0 0 0 0 0 0 0 0 0 0 11 23 17 15 17 20
 4.615000E+02 11 0 0 0 0 0 0 0 0 0 0 0 7 22 22 17 20 21
 4.620000E+02 3 0 0 0 0 0 0 0 0 0 0 0 11 17 17 10 16 15
 4.625000E+02 10 0 0 0 0 0 0 0 0 0 0 0 12 17 20 13 14 19
 4.630000E+02 8 0 0 0 0 0 0 1 0 0 0 0 12 22 18 9 17 25
 4.635000E+02 8 0 0 0 0 0 0 0 0 1 0 0 21 15 15 14 21 20
 4.640000E+02 13 0 0 0 0 0 0 1 0 1 0 0 12 14 11 12 29 21
 4.645000E+02 7 0 0 1 0 0 0 1 0 0 0 0 18 18 13 15 26 21
 4.650000E+02 8 0 0 0 0 0 0 1 0 0 0 0 19 19 14 17 13 17
 4.655000E+02 7 0 0 0 0 0 0 0 1 1 0 0 20 23 17 17 12 12
 4.660000E+02 10 0 0 0 0 0 0 0 0 0 0 0 16 21 14 15 19 16
 4.665000E+02 10 0 0 0 0 0 0 0 0 0 0 0 18 17 16 16 21 13
 4.670000E+02 11 0 0 0 0 0 0 0 0 0 0 0 21 13 18 13 16 12
 4.675000E+02 9 0 0 0 0 0 0 0 0 0 0 0 23 11 21 20 16 17
 4.680000E+02 8 0 0 0 0 0 0 0 0 0 0 0 18 13 14 18 14 17
 4.685000E+02 7 0 0 0 0 0 0 0 0 1 0 0 13 12 16 14 21 15
 4.690000E+02 5 0 0 0 0 0 0 0 0 0 0 0 12 18 13 21 25 22
 4.695000E+02 5 0 0 0 0 0 0 0 0 0 0 0 17 19 18 18 21 17
 4.700000E+02 10 0 0 0 0 0 0 0 0 0 0 0 19 11 13 20 23 16
 4.705000E+02 12 0 0 0 0 0 0 0 0 0 0 0 20 14 18 13 20 17
 4.710000E+02 10 0 0 0 0 0 0 0 0 0 0 0 20 15 18 19 24 17
 4.715000E+02 13 0 0 0 0 0 0 0 0 0 0 0 19 11 15 19 22 13
 4.720000E+02 13 0 0 0 0 0 0 0 0 0 0 0 9 14 20 26 16 17
 4.725000E+02 7 0 0 0 0 0 0 1 0 0 0 0 10 13 18 22 24 20
 4.730000E+02 10 0 0 0 0 0 0 0 0 0 0 0 12 16 14 17 26 18
 4.735000E+02 8 0 0 0 0 0 0 0 0 0 0 0 13 22 18 18 16 17
 4.740000E+02 8 0 0 0 0 0 0 0 0 0 0 0 13 17 12 20 16 21
 4.745000E+02 14 0 0 0 0 0 0 0 0 0 0 0 16 16 13 8 16 21
 4.750000E+02 6 0 0 0 0 0 0 0 0 0 0 0 14 13 14 16 15 18
 4.755000E+02 8 0 0 0 0 0 0 1 0 0 0 0 16 13 15 16 18 14
 4.760000E+02 6 0 0 0 0 0 0 0 0 0 0 0 21 20 20 18 9 19
 4.765000E+02 9 0 0 0 0 0 0 0 0 0 0 0 15 12 21 16 16 15
 4.770000E+02 10 0 0 0 0 0 0 0 0 0 0 0 9 24 18 17 19 10
 4.775000E+02 9 0 0 0 0 0 0 0 0 0 0 0 17 22 17 19 16 12
 4.780000E+02 15 0 0 0 0 0 0 0 0 0 0 0 13 23 19 14 13 15
 4.785000E+02 11 0 0 0 0 0 0 0 0 1 0 0 18 19 21 20 11 15
 4.790000E+02 8 0 0 0 0 0 0 1 0 0 0 0 17 17 16 20 15 16
 4.795000E+02 12 0 0 0 0 0 0 0 0 0 0 0 23 19 19 16 20 17
 4.800000E+02 16 0 0 0 0 0 0 0 0 1 0 0 10 18 16 18 19 13
 4.805000E+02 12 0 0 0 0 0 0 0 0 1 0 0 14 17 24 20 21 17
 4.810000E+02 12 0 0 1 0 0 0 0 0 1 0 0 10 16 22 9 20 12
 4.815000E+02 12 0 0 1 0 0 0 0 0 0 0 0 19 18 24 14 15 13
 4.820000E+02 8 0 0 0 0 0 0 0 0 2 0 0 14 19 17 11 18 8
 4.825000E+02 7 0 0 0 0 0 0 0 0 0 0 0 19 19 11 16 19 19
 4.830000E+02 6 0 0 0 0 0 0 0 0 0 0 0 19 21 17 16 24 13
 4.835000E+02 13 0 0 0 0 0 0 0 0 0 0 0 16 22 21 16 23 18
 4.840000E+02 4 0 0 0 0 0 0 0 0 0 0 0 17 25 16 19 23 15
 4.845000E+02 9 0 0 0 0 0 0 0 0 0 0 0 18 11 19 20 24 18
 4.850000E+02 10 0 0 0 0 0 0 0 0 0 0 0 13 10 13 18 21 20
 4.855000E+02 8 0 0 0 0 0 0 0 0 0 0 0 15 21 14 17 19 21
 4.860000E+02 7 0 0 0 0 0 0 0 0 0 0 0 13 21 21 18 21 15
 4.865000E+02 8 0 0 0 0 0 0 0 0 0 0 0 13 19 18 15 20 15
 4.870000E+02 12 0 0 0 0 0 0 0 0 0 0 0 13 29 12 13 16 17
 4.875000E+02 11 0 0 0 0 0 0 0 0 0 0 0 18 25 19 16 19 18
 4.880000E+02 10 0 0 0 0 0 0 0 0 0 0 0 16 20 18 14 11 19
 4.885000E+02 9 0 0 0 0 0 0 0 0 0 0 0 22 19 17 14 14 22
 4.890000E+02 11 0 0 0 0 0 0 0 0 1 0 0 16 25 17 14 17 19
 4.895000E+02 12 0 0 0 0 0 0 0 0 1 0 0 16 16 22 10 15 12
 4.900000E+02 4 0 0 0 0 0 0 0 0 1 0 0 20 22 19 13 20 13
 4.905000E+02 9 0 0 0 0 0 0 1 0 0 0 0 22 22 16 14 18 16
 4.910000E+02 15 0 0 0 0 0 0 0 0 0 0 1 23 13 14 15 18 18
 4.915000E+02 8 0 0 0 0 0 1 0 0 0 0 0 25 16 14 5 17 19
 4.920000E+02 6 0 0 0 0 0 0 0 0 1 0 0 23 14 15 14 18 16
 4.925000E+02 16 0 0 0 0 0 0 0 0 0 0 0 25 10 14 17 17 15
 4.930000E+02 10 0 0 0 0 0 0 0 0 0 0 0 24 10 15 16 15 13
 4.935000E+02 8 0 0 0 0 0 0 0 0 1 0 0 20 16 13 30 21 9
 4.940000E+02 12 0 0 0 0 0 0 0 0 1 0 0 16 16 18 20 17 13
 4.945000E+02 9 0 0 0 0 1 0 0 0 1 0 0 16 15 16 18 17 13
 4.950000E+02 6 0 0 0 0 0 0 0 0 1 0 0 13 15 21 17 17 21
 4.955000E+02 11 0 0 0 0 0 0 0 0 0 0 0 14 16 23 11 20 19
 4.960000E+02 10 0 0 0 0 0 0 0 0 0 0 0 11 16 21 14 22 24
 4.965000E+02 5 0 0 0 0 0 0 0 0 0 0 0 12 16 23 10 22 22
 4.970000E+02 7 0 0 0 0 0 0 0 0 0 0 0 9 27 18 12 24 13
 4.975000E+02 13 0 0 0 0 0 0 0 0 0 0 0 11 20 22 17 20 11
 4.980000E+02 4 0 0 0 0 0 0 0 0 0 0 0 13 16 20 24 23 10
 4.985000E+02 11 0 0 0 0 0 0 0 0 0 0 0 14 16 19 19 15 8
 4.990000E+02 12 0 0 0 0 0 0 0 0 0 0 0 20 11 20 18 14 15
 4.995000E+02 10 0 0 0 0 0 0 0 0 0 0 0 19 8 16 19 18 17
 5.000000E+02 13 0 0 0 0 0 0 0 0 0 0 0 23 17 13 15 18 18
 5.005000E+02 11 0 0 0 0 0 0 0 0 0 0 0 18 21 20 17 18 16
 5.010000E+02 9 0 0 0 0 0 0 0 0 0 0 0 10 17 16 17 17 22
 5.015000E+02 8 0 0 0 0 0 0 0 0 0 0 0 12 15 19 24 20 17
 5.020000E+02 9 0 0 0 0 0 0 0 0 0 0 0 19 16 25 15 20 13
 5.025000E+02 10 0 0 0 0 0 0 0 0 0 0 0 20 6 25 20 16 14
 5.030000E+02 5 0 0 0 0 0 0 0 0 2 0 0 19 9 18 18 19 18
 5.035000E+02 14 0 0 0 0 0 0 0 0 2 0 0 19 13 26 21 19 17
 5.040000E+02 11 0 0 0 0 0 0 0 0 0 0 0 22 17 16 16 14 19
 5.045000E+02 6 0 0 0 0 0 0 0 0 0 0 0 18 17 19 19 16 14
 5.050000E+02 14 0 0 0 0 0 0 0 0 0 0 0 24 16 17 19 14 17
 5.055000E+02 8 0 0 0 0 0 0 0 0 0 0 0 20 21 14 11 17 20
 5.060000E+02 11 0 0 0 0 0 0 0 0 0 0 0 11 14 25 9 25 22
 5.065000E+02 8 0 0 0 0 0 0 0 0 0 0 0 12 22 27 15 23 13
 5.070000E+02 13 0 0 0 0 0 0 0 0 0 0 0 10 17 28 15 11 17
 5.075000E+02 8 0 0 0 0 0 0 0 0 0 0 0 15 13 17 14 22 12
 5.080000E+02 9 0 0 0 0 0 0 0 0 0 0 0 18 15 17 16 19 18
 5.085000E+02 10 0 0 0 0 0 0 0 0 0 0 0 22 18 23 17 17 17
 5.090000E+02 14 0 0 0 0 0 0 0 0 0 0 0 22 11 16 20 21 22
 5.095000E+02 8 0 0 0 0 0 0 0 0 0 0 0 13 15 21 19 18 20
 5.100000E+02 12 0 0 0 0 0 0 0 0 0 0 0 20 18 16 16 18 9
 5.105000E+02 14 0 0 0 0 0 0 0 0 1 0 0 17 18 20 20 20 22
 5.110000E+02 7 0 0 1 0 0 0 0 0 1 0 0 25 23 16 17 14 19
 5.115000E+02 12 0 0 1 0 0 0 0 0 1 0 0 20 15 20 18 20 14
 5.120000E+02 13 0 0 1 0 0 0 0 0 1 0 0 29 22 16 11 17 13
 5.125000E+02 10 0 0 0 0 0 0 0 0 2 0 0 21 21 18 14 17 21
 5.130000E+02 8 0 0 0 0 0 0 0 0 1 0 0 15 21 19 18 25 13
 5.135000E+02 10 0 0 0 0 0 0 0 0 0 0 0 18 15 19 15 21 17
 5.140000E+02 11 0 0 0 0 0 0 0 0 0 0 0 20 22 17 17 10 19
 5.145000E+02 9 0 0 0 0 0 0 0 0 0 0 0 13 23 19 16 14 24
 5.150000E+02 6 0 0 0 0 0 0 0 0 0 0 0 15 21 13 22 17 16
 5.155000E+02 7 0 0 0 0 0 0 0 0 0 0 0 21 21 15 13 24 18
 5.160000E+02 9 0 0 0 0 0 0 0 0 1 0 0 15 17 15 14 14 25
 5.165000E+02 6 0 0 0 0 0 0 0 0 1 0 0 14 15 16 12 18 20
 5.170000E+02 10 0 0 0 0 0 0 1 0 0 0 0 16 13 13 15 14 23
 5.175000E+02 5 0 0 0 0 0 0 0 0 1 0 0 20 17 14 19 19 19
 5.180000E+02 8 0 0 0 0 0 0 0 0 0 0 0 24 12 13 18 14 19
 5.185000E+02 8 0 0 0 0 0 0 0 0 0 0 0 18 22 17 12 20 19
 5.190000E+02 7 0 0 0 0 0 0 0 0 0 0 0 20 19 11 16 16 15
 5.195000E+02 11 0 0 0 0 0 0 0 0 0 0 0 19 18 19 15 17 6
 5.200000E+02 10 0 0 0 0 0 0 0 0 0 0 0 14 18 20 15 15 22
 5.205000E+02 9 0 0 0 0 0 0 0 0 1 0 0 18 15 22 17 18 18
 5.210000E+02 11 0 0 0 0 0 0 0 0 1 0 0 14 16 17 17 16 19
 5.215000E+02 3 0 0 0 0 0 0 0 0 0 0 0 15 16 22 18 19 21
 5.220000E+02 9 0 0 0 0 0 0 0 0 0 0 0 13 11 22 21 22 17
 5.225000E+02 6 0 0 0 0 0 0 0 0 0 0 0 20 14 17 22 13 21
 5.230000E+02 11 0 0 0 0 0 0 0 0 0 0 0 22 15 21 15 11 24
 5.235000E+02 10 0 0 0 0 0 0 0 0 0 0 0 14 17 21 19 13 20
 5.240000E+02 9 0 0 0 0 0 0 0 0 0 0 0 23 19 24 15 11 16
 5.245000E+02 9 0 0 0 0 0 0 0 0 0 0 0 20 18 19 14 18 16
 5.250000E+02 14 0 0 0 0 0 0 0 0 0 0 0 17 22 15 12 19 16
 5.255000E+02 9 0 0 0 0 0 0 0 0 0 0 0 16 20 19 15 20 15
 5.260000E+02 10 0 0 0 0 0 0 0 0 0 0 0 15 20 23 17 16 8
 5.265000E+02 17 0 0 0 0 0 0 0 0 0 0 0 17 23 24 16 14 12
 5.270000E+02 12 0 0 0 0 0 0 0 0 0 0 0 24 16 17 18 14 13
 5.275000E+02 4 0 0 0 0 0 0 0 0 0 0 0 22 14 16 21 22 15
 5.280000E+02 16 0 0 0 0 0 0 0 0 0 0 0 17 19 14 16 22 14
 5.285000E+02 5 0 0 0 0 0 0 0 0 0 0 0 17 14 17 17 20 14
 5.290000E+02 9 0 0 0 0 0 0 0 0 0 0 0 18 16 22 23 20 14
 5.295000E+02 9 0 0 0 0 0 0 0 0 0 0 0 23 21 23 25 18 10
 5.300000E+02 12 0 0 0 0 0 0 0 0 0 0 0 17 20 19 18 15 16
 5.305000E+02 8 0 0 0 0 0 0 0 0 0 0 0 15 20 19 21 19 13
 5.310000E+02 8 0 0 0 0 0 0 0 0 2 0 0 12 19 19 19 15 22
 5.315000E+02 8 0 0 0 0 0 0 0 0 2 0 0 12 24 20 16 21 22
 5.320000E+02 9 0 0 0 0 0 0 0 0 1 0 0 11 16 20 15 19 19
 5.325000E+02 8 0 0 0 0 0 0 0 0 0 0 0 17 17 17 20 16 18
 5.330000E+02 7 0 0 0 0 0 0 0 0 0 0 0 20 15 18 18 12 23
 5.335000E+02 7 0 0 0 0 0 0 0 0 0 0 0 18 21 21 16 18 19
 5.340000E+02 9 0 0 0 0 0 0 0 0 0 0 0 18 20 21 19 18 16
 5.345000E+02 8 0 0 0 0 0 0 0 0 0 0 0 14 20 19 15 20 20
 5.350000E+02 10 0 0 0 0 0 0 0 0 0 0 0 13 17 14 17 21 27
 5.355000E+02 10 0 0 0 0 0 0 0 0 0 0 0 18 18 15 18 16 28
 5.360000E+02 18 0 0 0 0 0 0 0 0 0 0 0 11 18 21 18 12 20
 5.365000E+02 10 0 0 0 0 0 0 0 0 0 0 0 20 8 21 22 14 13
 5.370000E+02 14 0 0 0 0 0 0 0 0 0 0 0 22 15 17 23 16 20
 5.375000E+02 4 0 0 0 0 0 0 0 0 0 0 0 20 9 20 23 15 15
 5.380000E+02 7 0 0 0 0 0 0 0 0 0 0 0 21 13 21 23 15 16
 5.385000E+02 12 0 0 0 0 0 0 0 0 0 0 0 15 12 19 20 22 15
 5.390000E+02 3 0 0 0 0 0 0 0 0 0 0 0 20 22 22 16 15 16
 5.395000E+02 11 0 0 0 0 0 0 0 0 1 0 0 21 25 23 9 20 24
 5.400000E+02 10 0 0 0 0 0 0 0 0 0 0 0 19 17 21 18 17 26
 5.405000E+02 6 0 0 0 0 0 0 0 0 0 0 0 18 14 19 29 14 18
 5.410000E+02 10 0 0 0 0 0 0 0 0 0 0 0 15 16 22 20 22 17
 5.415000E+02 9 0 0 0 0 0 0 0 0 0 0 0 19 19 17 18 28 15
 5.420000E+02 11 0 0 0 0 0 0 0 0 0 0 0 18 17 19 16 24 21
 5.425000E+02 8 0 0 0 0 0 0 0 0 0 0 0 22 17 18 14 22 16
 5.430000E+02 12 0 0 0 0 0 0 0 0 0 0 0 16 14 17 10 17 16
 5.435000E+02 10 0 0 0 0 0 0 0 0 0 0 0 17 23 16 11 17 19
 5.440000E+02 7 0 0 0 0 0 0 0 0 0 0 0 16 26 23 11 16 16
 5.445000E+02 7 0 0 0 0 0 0 0 0 1 0 0 12 27 21 21 16 16
 5.450000E+02 9 0 0 0 0 1 0 1 0 0 0 0 16 22 20 13 23 9
 5.455000E+02 8 0 0 0 0 0 0 0 0 1 0 0 14 12 12 19 22 14
 5.460000E+02 12 0 0 0 0 0 0 0 0 0 0 0 21 15 18 19 12 19
 5.465000E+02 19 0 0 0 0 0 0 0 0 0 0 0 22 16 13 12 22 18
 5.470000E+02 9 0 0 0 0 0 0 0 0 0 0 0 16 15 22 12 14 16
 5.475000E+02 8 0 0 0 0 0 0 0 0 0 0 0 12 12 22 20 23 18
 5.480000E+02 8 0 0 0 0 0 0 0 0 1 0 0 14 21 20 20 18 16
 5.485000E+02 15 0 0 0 0 0 0 0 0 0 0 0 13 15 24 14 26 14
 5.490000E+02 13 0 0 0 0 0 0 0 0 0 0 0 10 16 26 23 19 17
 5.495000E+02 8 0 0 0 0 0 0 1 0 0 0 0 19 21 14 13 18 25
 5.500000E+02 10 0 0 0 0 0 0 0 0 0 0 0 19 15 15 15 21 22
 5.505000E+02 10 0 0 0 0 0 0 0 0 0 0 0 22 19 11 9 26 22
 5.510000E+02 7 0 0 0 0 0 0 0 0 0 0 0 15 17 12 12 22 23
 5.515000E+02 7 0 0 0 0 0 0 0 0 0 0 0 11 18 16 15 21 27
 5.520000E+02 10 0 0 0 0 0 0 0 0 0 0 0 14 17 21 16 16 26
 5.525000E+02 4 0 0 0 0 0 0 0 0 0 0 0 25 16 16 18 13 19
 5.530000E+02 13 0 0 0 0 0 0 0 0 0 0 0 15 13 25 18 20 13
 5.535000E+02 5 0 0 0 0 0 0 0 0 0 0 0 19 16 21 16 15 14
 5.540000E+02 12 0 0 0 0 0 0 0 0 0 0 0 20 10 20 14 14 15
 5.545000E+02 14 0 0 0 0 0 0 0 0 0 0 0 17 20 26 14 13 21
 5.550000E+02 10 0 0 0 0 0 0 0 0 0 0 0 20 18 20 15 17 17
 5.555000E+02 11 0 0 0 0 0 0 0 0 0 0 0 23 15 19 21 17 11
 5.560000E+02 16 0 0 0 0 0 0 0 0 0 0 0 15 14 19 14 18 21
 5.565000E+02 4 0 0 0 0 0 0 0 0 0 0 0 19 18 18 13 17 23
 5.570000E+02 12 0 0 0 0 0 0 0 0 1 0 0 18 25 17 13 17 16
 5.575000E+02 12 0 0 0 0 0 0 0 0 1 0 0 16 22 20 14 17 13
 5.580000E+02 8 0 0 0 0 0 0 0 0 1 0 0 21 24 19 13 19 21
 5.585000E+02 6 0 0 0 0 0 0 0 0 1 0 0 20 25 14 16 23 18
 5.590000E+02 11 0 0 0 0 0 0 0 0 0 0 0 24 27 28 16 21 15
 5.595000E+02 8 0 0 0 0 0 0 0 0 0 0 0 19 23 16 14 18 20
 5.600000E+02 4 0 0 0 0 0 0 0 0 0 0 0 17 26 22 17 19 11
 5.605000E+02 6 0 0 0 0 0 0 0 0 0 0 0 17 19 23 18 17 13
 5.610000E+02 8 0 0 0 0 0 0 0 0 0 0 0 19 11 20 19 19 11
 5.615000E+02 11 0 0 0 0 0 0 0 0 0 0 0 20 21 22 20 10 13
 5.620000E+02 10 0 0 0 0 0 0 0 0 0 0 0 17 16 24 17 17 15
 5.625000E+02 13 0 0 0 0 0 0 0 0 0 0 0 14 17 27 17 12 15
 5.630000E+02 5 0 0 0 0 0 0 0 0 0 0 0 18 22 24 18 17 16
 5.635000E+02 6 0 0 0 0 0 0 0 0 0 0 0 19 24 23 20 15 17
 5.640000E+02 7 0 0 0 0 0 0 0 0 0 0 0 17 25 20 14 14 12
 5.645000E+02 8 0 0 0 0 0 0 0 0 0 0 0 31 18 23 12 10 14
 5.650000E+02 12 0 0 0 0 0 0 0 0 0 0 0 19 14 21 16 14 14
 5.655000E+02 11 0 0 0 0 0 0 0 0 0 0 0 14 14 21 23 17 16
 5.660000E+02 4 0 0 0 0 0 0 0 0 0 0 0 15 17 23 16 24 19
 5.665000E+02 13 0 0 0 0 0 0 0 0 0 0 0 15 15 19 13 22 26
 5.670000E+02 8 0 0 0 0 0 0 0 0 0 0 0 15 15 19 21 16 26
 5.675000E+02 10 0 0 0 0 0 0 0 0 0 0 0 20 13 18 19 18 17
 5.680000E+02 3 0 0 0 0 0 0 0 0 0 0 0 20 21 15 17 19 18
 5.685000E+02 9 0 0 0 0 0 0 0 0 0 0 0 24 16 2 16 14 19
 5.690000E+02 6 0 0 0 0 0 0 0 0 0 0 0 17 22 12 12 19 14
 5.695000E+02 7 0 0 0 0 0 0 0 0 0 0 0 21 22 18 11 20 14
 5.700000E+02 6 0 0 0 0 0 0 0 0 0 0 0 20 25 20 14 18 19
 5.705000E+02 7 0 0 0 0 0 0 0 0 0 0 0 17 19 18 13 15 18
 5.710000E+02 7 0 0 0 0 0 0 0 0 0 0 0 22 22 16 12 16 15
 5.715000E+02 6 0 0 0 0 0 0 0 0 1 0 0 24 18 17 19 16 13
 5.720000E+02 13 0 0 0 0 0 0 0 0 1 0 0 19 24 11 19 12 20
 5.725000E+02 6 0 0 0 0 0 0 0 0 1 0 0 23 20 8 18 23 20
 5.730000E+02 6 0 0 0 0 0 0 0 0 1 0 0 15 19 15 21 27 19
 5.735000E+02 5 0 0 0 0 0 0 0 0 1 0 0 19 17 16 19 23 19
 5.740000E+02 8 0 0 0 0 0 0 0 0 0 0 0 22 14 14 9 21 25
 5.745000E+02 13 0 0 0 0 0 0 0 0 0 0 0 23 18 14 15 23 16
 5.750000E+02 10 0 0 0 0 0 0 0 0 0 0 0 20 20 14 17 17 16
 5.755000E+02 11 0 0 0 0 0 0 0 0 0 0 0 20 13 21 17 23 20
 5.760000E+02 10 0 0 0 0 0 0 0 0 0 0 0 23 12 10 20 14 14
 5.765000E+02 8 0 0 0 0 0 0 0 0 0 0 0 19 13 14 20 21 18
 5.770000E+02 14 0 0 0 0 0 0 0 0 0 0 0 15 18 13 19 17 32
 5.775000E+02 14 0 0 0 0 0 0 0 0 0 0 0 15 17 18 17 15 17
 5.780000E+02 10 0 0 0 0 0 0 0 0 0 0 0 13 22 15 22 19 21
 5.785000E+02 14 0 0 0 0 0 0 0 0 0 0 0 10 29 11 20 20 19
 5.790000E+02 8 0 0 0 0 0 0 0 0 0 0 0 16 21 16 22 22 18
 5.795000E+02 10 0 0 0 0 0 0 0 0 0 0 0 13 19 12 17 20 24
 5.800000E+02 11 0 0 0 0 0 0 0 0 0 0 0 22 20 19 15 13 15
 5.805000E+02 15 0 0 0 0 0 0 0 0 1 0 0 19 22 21 11 13 17
 5.810000E+02 12 0 0 0 0 0 0 0 0 0 0 0 17 15 24 10 11 20
 5.815000E+02 7 0 0 0 0 0 0 0 0 0 0 0 18 18 19 17 14 15
 5.820000E+02 12 0 0 0 0 0 0 0 0 0 0 0 21 18 19 17 17 15
 5.825000E+02 7 0 0 0 0 0 0 0 0 0 0 0 18 19 24 13 25 17
 5.830000E+02 11 0 0 0 0 0 0 0 0 0 0 0 25 18 22 12 15 20
 5.835000E+02 9 0 0 0 0 0 0 0 0 1 0 0 23 17 22 16 12 24
 5.840000E+02 13 0 0 0 0 0 0 0 0 0 0 0 24 14 19 16 16 22
 5.845000E+02 6 0 0 0 0 0 0 0 0 0 0 0 18 14 10 17 23 21
 5.850000E+02 7 0 0 0 0 0 0 0 0 0 0 0 20 23 20 18 23 21
 5.855000E+02 11 0 0 0 0 0 0 0 0 0 0 0 20 19 15 15 18 9
 5.860000E+02 9 0 0 0 0 0 0 0 0 0 0 0 20 16 15 20 19 17
 5.865000E+02 7 0 0 0 0 0 0 0 0 0 0 0 30 12 15 20 20 20
 5.870000E+02 2 0 0 0 0 0 0 0 0 0 0 0 30 8 12 15 18 19
 5.875000E+02 15 0 0 0 0 0 0 0 0 0 0 0 24 14 13 9 19 12
 5.880000E+02 16 0 0 1 0 0 0 0 0 0 0 0 31 19 13 11 19 16
 5.885000E+02 12 0 0 0 0 0 0 0 0 1 0 0 20 27 18 12 15 16
 5.890000E+02 9 0 0 0 0 0 0 1 0 0 0 0 19 22 20 11 18 14
 5.895000E+02 5 0 0 0 0 0 0 0 0 0 0 0 25 17 8 13 22 16
 5.900000E+02 11 0 0 0 0 0 0 0 0 0 0 0 25 14 13 12 19 20
 5.905000E+02 12 0 0 0 0 0 0 0 0 0 0 0 27 9 23 14 13 27
 5.910000E+02 12 0 0 0 0 0 0 0 0 0 0 0 26 16 21 12 14 23
 5.915000E+02 11 0 0 0 0 0 0 0 0 0 0 0 26 16 26 14 18 12
 5.920000E+02 9 0 0 0 0 0 0 0 0 0 0 0 25 19 17 14 17 14
 5.925000E+02 9 0 0 0 0 0 0 0 0 0 0 0 22 23 15 23 23 23
 5.930000E+02 8 0 0 0 0 0 0 0 0 0 0 0 22 25 9 24 16 25
 5.935000E+02 8 0 0 0 0 0 0 0 0 0 0 0 20 19 10 19 13 21
 5.940000E+02 2 0 0 0 0 0 0 0 0 0 0 0 14 19 11 21 20 22
 5.945000E+02 5 0 0 0 0 0 0 0 0 0 0 0 14 16 20 17 27 23
 5.950000E+02 9 0 0 0 0 0 0 0 0 0 0 0 17 16 18 15 20 15
 5.955000E+02 13 0 0 0 0 0 0 0 0 0 0 0 23 20 20 13 19 17
 5.960000E+02 8 0 0 0 0 0 0 0 0 0 0 0 14 22 19 14 20 19
 5.965000E+02 13 0 0 1 0 0 0 0 0 0 0 0 20 25 16 16 16 19
 5.970000E+02 8 0 0 0 0 0 0 0 0 0 0 0 20 13 12 22 15 30
 5.975000E+02 9 0 0 0 0 0 0 0 0 0 0 0 16 12 10 25 15 21
 5.980000E+02 12 0 0 0 0 0 0 0 0 0 0 0 17 15 13 25 13 17
 5.985000E+02 9 0 0 0 0 0 0 0 0 0 0 0 13 13 23 21 17 17
 5.990000E+02 11 0 0 0 0 0 0 0 0 0 0 0 11 19 20 16 20 17
 5.995000E+02 13 0 0 0 0 0 0 0 0 0 0 0 11 21 16 22 21 13
 6.000000E+02 8 0 0 0 0 0 0 1 0 0 0 0 18 18 15 27 20 17
 6.005000E+02 7 0 0 0 0 0 0 0 0 2 0 0 16 20 18 21 22 17
 6.010000E+02 6 0 0 0 0 0 0 0 0 1 0 0 24 20 17 19 15 29
 6.015000E+02 12 0 0 0 0 0 0 0 0 0 0 0 18 20 17 17 17 20
 6.020000E+02 7 0 0 0 0 0 0 0 0 0 0 0 19 20 22 23 15 18
 6.025000E+02 10 0 0 0 0 0 0 0 0 0 0 0 21 19 19 18 20 16
 6.030000E+02 15 0 0 0 0 0 0 0 0 0 0 0 17 18 15 15 15 21
 6.035000E+02 12 0 0 0 0 0 0 0 0 0 0 0 16 18 16 12 19 19
 6.040000E+02 11 0 0 0 0 0 0 0 0 0 0 0 14 21 17 13 21 17
 6.045000E+02 11 0 0 0 0 0 0 0 0 0 0 0 18 21 16 19 22 17
 6.050000E+02 17 0 0 0 0 0 0 0 0 0 0 0 19 15 16 22 26 14
 6.055000E+02 10 0 0 0 0 0 0 0 0 0 0 0 15 15 13 20 20 20
 6.060000E+02 14 0 0 0 0 0 0 0 0 0 0 0 16 16 17 14 25 16
 6.065000E+02 15 0 0 0 0 0 0 0 0 0 0 0 21 16 14 19 23 15
 6.070000E+02 8 0 0 0 0 0 0 0 0 0 0 0 17 17 19 20 22 14
 6.075000E+02 4 0 0 0 0 0 0 0 0 0 0 0 19 20 15 16 14 20
 6.080000E+02 9 0 0 0 0 0 0 1 0 0 0 0 16 16 21 20 12 18
 6.085000E+02 7 0 0 0 0 0 0 0 0 1 0 0 20 21 25 20 15 15
 6.090000E+02 6 0 0 0 0 0 0 1 0 0 0 0 19 16 27 17 16 7
 6.095000E+02 9 0 0 0 0 0 0 0 0 1 0 0 21 16 17 20 17 13
 6.100000E+02 13 0 0 0 0 0 0 0 0 0 0 0 22 22 16 16 11 16
 6.105000E+02 9 0 0 0 0 0 0 0 0 1 0 0 12 23 15 22 13 21
 6.110000E+02 7 0 0 0 0 0 0 0 0 0 0 0 10 23 12 15 14 22
 6.115000E+02 14 0 0 0 0 0 0 0 0 0 0 0 10 18 14 18 18 20
 6.120000E+02 8 0 0 1 0 0 0 0 0 0 0 0 16 19 15 28 17 21
 6.125000E+02 10 0 0 0 0 0 0 0 0 0 0 0 14 18 11 22 21 15
 6.130000E+02 5 0 0 0 0 0 0 0 0 0 0 0 16 15 16 15 16 21
 6.135000E+02 10 0 0 0 0 0 0 0 0 0 0 0 12 18 15 16 18 20
 6.140000E+02 9 0 0 1 0 0 0 0 0 1 0 0 17 17 7 12 23 20
 6.145000E+02 10 0 0 0 0 0 0 0 0 2 0 0 16 17 17 15 16 23
 6.150000E+02 8 0 0 0 0 0 0 0 0 1 0 0 15 17 18 18 14 16
 6.155000E+02 6 0 0 0 0 0 0 0 0 1 0 0 19 17 18 14 13 14
 6.160000E+02 7 0 0 0 0 0 0 0 0 2 0 0 20 16 18 15 17 14
 6.165000E+02 9 0 0 0 0 0 0 0 0 2 0 0 16 13 10 20 17 18
 6.170000E+02 7 0 0 0 0 0 0 0 0 1 0 0 14 17 14 14 15 16
 6.175000E+02 11 0 0 0 0 0 0 0 0 0 0 0 21 13 13 13 20 16
 6.180000E+02 9 0 0 0 0 0 0 0 0 0 0 0 20 15 17 17 20 12
 6.185000E+02 11 0 0 0 0 0 0 0 0 0 0 0 20 11 16 24 20 9
 6.190000E+02 9 0 0 0 0 0 0 0 0 0 0 0 17 11 21 23 20 11
 6.195000E+02 10 0 0 0 0 0 0 0 0 0 0 0 13 12 22 21 15 18
 6.200000E+02 2 0 0 0 0 0 0 0 0 0 0 0 16 16 21 18 13 16
 6.205000E+02 11 0 0 0 0 0 0 0 0 0 0 0 17 17 17 18 17 19
 6.210000E+02 9 0 0 0 0 0 0 0 0 0 0 0 16 15 18 13 13 18
 6.215000E+02 7 0 0 0 0 0 0 0 0 0 0 0 19 10 20 19 15 20
 6.220000E+02 8 0 0 0 0 0 0 0 0 0 0 0 18 16 18 20 16 12
 6.225000E+02 9 0 0 0 0 0 0 0 0 0 0 0 14 15 23 18 17 21
 6.230000E+02 10 0 0 0 0 0 0 0 0 1 0 0 16 18 30 15 20 19
 6.235000E+02 9 0 0 0 0 0 0 0 0 1 0 0 9 19 22 11 25 19
 6.240000E+02 8 0 0 0 0 0 0 0 0 0 0 0 10 19 24 15 18 22
 6.245000E+02 11 0 0 0 0 0 0 0 0 0 0 0 13 18 25 14 23 19
 6.250000E+02 11 0 0 0 0 0 0 0 0 0 0 0 14 16 15 14 20 17
 6.255000E+02 8 0 0 0 0 0 0 0 0 0 0 0 10 15 24 20 22 12
 6.260000E+02 9 0 0 0 0 0 0 0 0 1 0 0 14 9 26 18 22 15
 6.265000E+02 8 0 0 0 0 0 0 0 0 0 0 0 16 15 19 18 18 20
 6.270000E+02 16 0 0 1 0 0 0 0 0 0 0 0 16 17 26 13 14 13
 6.275000E+02 13 0 0 0 0 0 0 0 0 0 0 0 18 16 17 12 15 20
 6.280000E+02 8 0 0 0 0 0 0 0 0 0 0 0 21 18 14 24 19 20
 6.285000E+02 12 0 0 0 0 0 0 0 0 0 0 0 16 18 14 18 11 18
 6.290000E+02 11 0 0 0 0 0 0 0 0 0 0 0 18 13 23 25 14 14
 6.295000E+02 8 0 0 0 0 0 0 0 0 0 0 0 14 14 17 24 11 17
 6.300000E+02 13 0 0 0 0 0 0 0 0 0 0 0 14 23 13 24 11 14
 6.305000E+02 10 0 0 0 0 0 0 0 0 0 0 0 12 22 18 20 14 12
 6.310000E+02 9 0 0 0 0 0 0 0 0 0 0 0 17 25 19 24 15 14
 6.315000E+02 7 0 0 0 0 0 0 0 0 0 0 0 14 23 21 19 13 17
 6.320000E+02 15 0 0 0 0 0 0 0 0 0 0 0 14 15 18 25 7 18
 6.325000E+02 4 0 0 0 0 0 0 0 0 0 0 0 21 15 17 23 16 20
 6.330000E+02 12 0 0 0 0 0 0 0 0 0 0 0 17 18 20 21 19 13
 6.335000E+02 6 0 0 0 0 0 0 0 0 0 0 0 13 23 24 18 18 12
 6.340000E+02 8 0 0 0 0 0 0 0 0 0 0 0 19 29 25 14 6 12
 6.345000E+02 10 0 0 0 0 0 0 0 0 0 0 0 20 24 16 19 17 13
 6.350000E+02 7 0 0 0 0 0 0 0 0 0 0 0 13 17 18 18 21 10
 6.355000E+02 13 0 0 0 0 0 0 0 0 0 0 0 15 19 19 16 21 17
 6.360000E+02 9 0 0 0 0 0 0 1 0 0 0 0 11 23 19 17 15 21
 6.365000E+02 15 0 0 0 0 0 0 0 0 0 0 0 9 22 12 19 11 20
 6.370000E+02 9 0 0 0 0 0 0 0 0 0 0 0 11 14 15 15 16 20
 6.375000E+02 10 0 0 0 0 0 0 0 0 0 0 0 16 15 18 22 17 21
 6.380000E+02 9 0 0 0 0 0 0 0 0 0 0 0 10 19 15 19 22 21
 6.385000E+02 8 0 0 0 0 0 0 0 0 0 0 0 15 21 22 15 25 21
 6.390000E+02 9 0 0 0 0 0 0 0 0 0 0 0 10 24 14 15 20 15
 6.395000E+02 6 0 0 0 0 0 0 0 0 0 0 0 11 17 23 15 17 21
 6.400000E+02 8 0 0 0 0 0 0 0 0 0 0 0 11 14 25 19 20 20
 6.405000E+02 8 0 0 0 0 0 0 0 0 0 0 0 11 12 19 25 17 20
 6.410000E+02 8 0 0 0 0 0 0 0 0 0 0 0 11 18 20 16 19 19
 6.415000E+02 4 0 0 0 0 0 0 0 0 0 0 0 15 19 10 14 18 25
 6.420000E+02 4 0 0 0 0 0 0 0 0 0 0 0 24 13 11 24 14 15
 6.425000E+02 9 0 0 0 0 0 0 0 0 0 0 0 22 10 15 21 21 11
 6.430000E+02 8 0 0 0 0 0 0 0 0 0 0 0 23 12 18 20 16 14
 6.435000E+02 9 0 0 0 0 0 0 0 0 0 0 0 20 16 17 17 11 20
 6.440000E+02 9 0 0 0 0 0 0 0 0 0 0 0 17 13 16 17 13 24
 6.445000E+02 13 0 0 0 0 0 0 0 0 0 0 0 13 9 14 19 8 22
 6.450000E+02 11 0 0 0 0 0 0 0 0 0 0 0 25 9 12 21 9 21
 6.455000E+02 4 0 0 0 0 0 0 0 0 1 0 0 15 12 9 18 13 25
 6.460000E+02 7 0 0 0 0 0 0 0 0 0 0 0 13 18 15 15 18 24
 6.465000E+02 7 0 0 0 0 0 0 0 0 0 0 0 13 19 14 14 19 17
 6.470000E+02 9 0 0 0 0 0 0 0 0 0 0 0 10 21 14 16 11 15
 6.475000E+02 3 0 0 0 0 0 0 0 0 1 0 0 12 21 19 13 11 22
 6.480000E+02 10 0 0 0 0 0 0 0 0 0 0 0 16 25 13 18 9 20
 6.485000E+02 13 0 0 0 0 0 0 0 0 0 0 0 19 15 14 15 10 20
 6.490000E+02 7 0 0 0 0 0 0 0 0 0 0 0 17 20 12 18 12 15
 6.495000E+02 9 0 0 0 0 0 0 0 0 0 0 0 18 14 15 22 18 13
 6.500000E+02 5 0 0 0 0 0 0 0 0 0 0 0 16 15 21 22 15 12
 6.505000E+02 8 0 0 0 0 0 0 0 0 0 0 0 12 11 16 15 24 18
 6.510000E+02 10 0 0 0 0 0 0 0 0 0 0 0 9 21 18 15 22 22
 6.515000E+02 6 0 0 0 0 0 0 0 0 0 0 0 14 18 17 16 20 11
 6.520000E+02 13 0 0 0 0 0 0 0 0 1 0 0 12 19 19 15 18 10
 6.525000E+02 6 0 0 0 0 0 0 0 0 1 0 0 19 19 21 12 16 13
 6.530000E+02 10 0 0 0 0 0 0 0 0 0 0 0 18 14 22 13 15 21
 6.535000E+02 6 0 0 0 0 0 0 0 0 1 0 0 14 21 19 16 19 20
 6.540000E+02 8 0 0 0 0 0 0 0 0 0 0 0 13 21 13 12 17 14
 6.545000E+02 10 0 0 0 0 0 0 0 0 0 0 0 13 21 19 16 15 17
 6.550000E+02 6 0 0 0 0 0 0 0 0 0 0 0 17 24 19 17 13 17
 6.555000E+02 7 0 0 0 0 0 0 0 0 0 0 0 14 18 18 23 12 13
 6.560000E+02 10 0 0 0 0 0 0 0 0 0 0 0 13 18 10 23 21 16
 6.565000E+02 7 0 0 0 0 0 0 0 0 0 0 0 16 15 11 20 23 23
 6.570000E+02 5 0 0 0 0 0 0 0 0 0 0 0 15 18 11 16 24 18
 6.575000E+02 11 0 0 0 0 0 0 0 0 0 0 0 15 17 7 15 22 14
 6.580000E+02 7 0 0 0 0 0 0 0 0 1 0 0 19 23 14 16 21 19
 6.585000E+02 10 0 0 0 0 0 0 0 0 1 0 0 14 20 16 19 22 17
 6.590000E+02 8 0 0 0 0 0 0 0 0 1 0 0 21 25 13 19 23 19
 6.595000E+02 11 0 0 0 0 0 0 0 0 0 0 0 14 17 17 20 20 13
 6.600000E+02 6 0 0 0 0 0 0 0 0 1 0 0 11 18 12 20 26 18
 6.605000E+02 8 0 0 0 0 0 0 0 0 1 0 0 15 17 13 24 15 19
 6.610000E+02 7 0 0 0 0 0 0 0 0 1 0 0 18 13 18 15 23 17
 6.615000E+02 6 0 0 0 0 0 0 0 0 0 0 0 16 13 12 23 19 18
 6.620000E+02 5 0 0 0 0 0 0 0 0 0 0 0 18 13 12 22 18 11
 6.625000E+02 7 0 0 0 0 0 0 0 0 0 0 0 15 15 25 18 17 15
 6.630000E+02 13 0 0 0 0 0 0 0 0 0 0 0 10 22 18 22 17 20
 6.635000E+02 8 0 0 0 0 0 0 0 0 0 0 0 18 25 15 17 21 17
 6.640000E+02 15 0 0 0 0 0 0 0 0 0 0 0 15 17 12 10 15 20
 6.645000E+02 8 0 0 0 0 0 0 0 0 0 0 0 17 22 16 10 15 21
 6.650000E+02 8 0 0 0 0 0 0 0 0 0 0 0 14 18 18 20 17 14
 6.655000E+02 4 0 0 0 0 0 0 0 0 1 0 0 15 23 13 18 22 16
 6.660000E+02 9 0 0 0 0 0 0 1 0 0 0 0 14 18 17 11 19 23
 6.665000E+02 5 0 0 0 0 0 0 0 0 1 0 0 18 22 9 18 20 14
 6.670000E+02 11 0 0 0 0 0 0 0 0 1 0 0 17 27 13 15 22 12
 6.675000E+02 8 0 0 0 0 0 0 0 0 1 0 0 20 19 15 17 19 16
 6.680000E+02 13 0 0 0 0 0 0 0 0 0 0 0 20 19 13 17 16 15
 6.685000E+02 13 0 0 0 0 0 0 0 0 0 0 0 20 12 12 7 20 17
 6.690000E+02 8 0 0 0 0 0 0 0 0 0 0 0 17 15 15 15 16 22
 6.695000E+02 7 0 0 0 0 0 0 0 0 1 0 0 13 21 19 19 18 20
 6.700000E+02 6 0 0 0 0 0 0 0 0 1 0 0 10 18 17 21 17 17
 6.705000E+02 11 0 0 0 0 0 0 0 0 1 0 0 11 24 13 20 19 18
 6.710000E+02 11 0 0 0 0 0 0 0 0 0 0 0 12 29 18 18 15 22
 6.715000E+02 10 0 0 0 0 0 0 0 0 0 0 0 19 21 11 14 17 20
 6.720000E+02 4 0 0 0 0 0 0 0 0 0 0 0 21 14 15 15 16 24
 6.725000E+02 8 0 0 0 0 0 0 0 0 0 0 0 24 11 14 16 23 20
 6.730000E+02 13 0 0 0 0 0 0 0 0 0 0 0 19 17 18 18 18 13
 6.735000E+02 8 0 0 0 0 0 0 0 0 0 0 0 18 19 15 14 16 17
 6.740000E+02 9 0 0 0 0 0 0 0 0 0 0 0 11 13 21 20 22 21
 6.745000E+02 15 0 0 0 0 0 0 0 0 0 0 0 15 11 19 22 11 20
 6.750000E+02 11 0 0 0 0 0 0 0 0 0 0 0 21 15 17 17 10 19
 6.755000E+02 7 0 0 0 0 0 0 0 0 0 0 0 21 19 19 11 15 19
 6.760000E+02 8 0 0 0 0 0 0 0 0 0 0 0 27 22 13 14 9 14
 6.765000E+02 9 0 0 0 0 0 0 0 0 1 0 0 26 14 16 19 8 15
 6.770000E+02 7 0 0 0 0 0 0 0 0 1 0 0 25 16 15 15 11 20
 6.775000E+02 6 0 0 0 0 0 0 0 0 0 0 0 12 14 17 22 15 7
 6.780000E+02 9 0 0 0 0 0 0 0 0 0 0 0 12 18 14 18 16 14
 6.785000E+02 8 0 0 0 0 0 0 0 0 0 0 0 13 21 20 13 16 16
 6.790000E+02 7 0 0 0 0 0 0 0 0 0 0 0 14 17 24 11 16 12
 6.795000E+02 7 0 0 0 0 0 0 0 0 0 0 0 24 13 26 15 15 15
 6.800000E+02 9 0 0 0 0 0 0 0 0 0 0 0 27 16 20 14 12 11
 6.805000E+02 13 0 0 0 0 0 0 0 0 0 0 0 19 15 19 14 15 12
 6.810000E+02 11 0 0 0 0 0 0 0 0 0 0 0 16 13 20 17 9 14
 6.815000E+02 10 0 0 0 0 0 0 0 0 0 0 0 16 24 23 19 15 14
 6.820000E+02 10 0 0 0 0 0 0 0 0 0 0 0 19 15 19 14 17 10
 6.825000E+02 5 0 0 0 0 0 0 0 0 0 0 0 16 12 19 18 15 16
 6.830000E+02 9 0 0 0 0 0 0 0 0 0 0 0 20 16 17 21 16 18
 6.835000E+02 8 0 0 0 0 0 0 0 0 0 0 0 18 22 14 15 16 14
 6.840000E+02 12 0 0 0 0 0 0 0 0 0 0 0 18 14 17 17 17 14
 6.845000E+02 11 0 0 0 0 0 0 0 0 0 0 0 16 12 19 16 16 14
 6.850000E+02 8 0 0 0 0 0 0 0 0 0 0 0 9 14 17 17 23 12
 6.855000E+02 5 0 0 0 0 0 0 0 0 0 0 0 15 14 17 16 19 17
 6.860000E+02 9 0 0 0 0 0 0 0 0 0 0 0 17 17 16 18 20 9
 6.865000E+02 8 0 0 0 0 0 0 0 0 0 0 0 17 17 19 23 15 12
 6.870000E+02 6 0 0 0 0 0 0 0 0 0 0 0 17 19 21 17 16 14
 6.875000E+02 5 0 0 0 0 0 0 0 0 0 0 0 12 19 18 18 10 20
 6.880000E+02 6 0 0 0 0 0 0 0 0 0 0 0 17 20 14 20 16 24
 6.885000E+02 11 0 0 0 0 0 0 0 0 0 0 0 12 24 12 19 14 16
 6.890000E+02 10 0 0 0 0 0 0 0 0 0 0 0 12 20 17 21 17 22
 6.895000E+02 7 0 0 0 0 0 0 0 0 0 0 0 18 13 11 18 14 19
 6.900000E+02 7 0 0 0 0 0 0 0 0 0 0 0 21 17 18 17 12 19
 6.905000E+02 11 0 0 0 0 0 0 0 0 0 0 0 21 11 21 24 14 21
 6.910000E+02 11 0 0 0 0 0 0 0 0 0 0 0 21 10 16 19 20 15
 6.915000E+02 10 0 0 0 0 0 0 0 0 0 0 0 16 10 16 17 13 17
 6.920000E+02 6 0 0 0 0 0 0 0 0 0 0 0 18 10 15 21 17 19
 6.925000E+02 8 0 0 0 0 0 0 0 0 0 0 0 18 12 13 18 22 14
 6.930000E+02 5 0 0 0 0 0 0 0 0 0 0 0 16 16 10 20 22 17
 6.935000E+02 7 0 0 0 0 0 0 0 0 0 0 0 23 15 12 15 15 18
 6.940000E+02 4 0 0 0 0 1 0 0 0 0 0 0 15 13 16 13 16 19
 6.945000E+02 9 0 0 0 0 0 0 0 0 0 0 0 13 20 14 20 13 21
 6.950000E+02 10 0 0 0 0 0 0 0 0 1 0 0 17 19 11 26 20 20
 6.955000E+02 4 0 0 0 0 0 0 0 0 1 0 0 16 13 12 20 23 17
 6.960000E+02 6 0 0 0 0 0 0 0 0 0 0 0 16 14 16 15 16 17
 6.965000E+02 16 0 0 0 0 0 0 0 0 0 0 0 22 16 17 12 13 16
 6.970000E+02 5 0 0 0 0 0 0 0 0 0 0 0 15 14 17 16 16 23
 6.975000E+02 11 0 0 0 0 0 0 0 0 0 0 0 17 17 15 14 16 21
 6.980000E+02 9 0 0 0 0 0 0 0 0 0 0 0 11 18 14 10 20 16
 6.985000E+02 13 0 0 0 0 0 0 0 0 0 0 0 14 17 13 19 17 12
 6.990000E+02 7 0 0 0 0 0 0 0 0 0 0 0 13 18 14 13 16 13
 6.995000E+02 9 0 0 0 0 0 0 0 0 0 0 0 15 22 18 16 19 14
 7.000000E+02 10 0 0 0 0 0 0 0 0 0 0 0 19 20 18 16 19 12
