# time 'Ca' 'D34:75:137_PP2ACa' 'D34:75:137_PP2APCa' 'D34:75_PP2ACa' 'D34:75_PP2APCa' 'D75:137_PP2ACa' 'D75:137_PP2APCa' 'D75_PP2ACa' 'D75_PP2APCa' 'PP2ACa' 'PP2ACa_PKA' 'PP2APCa' 'PP2BinactiveCa2_1' 'PP2BinactiveCa2_2' 'PP2BinactiveCa2_3' 'PP2BinactiveCa2_4' 'PP2BinactiveCa2_5' 'PP2BinactiveCa2_6'
 0.000000E+00 0 0 0 0 0 0 0 0 0 0 0 0 0 0 0 0 0 0
 5.000000E-01 1 0 0 0 0 0 0 0 0 0 0 0 1 0 0 0 0 1
 1.000000E+00 5 0 0 0 0 0 0 0 0 0 0 0 1 1 0 1 0 0
 1.500000E+00 3 0 0 0 0 0 0 0 0 0 0 0 2 0 0 2 0 2
 2.000000E+00 6 0 0 0 0 0 0 0 0 0 0 0 2 0 0 3 1 0
 2.500000E+00 3 0 0 0 0 0 0 0 0 0 0 0 1 1 0 3 3 2
 3.000000E+00 3 0 0 0 0 0 0 0 0 0 0 0 3 1 5 2 2 4
 3.500000E+00 5 0 0 0 0 0 0 0 0 0 0 0 3 1 4 3 4 4
 4.000000E+00 3 0 0 0 0 0 0 0 0 0 0 0 2 2 3 6 8 4
 4.500000E+00 1 0 0 0 0 0 0 0 0 0 0 0 4 6 3 5 8 1
 5.000000E+00 7 0 0 0 0 0 0 0 0 0 0 0 2 5 7 7 8 3
 5.500000E+00 4 0 0 0 0 0 0 0 0 0 0 0 3 4 8 6 11 6
 6.000000E+00 2 0 0 0 0 0 0 0 0 0 0 0 6 2 10 9 7 4
 6.500000E+00 5 0 0 0 0 0 0 0 0 0 0 0 7 3 8 10 6 4
 7.000000E+00 5 0 0 0 0 0 0 0 0 0 0 0 9 3 8 11 6 7
 7.500000E+00 3 0 0 0 0 0 0 0 0 0 0 0 8 6 9 8 7 7
 8.000000E+00 7 0 0 0 0 0 0 0 0 0 0 0 12 6 10 8 5 4
 8.500000E+00 1 0 0 0 0 0 0 0 0 0 0 0 11 6 10 5 5 8
 9.000000E+00 4 0 0 0 0 0 0 0 0 0 0 0 8 12 12 6 6 8
 9.500000E+00 6 0 0 0 0 0 0 0 0 0 0 0 7 9 12 8 5 9
 1.000000E+01 11 0 0 0 0 0 0 0 0 0 0 0 5 6 11 11 10 7
 1.050000E+01 4 0 0 0 0 0 0 0 0 0 0 0 7 6 13 14 9 7
 1.100000E+01 4 0 0 0 0 0 0 0 0 1 0 0 7 6 13 11 6 11
 1.150000E+01 8 0 0 0 0 0 0 1 0 0 0 0 4 7 15 12 9 9
 1.200000E+01 3 0 0 0 0 0 0 0 0 0 0 0 3 5 14 14 7 7
 1.250000E+01 7 0 0 0 0 0 0 0 0 0 0 0 4 5 17 12 5 8
 1.300000E+01 4 0 0 0 0 0 0 0 0 0 0 0 9 8 11 16 8 7
 1.350000E+01 4 0 0 0 0 0 0 0 0 0 0 0 10 11 11 10 8 3
 1.400000E+01 8 0 0 0 0 0 0 0 0 0 0 0 10 11 8 10 7 6
 1.450000E+01 6 0 0 0 0 0 0 0 0 0 0 0 12 14 7 9 9 8
 1.500000E+01 6 0 0 0 0 0 0 0 0 2 0 0 11 12 9 9 11 11
 1.550000E+01 4 0 0 0 0 0 0 1 0 1 0 0 13 9 9 10 13 9
 1.600000E+01 4 0 0 0 0 0 0 0 0 1 0 0 10 6 14 12 8 10
 1.650000E+01 4 0 0 0 0 0 0 0 0 1 0 0 11 6 13 13 9 10
 1.700000E+01 4 0 0 0 0 0 0 0 0 1 0 0 13 7 9 20 10 11
 1.750000E+01 7 0 0 0 0 0 0 0 0 1 0 0 15 9 9 17 9 10
 1.800000E+01 7 0 0 0 0 0 0 0 0 1 0 0 15 11 14 10 12 9
 1.850000E+01 6 0 0 0 0 0 0 0 0 0 0 0 14 12 11 8 11 12
 1.900000E+01 4 0 0 0 0 0 0 0 0 0 0 0 14 8 12 9 11 20
 1.950000E+01 7 0 0 0 0 0 0 0 0 0 0 0 10 13 14 11 12 17
 2.000000E+01 8 0 0 0 0 0 0 0 0 0 0 0 11 13 12 10 13 16
 2.050000E+01 4 0 0 0 0 0 0 0 0 0 0 0 10 9 13 15 14 11
 2.100000E+01 7 0 0 0 0 0 0 0 0 0 0 0 11 10 13 9 11 13
 2.150000E+01 8 0 0 0 0 0 0 0 0 0 0 0 8 9 12 11 12 15
 2.200000E+01 4 0 0 0 0 0 0 0 0 0 0 0 14 13 13 11 15 13
 2.250000E+01 10 0 0 0 0 0 0 0 0 0 0 0 9 16 13 10 13 14
 2.300000E+01 3 0 0 0 0 0 0 0 0 0 0 0 14 14 9 12 10 14
 2.350000E+01 5 0 0 0 0 0 0 0 0 0 0 0 15 18 9 9 10 12
 2.400000E+01 6 0 0 0 0 0 0 0 0 0 0 0 12 21 10 11 12 10
 2.450000E+01 11 0 0 0 0 0 0 0 0 0 0 0 14 18 11 13 10 10
 2.500000E+01 8 0 0 0 0 0 0 0 0 0 0 0 18 17 12 12 11 12
 2.550000E+01 12 0 0 0 0 0 0 0 0 0 0 0 13 15 14 14 14 10
 2.600000E+01 6 0 0 0 0 0 0 0 0 0 0 0 13 11 15 16 13 13
 2.650000E+01 4 0 0 0 0 0 0 0 0 0 0 0 13 11 15 13 17 12
 2.700000E+01 8 0 0 0 0 0 0 0 0 0 0 0 8 15 12 13 17 16
 2.750000E+01 10 0 0 0 0 0 0 0 0 0 0 0 6 12 16 19 17 14
 2.800000E+01 7 0 0 0 0 0 0 0 0 0 0 0 12 19 19 9 12 17
 2.850000E+01 10 0 0 0 0 0 0 0 0 0 0 0 14 15 15 9 19 11
 2.900000E+01 6 0 0 0 0 0 0 0 0 1 0 0 13 19 16 12 17 11
 2.950000E+01 5 0 0 0 0 0 0 0 0 1 0 0 12 14 11 15 14 17
 3.000000E+01 8 0 0 0 0 0 0 0 0 0 0 0 16 14 14 13 17 20
 3.050000E+01 5 0 0 0 0 0 0 0 0 0 0 0 16 14 11 14 16 17
 3.100000E+01 7 0 0 0 0 0 0 0 0 0 0 0 10 15 10 15 16 16
 3.150000E+01 6 0 0 0 0 0 0 0 0 0 0 0 10 12 14 20 18 18
 3.200000E+01 5 0 0 0 0 0 0 0 0 0 0 0 15 17 16 10 10 20
 3.250000E+01 6 0 0 0 0 0 0 0 0 0 0 0 21 18 18 13 12 14
 3.300000E+01 8 0 0 0 0 0 0 0 0 0 0 0 18 12 13 13 13 13
 3.350000E+01 6 0 0 0 0 0 0 1 0 0 0 0 21 18 12 13 19 13
 3.400000E+01 7 0 0 0 0 0 0 1 0 0 0 0 20 16 14 8 20 12
 3.450000E+01 7 0 0 0 0 0 0 0 0 1 0 0 19 20 14 10 15 17
 3.500000E+01 8 0 0 0 0 0 0 0 0 0 0 0 17 17 19 16 10 16
 3.550000E+01 12 0 0 0 0 0 0 0 0 0 0 0 18 15 15 16 19 19
 3.600000E+01 9 0 0 0 0 0 0 0 0 0 0 0 19 20 13 12 20 24
 3.650000E+01 7 0 0 0 0 0 0 0 0 0 0 0 25 19 14 8 13 20
 3.700000E+01 8 0 0 0 0 0 0 0 0 0 0 0 12 18 15 15 19 19
 3.750000E+01 11 0 0 0 0 0 0 0 0 0 0 0 10 12 23 16 21 13
 3.800000E+01 12 0 0 0 0 0 0 0 0 0 0 0 9 10 18 14 28 16
 3.850000E+01 12 0 0 0 0 0 0 1 0 1 0 0 18 14 14 14 19 20
 3.900000E+01 7 0 0 0 0 0 0 0 0 0 0 0 21 7 20 18 23 12
 3.950000E+01 2 0 0 0 0 0 0 0 0 0 0 0 26 13 13 15 14 13
 4.000000E+01 8 0 0 0 0 0 0 0 0 0 0 0 15 19 12 17 18 14
 4.050000E+01 9 0 0 0 0 0 0 0 0 0 0 0 17 13 12 15 22 14
 4.100000E+01 6 0 0 0 0 0 0 0 0 0 0 0 10 22 15 15 21 14
 4.150000E+01 8 0 0 0 0 0 0 0 0 0 0 0 14 26 13 7 19 11
 4.200000E+01 10 0 0 0 0 0 0 1 0 0 0 0 9 23 19 10 20 14
 4.250000E+01 9 0 0 0 0 0 0 0 0 2 0 0 14 16 17 9 20 18
 4.300000E+01 10 0 0 0 0 0 0 0 0 2 0 0 13 11 15 17 17 16
 4.350000E+01 7 0 0 0 0 0 0 0 0 1 0 0 16 24 11 18 19 19
 4.400000E+01 8 0 0 0 0 0 0 0 0 1 0 0 15 18 19 15 23 12
 4.450000E+01 15 0 0 0 0 0 0 0 0 0 0 0 13 21 13 15 20 13
 4.500000E+01 10 0 0 0 0 0 0 0 0 0 0 0 20 14 13 17 19 16
 4.550000E+01 14 0 0 0 0 0 0 0 0 0 0 0 15 12 11 17 17 13
 4.600000E+01 8 0 0 0 0 0 0 0 0 0 0 0 21 12 14 21 20 15
 4.650000E+01 5 0 0 0 0 0 0 0 0 1 0 0 19 16 11 28 15 15
 4.700000E+01 7 0 0 0 0 0 0 1 0 0 0 0 13 8 13 19 17 17
 4.750000E+01 5 0 0 0 0 0 0 0 0 1 0 0 22 15 16 24 11 19
 4.800000E+01 5 0 0 0 0 0 0 1 0 0 0 0 16 9 15 22 8 21
 4.850000E+01 8 0 0 0 0 0 0 0 0 0 0 0 20 7 18 24 14 11
 4.900000E+01 5 0 0 0 0 0 0 0 0 0 0 0 18 11 16 16 15 16
 4.950000E+01 4 0 0 0 0 0 0 0 0 0 0 0 20 14 16 20 11 13
 5.000000E+01 8 0 0 0 0 0 0 1 0 0 0 0 13 15 17 20 13 14
 5.050000E+01 3 0 0 0 0 0 0 0 0 1 0 0 14 11 26 15 17 17
 5.100000E+01 15 0 0 0 0 0 0 0 0 1 0 0 11 10 24 13 16 20
 5.150000E+01 15 0 0 0 0 0 0 0 0 1 0 0 12 15 15 11 20 12
 5.200000E+01 3 0 0 0 0 0 0 0 0 1 0 0 9 13 22 20 23 17
 5.250000E+01 11 0 0 0 0 0 0 0 0 1 0 0 9 17 16 16 17 17
 5.300000E+01 8 0 0 0 0 0 0 1 0 0 0 0 6 16 26 18 19 16
 5.350000E+01 6 0 0 0 0 0 0 0 0 0 0 0 12 10 25 13 18 18
 5.400000E+01 9 0 0 0 0 0 0 0 0 0 0 0 10 16 15 13 19 22
 5.450000E+01 10 0 0 0 0 0 0 0 0 0 0 0 16 13 19 11 20 18
 5.500000E+01 4 0 0 0 0 1 0 0 0 0 0 0 18 18 10 13 20 25
 5.550000E+01 11 0 0 0 0 0 0 0 0 0 0 0 20 15 16 13 18 18
 5.600000E+01 7 0 0 0 0 0 0 0 0 0 0 0 19 11 17 13 21 18
 5.650000E+01 14 0 0 0 0 0 0 0 0 0 0 0 17 17 14 17 12 12
 5.700000E+01 8 0 0 0 0 0 0 0 0 0 0 0 16 9 18 17 17 13
 5.750000E+01 10 0 0 0 0 0 0 0 0 0 0 0 19 17 15 21 11 13
 5.800000E+01 7 0 0 0 0 0 0 0 0 0 0 0 19 12 20 21 16 15
 5.850000E+01 11 0 0 0 0 0 0 0 0 0 0 0 12 15 16 13 10 21
 5.900000E+01 6 0 0 0 0 0 0 0 0 0 0 0 11 17 17 13 13 18
 5.950000E+01 6 0 0 0 0 0 0 0 0 0 0 0 12 18 22 15 20 15
 6.000000E+01 8 0 0 0 0 0 0 0 0 0 0 0 11 16 23 18 18 13
 6.050000E+01 8 0 0 0 0 0 0 0 0 0 0 0 14 15 23 16 14 15
 6.100000E+01 9 0 0 0 0 0 0 0 0 0 0 0 14 13 24 17 13 14
 6.150000E+01 8 0 0 0 0 0 0 0 0 0 0 0 14 18 23 14 15 16
 6.200000E+01 11 0 0 0 0 0 0 0 0 0 0 0 13 13 20 17 14 15
 6.250000E+01 4 0 0 0 0 0 0 0 0 0 0 0 13 24 11 11 18 19
 6.300000E+01 5 0 0 0 0 0 0 0 0 0 0 0 17 20 13 9 25 21
 6.350000E+01 8 0 0 0 0 0 0 0 0 0 0 0 13 19 22 7 18 19
 6.400000E+01 9 0 0 0 0 0 0 0 0 0 0 0 14 15 24 14 14 18
 6.450000E+01 9 0 0 0 0 0 0 0 0 0 0 0 12 18 17 15 20 15
 6.500000E+01 6 0 0 0 0 0 0 0 0 0 0 0 19 23 10 13 17 21
 6.550000E+01 8 0 0 0 0 0 0 0 0 1 0 0 25 23 11 9 13 21
 6.600000E+01 6 0 0 0 0 0 0 1 0 0 0 0 21 23 16 21 16 16
 6.650000E+01 12 0 0 0 0 0 0 0 0 0 0 0 12 21 15 17 13 15
 6.700000E+01 3 0 0 0 0 0 0 0 0 0 0 0 10 22 22 21 12 17
 6.750000E+01 7 0 0 0 0 0 0 0 0 0 0 0 13 19 23 23 12 18
 6.800000E+01 6 0 0 0 0 0 0 0 0 0 0 0 18 17 21 21 13 13
 6.850000E+01 16 0 0 0 0 0 0 0 0 0 0 0 16 10 19 12 18 9
 6.900000E+01 12 0 0 0 0 0 0 0 0 0 0 0 12 16 23 12 22 16
 6.950000E+01 9 0 0 0 0 0 0 0 0 0 0 0 14 20 21 14 21 15
 7.000000E+01 10 0 0 0 0 0 0 0 0 0 0 0 12 19 15 14 19 10
 7.050000E+01 10 0 0 0 0 0 0 0 0 0 0 0 19 15 18 15 22 16
 7.100000E+01 7 0 0 0 0 0 0 0 0 0 0 0 18 16 12 22 22 14
 7.150000E+01 3 0 0 0 0 0 0 0 0 0 0 0 14 13 14 20 21 15
 7.200000E+01 11 0 0 0 0 0 0 0 0 0 0 0 23 16 17 22 21 14
 7.250000E+01 7 0 0 0 0 0 0 0 0 0 0 0 22 16 19 20 11 16
 7.300000E+01 8 0 0 0 0 0 0 0 0 1 0 0 21 13 23 17 16 15
 7.350000E+01 12 0 0 0 0 0 0 1 0 0 0 0 17 21 24 17 15 18
 7.400000E+01 7 0 0 0 0 0 0 0 0 1 0 0 16 16 23 16 15 20
 7.450000E+01 7 0 0 0 0 0 0 1 0 0 0 0 16 21 21 13 16 19
 7.500000E+01 12 0 0 0 0 0 0 0 0 1 0 0 13 18 22 20 19 16
 7.550000E+01 14 0 0 0 0 0 0 0 0 1 0 0 17 18 19 19 17 13
 7.600000E+01 7 0 0 0 0 0 0 0 0 0 0 0 19 19 14 12 19 12
 7.650000E+01 8 0 0 0 0 0 0 0 0 0 0 0 18 14 17 16 18 21
 7.700000E+01 10 0 0 0 0 0 0 0 0 0 0 0 18 18 13 15 16 23
 7.750000E+01 6 0 0 0 0 0 0 0 0 0 0 0 21 13 14 18 16 23
 7.800000E+01 5 0 0 0 0 0 0 1 0 0 0 0 20 19 14 14 15 27
 7.850000E+01 13 0 0 0 0 0 0 1 0 1 0 0 21 18 18 20 11 22
 7.900000E+01 5 0 0 0 0 1 0 0 0 0 0 0 16 19 20 29 12 14
 7.950000E+01 6 0 0 0 0 0 0 0 0 1 0 0 14 16 19 20 14 13
 8.000000E+01 6 0 0 0 0 0 0 1 0 1 0 0 14 14 25 22 11 20
 8.050000E+01 8 0 0 0 0 0 0 0 0 1 0 0 16 14 26 15 11 22
 8.100000E+01 11 0 0 0 0 0 0 0 0 0 0 0 17 15 16 20 10 23
 8.150000E+01 11 0 0 0 0 0 0 0 0 0 0 0 13 13 14 23 16 23
 8.200000E+01 7 0 0 0 0 0 0 0 0 0 0 0 18 13 21 16 16 24
 8.250000E+01 8 0 0 0 0 0 0 0 0 0 0 0 19 19 19 10 20 12
 8.300000E+01 5 0 0 0 0 0 0 0 0 0 0 0 18 12 21 16 20 18
 8.350000E+01 6 0 0 0 0 0 0 0 0 0 0 0 19 13 15 19 18 11
 8.400000E+01 10 0 0 0 0 0 0 0 0 0 0 0 12 15 9 19 15 19
 8.450000E+01 8 0 0 0 0 0 0 1 0 0 0 0 14 16 11 17 19 20
 8.500000E+01 4 0 0 0 0 0 0 1 0 0 0 0 16 23 15 12 17 21
 8.550000E+01 6 0 0 0 0 0 0 0 0 0 0 0 17 21 14 16 17 23
 8.600000E+01 14 0 0 0 0 0 0 0 0 0 0 0 15 24 13 18 23 19
 8.650000E+01 8 0 0 0 0 0 0 0 0 0 0 0 14 25 22 8 19 15
 8.700000E+01 7 0 0 0 0 0 0 0 0 0 0 0 16 23 25 16 11 14
 8.750000E+01 6 0 0 0 0 0 0 0 0 0 0 0 13 18 24 22 15 18
 8.800000E+01 8 0 0 0 0 0 0 0 0 0 0 0 20 18 26 18 15 16
 8.850000E+01 11 0 0 0 0 0 0 0 0 0 0 0 21 18 19 19 17 19
 8.900000E+01 5 0 0 0 0 0 0 0 0 0 0 0 18 16 17 22 16 14
 8.950000E+01 12 0 0 0 0 0 0 0 0 0 0 0 16 16 15 16 24 14
 9.000000E+01 9 0 0 0 0 0 0 0 0 0 0 0 14 18 20 18 26 13
 9.050000E+01 10 0 0 0 0 0 0 0 0 0 0 0 16 14 23 16 21 17
 9.100000E+01 7 0 0 0 0 0 0 0 0 0 0 0 17 11 22 15 27 18
 9.150000E+01 6 0 0 0 0 0 0 0 0 0 0 0 19 10 22 16 22 22
 9.200000E+01 22 0 0 0 0 0 0 0 0 0 0 0 20 12 20 14 21 12
 9.250000E+01 17 0 0 0 0 0 0 0 0 0 0 0 19 18 23 18 16 16
 9.300000E+01 8 0 0 0 0 0 0 0 0 0 0 0 19 12 21 22 14 18
 9.350000E+01 9 0 0 0 0 0 0 0 0 0 0 0 16 14 21 21 10 20
 9.400000E+01 6 0 0 0 0 0 0 0 0 0 0 0 18 18 22 17 19 19
 9.450000E+01 7 0 0 0 0 0 0 0 0 1 0 0 21 19 21 16 17 20
 9.500000E+01 7 0 0 0 0 0 0 0 0 0 0 0 23 18 18 16 23 12
 9.550000E+01 7 0 0 0 0 0 0 0 0 0 0 0 26 12 21 11 23 14
 9.600000E+01 6 0 0 0 0 0 0 0 0 0 0 0 25 18 18 14 20 15
 9.650000E+01 9 0 0 0 0 0 0 0 0 0 0 0 23 12 14 14 17 19
 9.700000E+01 7 0 0 0 0 0 0 0 0 0 0 0 22 12 15 13 23 16
 9.750000E+01 9 0 0 0 0 0 0 0 0 0 0 0 17 13 14 15 18 16
 9.800000E+01 15 0 0 0 0 0 0 0 0 0 0 0 21 18 22 14 20 19
 9.850000E+01 15 0 0 0 0 0 0 0 0 0 0 0 20 21 16 14 20 14
 9.900000E+01 7 0 0 0 0 0 0 0 0 0 0 0 20 17 12 19 21 18
 9.950000E+01 9 0 0 0 0 0 0 0 0 0 0 0 16 23 13 16 14 15
 1.000000E+02 10 0 0 0 0 0 0 0 0 0 0 0 22 21 15 22 15 13
 1.005000E+02 10 0 0 0 0 0 0 0 0 0 0 0 20 16 17 18 19 14
 1.010000E+02 7 0 0 0 0 0 0 0 0 0 0 0 21 17 20 12 20 12
 1.015000E+02 9 0 0 0 0 0 0 0 0 0 0 0 17 18 19 11 20 12
 1.020000E+02 6 0 0 0 0 0 0 0 0 0 0 0 18 15 22 20 19 13
 1.025000E+02 9 0 0 0 0 0 0 0 0 0 0 0 22 18 15 13 24 18
 1.030000E+02 12 0 0 0 0 0 0 0 0 0 0 0 23 28 13 15 18 11
 1.035000E+02 3 0 0 0 0 0 0 0 0 0 0 0 22 26 19 12 14 11
 1.040000E+02 7 0 0 0 0 0 0 0 0 0 0 0 19 31 17 16 10 18
 1.045000E+02 18 0 0 0 0 0 0 0 0 0 0 0 23 28 13 19 11 15
 1.050000E+02 11 0 0 0 0 0 0 0 0 0 0 0 21 17 20 13 13 20
 1.055000E+02 5 0 0 0 0 0 0 0 0 0 0 0 29 17 12 14 15 20
 1.060000E+02 6 0 0 0 0 0 0 0 0 0 0 0 13 12 7 21 21 28
 1.065000E+02 13 0 0 0 0 0 0 0 0 0 0 0 10 25 19 20 16 32
 1.070000E+02 5 0 0 0 0 0 0 0 0 0 0 0 14 18 20 21 15 20
 1.075000E+02 7 0 0 0 0 0 0 1 0 0 0 0 16 20 20 14 15 21
 1.080000E+02 12 0 0 0 0 0 0 0 0 0 0 0 20 23 23 19 9 14
 1.085000E+02 5 0 0 0 0 0 0 0 0 1 0 0 18 18 21 15 16 16
 1.090000E+02 8 0 0 0 0 0 0 0 0 0 0 0 16 22 23 17 16 11
 1.095000E+02 7 0 0 0 0 0 0 0 0 0 0 0 21 22 15 18 14 14
 1.100000E+02 8 0 0 0 0 0 0 0 0 0 0 0 16 24 16 24 10 14
 1.105000E+02 15 0 0 0 0 0 0 0 0 0 0 0 17 21 18 20 14 12
 1.110000E+02 8 0 0 0 0 0 0 0 0 0 0 0 20 18 19 24 8 15
 1.115000E+02 15 0 0 0 0 0 0 1 0 0 0 0 19 14 20 23 11 16
 1.120000E+02 5 0 0 0 0 0 0 0 0 1 0 0 18 21 14 20 16 17
 1.125000E+02 9 0 0 0 0 0 0 0 0 1 0 0 17 20 19 17 18 16
 1.130000E+02 3 0 0 0 0 0 0 0 0 1 0 0 14 16 27 13 13 17
 1.135000E+02 6 0 0 0 0 0 0 0 0 2 0 0 15 16 28 12 15 16
 1.140000E+02 5 0 0 0 0 0 0 0 0 0 0 0 19 24 22 17 14 20
 1.145000E+02 9 0 0 0 0 0 0 0 0 2 0 0 13 25 26 16 22 12
 1.150000E+02 12 0 0 0 0 0 0 0 0 0 0 0 18 24 19 13 23 15
 1.155000E+02 6 0 0 0 0 0 0 0 0 0 0 0 21 22 14 21 15 10
 1.160000E+02 14 0 0 0 0 0 0 0 0 0 0 0 23 15 21 23 15 13
 1.165000E+02 13 0 0 0 0 0 0 0 0 0 0 0 15 17 24 19 16 15
 1.170000E+02 15 0 0 0 0 0 0 0 0 0 0 0 18 20 15 16 15 18
 1.175000E+02 11 0 0 0 0 0 0 0 0 0 0 0 16 15 18 17 18 23
 1.180000E+02 6 0 0 0 0 0 0 0 0 0 0 0 18 22 14 21 18 18
 1.185000E+02 7 0 0 0 0 0 0 0 0 0 0 0 13 20 24 14 19 22
 1.190000E+02 6 0 0 0 0 0 0 1 0 1 0 0 12 20 20 18 17 23
 1.195000E+02 8 0 0 0 0 0 0 0 0 1 0 0 10 22 17 24 15 18
 1.200000E+02 8 0 0 0 0 0 0 0 0 1 0 0 15 22 13 25 13 21
 1.205000E+02 7 0 0 0 0 0 0 0 0 1 0 0 16 18 9 21 16 19
 1.210000E+02 6 0 0 0 0 0 0 0 0 0 0 0 15 18 15 18 13 23
 1.215000E+02 12 0 0 0 0 0 0 0 0 0 0 0 17 13 17 13 18 18
 1.220000E+02 16 0 0 0 0 0 0 0 0 1 0 0 18 20 12 16 25 21
 1.225000E+02 10 0 0 0 0 0 0 0 0 0 0 0 21 18 14 17 16 23
 1.230000E+02 12 0 0 0 0 0 0 0 0 1 0 0 18 12 18 23 16 23
 1.235000E+02 8 0 0 0 0 0 0 0 0 1 0 0 19 14 11 24 15 27
 1.240000E+02 18 0 0 0 0 0 0 1 0 1 0 0 13 19 12 22 16 22
 1.245000E+02 13 0 0 0 0 0 0 0 0 2 0 0 16 18 18 16 19 18
 1.250000E+02 11 0 0 0 0 1 0 0 0 1 0 0 17 20 18 15 16 18
 1.255000E+02 9 0 0 0 0 0 0 1 0 0 0 0 16 17 14 28 17 19
 1.260000E+02 7 0 0 0 0 0 0 0 0 1 0 0 14 22 22 19 19 16
 1.265000E+02 7 0 0 0 0 0 0 0 0 1 0 0 16 15 19 18 25 13
 1.270000E+02 11 0 0 0 0 0 0 0 0 0 0 0 14 16 23 20 20 21
 1.275000E+02 8 0 0 0 0 0 0 0 0 0 0 0 13 15 20 19 22 21
 1.280000E+02 11 0 0 0 0 0 0 0 0 0 0 0 12 14 21 17 19 19
 1.285000E+02 10 0 0 0 0 0 0 0 0 0 0 0 17 19 20 20 23 15
 1.290000E+02 9 0 0 0 0 0 0 0 0 0 0 0 20 14 17 22 23 17
 1.295000E+02 10 0 0 0 0 0 0 0 0 0 0 0 9 15 20 24 18 22
 1.300000E+02 15 0 0 0 0 0 0 0 0 0 0 0 21 17 17 22 19 26
 1.305000E+02 6 0 0 0 0 0 0 0 0 0 0 0 20 13 15 14 17 20
 1.310000E+02 16 0 0 0 0 0 0 0 0 0 0 0 16 16 21 20 18 21
 1.315000E+02 7 0 0 0 0 0 0 0 0 1 0 0 13 7 20 17 27 24
 1.320000E+02 13 0 0 0 0 0 0 0 0 1 0 0 16 10 20 20 19 19
 1.325000E+02 11 0 0 0 0 0 0 0 0 1 0 0 18 17 19 17 14 24
 1.330000E+02 8 0 0 0 0 0 0 1 0 1 0 0 23 21 19 17 12 15
 1.335000E+02 16 0 0 0 0 0 0 0 0 0 0 0 15 28 16 21 13 21
 1.340000E+02 7 0 0 0 0 0 0 0 0 0 0 0 14 20 18 15 14 24
 1.345000E+02 15 0 0 0 0 0 0 0 0 0 0 0 17 16 18 14 17 17
 1.350000E+02 11 0 0 0 0 0 0 0 0 0 0 0 14 17 19 11 19 17
 1.355000E+02 11 0 0 0 0 0 0 0 0 0 0 0 10 21 27 18 14 17
 1.360000E+02 9 0 0 0 0 0 0 0 0 0 0 0 13 18 27 17 13 23
 1.365000E+02 7 0 0 0 0 0 0 0 0 0 0 0 12 15 21 16 22 23
 1.370000E+02 9 0 0 0 0 0 0 0 0 0 0 0 16 17 18 17 13 25
 1.375000E+02 8 0 0 0 0 0 0 0 0 0 0 0 18 18 18 12 18 22
 1.380000E+02 8 0 0 0 0 0 0 0 0 0 0 0 20 22 19 13 18 17
 1.385000E+02 8 0 0 0 0 0 0 0 0 0 0 0 25 18 11 20 16 17
 1.390000E+02 6 0 0 0 0 0 0 0 0 1 0 0 19 20 16 15 16 21
 1.395000E+02 8 0 0 0 0 0 0 0 0 1 0 0 18 13 21 22 17 23
 1.400000E+02 13 0 0 0 0 0 0 0 0 0 0 0 19 12 19 24 11 22
 1.405000E+02 9 0 0 0 0 0 0 0 0 0 0 0 15 16 12 26 12 28
 1.410000E+02 8 0 0 0 0 0 0 0 0 0 0 0 16 13 13 23 23 20
 1.415000E+02 10 0 0 0 0 0 0 0 0 0 0 0 24 15 19 18 16 18
 1.420000E+02 10 0 0 0 0 0 0 0 0 0 0 0 17 19 24 13 17 17
 1.425000E+02 9 0 0 0 0 0 0 0 0 0 0 0 15 22 23 17 16 18
 1.430000E+02 8 0 0 0 0 0 0 0 0 0 0 0 22 19 17 21 16 17
 1.435000E+02 7 0 0 0 0 0 0 0 0 2 0 0 26 12 20 23 13 16
 1.440000E+02 14 0 0 0 0 0 0 0 0 0 0 0 15 23 15 18 21 15
 1.445000E+02 9 0 0 0 0 0 0 0 0 0 0 0 19 16 16 15 24 20
 1.450000E+02 13 0 0 0 0 0 0 0 0 0 0 0 16 18 18 18 19 16
 1.455000E+02 6 0 0 0 0 0 0 0 0 0 0 0 19 16 17 22 22 15
 1.460000E+02 11 0 0 0 0 0 0 0 0 0 0 0 20 11 26 25 19 11
 1.465000E+02 7 0 0 0 0 0 0 0 0 0 0 0 25 15 24 25 19 12
 1.470000E+02 5 0 0 0 0 0 0 0 0 0 0 0 21 17 18 13 18 19
 1.475000E+02 9 0 0 0 0 0 0 0 0 0 0 0 15 15 22 11 13 17
 1.480000E+02 10 0 0 0 0 0 0 0 0 0 0 0 17 15 25 20 24 12
 1.485000E+02 14 0 0 0 0 0 0 0 0 0 0 0 16 15 17 22 23 11
 1.490000E+02 8 0 0 0 0 0 0 0 0 0 0 0 19 16 20 17 26 19
 1.495000E+02 12 0 0 0 0 0 0 0 0 0 0 0 13 20 15 17 26 10
 1.500000E+02 9 0 0 0 0 0 0 0 0 0 0 0 14 15 21 16 22 17
 1.505000E+02 4 0 0 0 0 0 0 0 0 0 0 0 14 18 22 11 22 15
 1.510000E+02 8 0 0 0 0 0 0 0 0 0 0 0 21 16 24 18 24 13
 1.515000E+02 10 0 0 0 0 0 0 0 0 0 0 0 25 14 20 18 16 11
 1.520000E+02 13 0 0 0 0 0 0 0 0 0 0 0 19 17 19 13 21 15
 1.525000E+02 15 0 0 0 0 0 0 0 0 0 0 0 22 34 15 8 17 15
 1.530000E+02 2 0 0 0 0 0 0 0 0 1 0 0 12 30 19 15 16 16
 1.535000E+02 6 0 0 0 0 0 0 0 0 0 0 0 15 19 20 18 20 18
 1.540000E+02 6 0 0 0 0 0 0 0 0 0 0 0 16 18 19 18 11 22
 1.545000E+02 8 0 0 0 0 0 0 0 0 0 0 0 21 12 22 14 18 19
 1.550000E+02 11 0 0 0 0 0 0 0 0 0 0 0 20 16 20 11 15 23
 1.555000E+02 9 0 0 0 0 0 0 0 0 0 0 0 22 8 17 18 17 18
 1.560000E+02 8 0 0 0 0 0 0 0 0 0 0 0 15 12 24 21 21 12
 1.565000E+02 8 0 0 0 0 0 0 0 0 0 0 0 12 21 21 18 22 16
 1.570000E+02 10 0 0 0 0 0 0 0 0 0 0 0 14 17 24 17 31 7
 1.575000E+02 8 0 0 0 0 0 0 0 0 0 0 0 10 15 22 17 34 20
 1.580000E+02 4 0 0 0 0 0 0 0 0 0 0 0 12 10 23 18 18 23
 1.585000E+02 10 0 0 0 0 0 0 0 0 0 0 0 17 15 19 15 15 25
 1.590000E+02 9 0 0 0 0 0 0 0 0 0 0 0 18 17 21 22 21 13
 1.595000E+02 6 0 0 0 0 0 0 0 0 0 0 0 20 19 17 22 22 12
 1.600000E+02 9 0 0 0 0 0 0 1 0 0 0 0 20 15 11 22 23 14
 1.605000E+02 8 0 0 0 0 0 0 0 0 1 0 0 18 20 15 19 19 13
 1.610000E+02 4 0 0 0 0 0 0 0 0 1 0 0 15 15 16 14 26 18
 1.615000E+02 6 0 0 0 0 0 0 0 0 1 0 0 16 15 19 14 21 18
 1.620000E+02 11 0 0 0 0 0 0 0 0 1 0 0 19 17 18 9 19 18
 1.625000E+02 9 0 0 0 0 0 0 0 0 0 0 0 16 21 15 12 15 21
 1.630000E+02 14 0 0 0 0 0 0 0 0 0 0 0 20 18 16 14 20 17
 1.635000E+02 7 0 0 0 0 0 0 0 0 0 0 0 14 20 19 16 25 17
 1.640000E+02 6 0 0 0 0 0 0 0 0 0 0 0 18 19 14 26 18 18
 1.645000E+02 8 0 0 0 0 0 0 0 0 0 0 0 13 18 12 27 20 15
 1.650000E+02 10 0 0 0 0 0 0 0 0 1 0 0 20 16 10 28 17 10
 1.655000E+02 9 0 0 0 0 0 0 0 0 0 0 0 20 11 14 20 18 11
 1.660000E+02 11 0 0 0 0 0 0 0 0 0 0 0 18 19 17 19 18 15
 1.665000E+02 5 0 0 0 0 0 0 0 0 0 0 0 19 20 20 19 14 21
 1.670000E+02 6 0 0 0 0 0 0 0 0 0 0 0 18 19 23 15 17 24
 1.675000E+02 3 0 0 0 0 0 0 0 0 0 0 0 14 21 30 14 14 23
 1.680000E+02 7 0 0 0 0 0 0 0 0 0 0 0 18 24 16 18 14 19
 1.685000E+02 9 0 0 0 0 0 0 0 0 1 0 0 14 25 14 14 24 18
 1.690000E+02 14 0 0 0 0 0 0 1 0 0 0 0 20 29 13 16 20 14
 1.695000E+02 5 0 0 0 0 0 0 0 0 3 0 0 12 25 15 17 15 12
 1.700000E+02 10 0 0 0 0 0 0 1 0 2 0 0 15 22 13 26 15 16
 1.705000E+02 6 0 0 0 0 0 0 0 0 2 0 0 17 15 12 33 17 14
 1.710000E+02 9 0 0 0 0 0 0 1 0 1 0 0 14 15 14 27 19 19
 1.715000E+02 8 0 0 0 0 0 0 0 0 1 0 0 12 9 23 17 18 15
 1.720000E+02 8 0 0 0 0 0 0 1 0 0 0 0 17 16 21 22 16 14
 1.725000E+02 18 0 0 0 0 0 0 0 0 1 0 0 26 20 20 16 13 16
 1.730000E+02 9 0 0 0 0 0 0 0 0 1 0 0 25 14 18 12 18 22
 1.735000E+02 8 0 0 0 0 0 0 0 0 0 0 0 21 12 20 11 21 20
 1.740000E+02 8 0 0 0 0 0 0 0 0 0 0 0 27 21 24 12 14 18
 1.745000E+02 7 0 0 0 0 0 0 0 0 0 0 0 19 21 15 15 16 21
 1.750000E+02 5 0 0 0 0 0 0 0 0 0 0 0 20 21 10 15 22 21
 1.755000E+02 8 0 0 0 0 0 0 0 0 0 0 0 16 20 16 11 20 10
 1.760000E+02 7 0 0 0 0 0 0 0 0 0 0 0 18 22 11 14 19 18
 1.765000E+02 8 0 0 0 0 0 0 0 0 0 0 0 18 18 19 15 19 16
 1.770000E+02 7 0 0 0 0 0 0 0 0 0 0 0 19 20 18 9 21 19
 1.775000E+02 15 0 0 0 0 0 0 0 0 0 0 0 17 19 11 13 22 17
 1.780000E+02 5 0 0 0 0 0 0 0 0 2 0 0 20 15 18 15 18 16
 1.785000E+02 13 0 0 0 0 0 0 0 0 1 0 0 23 15 12 12 24 19
 1.790000E+02 14 0 0 0 0 0 0 1 0 0 0 0 24 10 12 12 22 21
 1.795000E+02 8 0 0 0 0 0 0 0 0 0 0 0 19 13 18 26 11 15
 1.800000E+02 7 0 0 0 0 0 0 0 0 0 0 0 21 24 15 20 18 12
 1.805000E+02 8 0 0 0 0 0 0 0 0 2 0 0 17 30 20 18 24 10
 1.810000E+02 16 0 0 0 0 0 0 1 0 0 0 0 19 21 20 9 20 12
 1.815000E+02 10 0 0 0 0 0 0 0 0 0 0 0 17 18 20 18 15 9
 1.820000E+02 8 0 0 0 0 0 0 0 0 0 0 0 23 21 20 18 14 11
 1.825000E+02 8 0 0 0 0 0 0 0 0 0 0 0 19 20 24 17 17 13
 1.830000E+02 7 0 0 0 0 0 0 0 0 1 0 0 18 18 23 16 17 15
 1.835000E+02 9 0 0 0 0 0 0 0 0 1 0 0 18 21 20 23 16 14
 1.840000E+02 17 0 0 0 0 0 0 0 0 0 0 0 16 17 20 24 18 13
 1.845000E+02 5 0 0 0 0 0 0 0 0 0 0 0 16 18 19 23 16 19
 1.850000E+02 14 0 0 0 0 0 0 0 0 0 0 0 16 18 16 24 21 11
 1.855000E+02 8 0 0 0 0 0 0 0 0 0 0 0 20 25 14 26 16 13
 1.860000E+02 11 0 0 0 0 0 0 0 0 0 0 0 19 17 19 12 16 13
 1.865000E+02 9 0 0 0 0 0 0 0 0 0 0 0 16 25 24 19 14 18
 1.870000E+02 8 0 0 0 0 0 0 0 0 0 0 0 13 25 20 21 14 20
 1.875000E+02 14 0 0 0 0 0 0 0 0 0 0 0 11 21 15 22 15 16
 1.880000E+02 11 0 0 0 0 0 0 0 0 0 0 0 11 22 14 19 18 14
 1.885000E+02 6 0 0 0 0 0 0 0 0 0 0 0 17 23 22 16 21 13
 1.890000E+02 9 0 0 0 0 0 0 0 0 0 0 0 14 18 22 16 22 14
 1.895000E+02 8 0 0 0 0 0 0 0 0 0 0 0 18 18 26 16 21 16
 1.900000E+02 10 0 0 0 0 0 0 0 0 0 0 0 15 17 19 14 16 14
 1.905000E+02 11 0 0 0 0 0 0 0 0 0 0 0 18 18 18 21 17 13
 1.910000E+02 11 0 0 0 0 0 0 0 0 0 0 0 13 21 25 24 16 14
 1.915000E+02 6 0 0 0 0 0 0 0 0 0 0 0 19 20 16 23 18 17
 1.920000E+02 9 0 0 0 0 0 0 0 0 0 0 0 17 14 18 21 19 13
 1.925000E+02 8 0 0 0 0 0 0 0 0 0 0 0 15 5 20 22 19 17
 1.930000E+02 7 0 0 0 0 0 0 0 0 0 0 0 16 16 16 21 22 16
 1.935000E+02 6 0 0 0 0 0 0 0 0 0 0 0 19 17 7 22 26 18
 1.940000E+02 7 0 0 0 0 0 0 0 0 0 0 0 13 23 9 17 22 15
 1.945000E+02 8 0 0 0 0 0 0 0 0 0 0 0 16 15 12 19 20 20
 1.950000E+02 6 0 0 0 0 0 0 0 0 1 0 0 14 22 15 18 17 19
 1.955000E+02 4 0 0 0 0 0 0 0 0 1 0 0 17 16 19 13 20 19
 1.960000E+02 8 0 0 0 0 0 0 0 0 0 0 0 21 14 20 14 21 19
 1.965000E+02 6 0 0 0 0 0 0 0 0 0 0 0 18 14 26 13 18 17
 1.970000E+02 9 0 0 0 0 0 0 0 0 0 0 0 16 22 26 10 21 18
 1.975000E+02 8 0 0 0 0 0 0 0 0 0 0 0 22 19 20 15 23 14
 1.980000E+02 8 0 0 0 0 0 0 0 0 0 0 0 13 15 30 20 15 13
 1.985000E+02 8 0 0 0 0 0 0 0 0 0 0 0 18 20 16 21 18 19
 1.990000E+02 5 0 0 0 0 0 0 0 0 0 0 0 15 13 17 24 21 20
 1.995000E+02 15 0 0 0 0 0 0 0 0 0 0 0 14 18 19 18 15 21
 2.000000E+02 10 0 0 0 0 0 0 0 0 0 0 0 12 19 14 16 22 19
 2.005000E+02 12 0 0 0 0 0 0 0 0 0 0 0 12 13 16 23 20 23
 2.010000E+02 8 0 0 0 0 0 0 0 0 0 0 0 6 13 13 29 17 22
 2.015000E+02 6 0 0 0 0 0 0 1 0 0 0 0 9 16 9 26 17 27
 2.020000E+02 10 0 0 0 0 0 0 0 0 1 0 0 8 19 14 21 18 22
 2.025000E+02 6 0 0 0 0 0 0 0 0 1 0 0 15 18 22 14 23 18
 2.030000E+02 5 0 0 0 0 0 0 0 0 1 0 0 16 19 17 14 19 23
 2.035000E+02 9 0 0 0 0 0 0 0 0 0 1 0 16 16 17 12 22 12
 2.040000E+02 8 0 0 0 0 0 0 0 0 1 0 0 13 23 18 16 29 12
 2.045000E+02 7 0 0 0 0 0 0 0 0 0 0 0 13 16 26 15 24 8
 2.050000E+02 12 0 0 0 0 0 0 0 0 0 0 0 10 12 16 13 25 14
 2.055000E+02 5 0 0 0 0 0 0 0 0 0 0 0 15 11 15 17 21 10
 2.060000E+02 10 0 0 0 0 0 0 0 0 0 0 0 21 12 8 18 7 12
 2.065000E+02 9 0 0 0 0 0 0 0 0 1 0 0 20 12 11 13 16 10
 2.070000E+02 7 0 0 0 0 0 0 0 0 1 0 0 19 19 7 19 20 15
 2.075000E+02 9 0 0 0 0 0 0 0 0 0 0 0 18 19 15 12 13 14
 2.080000E+02 7 0 0 0 0 0 0 0 0 0 0 0 17 15 9 13 19 15
 2.085000E+02 12 0 0 0 0 0 0 0 0 0 0 0 15 12 14 13 16 12
 2.090000E+02 4 0 0 0 0 0 0 0 0 0 0 0 13 15 16 14 12 12
 2.095000E+02 6 0 0 0 0 0 0 0 0 0 0 0 13 18 16 17 13 7
 2.100000E+02 6 0 0 0 0 0 0 0 0 0 0 0 14 13 21 19 18 16
 2.105000E+02 15 0 0 0 0 0 0 0 0 0 0 0 11 8 18 19 17 19
 2.110000E+02 9 0 0 0 0 0 0 0 0 0 0 0 11 19 11 15 18 18
 2.115000E+02 9 0 0 0 0 0 0 0 0 0 0 0 9 26 14 15 15 20
 2.120000E+02 8 0 0 0 0 0 0 0 0 0 0 0 8 14 12 19 16 21
 2.125000E+02 7 0 0 0 0 0 0 0 0 0 0 0 9 14 15 12 11 20
 2.130000E+02 7 0 0 0 0 0 0 0 0 0 0 0 19 17 18 14 10 15
 2.135000E+02 11 0 0 0 0 0 0 0 0 0 0 0 12 18 17 15 12 14
 2.140000E+02 9 0 0 0 0 0 0 0 0 0 0 0 13 15 21 12 18 14
 2.145000E+02 9 0 0 0 0 0 0 0 0 1 0 0 12 16 15 14 21 13
 2.150000E+02 6 0 0 0 0 0 0 0 0 0 1 0 13 17 13 12 23 14
 2.155000E+02 6 0 0 1 0 0 0 0 0 0 0 0 13 21 11 15 20 20
 2.160000E+02 10 0 0 0 0 0 0 0 0 0 0 1 16 18 13 13 16 11
 2.165000E+02 6 0 0 0 0 0 0 0 0 0 0 0 18 24 13 13 14 15
 2.170000E+02 8 0 0 0 1 0 0 0 0 1 0 0 15 23 14 10 20 16
 2.175000E+02 6 0 0 0 0 0 0 0 0 1 0 0 19 25 14 8 17 20
 2.180000E+02 12 0 0 1 0 0 0 0 0 1 0 0 13 16 11 17 21 26
 2.185000E+02 11 0 0 0 0 0 0 0 0 0 0 1 13 19 13 11 10 24
 2.190000E+02 7 0 0 0 0 0 0 0 0 2 0 0 13 25 17 21 9 17
 2.195000E+02 9 0 0 0 0 0 0 0 0 1 0 0 7 23 16 17 12 19
 2.200000E+02 9 0 0 1 0 0 0 0 0 0 0 0 10 25 18 15 9 18
 2.205000E+02 3 0 0 0 0 0 0 0 0 1 0 0 10 18 20 14 14 15
 2.210000E+02 11 0 0 0 0 0 0 0 0 0 0 0 15 20 18 23 10 16
 2.215000E+02 7 0 0 0 0 0 0 0 0 0 0 0 15 17 10 16 16 17
 2.220000E+02 9 0 0 0 0 0 0 0 0 0 0 0 19 15 13 20 13 13
 2.225000E+02 7 0 0 0 0 0 0 0 0 1 0 0 22 17 11 16 16 11
 2.230000E+02 9 0 0 0 0 0 0 0 0 0 0 0 21 13 11 15 18 15
 2.235000E+02 7 0 0 0 0 0 0 0 0 0 0 0 11 14 10 17 15 19
 2.240000E+02 6 0 0 0 0 0 0 0 0 0 0 0 12 14 10 22 16 18
 2.245000E+02 5 0 0 0 0 0 0 0 0 0 0 0 14 13 19 20 13 17
 2.250000E+02 8 0 0 0 0 0 0 0 0 0 0 0 13 9 22 16 16 21
 2.255000E+02 9 0 0 0 0 0 0 0 0 0 0 0 13 12 22 14 16 14
 2.260000E+02 11 0 0 0 0 0 0 0 0 0 0 0 22 12 24 10 20 19
 2.265000E+02 8 0 0 0 0 0 0 0 0 0 0 0 17 10 22 15 20 15
 2.270000E+02 4 0 0 0 0 0 0 0 0 0 0 0 18 9 15 19 15 8
 2.275000E+02 10 0 0 0 0 0 0 0 0 0 0 0 17 12 16 19 13 6
 2.280000E+02 5 0 0 0 0 0 0 0 0 0 0 0 13 10 15 25 12 13
 2.285000E+02 8 0 0 0 0 0 0 0 0 0 0 0 7 13 12 18 21 18
 2.290000E+02 15 0 0 0 0 0 0 0 0 0 0 0 11 17 16 12 14 17
 2.295000E+02 5 0 0 0 0 0 0 0 0 0 0 0 15 17 13 10 15 14
 2.300000E+02 5 0 0 0 0 0 0 0 0 0 0 0 21 13 13 17 16 15
 2.305000E+02 7 0 0 0 0 0 0 0 0 0 0 0 17 13 13 20 20 15
 2.310000E+02 7 0 0 0 0 0 0 0 0 0 0 0 12 10 15 20 16 16
 2.315000E+02 6 0 0 0 0 0 0 0 0 0 0 0 14 12 19 15 13 15
 2.320000E+02 10 0 0 0 0 0 0 0 0 0 0 0 13 18 17 20 13 15
 2.325000E+02 11 0 0 0 0 0 0 0 0 0 0 0 11 14 19 19 14 15
 2.330000E+02 7 0 0 0 0 0 0 0 0 0 0 0 11 20 18 24 9 12
 2.335000E+02 10 0 0 0 0 0 0 0 0 0 0 0 16 16 12 21 8 17
 2.340000E+02 6 0 0 0 0 0 0 0 0 0 0 0 17 24 14 13 7 13
 2.345000E+02 7 1 0 0 0 0 0 0 0 0 0 0 16 25 21 16 11 12
 2.350000E+02 6 0 0 1 0 0 0 0 0 0 0 0 14 15 13 16 15 11
 2.355000E+02 15 0 0 0 0 0 0 0 0 1 0 0 14 15 12 13 15 14
 2.360000E+02 11 0 0 0 0 0 0 0 0 0 0 0 16 22 11 17 15 15
 2.365000E+02 10 0 0 0 0 0 0 0 0 0 0 0 18 13 13 18 13 20
 2.370000E+02 4 0 0 0 0 0 0 0 0 0 0 0 18 16 8 17 12 12
 2.375000E+02 12 0 0 0 0 0 0 0 0 0 0 0 15 17 12 15 15 15
 2.380000E+02 10 0 0 0 0 0 0 0 0 0 0 0 15 13 13 12 15 12
 2.385000E+02 4 0 0 0 0 0 0 0 0 0 0 0 24 21 12 12 15 16
 2.390000E+02 7 0 0 0 0 0 0 0 0 0 0 0 15 15 11 17 14 18
 2.395000E+02 4 0 0 0 0 0 0 0 0 0 0 0 12 14 9 16 23 11
 2.400000E+02 7 0 0 0 0 0 0 0 0 0 0 0 16 19 13 15 23 14
 2.405000E+02 8 0 0 0 0 0 0 0 0 0 0 0 12 21 19 17 24 16
 2.410000E+02 14 0 0 0 0 0 0 0 0 0 0 0 9 13 15 17 20 22
 2.415000E+02 5 0 0 0 0 0 0 0 0 0 0 0 11 20 14 13 15 21
 2.420000E+02 7 0 0 0 0 0 0 0 0 0 0 0 12 19 14 20 20 16
 2.425000E+02 9 0 0 0 0 0 0 0 0 0 0 0 9 16 11 17 18 14
 2.430000E+02 9 0 0 0 0 0 0 0 0 0 0 0 13 23 14 18 14 15
 2.435000E+02 8 0 0 0 0 0 0 0 0 0 0 0 14 14 14 16 12 18
 2.440000E+02 8 0 0 0 0 0 0 0 0 0 0 0 19 12 22 14 14 14
 2.445000E+02 12 0 0 0 0 0 0 0 0 0 0 0 13 13 22 19 12 20
 2.450000E+02 12 0 0 0 0 0 0 0 0 0 0 0 15 19 16 16 14 22
 2.455000E+02 11 0 0 0 0 0 0 0 0 0 0 0 10 23 17 11 16 25
 2.460000E+02 9 0 0 0 0 0 0 0 0 0 0 0 12 18 15 18 12 24
 2.465000E+02 7 0 0 0 0 0 0 0 0 0 0 0 16 16 16 11 19 17
 2.470000E+02 6 0 0 0 0 0 0 0 0 0 0 0 15 16 12 14 8 12
 2.475000E+02 13 0 0 0 0 0 0 0 0 0 0 0 14 19 21 17 13 13
 2.480000E+02 6 0 0 0 0 0 0 0 0 0 0 0 15 25 14 15 12 14
 2.485000E+02 15 0 0 0 0 0 0 0 0 0 0 0 16 22 17 14 18 15
 2.490000E+02 10 0 0 0 0 0 0 0 0 1 0 0 19 21 17 18 15 16
 2.495000E+02 5 0 0 0 0 0 0 0 0 1 0 0 17 22 15 17 14 18
 2.500000E+02 7 0 0 0 0 0 0 0 0 1 0 0 11 22 18 16 16 19
 2.505000E+02 1107 0 0 0 0 0 0 2 0 4 0 0 0 0 0 0 0 0
 2.510000E+02 1837 1 0 3 0 0 0 3 0 19 0 1 0 0 0 0 0 0
 2.515000E+02 2156 2 0 7 0 1 0 5 1 21 0 1 0 0 0 0 0 0
 2.520000E+02 2203 0 0 6 0 0 0 2 1 36 1 1 0 0 0 0 0 0
 2.525000E+02 951 1 0 4 2 1 0 2 0 41 1 0 0 0 0 1 0 0
 2.530000E+02 424 0 0 6 0 0 0 0 0 21 2 2 0 1 0 0 0 0
 2.535000E+02 180 1 0 2 0 0 0 1 0 18 0 1 0 0 0 0 1 0
 2.540000E+02 100 1 0 3 0 0 0 0 0 9 1 0 1 0 0 5 1 1
 2.545000E+02 1381 0 0 3 0 0 0 1 0 13 2 0 0 0 0 0 0 0
 2.550000E+02 1863 0 0 2 0 0 0 6 0 30 0 0 0 0 0 0 0 0
 2.555000E+02 2143 0 0 5 0 1 0 5 0 32 0 2 0 0 0 0 0 0
 2.560000E+02 2222 1 0 4 0 1 0 5 0 46 0 2 0 0 0 0 0 0
 2.565000E+02 940 2 0 4 0 0 0 2 0 38 0 2 0 0 0 0 0 0
 2.570000E+02 401 1 0 2 0 0 0 2 0 29 0 1 1 0 0 0 0 0
 2.575000E+02 175 2 0 1 0 0 0 1 0 16 1 0 0 0 0 0 0 1
 2.580000E+02 92 0 0 0 0 0 0 1 0 11 0 0 1 4 1 1 2 1
 2.585000E+02 1347 1 0 2 0 0 0 2 0 13 0 0 0 0 0 0 0 0
 2.590000E+02 1936 2 0 3 0 0 0 3 0 23 0 0 0 0 0 0 0 0
 2.595000E+02 2141 0 0 2 0 3 0 8 1 19 0 0 0 0 0 0 0 0
 2.600000E+02 2290 0 0 2 0 2 0 4 0 26 1 1 0 0 0 0 0 0
 2.605000E+02 960 1 0 2 0 0 0 4 0 29 2 1 0 0 0 0 0 0
 2.610000E+02 425 1 0 3 0 3 0 2 0 23 1 0 0 0 0 0 0 0
 2.615000E+02 208 0 0 2 0 0 0 5 0 12 0 0 0 0 2 0 1 0
 2.620000E+02 109 1 0 0 0 1 0 1 0 10 0 0 1 2 1 0 2 2
 2.625000E+02 1379 1 0 3 0 0 0 0 0 14 0 0 0 0 0 0 0 0
 2.630000E+02 1932 0 0 1 0 0 0 8 0 23 0 1 0 0 0 0 0 0
 2.635000E+02 2189 1 0 2 0 1 0 6 0 27 1 0 0 0 0 0 0 0
 2.640000E+02 2226 0 0 3 0 3 0 5 2 19 0 0 0 0 0 0 0 0
 2.645000E+02 939 1 0 0 0 2 0 7 0 28 2 0 0 0 0 0 0 0
 2.650000E+02 380 1 0 1 0 0 0 4 0 26 0 1 0 0 0 0 0 0
 2.655000E+02 171 2 0 1 0 2 0 3 1 15 0 0 0 0 1 0 1 2
 2.660000E+02 93 0 0 0 0 2 0 5 0 9 0 0 3 1 0 3 4 2
 2.665000E+02 1350 0 0 0 0 0 0 4 0 18 1 0 0 0 0 0 0 0
 2.670000E+02 1878 1 0 2 0 1 0 5 0 30 1 0 0 0 0 0 0 0
 2.675000E+02 2110 1 0 1 0 6 1 5 1 34 2 0 0 0 0 0 0 0
 2.680000E+02 2295 0 0 2 1 3 0 10 0 47 1 0 0 0 0 0 0 0
 2.685000E+02 994 0 0 3 0 2 0 6 0 35 1 0 0 0 0 0 0 0
 2.690000E+02 422 1 0 1 0 2 0 5 0 26 2 0 0 0 0 0 1 0
 2.695000E+02 193 2 0 0 0 0 0 4 0 14 1 0 0 2 1 0 1 2
 2.700000E+02 102 0 0 0 0 0 0 0 0 15 0 0 2 4 1 2 2 0
 2.705000E+02 1327 1 0 0 0 1 0 0 0 18 1 0 0 0 0 0 0 0
 2.710000E+02 1979 0 0 1 0 1 0 5 0 29 0 0 0 0 0 0 0 0
 2.715000E+02 2189 0 0 1 0 3 0 5 0 45 1 0 0 0 0 0 0 0
 2.720000E+02 2299 2 0 2 0 1 0 5 1 40 0 1 0 0 0 0 0 0
 2.725000E+02 985 0 0 1 0 2 0 5 1 35 0 0 0 0 0 1 0 0
 2.730000E+02 428 2 0 1 0 1 0 5 0 28 0 0 0 0 0 0 0 0
 2.735000E+02 203 0 0 0 0 1 0 2 1 19 1 0 2 0 0 0 0 0
 2.740000E+02 111 0 0 1 0 1 0 4 0 15 0 0 2 3 0 3 2 1
 2.745000E+02 1357 0 0 4 0 0 0 3 0 10 0 0 0 0 0 0 0 0
 2.750000E+02 1953 0 0 1 0 1 0 4 0 18 0 0 0 0 0 0 0 0
 2.755000E+02 2131 0 0 0 0 2 0 10 0 28 0 0 0 0 0 0 0 0
 2.760000E+02 2235 1 0 0 0 1 0 8 0 28 0 0 0 0 0 0 0 0
 2.765000E+02 944 2 0 0 0 1 0 5 0 28 0 1 0 0 0 0 0 0
 2.770000E+02 409 0 0 0 0 1 0 1 0 20 1 1 0 0 1 0 0 0
 2.775000E+02 196 0 0 0 0 4 1 3 0 6 1 0 1 0 2 0 1 0
 2.780000E+02 116 0 0 1 0 1 0 5 0 2 0 0 3 0 1 4 2 3
 2.785000E+02 1395 0 0 1 0 1 0 3 0 15 1 0 0 0 0 0 0 0
 2.790000E+02 1808 1 0 2 0 1 0 9 0 22 0 1 0 0 0 0 0 0
 2.795000E+02 2043 1 0 1 0 2 0 7 1 28 1 0 0 0 0 0 0 0
 2.800000E+02 2119 0 0 2 0 2 0 3 0 25 0 0 0 0 0 0 0 0
 2.805000E+02 884 1 0 0 0 1 0 2 0 20 0 0 0 0 0 0 0 0
 2.810000E+02 386 0 0 1 0 0 0 1 0 16 1 0 0 0 0 0 0 0
 2.815000E+02 180 0 0 1 0 1 0 2 0 16 0 0 0 1 1 1 1 3
 2.820000E+02 81 0 0 0 0 2 0 3 0 11 1 0 3 2 2 2 1 2
 2.825000E+02 1358 0 0 1 0 0 0 3 0 17 0 0 0 0 0 0 0 0
 2.830000E+02 1906 0 0 2 0 2 0 7 0 19 0 0 0 0 0 0 0 0
 2.835000E+02 2091 0 0 1 0 0 0 3 1 32 0 0 0 0 0 0 0 0
 2.840000E+02 2235 0 0 3 0 1 0 3 0 32 2 1 0 0 0 0 0 0
 2.845000E+02 957 3 0 0 0 1 0 4 0 33 0 0 0 0 0 0 0 0
 2.850000E+02 414 0 0 2 0 1 0 4 1 21 1 1 0 1 0 0 0 0
 2.855000E+02 178 0 0 0 0 2 0 2 0 14 0 0 1 0 0 0 2 0
 2.860000E+02 81 0 0 0 0 1 0 1 1 9 0 0 1 0 2 1 0 4
 2.865000E+02 1395 0 0 0 0 0 1 4 0 13 0 1 0 1 0 0 0 0
 2.870000E+02 1870 0 0 0 0 0 0 7 0 27 0 0 0 0 0 0 0 0
 2.875000E+02 2188 1 0 2 0 4 0 3 0 31 1 3 0 0 0 0 0 0
 2.880000E+02 2275 1 0 4 0 0 0 3 0 36 1 0 0 0 0 0 0 0
 2.885000E+02 972 0 0 2 0 6 0 8 1 26 1 1 0 0 0 0 0 0
 2.890000E+02 440 1 0 0 0 6 0 2 0 18 1 0 0 0 0 0 0 0
 2.895000E+02 229 0 0 0 0 1 0 2 1 18 2 1 2 0 0 0 1 2
 2.900000E+02 116 0 0 0 0 1 0 3 0 12 0 0 2 1 3 2 1 1
 2.905000E+02 84 1 0 0 0 1 0 0 0 12 0 0 1 2 6 5 2 5
 2.910000E+02 54 0 0 0 1 0 0 3 0 8 0 0 5 4 7 6 1 4
 2.915000E+02 49 0 0 0 0 0 1 0 0 3 0 1 7 5 5 8 10 5
 2.920000E+02 49 0 0 0 0 1 0 0 0 1 0 0 11 6 11 7 5 8
 2.925000E+02 29 0 0 0 0 0 0 0 0 1 0 0 9 16 9 11 6 3
 2.930000E+02 28 0 0 0 0 0 0 0 0 1 0 0 12 6 12 3 12 14
 2.935000E+02 24 0 0 0 0 0 0 0 0 1 0 0 15 14 12 15 8 8
 2.940000E+02 28 0 0 0 0 0 0 0 0 1 0 0 9 13 15 9 13 16
 2.945000E+02 24 0 0 0 0 0 0 0 0 1 0 0 16 16 20 10 12 16
 2.950000E+02 24 0 0 0 0 0 0 0 0 1 0 0 12 19 15 16 17 14
 2.955000E+02 23 0 0 0 0 0 0 0 0 1 0 0 14 17 8 16 14 17
 2.960000E+02 18 0 0 0 0 1 0 0 0 0 0 0 25 14 15 20 18 13
 2.965000E+02 25 0 0 0 0 0 0 0 0 0 0 1 11 20 17 22 19 18
 2.970000E+02 17 0 0 0 0 0 0 1 0 1 0 0 16 20 19 16 16 24
 2.975000E+02 20 0 0 0 0 0 0 0 0 1 0 0 14 15 20 18 19 16
 2.980000E+02 20 0 0 0 0 1 0 0 0 0 0 0 14 21 9 23 17 15
 2.985000E+02 26 0 0 0 0 1 0 0 0 0 0 0 15 18 19 17 19 23
 2.990000E+02 11 0 0 0 0 0 0 0 0 1 0 0 10 16 19 20 17 19
 2.995000E+02 18 0 0 0 0 0 0 0 0 0 0 0 16 20 19 19 17 16
 3.000000E+02 15 0 0 0 0 0 0 0 0 0 0 0 12 28 14 17 22 20
 3.005000E+02 13 0 0 0 0 0 0 0 0 0 0 0 6 20 18 23 21 20
 3.010000E+02 21 0 0 0 0 0 0 0 0 0 0 0 14 20 25 20 13 17
 3.015000E+02 13 0 0 0 0 0 0 0 0 0 0 0 22 20 22 21 10 17
 3.020000E+02 10 0 0 0 0 0 0 0 0 0 0 0 15 22 24 17 23 15
 3.025000E+02 18 0 0 0 0 0 0 0 0 0 0 0 16 19 23 25 22 18
 3.030000E+02 10 0 0 0 0 0 0 0 0 0 0 0 25 15 21 15 20 19
 3.035000E+02 18 0 0 0 0 0 0 0 0 0 0 0 24 20 21 14 18 25
 3.040000E+02 9 0 0 0 0 0 0 0 0 0 0 0 20 12 27 18 18 19
 3.045000E+02 8 0 0 0 0 0 0 0 0 0 0 0 16 11 24 19 24 18
 3.050000E+02 11 0 0 0 0 0 0 0 0 0 0 0 21 17 23 18 25 23
 3.055000E+02 14 0 0 0 0 0 0 0 0 1 0 0 20 17 26 18 20 14
 3.060000E+02 22 0 0 0 0 0 0 0 0 1 0 0 18 15 18 22 17 22
 3.065000E+02 14 0 0 0 0 0 0 0 0 1 0 0 17 21 21 27 14 22
 3.070000E+02 14 0 0 1 0 0 0 0 0 0 0 0 21 16 22 20 16 22
 3.075000E+02 14 0 0 0 0 1 0 0 0 1 0 0 14 17 22 18 23 21
 3.080000E+02 13 1 0 0 0 0 0 0 0 0 0 0 18 18 17 21 17 18
 3.085000E+02 8 0 0 0 0 0 0 1 0 1 0 0 15 13 26 19 28 19
 3.090000E+02 16 0 0 0 0 0 0 1 0 1 0 0 14 25 25 21 25 19
 3.095000E+02 23 0 0 0 0 1 0 0 0 0 0 0 24 14 19 15 19 19
 3.100000E+02 19 0 0 0 0 0 0 0 0 0 0 0 18 27 17 13 22 21
 3.105000E+02 10 0 0 0 0 0 0 0 0 0 0 0 22 17 19 12 22 17
 3.110000E+02 18 0 0 0 0 0 0 0 0 0 0 0 20 20 17 18 22 11
 3.115000E+02 8 0 0 0 0 0 0 0 0 0 0 0 21 18 19 26 15 18
 3.120000E+02 13 0 0 0 0 0 0 0 0 0 0 0 25 17 19 24 15 17
 3.125000E+02 16 0 0 0 0 0 0 0 0 1 0 0 20 19 16 16 24 13
 3.130000E+02 9 0 0 0 0 0 0 0 0 0 0 0 24 20 19 15 22 15
 3.135000E+02 10 0 0 0 0 0 0 0 0 0 0 0 13 23 23 10 15 21
 3.140000E+02 9 0 0 0 0 0 0 0 0 0 0 0 25 13 22 14 15 19
 3.145000E+02 16 0 0 0 0 0 0 0 0 1 0 0 18 16 18 18 15 18
 3.150000E+02 15 0 0 0 0 0 0 0 0 0 0 0 19 20 19 21 15 15
 3.155000E+02 13 0 0 0 0 0 0 0 0 0 0 0 21 25 21 15 16 17
 3.160000E+02 10 0 0 0 0 0 0 0 0 0 0 0 19 23 20 20 20 15
 3.165000E+02 12 0 0 0 0 0 0 0 0 0 0 0 15 18 13 28 19 21
 3.170000E+02 12 0 0 0 0 0 0 0 0 0 0 0 25 10 19 17 17 16
 3.175000E+02 11 0 0 0 0 0 0 0 0 0 0 0 27 15 17 15 22 21
 3.180000E+02 12 0 0 0 0 0 0 0 0 0 0 0 19 17 20 24 20 17
 3.185000E+02 23 0 0 0 0 0 0 0 0 0 0 0 16 21 24 16 13 17
 3.190000E+02 10 0 0 0 0 0 0 0 0 1 0 0 18 24 20 18 17 19
 3.195000E+02 15 0 0 0 0 0 0 0 0 0 0 0 22 12 15 14 19 22
 3.200000E+02 5 0 0 0 0 0 0 0 0 0 0 0 21 13 21 21 16 16
 3.205000E+02 15 0 0 0 0 0 0 0 0 1 0 0 25 15 17 15 23 19
 3.210000E+02 13 0 0 0 0 0 0 0 0 1 0 0 16 15 11 23 24 25
 3.215000E+02 13 1 0 0 0 0 0 0 0 0 0 0 14 15 17 19 20 26
 3.220000E+02 9 0 0 1 0 0 0 0 0 0 0 0 13 21 15 20 23 16
 3.225000E+02 7 0 0 0 0 0 0 0 0 0 0 0 15 29 12 28 18 19
 3.230000E+02 8 0 0 0 0 0 0 0 0 1 0 0 15 29 15 19 24 17
 3.235000E+02 12 0 0 0 0 0 0 0 0 0 0 0 23 27 20 18 14 15
 3.240000E+02 8 0 0 0 0 0 0 0 0 0 0 0 18 15 20 17 19 25
 3.245000E+02 16 0 0 0 0 0 0 0 0 0 0 0 15 10 18 19 21 29
 3.250000E+02 5 0 0 0 0 0 0 0 0 0 0 0 14 26 14 15 15 25
 3.255000E+02 12 0 0 0 0 0 0 1 0 0 0 0 14 21 15 20 14 19
 3.260000E+02 9 0 0 1 0 0 0 0 0 0 0 0 12 18 26 16 15 13
 3.265000E+02 8 0 0 0 0 0 0 0 0 0 0 0 15 20 19 20 20 14
 3.270000E+02 6 0 0 0 0 0 0 0 0 0 0 0 21 9 24 22 19 18
 3.275000E+02 5 0 0 0 0 1 0 0 0 0 0 0 19 15 19 20 18 15
 3.280000E+02 8 0 0 1 0 0 0 0 0 0 0 0 17 23 13 17 13 13
 3.285000E+02 16 0 0 0 0 0 0 0 0 0 0 0 18 14 17 17 16 25
 3.290000E+02 17 0 0 0 0 0 0 0 0 1 0 0 23 12 23 19 21 22
 3.295000E+02 14 0 0 0 0 0 0 0 0 0 0 0 26 5 21 20 21 23
 3.300000E+02 9 0 0 0 0 0 0 0 0 0 0 0 19 9 22 20 16 18
 3.305000E+02 5 0 0 0 0 0 0 0 0 0 0 0 22 12 26 13 16 19
 3.310000E+02 12 0 0 0 0 0 0 0 0 0 0 0 21 18 28 11 16 21
 3.315000E+02 3 0 0 0 0 0 0 0 0 0 0 0 14 13 23 12 24 23
 3.320000E+02 7 0 0 0 0 0 0 0 0 0 0 0 19 24 15 11 22 18
 3.325000E+02 12 0 0 0 0 0 0 0 0 0 0 0 19 24 14 14 18 25
 3.330000E+02 10 0 0 0 0 0 0 0 0 0 0 0 18 21 18 15 19 21
 3.335000E+02 10 0 0 0 0 0 0 0 0 0 0 0 18 19 22 21 24 15
 3.340000E+02 11 0 0 0 0 0 0 0 0 0 0 0 18 15 21 20 17 16
 3.345000E+02 14 0 0 0 0 0 0 0 0 0 0 0 21 18 17 19 13 17
 3.350000E+02 13 0 0 0 0 0 0 0 0 0 0 0 20 15 17 30 12 13
 3.355000E+02 4 0 0 0 0 0 0 0 0 0 0 0 15 15 24 28 15 14
 3.360000E+02 3 0 0 0 0 0 0 0 0 0 0 0 10 18 17 22 9 24
 3.365000E+02 9 0 0 0 0 0 0 0 0 0 0 0 13 24 11 26 14 15
 3.370000E+02 7 0 0 0 0 0 0 0 0 0 0 0 15 24 13 20 23 17
 3.375000E+02 8 0 0 0 0 0 0 0 0 0 0 0 15 25 15 18 28 19
 3.380000E+02 6 0 0 0 0 0 0 0 0 0 0 0 18 11 19 20 11 25
 3.385000E+02 12 0 0 0 0 0 0 0 0 0 0 0 20 13 21 21 18 17
 3.390000E+02 4 0 0 0 0 0 0 0 0 0 0 0 23 15 18 11 20 21
 3.395000E+02 6 0 0 0 0 0 0 0 0 0 0 0 17 11 14 15 18 17
 3.400000E+02 7 0 0 0 0 0 0 0 0 0 0 0 24 17 21 24 17 16
 3.405000E+02 8 0 0 0 0 0 0 0 0 0 0 0 22 20 22 20 18 18
 3.410000E+02 9 0 0 0 0 0 0 0 0 0 0 0 25 23 15 17 15 25
 3.415000E+02 6 0 0 0 0 0 0 0 0 0 0 0 25 16 16 16 22 17
 3.420000E+02 11 0 0 0 0 0 0 0 0 0 0 0 22 26 13 17 25 16
 3.425000E+02 9 0 0 0 0 0 0 0 0 1 0 0 14 22 17 16 24 12
 3.430000E+02 3 0 0 0 0 0 0 1 0 0 0 0 13 17 11 13 22 15
 3.435000E+02 16 0 0 0 0 0 0 0 0 0 0 1 16 17 15 16 21 15
 3.440000E+02 9 0 0 0 0 0 0 0 0 1 0 0 18 15 17 24 16 19
 3.445000E+02 5 0 0 0 0 0 0 0 0 1 0 0 19 11 14 20 15 17
 3.450000E+02 9 0 0 1 0 0 0 0 0 0 0 0 17 12 15 16 13 18
 3.455000E+02 11 0 0 0 0 0 0 0 0 0 0 0 17 26 17 17 13 21
 3.460000E+02 19 0 0 0 0 0 0 0 0 0 0 0 17 20 15 18 20 18
 3.465000E+02 10 0 0 0 0 0 0 0 0 1 0 0 19 29 14 18 18 19
 3.470000E+02 6 0 0 0 0 0 0 1 0 0 0 0 17 26 15 24 10 17
 3.475000E+02 18 0 0 0 0 0 0 0 0 2 0 0 12 18 19 24 15 17
 3.480000E+02 12 0 0 0 0 0 0 0 0 1 0 0 13 28 17 19 14 18
 3.485000E+02 11 0 0 0 0 0 0 0 0 2 0 0 14 24 15 19 17 14
 3.490000E+02 12 0 0 0 0 0 0 0 0 1 0 0 15 15 17 19 13 9
 3.495000E+02 9 0 0 0 0 0 0 0 0 1 0 0 18 18 18 23 17 10
 3.500000E+02 8 0 0 0 0 0 0 0 0 0 0 0 23 18 23 19 13 14
 3.505000E+02 12 0 0 0 0 0 0 0 0 0 0 0 24 17 19 13 14 19
 3.510000E+02 10 0 0 0 0 0 0 0 0 0 0 0 20 15 17 13 11 26
 3.515000E+02 13 0 0 0 0 0 0 0 0 0 0 0 22 14 20 16 17 18
 3.520000E+02 12 0 0 0 0 0 0 0 0 0 0 0 19 21 18 18 17 16
 3.525000E+02 8 0 0 0 0 0 0 0 0 0 0 0 19 20 13 21 19 14
 3.530000E+02 12 0 0 0 0 0 0 0 0 0 0 0 21 21 14 25 23 16
 3.535000E+02 9 0 0 0 0 0 0 0 0 0 0 0 22 21 15 20 16 15
 3.540000E+02 8 0 0 0 0 0 0 0 0 0 0 0 18 19 20 17 13 18
 3.545000E+02 13 0 0 0 0 0 0 0 0 0 0 0 18 20 27 15 14 18
 3.550000E+02 10 0 0 0 0 0 0 0 0 0 0 0 25 17 21 8 19 19
 3.555000E+02 12 0 0 0 0 0 0 0 0 0 0 0 16 16 18 21 17 19
 3.560000E+02 7 0 0 0 0 0 0 0 0 0 0 0 20 16 19 14 14 19
 3.565000E+02 6 0 0 0 0 0 0 0 0 0 0 0 18 16 13 23 19 21
 3.570000E+02 18 0 0 0 0 0 0 0 0 0 0 0 15 13 18 20 13 19
 3.575000E+02 6 0 0 0 0 0 0 0 0 0 0 0 14 15 20 8 18 17
 3.580000E+02 12 0 0 0 0 0 0 0 0 1 0 0 12 14 19 12 13 28
 3.585000E+02 9 0 0 0 0 0 0 0 0 0 0 0 12 15 17 15 16 23
 3.590000E+02 14 0 0 0 0 0 0 0 0 0 0 0 13 23 17 18 19 15
 3.595000E+02 6 0 0 0 0 0 0 0 0 0 0 0 15 22 18 18 17 23
 3.600000E+02 4 0 0 0 0 0 0 0 0 0 0 0 14 22 18 17 20 17
 3.605000E+02 11 0 0 0 0 0 0 0 0 0 0 0 21 18 16 23 22 11
 3.610000E+02 8 0 0 0 0 0 0 0 0 0 0 0 17 19 16 12 19 13
 3.615000E+02 1 0 0 0 0 0 0 0 0 0 0 0 16 20 17 21 20 11
 3.620000E+02 9 0 0 0 0 0 0 0 0 0 0 0 17 22 20 18 15 11
 3.625000E+02 7 0 0 0 0 0 0 0 0 0 0 0 18 17 19 15 18 19
 3.630000E+02 11 0 0 0 0 0 0 0 0 0 0 0 14 11 18 23 21 19
 3.635000E+02 6 0 0 0 0 0 0 0 0 0 0 0 12 15 15 19 20 20
 3.640000E+02 11 0 0 0 0 0 0 0 0 0 0 0 10 20 21 14 19 22
 3.645000E+02 11 0 0 0 0 0 0 0 0 0 0 0 14 15 17 15 17 19
 3.650000E+02 9 0 0 0 0 0 0 0 0 0 0 0 15 15 10 22 18 20
 3.655000E+02 14 0 0 0 0 0 0 0 0 0 0 0 18 13 12 18 17 15
 3.660000E+02 8 0 0 0 0 0 0 0 0 0 0 0 15 17 18 20 14 18
 3.665000E+02 4 0 0 0 0 0 0 0 0 0 0 0 23 12 23 21 13 15
 3.670000E+02 3 0 0 0 0 0 0 0 0 0 0 0 21 11 17 18 15 19
 3.675000E+02 6 0 0 0 0 0 0 0 0 0 0 0 19 17 21 19 12 17
 3.680000E+02 6 0 0 0 0 0 0 0 0 0 0 0 14 11 25 17 17 18
 3.685000E+02 8 0 0 0 0 0 0 0 0 0 0 0 11 16 20 20 10 15
 3.690000E+02 8 0 0 0 0 0 0 0 0 0 0 0 11 14 13 26 15 14
 3.695000E+02 7 0 0 0 0 0 0 0 0 1 0 0 17 17 14 23 12 19
 3.700000E+02 11 0 0 0 0 0 0 0 0 1 0 0 17 15 15 17 18 21
 3.705000E+02 13 0 0 0 0 0 0 0 0 1 0 0 18 14 16 15 13 20
 3.710000E+02 13 0 0 0 0 0 0 0 0 1 0 0 15 21 17 18 14 18
 3.715000E+02 9 0 0 0 0 0 0 0 0 1 0 0 14 17 15 16 24 18
 3.720000E+02 9 0 0 1 0 0 0 0 0 0 0 0 16 18 11 17 21 24
 3.725000E+02 7 0 0 0 0 0 0 0 0 1 0 0 21 15 14 17 20 23
 3.730000E+02 9 0 0 0 0 0 0 0 0 1 0 0 16 16 15 19 17 22
 3.735000E+02 11 0 0 0 0 0 0 0 0 0 0 0 18 21 18 11 21 19
 3.740000E+02 8 0 0 0 0 0 0 0 0 0 0 0 16 15 18 13 25 16
 3.745000E+02 10 0 0 0 0 0 0 1 0 0 0 0 16 15 22 12 22 15
 3.750000E+02 11 0 0 0 0 0 0 0 0 2 0 0 16 11 21 13 16 10
 3.755000E+02 9 0 0 0 0 0 0 0 0 1 0 0 17 15 18 15 14 17
 3.760000E+02 5 0 0 0 0 0 0 0 0 1 0 0 17 17 27 12 16 13
 3.765000E+02 8 0 0 1 0 0 0 0 0 0 0 0 23 13 30 14 20 17
 3.770000E+02 9 0 0 0 0 0 0 0 0 0 0 0 17 20 17 17 16 13
 3.775000E+02 11 0 0 0 0 0 0 0 0 0 0 0 16 12 12 28 24 17
 3.780000E+02 11 0 0 0 0 0 0 0 0 0 0 0 18 15 21 18 14 16
 3.785000E+02 5 0 0 0 0 0 0 0 0 0 0 0 16 21 16 12 18 16
 3.790000E+02 12 0 0 0 0 0 0 0 0 0 0 0 10 13 19 16 23 23
 3.795000E+02 11 0 0 0 0 0 0 0 0 0 0 0 13 10 16 13 22 20
 3.800000E+02 12 0 0 0 0 0 0 0 0 0 0 0 16 15 16 20 20 20
 3.805000E+02 14 0 0 0 0 0 0 0 0 0 0 0 10 15 14 20 16 17
 3.810000E+02 11 0 0 0 0 0 0 0 0 0 0 0 18 17 8 17 18 26
 3.815000E+02 7 0 0 0 0 0 0 0 0 0 0 0 12 12 10 17 22 23
 3.820000E+02 14 0 0 0 0 0 0 0 0 0 0 0 13 10 19 22 14 17
 3.825000E+02 9 0 0 0 0 0 0 0 0 0 0 0 17 16 17 18 17 12
 3.830000E+02 4 0 0 0 0 0 0 0 0 0 0 0 16 18 20 17 14 11
 3.835000E+02 11 0 0 0 0 0 0 0 0 0 0 0 15 15 15 14 26 18
 3.840000E+02 7 0 0 0 0 0 0 0 0 0 0 0 9 12 16 12 27 21
 3.845000E+02 10 0 0 0 0 0 0 0 0 0 0 0 15 15 20 18 15 18
 3.850000E+02 8 0 0 0 0 0 0 0 0 1 0 0 16 19 20 13 12 14
 3.855000E+02 7 0 0 0 0 0 0 0 0 0 0 0 24 16 17 22 13 19
 3.860000E+02 7 0 0 0 0 0 0 0 0 0 0 0 18 18 10 19 16 19
 3.865000E+02 4 0 0 0 0 0 0 0 0 0 0 0 18 17 21 20 14 16
 3.870000E+02 12 0 0 0 0 0 0 0 0 0 0 0 17 15 19 12 15 19
 3.875000E+02 6 0 0 0 0 0 0 0 0 0 0 0 23 17 22 11 14 19
 3.880000E+02 6 0 0 0 0 0 0 0 0 0 0 0 18 11 27 13 19 17
 3.885000E+02 8 0 0 0 0 0 0 0 0 0 0 0 16 10 19 16 18 18
 3.890000E+02 6 0 0 0 0 0 0 1 0 0 0 0 18 16 14 18 17 16
 3.895000E+02 6 0 0 0 0 0 0 0 0 1 0 0 17 23 9 16 18 15
 3.900000E+02 13 0 0 0 0 0 0 0 0 1 0 0 25 22 18 21 12 11
 3.905000E+02 7 0 0 0 0 0 0 0 0 0 0 0 19 16 22 22 9 9
 3.910000E+02 8 0 0 0 0 0 0 0 0 0 0 0 18 21 25 22 10 14
 3.915000E+02 11 0 0 0 0 0 0 0 0 0 0 0 20 20 23 17 15 12
 3.920000E+02 9 0 0 0 0 0 0 0 0 1 0 0 17 14 22 21 18 13
 3.925000E+02 7 0 0 0 0 0 0 0 0 1 0 0 15 14 19 21 16 18
 3.930000E+02 12 0 0 0 0 0 0 0 0 0 0 0 20 18 20 19 15 15
 3.935000E+02 9 0 0 0 0 0 0 0 0 1 0 0 16 18 12 16 18 9
 3.940000E+02 11 0 0 0 0 0 0 0 0 1 0 0 12 21 19 17 14 12
 3.945000E+02 10 0 0 0 0 0 0 1 0 0 0 0 17 22 22 15 17 13
 3.950000E+02 9 0 0 0 0 0 0 0 0 1 0 0 19 16 26 14 15 17
 3.955000E+02 7 0 0 0 0 0 0 0 0 1 0 0 15 22 22 16 17 10
 3.960000E+02 12 0 0 0 0 0 0 0 0 1 0 0 12 16 19 14 15 10
 3.965000E+02 5 0 0 0 0 0 0 1 0 0 0 0 16 23 19 15 13 16
 3.970000E+02 8 0 0 0 0 0 0 0 0 1 0 0 15 19 19 15 13 13
 3.975000E+02 10 0 0 0 0 0 0 0 0 1 0 0 20 14 17 14 14 16
 3.980000E+02 9 0 0 0 0 0 0 0 0 1 0 0 23 14 19 10 17 14
 3.985000E+02 7 0 0 0 0 0 0 0 0 1 0 0 20 15 18 16 17 19
 3.990000E+02 4 0 0 0 0 0 0 1 0 0 0 0 23 18 12 21 17 17
 3.995000E+02 11 0 0 0 0 0 0 0 0 2 0 0 16 15 18 15 20 16
 4.000000E+02 7 0 0 0 0 1 0 0 0 1 0 0 25 16 15 17 19 16
 4.005000E+02 10 0 0 0 0 0 0 1 0 1 0 0 17 13 21 14 20 16
 4.010000E+02 12 0 0 0 0 0 0 0 0 1 0 0 18 10 22 9 22 19
 4.015000E+02 13 0 0 0 0 0 0 0 0 0 0 0 17 11 15 16 18 19
 4.020000E+02 7 0 0 0 0 0 0 0 0 0 0 0 13 13 24 17 14 21
 4.025000E+02 11 0 0 0 0 0 0 0 0 0 0 0 21 14 21 17 12 20
 4.030000E+02 9 0 0 0 0 0 0 0 0 0 0 0 17 15 17 16 10 20
 4.035000E+02 6 0 0 0 0 0 0 0 0 0 0 0 17 17 11 12 22 16
 4.040000E+02 5 0 0 0 0 0 0 0 0 0 0 0 20 13 12 16 20 14
 4.045000E+02 9 0 0 0 0 0 0 0 0 0 0 0 17 19 12 19 19 14
 4.050000E+02 12 0 0 0 0 0 0 0 0 0 0 0 12 14 21 17 19 17
 4.055000E+02 10 0 0 0 0 0 0 0 0 0 0 0 16 17 16 15 23 17
 4.060000E+02 6 0 0 0 0 0 0 0 0 0 0 0 10 23 12 14 19 16
 4.065000E+02 7 0 0 0 0 0 0 0 0 1 0 0 12 17 13 17 15 23
 4.070000E+02 14 0 0 0 0 0 0 0 0 1 0 0 12 20 8 22 19 22
 4.075000E+02 10 0 0 0 0 0 0 0 0 1 0 0 19 18 9 23 14 20
 4.080000E+02 6 0 0 0 0 0 0 0 0 1 0 0 13 12 13 23 11 20
 4.085000E+02 6 0 0 0 0 0 0 0 0 1 0 0 16 19 18 23 12 14
 4.090000E+02 11 0 0 0 0 0 0 0 0 0 0 0 19 19 17 19 13 12
 4.095000E+02 9 0 0 0 0 0 0 0 0 0 0 0 23 19 19 16 15 13
 4.100000E+02 6 0 0 0 0 0 0 0 0 0 0 0 14 13 19 15 14 18
 4.105000E+02 6 0 0 0 0 0 0 0 0 0 0 0 21 15 16 17 16 20
 4.110000E+02 7 0 0 0 0 0 0 0 0 0 0 0 12 10 18 23 16 21
 4.115000E+02 8 0 0 0 0 0 0 0 0 0 0 0 18 9 19 16 13 17
 4.120000E+02 7 0 0 0 0 0 0 0 0 0 0 0 18 17 13 16 19 16
 4.125000E+02 7 0 0 0 0 0 0 0 0 0 0 0 25 23 14 15 17 17
 4.130000E+02 8 0 0 0 0 0 0 0 0 0 0 0 14 15 15 17 15 19
 4.135000E+02 10 0 0 0 0 0 0 0 0 0 0 0 15 16 13 21 14 16
 4.140000E+02 12 0 0 0 0 0 0 0 0 0 0 0 10 24 14 15 12 12
 4.145000E+02 10 0 0 0 0 0 0 0 0 0 0 0 13 18 13 11 17 17
 4.150000E+02 8 0 0 0 0 0 0 0 0 0 0 0 19 14 19 11 15 20
 4.155000E+02 8 0 0 0 0 0 0 0 0 0 0 0 17 19 15 19 16 25
 4.160000E+02 9 0 0 0 0 0 0 0 0 0 0 0 15 17 21 18 14 19
 4.165000E+02 9 0 0 1 0 0 0 0 0 0 0 0 15 15 23 20 13 19
 4.170000E+02 8 0 0 0 0 0 0 0 0 0 0 0 18 13 24 16 17 17
 4.175000E+02 5 0 0 0 0 0 0 0 0 1 0 0 21 18 16 17 18 16
 4.180000E+02 9 0 0 0 0 0 0 0 0 1 0 0 15 20 18 18 18 16
 4.185000E+02 12 0 0 0 0 0 0 0 0 0 0 0 21 18 15 14 24 18
 4.190000E+02 10 0 0 0 0 0 0 0 0 0 0 0 18 19 20 12 21 15
 4.195000E+02 6 0 0 0 0 0 0 0 0 1 0 0 14 15 15 12 20 21
 4.200000E+02 10 0 0 0 0 0 0 0 0 0 0 0 9 17 11 14 19 13
 4.205000E+02 11 0 0 0 0 0 0 0 0 0 0 0 12 21 15 15 26 10
 4.210000E+02 7 0 0 0 0 0 0 0 0 0 0 0 11 20 20 18 18 10
 4.215000E+02 9 0 0 0 0 0 0 0 0 0 0 0 12 19 16 22 23 8
 4.220000E+02 9 0 0 0 0 0 0 0 0 0 0 0 14 20 19 23 19 12
 4.225000E+02 11 0 0 0 0 0 0 0 0 0 0 0 9 22 20 27 12 19
 4.230000E+02 12 0 0 0 0 0 0 0 0 0 0 0 10 19 27 22 12 15
 4.235000E+02 13 0 0 0 0 0 0 0 0 0 0 0 11 17 25 13 22 16
 4.240000E+02 9 0 0 1 0 0 0 0 0 0 0 0 12 19 21 8 19 13
 4.245000E+02 9 0 0 0 0 0 0 0 0 1 0 0 21 25 17 14 13 13
 4.250000E+02 6 0 0 0 0 0 0 0 0 0 0 0 17 17 16 12 18 19
 4.255000E+02 12 0 0 0 0 0 0 0 0 0 0 0 22 16 12 23 14 13
 4.260000E+02 10 0 0 0 0 0 0 0 0 0 0 0 23 13 21 24 14 13
 4.265000E+02 10 0 0 0 0 0 0 0 0 0 0 0 23 14 16 25 18 12
 4.270000E+02 9 0 0 0 0 0 0 0 0 0 0 0 21 16 21 17 10 17
 4.275000E+02 9 0 0 0 0 0 0 0 0 1 0 0 23 17 18 7 11 26
 4.280000E+02 11 0 0 0 0 0 0 0 0 0 0 0 17 12 21 15 11 23
 4.285000E+02 10 0 0 0 0 0 0 0 0 0 0 0 17 12 20 17 21 17
 4.290000E+02 6 0 0 0 0 0 0 0 0 0 0 0 16 14 23 13 20 15
 4.295000E+02 8 0 0 0 0 0 0 0 0 0 0 0 11 15 18 15 14 15
 4.300000E+02 4 0 0 0 0 0 0 0 0 0 0 0 13 19 19 16 10 15
 4.305000E+02 8 0 0 0 0 0 0 0 0 0 0 0 20 19 14 18 13 11
 4.310000E+02 9 0 0 0 0 0 0 0 0 0 0 0 22 10 19 19 17 14
 4.315000E+02 19 0 0 0 0 0 0 0 0 1 0 0 16 12 27 11 14 13
 4.320000E+02 11 0 0 0 0 0 0 0 0 1 0 0 23 22 17 10 11 12
 4.325000E+02 9 0 0 0 0 0 0 0 0 0 0 0 21 20 16 14 14 15
 4.330000E+02 9 0 0 0 0 0 0 0 0 0 0 0 14 19 16 14 15 16
 4.335000E+02 19 0 0 0 0 0 0 0 0 0 0 0 11 15 15 16 19 13
 4.340000E+02 6 0 0 0 0 0 0 0 0 0 0 0 10 17 17 13 14 18
 4.345000E+02 6 0 0 0 0 0 0 0 0 0 0 0 12 17 14 16 17 19
 4.350000E+02 10 0 0 0 0 0 0 0 0 0 0 0 16 19 9 14 20 20
 4.355000E+02 8 0 0 0 0 0 0 0 0 0 0 0 15 19 12 14 22 27
 4.360000E+02 11 0 0 0 0 0 0 0 0 0 0 0 16 18 11 15 11 25
 4.365000E+02 5 0 0 0 0 0 0 0 0 0 0 0 18 16 13 16 11 16
 4.370000E+02 9 0 0 0 0 0 0 0 0 0 0 0 17 15 15 14 17 17
 4.375000E+02 10 0 0 0 0 0 0 0 0 1 0 0 23 13 19 19 17 15
 4.380000E+02 3 0 0 0 0 0 0 0 0 1 0 0 25 11 20 23 12 10
 4.385000E+02 3 0 0 0 0 0 0 0 0 1 0 0 23 13 17 16 8 17
 4.390000E+02 6 0 0 0 0 0 0 0 0 0 0 0 16 19 19 11 15 16
 4.395000E+02 5 0 0 0 0 0 0 0 0 0 0 0 17 21 26 12 10 20
 4.400000E+02 7 0 0 0 0 0 0 0 0 0 0 0 19 20 17 15 13 16
 4.405000E+02 13 0 0 0 0 0 0 0 0 0 0 0 24 16 18 13 11 17
 4.410000E+02 12 0 0 0 0 0 0 0 0 0 0 0 21 12 13 15 11 17
 4.415000E+02 6 0 0 0 0 0 0 0 0 0 0 0 23 14 14 18 11 18
 4.420000E+02 7 0 0 0 0 0 0 0 0 0 0 0 14 20 17 18 17 16
 4.425000E+02 9 0 0 0 0 0 0 0 0 0 0 0 13 14 15 17 18 17
 4.430000E+02 12 0 0 0 0 0 0 0 0 0 0 0 11 20 14 14 16 19
 4.435000E+02 9 0 0 0 0 0 0 0 0 0 0 0 23 14 13 14 15 18
 4.440000E+02 7 0 0 0 0 0 0 0 0 0 0 0 24 15 13 16 15 12
 4.445000E+02 14 0 0 0 0 0 0 0 0 0 0 0 18 15 20 13 12 14
 4.450000E+02 7 0 0 0 0 0 0 0 0 0 0 0 15 19 18 14 16 12
 4.455000E+02 8 0 0 0 0 0 0 0 0 0 0 0 12 17 15 21 13 12
 4.460000E+02 9 0 0 0 0 0 0 0 0 0 0 0 15 12 13 18 20 22
 4.465000E+02 8 0 0 0 0 0 0 0 0 0 0 0 14 12 20 15 27 19
 4.470000E+02 8 0 0 0 0 0 0 0 0 0 0 0 18 18 20 14 23 15
 4.475000E+02 6 0 0 0 0 0 0 0 0 0 0 0 18 12 27 12 17 17
 4.480000E+02 13 0 0 0 0 0 0 0 0 0 0 0 17 14 20 12 20 10
 4.485000E+02 11 0 0 0 0 0 0 0 0 0 0 0 15 13 20 22 22 19
 4.490000E+02 4 0 0 0 0 0 0 0 0 0 0 0 20 17 22 19 20 12
 4.495000E+02 14 0 0 0 0 0 0 0 0 0 0 0 12 14 20 16 15 18
 4.500000E+02 8 0 0 0 0 0 0 0 0 0 0 0 16 16 24 14 25 17
 4.505000E+02 5 0 0 0 0 0 0 0 0 0 0 0 20 18 16 14 15 19
 4.510000E+02 4 0 0 0 0 0 0 0 0 0 0 0 18 16 14 16 14 19
 4.515000E+02 10 0 0 0 0 0 0 0 0 0 0 0 18 13 16 15 15 23
 4.520000E+02 7 0 0 0 0 0 0 0 0 0 0 0 16 13 10 21 16 15
 4.525000E+02 4 0 0 0 0 0 0 0 0 0 0 0 19 14 11 20 11 21
 4.530000E+02 10 0 0 0 0 0 0 0 0 0 0 0 15 13 10 29 14 22
 4.535000E+02 5 0 0 0 0 0 0 0 0 1 0 0 22 12 21 29 13 13
 4.540000E+02 11 0 0 0 0 0 0 0 0 0 0 0 22 14 13 27 12 9
 4.545000E+02 10 0 0 0 0 0 0 0 0 0 0 0 19 13 15 27 18 15
 4.550000E+02 10 0 0 0 0 0 0 0 0 0 0 0 17 14 18 22 15 16
 4.555000E+02 7 0 0 0 0 0 0 0 0 0 0 0 13 17 19 20 14 19
 4.560000E+02 10 0 0 0 0 0 0 0 0 0 0 0 11 17 21 15 18 18
 4.565000E+02 8 0 0 0 0 0 0 0 0 0 0 0 10 9 24 13 20 22
 4.570000E+02 7 0 0 0 0 0 0 0 0 0 0 0 15 15 12 15 19 16
 4.575000E+02 10 0 0 0 0 0 0 0 0 0 0 0 11 14 12 14 14 18
 4.580000E+02 7 0 0 0 0 0 0 0 0 0 0 0 10 24 21 14 12 13
 4.585000E+02 9 0 0 0 0 0 0 0 0 0 0 0 13 23 13 17 16 12
 4.590000E+02 5 0 0 0 0 0 0 0 0 0 0 0 13 17 13 15 18 12
 4.595000E+02 7 0 0 0 0 0 0 0 0 0 0 0 15 23 13 17 11 12
 4.600000E+02 11 0 0 0 0 0 0 0 0 0 0 0 17 21 13 22 14 17
 4.605000E+02 3 0 0 0 0 0 0 0 0 0 0 0 11 17 19 14 12 18
 4.610000E+02 9 0 0 0 0 0 0 0 0 0 0 0 18 16 15 16 15 18
 4.615000E+02 8 0 0 0 0 0 0 0 0 0 0 0 15 11 13 12 18 13
 4.620000E+02 13 0 0 0 0 0 0 0 0 0 0 0 9 20 17 16 18 13
 4.625000E+02 3 0 0 0 0 0 0 0 0 0 0 0 16 15 9 16 20 17
 4.630000E+02 10 0 0 0 0 0 0 0 0 0 0 0 13 20 14 16 16 15
 4.635000E+02 12 0 0 0 0 0 0 0 0 0 0 0 12 24 11 16 13 16
 4.640000E+02 8 0 0 0 0 0 0 0 0 0 0 0 16 16 13 12 16 14
 4.645000E+02 4 0 0 0 0 0 0 0 0 0 0 0 19 12 14 12 15 19
 4.650000E+02 7 0 0 0 0 0 0 0 0 0 0 0 21 19 14 14 12 17
 4.655000E+02 6 0 0 0 0 0 0 0 0 0 0 0 25 19 17 13 17 21
 4.660000E+02 10 0 0 0 0 0 0 0 0 0 0 0 19 14 20 17 12 18
 4.665000E+02 12 0 0 0 0 0 0 0 0 0 0 0 23 19 20 19 15 14
 4.670000E+02 11 0 0 0 0 0 0 0 0 0 0 0 20 22 14 16 17 14
 4.675000E+02 9 0 0 0 0 0 0 0 0 0 0 0 17 20 18 15 17 12
 4.680000E+02 9 0 0 0 0 0 0 0 0 0 0 0 17 19 18 21 19 13
 4.685000E+02 15 0 0 0 0 0 0 0 0 0 0 0 23 15 10 14 15 18
 4.690000E+02 11 0 0 0 0 0 0 0 0 0 0 0 15 16 17 12 19 17
 4.695000E+02 6 0 0 0 0 0 0 0 0 0 0 0 13 14 22 21 17 12
 4.700000E+02 7 0 0 0 0 0 0 0 0 0 0 0 16 14 23 20 17 13
 4.705000E+02 7 0 0 0 0 0 0 0 0 0 0 0 12 17 25 15 22 15
 4.710000E+02 14 0 0 0 0 0 0 0 0 0 0 0 11 19 23 15 15 15
 4.715000E+02 5 0 0 0 0 0 0 0 0 0 0 0 15 20 22 11 26 16
 4.720000E+02 9 0 0 0 0 0 0 0 0 0 0 0 20 12 19 15 19 14
 4.725000E+02 5 0 0 0 0 0 0 0 0 0 0 0 23 23 11 12 25 12
 4.730000E+02 6 0 0 0 0 0 0 0 0 0 0 0 15 16 23 11 21 13
 4.735000E+02 12 0 0 0 0 0 0 0 0 0 0 0 14 17 20 20 19 9
 4.740000E+02 14 0 0 0 0 0 0 0 0 0 0 0 18 20 25 18 13 10
 4.745000E+02 7 0 0 0 0 0 0 0 0 0 0 0 20 21 16 23 19 18
 4.750000E+02 9 0 0 0 0 0 0 0 0 0 0 0 13 16 17 20 19 12
 4.755000E+02 8 0 0 0 0 0 0 0 0 0 0 0 14 18 8 14 23 17
 4.760000E+02 8 0 0 0 0 0 0 0 0 0 0 0 17 23 10 16 19 11
 4.765000E+02 4 0 0 0 0 0 0 0 0 1 0 0 20 16 11 24 28 14
 4.770000E+02 9 0 0 0 0 0 0 1 0 0 0 0 17 18 20 25 17 18
 4.775000E+02 12 0 0 0 0 0 0 0 0 1 0 0 13 17 22 18 11 18
 4.780000E+02 9 0 0 0 0 0 0 0 0 1 0 0 17 14 16 20 21 15
 4.785000E+02 10 0 0 0 0 0 0 0 0 1 0 0 12 14 17 21 19 15
 4.790000E+02 15 0 0 0 0 0 0 0 0 1 0 0 15 14 21 19 24 16
 4.795000E+02 7 0 0 0 0 0 0 0 0 1 0 0 17 18 17 19 19 17
 4.800000E+02 10 0 0 0 0 0 0 0 0 1 0 0 20 17 13 20 17 15
 4.805000E+02 8 0 0 0 0 0 0 1 0 1 0 0 21 11 13 21 17 19
 4.810000E+02 8 0 0 0 0 0 0 1 0 0 0 0 18 17 16 20 15 17
 4.815000E+02 5 0 0 0 0 0 0 0 0 2 0 0 18 20 17 9 19 15
 4.820000E+02 6 0 0 1 0 0 0 0 0 0 0 0 17 15 13 15 24 24
 4.825000E+02 10 0 0 0 0 0 0 0 0 1 0 0 20 20 15 16 20 18
 4.830000E+02 6 0 0 0 0 0 0 0 0 0 0 0 30 19 17 10 12 17
 4.835000E+02 8 0 0 0 0 0 0 0 0 0 0 0 19 21 19 9 17 17
 4.840000E+02 9 0 0 0 0 0 0 0 0 0 0 0 15 21 10 14 18 20
 4.845000E+02 11 0 0 0 0 0 0 0 0 0 0 0 18 14 12 16 13 24
 4.850000E+02 9 0 0 0 0 0 0 0 0 0 0 0 15 16 17 18 21 23
 4.855000E+02 11 0 0 0 0 0 0 0 0 0 0 0 14 16 9 18 14 21
 4.860000E+02 11 0 0 0 0 0 0 0 0 0 0 0 17 15 18 13 18 18
 4.865000E+02 10 0 0 0 0 0 0 0 0 0 0 0 16 21 18 13 18 17
 4.870000E+02 8 0 0 0 0 0 0 0 0 0 0 0 15 19 15 15 15 20
 4.875000E+02 12 0 0 0 0 0 0 0 0 0 0 0 15 16 12 19 16 19
 4.880000E+02 10 0 0 0 0 0 0 0 0 0 0 0 20 16 18 13 17 21
 4.885000E+02 7 0 0 0 0 0 0 0 0 0 0 0 16 17 15 18 17 18
 4.890000E+02 14 0 0 0 0 0 0 0 0 0 0 0 20 17 14 17 18 17
 4.895000E+02 13 0 0 0 0 0 0 0 0 0 0 0 19 15 16 15 16 20
 4.900000E+02 13 0 0 0 0 0 0 0 0 0 0 0 22 13 23 16 20 14
 4.905000E+02 5 0 0 0 0 0 0 0 0 0 0 0 18 14 24 16 16 10
 4.910000E+02 9 0 0 0 0 0 0 0 0 0 0 0 15 11 22 22 11 11
 4.915000E+02 8 0 0 0 0 0 0 0 0 0 0 0 21 14 15 19 18 16
 4.920000E+02 7 0 0 0 0 0 0 0 0 0 0 0 24 19 13 13 14 17
 4.925000E+02 6 0 0 0 0 0 0 0 0 0 0 0 18 18 12 18 20 19
 4.930000E+02 2 0 0 0 0 0 0 0 0 0 0 0 18 20 20 15 19 17
 4.935000E+02 11 0 0 0 0 0 0 0 0 0 0 0 19 22 19 10 21 16
 4.940000E+02 7 0 0 0 0 0 0 0 0 2 0 0 12 33 18 13 20 16
 4.945000E+02 8 0 0 1 0 0 0 0 0 0 0 0 13 21 18 19 23 16
 4.950000E+02 7 0 0 0 0 0 0 0 0 2 0 0 14 19 11 17 11 20
 4.955000E+02 7 0 0 1 0 0 0 0 0 1 0 0 23 13 14 14 12 23
 4.960000E+02 6 0 0 0 0 0 0 0 0 1 0 0 27 15 20 14 8 15
 4.965000E+02 8 0 0 0 0 0 0 0 0 1 0 0 23 15 20 16 12 16
 4.970000E+02 12 0 0 0 0 0 0 0 0 1 0 0 15 16 18 19 11 19
 4.975000E+02 9 0 0 0 0 0 0 0 0 0 0 0 11 24 13 20 15 24
 4.980000E+02 11 0 0 0 0 0 0 0 0 0 0 0 14 17 15 16 14 22
 4.985000E+02 9 0 0 0 0 0 0 0 0 0 0 0 13 16 12 12 16 20
 4.990000E+02 8 0 0 0 0 0 0 0 0 0 0 0 16 18 14 11 16 21
 4.995000E+02 7 0 0 0 0 0 0 0 0 0 0 0 15 12 20 14 19 18
 5.000000E+02 11 0 0 0 0 0 0 0 0 0 0 0 18 16 20 16 15 10
 5.005000E+02 12 0 0 0 0 0 0 0 0 0 0 0 19 22 17 18 21 11
 5.010000E+02 12 0 0 0 0 0 0 0 0 0 0 0 18 16 16 14 18 12
 5.015000E+02 7 0 0 0 0 0 0 0 0 0 0 0 15 15 14 16 20 23
 5.020000E+02 8 0 0 0 0 0 0 0 0 1 0 0 13 10 24 15 21 16
 5.025000E+02 12 0 0 0 0 0 0 1 0 0 0 0 12 15 18 18 20 13
 5.030000E+02 9 0 0 0 0 0 0 0 0 1 0 0 12 16 18 19 23 17
 5.035000E+02 10 0 0 0 0 0 0 2 0 1 0 0 16 14 17 14 19 16
 5.040000E+02 1 0 0 0 0 1 0 1 0 0 0 0 15 11 22 18 16 22
 5.045000E+02 6 0 0 1 0 0 0 0 0 1 0 0 12 17 16 19 15 19
 5.050000E+02 7 0 0 0 0 0 0 0 0 1 0 0 16 22 16 20 18 26
 5.055000E+02 13 0 0 0 0 0 0 0 0 0 0 0 12 19 13 21 19 20
 5.060000E+02 5 0 0 0 0 0 0 0 0 0 0 0 17 21 15 20 18 12
 5.065000E+02 12 0 0 0 0 0 0 0 0 0 0 0 20 21 23 12 13 18
 5.070000E+02 7 0 0 0 0 0 0 0 0 0 0 0 18 25 15 13 18 19
 5.075000E+02 7 0 0 0 0 0 0 0 0 0 0 0 16 27 14 10 23 17
 5.080000E+02 13 0 0 0 0 0 0 0 0 0 0 0 18 16 16 12 15 19
 5.085000E+02 6 0 0 0 0 0 0 0 0 0 0 0 20 22 17 15 19 16
 5.090000E+02 7 0 0 0 0 0 0 0 0 0 0 0 15 20 23 10 19 21
 5.095000E+02 8 0 0 0 0 0 0 0 0 0 0 0 19 22 19 12 13 18
 5.100000E+02 7 0 0 0 0 0 0 0 0 0 0 0 20 18 20 9 14 15
 5.105000E+02 6 0 0 0 0 0 0 0 0 0 0 0 17 20 19 17 17 20
 5.110000E+02 6 0 0 0 0 0 0 0 0 0 0 0 16 18 18 16 24 16
 5.115000E+02 8 0 0 0 0 0 0 0 0 0 0 0 19 11 11 22 22 17
 5.120000E+02 7 0 0 0 0 0 0 0 0 0 0 0 27 13 12 15 23 16
 5.125000E+02 8 0 0 0 0 0 0 0 0 0 0 0 17 13 13 18 24 14
 5.130000E+02 6 0 0 0 0 0 0 0 0 0 0 0 25 15 10 17 19 22
 5.135000E+02 9 0 0 0 0 0 0 0 0 1 0 0 17 16 16 20 13 18
 5.140000E+02 10 0 0 0 0 0 0 0 0 1 0 0 24 15 15 13 14 18
 5.145000E+02 5 0 0 0 0 0 0 0 0 0 0 0 20 16 16 13 14 17
 5.150000E+02 8 0 0 0 0 0 0 0 0 1 0 0 20 19 20 6 14 15
 5.155000E+02 15 0 0 0 0 0 0 0 0 2 0 0 19 17 17 13 15 17
 5.160000E+02 5 0 0 0 0 0 0 0 0 1 0 0 17 22 9 14 17 22
 5.165000E+02 14 0 0 0 0 0 0 0 0 1 0 0 21 19 13 20 15 23
 5.170000E+02 10 0 0 0 0 0 0 0 0 1 0 0 17 18 12 20 17 14
 5.175000E+02 4 0 0 0 0 0 0 0 0 1 0 0 13 24 17 15 18 16
 5.180000E+02 9 0 0 0 0 0 0 0 0 0 0 0 15 15 16 13 18 16
 5.185000E+02 4 0 0 0 0 0 0 0 0 0 0 0 24 13 19 10 19 18
 5.190000E+02 6 0 0 0 0 0 0 0 0 0 0 0 18 24 23 8 14 17
 5.195000E+02 10 0 0 0 0 0 0 0 0 0 0 0 18 22 18 10 17 27
 5.200000E+02 7 0 0 0 0 0 0 0 0 1 0 0 12 18 14 14 12 25
 5.205000E+02 5 0 0 0 0 0 0 0 0 0 0 0 15 20 12 16 14 24
 5.210000E+02 15 0 0 0 0 0 0 0 0 0 0 0 12 18 11 16 17 19
 5.215000E+02 7 0 0 0 0 0 0 0 0 0 0 0 18 22 12 14 16 14
 5.220000E+02 9 0 0 0 0 0 0 0 0 0 0 0 20 20 9 19 12 18
 5.225000E+02 9 0 0 0 0 0 0 0 0 0 0 0 15 18 12 17 16 19
 5.230000E+02 8 0 0 0 0 0 0 0 0 0 0 0 20 20 20 17 14 13
 5.235000E+02 8 0 0 0 0 0 0 0 0 0 0 0 19 26 17 11 21 14
 5.240000E+02 15 0 0 0 0 0 0 0 0 0 0 0 16 27 16 13 15 10
 5.245000E+02 6 0 0 0 0 0 0 0 0 0 0 0 15 25 14 16 18 16
 5.250000E+02 12 0 0 0 0 0 0 0 0 0 0 0 16 21 13 15 13 16
 5.255000E+02 5 0 0 0 0 0 0 0 0 0 0 0 18 20 15 16 21 16
 5.260000E+02 6 0 0 0 0 0 0 0 0 0 0 0 19 24 17 18 17 13
 5.265000E+02 7 0 0 0 0 0 0 0 0 1 0 0 13 22 14 20 17 18
 5.270000E+02 7 0 0 0 0 0 0 0 0 0 0 0 14 15 12 17 18 20
 5.275000E+02 8 0 0 0 0 0 0 0 0 0 0 0 16 17 15 16 14 17
 5.280000E+02 4 0 0 0 0 0 0 0 0 0 0 0 13 15 14 22 11 15
 5.285000E+02 8 0 0 0 0 0 0 0 0 0 0 0 19 12 17 22 13 17
 5.290000E+02 8 0 0 0 0 0 0 0 0 0 0 0 17 15 19 21 12 22
 5.295000E+02 10 0 0 0 0 0 0 0 0 0 0 0 19 10 21 14 11 19
 5.300000E+02 13 0 0 0 0 0 0 0 0 0 0 0 19 12 28 18 11 20
 5.305000E+02 8 0 0 0 0 0 0 1 0 1 0 0 24 10 20 15 16 22
 5.310000E+02 10 0 0 0 0 0 0 0 0 1 0 0 18 16 23 20 18 16
 5.315000E+02 8 0 0 0 0 0 0 1 0 0 0 0 14 15 20 15 21 21
 5.320000E+02 11 0 0 0 0 0 0 0 0 1 0 0 19 12 16 18 19 24
 5.325000E+02 12 0 0 0 0 0 0 0 0 1 0 0 15 19 22 13 21 19
 5.330000E+02 6 0 0 0 0 0 0 0 0 0 0 0 16 8 13 19 24 22
 5.335000E+02 12 0 0 0 0 0 0 0 0 0 0 0 16 11 11 20 17 23
 5.340000E+02 7 0 0 0 0 0 0 0 0 0 0 0 15 15 14 15 25 22
 5.345000E+02 8 0 0 0 0 0 0 0 0 0 0 0 15 22 13 16 16 20
 5.350000E+02 7 0 0 0 0 0 0 0 0 0 0 0 15 20 12 13 12 18
 5.355000E+02 14 0 0 0 0 0 0 0 0 0 0 0 15 23 10 20 15 18
 5.360000E+02 9 0 0 0 0 0 0 0 0 0 0 0 12 17 10 14 20 14
 5.365000E+02 5 0 0 0 0 0 0 0 0 0 0 0 13 24 15 14 16 17
 5.370000E+02 8 0 0 0 0 0 0 0 0 0 0 0 10 29 14 16 19 19
 5.375000E+02 16 0 0 0 0 0 0 0 0 0 0 0 13 23 21 13 18 15
 5.380000E+02 4 0 0 0 0 0 0 0 0 0 0 0 11 26 19 14 17 12
 5.385000E+02 8 0 0 0 0 0 0 0 0 0 0 0 16 15 23 18 21 15
 5.390000E+02 10 0 0 0 0 0 0 0 0 1 0 0 20 12 22 18 17 18
 5.395000E+02 7 0 0 0 0 0 0 0 0 1 0 0 18 13 26 18 19 15
 5.400000E+02 6 0 0 0 0 0 0 0 0 1 0 0 13 8 25 16 17 12
 5.405000E+02 4 0 0 0 0 0 0 0 0 0 0 0 15 11 17 18 21 15
 5.410000E+02 13 0 0 0 0 0 0 0 0 0 0 0 19 15 16 14 16 14
 5.415000E+02 7 0 0 0 0 0 0 0 0 0 0 0 13 19 20 18 18 14
 5.420000E+02 10 0 0 0 0 0 0 0 0 0 0 0 14 19 20 16 18 18
 5.425000E+02 15 0 0 0 0 0 0 0 0 0 0 0 21 17 21 16 18 16
 5.430000E+02 11 0 0 0 0 0 0 0 0 0 0 0 20 24 20 15 12 13
 5.435000E+02 14 0 0 0 0 0 0 0 0 0 0 0 21 19 25 19 12 18
 5.440000E+02 6 0 0 0 0 0 0 0 0 0 0 0 26 15 16 18 14 16
 5.445000E+02 11 0 0 0 0 0 0 0 0 1 0 0 21 17 11 22 14 15
 5.450000E+02 5 0 0 0 0 0 0 0 0 0 0 0 20 17 12 15 14 22
 5.455000E+02 6 0 0 0 0 0 0 2 0 0 0 0 27 23 20 13 18 16
 5.460000E+02 6 0 0 0 0 0 0 0 0 1 0 0 19 20 22 15 16 22
 5.465000E+02 13 0 0 0 0 0 0 0 0 1 0 0 15 18 17 16 15 16
 5.470000E+02 7 0 0 1 0 0 0 0 0 0 0 0 21 18 12 18 20 14
 5.475000E+02 6 0 0 0 0 0 0 1 0 0 0 0 22 14 18 14 19 19
 5.480000E+02 12 0 0 0 0 0 0 0 0 0 0 0 20 16 17 13 13 17
 5.485000E+02 11 0 0 0 0 0 0 0 0 0 0 0 17 18 15 17 18 16
 5.490000E+02 8 0 0 0 0 0 0 0 0 0 0 0 16 23 14 17 16 18
 5.495000E+02 11 0 0 0 0 0 0 0 0 0 0 0 16 28 13 21 13 17
 5.500000E+02 8 0 0 1 0 0 0 0 0 1 0 0 22 25 8 17 16 14
 5.505000E+02 12 0 0 0 0 0 0 0 0 1 0 0 18 24 7 18 21 14
 5.510000E+02 4 0 0 0 0 0 0 0 0 1 0 0 15 24 11 21 20 17
 5.515000E+02 9 0 0 0 0 0 0 0 0 1 0 0 12 23 16 23 14 23
 5.520000E+02 7 0 0 0 0 0 0 0 0 0 0 0 14 21 16 32 20 15
 5.525000E+02 12 0 0 0 0 0 0 0 0 0 0 0 12 21 19 24 18 15
 5.530000E+02 11 0 0 1 0 0 0 0 0 0 0 0 15 16 16 25 22 13
 5.535000E+02 8 0 0 0 0 0 0 1 0 0 0 0 12 20 20 25 19 15
 5.540000E+02 11 0 0 0 0 0 0 0 0 0 0 0 13 22 16 20 22 16
 5.545000E+02 6 0 0 0 0 0 0 0 0 0 0 0 10 11 21 17 26 17
 5.550000E+02 7 0 0 0 0 0 0 0 0 0 0 0 17 17 15 16 26 14
 5.555000E+02 14 0 0 0 0 0 0 0 0 0 0 0 19 16 20 15 23 17
 5.560000E+02 14 0 0 0 0 0 0 0 0 0 0 0 12 16 16 13 30 22
 5.565000E+02 10 0 0 0 0 0 0 0 0 0 0 0 13 25 18 16 18 17
 5.570000E+02 12 0 0 0 0 0 0 0 0 0 0 0 13 19 18 20 20 17
 5.575000E+02 14 0 0 0 0 0 0 0 0 0 0 0 10 13 20 21 21 21
 5.580000E+02 6 0 0 0 0 0 0 0 0 0 0 0 15 19 22 20 13 16
 5.585000E+02 12 0 0 0 0 0 0 0 0 0 0 0 19 15 23 21 14 18
 5.590000E+02 10 0 0 0 0 0 0 0 0 0 0 0 21 18 18 23 12 16
 5.595000E+02 8 0 0 0 0 0 0 0 0 0 0 0 22 18 20 15 15 16
 5.600000E+02 10 0 0 0 0 0 0 0 0 0 0 0 16 28 20 14 17 11
 5.605000E+02 5 0 0 0 0 0 0 0 0 0 0 0 20 22 18 15 15 15
 5.610000E+02 11 0 0 0 0 0 0 0 0 0 0 0 16 17 13 16 15 19
 5.615000E+02 11 0 0 0 0 0 0 0 0 0 0 0 20 15 16 19 19 21
 5.620000E+02 11 0 0 0 0 0 0 0 0 0 0 0 19 12 16 23 20 21
 5.625000E+02 7 0 0 0 0 0 0 0 0 1 0 0 14 12 19 21 13 17
 5.630000E+02 12 0 0 0 0 0 0 0 0 0 0 0 16 11 24 19 18 21
 5.635000E+02 16 0 0 0 0 0 0 1 0 1 0 0 15 11 30 19 15 19
 5.640000E+02 7 0 0 0 0 0 0 0 0 1 0 0 18 17 24 16 14 19
 5.645000E+02 13 0 0 0 0 0 0 0 0 0 0 0 27 20 14 18 16 17
 5.650000E+02 8 0 0 0 0 0 0 0 0 0 0 0 16 17 12 17 17 21
 5.655000E+02 12 0 0 0 0 0 0 1 0 0 0 0 19 17 17 18 11 23
 5.660000E+02 14 0 0 0 0 0 0 0 0 1 0 0 16 16 11 22 17 20
 5.665000E+02 11 0 0 0 0 0 0 1 0 0 0 0 14 13 16 15 16 23
 5.670000E+02 9 0 0 0 0 0 0 0 0 1 0 0 15 18 16 16 19 19
 5.675000E+02 6 0 0 0 0 0 0 0 0 0 0 0 17 18 22 14 18 19
 5.680000E+02 7 0 0 0 0 0 0 0 0 0 0 0 19 15 21 17 22 16
 5.685000E+02 9 0 0 0 0 0 0 0 0 0 0 0 12 18 23 14 19 16
 5.690000E+02 3 0 0 0 0 0 0 0 0 0 0 0 10 26 20 14 18 19
 5.695000E+02 14 0 0 1 0 0 0 0 0 0 0 0 18 15 24 9 23 16
 5.700000E+02 12 0 0 0 0 0 0 0 0 1 0 0 13 20 24 14 18 17
 5.705000E+02 9 0 0 0 0 0 0 0 0 0 0 0 17 15 21 18 18 17
 5.710000E+02 10 0 0 0 0 0 0 0 0 0 0 0 22 22 18 16 20 15
 5.715000E+02 11 0 0 0 0 0 0 0 0 0 0 0 18 20 14 20 20 13
 5.720000E+02 9 0 0 0 0 0 0 0 0 0 0 0 16 19 13 17 14 19
 5.725000E+02 9 0 0 0 0 0 0 1 0 0 0 0 16 16 18 20 18 16
 5.730000E+02 4 0 0 1 0 0 0 0 0 0 0 0 26 12 23 15 20 14
 5.735000E+02 14 0 0 1 0 0 0 0 0 0 0 0 24 17 18 11 20 18
 5.740000E+02 8 0 0 0 0 0 0 0 0 1 0 0 18 16 18 19 20 18
 5.745000E+02 5 0 0 0 0 0 0 0 0 2 0 0 19 14 19 19 20 17
 5.750000E+02 8 0 0 0 0 0 0 1 0 0 0 0 19 11 12 25 20 24
 5.755000E+02 4 0 0 0 0 0 0 0 0 0 0 0 19 13 18 22 14 21
 5.760000E+02 13 0 0 0 0 0 0 0 0 0 0 0 23 11 17 23 18 16
 5.765000E+02 10 0 0 0 0 0 0 0 0 0 0 0 19 9 18 22 21 13
 5.770000E+02 10 0 0 0 0 0 0 0 0 0 0 0 10 19 20 23 21 18
 5.775000E+02 9 0 0 0 0 0 0 0 0 0 0 0 20 21 12 19 24 18
 5.780000E+02 3 0 0 0 0 0 0 0 0 0 0 0 19 26 12 16 25 14
 5.785000E+02 9 0 0 0 0 0 0 0 0 0 0 0 15 25 15 14 28 21
 5.790000E+02 5 0 0 0 0 0 0 0 0 0 0 0 16 14 12 21 24 19
 5.795000E+02 9 0 0 0 0 0 0 1 0 0 0 0 14 15 15 17 22 21
 5.800000E+02 10 0 0 0 0 0 0 0 0 1 0 0 12 15 17 18 27 11
 5.805000E+02 8 0 0 0 0 0 0 0 0 1 0 0 13 17 14 23 24 10
 5.810000E+02 10 0 0 0 0 0 0 0 0 1 0 0 17 18 17 27 11 18
 5.815000E+02 11 0 0 0 0 0 0 0 0 1 0 0 20 16 13 16 10 13
 5.820000E+02 7 0 0 0 0 0 0 0 0 0 0 0 22 15 19 17 22 15
 5.825000E+02 9 0 0 0 0 0 0 0 0 0 0 0 18 13 17 21 30 17
 5.830000E+02 3 0 0 0 0 0 0 0 0 0 0 0 15 13 14 21 22 28
 5.835000E+02 5 0 0 0 0 0 0 0 0 0 0 0 16 16 17 14 23 24
 5.840000E+02 8 0 0 0 0 0 0 0 0 1 0 0 18 19 11 10 23 14
 5.845000E+02 12 0 0 0 0 0 0 0 0 0 0 0 25 23 18 16 19 12
 5.850000E+02 12 0 0 0 0 0 0 0 0 0 0 0 22 17 19 9 21 17
 5.855000E+02 8 0 0 0 0 0 0 0 0 0 0 0 24 17 18 15 17 13
 5.860000E+02 8 0 0 0 0 0 0 0 0 0 0 0 20 13 17 22 17 15
 5.865000E+02 5 0 0 0 0 0 0 0 0 0 0 0 24 19 16 19 18 14
 5.870000E+02 4 0 0 0 0 0 0 0 0 0 0 0 23 11 25 18 13 18
 5.875000E+02 5 0 0 0 0 0 0 0 0 0 0 0 12 18 13 17 15 20
 5.880000E+02 12 0 0 0 0 0 0 0 0 0 0 0 16 21 16 21 10 17
 5.885000E+02 14 0 0 0 0 0 0 0 0 0 0 0 23 13 13 21 24 15
 5.890000E+02 8 0 0 0 0 0 0 0 0 0 0 0 18 16 15 16 11 18
 5.895000E+02 6 0 0 0 0 0 0 0 0 0 0 0 24 18 19 11 11 16
 5.900000E+02 14 0 0 0 0 0 0 0 0 0 0 0 17 10 16 14 18 20
 5.905000E+02 1 0 0 0 0 0 0 1 0 0 0 0 19 11 20 21 18 19
 5.910000E+02 9 0 0 0 0 0 0 0 0 1 0 0 20 13 23 16 15 15
 5.915000E+02 14 0 0 0 0 0 0 1 0 0 0 0 13 13 23 16 15 23
 5.920000E+02 7 0 0 1 0 0 0 0 0 0 0 0 14 15 14 20 16 14
 5.925000E+02 7 0 0 0 0 0 0 0 0 1 0 0 21 23 13 17 22 8
 5.930000E+02 3 0 0 0 0 0 0 1 0 0 0 0 22 30 11 13 16 11
 5.935000E+02 9 1 0 0 0 0 0 0 0 0 0 0 27 23 13 19 10 15
 5.940000E+02 10 0 0 0 0 0 0 0 0 0 0 0 19 14 20 21 13 18
 5.945000E+02 8 0 0 0 0 0 0 0 0 0 0 0 16 14 20 20 14 25
 5.950000E+02 8 0 0 0 0 0 0 0 0 0 0 0 11 13 24 15 20 21
 5.955000E+02 10 0 0 0 0 0 0 0 0 0 0 0 14 14 20 19 13 19
 5.960000E+02 11 0 0 0 0 0 0 0 0 0 0 0 16 17 23 15 14 18
 5.965000E+02 10 0 0 0 0 0 0 0 0 0 0 0 10 15 21 16 15 15
 5.970000E+02 8 0 0 0 0 0 0 0 0 0 0 0 17 12 17 15 16 15
 5.975000E+02 10 0 0 0 0 0 0 0 0 0 0 0 19 15 13 16 14 19
 5.980000E+02 9 0 0 0 0 0 0 0 0 0 0 0 17 15 11 18 16 16
 5.985000E+02 9 0 0 0 0 0 0 0 0 0 0 0 18 19 14 18 12 16
 5.990000E+02 8 0 0 0 0 0 0 0 0 0 0 0 20 9 16 14 10 25
 5.995000E+02 12 0 0 0 0 0 0 0 0 1 0 0 14 11 13 13 15 25
 6.000000E+02 7 0 0 0 0 0 0 0 0 1 0 0 21 13 13 18 14 21
 6.005000E+02 9 0 0 0 0 0 0 0 0 0 0 0 22 14 17 14 17 17
 6.010000E+02 11 0 0 0 0 0 0 0 0 0 0 0 25 15 21 16 19 16
 6.015000E+02 11 0 0 0 0 0 0 0 0 0 0 0 19 17 22 13 17 14
 6.020000E+02 14 0 0 0 0 0 0 0 0 0 0 0 18 16 23 15 14 12
 6.025000E+02 10 0 0 0 0 0 0 0 0 0 0 0 19 22 24 7 14 18
 6.030000E+02 7 0 0 0 0 0 0 0 0 0 0 0 15 21 18 9 15 14
 6.035000E+02 9 0 0 0 0 0 0 0 0 0 0 0 12 26 15 10 18 17
 6.040000E+02 11 0 0 0 0 0 0 0 0 0 0 0 13 23 11 14 11 16
 6.045000E+02 7 0 0 0 0 0 0 0 0 0 0 0 11 16 16 8 14 17
 6.050000E+02 9 0 0 0 0 0 0 0 0 1 0 0 15 15 9 16 11 18
 6.055000E+02 11 0 0 0 0 0 0 0 0 1 0 0 13 14 16 14 12 18
 6.060000E+02 6 0 0 0 0 0 0 0 0 0 0 0 14 11 13 21 12 15
 6.065000E+02 6 0 0 0 0 0 0 0 0 0 0 0 14 13 19 21 15 14
 6.070000E+02 10 0 0 0 0 0 0 0 0 0 0 0 13 15 15 17 18 17
 6.075000E+02 7 0 0 0 0 0 0 1 0 1 0 0 14 20 14 10 13 17
 6.080000E+02 6 0 0 0 0 0 0 0 0 1 0 0 11 20 20 13 9 13
 6.085000E+02 7 0 0 0 0 0 0 0 0 1 0 0 12 13 22 17 14 13
 6.090000E+02 13 0 0 0 0 0 0 0 0 0 0 0 16 12 19 12 17 11
 6.095000E+02 3 0 0 0 0 0 0 0 0 0 0 0 21 18 14 14 17 19
 6.100000E+02 13 0 0 0 0 0 0 0 0 0 0 0 19 17 18 16 18 13
 6.105000E+02 9 0 0 0 0 0 0 0 0 0 0 0 13 15 26 19 16 8
 6.110000E+02 9 0 0 0 0 0 0 0 0 0 0 0 13 21 22 19 21 13
 6.115000E+02 6 0 0 0 0 0 0 0 0 0 0 0 14 16 13 19 16 18
 6.120000E+02 9 0 0 0 0 0 0 0 0 0 0 0 12 19 17 14 20 11
 6.125000E+02 7 0 0 0 0 0 0 0 0 0 0 0 18 17 14 14 12 13
 6.130000E+02 4 0 0 0 0 0 0 0 0 0 0 0 20 16 18 19 11 12
 6.135000E+02 14 0 0 0 0 0 0 0 0 0 0 0 19 20 13 15 13 3
 6.140000E+02 6 0 0 0 0 0 0 0 0 0 0 0 23 13 10 13 12 13
 6.145000E+02 4 0 0 0 0 0 0 0 0 0 0 0 22 8 8 18 18 14
 6.150000E+02 8 0 0 0 0 0 0 0 0 0 0 0 16 7 17 18 17 13
 6.155000E+02 10 0 0 0 0 0 0 0 0 0 0 0 17 13 11 15 20 18
 6.160000E+02 4 0 0 0 0 0 0 0 0 0 0 0 16 13 12 14 18 15
 6.165000E+02 9 0 0 0 0 0 0 0 0 0 0 0 15 12 21 17 14 12
 6.170000E+02 10 0 0 0 0 0 0 0 0 1 0 0 14 14 14 15 23 17
 6.175000E+02 7 0 0 0 0 0 0 0 0 1 0 0 12 13 18 21 24 17
 6.180000E+02 5 0 0 0 0 0 0 1 0 0 0 0 16 15 15 19 19 16
 6.185000E+02 9 0 0 0 0 0 0 1 0 0 0 0 15 21 11 14 18 15
 6.190000E+02 6 0 0 0 0 0 0 1 0 1 0 0 18 14 16 13 15 20
 6.195000E+02 6 0 0 0 0 0 0 0 0 2 0 0 17 9 19 17 13 15
 6.200000E+02 6 0 0 0 0 0 0 0 0 2 0 0 21 11 14 20 10 12
 6.205000E+02 7 0 0 0 0 0 0 0 0 2 0 0 19 16 17 18 13 18
 6.210000E+02 7 0 0 0 0 0 0 0 0 1 0 0 12 10 11 17 18 19
 6.215000E+02 9 0 0 0 0 0 0 0 0 0 0 0 20 9 16 20 12 12
 6.220000E+02 8 0 0 0 0 0 0 0 0 0 0 0 25 10 18 15 15 15
 6.225000E+02 7 0 0 0 0 0 0 0 0 0 0 0 24 15 19 16 13 16
 6.230000E+02 7 0 0 0 0 0 0 0 0 0 0 0 22 16 18 14 17 16
 6.235000E+02 7 0 0 0 0 0 0 0 0 0 0 0 17 12 15 23 20 18
 6.240000E+02 13 0 0 0 0 0 0 0 0 0 0 0 21 10 15 16 21 14
 6.245000E+02 9 0 0 0 0 0 0 0 0 0 0 0 23 13 13 14 15 18
 6.250000E+02 10 0 0 0 0 0 0 0 0 1 0 0 24 24 14 9 15 19
 6.255000E+02 7 0 0 0 0 0 0 0 0 0 0 0 13 24 18 7 13 18
 6.260000E+02 6 0 0 0 0 0 0 1 0 0 0 0 13 26 18 9 18 16
 6.265000E+02 7 0 0 0 0 0 0 0 0 0 0 0 13 24 10 13 18 17
 6.270000E+02 4 0 0 0 0 0 0 0 0 0 0 0 14 17 19 16 17 15
 6.275000E+02 5 0 0 0 0 0 0 0 0 0 0 0 14 16 19 16 19 17
 6.280000E+02 7 0 0 0 0 0 0 0 0 0 0 0 21 20 18 15 16 18
 6.285000E+02 7 0 0 0 0 0 0 0 0 0 0 0 20 17 19 13 15 23
 6.290000E+02 5 0 0 0 0 0 0 0 0 1 0 0 16 15 15 26 14 15
 6.295000E+02 14 0 0 0 0 0 0 0 0 1 0 0 18 15 16 21 13 20
 6.300000E+02 5 1 0 0 0 0 0 1 0 0 0 0 16 20 12 15 13 13
 6.305000E+02 5 0 0 0 0 0 0 0 0 1 0 0 15 26 19 16 21 17
 6.310000E+02 10 0 0 0 0 0 0 0 0 0 0 0 13 19 12 12 17 15
 6.315000E+02 8 0 0 0 0 0 0 0 0 0 0 0 12 18 18 18 13 18
 6.320000E+02 10 0 0 0 0 0 0 0 0 0 0 0 17 23 17 13 8 20
 6.325000E+02 10 0 0 0 0 0 0 0 0 0 0 0 19 16 21 12 10 18
 6.330000E+02 3 0 0 0 0 0 0 0 0 0 0 0 13 15 18 13 17 23
 6.335000E+02 10 0 0 0 0 0 0 0 0 0 0 0 12 23 21 16 15 18
 6.340000E+02 11 0 0 0 0 0 0 0 0 0 0 0 12 21 13 12 12 25
 6.345000E+02 17 0 0 0 0 0 0 0 0 0 0 0 10 16 15 18 17 23
 6.350000E+02 8 0 0 0 0 0 0 0 0 0 0 0 19 19 18 11 12 27
 6.355000E+02 7 0 0 0 0 0 0 0 0 0 0 0 18 18 16 14 16 13
 6.360000E+02 10 0 0 0 0 0 0 0 0 0 0 0 23 19 21 10 17 12
 6.365000E+02 15 0 0 0 0 0 0 0 0 0 0 0 11 14 24 13 19 13
 6.370000E+02 4 0 0 0 0 0 0 0 0 0 0 0 14 14 25 19 19 11
 6.375000E+02 2 0 0 0 0 0 0 0 0 0 0 0 18 10 18 17 21 8
 6.380000E+02 6 0 0 0 0 0 0 0 0 0 0 0 13 14 14 19 23 17
 6.385000E+02 11 0 0 0 0 0 0 0 0 0 0 0 18 21 15 19 16 15
 6.390000E+02 11 0 0 0 0 0 0 0 0 0 0 0 19 16 14 16 16 17
 6.395000E+02 11 0 0 0 0 0 0 0 0 0 0 0 19 18 14 14 18 17
 6.400000E+02 10 0 0 0 0 0 0 0 0 0 0 0 24 7 9 18 13 25
 6.405000E+02 8 0 0 0 0 0 0 0 0 0 0 0 28 15 18 15 18 19
 6.410000E+02 9 0 0 0 0 0 0 0 0 2 0 0 18 18 12 14 19 14
 6.415000E+02 11 0 0 0 0 0 0 0 0 2 0 0 12 18 17 18 18 13
 6.420000E+02 13 0 0 0 0 0 0 0 0 1 0 0 17 24 21 18 14 11
 6.425000E+02 6 0 0 0 0 0 0 0 0 0 0 0 16 20 15 17 18 16
 6.430000E+02 16 0 0 0 0 0 0 0 0 0 0 0 15 19 19 18 15 16
 6.435000E+02 10 0 0 0 0 0 0 0 0 0 0 0 17 16 19 20 14 20
 6.440000E+02 11 0 0 0 0 0 0 0 0 0 0 0 15 15 22 20 21 19
 6.445000E+02 9 0 0 0 0 0 0 0 0 0 0 0 23 15 17 17 15 20
 6.450000E+02 13 0 0 0 0 0 0 0 0 0 0 0 22 16 17 18 13 13
 6.455000E+02 8 0 0 0 0 0 0 0 0 0 0 0 21 14 15 19 20 14
 6.460000E+02 10 0 0 0 0 0 0 0 0 0 0 0 19 20 16 17 17 13
 6.465000E+02 13 0 0 0 0 0 0 0 0 1 0 0 14 22 18 21 16 22
 6.470000E+02 8 0 0 0 0 0 0 0 0 1 0 0 22 16 13 19 22 21
 6.475000E+02 11 0 0 0 0 0 0 0 0 0 0 0 13 16 16 15 19 22
 6.480000E+02 9 0 0 0 0 0 0 0 0 0 0 0 11 17 16 23 12 22
 6.485000E+02 9 0 0 0 0 0 0 0 0 0 0 0 18 18 17 23 13 20
 6.490000E+02 8 0 0 0 0 0 0 0 0 0 0 0 18 26 18 20 16 21
 6.495000E+02 9 0 0 0 0 0 0 0 0 0 0 0 17 25 16 19 16 23
 6.500000E+02 12 0 0 0 0 0 0 0 0 0 0 0 18 21 16 15 18 16
 6.505000E+02 9 0 0 0 0 0 0 0 0 0 0 0 22 24 12 17 20 19
 6.510000E+02 17 0 0 0 0 0 0 0 0 0 0 0 21 13 18 17 17 12
 6.515000E+02 8 0 0 0 0 0 0 0 0 0 0 0 26 17 19 16 17 17
 6.520000E+02 7 0 0 0 0 0 0 0 0 0 0 0 23 8 17 21 15 15
 6.525000E+02 7 0 0 0 0 0 0 0 0 0 0 0 18 12 17 19 24 16
 6.530000E+02 10 0 0 0 0 0 0 0 0 0 0 0 17 13 18 17 21 9
 6.535000E+02 9 0 0 0 0 0 0 0 0 0 0 0 16 10 26 16 19 14
 6.540000E+02 9 0 0 0 0 0 0 0 0 0 0 0 21 7 22 13 16 14
 6.545000E+02 11 0 0 0 0 0 0 0 0 1 0 0 16 8 20 26 13 17
 6.550000E+02 11 0 0 0 0 0 0 0 0 1 0 0 16 21 21 20 21 15
 6.555000E+02 11 0 0 0 0 0 0 0 0 1 0 0 14 14 21 24 17 9
 6.560000E+02 8 0 0 0 0 0 0 0 0 1 0 0 16 17 22 23 18 13
 6.565000E+02 14 0 0 0 0 0 0 0 0 0 0 0 18 13 12 18 16 15
 6.570000E+02 6 0 0 0 0 0 0 0 0 0 0 0 20 19 17 19 25 14
 6.575000E+02 2 0 0 0 0 0 0 0 0 0 0 0 18 14 20 13 22 13
 6.580000E+02 3 0 0 0 0 0 0 0 0 0 0 0 21 14 20 14 22 7
 6.585000E+02 9 0 0 0 0 0 0 0 0 0 0 0 15 14 17 19 22 11
 6.590000E+02 12 0 0 0 0 0 0 0 0 1 0 0 12 21 19 19 29 13
 6.595000E+02 10 0 0 0 0 0 0 0 0 1 0 0 15 18 11 15 20 21
 6.600000E+02 6 0 0 0 0 0 0 0 0 1 0 0 11 13 17 22 15 24
 6.605000E+02 11 0 0 0 0 0 0 0 0 2 0 0 14 13 17 14 18 19
 6.610000E+02 8 0 0 0 0 0 0 0 0 0 0 0 16 16 18 15 22 19
 6.615000E+02 13 0 0 0 0 0 0 0 0 0 0 0 10 16 21 18 21 11
 6.620000E+02 8 0 0 0 0 0 0 0 0 1 0 0 11 23 18 24 18 19
 6.625000E+02 10 0 0 0 0 0 0 0 0 1 0 0 14 20 15 19 16 19
 6.630000E+02 11 0 0 0 0 0 0 0 0 1 0 0 9 22 20 18 22 15
 6.635000E+02 9 0 0 1 0 0 0 0 0 0 0 0 19 22 8 16 20 20
 6.640000E+02 6 0 0 0 0 0 0 0 0 0 0 0 16 20 7 22 20 15
 6.645000E+02 7 0 0 0 0 0 0 0 0 0 0 0 11 21 16 18 14 24
 6.650000E+02 6 0 0 0 0 0 0 0 0 0 0 0 10 9 17 21 17 26
 6.655000E+02 11 0 0 0 0 0 0 0 0 0 0 0 14 14 19 18 18 15
 6.660000E+02 10 0 0 0 0 0 0 0 0 0 0 0 15 16 17 23 20 11
 6.665000E+02 8 0 0 0 0 0 0 0 0 0 0 0 9 15 18 25 22 15
 6.670000E+02 10 0 0 0 0 0 0 0 0 0 0 0 13 19 14 23 19 17
 6.675000E+02 13 0 0 0 0 0 0 0 0 0 0 0 14 14 14 24 22 13
 6.680000E+02 12 0 0 0 0 0 0 0 0 0 0 0 14 18 23 18 18 13
 6.685000E+02 13 0 0 0 0 0 0 0 0 0 0 0 14 20 18 16 16 13
 6.690000E+02 11 0 0 0 0 0 0 0 0 0 0 0 11 21 15 21 19 13
 6.695000E+02 7 0 0 0 0 0 0 0 0 0 0 0 11 23 17 14 15 19
 6.700000E+02 12 0 0 0 0 0 0 0 0 0 0 0 13 18 15 17 17 18
 6.705000E+02 8 0 0 0 0 0 0 0 0 0 0 0 18 17 13 23 10 16
 6.710000E+02 14 0 0 0 0 0 0 0 0 0 0 0 19 9 10 24 16 17
 6.715000E+02 11 0 0 0 0 0 0 0 0 0 0 0 20 13 20 18 10 14
 6.720000E+02 10 0 0 0 0 0 0 0 0 0 0 0 14 12 20 25 13 19
 6.725000E+02 3 0 0 0 0 0 0 0 0 1 0 0 19 16 20 19 14 24
 6.730000E+02 11 0 0 0 0 0 0 0 0 0 0 0 11 19 16 18 12 24
 6.735000E+02 10 0 0 0 0 0 0 0 0 0 0 0 20 24 13 20 19 17
 6.740000E+02 20 0 0 0 0 0 0 0 0 0 0 0 17 19 15 26 15 15
 6.745000E+02 16 0 0 0 0 0 0 0 0 0 0 0 18 22 11 20 15 17
 6.750000E+02 7 0 0 0 0 0 0 0 0 0 0 0 16 14 18 12 19 18
 6.755000E+02 13 0 0 0 0 0 0 0 0 0 0 0 14 11 17 17 15 16
 6.760000E+02 9 0 0 0 0 0 0 0 0 0 0 0 21 9 21 12 19 14
 6.765000E+02 9 0 0 0 0 0 0 0 0 0 0 0 16 12 23 17 17 16
 6.770000E+02 12 0 0 0 0 0 0 0 0 0 0 0 23 14 15 25 15 16
 6.775000E+02 5 0 0 0 0 0 0 0 0 0 0 0 15 21 16 21 18 14
 6.780000E+02 9 0 0 0 0 0 0 0 0 1 0 0 20 16 16 14 21 11
 6.785000E+02 8 0 0 0 0 0 0 0 0 1 0 0 15 11 14 16 21 15
 6.790000E+02 5 0 0 0 0 1 0 0 0 0 0 0 16 15 18 24 20 13
 6.795000E+02 9 0 0 0 0 0 0 0 0 1 0 0 11 15 17 21 17 20
 6.800000E+02 6 0 0 0 0 0 0 0 0 0 0 0 10 15 18 14 13 22
 6.805000E+02 9 0 0 0 0 0 0 0 0 0 0 0 16 14 19 13 20 20
 6.810000E+02 9 0 0 0 0 0 0 0 0 0 0 0 17 16 20 14 20 19
 6.815000E+02 7 0 0 0 0 0 0 0 0 0 0 0 17 18 19 19 19 15
 6.820000E+02 8 0 0 0 0 0 0 0 0 0 0 0 15 19 20 20 17 7
 6.825000E+02 12 0 0 0 0 0 0 0 0 0 0 0 18 17 17 25 16 15
 6.830000E+02 8 0 0 0 0 0 0 0 0 0 0 0 18 7 17 20 20 21
 6.835000E+02 5 0 0 0 0 0 0 0 0 0 0 0 25 9 14 18 20 18
 6.840000E+02 4 0 0 0 0 0 0 0 0 0 0 0 19 7 12 24 21 17
 6.845000E+02 11 0 0 0 0 0 0 0 0 0 0 0 26 13 16 25 16 16
 6.850000E+02 9 0 0 0 0 0 0 0 0 0 0 0 20 15 18 19 17 18
 6.855000E+02 5 0 0 0 0 0 0 0 0 0 0 0 16 14 17 20 19 14
 6.860000E+02 7 0 0 0 0 0 0 0 0 0 0 0 12 8 20 22 16 18
 6.865000E+02 7 0 0 0 0 0 0 0 0 0 0 0 15 9 19 18 15 22
 6.870000E+02 10 0 0 0 0 0 0 0 0 0 0 0 17 10 24 13 17 16
 6.875000E+02 5 0 0 0 0 0 0 0 0 0 0 0 16 16 18 23 19 12
 6.880000E+02 9 0 0 0 0 0 0 0 0 0 0 0 17 13 12 23 16 15
 6.885000E+02 12 0 0 0 0 0 0 0 0 0 0 0 23 19 20 16 12 18
 6.890000E+02 6 0 0 0 0 0 0 0 0 1 0 0 19 22 21 18 13 13
 6.895000E+02 12 0 0 0 0 0 0 1 0 0 0 0 24 14 21 11 12 11
 6.900000E+02 9 0 0 0 0 0 0 0 0 1 0 0 20 16 20 12 14 17
 6.905000E+02 7 0 0 0 0 0 0 1 0 0 0 0 17 19 23 6 9 17
 6.910000E+02 4 0 0 0 0 0 0 0 0 1 0 0 21 14 25 9 15 15
 6.915000E+02 9 0 0 0 0 0 0 0 0 0 0 0 18 15 19 15 12 18
 6.920000E+02 9 0 0 0 0 0 0 0 0 0 0 0 21 19 24 16 15 19
 6.925000E+02 9 0 0 0 0 0 0 0 0 0 0 0 27 18 27 18 15 18
 6.930000E+02 10 0 0 0 0 0 0 0 0 0 0 0 20 21 23 13 13 15
 6.935000E+02 11 0 0 0 0 0 0 0 0 1 0 0 13 19 17 19 13 15
 6.940000E+02 12 0 0 0 0 0 0 0 0 0 0 0 9 24 16 22 12 19
 6.945000E+02 8 0 0 0 0 0 0 0 0 0 0 0 14 21 19 20 16 16
 6.950000E+02 4 0 0 0 0 0 0 0 0 1 0 0 14 17 17 23 15 19
 6.955000E+02 5 0 0 1 0 0 0 0 0 0 0 0 18 8 22 15 23 19
 6.960000E+02 10 0 0 0 0 0 0 1 0 1 0 0 17 17 20 14 25 12
 6.965000E+02 13 0 0 0 0 0 0 2 0 0 0 0 17 22 22 16 22 11
 6.970000E+02 8 0 0 0 0 0 0 0 0 1 0 0 14 28 21 17 23 10
 6.975000E+02 6 0 0 1 0 0 0 0 0 0 0 0 15 21 23 19 19 10
 6.980000E+02 8 0 0 1 0 0 0 0 0 0 0 0 19 25 25 18 15 11
 6.985000E+02 10 0 0 0 0 0 0 0 0 0 0 0 17 22 22 16 20 11
 6.990000E+02 12 0 0 0 0 0 0 0 0 0 0 0 13 17 20 17 15 17
 6.995000E+02 11 0 0 0 0 0 0 0 0 0 0 0 15 23 12 16 14 13
 7.000000E+02 12 0 0 0 0 0 0 0 0 0 0 0 11 26 12 24 19 18
