# time 'Ca' 'D34:75:137_PP2ACa' 'D34:75:137_PP2APCa' 'D34:75_PP2ACa' 'D34:75_PP2APCa' 'D75:137_PP2ACa' 'D75:137_PP2APCa' 'D75_PP2ACa' 'D75_PP2APCa' 'PP2ACa' 'PP2ACa_PKA' 'PP2APCa' 'PP2BinactiveCa2_1' 'PP2BinactiveCa2_2' 'PP2BinactiveCa2_3' 'PP2BinactiveCa2_4' 'PP2BinactiveCa2_5' 'PP2BinactiveCa2_6'
 0.000000E+00 0 0 0 0 0 0 0 0 0 0 0 0 0 0 0 0 0 0
 5.000000E-01 0 0 0 0 0 0 0 0 0 0 0 0 0 1 0 1 1 0
 1.000000E+00 3 0 0 0 0 0 0 0 0 0 0 0 0 2 0 1 1 0
 1.500000E+00 5 0 0 0 0 0 0 0 0 0 0 0 2 2 0 1 1 1
 2.000000E+00 0 0 0 0 0 0 0 0 0 0 0 0 2 3 0 3 1 2
 2.500000E+00 3 0 0 0 0 0 0 0 0 0 0 0 4 2 1 1 2 2
 3.000000E+00 2 0 0 0 0 0 0 0 0 0 0 0 5 1 2 2 2 2
 3.500000E+00 6 0 0 0 0 0 0 0 0 0 0 0 4 1 1 3 3 2
 4.000000E+00 0 0 0 0 0 0 0 0 0 0 0 0 5 4 3 4 2 2
 4.500000E+00 6 0 0 0 0 0 0 0 0 0 0 0 4 5 2 3 3 4
 5.000000E+00 3 0 0 0 0 0 0 0 0 0 0 0 4 7 4 6 2 3
 5.500000E+00 1 0 0 0 0 0 0 0 0 0 0 0 5 8 5 5 2 5
 6.000000E+00 6 0 0 0 0 0 0 0 0 0 0 0 5 7 3 1 2 7
 6.500000E+00 3 0 0 0 0 0 0 0 0 0 0 0 4 4 6 3 3 10
 7.000000E+00 4 0 0 0 0 0 0 0 0 1 0 0 4 8 3 3 7 6
 7.500000E+00 1 0 0 0 0 0 0 1 0 0 0 0 4 12 5 3 5 4
 8.000000E+00 6 0 0 0 0 0 0 0 0 0 0 0 4 10 4 2 6 7
 8.500000E+00 3 0 0 0 0 0 0 0 0 1 0 0 6 11 4 3 8 5
 9.000000E+00 3 0 0 0 0 0 0 0 0 1 0 0 6 9 6 6 8 4
 9.500000E+00 3 0 0 0 0 0 0 0 0 0 0 0 7 9 9 5 7 3
 1.000000E+01 4 0 0 0 0 0 0 0 0 0 0 0 8 3 8 6 9 6
 1.050000E+01 7 0 0 0 0 0 0 0 0 0 0 0 11 8 6 10 6 2
 1.100000E+01 5 0 0 0 0 0 0 0 0 1 0 0 8 10 11 8 3 6
 1.150000E+01 4 0 0 0 0 0 0 0 0 1 0 0 7 7 8 8 6 9
 1.200000E+01 3 0 0 0 0 0 0 0 0 0 0 0 7 10 9 9 8 11
 1.250000E+01 3 0 0 0 0 0 0 0 0 0 0 0 6 11 10 6 9 11
 1.300000E+01 7 0 0 0 0 0 0 0 0 0 0 0 6 13 8 7 6 11
 1.350000E+01 12 0 0 0 0 0 0 0 0 0 0 0 6 11 10 6 6 10
 1.400000E+01 1 0 0 0 0 0 0 0 0 0 0 0 4 11 10 8 8 12
 1.450000E+01 4 0 0 0 0 0 0 0 0 0 0 0 5 9 10 10 9 9
 1.500000E+01 7 0 0 0 0 0 0 0 0 0 0 0 7 8 10 11 9 7
 1.550000E+01 7 0 0 0 0 0 0 0 0 0 0 0 7 9 6 11 12 7
 1.600000E+01 8 0 0 0 0 0 0 0 0 0 0 0 6 8 6 12 14 8
 1.650000E+01 3 0 0 0 0 0 0 0 0 0 0 0 8 9 8 10 14 10
 1.700000E+01 4 0 0 0 0 0 0 0 0 0 0 0 7 11 6 8 14 6
 1.750000E+01 9 0 0 0 0 0 0 0 0 0 0 0 7 8 7 11 18 3
 1.800000E+01 5 0 0 0 0 0 0 0 0 0 0 0 6 11 8 13 15 5
 1.850000E+01 4 0 0 0 0 0 0 0 0 0 0 0 6 13 12 10 15 6
 1.900000E+01 11 0 0 0 0 0 0 0 0 0 0 0 10 9 14 8 13 8
 1.950000E+01 8 0 0 0 0 0 0 0 0 0 0 0 10 11 10 9 9 14
 2.000000E+01 6 0 0 0 0 0 0 0 0 0 0 0 10 6 12 10 11 13
 2.050000E+01 5 0 0 0 0 0 0 0 0 0 0 0 10 4 11 15 9 10
 2.100000E+01 5 0 0 0 0 0 0 0 0 0 0 0 13 8 12 12 11 9
 2.150000E+01 6 0 0 0 0 0 0 0 0 0 0 0 18 8 13 8 12 7
 2.200000E+01 3 0 0 0 0 0 0 0 0 0 0 0 14 10 13 12 12 6
 2.250000E+01 4 0 0 0 0 0 0 1 0 1 0 0 17 12 15 13 13 2
 2.300000E+01 6 0 0 0 0 0 0 0 0 1 0 0 15 15 10 14 10 10
 2.350000E+01 2 0 0 0 0 0 0 0 0 0 0 0 16 10 10 11 11 10
 2.400000E+01 7 0 0 0 0 0 0 0 0 0 0 0 18 9 10 15 13 8
 2.450000E+01 7 0 0 0 0 0 0 0 0 0 0 0 15 10 11 19 15 8
 2.500000E+01 7 0 0 0 0 0 0 0 0 1 0 0 13 13 10 11 12 8
 2.550000E+01 3 0 0 0 0 0 0 0 0 0 0 0 18 14 11 13 12 12
 2.600000E+01 10 0 0 0 0 0 0 0 0 0 0 0 11 15 13 11 15 14
 2.650000E+01 3 0 0 0 0 0 0 0 0 0 0 0 13 13 12 18 12 14
 2.700000E+01 8 0 0 0 0 0 0 1 0 0 0 0 10 15 11 19 12 9
 2.750000E+01 8 0 0 0 0 0 0 0 0 0 0 0 14 11 12 15 9 14
 2.800000E+01 9 0 0 0 0 0 0 0 0 1 0 0 11 14 21 17 9 8
 2.850000E+01 6 0 0 0 0 0 0 0 0 0 0 0 10 19 17 16 8 7
 2.900000E+01 5 0 0 0 0 0 0 0 0 0 0 0 15 13 17 19 9 10
 2.950000E+01 6 0 0 0 0 0 0 0 0 0 0 0 12 15 16 16 16 14
 3.000000E+01 6 0 0 0 0 0 0 0 0 0 0 0 13 18 15 12 11 17
 3.050000E+01 7 0 0 0 0 0 0 0 0 0 0 0 22 12 18 9 14 13
 3.100000E+01 4 0 0 0 0 0 0 0 0 0 0 0 22 15 22 10 12 6
 3.150000E+01 7 0 0 0 0 0 0 0 0 0 0 0 11 13 18 17 14 13
 3.200000E+01 7 0 0 0 0 0 0 0 0 0 0 0 13 13 16 20 15 10
 3.250000E+01 5 0 0 0 0 0 0 0 0 0 0 0 10 12 16 15 14 12
 3.300000E+01 7 0 0 0 0 0 0 0 0 0 0 0 15 7 17 15 13 17
 3.350000E+01 12 0 0 0 0 0 0 0 0 0 0 0 17 11 19 18 10 15
 3.400000E+01 4 0 0 0 0 0 0 0 0 1 0 0 12 13 17 19 13 16
 3.450000E+01 3 0 0 0 0 0 0 0 0 2 0 0 13 14 17 16 16 16
 3.500000E+01 8 0 0 0 0 0 0 1 0 1 0 0 11 16 13 14 16 14
 3.550000E+01 9 0 0 0 0 0 0 0 0 0 0 0 16 18 20 6 15 13
 3.600000E+01 7 0 0 0 0 0 0 0 0 0 0 0 11 18 21 12 19 8
 3.650000E+01 8 0 0 0 0 0 0 0 0 0 0 0 7 19 18 16 16 10
 3.700000E+01 3 0 0 0 0 0 0 0 0 0 0 0 12 18 14 16 19 17
 3.750000E+01 11 0 0 0 0 0 0 0 0 0 0 0 14 13 9 19 16 18
 3.800000E+01 5 0 0 0 0 0 0 0 0 0 0 0 17 15 12 19 16 15
 3.850000E+01 5 0 0 0 0 0 0 0 0 1 0 0 19 13 15 13 15 18
 3.900000E+01 6 0 0 0 0 0 0 0 0 0 0 0 14 12 15 15 16 12
 3.950000E+01 7 0 0 0 0 0 0 0 0 0 0 0 17 15 19 11 14 19
 4.000000E+01 6 0 0 0 0 0 0 0 0 0 0 0 15 16 20 18 13 19
 4.050000E+01 9 0 0 0 0 0 0 0 0 0 0 0 15 17 17 15 14 17
 4.100000E+01 9 0 0 0 0 0 0 0 0 0 0 0 14 11 19 16 13 20
 4.150000E+01 12 0 0 0 0 0 0 0 0 0 0 0 11 8 19 16 10 18
 4.200000E+01 9 0 0 0 0 0 0 0 0 0 0 0 11 16 19 19 12 19
 4.250000E+01 7 0 0 0 0 0 0 0 0 0 0 0 9 18 14 21 13 17
 4.300000E+01 6 0 0 0 0 0 0 0 0 0 0 0 16 19 18 15 17 17
 4.350000E+01 9 0 0 0 0 0 0 0 0 0 0 0 12 18 20 21 13 16
 4.400000E+01 7 0 0 0 0 0 0 0 0 0 0 0 15 16 17 22 10 14
 4.450000E+01 4 0 0 0 0 0 0 0 0 0 0 0 13 26 13 25 11 15
 4.500000E+01 13 0 0 0 0 0 0 0 0 0 0 0 18 22 14 18 11 12
 4.550000E+01 8 0 0 0 0 0 0 0 0 0 0 0 14 22 8 18 17 16
 4.600000E+01 10 0 0 0 0 0 0 0 0 0 0 0 17 15 9 12 14 18
 4.650000E+01 7 0 0 0 0 0 0 0 0 0 0 0 17 12 14 18 18 17
 4.700000E+01 6 0 0 0 0 0 0 0 0 0 0 0 12 21 17 15 25 10
 4.750000E+01 14 0 0 0 0 0 0 0 0 0 0 0 15 17 14 16 12 12
 4.800000E+01 9 0 0 0 0 0 0 0 0 0 0 0 19 18 24 19 12 12
 4.850000E+01 14 0 0 0 0 0 0 0 0 0 0 0 20 20 19 11 16 11
 4.900000E+01 10 0 0 0 0 0 0 0 0 0 0 0 20 17 20 13 15 16
 4.950000E+01 5 0 0 0 0 0 0 0 0 0 0 0 19 16 17 13 22 20
 5.000000E+01 3 0 0 0 0 0 0 0 0 0 0 0 17 10 17 18 16 22
 5.050000E+01 8 0 0 0 0 0 0 0 0 0 0 0 28 10 20 14 14 21
 5.100000E+01 7 0 0 0 0 0 0 0 0 0 0 0 21 15 22 20 13 14
 5.150000E+01 5 0 0 0 0 0 0 0 0 0 0 0 22 8 15 20 23 15
 5.200000E+01 10 0 0 0 0 0 0 0 0 0 0 0 19 11 15 19 18 15
 5.250000E+01 9 0 0 0 0 0 0 0 0 0 0 0 21 13 14 20 20 20
 5.300000E+01 7 0 0 0 0 0 0 0 0 0 0 0 22 14 17 19 17 15
 5.350000E+01 12 0 0 0 0 0 0 0 0 0 0 0 15 14 16 19 16 14
 5.400000E+01 11 0 0 0 0 0 0 0 0 0 0 0 11 9 21 20 13 23
 5.450000E+01 4 0 0 0 0 0 0 0 0 0 0 0 13 10 19 15 19 19
 5.500000E+01 10 0 0 0 0 0 0 0 0 1 0 0 10 11 23 22 22 14
 5.550000E+01 8 0 0 0 0 0 0 0 0 1 0 0 14 14 18 17 13 23
 5.600000E+01 6 0 0 0 0 0 0 0 0 0 0 0 13 18 17 17 16 22
 5.650000E+01 12 0 0 0 0 0 0 0 0 0 0 0 14 15 20 14 23 21
 5.700000E+01 10 0 0 0 0 0 0 1 0 1 0 0 17 23 18 13 17 15
 5.750000E+01 12 0 0 0 0 0 0 0 0 2 0 0 12 17 19 14 21 10
 5.800000E+01 12 0 0 0 0 0 0 0 0 2 0 0 20 22 17 18 22 8
 5.850000E+01 7 0 0 0 0 0 0 0 0 1 0 0 21 21 20 12 17 3
 5.900000E+01 10 0 0 0 0 0 0 1 0 0 0 0 14 19 21 11 13 19
 5.950000E+01 6 0 0 0 0 0 0 1 0 0 0 0 16 14 19 17 8 24
 6.000000E+01 15 0 0 0 0 0 0 1 0 1 0 0 19 14 17 15 10 20
 6.050000E+01 7 0 0 0 0 0 0 1 0 1 0 0 14 12 21 19 17 18
 6.100000E+01 5 0 0 0 0 0 0 2 0 0 0 0 10 11 24 18 19 16
 6.150000E+01 12 0 0 0 0 0 0 0 0 1 0 0 14 17 18 15 15 16
 6.200000E+01 11 0 0 0 0 0 0 0 0 1 0 0 12 18 20 16 17 10
 6.250000E+01 8 0 0 0 0 0 0 0 0 0 0 0 16 15 17 17 14 17
 6.300000E+01 9 0 0 0 0 0 0 0 0 0 0 0 12 17 19 19 19 20
 6.350000E+01 6 0 0 0 0 0 0 0 0 0 0 0 20 12 24 14 24 14
 6.400000E+01 8 0 0 0 0 0 0 0 0 0 0 0 17 13 17 22 21 14
 6.450000E+01 15 0 0 0 0 0 0 0 0 0 0 0 19 17 19 22 18 13
 6.500000E+01 7 0 0 0 0 0 0 0 0 0 0 0 23 16 18 21 20 13
 6.550000E+01 14 0 0 0 0 0 0 0 0 0 0 0 25 17 16 19 20 14
 6.600000E+01 7 0 0 0 0 0 0 0 0 0 0 0 17 18 13 13 16 22
 6.650000E+01 5 0 0 0 0 0 0 0 0 0 0 0 20 13 15 16 14 20
 6.700000E+01 6 0 0 0 0 0 0 0 0 0 0 0 18 13 15 21 19 20
 6.750000E+01 5 0 0 0 0 0 0 0 0 0 0 0 24 18 11 17 15 20
 6.800000E+01 7 0 0 0 0 0 0 0 0 0 0 0 16 16 11 23 19 18
 6.850000E+01 11 0 0 0 0 0 0 0 0 0 0 0 19 19 16 24 16 15
 6.900000E+01 4 0 0 0 0 0 0 0 0 0 0 0 18 14 18 29 17 13
 6.950000E+01 10 0 0 0 0 0 0 0 0 0 0 0 18 13 12 16 17 17
 7.000000E+01 6 0 0 0 0 0 0 0 0 0 0 0 18 20 15 18 19 17
 7.050000E+01 8 0 0 0 0 0 0 0 0 0 0 0 13 14 17 15 21 23
 7.100000E+01 9 0 0 0 0 0 0 0 0 0 0 0 20 12 11 21 19 16
 7.150000E+01 9 0 0 0 0 0 0 0 0 0 0 0 18 20 13 19 13 17
 7.200000E+01 7 0 0 0 0 0 0 0 0 0 0 0 21 14 13 15 14 21
 7.250000E+01 13 0 0 0 0 0 0 0 0 0 0 0 17 12 22 17 19 18
 7.300000E+01 4 0 0 0 0 0 0 0 0 0 0 0 27 9 17 24 16 21
 7.350000E+01 10 0 0 0 0 0 0 0 0 0 0 0 21 7 15 20 11 18
 7.400000E+01 7 0 0 0 0 0 0 0 0 0 0 0 21 15 14 23 17 19
 7.450000E+01 7 0 0 0 0 0 0 0 0 0 0 0 25 19 18 23 13 19
 7.500000E+01 8 0 0 0 0 0 0 0 0 0 0 0 15 20 22 23 12 19
 7.550000E+01 9 0 0 0 0 0 0 0 0 0 0 0 16 16 20 20 19 19
 7.600000E+01 8 0 0 0 0 0 0 0 0 0 0 0 10 19 17 21 23 17
 7.650000E+01 13 0 0 0 0 0 0 0 0 0 0 0 17 18 20 17 19 17
 7.700000E+01 10 0 0 0 0 0 0 0 0 0 0 0 27 17 18 20 13 23
 7.750000E+01 4 0 0 0 0 0 0 0 0 0 0 0 17 17 21 19 13 22
 7.800000E+01 10 0 0 0 0 0 0 0 0 0 0 0 13 19 14 26 14 24
 7.850000E+01 9 0 0 0 0 0 0 0 0 0 0 0 16 23 12 29 14 24
 7.900000E+01 14 0 0 0 0 0 0 0 0 0 0 0 12 21 16 25 10 23
 7.950000E+01 12 0 0 0 0 0 0 0 0 0 0 0 16 19 20 18 16 19
 8.000000E+01 12 0 0 0 0 0 0 0 0 0 0 0 25 20 20 18 21 15
 8.050000E+01 7 0 0 0 0 0 0 0 0 1 0 0 20 18 18 17 16 14
 8.100000E+01 7 0 0 0 0 0 0 0 0 0 0 0 23 17 16 17 14 16
 8.150000E+01 9 0 0 0 0 0 0 0 0 0 0 0 19 25 15 19 17 18
 8.200000E+01 7 0 0 0 0 0 0 0 0 0 0 0 19 24 11 19 17 24
 8.250000E+01 9 0 0 0 0 0 0 0 0 0 0 0 24 15 11 17 12 25
 8.300000E+01 10 0 0 0 0 0 0 0 0 0 0 0 24 17 11 15 19 25
 8.350000E+01 11 0 0 0 0 0 0 0 0 0 0 0 17 22 14 15 11 29
 8.400000E+01 9 0 0 0 0 0 0 0 0 0 0 0 12 17 15 24 19 29
 8.450000E+01 8 0 0 0 0 0 0 0 0 0 0 0 19 17 19 21 16 18
 8.500000E+01 8 0 0 0 0 0 0 0 0 0 0 0 11 13 21 15 22 24
 8.550000E+01 13 0 0 0 0 0 0 0 0 0 0 0 21 11 19 22 15 14
 8.600000E+01 9 0 0 0 0 0 0 0 0 0 0 0 18 17 15 18 19 10
 8.650000E+01 9 0 0 0 0 0 0 0 0 0 0 0 18 20 16 15 25 14
 8.700000E+01 4 0 0 0 0 0 0 0 0 0 0 0 20 24 19 14 28 11
 8.750000E+01 14 0 0 0 0 0 0 0 0 0 0 0 12 24 14 13 25 21
 8.800000E+01 7 0 0 0 0 0 0 0 0 0 0 0 18 16 17 15 19 27
 8.850000E+01 6 0 0 0 0 0 0 0 0 0 0 0 18 18 12 20 17 22
 8.900000E+01 13 0 0 0 0 0 0 0 0 0 0 0 22 21 14 21 15 19
 8.950000E+01 11 0 0 0 0 0 0 0 0 1 0 0 23 17 13 17 22 16
 9.000000E+01 7 0 0 0 0 0 0 0 0 0 0 0 22 21 14 17 24 15
 9.050000E+01 10 0 0 0 0 0 0 0 0 0 0 0 15 19 18 20 18 22
 9.100000E+01 16 0 0 0 0 0 0 0 0 1 0 0 17 20 17 17 20 19
 9.150000E+01 9 0 0 0 0 0 0 1 0 0 0 0 15 14 17 18 24 19
 9.200000E+01 6 0 0 0 0 0 0 0 0 0 0 0 27 23 15 7 24 18
 9.250000E+01 7 0 0 0 0 0 0 0 0 0 0 0 15 19 13 18 19 19
 9.300000E+01 8 0 0 0 0 0 0 0 0 0 0 0 14 17 13 20 15 19
 9.350000E+01 10 0 0 0 0 0 0 0 0 0 0 0 17 19 18 21 12 21
 9.400000E+01 10 0 0 0 0 0 0 0 0 0 0 0 12 16 18 20 15 17
 9.450000E+01 10 0 0 0 0 0 0 0 0 0 0 0 15 15 14 21 15 18
 9.500000E+01 5 0 0 0 0 0 0 0 0 0 0 0 17 17 12 19 19 23
 9.550000E+01 9 0 0 0 0 0 0 0 0 0 0 0 24 14 21 16 17 20
 9.600000E+01 9 0 0 0 0 0 0 0 0 0 0 0 23 13 19 11 19 19
 9.650000E+01 4 0 0 0 0 0 0 0 0 0 0 0 22 14 19 9 19 16
 9.700000E+01 7 0 0 0 0 0 0 0 0 0 0 0 20 12 15 19 17 17
 9.750000E+01 10 0 0 0 0 0 0 0 0 0 0 0 20 10 18 19 16 15
 9.800000E+01 11 0 0 0 0 0 0 0 0 0 0 0 19 18 19 23 19 16
 9.850000E+01 10 0 0 0 0 0 0 0 0 0 0 0 22 14 17 28 11 14
 9.900000E+01 7 0 0 0 0 0 0 0 0 0 0 0 16 14 22 26 16 12
 9.950000E+01 7 0 0 0 0 0 0 0 0 1 0 0 17 23 19 22 13 13
 1.000000E+02 17 0 0 0 0 0 0 0 0 0 0 0 20 20 11 19 13 19
 1.005000E+02 17 0 0 0 0 0 0 0 0 1 0 0 13 21 20 15 21 15
 1.010000E+02 9 0 0 0 0 0 0 0 0 1 0 0 15 17 11 16 23 15
 1.015000E+02 14 0 0 0 0 0 0 0 0 1 0 0 22 9 19 17 22 15
 1.020000E+02 9 0 0 0 0 0 0 1 0 0 0 0 27 17 16 20 25 18
 1.025000E+02 15 0 0 0 0 0 0 0 0 1 0 0 17 25 14 16 14 19
 1.030000E+02 14 0 0 0 0 0 0 1 0 0 0 0 16 24 14 16 10 26
 1.035000E+02 7 0 0 0 0 0 0 0 0 1 0 0 19 20 18 22 11 21
 1.040000E+02 9 0 0 0 0 0 0 0 0 0 0 0 14 16 23 16 14 25
 1.045000E+02 7 0 0 0 0 0 0 0 0 0 0 0 17 19 19 18 19 27
 1.050000E+02 8 0 0 0 0 0 0 0 0 1 0 0 12 17 18 19 19 20
 1.055000E+02 9 0 0 0 0 0 0 0 0 1 0 0 23 16 11 20 19 12
 1.060000E+02 11 0 0 0 0 0 0 0 0 1 0 0 18 13 17 16 16 22
 1.065000E+02 7 0 0 0 0 0 0 0 0 2 0 0 20 20 20 18 13 22
 1.070000E+02 11 0 0 0 0 1 0 0 0 1 0 0 15 12 15 17 17 23
 1.075000E+02 14 0 0 0 0 0 0 1 0 1 0 0 15 13 20 12 16 18
 1.080000E+02 4 0 0 0 0 0 0 0 0 1 0 0 11 20 27 12 19 20
 1.085000E+02 5 0 0 0 0 0 0 0 0 1 0 0 21 16 22 13 19 18
 1.090000E+02 8 0 0 0 0 0 0 0 0 1 0 0 17 15 25 10 14 18
 1.095000E+02 6 0 0 0 0 0 0 0 0 0 0 0 16 19 18 11 22 24
 1.100000E+02 7 0 0 0 0 0 0 0 0 0 0 0 13 14 18 17 23 13
 1.105000E+02 4 0 0 0 0 0 0 0 0 1 0 0 14 23 18 13 24 16
 1.110000E+02 7 0 0 0 0 0 0 0 0 0 0 0 17 18 19 13 21 23
 1.115000E+02 9 0 0 0 0 0 0 0 0 0 0 0 28 20 11 11 22 16
 1.120000E+02 10 0 0 0 0 0 0 0 0 0 0 0 26 12 12 14 19 10
 1.125000E+02 10 0 0 0 0 0 0 0 0 0 0 0 23 15 11 16 18 18
 1.130000E+02 8 0 0 0 0 0 0 0 0 0 0 0 16 20 16 16 16 16
 1.135000E+02 7 0 0 0 0 0 0 0 0 0 0 0 14 21 16 19 22 18
 1.140000E+02 9 0 0 0 0 0 0 0 0 0 0 0 11 18 19 11 22 20
 1.145000E+02 8 0 0 0 0 0 0 0 0 0 0 0 17 22 20 15 14 24
 1.150000E+02 8 0 0 0 0 0 0 0 0 0 0 0 14 16 13 18 20 19
 1.155000E+02 8 0 0 0 0 0 0 0 0 0 0 0 19 19 19 21 20 16
 1.160000E+02 14 0 0 0 0 0 0 0 0 0 0 0 17 23 19 21 23 12
 1.165000E+02 18 0 0 0 0 0 0 0 0 0 0 0 21 23 9 17 18 20
 1.170000E+02 7 0 0 0 0 0 0 0 0 0 0 0 17 19 16 27 19 19
 1.175000E+02 9 0 0 0 0 0 0 0 0 0 0 0 19 12 12 21 21 22
 1.180000E+02 12 0 0 0 0 0 0 0 0 0 0 0 16 17 11 21 18 18
 1.185000E+02 12 0 0 0 0 0 0 0 0 0 0 0 20 15 13 20 16 14
 1.190000E+02 6 0 0 0 0 0 0 0 0 1 0 0 17 21 12 17 19 19
 1.195000E+02 8 0 0 0 0 0 0 0 0 1 0 0 20 22 19 18 21 15
 1.200000E+02 14 0 0 0 0 0 0 0 0 0 0 0 13 32 13 17 20 12
 1.205000E+02 12 0 0 0 0 0 0 0 0 0 0 0 14 22 17 18 24 18
 1.210000E+02 7 0 0 0 0 0 0 0 0 0 0 0 21 15 22 21 21 11
 1.215000E+02 11 0 0 0 0 0 0 0 0 0 0 0 17 15 19 18 22 15
 1.220000E+02 9 0 0 0 0 0 0 0 0 0 0 0 13 19 17 18 22 20
 1.225000E+02 8 0 0 0 0 0 0 0 0 0 0 0 10 24 22 16 16 12
 1.230000E+02 13 0 0 0 0 0 0 0 0 0 0 0 15 18 20 17 21 13
 1.235000E+02 10 0 0 0 0 0 0 0 0 0 0 0 23 15 18 16 16 16
 1.240000E+02 4 0 0 0 0 0 0 0 0 0 0 0 17 15 18 15 11 20
 1.245000E+02 11 0 0 0 0 0 0 0 0 0 0 0 20 16 17 19 20 18
 1.250000E+02 5 0 0 0 0 0 0 0 0 0 0 0 19 19 17 18 14 18
 1.255000E+02 14 0 0 0 0 0 0 0 0 0 0 0 18 19 21 14 16 20
 1.260000E+02 8 0 0 0 0 0 0 0 0 0 0 0 11 17 22 18 11 24
 1.265000E+02 4 0 0 0 0 0 0 0 0 0 0 0 11 23 22 15 21 15
 1.270000E+02 7 0 0 0 0 0 0 0 0 0 0 0 9 22 20 15 25 16
 1.275000E+02 11 0 0 0 0 0 0 0 0 0 0 0 14 17 19 19 22 23
 1.280000E+02 7 0 0 0 0 0 0 0 0 0 0 0 14 16 16 18 16 24
 1.285000E+02 8 0 0 0 0 0 0 0 0 0 0 0 16 18 16 12 14 30
 1.290000E+02 9 0 0 0 0 0 0 0 0 0 0 0 12 18 16 11 16 27
 1.295000E+02 6 0 0 0 0 0 0 0 0 0 0 0 10 22 22 14 16 19
 1.300000E+02 7 0 0 0 0 0 0 0 0 0 0 0 13 17 19 18 18 22
 1.305000E+02 2 0 0 0 0 0 0 0 0 0 0 0 12 25 18 15 18 21
 1.310000E+02 10 0 0 0 0 0 0 0 0 0 0 0 15 16 19 18 14 19
 1.315000E+02 9 0 0 0 0 0 0 0 0 0 0 0 8 19 14 25 18 19
 1.320000E+02 8 0 0 0 0 0 0 0 0 0 0 0 13 18 17 24 18 21
 1.325000E+02 10 0 0 0 0 0 0 0 0 0 0 0 14 20 17 15 18 22
 1.330000E+02 5 0 0 0 0 0 0 0 0 0 0 0 17 15 16 17 20 21
 1.335000E+02 10 0 0 0 0 0 0 0 0 0 0 0 16 19 17 16 13 26
 1.340000E+02 8 0 0 0 0 0 0 0 0 0 0 0 26 14 18 18 17 19
 1.345000E+02 7 0 0 0 0 0 0 1 0 0 0 0 18 18 15 16 24 16
 1.350000E+02 4 0 0 0 0 0 0 0 0 1 0 0 16 16 14 16 21 18
 1.355000E+02 9 0 0 0 0 0 0 1 0 0 0 0 17 13 22 17 23 12
 1.360000E+02 10 0 0 0 0 0 0 0 0 0 0 0 18 17 17 15 20 16
 1.365000E+02 7 0 0 0 0 0 0 0 0 0 0 0 13 13 19 17 18 16
 1.370000E+02 7 0 0 0 0 0 0 0 0 0 0 0 17 17 15 17 21 18
 1.375000E+02 10 0 0 0 0 0 0 0 0 0 0 0 20 12 16 19 22 19
 1.380000E+02 10 0 0 0 0 0 0 0 0 1 0 0 14 17 16 16 20 21
 1.385000E+02 8 0 0 0 0 0 0 0 0 0 0 0 18 16 17 21 16 20
 1.390000E+02 8 0 0 0 0 0 0 0 0 0 0 0 13 18 17 20 20 20
 1.395000E+02 9 0 0 0 0 0 0 1 0 0 0 0 13 20 13 20 21 24
 1.400000E+02 11 0 0 0 0 0 0 0 0 0 0 0 16 18 11 21 21 19
 1.405000E+02 2 0 0 0 0 0 0 0 0 0 0 0 23 20 16 18 18 20
 1.410000E+02 9 0 0 0 0 0 0 0 0 0 0 0 15 22 19 22 19 16
 1.415000E+02 4 0 0 0 0 0 0 0 0 0 0 0 15 20 13 24 18 13
 1.420000E+02 8 0 0 0 0 0 0 0 0 0 0 0 17 18 14 21 22 20
 1.425000E+02 17 0 0 0 0 0 0 0 0 0 0 0 14 16 14 13 26 18
 1.430000E+02 8 0 0 0 0 0 0 1 0 0 0 0 15 20 13 19 19 13
 1.435000E+02 6 0 0 0 0 0 0 0 0 1 0 0 17 17 11 28 8 17
 1.440000E+02 10 0 0 0 0 0 0 1 0 0 0 0 14 14 15 21 17 17
 1.445000E+02 10 0 0 0 0 0 0 0 0 1 0 0 21 14 14 15 16 19
 1.450000E+02 7 0 0 0 0 0 0 0 0 1 0 0 14 15 16 16 21 21
 1.455000E+02 11 0 0 0 0 0 0 1 0 0 0 0 7 21 19 13 19 17
 1.460000E+02 9 0 0 0 0 0 0 0 0 0 0 0 14 14 19 14 14 23
 1.465000E+02 5 0 0 0 0 0 0 0 0 0 0 0 24 9 23 14 10 24
 1.470000E+02 12 0 0 0 0 0 0 0 0 0 0 0 26 14 18 17 8 18
 1.475000E+02 5 0 0 0 0 0 0 0 0 0 0 0 24 20 17 16 11 16
 1.480000E+02 14 0 0 0 0 0 0 0 0 0 0 0 28 18 12 9 11 13
 1.485000E+02 8 0 0 0 0 0 0 0 0 0 0 0 22 16 18 16 14 19
 1.490000E+02 6 0 0 0 0 0 0 0 0 0 0 0 17 18 23 16 18 20
 1.495000E+02 10 0 0 0 0 0 0 0 0 0 0 0 15 14 17 21 23 22
 1.500000E+02 12 0 0 0 0 0 0 0 0 0 0 0 11 10 18 19 18 24
 1.505000E+02 6 0 0 0 0 0 0 0 0 0 0 0 14 11 23 20 18 17
 1.510000E+02 13 0 0 0 0 0 0 0 0 0 0 0 22 19 24 12 16 12
 1.515000E+02 15 0 0 0 0 0 0 0 0 0 0 0 16 19 23 16 17 20
 1.520000E+02 8 0 0 0 0 0 0 0 0 0 0 0 12 20 20 19 15 12
 1.525000E+02 7 0 0 0 0 0 0 0 0 0 0 0 16 23 17 13 20 11
 1.530000E+02 9 0 0 0 0 0 0 0 0 0 0 0 26 14 16 18 14 15
 1.535000E+02 6 0 0 0 0 0 0 0 0 0 0 0 18 20 12 18 20 12
 1.540000E+02 2 0 0 0 0 0 0 0 0 0 0 0 18 28 6 13 27 20
 1.545000E+02 7 0 0 0 0 0 0 0 0 0 0 0 15 23 10 15 21 22
 1.550000E+02 6 0 0 0 0 0 0 0 0 0 0 0 13 20 12 18 17 18
 1.555000E+02 9 0 0 0 0 0 0 0 0 0 0 0 16 18 16 18 20 22
 1.560000E+02 14 0 0 0 0 0 0 0 0 0 0 0 19 21 16 12 15 18
 1.565000E+02 12 0 0 0 0 0 0 0 0 0 0 0 18 18 13 10 13 25
 1.570000E+02 11 0 0 0 0 0 0 0 0 0 0 0 20 17 15 16 17 21
 1.575000E+02 5 0 0 0 0 0 0 1 0 2 0 0 20 18 15 12 11 19
 1.580000E+02 7 0 0 0 0 0 0 1 0 1 0 0 21 16 12 15 19 23
 1.585000E+02 9 0 0 0 0 0 0 0 0 0 0 0 21 13 18 20 23 13
 1.590000E+02 6 0 0 0 0 0 0 0 0 0 0 0 18 8 18 21 21 9
 1.595000E+02 5 0 0 0 0 0 0 0 0 0 0 0 21 7 19 18 22 14
 1.600000E+02 10 0 0 0 0 0 0 0 0 0 0 0 24 11 19 16 20 13
 1.605000E+02 6 0 0 0 0 0 0 0 0 0 0 0 16 15 16 13 20 19
 1.610000E+02 6 0 0 0 0 0 0 0 0 0 0 0 21 13 13 18 21 15
 1.615000E+02 6 0 0 0 0 0 0 0 0 0 0 0 19 11 19 18 26 16
 1.620000E+02 10 0 0 0 0 0 0 0 0 0 0 0 16 17 23 16 20 22
 1.625000E+02 7 0 0 0 0 0 0 0 0 0 0 0 15 15 19 17 19 17
 1.630000E+02 11 0 0 0 0 0 0 0 0 0 0 0 18 16 20 19 17 14
 1.635000E+02 8 0 0 0 0 0 0 0 0 1 0 0 18 16 19 20 17 17
 1.640000E+02 11 0 0 0 0 0 0 0 0 1 0 0 14 9 11 17 30 17
 1.645000E+02 13 0 0 0 0 0 0 0 0 0 0 0 20 19 16 16 15 21
 1.650000E+02 9 0 0 0 0 0 0 0 0 0 0 0 15 18 17 15 25 16
 1.655000E+02 11 0 0 0 0 0 0 0 0 0 0 0 19 11 20 16 24 19
 1.660000E+02 5 0 0 0 0 0 0 0 0 0 0 0 15 18 24 16 23 13
 1.665000E+02 8 0 0 0 0 0 0 0 0 0 0 0 20 20 22 18 17 19
 1.670000E+02 5 0 0 0 0 0 0 0 0 0 0 0 16 24 15 20 16 14
 1.675000E+02 9 0 0 0 0 0 0 0 0 0 0 0 18 19 22 21 18 14
 1.680000E+02 8 0 0 0 0 0 0 0 0 1 0 0 14 25 20 13 21 15
 1.685000E+02 4 0 0 0 0 0 0 0 0 1 0 0 11 23 23 18 20 15
 1.690000E+02 13 0 0 0 0 0 0 1 0 0 0 0 11 25 20 21 14 23
 1.695000E+02 5 0 0 0 0 0 0 0 0 1 0 0 9 25 13 17 12 22
 1.700000E+02 6 0 0 0 0 0 0 0 0 1 0 0 13 18 11 12 20 25
 1.705000E+02 8 0 0 0 0 0 0 0 0 0 0 0 18 14 22 12 18 25
 1.710000E+02 11 0 0 0 0 0 0 0 0 0 0 0 25 13 24 11 17 15
 1.715000E+02 11 0 0 0 0 0 0 0 0 0 0 0 20 18 20 15 19 15
 1.720000E+02 10 0 0 0 0 0 0 0 0 0 0 0 11 19 23 23 14 19
 1.725000E+02 11 0 0 0 0 0 0 0 0 0 0 0 12 16 25 19 10 16
 1.730000E+02 8 0 0 0 0 0 0 0 0 0 0 0 8 19 16 22 15 20
 1.735000E+02 6 0 0 0 0 0 0 0 0 0 0 0 7 21 18 16 21 12
 1.740000E+02 10 0 0 0 0 0 0 0 0 0 0 0 17 16 11 18 20 16
 1.745000E+02 12 0 0 0 0 0 0 0 0 0 0 0 20 23 16 14 15 15
 1.750000E+02 10 0 0 0 0 0 0 0 0 0 0 0 18 18 14 24 16 19
 1.755000E+02 5 0 0 0 0 0 0 0 0 0 0 0 21 11 18 21 18 22
 1.760000E+02 6 0 0 0 0 0 0 0 0 0 0 0 15 15 20 18 18 19
 1.765000E+02 2 0 0 0 0 0 0 0 0 0 0 0 9 16 18 17 18 21
 1.770000E+02 8 0 0 0 0 0 0 0 0 0 0 0 12 20 18 14 13 22
 1.775000E+02 5 0 0 0 0 0 0 0 0 1 0 0 13 12 23 16 18 16
 1.780000E+02 8 0 0 0 0 0 0 1 0 0 0 0 19 16 17 14 18 16
 1.785000E+02 6 0 0 0 0 0 0 1 0 0 0 0 20 17 22 16 16 15
 1.790000E+02 5 0 0 0 0 0 0 1 0 0 0 0 25 18 18 12 13 16
 1.795000E+02 11 0 0 0 0 0 0 0 0 0 0 0 25 23 18 16 12 11
 1.800000E+02 11 0 0 0 0 0 0 0 0 0 0 0 16 21 12 20 13 14
 1.805000E+02 9 0 0 0 0 0 0 0 0 0 0 0 11 14 18 22 17 15
 1.810000E+02 7 0 0 0 0 0 0 0 0 0 0 0 13 19 17 18 16 14
 1.815000E+02 11 0 0 0 0 0 0 0 0 0 0 0 23 21 17 12 15 8
 1.820000E+02 9 0 0 0 0 0 0 0 0 0 0 0 26 25 14 12 14 9
 1.825000E+02 12 0 0 0 0 0 0 0 0 0 0 0 19 22 18 16 22 12
 1.830000E+02 10 0 0 0 0 0 0 0 0 0 0 0 15 18 15 20 24 13
 1.835000E+02 13 0 0 0 0 0 0 0 0 0 0 0 19 19 14 24 14 13
 1.840000E+02 11 0 0 0 0 0 0 0 0 0 0 0 16 16 21 11 17 17
 1.845000E+02 10 0 0 0 0 0 0 0 0 0 0 0 21 20 12 13 10 17
 1.850000E+02 7 0 0 0 0 0 0 0 0 0 0 0 18 22 17 7 16 19
 1.855000E+02 3 0 0 0 0 0 0 0 0 0 0 0 12 19 19 18 13 23
 1.860000E+02 7 0 0 0 0 0 0 0 0 0 0 0 16 24 17 14 20 18
 1.865000E+02 9 0 0 0 0 0 0 0 0 1 0 0 21 22 15 11 16 17
 1.870000E+02 8 0 0 0 0 0 0 1 0 0 0 0 12 19 24 11 14 13
 1.875000E+02 12 0 0 0 0 0 0 0 0 1 0 0 20 21 20 16 14 14
 1.880000E+02 9 0 0 0 0 1 0 0 0 0 0 0 22 20 16 19 16 15
 1.885000E+02 9 0 0 0 0 0 0 0 0 0 0 0 17 19 24 20 18 12
 1.890000E+02 3 0 0 0 0 0 0 0 0 0 0 0 17 15 17 18 18 16
 1.895000E+02 8 0 0 0 0 0 0 0 0 0 0 0 15 13 19 19 13 21
 1.900000E+02 9 0 0 0 0 0 0 0 0 0 0 0 9 18 16 19 15 23
 1.905000E+02 8 0 0 0 0 0 0 0 0 0 0 0 11 17 9 24 13 24
 1.910000E+02 8 0 0 0 0 0 0 0 0 0 0 0 19 16 8 24 14 22
 1.915000E+02 4 0 0 0 0 0 0 0 0 0 0 0 13 12 16 24 17 22
 1.920000E+02 8 0 0 0 0 0 0 0 0 1 0 0 22 13 10 18 13 19
 1.925000E+02 8 0 0 0 0 0 0 0 0 1 0 0 21 15 14 24 17 21
 1.930000E+02 11 0 0 0 0 0 0 0 0 0 0 0 15 13 13 30 16 13
 1.935000E+02 6 0 0 0 0 0 0 0 0 0 0 0 16 16 10 24 20 19
 1.940000E+02 5 0 0 0 0 0 0 0 0 0 0 0 12 17 13 21 17 19
 1.945000E+02 2 0 0 0 0 0 0 0 0 0 0 0 15 13 17 16 17 22
 1.950000E+02 7 0 0 0 0 0 0 0 0 0 0 0 15 15 17 17 20 20
 1.955000E+02 12 0 0 0 0 0 0 0 0 0 0 0 10 12 14 17 23 17
 1.960000E+02 6 0 0 0 0 0 0 0 0 0 0 0 13 17 16 15 21 14
 1.965000E+02 8 0 0 0 0 0 0 0 0 0 0 0 12 20 20 12 17 15
 1.970000E+02 8 0 0 0 0 0 0 0 0 1 0 0 14 14 19 19 19 19
 1.975000E+02 5 0 0 0 0 0 0 0 0 1 0 0 19 14 19 16 16 17
 1.980000E+02 11 0 0 0 0 0 0 0 0 1 0 0 25 8 20 13 15 16
 1.985000E+02 7 0 0 0 0 0 0 0 0 1 0 0 16 16 20 15 16 16
 1.990000E+02 4 0 0 0 0 0 0 0 0 1 0 0 14 20 13 15 15 19
 1.995000E+02 7 0 0 0 0 0 0 0 0 1 0 0 20 18 16 18 12 9
 2.000000E+02 5 0 0 0 0 0 0 0 0 1 0 0 24 19 19 14 10 16
 2.005000E+02 5 0 0 0 0 0 0 0 0 1 0 0 14 16 22 13 20 18
 2.010000E+02 8 0 0 0 0 0 0 0 1 0 0 1 16 17 17 15 11 24
 2.015000E+02 10 0 0 0 0 0 0 0 0 0 1 0 17 11 12 15 15 18
 2.020000E+02 7 0 0 0 0 0 0 0 0 0 0 0 21 13 24 15 13 13
 2.025000E+02 9 0 0 0 0 0 0 0 0 0 0 0 21 14 14 14 12 12
 2.030000E+02 8 0 0 0 0 0 0 0 0 0 0 0 15 19 11 14 15 12
 2.035000E+02 9 0 0 0 0 0 0 0 0 0 0 0 13 19 11 21 13 11
 2.040000E+02 5 0 0 0 0 0 0 0 0 0 0 0 21 22 7 16 15 16
 2.045000E+02 11 0 0 0 0 0 0 0 0 0 0 0 18 16 6 10 14 21
 2.050000E+02 11 0 0 0 0 0 0 0 0 0 0 0 17 12 10 14 13 15
 2.055000E+02 3 0 0 0 0 0 0 0 0 0 0 0 13 16 17 15 13 18
 2.060000E+02 11 0 0 0 0 0 0 1 0 0 0 0 17 6 12 17 13 17
 2.065000E+02 8 0 0 0 0 0 0 1 0 0 0 0 18 10 10 14 14 18
 2.070000E+02 6 0 0 0 0 0 0 0 0 0 0 0 14 8 9 19 13 18
 2.075000E+02 8 0 0 0 0 0 0 0 0 0 0 0 15 7 13 22 14 17
 2.080000E+02 5 0 0 0 0 0 0 0 0 0 0 0 20 10 12 19 15 12
 2.085000E+02 10 0 0 0 0 0 0 0 0 0 0 0 16 15 13 12 19 15
 2.090000E+02 9 0 0 0 0 0 0 0 0 0 0 0 15 15 8 12 22 19
 2.095000E+02 7 0 0 0 0 0 0 0 0 0 0 0 18 17 15 14 17 11
 2.100000E+02 8 0 0 0 0 0 0 0 0 0 0 0 19 16 15 22 16 14
 2.105000E+02 10 0 0 0 0 0 0 0 0 0 0 0 18 9 20 16 17 12
 2.110000E+02 9 0 0 1 0 0 0 0 0 0 0 0 15 14 12 24 16 13
 2.115000E+02 6 0 0 0 0 0 0 0 0 0 0 1 15 14 11 21 13 19
 2.120000E+02 10 0 0 0 0 0 0 0 0 0 0 0 15 8 12 12 17 17
 2.125000E+02 6 0 0 0 0 0 0 0 0 0 0 0 16 7 13 19 16 11
 2.130000E+02 6 0 0 0 0 0 0 0 0 0 0 0 14 14 17 14 18 12
 2.135000E+02 7 0 0 0 0 0 0 0 0 0 0 0 14 11 20 12 17 19
 2.140000E+02 14 0 0 0 0 0 0 0 0 0 0 0 19 11 17 9 13 17
 2.145000E+02 8 0 0 0 0 0 0 0 0 0 0 0 10 18 21 15 14 19
 2.150000E+02 9 0 0 0 0 0 0 0 0 0 0 0 10 15 16 23 18 16
 2.155000E+02 9 0 0 0 0 0 0 0 0 0 0 0 17 18 14 14 18 13
 2.160000E+02 14 0 0 0 0 0 0 0 0 0 0 0 25 21 18 15 16 11
 2.165000E+02 11 0 0 0 0 0 0 0 0 0 0 0 13 26 13 16 15 13
 2.170000E+02 10 0 0 0 0 0 0 0 0 0 0 0 13 23 16 13 12 11
 2.175000E+02 10 0 0 0 0 0 0 0 0 0 0 0 16 16 17 11 10 9
 2.180000E+02 5 0 0 0 0 0 0 0 0 0 0 0 17 14 22 11 14 8
 2.185000E+02 8 0 0 0 0 0 0 0 0 0 0 0 17 17 17 14 21 11
 2.190000E+02 3 0 0 1 0 0 0 0 0 0 0 0 17 16 12 10 18 12
 2.195000E+02 11 0 0 0 0 0 0 0 0 1 0 0 19 21 14 12 17 17
 2.200000E+02 6 0 0 1 0 0 0 0 0 0 0 0 15 17 16 11 16 12
 2.205000E+02 2 0 0 0 0 0 0 0 0 1 0 0 16 17 14 13 18 13
 2.210000E+02 11 0 0 1 0 0 0 0 0 0 0 0 15 15 14 21 14 18
 2.215000E+02 11 0 0 0 0 0 0 0 0 1 0 0 15 16 24 16 15 9
 2.220000E+02 10 0 0 1 0 0 0 0 0 0 0 0 16 15 23 18 14 13
 2.225000E+02 8 0 0 0 0 0 0 0 0 1 0 0 8 11 24 22 16 10
 2.230000E+02 14 0 0 0 0 0 0 0 0 0 0 0 9 14 21 19 13 15
 2.235000E+02 8 0 0 0 0 0 0 0 0 0 0 0 16 21 21 20 17 13
 2.240000E+02 10 0 0 0 0 0 0 0 0 1 0 0 13 23 20 15 21 16
 2.245000E+02 11 0 0 0 0 0 0 0 0 0 0 0 17 20 15 21 15 13
 2.250000E+02 3 0 0 0 0 0 0 0 0 0 0 0 18 8 15 19 14 17
 2.255000E+02 8 0 0 0 0 0 0 0 0 0 0 0 17 17 18 10 16 13
 2.260000E+02 6 0 0 0 0 0 0 0 0 0 0 0 16 13 21 14 20 11
 2.265000E+02 6 0 0 0 0 0 0 0 0 0 0 0 12 16 18 19 19 16
 2.270000E+02 10 0 0 0 0 0 0 0 0 0 0 0 12 13 22 15 15 13
 2.275000E+02 4 0 0 0 0 0 0 0 0 0 0 0 18 15 22 19 22 12
 2.280000E+02 10 0 0 0 0 0 0 0 0 0 0 0 19 15 19 17 22 14
 2.285000E+02 16 0 0 0 0 0 0 0 0 1 0 0 17 17 10 9 21 8
 2.290000E+02 6 0 0 1 0 0 0 0 0 0 0 0 19 15 13 12 14 12
 2.295000E+02 8 0 0 0 0 0 0 0 0 0 0 0 17 17 10 15 16 14
 2.300000E+02 7 0 0 0 0 0 0 0 0 0 0 0 13 22 10 13 17 11
 2.305000E+02 6 0 0 0 0 0 0 0 0 0 0 0 12 14 11 18 11 14
 2.310000E+02 3 0 0 0 0 0 0 0 0 0 0 0 10 14 9 20 19 16
 2.315000E+02 11 0 0 0 0 0 0 0 0 0 0 0 16 14 12 22 12 17
 2.320000E+02 8 0 0 0 0 0 0 0 0 1 0 0 11 20 17 25 14 12
 2.325000E+02 9 0 0 0 0 0 0 0 0 1 0 0 19 19 11 22 14 6
 2.330000E+02 12 0 0 0 0 0 0 0 0 1 0 0 15 19 10 21 18 6
 2.335000E+02 8 0 0 0 0 0 0 0 0 1 0 0 17 13 12 17 17 10
 2.340000E+02 11 0 0 1 0 0 0 0 0 0 0 0 20 13 14 16 15 14
 2.345000E+02 9 0 0 0 0 0 0 0 0 0 0 0 11 11 12 12 16 16
 2.350000E+02 3 0 0 0 0 0 0 0 0 0 0 0 12 6 18 18 18 17
 2.355000E+02 9 0 0 0 0 0 0 0 0 0 0 0 16 12 16 13 19 15
 2.360000E+02 7 0 0 0 0 0 0 0 0 0 0 0 18 14 15 12 18 14
 2.365000E+02 10 0 0 0 0 0 0 0 0 0 0 0 18 14 15 14 18 17
 2.370000E+02 7 0 0 0 0 0 0 0 0 0 0 0 16 19 15 12 24 12
 2.375000E+02 8 0 0 0 0 0 0 0 0 0 0 0 20 17 19 10 19 10
 2.380000E+02 8 0 0 0 0 0 0 0 0 0 0 0 12 23 11 11 17 21
 2.385000E+02 7 0 0 0 0 0 0 0 0 0 0 0 15 17 12 17 12 17
 2.390000E+02 4 0 0 0 0 0 0 0 0 0 0 0 17 17 15 14 13 17
 2.395000E+02 2 0 0 0 0 0 0 0 0 0 0 0 18 15 15 15 15 16
 2.400000E+02 9 0 0 0 0 0 0 0 0 0 0 0 16 11 14 13 21 19
 2.405000E+02 13 0 0 0 0 0 0 0 0 0 0 0 17 14 18 14 20 17
 2.410000E+02 5 0 0 0 0 0 0 0 0 0 0 0 17 12 15 21 19 19
 2.415000E+02 8 0 0 0 0 0 0 0 0 1 0 0 22 18 17 21 11 13
 2.420000E+02 6 0 0 0 0 0 0 0 0 0 0 0 15 20 16 18 12 16
 2.425000E+02 9 0 0 0 0 0 0 0 0 0 0 0 24 17 10 20 13 12
 2.430000E+02 6 0 0 0 0 0 0 0 0 0 0 0 23 18 15 21 9 14
 2.435000E+02 7 0 0 0 0 0 0 0 0 0 0 0 24 14 17 11 11 15
 2.440000E+02 6 0 0 0 0 0 0 0 0 0 0 0 19 12 14 18 7 15
 2.445000E+02 7 0 0 0 0 0 0 0 0 0 0 0 15 17 20 12 14 13
 2.450000E+02 6 0 0 0 0 0 0 0 0 0 0 0 18 16 20 9 12 14
 2.455000E+02 4 0 0 0 0 0 0 0 0 0 0 0 21 21 16 17 10 13
 2.460000E+02 9 0 0 0 0 0 0 0 0 1 0 0 24 13 16 21 11 9
 2.465000E+02 9 0 0 0 0 0 0 0 0 1 0 0 15 14 13 18 14 14
 2.470000E+02 6 0 0 0 0 0 0 0 0 1 0 0 15 13 16 17 12 15
 2.475000E+02 3 0 0 0 1 0 0 0 0 0 0 0 13 11 17 20 13 12
 2.480000E+02 8 0 0 0 1 0 0 0 0 0 0 0 17 19 19 18 14 13
 2.485000E+02 5 0 0 0 0 0 0 0 0 0 0 0 18 15 13 16 19 12
 2.490000E+02 10 0 0 0 0 0 0 0 0 0 0 0 13 14 19 10 14 14
 2.495000E+02 10 0 0 0 0 0 0 0 0 0 0 0 15 17 17 13 11 17
 2.500000E+02 8 0 0 0 0 0 0 0 0 0 0 0 16 19 14 23 10 15
 2.505000E+02 1045 0 0 1 0 0 0 0 0 4 0 0 0 0 0 0 0 0
 2.510000E+02 1880 1 0 4 0 0 0 1 0 16 1 1 0 0 0 0 0 0
 2.515000E+02 2217 0 0 7 0 0 0 2 0 22 1 2 0 0 0 0 0 0
 2.520000E+02 2240 1 0 8 1 0 0 2 0 34 2 2 0 0 0 0 0 0
 2.525000E+02 989 1 0 6 0 0 0 2 0 31 1 1 0 0 0 0 0 0
 2.530000E+02 457 2 0 4 0 0 0 2 0 23 0 1 0 0 0 0 1 0
 2.535000E+02 210 0 0 2 0 0 0 1 0 20 1 0 2 0 1 1 0 0
 2.540000E+02 98 1 0 2 0 0 0 0 0 13 1 0 0 1 0 2 3 2
 2.545000E+02 1401 1 0 3 0 0 0 0 0 15 0 1 0 0 0 0 0 0
 2.550000E+02 1917 3 0 5 0 0 0 1 0 22 1 1 0 0 0 0 0 0
 2.555000E+02 2137 2 0 5 0 1 0 3 0 30 2 1 0 0 0 0 0 0
 2.560000E+02 2256 0 0 7 0 0 0 6 0 29 1 1 0 0 0 0 0 0
 2.565000E+02 988 0 0 3 0 1 0 2 0 28 1 1 0 0 0 0 0 0
 2.570000E+02 396 2 0 2 0 0 0 2 0 26 0 1 0 0 0 0 0 0
 2.575000E+02 195 0 0 2 0 0 0 5 1 15 1 0 1 0 0 0 0 1
 2.580000E+02 100 0 0 0 0 1 0 2 0 14 0 0 3 2 2 2 0 2
 2.585000E+02 1380 0 0 0 0 3 0 1 0 18 0 1 0 0 0 0 0 0
 2.590000E+02 1947 0 0 0 0 1 1 5 0 18 1 0 0 0 0 0 0 0
 2.595000E+02 2137 0 0 2 0 1 0 3 1 31 0 1 0 0 0 0 0 0
 2.600000E+02 2245 1 0 1 0 0 0 4 0 34 1 2 0 0 0 0 0 0
 2.605000E+02 997 1 0 2 0 1 0 2 0 28 2 1 1 0 0 0 0 0
 2.610000E+02 453 2 0 4 0 0 1 1 0 16 1 0 0 0 0 1 0 0
 2.615000E+02 199 0 0 0 0 1 0 4 0 14 0 0 1 0 0 0 0 1
 2.620000E+02 91 0 0 1 0 1 0 1 0 12 0 0 0 0 2 5 0 1
 2.625000E+02 1406 0 0 1 0 1 0 2 0 12 0 1 0 0 0 0 0 0
 2.630000E+02 1999 0 0 2 0 2 0 6 0 22 1 0 0 0 0 0 0 0
 2.635000E+02 2169 1 0 2 0 2 0 6 0 33 0 0 0 0 0 0 0 0
 2.640000E+02 2301 0 0 1 0 4 0 6 0 29 2 2 0 0 0 0 0 0
 2.645000E+02 1007 2 0 2 0 0 0 4 0 32 0 0 0 0 0 0 0 0
 2.650000E+02 417 0 0 1 0 2 0 2 1 27 2 0 0 0 0 0 0 0
 2.655000E+02 181 1 0 3 0 1 0 4 0 19 0 2 0 1 3 1 0 1
 2.660000E+02 115 0 0 1 0 0 0 1 0 15 0 2 1 0 7 2 3 2
 2.665000E+02 1416 1 0 0 0 0 0 0 0 17 1 0 0 0 0 0 0 0
 2.670000E+02 2009 0 0 1 0 0 0 4 1 21 0 0 0 0 0 0 0 0
 2.675000E+02 2245 1 0 0 1 2 0 7 0 27 0 1 0 0 0 0 0 0
 2.680000E+02 2339 4 0 0 0 1 0 4 0 42 1 0 0 0 0 0 0 0
 2.685000E+02 982 0 0 3 0 3 0 7 0 29 1 0 0 0 0 0 0 0
 2.690000E+02 429 0 0 1 0 0 0 3 1 23 1 1 0 0 0 1 0 0
 2.695000E+02 185 1 0 1 0 0 0 1 0 18 1 0 0 0 0 2 1 0
 2.700000E+02 94 2 0 0 0 0 0 1 0 15 0 0 3 1 1 2 1 3
 2.705000E+02 1335 0 0 1 0 0 0 3 0 24 0 0 0 0 0 0 0 0
 2.710000E+02 1911 0 0 0 0 1 0 0 0 31 0 1 0 0 0 0 0 0
 2.715000E+02 2181 4 0 2 0 0 1 7 0 35 0 0 0 0 0 0 0 0
 2.720000E+02 2258 0 0 1 0 2 0 7 0 41 0 0 0 0 0 0 0 0
 2.725000E+02 954 2 0 2 0 2 0 4 1 43 0 1 0 0 0 0 0 0
 2.730000E+02 413 2 0 4 0 2 0 3 0 24 0 1 0 0 0 0 0 0
 2.735000E+02 180 1 0 2 0 0 0 6 0 13 0 0 0 0 0 0 0 0
 2.740000E+02 101 1 0 0 0 1 0 1 0 12 0 0 2 2 1 2 5 0
 2.745000E+02 1387 0 0 0 0 0 0 4 0 14 1 0 0 0 0 0 0 0
 2.750000E+02 1926 0 0 1 0 1 0 2 1 25 1 0 0 0 0 0 0 0
 2.755000E+02 2153 0 0 1 0 3 0 4 0 38 0 1 0 0 0 0 0 0
 2.760000E+02 2198 2 0 3 0 2 0 5 0 34 1 0 0 0 0 0 0 0
 2.765000E+02 911 0 0 0 0 2 0 6 0 26 2 0 0 0 0 0 0 0
 2.770000E+02 399 0 0 1 0 3 0 2 0 19 0 1 0 0 1 0 0 0
 2.775000E+02 173 0 0 0 0 1 0 3 0 12 0 0 1 0 0 0 1 0
 2.780000E+02 114 1 0 0 0 0 0 4 0 9 0 0 4 3 4 4 0 2
 2.785000E+02 1360 1 0 0 0 2 0 2 0 15 1 0 0 0 0 0 0 0
 2.790000E+02 1934 0 0 1 0 2 0 3 0 29 1 1 0 0 0 0 0 0
 2.795000E+02 2219 1 0 2 0 2 0 2 0 38 2 0 0 0 0 0 0 0
 2.800000E+02 2267 1 0 0 0 2 0 8 0 34 1 0 0 0 0 0 0 0
 2.805000E+02 978 1 0 0 0 1 0 5 0 30 0 0 0 0 0 0 0 0
 2.810000E+02 414 0 0 1 0 2 1 4 0 15 1 1 0 0 1 0 0 0
 2.815000E+02 199 0 0 2 0 0 0 1 1 16 1 0 1 0 0 0 0 0
 2.820000E+02 104 1 0 0 0 2 0 3 0 7 0 0 0 0 1 2 1 0
 2.825000E+02 1381 0 0 0 0 2 0 2 0 17 1 0 0 0 0 0 0 0
 2.830000E+02 1905 1 0 0 0 1 0 2 1 29 0 1 0 0 0 0 0 0
 2.835000E+02 2089 0 0 5 0 5 0 5 0 31 1 0 0 0 0 0 0 0
 2.840000E+02 2242 2 0 0 0 1 0 6 0 37 2 0 0 0 0 0 0 0
 2.845000E+02 949 0 0 1 0 1 1 7 1 27 1 0 0 0 0 0 0 0
 2.850000E+02 382 1 0 0 0 3 0 4 0 27 1 0 0 0 0 0 0 0
 2.855000E+02 154 1 0 0 0 2 0 2 0 22 0 2 2 0 1 1 2 0
 2.860000E+02 92 0 0 1 1 1 0 1 1 11 0 2 0 3 1 5 1 2
 2.865000E+02 1359 1 0 2 0 2 0 4 1 14 0 1 0 0 0 0 0 0
 2.870000E+02 1920 1 0 0 0 1 0 4 0 24 0 0 0 0 0 0 0 0
 2.875000E+02 2169 0 0 1 0 0 0 6 0 35 0 1 0 0 0 0 0 0
 2.880000E+02 2310 0 0 0 0 5 0 7 0 42 1 0 0 0 0 0 0 0
 2.885000E+02 1020 0 0 2 0 2 0 12 0 36 0 0 0 0 0 0 0 0
 2.890000E+02 451 0 0 1 0 2 0 4 0 23 0 1 0 1 0 0 0 0
 2.895000E+02 203 0 0 0 0 1 0 2 0 20 0 0 0 0 0 0 0 0
 2.900000E+02 115 0 0 1 0 0 0 1 0 10 0 0 0 2 2 0 1 2
 2.905000E+02 60 0 0 0 0 2 0 0 0 6 0 0 0 5 1 4 5 5
 2.910000E+02 52 0 0 0 0 0 0 2 1 3 0 0 7 3 5 9 4 3
 2.915000E+02 46 0 0 0 0 0 0 1 0 1 0 0 6 4 5 11 6 6
 2.920000E+02 32 0 0 0 0 0 0 0 0 2 0 0 4 8 7 5 11 9
 2.925000E+02 43 0 0 0 0 0 0 0 0 2 0 0 13 12 7 10 13 9
 2.930000E+02 20 0 0 0 0 0 0 1 0 0 0 0 12 8 11 12 13 9
 2.935000E+02 32 0 0 0 0 0 0 0 0 0 0 1 12 13 10 14 14 10
 2.940000E+02 27 0 0 0 0 0 0 0 0 1 0 0 15 9 19 18 13 8
 2.945000E+02 32 0 0 0 0 0 0 0 0 1 0 0 7 16 14 16 17 15
 2.950000E+02 20 0 0 0 0 0 0 0 0 1 0 0 11 14 13 18 17 15
 2.955000E+02 30 0 0 0 0 0 0 0 0 1 0 0 12 17 16 16 18 10
 2.960000E+02 17 0 0 0 0 0 0 0 0 1 0 0 11 17 18 17 10 20
 2.965000E+02 26 1 0 0 0 0 0 0 0 0 0 0 15 18 22 14 13 17
 2.970000E+02 25 0 0 0 0 0 0 0 0 1 0 0 16 23 21 12 13 18
 2.975000E+02 27 0 0 0 0 0 0 1 0 0 0 0 14 23 20 16 9 18
 2.980000E+02 25 0 0 0 0 1 0 1 0 0 0 0 12 13 20 14 18 19
 2.985000E+02 18 0 0 0 0 0 0 0 0 0 0 0 18 19 17 23 16 10
 2.990000E+02 17 0 0 0 0 0 0 0 0 0 0 0 15 15 28 18 15 12
 2.995000E+02 16 0 0 0 0 0 0 0 0 0 0 0 21 20 16 21 13 14
 3.000000E+02 16 0 0 0 0 0 0 0 0 0 0 0 15 15 13 19 22 20
 3.005000E+02 17 0 0 0 0 0 0 0 0 0 0 0 21 18 17 18 16 19
 3.010000E+02 17 0 0 0 0 0 0 0 0 0 0 0 29 14 16 14 12 28
 3.015000E+02 16 0 0 0 0 0 0 0 0 0 0 0 28 15 18 16 17 17
 3.020000E+02 19 0 0 0 0 0 0 0 0 0 1 0 27 19 19 21 15 14
 3.025000E+02 12 0 0 0 0 0 0 0 0 0 0 0 18 27 17 13 22 19
 3.030000E+02 14 0 0 0 0 0 0 0 0 0 0 0 15 20 19 26 16 17
 3.035000E+02 11 0 0 0 0 0 0 0 0 0 0 0 16 23 20 21 14 18
 3.040000E+02 11 0 0 0 0 0 0 0 0 0 0 0 19 19 17 20 18 20
 3.045000E+02 14 0 0 0 0 0 0 0 0 0 0 0 23 14 13 19 19 27
 3.050000E+02 12 0 0 0 0 0 0 1 0 0 0 0 16 16 23 23 15 17
 3.055000E+02 10 0 0 0 0 0 0 0 0 0 0 0 23 21 23 22 18 15
 3.060000E+02 14 0 0 0 0 0 0 0 0 0 0 0 15 16 20 25 21 16
 3.065000E+02 17 0 0 0 0 0 0 0 0 0 0 0 17 16 21 18 18 17
 3.070000E+02 17 0 0 0 0 0 0 0 0 0 0 0 18 19 21 13 18 21
 3.075000E+02 16 0 0 0 0 0 0 0 0 1 0 0 18 14 17 17 22 28
 3.080000E+02 12 0 0 0 0 0 0 0 0 2 0 0 14 19 17 20 25 16
 3.085000E+02 26 0 0 0 0 0 0 0 0 2 0 0 20 16 23 11 25 19
 3.090000E+02 12 0 0 0 0 0 0 1 0 0 0 0 15 13 19 17 17 17
 3.095000E+02 12 0 0 0 0 0 0 0 0 1 0 0 22 21 18 21 22 16
 3.100000E+02 8 0 0 0 0 0 0 0 0 1 0 0 17 16 15 25 20 22
 3.105000E+02 13 0 0 0 0 0 0 1 0 0 0 0 25 32 13 17 18 23
 3.110000E+02 14 0 0 0 0 0 0 0 0 1 0 0 16 25 12 17 26 18
 3.115000E+02 17 0 0 0 0 0 0 0 0 0 0 0 19 20 21 20 13 21
 3.120000E+02 13 0 0 0 0 0 0 0 0 0 0 0 17 19 20 25 15 18
 3.125000E+02 16 0 0 0 0 0 0 0 0 0 0 0 20 18 17 16 20 18
 3.130000E+02 10 0 0 0 0 0 0 0 0 1 0 0 14 11 16 17 21 23
 3.135000E+02 11 0 0 0 0 0 0 0 0 1 0 0 18 20 16 16 20 26
 3.140000E+02 14 0 0 0 0 0 0 0 0 1 0 0 21 25 13 16 16 17
 3.145000E+02 18 0 0 0 0 0 0 0 0 0 0 0 25 24 13 24 13 19
 3.150000E+02 15 0 0 0 0 0 0 0 0 1 0 0 22 22 22 21 18 12
 3.155000E+02 12 0 0 0 0 0 0 0 0 1 0 0 22 19 29 19 17 13
 3.160000E+02 11 0 0 0 0 0 0 1 0 0 0 0 18 18 18 24 23 19
 3.165000E+02 8 0 0 0 0 0 0 0 0 0 0 0 25 16 21 16 15 16
 3.170000E+02 8 0 0 0 0 0 0 0 0 0 0 0 19 12 23 22 21 15
 3.175000E+02 9 0 0 0 0 0 0 0 0 0 0 0 12 14 21 29 26 16
 3.180000E+02 16 0 0 0 0 0 0 0 0 0 0 0 15 15 16 26 23 14
 3.185000E+02 9 0 0 0 0 0 0 0 0 0 0 0 18 20 23 19 23 18
 3.190000E+02 11 0 0 0 0 0 0 0 0 0 0 0 15 21 18 21 23 16
 3.195000E+02 14 0 0 0 0 0 0 0 0 0 0 0 16 19 16 19 18 15
 3.200000E+02 9 0 0 0 0 0 0 0 0 0 0 0 24 21 22 20 16 17
 3.205000E+02 12 0 0 0 0 0 0 0 0 1 0 0 26 14 17 17 17 16
 3.210000E+02 11 0 0 0 0 0 0 0 0 1 0 0 18 19 18 24 19 19
 3.215000E+02 17 0 0 1 0 0 0 0 0 0 0 0 19 23 23 21 21 19
 3.220000E+02 12 0 0 0 0 0 0 0 0 0 0 0 17 17 23 14 21 21
 3.225000E+02 12 0 0 0 0 0 0 0 0 0 0 0 21 16 19 16 26 24
 3.230000E+02 12 0 0 0 0 0 0 0 0 0 0 0 17 15 15 26 25 18
 3.235000E+02 10 0 0 0 0 0 0 0 0 0 0 0 15 13 18 26 19 18
 3.240000E+02 8 0 0 0 0 0 0 0 0 0 0 0 21 19 22 27 18 17
 3.245000E+02 15 0 0 0 0 0 0 0 0 0 0 0 15 14 21 33 19 20
 3.250000E+02 6 0 0 0 0 0 0 0 0 0 0 0 18 13 17 24 19 15
 3.255000E+02 12 0 0 0 0 0 0 0 0 0 0 0 24 15 14 18 15 23
 3.260000E+02 9 0 0 0 0 1 0 0 0 0 0 0 16 11 12 23 15 16
 3.265000E+02 11 0 0 0 0 0 0 0 0 0 0 0 17 16 15 27 13 18
 3.270000E+02 11 0 0 0 0 0 0 0 0 1 0 0 17 17 20 21 13 24
 3.275000E+02 12 0 0 1 0 0 0 0 0 0 0 0 21 22 20 16 13 21
 3.280000E+02 10 0 0 1 0 0 0 0 0 0 0 0 25 21 13 15 15 21
 3.285000E+02 10 0 0 0 0 0 0 0 0 0 0 0 23 17 20 19 11 24
 3.290000E+02 9 0 0 0 0 0 0 0 0 0 0 0 21 19 18 10 12 26
 3.295000E+02 12 0 0 0 0 0 0 0 0 0 0 1 19 18 11 23 13 21
 3.300000E+02 10 0 0 0 0 0 0 0 0 0 0 0 11 22 15 26 20 23
 3.305000E+02 7 0 0 0 0 0 0 0 0 0 0 0 12 15 17 29 17 20
 3.310000E+02 14 0 0 0 0 0 0 0 0 0 0 0 18 22 14 23 19 14
 3.315000E+02 8 0 0 0 0 0 0 0 0 0 0 0 18 23 9 18 16 18
 3.320000E+02 13 0 0 0 0 0 0 0 0 0 0 0 15 21 16 16 20 15
 3.325000E+02 14 0 0 0 0 0 0 0 0 0 0 0 19 21 13 17 21 18
 3.330000E+02 9 0 0 0 0 0 0 0 0 1 0 0 19 23 19 23 17 14
 3.335000E+02 6 0 0 0 0 0 0 0 0 1 0 0 17 16 21 26 12 17
 3.340000E+02 14 0 0 0 0 0 0 0 0 0 0 0 21 16 23 18 18 28
 3.345000E+02 10 0 0 0 0 0 0 0 0 0 0 0 15 22 18 25 26 17
 3.350000E+02 10 0 0 0 0 0 0 0 0 0 0 0 10 20 18 19 23 18
 3.355000E+02 7 0 0 0 0 0 0 0 0 0 0 0 20 12 21 15 18 20
 3.360000E+02 8 0 0 0 0 0 0 0 0 0 0 0 26 14 17 23 14 25
 3.365000E+02 9 0 0 0 0 0 0 0 0 0 0 0 27 12 24 18 19 25
 3.370000E+02 10 0 0 0 0 0 0 0 0 0 0 0 22 17 19 19 9 21
 3.375000E+02 12 0 0 0 0 0 0 0 0 0 0 0 16 16 24 18 12 16
 3.380000E+02 13 0 0 0 0 0 0 0 0 0 0 0 26 18 23 13 24 18
 3.385000E+02 4 0 0 0 0 0 0 0 0 0 0 0 17 10 22 22 22 14
 3.390000E+02 8 0 0 0 0 0 0 0 0 0 0 0 17 20 13 27 20 18
 3.395000E+02 11 0 0 0 0 0 0 0 0 0 0 0 22 17 16 17 20 15
 3.400000E+02 8 0 0 0 0 0 0 0 0 0 0 0 24 22 14 26 21 12
 3.405000E+02 10 0 0 0 0 0 0 0 0 0 0 0 17 22 20 28 10 17
 3.410000E+02 6 0 0 0 0 0 0 0 0 0 0 0 18 23 15 21 18 14
 3.415000E+02 8 0 0 0 0 0 0 0 0 1 0 0 22 22 12 16 20 13
 3.420000E+02 13 1 0 0 0 0 0 0 0 1 0 0 16 24 16 15 12 23
 3.425000E+02 7 0 0 0 0 0 0 0 0 0 0 0 15 27 15 17 10 18
 3.430000E+02 7 0 0 0 0 0 0 0 0 0 0 0 19 21 12 14 15 16
 3.435000E+02 9 0 0 0 0 0 0 0 0 0 0 0 20 16 14 14 16 21
 3.440000E+02 6 0 0 0 0 0 0 0 0 0 0 0 12 20 14 16 14 27
 3.445000E+02 8 0 0 0 0 0 0 0 0 0 0 0 21 19 17 14 15 20
 3.450000E+02 9 0 0 0 0 0 0 0 0 0 0 0 22 16 20 14 21 17
 3.455000E+02 12 0 0 0 0 0 0 0 0 0 0 0 23 18 13 18 24 12
 3.460000E+02 17 0 0 0 0 0 0 0 0 1 0 0 24 12 12 20 22 13
 3.465000E+02 6 0 0 0 0 0 0 0 0 1 0 0 23 10 17 22 16 15
 3.470000E+02 10 0 0 0 0 0 0 0 0 1 0 0 19 9 16 22 15 21
 3.475000E+02 15 0 0 0 0 0 0 0 0 0 0 0 15 12 14 21 17 16
 3.480000E+02 8 0 0 0 0 0 0 0 0 0 0 0 16 18 12 24 19 17
 3.485000E+02 8 0 0 0 0 0 0 0 0 0 0 0 16 21 19 16 23 16
 3.490000E+02 9 0 0 0 0 0 0 0 0 0 0 0 14 17 20 17 18 18
 3.495000E+02 8 0 0 0 0 0 0 0 0 0 0 0 12 21 14 19 18 18
 3.500000E+02 13 0 0 0 0 0 0 0 0 0 0 0 17 19 19 18 14 17
 3.505000E+02 11 0 0 0 0 0 0 0 0 0 0 0 15 13 14 16 20 17
 3.510000E+02 7 0 0 0 0 0 0 0 0 0 0 0 15 17 16 17 19 20
 3.515000E+02 17 0 0 0 0 0 0 0 0 0 0 0 17 20 24 25 15 14
 3.520000E+02 7 0 0 0 0 0 0 0 0 0 0 0 16 14 20 21 19 15
 3.525000E+02 7 0 0 0 0 0 0 0 0 0 0 0 19 12 13 25 16 19
 3.530000E+02 10 0 0 0 0 0 0 0 0 0 0 0 17 12 15 17 15 17
 3.535000E+02 16 0 0 0 0 0 0 0 0 1 0 0 20 17 12 18 24 18
 3.540000E+02 8 0 0 0 0 0 0 0 0 1 0 0 21 19 15 20 20 24
 3.545000E+02 10 0 0 0 0 0 0 0 0 0 0 0 22 20 14 25 17 18
 3.550000E+02 2 0 0 0 0 0 0 0 0 0 0 0 21 17 15 30 13 11
 3.555000E+02 11 0 0 0 0 0 0 0 0 0 0 0 24 17 18 26 14 11
 3.560000E+02 4 0 0 0 0 0 0 0 0 0 0 0 22 15 14 17 13 15
 3.565000E+02 6 0 0 0 0 0 0 0 0 0 0 0 21 18 16 16 12 15
 3.570000E+02 10 0 0 0 0 0 0 0 0 0 0 0 20 19 13 18 15 19
 3.575000E+02 13 0 0 1 0 0 0 0 0 0 0 0 17 18 14 13 12 17
 3.580000E+02 6 0 0 0 0 0 0 0 0 0 0 0 18 17 13 20 11 19
 3.585000E+02 18 0 0 0 0 0 0 0 0 1 0 0 15 20 16 20 16 16
 3.590000E+02 10 0 0 0 0 0 0 0 0 0 0 0 16 16 18 16 13 10
 3.595000E+02 7 0 0 0 0 0 0 0 0 0 0 0 18 16 19 18 17 17
 3.600000E+02 7 0 0 0 0 0 0 0 0 0 0 0 13 14 18 18 16 14
 3.605000E+02 8 0 0 0 0 0 0 0 0 0 0 0 19 15 23 16 22 17
 3.610000E+02 9 0 0 0 0 0 0 0 0 0 0 0 16 11 20 13 20 28
 3.615000E+02 10 0 0 0 0 0 0 0 0 0 0 0 21 14 14 10 21 23
 3.620000E+02 14 0 0 0 0 0 0 0 0 0 0 0 21 11 14 13 18 23
 3.625000E+02 8 0 0 0 0 0 0 0 0 0 0 0 22 18 9 15 18 21
 3.630000E+02 6 0 0 0 0 0 0 0 0 0 0 0 13 18 12 23 18 9
 3.635000E+02 6 0 0 0 0 0 0 0 0 0 0 0 16 20 19 19 15 11
 3.640000E+02 12 0 0 0 0 0 0 0 0 0 0 0 15 20 20 21 16 12
 3.645000E+02 6 0 0 0 0 0 0 0 0 0 0 0 13 20 13 23 17 13
 3.650000E+02 13 0 0 0 0 0 0 0 0 0 0 0 18 23 12 26 13 17
 3.655000E+02 10 0 0 0 0 0 0 0 0 0 0 0 21 17 15 25 13 17
 3.660000E+02 11 0 0 0 0 0 0 0 0 0 0 0 16 21 11 18 19 21
 3.665000E+02 8 0 0 0 0 0 0 0 0 0 0 0 20 20 15 16 13 15
 3.670000E+02 5 0 0 0 0 0 0 0 0 0 0 0 25 18 15 12 17 17
 3.675000E+02 7 0 0 0 0 0 0 0 0 0 0 0 16 23 15 20 28 14
 3.680000E+02 10 0 0 0 0 0 0 0 0 0 0 0 16 24 15 14 20 21
 3.685000E+02 8 0 0 0 0 0 0 0 0 0 0 0 18 16 11 13 14 23
 3.690000E+02 8 0 0 0 0 0 0 0 0 0 0 0 19 20 10 18 12 22
 3.695000E+02 11 0 0 0 0 0 0 0 0 0 0 0 19 20 15 17 14 20
 3.700000E+02 7 0 0 0 0 0 0 0 0 0 0 0 19 17 14 17 12 17
 3.705000E+02 3 0 0 0 0 0 0 0 0 0 0 0 26 13 11 15 11 23
 3.710000E+02 8 0 0 0 0 0 0 0 0 0 0 0 28 14 13 16 14 26
 3.715000E+02 11 0 0 0 0 0 0 0 0 0 0 0 22 17 11 13 14 22
 3.720000E+02 4 0 0 0 0 0 0 0 0 0 0 0 13 7 17 19 17 25
 3.725000E+02 10 0 0 0 0 0 0 0 0 0 0 0 13 8 20 14 24 25
 3.730000E+02 7 0 0 0 0 0 0 0 0 0 0 0 16 9 19 18 14 17
 3.735000E+02 13 0 0 0 0 0 0 0 0 0 0 0 19 12 19 18 19 16
 3.740000E+02 8 0 0 0 0 0 0 0 0 0 0 0 15 18 22 10 13 17
 3.745000E+02 8 0 0 0 0 0 0 0 0 0 0 0 20 18 21 14 18 14
 3.750000E+02 10 0 0 0 0 0 0 0 0 0 0 0 13 17 20 15 20 20
 3.755000E+02 11 0 0 0 0 0 0 0 0 0 0 0 12 16 15 16 23 16
 3.760000E+02 6 0 0 0 0 0 0 0 0 0 0 0 17 22 10 15 26 16
 3.765000E+02 4 0 0 0 0 0 0 0 0 1 0 0 26 14 8 15 24 20
 3.770000E+02 7 0 0 0 0 0 0 0 0 0 0 0 19 14 12 19 27 11
 3.775000E+02 7 0 0 0 0 0 0 0 0 1 0 0 15 14 21 16 13 15
 3.780000E+02 7 0 0 0 0 0 0 0 0 1 0 0 11 13 23 18 14 14
 3.785000E+02 6 0 0 0 0 0 0 1 0 0 0 0 15 22 19 20 16 9
 3.790000E+02 10 0 0 1 0 0 0 0 0 0 0 0 19 18 17 17 18 11
 3.795000E+02 10 0 0 0 0 0 0 0 0 1 0 0 26 16 19 7 24 15
 3.800000E+02 4 0 0 0 0 0 0 0 0 1 0 0 21 15 22 9 22 13
 3.805000E+02 10 0 0 0 0 0 0 0 0 0 0 0 13 12 13 19 20 18
 3.810000E+02 11 0 0 0 0 0 0 0 0 0 0 0 20 15 13 19 19 21
 3.815000E+02 10 0 0 0 0 0 0 0 0 0 0 0 15 14 15 17 17 22
 3.820000E+02 17 0 0 0 0 0 0 0 0 0 0 0 17 17 16 22 16 19
 3.825000E+02 18 0 0 0 0 0 0 0 0 1 0 0 23 20 21 13 15 17
 3.830000E+02 15 0 0 0 0 0 0 0 0 0 0 0 20 22 17 9 14 17
 3.835000E+02 11 0 0 0 0 0 0 0 0 0 0 0 22 23 14 17 7 19
 3.840000E+02 7 0 0 0 0 0 0 0 0 0 0 0 21 20 19 15 10 19
 3.845000E+02 13 0 0 0 0 0 0 0 0 0 0 0 11 16 21 16 19 15
 3.850000E+02 2 0 0 0 0 0 0 0 0 0 0 0 14 20 18 17 21 14
 3.855000E+02 9 0 0 0 0 0 0 0 0 0 0 0 13 14 14 22 21 17
 3.860000E+02 15 0 0 0 0 0 0 0 0 0 0 0 15 11 13 18 20 14
 3.865000E+02 7 0 0 0 0 0 0 0 0 0 0 0 16 14 13 21 20 19
 3.870000E+02 16 0 0 0 0 0 0 0 0 0 0 0 20 15 15 20 15 18
 3.875000E+02 5 0 0 0 0 0 0 0 0 0 0 0 19 12 18 20 12 22
 3.880000E+02 10 0 0 0 0 0 0 0 0 0 0 0 18 13 16 24 13 26
 3.885000E+02 8 0 0 0 0 0 0 0 0 0 0 0 17 17 20 11 16 19
 3.890000E+02 7 0 0 0 0 0 0 0 0 0 0 0 17 23 20 12 23 19
 3.895000E+02 13 0 0 0 0 0 0 0 0 0 0 0 21 20 15 14 20 14
 3.900000E+02 8 0 0 0 0 0 0 0 0 0 0 0 25 17 15 14 13 20
 3.905000E+02 10 0 0 0 0 0 0 0 0 0 0 0 17 15 19 23 13 19
 3.910000E+02 6 0 0 0 0 0 0 0 0 0 0 0 16 18 21 19 16 17
 3.915000E+02 11 0 0 0 0 0 0 0 0 0 0 0 11 15 14 20 17 11
 3.920000E+02 7 0 0 0 0 0 0 0 0 0 0 0 16 12 18 18 19 14
 3.925000E+02 10 0 0 0 0 0 0 0 0 0 0 0 16 18 16 18 18 17
 3.930000E+02 10 0 0 0 0 0 0 0 0 0 0 0 21 25 20 15 18 12
 3.935000E+02 5 0 0 0 0 0 0 0 0 0 0 0 22 16 16 15 16 13
 3.940000E+02 5 0 0 0 0 0 0 0 0 0 0 0 13 13 15 14 17 22
 3.945000E+02 8 0 0 0 0 0 0 0 0 0 0 0 21 22 11 12 12 15
 3.950000E+02 8 0 0 0 0 0 0 0 0 0 0 0 20 15 17 13 11 24
 3.955000E+02 11 0 0 0 0 0 0 0 0 0 0 0 18 16 16 17 14 23
 3.960000E+02 4 0 0 0 0 0 0 0 0 0 0 0 18 12 16 17 26 17
 3.965000E+02 4 0 0 0 0 0 0 0 0 0 0 0 12 17 16 19 24 17
 3.970000E+02 13 0 0 0 0 0 0 0 0 0 0 0 17 16 13 10 19 19
 3.975000E+02 14 0 0 0 0 0 0 0 0 1 0 0 17 16 17 14 22 23
 3.980000E+02 11 0 0 0 0 0 0 1 0 0 0 0 18 14 18 18 14 23
 3.985000E+02 8 0 0 0 0 0 0 0 0 1 0 0 14 12 20 26 15 25
 3.990000E+02 5 0 0 0 0 0 0 0 0 1 0 0 7 12 22 20 20 15
 3.995000E+02 7 0 0 0 0 0 0 0 0 1 0 0 12 16 21 16 17 15
 4.000000E+02 10 0 0 0 0 0 0 0 0 1 0 0 14 14 19 16 20 14
 4.005000E+02 8 0 0 0 0 0 0 0 0 1 0 0 16 18 23 14 18 18
 4.010000E+02 9 0 0 1 0 0 0 0 0 0 0 0 18 17 22 11 15 19
 4.015000E+02 6 0 0 0 0 0 0 0 0 0 0 0 23 18 24 10 15 18
 4.020000E+02 7 0 0 0 0 0 0 0 0 0 0 0 25 11 17 10 13 18
 4.025000E+02 12 0 0 0 0 0 0 0 0 0 0 0 16 13 18 23 14 20
 4.030000E+02 14 0 0 0 0 0 0 0 0 0 0 0 16 20 15 20 15 19
 4.035000E+02 7 0 0 0 0 0 0 0 0 1 0 0 14 20 17 20 12 16
 4.040000E+02 7 0 0 0 0 0 0 0 0 1 0 0 11 19 16 13 20 21
 4.045000E+02 6 0 0 0 0 0 0 0 0 0 0 0 12 19 17 10 22 19
 4.050000E+02 10 0 0 0 0 0 0 0 0 1 0 0 22 19 14 14 19 19
 4.055000E+02 6 0 0 0 0 0 0 1 0 0 0 0 13 16 14 19 17 13
 4.060000E+02 9 0 0 0 0 0 0 0 0 2 0 0 17 21 16 7 11 14
 4.065000E+02 7 0 0 1 0 0 0 0 0 0 0 0 22 17 14 10 13 13
 4.070000E+02 11 0 0 0 0 0 0 0 0 1 0 0 14 24 19 9 10 11
 4.075000E+02 9 0 0 0 0 0 0 0 0 1 0 0 12 21 17 10 12 14
 4.080000E+02 3 0 0 0 0 0 0 0 0 1 0 0 13 24 10 8 18 10
 4.085000E+02 7 0 0 0 0 0 0 0 0 0 0 0 10 23 14 6 23 10
 4.090000E+02 9 0 0 0 0 0 0 0 0 1 0 0 17 20 20 9 14 9
 4.095000E+02 10 0 0 0 0 0 0 0 0 0 0 0 13 19 13 16 18 14
 4.100000E+02 10 0 0 0 0 0 0 0 0 0 0 0 16 20 14 15 17 13
 4.105000E+02 11 0 0 0 0 0 0 0 0 0 0 0 16 21 15 13 16 16
 4.110000E+02 3 0 0 0 0 0 0 0 0 0 0 0 20 16 14 21 19 17
 4.115000E+02 6 0 0 0 0 0 0 0 0 0 0 0 19 15 13 26 15 16
 4.120000E+02 9 0 0 0 0 0 0 0 0 1 0 0 12 16 10 21 12 20
 4.125000E+02 7 0 0 0 0 0 0 0 0 1 0 0 16 8 12 15 18 22
 4.130000E+02 6 0 0 0 0 0 0 0 0 0 0 0 16 12 13 18 12 18
 4.135000E+02 16 0 0 0 0 0 0 0 0 0 0 0 15 16 20 18 15 16
 4.140000E+02 7 0 0 0 0 0 0 0 0 0 0 0 13 21 15 17 15 16
 4.145000E+02 13 0 0 0 0 0 0 0 0 0 0 0 18 15 16 16 13 17
 4.150000E+02 8 0 0 0 0 0 0 0 0 0 0 0 22 16 15 20 20 19
 4.155000E+02 6 0 0 0 0 0 0 0 0 1 0 0 15 19 15 21 17 25
 4.160000E+02 7 0 0 1 0 0 0 0 0 0 0 0 16 14 21 19 15 20
 4.165000E+02 6 0 0 0 0 0 0 0 0 1 0 0 17 14 13 16 23 14
 4.170000E+02 10 0 0 0 0 0 0 0 0 1 0 0 14 14 10 14 28 19
 4.175000E+02 6 0 0 0 0 0 0 0 0 0 0 0 16 11 10 13 21 20
 4.180000E+02 5 0 0 0 0 0 0 0 0 0 0 0 12 13 21 25 14 14
 4.185000E+02 6 0 0 0 0 0 0 0 0 0 0 0 17 11 19 20 16 17
 4.190000E+02 15 0 0 0 0 0 0 0 0 0 0 0 20 12 17 22 19 14
 4.195000E+02 8 0 0 0 0 0 0 0 0 0 0 0 24 17 16 15 19 11
 4.200000E+02 10 0 0 0 0 0 0 0 0 0 0 0 29 19 19 14 18 14
 4.205000E+02 11 0 0 0 0 0 0 0 0 0 0 0 20 14 16 15 16 17
 4.210000E+02 6 0 0 0 0 0 0 0 0 0 0 0 13 18 12 18 15 22
 4.215000E+02 5 0 0 0 0 0 0 0 0 0 0 0 13 19 13 18 9 22
 4.220000E+02 8 0 0 0 0 0 0 0 0 0 0 0 21 13 17 21 14 22
 4.225000E+02 10 0 0 0 0 0 0 0 0 0 0 0 19 16 20 17 18 16
 4.230000E+02 12 0 0 0 0 0 0 0 0 0 0 0 16 19 23 21 14 15
 4.235000E+02 5 0 0 0 0 0 0 0 0 0 0 0 20 16 16 22 14 15
 4.240000E+02 13 0 0 0 0 0 0 0 0 0 0 0 18 15 18 22 18 19
 4.245000E+02 9 0 0 0 0 0 0 0 0 0 0 0 18 15 16 17 13 16
 4.250000E+02 7 0 0 0 0 0 0 0 0 1 0 0 18 9 20 18 17 15
 4.255000E+02 2 0 0 0 0 0 0 0 0 1 0 0 14 13 16 14 17 19
 4.260000E+02 12 0 0 0 0 0 0 0 0 1 0 0 13 15 19 13 19 13
 4.265000E+02 5 0 0 0 0 0 0 0 0 1 0 0 8 19 19 18 17 15
 4.270000E+02 9 0 0 0 0 0 0 0 0 0 0 0 17 29 15 17 17 15
 4.275000E+02 12 0 0 0 0 0 0 0 0 0 0 0 18 27 13 15 17 16
 4.280000E+02 6 0 0 0 0 0 0 0 0 0 0 0 17 20 16 19 13 18
 4.285000E+02 11 0 0 0 0 0 0 0 0 0 0 0 16 14 14 21 18 17
 4.290000E+02 8 0 0 0 0 0 0 0 0 0 0 0 16 15 13 24 15 15
 4.295000E+02 8 0 0 0 0 0 0 0 0 0 0 0 12 19 15 25 13 13
 4.300000E+02 8 0 0 0 0 0 0 0 0 0 0 0 14 18 14 23 12 15
 4.305000E+02 10 0 0 0 0 0 0 0 0 0 0 0 25 11 11 23 17 13
 4.310000E+02 6 0 0 0 0 0 0 0 0 0 0 0 19 13 10 19 15 21
 4.315000E+02 5 0 0 0 0 0 0 0 0 0 0 0 24 16 13 18 18 23
 4.320000E+02 6 0 0 0 0 0 0 0 0 0 0 0 16 16 19 18 16 16
 4.325000E+02 19 0 0 0 0 0 0 0 0 0 0 0 13 17 21 23 21 11
 4.330000E+02 6 0 0 0 0 0 0 0 0 0 0 0 8 19 16 22 16 20
 4.335000E+02 13 0 0 0 0 0 0 0 0 1 0 0 15 14 16 16 23 25
 4.340000E+02 10 0 0 0 0 0 0 1 0 0 0 0 21 13 17 13 17 18
 4.345000E+02 8 0 0 0 0 0 0 0 0 0 0 0 15 16 23 19 19 18
 4.350000E+02 9 0 0 0 0 0 0 0 0 0 0 0 11 18 26 19 14 20
 4.355000E+02 11 0 0 0 0 0 0 0 0 0 0 0 15 19 20 17 13 20
 4.360000E+02 13 0 0 0 0 0 0 0 0 0 0 0 18 19 17 18 19 25
 4.365000E+02 9 0 0 0 0 0 0 0 0 0 0 0 23 14 16 16 12 29
 4.370000E+02 14 0 0 0 0 0 0 0 0 0 0 0 14 12 15 23 12 29
 4.375000E+02 8 0 0 0 0 0 0 0 0 0 0 0 20 17 18 26 12 17
 4.380000E+02 7 0 0 0 0 0 0 0 0 0 0 0 14 24 20 20 7 16
 4.385000E+02 14 0 0 0 0 0 0 0 0 1 0 0 16 28 17 21 8 16
 4.390000E+02 12 0 0 0 0 0 0 0 0 1 0 0 19 26 17 19 12 15
 4.395000E+02 15 0 0 0 0 0 0 0 0 0 0 0 15 20 15 17 18 20
 4.400000E+02 1 0 0 0 0 0 0 0 0 1 0 0 20 17 12 22 19 22
 4.405000E+02 9 0 0 0 0 0 0 0 0 0 0 0 15 16 9 19 14 22
 4.410000E+02 13 0 0 0 0 0 0 1 0 1 0 0 12 17 11 14 12 22
 4.415000E+02 9 0 0 1 0 0 0 0 0 1 0 0 12 16 15 28 11 18
 4.420000E+02 16 0 0 0 0 0 0 0 0 1 0 0 15 16 24 16 13 21
 4.425000E+02 8 0 0 0 0 0 0 0 0 2 0 0 18 12 17 22 13 22
 4.430000E+02 7 0 0 0 0 0 0 0 0 2 0 0 21 16 18 15 15 11
 4.435000E+02 10 0 0 0 0 0 0 0 0 1 0 0 16 18 15 19 15 14
 4.440000E+02 10 0 0 0 0 0 0 0 0 0 0 0 11 20 19 18 27 11
 4.445000E+02 8 0 0 0 0 0 0 0 0 0 0 0 14 20 20 19 23 13
 4.450000E+02 10 0 0 0 0 0 0 0 0 0 0 0 12 19 19 8 21 18
 4.455000E+02 5 0 0 0 0 0 0 0 0 0 0 0 12 19 19 12 22 22
 4.460000E+02 8 0 0 0 0 0 0 0 0 0 0 0 13 13 20 14 22 15
 4.465000E+02 10 0 0 0 0 0 0 0 0 0 0 0 19 14 17 19 24 13
 4.470000E+02 9 0 0 0 0 0 0 0 0 0 0 0 18 14 20 18 31 13
 4.475000E+02 11 0 0 0 0 0 0 0 0 0 0 0 17 13 20 14 23 16
 4.480000E+02 10 0 0 0 0 0 0 0 0 0 0 0 14 18 25 10 17 21
 4.485000E+02 8 0 0 0 0 0 0 0 0 1 0 0 14 20 18 20 13 17
 4.490000E+02 9 0 0 0 0 0 0 0 0 1 0 0 20 13 24 24 13 14
 4.495000E+02 8 0 0 0 0 0 0 1 0 0 0 0 23 14 29 20 10 13
 4.500000E+02 7 0 0 0 0 0 0 0 0 0 0 0 20 13 25 20 12 14
 4.505000E+02 10 0 0 0 0 0 0 0 0 0 0 0 23 16 25 14 11 8
 4.510000E+02 4 0 0 0 0 0 0 0 0 1 0 0 24 19 17 19 9 14
 4.515000E+02 12 0 0 0 0 0 0 0 0 1 0 0 21 25 15 20 12 14
 4.520000E+02 8 0 0 0 0 0 0 0 0 1 0 0 22 21 15 16 8 16
 4.525000E+02 4 0 0 0 0 0 0 0 0 0 0 0 23 16 14 15 14 15
 4.530000E+02 10 0 0 0 0 0 0 0 0 0 0 0 24 17 14 19 16 13
 4.535000E+02 13 0 0 0 0 0 0 0 0 0 0 0 20 11 12 15 18 23
 4.540000E+02 9 0 0 0 0 0 0 0 0 0 0 0 20 18 11 12 16 26
 4.545000E+02 4 0 0 0 0 0 0 0 0 0 0 0 20 17 18 16 22 20
 4.550000E+02 6 0 0 0 0 0 0 0 0 0 0 0 19 14 28 22 17 15
 4.555000E+02 6 0 0 0 0 0 0 0 0 0 0 0 9 17 25 21 13 20
 4.560000E+02 16 0 0 0 0 0 0 0 0 1 0 0 11 15 15 18 15 22
 4.565000E+02 11 0 0 0 0 0 0 0 0 1 0 0 13 14 17 20 17 21
 4.570000E+02 11 0 0 0 0 0 0 0 0 0 0 0 15 15 19 25 16 18
 4.575000E+02 8 0 0 0 0 0 0 0 0 2 0 0 11 20 15 17 21 18
 4.580000E+02 6 0 0 0 0 0 0 0 0 2 0 0 14 21 18 18 20 19
 4.585000E+02 12 0 0 0 0 0 0 0 0 2 0 0 22 13 14 20 16 22
 4.590000E+02 6 0 0 0 0 0 0 0 0 0 0 0 21 21 15 19 18 24
 4.595000E+02 7 0 0 0 0 0 0 0 0 0 0 0 18 21 10 16 15 18
 4.600000E+02 13 0 0 0 0 0 0 0 0 0 0 0 16 16 18 15 30 18
 4.605000E+02 4 0 0 0 0 0 0 0 0 0 0 0 12 20 9 20 21 19
 4.610000E+02 6 0 0 0 0 0 0 0 0 0 0 0 16 20 19 19 14 17
 4.615000E+02 5 0 0 0 0 0 0 0 0 0 0 0 23 24 21 21 18 16
 4.620000E+02 12 0 0 0 0 0 0 0 0 1 0 0 15 19 18 13 18 16
 4.625000E+02 5 0 0 0 0 0 0 0 0 2 0 0 16 18 11 20 18 17
 4.630000E+02 10 0 0 0 0 0 0 0 0 1 0 0 15 22 14 17 13 24
 4.635000E+02 7 0 0 0 0 0 0 0 0 0 0 0 19 23 15 11 16 17
 4.640000E+02 6 0 0 0 0 0 0 0 0 0 0 0 10 24 17 16 20 18
 4.645000E+02 12 0 0 0 0 0 0 0 0 1 0 0 19 18 18 16 23 18
 4.650000E+02 13 0 0 0 0 0 0 0 0 1 0 0 21 15 13 21 16 15
 4.655000E+02 12 0 0 0 0 0 0 0 0 0 0 0 20 14 12 26 10 14
 4.660000E+02 7 0 0 0 0 0 0 0 0 0 0 0 21 18 12 23 22 18
 4.665000E+02 10 0 0 0 0 0 0 0 0 0 0 0 17 17 15 23 19 14
 4.670000E+02 9 0 0 0 0 0 0 0 0 0 0 0 13 18 23 15 14 16
 4.675000E+02 10 0 0 0 0 0 0 0 0 0 0 0 16 9 19 14 14 19
 4.680000E+02 7 0 0 0 0 0 0 0 0 0 0 0 21 11 14 14 16 16
 4.685000E+02 9 0 0 0 0 0 0 0 0 0 0 0 23 17 18 15 14 12
 4.690000E+02 7 0 0 0 0 0 0 0 0 0 0 0 18 17 12 21 12 19
 4.695000E+02 12 0 0 1 0 0 0 0 0 0 0 0 13 15 16 23 19 19
 4.700000E+02 7 0 0 0 0 0 0 0 0 1 0 0 14 12 22 19 12 22
 4.705000E+02 14 0 0 0 0 0 0 0 0 1 0 0 17 11 24 15 9 18
 4.710000E+02 13 0 0 0 0 0 0 0 0 0 0 0 11 10 23 13 14 13
 4.715000E+02 12 0 0 0 0 0 0 0 0 0 0 0 12 17 18 17 18 16
 4.720000E+02 7 0 0 0 0 0 0 0 0 0 0 0 12 18 20 17 18 15
 4.725000E+02 9 0 0 0 0 0 0 0 0 0 0 0 17 17 14 16 15 17
 4.730000E+02 5 0 0 0 0 0 0 0 0 0 0 0 11 13 14 9 18 24
 4.735000E+02 4 0 0 0 0 0 0 0 0 0 0 0 12 19 17 10 17 19
 4.740000E+02 13 0 0 0 0 0 0 0 0 0 0 0 12 17 20 18 20 16
 4.745000E+02 4 0 0 0 0 0 0 0 0 0 0 0 15 15 19 14 15 17
 4.750000E+02 7 0 0 0 0 0 0 0 0 0 0 0 22 15 15 21 14 21
 4.755000E+02 16 0 0 0 0 0 0 0 0 0 0 0 16 13 15 18 13 22
 4.760000E+02 7 0 0 0 0 0 0 0 0 0 0 0 18 10 14 15 13 27
 4.765000E+02 6 0 0 0 0 0 0 0 0 0 0 0 16 11 14 21 14 19
 4.770000E+02 4 0 0 0 0 0 0 0 0 0 0 0 18 15 15 25 14 16
 4.775000E+02 14 0 0 0 0 0 0 0 0 0 0 0 16 14 12 23 17 17
 4.780000E+02 7 0 0 0 0 0 0 0 0 0 0 0 20 16 8 20 19 21
 4.785000E+02 7 0 0 0 0 0 0 0 0 0 0 0 23 7 8 18 23 22
 4.790000E+02 8 0 0 0 0 0 0 0 0 0 0 0 22 13 10 16 24 19
 4.795000E+02 6 0 0 0 0 0 0 0 0 0 0 0 15 9 12 22 23 19
 4.800000E+02 6 0 0 0 0 0 0 0 0 2 0 0 17 14 20 21 16 19
 4.805000E+02 6 0 0 0 0 0 0 0 0 2 0 0 21 13 13 21 10 21
 4.810000E+02 10 0 0 1 0 0 0 0 0 0 0 0 15 19 20 23 9 17
 4.815000E+02 6 0 0 0 0 0 0 0 0 1 0 0 12 19 18 19 12 18
 4.820000E+02 10 0 0 0 0 0 0 0 0 0 0 0 14 20 22 20 13 20
 4.825000E+02 9 0 0 0 0 0 0 0 0 0 0 0 16 16 23 13 13 26
 4.830000E+02 5 0 0 0 0 0 0 0 0 0 0 0 11 15 21 9 15 34
 4.835000E+02 10 0 0 0 0 0 0 0 0 0 0 0 18 19 15 8 14 28
 4.840000E+02 8 0 0 0 0 0 0 0 0 0 0 0 21 16 11 15 21 24
 4.845000E+02 11 0 0 0 0 0 0 0 0 0 0 0 18 19 11 11 20 18
 4.850000E+02 6 0 0 0 0 0 0 0 0 0 0 0 14 12 12 24 19 18
 4.855000E+02 12 0 0 0 0 0 0 0 0 1 0 0 11 13 16 10 22 17
 4.860000E+02 6 0 0 0 0 0 0 0 0 1 0 0 17 9 11 18 26 19
 4.865000E+02 8 0 0 1 0 0 0 0 0 0 0 0 16 10 16 18 26 13
 4.870000E+02 6 0 0 0 0 0 0 0 0 1 0 0 16 9 17 22 19 12
 4.875000E+02 8 0 0 0 0 0 0 0 0 0 0 0 21 9 14 22 19 20
 4.880000E+02 11 0 0 0 0 0 0 0 0 0 0 0 15 15 14 22 20 17
 4.885000E+02 11 0 0 0 0 0 0 0 0 0 0 0 19 17 16 18 18 15
 4.890000E+02 8 0 0 0 0 0 0 0 0 0 0 0 18 15 23 15 24 14
 4.895000E+02 12 0 0 0 0 0 0 0 0 0 0 0 17 5 13 18 15 17
 4.900000E+02 5 0 0 0 0 0 0 0 0 0 0 0 19 11 16 20 12 18
 4.905000E+02 9 0 0 0 0 0 0 0 0 0 0 0 18 16 18 16 14 18
 4.910000E+02 12 0 0 0 0 0 0 0 0 0 0 0 11 17 19 13 15 20
 4.915000E+02 9 0 0 0 0 0 0 0 0 0 0 0 17 17 23 17 12 19
 4.920000E+02 8 0 0 0 0 0 0 0 0 0 0 0 21 18 15 12 18 17
 4.925000E+02 11 0 0 0 0 0 0 0 0 0 0 0 17 19 16 14 15 19
 4.930000E+02 11 0 0 0 0 0 0 0 0 0 0 0 19 20 20 16 16 14
 4.935000E+02 6 0 0 0 0 0 0 0 0 0 0 0 21 23 19 17 17 6
 4.940000E+02 9 0 0 0 0 0 0 0 0 0 0 0 14 21 24 18 12 8
 4.945000E+02 10 0 0 0 0 0 0 0 0 0 0 0 11 19 20 22 10 15
 4.950000E+02 8 0 0 0 0 0 0 0 0 0 0 0 15 16 17 26 10 15
 4.955000E+02 7 0 0 0 0 0 0 0 0 0 0 0 9 11 16 18 16 25
 4.960000E+02 5 0 0 0 0 0 0 0 0 0 0 0 11 19 19 12 24 25
 4.965000E+02 14 0 0 0 0 0 0 0 0 0 0 0 16 20 20 13 14 15
 4.970000E+02 11 0 0 0 0 0 0 0 0 0 0 0 16 18 19 10 13 14
 4.975000E+02 6 0 0 0 0 0 0 0 0 0 0 0 17 24 16 12 15 19
 4.980000E+02 9 0 0 0 0 0 0 0 0 0 0 0 20 16 12 18 18 18
 4.985000E+02 5 0 0 0 0 0 0 0 0 0 0 0 22 14 12 26 19 13
 4.990000E+02 13 0 0 0 0 0 0 0 0 0 0 0 15 14 17 26 15 17
 4.995000E+02 15 0 0 0 0 0 0 0 0 1 0 0 21 17 13 21 17 14
 5.000000E+02 11 0 0 0 0 0 0 0 0 0 0 0 15 19 16 17 24 18
 5.005000E+02 10 0 0 0 0 0 0 0 0 0 0 0 15 17 22 22 19 19
 5.010000E+02 14 0 0 0 0 0 0 1 0 0 0 0 15 11 16 22 14 18
 5.015000E+02 8 0 0 0 0 0 0 0 0 1 0 0 24 12 16 13 23 18
 5.020000E+02 12 0 0 0 0 0 0 0 0 1 0 0 20 14 15 23 17 15
 5.025000E+02 8 0 0 0 0 0 0 0 0 0 0 0 19 13 23 20 19 12
 5.030000E+02 7 0 0 0 0 0 0 0 0 0 0 0 21 17 14 16 17 20
 5.035000E+02 10 0 0 0 0 0 0 0 0 0 0 0 22 19 17 15 15 20
 5.040000E+02 10 0 0 0 0 0 0 0 0 0 0 0 21 16 12 9 18 21
 5.045000E+02 17 0 0 0 0 0 0 0 0 0 0 0 18 16 21 14 19 21
 5.050000E+02 8 0 0 0 0 0 0 0 0 0 0 0 16 14 25 18 17 19
 5.055000E+02 6 0 0 0 0 0 0 0 0 1 0 0 19 18 23 16 21 20
 5.060000E+02 6 0 0 0 0 0 0 0 0 1 0 0 12 20 17 18 15 17
 5.065000E+02 9 0 0 0 0 0 0 1 0 0 0 0 18 21 18 17 10 17
 5.070000E+02 10 0 0 0 0 0 0 0 0 0 0 0 14 15 24 21 13 17
 5.075000E+02 10 0 0 0 0 0 0 0 0 0 0 0 22 19 26 16 12 15
 5.080000E+02 6 0 0 0 0 0 0 0 0 0 0 0 20 18 24 13 14 21
 5.085000E+02 6 0 0 0 0 0 0 0 0 0 0 0 13 15 23 14 18 25
 5.090000E+02 5 0 0 0 0 0 0 0 0 0 0 0 11 18 25 13 18 24
 5.095000E+02 7 0 0 0 0 0 0 0 0 0 0 0 10 18 21 11 12 17
 5.100000E+02 9 0 0 0 0 0 0 0 0 0 0 0 13 17 18 27 8 22
 5.105000E+02 11 0 0 0 0 0 0 0 0 0 0 0 17 15 16 20 11 18
 5.110000E+02 11 0 0 0 0 0 0 0 0 0 0 0 19 14 18 12 16 17
 5.115000E+02 7 0 0 0 0 0 0 0 0 0 0 0 26 18 10 18 12 19
 5.120000E+02 10 0 0 0 0 0 0 0 0 1 0 0 23 20 15 16 14 17
 5.125000E+02 11 0 0 0 0 0 0 0 0 0 0 0 15 22 16 18 13 14
 5.130000E+02 15 0 0 0 0 0 0 0 0 0 0 0 17 15 12 21 18 16
 5.135000E+02 12 0 0 0 0 0 0 0 0 1 0 0 16 13 15 16 20 16
 5.140000E+02 11 0 0 0 0 0 0 0 0 1 0 0 16 9 17 20 19 18
 5.145000E+02 7 0 0 0 0 0 0 0 0 2 0 0 21 11 21 16 15 23
 5.150000E+02 8 0 0 1 0 0 0 0 0 0 0 0 13 22 18 17 21 25
 5.155000E+02 9 0 0 1 0 0 0 0 0 0 0 0 16 19 18 10 20 29
 5.160000E+02 13 0 0 0 0 0 0 0 0 1 0 0 18 15 19 14 15 22
 5.165000E+02 11 0 0 0 0 0 0 0 0 0 0 0 14 15 16 21 12 22
 5.170000E+02 12 0 0 0 0 0 0 0 0 0 0 0 21 18 20 12 13 15
 5.175000E+02 4 0 0 0 0 0 0 0 0 1 0 0 18 17 18 21 17 19
 5.180000E+02 7 0 0 0 0 0 0 0 0 1 0 0 16 12 17 15 10 21
 5.185000E+02 4 0 0 0 0 0 0 0 0 1 0 0 16 19 13 20 14 19
 5.190000E+02 11 0 0 0 0 0 0 0 0 1 0 0 22 19 10 17 16 20
 5.195000E+02 13 0 0 0 0 0 0 1 0 1 0 0 18 22 14 24 19 19
 5.200000E+02 12 0 0 0 0 0 0 0 0 0 0 0 16 14 13 19 16 18
 5.205000E+02 10 0 0 0 0 0 0 0 0 0 0 0 17 18 12 16 21 14
 5.210000E+02 8 0 0 0 0 0 0 0 0 0 0 0 18 23 11 13 17 26
 5.215000E+02 9 0 0 0 0 0 0 0 0 0 0 0 14 18 12 13 19 18
 5.220000E+02 12 0 0 0 0 0 0 0 0 0 0 0 17 18 18 13 24 17
 5.225000E+02 13 0 0 0 0 0 0 0 0 2 0 0 18 19 21 15 17 17
 5.230000E+02 11 0 0 0 0 0 0 0 0 2 0 0 13 21 14 12 19 19
 5.235000E+02 10 0 0 0 0 0 0 0 0 1 0 0 21 18 26 18 15 12
 5.240000E+02 10 0 0 0 0 0 0 0 0 0 0 0 25 20 26 16 20 11
 5.245000E+02 13 0 0 0 0 0 0 0 0 0 0 0 15 18 24 16 16 15
 5.250000E+02 8 0 0 0 0 0 0 0 0 0 0 0 15 16 22 20 19 15
 5.255000E+02 12 0 0 0 0 0 0 0 0 1 0 0 18 16 21 16 21 18
 5.260000E+02 11 0 0 0 0 0 0 0 0 0 0 0 23 12 13 21 17 19
 5.265000E+02 8 0 0 0 0 0 0 0 0 0 0 0 18 21 14 21 11 20
 5.270000E+02 11 0 0 0 0 0 0 0 0 1 0 0 19 24 14 21 18 16
 5.275000E+02 10 0 0 0 0 0 0 0 0 0 0 0 22 23 12 21 20 10
 5.280000E+02 11 0 0 0 0 0 0 0 0 0 0 0 23 15 17 19 17 10
 5.285000E+02 8 0 0 0 0 0 0 0 0 0 0 0 15 18 15 13 20 20
 5.290000E+02 10 0 0 0 0 0 0 0 0 0 0 0 18 15 14 21 22 25
 5.295000E+02 7 0 0 0 0 0 0 0 0 0 0 0 15 16 20 19 18 24
 5.300000E+02 8 0 0 0 0 0 0 0 0 0 0 0 12 18 21 22 14 25
 5.305000E+02 8 0 0 0 0 0 0 0 0 0 0 0 15 14 22 23 13 20
 5.310000E+02 8 0 0 0 0 0 0 0 0 0 0 0 16 17 20 15 17 28
 5.315000E+02 7 0 0 0 0 0 0 0 0 0 0 0 17 16 18 13 19 24
 5.320000E+02 4 0 0 0 0 0 0 0 0 0 0 0 16 20 21 23 16 18
 5.325000E+02 16 0 0 0 0 0 0 0 0 0 0 0 16 16 13 16 17 24
 5.330000E+02 5 0 0 0 0 0 0 1 0 0 0 0 10 24 14 18 14 19
 5.335000E+02 15 0 0 0 0 0 0 0 0 1 0 0 10 19 18 15 19 23
 5.340000E+02 8 0 0 0 0 0 0 0 0 1 0 0 14 16 16 19 19 20
 5.345000E+02 13 0 0 0 0 0 0 0 0 0 0 0 18 14 13 13 24 19
 5.350000E+02 6 0 0 0 0 0 0 0 0 0 0 0 25 21 13 14 19 20
 5.355000E+02 4 0 0 0 0 0 0 1 0 0 0 0 15 17 17 16 19 17
 5.360000E+02 14 0 0 0 0 0 0 0 0 1 0 0 16 17 15 21 18 22
 5.365000E+02 14 0 0 0 0 0 0 0 0 1 0 0 17 9 15 20 21 23
 5.370000E+02 13 0 0 0 0 0 0 0 0 1 0 0 16 14 15 17 17 23
 5.375000E+02 16 0 0 0 0 0 0 0 0 1 0 0 16 18 19 11 18 18
 5.380000E+02 11 0 0 1 0 0 0 0 0 0 0 0 13 25 18 19 16 21
 5.385000E+02 6 0 0 0 0 0 0 0 0 2 0 0 16 22 16 24 15 15
 5.390000E+02 14 0 0 0 0 0 0 1 0 0 0 0 11 22 20 26 17 10
 5.395000E+02 13 0 0 1 0 0 0 0 0 1 0 0 14 22 17 20 18 15
 5.400000E+02 8 0 0 0 0 0 0 1 0 1 0 0 11 15 20 19 13 19
 5.405000E+02 16 0 0 0 0 0 0 0 0 1 0 0 17 19 14 24 15 17
 5.410000E+02 13 0 0 0 0 0 0 0 0 1 0 0 14 23 11 21 16 21
 5.415000E+02 13 0 0 0 0 0 0 0 0 1 0 0 13 22 18 18 14 19
 5.420000E+02 12 0 0 0 0 0 0 1 0 0 0 0 16 18 25 16 19 20
 5.425000E+02 17 0 0 0 0 0 0 0 0 0 0 0 12 21 17 15 16 17
 5.430000E+02 8 0 0 0 0 0 0 0 0 0 0 0 18 25 17 19 14 23
 5.435000E+02 3 0 0 0 0 0 0 0 0 0 0 0 21 20 24 16 18 9
 5.440000E+02 11 0 0 0 0 0 0 0 0 1 0 0 18 14 15 19 19 14
 5.445000E+02 14 0 0 0 0 0 0 0 0 1 0 0 15 14 18 20 25 13
 5.450000E+02 13 0 0 0 0 0 0 0 0 1 0 0 18 18 14 15 21 17
 5.455000E+02 7 0 0 0 0 0 0 0 0 0 0 0 17 10 17 17 26 20
 5.460000E+02 12 0 0 0 0 0 0 0 0 0 0 0 25 14 19 13 24 17
 5.465000E+02 10 0 0 0 0 0 0 0 0 0 0 0 20 12 11 16 30 10
 5.470000E+02 6 0 0 0 0 0 0 0 0 0 0 0 19 18 20 19 20 16
 5.475000E+02 6 0 0 0 0 0 0 0 0 0 0 0 22 24 16 19 22 15
 5.480000E+02 9 0 0 0 0 0 0 0 0 0 0 0 21 19 19 12 21 13
 5.485000E+02 13 0 0 0 0 0 0 0 0 0 0 0 18 17 21 19 20 12
 5.490000E+02 11 0 0 0 0 0 0 0 0 0 0 0 25 17 18 17 16 16
 5.495000E+02 9 0 0 0 0 0 0 0 0 0 0 0 17 15 18 17 17 17
 5.500000E+02 12 0 0 0 0 0 0 1 0 0 0 0 17 18 25 16 19 16
 5.505000E+02 11 0 0 1 0 0 0 0 0 1 0 0 17 16 17 17 22 21
 5.510000E+02 10 0 0 0 0 0 0 0 0 2 0 0 20 10 23 19 14 16
 5.515000E+02 10 0 0 0 0 0 0 0 0 1 0 0 21 11 16 20 17 21
 5.520000E+02 9 0 0 0 0 0 0 0 0 1 0 0 19 20 13 23 10 15
 5.525000E+02 1 0 0 0 0 0 0 0 0 1 0 0 24 22 20 24 15 15
 5.530000E+02 8 0 0 0 0 0 0 0 0 0 0 0 17 19 24 21 13 13
 5.535000E+02 9 0 0 0 0 0 0 0 0 0 0 0 12 13 19 27 14 17
 5.540000E+02 13 0 0 0 0 0 0 0 0 0 0 0 18 17 17 18 13 21
 5.545000E+02 10 0 0 0 0 0 0 0 0 0 0 0 14 25 11 19 17 23
 5.550000E+02 7 0 0 0 0 0 0 0 0 0 0 0 17 19 16 15 21 19
 5.555000E+02 5 0 0 0 0 0 0 0 0 0 0 0 16 20 20 17 19 18
 5.560000E+02 9 0 0 0 0 0 0 0 0 0 0 0 21 19 19 17 21 17
 5.565000E+02 6 0 0 0 0 0 0 0 0 0 0 0 23 17 19 22 10 23
 5.570000E+02 5 0 0 0 0 0 0 0 0 0 0 0 20 22 13 19 15 21
 5.575000E+02 8 0 0 0 0 0 0 0 0 0 0 0 17 18 13 18 17 15
 5.580000E+02 10 0 0 0 0 0 0 0 0 0 0 0 18 20 13 16 16 13
 5.585000E+02 11 0 0 0 0 0 0 0 0 0 0 0 20 18 22 15 17 12
 5.590000E+02 7 0 0 0 0 0 0 0 0 0 0 0 22 29 13 9 10 15
 5.595000E+02 7 0 0 0 0 0 0 0 0 0 0 0 17 27 18 20 20 18
 5.600000E+02 11 0 0 0 0 0 0 0 0 0 0 0 17 13 19 15 19 21
 5.605000E+02 14 0 0 0 0 0 0 0 0 0 0 0 22 16 23 12 24 27
 5.610000E+02 3 0 0 0 0 0 0 0 0 0 0 0 18 12 20 17 27 21
 5.615000E+02 14 0 0 0 0 0 0 0 0 0 0 0 16 13 17 18 18 26
 5.620000E+02 11 0 0 0 0 0 0 0 0 0 0 0 17 20 21 21 16 15
 5.625000E+02 9 0 0 0 0 0 0 0 0 0 0 0 18 21 14 20 18 11
 5.630000E+02 9 0 0 0 0 0 0 0 0 0 0 0 14 17 8 22 21 18
 5.635000E+02 11 0 0 0 0 0 0 0 0 0 0 0 14 15 17 22 19 26
 5.640000E+02 5 0 0 0 0 0 0 0 0 0 0 0 19 11 21 12 17 25
 5.645000E+02 9 0 0 0 0 0 0 0 0 0 0 0 16 14 22 19 16 21
 5.650000E+02 13 0 0 0 0 0 0 0 0 0 0 0 19 16 15 19 18 22
 5.655000E+02 8 0 0 0 0 0 0 0 0 0 0 0 18 16 15 15 21 18
 5.660000E+02 10 0 0 0 0 0 0 0 0 1 0 0 14 15 12 19 20 18
 5.665000E+02 12 0 0 0 0 0 0 1 0 1 0 0 23 18 15 23 20 19
 5.670000E+02 9 0 0 0 0 0 0 0 0 1 0 0 18 14 17 20 17 14
 5.675000E+02 11 0 0 0 0 0 0 0 0 1 0 0 14 18 20 24 22 11
 5.680000E+02 6 0 0 0 0 0 0 0 0 1 0 0 15 19 11 20 25 19
 5.685000E+02 8 0 0 0 0 0 0 0 0 1 0 0 17 15 14 24 21 30
 5.690000E+02 8 0 0 0 0 0 0 0 0 0 0 0 15 22 15 17 19 29
 5.695000E+02 5 0 0 0 0 0 0 0 0 0 0 0 20 18 15 11 22 21
 5.700000E+02 15 0 0 0 0 0 0 1 0 0 0 0 15 14 15 13 14 21
 5.705000E+02 16 0 0 0 0 0 0 0 0 1 0 0 22 13 14 19 14 13
 5.710000E+02 11 0 0 0 0 0 0 0 0 0 0 0 18 20 13 19 19 22
 5.715000E+02 11 0 0 0 0 0 0 0 0 0 0 0 14 13 17 8 19 19
 5.720000E+02 3 0 0 0 0 0 0 0 0 1 0 0 17 21 22 11 16 15
 5.725000E+02 13 0 0 0 1 0 0 0 0 0 0 0 19 22 19 13 17 19
 5.730000E+02 11 0 0 0 0 0 0 0 0 0 0 0 17 20 20 15 12 16
 5.735000E+02 14 0 0 0 0 0 0 0 0 0 0 0 15 16 19 16 19 17
 5.740000E+02 7 0 0 0 0 0 0 0 0 0 0 0 10 14 21 17 24 11
 5.745000E+02 9 0 0 0 0 0 0 0 0 0 0 0 15 15 13 16 24 17
 5.750000E+02 11 0 0 0 0 0 0 0 0 0 0 0 15 16 11 17 20 15
 5.755000E+02 8 0 0 0 0 0 0 0 0 0 0 0 15 14 12 23 21 19
 5.760000E+02 15 0 0 0 0 0 0 0 0 0 0 0 12 13 14 23 18 21
 5.765000E+02 7 0 0 0 0 0 0 0 0 0 0 0 19 13 16 12 25 21
 5.770000E+02 9 0 0 0 0 0 0 0 0 0 0 0 14 13 25 11 21 19
 5.775000E+02 6 0 0 0 0 0 0 0 0 0 0 0 18 18 19 12 17 17
 5.780000E+02 11 0 0 0 0 0 0 0 0 0 0 0 22 19 17 18 12 22
 5.785000E+02 8 0 0 0 0 0 0 0 0 1 0 0 22 19 16 18 13 20
 5.790000E+02 10 0 0 0 0 0 0 0 0 1 0 0 15 23 17 17 11 18
 5.795000E+02 10 0 0 0 0 0 0 0 0 1 0 0 19 26 16 16 11 15
 5.800000E+02 7 0 0 0 0 0 0 1 0 0 0 0 20 27 15 19 14 13
 5.805000E+02 9 0 0 0 0 0 0 0 0 0 0 0 13 17 21 24 20 18
 5.810000E+02 10 0 0 0 0 0 0 0 0 0 0 0 12 15 19 19 13 20
 5.815000E+02 14 0 0 0 0 0 0 0 0 0 0 0 13 21 18 19 10 21
 5.820000E+02 9 0 0 0 0 0 0 0 0 0 0 0 16 23 17 23 5 16
 5.825000E+02 11 0 0 0 0 0 0 0 0 0 0 0 18 20 12 19 12 17
 5.830000E+02 9 0 0 0 0 0 0 0 0 0 0 0 17 25 19 13 18 12
 5.835000E+02 11 0 0 0 0 0 0 0 0 0 0 0 17 16 13 15 17 16
 5.840000E+02 10 0 0 0 0 0 0 0 0 0 0 0 20 23 17 13 20 12
 5.845000E+02 8 0 0 0 0 0 0 0 0 0 0 0 15 20 21 13 13 13
 5.850000E+02 11 0 0 0 0 0 0 0 0 0 0 0 18 17 22 17 18 19
 5.855000E+02 11 0 0 0 0 0 0 0 0 0 0 0 23 14 24 17 14 21
 5.860000E+02 8 0 0 0 0 0 0 0 0 0 0 0 17 14 18 20 14 16
 5.865000E+02 8 0 0 0 0 0 0 0 0 0 0 0 23 12 22 20 14 17
 5.870000E+02 8 0 0 0 0 0 0 0 0 0 0 0 22 18 19 17 14 15
 5.875000E+02 9 1 0 0 0 0 0 0 0 0 0 0 9 18 19 15 15 20
 5.880000E+02 11 0 0 0 0 0 0 0 0 2 0 0 14 17 16 23 21 17
 5.885000E+02 9 0 0 0 0 0 0 1 0 0 0 0 12 23 16 16 25 13
 5.890000E+02 10 0 0 0 0 0 0 0 0 1 0 0 17 20 14 19 14 13
 5.895000E+02 8 0 0 0 0 0 0 0 0 0 0 0 17 24 19 18 15 13
 5.900000E+02 7 0 0 0 0 0 0 0 0 0 0 0 16 23 20 20 21 16
 5.905000E+02 10 0 0 0 0 0 0 0 0 0 0 0 15 15 17 17 27 14
 5.910000E+02 9 0 0 0 0 0 0 0 0 0 0 0 19 16 16 18 27 16
 5.915000E+02 11 0 0 0 0 0 0 0 0 0 0 0 23 15 19 17 23 14
 5.920000E+02 11 0 0 0 0 0 0 0 0 0 0 0 16 21 13 17 21 13
 5.925000E+02 11 0 0 0 0 0 0 0 0 0 0 0 16 18 12 16 17 18
 5.930000E+02 5 0 0 0 0 0 0 0 0 0 0 0 21 11 14 14 14 17
 5.935000E+02 9 0 0 0 0 0 0 0 0 0 0 0 22 15 18 19 21 14
 5.940000E+02 4 0 0 0 0 0 0 0 0 1 0 0 18 18 16 17 16 14
 5.945000E+02 6 0 0 0 0 0 0 0 0 1 0 0 18 22 14 15 17 15
 5.950000E+02 5 0 0 0 0 0 0 0 0 0 0 0 17 20 16 13 15 15
 5.955000E+02 9 0 0 0 0 0 0 0 0 0 0 0 18 24 11 18 11 21
 5.960000E+02 8 0 0 0 0 0 0 1 0 0 0 0 12 17 14 15 15 21
 5.965000E+02 7 0 0 0 0 0 0 1 0 0 0 0 11 21 13 16 19 20
 5.970000E+02 10 0 0 0 0 0 0 0 0 1 0 0 13 28 14 17 17 21
 5.975000E+02 6 0 0 0 0 0 0 0 0 2 0 0 16 24 13 23 20 12
 5.980000E+02 5 0 0 0 0 0 0 0 0 0 0 0 18 15 15 21 16 15
 5.985000E+02 7 0 0 0 0 0 0 0 0 0 0 0 18 14 15 21 15 19
 5.990000E+02 15 0 0 0 0 0 0 0 0 0 0 0 18 14 15 16 21 10
 5.995000E+02 10 0 0 0 0 0 0 0 0 0 0 0 16 18 15 13 23 12
 6.000000E+02 12 0 0 0 0 0 0 0 0 0 0 0 17 13 20 14 20 16
 6.005000E+02 7 0 0 0 0 0 0 0 0 0 0 0 15 17 21 9 19 21
 6.010000E+02 7 0 0 0 0 0 0 0 0 0 0 0 19 17 12 15 16 20
 6.015000E+02 6 0 0 0 0 0 0 0 0 0 0 0 17 21 13 21 22 13
 6.020000E+02 13 0 0 0 0 0 0 0 0 0 0 0 12 16 16 33 22 11
 6.025000E+02 6 0 0 0 0 0 0 0 0 0 0 0 18 16 15 25 11 20
 6.030000E+02 6 0 0 0 0 0 0 0 0 0 0 0 14 16 15 22 11 22
 6.035000E+02 8 0 0 0 0 0 0 0 0 0 0 0 13 16 16 24 16 23
 6.040000E+02 13 0 0 0 0 0 0 0 0 0 0 0 20 14 21 22 16 16
 6.045000E+02 10 0 0 0 0 0 0 0 0 0 0 0 14 7 20 19 18 18
 6.050000E+02 9 0 0 1 0 0 0 0 0 0 0 0 15 13 20 17 18 15
 6.055000E+02 9 0 0 0 0 0 0 0 0 0 0 0 13 11 23 11 27 12
 6.060000E+02 6 0 0 0 0 0 0 0 0 0 0 0 13 11 16 18 21 18
 6.065000E+02 12 0 0 0 0 0 0 0 0 0 0 0 11 12 28 17 17 19
 6.070000E+02 6 0 0 0 0 0 0 0 0 0 0 0 10 13 32 18 16 18
 6.075000E+02 17 0 0 0 0 0 0 0 0 0 0 0 12 12 21 20 20 13
 6.080000E+02 6 0 0 1 0 0 0 0 0 1 0 0 10 8 16 18 19 12
 6.085000E+02 7 0 0 0 0 0 0 1 0 1 0 0 22 17 20 22 19 10
 6.090000E+02 15 0 0 0 0 0 0 0 0 2 0 0 20 21 16 14 13 15
 6.095000E+02 9 0 0 0 0 0 0 0 0 2 0 0 15 20 14 18 8 21
 6.100000E+02 4 0 0 0 0 0 0 0 0 1 0 0 17 18 16 20 11 18
 6.105000E+02 7 0 0 1 0 0 0 0 0 0 0 0 16 12 14 19 17 15
 6.110000E+02 11 0 0 0 0 0 0 0 0 0 0 0 13 12 19 19 16 18
 6.115000E+02 11 0 0 0 0 0 0 0 0 0 0 0 19 14 19 13 18 14
 6.120000E+02 9 0 0 0 0 0 0 0 0 0 0 0 23 14 19 15 12 20
 6.125000E+02 5 0 0 0 0 0 0 0 0 0 0 0 22 14 11 11 20 28
 6.130000E+02 9 0 0 0 0 0 0 0 0 1 0 0 23 15 15 15 16 19
 6.135000E+02 14 0 0 0 0 0 0 1 0 0 0 0 23 15 20 18 15 17
 6.140000E+02 6 0 0 0 0 0 0 0 0 1 0 0 23 20 22 17 16 12
 6.145000E+02 8 0 0 0 0 0 0 0 0 0 0 0 18 14 15 14 19 15
 6.150000E+02 10 0 0 0 0 0 0 0 0 0 0 0 22 20 15 14 15 15
 6.155000E+02 7 0 0 0 0 0 0 0 0 0 0 0 23 9 21 12 17 12
 6.160000E+02 10 0 0 0 0 0 0 0 0 0 0 0 12 17 21 10 22 19
 6.165000E+02 5 0 0 0 0 0 0 0 0 0 0 0 15 19 21 17 17 19
 6.170000E+02 9 0 0 0 0 0 0 0 0 0 0 0 16 17 21 19 14 16
 6.175000E+02 14 0 0 0 0 0 0 0 0 0 0 0 22 18 15 15 15 16
 6.180000E+02 11 0 0 0 0 0 0 0 0 0 0 0 17 20 15 18 15 15
 6.185000E+02 11 0 0 0 0 0 0 0 0 0 0 0 20 22 19 15 11 12
 6.190000E+02 8 0 0 0 0 0 0 0 0 1 0 0 15 21 13 12 11 14
 6.195000E+02 10 0 0 0 0 0 0 0 0 1 0 0 22 20 15 16 14 16
 6.200000E+02 9 0 0 0 0 0 0 0 0 0 0 0 14 20 18 11 15 17
 6.205000E+02 16 0 0 0 0 0 0 0 0 0 0 0 17 17 21 11 19 19
 6.210000E+02 10 0 0 0 0 0 0 0 0 0 0 0 20 15 22 7 17 21
 6.215000E+02 11 0 0 0 0 0 0 0 0 0 0 0 19 16 13 12 13 21
 6.220000E+02 8 0 0 0 0 0 0 0 0 0 0 0 22 20 13 9 17 22
 6.225000E+02 6 0 0 0 0 0 0 0 0 0 0 0 19 17 15 11 20 16
 6.230000E+02 6 0 0 0 0 0 0 0 0 0 0 0 15 21 12 11 17 20
 6.235000E+02 14 0 0 0 0 0 0 0 0 0 0 0 16 16 20 10 19 11
 6.240000E+02 7 0 0 0 0 0 0 0 0 0 0 0 18 17 17 12 20 12
 6.245000E+02 10 0 0 0 0 0 0 0 0 0 0 0 27 18 11 11 17 15
 6.250000E+02 6 0 0 0 0 0 0 0 0 0 0 0 20 18 17 18 21 17
 6.255000E+02 11 0 0 0 0 0 0 0 0 2 0 0 12 22 15 17 12 16
 6.260000E+02 10 0 0 1 0 0 0 0 0 1 0 0 17 16 18 12 13 22
 6.265000E+02 7 0 0 1 0 0 0 0 0 1 0 0 25 11 17 12 15 22
 6.270000E+02 7 0 0 0 0 0 0 0 0 1 0 0 23 13 17 17 19 15
 6.275000E+02 11 0 0 0 0 0 0 0 0 0 0 0 23 18 13 18 12 16
 6.280000E+02 12 0 0 0 0 0 0 0 0 0 0 0 20 13 14 15 18 16
 6.285000E+02 7 0 0 0 0 0 0 0 0 0 0 0 17 17 16 16 17 16
 6.290000E+02 11 0 0 0 0 0 0 0 0 0 0 0 18 21 14 15 18 22
 6.295000E+02 10 0 0 0 0 0 0 0 0 0 0 0 21 19 12 17 15 19
 6.300000E+02 10 0 0 0 0 0 0 0 0 0 0 0 25 13 17 14 18 18
 6.305000E+02 13 0 0 0 0 0 0 0 0 0 0 0 19 10 12 14 19 17
 6.310000E+02 9 0 0 1 0 0 0 0 0 0 0 0 20 20 16 8 24 22
 6.315000E+02 14 0 0 0 0 0 0 1 0 0 0 0 20 20 13 11 26 19
 6.320000E+02 8 0 0 0 0 0 0 0 0 0 0 0 12 20 17 19 21 14
 6.325000E+02 6 0 0 0 0 0 0 0 0 0 0 0 13 15 12 18 21 19
 6.330000E+02 7 0 0 0 0 0 0 0 0 0 0 0 13 17 15 16 22 19
 6.335000E+02 11 0 0 0 0 0 0 0 0 0 0 0 12 22 14 15 17 16
 6.340000E+02 10 0 0 0 0 0 0 0 0 0 0 0 14 17 10 20 19 23
 6.345000E+02 6 0 0 0 0 0 0 0 0 1 0 0 16 21 17 19 17 17
 6.350000E+02 7 0 0 0 0 0 0 0 0 2 0 0 20 28 11 19 13 18
 6.355000E+02 9 0 0 0 0 0 0 0 0 1 0 0 16 22 13 16 16 17
 6.360000E+02 7 0 0 0 0 0 0 0 0 1 0 0 20 22 14 21 17 12
 6.365000E+02 7 0 0 0 0 0 0 0 0 0 0 0 16 22 12 21 17 15
 6.370000E+02 6 0 0 0 0 0 0 0 0 0 0 0 18 17 9 26 18 13
 6.375000E+02 11 0 0 0 0 0 0 0 0 0 0 0 21 16 13 28 11 19
 6.380000E+02 9 0 0 0 0 0 0 0 0 0 0 0 22 11 14 27 17 19
 6.385000E+02 6 0 0 0 0 0 0 0 0 0 0 0 15 10 17 24 20 20
 6.390000E+02 15 0 0 0 0 0 0 0 0 0 0 0 12 14 14 27 24 17
 6.395000E+02 2 0 0 0 0 0 0 0 0 0 0 0 16 14 12 22 23 21
 6.400000E+02 10 0 0 0 0 0 0 0 0 0 0 0 17 11 15 22 25 20
 6.405000E+02 13 0 0 0 0 0 0 0 0 1 0 0 20 19 13 19 16 18
 6.410000E+02 13 0 0 0 0 0 0 0 0 0 0 0 15 17 17 21 16 19
 6.415000E+02 8 0 0 0 0 0 0 1 0 0 0 0 22 21 13 18 18 24
 6.420000E+02 9 0 0 0 0 0 0 0 0 0 0 0 14 16 18 13 21 21
 6.425000E+02 7 0 0 0 0 0 0 0 0 0 0 0 17 13 21 14 17 17
 6.430000E+02 7 0 0 0 0 0 0 1 0 0 0 0 20 10 16 16 23 16
 6.435000E+02 10 0 0 0 0 0 0 1 0 0 0 0 21 17 15 21 20 17
 6.440000E+02 5 0 0 0 0 0 0 0 0 0 0 0 18 17 12 18 29 17
 6.445000E+02 10 0 0 0 0 0 0 0 0 0 0 0 18 15 19 15 26 15
 6.450000E+02 8 0 0 0 0 0 0 0 0 0 0 0 21 17 21 14 18 18
 6.455000E+02 13 0 0 0 0 0 0 0 0 0 0 0 11 23 19 16 19 19
 6.460000E+02 10 0 0 0 0 0 0 1 0 0 0 0 11 23 21 17 21 15
 6.465000E+02 7 0 0 0 0 0 0 0 0 0 0 0 18 23 22 15 19 16
 6.470000E+02 13 0 0 0 0 0 0 0 0 0 0 0 15 20 21 21 16 10
 6.475000E+02 7 0 0 0 0 0 0 0 0 0 0 0 17 17 24 18 16 17
 6.480000E+02 10 0 0 0 0 0 0 1 0 0 0 0 22 16 19 19 14 9
 6.485000E+02 12 0 0 0 0 0 0 1 0 0 0 0 21 12 24 15 14 20
 6.490000E+02 7 0 0 0 0 0 0 0 0 0 0 0 16 15 21 15 14 18
 6.495000E+02 11 0 0 0 0 0 0 0 0 0 0 0 11 20 17 19 17 19
 6.500000E+02 11 0 0 0 0 0 0 0 0 0 0 0 16 22 13 17 21 13
 6.505000E+02 12 0 0 0 0 0 0 0 0 0 0 0 22 16 19 16 9 14
 6.510000E+02 7 0 0 0 0 0 0 0 0 0 0 0 27 18 19 12 13 16
 6.515000E+02 15 0 0 0 0 0 0 0 0 0 0 0 19 12 8 14 13 19
 6.520000E+02 12 0 0 0 0 0 0 0 0 0 0 0 21 17 12 20 15 19
 6.525000E+02 9 0 0 0 0 0 0 0 0 0 0 0 22 17 25 16 15 16
 6.530000E+02 7 0 0 0 0 0 0 0 0 0 0 0 19 13 23 18 16 14
 6.535000E+02 12 0 0 0 0 0 0 0 0 0 0 0 12 17 23 22 13 9
 6.540000E+02 10 0 0 0 0 0 0 0 0 0 0 0 19 19 21 19 13 11
 6.545000E+02 1 0 0 0 0 0 0 0 0 0 0 0 18 19 19 16 21 16
 6.550000E+02 7 0 0 0 0 0 0 0 0 1 0 0 18 23 17 20 11 11
 6.555000E+02 7 0 0 0 0 0 0 0 0 0 0 0 21 17 14 18 16 18
 6.560000E+02 13 0 0 0 0 0 0 0 0 0 0 0 22 17 9 17 19 17
 6.565000E+02 10 0 0 0 0 0 0 0 0 0 0 0 21 21 12 22 13 12
 6.570000E+02 11 0 0 0 0 0 0 0 0 0 0 0 19 23 13 24 15 11
 6.575000E+02 12 0 0 0 0 0 0 0 0 0 0 0 15 15 19 19 13 15
 6.580000E+02 6 0 0 0 0 0 0 0 0 0 0 0 21 18 15 18 15 20
 6.585000E+02 12 0 0 0 0 0 0 0 0 0 0 0 19 8 20 20 17 20
 6.590000E+02 3 0 0 0 0 0 0 0 0 0 0 0 18 16 20 17 18 11
 6.595000E+02 11 0 0 0 0 0 0 0 0 0 0 0 15 17 14 25 11 17
 6.600000E+02 6 0 0 0 0 0 0 0 0 0 0 0 18 14 16 24 17 16
 6.605000E+02 7 0 0 0 0 0 0 0 0 0 0 0 17 15 19 13 16 14
 6.610000E+02 10 0 0 0 0 0 0 0 0 0 0 0 25 19 13 14 20 17
 6.615000E+02 13 0 0 0 0 0 0 0 0 0 0 0 17 15 18 17 13 16
 6.620000E+02 5 0 0 0 0 0 0 0 0 0 0 0 20 10 19 17 18 15
 6.625000E+02 11 0 0 0 0 0 0 0 0 0 0 0 17 13 17 21 18 14
 6.630000E+02 6 0 0 0 0 0 0 0 0 0 0 0 21 14 14 17 14 14
 6.635000E+02 9 0 0 0 0 0 0 0 0 0 0 0 23 16 18 13 9 12
 6.640000E+02 9 0 0 0 0 0 0 0 0 0 0 0 22 19 21 16 14 16
 6.645000E+02 9 0 0 0 0 0 0 0 0 0 0 0 21 21 15 16 11 20
 6.650000E+02 6 0 0 0 0 0 0 0 0 0 0 0 26 20 12 16 15 16
 6.655000E+02 4 0 0 0 0 0 0 0 0 0 0 0 19 19 17 18 14 16
 6.660000E+02 6 0 0 0 0 0 0 0 0 0 0 0 18 13 21 15 21 16
 6.665000E+02 2 0 0 0 0 0 0 0 0 0 0 0 12 14 15 23 18 17
 6.670000E+02 9 0 0 0 0 0 0 0 0 0 0 0 14 9 20 17 17 18
 6.675000E+02 10 0 0 0 0 0 0 0 0 1 0 0 13 14 15 13 16 19
 6.680000E+02 11 0 0 0 0 0 0 0 0 1 0 0 16 15 17 17 19 12
 6.685000E+02 11 0 0 0 0 0 0 0 0 1 0 0 13 18 17 9 21 21
 6.690000E+02 9 0 0 0 0 0 0 0 0 1 0 0 15 14 13 18 21 15
 6.695000E+02 13 0 0 0 0 0 0 0 0 0 0 0 16 13 20 17 15 23
 6.700000E+02 7 0 0 0 0 0 0 0 0 1 0 0 18 15 18 17 15 24
 6.705000E+02 6 0 0 0 0 0 0 0 0 1 0 0 17 17 25 12 14 25
 6.710000E+02 15 0 0 0 0 0 0 0 0 1 0 0 20 22 23 10 14 20
 6.715000E+02 13 0 0 0 0 0 0 1 0 0 0 0 14 21 17 21 14 16
 6.720000E+02 11 0 0 0 0 0 0 0 0 1 0 0 20 19 16 13 19 15
 6.725000E+02 10 0 0 0 0 0 0 0 0 1 0 0 24 17 20 14 23 13
 6.730000E+02 8 0 0 1 0 0 0 0 0 0 0 0 25 16 21 15 19 14
 6.735000E+02 4 0 0 0 0 0 0 0 0 0 0 0 26 19 13 14 19 12
 6.740000E+02 9 0 0 0 0 0 0 0 0 0 0 0 21 18 16 10 17 12
 6.745000E+02 10 0 0 0 0 0 0 0 0 1 0 0 22 20 15 14 19 19
 6.750000E+02 9 0 0 0 0 0 0 0 0 1 0 0 20 14 12 17 20 17
 6.755000E+02 10 0 0 0 0 0 0 0 0 1 0 0 23 13 8 19 23 19
 6.760000E+02 13 0 0 0 0 0 0 0 0 2 0 0 16 14 9 23 15 16
 6.765000E+02 6 0 0 0 0 0 0 0 0 2 0 0 19 16 15 26 13 18
 6.770000E+02 14 0 0 0 0 0 0 0 0 1 0 0 16 17 13 21 18 17
 6.775000E+02 10 0 0 0 0 0 0 0 0 0 0 0 20 11 13 21 17 14
 6.780000E+02 9 0 0 0 0 0 0 0 0 0 0 0 16 20 15 22 10 16
 6.785000E+02 14 0 0 0 0 0 0 0 0 0 0 0 16 19 16 23 15 13
 6.790000E+02 9 0 0 0 0 0 0 0 0 0 0 0 14 16 18 17 11 15
 6.795000E+02 6 0 0 0 0 0 0 0 0 0 0 0 13 16 19 23 16 17
 6.800000E+02 13 0 0 0 0 0 0 0 0 0 0 0 25 18 15 17 15 17
 6.805000E+02 11 0 0 0 0 0 0 0 0 0 0 0 22 26 14 18 18 19
 6.810000E+02 11 0 0 0 0 0 0 0 0 0 0 0 21 15 12 13 21 24
 6.815000E+02 5 0 0 0 0 0 0 1 0 0 0 0 23 16 17 16 17 15
 6.820000E+02 6 0 0 0 0 0 0 0 0 1 0 0 20 26 14 13 19 13
 6.825000E+02 6 0 0 0 0 0 0 2 0 0 0 0 15 20 16 16 22 8
 6.830000E+02 13 0 0 0 0 0 0 0 0 1 0 0 15 18 16 16 21 17
 6.835000E+02 8 0 0 1 0 0 0 0 0 0 0 0 15 18 19 17 18 21
 6.840000E+02 7 0 0 0 0 0 0 0 0 0 0 0 22 16 21 22 18 16
 6.845000E+02 8 0 0 0 0 0 0 0 0 0 0 0 24 13 20 19 23 6
 6.850000E+02 11 0 0 0 0 0 0 0 0 0 0 0 24 18 23 12 23 14
 6.855000E+02 7 0 0 0 0 0 0 0 0 0 0 0 19 20 21 12 20 16
 6.860000E+02 10 0 0 0 0 0 0 0 0 1 0 0 13 16 17 14 21 17
 6.865000E+02 14 0 0 0 0 0 0 0 0 1 0 0 19 14 12 12 18 19
 6.870000E+02 7 0 0 0 0 0 0 0 0 1 0 0 21 18 15 13 25 14
 6.875000E+02 14 0 0 0 0 0 0 0 0 0 0 0 26 28 20 12 24 12
 6.880000E+02 8 0 0 0 0 0 0 0 0 0 0 0 25 19 13 16 21 19
 6.885000E+02 6 0 0 0 0 0 0 0 0 0 0 0 19 17 21 19 17 18
 6.890000E+02 13 0 0 0 0 0 0 0 0 0 0 0 11 17 22 18 18 19
 6.895000E+02 9 0 0 0 0 0 0 0 0 0 0 0 17 17 17 21 18 12
 6.900000E+02 9 0 0 0 0 0 0 0 0 0 0 0 18 22 19 11 19 16
 6.905000E+02 11 0 0 1 0 0 0 0 0 0 0 0 19 17 19 14 19 20
 6.910000E+02 11 0 0 0 0 0 0 0 0 1 0 0 22 14 25 15 17 20
 6.915000E+02 10 0 0 0 0 0 0 0 0 0 0 0 19 18 24 16 19 19
 6.920000E+02 12 0 0 0 0 0 0 0 0 0 0 0 17 23 24 15 14 21
 6.925000E+02 9 0 0 0 0 0 0 0 0 0 0 0 12 14 24 16 19 19
 6.930000E+02 8 0 0 0 0 0 0 0 0 0 0 0 17 18 20 17 17 22
 6.935000E+02 9 0 0 0 0 0 0 0 0 0 0 0 18 21 14 11 17 20
 6.940000E+02 12 0 0 0 0 0 0 0 0 0 0 0 23 25 8 10 25 22
 6.945000E+02 9 0 0 0 0 0 0 0 0 0 0 0 19 24 14 16 24 15
 6.950000E+02 10 0 0 0 0 0 0 0 0 0 0 0 17 16 18 16 21 18
 6.955000E+02 11 0 0 0 0 0 0 0 0 0 0 0 12 12 16 19 24 17
 6.960000E+02 10 0 0 0 0 0 0 0 0 0 0 0 16 17 15 18 18 17
 6.965000E+02 6 0 0 0 0 0 0 0 0 0 0 0 16 19 14 17 22 11
 6.970000E+02 15 0 0 0 0 0 0 0 0 0 0 0 17 18 21 25 15 26
 6.975000E+02 14 0 0 0 0 0 0 0 0 1 0 0 17 15 12 14 18 19
 6.980000E+02 8 0 0 0 0 0 0 1 0 0 0 0 21 22 13 19 13 20
 6.985000E+02 17 1 0 1 0 0 0 0 0 0 0 0 20 21 12 12 10 21
 6.990000E+02 9 0 0 0 0 0 0 0 0 1 0 0 20 21 11 16 21 15
 6.995000E+02 8 0 0 0 0 0 0 0 0 2 0 0 17 14 10 16 20 19
 7.000000E+02 10 0 0 0 0 0 0 1 0 1 0 0 24 24 10 11 17 17
